Scenario - Slideshow_D2.sce
Logfile written - 09/22/2021 17:43:30

Trial	Event Type	Code	Time	TTime	Uncertainty	Duration	Uncertainty	ReqTime	ReqDur	Stim Type	Pair Index

0	Pulse	55	0	0	NA
1	Pulse	55	10000	9333	NA
1	Pulse	55	20000	19333	NA
1	Pulse	55	30000	29333	NA
1	Pulse	55	40000	39333	NA
2	Pulse	55	50000	8737	NA
2	Pulse	55	60000	18737	NA
2	Pulse	55	70000	28737	NA
2	Pulse	55	80000	38737	NA
3	Pulse	55	90000	8140	NA
3	Pulse	55	100000	18140	NA
3	Pulse	55	110000	28140	NA
3	Pulse	55	120000	38140	NA
4	Pulse	55	130000	7543	NA
4	Pulse	55	140000	17543	NA
4	Pulse	55	150000	27543	NA
4	Pulse	55	160000	37543	NA
5	Pulse	55	170000	6947	NA
5	Pulse	55	180000	16947	NA
5	Pulse	55	190000	26947	NA
5	Pulse	55	200000	36947	NA
6	Pulse	55	210000	6350	NA
6	Pulse	55	220000	16350	NA
6	Pulse	55	230000	26350	NA
6	Pulse	55	240000	36350	NA
7	Pulse	55	250000	5753	NA
7	Pulse	55	260000	15753	NA
7	Pulse	55	270000	25753	NA
7	Pulse	55	280000	35753	NA
8	Pulse	55	290000	5156	NA
8	Pulse	55	300000	15156	NA
8	Pulse	55	310000	25156	NA
8	Pulse	55	320000	35156	NA
9	Pulse	55	330000	4560	NA
9	Pulse	55	340000	14560	NA
9	Pulse	55	350000	24560	NA
9	Pulse	55	360000	34560	NA
10	Pulse	55	370000	4046	NA
10	Pulse	55	380000	14046	NA
10	Pulse	55	390000	24046	NA
10	Pulse	55	400000	34046	NA
11	Pulse	55	410000	3533	NA
11	Pulse	55	420000	13533	NA
11	Pulse	55	430000	23533	NA
11	Pulse	55	440000	33533	NA
12	Pulse	55	450000	2936	NA
12	Pulse	55	460000	12936	NA
12	Pulse	55	470000	22936	NA
12	Pulse	55	480000	32936	NA
13	Pulse	55	490000	2340	NA
13	Pulse	55	500000	12340	NA
13	Pulse	55	510000	22340	NA
13	Pulse	55	520000	32340	NA
14	Pulse	55	530000	1743	NA
14	Pulse	55	540000	11743	NA
14	Pulse	55	550000	21743	NA
14	Pulse	55	560000	31743	NA
15	Pulse	55	570000	1146	NA
15	Pulse	55	580000	11146	NA
15	Pulse	55	590000	21146	NA
15	Pulse	55	600000	31146	NA
16	Pulse	55	610000	550	NA
16	Pulse	55	620000	10550	NA
16	Pulse	55	630000	20550	NA
16	Pulse	55	640000	30550	NA
16	Pulse	55	650000	40550	NA
17	Pulse	55	660000	9953	NA
17	Pulse	55	670000	19953	NA
17	Pulse	55	680000	29953	NA
17	Pulse	55	690000	39953	NA
18	Pulse	55	700000	9356	NA
18	Pulse	55	710000	19356	NA
18	Pulse	55	720000	29356	NA
18	Pulse	55	730000	39356	NA
19	Pulse	55	740000	8759	NA
19	Pulse	55	750000	18759	NA
19	Pulse	55	760000	28759	NA
19	Pulse	55	770000	38759	NA
20	Pulse	55	780000	8163	NA
20	Pulse	55	790000	18163	NA
20	Pulse	55	800000	28163	NA
20	Pulse	55	810000	38163	NA
21	Pulse	55	820000	7483	NA
21	Pulse	55	830000	17483	NA
21	Pulse	55	840000	27483	NA
21	Pulse	55	850000	37483	NA
22	Pulse	55	860000	6886	NA
22	Pulse	55	870000	16886	NA
22	Pulse	55	880000	26886	NA
22	Pulse	55	890000	36886	NA
23	Pulse	55	900000	6289	NA
23	Pulse	55	910000	16289	NA
23	Pulse	55	920000	26289	NA
23	Pulse	55	930000	36289	NA
24	Pulse	55	940000	5692	NA
24	Pulse	55	950000	15692	NA
24	Pulse	55	960000	25692	NA
24	Pulse	55	970000	35692	NA
25	Pulse	55	980000	5096	NA
25	Pulse	55	990000	15096	NA
25	Pulse	55	1000000	25096	NA
25	Pulse	55	1010000	35096	NA
26	Pulse	55	1020000	4499	NA
26	Pulse	55	1030000	14499	NA
26	Pulse	55	1040000	24499	NA
26	Pulse	55	1050000	34499	NA
27	Pulse	55	1060000	3902	NA
27	Pulse	55	1070000	13902	NA
27	Pulse	55	1080000	23902	NA
27	Pulse	55	1090000	33902	NA
28	Pulse	55	1100000	3306	NA
28	Pulse	55	1110000	13306	NA
28	Pulse	55	1120000	23306	NA
28	Pulse	55	1130000	33306	NA
29	Pulse	55	1140000	2709	NA
29	Pulse	55	1150000	12709	NA
29	Pulse	55	1160000	22709	NA
29	Pulse	55	1170000	32709	NA
30	Pulse	55	1180000	2112	NA
30	Pulse	55	1190000	12112	NA
30	Pulse	55	1200000	22112	NA
30	Pulse	55	1210000	32112	NA
31	Pulse	55	1220000	1432	NA
31	Pulse	55	1230000	11432	NA
31	Pulse	55	1240000	21432	NA
31	Pulse	55	1250000	31432	NA
32	Pulse	55	1260000	752	NA
32	Pulse	55	1270000	10752	NA
32	Pulse	55	1280000	20752	NA
32	Pulse	55	1290000	30752	NA
33	Pulse	55	1300000	72	NA
33	Pulse	55	1310000	10072	NA
33	Pulse	55	1320000	20072	NA
33	Pulse	55	1330000	30072	NA
33	Pulse	55	1340000	40072	NA
34	Pulse	55	1350000	9392	NA
34	Pulse	55	1360000	19392	NA
34	Pulse	55	1370000	29392	NA
34	Pulse	55	1380000	39392	NA
35	Pulse	55	1390000	8712	NA
35	Pulse	55	1400000	18712	NA
35	Pulse	55	1410000	28712	NA
35	Pulse	55	1420000	38712	NA
36	Pulse	55	1430000	8115	NA
36	Pulse	55	1440000	18115	NA
36	Pulse	55	1450000	28115	NA
36	Pulse	55	1460000	38115	NA
37	Pulse	55	1470000	7518	NA
37	Pulse	55	1480000	17518	NA
37	Pulse	55	1490000	27518	NA
37	Pulse	55	1500000	37518	NA
38	Pulse	55	1510000	6755	NA
38	Pulse	55	1520000	16755	NA
38	Pulse	55	1530000	26755	NA
38	Pulse	55	1540000	36755	NA
39	Pulse	55	1550000	6158	NA
39	Pulse	55	1560000	16158	NA
39	Pulse	55	1570000	26158	NA
39	Pulse	55	1580000	36158	NA
40	Pulse	55	1590000	5562	NA
40	Pulse	55	1600000	15562	NA
40	Pulse	55	1610000	25562	NA
40	Pulse	55	1620000	35562	NA
41	Pulse	55	1630000	4881	NA
41	Pulse	55	1640000	14881	NA
41	Pulse	55	1650000	24881	NA
41	Pulse	55	1660000	34881	NA
42	Pulse	55	1670000	4201	NA
42	Pulse	55	1680000	14201	NA
42	Pulse	55	1690000	24201	NA
42	Pulse	55	1700000	34201	NA
43	Pulse	55	1710000	3605	NA
43	Pulse	55	1720000	13605	NA
43	Pulse	55	1730000	23605	NA
43	Pulse	55	1740000	33605	NA
44	Pulse	55	1750000	3008	NA
44	Pulse	55	1760000	13008	NA
44	Pulse	55	1770000	23008	NA
44	Pulse	55	1780000	33008	NA
45	Pulse	55	1790000	2411	NA
45	Pulse	55	1800000	12411	NA
45	Pulse	55	1810000	22411	NA
45	Pulse	55	1820000	32411	NA
46	Pulse	55	1830000	1731	NA
46	Pulse	55	1840000	11731	NA
46	Pulse	55	1850000	21731	NA
46	Pulse	55	1860000	31731	NA
47	Pulse	55	1870000	1135	NA
47	Pulse	55	1880000	11135	NA
47	Pulse	55	1890000	21135	NA
47	Pulse	55	1900000	31135	NA
48	Pulse	55	1910000	538	NA
48	Pulse	55	1920000	10538	NA
48	Pulse	55	1930000	20538	NA
48	Pulse	55	1940000	30538	NA
48	Pulse	55	1950000	40538	NA
49	Pulse	55	1960000	9858	NA
49	Pulse	55	1970000	19858	NA
49	Pulse	55	1980000	29858	NA
49	Pulse	55	1990000	39858	NA
50	Pulse	55	2000000	9261	NA
50	Pulse	55	2010000	19261	NA
50	Pulse	55	2020000	29261	NA
50	Pulse	55	2030000	39261	NA
51	Pulse	55	2040000	8664	NA
51	Pulse	55	2050000	18664	NA
51	Pulse	55	2060000	28664	NA
51	Pulse	55	2070000	38664	NA
52	Pulse	55	2080000	8068	NA
52	Pulse	55	2090000	18068	NA
52	Pulse	55	2100000	28068	NA
52	Pulse	55	2110000	38068	NA
53	Pulse	55	2120000	7388	NA
53	Pulse	55	2130000	17388	NA
53	Pulse	55	2140000	27388	NA
53	Pulse	55	2150000	37388	NA
54	Pulse	55	2160000	6791	NA
54	Pulse	55	2170000	16791	NA
54	Pulse	55	2180000	26791	NA
54	Pulse	55	2190000	36791	NA
55	Pulse	55	2200000	6194	NA
55	Pulse	55	2210000	16194	NA
55	Pulse	55	2220000	26194	NA
55	Pulse	55	2230000	36194	NA
56	Pulse	55	2240000	5431	NA
56	Pulse	55	2250000	15431	NA
56	Pulse	55	2260000	25431	NA
56	Pulse	55	2270000	35431	NA
57	Pulse	55	2280000	4834	NA
57	Pulse	55	2290000	14834	NA
57	Pulse	55	2300000	24834	NA
57	Pulse	55	2310000	34834	NA
58	Pulse	55	2320000	4154	NA
58	Pulse	55	2330000	14154	NA
58	Pulse	55	2340000	24154	NA
58	Pulse	55	2350000	34154	NA
59	Pulse	55	2360000	3557	NA
59	Pulse	55	2370000	13557	NA
59	Pulse	55	2380000	23557	NA
59	Pulse	55	2390000	33557	NA
60	Pulse	55	2400000	2961	NA
60	Pulse	55	2410000	12961	NA
60	Pulse	55	2420000	22961	NA
60	Pulse	55	2430000	32961	NA
61	Pulse	55	2440000	2280	NA
61	Pulse	55	2450000	12280	NA
61	Pulse	55	2460000	22280	NA
61	Pulse	55	2470000	32280	NA
62	Pulse	55	2480000	1600	NA
62	Pulse	55	2490000	11600	NA
62	Pulse	55	2500000	21600	NA
62	Pulse	55	2510000	31600	NA
63	Pulse	55	2520000	920	NA
63	Pulse	55	2530000	10920	NA
63	Pulse	55	2540000	20920	NA
63	Pulse	55	2550000	30920	NA
64	Pulse	55	2560000	324	NA
64	Pulse	55	2570000	10324	NA
64	Pulse	55	2580000	20324	NA
64	Pulse	55	2590000	30324	NA
64	Pulse	55	2600000	40324	NA
65	Pulse	55	2610000	9644	NA
65	Pulse	55	2620000	19644	NA
65	Pulse	55	2630000	29644	NA
65	Pulse	55	2640000	39644	NA
66	Pulse	55	2650000	9047	NA
66	Pulse	55	2660000	19047	NA
66	Pulse	55	2670000	29047	NA
66	Pulse	55	2680000	39047	NA
67	Pulse	55	2690000	8367	NA
67	Pulse	55	2700000	18367	NA
67	Pulse	55	2710000	28367	NA
67	Pulse	55	2720000	38367	NA
68	Pulse	55	2730000	7770	NA
68	Pulse	55	2740000	17770	NA
68	Pulse	55	2750000	27770	NA
68	Pulse	55	2760000	37770	NA
69	Pulse	55	2770000	7173	NA
69	Pulse	55	2780000	17173	NA
69	Pulse	55	2790000	27173	NA
69	Pulse	55	2800000	37173	NA
70	Pulse	55	2810000	6577	NA
70	Pulse	55	2820000	16577	NA
70	Pulse	55	2830000	26577	NA
70	Pulse	55	2840000	36577	NA
71	Pulse	55	2850000	5980	NA
71	Pulse	55	2860000	15980	NA
71	Pulse	55	2870000	25980	NA
71	Pulse	55	2880000	35980	NA
72	Pulse	55	2890000	5383	NA
72	Pulse	55	2900000	15383	NA
72	Pulse	55	2910000	25383	NA
72	Pulse	55	2920000	35383	NA
73	Pulse	55	2930000	4703	NA
73	Pulse	55	2940000	14703	NA
73	Pulse	55	2950000	24703	NA
73	Pulse	55	2960000	34703	NA
74	Pulse	55	2970000	4106	NA
74	Pulse	55	2980000	14106	NA
74	Pulse	55	2990000	24106	NA
74	Pulse	55	3000000	34106	NA
75	Pulse	55	3010000	3510	NA
75	Pulse	55	3020000	13510	NA
75	Pulse	55	3030000	23510	NA
75	Pulse	55	3040000	33510	NA
76	Pulse	55	3050000	2913	NA
76	Pulse	55	3060000	12913	NA
76	Pulse	55	3070000	22913	NA
76	Pulse	55	3080000	32913	NA
77	Pulse	55	3090000	2316	NA
77	Pulse	55	3100000	12316	NA
77	Pulse	55	3110000	22316	NA
77	Pulse	55	3120000	32316	NA
78	Pulse	55	3130000	1720	NA
78	Pulse	55	3140000	11720	NA
78	Pulse	55	3150000	21720	NA
78	Pulse	55	3160000	31720	NA
79	Pulse	55	3170000	1123	NA
79	Pulse	55	3180000	11123	NA
79	Pulse	55	3190000	21123	NA
79	Pulse	55	3200000	31123	NA
80	Pulse	55	3210000	526	NA
80	Pulse	55	3220000	10526	NA
80	Pulse	55	3230000	20526	NA
80	Pulse	55	3240000	30526	NA
80	Pulse	55	3250000	40526	NA
81	Pulse	55	3260000	9846	NA
81	Pulse	55	3270000	19846	NA
81	Pulse	55	3280000	29846	NA
81	Pulse	55	3290000	39846	NA
82	Pulse	55	3300000	9166	NA
82	Pulse	55	3310000	19166	NA
82	Pulse	55	3320000	29166	NA
82	Pulse	55	3330000	39166	NA
83	Pulse	55	3340000	8569	NA
83	Pulse	55	3350000	18569	NA
83	Pulse	55	3360000	28569	NA
83	Pulse	55	3370000	38569	NA
84	Pulse	55	3380000	7973	NA
84	Pulse	55	3390000	17973	NA
84	Pulse	55	3400000	27973	NA
84	Pulse	55	3410000	37973	NA
85	Pulse	55	3420000	7376	NA
85	Pulse	55	3430000	17376	NA
85	Pulse	55	3440000	27376	NA
85	Pulse	55	3450000	37376	NA
86	Pulse	55	3460000	6696	NA
86	Pulse	55	3470000	16696	NA
86	Pulse	55	3480000	26696	NA
86	Pulse	55	3490000	36696	NA
87	Pulse	55	3500000	6099	NA
87	Pulse	55	3510000	16099	NA
87	Pulse	55	3520000	26099	NA
87	Pulse	55	3530000	36099	NA
88	Pulse	55	3540000	5503	NA
88	Pulse	55	3550000	15503	NA
88	Pulse	55	3560000	25503	NA
88	Pulse	55	3570000	35503	NA
89	Pulse	55	3580000	4906	NA
89	Pulse	55	3590000	14906	NA
89	Pulse	55	3600000	24906	NA
89	Pulse	55	3610000	34906	NA
90	Pulse	55	3620000	4226	NA
90	Pulse	55	3630000	14226	NA
90	Pulse	55	3640000	24226	NA
90	Pulse	55	3650000	34226	NA
91	Pulse	55	3660000	3629	NA
91	Pulse	55	3670000	13629	NA
91	Pulse	55	3680000	23629	NA
91	Pulse	55	3690000	33629	NA
92	Pulse	55	3700000	3032	NA
92	Pulse	55	3710000	13032	NA
92	Pulse	55	3720000	23032	NA
92	Pulse	55	3730000	33032	NA
93	Pulse	55	3740000	2436	NA
93	Pulse	55	3750000	12436	NA
93	Pulse	55	3760000	22436	NA
93	Pulse	55	3770000	32436	NA
94	Pulse	55	3780000	1839	NA
94	Pulse	55	3790000	11839	NA
94	Pulse	55	3800000	21839	NA
94	Pulse	55	3810000	31839	NA
95	Pulse	55	3820000	1242	NA
95	Pulse	55	3830000	11242	NA
95	Pulse	55	3840000	21242	NA
95	Pulse	55	3850000	31242	NA
96	Pulse	55	3860000	646	NA
96	Pulse	55	3870000	10646	NA
96	Pulse	55	3880000	20646	NA
96	Pulse	55	3890000	30646	NA
97	Pulse	55	3900000	49	NA
97	Pulse	55	3910000	10049	NA
97	Pulse	55	3920000	20049	NA
97	Pulse	55	3930000	30049	NA
97	Pulse	55	3940000	40049	NA
98	Pulse	55	3950000	9452	NA
98	Pulse	55	3960000	19452	NA
98	Pulse	55	3970000	29452	NA
98	Pulse	55	3980000	39452	NA
99	Pulse	55	3990000	8855	NA
99	Pulse	55	4000000	18855	NA
99	Pulse	55	4010000	28855	NA
99	Pulse	55	4020000	38855	NA
100	Pulse	55	4030000	8259	NA
100	Pulse	55	4040000	18259	NA
100	Pulse	55	4050000	28259	NA
100	Pulse	55	4060000	38259	NA
101	Pulse	55	4070000	7662	NA
101	Pulse	55	4080000	17662	NA
101	Pulse	55	4090000	27662	NA
101	Pulse	55	4100000	37662	NA
102	Pulse	55	4110000	7065	NA
102	Pulse	55	4120000	17065	NA
102	Pulse	55	4130000	27065	NA
102	Pulse	55	4140000	37065	NA
103	Pulse	55	4150000	6469	NA
103	Pulse	55	4160000	16469	NA
103	Pulse	55	4170000	26469	NA
103	Pulse	55	4180000	36469	NA
104	Pulse	55	4190000	5872	NA
104	Pulse	55	4200000	15872	NA
104	Pulse	55	4210000	25872	NA
104	Pulse	55	4220000	35872	NA
105	Pulse	55	4230000	5359	NA
105	Pulse	55	4240000	15359	NA
105	Pulse	55	4250000	25359	NA
105	Pulse	55	4260000	35359	NA
106	Pulse	55	4270000	4762	NA
106	Pulse	55	4280000	14762	NA
106	Pulse	55	4290000	24762	NA
106	Pulse	55	4300000	34762	NA
107	Pulse	55	4310000	4249	NA
107	Pulse	55	4320000	14249	NA
107	Pulse	55	4330000	24249	NA
107	Pulse	55	4340000	34249	NA
108	Pulse	55	4350000	3735	NA
108	Pulse	55	4360000	13735	NA
108	Pulse	55	4370000	23735	NA
108	Pulse	55	4380000	33735	NA
109	Pulse	55	4390000	3138	NA
109	Pulse	55	4400000	13138	NA
109	Pulse	55	4410000	23138	NA
109	Pulse	55	4420000	33138	NA
110	Pulse	55	4430000	2542	NA
110	Pulse	55	4440000	12542	NA
110	Pulse	55	4450000	22542	NA
110	Pulse	55	4460000	32542	NA
111	Pulse	55	4470000	1945	NA
111	Pulse	55	4480000	11945	NA
111	Pulse	55	4490000	21945	NA
111	Pulse	55	4500000	31945	NA
112	Pulse	55	4510000	1348	NA
112	Pulse	55	4520000	11348	NA
112	Pulse	55	4530000	21348	NA
112	Pulse	55	4540000	31348	NA
113	Pulse	55	4550000	752	NA
113	Pulse	55	4560000	10752	NA
113	Pulse	55	4570000	20752	NA
113	Pulse	55	4580000	30752	NA
114	Pulse	55	4590000	155	NA
114	Pulse	55	4600000	10155	NA
114	Pulse	55	4610000	20155	NA
114	Pulse	55	4620000	30155	NA
114	Pulse	55	4630000	40155	NA
115	Pulse	55	4640000	9642	NA
115	Pulse	55	4650000	19642	NA
115	Pulse	55	4660000	29642	NA
115	Pulse	55	4670000	39642	NA
116	Pulse	55	4680000	9045	NA
116	Pulse	55	4690000	19045	NA
116	Pulse	55	4700000	29045	NA
116	Pulse	55	4710000	39045	NA
117	Pulse	55	4720000	8448	NA
117	Pulse	55	4730000	18448	NA
117	Pulse	55	4740000	28448	NA
117	Pulse	55	4750000	38448	NA
118	Pulse	55	4760000	7935	NA
118	Pulse	55	4770000	17935	NA
118	Pulse	55	4780000	27935	NA
118	Pulse	55	4790000	37935	NA
119	Pulse	55	4800000	7422	NA
119	Pulse	55	4810000	17422	NA
119	Pulse	55	4820000	27422	NA
119	Pulse	55	4830000	37422	NA
120	Pulse	55	4840000	6825	NA
120	Pulse	55	4850000	16825	NA
120	Pulse	55	4860000	26825	NA
120	Pulse	55	4870000	36825	NA
121	Pulse	55	4880000	6312	NA
121	Pulse	55	4890000	16312	NA
121	Pulse	55	4900000	26312	NA
121	Pulse	55	4910000	36312	NA
122	Pulse	55	4920000	5715	NA
122	Pulse	55	4930000	15715	NA
122	Pulse	55	4940000	25715	NA
122	Pulse	55	4950000	35715	NA
123	Pulse	55	4960000	5201	NA
123	Pulse	55	4970000	15201	NA
123	Pulse	55	4980000	25201	NA
123	Pulse	55	4990000	35201	NA
124	Pulse	55	5000000	4688	NA
124	Pulse	55	5010000	14688	NA
124	Pulse	55	5020000	24688	NA
124	Pulse	55	5030000	34688	NA
125	Pulse	55	5040000	4175	NA
125	Pulse	55	5050000	14175	NA
125	Pulse	55	5060000	24175	NA
125	Pulse	55	5070000	34175	NA
126	Pulse	55	5080000	3578	NA
126	Pulse	55	5090000	13578	NA
126	Pulse	55	5100000	23578	NA
126	Pulse	55	5110000	33578	NA
127	Pulse	55	5120000	2981	NA
127	Pulse	55	5130000	12981	NA
127	Pulse	55	5140000	22981	NA
127	Pulse	55	5150000	32981	NA
128	Pulse	55	5160000	2385	NA
128	Pulse	55	5170000	12385	NA
128	Pulse	55	5180000	22385	NA
128	Pulse	55	5190000	32385	NA
129	Pulse	55	5200000	1788	NA
129	Pulse	55	5210000	11788	NA
129	Pulse	55	5220000	21788	NA
129	Pulse	55	5230000	31788	NA
130	Pulse	55	5240000	1191	NA
130	Pulse	55	5250000	11191	NA
130	Pulse	55	5260000	21191	NA
130	Pulse	55	5270000	31191	NA
131	Pulse	55	5280000	595	NA
131	Pulse	55	5290000	10595	NA
131	Pulse	55	5300000	20595	NA
131	Pulse	55	5310000	30595	NA
132	Pulse	55	5320000	81	NA
132	Pulse	55	5330000	10081	NA
132	Pulse	55	5340000	20081	NA
132	Pulse	55	5350000	30081	NA
132	Pulse	55	5360000	40081	NA
133	Pulse	55	5370000	9484	NA
133	Pulse	55	5380000	19484	NA
133	Pulse	55	5390000	29484	NA
133	Pulse	55	5400000	39484	NA
134	Pulse	55	5410000	8888	NA
134	Pulse	55	5420000	18888	NA
134	Pulse	55	5430000	28888	NA
134	Pulse	55	5440000	38888	NA
135	Pulse	55	5450000	8375	NA
135	Pulse	55	5460000	18375	NA
135	Pulse	55	5470000	28375	NA
135	Pulse	55	5480000	38375	NA
136	Pulse	55	5490000	7778	NA
136	Pulse	55	5500000	17778	NA
136	Pulse	55	5510000	27778	NA
136	Pulse	55	5520000	37778	NA
137	Pulse	55	5530000	7181	NA
137	Pulse	55	5540000	17181	NA
137	Pulse	55	5550000	27181	NA
137	Pulse	55	5560000	37181	NA
138	Pulse	55	5570000	6668	NA
138	Pulse	55	5580000	16668	NA
138	Pulse	55	5590000	26668	NA
138	Pulse	55	5600000	36668	NA
139	Pulse	55	5610000	6071	NA
139	Pulse	55	5620000	16071	NA
139	Pulse	55	5630000	26071	NA
139	Pulse	55	5640000	36071	NA
140	Pulse	55	5650000	5474	NA
140	Pulse	55	5660000	15474	NA
140	Pulse	55	5670000	25474	NA
140	Pulse	55	5680000	35474	NA
141	Pulse	55	5690000	4961	NA
141	Pulse	55	5700000	14961	NA
141	Pulse	55	5710000	24961	NA
141	Pulse	55	5720000	34961	NA
142	Pulse	55	5730000	4364	NA
142	Pulse	55	5740000	14364	NA
142	Pulse	55	5750000	24364	NA
142	Pulse	55	5760000	34364	NA
143	Pulse	55	5770000	3768	NA
143	Pulse	55	5780000	13768	NA
143	Pulse	55	5790000	23768	NA
143	Pulse	55	5800000	33768	NA
144	Pulse	55	5810000	3254	NA
144	Pulse	55	5820000	13254	NA
144	Pulse	55	5830000	23254	NA
144	Pulse	55	5840000	33254	NA
145	Pulse	55	5850000	2741	NA
145	Pulse	55	5860000	12741	NA
145	Pulse	55	5870000	22741	NA
145	Pulse	55	5880000	32741	NA
146	Pulse	55	5890000	2144	NA
146	Pulse	55	5900000	12144	NA
146	Pulse	55	5910000	22144	NA
146	Pulse	55	5920000	32144	NA
147	Pulse	55	5930000	1547	NA
147	Pulse	55	5940000	11547	NA
147	Pulse	55	5950000	21547	NA
147	Pulse	55	5960000	31547	NA
148	Pulse	55	5970000	951	NA
148	Pulse	55	5980000	10951	NA
148	Pulse	55	5990000	20951	NA
148	Pulse	55	6000000	30951	NA
149	Pulse	55	6010000	354	NA
149	Pulse	55	6020000	10354	NA
149	Pulse	55	6030000	20354	NA
149	Pulse	55	6040000	30354	NA
149	Pulse	55	6050000	40354	NA
150	Pulse	55	6060000	9757	NA
150	Pulse	55	6070000	19757	NA
150	Pulse	55	6080000	29757	NA
150	Pulse	55	6090000	39757	NA
151	Pulse	55	6100000	9161	NA
151	Pulse	55	6110000	19161	NA
151	Pulse	55	6120000	29161	NA
151	Pulse	55	6130000	39161	NA
152	Pulse	55	6140000	8564	NA
152	Pulse	55	6150000	18564	NA
152	Pulse	55	6160000	28564	NA
152	Pulse	55	6170000	38564	NA
153	Pulse	55	6180000	8051	NA
153	Pulse	55	6190000	18051	NA
153	Pulse	55	6200000	28051	NA
153	Pulse	55	6210000	38051	NA
154	Pulse	55	6220000	7537	NA
154	Pulse	55	6230000	17537	NA
154	Pulse	55	6240000	27537	NA
154	Pulse	55	6250000	37537	NA
155	Pulse	55	6260000	7107	NA
155	Pulse	55	6270000	17107	NA
155	Pulse	55	6280000	27107	NA
155	Pulse	55	6290000	37107	NA
156	Pulse	55	6300000	6594	NA
156	Pulse	55	6310000	16594	NA
156	Pulse	55	6320000	26594	NA
156	Pulse	55	6330000	36594	NA
157	Pulse	55	6340000	6081	NA
157	Pulse	55	6350000	16081	NA
157	Pulse	55	6360000	26081	NA
157	Pulse	55	6370000	36081	NA
158	Pulse	55	6380000	5567	NA
158	Pulse	55	6390000	15567	NA
158	Pulse	55	6400000	25567	NA
158	Pulse	55	6410000	35567	NA
159	Pulse	55	6420000	4971	NA
159	Pulse	55	6430000	14971	NA
159	Pulse	55	6440000	24971	NA
159	Pulse	55	6450000	34971	NA
160	Pulse	55	6460000	4374	NA
160	Pulse	55	6470000	14374	NA
160	Pulse	55	6480000	24374	NA
160	Pulse	55	6490000	34374	NA
161	Pulse	55	6500000	3777	NA
161	Pulse	55	6510000	13777	NA
161	Pulse	55	6520000	23777	NA
161	Pulse	55	6530000	33777	NA
162	Pulse	55	6540000	3264	NA
162	Pulse	55	6550000	13264	NA
162	Pulse	55	6560000	23264	NA
162	Pulse	55	6570000	33264	NA
163	Pulse	55	6580000	2667	NA
163	Pulse	55	6590000	12667	NA
163	Pulse	55	6600000	22667	NA
163	Pulse	55	6610000	32667	NA
164	Pulse	55	6620000	2070	NA
164	Pulse	55	6630000	12070	NA
164	Pulse	55	6640000	22070	NA
164	Pulse	55	6650000	32070	NA
165	Pulse	55	6660000	1474	NA
165	Pulse	55	6670000	11474	NA
165	Pulse	55	6680000	21474	NA
165	Pulse	55	6690000	31474	NA
166	Pulse	55	6700000	877	NA
166	Pulse	55	6710000	10877	NA
166	Pulse	55	6720000	20877	NA
166	Pulse	55	6730000	30877	NA
167	Pulse	55	6740000	197	NA
167	Pulse	55	6750000	10197	NA
167	Pulse	55	6760000	20197	NA
167	Pulse	55	6770000	30197	NA
167	Pulse	55	6780000	40197	NA
168	Pulse	55	6790000	9600	NA
168	Pulse	55	6800000	19600	NA
168	Pulse	55	6810000	29600	NA
168	Pulse	55	6820000	39600	NA
169	Pulse	55	6830000	9087	NA
169	Pulse	55	6840000	19087	NA
169	Pulse	55	6850000	29087	NA
169	Pulse	55	6860000	39087	NA
170	Pulse	55	6870000	8490	NA
170	Pulse	55	6880000	18490	NA
170	Pulse	55	6890000	28490	NA
170	Pulse	55	6900000	38490	NA
171	Pulse	55	6910000	7977	NA
171	Pulse	55	6920000	17977	NA
171	Pulse	55	6930000	27977	NA
171	Pulse	55	6940000	37977	NA
172	Pulse	55	6950000	7463	NA
172	Pulse	55	6960000	17463	NA
172	Pulse	55	6970000	27463	NA
172	Pulse	55	6980000	37463	NA
173	Pulse	55	6990000	6867	NA
173	Pulse	55	7000000	16867	NA
173	Pulse	55	7010000	26867	NA
173	Pulse	55	7020000	36867	NA
174	Pulse	55	7030000	6437	NA
174	Pulse	55	7040000	16437	NA
174	Pulse	55	7050000	26437	NA
174	Pulse	55	7060000	36437	NA
175	Pulse	55	7070000	5923	NA
175	Pulse	55	7080000	15923	NA
175	Pulse	55	7090000	25923	NA
175	Pulse	55	7100000	35923	NA
176	Pulse	55	7110000	5327	NA
176	Pulse	55	7120000	15327	NA
176	Pulse	55	7130000	25327	NA
176	Pulse	55	7140000	35327	NA
177	Pulse	55	7150000	4730	NA
177	Pulse	55	7160000	14730	NA
177	Pulse	55	7170000	24730	NA
177	Pulse	55	7180000	34730	NA
178	Pulse	55	7190000	4217	NA
178	Pulse	55	7200000	14217	NA
178	Pulse	55	7210000	24217	NA
178	Pulse	55	7220000	34217	NA
179	Pulse	55	7230000	3703	NA
179	Pulse	55	7240000	13703	NA
179	Pulse	55	7250000	23703	NA
179	Pulse	55	7260000	33703	NA
180	Pulse	55	7270000	3107	NA
180	Pulse	55	7280000	13107	NA
180	Pulse	55	7290000	23107	NA
180	Pulse	55	7300000	33107	NA
181	Pulse	55	7310000	2427	NA
181	Pulse	55	7320000	12427	NA
181	Pulse	55	7330000	22427	NA
181	Pulse	55	7340000	32427	NA
182	Pulse	55	7350000	1830	NA
182	Pulse	55	7360000	11830	NA
182	Pulse	55	7370000	21830	NA
182	Pulse	55	7380000	31830	NA
183	Pulse	55	7390000	1233	NA
183	Pulse	55	7400000	11233	NA
183	Pulse	55	7410000	21233	NA
183	Pulse	55	7420000	31233	NA
184	Pulse	55	7430000	636	NA
184	Pulse	55	7440000	10636	NA
184	Pulse	55	7450000	20636	NA
184	Pulse	55	7460000	30636	NA
185	Pulse	55	7470000	123	NA
185	Pulse	55	7480000	10123	NA
185	Pulse	55	7490000	20123	NA
185	Pulse	55	7500000	30123	NA
185	Pulse	55	7510000	40123	NA
186	Pulse	55	7520000	9526	NA
186	Pulse	55	7530000	19526	NA
186	Pulse	55	7540000	29526	NA
186	Pulse	55	7550000	39526	NA
187	Pulse	55	7560000	8846	NA
187	Pulse	55	7570000	18846	NA
187	Pulse	55	7580000	28846	NA
187	Pulse	55	7590000	38846	NA
188	Pulse	55	7600000	8250	NA
188	Pulse	55	7610000	18250	NA
188	Pulse	55	7620000	28250	NA
188	Pulse	55	7630000	38250	NA
189	Pulse	55	7640000	7653	NA
189	Pulse	55	7650000	17653	NA
189	Pulse	55	7660000	27653	NA
189	Pulse	55	7670000	37653	NA
190	Pulse	55	7680000	7056	NA
190	Pulse	55	7690000	17056	NA
190	Pulse	55	7700000	27056	NA
190	Pulse	55	7710000	37056	NA
191	Pulse	55	7720000	6460	NA
191	Pulse	55	7730000	16460	NA
191	Pulse	55	7740000	26460	NA
191	Pulse	55	7750000	36460	NA
192	Pulse	55	7760000	5863	NA
192	Pulse	55	7770000	15863	NA
192	Pulse	55	7780000	25863	NA
192	Pulse	55	7790000	35863	NA
193	Pulse	55	7800000	5266	NA
193	Pulse	55	7810000	15266	NA
193	Pulse	55	7820000	25266	NA
193	Pulse	55	7830000	35266	NA
194	Pulse	55	7840000	4669	NA
194	Pulse	55	7850000	14669	NA
194	Pulse	55	7860000	24669	NA
194	Pulse	55	7870000	34669	NA
195	Pulse	55	7880000	4073	NA
195	Pulse	55	7890000	14073	NA
195	Pulse	55	7900000	24073	NA
195	Pulse	55	7910000	34073	NA
196	Pulse	55	7920000	3476	NA
196	Pulse	55	7930000	13476	NA
196	Pulse	55	7940000	23476	NA
196	Pulse	55	7950000	33476	NA
197	Pulse	55	7960000	2879	NA
197	Pulse	55	7970000	12879	NA
197	Pulse	55	7980000	22879	NA
197	Pulse	55	7990000	32879	NA
198	Pulse	55	8000000	2366	NA
198	Pulse	55	8010000	12366	NA
198	Pulse	55	8020000	22366	NA
198	Pulse	55	8030000	32366	NA
199	Pulse	55	8040000	1769	NA
199	Pulse	55	8050000	11769	NA
199	Pulse	55	8060000	21769	NA
199	Pulse	55	8070000	31769	NA
200	Pulse	55	8080000	1173	NA
200	Pulse	55	8090000	11173	NA
200	Pulse	55	8100000	21173	NA
200	Pulse	55	8110000	31173	NA
201	Pulse	55	8120000	659	NA
201	Pulse	55	8130000	10659	NA
201	Pulse	55	8140000	20659	NA
201	Pulse	55	8150000	30659	NA
202	Pulse	55	8160000	146	NA
202	Pulse	55	8170000	10146	NA
202	Pulse	55	8180000	20146	NA
202	Pulse	55	8190000	30146	NA
202	Pulse	55	8200000	40146	NA
203	Pulse	55	8210000	9633	NA
203	Pulse	55	8220000	19633	NA
203	Pulse	55	8230000	29633	NA
203	Pulse	55	8240000	39633	NA
204	Pulse	55	8250000	9036	NA
204	Pulse	55	8260000	19036	NA
204	Pulse	55	8270000	29036	NA
204	Pulse	55	8280000	39036	NA
205	Pulse	55	8290000	8523	NA
205	Pulse	55	8300000	18523	NA
205	Pulse	55	8310000	28523	NA
205	Pulse	55	8320000	38523	NA
206	Pulse	55	8330000	7926	NA
206	Pulse	55	8340000	17926	NA
206	Pulse	55	8350000	27926	NA
206	Pulse	55	8360000	37926	NA
207	Pulse	55	8370000	7412	NA
207	Pulse	55	8380000	17412	NA
207	Pulse	55	8390000	27412	NA
207	Pulse	55	8400000	37412	NA
208	Pulse	55	8410000	6899	NA
208	Pulse	55	8420000	16899	NA
208	Pulse	55	8430000	26899	NA
208	Pulse	55	8440000	36899	NA
209	Pulse	55	8450000	6302	NA
209	Pulse	55	8460000	16302	NA
209	Pulse	55	8470000	26302	NA
209	Pulse	55	8480000	36302	NA
210	Pulse	55	8490000	5789	NA
210	Pulse	55	8500000	15789	NA
210	Pulse	55	8510000	25789	NA
210	Pulse	55	8520000	35789	NA
211	Pulse	55	8530000	5359	NA
211	Pulse	55	8540000	15359	NA
211	Pulse	55	8550000	25359	NA
211	Pulse	55	8560000	35359	NA
212	Pulse	55	8570000	4846	NA
212	Pulse	55	8580000	14846	NA
212	Pulse	55	8590000	24846	NA
212	Pulse	55	8600000	34846	NA
213	Pulse	55	8610000	4332	NA
213	Pulse	55	8620000	14332	NA
213	Pulse	55	8630000	24332	NA
213	Pulse	55	8640000	34332	NA
214	Pulse	55	8650000	3819	NA
214	Pulse	55	8660000	13819	NA
214	Pulse	55	8670000	23819	NA
214	Pulse	55	8680000	33819	NA
215	Pulse	55	8690000	3222	NA
215	Pulse	55	8700000	13222	NA
215	Pulse	55	8710000	23222	NA
215	Pulse	55	8720000	33222	NA
216	Pulse	55	8730000	2626	NA
216	Pulse	55	8740000	12626	NA
216	Pulse	55	8750000	22626	NA
216	Pulse	55	8760000	32626	NA
217	Pulse	55	8770000	2279	NA
217	Pulse	55	8780000	12279	NA
217	Pulse	55	8790000	22279	NA
217	Pulse	55	8800000	32279	NA
218	Pulse	55	8810000	1682	NA
218	Pulse	55	8820000	11682	NA
218	Pulse	55	8830000	21682	NA
218	Pulse	55	8840000	31682	NA
219	Pulse	55	8850000	1169	NA
219	Pulse	55	8860000	11169	NA
219	Pulse	55	8870000	21169	NA
219	Pulse	55	8880000	31169	NA
220	Pulse	55	8890000	572	NA
220	Pulse	55	8900000	10572	NA
220	Pulse	55	8910000	20572	NA
220	Pulse	55	8920000	30572	NA
220	Pulse	55	8930000	40572	NA
221	Pulse	55	8940000	9976	NA
221	Pulse	55	8950000	19976	NA
221	Pulse	55	8960000	29976	NA
221	Pulse	55	8970000	39976	NA
222	Pulse	55	8980000	9546	NA
222	Pulse	55	8990000	19546	NA
222	Pulse	55	9000000	29546	NA
222	Pulse	55	9010000	39546	NA
223	Pulse	55	9020000	9032	NA
223	Pulse	55	9030000	19032	NA
223	Pulse	55	9040000	29032	NA
223	Pulse	55	9050000	39032	NA
224	Pulse	55	9060000	8436	NA
224	Pulse	55	9070000	18436	NA
224	Pulse	55	9080000	28436	NA
224	Pulse	55	9090000	38436	NA
225	Pulse	55	9100000	8006	NA
225	Pulse	55	9110000	18006	NA
225	Pulse	55	9120000	28006	NA
225	Pulse	55	9130000	38006	NA
226	Pulse	55	9140000	7492	NA
226	Pulse	55	9150000	17492	NA
226	Pulse	55	9160000	27492	NA
226	Pulse	55	9170000	37492	NA
227	Pulse	55	9180000	6979	NA
227	Pulse	55	9190000	16979	NA
227	Pulse	55	9200000	26979	NA
227	Pulse	55	9210000	36979	NA
228	Pulse	55	9220000	6382	NA
228	Pulse	55	9230000	16382	NA
228	Pulse	55	9240000	26382	NA
228	Pulse	55	9250000	36382	NA
229	Pulse	55	9260000	5786	NA
229	Pulse	55	9270000	15786	NA
229	Pulse	55	9280000	25786	NA
229	Pulse	55	9290000	35786	NA
230	Pulse	55	9300000	5189	NA
230	Pulse	55	9310000	15189	NA
230	Pulse	55	9320000	25189	NA
230	Pulse	55	9330000	35189	NA
231	Pulse	55	9340000	4676	NA
231	Pulse	55	9350000	14676	NA
231	Pulse	55	9360000	24676	NA
231	Pulse	55	9370000	34676	NA
232	Pulse	55	9380000	4079	NA
232	Pulse	55	9390000	14079	NA
232	Pulse	55	9400000	24079	NA
232	Pulse	55	9410000	34079	NA
233	Pulse	55	9420000	3482	NA
233	Pulse	55	9430000	13482	NA
233	Pulse	55	9440000	23482	NA
233	Pulse	55	9450000	33482	NA
234	Pulse	55	9460000	2885	NA
234	Pulse	55	9470000	12885	NA
234	Pulse	55	9480000	22885	NA
234	Pulse	55	9490000	32885	NA
235	Pulse	55	9500000	2289	NA
235	Pulse	55	9510000	12289	NA
235	Pulse	55	9520000	22289	NA
235	Pulse	55	9530000	32289	NA
236	Pulse	55	9540000	1692	NA
236	Pulse	55	9550000	11692	NA
236	Pulse	55	9560000	21692	NA
236	Pulse	55	9570000	31692	NA
237	Pulse	55	9580000	1095	NA
237	Pulse	55	9590000	11095	NA
237	Pulse	55	9600000	21095	NA
237	Pulse	55	9610000	31095	NA
238	Pulse	55	9620000	499	NA
238	Pulse	55	9630000	10499	NA
238	Pulse	55	9640000	20499	NA
238	Pulse	55	9650000	30499	NA
238	Pulse	55	9660000	40499	NA
239	Pulse	55	9670000	9985	NA
239	Pulse	55	9680000	19985	NA
239	Pulse	55	9690000	29985	NA
239	Pulse	55	9700000	39985	NA
240	Pulse	55	9710000	9389	NA
240	Pulse	55	9720000	19389	NA
240	Pulse	55	9730000	29389	NA
240	Pulse	55	9740000	39389	NA
241	Pulse	55	9750000	8875	NA
241	Pulse	55	9760000	18875	NA
241	Pulse	55	9770000	28875	NA
241	Pulse	55	9780000	38875	NA
242	Pulse	55	9790000	8279	NA
242	Pulse	55	9800000	18279	NA
242	Pulse	55	9810000	28279	NA
242	Pulse	55	9820000	38279	NA
243	Pulse	55	9830000	7682	NA
243	Pulse	55	9840000	17682	NA
243	Pulse	55	9850000	27682	NA
243	Pulse	55	9860000	37682	NA
244	Pulse	55	9870000	7085	NA
244	Pulse	55	9880000	17085	NA
244	Pulse	55	9890000	27085	NA
244	Pulse	55	9900000	37085	NA
245	Pulse	55	9910000	6572	NA
245	Pulse	55	9920000	16572	NA
245	Pulse	55	9930000	26572	NA
245	Pulse	55	9940000	36572	NA
246	Pulse	55	9950000	5975	NA
246	Pulse	55	9960000	15975	NA
246	Pulse	55	9970000	25975	NA
246	Pulse	55	9980000	35975	NA
247	Pulse	55	9990000	5378	NA
247	Pulse	55	10000000	15378	NA
247	Pulse	55	10010000	25378	NA
247	Pulse	55	10020000	35378	NA
248	Pulse	55	10030000	4782	NA
248	Pulse	55	10040000	14782	NA
248	Pulse	55	10050000	24782	NA
248	Pulse	55	10060000	34782	NA
249	Pulse	55	10070000	4185	NA
249	Pulse	55	10080000	14185	NA
249	Pulse	55	10090000	24185	NA
249	Pulse	55	10100000	34185	NA
250	Pulse	55	10110000	3588	NA
250	Pulse	55	10120000	13588	NA
250	Pulse	55	10130000	23588	NA
250	Pulse	55	10140000	33588	NA
251	Pulse	55	10150000	2992	NA
251	Pulse	55	10160000	12992	NA
251	Pulse	55	10170000	22992	NA
251	Pulse	55	10180000	32992	NA
252	Pulse	55	10190000	2395	NA
252	Pulse	55	10200000	12395	NA
252	Pulse	55	10210000	22395	NA
252	Pulse	55	10220000	32395	NA
253	Pulse	55	10230000	1798	NA
253	Pulse	55	10240000	11798	NA
253	Pulse	55	10250000	21798	NA
253	Pulse	55	10260000	31798	NA
254	Pulse	55	10270000	1201	NA
254	Pulse	55	10280000	11201	NA
254	Pulse	55	10290000	21201	NA
254	Pulse	55	10300000	31201	NA
255	Pulse	55	10310000	771	NA
255	Pulse	55	10320000	10771	NA
255	Pulse	55	10330000	20771	NA
255	Pulse	55	10340000	30771	NA
256	Pulse	55	10350000	258	NA
256	Pulse	55	10360000	10258	NA
256	Pulse	55	10370000	20258	NA
256	Pulse	55	10380000	30258	NA
256	Pulse	55	10390000	40258	NA
257	Pulse	55	10400000	9745	NA
257	Pulse	55	10410000	19745	NA
257	Pulse	55	10420000	29745	NA
257	Pulse	55	10430000	39745	NA
258	Pulse	55	10440000	9148	NA
258	Pulse	55	10450000	19148	NA
258	Pulse	55	10460000	29148	NA
258	Pulse	55	10470000	39148	NA
259	Pulse	55	10480000	8551	NA
259	Pulse	55	10490000	18551	NA
259	Pulse	55	10500000	28551	NA
259	Pulse	55	10510000	38551	NA
260	Pulse	55	10520000	7955	NA
260	Pulse	55	10530000	17955	NA
260	Pulse	55	10540000	27955	NA
260	Pulse	55	10550000	37955	NA
261	Pulse	55	10560000	7358	NA
261	Pulse	55	10570000	17358	NA
261	Pulse	55	10580000	27358	NA
261	Pulse	55	10590000	37358	NA
262	Pulse	55	10600000	6761	NA
262	Pulse	55	10610000	16761	NA
262	Pulse	55	10620000	26761	NA
262	Pulse	55	10630000	36761	NA
263	Pulse	55	10640000	6248	NA
263	Pulse	55	10650000	16248	NA
263	Pulse	55	10660000	26248	NA
263	Pulse	55	10670000	36248	NA
264	Pulse	55	10680000	5651	NA
264	Pulse	55	10690000	15651	NA
264	Pulse	55	10700000	25651	NA
264	Pulse	55	10710000	35651	NA
265	Pulse	55	10720000	5054	NA
265	Pulse	55	10730000	15054	NA
265	Pulse	55	10740000	25054	NA
265	Pulse	55	10750000	35054	NA
266	Pulse	55	10760000	4458	NA
266	Pulse	55	10770000	14458	NA
266	Pulse	55	10780000	24458	NA
266	Pulse	55	10790000	34458	NA
267	Pulse	55	10800000	3861	NA
267	Pulse	55	10810000	13861	NA
267	Pulse	55	10820000	23861	NA
267	Pulse	55	10830000	33861	NA
268	Pulse	55	10840000	3264	NA
268	Pulse	55	10850000	13264	NA
268	Pulse	55	10860000	23264	NA
268	Pulse	55	10870000	33264	NA
269	Pulse	55	10880000	2668	NA
269	Pulse	55	10890000	12668	NA
269	Pulse	55	10900000	22668	NA
269	Pulse	55	10910000	32668	NA
270	Pulse	55	10920000	2071	NA
270	Pulse	55	10930000	12071	NA
270	Pulse	55	10940000	22071	NA
270	Pulse	55	10950000	32071	NA
271	Pulse	55	10960000	1474	NA
271	Pulse	55	10970000	11474	NA
271	Pulse	55	10980000	21474	NA
271	Pulse	55	10990000	31474	NA
272	Pulse	55	11000000	878	NA
272	Pulse	55	11010000	10878	NA
272	Pulse	55	11020000	20878	NA
272	Pulse	55	11030000	30878	NA
273	Pulse	55	11040000	281	NA
273	Pulse	55	11050000	10281	NA
273	Pulse	55	11060000	20281	NA
273	Pulse	55	11070000	30281	NA
273	Pulse	55	11080000	40281	NA
274	Pulse	55	11090000	9684	NA
274	Pulse	55	11100000	19684	NA
274	Pulse	55	11110000	29684	NA
274	Pulse	55	11120000	39684	NA
275	Pulse	55	11130000	9087	NA
275	Pulse	55	11140000	19087	NA
275	Pulse	55	11150000	29087	NA
275	Pulse	55	11160000	39087	NA
276	Pulse	55	11170000	8491	NA
276	Pulse	55	11180000	18491	NA
276	Pulse	55	11190000	28491	NA
276	Pulse	55	11200000	38491	NA
277	Pulse	55	11210000	7894	NA
277	Pulse	55	11220000	17894	NA
277	Pulse	55	11230000	27894	NA
277	Pulse	55	11240000	37894	NA
278	Pulse	55	11250000	7297	NA
278	Pulse	55	11260000	17297	NA
278	Pulse	55	11270000	27297	NA
278	Pulse	55	11280000	37297	NA
279	Pulse	55	11290000	6701	NA
279	Pulse	55	11300000	16701	NA
279	Pulse	55	11310000	26701	NA
279	Pulse	55	11320000	36701	NA
280	Pulse	55	11330000	6104	NA
280	Pulse	55	11340000	16104	NA
280	Pulse	55	11350000	26104	NA
280	Pulse	55	11360000	36104	NA
281	Pulse	55	11370000	5507	NA
281	Pulse	55	11380000	15507	NA
281	Pulse	55	11390000	25507	NA
281	Pulse	55	11400000	35507	NA
282	Pulse	55	11410000	4911	NA
282	Pulse	55	11420000	14911	NA
282	Pulse	55	11430000	24911	NA
282	Pulse	55	11440000	34911	NA
283	Pulse	55	11450000	4230	NA
283	Pulse	55	11460000	14230	NA
283	Pulse	55	11470000	24230	NA
283	Pulse	55	11480000	34230	NA
284	Pulse	55	11490000	3634	NA
284	Pulse	55	11500000	13634	NA
284	Pulse	55	11510000	23634	NA
284	Pulse	55	11520000	33634	NA
285	Pulse	55	11530000	3037	NA
285	Pulse	55	11540000	13037	NA
285	Pulse	55	11550000	23037	NA
285	Pulse	55	11560000	33037	NA
286	Pulse	55	11570000	2440	NA
286	Pulse	55	11580000	12440	NA
286	Pulse	55	11590000	22440	NA
286	Pulse	55	11600000	32440	NA
287	Pulse	55	11610000	1760	NA
287	Pulse	55	11620000	11760	NA
287	Pulse	55	11630000	21760	NA
287	Pulse	55	11640000	31760	NA
288	Pulse	55	11650000	1164	NA
288	Pulse	55	11660000	11164	NA
288	Pulse	55	11670000	21164	NA
288	Pulse	55	11680000	31164	NA
289	Pulse	55	11690000	567	NA
289	Pulse	55	11700000	10567	NA
289	Pulse	55	11710000	20567	NA
289	Pulse	55	11720000	30567	NA
289	Pulse	55	11730000	40567	NA
290	Pulse	55	11740000	9970	NA
290	Pulse	55	11750000	19970	NA
290	Pulse	55	11760000	29970	NA
290	Pulse	55	11770000	39970	NA
291	Pulse	55	11780000	9290	NA
291	Pulse	55	11790000	19290	NA
291	Pulse	55	11800000	29290	NA
291	Pulse	55	11810000	39290	NA
292	Pulse	55	11820000	8693	NA
292	Pulse	55	11830000	18693	NA
292	Pulse	55	11840000	28693	NA
292	Pulse	55	11850000	38693	NA
293	Pulse	55	11860000	8097	NA
293	Pulse	55	11870000	18097	NA
293	Pulse	55	11880000	28097	NA
293	Pulse	55	11890000	38097	NA
294	Pulse	55	11900000	7417	NA
294	Pulse	55	11910000	17417	NA
294	Pulse	55	11920000	27417	NA
294	Pulse	55	11930000	37417	NA
295	Pulse	55	11940000	6820	NA
295	Pulse	55	11950000	16820	NA
295	Pulse	55	11960000	26820	NA
295	Pulse	55	11970000	36820	NA
296	Pulse	55	11980000	6223	NA
296	Pulse	55	11990000	16223	NA
296	Pulse	55	12000000	26223	NA
296	Pulse	55	12010000	36223	NA
297	Pulse	55	12020000	5627	NA
297	Pulse	55	12030000	15627	NA
297	Pulse	55	12040000	25627	NA
297	Pulse	55	12050000	35627	NA
298	Pulse	55	12060000	4947	NA
298	Pulse	55	12070000	14947	NA
298	Pulse	55	12080000	24947	NA
298	Pulse	55	12090000	34947	NA
299	Pulse	55	12100000	4350	NA
299	Pulse	55	12110000	14350	NA
299	Pulse	55	12120000	24350	NA
299	Pulse	55	12130000	34350	NA
300	Pulse	55	12140000	3753	NA
300	Pulse	55	12150000	13753	NA
300	Pulse	55	12160000	23753	NA
300	Pulse	55	12170000	33753	NA
301	Pulse	55	12180000	3073	NA
301	Pulse	55	12190000	13073	NA
301	Pulse	55	12200000	23073	NA
301	Pulse	55	12210000	33073	NA
302	Pulse	55	12220000	2476	NA
302	Pulse	55	12230000	12476	NA
302	Pulse	55	12240000	22476	NA
302	Pulse	55	12250000	32476	NA
303	Pulse	55	12260000	1880	NA
303	Pulse	55	12270000	11880	NA
303	Pulse	55	12280000	21880	NA
303	Pulse	55	12290000	31880	NA
304	Pulse	55	12300000	1283	NA
304	Pulse	55	12310000	11283	NA
304	Pulse	55	12320000	21283	NA
304	Pulse	55	12330000	31283	NA
305	Pulse	55	12340000	686	NA
305	Pulse	55	12350000	10686	NA
305	Pulse	55	12360000	20686	NA
305	Pulse	55	12370000	30686	NA
306	Pulse	55	12380000	6	NA
306	Pulse	55	12390000	10006	NA
306	Pulse	55	12400000	20006	NA
306	Pulse	55	12410000	30006	NA
306	Pulse	55	12420000	40006	NA
307	Pulse	55	12430000	9409	NA
307	Pulse	55	12440000	19409	NA
307	Pulse	55	12450000	29409	NA
307	Pulse	55	12460000	39409	NA
308	Pulse	55	12470000	8729	NA
308	Pulse	55	12480000	18729	NA
308	Pulse	55	12490000	28729	NA
308	Pulse	55	12500000	38729	NA
309	Pulse	55	12510000	8133	NA
309	Pulse	55	12520000	18133	NA
309	Pulse	55	12530000	28133	NA
309	Pulse	55	12540000	38133	NA
310	Pulse	55	12550000	7453	NA
310	Pulse	55	12560000	17453	NA
310	Pulse	55	12570000	27453	NA
310	Pulse	55	12580000	37453	NA
311	Pulse	55	12590000	6856	NA
311	Pulse	55	12600000	16856	NA
311	Pulse	55	12610000	26856	NA
311	Pulse	55	12620000	36856	NA
312	Pulse	55	12630000	6176	NA
312	Pulse	55	12640000	16176	NA
312	Pulse	55	12650000	26176	NA
312	Pulse	55	12660000	36176	NA
313	Pulse	55	12670000	5579	NA
313	Pulse	55	12680000	15579	NA
313	Pulse	55	12690000	25579	NA
313	Pulse	55	12700000	35579	NA
314	Pulse	55	12710000	4982	NA
314	Pulse	55	12720000	14982	NA
314	Pulse	55	12730000	24982	NA
314	Pulse	55	12740000	34982	NA
315	Pulse	55	12750000	4386	NA
315	Pulse	55	12760000	14386	NA
315	Pulse	55	12770000	24386	NA
315	Pulse	55	12780000	34386	NA
316	Pulse	55	12790000	3789	NA
316	Pulse	55	12800000	13789	NA
316	Pulse	55	12810000	23789	NA
316	Pulse	55	12820000	33789	NA
317	Pulse	55	12830000	3192	NA
317	Pulse	55	12840000	13192	NA
317	Pulse	55	12850000	23192	NA
317	Pulse	55	12860000	33192	NA
318	Pulse	55	12870000	2512	NA
318	Pulse	55	12880000	12512	NA
318	Pulse	55	12890000	22512	NA
318	Pulse	55	12900000	32512	NA
319	Pulse	55	12910000	1916	NA
319	Pulse	55	12920000	11916	NA
319	Pulse	55	12930000	21916	NA
319	Pulse	55	12940000	31916	NA
320	Pulse	55	12950000	1319	NA
320	Pulse	55	12960000	11319	NA
320	Pulse	55	12970000	21319	NA
320	Pulse	55	12980000	31319	NA
321	Pulse	55	12990000	722	NA
321	Pulse	55	13000000	10722	NA
321	Pulse	55	13010000	20722	NA
321	Pulse	55	13020000	30722	NA
322	Pulse	55	13030000	125	NA
322	Pulse	55	13040000	10125	NA
322	Pulse	55	13050000	20125	NA
322	Pulse	55	13060000	30125	NA
322	Pulse	55	13070000	40125	NA
323	Pulse	55	13080000	9529	NA
323	Pulse	55	13090000	19529	NA
323	Pulse	55	13100000	29529	NA
323	Pulse	55	13110000	39529	NA
324	Pulse	55	13120000	8932	NA
324	Pulse	55	13130000	18932	NA
324	Pulse	55	13140000	28932	NA
324	Pulse	55	13150000	38932	NA
325	Pulse	55	13160000	8335	NA
325	Pulse	55	13170000	18335	NA
325	Pulse	55	13180000	28335	NA
325	Pulse	55	13190000	38335	NA
326	Pulse	55	13200000	7739	NA
326	Pulse	55	13210000	17739	NA
326	Pulse	55	13220000	27739	NA
326	Pulse	55	13230000	37739	NA
327	Pulse	55	13240000	7059	NA
327	Pulse	55	13250000	17059	NA
327	Pulse	55	13260000	27059	NA
327	Pulse	55	13270000	37059	NA
328	Pulse	55	13280000	6462	NA
328	Pulse	55	13290000	16462	NA
328	Pulse	55	13300000	26462	NA
328	Pulse	55	13310000	36462	NA
329	Pulse	55	13320000	5865	NA
329	Pulse	55	13330000	15865	NA
329	Pulse	55	13340000	25865	NA
329	Pulse	55	13350000	35865	NA
330	Pulse	55	13360000	5268	NA
330	Pulse	55	13370000	15268	NA
330	Pulse	55	13380000	25268	NA
330	Pulse	55	13390000	35268	NA
331	Pulse	55	13400000	4672	NA
331	Pulse	55	13410000	14672	NA
331	Pulse	55	13420000	24672	NA
331	Pulse	55	13430000	34672	NA
332	Pulse	55	13440000	4075	NA
332	Pulse	55	13450000	14075	NA
332	Pulse	55	13460000	24075	NA
332	Pulse	55	13470000	34075	NA
333	Pulse	55	13480000	3478	NA
333	Pulse	55	13490000	13478	NA
333	Pulse	55	13500000	23478	NA
333	Pulse	55	13510000	33478	NA
334	Pulse	55	13520000	2882	NA
334	Pulse	55	13530000	12882	NA
334	Pulse	55	13540000	22882	NA
334	Pulse	55	13550000	32882	NA
335	Pulse	55	13560000	2285	NA
335	Pulse	55	13570000	12285	NA
335	Pulse	55	13580000	22285	NA
335	Pulse	55	13590000	32285	NA
336	Pulse	55	13600000	1688	NA
336	Pulse	55	13610000	11688	NA
336	Pulse	55	13620000	21688	NA
336	Pulse	55	13630000	31688	NA
337	Pulse	55	13640000	1092	NA
337	Pulse	55	13650000	11092	NA
337	Pulse	55	13660000	21092	NA
337	Pulse	55	13670000	31092	NA
337	Response	1	13677184	38275	1
338	Pulse	55	13680000	995	NA
338	Pulse	55	13690000	10995	NA
339	Pulse	55	13700000	905	NA
339	Pulse	55	13710000	10905	NA
339	Pulse	55	13720000	20905	NA
339	Pulse	55	13730000	30905	NA
339	Pulse	55	13740000	40905	NA
339	Pulse	55	13750000	50905	NA
339	Pulse	55	13760000	60905	NA
339	Pulse	55	13770000	70905	NA
339	Pulse	55	13780000	80905	NA
339	Pulse	55	13790000	90905	NA
339	Pulse	55	13800000	100905	NA
339	Pulse	55	13810000	110905	NA
339	Pulse	55	13820000	120905	NA
339	Pulse	55	13830000	130905	NA
339	Pulse	55	13840000	140905	NA
339	Pulse	55	13850000	150905	NA
339	Pulse	55	13860000	160905	NA
339	Pulse	55	13870000	170905	NA
339	Pulse	55	13880000	180905	NA
339	Pulse	55	13890000	190905	NA
339	Response	1	13899982	200887	1
339	Pulse	55	13900000	200905	NA
339	Pulse	55	13910000	210905	NA
340	Pulse	55	13920000	9919	NA
340	Pulse	55	13930000	19919	NA
340	Pulse	55	13940000	29919	NA
340	Pulse	55	13950000	39919	NA
340	Pulse	55	13960000	49919	NA
340	Pulse	55	13970000	59919	NA
340	Pulse	55	13980000	69919	NA
340	Pulse	55	13990000	79919	NA
340	Pulse	55	14000000	89919	NA
340	Pulse	55	14010000	99919	NA
340	Pulse	55	14020000	109919	NA
340	Pulse	55	14030000	119919	NA
340	Pulse	55	14040000	129919	NA
340	Pulse	55	14050000	139919	NA
340	Pulse	55	14060000	149919	NA
340	Pulse	55	14070000	159919	NA
340	Pulse	55	14080000	169919	NA
340	Pulse	55	14090000	179919	NA
340	Pulse	55	14100000	189919	NA
340	Pulse	55	14110000	199919	NA
340	Pulse	55	14120000	209919	NA
340	Pulse	55	14130000	219919	NA
340	Pulse	55	14140000	229919	NA
340	Pulse	55	14150000	239919	NA
340	Pulse	55	14160000	249919	NA
340	Pulse	55	14170000	259919	NA
340	Pulse	55	14180000	269919	NA
340	Pulse	55	14190000	279919	NA
340	Pulse	55	14200000	289919	NA
340	Pulse	55	14210000	299919	NA
340	Pulse	55	14220000	309919	NA
340	Pulse	55	14230000	319919	NA
340	Pulse	55	14240000	329919	NA
340	Pulse	55	14250000	339919	NA
340	Pulse	55	14260000	349919	NA
340	Pulse	55	14270000	359919	NA
340	Pulse	55	14280000	369919	NA
340	Pulse	55	14290000	379919	NA
340	Pulse	55	14300000	389919	NA
340	Pulse	55	14310000	399919	NA
340	Pulse	55	14320000	409919	NA
340	Pulse	55	14330000	419919	NA
340	Pulse	55	14340000	429919	NA
340	Pulse	55	14350000	439919	NA
340	Pulse	55	14360000	449919	NA
340	Pulse	55	14370000	459919	NA
340	Pulse	55	14380000	469919	NA
340	Pulse	55	14390000	479919	NA
340	Pulse	55	14400000	489919	NA
340	Pulse	55	14410000	499919	NA
340	Pulse	55	14420000	509919	NA
340	Pulse	55	14430000	519919	NA
340	Pulse	55	14440000	529919	NA
340	Pulse	55	14450000	539919	NA
340	Pulse	55	14460000	549919	NA
340	Pulse	55	14470000	559919	NA
340	Pulse	55	14480000	569919	NA
340	Pulse	55	14490000	579919	NA
340	Pulse	55	14500000	589919	NA
340	Pulse	55	14510000	599919	NA
340	Pulse	55	14520000	609919	NA
340	Pulse	55	14530000	619919	NA
340	Pulse	55	14540000	629919	NA
340	Pulse	55	14550000	639919	NA
340	Pulse	55	14560000	649919	NA
340	Pulse	55	14570000	659919	NA
340	Pulse	55	14580000	669919	NA
340	Pulse	55	14590000	679919	NA
340	Pulse	55	14600000	689919	NA
340	Pulse	55	14610000	699919	NA
340	Pulse	55	14620000	709919	NA
340	Pulse	55	14630000	719919	NA
340	Pulse	55	14640000	729919	NA
340	Pulse	55	14650000	739919	NA
340	Pulse	55	14660000	749919	NA
340	Pulse	55	14670000	759919	NA
340	Pulse	55	14680000	769919	NA
340	Pulse	55	14690000	779919	NA
340	Pulse	55	14700000	789919	NA
340	Pulse	55	14710000	799919	NA
340	Pulse	55	14720000	809919	NA
340	Pulse	55	14730000	819919	NA
340	Pulse	55	14740000	829919	NA
340	Pulse	55	14750000	839919	NA
340	Pulse	55	14760000	849919	NA
340	Pulse	55	14770000	859919	NA
340	Pulse	55	14780000	869919	NA
340	Pulse	55	14790000	879919	NA
340	Pulse	55	14800000	889919	NA
340	Pulse	55	14810000	899919	NA
340	Pulse	55	14820000	909919	NA
340	Pulse	55	14830000	919919	NA
340	Pulse	55	14840000	929919	NA
340	Pulse	55	14850000	939919	NA
340	Pulse	55	14860000	949919	NA
340	Pulse	55	14870000	959919	NA
340	Pulse	55	14880000	969919	NA
340	Pulse	55	14890000	979919	NA
340	Pulse	55	14900000	989919	NA
340	Pulse	55	14910000	999919	NA
340	Pulse	55	14920000	1009919	NA
340	Pulse	55	14930000	1019919	NA
340	Pulse	55	14940000	1029919	NA
340	Pulse	55	14950000	1039919	NA
340	Pulse	55	14960000	1049919	NA
340	Pulse	55	14970000	1059919	NA
340	Pulse	55	14980000	1069919	NA
340	Pulse	55	14990000	1079919	NA
340	Pulse	55	15000000	1089919	NA
340	Pulse	55	15010000	1099919	NA
340	Pulse	55	15020000	1109919	NA
340	Pulse	55	15030000	1119919	NA
340	Pulse	55	15040000	1129919	NA
340	Pulse	55	15050000	1139919	NA
340	Pulse	55	15060000	1149919	NA
340	Pulse	55	15070000	1159919	NA
340	Pulse	55	15080000	1169919	NA
340	Pulse	55	15090000	1179919	NA
340	Pulse	55	15100000	1189919	NA
340	Pulse	55	15110000	1199919	NA
340	Pulse	55	15120000	1209919	NA
340	Pulse	55	15130000	1219919	NA
340	Pulse	55	15140000	1229919	NA
340	Pulse	55	15150000	1239919	NA
340	Pulse	55	15160000	1249919	NA
340	Pulse	55	15170000	1259919	NA
340	Pulse	55	15180000	1269919	NA
340	Pulse	55	15190000	1279919	NA
340	Pulse	55	15200000	1289919	NA
340	Pulse	55	15210000	1299919	NA
340	Pulse	55	15220000	1309919	NA
340	Pulse	55	15230000	1319919	NA
340	Pulse	55	15240000	1329919	NA
340	Pulse	55	15250000	1339919	NA
340	Pulse	55	15260000	1349919	NA
340	Pulse	55	15270000	1359919	NA
340	Pulse	55	15280000	1369919	NA
340	Pulse	55	15290000	1379919	NA
340	Pulse	55	15300000	1389919	NA
340	Pulse	55	15310000	1399919	NA
340	Pulse	55	15320000	1409919	NA
340	Pulse	55	15330000	1419919	NA
340	Pulse	55	15340000	1429919	NA
340	Pulse	55	15350000	1439919	NA
340	Pulse	55	15360000	1449919	NA
340	Pulse	55	15370000	1459919	NA
340	Pulse	55	15380000	1469919	NA
340	Pulse	55	15390000	1479919	NA
340	Pulse	55	15400000	1489919	NA
340	Pulse	55	15410000	1499919	NA
340	Pulse	55	15420000	1509919	NA
340	Pulse	55	15430000	1519919	NA
340	Pulse	55	15440000	1529919	NA
340	Pulse	55	15450000	1539919	NA
340	Pulse	55	15460000	1549919	NA
340	Pulse	55	15470000	1559919	NA
340	Pulse	55	15480000	1569919	NA
340	Pulse	55	15490000	1579919	NA
340	Pulse	55	15500000	1589919	NA
340	Pulse	55	15510000	1599919	NA
340	Pulse	55	15520000	1609919	NA
340	Pulse	55	15530000	1619919	NA
340	Pulse	55	15540000	1629919	NA
340	Pulse	55	15550000	1639919	NA
340	Pulse	55	15560000	1649919	NA
340	Pulse	55	15570000	1659919	NA
340	Pulse	55	15580000	1669919	NA
340	Pulse	55	15590000	1679919	NA
340	Pulse	55	15600000	1689919	NA
340	Pulse	55	15610000	1699919	NA
340	Pulse	55	15620000	1709919	NA
340	Pulse	55	15630000	1719919	NA
340	Pulse	55	15640000	1729919	NA
340	Pulse	55	15650000	1739919	NA
340	Pulse	55	15660000	1749919	NA
340	Pulse	55	15670000	1759919	NA
340	Pulse	55	15680000	1769919	NA
340	Pulse	55	15690000	1779919	NA
340	Pulse	55	15700000	1789919	NA
340	Pulse	55	15710000	1799919	NA
340	Pulse	55	15720000	1809919	NA
340	Pulse	55	15730000	1819919	NA
340	Pulse	55	15740000	1829919	NA
340	Pulse	55	15750000	1839919	NA
340	Pulse	55	15760000	1849919	NA
340	Pulse	55	15770000	1859919	NA
340	Pulse	55	15780000	1869919	NA
340	Pulse	55	15790000	1879919	NA
340	Pulse	55	15800000	1889919	NA
340	Pulse	55	15810000	1899919	NA
340	Pulse	55	15820000	1909919	NA
340	Pulse	55	15830000	1919919	NA
340	Pulse	55	15840000	1929919	NA
340	Pulse	55	15850000	1939919	NA
340	Pulse	55	15860000	1949919	NA
340	Pulse	55	15870000	1959919	NA
340	Pulse	55	15880000	1969919	NA
340	Pulse	55	15890000	1979919	NA
340	Pulse	55	15900000	1989919	NA
340	Pulse	55	15910000	1999919	NA
340	Pulse	55	15920000	2009919	NA
340	Pulse	55	15930000	2019919	NA
340	Pulse	55	15940000	2029919	NA
340	Pulse	55	15950000	2039919	NA
340	Pulse	55	15960000	2049919	NA
340	Pulse	55	15970000	2059919	NA
340	Pulse	55	15980000	2069919	NA
340	Pulse	55	15990000	2079919	NA
340	Pulse	55	16000000	2089919	NA
340	Pulse	55	16010000	2099919	NA
340	Pulse	55	16020000	2109919	NA
340	Pulse	55	16030000	2119919	NA
340	Pulse	55	16040000	2129919	NA
340	Pulse	55	16050000	2139919	NA
340	Pulse	55	16060000	2149919	NA
340	Pulse	55	16070000	2159919	NA
340	Pulse	55	16080000	2169919	NA
340	Pulse	55	16090000	2179919	NA
340	Pulse	55	16100000	2189919	NA
340	Pulse	55	16110000	2199919	NA
340	Pulse	55	16120000	2209919	NA
340	Pulse	55	16130000	2219919	NA
340	Pulse	55	16140000	2229919	NA
340	Pulse	55	16150000	2239919	NA
340	Pulse	55	16160000	2249919	NA
340	Pulse	55	16170000	2259919	NA
340	Pulse	55	16180000	2269919	NA
340	Pulse	55	16190000	2279919	NA
340	Pulse	55	16200000	2289919	NA
340	Pulse	55	16210000	2299919	NA
340	Pulse	55	16220000	2309919	NA
340	Pulse	55	16230000	2319919	NA
340	Pulse	55	16240000	2329919	NA
340	Pulse	55	16250000	2339919	NA
340	Pulse	55	16260000	2349919	NA
340	Pulse	55	16270000	2359919	NA
340	Pulse	55	16280000	2369919	NA
340	Pulse	55	16290000	2379919	NA
340	Pulse	55	16300000	2389919	NA
340	Pulse	55	16310000	2399919	NA
340	Pulse	55	16320000	2409919	NA
340	Pulse	55	16330000	2419919	NA
340	Pulse	55	16340000	2429919	NA
340	Pulse	55	16350000	2439919	NA
340	Pulse	55	16360000	2449919	NA
340	Pulse	55	16370000	2459919	NA
340	Pulse	55	16380000	2469919	NA
340	Pulse	55	16390000	2479919	NA
340	Pulse	55	16400000	2489919	NA
340	Pulse	55	16410000	2499919	NA
340	Pulse	55	16420000	2509919	NA
340	Pulse	55	16430000	2519919	NA
340	Pulse	55	16440000	2529919	NA
340	Pulse	55	16450000	2539919	NA
340	Pulse	55	16460000	2549919	NA
340	Pulse	55	16470000	2559919	NA
340	Pulse	55	16480000	2569919	NA
340	Pulse	55	16490000	2579919	NA
340	Pulse	55	16500000	2589919	NA
340	Pulse	55	16510000	2599919	NA
340	Pulse	55	16520000	2609919	NA
340	Pulse	55	16530000	2619919	NA
340	Pulse	55	16540000	2629919	NA
340	Pulse	55	16550000	2639919	NA
340	Pulse	55	16560000	2649919	NA
340	Pulse	55	16570000	2659919	NA
340	Pulse	55	16580000	2669919	NA
340	Pulse	55	16590000	2679919	NA
340	Pulse	55	16600000	2689919	NA
340	Pulse	55	16610000	2699919	NA
340	Pulse	55	16620000	2709919	NA
340	Pulse	55	16630000	2719919	NA
340	Pulse	55	16640000	2729919	NA
340	Pulse	55	16650000	2739919	NA
340	Pulse	55	16660000	2749919	NA
340	Pulse	55	16670000	2759919	NA
340	Pulse	55	16680000	2769919	NA
340	Pulse	55	16690000	2779919	NA
340	Pulse	55	16700000	2789919	NA
340	Pulse	55	16710000	2799919	NA
340	Pulse	55	16720000	2809919	NA
340	Pulse	55	16730000	2819919	NA
340	Pulse	55	16740000	2829919	NA
340	Pulse	55	16750000	2839919	NA
340	Pulse	55	16760000	2849919	NA
340	Pulse	55	16770000	2859919	NA
340	Pulse	55	16780000	2869919	NA
340	Pulse	55	16790000	2879919	NA
340	Pulse	55	16800000	2889919	NA
340	Pulse	55	16810000	2899919	NA
340	Pulse	55	16820000	2909919	NA
340	Pulse	55	16830000	2919919	NA
340	Pulse	55	16840000	2929919	NA
340	Pulse	55	16850000	2939919	NA
340	Pulse	55	16860000	2949919	NA
340	Pulse	55	16870000	2959919	NA
340	Pulse	55	16880000	2969919	NA
340	Pulse	55	16890000	2979919	NA
340	Pulse	55	16900000	2989919	NA
340	Pulse	55	16910000	2999919	NA
340	Pulse	55	16920000	3009919	NA
340	Pulse	55	16930000	3019919	NA
340	Pulse	55	16940000	3029919	NA
340	Pulse	55	16950000	3039919	NA
340	Pulse	55	16960000	3049919	NA
340	Pulse	55	16970000	3059919	NA
340	Pulse	55	16980000	3069919	NA
340	Pulse	55	16990000	3079919	NA
340	Pulse	55	17000000	3089919	NA
340	Pulse	55	17010000	3099919	NA
340	Pulse	55	17020000	3109919	NA
340	Pulse	55	17030000	3119919	NA
340	Pulse	55	17040000	3129919	NA
340	Pulse	55	17050000	3139919	NA
340	Pulse	55	17060000	3149919	NA
340	Pulse	55	17070000	3159919	NA
340	Pulse	55	17080000	3169919	NA
340	Pulse	55	17090000	3179919	NA
340	Pulse	55	17100000	3189919	NA
340	Pulse	55	17110000	3199919	NA
340	Pulse	55	17120000	3209919	NA
340	Pulse	55	17130000	3219919	NA
340	Pulse	55	17140000	3229919	NA
340	Pulse	55	17150000	3239919	NA
340	Pulse	55	17160000	3249919	NA
340	Pulse	55	17170000	3259919	NA
340	Pulse	55	17180000	3269919	NA
340	Pulse	55	17190000	3279919	NA
340	Pulse	55	17200000	3289919	NA
340	Pulse	55	17210000	3299919	NA
340	Pulse	55	17220000	3309919	NA
340	Pulse	55	17230000	3319919	NA
340	Pulse	55	17240000	3329919	NA
340	Pulse	55	17250000	3339919	NA
340	Pulse	55	17260000	3349919	NA
340	Pulse	55	17270000	3359919	NA
340	Pulse	55	17280000	3369919	NA
340	Pulse	55	17290000	3379919	NA
340	Pulse	55	17300000	3389919	NA
340	Pulse	55	17310000	3399919	NA
340	Pulse	55	17320000	3409919	NA
340	Pulse	55	17330000	3419919	NA
340	Pulse	55	17340000	3429919	NA
340	Pulse	55	17350000	3439919	NA
340	Pulse	55	17360000	3449919	NA
340	Pulse	55	17370000	3459919	NA
340	Pulse	55	17380000	3469919	NA
340	Pulse	55	17390000	3479919	NA
340	Pulse	55	17400000	3489919	NA
340	Pulse	55	17410000	3499919	NA
340	Pulse	55	17420000	3509919	NA
340	Pulse	55	17430000	3519919	NA
340	Pulse	55	17440000	3529919	NA
340	Pulse	55	17450000	3539919	NA
340	Pulse	55	17460000	3549919	NA
340	Pulse	55	17470000	3559919	NA
340	Pulse	55	17480000	3569919	NA
340	Pulse	55	17490000	3579919	NA
340	Pulse	55	17500000	3589919	NA
340	Pulse	55	17510000	3599919	NA
340	Pulse	55	17520000	3609919	NA
340	Pulse	55	17530000	3619919	NA
340	Pulse	55	17540000	3629919	NA
340	Pulse	55	17550000	3639919	NA
340	Pulse	55	17560000	3649919	NA
340	Pulse	55	17570000	3659919	NA
340	Pulse	55	17580000	3669919	NA
340	Pulse	55	17590000	3679919	NA
340	Pulse	55	17600000	3689919	NA
340	Pulse	55	17610000	3699919	NA
340	Pulse	55	17620000	3709919	NA
340	Pulse	55	17630000	3719919	NA
340	Pulse	55	17640000	3729919	NA
340	Pulse	55	17650000	3739919	NA
340	Pulse	55	17660000	3749919	NA
340	Pulse	55	17670000	3759919	NA
340	Pulse	55	17680000	3769919	NA
340	Pulse	55	17690000	3779919	NA
340	Pulse	55	17700000	3789919	NA
340	Pulse	55	17710000	3799919	NA
340	Pulse	55	17720000	3809919	NA
340	Pulse	55	17730000	3819919	NA
340	Pulse	55	17740000	3829919	NA
340	Pulse	55	17750000	3839919	NA
340	Pulse	55	17760000	3849919	NA
340	Pulse	55	17770000	3859919	NA
340	Pulse	55	17780000	3869919	NA
340	Pulse	55	17790000	3879919	NA
340	Pulse	55	17800000	3889919	NA
340	Pulse	55	17810000	3899919	NA
340	Pulse	55	17820000	3909919	NA
340	Pulse	55	17830000	3919919	NA
340	Pulse	55	17840000	3929919	NA
340	Pulse	55	17850000	3939919	NA
340	Pulse	55	17860000	3949919	NA
340	Pulse	55	17870000	3959919	NA
340	Pulse	55	17880000	3969919	NA
340	Pulse	55	17890000	3979919	NA
340	Pulse	55	17900000	3989919	NA
340	Pulse	55	17910000	3999919	NA
340	Pulse	55	17920000	4009919	NA
340	Pulse	55	17930000	4019919	NA
340	Pulse	55	17940000	4029919	NA
340	Pulse	55	17950000	4039919	NA
340	Pulse	55	17960000	4049919	NA
340	Pulse	55	17970000	4059919	NA
340	Pulse	55	17980000	4069919	NA
340	Pulse	55	17990000	4079919	NA
340	Pulse	55	18000000	4089919	NA
340	Pulse	55	18010000	4099919	NA
340	Pulse	55	18020000	4109919	NA
340	Pulse	55	18030000	4119919	NA
340	Pulse	55	18040000	4129919	NA
340	Pulse	55	18050000	4139919	NA
340	Pulse	55	18060000	4149919	NA
340	Pulse	55	18070000	4159919	NA
340	Pulse	55	18080000	4169919	NA
340	Pulse	55	18090000	4179919	NA
340	Pulse	55	18100000	4189919	NA
340	Pulse	55	18110000	4199919	NA
340	Pulse	55	18120000	4209919	NA
340	Pulse	55	18130000	4219919	NA
340	Pulse	55	18140000	4229919	NA
340	Pulse	55	18150000	4239919	NA
340	Pulse	55	18160000	4249919	NA
340	Pulse	55	18170000	4259919	NA
340	Pulse	55	18180000	4269919	NA
340	Pulse	55	18190000	4279919	NA
340	Pulse	55	18200000	4289919	NA
340	Pulse	55	18210000	4299919	NA
340	Pulse	55	18220000	4309919	NA
340	Pulse	55	18230000	4319919	NA
340	Pulse	55	18240000	4329919	NA
340	Pulse	55	18250000	4339919	NA
340	Pulse	55	18260000	4349919	NA
340	Pulse	55	18270000	4359919	NA
340	Pulse	55	18280000	4369919	NA
340	Pulse	55	18290000	4379919	NA
340	Pulse	55	18300000	4389919	NA
340	Pulse	55	18310000	4399919	NA
340	Pulse	55	18320000	4409919	NA
340	Pulse	55	18330000	4419919	NA
340	Pulse	55	18340000	4429919	NA
340	Pulse	55	18350000	4439919	NA
340	Pulse	55	18360000	4449919	NA
340	Pulse	55	18370000	4459919	NA
340	Pulse	55	18380000	4469919	NA
340	Pulse	55	18390000	4479919	NA
340	Pulse	55	18400000	4489919	NA
340	Pulse	55	18410000	4499919	NA
340	Pulse	55	18420000	4509919	NA
340	Pulse	55	18430000	4519919	NA
340	Pulse	55	18440000	4529919	NA
340	Pulse	55	18450000	4539919	NA
340	Pulse	55	18460000	4549919	NA
340	Pulse	55	18470000	4559919	NA
340	Pulse	55	18480000	4569919	NA
340	Pulse	55	18490000	4579919	NA
340	Pulse	55	18500000	4589919	NA
340	Pulse	55	18510000	4599919	NA
340	Pulse	55	18520000	4609919	NA
340	Pulse	55	18530000	4619919	NA
340	Pulse	55	18540000	4629919	NA
340	Pulse	55	18550000	4639919	NA
340	Pulse	55	18560000	4649919	NA
340	Pulse	55	18570000	4659919	NA
340	Pulse	55	18580000	4669919	NA
340	Pulse	55	18590000	4679919	NA
340	Pulse	55	18600000	4689919	NA
340	Pulse	55	18610000	4699919	NA
340	Pulse	55	18620000	4709919	NA
340	Pulse	55	18630000	4719919	NA
340	Pulse	55	18640000	4729919	NA
340	Pulse	55	18650000	4739919	NA
340	Pulse	55	18660000	4749919	NA
340	Pulse	55	18670000	4759919	NA
340	Pulse	55	18680000	4769919	NA
340	Pulse	55	18690000	4779919	NA
340	Pulse	55	18700000	4789919	NA
340	Pulse	55	18710000	4799919	NA
340	Pulse	55	18720000	4809919	NA
340	Pulse	55	18730000	4819919	NA
340	Pulse	55	18740000	4829919	NA
340	Pulse	55	18750000	4839919	NA
340	Pulse	55	18760000	4849919	NA
340	Pulse	55	18770000	4859919	NA
340	Pulse	55	18780000	4869919	NA
340	Pulse	55	18790000	4879919	NA
340	Pulse	55	18800000	4889919	NA
340	Pulse	55	18810000	4899919	NA
340	Pulse	55	18820000	4909919	NA
340	Pulse	55	18830000	4919919	NA
340	Pulse	55	18840000	4929919	NA
340	Pulse	55	18850000	4939919	NA
340	Pulse	55	18860000	4949919	NA
340	Pulse	55	18870000	4959919	NA
340	Pulse	55	18880000	4969919	NA
340	Pulse	55	18890000	4979919	NA
340	Pulse	55	18900000	4989919	NA
340	Pulse	55	18910000	4999919	NA
340	Pulse	55	18920000	5009919	NA
340	Pulse	55	18930000	5019919	NA
340	Pulse	55	18940000	5029919	NA
340	Pulse	55	18950000	5039919	NA
340	Pulse	55	18960000	5049919	NA
340	Pulse	55	18970000	5059919	NA
340	Pulse	55	18980000	5069919	NA
340	Pulse	55	18990000	5079919	NA
340	Pulse	55	19000000	5089919	NA
340	Pulse	55	19010000	5099919	NA
340	Pulse	55	19020000	5109919	NA
340	Pulse	55	19030000	5119919	NA
340	Pulse	55	19040000	5129919	NA
340	Pulse	55	19050000	5139919	NA
340	Pulse	55	19060000	5149919	NA
340	Pulse	55	19070000	5159919	NA
340	Pulse	55	19080000	5169919	NA
340	Pulse	55	19090000	5179919	NA
340	Pulse	55	19100000	5189919	NA
340	Response	1	19106300	5196219	1
341	Pulse	55	19110000	3624	NA
341	Pulse	55	19120000	13624	NA
341	Pulse	55	19130000	23624	NA
341	Pulse	55	19140000	33624	NA
341	Pulse	55	19150000	43624	NA
341	Response	1	19151338	44962	1
