Scenario - Slideshow_D2.sce
Logfile written - 10/29/2021 09:11:53

Trial	Event Type	Code	Time	TTime	Uncertainty	Duration	Uncertainty	ReqTime	ReqDur	Stim Type	Pair Index

0	Pulse	55	0	0	NA
1	Pulse	55	10000	9333	NA
1	Pulse	55	20000	19333	NA
1	Pulse	55	30000	29333	NA
1	Pulse	55	40000	39333	NA
2	Pulse	55	50000	8737	NA
2	Pulse	55	60000	18737	NA
2	Pulse	55	70000	28737	NA
2	Pulse	55	80000	38737	NA
3	Pulse	55	90000	8140	NA
3	Pulse	55	100000	18140	NA
3	Pulse	55	110000	28140	NA
3	Pulse	55	120000	38140	NA
4	Pulse	55	130000	7543	NA
4	Pulse	55	140000	17543	NA
4	Pulse	55	150000	27543	NA
4	Pulse	55	160000	37543	NA
5	Pulse	55	170000	6946	NA
5	Pulse	55	180000	16946	NA
5	Pulse	55	190000	26946	NA
5	Pulse	55	200000	36946	NA
6	Pulse	55	210000	6350	NA
6	Pulse	55	220000	16350	NA
6	Pulse	55	230000	26350	NA
6	Pulse	55	240000	36350	NA
7	Pulse	55	250000	5753	NA
7	Pulse	55	260000	15753	NA
7	Pulse	55	270000	25753	NA
7	Pulse	55	280000	35753	NA
8	Pulse	55	290000	5156	NA
8	Pulse	55	300000	15156	NA
8	Pulse	55	310000	25156	NA
8	Pulse	55	320000	35156	NA
9	Pulse	55	330000	4559	NA
9	Pulse	55	340000	14559	NA
9	Pulse	55	350000	24559	NA
9	Pulse	55	360000	34559	NA
10	Pulse	55	370000	4046	NA
10	Pulse	55	380000	14046	NA
10	Pulse	55	390000	24046	NA
10	Pulse	55	400000	34046	NA
11	Pulse	55	410000	3449	NA
11	Pulse	55	420000	13449	NA
11	Pulse	55	430000	23449	NA
11	Pulse	55	440000	33449	NA
12	Pulse	55	450000	2936	NA
12	Pulse	55	460000	12936	NA
12	Pulse	55	470000	22936	NA
12	Pulse	55	480000	32936	NA
13	Pulse	55	490000	2339	NA
13	Pulse	55	500000	12339	NA
13	Pulse	55	510000	22339	NA
13	Pulse	55	520000	32339	NA
14	Pulse	55	530000	1742	NA
14	Pulse	55	540000	11742	NA
14	Pulse	55	550000	21742	NA
14	Pulse	55	560000	31742	NA
15	Pulse	55	570000	1146	NA
15	Pulse	55	580000	11146	NA
15	Pulse	55	590000	21146	NA
15	Pulse	55	600000	31146	NA
16	Pulse	55	610000	549	NA
16	Pulse	55	620000	10549	NA
16	Pulse	55	630000	20549	NA
16	Pulse	55	640000	30549	NA
16	Pulse	55	650000	40549	NA
17	Pulse	55	660000	9952	NA
17	Pulse	55	670000	19952	NA
17	Pulse	55	680000	29952	NA
17	Pulse	55	690000	39952	NA
18	Pulse	55	700000	9355	NA
18	Pulse	55	710000	19355	NA
18	Pulse	55	720000	29355	NA
18	Pulse	55	730000	39355	NA
19	Pulse	55	740000	8759	NA
19	Pulse	55	750000	18759	NA
19	Pulse	55	760000	28759	NA
19	Pulse	55	770000	38759	NA
20	Pulse	55	780000	8162	NA
20	Pulse	55	790000	18162	NA
20	Pulse	55	800000	28162	NA
20	Pulse	55	810000	38162	NA
21	Pulse	55	820000	7565	NA
21	Pulse	55	830000	17565	NA
21	Pulse	55	840000	27565	NA
21	Pulse	55	850000	37565	NA
22	Pulse	55	860000	6968	NA
22	Pulse	55	870000	16968	NA
22	Pulse	55	880000	26968	NA
22	Pulse	55	890000	36968	NA
23	Pulse	55	900000	6372	NA
23	Pulse	55	910000	16372	NA
23	Pulse	55	920000	26372	NA
23	Pulse	55	930000	36372	NA
24	Pulse	55	940000	5775	NA
24	Pulse	55	950000	15775	NA
24	Pulse	55	960000	25775	NA
24	Pulse	55	970000	35775	NA
25	Pulse	55	980000	5178	NA
25	Pulse	55	990000	15178	NA
25	Pulse	55	1000000	25178	NA
25	Pulse	55	1010000	35178	NA
26	Pulse	55	1020000	4581	NA
26	Pulse	55	1030000	14581	NA
26	Pulse	55	1040000	24581	NA
26	Pulse	55	1050000	34581	NA
27	Pulse	55	1060000	3985	NA
27	Pulse	55	1070000	13985	NA
27	Pulse	55	1080000	23985	NA
27	Pulse	55	1090000	33985	NA
28	Pulse	55	1100000	3388	NA
28	Pulse	55	1110000	13388	NA
28	Pulse	55	1120000	23388	NA
28	Pulse	55	1130000	33388	NA
29	Pulse	55	1140000	2791	NA
29	Pulse	55	1150000	12791	NA
29	Pulse	55	1160000	22791	NA
29	Pulse	55	1170000	32791	NA
30	Pulse	55	1180000	2194	NA
30	Pulse	55	1190000	12194	NA
30	Pulse	55	1200000	22194	NA
30	Pulse	55	1210000	32194	NA
31	Pulse	55	1220000	1598	NA
31	Pulse	55	1230000	11598	NA
31	Pulse	55	1240000	21598	NA
31	Pulse	55	1250000	31598	NA
32	Pulse	55	1260000	1001	NA
32	Pulse	55	1270000	11001	NA
32	Pulse	55	1280000	21001	NA
32	Pulse	55	1290000	31001	NA
33	Pulse	55	1300000	404	NA
33	Pulse	55	1310000	10404	NA
33	Pulse	55	1320000	20404	NA
33	Pulse	55	1330000	30404	NA
33	Pulse	55	1340000	40404	NA
34	Pulse	55	1350000	9807	NA
34	Pulse	55	1360000	19807	NA
34	Pulse	55	1370000	29807	NA
34	Pulse	55	1380000	39807	NA
35	Pulse	55	1390000	9211	NA
35	Pulse	55	1400000	19211	NA
35	Pulse	55	1410000	29211	NA
35	Pulse	55	1420000	39211	NA
36	Pulse	55	1430000	8614	NA
36	Pulse	55	1440000	18614	NA
36	Pulse	55	1450000	28614	NA
36	Pulse	55	1460000	38614	NA
37	Pulse	55	1470000	8017	NA
37	Pulse	55	1480000	18017	NA
37	Pulse	55	1490000	28017	NA
37	Pulse	55	1500000	38017	NA
38	Pulse	55	1510000	7254	NA
38	Pulse	55	1520000	17254	NA
38	Pulse	55	1530000	27254	NA
38	Pulse	55	1540000	37254	NA
39	Pulse	55	1550000	6657	NA
39	Pulse	55	1560000	16657	NA
39	Pulse	55	1570000	26657	NA
39	Pulse	55	1580000	36657	NA
40	Pulse	55	1590000	6060	NA
40	Pulse	55	1600000	16060	NA
40	Pulse	55	1610000	26060	NA
40	Pulse	55	1620000	36060	NA
41	Pulse	55	1630000	5463	NA
41	Pulse	55	1640000	15463	NA
41	Pulse	55	1650000	25463	NA
41	Pulse	55	1660000	35463	NA
42	Pulse	55	1670000	4783	NA
42	Pulse	55	1680000	14783	NA
42	Pulse	55	1690000	24783	NA
42	Pulse	55	1700000	34783	NA
43	Pulse	55	1710000	4187	NA
43	Pulse	55	1720000	14187	NA
43	Pulse	55	1730000	24187	NA
43	Pulse	55	1740000	34187	NA
44	Pulse	55	1750000	3590	NA
44	Pulse	55	1760000	13590	NA
44	Pulse	55	1770000	23590	NA
44	Pulse	55	1780000	33590	NA
45	Pulse	55	1790000	2993	NA
45	Pulse	55	1800000	12993	NA
45	Pulse	55	1810000	22993	NA
45	Pulse	55	1820000	32993	NA
46	Pulse	55	1830000	2313	NA
46	Pulse	55	1840000	12313	NA
46	Pulse	55	1850000	22313	NA
46	Pulse	55	1860000	32313	NA
47	Pulse	55	1870000	1716	NA
47	Pulse	55	1880000	11716	NA
47	Pulse	55	1890000	21716	NA
47	Pulse	55	1900000	31716	NA
48	Pulse	55	1910000	1120	NA
48	Pulse	55	1920000	11120	NA
48	Pulse	55	1930000	21120	NA
48	Pulse	55	1940000	31120	NA
49	Pulse	55	1950000	439	NA
49	Pulse	55	1960000	10439	NA
49	Pulse	55	1970000	20439	NA
49	Pulse	55	1980000	30439	NA
49	Pulse	55	1990000	40439	NA
50	Pulse	55	2000000	9843	NA
50	Pulse	55	2010000	19843	NA
50	Pulse	55	2020000	29843	NA
50	Pulse	55	2030000	39843	NA
51	Pulse	55	2040000	9246	NA
51	Pulse	55	2050000	19246	NA
51	Pulse	55	2060000	29246	NA
51	Pulse	55	2070000	39246	NA
52	Pulse	55	2080000	8649	NA
52	Pulse	55	2090000	18649	NA
52	Pulse	55	2100000	28649	NA
52	Pulse	55	2110000	38649	NA
53	Pulse	55	2120000	7969	NA
53	Pulse	55	2130000	17969	NA
53	Pulse	55	2140000	27969	NA
53	Pulse	55	2150000	37969	NA
54	Pulse	55	2160000	7372	NA
54	Pulse	55	2170000	17372	NA
54	Pulse	55	2180000	27372	NA
54	Pulse	55	2190000	37372	NA
55	Pulse	55	2200000	6776	NA
55	Pulse	55	2210000	16776	NA
55	Pulse	55	2220000	26776	NA
55	Pulse	55	2230000	36776	NA
56	Pulse	55	2240000	6095	NA
56	Pulse	55	2250000	16095	NA
56	Pulse	55	2260000	26095	NA
56	Pulse	55	2270000	36095	NA
57	Pulse	55	2280000	5499	NA
57	Pulse	55	2290000	15499	NA
57	Pulse	55	2300000	25499	NA
57	Pulse	55	2310000	35499	NA
58	Pulse	55	2320000	4902	NA
58	Pulse	55	2330000	14902	NA
58	Pulse	55	2340000	24902	NA
58	Pulse	55	2350000	34902	NA
59	Pulse	55	2360000	4305	NA
59	Pulse	55	2370000	14305	NA
59	Pulse	55	2380000	24305	NA
59	Pulse	55	2390000	34305	NA
60	Pulse	55	2400000	3708	NA
60	Pulse	55	2410000	13708	NA
60	Pulse	55	2420000	23708	NA
60	Pulse	55	2430000	33708	NA
61	Pulse	55	2440000	3028	NA
61	Pulse	55	2450000	13028	NA
61	Pulse	55	2460000	23028	NA
61	Pulse	55	2470000	33028	NA
62	Pulse	55	2480000	2432	NA
62	Pulse	55	2490000	12432	NA
62	Pulse	55	2500000	22432	NA
62	Pulse	55	2510000	32432	NA
63	Pulse	55	2520000	1752	NA
63	Pulse	55	2530000	11752	NA
63	Pulse	55	2540000	21752	NA
63	Pulse	55	2550000	31752	NA
64	Pulse	55	2560000	1155	NA
64	Pulse	55	2570000	11155	NA
64	Pulse	55	2580000	21155	NA
64	Pulse	55	2590000	31155	NA
65	Pulse	55	2600000	475	NA
65	Pulse	55	2610000	10475	NA
65	Pulse	55	2620000	20475	NA
65	Pulse	55	2630000	30475	NA
65	Pulse	55	2640000	40475	NA
66	Pulse	55	2650000	9878	NA
66	Pulse	55	2660000	19878	NA
66	Pulse	55	2670000	29878	NA
66	Pulse	55	2680000	39878	NA
67	Pulse	55	2690000	9198	NA
67	Pulse	55	2700000	19198	NA
67	Pulse	55	2710000	29198	NA
67	Pulse	55	2720000	39198	NA
68	Pulse	55	2730000	8601	NA
68	Pulse	55	2740000	18601	NA
68	Pulse	55	2750000	28601	NA
68	Pulse	55	2760000	38601	NA
69	Pulse	55	2770000	8004	NA
69	Pulse	55	2780000	18004	NA
69	Pulse	55	2790000	28004	NA
69	Pulse	55	2800000	38004	NA
70	Pulse	55	2810000	7408	NA
70	Pulse	55	2820000	17408	NA
70	Pulse	55	2830000	27408	NA
70	Pulse	55	2840000	37408	NA
71	Pulse	55	2850000	6811	NA
71	Pulse	55	2860000	16811	NA
71	Pulse	55	2870000	26811	NA
71	Pulse	55	2880000	36811	NA
72	Pulse	55	2890000	6214	NA
72	Pulse	55	2900000	16214	NA
72	Pulse	55	2910000	26214	NA
72	Pulse	55	2920000	36214	NA
73	Pulse	55	2930000	5534	NA
73	Pulse	55	2940000	15534	NA
73	Pulse	55	2950000	25534	NA
73	Pulse	55	2960000	35534	NA
74	Pulse	55	2970000	4937	NA
74	Pulse	55	2980000	14937	NA
74	Pulse	55	2990000	24937	NA
74	Pulse	55	3000000	34937	NA
75	Pulse	55	3010000	4340	NA
75	Pulse	55	3020000	14340	NA
75	Pulse	55	3030000	24340	NA
75	Pulse	55	3040000	34340	NA
76	Pulse	55	3050000	3744	NA
76	Pulse	55	3060000	13744	NA
76	Pulse	55	3070000	23744	NA
76	Pulse	55	3080000	33744	NA
77	Pulse	55	3090000	3147	NA
77	Pulse	55	3100000	13147	NA
77	Pulse	55	3110000	23147	NA
77	Pulse	55	3120000	33147	NA
78	Pulse	55	3130000	2550	NA
78	Pulse	55	3140000	12550	NA
78	Pulse	55	3150000	22550	NA
78	Pulse	55	3160000	32550	NA
79	Pulse	55	3170000	1953	NA
79	Pulse	55	3180000	11953	NA
79	Pulse	55	3190000	21953	NA
79	Pulse	55	3200000	31953	NA
80	Pulse	55	3210000	1357	NA
80	Pulse	55	3220000	11357	NA
80	Pulse	55	3230000	21357	NA
80	Pulse	55	3240000	31357	NA
81	Pulse	55	3250000	760	NA
81	Pulse	55	3260000	10760	NA
81	Pulse	55	3270000	20760	NA
81	Pulse	55	3280000	30760	NA
82	Pulse	55	3290000	80	NA
82	Pulse	55	3300000	10080	NA
82	Pulse	55	3310000	20080	NA
82	Pulse	55	3320000	30080	NA
82	Pulse	55	3330000	40080	NA
83	Pulse	55	3340000	9483	NA
83	Pulse	55	3350000	19483	NA
83	Pulse	55	3360000	29483	NA
83	Pulse	55	3370000	39483	NA
84	Pulse	55	3380000	8886	NA
84	Pulse	55	3390000	18886	NA
84	Pulse	55	3400000	28886	NA
84	Pulse	55	3410000	38886	NA
85	Pulse	55	3420000	8290	NA
85	Pulse	55	3430000	18290	NA
85	Pulse	55	3440000	28290	NA
85	Pulse	55	3450000	38290	NA
86	Pulse	55	3460000	7693	NA
86	Pulse	55	3470000	17693	NA
86	Pulse	55	3480000	27693	NA
86	Pulse	55	3490000	37693	NA
87	Pulse	55	3500000	7096	NA
87	Pulse	55	3510000	17096	NA
87	Pulse	55	3520000	27096	NA
87	Pulse	55	3530000	37096	NA
88	Pulse	55	3540000	6499	NA
88	Pulse	55	3550000	16499	NA
88	Pulse	55	3560000	26499	NA
88	Pulse	55	3570000	36499	NA
89	Pulse	55	3580000	5903	NA
89	Pulse	55	3590000	15903	NA
89	Pulse	55	3600000	25903	NA
89	Pulse	55	3610000	35903	NA
90	Pulse	55	3620000	5306	NA
90	Pulse	55	3630000	15306	NA
90	Pulse	55	3640000	25306	NA
90	Pulse	55	3650000	35306	NA
91	Pulse	55	3660000	4709	NA
91	Pulse	55	3670000	14709	NA
91	Pulse	55	3680000	24709	NA
91	Pulse	55	3690000	34709	NA
92	Pulse	55	3700000	4112	NA
92	Pulse	55	3710000	14112	NA
92	Pulse	55	3720000	24112	NA
92	Pulse	55	3730000	34112	NA
93	Pulse	55	3740000	3516	NA
93	Pulse	55	3750000	13516	NA
93	Pulse	55	3760000	23516	NA
93	Pulse	55	3770000	33516	NA
94	Pulse	55	3780000	2919	NA
94	Pulse	55	3790000	12919	NA
94	Pulse	55	3800000	22919	NA
94	Pulse	55	3810000	32919	NA
95	Pulse	55	3820000	2322	NA
95	Pulse	55	3830000	12322	NA
95	Pulse	55	3840000	22322	NA
95	Pulse	55	3850000	32322	NA
96	Pulse	55	3860000	1725	NA
96	Pulse	55	3870000	11725	NA
96	Pulse	55	3880000	21725	NA
96	Pulse	55	3890000	31725	NA
97	Pulse	55	3900000	1129	NA
97	Pulse	55	3910000	11129	NA
97	Pulse	55	3920000	21129	NA
97	Pulse	55	3930000	31129	NA
98	Pulse	55	3940000	532	NA
98	Pulse	55	3950000	10532	NA
98	Pulse	55	3960000	20532	NA
98	Pulse	55	3970000	30532	NA
98	Pulse	55	3980000	40532	NA
99	Pulse	55	3990000	9935	NA
99	Pulse	55	4000000	19935	NA
99	Pulse	55	4010000	29935	NA
99	Pulse	55	4020000	39935	NA
100	Pulse	55	4030000	9339	NA
100	Pulse	55	4040000	19339	NA
100	Pulse	55	4050000	29339	NA
100	Pulse	55	4060000	39339	NA
101	Pulse	55	4070000	8742	NA
101	Pulse	55	4080000	18742	NA
101	Pulse	55	4090000	28742	NA
101	Pulse	55	4100000	38742	NA
102	Pulse	55	4110000	8145	NA
102	Pulse	55	4120000	18145	NA
102	Pulse	55	4130000	28145	NA
102	Pulse	55	4140000	38145	NA
103	Pulse	55	4150000	7548	NA
103	Pulse	55	4160000	17548	NA
103	Pulse	55	4170000	27548	NA
103	Pulse	55	4180000	37548	NA
104	Pulse	55	4190000	6952	NA
104	Pulse	55	4200000	16952	NA
104	Pulse	55	4210000	26952	NA
104	Pulse	55	4220000	36952	NA
105	Pulse	55	4230000	6355	NA
105	Pulse	55	4240000	16355	NA
105	Pulse	55	4250000	26355	NA
105	Pulse	55	4260000	36355	NA
106	Pulse	55	4270000	5758	NA
106	Pulse	55	4280000	15758	NA
106	Pulse	55	4290000	25758	NA
106	Pulse	55	4300000	35758	NA
107	Pulse	55	4310000	5245	NA
107	Pulse	55	4320000	15245	NA
107	Pulse	55	4330000	25245	NA
107	Pulse	55	4340000	35245	NA
108	Pulse	55	4350000	4731	NA
108	Pulse	55	4360000	14731	NA
108	Pulse	55	4370000	24731	NA
108	Pulse	55	4380000	34731	NA
109	Pulse	55	4390000	4135	NA
109	Pulse	55	4400000	14135	NA
109	Pulse	55	4410000	24135	NA
109	Pulse	55	4420000	34135	NA
110	Pulse	55	4430000	3538	NA
110	Pulse	55	4440000	13538	NA
110	Pulse	55	4450000	23538	NA
110	Pulse	55	4460000	33538	NA
111	Pulse	55	4470000	2941	NA
111	Pulse	55	4480000	12941	NA
111	Pulse	55	4490000	22941	NA
111	Pulse	55	4500000	32941	NA
112	Pulse	55	4510000	2344	NA
112	Pulse	55	4520000	12344	NA
112	Pulse	55	4530000	22344	NA
112	Pulse	55	4540000	32344	NA
113	Pulse	55	4550000	1748	NA
113	Pulse	55	4560000	11748	NA
113	Pulse	55	4570000	21748	NA
113	Pulse	55	4580000	31748	NA
114	Pulse	55	4590000	1151	NA
114	Pulse	55	4600000	11151	NA
114	Pulse	55	4610000	21151	NA
114	Pulse	55	4620000	31151	NA
115	Pulse	55	4630000	637	NA
115	Pulse	55	4640000	10637	NA
115	Pulse	55	4650000	20637	NA
115	Pulse	55	4660000	30637	NA
116	Pulse	55	4670000	41	NA
116	Pulse	55	4680000	10041	NA
116	Pulse	55	4690000	20041	NA
116	Pulse	55	4700000	30041	NA
116	Pulse	55	4710000	40041	NA
117	Pulse	55	4720000	9444	NA
117	Pulse	55	4730000	19444	NA
117	Pulse	55	4740000	29444	NA
117	Pulse	55	4750000	39444	NA
118	Pulse	55	4760000	8931	NA
118	Pulse	55	4770000	18931	NA
118	Pulse	55	4780000	28931	NA
118	Pulse	55	4790000	38931	NA
119	Pulse	55	4800000	8417	NA
119	Pulse	55	4810000	18417	NA
119	Pulse	55	4820000	28417	NA
119	Pulse	55	4830000	38417	NA
120	Pulse	55	4840000	7820	NA
120	Pulse	55	4850000	17820	NA
120	Pulse	55	4860000	27820	NA
120	Pulse	55	4870000	37820	NA
121	Pulse	55	4880000	7307	NA
121	Pulse	55	4890000	17307	NA
121	Pulse	55	4900000	27307	NA
121	Pulse	55	4910000	37307	NA
122	Pulse	55	4920000	6710	NA
122	Pulse	55	4930000	16710	NA
122	Pulse	55	4940000	26710	NA
122	Pulse	55	4950000	36710	NA
123	Pulse	55	4960000	6197	NA
123	Pulse	55	4970000	16197	NA
123	Pulse	55	4980000	26197	NA
123	Pulse	55	4990000	36197	NA
124	Pulse	55	5000000	5684	NA
124	Pulse	55	5010000	15684	NA
124	Pulse	55	5020000	25684	NA
124	Pulse	55	5030000	35684	NA
125	Pulse	55	5040000	5170	NA
125	Pulse	55	5050000	15170	NA
125	Pulse	55	5060000	25170	NA
125	Pulse	55	5070000	35170	NA
126	Pulse	55	5080000	4573	NA
126	Pulse	55	5090000	14573	NA
126	Pulse	55	5100000	24573	NA
126	Pulse	55	5110000	34573	NA
127	Pulse	55	5120000	3977	NA
127	Pulse	55	5130000	13977	NA
127	Pulse	55	5140000	23977	NA
127	Pulse	55	5150000	33977	NA
128	Pulse	55	5160000	3380	NA
128	Pulse	55	5170000	13380	NA
128	Pulse	55	5180000	23380	NA
128	Pulse	55	5190000	33380	NA
129	Pulse	55	5200000	2783	NA
129	Pulse	55	5210000	12783	NA
129	Pulse	55	5220000	22783	NA
129	Pulse	55	5230000	32783	NA
130	Pulse	55	5240000	2186	NA
130	Pulse	55	5250000	12186	NA
130	Pulse	55	5260000	22186	NA
130	Pulse	55	5270000	32186	NA
131	Pulse	55	5280000	1590	NA
131	Pulse	55	5290000	11590	NA
131	Pulse	55	5300000	21590	NA
131	Pulse	55	5310000	31590	NA
132	Pulse	55	5320000	1076	NA
132	Pulse	55	5330000	11076	NA
132	Pulse	55	5340000	21076	NA
132	Pulse	55	5350000	31076	NA
133	Pulse	55	5360000	480	NA
133	Pulse	55	5370000	10480	NA
133	Pulse	55	5380000	20480	NA
133	Pulse	55	5390000	30480	NA
133	Pulse	55	5400000	40480	NA
134	Pulse	55	5410000	9883	NA
134	Pulse	55	5420000	19883	NA
134	Pulse	55	5430000	29883	NA
134	Pulse	55	5440000	39883	NA
135	Pulse	55	5450000	9369	NA
135	Pulse	55	5460000	19369	NA
135	Pulse	55	5470000	29369	NA
135	Pulse	55	5480000	39369	NA
136	Pulse	55	5490000	8773	NA
136	Pulse	55	5500000	18773	NA
136	Pulse	55	5510000	28773	NA
136	Pulse	55	5520000	38773	NA
137	Pulse	55	5530000	8176	NA
137	Pulse	55	5540000	18176	NA
137	Pulse	55	5550000	28176	NA
137	Pulse	55	5560000	38176	NA
138	Pulse	55	5570000	7663	NA
138	Pulse	55	5580000	17663	NA
138	Pulse	55	5590000	27663	NA
138	Pulse	55	5600000	37663	NA
139	Pulse	55	5610000	7066	NA
139	Pulse	55	5620000	17066	NA
139	Pulse	55	5630000	27066	NA
139	Pulse	55	5640000	37066	NA
140	Pulse	55	5650000	6469	NA
140	Pulse	55	5660000	16469	NA
140	Pulse	55	5670000	26469	NA
140	Pulse	55	5680000	36469	NA
141	Pulse	55	5690000	5956	NA
141	Pulse	55	5700000	15956	NA
141	Pulse	55	5710000	25956	NA
141	Pulse	55	5720000	35956	NA
142	Pulse	55	5730000	5359	NA
142	Pulse	55	5740000	15359	NA
142	Pulse	55	5750000	25359	NA
142	Pulse	55	5760000	35359	NA
143	Pulse	55	5770000	4762	NA
143	Pulse	55	5780000	14762	NA
143	Pulse	55	5790000	24762	NA
143	Pulse	55	5800000	34762	NA
144	Pulse	55	5810000	4249	NA
144	Pulse	55	5820000	14249	NA
144	Pulse	55	5830000	24249	NA
144	Pulse	55	5840000	34249	NA
145	Pulse	55	5850000	3735	NA
145	Pulse	55	5860000	13735	NA
145	Pulse	55	5870000	23735	NA
145	Pulse	55	5880000	33735	NA
146	Pulse	55	5890000	3139	NA
146	Pulse	55	5900000	13139	NA
146	Pulse	55	5910000	23139	NA
146	Pulse	55	5920000	33139	NA
147	Pulse	55	5930000	2542	NA
147	Pulse	55	5940000	12542	NA
147	Pulse	55	5950000	22542	NA
147	Pulse	55	5960000	32542	NA
148	Pulse	55	5970000	1945	NA
148	Pulse	55	5980000	11945	NA
148	Pulse	55	5990000	21945	NA
148	Pulse	55	6000000	31945	NA
149	Pulse	55	6010000	1348	NA
149	Pulse	55	6020000	11348	NA
149	Pulse	55	6030000	21348	NA
149	Pulse	55	6040000	31348	NA
150	Pulse	55	6050000	752	NA
150	Pulse	55	6060000	10752	NA
150	Pulse	55	6070000	20752	NA
150	Pulse	55	6080000	30752	NA
151	Pulse	55	6090000	155	NA
151	Pulse	55	6100000	10155	NA
151	Pulse	55	6110000	20155	NA
151	Pulse	55	6120000	30155	NA
151	Pulse	55	6130000	40155	NA
152	Pulse	55	6140000	9558	NA
152	Pulse	55	6150000	19558	NA
152	Pulse	55	6160000	29558	NA
152	Pulse	55	6170000	39558	NA
153	Pulse	55	6180000	9045	NA
153	Pulse	55	6190000	19045	NA
153	Pulse	55	6200000	29045	NA
153	Pulse	55	6210000	39045	NA
154	Pulse	55	6220000	8531	NA
154	Pulse	55	6230000	18531	NA
154	Pulse	55	6240000	28531	NA
154	Pulse	55	6250000	38531	NA
155	Pulse	55	6260000	8101	NA
155	Pulse	55	6270000	18101	NA
155	Pulse	55	6280000	28101	NA
155	Pulse	55	6290000	38101	NA
156	Pulse	55	6300000	7588	NA
156	Pulse	55	6310000	17588	NA
156	Pulse	55	6320000	27588	NA
156	Pulse	55	6330000	37588	NA
157	Pulse	55	6340000	7075	NA
157	Pulse	55	6350000	17075	NA
157	Pulse	55	6360000	27075	NA
157	Pulse	55	6370000	37075	NA
158	Pulse	55	6380000	6561	NA
158	Pulse	55	6390000	16561	NA
158	Pulse	55	6400000	26561	NA
158	Pulse	55	6410000	36561	NA
159	Pulse	55	6420000	5965	NA
159	Pulse	55	6430000	15965	NA
159	Pulse	55	6440000	25965	NA
159	Pulse	55	6450000	35965	NA
160	Pulse	55	6460000	5368	NA
160	Pulse	55	6470000	15368	NA
160	Pulse	55	6480000	25368	NA
160	Pulse	55	6490000	35368	NA
161	Pulse	55	6500000	4771	NA
161	Pulse	55	6510000	14771	NA
161	Pulse	55	6520000	24771	NA
161	Pulse	55	6530000	34771	NA
162	Pulse	55	6540000	4258	NA
162	Pulse	55	6550000	14258	NA
162	Pulse	55	6560000	24258	NA
162	Pulse	55	6570000	34258	NA
163	Pulse	55	6580000	3661	NA
163	Pulse	55	6590000	13661	NA
163	Pulse	55	6600000	23661	NA
163	Pulse	55	6610000	33661	NA
164	Pulse	55	6620000	3064	NA
164	Pulse	55	6630000	13064	NA
164	Pulse	55	6640000	23064	NA
164	Pulse	55	6650000	33064	NA
165	Pulse	55	6660000	2467	NA
165	Pulse	55	6670000	12467	NA
165	Pulse	55	6680000	22467	NA
165	Pulse	55	6690000	32467	NA
166	Pulse	55	6700000	1871	NA
166	Pulse	55	6710000	11871	NA
166	Pulse	55	6720000	21871	NA
166	Pulse	55	6730000	31871	NA
167	Pulse	55	6740000	1191	NA
167	Pulse	55	6750000	11191	NA
167	Pulse	55	6760000	21191	NA
167	Pulse	55	6770000	31191	NA
168	Pulse	55	6780000	594	NA
168	Pulse	55	6790000	10594	NA
168	Pulse	55	6800000	20594	NA
168	Pulse	55	6810000	30594	NA
169	Pulse	55	6820000	80	NA
169	Pulse	55	6830000	10080	NA
169	Pulse	55	6840000	20080	NA
169	Pulse	55	6850000	30080	NA
169	Pulse	55	6860000	40080	NA
170	Pulse	55	6870000	9484	NA
170	Pulse	55	6880000	19484	NA
170	Pulse	55	6890000	29484	NA
170	Pulse	55	6900000	39484	NA
171	Pulse	55	6910000	8970	NA
171	Pulse	55	6920000	18970	NA
171	Pulse	55	6930000	28970	NA
171	Pulse	55	6940000	38970	NA
172	Pulse	55	6950000	8374	NA
172	Pulse	55	6960000	18374	NA
172	Pulse	55	6970000	28374	NA
172	Pulse	55	6980000	38374	NA
173	Pulse	55	6990000	7777	NA
173	Pulse	55	7000000	17777	NA
173	Pulse	55	7010000	27777	NA
173	Pulse	55	7020000	37777	NA
174	Pulse	55	7030000	7347	NA
174	Pulse	55	7040000	17347	NA
174	Pulse	55	7050000	27347	NA
174	Pulse	55	7060000	37347	NA
175	Pulse	55	7070000	6833	NA
175	Pulse	55	7080000	16833	NA
175	Pulse	55	7090000	26833	NA
175	Pulse	55	7100000	36833	NA
176	Pulse	55	7110000	6237	NA
176	Pulse	55	7120000	16237	NA
176	Pulse	55	7130000	26237	NA
176	Pulse	55	7140000	36237	NA
177	Pulse	55	7150000	5723	NA
177	Pulse	55	7160000	15723	NA
177	Pulse	55	7170000	25723	NA
177	Pulse	55	7180000	35723	NA
178	Pulse	55	7190000	5210	NA
178	Pulse	55	7200000	15210	NA
178	Pulse	55	7210000	25210	NA
178	Pulse	55	7220000	35210	NA
179	Pulse	55	7230000	4697	NA
179	Pulse	55	7240000	14697	NA
179	Pulse	55	7250000	24697	NA
179	Pulse	55	7260000	34697	NA
180	Pulse	55	7270000	4100	NA
180	Pulse	55	7280000	14100	NA
180	Pulse	55	7290000	24100	NA
180	Pulse	55	7300000	34100	NA
181	Pulse	55	7310000	3420	NA
181	Pulse	55	7320000	13420	NA
181	Pulse	55	7330000	23420	NA
181	Pulse	55	7340000	33420	NA
182	Pulse	55	7350000	2823	NA
182	Pulse	55	7360000	12823	NA
182	Pulse	55	7370000	22823	NA
182	Pulse	55	7380000	32823	NA
183	Pulse	55	7390000	2226	NA
183	Pulse	55	7400000	12226	NA
183	Pulse	55	7410000	22226	NA
183	Pulse	55	7420000	32226	NA
184	Pulse	55	7430000	1629	NA
184	Pulse	55	7440000	11629	NA
184	Pulse	55	7450000	21629	NA
184	Pulse	55	7460000	31629	NA
185	Pulse	55	7470000	1116	NA
185	Pulse	55	7480000	11116	NA
185	Pulse	55	7490000	21116	NA
185	Pulse	55	7500000	31116	NA
186	Pulse	55	7510000	519	NA
186	Pulse	55	7520000	10519	NA
186	Pulse	55	7530000	20519	NA
186	Pulse	55	7540000	30519	NA
186	Pulse	55	7550000	40519	NA
187	Pulse	55	7560000	9839	NA
187	Pulse	55	7570000	19839	NA
187	Pulse	55	7580000	29839	NA
187	Pulse	55	7590000	39839	NA
188	Pulse	55	7600000	9243	NA
188	Pulse	55	7610000	19243	NA
188	Pulse	55	7620000	29243	NA
188	Pulse	55	7630000	39243	NA
189	Pulse	55	7640000	8562	NA
189	Pulse	55	7650000	18562	NA
189	Pulse	55	7660000	28562	NA
189	Pulse	55	7670000	38562	NA
190	Pulse	55	7680000	7966	NA
190	Pulse	55	7690000	17966	NA
190	Pulse	55	7700000	27966	NA
190	Pulse	55	7710000	37966	NA
191	Pulse	55	7720000	7369	NA
191	Pulse	55	7730000	17369	NA
191	Pulse	55	7740000	27369	NA
191	Pulse	55	7750000	37369	NA
192	Pulse	55	7760000	6772	NA
192	Pulse	55	7770000	16772	NA
192	Pulse	55	7780000	26772	NA
192	Pulse	55	7790000	36772	NA
193	Pulse	55	7800000	6175	NA
193	Pulse	55	7810000	16175	NA
193	Pulse	55	7820000	26175	NA
193	Pulse	55	7830000	36175	NA
194	Pulse	55	7840000	5579	NA
194	Pulse	55	7850000	15579	NA
194	Pulse	55	7860000	25579	NA
194	Pulse	55	7870000	35579	NA
195	Pulse	55	7880000	4982	NA
195	Pulse	55	7890000	14982	NA
195	Pulse	55	7900000	24982	NA
195	Pulse	55	7910000	34982	NA
196	Pulse	55	7920000	4302	NA
196	Pulse	55	7930000	14302	NA
196	Pulse	55	7940000	24302	NA
196	Pulse	55	7950000	34302	NA
197	Pulse	55	7960000	3705	NA
197	Pulse	55	7970000	13705	NA
197	Pulse	55	7980000	23705	NA
197	Pulse	55	7990000	33705	NA
198	Pulse	55	8000000	3192	NA
198	Pulse	55	8010000	13192	NA
198	Pulse	55	8020000	23192	NA
198	Pulse	55	8030000	33192	NA
199	Pulse	55	8040000	2595	NA
199	Pulse	55	8050000	12595	NA
199	Pulse	55	8060000	22595	NA
199	Pulse	55	8070000	32595	NA
200	Pulse	55	8080000	1998	NA
200	Pulse	55	8090000	11998	NA
200	Pulse	55	8100000	21998	NA
200	Pulse	55	8110000	31998	NA
201	Pulse	55	8120000	1485	NA
201	Pulse	55	8130000	11485	NA
201	Pulse	55	8140000	21485	NA
201	Pulse	55	8150000	31485	NA
202	Pulse	55	8160000	971	NA
202	Pulse	55	8170000	10971	NA
202	Pulse	55	8180000	20971	NA
202	Pulse	55	8190000	30971	NA
203	Pulse	55	8200000	458	NA
203	Pulse	55	8210000	10458	NA
203	Pulse	55	8220000	20458	NA
203	Pulse	55	8230000	30458	NA
203	Pulse	55	8240000	40458	NA
204	Pulse	55	8250000	9861	NA
204	Pulse	55	8260000	19861	NA
204	Pulse	55	8270000	29861	NA
204	Pulse	55	8280000	39861	NA
205	Pulse	55	8290000	9265	NA
205	Pulse	55	8300000	19265	NA
205	Pulse	55	8310000	29265	NA
205	Pulse	55	8320000	39265	NA
206	Pulse	55	8330000	8668	NA
206	Pulse	55	8340000	18668	NA
206	Pulse	55	8350000	28668	NA
206	Pulse	55	8360000	38668	NA
207	Pulse	55	8370000	8154	NA
207	Pulse	55	8380000	18154	NA
207	Pulse	55	8390000	28154	NA
207	Pulse	55	8400000	38154	NA
208	Pulse	55	8410000	7641	NA
208	Pulse	55	8420000	17641	NA
208	Pulse	55	8430000	27641	NA
208	Pulse	55	8440000	37641	NA
209	Pulse	55	8450000	7044	NA
209	Pulse	55	8460000	17044	NA
209	Pulse	55	8470000	27044	NA
209	Pulse	55	8480000	37044	NA
210	Pulse	55	8490000	6531	NA
210	Pulse	55	8500000	16531	NA
210	Pulse	55	8510000	26531	NA
210	Pulse	55	8520000	36531	NA
211	Pulse	55	8530000	6101	NA
211	Pulse	55	8540000	16101	NA
211	Pulse	55	8550000	26101	NA
211	Pulse	55	8560000	36101	NA
212	Pulse	55	8570000	5588	NA
212	Pulse	55	8580000	15588	NA
212	Pulse	55	8590000	25588	NA
212	Pulse	55	8600000	35588	NA
213	Pulse	55	8610000	5074	NA
213	Pulse	55	8620000	15074	NA
213	Pulse	55	8630000	25074	NA
213	Pulse	55	8640000	35074	NA
214	Pulse	55	8650000	4477	NA
214	Pulse	55	8660000	14477	NA
214	Pulse	55	8670000	24477	NA
214	Pulse	55	8680000	34477	NA
215	Pulse	55	8690000	3881	NA
215	Pulse	55	8700000	13881	NA
215	Pulse	55	8710000	23881	NA
215	Pulse	55	8720000	33881	NA
216	Pulse	55	8730000	3284	NA
216	Pulse	55	8740000	13284	NA
216	Pulse	55	8750000	23284	NA
216	Pulse	55	8760000	33284	NA
217	Pulse	55	8770000	2937	NA
217	Pulse	55	8780000	12937	NA
217	Pulse	55	8790000	22937	NA
217	Pulse	55	8800000	32937	NA
218	Pulse	55	8810000	2341	NA
218	Pulse	55	8820000	12341	NA
218	Pulse	55	8830000	22341	NA
218	Pulse	55	8840000	32341	NA
219	Pulse	55	8850000	1827	NA
219	Pulse	55	8860000	11827	NA
219	Pulse	55	8870000	21827	NA
219	Pulse	55	8880000	31827	NA
220	Pulse	55	8890000	1230	NA
220	Pulse	55	8900000	11230	NA
220	Pulse	55	8910000	21230	NA
220	Pulse	55	8920000	31230	NA
221	Pulse	55	8930000	634	NA
221	Pulse	55	8940000	10634	NA
221	Pulse	55	8950000	20634	NA
221	Pulse	55	8960000	30634	NA
222	Pulse	55	8970000	204	NA
222	Pulse	55	8980000	10204	NA
222	Pulse	55	8990000	20204	NA
222	Pulse	55	9000000	30204	NA
222	Pulse	55	9010000	40204	NA
223	Pulse	55	9020000	9607	NA
223	Pulse	55	9030000	19607	NA
223	Pulse	55	9040000	29607	NA
223	Pulse	55	9050000	39607	NA
224	Pulse	55	9060000	9010	NA
224	Pulse	55	9070000	19010	NA
224	Pulse	55	9080000	29010	NA
224	Pulse	55	9090000	39010	NA
225	Pulse	55	9100000	8580	NA
225	Pulse	55	9110000	18580	NA
225	Pulse	55	9120000	28580	NA
225	Pulse	55	9130000	38580	NA
226	Pulse	55	9140000	8067	NA
226	Pulse	55	9150000	18067	NA
226	Pulse	55	9160000	28067	NA
226	Pulse	55	9170000	38067	NA
227	Pulse	55	9180000	7553	NA
227	Pulse	55	9190000	17553	NA
227	Pulse	55	9200000	27553	NA
227	Pulse	55	9210000	37553	NA
228	Pulse	55	9220000	6957	NA
228	Pulse	55	9230000	16957	NA
228	Pulse	55	9240000	26957	NA
228	Pulse	55	9250000	36957	NA
229	Pulse	55	9260000	6360	NA
229	Pulse	55	9270000	16360	NA
229	Pulse	55	9280000	26360	NA
229	Pulse	55	9290000	36360	NA
230	Pulse	55	9300000	5763	NA
230	Pulse	55	9310000	15763	NA
230	Pulse	55	9320000	25763	NA
230	Pulse	55	9330000	35763	NA
231	Pulse	55	9340000	5250	NA
231	Pulse	55	9350000	15250	NA
231	Pulse	55	9360000	25250	NA
231	Pulse	55	9370000	35250	NA
232	Pulse	55	9380000	4653	NA
232	Pulse	55	9390000	14653	NA
232	Pulse	55	9400000	24653	NA
232	Pulse	55	9410000	34653	NA
233	Pulse	55	9420000	4056	NA
233	Pulse	55	9430000	14056	NA
233	Pulse	55	9440000	24056	NA
233	Pulse	55	9450000	34056	NA
234	Pulse	55	9460000	3460	NA
234	Pulse	55	9470000	13460	NA
234	Pulse	55	9480000	23460	NA
234	Pulse	55	9490000	33460	NA
235	Pulse	55	9500000	2863	NA
235	Pulse	55	9510000	12863	NA
235	Pulse	55	9520000	22863	NA
235	Pulse	55	9530000	32863	NA
236	Pulse	55	9540000	2266	NA
236	Pulse	55	9550000	12266	NA
236	Pulse	55	9560000	22266	NA
236	Pulse	55	9570000	32266	NA
237	Pulse	55	9580000	1669	NA
237	Pulse	55	9590000	11669	NA
237	Pulse	55	9600000	21669	NA
237	Pulse	55	9610000	31669	NA
238	Pulse	55	9620000	1073	NA
238	Pulse	55	9630000	11073	NA
238	Pulse	55	9640000	21073	NA
238	Pulse	55	9650000	31073	NA
239	Pulse	55	9660000	559	NA
239	Pulse	55	9670000	10559	NA
239	Pulse	55	9680000	20559	NA
239	Pulse	55	9690000	30559	NA
239	Pulse	55	9700000	40559	NA
240	Pulse	55	9710000	9962	NA
240	Pulse	55	9720000	19962	NA
240	Pulse	55	9730000	29962	NA
240	Pulse	55	9740000	39962	NA
241	Pulse	55	9750000	9449	NA
241	Pulse	55	9760000	19449	NA
241	Pulse	55	9770000	29449	NA
241	Pulse	55	9780000	39449	NA
242	Pulse	55	9790000	8852	NA
242	Pulse	55	9800000	18852	NA
242	Pulse	55	9810000	28852	NA
242	Pulse	55	9820000	38852	NA
243	Pulse	55	9830000	8256	NA
243	Pulse	55	9840000	18256	NA
243	Pulse	55	9850000	28256	NA
243	Pulse	55	9860000	38256	NA
244	Pulse	55	9870000	7659	NA
244	Pulse	55	9880000	17659	NA
244	Pulse	55	9890000	27659	NA
244	Pulse	55	9900000	37659	NA
245	Pulse	55	9910000	7145	NA
245	Pulse	55	9920000	17145	NA
245	Pulse	55	9930000	27145	NA
245	Pulse	55	9940000	37145	NA
246	Pulse	55	9950000	6549	NA
246	Pulse	55	9960000	16549	NA
246	Pulse	55	9970000	26549	NA
246	Pulse	55	9980000	36549	NA
247	Pulse	55	9990000	5952	NA
247	Pulse	55	10000000	15952	NA
247	Pulse	55	10010000	25952	NA
247	Pulse	55	10020000	35952	NA
248	Pulse	55	10030000	5355	NA
248	Pulse	55	10040000	15355	NA
248	Pulse	55	10050000	25355	NA
248	Pulse	55	10060000	35355	NA
249	Pulse	55	10070000	4758	NA
249	Pulse	55	10080000	14758	NA
249	Pulse	55	10090000	24758	NA
249	Pulse	55	10100000	34758	NA
250	Pulse	55	10110000	4162	NA
250	Pulse	55	10120000	14162	NA
250	Pulse	55	10130000	24162	NA
250	Pulse	55	10140000	34162	NA
251	Pulse	55	10150000	3565	NA
251	Pulse	55	10160000	13565	NA
251	Pulse	55	10170000	23565	NA
251	Pulse	55	10180000	33565	NA
252	Pulse	55	10190000	2968	NA
252	Pulse	55	10200000	12968	NA
252	Pulse	55	10210000	22968	NA
252	Pulse	55	10220000	32968	NA
253	Pulse	55	10230000	2371	NA
253	Pulse	55	10240000	12371	NA
253	Pulse	55	10250000	22371	NA
253	Pulse	55	10260000	32371	NA
254	Pulse	55	10270000	1775	NA
254	Pulse	55	10280000	11775	NA
254	Pulse	55	10290000	21775	NA
254	Pulse	55	10300000	31775	NA
255	Pulse	55	10310000	1345	NA
255	Pulse	55	10320000	11345	NA
255	Pulse	55	10330000	21345	NA
255	Pulse	55	10340000	31345	NA
256	Pulse	55	10350000	831	NA
256	Pulse	55	10360000	10831	NA
256	Pulse	55	10370000	20831	NA
256	Pulse	55	10380000	30831	NA
257	Pulse	55	10390000	318	NA
257	Pulse	55	10400000	10318	NA
257	Pulse	55	10410000	20318	NA
257	Pulse	55	10420000	30318	NA
257	Pulse	55	10430000	40318	NA
258	Pulse	55	10440000	9721	NA
258	Pulse	55	10450000	19721	NA
258	Pulse	55	10460000	29721	NA
258	Pulse	55	10470000	39721	NA
259	Pulse	55	10480000	9125	NA
259	Pulse	55	10490000	19125	NA
259	Pulse	55	10500000	29125	NA
259	Pulse	55	10510000	39125	NA
260	Pulse	55	10520000	8528	NA
260	Pulse	55	10530000	18528	NA
260	Pulse	55	10540000	28528	NA
260	Pulse	55	10550000	38528	NA
261	Pulse	55	10560000	7931	NA
261	Pulse	55	10570000	17931	NA
261	Pulse	55	10580000	27931	NA
261	Pulse	55	10590000	37931	NA
262	Pulse	55	10600000	7334	NA
262	Pulse	55	10610000	17334	NA
262	Pulse	55	10620000	27334	NA
262	Pulse	55	10630000	37334	NA
263	Pulse	55	10640000	6821	NA
263	Pulse	55	10650000	16821	NA
263	Pulse	55	10660000	26821	NA
263	Pulse	55	10670000	36821	NA
264	Pulse	55	10680000	6224	NA
264	Pulse	55	10690000	16224	NA
264	Pulse	55	10700000	26224	NA
264	Pulse	55	10710000	36224	NA
265	Pulse	55	10720000	5627	NA
265	Pulse	55	10730000	15627	NA
265	Pulse	55	10740000	25627	NA
265	Pulse	55	10750000	35627	NA
266	Pulse	55	10760000	5031	NA
266	Pulse	55	10770000	15031	NA
266	Pulse	55	10780000	25031	NA
266	Pulse	55	10790000	35031	NA
267	Pulse	55	10800000	4434	NA
267	Pulse	55	10810000	14434	NA
267	Pulse	55	10820000	24434	NA
267	Pulse	55	10830000	34434	NA
268	Pulse	55	10840000	3837	NA
268	Pulse	55	10850000	13837	NA
268	Pulse	55	10860000	23837	NA
268	Pulse	55	10870000	33837	NA
269	Pulse	55	10880000	3240	NA
269	Pulse	55	10890000	13240	NA
269	Pulse	55	10900000	23240	NA
269	Pulse	55	10910000	33240	NA
270	Pulse	55	10920000	2644	NA
270	Pulse	55	10930000	12644	NA
270	Pulse	55	10940000	22644	NA
270	Pulse	55	10950000	32644	NA
271	Pulse	55	10960000	2047	NA
271	Pulse	55	10970000	12047	NA
271	Pulse	55	10980000	22047	NA
271	Pulse	55	10990000	32047	NA
272	Pulse	55	11000000	1534	NA
272	Pulse	55	11010000	11534	NA
272	Pulse	55	11020000	21534	NA
272	Pulse	55	11030000	31534	NA
273	Pulse	55	11040000	937	NA
273	Pulse	55	11050000	10937	NA
273	Pulse	55	11060000	20937	NA
273	Pulse	55	11070000	30937	NA
274	Pulse	55	11080000	340	NA
274	Pulse	55	11090000	10340	NA
274	Pulse	55	11100000	20340	NA
274	Pulse	55	11110000	30340	NA
274	Pulse	55	11120000	40340	NA
275	Pulse	55	11130000	9743	NA
275	Pulse	55	11140000	19743	NA
275	Pulse	55	11150000	29743	NA
275	Pulse	55	11160000	39743	NA
276	Pulse	55	11170000	9147	NA
276	Pulse	55	11180000	19147	NA
276	Pulse	55	11190000	29147	NA
276	Pulse	55	11200000	39147	NA
277	Pulse	55	11210000	8550	NA
277	Pulse	55	11220000	18550	NA
277	Pulse	55	11230000	28550	NA
277	Pulse	55	11240000	38550	NA
278	Pulse	55	11250000	7953	NA
278	Pulse	55	11260000	17953	NA
278	Pulse	55	11270000	27953	NA
278	Pulse	55	11280000	37953	NA
279	Pulse	55	11290000	7356	NA
279	Pulse	55	11300000	17356	NA
279	Pulse	55	11310000	27356	NA
279	Pulse	55	11320000	37356	NA
280	Pulse	55	11330000	6760	NA
280	Pulse	55	11340000	16760	NA
280	Pulse	55	11350000	26760	NA
280	Pulse	55	11360000	36760	NA
281	Pulse	55	11370000	6163	NA
281	Pulse	55	11380000	16163	NA
281	Pulse	55	11390000	26163	NA
281	Pulse	55	11400000	36163	NA
282	Pulse	55	11410000	5566	NA
282	Pulse	55	11420000	15566	NA
282	Pulse	55	11430000	25566	NA
282	Pulse	55	11440000	35566	NA
283	Pulse	55	11450000	4803	NA
283	Pulse	55	11460000	14803	NA
283	Pulse	55	11470000	24803	NA
283	Pulse	55	11480000	34803	NA
284	Pulse	55	11490000	4206	NA
284	Pulse	55	11500000	14206	NA
284	Pulse	55	11510000	24206	NA
284	Pulse	55	11520000	34206	NA
285	Pulse	55	11530000	3609	NA
285	Pulse	55	11540000	13609	NA
285	Pulse	55	11550000	23609	NA
285	Pulse	55	11560000	33609	NA
286	Pulse	55	11570000	3012	NA
286	Pulse	55	11580000	13012	NA
286	Pulse	55	11590000	23012	NA
286	Pulse	55	11600000	33012	NA
287	Pulse	55	11610000	2332	NA
287	Pulse	55	11620000	12332	NA
287	Pulse	55	11630000	22332	NA
287	Pulse	55	11640000	32332	NA
288	Pulse	55	11650000	1736	NA
288	Pulse	55	11660000	11736	NA
288	Pulse	55	11670000	21736	NA
288	Pulse	55	11680000	31736	NA
289	Pulse	55	11690000	1139	NA
289	Pulse	55	11700000	11139	NA
289	Pulse	55	11710000	21139	NA
289	Pulse	55	11720000	31139	NA
290	Pulse	55	11730000	542	NA
290	Pulse	55	11740000	10542	NA
290	Pulse	55	11750000	20542	NA
290	Pulse	55	11760000	30542	NA
290	Pulse	55	11770000	40542	NA
291	Pulse	55	11780000	9862	NA
291	Pulse	55	11790000	19862	NA
291	Pulse	55	11800000	29862	NA
291	Pulse	55	11810000	39862	NA
292	Pulse	55	11820000	9265	NA
292	Pulse	55	11830000	19265	NA
292	Pulse	55	11840000	29265	NA
292	Pulse	55	11850000	39265	NA
293	Pulse	55	11860000	8669	NA
293	Pulse	55	11870000	18669	NA
293	Pulse	55	11880000	28669	NA
293	Pulse	55	11890000	38669	NA
294	Pulse	55	11900000	7988	NA
294	Pulse	55	11910000	17988	NA
294	Pulse	55	11920000	27988	NA
294	Pulse	55	11930000	37988	NA
295	Pulse	55	11940000	7392	NA
295	Pulse	55	11950000	17392	NA
295	Pulse	55	11960000	27392	NA
295	Pulse	55	11970000	37392	NA
296	Pulse	55	11980000	6795	NA
296	Pulse	55	11990000	16795	NA
296	Pulse	55	12000000	26795	NA
296	Pulse	55	12010000	36795	NA
297	Pulse	55	12020000	6198	NA
297	Pulse	55	12030000	16198	NA
297	Pulse	55	12040000	26198	NA
297	Pulse	55	12050000	36198	NA
298	Pulse	55	12060000	5518	NA
298	Pulse	55	12070000	15518	NA
298	Pulse	55	12080000	25518	NA
298	Pulse	55	12090000	35518	NA
299	Pulse	55	12100000	4921	NA
299	Pulse	55	12110000	14921	NA
299	Pulse	55	12120000	24921	NA
299	Pulse	55	12130000	34921	NA
300	Pulse	55	12140000	4325	NA
300	Pulse	55	12150000	14325	NA
300	Pulse	55	12160000	24325	NA
300	Pulse	55	12170000	34325	NA
301	Pulse	55	12180000	3645	NA
301	Pulse	55	12190000	13645	NA
301	Pulse	55	12200000	23645	NA
301	Pulse	55	12210000	33645	NA
302	Pulse	55	12220000	3048	NA
302	Pulse	55	12230000	13048	NA
302	Pulse	55	12240000	23048	NA
302	Pulse	55	12250000	33048	NA
303	Pulse	55	12260000	2451	NA
303	Pulse	55	12270000	12451	NA
303	Pulse	55	12280000	22451	NA
303	Pulse	55	12290000	32451	NA
304	Pulse	55	12300000	1854	NA
304	Pulse	55	12310000	11854	NA
304	Pulse	55	12320000	21854	NA
304	Pulse	55	12330000	31854	NA
305	Pulse	55	12340000	1258	NA
305	Pulse	55	12350000	11258	NA
305	Pulse	55	12360000	21258	NA
305	Pulse	55	12370000	31258	NA
306	Pulse	55	12380000	661	NA
306	Pulse	55	12390000	10661	NA
306	Pulse	55	12400000	20661	NA
306	Pulse	55	12410000	30661	NA
307	Pulse	55	12420000	64	NA
307	Pulse	55	12430000	10064	NA
307	Pulse	55	12440000	20064	NA
307	Pulse	55	12450000	30064	NA
307	Pulse	55	12460000	40064	NA
308	Pulse	55	12470000	9384	NA
308	Pulse	55	12480000	19384	NA
308	Pulse	55	12490000	29384	NA
308	Pulse	55	12500000	39384	NA
309	Pulse	55	12510000	8787	NA
309	Pulse	55	12520000	18787	NA
309	Pulse	55	12530000	28787	NA
309	Pulse	55	12540000	38787	NA
310	Pulse	55	12550000	8107	NA
310	Pulse	55	12560000	18107	NA
310	Pulse	55	12570000	28107	NA
310	Pulse	55	12580000	38107	NA
311	Pulse	55	12590000	7510	NA
311	Pulse	55	12600000	17510	NA
311	Pulse	55	12610000	27510	NA
311	Pulse	55	12620000	37510	NA
312	Pulse	55	12630000	6830	NA
312	Pulse	55	12640000	16830	NA
312	Pulse	55	12650000	26830	NA
312	Pulse	55	12660000	36830	NA
313	Pulse	55	12670000	6234	NA
313	Pulse	55	12680000	16234	NA
313	Pulse	55	12690000	26234	NA
313	Pulse	55	12700000	36234	NA
314	Pulse	55	12710000	5637	NA
314	Pulse	55	12720000	15637	NA
314	Pulse	55	12730000	25637	NA
314	Pulse	55	12740000	35637	NA
315	Pulse	55	12750000	5040	NA
315	Pulse	55	12760000	15040	NA
315	Pulse	55	12770000	25040	NA
315	Pulse	55	12780000	35040	NA
316	Pulse	55	12790000	4443	NA
316	Pulse	55	12800000	14443	NA
316	Pulse	55	12810000	24443	NA
316	Pulse	55	12820000	34443	NA
317	Pulse	55	12830000	3847	NA
317	Pulse	55	12840000	13847	NA
317	Pulse	55	12850000	23847	NA
317	Pulse	55	12860000	33847	NA
318	Pulse	55	12870000	3166	NA
318	Pulse	55	12880000	13166	NA
318	Pulse	55	12890000	23166	NA
318	Pulse	55	12900000	33166	NA
319	Pulse	55	12910000	2570	NA
319	Pulse	55	12920000	12570	NA
319	Pulse	55	12930000	22570	NA
319	Pulse	55	12940000	32570	NA
320	Pulse	55	12950000	1973	NA
320	Pulse	55	12960000	11973	NA
320	Pulse	55	12970000	21973	NA
320	Pulse	55	12980000	31973	NA
321	Pulse	55	12990000	1376	NA
321	Pulse	55	13000000	11376	NA
321	Pulse	55	13010000	21376	NA
321	Pulse	55	13020000	31376	NA
322	Pulse	55	13030000	780	NA
322	Pulse	55	13040000	10780	NA
322	Pulse	55	13050000	20780	NA
322	Pulse	55	13060000	30780	NA
323	Pulse	55	13070000	183	NA
323	Pulse	55	13080000	10183	NA
323	Pulse	55	13090000	20183	NA
323	Pulse	55	13100000	30183	NA
323	Pulse	55	13110000	40183	NA
324	Pulse	55	13120000	9586	NA
324	Pulse	55	13130000	19586	NA
324	Pulse	55	13140000	29586	NA
324	Pulse	55	13150000	39586	NA
325	Pulse	55	13160000	8989	NA
325	Pulse	55	13170000	18989	NA
325	Pulse	55	13180000	28989	NA
325	Pulse	55	13190000	38989	NA
326	Pulse	55	13200000	8393	NA
326	Pulse	55	13210000	18393	NA
326	Pulse	55	13220000	28393	NA
326	Pulse	55	13230000	38393	NA
327	Pulse	55	13240000	7712	NA
327	Pulse	55	13250000	17712	NA
327	Pulse	55	13260000	27712	NA
327	Pulse	55	13270000	37712	NA
328	Pulse	55	13280000	7116	NA
328	Pulse	55	13290000	17116	NA
328	Pulse	55	13300000	27116	NA
328	Pulse	55	13310000	37116	NA
329	Pulse	55	13320000	6519	NA
329	Pulse	55	13330000	16519	NA
329	Pulse	55	13340000	26519	NA
329	Pulse	55	13350000	36519	NA
330	Pulse	55	13360000	5922	NA
330	Pulse	55	13370000	15922	NA
330	Pulse	55	13380000	25922	NA
330	Pulse	55	13390000	35922	NA
331	Pulse	55	13400000	5325	NA
331	Pulse	55	13410000	15325	NA
331	Pulse	55	13420000	25325	NA
331	Pulse	55	13430000	35325	NA
332	Pulse	55	13440000	4729	NA
332	Pulse	55	13450000	14729	NA
332	Pulse	55	13460000	24729	NA
332	Pulse	55	13470000	34729	NA
333	Pulse	55	13480000	4132	NA
333	Pulse	55	13490000	14132	NA
333	Pulse	55	13500000	24132	NA
333	Pulse	55	13510000	34132	NA
334	Pulse	55	13520000	3535	NA
334	Pulse	55	13530000	13535	NA
334	Pulse	55	13540000	23535	NA
334	Pulse	55	13550000	33535	NA
335	Pulse	55	13560000	2938	NA
335	Pulse	55	13570000	12938	NA
335	Pulse	55	13580000	22938	NA
335	Pulse	55	13590000	32938	NA
336	Pulse	55	13600000	2342	NA
336	Pulse	55	13610000	12342	NA
336	Pulse	55	13620000	22342	NA
336	Pulse	55	13630000	32342	NA
337	Pulse	55	13640000	1745	NA
337	Pulse	55	13650000	11745	NA
337	Pulse	55	13660000	21745	NA
337	Pulse	55	13670000	31745	NA
338	Pulse	55	13680000	1148	NA
338	Pulse	55	13690000	11148	NA
338	Pulse	55	13700000	21148	NA
338	Pulse	55	13710000	31148	NA
339	Pulse	55	13720000	552	NA
339	Pulse	55	13730000	10552	NA
339	Pulse	55	13740000	20552	NA
339	Pulse	55	13750000	30552	NA
339	Pulse	55	13760000	40552	NA
340	Pulse	55	13770000	9955	NA
340	Pulse	55	13780000	19955	NA
340	Pulse	55	13790000	29955	NA
340	Pulse	55	13800000	39955	NA
341	Pulse	55	13810000	9358	NA
341	Pulse	55	13820000	19358	NA
341	Pulse	55	13830000	29358	NA
341	Pulse	55	13840000	39358	NA
342	Pulse	55	13850000	8761	NA
342	Pulse	55	13860000	18761	NA
342	Pulse	55	13870000	28761	NA
342	Pulse	55	13880000	38761	NA
343	Pulse	55	13890000	8165	NA
343	Pulse	55	13900000	18165	NA
343	Pulse	55	13910000	28165	NA
343	Pulse	55	13920000	38165	NA
344	Pulse	55	13930000	7568	NA
344	Pulse	55	13940000	17568	NA
344	Pulse	55	13950000	27568	NA
344	Pulse	55	13960000	37568	NA
345	Pulse	55	13970000	6971	NA
345	Pulse	55	13980000	16971	NA
345	Pulse	55	13990000	26971	NA
345	Pulse	55	14000000	36971	NA
346	Pulse	55	14010000	6374	NA
346	Pulse	55	14020000	16374	NA
346	Pulse	55	14030000	26374	NA
346	Pulse	55	14040000	36374	NA
347	Pulse	55	14050000	5778	NA
347	Pulse	55	14060000	15778	NA
347	Pulse	55	14070000	25778	NA
347	Pulse	55	14080000	35778	NA
348	Pulse	55	14090000	5181	NA
348	Pulse	55	14100000	15181	NA
348	Pulse	55	14110000	25181	NA
348	Pulse	55	14120000	35181	NA
349	Pulse	55	14130000	4584	NA
349	Pulse	55	14140000	14584	NA
349	Pulse	55	14150000	24584	NA
349	Pulse	55	14160000	34584	NA
350	Pulse	55	14170000	4071	NA
350	Pulse	55	14180000	14071	NA
350	Pulse	55	14190000	24071	NA
350	Pulse	55	14200000	34071	NA
351	Pulse	55	14210000	3474	NA
351	Pulse	55	14220000	13474	NA
351	Pulse	55	14230000	23474	NA
351	Pulse	55	14240000	33474	NA
352	Pulse	55	14250000	2961	NA
352	Pulse	55	14260000	12961	NA
352	Pulse	55	14270000	22961	NA
352	Pulse	55	14280000	32961	NA
353	Pulse	55	14290000	2447	NA
353	Response	1	14293318	5766	1
353	Pulse	55	14300000	12447	NA
353	Pulse	55	14310000	22447	NA
353	Pulse	55	14320000	32447	NA
354	Pulse	55	14330000	2351	NA
354	Pulse	55	14340000	12351	NA
355	Pulse	55	14350000	2261	NA
355	Pulse	55	14360000	12261	NA
355	Pulse	55	14370000	22261	NA
355	Pulse	55	14380000	32261	NA
355	Pulse	55	14390000	42261	NA
355	Pulse	55	14400000	52261	NA
355	Pulse	55	14410000	62261	NA
355	Pulse	55	14420000	72261	NA
355	Pulse	55	14430000	82261	NA
355	Pulse	55	14440000	92261	NA
355	Pulse	55	14450000	102261	NA
355	Pulse	55	14460000	112261	NA
355	Pulse	55	14470000	122261	NA
355	Pulse	55	14480000	132261	NA
355	Pulse	55	14490000	142261	NA
355	Pulse	55	14500000	152261	NA
355	Pulse	55	14510000	162261	NA
355	Response	1	14518436	170697	1
355	Pulse	55	14520000	172261	NA
355	Pulse	55	14530000	182261	NA
356	Pulse	55	14540000	9950	NA
356	Pulse	55	14550000	19950	NA
356	Pulse	55	14560000	29950	NA
356	Pulse	55	14570000	39950	NA
356	Pulse	55	14580000	49950	NA
356	Pulse	55	14590000	59950	NA
356	Pulse	55	14600000	69950	NA
356	Pulse	55	14610000	79950	NA
356	Pulse	55	14620000	89950	NA
356	Pulse	55	14630000	99950	NA
356	Pulse	55	14640000	109950	NA
356	Pulse	55	14650000	119950	NA
356	Pulse	55	14660000	129950	NA
356	Pulse	55	14670000	139950	NA
356	Pulse	55	14680000	149950	NA
356	Pulse	55	14690000	159950	NA
356	Pulse	55	14700000	169950	NA
356	Pulse	55	14710000	179950	NA
356	Pulse	55	14720000	189950	NA
356	Pulse	55	14730000	199950	NA
356	Pulse	55	14740000	209950	NA
356	Pulse	55	14750000	219950	NA
356	Pulse	55	14760000	229950	NA
356	Pulse	55	14770000	239950	NA
356	Pulse	55	14780000	249950	NA
356	Pulse	55	14790000	259950	NA
356	Pulse	55	14800000	269950	NA
356	Pulse	55	14810000	279950	NA
356	Pulse	55	14820000	289950	NA
356	Pulse	55	14830000	299950	NA
356	Pulse	55	14840000	309950	NA
356	Pulse	55	14850000	319950	NA
356	Pulse	55	14860000	329950	NA
356	Pulse	55	14870000	339950	NA
356	Pulse	55	14880000	349950	NA
356	Pulse	55	14890000	359950	NA
356	Pulse	55	14900000	369950	NA
356	Pulse	55	14910000	379950	NA
356	Pulse	55	14920000	389950	NA
356	Pulse	55	14930000	399950	NA
356	Pulse	55	14940000	409950	NA
356	Pulse	55	14950000	419950	NA
356	Pulse	55	14960000	429950	NA
356	Pulse	55	14970000	439950	NA
356	Pulse	55	14980000	449950	NA
356	Pulse	55	14990000	459950	NA
356	Pulse	55	15000000	469950	NA
356	Pulse	55	15010000	479950	NA
356	Pulse	55	15020000	489950	NA
356	Pulse	55	15030000	499950	NA
356	Pulse	55	15040000	509950	NA
356	Pulse	55	15050000	519950	NA
356	Pulse	55	15060000	529950	NA
356	Pulse	55	15070000	539950	NA
356	Pulse	55	15080000	549950	NA
356	Pulse	55	15090000	559950	NA
356	Pulse	55	15100000	569950	NA
356	Pulse	55	15110000	579950	NA
356	Pulse	55	15120000	589950	NA
356	Pulse	55	15130000	599950	NA
356	Pulse	55	15140000	609950	NA
356	Pulse	55	15150000	619950	NA
356	Pulse	55	15160000	629950	NA
356	Pulse	55	15170000	639950	NA
356	Pulse	55	15180000	649950	NA
356	Pulse	55	15190000	659950	NA
356	Pulse	55	15200000	669950	NA
356	Pulse	55	15210000	679950	NA
356	Pulse	55	15220000	689950	NA
356	Pulse	55	15230000	699950	NA
356	Pulse	55	15240000	709950	NA
356	Pulse	55	15250000	719950	NA
356	Pulse	55	15260000	729950	NA
356	Pulse	55	15270000	739950	NA
356	Pulse	55	15280000	749950	NA
356	Pulse	55	15290000	759950	NA
356	Pulse	55	15300000	769950	NA
356	Pulse	55	15310000	779950	NA
356	Pulse	55	15320000	789950	NA
356	Pulse	55	15330000	799950	NA
356	Pulse	55	15340000	809950	NA
356	Pulse	55	15350000	819950	NA
356	Pulse	55	15360000	829950	NA
356	Pulse	55	15370000	839950	NA
356	Pulse	55	15380000	849950	NA
356	Pulse	55	15390000	859950	NA
356	Pulse	55	15400000	869950	NA
356	Pulse	55	15410000	879950	NA
356	Pulse	55	15420000	889950	NA
356	Pulse	55	15430000	899950	NA
356	Pulse	55	15440000	909950	NA
356	Pulse	55	15450000	919950	NA
356	Pulse	55	15460000	929950	NA
356	Pulse	55	15470000	939950	NA
356	Pulse	55	15480000	949950	NA
356	Pulse	55	15490000	959950	NA
356	Pulse	55	15500000	969950	NA
356	Pulse	55	15510000	979950	NA
356	Pulse	55	15520000	989950	NA
356	Pulse	55	15530000	999950	NA
356	Pulse	55	15540000	1009950	NA
356	Pulse	55	15550000	1019950	NA
356	Pulse	55	15560000	1029950	NA
356	Pulse	55	15570000	1039950	NA
356	Pulse	55	15580000	1049950	NA
356	Pulse	55	15590000	1059950	NA
356	Pulse	55	15600000	1069950	NA
356	Pulse	55	15610000	1079950	NA
356	Pulse	55	15620000	1089950	NA
356	Pulse	55	15630000	1099950	NA
356	Pulse	55	15640000	1109950	NA
356	Pulse	55	15650000	1119950	NA
356	Pulse	55	15660000	1129950	NA
356	Pulse	55	15670000	1139950	NA
356	Pulse	55	15680000	1149950	NA
356	Pulse	55	15690000	1159950	NA
356	Pulse	55	15700000	1169950	NA
356	Pulse	55	15710000	1179950	NA
356	Pulse	55	15720000	1189950	NA
356	Pulse	55	15730000	1199950	NA
356	Pulse	55	15740000	1209950	NA
356	Pulse	55	15750000	1219950	NA
356	Pulse	55	15760000	1229950	NA
356	Pulse	55	15770000	1239950	NA
356	Pulse	55	15780000	1249950	NA
356	Pulse	55	15790000	1259950	NA
356	Pulse	55	15800000	1269950	NA
356	Pulse	55	15810000	1279950	NA
356	Pulse	55	15820000	1289950	NA
356	Pulse	55	15830000	1299950	NA
356	Pulse	55	15840000	1309950	NA
356	Pulse	55	15850000	1319950	NA
356	Pulse	55	15860000	1329950	NA
356	Pulse	55	15870000	1339950	NA
356	Pulse	55	15880000	1349950	NA
356	Pulse	55	15890000	1359950	NA
356	Pulse	55	15900000	1369950	NA
356	Pulse	55	15910000	1379950	NA
356	Pulse	55	15920000	1389950	NA
356	Pulse	55	15930000	1399950	NA
356	Pulse	55	15940000	1409950	NA
356	Pulse	55	15950000	1419950	NA
356	Pulse	55	15960000	1429950	NA
356	Pulse	55	15970000	1439950	NA
356	Pulse	55	15980000	1449950	NA
356	Pulse	55	15990000	1459950	NA
356	Pulse	55	16000000	1469950	NA
356	Pulse	55	16010000	1479950	NA
356	Pulse	55	16020000	1489950	NA
356	Pulse	55	16030000	1499950	NA
356	Pulse	55	16040000	1509950	NA
356	Pulse	55	16050000	1519950	NA
356	Pulse	55	16060000	1529950	NA
356	Pulse	55	16070000	1539950	NA
356	Pulse	55	16080000	1549950	NA
356	Pulse	55	16090000	1559950	NA
356	Pulse	55	16100000	1569950	NA
356	Pulse	55	16110000	1579950	NA
356	Pulse	55	16120000	1589950	NA
356	Pulse	55	16130000	1599950	NA
356	Pulse	55	16140000	1609950	NA
356	Pulse	55	16150000	1619950	NA
356	Pulse	55	16160000	1629950	NA
356	Pulse	55	16170000	1639950	NA
356	Pulse	55	16180000	1649950	NA
356	Pulse	55	16190000	1659950	NA
356	Pulse	55	16200000	1669950	NA
356	Pulse	55	16210000	1679950	NA
356	Pulse	55	16220000	1689950	NA
356	Pulse	55	16230000	1699950	NA
356	Pulse	55	16240000	1709950	NA
356	Pulse	55	16250000	1719950	NA
356	Pulse	55	16260000	1729950	NA
356	Pulse	55	16270000	1739950	NA
356	Pulse	55	16280000	1749950	NA
356	Pulse	55	16290000	1759950	NA
356	Pulse	55	16300000	1769950	NA
356	Pulse	55	16310000	1779950	NA
356	Pulse	55	16320000	1789950	NA
356	Pulse	55	16330000	1799950	NA
356	Pulse	55	16340000	1809950	NA
356	Pulse	55	16350000	1819950	NA
356	Pulse	55	16360000	1829950	NA
356	Pulse	55	16370000	1839950	NA
356	Pulse	55	16380000	1849950	NA
356	Pulse	55	16390000	1859950	NA
356	Pulse	55	16400000	1869950	NA
356	Pulse	55	16410000	1879950	NA
356	Pulse	55	16420000	1889950	NA
356	Pulse	55	16430000	1899950	NA
356	Pulse	55	16440000	1909950	NA
356	Pulse	55	16450000	1919950	NA
356	Pulse	55	16460000	1929950	NA
356	Pulse	55	16470000	1939950	NA
356	Pulse	55	16480000	1949950	NA
356	Pulse	55	16490000	1959950	NA
356	Pulse	55	16500000	1969950	NA
356	Pulse	55	16510000	1979950	NA
356	Pulse	55	16520000	1989950	NA
356	Pulse	55	16530000	1999950	NA
356	Pulse	55	16540000	2009950	NA
356	Pulse	55	16550000	2019950	NA
356	Pulse	55	16560000	2029950	NA
356	Pulse	55	16570000	2039950	NA
356	Pulse	55	16580000	2049950	NA
356	Pulse	55	16590000	2059950	NA
356	Pulse	55	16600000	2069950	NA
356	Pulse	55	16610000	2079950	NA
356	Pulse	55	16620000	2089950	NA
356	Pulse	55	16630000	2099950	NA
356	Pulse	55	16640000	2109950	NA
356	Pulse	55	16650000	2119950	NA
356	Pulse	55	16660000	2129950	NA
356	Pulse	55	16670000	2139950	NA
356	Pulse	55	16680000	2149950	NA
356	Pulse	55	16690000	2159950	NA
356	Pulse	55	16700000	2169950	NA
356	Pulse	55	16710000	2179950	NA
356	Pulse	55	16720000	2189950	NA
356	Pulse	55	16730000	2199950	NA
356	Pulse	55	16740000	2209950	NA
356	Pulse	55	16750000	2219950	NA
356	Pulse	55	16760000	2229950	NA
356	Pulse	55	16770000	2239950	NA
356	Pulse	55	16780000	2249950	NA
356	Pulse	55	16790000	2259950	NA
356	Pulse	55	16800000	2269950	NA
356	Pulse	55	16810000	2279950	NA
356	Pulse	55	16820000	2289950	NA
356	Pulse	55	16830000	2299950	NA
356	Pulse	55	16840000	2309950	NA
356	Pulse	55	16850000	2319950	NA
356	Pulse	55	16860000	2329950	NA
356	Pulse	55	16870000	2339950	NA
356	Pulse	55	16880000	2349950	NA
356	Pulse	55	16890000	2359950	NA
356	Pulse	55	16900000	2369950	NA
356	Pulse	55	16910000	2379950	NA
356	Pulse	55	16920000	2389950	NA
356	Pulse	55	16930000	2399950	NA
356	Pulse	55	16940000	2409950	NA
356	Pulse	55	16950000	2419950	NA
356	Pulse	55	16960000	2429950	NA
356	Pulse	55	16970000	2439950	NA
356	Pulse	55	16980000	2449950	NA
356	Pulse	55	16990000	2459950	NA
356	Pulse	55	17000000	2469950	NA
356	Pulse	55	17010000	2479950	NA
356	Pulse	55	17020000	2489950	NA
356	Pulse	55	17030000	2499950	NA
356	Pulse	55	17040000	2509950	NA
356	Pulse	55	17050000	2519950	NA
356	Pulse	55	17060000	2529950	NA
356	Pulse	55	17070000	2539950	NA
356	Pulse	55	17080000	2549950	NA
356	Pulse	55	17090000	2559950	NA
356	Pulse	55	17100000	2569950	NA
356	Pulse	55	17110000	2579950	NA
356	Pulse	55	17120000	2589950	NA
356	Pulse	55	17130000	2599950	NA
356	Pulse	55	17140000	2609950	NA
356	Pulse	55	17150000	2619950	NA
356	Pulse	55	17160000	2629950	NA
356	Pulse	55	17170000	2639950	NA
356	Pulse	55	17180000	2649950	NA
356	Pulse	55	17190000	2659950	NA
356	Pulse	55	17200000	2669950	NA
356	Pulse	55	17210000	2679950	NA
356	Pulse	55	17220000	2689950	NA
356	Pulse	55	17230000	2699950	NA
356	Pulse	55	17240000	2709950	NA
356	Pulse	55	17250000	2719950	NA
356	Pulse	55	17260000	2729950	NA
356	Pulse	55	17270000	2739950	NA
356	Pulse	55	17280000	2749950	NA
356	Pulse	55	17290000	2759950	NA
356	Pulse	55	17300000	2769950	NA
356	Pulse	55	17310000	2779950	NA
356	Pulse	55	17320000	2789950	NA
356	Pulse	55	17330000	2799950	NA
356	Pulse	55	17340000	2809950	NA
356	Pulse	55	17350000	2819950	NA
356	Pulse	55	17360000	2829950	NA
356	Pulse	55	17370000	2839950	NA
356	Pulse	55	17380000	2849950	NA
356	Pulse	55	17390000	2859950	NA
356	Pulse	55	17400000	2869950	NA
356	Pulse	55	17410000	2879950	NA
356	Pulse	55	17420000	2889950	NA
356	Pulse	55	17430000	2899950	NA
356	Pulse	55	17440000	2909950	NA
356	Pulse	55	17450000	2919950	NA
356	Pulse	55	17460000	2929950	NA
356	Pulse	55	17470000	2939950	NA
356	Pulse	55	17480000	2949950	NA
356	Pulse	55	17490000	2959950	NA
356	Pulse	55	17500000	2969950	NA
356	Pulse	55	17510000	2979950	NA
356	Pulse	55	17520000	2989950	NA
356	Pulse	55	17530000	2999950	NA
356	Pulse	55	17540000	3009950	NA
356	Pulse	55	17550000	3019950	NA
356	Pulse	55	17560000	3029950	NA
356	Pulse	55	17570000	3039950	NA
356	Pulse	55	17580000	3049950	NA
356	Pulse	55	17590000	3059950	NA
356	Pulse	55	17600000	3069950	NA
356	Pulse	55	17610000	3079950	NA
356	Pulse	55	17620000	3089950	NA
356	Pulse	55	17630000	3099950	NA
356	Pulse	55	17640000	3109950	NA
356	Pulse	55	17650000	3119950	NA
356	Pulse	55	17660000	3129950	NA
356	Pulse	55	17670000	3139950	NA
356	Pulse	55	17680000	3149950	NA
356	Pulse	55	17690000	3159950	NA
356	Pulse	55	17700000	3169950	NA
356	Pulse	55	17710000	3179950	NA
356	Pulse	55	17720000	3189950	NA
356	Pulse	55	17730000	3199950	NA
356	Pulse	55	17740000	3209950	NA
356	Pulse	55	17750000	3219950	NA
356	Pulse	55	17760000	3229950	NA
356	Pulse	55	17770000	3239950	NA
356	Pulse	55	17780000	3249950	NA
356	Pulse	55	17790000	3259950	NA
356	Pulse	55	17800000	3269950	NA
356	Pulse	55	17810000	3279950	NA
356	Pulse	55	17820000	3289950	NA
356	Pulse	55	17830000	3299950	NA
356	Pulse	55	17840000	3309950	NA
356	Pulse	55	17850000	3319950	NA
356	Pulse	55	17860000	3329950	NA
356	Pulse	55	17870000	3339950	NA
356	Pulse	55	17880000	3349950	NA
356	Pulse	55	17890000	3359950	NA
356	Pulse	55	17900000	3369950	NA
356	Pulse	55	17910000	3379950	NA
356	Pulse	55	17920000	3389950	NA
356	Pulse	55	17930000	3399950	NA
356	Pulse	55	17940000	3409950	NA
356	Pulse	55	17950000	3419950	NA
356	Pulse	55	17960000	3429950	NA
356	Pulse	55	17970000	3439950	NA
356	Pulse	55	17980000	3449950	NA
356	Pulse	55	17990000	3459950	NA
356	Pulse	55	18000000	3469950	NA
356	Pulse	55	18010000	3479950	NA
356	Pulse	55	18020000	3489950	NA
356	Pulse	55	18030000	3499950	NA
356	Pulse	55	18040000	3509950	NA
356	Pulse	55	18050000	3519950	NA
356	Pulse	55	18060000	3529950	NA
356	Pulse	55	18070000	3539950	NA
356	Pulse	55	18080000	3549950	NA
356	Pulse	55	18090000	3559950	NA
356	Pulse	55	18100000	3569950	NA
356	Pulse	55	18110000	3579950	NA
356	Pulse	55	18120000	3589950	NA
356	Pulse	55	18130000	3599950	NA
356	Pulse	55	18140000	3609950	NA
356	Pulse	55	18150000	3619950	NA
356	Pulse	55	18160000	3629950	NA
356	Pulse	55	18170000	3639950	NA
356	Pulse	55	18180000	3649950	NA
356	Pulse	55	18190000	3659950	NA
356	Pulse	55	18200000	3669950	NA
356	Pulse	55	18210000	3679950	NA
356	Pulse	55	18220000	3689950	NA
356	Pulse	55	18230000	3699950	NA
356	Pulse	55	18240000	3709950	NA
356	Pulse	55	18250000	3719950	NA
356	Pulse	55	18260000	3729950	NA
356	Pulse	55	18270000	3739950	NA
356	Pulse	55	18280000	3749950	NA
356	Pulse	55	18290000	3759950	NA
356	Pulse	55	18300000	3769950	NA
356	Pulse	55	18310000	3779950	NA
356	Pulse	55	18320000	3789950	NA
356	Pulse	55	18330000	3799950	NA
356	Pulse	55	18340000	3809950	NA
356	Pulse	55	18350000	3819950	NA
356	Pulse	55	18360000	3829950	NA
356	Pulse	55	18370000	3839950	NA
356	Pulse	55	18380000	3849950	NA
356	Pulse	55	18390000	3859950	NA
356	Pulse	55	18400000	3869950	NA
356	Pulse	55	18410000	3879950	NA
356	Pulse	55	18420000	3889950	NA
356	Pulse	55	18430000	3899950	NA
356	Pulse	55	18440000	3909950	NA
356	Pulse	55	18450000	3919950	NA
356	Pulse	55	18460000	3929950	NA
356	Pulse	55	18470000	3939950	NA
356	Pulse	55	18480000	3949950	NA
356	Pulse	55	18490000	3959950	NA
356	Pulse	55	18500000	3969950	NA
356	Pulse	55	18510000	3979950	NA
356	Pulse	55	18520000	3989950	NA
356	Pulse	55	18530000	3999950	NA
356	Pulse	55	18540000	4009950	NA
356	Pulse	55	18550000	4019950	NA
356	Pulse	55	18560000	4029950	NA
356	Pulse	55	18570000	4039950	NA
356	Pulse	55	18580000	4049950	NA
356	Pulse	55	18590000	4059950	NA
356	Pulse	55	18600000	4069950	NA
356	Pulse	55	18610000	4079950	NA
356	Pulse	55	18620000	4089950	NA
356	Pulse	55	18630000	4099950	NA
356	Pulse	55	18640000	4109950	NA
356	Pulse	55	18650000	4119950	NA
356	Pulse	55	18660000	4129950	NA
356	Pulse	55	18670000	4139950	NA
356	Pulse	55	18680000	4149950	NA
356	Pulse	55	18690000	4159950	NA
356	Pulse	55	18700000	4169950	NA
356	Pulse	55	18710000	4179950	NA
356	Pulse	55	18720000	4189950	NA
356	Pulse	55	18730000	4199950	NA
356	Pulse	55	18740000	4209950	NA
356	Pulse	55	18750000	4219950	NA
356	Pulse	55	18760000	4229950	NA
356	Pulse	55	18770000	4239950	NA
356	Pulse	55	18780000	4249950	NA
356	Pulse	55	18790000	4259950	NA
356	Pulse	55	18800000	4269950	NA
356	Pulse	55	18810000	4279950	NA
356	Pulse	55	18820000	4289950	NA
356	Pulse	55	18830000	4299950	NA
356	Pulse	55	18840000	4309950	NA
356	Pulse	55	18850000	4319950	NA
356	Pulse	55	18860000	4329950	NA
356	Pulse	55	18870000	4339950	NA
356	Pulse	55	18880000	4349950	NA
356	Pulse	55	18890000	4359950	NA
356	Pulse	55	18900000	4369950	NA
356	Pulse	55	18910000	4379950	NA
356	Pulse	55	18920000	4389950	NA
356	Pulse	55	18930000	4399950	NA
356	Pulse	55	18940000	4409950	NA
356	Pulse	55	18950000	4419950	NA
356	Pulse	55	18960000	4429950	NA
356	Pulse	55	18970000	4439950	NA
356	Pulse	55	18980000	4449950	NA
356	Pulse	55	18990000	4459950	NA
356	Pulse	55	19000000	4469950	NA
356	Pulse	55	19010000	4479950	NA
356	Pulse	55	19020000	4489950	NA
356	Pulse	55	19030000	4499950	NA
356	Pulse	55	19040000	4509950	NA
356	Pulse	55	19050000	4519950	NA
356	Pulse	55	19060000	4529950	NA
356	Pulse	55	19070000	4539950	NA
356	Pulse	55	19080000	4549950	NA
356	Pulse	55	19090000	4559950	NA
356	Pulse	55	19100000	4569950	NA
356	Pulse	55	19110000	4579950	NA
356	Pulse	55	19120000	4589950	NA
356	Pulse	55	19130000	4599950	NA
356	Pulse	55	19140000	4609950	NA
356	Pulse	55	19150000	4619950	NA
356	Pulse	55	19160000	4629950	NA
356	Pulse	55	19170000	4639950	NA
356	Pulse	55	19180000	4649950	NA
356	Pulse	55	19190000	4659950	NA
356	Pulse	55	19200000	4669950	NA
356	Pulse	55	19210000	4679950	NA
356	Pulse	55	19220000	4689950	NA
356	Pulse	55	19230000	4699950	NA
356	Pulse	55	19240000	4709950	NA
356	Pulse	55	19250000	4719950	NA
356	Pulse	55	19260000	4729950	NA
356	Pulse	55	19270000	4739950	NA
356	Pulse	55	19280000	4749950	NA
356	Pulse	55	19290000	4759950	NA
356	Pulse	55	19300000	4769950	NA
356	Pulse	55	19310000	4779950	NA
356	Pulse	55	19320000	4789950	NA
356	Pulse	55	19330000	4799950	NA
356	Pulse	55	19340000	4809950	NA
356	Pulse	55	19350000	4819950	NA
356	Pulse	55	19360000	4829950	NA
356	Pulse	55	19370000	4839950	NA
356	Pulse	55	19380000	4849950	NA
356	Pulse	55	19390000	4859950	NA
356	Pulse	55	19400000	4869950	NA
356	Pulse	55	19410000	4879950	NA
356	Pulse	55	19420000	4889950	NA
356	Pulse	55	19430000	4899950	NA
356	Pulse	55	19440000	4909950	NA
356	Pulse	55	19450000	4919950	NA
356	Response	1	19455080	4925031	1
357	Pulse	55	19460000	4824	NA
357	Pulse	55	19470000	14824	NA
357	Pulse	55	19480000	24824	NA
357	Pulse	55	19490000	34824	NA
357	Pulse	55	19500000	44824	NA
357	Pulse	55	19510000	54824	NA
357	Pulse	55	19520000	64824	NA
357	Pulse	55	19530000	74824	NA
357	Pulse	55	19540000	84824	NA
357	Pulse	55	19550000	94824	NA
357	Pulse	55	19560000	104824	NA
357	Pulse	55	19570000	114824	NA
357	Pulse	55	19580000	124824	NA
357	Pulse	55	19590000	134824	NA
357	Pulse	55	19600000	144824	NA
357	Pulse	55	19610000	154824	NA
357	Pulse	55	19620000	164824	NA
357	Pulse	55	19630000	174824	NA
357	Pulse	55	19640000	184824	NA
357	Pulse	55	19650000	194824	NA
357	Pulse	55	19660000	204824	NA
357	Pulse	55	19670000	214824	NA
357	Pulse	55	19680000	224824	NA
357	Pulse	55	19690000	234824	NA
357	Pulse	55	19700000	244824	NA
357	Pulse	55	19710000	254824	NA
357	Pulse	55	19720000	264824	NA
357	Pulse	55	19730000	274824	NA
357	Pulse	55	19740000	284824	NA
357	Pulse	55	19750000	294824	NA
357	Pulse	55	19760000	304824	NA
357	Pulse	55	19770000	314824	NA
357	Pulse	55	19780000	324824	NA
357	Pulse	55	19790000	334824	NA
357	Pulse	55	19800000	344824	NA
357	Pulse	55	19810000	354824	NA
357	Pulse	55	19820000	364824	NA
357	Pulse	55	19830000	374824	NA
357	Pulse	55	19840000	384824	NA
357	Pulse	55	19850000	394824	NA
357	Pulse	55	19860000	404824	NA
357	Pulse	55	19870000	414824	NA
357	Pulse	55	19880000	424824	NA
357	Pulse	55	19890000	434824	NA
357	Pulse	55	19900000	444824	NA
357	Pulse	55	19910000	454824	NA
357	Pulse	55	19920000	464824	NA
357	Pulse	55	19930000	474824	NA
357	Pulse	55	19940000	484824	NA
357	Pulse	55	19950000	494824	NA
357	Pulse	55	19960000	504824	NA
357	Pulse	55	19970000	514824	NA
357	Pulse	55	19980000	524824	NA
357	Pulse	55	19990000	534824	NA
357	Pulse	55	20000000	544824	NA
357	Pulse	55	20010000	554824	NA
357	Pulse	55	20020000	564824	NA
357	Pulse	55	20030000	574824	NA
357	Pulse	55	20040000	584824	NA
357	Pulse	55	20050000	594824	NA
357	Pulse	55	20060000	604824	NA
357	Pulse	55	20070000	614824	NA
357	Pulse	55	20080000	624824	NA
357	Pulse	55	20090000	634824	NA
357	Pulse	55	20100000	644824	NA
357	Pulse	55	20110000	654824	NA
357	Pulse	55	20120000	664824	NA
357	Pulse	55	20130000	674824	NA
357	Pulse	55	20140000	684824	NA
357	Pulse	55	20150000	694824	NA
357	Pulse	55	20160000	704824	NA
357	Pulse	55	20170000	714824	NA
357	Pulse	55	20180000	724824	NA
357	Pulse	55	20190000	734824	NA
357	Pulse	55	20200000	744824	NA
357	Pulse	55	20210000	754824	NA
357	Pulse	55	20220000	764824	NA
357	Pulse	55	20230000	774824	NA
357	Pulse	55	20240000	784824	NA
357	Pulse	55	20250000	794824	NA
357	Pulse	55	20260000	804824	NA
357	Pulse	55	20270000	814824	NA
357	Pulse	55	20280000	824824	NA
357	Pulse	55	20290000	834824	NA
357	Pulse	55	20300000	844824	NA
357	Pulse	55	20310000	854824	NA
357	Pulse	55	20320000	864824	NA
357	Pulse	55	20330000	874824	NA
357	Pulse	55	20340000	884824	NA
357	Pulse	55	20350000	894824	NA
357	Pulse	55	20360000	904824	NA
357	Pulse	55	20370000	914824	NA
357	Pulse	55	20380000	924824	NA
357	Pulse	55	20390000	934824	NA
357	Pulse	55	20400000	944824	NA
357	Pulse	55	20410000	954824	NA
357	Pulse	55	20420000	964824	NA
357	Response	1	20425558	970382	1
