Scenario - Slideshow_D2.sce
Logfile written - 11/10/2021 18:49:25

Trial	Event Type	Code	Time	TTime	Uncertainty	Duration	Uncertainty	ReqTime	ReqDur	Stim Type	Pair Index

0	Pulse	55	0	0	NA
1	Pulse	55	10000	9334	NA
1	Pulse	55	20000	19334	NA
1	Pulse	55	30000	29334	NA
1	Pulse	55	40000	39334	NA
2	Pulse	55	50000	8667	NA
2	Pulse	55	60000	18667	NA
2	Pulse	55	70000	28667	NA
2	Pulse	55	80000	38667	NA
3	Pulse	55	90000	8001	NA
3	Pulse	55	100000	18001	NA
3	Pulse	55	110000	28001	NA
3	Pulse	55	120000	38001	NA
4	Pulse	55	130000	7335	NA
4	Pulse	55	140000	17335	NA
4	Pulse	55	150000	27335	NA
4	Pulse	55	160000	37335	NA
5	Pulse	55	170000	6669	NA
5	Pulse	55	180000	16669	NA
5	Pulse	55	190000	26669	NA
5	Pulse	55	200000	36669	NA
6	Pulse	55	210000	6003	NA
6	Pulse	55	220000	16003	NA
6	Pulse	55	230000	26003	NA
6	Pulse	55	240000	36003	NA
7	Pulse	55	250000	5337	NA
7	Pulse	55	260000	15337	NA
7	Pulse	55	270000	25337	NA
7	Pulse	55	280000	35337	NA
8	Pulse	55	290000	4671	NA
8	Pulse	55	300000	14671	NA
8	Pulse	55	310000	24671	NA
8	Pulse	55	320000	34671	NA
9	Pulse	55	330000	4005	NA
9	Pulse	55	340000	14005	NA
9	Pulse	55	350000	24005	NA
9	Pulse	55	360000	34005	NA
10	Pulse	55	370000	3505	NA
10	Pulse	55	380000	13505	NA
10	Pulse	55	390000	23505	NA
10	Pulse	55	400000	33505	NA
11	Pulse	55	410000	2839	NA
11	Pulse	55	420000	12839	NA
11	Pulse	55	430000	22839	NA
11	Pulse	55	440000	32839	NA
12	Pulse	55	450000	2339	NA
12	Pulse	55	460000	12339	NA
12	Pulse	55	470000	22339	NA
12	Pulse	55	480000	32339	NA
13	Pulse	55	490000	1673	NA
13	Pulse	55	500000	11673	NA
13	Pulse	55	510000	21673	NA
13	Pulse	55	520000	31673	NA
14	Pulse	55	530000	1007	NA
14	Pulse	55	540000	11007	NA
14	Pulse	55	550000	21007	NA
14	Pulse	55	560000	31007	NA
15	Pulse	55	570000	341	NA
15	Pulse	55	580000	10341	NA
15	Pulse	55	590000	20341	NA
15	Pulse	55	600000	30341	NA
15	Pulse	55	610000	40341	NA
16	Pulse	55	620000	9675	NA
16	Pulse	55	630000	19675	NA
16	Pulse	55	640000	29675	NA
16	Pulse	55	650000	39675	NA
17	Pulse	55	660000	9009	NA
17	Pulse	55	670000	19009	NA
17	Pulse	55	680000	29009	NA
17	Pulse	55	690000	39009	NA
18	Pulse	55	700000	8343	NA
18	Pulse	55	710000	18343	NA
18	Pulse	55	720000	28343	NA
18	Pulse	55	730000	38343	NA
19	Pulse	55	740000	7677	NA
19	Pulse	55	750000	17677	NA
19	Pulse	55	760000	27677	NA
19	Pulse	55	770000	37677	NA
20	Pulse	55	780000	7010	NA
20	Pulse	55	790000	17010	NA
20	Pulse	55	800000	27010	NA
20	Pulse	55	810000	37010	NA
21	Pulse	55	820000	6344	NA
21	Pulse	55	830000	16344	NA
21	Pulse	55	840000	26344	NA
21	Pulse	55	850000	36344	NA
22	Pulse	55	860000	5678	NA
22	Pulse	55	870000	15678	NA
22	Pulse	55	880000	25678	NA
22	Pulse	55	890000	35678	NA
23	Pulse	55	900000	5012	NA
23	Pulse	55	910000	15012	NA
23	Pulse	55	920000	25012	NA
23	Pulse	55	930000	35012	NA
24	Pulse	55	940000	4346	NA
24	Pulse	55	950000	14346	NA
24	Pulse	55	960000	24346	NA
24	Pulse	55	970000	34346	NA
25	Pulse	55	980000	3680	NA
25	Pulse	55	990000	13680	NA
25	Pulse	55	1000000	23680	NA
25	Pulse	55	1010000	33680	NA
26	Pulse	55	1020000	3014	NA
26	Pulse	55	1030000	13014	NA
26	Pulse	55	1040000	23014	NA
26	Pulse	55	1050000	33014	NA
27	Pulse	55	1060000	2348	NA
27	Pulse	55	1070000	12348	NA
27	Pulse	55	1080000	22348	NA
27	Pulse	55	1090000	32348	NA
28	Pulse	55	1100000	1681	NA
28	Pulse	55	1110000	11681	NA
28	Pulse	55	1120000	21681	NA
28	Pulse	55	1130000	31681	NA
29	Pulse	55	1140000	1015	NA
29	Pulse	55	1150000	11015	NA
29	Pulse	55	1160000	21015	NA
29	Pulse	55	1170000	31015	NA
30	Pulse	55	1180000	349	NA
30	Pulse	55	1190000	10349	NA
30	Pulse	55	1200000	20349	NA
30	Pulse	55	1210000	30349	NA
30	Pulse	55	1220000	40349	NA
31	Pulse	55	1230000	9683	NA
31	Pulse	55	1240000	19683	NA
31	Pulse	55	1250000	29683	NA
31	Pulse	55	1260000	39683	NA
32	Pulse	55	1270000	9017	NA
32	Pulse	55	1280000	19017	NA
32	Pulse	55	1290000	29017	NA
32	Pulse	55	1300000	39017	NA
33	Pulse	55	1310000	8351	NA
33	Pulse	55	1320000	18351	NA
33	Pulse	55	1330000	28351	NA
33	Pulse	55	1340000	38351	NA
34	Pulse	55	1350000	7685	NA
34	Pulse	55	1360000	17685	NA
34	Pulse	55	1370000	27685	NA
34	Pulse	55	1380000	37685	NA
35	Pulse	55	1390000	7018	NA
35	Pulse	55	1400000	17018	NA
35	Pulse	55	1410000	27018	NA
35	Pulse	55	1420000	37018	NA
36	Pulse	55	1430000	6352	NA
36	Pulse	55	1440000	16352	NA
36	Pulse	55	1450000	26352	NA
36	Pulse	55	1460000	36352	NA
37	Pulse	55	1470000	5686	NA
37	Pulse	55	1480000	15686	NA
37	Pulse	55	1490000	25686	NA
37	Pulse	55	1500000	35686	NA
38	Pulse	55	1510000	4853	NA
38	Pulse	55	1520000	14853	NA
38	Pulse	55	1530000	24853	NA
38	Pulse	55	1540000	34853	NA
39	Pulse	55	1550000	4187	NA
39	Pulse	55	1560000	14187	NA
39	Pulse	55	1570000	24187	NA
39	Pulse	55	1580000	34187	NA
40	Pulse	55	1590000	3521	NA
40	Pulse	55	1600000	13521	NA
40	Pulse	55	1610000	23521	NA
40	Pulse	55	1620000	33521	NA
41	Pulse	55	1630000	2855	NA
41	Pulse	55	1640000	12855	NA
41	Pulse	55	1650000	22855	NA
41	Pulse	55	1660000	32855	NA
42	Pulse	55	1670000	2189	NA
42	Pulse	55	1680000	12189	NA
42	Pulse	55	1690000	22189	NA
42	Pulse	55	1700000	32189	NA
43	Pulse	55	1710000	1523	NA
43	Pulse	55	1720000	11523	NA
43	Pulse	55	1730000	21523	NA
43	Pulse	55	1740000	31523	NA
44	Pulse	55	1750000	857	NA
44	Pulse	55	1760000	10857	NA
44	Pulse	55	1770000	20857	NA
44	Pulse	55	1780000	30857	NA
45	Pulse	55	1790000	191	NA
45	Pulse	55	1800000	10191	NA
45	Pulse	55	1810000	20191	NA
45	Pulse	55	1820000	30191	NA
45	Pulse	55	1830000	40191	NA
46	Pulse	55	1840000	9525	NA
46	Pulse	55	1850000	19525	NA
46	Pulse	55	1860000	29525	NA
46	Pulse	55	1870000	39525	NA
47	Pulse	55	1880000	8858	NA
47	Pulse	55	1890000	18858	NA
47	Pulse	55	1900000	28858	NA
47	Pulse	55	1910000	38858	NA
48	Pulse	55	1920000	8192	NA
48	Pulse	55	1930000	18192	NA
48	Pulse	55	1940000	28192	NA
48	Pulse	55	1950000	38192	NA
49	Pulse	55	1960000	7526	NA
49	Pulse	55	1970000	17526	NA
49	Pulse	55	1980000	27526	NA
49	Pulse	55	1990000	37526	NA
50	Pulse	55	2000000	6860	NA
50	Pulse	55	2010000	16860	NA
50	Pulse	55	2020000	26860	NA
50	Pulse	55	2030000	36860	NA
51	Pulse	55	2040000	6194	NA
51	Pulse	55	2050000	16194	NA
51	Pulse	55	2060000	26194	NA
51	Pulse	55	2070000	36194	NA
52	Pulse	55	2080000	5528	NA
52	Pulse	55	2090000	15528	NA
52	Pulse	55	2100000	25528	NA
52	Pulse	55	2110000	35528	NA
53	Pulse	55	2120000	4862	NA
53	Pulse	55	2130000	14862	NA
53	Pulse	55	2140000	24862	NA
53	Pulse	55	2150000	34862	NA
54	Pulse	55	2160000	4196	NA
54	Pulse	55	2170000	14196	NA
54	Pulse	55	2180000	24196	NA
54	Pulse	55	2190000	34196	NA
55	Pulse	55	2200000	3529	NA
55	Pulse	55	2210000	13529	NA
55	Pulse	55	2220000	23529	NA
55	Pulse	55	2230000	33529	NA
56	Pulse	55	2240000	2697	NA
56	Pulse	55	2250000	12697	NA
56	Pulse	55	2260000	22697	NA
56	Pulse	55	2270000	32697	NA
57	Pulse	55	2280000	2031	NA
57	Pulse	55	2290000	12031	NA
57	Pulse	55	2300000	22031	NA
57	Pulse	55	2310000	32031	NA
58	Pulse	55	2320000	1364	NA
58	Pulse	55	2330000	11364	NA
58	Pulse	55	2340000	21364	NA
58	Pulse	55	2350000	31364	NA
59	Pulse	55	2360000	698	NA
59	Pulse	55	2370000	10698	NA
59	Pulse	55	2380000	20698	NA
59	Pulse	55	2390000	30698	NA
60	Pulse	55	2400000	32	NA
60	Pulse	55	2410000	10032	NA
60	Pulse	55	2420000	20032	NA
60	Pulse	55	2430000	30032	NA
60	Pulse	55	2440000	40032	NA
61	Pulse	55	2450000	9366	NA
61	Pulse	55	2460000	19366	NA
61	Pulse	55	2470000	29366	NA
61	Pulse	55	2480000	39366	NA
62	Pulse	55	2490000	8700	NA
62	Pulse	55	2500000	18700	NA
62	Pulse	55	2510000	28700	NA
62	Pulse	55	2520000	38700	NA
63	Pulse	55	2530000	8034	NA
63	Pulse	55	2540000	18034	NA
63	Pulse	55	2550000	28034	NA
63	Pulse	55	2560000	38034	NA
64	Pulse	55	2570000	7368	NA
64	Pulse	55	2580000	17368	NA
64	Pulse	55	2590000	27368	NA
64	Pulse	55	2600000	37368	NA
65	Pulse	55	2610000	6701	NA
65	Pulse	55	2620000	16701	NA
65	Pulse	55	2630000	26701	NA
65	Pulse	55	2640000	36701	NA
66	Pulse	55	2650000	6035	NA
66	Pulse	55	2660000	16035	NA
66	Pulse	55	2670000	26035	NA
66	Pulse	55	2680000	36035	NA
67	Pulse	55	2690000	5369	NA
67	Pulse	55	2700000	15369	NA
67	Pulse	55	2710000	25369	NA
67	Pulse	55	2720000	35369	NA
68	Pulse	55	2730000	4703	NA
68	Pulse	55	2740000	14703	NA
68	Pulse	55	2750000	24703	NA
68	Pulse	55	2760000	34703	NA
69	Pulse	55	2770000	4037	NA
69	Pulse	55	2780000	14037	NA
69	Pulse	55	2790000	24037	NA
69	Pulse	55	2800000	34037	NA
70	Pulse	55	2810000	3371	NA
70	Pulse	55	2820000	13371	NA
70	Pulse	55	2830000	23371	NA
70	Pulse	55	2840000	33371	NA
71	Pulse	55	2850000	2705	NA
71	Pulse	55	2860000	12705	NA
71	Pulse	55	2870000	22705	NA
71	Pulse	55	2880000	32705	NA
72	Pulse	55	2890000	2039	NA
72	Pulse	55	2900000	12039	NA
72	Pulse	55	2910000	22039	NA
72	Pulse	55	2920000	32039	NA
73	Pulse	55	2930000	1373	NA
73	Pulse	55	2940000	11373	NA
73	Pulse	55	2950000	21373	NA
73	Pulse	55	2960000	31373	NA
74	Pulse	55	2970000	706	NA
74	Pulse	55	2980000	10706	NA
74	Pulse	55	2990000	20706	NA
74	Pulse	55	3000000	30706	NA
75	Pulse	55	3010000	40	NA
75	Pulse	55	3020000	10040	NA
75	Pulse	55	3030000	20040	NA
75	Pulse	55	3040000	30040	NA
75	Pulse	55	3050000	40040	NA
76	Pulse	55	3060000	9374	NA
76	Pulse	55	3070000	19374	NA
76	Pulse	55	3080000	29374	NA
76	Pulse	55	3090000	39374	NA
77	Pulse	55	3100000	8708	NA
77	Pulse	55	3110000	18708	NA
77	Pulse	55	3120000	28708	NA
77	Pulse	55	3130000	38708	NA
78	Pulse	55	3140000	8042	NA
78	Pulse	55	3150000	18042	NA
78	Pulse	55	3160000	28042	NA
78	Pulse	55	3170000	38042	NA
79	Pulse	55	3180000	7376	NA
79	Pulse	55	3190000	17376	NA
79	Pulse	55	3200000	27376	NA
79	Pulse	55	3210000	37376	NA
80	Pulse	55	3220000	6710	NA
80	Pulse	55	3230000	16710	NA
80	Pulse	55	3240000	26710	NA
80	Pulse	55	3250000	36710	NA
81	Pulse	55	3260000	6044	NA
81	Pulse	55	3270000	16044	NA
81	Pulse	55	3280000	26044	NA
81	Pulse	55	3290000	36044	NA
82	Pulse	55	3300000	5377	NA
82	Pulse	55	3310000	15377	NA
82	Pulse	55	3320000	25377	NA
82	Pulse	55	3330000	35377	NA
83	Pulse	55	3340000	4711	NA
83	Pulse	55	3350000	14711	NA
83	Pulse	55	3360000	24711	NA
83	Pulse	55	3370000	34711	NA
84	Pulse	55	3380000	4045	NA
84	Pulse	55	3390000	14045	NA
84	Pulse	55	3400000	24045	NA
84	Pulse	55	3410000	34045	NA
85	Pulse	55	3420000	3379	NA
85	Pulse	55	3430000	13379	NA
85	Pulse	55	3440000	23379	NA
85	Pulse	55	3450000	33379	NA
86	Pulse	55	3460000	2713	NA
86	Pulse	55	3470000	12713	NA
86	Pulse	55	3480000	22713	NA
86	Pulse	55	3490000	32713	NA
87	Pulse	55	3500000	2047	NA
87	Pulse	55	3510000	12047	NA
87	Pulse	55	3520000	22047	NA
87	Pulse	55	3530000	32047	NA
88	Pulse	55	3540000	1381	NA
88	Pulse	55	3550000	11381	NA
88	Pulse	55	3560000	21381	NA
88	Pulse	55	3570000	31381	NA
89	Pulse	55	3580000	714	NA
89	Pulse	55	3590000	10714	NA
89	Pulse	55	3600000	20714	NA
89	Pulse	55	3610000	30714	NA
90	Pulse	55	3620000	48	NA
90	Pulse	55	3630000	10048	NA
90	Pulse	55	3640000	20048	NA
90	Pulse	55	3650000	30048	NA
90	Pulse	55	3660000	40048	NA
91	Pulse	55	3670000	9382	NA
91	Pulse	55	3680000	19382	NA
91	Pulse	55	3690000	29382	NA
91	Pulse	55	3700000	39382	NA
92	Pulse	55	3710000	8716	NA
92	Pulse	55	3720000	18716	NA
92	Pulse	55	3730000	28716	NA
92	Pulse	55	3740000	38716	NA
93	Pulse	55	3750000	8050	NA
93	Pulse	55	3760000	18050	NA
93	Pulse	55	3770000	28050	NA
93	Pulse	55	3780000	38050	NA
94	Pulse	55	3790000	7384	NA
94	Pulse	55	3800000	17384	NA
94	Pulse	55	3810000	27384	NA
94	Pulse	55	3820000	37384	NA
95	Pulse	55	3830000	6718	NA
95	Pulse	55	3840000	16718	NA
95	Pulse	55	3850000	26718	NA
95	Pulse	55	3860000	36718	NA
96	Pulse	55	3870000	6052	NA
96	Pulse	55	3880000	16052	NA
96	Pulse	55	3890000	26052	NA
96	Pulse	55	3900000	36052	NA
97	Pulse	55	3910000	5385	NA
97	Pulse	55	3920000	15385	NA
97	Pulse	55	3930000	25385	NA
97	Pulse	55	3940000	35385	NA
98	Pulse	55	3950000	4719	NA
98	Pulse	55	3960000	14719	NA
98	Pulse	55	3970000	24719	NA
98	Pulse	55	3980000	34719	NA
99	Pulse	55	3990000	4053	NA
99	Pulse	55	4000000	14053	NA
99	Pulse	55	4010000	24053	NA
99	Pulse	55	4020000	34053	NA
100	Pulse	55	4030000	3387	NA
100	Pulse	55	4040000	13387	NA
100	Pulse	55	4050000	23387	NA
100	Pulse	55	4060000	33387	NA
101	Pulse	55	4070000	2721	NA
101	Pulse	55	4080000	12721	NA
101	Pulse	55	4090000	22721	NA
101	Pulse	55	4100000	32721	NA
102	Pulse	55	4110000	2055	NA
102	Pulse	55	4120000	12055	NA
102	Pulse	55	4130000	22055	NA
102	Pulse	55	4140000	32055	NA
103	Pulse	55	4150000	1389	NA
103	Pulse	55	4160000	11389	NA
103	Pulse	55	4170000	21389	NA
103	Pulse	55	4180000	31389	NA
104	Pulse	55	4190000	723	NA
104	Pulse	55	4200000	10723	NA
104	Pulse	55	4210000	20723	NA
104	Pulse	55	4220000	30723	NA
105	Pulse	55	4230000	57	NA
105	Pulse	55	4240000	10057	NA
105	Pulse	55	4250000	20057	NA
105	Pulse	55	4260000	30057	NA
105	Pulse	55	4270000	40057	NA
106	Pulse	55	4280000	9390	NA
106	Pulse	55	4290000	19390	NA
106	Pulse	55	4300000	29390	NA
106	Pulse	55	4310000	39390	NA
107	Pulse	55	4320000	8891	NA
107	Pulse	55	4330000	18891	NA
107	Pulse	55	4340000	28891	NA
107	Pulse	55	4350000	38891	NA
108	Pulse	55	4360000	8391	NA
108	Pulse	55	4370000	18391	NA
108	Pulse	55	4380000	28391	NA
108	Pulse	55	4390000	38391	NA
109	Pulse	55	4400000	7725	NA
109	Pulse	55	4410000	17725	NA
109	Pulse	55	4420000	27725	NA
109	Pulse	55	4430000	37725	NA
110	Pulse	55	4440000	7059	NA
110	Pulse	55	4450000	17059	NA
110	Pulse	55	4460000	27059	NA
110	Pulse	55	4470000	37059	NA
111	Pulse	55	4480000	6393	NA
111	Pulse	55	4490000	16393	NA
111	Pulse	55	4500000	26393	NA
111	Pulse	55	4510000	36393	NA
112	Pulse	55	4520000	5727	NA
112	Pulse	55	4530000	15727	NA
112	Pulse	55	4540000	25727	NA
112	Pulse	55	4550000	35727	NA
113	Pulse	55	4560000	5061	NA
113	Pulse	55	4570000	15061	NA
113	Pulse	55	4580000	25061	NA
113	Pulse	55	4590000	35061	NA
114	Pulse	55	4600000	4395	NA
114	Pulse	55	4610000	14395	NA
114	Pulse	55	4620000	24395	NA
114	Pulse	55	4630000	34395	NA
115	Pulse	55	4640000	3895	NA
115	Pulse	55	4650000	13895	NA
115	Pulse	55	4660000	23895	NA
115	Pulse	55	4670000	33895	NA
116	Pulse	55	4680000	3229	NA
116	Pulse	55	4690000	13229	NA
116	Pulse	55	4700000	23229	NA
116	Pulse	55	4710000	33229	NA
117	Pulse	55	4720000	2563	NA
117	Pulse	55	4730000	12563	NA
117	Pulse	55	4740000	22563	NA
117	Pulse	55	4750000	32563	NA
118	Pulse	55	4760000	2064	NA
118	Pulse	55	4770000	12064	NA
118	Pulse	55	4780000	22064	NA
118	Pulse	55	4790000	32064	NA
119	Pulse	55	4800000	1397	NA
119	Pulse	55	4810000	11397	NA
119	Pulse	55	4820000	21397	NA
119	Pulse	55	4830000	31397	NA
120	Pulse	55	4840000	731	NA
120	Pulse	55	4850000	10731	NA
120	Pulse	55	4860000	20731	NA
120	Pulse	55	4870000	30731	NA
121	Pulse	55	4880000	232	NA
121	Pulse	55	4890000	10232	NA
121	Pulse	55	4900000	20232	NA
121	Pulse	55	4910000	30232	NA
121	Pulse	55	4920000	40232	NA
122	Pulse	55	4930000	9566	NA
122	Pulse	55	4940000	19566	NA
122	Pulse	55	4950000	29566	NA
122	Pulse	55	4960000	39566	NA
123	Pulse	55	4970000	9066	NA
123	Pulse	55	4980000	19066	NA
123	Pulse	55	4990000	29066	NA
123	Pulse	55	5000000	39066	NA
124	Pulse	55	5010000	8567	NA
124	Pulse	55	5020000	18567	NA
124	Pulse	55	5030000	28567	NA
124	Pulse	55	5040000	38567	NA
125	Pulse	55	5050000	8067	NA
125	Pulse	55	5060000	18067	NA
125	Pulse	55	5070000	28067	NA
125	Pulse	55	5080000	38067	NA
126	Pulse	55	5090000	7401	NA
126	Pulse	55	5100000	17401	NA
126	Pulse	55	5110000	27401	NA
126	Pulse	55	5120000	37401	NA
127	Pulse	55	5130000	6735	NA
127	Pulse	55	5140000	16735	NA
127	Pulse	55	5150000	26735	NA
127	Pulse	55	5160000	36735	NA
128	Pulse	55	5170000	6069	NA
128	Pulse	55	5180000	16069	NA
128	Pulse	55	5190000	26069	NA
128	Pulse	55	5200000	36069	NA
129	Pulse	55	5210000	5403	NA
129	Pulse	55	5220000	15403	NA
129	Pulse	55	5230000	25403	NA
129	Pulse	55	5240000	35403	NA
130	Pulse	55	5250000	4737	NA
130	Pulse	55	5260000	14737	NA
130	Pulse	55	5270000	24737	NA
130	Pulse	55	5280000	34737	NA
131	Pulse	55	5290000	4071	NA
131	Pulse	55	5300000	14071	NA
131	Pulse	55	5310000	24071	NA
131	Pulse	55	5320000	34071	NA
132	Pulse	55	5330000	3571	NA
132	Pulse	55	5340000	13571	NA
132	Pulse	55	5350000	23571	NA
132	Pulse	55	5360000	33571	NA
133	Pulse	55	5370000	2905	NA
133	Pulse	55	5380000	12905	NA
133	Pulse	55	5390000	22905	NA
133	Pulse	55	5400000	32905	NA
134	Pulse	55	5410000	2239	NA
134	Pulse	55	5420000	12239	NA
134	Pulse	55	5430000	22239	NA
134	Pulse	55	5440000	32239	NA
135	Pulse	55	5450000	1573	NA
135	Pulse	55	5460000	11573	NA
135	Pulse	55	5470000	21573	NA
135	Pulse	55	5480000	31573	NA
136	Pulse	55	5490000	907	NA
136	Pulse	55	5500000	10907	NA
136	Pulse	55	5510000	20907	NA
136	Pulse	55	5520000	30907	NA
137	Pulse	55	5530000	241	NA
137	Pulse	55	5540000	10241	NA
137	Pulse	55	5550000	20241	NA
137	Pulse	55	5560000	30241	NA
137	Pulse	55	5570000	40241	NA
138	Pulse	55	5580000	9741	NA
138	Pulse	55	5590000	19741	NA
138	Pulse	55	5600000	29741	NA
138	Pulse	55	5610000	39741	NA
139	Pulse	55	5620000	9075	NA
139	Pulse	55	5630000	19075	NA
139	Pulse	55	5640000	29075	NA
139	Pulse	55	5650000	39075	NA
140	Pulse	55	5660000	8409	NA
140	Pulse	55	5670000	18409	NA
140	Pulse	55	5680000	28409	NA
140	Pulse	55	5690000	38409	NA
141	Pulse	55	5700000	7909	NA
141	Pulse	55	5710000	17909	NA
141	Pulse	55	5720000	27909	NA
141	Pulse	55	5730000	37909	NA
142	Pulse	55	5740000	7243	NA
142	Pulse	55	5750000	17243	NA
142	Pulse	55	5760000	27243	NA
142	Pulse	55	5770000	37243	NA
143	Pulse	55	5780000	6577	NA
143	Pulse	55	5790000	16577	NA
143	Pulse	55	5800000	26577	NA
143	Pulse	55	5810000	36577	NA
144	Pulse	55	5820000	6078	NA
144	Pulse	55	5830000	16078	NA
144	Pulse	55	5840000	26078	NA
144	Pulse	55	5850000	36078	NA
145	Pulse	55	5860000	5578	NA
145	Pulse	55	5870000	15578	NA
145	Pulse	55	5880000	25578	NA
145	Pulse	55	5890000	35578	NA
146	Pulse	55	5900000	4912	NA
146	Pulse	55	5910000	14912	NA
146	Pulse	55	5920000	24912	NA
146	Pulse	55	5930000	34912	NA
147	Pulse	55	5940000	4246	NA
147	Pulse	55	5950000	14246	NA
147	Pulse	55	5960000	24246	NA
147	Pulse	55	5970000	34246	NA
148	Pulse	55	5980000	3580	NA
148	Pulse	55	5990000	13580	NA
148	Pulse	55	6000000	23580	NA
148	Pulse	55	6010000	33580	NA
149	Pulse	55	6020000	2914	NA
149	Pulse	55	6030000	12914	NA
149	Pulse	55	6040000	22914	NA
149	Pulse	55	6050000	32914	NA
150	Pulse	55	6060000	2248	NA
150	Pulse	55	6070000	12248	NA
150	Pulse	55	6080000	22248	NA
150	Pulse	55	6090000	32248	NA
151	Pulse	55	6100000	1581	NA
151	Pulse	55	6110000	11581	NA
151	Pulse	55	6120000	21581	NA
151	Pulse	55	6130000	31581	NA
152	Pulse	55	6140000	915	NA
152	Pulse	55	6150000	10915	NA
152	Pulse	55	6160000	20915	NA
152	Pulse	55	6170000	30915	NA
153	Pulse	55	6180000	416	NA
153	Pulse	55	6190000	10416	NA
153	Pulse	55	6200000	20416	NA
153	Pulse	55	6210000	30416	NA
153	Pulse	55	6220000	40416	NA
154	Pulse	55	6230000	9916	NA
154	Pulse	55	6240000	19916	NA
154	Pulse	55	6250000	29916	NA
154	Pulse	55	6260000	39916	NA
155	Pulse	55	6270000	9417	NA
155	Pulse	55	6280000	19417	NA
155	Pulse	55	6290000	29417	NA
155	Pulse	55	6300000	39417	NA
156	Pulse	55	6310000	8917	NA
156	Pulse	55	6320000	18917	NA
156	Pulse	55	6330000	28917	NA
156	Pulse	55	6340000	38917	NA
157	Pulse	55	6350000	8418	NA
157	Pulse	55	6360000	18418	NA
157	Pulse	55	6370000	28418	NA
157	Pulse	55	6380000	38418	NA
158	Pulse	55	6390000	7918	NA
158	Pulse	55	6400000	17918	NA
158	Pulse	55	6410000	27918	NA
158	Pulse	55	6420000	37918	NA
159	Pulse	55	6430000	7252	NA
159	Pulse	55	6440000	17252	NA
159	Pulse	55	6450000	27252	NA
159	Pulse	55	6460000	37252	NA
160	Pulse	55	6470000	6586	NA
160	Pulse	55	6480000	16586	NA
160	Pulse	55	6490000	26586	NA
160	Pulse	55	6500000	36586	NA
161	Pulse	55	6510000	5920	NA
161	Pulse	55	6520000	15920	NA
161	Pulse	55	6530000	25920	NA
161	Pulse	55	6540000	35920	NA
162	Pulse	55	6550000	5421	NA
162	Pulse	55	6560000	15421	NA
162	Pulse	55	6570000	25421	NA
162	Pulse	55	6580000	35421	NA
163	Pulse	55	6590000	4755	NA
163	Pulse	55	6600000	14755	NA
163	Pulse	55	6610000	24755	NA
163	Pulse	55	6620000	34755	NA
164	Pulse	55	6630000	4088	NA
164	Pulse	55	6640000	14088	NA
164	Pulse	55	6650000	24088	NA
164	Pulse	55	6660000	34088	NA
165	Pulse	55	6670000	3422	NA
165	Pulse	55	6680000	13422	NA
165	Pulse	55	6690000	23422	NA
165	Pulse	55	6700000	33422	NA
166	Pulse	55	6710000	2756	NA
166	Pulse	55	6720000	12756	NA
166	Pulse	55	6730000	22756	NA
166	Pulse	55	6740000	32756	NA
167	Pulse	55	6750000	2090	NA
167	Pulse	55	6760000	12090	NA
167	Pulse	55	6770000	22090	NA
167	Pulse	55	6780000	32090	NA
168	Pulse	55	6790000	1424	NA
168	Pulse	55	6800000	11424	NA
168	Pulse	55	6810000	21424	NA
168	Pulse	55	6820000	31424	NA
169	Pulse	55	6830000	924	NA
169	Pulse	55	6840000	10924	NA
169	Pulse	55	6850000	20924	NA
169	Pulse	55	6860000	30924	NA
170	Pulse	55	6870000	258	NA
170	Pulse	55	6880000	10258	NA
170	Pulse	55	6890000	20258	NA
170	Pulse	55	6900000	30258	NA
170	Pulse	55	6910000	40258	NA
171	Pulse	55	6920000	9759	NA
171	Pulse	55	6930000	19759	NA
171	Pulse	55	6940000	29759	NA
171	Pulse	55	6950000	39759	NA
172	Pulse	55	6960000	9259	NA
172	Pulse	55	6970000	19259	NA
172	Pulse	55	6980000	29259	NA
172	Pulse	55	6990000	39259	NA
173	Pulse	55	7000000	8593	NA
173	Pulse	55	7010000	18593	NA
173	Pulse	55	7020000	28593	NA
173	Pulse	55	7030000	38593	NA
174	Pulse	55	7040000	8094	NA
174	Pulse	55	7050000	18094	NA
174	Pulse	55	7060000	28094	NA
174	Pulse	55	7070000	38094	NA
175	Pulse	55	7080000	7594	NA
175	Pulse	55	7090000	17594	NA
175	Pulse	55	7100000	27594	NA
175	Pulse	55	7110000	37594	NA
176	Pulse	55	7120000	6928	NA
176	Pulse	55	7130000	16928	NA
176	Pulse	55	7140000	26928	NA
176	Pulse	55	7150000	36928	NA
177	Pulse	55	7160000	6262	NA
177	Pulse	55	7170000	16262	NA
177	Pulse	55	7180000	26262	NA
177	Pulse	55	7190000	36262	NA
178	Pulse	55	7200000	5763	NA
178	Pulse	55	7210000	15763	NA
178	Pulse	55	7220000	25763	NA
178	Pulse	55	7230000	35763	NA
179	Pulse	55	7240000	5263	NA
179	Pulse	55	7250000	15263	NA
179	Pulse	55	7260000	25263	NA
179	Pulse	55	7270000	35263	NA
180	Pulse	55	7280000	4597	NA
180	Pulse	55	7290000	14597	NA
180	Pulse	55	7300000	24597	NA
180	Pulse	55	7310000	34597	NA
181	Pulse	55	7320000	3931	NA
181	Pulse	55	7330000	13931	NA
181	Pulse	55	7340000	23931	NA
181	Pulse	55	7350000	33931	NA
182	Pulse	55	7360000	3265	NA
182	Pulse	55	7370000	13265	NA
182	Pulse	55	7380000	23265	NA
182	Pulse	55	7390000	33265	NA
183	Pulse	55	7400000	2599	NA
183	Pulse	55	7410000	12599	NA
183	Pulse	55	7420000	22599	NA
183	Pulse	55	7430000	32599	NA
184	Pulse	55	7440000	1933	NA
184	Pulse	55	7450000	11933	NA
184	Pulse	55	7460000	21933	NA
184	Pulse	55	7470000	31933	NA
185	Pulse	55	7480000	1433	NA
185	Pulse	55	7490000	11433	NA
185	Pulse	55	7500000	21433	NA
185	Pulse	55	7510000	31433	NA
186	Pulse	55	7520000	767	NA
186	Pulse	55	7530000	10767	NA
186	Pulse	55	7540000	20767	NA
186	Pulse	55	7550000	30767	NA
187	Pulse	55	7560000	101	NA
187	Pulse	55	7570000	10101	NA
187	Pulse	55	7580000	20101	NA
187	Pulse	55	7590000	30101	NA
187	Pulse	55	7600000	40101	NA
188	Pulse	55	7610000	9435	NA
188	Pulse	55	7620000	19435	NA
188	Pulse	55	7630000	29435	NA
188	Pulse	55	7640000	39435	NA
189	Pulse	55	7650000	8769	NA
189	Pulse	55	7660000	18769	NA
189	Pulse	55	7670000	28769	NA
189	Pulse	55	7680000	38769	NA
190	Pulse	55	7690000	8103	NA
190	Pulse	55	7700000	18103	NA
190	Pulse	55	7710000	28103	NA
190	Pulse	55	7720000	38103	NA
191	Pulse	55	7730000	7436	NA
191	Pulse	55	7740000	17436	NA
191	Pulse	55	7750000	27436	NA
191	Pulse	55	7760000	37436	NA
192	Pulse	55	7770000	6770	NA
192	Pulse	55	7780000	16770	NA
192	Pulse	55	7790000	26770	NA
192	Pulse	55	7800000	36770	NA
193	Pulse	55	7810000	6104	NA
193	Pulse	55	7820000	16104	NA
193	Pulse	55	7830000	26104	NA
193	Pulse	55	7840000	36104	NA
194	Pulse	55	7850000	5438	NA
194	Pulse	55	7860000	15438	NA
194	Pulse	55	7870000	25438	NA
194	Pulse	55	7880000	35438	NA
195	Pulse	55	7890000	4772	NA
195	Pulse	55	7900000	14772	NA
195	Pulse	55	7910000	24772	NA
195	Pulse	55	7920000	34772	NA
196	Pulse	55	7930000	4106	NA
196	Pulse	55	7940000	14106	NA
196	Pulse	55	7950000	24106	NA
196	Pulse	55	7960000	34106	NA
197	Pulse	55	7970000	3606	NA
197	Pulse	55	7980000	13606	NA
197	Pulse	55	7990000	23606	NA
197	Pulse	55	8000000	33606	NA
198	Pulse	55	8010000	3107	NA
198	Pulse	55	8020000	13107	NA
198	Pulse	55	8030000	23107	NA
198	Pulse	55	8040000	33107	NA
199	Pulse	55	8050000	2441	NA
199	Pulse	55	8060000	12441	NA
199	Pulse	55	8070000	22441	NA
199	Pulse	55	8080000	32441	NA
200	Pulse	55	8090000	1775	NA
200	Pulse	55	8100000	11775	NA
200	Pulse	55	8110000	21775	NA
200	Pulse	55	8120000	31775	NA
201	Pulse	55	8130000	1275	NA
201	Pulse	55	8140000	11275	NA
201	Pulse	55	8150000	21275	NA
201	Pulse	55	8160000	31275	NA
202	Pulse	55	8170000	776	NA
202	Pulse	55	8180000	10776	NA
202	Pulse	55	8190000	20776	NA
202	Pulse	55	8200000	30776	NA
203	Pulse	55	8210000	276	NA
203	Pulse	55	8220000	10276	NA
203	Pulse	55	8230000	20276	NA
203	Pulse	55	8240000	30276	NA
203	Pulse	55	8250000	40276	NA
204	Pulse	55	8260000	9610	NA
204	Pulse	55	8270000	19610	NA
204	Pulse	55	8280000	29610	NA
204	Pulse	55	8290000	39610	NA
205	Pulse	55	8300000	9110	NA
205	Pulse	55	8310000	19110	NA
205	Pulse	55	8320000	29110	NA
205	Pulse	55	8330000	39110	NA
206	Pulse	55	8340000	8444	NA
206	Pulse	55	8350000	18444	NA
206	Pulse	55	8360000	28444	NA
206	Pulse	55	8370000	38444	NA
207	Pulse	55	8380000	7945	NA
207	Pulse	55	8390000	17945	NA
207	Pulse	55	8400000	27945	NA
207	Pulse	55	8410000	37945	NA
208	Pulse	55	8420000	7445	NA
208	Pulse	55	8430000	17445	NA
208	Pulse	55	8440000	27445	NA
208	Pulse	55	8450000	37445	NA
209	Pulse	55	8460000	6779	NA
209	Pulse	55	8470000	16779	NA
209	Pulse	55	8480000	26779	NA
209	Pulse	55	8490000	36779	NA
210	Pulse	55	8500000	6280	NA
210	Pulse	55	8510000	16280	NA
210	Pulse	55	8520000	26280	NA
210	Pulse	55	8530000	36280	NA
211	Pulse	55	8540000	5780	NA
211	Pulse	55	8550000	15780	NA
211	Pulse	55	8560000	25780	NA
211	Pulse	55	8570000	35780	NA
212	Pulse	55	8580000	5281	NA
212	Pulse	55	8590000	15281	NA
212	Pulse	55	8600000	25281	NA
212	Pulse	55	8610000	35281	NA
213	Pulse	55	8620000	4781	NA
213	Pulse	55	8630000	14781	NA
213	Pulse	55	8640000	24781	NA
213	Pulse	55	8650000	34781	NA
214	Pulse	55	8660000	4115	NA
214	Pulse	55	8670000	14115	NA
214	Pulse	55	8680000	24115	NA
214	Pulse	55	8690000	34115	NA
215	Pulse	55	8700000	3449	NA
215	Pulse	55	8710000	13449	NA
215	Pulse	55	8720000	23449	NA
215	Pulse	55	8730000	33449	NA
216	Pulse	55	8740000	2783	NA
216	Pulse	55	8750000	12783	NA
216	Pulse	55	8760000	22783	NA
216	Pulse	55	8770000	32783	NA
217	Pulse	55	8780000	2450	NA
217	Pulse	55	8790000	12450	NA
217	Pulse	55	8800000	22450	NA
217	Pulse	55	8810000	32450	NA
218	Pulse	55	8820000	1784	NA
218	Pulse	55	8830000	11784	NA
218	Pulse	55	8840000	21784	NA
218	Pulse	55	8850000	31784	NA
219	Pulse	55	8860000	1285	NA
219	Pulse	55	8870000	11285	NA
219	Pulse	55	8880000	21285	NA
219	Pulse	55	8890000	31285	NA
220	Pulse	55	8900000	619	NA
220	Pulse	55	8910000	10619	NA
220	Pulse	55	8920000	20619	NA
220	Pulse	55	8930000	30619	NA
220	Pulse	55	8940000	40619	NA
221	Pulse	55	8950000	9952	NA
221	Pulse	55	8960000	19952	NA
221	Pulse	55	8970000	29952	NA
221	Pulse	55	8980000	39952	NA
222	Pulse	55	8990000	9453	NA
222	Pulse	55	9000000	19453	NA
222	Pulse	55	9010000	29453	NA
222	Pulse	55	9020000	39453	NA
223	Pulse	55	9030000	8787	NA
223	Pulse	55	9040000	18787	NA
223	Pulse	55	9050000	28787	NA
223	Pulse	55	9060000	38787	NA
224	Pulse	55	9070000	8121	NA
224	Pulse	55	9080000	18121	NA
224	Pulse	55	9090000	28121	NA
224	Pulse	55	9100000	38121	NA
225	Pulse	55	9110000	7621	NA
225	Pulse	55	9120000	17621	NA
225	Pulse	55	9130000	27621	NA
225	Pulse	55	9140000	37621	NA
226	Pulse	55	9150000	7122	NA
226	Pulse	55	9160000	17122	NA
226	Pulse	55	9170000	27122	NA
226	Pulse	55	9180000	37122	NA
227	Pulse	55	9190000	6456	NA
227	Pulse	55	9200000	16456	NA
227	Pulse	55	9210000	26456	NA
227	Pulse	55	9220000	36456	NA
228	Pulse	55	9230000	5790	NA
228	Pulse	55	9240000	15790	NA
228	Pulse	55	9250000	25790	NA
228	Pulse	55	9260000	35790	NA
229	Pulse	55	9270000	5124	NA
229	Pulse	55	9280000	15124	NA
229	Pulse	55	9290000	25124	NA
229	Pulse	55	9300000	35124	NA
230	Pulse	55	9310000	4457	NA
230	Pulse	55	9320000	14457	NA
230	Pulse	55	9330000	24457	NA
230	Pulse	55	9340000	34457	NA
231	Pulse	55	9350000	3958	NA
231	Pulse	55	9360000	13958	NA
231	Pulse	55	9370000	23958	NA
231	Pulse	55	9380000	33958	NA
232	Pulse	55	9390000	3292	NA
232	Pulse	55	9400000	13292	NA
232	Pulse	55	9410000	23292	NA
232	Pulse	55	9420000	33292	NA
233	Pulse	55	9430000	2626	NA
233	Pulse	55	9440000	12626	NA
233	Pulse	55	9450000	22626	NA
233	Pulse	55	9460000	32626	NA
234	Pulse	55	9470000	1959	NA
234	Pulse	55	9480000	11959	NA
234	Pulse	55	9490000	21959	NA
234	Pulse	55	9500000	31959	NA
235	Pulse	55	9510000	1293	NA
235	Pulse	55	9520000	11293	NA
235	Pulse	55	9530000	21293	NA
235	Pulse	55	9540000	31293	NA
236	Pulse	55	9550000	627	NA
236	Pulse	55	9560000	10627	NA
236	Pulse	55	9570000	20627	NA
236	Pulse	55	9580000	30627	NA
236	Pulse	55	9590000	40627	NA
237	Pulse	55	9600000	9961	NA
237	Pulse	55	9610000	19961	NA
237	Pulse	55	9620000	29961	NA
237	Pulse	55	9630000	39961	NA
238	Pulse	55	9640000	9295	NA
238	Pulse	55	9650000	19295	NA
238	Pulse	55	9660000	29295	NA
238	Pulse	55	9670000	39295	NA
239	Pulse	55	9680000	8796	NA
239	Pulse	55	9690000	18796	NA
239	Pulse	55	9700000	28796	NA
239	Pulse	55	9710000	38796	NA
240	Pulse	55	9720000	8129	NA
240	Pulse	55	9730000	18129	NA
240	Pulse	55	9740000	28129	NA
240	Pulse	55	9750000	38129	NA
241	Pulse	55	9760000	7463	NA
241	Pulse	55	9770000	17463	NA
241	Pulse	55	9780000	27463	NA
241	Pulse	55	9790000	37463	NA
242	Pulse	55	9800000	6797	NA
242	Pulse	55	9810000	16797	NA
242	Pulse	55	9820000	26797	NA
242	Pulse	55	9830000	36797	NA
243	Pulse	55	9840000	6131	NA
243	Pulse	55	9850000	16131	NA
243	Pulse	55	9860000	26131	NA
243	Pulse	55	9870000	36131	NA
244	Pulse	55	9880000	5465	NA
244	Pulse	55	9890000	15465	NA
244	Pulse	55	9900000	25465	NA
244	Pulse	55	9910000	35465	NA
245	Pulse	55	9920000	4966	NA
245	Pulse	55	9930000	14966	NA
245	Pulse	55	9940000	24966	NA
245	Pulse	55	9950000	34966	NA
246	Pulse	55	9960000	4299	NA
246	Pulse	55	9970000	14299	NA
246	Pulse	55	9980000	24299	NA
246	Pulse	55	9990000	34299	NA
247	Pulse	55	10000000	3633	NA
247	Pulse	55	10010000	13633	NA
247	Pulse	55	10020000	23633	NA
247	Pulse	55	10030000	33633	NA
248	Pulse	55	10040000	2967	NA
248	Pulse	55	10050000	12967	NA
248	Pulse	55	10060000	22967	NA
248	Pulse	55	10070000	32967	NA
249	Pulse	55	10080000	2301	NA
249	Pulse	55	10090000	12301	NA
249	Pulse	55	10100000	22301	NA
249	Pulse	55	10110000	32301	NA
250	Pulse	55	10120000	1635	NA
250	Pulse	55	10130000	11635	NA
250	Pulse	55	10140000	21635	NA
250	Pulse	55	10150000	31635	NA
251	Pulse	55	10160000	969	NA
251	Pulse	55	10170000	10969	NA
251	Pulse	55	10180000	20969	NA
251	Pulse	55	10190000	30969	NA
252	Pulse	55	10200000	303	NA
252	Pulse	55	10210000	10303	NA
252	Pulse	55	10220000	20303	NA
252	Pulse	55	10230000	30303	NA
252	Pulse	55	10240000	40303	NA
253	Pulse	55	10250000	9637	NA
253	Pulse	55	10260000	19637	NA
253	Pulse	55	10270000	29637	NA
253	Pulse	55	10280000	39637	NA
254	Pulse	55	10290000	8970	NA
254	Pulse	55	10300000	18970	NA
254	Pulse	55	10310000	28970	NA
254	Pulse	55	10320000	38970	NA
255	Pulse	55	10330000	8471	NA
255	Pulse	55	10340000	18471	NA
255	Pulse	55	10350000	28471	NA
255	Pulse	55	10360000	38471	NA
256	Pulse	55	10370000	7805	NA
256	Pulse	55	10380000	17805	NA
256	Pulse	55	10390000	27805	NA
256	Pulse	55	10400000	37805	NA
257	Pulse	55	10410000	7305	NA
257	Pulse	55	10420000	17305	NA
257	Pulse	55	10430000	27305	NA
257	Pulse	55	10440000	37305	NA
258	Pulse	55	10450000	6639	NA
258	Pulse	55	10460000	16639	NA
258	Pulse	55	10470000	26639	NA
258	Pulse	55	10480000	36639	NA
259	Pulse	55	10490000	5973	NA
259	Pulse	55	10500000	15973	NA
259	Pulse	55	10510000	25973	NA
259	Pulse	55	10520000	35973	NA
260	Pulse	55	10530000	5307	NA
260	Pulse	55	10540000	15307	NA
260	Pulse	55	10550000	25307	NA
260	Pulse	55	10560000	35307	NA
261	Pulse	55	10570000	4641	NA
261	Pulse	55	10580000	14641	NA
261	Pulse	55	10590000	24641	NA
261	Pulse	55	10600000	34641	NA
262	Pulse	55	10610000	3975	NA
262	Pulse	55	10620000	13975	NA
262	Pulse	55	10630000	23975	NA
262	Pulse	55	10640000	33975	NA
263	Pulse	55	10650000	3308	NA
263	Pulse	55	10660000	13308	NA
263	Pulse	55	10670000	23308	NA
263	Pulse	55	10680000	33308	NA
264	Pulse	55	10690000	2642	NA
264	Pulse	55	10700000	12642	NA
264	Pulse	55	10710000	22642	NA
264	Pulse	55	10720000	32642	NA
265	Pulse	55	10730000	1976	NA
265	Pulse	55	10740000	11976	NA
265	Pulse	55	10750000	21976	NA
265	Pulse	55	10760000	31976	NA
266	Pulse	55	10770000	1310	NA
266	Pulse	55	10780000	11310	NA
266	Pulse	55	10790000	21310	NA
266	Pulse	55	10800000	31310	NA
267	Pulse	55	10810000	644	NA
267	Pulse	55	10820000	10644	NA
267	Pulse	55	10830000	20644	NA
267	Pulse	55	10840000	30644	NA
267	Pulse	55	10850000	40644	NA
268	Pulse	55	10860000	9978	NA
268	Pulse	55	10870000	19978	NA
268	Pulse	55	10880000	29978	NA
268	Pulse	55	10890000	39978	NA
269	Pulse	55	10900000	9312	NA
269	Pulse	55	10910000	19312	NA
269	Pulse	55	10920000	29312	NA
269	Pulse	55	10930000	39312	NA
270	Pulse	55	10940000	8646	NA
270	Pulse	55	10950000	18646	NA
270	Pulse	55	10960000	28646	NA
270	Pulse	55	10970000	38646	NA
271	Pulse	55	10980000	7979	NA
271	Pulse	55	10990000	17979	NA
271	Pulse	55	11000000	27979	NA
271	Pulse	55	11010000	37979	NA
272	Pulse	55	11020000	7313	NA
272	Pulse	55	11030000	17313	NA
272	Pulse	55	11040000	27313	NA
272	Pulse	55	11050000	37313	NA
273	Pulse	55	11060000	6647	NA
273	Pulse	55	11070000	16647	NA
273	Pulse	55	11080000	26647	NA
273	Pulse	55	11090000	36647	NA
274	Pulse	55	11100000	5981	NA
274	Pulse	55	11110000	15981	NA
274	Pulse	55	11120000	25981	NA
274	Pulse	55	11130000	35981	NA
275	Pulse	55	11140000	5315	NA
275	Pulse	55	11150000	15315	NA
275	Pulse	55	11160000	25315	NA
275	Pulse	55	11170000	35315	NA
276	Pulse	55	11180000	4649	NA
276	Pulse	55	11190000	14649	NA
276	Pulse	55	11200000	24649	NA
276	Pulse	55	11210000	34649	NA
277	Pulse	55	11220000	3983	NA
277	Pulse	55	11230000	13983	NA
277	Pulse	55	11240000	23983	NA
277	Pulse	55	11250000	33983	NA
278	Pulse	55	11260000	3317	NA
278	Pulse	55	11270000	13317	NA
278	Pulse	55	11280000	23317	NA
278	Pulse	55	11290000	33317	NA
279	Pulse	55	11300000	2650	NA
279	Pulse	55	11310000	12650	NA
279	Pulse	55	11320000	22650	NA
279	Pulse	55	11330000	32650	NA
280	Pulse	55	11340000	1984	NA
280	Pulse	55	11350000	11984	NA
280	Pulse	55	11360000	21984	NA
280	Pulse	55	11370000	31984	NA
281	Pulse	55	11380000	1318	NA
281	Pulse	55	11390000	11318	NA
281	Pulse	55	11400000	21318	NA
281	Pulse	55	11410000	31318	NA
282	Pulse	55	11420000	652	NA
282	Pulse	55	11430000	10652	NA
282	Pulse	55	11440000	20652	NA
282	Pulse	55	11450000	30652	NA
282	Pulse	55	11460000	40652	NA
283	Pulse	55	11470000	9819	NA
283	Pulse	55	11480000	19819	NA
283	Pulse	55	11490000	29819	NA
283	Pulse	55	11500000	39819	NA
284	Pulse	55	11510000	9153	NA
284	Pulse	55	11520000	19153	NA
284	Pulse	55	11530000	29153	NA
284	Pulse	55	11540000	39153	NA
285	Pulse	55	11550000	8487	NA
285	Pulse	55	11560000	18487	NA
285	Pulse	55	11570000	28487	NA
285	Pulse	55	11580000	38487	NA
286	Pulse	55	11590000	7821	NA
286	Pulse	55	11600000	17821	NA
286	Pulse	55	11610000	27821	NA
286	Pulse	55	11620000	37821	NA
287	Pulse	55	11630000	7155	NA
287	Pulse	55	11640000	17155	NA
287	Pulse	55	11650000	27155	NA
287	Pulse	55	11660000	37155	NA
288	Pulse	55	11670000	6489	NA
288	Pulse	55	11680000	16489	NA
288	Pulse	55	11690000	26489	NA
288	Pulse	55	11700000	36489	NA
289	Pulse	55	11710000	5823	NA
289	Pulse	55	11720000	15823	NA
289	Pulse	55	11730000	25823	NA
289	Pulse	55	11740000	35823	NA
290	Pulse	55	11750000	5157	NA
290	Pulse	55	11760000	15157	NA
290	Pulse	55	11770000	25157	NA
290	Pulse	55	11780000	35157	NA
291	Pulse	55	11790000	4490	NA
291	Pulse	55	11800000	14490	NA
291	Pulse	55	11810000	24490	NA
291	Pulse	55	11820000	34490	NA
292	Pulse	55	11830000	3824	NA
292	Pulse	55	11840000	13824	NA
292	Pulse	55	11850000	23824	NA
292	Pulse	55	11860000	33824	NA
293	Pulse	55	11870000	3158	NA
293	Pulse	55	11880000	13158	NA
293	Pulse	55	11890000	23158	NA
293	Pulse	55	11900000	33158	NA
294	Pulse	55	11910000	2492	NA
294	Pulse	55	11920000	12492	NA
294	Pulse	55	11930000	22492	NA
294	Pulse	55	11940000	32492	NA
295	Pulse	55	11950000	1826	NA
295	Pulse	55	11960000	11826	NA
295	Pulse	55	11970000	21826	NA
295	Pulse	55	11980000	31826	NA
296	Pulse	55	11990000	1160	NA
296	Pulse	55	12000000	11160	NA
296	Pulse	55	12010000	21160	NA
296	Pulse	55	12020000	31160	NA
297	Pulse	55	12030000	494	NA
297	Pulse	55	12040000	10494	NA
297	Pulse	55	12050000	20494	NA
297	Pulse	55	12060000	30494	NA
297	Pulse	55	12070000	40494	NA
298	Pulse	55	12080000	9828	NA
298	Pulse	55	12090000	19828	NA
298	Pulse	55	12100000	29828	NA
298	Pulse	55	12110000	39828	NA
299	Pulse	55	12120000	9161	NA
299	Pulse	55	12130000	19161	NA
299	Pulse	55	12140000	29161	NA
299	Pulse	55	12150000	39161	NA
300	Pulse	55	12160000	8495	NA
300	Pulse	55	12170000	18495	NA
300	Pulse	55	12180000	28495	NA
300	Pulse	55	12190000	38495	NA
301	Pulse	55	12200000	7662	NA
301	Pulse	55	12210000	17662	NA
301	Pulse	55	12220000	27662	NA
301	Pulse	55	12230000	37662	NA
302	Pulse	55	12240000	6996	NA
302	Pulse	55	12250000	16996	NA
302	Pulse	55	12260000	26996	NA
302	Pulse	55	12270000	36996	NA
303	Pulse	55	12280000	6330	NA
303	Pulse	55	12290000	16330	NA
303	Pulse	55	12300000	26330	NA
303	Pulse	55	12310000	36330	NA
304	Pulse	55	12320000	5664	NA
304	Pulse	55	12330000	15664	NA
304	Pulse	55	12340000	25664	NA
304	Pulse	55	12350000	35664	NA
305	Pulse	55	12360000	4998	NA
305	Pulse	55	12370000	14998	NA
305	Pulse	55	12380000	24998	NA
305	Pulse	55	12390000	34998	NA
306	Pulse	55	12400000	4332	NA
306	Pulse	55	12410000	14332	NA
306	Pulse	55	12420000	24332	NA
306	Pulse	55	12430000	34332	NA
307	Pulse	55	12440000	3666	NA
307	Pulse	55	12450000	13666	NA
307	Pulse	55	12460000	23666	NA
307	Pulse	55	12470000	33666	NA
308	Pulse	55	12480000	3000	NA
308	Pulse	55	12490000	13000	NA
308	Pulse	55	12500000	23000	NA
308	Pulse	55	12510000	33000	NA
309	Pulse	55	12520000	2333	NA
309	Pulse	55	12530000	12333	NA
309	Pulse	55	12540000	22333	NA
309	Pulse	55	12550000	32333	NA
310	Pulse	55	12560000	1667	NA
310	Pulse	55	12570000	11667	NA
310	Pulse	55	12580000	21667	NA
310	Pulse	55	12590000	31667	NA
311	Pulse	55	12600000	1001	NA
311	Pulse	55	12610000	11001	NA
311	Pulse	55	12620000	21001	NA
311	Pulse	55	12630000	31001	NA
312	Pulse	55	12640000	335	NA
312	Pulse	55	12650000	10335	NA
312	Pulse	55	12660000	20335	NA
312	Pulse	55	12670000	30335	NA
312	Pulse	55	12680000	40335	NA
313	Pulse	55	12690000	9669	NA
313	Pulse	55	12700000	19669	NA
313	Pulse	55	12710000	29669	NA
313	Pulse	55	12720000	39669	NA
314	Pulse	55	12730000	9003	NA
314	Pulse	55	12740000	19003	NA
314	Pulse	55	12750000	29003	NA
314	Pulse	55	12760000	39003	NA
315	Pulse	55	12770000	8337	NA
315	Pulse	55	12780000	18337	NA
315	Pulse	55	12790000	28337	NA
315	Pulse	55	12800000	38337	NA
316	Pulse	55	12810000	7671	NA
316	Pulse	55	12820000	17671	NA
316	Pulse	55	12830000	27671	NA
316	Pulse	55	12840000	37671	NA
317	Pulse	55	12850000	7005	NA
317	Pulse	55	12860000	17005	NA
317	Pulse	55	12870000	27005	NA
317	Pulse	55	12880000	37005	NA
318	Pulse	55	12890000	6338	NA
318	Pulse	55	12900000	16338	NA
318	Pulse	55	12910000	26338	NA
318	Pulse	55	12920000	36338	NA
319	Pulse	55	12930000	5672	NA
319	Pulse	55	12940000	15672	NA
319	Pulse	55	12950000	25672	NA
319	Pulse	55	12960000	35672	NA
320	Pulse	55	12970000	5006	NA
320	Pulse	55	12980000	15006	NA
320	Pulse	55	12990000	25006	NA
320	Pulse	55	13000000	35006	NA
321	Pulse	55	13010000	4340	NA
321	Pulse	55	13020000	14340	NA
321	Pulse	55	13030000	24340	NA
321	Pulse	55	13040000	34340	NA
322	Pulse	55	13050000	3674	NA
322	Pulse	55	13060000	13674	NA
322	Pulse	55	13070000	23674	NA
322	Pulse	55	13080000	33674	NA
323	Pulse	55	13090000	3008	NA
323	Pulse	55	13100000	13008	NA
323	Pulse	55	13110000	23008	NA
323	Pulse	55	13120000	33008	NA
324	Pulse	55	13130000	2342	NA
324	Pulse	55	13140000	12342	NA
324	Pulse	55	13150000	22342	NA
324	Pulse	55	13160000	32342	NA
324	Response	1	13165379	37721	1
325	Pulse	55	13170000	2175	NA
325	Pulse	55	13180000	12175	NA
326	Pulse	55	13190000	2009	NA
326	Pulse	55	13200000	12009	NA
326	Pulse	55	13210000	22009	NA
326	Pulse	55	13220000	32009	NA
326	Pulse	55	13230000	42009	NA
326	Pulse	55	13240000	52009	NA
326	Pulse	55	13250000	62009	NA
326	Pulse	55	13260000	72009	NA
326	Pulse	55	13270000	82009	NA
326	Pulse	55	13280000	92009	NA
326	Pulse	55	13290000	102009	NA
326	Pulse	55	13300000	112009	NA
326	Pulse	55	13310000	122009	NA
326	Pulse	55	13320000	132009	NA
326	Pulse	55	13330000	142009	NA
326	Pulse	55	13340000	152009	NA
326	Pulse	55	13350000	162009	NA
326	Pulse	55	13360000	172009	NA
326	Pulse	55	13370000	182009	NA
326	Pulse	55	13380000	192009	NA
326	Pulse	55	13390000	202009	NA
326	Pulse	55	13400000	212009	NA
326	Pulse	55	13410000	222009	NA
326	Pulse	55	13420000	232009	NA
326	Pulse	55	13430000	242009	NA
326	Pulse	55	13440000	252009	NA
326	Pulse	55	13450000	262009	NA
326	Response	1	13453857	265866	1
326	Pulse	55	13460000	272009	NA
326	Pulse	55	13470000	282009	NA
327	Pulse	55	13480000	9846	NA
327	Pulse	55	13490000	19846	NA
327	Pulse	55	13500000	29846	NA
327	Pulse	55	13510000	39846	NA
327	Pulse	55	13520000	49846	NA
327	Pulse	55	13530000	59846	NA
327	Pulse	55	13540000	69846	NA
327	Pulse	55	13550000	79846	NA
327	Pulse	55	13560000	89846	NA
327	Pulse	55	13570000	99846	NA
327	Pulse	55	13580000	109846	NA
327	Pulse	55	13590000	119846	NA
327	Pulse	55	13600000	129846	NA
327	Pulse	55	13610000	139846	NA
327	Pulse	55	13620000	149846	NA
327	Pulse	55	13630000	159846	NA
327	Pulse	55	13640000	169846	NA
327	Pulse	55	13650000	179846	NA
327	Pulse	55	13660000	189846	NA
327	Pulse	55	13670000	199846	NA
327	Pulse	55	13680000	209846	NA
327	Pulse	55	13690000	219846	NA
327	Pulse	55	13700000	229846	NA
327	Pulse	55	13710000	239846	NA
327	Pulse	55	13720000	249846	NA
327	Pulse	55	13730000	259846	NA
327	Pulse	55	13740000	269846	NA
327	Pulse	55	13750000	279846	NA
327	Pulse	55	13760000	289846	NA
327	Pulse	55	13770000	299846	NA
327	Pulse	55	13780000	309846	NA
327	Pulse	55	13790000	319846	NA
327	Pulse	55	13800000	329846	NA
327	Pulse	55	13810000	339846	NA
327	Pulse	55	13820000	349846	NA
327	Pulse	55	13830000	359846	NA
327	Pulse	55	13840000	369846	NA
327	Pulse	55	13850000	379846	NA
327	Pulse	55	13860000	389846	NA
327	Pulse	55	13870000	399846	NA
327	Pulse	55	13880000	409846	NA
327	Pulse	55	13890000	419846	NA
327	Pulse	55	13900000	429846	NA
327	Pulse	55	13910000	439846	NA
327	Pulse	55	13920000	449846	NA
327	Pulse	55	13930000	459846	NA
327	Pulse	55	13940000	469846	NA
327	Pulse	55	13950000	479846	NA
327	Pulse	55	13960000	489846	NA
327	Pulse	55	13970000	499846	NA
327	Pulse	55	13980000	509846	NA
327	Pulse	55	13990000	519846	NA
327	Pulse	55	14000000	529846	NA
327	Pulse	55	14010000	539846	NA
327	Pulse	55	14020000	549846	NA
327	Pulse	55	14030000	559846	NA
327	Pulse	55	14040000	569846	NA
327	Pulse	55	14050000	579846	NA
327	Pulse	55	14060000	589846	NA
327	Pulse	55	14070000	599846	NA
327	Pulse	55	14080000	609846	NA
327	Pulse	55	14090000	619846	NA
327	Pulse	55	14100000	629846	NA
327	Pulse	55	14110000	639846	NA
327	Pulse	55	14120000	649846	NA
327	Pulse	55	14130000	659846	NA
327	Pulse	55	14140000	669846	NA
327	Pulse	55	14150000	679846	NA
327	Pulse	55	14160000	689846	NA
327	Pulse	55	14170000	699846	NA
327	Pulse	55	14180000	709846	NA
327	Pulse	55	14190000	719846	NA
327	Pulse	55	14200000	729846	NA
327	Pulse	55	14210000	739846	NA
327	Pulse	55	14220000	749846	NA
327	Pulse	55	14230000	759846	NA
327	Pulse	55	14240000	769846	NA
327	Pulse	55	14250000	779846	NA
327	Pulse	55	14260000	789846	NA
327	Pulse	55	14270000	799846	NA
327	Pulse	55	14280000	809846	NA
327	Pulse	55	14290000	819846	NA
327	Pulse	55	14300000	829846	NA
327	Pulse	55	14310000	839846	NA
327	Pulse	55	14320000	849846	NA
327	Pulse	55	14330000	859846	NA
327	Pulse	55	14340000	869846	NA
327	Pulse	55	14350000	879846	NA
327	Pulse	55	14360000	889846	NA
327	Pulse	55	14370000	899846	NA
327	Pulse	55	14380000	909846	NA
327	Pulse	55	14390000	919846	NA
327	Pulse	55	14400000	929846	NA
327	Pulse	55	14410000	939846	NA
327	Pulse	55	14420000	949846	NA
327	Pulse	55	14430000	959846	NA
327	Pulse	55	14440000	969846	NA
327	Pulse	55	14450000	979846	NA
327	Pulse	55	14460000	989846	NA
327	Pulse	55	14470000	999846	NA
327	Pulse	55	14480000	1009846	NA
327	Pulse	55	14490000	1019846	NA
327	Pulse	55	14500000	1029846	NA
327	Pulse	55	14510000	1039846	NA
327	Pulse	55	14520000	1049846	NA
327	Pulse	55	14530000	1059846	NA
327	Pulse	55	14540000	1069846	NA
327	Pulse	55	14550000	1079846	NA
327	Pulse	55	14560000	1089846	NA
327	Pulse	55	14570000	1099846	NA
327	Pulse	55	14580000	1109846	NA
327	Pulse	55	14590000	1119846	NA
327	Pulse	55	14600000	1129846	NA
327	Pulse	55	14610000	1139846	NA
327	Pulse	55	14620000	1149846	NA
327	Pulse	55	14630000	1159846	NA
327	Pulse	55	14640000	1169846	NA
327	Pulse	55	14650000	1179846	NA
327	Pulse	55	14660000	1189846	NA
327	Pulse	55	14670000	1199846	NA
327	Pulse	55	14680000	1209846	NA
327	Pulse	55	14690000	1219846	NA
327	Pulse	55	14700000	1229846	NA
327	Pulse	55	14710000	1239846	NA
327	Pulse	55	14720000	1249846	NA
327	Pulse	55	14730000	1259846	NA
327	Pulse	55	14740000	1269846	NA
327	Pulse	55	14750000	1279846	NA
327	Pulse	55	14760000	1289846	NA
327	Pulse	55	14770000	1299846	NA
327	Pulse	55	14780000	1309846	NA
327	Pulse	55	14790000	1319846	NA
327	Pulse	55	14800000	1329846	NA
327	Pulse	55	14810000	1339846	NA
327	Pulse	55	14820000	1349846	NA
327	Pulse	55	14830000	1359846	NA
327	Pulse	55	14840000	1369846	NA
327	Pulse	55	14850000	1379846	NA
327	Pulse	55	14860000	1389846	NA
327	Pulse	55	14870000	1399846	NA
327	Pulse	55	14880000	1409846	NA
327	Pulse	55	14890000	1419846	NA
327	Pulse	55	14900000	1429846	NA
327	Pulse	55	14910000	1439846	NA
327	Pulse	55	14920000	1449846	NA
327	Pulse	55	14930000	1459846	NA
327	Pulse	55	14940000	1469846	NA
327	Pulse	55	14950000	1479846	NA
327	Pulse	55	14960000	1489846	NA
327	Pulse	55	14970000	1499846	NA
327	Pulse	55	14980000	1509846	NA
327	Pulse	55	14990000	1519846	NA
327	Pulse	55	15000000	1529846	NA
327	Pulse	55	15010000	1539846	NA
327	Pulse	55	15020000	1549846	NA
327	Pulse	55	15030000	1559846	NA
327	Pulse	55	15040000	1569846	NA
327	Pulse	55	15050000	1579846	NA
327	Pulse	55	15060000	1589846	NA
327	Pulse	55	15070000	1599846	NA
327	Pulse	55	15080000	1609846	NA
327	Pulse	55	15090000	1619846	NA
327	Pulse	55	15100000	1629846	NA
327	Pulse	55	15110000	1639846	NA
327	Pulse	55	15120000	1649846	NA
327	Pulse	55	15130000	1659846	NA
327	Pulse	55	15140000	1669846	NA
327	Pulse	55	15150000	1679846	NA
327	Pulse	55	15160000	1689846	NA
327	Pulse	55	15170000	1699846	NA
327	Pulse	55	15180000	1709846	NA
327	Pulse	55	15190000	1719846	NA
327	Pulse	55	15200000	1729846	NA
327	Pulse	55	15210000	1739846	NA
327	Pulse	55	15220000	1749846	NA
327	Pulse	55	15230000	1759846	NA
327	Pulse	55	15240000	1769846	NA
327	Pulse	55	15250000	1779846	NA
327	Pulse	55	15260000	1789846	NA
327	Pulse	55	15270000	1799846	NA
327	Pulse	55	15280000	1809846	NA
327	Pulse	55	15290000	1819846	NA
327	Pulse	55	15300000	1829846	NA
327	Pulse	55	15310000	1839846	NA
327	Pulse	55	15320000	1849846	NA
327	Pulse	55	15330000	1859846	NA
327	Pulse	55	15340000	1869846	NA
327	Pulse	55	15350000	1879846	NA
327	Pulse	55	15360000	1889846	NA
327	Pulse	55	15370000	1899846	NA
327	Pulse	55	15380000	1909846	NA
327	Pulse	55	15390000	1919846	NA
327	Pulse	55	15400000	1929846	NA
327	Pulse	55	15410000	1939846	NA
327	Pulse	55	15420000	1949846	NA
327	Pulse	55	15430000	1959846	NA
327	Pulse	55	15440000	1969846	NA
327	Pulse	55	15450000	1979846	NA
327	Pulse	55	15460000	1989846	NA
327	Pulse	55	15470000	1999846	NA
327	Pulse	55	15480000	2009846	NA
327	Pulse	55	15490000	2019846	NA
327	Pulse	55	15500000	2029846	NA
327	Pulse	55	15510000	2039846	NA
327	Pulse	55	15520000	2049846	NA
327	Pulse	55	15530000	2059846	NA
327	Pulse	55	15540000	2069846	NA
327	Pulse	55	15550000	2079846	NA
327	Pulse	55	15560000	2089846	NA
327	Pulse	55	15570000	2099846	NA
327	Pulse	55	15580000	2109846	NA
327	Pulse	55	15590000	2119846	NA
327	Pulse	55	15600000	2129846	NA
327	Pulse	55	15610000	2139846	NA
327	Pulse	55	15620000	2149846	NA
327	Pulse	55	15630000	2159846	NA
327	Pulse	55	15640000	2169846	NA
327	Pulse	55	15650000	2179846	NA
327	Pulse	55	15660000	2189846	NA
327	Pulse	55	15670000	2199846	NA
327	Pulse	55	15680000	2209846	NA
327	Pulse	55	15690000	2219846	NA
327	Pulse	55	15700000	2229846	NA
327	Pulse	55	15710000	2239846	NA
327	Pulse	55	15720000	2249846	NA
327	Pulse	55	15730000	2259846	NA
327	Pulse	55	15740000	2269846	NA
327	Pulse	55	15750000	2279846	NA
327	Pulse	55	15760000	2289846	NA
327	Pulse	55	15770000	2299846	NA
327	Pulse	55	15780000	2309846	NA
327	Pulse	55	15790000	2319846	NA
327	Pulse	55	15800000	2329846	NA
327	Pulse	55	15810000	2339846	NA
327	Pulse	55	15820000	2349846	NA
327	Pulse	55	15830000	2359846	NA
327	Pulse	55	15840000	2369846	NA
327	Pulse	55	15850000	2379846	NA
327	Pulse	55	15860000	2389846	NA
327	Pulse	55	15870000	2399846	NA
327	Pulse	55	15880000	2409846	NA
327	Pulse	55	15890000	2419846	NA
327	Pulse	55	15900000	2429846	NA
327	Pulse	55	15910000	2439846	NA
327	Pulse	55	15920000	2449846	NA
327	Pulse	55	15930000	2459846	NA
327	Pulse	55	15940000	2469846	NA
327	Pulse	55	15950000	2479846	NA
327	Pulse	55	15960000	2489846	NA
327	Pulse	55	15970000	2499846	NA
327	Pulse	55	15980000	2509846	NA
327	Pulse	55	15990000	2519846	NA
327	Pulse	55	16000000	2529846	NA
327	Pulse	55	16010000	2539846	NA
327	Pulse	55	16020000	2549846	NA
327	Pulse	55	16030000	2559846	NA
327	Pulse	55	16040000	2569846	NA
327	Pulse	55	16050000	2579846	NA
327	Pulse	55	16060000	2589846	NA
327	Pulse	55	16070000	2599846	NA
327	Pulse	55	16080000	2609846	NA
327	Pulse	55	16090000	2619846	NA
327	Pulse	55	16100000	2629846	NA
327	Pulse	55	16110000	2639846	NA
327	Pulse	55	16120000	2649846	NA
327	Pulse	55	16130000	2659846	NA
327	Pulse	55	16140000	2669846	NA
327	Pulse	55	16150000	2679846	NA
327	Pulse	55	16160000	2689846	NA
327	Pulse	55	16170000	2699846	NA
327	Pulse	55	16180000	2709846	NA
327	Pulse	55	16190000	2719846	NA
327	Pulse	55	16200000	2729846	NA
327	Pulse	55	16210000	2739846	NA
327	Pulse	55	16220000	2749846	NA
327	Pulse	55	16230000	2759846	NA
327	Pulse	55	16240000	2769846	NA
327	Pulse	55	16250000	2779846	NA
327	Pulse	55	16260000	2789846	NA
327	Pulse	55	16270000	2799846	NA
327	Pulse	55	16280000	2809846	NA
327	Pulse	55	16290000	2819846	NA
327	Pulse	55	16300000	2829846	NA
327	Pulse	55	16310000	2839846	NA
327	Pulse	55	16320000	2849846	NA
327	Pulse	55	16330000	2859846	NA
327	Pulse	55	16340000	2869846	NA
327	Pulse	55	16350000	2879846	NA
327	Pulse	55	16360000	2889846	NA
327	Pulse	55	16370000	2899846	NA
327	Pulse	55	16380000	2909846	NA
327	Pulse	55	16390000	2919846	NA
327	Pulse	55	16400000	2929846	NA
327	Pulse	55	16410000	2939846	NA
327	Pulse	55	16420000	2949846	NA
327	Pulse	55	16430000	2959846	NA
327	Pulse	55	16440000	2969846	NA
327	Pulse	55	16450000	2979846	NA
327	Pulse	55	16460000	2989846	NA
327	Pulse	55	16470000	2999846	NA
327	Pulse	55	16480000	3009846	NA
327	Pulse	55	16490000	3019846	NA
327	Pulse	55	16500000	3029846	NA
327	Pulse	55	16510000	3039846	NA
327	Pulse	55	16520000	3049846	NA
327	Pulse	55	16530000	3059846	NA
327	Pulse	55	16540000	3069846	NA
327	Pulse	55	16550000	3079846	NA
327	Pulse	55	16560000	3089846	NA
327	Pulse	55	16570000	3099846	NA
327	Pulse	55	16580000	3109846	NA
327	Pulse	55	16590000	3119846	NA
327	Pulse	55	16600000	3129846	NA
327	Pulse	55	16610000	3139846	NA
327	Pulse	55	16620000	3149846	NA
327	Pulse	55	16630000	3159846	NA
327	Pulse	55	16640000	3169846	NA
327	Pulse	55	16650000	3179846	NA
327	Pulse	55	16660000	3189846	NA
327	Pulse	55	16670000	3199846	NA
327	Pulse	55	16680000	3209846	NA
327	Pulse	55	16690000	3219846	NA
327	Pulse	55	16700000	3229846	NA
327	Pulse	55	16710000	3239846	NA
327	Pulse	55	16720000	3249846	NA
327	Pulse	55	16730000	3259846	NA
327	Pulse	55	16740000	3269846	NA
327	Pulse	55	16750000	3279846	NA
327	Pulse	55	16760000	3289846	NA
327	Pulse	55	16770000	3299846	NA
327	Pulse	55	16780000	3309846	NA
327	Pulse	55	16790000	3319846	NA
327	Pulse	55	16800000	3329846	NA
327	Pulse	55	16810000	3339846	NA
327	Pulse	55	16820000	3349846	NA
327	Pulse	55	16830000	3359846	NA
327	Pulse	55	16840000	3369846	NA
327	Pulse	55	16850000	3379846	NA
327	Pulse	55	16860000	3389846	NA
327	Pulse	55	16870000	3399846	NA
327	Pulse	55	16880000	3409846	NA
327	Pulse	55	16890000	3419846	NA
327	Pulse	55	16900000	3429846	NA
327	Pulse	55	16910000	3439846	NA
327	Pulse	55	16920000	3449846	NA
327	Pulse	55	16930000	3459846	NA
327	Pulse	55	16940000	3469846	NA
327	Pulse	55	16950000	3479846	NA
327	Pulse	55	16960000	3489846	NA
327	Pulse	55	16970000	3499846	NA
327	Pulse	55	16980000	3509846	NA
327	Pulse	55	16990000	3519846	NA
327	Pulse	55	17000000	3529846	NA
327	Pulse	55	17010000	3539846	NA
327	Pulse	55	17020000	3549846	NA
327	Pulse	55	17030000	3559846	NA
327	Pulse	55	17040000	3569846	NA
327	Pulse	55	17050000	3579846	NA
327	Pulse	55	17060000	3589846	NA
327	Pulse	55	17070000	3599846	NA
327	Pulse	55	17080000	3609846	NA
327	Pulse	55	17090000	3619846	NA
327	Pulse	55	17100000	3629846	NA
327	Pulse	55	17110000	3639846	NA
327	Pulse	55	17120000	3649846	NA
327	Pulse	55	17130000	3659846	NA
327	Pulse	55	17140000	3669846	NA
327	Pulse	55	17150000	3679846	NA
327	Pulse	55	17160000	3689846	NA
327	Pulse	55	17170000	3699846	NA
327	Pulse	55	17180000	3709846	NA
327	Pulse	55	17190000	3719846	NA
327	Pulse	55	17200000	3729846	NA
327	Pulse	55	17210000	3739846	NA
327	Pulse	55	17220000	3749846	NA
327	Pulse	55	17230000	3759846	NA
327	Pulse	55	17240000	3769846	NA
327	Pulse	55	17250000	3779846	NA
327	Pulse	55	17260000	3789846	NA
327	Pulse	55	17270000	3799846	NA
327	Pulse	55	17280000	3809846	NA
327	Pulse	55	17290000	3819846	NA
327	Pulse	55	17300000	3829846	NA
327	Pulse	55	17310000	3839846	NA
327	Pulse	55	17320000	3849846	NA
327	Pulse	55	17330000	3859846	NA
327	Pulse	55	17340000	3869846	NA
327	Pulse	55	17350000	3879846	NA
327	Pulse	55	17360000	3889846	NA
327	Pulse	55	17370000	3899846	NA
327	Pulse	55	17380000	3909846	NA
327	Pulse	55	17390000	3919846	NA
327	Pulse	55	17400000	3929846	NA
327	Pulse	55	17410000	3939846	NA
327	Pulse	55	17420000	3949846	NA
327	Pulse	55	17430000	3959846	NA
327	Pulse	55	17440000	3969846	NA
327	Pulse	55	17450000	3979846	NA
327	Pulse	55	17460000	3989846	NA
327	Pulse	55	17470000	3999846	NA
327	Pulse	55	17480000	4009846	NA
327	Pulse	55	17490000	4019846	NA
327	Pulse	55	17500000	4029846	NA
327	Pulse	55	17510000	4039846	NA
327	Pulse	55	17520000	4049846	NA
327	Pulse	55	17530000	4059846	NA
327	Pulse	55	17540000	4069846	NA
327	Pulse	55	17550000	4079846	NA
327	Pulse	55	17560000	4089846	NA
327	Pulse	55	17570000	4099846	NA
327	Pulse	55	17580000	4109846	NA
327	Pulse	55	17590000	4119846	NA
327	Pulse	55	17600000	4129846	NA
327	Pulse	55	17610000	4139846	NA
327	Pulse	55	17620000	4149846	NA
327	Pulse	55	17630000	4159846	NA
327	Pulse	55	17640000	4169846	NA
327	Pulse	55	17650000	4179846	NA
327	Pulse	55	17660000	4189846	NA
327	Pulse	55	17670000	4199846	NA
327	Pulse	55	17680000	4209846	NA
327	Pulse	55	17690000	4219846	NA
327	Pulse	55	17700000	4229846	NA
327	Pulse	55	17710000	4239846	NA
327	Pulse	55	17720000	4249846	NA
327	Pulse	55	17730000	4259846	NA
327	Pulse	55	17740000	4269846	NA
327	Pulse	55	17750000	4279846	NA
327	Pulse	55	17760000	4289846	NA
327	Pulse	55	17770000	4299846	NA
327	Pulse	55	17780000	4309846	NA
327	Pulse	55	17790000	4319846	NA
327	Pulse	55	17800000	4329846	NA
327	Pulse	55	17810000	4339846	NA
327	Pulse	55	17820000	4349846	NA
327	Pulse	55	17830000	4359846	NA
327	Pulse	55	17840000	4369846	NA
327	Pulse	55	17850000	4379846	NA
327	Pulse	55	17860000	4389846	NA
327	Pulse	55	17870000	4399846	NA
327	Pulse	55	17880000	4409846	NA
327	Pulse	55	17890000	4419846	NA
327	Pulse	55	17900000	4429846	NA
327	Pulse	55	17910000	4439846	NA
327	Pulse	55	17920000	4449846	NA
327	Pulse	55	17930000	4459846	NA
327	Pulse	55	17940000	4469846	NA
327	Pulse	55	17950000	4479846	NA
327	Pulse	55	17960000	4489846	NA
327	Pulse	55	17970000	4499846	NA
327	Pulse	55	17980000	4509846	NA
327	Pulse	55	17990000	4519846	NA
327	Pulse	55	18000000	4529846	NA
327	Pulse	55	18010000	4539846	NA
327	Pulse	55	18020000	4549846	NA
327	Pulse	55	18030000	4559846	NA
327	Pulse	55	18040000	4569846	NA
327	Pulse	55	18050000	4579846	NA
327	Pulse	55	18060000	4589846	NA
327	Pulse	55	18070000	4599846	NA
327	Pulse	55	18080000	4609846	NA
327	Pulse	55	18090000	4619846	NA
327	Pulse	55	18100000	4629846	NA
327	Pulse	55	18110000	4639846	NA
327	Pulse	55	18120000	4649846	NA
327	Pulse	55	18130000	4659846	NA
327	Pulse	55	18140000	4669846	NA
327	Pulse	55	18150000	4679846	NA
327	Pulse	55	18160000	4689846	NA
327	Pulse	55	18170000	4699846	NA
327	Pulse	55	18180000	4709846	NA
327	Pulse	55	18190000	4719846	NA
327	Pulse	55	18200000	4729846	NA
327	Pulse	55	18210000	4739846	NA
327	Pulse	55	18220000	4749846	NA
327	Pulse	55	18230000	4759846	NA
327	Pulse	55	18240000	4769846	NA
327	Pulse	55	18250000	4779846	NA
327	Pulse	55	18260000	4789846	NA
327	Pulse	55	18270000	4799846	NA
327	Pulse	55	18280000	4809846	NA
327	Pulse	55	18290000	4819846	NA
327	Pulse	55	18300000	4829846	NA
327	Pulse	55	18310000	4839846	NA
327	Pulse	55	18320000	4849846	NA
327	Pulse	55	18330000	4859846	NA
327	Pulse	55	18340000	4869846	NA
327	Pulse	55	18350000	4879846	NA
327	Pulse	55	18360000	4889846	NA
327	Pulse	55	18370000	4899846	NA
327	Pulse	55	18380000	4909846	NA
327	Pulse	55	18390000	4919846	NA
327	Pulse	55	18400000	4929846	NA
327	Pulse	55	18410000	4939846	NA
327	Pulse	55	18420000	4949846	NA
327	Response	1	18423861	4953707	1
328	Pulse	55	18430000	6079	NA
328	Pulse	55	18440000	16079	NA
328	Pulse	55	18450000	26079	NA
328	Pulse	55	18460000	36079	NA
328	Pulse	55	18470000	46079	NA
328	Pulse	55	18480000	56079	NA
328	Pulse	55	18490000	66079	NA
328	Pulse	55	18500000	76079	NA
328	Pulse	55	18510000	86079	NA
328	Pulse	55	18520000	96079	NA
328	Pulse	55	18530000	106079	NA
328	Pulse	55	18540000	116079	NA
328	Pulse	55	18550000	126079	NA
328	Pulse	55	18560000	136079	NA
328	Pulse	55	18570000	146079	NA
328	Pulse	55	18580000	156079	NA
328	Pulse	55	18590000	166079	NA
328	Pulse	55	18600000	176079	NA
328	Pulse	55	18610000	186079	NA
328	Pulse	55	18620000	196079	NA
328	Pulse	55	18630000	206079	NA
328	Pulse	55	18640000	216079	NA
328	Pulse	55	18650000	226079	NA
328	Pulse	55	18660000	236079	NA
328	Pulse	55	18670000	246079	NA
328	Pulse	55	18680000	256079	NA
328	Pulse	55	18690000	266079	NA
328	Pulse	55	18700000	276079	NA
328	Pulse	55	18710000	286079	NA
328	Pulse	55	18720000	296079	NA
328	Pulse	55	18730000	306079	NA
328	Pulse	55	18740000	316079	NA
328	Pulse	55	18750000	326079	NA
328	Pulse	55	18760000	336079	NA
328	Pulse	55	18770000	346079	NA
328	Pulse	55	18780000	356079	NA
328	Pulse	55	18790000	366079	NA
328	Pulse	55	18800000	376079	NA
328	Pulse	55	18810000	386079	NA
328	Pulse	55	18820000	396079	NA
328	Pulse	55	18830000	406079	NA
328	Pulse	55	18840000	416079	NA
328	Pulse	55	18850000	426079	NA
328	Pulse	55	18860000	436079	NA
328	Pulse	55	18870000	446079	NA
328	Pulse	55	18880000	456079	NA
328	Pulse	55	18890000	466079	NA
328	Pulse	55	18900000	476079	NA
328	Pulse	55	18910000	486079	NA
328	Pulse	55	18920000	496079	NA
328	Pulse	55	18930000	506079	NA
328	Pulse	55	18940000	516079	NA
328	Pulse	55	18950000	526079	NA
328	Pulse	55	18960000	536079	NA
328	Pulse	55	18970000	546079	NA
328	Pulse	55	18980000	556079	NA
328	Pulse	55	18990000	566079	NA
328	Pulse	55	19000000	576079	NA
328	Pulse	55	19010000	586079	NA
328	Pulse	55	19020000	596079	NA
328	Pulse	55	19030000	606079	NA
328	Pulse	55	19040000	616079	NA
328	Pulse	55	19050000	626079	NA
328	Pulse	55	19060000	636079	NA
328	Pulse	55	19070000	646079	NA
328	Pulse	55	19080000	656079	NA
328	Pulse	55	19090000	666079	NA
328	Pulse	55	19100000	676079	NA
328	Pulse	55	19110000	686079	NA
328	Pulse	55	19120000	696079	NA
328	Pulse	55	19130000	706079	NA
328	Pulse	55	19140000	716079	NA
328	Pulse	55	19150000	726079	NA
328	Pulse	55	19160000	736079	NA
328	Pulse	55	19170000	746079	NA
328	Pulse	55	19180000	756079	NA
328	Pulse	55	19190000	766079	NA
328	Pulse	55	19200000	776079	NA
328	Pulse	55	19210000	786079	NA
328	Pulse	55	19220000	796079	NA
328	Pulse	55	19230000	806079	NA
328	Pulse	55	19240000	816079	NA
328	Pulse	55	19250000	826079	NA
328	Pulse	55	19260000	836079	NA
328	Pulse	55	19270000	846079	NA
328	Pulse	55	19280000	856079	NA
328	Pulse	55	19290000	866079	NA
328	Pulse	55	19300000	876079	NA
328	Pulse	55	19310000	886079	NA
328	Pulse	55	19320000	896079	NA
328	Pulse	55	19330000	906079	NA
328	Pulse	55	19340000	916079	NA
328	Pulse	55	19350000	926079	NA
328	Pulse	55	19360000	936079	NA
328	Pulse	55	19370000	946079	NA
328	Pulse	55	19380000	956079	NA
328	Pulse	55	19390000	966079	NA
328	Pulse	55	19400000	976079	NA
328	Pulse	55	19410000	986079	NA
328	Pulse	55	19420000	996079	NA
328	Pulse	55	19430000	1006079	NA
328	Pulse	55	19440000	1016079	NA
328	Pulse	55	19450000	1026079	NA
328	Pulse	55	19460000	1036079	NA
328	Pulse	55	19470000	1046079	NA
328	Pulse	55	19480000	1056079	NA
328	Pulse	55	19490000	1066079	NA
328	Pulse	55	19500000	1076079	NA
328	Pulse	55	19510000	1086079	NA
328	Pulse	55	19520000	1096079	NA
328	Pulse	55	19530000	1106079	NA
328	Pulse	55	19540000	1116079	NA
328	Pulse	55	19550000	1126079	NA
328	Pulse	55	19560000	1136079	NA
328	Pulse	55	19570000	1146079	NA
328	Pulse	55	19580000	1156079	NA
328	Pulse	55	19590000	1166079	NA
328	Pulse	55	19600000	1176079	NA
328	Pulse	55	19610000	1186079	NA
328	Pulse	55	19620000	1196079	NA
328	Pulse	55	19630000	1206079	NA
328	Pulse	55	19640000	1216079	NA
328	Pulse	55	19650000	1226079	NA
328	Pulse	55	19660000	1236079	NA
328	Pulse	55	19670000	1246079	NA
328	Pulse	55	19680000	1256079	NA
328	Pulse	55	19690000	1266079	NA
328	Pulse	55	19700000	1276079	NA
328	Pulse	55	19710000	1286079	NA
328	Pulse	55	19720000	1296079	NA
328	Pulse	55	19730000	1306079	NA
328	Pulse	55	19740000	1316079	NA
328	Pulse	55	19750000	1326079	NA
328	Pulse	55	19760000	1336079	NA
328	Pulse	55	19770000	1346079	NA
328	Pulse	55	19780000	1356079	NA
328	Pulse	55	19790000	1366079	NA
328	Pulse	55	19800000	1376079	NA
328	Pulse	55	19810000	1386079	NA
328	Pulse	55	19820000	1396079	NA
328	Pulse	55	19830000	1406079	NA
328	Pulse	55	19840000	1416079	NA
328	Pulse	55	19850000	1426079	NA
328	Pulse	55	19860000	1436079	NA
328	Pulse	55	19870000	1446079	NA
328	Pulse	55	19880000	1456079	NA
328	Pulse	55	19890000	1466079	NA
328	Pulse	55	19900000	1476079	NA
328	Pulse	55	19910000	1486079	NA
328	Pulse	55	19920000	1496079	NA
328	Pulse	55	19930000	1506079	NA
328	Pulse	55	19940000	1516079	NA
328	Pulse	55	19950000	1526079	NA
328	Pulse	55	19960000	1536079	NA
328	Pulse	55	19970000	1546079	NA
328	Pulse	55	19980000	1556079	NA
328	Pulse	55	19990000	1566079	NA
328	Pulse	55	20000000	1576079	NA
328	Pulse	55	20010000	1586079	NA
328	Pulse	55	20020000	1596079	NA
328	Pulse	55	20030000	1606079	NA
328	Pulse	55	20040000	1616079	NA
328	Pulse	55	20050000	1626079	NA
328	Pulse	55	20060000	1636079	NA
328	Pulse	55	20070000	1646079	NA
328	Pulse	55	20080000	1656079	NA
328	Pulse	55	20090000	1666079	NA
328	Pulse	55	20100000	1676079	NA
328	Pulse	55	20110000	1686079	NA
328	Pulse	55	20120000	1696079	NA
328	Pulse	55	20130000	1706079	NA
328	Pulse	55	20140000	1716079	NA
328	Pulse	55	20150000	1726079	NA
328	Pulse	55	20160000	1736079	NA
328	Pulse	55	20170000	1746079	NA
328	Pulse	55	20180000	1756079	NA
328	Pulse	55	20190000	1766079	NA
328	Pulse	55	20200000	1776079	NA
328	Pulse	55	20210000	1786079	NA
328	Pulse	55	20220000	1796079	NA
328	Pulse	55	20230000	1806079	NA
328	Pulse	55	20240000	1816079	NA
328	Pulse	55	20250000	1826079	NA
328	Pulse	55	20260000	1836079	NA
328	Pulse	55	20270000	1846079	NA
328	Pulse	55	20280000	1856079	NA
328	Pulse	55	20290000	1866079	NA
328	Pulse	55	20300000	1876079	NA
328	Pulse	55	20310000	1886079	NA
328	Pulse	55	20320000	1896079	NA
328	Pulse	55	20330000	1906079	NA
328	Pulse	55	20340000	1916079	NA
328	Pulse	55	20350000	1926079	NA
328	Pulse	55	20360000	1936079	NA
328	Pulse	55	20370000	1946079	NA
328	Pulse	55	20380000	1956079	NA
328	Pulse	55	20390000	1966079	NA
328	Pulse	55	20400000	1976079	NA
328	Pulse	55	20410000	1986079	NA
328	Pulse	55	20420000	1996079	NA
328	Pulse	55	20430000	2006079	NA
328	Pulse	55	20440000	2016079	NA
328	Pulse	55	20450000	2026079	NA
328	Pulse	55	20460000	2036079	NA
328	Pulse	55	20470000	2046079	NA
328	Pulse	55	20480000	2056079	NA
328	Pulse	55	20490000	2066079	NA
328	Pulse	55	20500000	2076079	NA
328	Pulse	55	20510000	2086079	NA
328	Pulse	55	20520000	2096079	NA
328	Pulse	55	20530000	2106079	NA
328	Pulse	55	20540000	2116079	NA
328	Pulse	55	20550000	2126079	NA
328	Pulse	55	20560000	2136079	NA
328	Pulse	55	20570000	2146079	NA
328	Pulse	55	20580000	2156079	NA
328	Pulse	55	20590000	2166079	NA
328	Pulse	55	20600000	2176079	NA
328	Pulse	55	20610000	2186079	NA
328	Pulse	55	20620000	2196079	NA
328	Pulse	55	20630000	2206079	NA
328	Pulse	55	20640000	2216079	NA
328	Pulse	55	20650000	2226079	NA
328	Pulse	55	20660000	2236079	NA
328	Pulse	55	20670000	2246079	NA
328	Pulse	55	20680000	2256079	NA
328	Pulse	55	20690000	2266079	NA
328	Pulse	55	20700000	2276079	NA
328	Pulse	55	20710000	2286079	NA
328	Pulse	55	20720000	2296079	NA
328	Pulse	55	20730000	2306079	NA
328	Pulse	55	20740000	2316079	NA
328	Pulse	55	20750000	2326079	NA
328	Pulse	55	20760000	2336079	NA
328	Pulse	55	20770000	2346079	NA
328	Pulse	55	20780000	2356079	NA
328	Pulse	55	20790000	2366079	NA
328	Pulse	55	20800000	2376079	NA
328	Pulse	55	20810000	2386079	NA
328	Pulse	55	20820000	2396079	NA
328	Pulse	55	20830000	2406079	NA
328	Pulse	55	20840000	2416079	NA
328	Pulse	55	20850000	2426079	NA
328	Pulse	55	20860000	2436079	NA
328	Pulse	55	20870000	2446079	NA
328	Pulse	55	20880000	2456079	NA
328	Pulse	55	20890000	2466079	NA
328	Pulse	55	20900000	2476079	NA
328	Pulse	55	20910000	2486079	NA
328	Pulse	55	20920000	2496079	NA
328	Pulse	55	20930000	2506079	NA
328	Pulse	55	20940000	2516079	NA
328	Pulse	55	20950000	2526079	NA
328	Pulse	55	20960000	2536079	NA
328	Pulse	55	20970000	2546079	NA
328	Pulse	55	20980000	2556079	NA
328	Pulse	55	20990000	2566079	NA
328	Pulse	55	21000000	2576079	NA
328	Pulse	55	21010000	2586079	NA
328	Pulse	55	21020000	2596079	NA
328	Pulse	55	21030000	2606079	NA
328	Pulse	55	21040000	2616079	NA
328	Pulse	55	21050000	2626079	NA
328	Pulse	55	21060000	2636079	NA
328	Pulse	55	21070000	2646079	NA
328	Pulse	55	21080000	2656079	NA
328	Pulse	55	21090000	2666079	NA
328	Pulse	55	21100000	2676079	NA
328	Pulse	55	21110000	2686079	NA
328	Pulse	55	21120000	2696079	NA
328	Pulse	55	21130000	2706079	NA
328	Pulse	55	21140000	2716079	NA
328	Pulse	55	21150000	2726079	NA
328	Pulse	55	21160000	2736079	NA
328	Pulse	55	21170000	2746079	NA
328	Pulse	55	21180000	2756079	NA
328	Pulse	55	21190000	2766079	NA
328	Pulse	55	21200000	2776079	NA
328	Pulse	55	21210000	2786079	NA
328	Pulse	55	21220000	2796079	NA
328	Pulse	55	21230000	2806079	NA
328	Pulse	55	21240000	2816079	NA
328	Pulse	55	21250000	2826079	NA
328	Pulse	55	21260000	2836079	NA
328	Pulse	55	21270000	2846079	NA
328	Pulse	55	21280000	2856079	NA
328	Pulse	55	21290000	2866079	NA
328	Pulse	55	21300000	2876079	NA
328	Pulse	55	21310000	2886079	NA
328	Pulse	55	21320000	2896079	NA
328	Pulse	55	21330000	2906079	NA
328	Pulse	55	21340000	2916079	NA
328	Pulse	55	21350000	2926079	NA
328	Pulse	55	21360000	2936079	NA
328	Pulse	55	21370000	2946079	NA
328	Pulse	55	21380000	2956079	NA
328	Pulse	55	21390000	2966079	NA
328	Pulse	55	21400000	2976079	NA
328	Pulse	55	21410000	2986079	NA
328	Pulse	55	21420000	2996079	NA
328	Pulse	55	21430000	3006079	NA
328	Pulse	55	21440000	3016079	NA
328	Pulse	55	21450000	3026079	NA
328	Pulse	55	21460000	3036079	NA
328	Pulse	55	21470000	3046079	NA
328	Pulse	55	21480000	3056079	NA
328	Pulse	55	21490000	3066079	NA
328	Pulse	55	21500000	3076079	NA
328	Pulse	55	21510000	3086079	NA
328	Pulse	55	21520000	3096079	NA
328	Pulse	55	21530000	3106079	NA
328	Pulse	55	21540000	3116079	NA
328	Pulse	55	21550000	3126079	NA
328	Pulse	55	21560000	3136079	NA
328	Pulse	55	21570000	3146079	NA
328	Pulse	55	21580000	3156079	NA
328	Pulse	55	21590000	3166079	NA
328	Pulse	55	21600000	3176079	NA
328	Pulse	55	21610000	3186079	NA
328	Pulse	55	21620000	3196079	NA
328	Pulse	55	21630000	3206079	NA
328	Pulse	55	21640000	3216079	NA
328	Pulse	55	21650000	3226079	NA
328	Pulse	55	21660000	3236079	NA
328	Pulse	55	21670000	3246079	NA
328	Pulse	55	21680000	3256079	NA
328	Pulse	55	21690000	3266079	NA
328	Pulse	55	21700000	3276079	NA
328	Pulse	55	21710000	3286079	NA
328	Pulse	55	21720000	3296079	NA
328	Pulse	55	21730000	3306079	NA
328	Pulse	55	21740000	3316079	NA
328	Pulse	55	21750000	3326079	NA
328	Pulse	55	21760000	3336079	NA
328	Pulse	55	21770000	3346079	NA
328	Pulse	55	21780000	3356079	NA
328	Pulse	55	21790000	3366079	NA
328	Pulse	55	21800000	3376079	NA
328	Pulse	55	21810000	3386079	NA
328	Pulse	55	21820000	3396079	NA
328	Pulse	55	21830000	3406079	NA
328	Pulse	55	21840000	3416079	NA
328	Pulse	55	21850000	3426079	NA
328	Pulse	55	21860000	3436079	NA
328	Pulse	55	21870000	3446079	NA
328	Pulse	55	21880000	3456079	NA
328	Pulse	55	21890000	3466079	NA
328	Pulse	55	21900000	3476079	NA
328	Pulse	55	21910000	3486079	NA
328	Pulse	55	21920000	3496079	NA
328	Pulse	55	21930000	3506079	NA
328	Pulse	55	21940000	3516079	NA
328	Pulse	55	21950000	3526079	NA
328	Pulse	55	21960000	3536079	NA
328	Pulse	55	21970000	3546079	NA
328	Pulse	55	21980000	3556079	NA
328	Pulse	55	21990000	3566079	NA
328	Pulse	55	22000000	3576079	NA
328	Pulse	55	22010000	3586079	NA
328	Pulse	55	22020000	3596079	NA
328	Pulse	55	22030000	3606079	NA
328	Pulse	55	22040000	3616079	NA
328	Pulse	55	22050000	3626079	NA
328	Pulse	55	22060000	3636079	NA
328	Pulse	55	22070000	3646079	NA
328	Pulse	55	22080000	3656079	NA
328	Pulse	55	22090000	3666079	NA
328	Pulse	55	22100000	3676079	NA
328	Pulse	55	22110000	3686079	NA
328	Pulse	55	22120000	3696079	NA
328	Pulse	55	22130000	3706079	NA
328	Pulse	55	22140000	3716079	NA
328	Pulse	55	22150000	3726079	NA
328	Pulse	55	22160000	3736079	NA
328	Pulse	55	22170000	3746079	NA
328	Pulse	55	22180000	3756079	NA
328	Pulse	55	22190000	3766079	NA
328	Pulse	55	22200000	3776079	NA
328	Pulse	55	22210000	3786079	NA
328	Pulse	55	22220000	3796079	NA
328	Pulse	55	22230000	3806079	NA
328	Pulse	55	22240000	3816079	NA
328	Pulse	55	22250000	3826079	NA
328	Pulse	55	22260000	3836079	NA
328	Pulse	55	22270000	3846079	NA
328	Pulse	55	22280000	3856079	NA
328	Pulse	55	22290000	3866079	NA
328	Pulse	55	22300000	3876079	NA
328	Pulse	55	22310000	3886079	NA
328	Pulse	55	22320000	3896079	NA
328	Pulse	55	22330000	3906079	NA
328	Pulse	55	22340000	3916079	NA
328	Pulse	55	22350000	3926079	NA
328	Pulse	55	22360000	3936079	NA
328	Pulse	55	22370000	3946079	NA
328	Pulse	55	22380000	3956079	NA
328	Pulse	55	22390000	3966079	NA
328	Pulse	55	22400000	3976079	NA
328	Pulse	55	22410000	3986079	NA
328	Pulse	55	22420000	3996079	NA
328	Pulse	55	22430000	4006079	NA
328	Pulse	55	22440000	4016079	NA
328	Pulse	55	22450000	4026079	NA
328	Pulse	55	22460000	4036079	NA
328	Pulse	55	22470000	4046079	NA
328	Pulse	55	22480000	4056079	NA
328	Pulse	55	22490000	4066079	NA
328	Pulse	55	22500000	4076079	NA
328	Pulse	55	22510000	4086079	NA
328	Pulse	55	22520000	4096079	NA
328	Pulse	55	22530000	4106079	NA
328	Pulse	55	22540000	4116079	NA
328	Pulse	55	22550000	4126079	NA
328	Pulse	55	22560000	4136079	NA
328	Pulse	55	22570000	4146079	NA
328	Pulse	55	22580000	4156079	NA
328	Pulse	55	22590000	4166079	NA
328	Pulse	55	22600000	4176079	NA
328	Pulse	55	22610000	4186079	NA
328	Pulse	55	22620000	4196079	NA
328	Pulse	55	22630000	4206079	NA
328	Pulse	55	22640000	4216079	NA
328	Pulse	55	22650000	4226079	NA
328	Pulse	55	22660000	4236079	NA
328	Pulse	55	22670000	4246079	NA
328	Pulse	55	22680000	4256079	NA
328	Pulse	55	22690000	4266079	NA
328	Pulse	55	22700000	4276079	NA
328	Pulse	55	22710000	4286079	NA
328	Pulse	55	22720000	4296079	NA
328	Pulse	55	22730000	4306079	NA
328	Pulse	55	22740000	4316079	NA
328	Pulse	55	22750000	4326079	NA
328	Pulse	55	22760000	4336079	NA
328	Pulse	55	22770000	4346079	NA
328	Pulse	55	22780000	4356079	NA
328	Pulse	55	22790000	4366079	NA
328	Pulse	55	22800000	4376079	NA
328	Pulse	55	22810000	4386079	NA
328	Pulse	55	22820000	4396079	NA
328	Pulse	55	22830000	4406079	NA
328	Pulse	55	22840000	4416079	NA
328	Pulse	55	22850000	4426079	NA
328	Pulse	55	22860000	4436079	NA
328	Pulse	55	22870000	4446079	NA
328	Pulse	55	22880000	4456079	NA
328	Pulse	55	22890000	4466079	NA
328	Pulse	55	22900000	4476079	NA
328	Pulse	55	22910000	4486079	NA
328	Pulse	55	22920000	4496079	NA
328	Pulse	55	22930000	4506079	NA
328	Pulse	55	22940000	4516079	NA
328	Pulse	55	22950000	4526079	NA
328	Pulse	55	22960000	4536079	NA
328	Pulse	55	22970000	4546079	NA
328	Pulse	55	22980000	4556079	NA
328	Pulse	55	22990000	4566079	NA
328	Pulse	55	23000000	4576079	NA
328	Pulse	55	23010000	4586079	NA
328	Pulse	55	23020000	4596079	NA
328	Pulse	55	23030000	4606079	NA
328	Pulse	55	23040000	4616079	NA
328	Pulse	55	23050000	4626079	NA
328	Pulse	55	23060000	4636079	NA
328	Pulse	55	23070000	4646079	NA
328	Pulse	55	23080000	4656079	NA
328	Pulse	55	23090000	4666079	NA
328	Pulse	55	23100000	4676079	NA
328	Pulse	55	23110000	4686079	NA
328	Pulse	55	23120000	4696079	NA
328	Pulse	55	23130000	4706079	NA
328	Pulse	55	23140000	4716079	NA
328	Pulse	55	23150000	4726079	NA
328	Pulse	55	23160000	4736079	NA
328	Pulse	55	23170000	4746079	NA
328	Pulse	55	23180000	4756079	NA
328	Pulse	55	23190000	4766079	NA
328	Pulse	55	23200000	4776079	NA
328	Pulse	55	23210000	4786079	NA
328	Pulse	55	23220000	4796079	NA
328	Pulse	55	23230000	4806079	NA
328	Pulse	55	23240000	4816079	NA
328	Pulse	55	23250000	4826079	NA
328	Pulse	55	23260000	4836079	NA
328	Pulse	55	23270000	4846079	NA
328	Pulse	55	23280000	4856079	NA
328	Pulse	55	23290000	4866079	NA
328	Pulse	55	23300000	4876079	NA
328	Pulse	55	23310000	4886079	NA
328	Pulse	55	23320000	4896079	NA
328	Pulse	55	23330000	4906079	NA
328	Pulse	55	23340000	4916079	NA
328	Pulse	55	23350000	4926079	NA
328	Pulse	55	23360000	4936079	NA
328	Pulse	55	23370000	4946079	NA
328	Pulse	55	23380000	4956079	NA
328	Pulse	55	23390000	4966079	NA
328	Pulse	55	23400000	4976079	NA
328	Pulse	55	23410000	4986079	NA
328	Pulse	55	23420000	4996079	NA
328	Pulse	55	23430000	5006079	NA
328	Pulse	55	23440000	5016079	NA
328	Pulse	55	23450000	5026079	NA
328	Pulse	55	23460000	5036079	NA
328	Pulse	55	23470000	5046079	NA
328	Pulse	55	23480000	5056079	NA
328	Pulse	55	23490000	5066079	NA
328	Pulse	55	23500000	5076079	NA
328	Pulse	55	23510000	5086079	NA
328	Pulse	55	23520000	5096079	NA
328	Pulse	55	23530000	5106079	NA
328	Pulse	55	23540000	5116079	NA
328	Pulse	55	23550000	5126079	NA
328	Pulse	55	23560000	5136079	NA
328	Pulse	55	23570000	5146079	NA
328	Pulse	55	23580000	5156079	NA
328	Pulse	55	23590000	5166079	NA
328	Pulse	55	23600000	5176079	NA
328	Pulse	55	23610000	5186079	NA
328	Pulse	55	23620000	5196079	NA
328	Pulse	55	23630000	5206079	NA
328	Pulse	55	23640000	5216079	NA
328	Pulse	55	23650000	5226079	NA
328	Pulse	55	23660000	5236079	NA
328	Pulse	55	23670000	5246079	NA
328	Pulse	55	23680000	5256079	NA
328	Pulse	55	23690000	5266079	NA
328	Pulse	55	23700000	5276079	NA
328	Pulse	55	23710000	5286079	NA
328	Pulse	55	23720000	5296079	NA
328	Pulse	55	23730000	5306079	NA
328	Pulse	55	23740000	5316079	NA
328	Pulse	55	23750000	5326079	NA
328	Pulse	55	23760000	5336079	NA
328	Pulse	55	23770000	5346079	NA
328	Pulse	55	23780000	5356079	NA
328	Pulse	55	23790000	5366079	NA
328	Pulse	55	23800000	5376079	NA
328	Pulse	55	23810000	5386079	NA
328	Pulse	55	23820000	5396079	NA
328	Pulse	55	23830000	5406079	NA
328	Pulse	55	23840000	5416079	NA
328	Pulse	55	23850000	5426079	NA
328	Pulse	55	23860000	5436079	NA
328	Pulse	55	23870000	5446079	NA
328	Pulse	55	23880000	5456079	NA
328	Pulse	55	23890000	5466079	NA
328	Pulse	55	23900000	5476079	NA
328	Pulse	55	23910000	5486079	NA
328	Pulse	55	23920000	5496079	NA
328	Pulse	55	23930000	5506079	NA
328	Pulse	55	23940000	5516079	NA
328	Pulse	55	23950000	5526079	NA
328	Pulse	55	23960000	5536079	NA
328	Pulse	55	23970000	5546079	NA
328	Pulse	55	23980000	5556079	NA
328	Pulse	55	23990000	5566079	NA
328	Pulse	55	24000000	5576079	NA
328	Pulse	55	24010000	5586079	NA
328	Pulse	55	24020000	5596079	NA
328	Pulse	55	24030000	5606079	NA
328	Pulse	55	24040000	5616079	NA
328	Pulse	55	24050000	5626079	NA
328	Pulse	55	24060000	5636079	NA
328	Pulse	55	24070000	5646079	NA
328	Pulse	55	24080000	5656079	NA
328	Pulse	55	24090000	5666079	NA
328	Pulse	55	24100000	5676079	NA
328	Pulse	55	24110000	5686079	NA
328	Pulse	55	24120000	5696079	NA
328	Pulse	55	24130000	5706079	NA
328	Pulse	55	24140000	5716079	NA
328	Pulse	55	24150000	5726079	NA
328	Pulse	55	24160000	5736079	NA
328	Pulse	55	24170000	5746079	NA
328	Pulse	55	24180000	5756079	NA
328	Pulse	55	24190000	5766079	NA
328	Pulse	55	24200000	5776079	NA
328	Pulse	55	24210000	5786079	NA
328	Pulse	55	24220000	5796079	NA
328	Pulse	55	24230000	5806079	NA
328	Pulse	55	24240000	5816079	NA
328	Pulse	55	24250000	5826079	NA
328	Pulse	55	24260000	5836079	NA
328	Pulse	55	24270000	5846079	NA
328	Pulse	55	24280000	5856079	NA
328	Pulse	55	24290000	5866079	NA
328	Pulse	55	24300000	5876079	NA
328	Pulse	55	24310000	5886079	NA
328	Pulse	55	24320000	5896079	NA
328	Pulse	55	24330000	5906079	NA
328	Pulse	55	24340000	5916079	NA
328	Pulse	55	24350000	5926079	NA
328	Pulse	55	24360000	5936079	NA
328	Pulse	55	24370000	5946079	NA
328	Pulse	55	24380000	5956079	NA
328	Pulse	55	24390000	5966079	NA
328	Pulse	55	24400000	5976079	NA
328	Pulse	55	24410000	5986079	NA
328	Pulse	55	24420000	5996079	NA
328	Pulse	55	24430000	6006079	NA
328	Pulse	55	24440000	6016079	NA
328	Pulse	55	24450000	6026079	NA
328	Pulse	55	24460000	6036079	NA
328	Pulse	55	24470000	6046079	NA
328	Pulse	55	24480000	6056079	NA
328	Pulse	55	24490000	6066079	NA
328	Pulse	55	24500000	6076079	NA
328	Pulse	55	24510000	6086079	NA
328	Pulse	55	24520000	6096079	NA
328	Pulse	55	24530000	6106079	NA
328	Response	1	24535142	6111221	1
