Scenario - Slideshow_D2.sce
Logfile written - 12/03/2021 12:49:42

Trial	Event Type	Code	Time	TTime	Uncertainty	Duration	Uncertainty	ReqTime	ReqDur	Stim Type	Pair Index

0	Pulse	55	0	0	NA
1	Pulse	55	10000	9333	NA
1	Pulse	55	20000	19333	NA
1	Pulse	55	30000	29333	NA
1	Pulse	55	40000	39333	NA
2	Pulse	55	50000	8737	NA
2	Pulse	55	60000	18737	NA
2	Pulse	55	70000	28737	NA
2	Pulse	55	80000	38737	NA
3	Pulse	55	90000	8140	NA
3	Pulse	55	100000	18140	NA
3	Pulse	55	110000	28140	NA
3	Pulse	55	120000	38140	NA
4	Pulse	55	130000	7543	NA
4	Pulse	55	140000	17543	NA
4	Pulse	55	150000	27543	NA
4	Pulse	55	160000	37543	NA
5	Pulse	55	170000	6947	NA
5	Pulse	55	180000	16947	NA
5	Pulse	55	190000	26947	NA
5	Pulse	55	200000	36947	NA
6	Pulse	55	210000	6350	NA
6	Pulse	55	220000	16350	NA
6	Pulse	55	230000	26350	NA
6	Pulse	55	240000	36350	NA
7	Pulse	55	250000	5753	NA
7	Pulse	55	260000	15753	NA
7	Pulse	55	270000	25753	NA
7	Pulse	55	280000	35753	NA
8	Pulse	55	290000	5157	NA
8	Pulse	55	300000	15157	NA
8	Pulse	55	310000	25157	NA
8	Pulse	55	320000	35157	NA
9	Pulse	55	330000	4560	NA
9	Pulse	55	340000	14560	NA
9	Pulse	55	350000	24560	NA
9	Pulse	55	360000	34560	NA
10	Pulse	55	370000	4047	NA
10	Pulse	55	380000	14047	NA
10	Pulse	55	390000	24047	NA
10	Pulse	55	400000	34047	NA
11	Pulse	55	410000	3534	NA
11	Pulse	55	420000	13534	NA
11	Pulse	55	430000	23534	NA
11	Pulse	55	440000	33534	NA
12	Pulse	55	450000	2937	NA
12	Pulse	55	460000	12937	NA
12	Pulse	55	470000	22937	NA
12	Pulse	55	480000	32937	NA
13	Pulse	55	490000	2340	NA
13	Pulse	55	500000	12340	NA
13	Pulse	55	510000	22340	NA
13	Pulse	55	520000	32340	NA
14	Pulse	55	530000	1744	NA
14	Pulse	55	540000	11744	NA
14	Pulse	55	550000	21744	NA
14	Pulse	55	560000	31744	NA
15	Pulse	55	570000	1147	NA
15	Pulse	55	580000	11147	NA
15	Pulse	55	590000	21147	NA
15	Pulse	55	600000	31147	NA
16	Pulse	55	610000	550	NA
16	Pulse	55	620000	10550	NA
16	Pulse	55	630000	20550	NA
16	Pulse	55	640000	30550	NA
16	Pulse	55	650000	40550	NA
17	Pulse	55	660000	9954	NA
17	Pulse	55	670000	19954	NA
17	Pulse	55	680000	29954	NA
17	Pulse	55	690000	39954	NA
18	Pulse	55	700000	9357	NA
18	Pulse	55	710000	19357	NA
18	Pulse	55	720000	29357	NA
18	Pulse	55	730000	39357	NA
19	Pulse	55	740000	8760	NA
19	Pulse	55	750000	18760	NA
19	Pulse	55	760000	28760	NA
19	Pulse	55	770000	38760	NA
20	Pulse	55	780000	8164	NA
20	Pulse	55	790000	18164	NA
20	Pulse	55	800000	28164	NA
20	Pulse	55	810000	38164	NA
21	Pulse	55	820000	7567	NA
21	Pulse	55	830000	17567	NA
21	Pulse	55	840000	27567	NA
21	Pulse	55	850000	37567	NA
22	Pulse	55	860000	6970	NA
22	Pulse	55	870000	16970	NA
22	Pulse	55	880000	26970	NA
22	Pulse	55	890000	36970	NA
23	Pulse	55	900000	6374	NA
23	Pulse	55	910000	16374	NA
23	Pulse	55	920000	26374	NA
23	Pulse	55	930000	36374	NA
24	Pulse	55	940000	5777	NA
24	Pulse	55	950000	15777	NA
24	Pulse	55	960000	25777	NA
24	Pulse	55	970000	35777	NA
25	Pulse	55	980000	5180	NA
25	Pulse	55	990000	15180	NA
25	Pulse	55	1000000	25180	NA
25	Pulse	55	1010000	35180	NA
26	Pulse	55	1020000	4584	NA
26	Pulse	55	1030000	14584	NA
26	Pulse	55	1040000	24584	NA
26	Pulse	55	1050000	34584	NA
27	Pulse	55	1060000	3987	NA
27	Pulse	55	1070000	13987	NA
27	Pulse	55	1080000	23987	NA
27	Pulse	55	1090000	33987	NA
28	Pulse	55	1100000	3390	NA
28	Pulse	55	1110000	13390	NA
28	Pulse	55	1120000	23390	NA
28	Pulse	55	1130000	33390	NA
29	Pulse	55	1140000	2794	NA
29	Pulse	55	1150000	12794	NA
29	Pulse	55	1160000	22794	NA
29	Pulse	55	1170000	32794	NA
30	Pulse	55	1180000	2197	NA
30	Pulse	55	1190000	12197	NA
30	Pulse	55	1200000	22197	NA
30	Pulse	55	1210000	32197	NA
31	Pulse	55	1220000	1600	NA
31	Pulse	55	1230000	11600	NA
31	Pulse	55	1240000	21600	NA
31	Pulse	55	1250000	31600	NA
32	Pulse	55	1260000	1004	NA
32	Pulse	55	1270000	11004	NA
32	Pulse	55	1280000	21004	NA
32	Pulse	55	1290000	31004	NA
33	Pulse	55	1300000	407	NA
33	Pulse	55	1310000	10407	NA
33	Pulse	55	1320000	20407	NA
33	Pulse	55	1330000	30407	NA
33	Pulse	55	1340000	40407	NA
34	Pulse	55	1350000	9810	NA
34	Pulse	55	1360000	19810	NA
34	Pulse	55	1370000	29810	NA
34	Pulse	55	1380000	39810	NA
35	Pulse	55	1390000	9214	NA
35	Pulse	55	1400000	19214	NA
35	Pulse	55	1410000	29214	NA
35	Pulse	55	1420000	39214	NA
36	Pulse	55	1430000	8617	NA
36	Pulse	55	1440000	18617	NA
36	Pulse	55	1450000	28617	NA
36	Pulse	55	1460000	38617	NA
37	Pulse	55	1470000	8020	NA
37	Pulse	55	1480000	18020	NA
37	Pulse	55	1490000	28020	NA
37	Pulse	55	1500000	38020	NA
38	Pulse	55	1510000	7257	NA
38	Pulse	55	1520000	17257	NA
38	Pulse	55	1530000	27257	NA
38	Pulse	55	1540000	37257	NA
39	Pulse	55	1550000	6660	NA
39	Pulse	55	1560000	16660	NA
39	Pulse	55	1570000	26660	NA
39	Pulse	55	1580000	36660	NA
40	Pulse	55	1590000	6064	NA
40	Pulse	55	1600000	16064	NA
40	Pulse	55	1610000	26064	NA
40	Pulse	55	1620000	36064	NA
41	Pulse	55	1630000	5467	NA
41	Pulse	55	1640000	15467	NA
41	Pulse	55	1650000	25467	NA
41	Pulse	55	1660000	35467	NA
42	Pulse	55	1670000	4787	NA
42	Pulse	55	1680000	14787	NA
42	Pulse	55	1690000	24787	NA
42	Pulse	55	1700000	34787	NA
43	Pulse	55	1710000	4190	NA
43	Pulse	55	1720000	14190	NA
43	Pulse	55	1730000	24190	NA
43	Pulse	55	1740000	34190	NA
44	Pulse	55	1750000	3594	NA
44	Pulse	55	1760000	13594	NA
44	Pulse	55	1770000	23594	NA
44	Pulse	55	1780000	33594	NA
45	Pulse	55	1790000	2997	NA
45	Pulse	55	1800000	12997	NA
45	Pulse	55	1810000	22997	NA
45	Pulse	55	1820000	32997	NA
46	Pulse	55	1830000	2317	NA
46	Pulse	55	1840000	12317	NA
46	Pulse	55	1850000	22317	NA
46	Pulse	55	1860000	32317	NA
47	Pulse	55	1870000	1721	NA
47	Pulse	55	1880000	11721	NA
47	Pulse	55	1890000	21721	NA
47	Pulse	55	1900000	31721	NA
48	Pulse	55	1910000	1124	NA
48	Pulse	55	1920000	11124	NA
48	Pulse	55	1930000	21124	NA
48	Pulse	55	1940000	31124	NA
49	Pulse	55	1950000	444	NA
49	Pulse	55	1960000	10444	NA
49	Pulse	55	1970000	20444	NA
49	Pulse	55	1980000	30444	NA
49	Pulse	55	1990000	40444	NA
50	Pulse	55	2000000	9847	NA
50	Pulse	55	2010000	19847	NA
50	Pulse	55	2020000	29847	NA
50	Pulse	55	2030000	39847	NA
51	Pulse	55	2040000	9250	NA
51	Pulse	55	2050000	19250	NA
51	Pulse	55	2060000	29250	NA
51	Pulse	55	2070000	39250	NA
52	Pulse	55	2080000	8654	NA
52	Pulse	55	2090000	18654	NA
52	Pulse	55	2100000	28654	NA
52	Pulse	55	2110000	38654	NA
53	Pulse	55	2120000	7974	NA
53	Pulse	55	2130000	17974	NA
53	Pulse	55	2140000	27974	NA
53	Pulse	55	2150000	37974	NA
54	Pulse	55	2160000	7377	NA
54	Pulse	55	2170000	17377	NA
54	Pulse	55	2180000	27377	NA
54	Pulse	55	2190000	37377	NA
55	Pulse	55	2200000	6780	NA
55	Pulse	55	2210000	16780	NA
55	Pulse	55	2220000	26780	NA
55	Pulse	55	2230000	36780	NA
56	Pulse	55	2240000	6100	NA
56	Pulse	55	2250000	16100	NA
56	Pulse	55	2260000	26100	NA
56	Pulse	55	2270000	36100	NA
57	Pulse	55	2280000	5504	NA
57	Pulse	55	2290000	15504	NA
57	Pulse	55	2300000	25504	NA
57	Pulse	55	2310000	35504	NA
58	Pulse	55	2320000	4907	NA
58	Pulse	55	2330000	14907	NA
58	Pulse	55	2340000	24907	NA
58	Pulse	55	2350000	34907	NA
59	Pulse	55	2360000	4311	NA
59	Pulse	55	2370000	14311	NA
59	Pulse	55	2380000	24311	NA
59	Pulse	55	2390000	34311	NA
60	Pulse	55	2400000	3714	NA
60	Pulse	55	2410000	13714	NA
60	Pulse	55	2420000	23714	NA
60	Pulse	55	2430000	33714	NA
61	Pulse	55	2440000	3034	NA
61	Pulse	55	2450000	13034	NA
61	Pulse	55	2460000	23034	NA
61	Pulse	55	2470000	33034	NA
62	Pulse	55	2480000	2437	NA
62	Pulse	55	2490000	12437	NA
62	Pulse	55	2500000	22437	NA
62	Pulse	55	2510000	32437	NA
63	Pulse	55	2520000	1757	NA
63	Pulse	55	2530000	11757	NA
63	Pulse	55	2540000	21757	NA
63	Pulse	55	2550000	31757	NA
64	Pulse	55	2560000	1161	NA
64	Pulse	55	2570000	11161	NA
64	Pulse	55	2580000	21161	NA
64	Pulse	55	2590000	31161	NA
65	Pulse	55	2600000	480	NA
65	Pulse	55	2610000	10480	NA
65	Pulse	55	2620000	20480	NA
65	Pulse	55	2630000	30480	NA
65	Pulse	55	2640000	40480	NA
66	Pulse	55	2650000	9884	NA
66	Pulse	55	2660000	19884	NA
66	Pulse	55	2670000	29884	NA
66	Pulse	55	2680000	39884	NA
67	Pulse	55	2690000	9204	NA
67	Pulse	55	2700000	19204	NA
67	Pulse	55	2710000	29204	NA
67	Pulse	55	2720000	39204	NA
68	Pulse	55	2730000	8607	NA
68	Pulse	55	2740000	18607	NA
68	Pulse	55	2750000	28607	NA
68	Pulse	55	2760000	38607	NA
69	Pulse	55	2770000	8011	NA
69	Pulse	55	2780000	18011	NA
69	Pulse	55	2790000	28011	NA
69	Pulse	55	2800000	38011	NA
70	Pulse	55	2810000	7414	NA
70	Pulse	55	2820000	17414	NA
70	Pulse	55	2830000	27414	NA
70	Pulse	55	2840000	37414	NA
71	Pulse	55	2850000	6817	NA
71	Pulse	55	2860000	16817	NA
71	Pulse	55	2870000	26817	NA
71	Pulse	55	2880000	36817	NA
72	Pulse	55	2890000	6221	NA
72	Pulse	55	2900000	16221	NA
72	Pulse	55	2910000	26221	NA
72	Pulse	55	2920000	36221	NA
73	Pulse	55	2930000	5541	NA
73	Pulse	55	2940000	15541	NA
73	Pulse	55	2950000	25541	NA
73	Pulse	55	2960000	35541	NA
74	Pulse	55	2970000	4944	NA
74	Pulse	55	2980000	14944	NA
74	Pulse	55	2990000	24944	NA
74	Pulse	55	3000000	34944	NA
75	Pulse	55	3010000	4347	NA
75	Pulse	55	3020000	14347	NA
75	Pulse	55	3030000	24347	NA
75	Pulse	55	3040000	34347	NA
76	Pulse	55	3050000	3751	NA
76	Pulse	55	3060000	13751	NA
76	Pulse	55	3070000	23751	NA
76	Pulse	55	3080000	33751	NA
77	Pulse	55	3090000	3154	NA
77	Pulse	55	3100000	13154	NA
77	Pulse	55	3110000	23154	NA
77	Pulse	55	3120000	33154	NA
78	Pulse	55	3130000	2557	NA
78	Pulse	55	3140000	12557	NA
78	Pulse	55	3150000	22557	NA
78	Pulse	55	3160000	32557	NA
79	Pulse	55	3170000	1961	NA
79	Pulse	55	3180000	11961	NA
79	Pulse	55	3190000	21961	NA
79	Pulse	55	3200000	31961	NA
80	Pulse	55	3210000	1364	NA
80	Pulse	55	3220000	11364	NA
80	Pulse	55	3230000	21364	NA
80	Pulse	55	3240000	31364	NA
81	Pulse	55	3250000	767	NA
81	Pulse	55	3260000	10767	NA
81	Pulse	55	3270000	20767	NA
81	Pulse	55	3280000	30767	NA
82	Pulse	55	3290000	87	NA
82	Pulse	55	3300000	10087	NA
82	Pulse	55	3310000	20087	NA
82	Pulse	55	3320000	30087	NA
82	Pulse	55	3330000	40087	NA
83	Pulse	55	3340000	9491	NA
83	Pulse	55	3350000	19491	NA
83	Pulse	55	3360000	29491	NA
83	Pulse	55	3370000	39491	NA
84	Pulse	55	3380000	8894	NA
84	Pulse	55	3390000	18894	NA
84	Pulse	55	3400000	28894	NA
84	Pulse	55	3410000	38894	NA
85	Pulse	55	3420000	8297	NA
85	Pulse	55	3430000	18297	NA
85	Pulse	55	3440000	28297	NA
85	Pulse	55	3450000	38297	NA
86	Pulse	55	3460000	7701	NA
86	Pulse	55	3470000	17701	NA
86	Pulse	55	3480000	27701	NA
86	Pulse	55	3490000	37701	NA
87	Pulse	55	3500000	7104	NA
87	Pulse	55	3510000	17104	NA
87	Pulse	55	3520000	27104	NA
87	Pulse	55	3530000	37104	NA
88	Pulse	55	3540000	6507	NA
88	Pulse	55	3550000	16507	NA
88	Pulse	55	3560000	26507	NA
88	Pulse	55	3570000	36507	NA
89	Pulse	55	3580000	5911	NA
89	Pulse	55	3590000	15911	NA
89	Pulse	55	3600000	25911	NA
89	Pulse	55	3610000	35911	NA
90	Pulse	55	3620000	5314	NA
90	Pulse	55	3630000	15314	NA
90	Pulse	55	3640000	25314	NA
90	Pulse	55	3650000	35314	NA
91	Pulse	55	3660000	4717	NA
91	Pulse	55	3670000	14717	NA
91	Pulse	55	3680000	24717	NA
91	Pulse	55	3690000	34717	NA
92	Pulse	55	3700000	4121	NA
92	Pulse	55	3710000	14121	NA
92	Pulse	55	3720000	24121	NA
92	Pulse	55	3730000	34121	NA
93	Pulse	55	3740000	3524	NA
93	Pulse	55	3750000	13524	NA
93	Pulse	55	3760000	23524	NA
93	Pulse	55	3770000	33524	NA
94	Pulse	55	3780000	2927	NA
94	Pulse	55	3790000	12927	NA
94	Pulse	55	3800000	22927	NA
94	Pulse	55	3810000	32927	NA
95	Pulse	55	3820000	2331	NA
95	Pulse	55	3830000	12331	NA
95	Pulse	55	3840000	22331	NA
95	Pulse	55	3850000	32331	NA
96	Pulse	55	3860000	1734	NA
96	Pulse	55	3870000	11734	NA
96	Pulse	55	3880000	21734	NA
96	Pulse	55	3890000	31734	NA
97	Pulse	55	3900000	1137	NA
97	Pulse	55	3910000	11137	NA
97	Pulse	55	3920000	21137	NA
97	Pulse	55	3930000	31137	NA
98	Pulse	55	3940000	541	NA
98	Pulse	55	3950000	10541	NA
98	Pulse	55	3960000	20541	NA
98	Pulse	55	3970000	30541	NA
98	Pulse	55	3980000	40541	NA
99	Pulse	55	3990000	9944	NA
99	Pulse	55	4000000	19944	NA
99	Pulse	55	4010000	29944	NA
99	Pulse	55	4020000	39944	NA
100	Pulse	55	4030000	9347	NA
100	Pulse	55	4040000	19347	NA
100	Pulse	55	4050000	29347	NA
100	Pulse	55	4060000	39347	NA
101	Pulse	55	4070000	8751	NA
101	Pulse	55	4080000	18751	NA
101	Pulse	55	4090000	28751	NA
101	Pulse	55	4100000	38751	NA
102	Pulse	55	4110000	8154	NA
102	Pulse	55	4120000	18154	NA
102	Pulse	55	4130000	28154	NA
102	Pulse	55	4140000	38154	NA
103	Pulse	55	4150000	7558	NA
103	Pulse	55	4160000	17558	NA
103	Pulse	55	4170000	27558	NA
103	Pulse	55	4180000	37558	NA
104	Pulse	55	4190000	6961	NA
104	Pulse	55	4200000	16961	NA
104	Pulse	55	4210000	26961	NA
104	Pulse	55	4220000	36961	NA
105	Pulse	55	4230000	6364	NA
105	Pulse	55	4240000	16364	NA
105	Pulse	55	4250000	26364	NA
105	Pulse	55	4260000	36364	NA
106	Pulse	55	4270000	5768	NA
106	Pulse	55	4280000	15768	NA
106	Pulse	55	4290000	25768	NA
106	Pulse	55	4300000	35768	NA
107	Pulse	55	4310000	5254	NA
107	Pulse	55	4320000	15254	NA
107	Pulse	55	4330000	25254	NA
107	Pulse	55	4340000	35254	NA
108	Pulse	55	4350000	4741	NA
108	Pulse	55	4360000	14741	NA
108	Pulse	55	4370000	24741	NA
108	Pulse	55	4380000	34741	NA
109	Pulse	55	4390000	4144	NA
109	Pulse	55	4400000	14144	NA
109	Pulse	55	4410000	24144	NA
109	Pulse	55	4420000	34144	NA
110	Pulse	55	4430000	3548	NA
110	Pulse	55	4440000	13548	NA
110	Pulse	55	4450000	23548	NA
110	Pulse	55	4460000	33548	NA
111	Pulse	55	4470000	2951	NA
111	Pulse	55	4480000	12951	NA
111	Pulse	55	4490000	22951	NA
111	Pulse	55	4500000	32951	NA
112	Pulse	55	4510000	2354	NA
112	Pulse	55	4520000	12354	NA
112	Pulse	55	4530000	22354	NA
112	Pulse	55	4540000	32354	NA
113	Pulse	55	4550000	1758	NA
113	Pulse	55	4560000	11758	NA
113	Pulse	55	4570000	21758	NA
113	Pulse	55	4580000	31758	NA
114	Pulse	55	4590000	1161	NA
114	Pulse	55	4600000	11161	NA
114	Pulse	55	4610000	21161	NA
114	Pulse	55	4620000	31161	NA
115	Pulse	55	4630000	648	NA
115	Pulse	55	4640000	10648	NA
115	Pulse	55	4650000	20648	NA
115	Pulse	55	4660000	30648	NA
116	Pulse	55	4670000	51	NA
116	Pulse	55	4680000	10051	NA
116	Pulse	55	4690000	20051	NA
116	Pulse	55	4700000	30051	NA
116	Pulse	55	4710000	40051	NA
117	Pulse	55	4720000	9454	NA
117	Pulse	55	4730000	19454	NA
117	Pulse	55	4740000	29454	NA
117	Pulse	55	4750000	39454	NA
118	Pulse	55	4760000	8941	NA
118	Pulse	55	4770000	18941	NA
118	Pulse	55	4780000	28941	NA
118	Pulse	55	4790000	38941	NA
119	Pulse	55	4800000	8428	NA
119	Pulse	55	4810000	18428	NA
119	Pulse	55	4820000	28428	NA
119	Pulse	55	4830000	38428	NA
120	Pulse	55	4840000	7831	NA
120	Pulse	55	4850000	17831	NA
120	Pulse	55	4860000	27831	NA
120	Pulse	55	4870000	37831	NA
121	Pulse	55	4880000	7318	NA
121	Pulse	55	4890000	17318	NA
121	Pulse	55	4900000	27318	NA
121	Pulse	55	4910000	37318	NA
122	Pulse	55	4920000	6721	NA
122	Pulse	55	4930000	16721	NA
122	Pulse	55	4940000	26721	NA
122	Pulse	55	4950000	36721	NA
123	Pulse	55	4960000	6208	NA
123	Pulse	55	4970000	16208	NA
123	Pulse	55	4980000	26208	NA
123	Pulse	55	4990000	36208	NA
124	Pulse	55	5000000	5695	NA
124	Pulse	55	5010000	15695	NA
124	Pulse	55	5020000	25695	NA
124	Pulse	55	5030000	35695	NA
125	Pulse	55	5040000	5181	NA
125	Pulse	55	5050000	15181	NA
125	Pulse	55	5060000	25181	NA
125	Pulse	55	5070000	35181	NA
126	Pulse	55	5080000	4585	NA
126	Pulse	55	5090000	14585	NA
126	Pulse	55	5100000	24585	NA
126	Pulse	55	5110000	34585	NA
127	Pulse	55	5120000	3988	NA
127	Pulse	55	5130000	13988	NA
127	Pulse	55	5140000	23988	NA
127	Pulse	55	5150000	33988	NA
128	Pulse	55	5160000	3391	NA
128	Pulse	55	5170000	13391	NA
128	Pulse	55	5180000	23391	NA
128	Pulse	55	5190000	33391	NA
129	Pulse	55	5200000	2795	NA
129	Pulse	55	5210000	12795	NA
129	Pulse	55	5220000	22795	NA
129	Pulse	55	5230000	32795	NA
130	Pulse	55	5240000	2198	NA
130	Pulse	55	5250000	12198	NA
130	Pulse	55	5260000	22198	NA
130	Pulse	55	5270000	32198	NA
131	Pulse	55	5280000	1601	NA
131	Pulse	55	5290000	11601	NA
131	Pulse	55	5300000	21601	NA
131	Pulse	55	5310000	31601	NA
132	Pulse	55	5320000	1088	NA
132	Pulse	55	5330000	11088	NA
132	Pulse	55	5340000	21088	NA
132	Pulse	55	5350000	31088	NA
133	Pulse	55	5360000	491	NA
133	Pulse	55	5370000	10491	NA
133	Pulse	55	5380000	20491	NA
133	Pulse	55	5390000	30491	NA
133	Pulse	55	5400000	40491	NA
134	Pulse	55	5410000	9895	NA
134	Pulse	55	5420000	19895	NA
134	Pulse	55	5430000	29895	NA
134	Pulse	55	5440000	39895	NA
135	Pulse	55	5450000	9298	NA
135	Pulse	55	5460000	19298	NA
135	Pulse	55	5470000	29298	NA
135	Pulse	55	5480000	39298	NA
136	Pulse	55	5490000	8701	NA
136	Pulse	55	5500000	18701	NA
136	Pulse	55	5510000	28701	NA
136	Pulse	55	5520000	38701	NA
137	Pulse	55	5530000	8105	NA
137	Pulse	55	5540000	18105	NA
137	Pulse	55	5550000	28105	NA
137	Pulse	55	5560000	38105	NA
138	Pulse	55	5570000	7592	NA
138	Pulse	55	5580000	17592	NA
138	Pulse	55	5590000	27592	NA
138	Pulse	55	5600000	37592	NA
139	Pulse	55	5610000	6995	NA
139	Pulse	55	5620000	16995	NA
139	Pulse	55	5630000	26995	NA
139	Pulse	55	5640000	36995	NA
140	Pulse	55	5650000	6398	NA
140	Pulse	55	5660000	16398	NA
140	Pulse	55	5670000	26398	NA
140	Pulse	55	5680000	36398	NA
141	Pulse	55	5690000	5885	NA
141	Pulse	55	5700000	15885	NA
141	Pulse	55	5710000	25885	NA
141	Pulse	55	5720000	35885	NA
142	Pulse	55	5730000	5288	NA
142	Pulse	55	5740000	15288	NA
142	Pulse	55	5750000	25288	NA
142	Pulse	55	5760000	35288	NA
143	Pulse	55	5770000	4692	NA
143	Pulse	55	5780000	14692	NA
143	Pulse	55	5790000	24692	NA
143	Pulse	55	5800000	34692	NA
144	Pulse	55	5810000	4178	NA
144	Pulse	55	5820000	14178	NA
144	Pulse	55	5830000	24178	NA
144	Pulse	55	5840000	34178	NA
145	Pulse	55	5850000	3665	NA
145	Pulse	55	5860000	13665	NA
145	Pulse	55	5870000	23665	NA
145	Pulse	55	5880000	33665	NA
146	Pulse	55	5890000	3068	NA
146	Pulse	55	5900000	13068	NA
146	Pulse	55	5910000	23068	NA
146	Pulse	55	5920000	33068	NA
147	Pulse	55	5930000	2472	NA
147	Pulse	55	5940000	12472	NA
147	Pulse	55	5950000	22472	NA
147	Pulse	55	5960000	32472	NA
148	Pulse	55	5970000	1875	NA
148	Pulse	55	5980000	11875	NA
148	Pulse	55	5990000	21875	NA
148	Pulse	55	6000000	31875	NA
149	Pulse	55	6010000	1278	NA
149	Pulse	55	6020000	11278	NA
149	Pulse	55	6030000	21278	NA
149	Pulse	55	6040000	31278	NA
150	Pulse	55	6050000	682	NA
150	Pulse	55	6060000	10682	NA
150	Pulse	55	6070000	20682	NA
150	Pulse	55	6080000	30682	NA
151	Pulse	55	6090000	85	NA
151	Pulse	55	6100000	10085	NA
151	Pulse	55	6110000	20085	NA
151	Pulse	55	6120000	30085	NA
151	Pulse	55	6130000	40085	NA
152	Pulse	55	6140000	9488	NA
152	Pulse	55	6150000	19488	NA
152	Pulse	55	6160000	29488	NA
152	Pulse	55	6170000	39488	NA
153	Pulse	55	6180000	8975	NA
153	Pulse	55	6190000	18975	NA
153	Pulse	55	6200000	28975	NA
153	Pulse	55	6210000	38975	NA
154	Pulse	55	6220000	8462	NA
154	Pulse	55	6230000	18462	NA
154	Pulse	55	6240000	28462	NA
154	Pulse	55	6250000	38462	NA
155	Pulse	55	6260000	8032	NA
155	Pulse	55	6270000	18032	NA
155	Pulse	55	6280000	28032	NA
155	Pulse	55	6290000	38032	NA
156	Pulse	55	6300000	7519	NA
156	Pulse	55	6310000	17519	NA
156	Pulse	55	6320000	27519	NA
156	Pulse	55	6330000	37519	NA
157	Pulse	55	6340000	7005	NA
157	Pulse	55	6350000	17005	NA
157	Pulse	55	6360000	27005	NA
157	Pulse	55	6370000	37005	NA
158	Pulse	55	6380000	6492	NA
158	Pulse	55	6390000	16492	NA
158	Pulse	55	6400000	26492	NA
158	Pulse	55	6410000	36492	NA
159	Pulse	55	6420000	5895	NA
159	Pulse	55	6430000	15895	NA
159	Pulse	55	6440000	25895	NA
159	Pulse	55	6450000	35895	NA
160	Pulse	55	6460000	5299	NA
160	Pulse	55	6470000	15299	NA
160	Pulse	55	6480000	25299	NA
160	Pulse	55	6490000	35299	NA
161	Pulse	55	6500000	4702	NA
161	Pulse	55	6510000	14702	NA
161	Pulse	55	6520000	24702	NA
161	Pulse	55	6530000	34702	NA
162	Pulse	55	6540000	4189	NA
162	Pulse	55	6550000	14189	NA
162	Pulse	55	6560000	24189	NA
162	Pulse	55	6570000	34189	NA
163	Pulse	55	6580000	3592	NA
163	Pulse	55	6590000	13592	NA
163	Pulse	55	6600000	23592	NA
163	Pulse	55	6610000	33592	NA
164	Pulse	55	6620000	2995	NA
164	Pulse	55	6630000	12995	NA
164	Pulse	55	6640000	22995	NA
164	Pulse	55	6650000	32995	NA
165	Pulse	55	6660000	2399	NA
165	Pulse	55	6670000	12399	NA
165	Pulse	55	6680000	22399	NA
165	Pulse	55	6690000	32399	NA
166	Pulse	55	6700000	1802	NA
166	Pulse	55	6710000	11802	NA
166	Pulse	55	6720000	21802	NA
166	Pulse	55	6730000	31802	NA
167	Pulse	55	6740000	1206	NA
167	Pulse	55	6750000	11206	NA
167	Pulse	55	6760000	21206	NA
167	Pulse	55	6770000	31206	NA
168	Pulse	55	6780000	609	NA
168	Pulse	55	6790000	10609	NA
168	Pulse	55	6800000	20609	NA
168	Pulse	55	6810000	30609	NA
169	Pulse	55	6820000	96	NA
169	Pulse	55	6830000	10096	NA
169	Pulse	55	6840000	20096	NA
169	Pulse	55	6850000	30096	NA
169	Pulse	55	6860000	40096	NA
170	Pulse	55	6870000	9499	NA
170	Pulse	55	6880000	19499	NA
170	Pulse	55	6890000	29499	NA
170	Pulse	55	6900000	39499	NA
171	Pulse	55	6910000	8986	NA
171	Pulse	55	6920000	18986	NA
171	Pulse	55	6930000	28986	NA
171	Pulse	55	6940000	38986	NA
172	Pulse	55	6950000	8472	NA
172	Pulse	55	6960000	18472	NA
172	Pulse	55	6970000	28472	NA
172	Pulse	55	6980000	38472	NA
173	Pulse	55	6990000	7876	NA
173	Pulse	55	7000000	17876	NA
173	Pulse	55	7010000	27876	NA
173	Pulse	55	7020000	37876	NA
174	Pulse	55	7030000	7446	NA
174	Pulse	55	7040000	17446	NA
174	Pulse	55	7050000	27446	NA
174	Pulse	55	7060000	37446	NA
175	Pulse	55	7070000	6932	NA
175	Pulse	55	7080000	16932	NA
175	Pulse	55	7090000	26932	NA
175	Pulse	55	7100000	36932	NA
176	Pulse	55	7110000	6336	NA
176	Pulse	55	7120000	16336	NA
176	Pulse	55	7130000	26336	NA
176	Pulse	55	7140000	36336	NA
177	Pulse	55	7150000	5739	NA
177	Pulse	55	7160000	15739	NA
177	Pulse	55	7170000	25739	NA
177	Pulse	55	7180000	35739	NA
178	Pulse	55	7190000	5226	NA
178	Pulse	55	7200000	15226	NA
178	Pulse	55	7210000	25226	NA
178	Pulse	55	7220000	35226	NA
179	Pulse	55	7230000	4713	NA
179	Pulse	55	7240000	14713	NA
179	Pulse	55	7250000	24713	NA
179	Pulse	55	7260000	34713	NA
180	Pulse	55	7270000	4116	NA
180	Pulse	55	7280000	14116	NA
180	Pulse	55	7290000	24116	NA
180	Pulse	55	7300000	34116	NA
181	Pulse	55	7310000	3519	NA
181	Pulse	55	7320000	13519	NA
181	Pulse	55	7330000	23519	NA
181	Pulse	55	7340000	33519	NA
182	Pulse	55	7350000	2923	NA
182	Pulse	55	7360000	12923	NA
182	Pulse	55	7370000	22923	NA
182	Pulse	55	7380000	32923	NA
183	Pulse	55	7390000	2326	NA
183	Pulse	55	7400000	12326	NA
183	Pulse	55	7410000	22326	NA
183	Pulse	55	7420000	32326	NA
184	Pulse	55	7430000	1729	NA
184	Pulse	55	7440000	11729	NA
184	Pulse	55	7450000	21729	NA
184	Pulse	55	7460000	31729	NA
185	Pulse	55	7470000	1216	NA
185	Pulse	55	7480000	11216	NA
185	Pulse	55	7490000	21216	NA
185	Pulse	55	7500000	31216	NA
186	Pulse	55	7510000	619	NA
186	Pulse	55	7520000	10619	NA
186	Pulse	55	7530000	20619	NA
186	Pulse	55	7540000	30619	NA
186	Pulse	55	7550000	40619	NA
187	Pulse	55	7560000	9939	NA
187	Pulse	55	7570000	19939	NA
187	Pulse	55	7580000	29939	NA
187	Pulse	55	7590000	39939	NA
188	Pulse	55	7600000	9343	NA
188	Pulse	55	7610000	19343	NA
188	Pulse	55	7620000	29343	NA
188	Pulse	55	7630000	39343	NA
189	Pulse	55	7640000	8746	NA
189	Pulse	55	7650000	18746	NA
189	Pulse	55	7660000	28746	NA
189	Pulse	55	7670000	38746	NA
190	Pulse	55	7680000	8149	NA
190	Pulse	55	7690000	18149	NA
190	Pulse	55	7700000	28149	NA
190	Pulse	55	7710000	38149	NA
191	Pulse	55	7720000	7553	NA
191	Pulse	55	7730000	17553	NA
191	Pulse	55	7740000	27553	NA
191	Pulse	55	7750000	37553	NA
192	Pulse	55	7760000	6956	NA
192	Pulse	55	7770000	16956	NA
192	Pulse	55	7780000	26956	NA
192	Pulse	55	7790000	36956	NA
193	Pulse	55	7800000	6359	NA
193	Pulse	55	7810000	16359	NA
193	Pulse	55	7820000	26359	NA
193	Pulse	55	7830000	36359	NA
194	Pulse	55	7840000	5763	NA
194	Pulse	55	7850000	15763	NA
194	Pulse	55	7860000	25763	NA
194	Pulse	55	7870000	35763	NA
195	Pulse	55	7880000	5166	NA
195	Pulse	55	7890000	15166	NA
195	Pulse	55	7900000	25166	NA
195	Pulse	55	7910000	35166	NA
196	Pulse	55	7920000	4569	NA
196	Pulse	55	7930000	14569	NA
196	Pulse	55	7940000	24569	NA
196	Pulse	55	7950000	34569	NA
197	Pulse	55	7960000	4056	NA
197	Pulse	55	7970000	14056	NA
197	Pulse	55	7980000	24056	NA
197	Pulse	55	7990000	34056	NA
198	Pulse	55	8000000	3543	NA
198	Pulse	55	8010000	13543	NA
198	Pulse	55	8020000	23543	NA
198	Pulse	55	8030000	33543	NA
199	Pulse	55	8040000	2946	NA
199	Pulse	55	8050000	12946	NA
199	Pulse	55	8060000	22946	NA
199	Pulse	55	8070000	32946	NA
200	Pulse	55	8080000	2350	NA
200	Pulse	55	8090000	12350	NA
200	Pulse	55	8100000	22350	NA
200	Pulse	55	8110000	32350	NA
201	Pulse	55	8120000	1920	NA
201	Pulse	55	8130000	11920	NA
201	Pulse	55	8140000	21920	NA
201	Pulse	55	8150000	31920	NA
202	Pulse	55	8160000	1406	NA
202	Pulse	55	8170000	11406	NA
202	Pulse	55	8180000	21406	NA
202	Pulse	55	8190000	31406	NA
203	Pulse	55	8200000	893	NA
203	Pulse	55	8210000	10893	NA
203	Pulse	55	8220000	20893	NA
203	Pulse	55	8230000	30893	NA
204	Pulse	55	8240000	296	NA
204	Pulse	55	8250000	10296	NA
204	Pulse	55	8260000	20296	NA
204	Pulse	55	8270000	30296	NA
204	Pulse	55	8280000	40296	NA
205	Pulse	55	8290000	9783	NA
205	Pulse	55	8300000	19783	NA
205	Pulse	55	8310000	29783	NA
205	Pulse	55	8320000	39783	NA
206	Pulse	55	8330000	9186	NA
206	Pulse	55	8340000	19186	NA
206	Pulse	55	8350000	29186	NA
206	Pulse	55	8360000	39186	NA
207	Pulse	55	8370000	8673	NA
207	Pulse	55	8380000	18673	NA
207	Pulse	55	8390000	28673	NA
207	Pulse	55	8400000	38673	NA
208	Pulse	55	8410000	8160	NA
208	Pulse	55	8420000	18160	NA
208	Pulse	55	8430000	28160	NA
208	Pulse	55	8440000	38160	NA
209	Pulse	55	8450000	7563	NA
209	Pulse	55	8460000	17563	NA
209	Pulse	55	8470000	27563	NA
209	Pulse	55	8480000	37563	NA
210	Pulse	55	8490000	7050	NA
210	Pulse	55	8500000	17050	NA
210	Pulse	55	8510000	27050	NA
210	Pulse	55	8520000	37050	NA
211	Pulse	55	8530000	6620	NA
211	Pulse	55	8540000	16620	NA
211	Pulse	55	8550000	26620	NA
211	Pulse	55	8560000	36620	NA
212	Pulse	55	8570000	6107	NA
212	Pulse	55	8580000	16107	NA
212	Pulse	55	8590000	26107	NA
212	Pulse	55	8600000	36107	NA
213	Pulse	55	8610000	5593	NA
213	Pulse	55	8620000	15593	NA
213	Pulse	55	8630000	25593	NA
213	Pulse	55	8640000	35593	NA
214	Pulse	55	8650000	4997	NA
214	Pulse	55	8660000	14997	NA
214	Pulse	55	8670000	24997	NA
214	Pulse	55	8680000	34997	NA
215	Pulse	55	8690000	4400	NA
215	Pulse	55	8700000	14400	NA
215	Pulse	55	8710000	24400	NA
215	Pulse	55	8720000	34400	NA
216	Pulse	55	8730000	3803	NA
216	Pulse	55	8740000	13803	NA
216	Pulse	55	8750000	23803	NA
216	Pulse	55	8760000	33803	NA
217	Pulse	55	8770000	3457	NA
217	Pulse	55	8780000	13457	NA
217	Pulse	55	8790000	23457	NA
217	Pulse	55	8800000	33457	NA
218	Pulse	55	8810000	2860	NA
218	Pulse	55	8820000	12860	NA
218	Pulse	55	8830000	22860	NA
218	Pulse	55	8840000	32860	NA
219	Pulse	55	8850000	2347	NA
219	Pulse	55	8860000	12347	NA
219	Pulse	55	8870000	22347	NA
219	Pulse	55	8880000	32347	NA
220	Pulse	55	8890000	1750	NA
220	Pulse	55	8900000	11750	NA
220	Pulse	55	8910000	21750	NA
220	Pulse	55	8920000	31750	NA
221	Pulse	55	8930000	1154	NA
221	Pulse	55	8940000	11154	NA
221	Pulse	55	8950000	21154	NA
221	Pulse	55	8960000	31154	NA
222	Pulse	55	8970000	724	NA
222	Pulse	55	8980000	10724	NA
222	Pulse	55	8990000	20724	NA
222	Pulse	55	9000000	30724	NA
223	Pulse	55	9010000	127	NA
223	Pulse	55	9020000	10127	NA
223	Pulse	55	9030000	20127	NA
223	Pulse	55	9040000	30127	NA
223	Pulse	55	9050000	40127	NA
224	Pulse	55	9060000	9530	NA
224	Pulse	55	9070000	19530	NA
224	Pulse	55	9080000	29530	NA
224	Pulse	55	9090000	39530	NA
225	Pulse	55	9100000	9100	NA
225	Pulse	55	9110000	19100	NA
225	Pulse	55	9120000	29100	NA
225	Pulse	55	9130000	39100	NA
226	Pulse	55	9140000	8587	NA
226	Pulse	55	9150000	18587	NA
226	Pulse	55	9160000	28587	NA
226	Pulse	55	9170000	38587	NA
227	Pulse	55	9180000	8074	NA
227	Pulse	55	9190000	18074	NA
227	Pulse	55	9200000	28074	NA
227	Pulse	55	9210000	38074	NA
228	Pulse	55	9220000	7477	NA
228	Pulse	55	9230000	17477	NA
228	Pulse	55	9240000	27477	NA
228	Pulse	55	9250000	37477	NA
229	Pulse	55	9260000	6880	NA
229	Pulse	55	9270000	16880	NA
229	Pulse	55	9280000	26880	NA
229	Pulse	55	9290000	36880	NA
230	Pulse	55	9300000	6367	NA
230	Pulse	55	9310000	16367	NA
230	Pulse	55	9320000	26367	NA
230	Pulse	55	9330000	36367	NA
231	Pulse	55	9340000	5854	NA
231	Pulse	55	9350000	15854	NA
231	Pulse	55	9360000	25854	NA
231	Pulse	55	9370000	35854	NA
232	Pulse	55	9380000	5257	NA
232	Pulse	55	9390000	15257	NA
232	Pulse	55	9400000	25257	NA
232	Pulse	55	9410000	35257	NA
233	Pulse	55	9420000	4661	NA
233	Pulse	55	9430000	14661	NA
233	Pulse	55	9440000	24661	NA
233	Pulse	55	9450000	34661	NA
234	Pulse	55	9460000	4064	NA
234	Pulse	55	9470000	14064	NA
234	Pulse	55	9480000	24064	NA
234	Pulse	55	9490000	34064	NA
235	Pulse	55	9500000	3467	NA
235	Pulse	55	9510000	13467	NA
235	Pulse	55	9520000	23467	NA
235	Pulse	55	9530000	33467	NA
236	Pulse	55	9540000	2871	NA
236	Pulse	55	9550000	12871	NA
236	Pulse	55	9560000	22871	NA
236	Pulse	55	9570000	32871	NA
237	Pulse	55	9580000	2274	NA
237	Pulse	55	9590000	12274	NA
237	Pulse	55	9600000	22274	NA
237	Pulse	55	9610000	32274	NA
238	Pulse	55	9620000	1677	NA
238	Pulse	55	9630000	11677	NA
238	Pulse	55	9640000	21677	NA
238	Pulse	55	9650000	31677	NA
239	Pulse	55	9660000	1164	NA
239	Pulse	55	9670000	11164	NA
239	Pulse	55	9680000	21164	NA
239	Pulse	55	9690000	31164	NA
240	Pulse	55	9700000	568	NA
240	Pulse	55	9710000	10568	NA
240	Pulse	55	9720000	20568	NA
240	Pulse	55	9730000	30568	NA
241	Pulse	55	9740000	54	NA
241	Pulse	55	9750000	10054	NA
241	Pulse	55	9760000	20054	NA
241	Pulse	55	9770000	30054	NA
241	Pulse	55	9780000	40054	NA
242	Pulse	55	9790000	9457	NA
242	Pulse	55	9800000	19457	NA
242	Pulse	55	9810000	29457	NA
242	Pulse	55	9820000	39457	NA
243	Pulse	55	9830000	8861	NA
243	Pulse	55	9840000	18861	NA
243	Pulse	55	9850000	28861	NA
243	Pulse	55	9860000	38861	NA
244	Pulse	55	9870000	8264	NA
244	Pulse	55	9880000	18264	NA
244	Pulse	55	9890000	28264	NA
244	Pulse	55	9900000	38264	NA
245	Pulse	55	9910000	7751	NA
245	Pulse	55	9920000	17751	NA
245	Pulse	55	9930000	27751	NA
245	Pulse	55	9940000	37751	NA
246	Pulse	55	9950000	7154	NA
246	Pulse	55	9960000	17154	NA
246	Pulse	55	9970000	27154	NA
246	Pulse	55	9980000	37154	NA
247	Pulse	55	9990000	6557	NA
247	Pulse	55	10000000	16557	NA
247	Pulse	55	10010000	26557	NA
247	Pulse	55	10020000	36557	NA
248	Pulse	55	10030000	5961	NA
248	Pulse	55	10040000	15961	NA
248	Pulse	55	10050000	25961	NA
248	Pulse	55	10060000	35961	NA
249	Pulse	55	10070000	5364	NA
249	Pulse	55	10080000	15364	NA
249	Pulse	55	10090000	25364	NA
249	Pulse	55	10100000	35364	NA
250	Pulse	55	10110000	4767	NA
250	Pulse	55	10120000	14767	NA
250	Pulse	55	10130000	24767	NA
250	Pulse	55	10140000	34767	NA
251	Pulse	55	10150000	4171	NA
251	Pulse	55	10160000	14171	NA
251	Pulse	55	10170000	24171	NA
251	Pulse	55	10180000	34171	NA
252	Pulse	55	10190000	3574	NA
252	Pulse	55	10200000	13574	NA
252	Pulse	55	10210000	23574	NA
252	Pulse	55	10220000	33574	NA
253	Pulse	55	10230000	2978	NA
253	Pulse	55	10240000	12978	NA
253	Pulse	55	10250000	22978	NA
253	Pulse	55	10260000	32978	NA
254	Pulse	55	10270000	2381	NA
254	Pulse	55	10280000	12381	NA
254	Pulse	55	10290000	22381	NA
254	Pulse	55	10300000	32381	NA
255	Pulse	55	10310000	1868	NA
255	Pulse	55	10320000	11868	NA
255	Pulse	55	10330000	21868	NA
255	Pulse	55	10340000	31868	NA
256	Pulse	55	10350000	1354	NA
256	Pulse	55	10360000	11354	NA
256	Pulse	55	10370000	21354	NA
256	Pulse	55	10380000	31354	NA
257	Pulse	55	10390000	841	NA
257	Pulse	55	10400000	10841	NA
257	Pulse	55	10410000	20841	NA
257	Pulse	55	10420000	30841	NA
258	Pulse	55	10430000	244	NA
258	Pulse	55	10440000	10244	NA
258	Pulse	55	10450000	20244	NA
258	Pulse	55	10460000	30244	NA
258	Pulse	55	10470000	40244	NA
259	Pulse	55	10480000	9648	NA
259	Pulse	55	10490000	19648	NA
259	Pulse	55	10500000	29648	NA
259	Pulse	55	10510000	39648	NA
260	Pulse	55	10520000	9051	NA
260	Pulse	55	10530000	19051	NA
260	Pulse	55	10540000	29051	NA
260	Pulse	55	10550000	39051	NA
261	Pulse	55	10560000	8454	NA
261	Pulse	55	10570000	18454	NA
261	Pulse	55	10580000	28454	NA
261	Pulse	55	10590000	38454	NA
262	Pulse	55	10600000	7858	NA
262	Pulse	55	10610000	17858	NA
262	Pulse	55	10620000	27858	NA
262	Pulse	55	10630000	37858	NA
263	Pulse	55	10640000	7344	NA
263	Pulse	55	10650000	17344	NA
263	Pulse	55	10660000	27344	NA
263	Pulse	55	10670000	37344	NA
264	Pulse	55	10680000	6748	NA
264	Pulse	55	10690000	16748	NA
264	Pulse	55	10700000	26748	NA
264	Pulse	55	10710000	36748	NA
265	Pulse	55	10720000	6151	NA
265	Pulse	55	10730000	16151	NA
265	Pulse	55	10740000	26151	NA
265	Pulse	55	10750000	36151	NA
266	Pulse	55	10760000	5554	NA
266	Pulse	55	10770000	15554	NA
266	Pulse	55	10780000	25554	NA
266	Pulse	55	10790000	35554	NA
267	Pulse	55	10800000	4958	NA
267	Pulse	55	10810000	14958	NA
267	Pulse	55	10820000	24958	NA
267	Pulse	55	10830000	34958	NA
268	Pulse	55	10840000	4361	NA
268	Pulse	55	10850000	14361	NA
268	Pulse	55	10860000	24361	NA
268	Pulse	55	10870000	34361	NA
269	Pulse	55	10880000	3764	NA
269	Pulse	55	10890000	13764	NA
269	Pulse	55	10900000	23764	NA
269	Pulse	55	10910000	33764	NA
270	Pulse	55	10920000	3168	NA
270	Pulse	55	10930000	13168	NA
270	Pulse	55	10940000	23168	NA
270	Pulse	55	10950000	33168	NA
271	Pulse	55	10960000	2571	NA
271	Pulse	55	10970000	12571	NA
271	Pulse	55	10980000	22571	NA
271	Pulse	55	10990000	32571	NA
272	Pulse	55	11000000	1975	NA
272	Pulse	55	11010000	11975	NA
272	Pulse	55	11020000	21975	NA
272	Pulse	55	11030000	31975	NA
273	Pulse	55	11040000	1378	NA
273	Pulse	55	11050000	11378	NA
273	Pulse	55	11060000	21378	NA
273	Pulse	55	11070000	31378	NA
274	Pulse	55	11080000	781	NA
274	Pulse	55	11090000	10781	NA
274	Pulse	55	11100000	20781	NA
274	Pulse	55	11110000	30781	NA
275	Pulse	55	11120000	185	NA
275	Pulse	55	11130000	10185	NA
275	Pulse	55	11140000	20185	NA
275	Pulse	55	11150000	30185	NA
275	Pulse	55	11160000	40185	NA
276	Pulse	55	11170000	9588	NA
276	Pulse	55	11180000	19588	NA
276	Pulse	55	11190000	29588	NA
276	Pulse	55	11200000	39588	NA
277	Pulse	55	11210000	8991	NA
277	Pulse	55	11220000	18991	NA
277	Pulse	55	11230000	28991	NA
277	Pulse	55	11240000	38991	NA
278	Pulse	55	11250000	8395	NA
278	Pulse	55	11260000	18395	NA
278	Pulse	55	11270000	28395	NA
278	Pulse	55	11280000	38395	NA
279	Pulse	55	11290000	7798	NA
279	Pulse	55	11300000	17798	NA
279	Pulse	55	11310000	27798	NA
279	Pulse	55	11320000	37798	NA
280	Pulse	55	11330000	7201	NA
280	Pulse	55	11340000	17201	NA
280	Pulse	55	11350000	27201	NA
280	Pulse	55	11360000	37201	NA
281	Pulse	55	11370000	6605	NA
281	Pulse	55	11380000	16605	NA
281	Pulse	55	11390000	26605	NA
281	Pulse	55	11400000	36605	NA
282	Pulse	55	11410000	6008	NA
282	Pulse	55	11420000	16008	NA
282	Pulse	55	11430000	26008	NA
282	Pulse	55	11440000	36008	NA
283	Pulse	55	11450000	5245	NA
283	Pulse	55	11460000	15245	NA
283	Pulse	55	11470000	25245	NA
283	Pulse	55	11480000	35245	NA
284	Pulse	55	11490000	4648	NA
284	Pulse	55	11500000	14648	NA
284	Pulse	55	11510000	24648	NA
284	Pulse	55	11520000	34648	NA
285	Pulse	55	11530000	4051	NA
285	Pulse	55	11540000	14051	NA
285	Pulse	55	11550000	24051	NA
285	Pulse	55	11560000	34051	NA
286	Pulse	55	11570000	3455	NA
286	Pulse	55	11580000	13455	NA
286	Pulse	55	11590000	23455	NA
286	Pulse	55	11600000	33455	NA
287	Pulse	55	11610000	2775	NA
287	Pulse	55	11620000	12775	NA
287	Pulse	55	11630000	22775	NA
287	Pulse	55	11640000	32775	NA
288	Pulse	55	11650000	2178	NA
288	Pulse	55	11660000	12178	NA
288	Pulse	55	11670000	22178	NA
288	Pulse	55	11680000	32178	NA
289	Pulse	55	11690000	1581	NA
289	Pulse	55	11700000	11581	NA
289	Pulse	55	11710000	21581	NA
289	Pulse	55	11720000	31581	NA
290	Pulse	55	11730000	985	NA
290	Pulse	55	11740000	10985	NA
290	Pulse	55	11750000	20985	NA
290	Pulse	55	11760000	30985	NA
291	Pulse	55	11770000	305	NA
291	Pulse	55	11780000	10305	NA
291	Pulse	55	11790000	20305	NA
291	Pulse	55	11800000	30305	NA
291	Pulse	55	11810000	40305	NA
292	Pulse	55	11820000	9708	NA
292	Pulse	55	11830000	19708	NA
292	Pulse	55	11840000	29708	NA
292	Pulse	55	11850000	39708	NA
293	Pulse	55	11860000	9111	NA
293	Pulse	55	11870000	19111	NA
293	Pulse	55	11880000	29111	NA
293	Pulse	55	11890000	39111	NA
294	Pulse	55	11900000	8431	NA
294	Pulse	55	11910000	18431	NA
294	Pulse	55	11920000	28431	NA
294	Pulse	55	11930000	38431	NA
295	Pulse	55	11940000	7835	NA
295	Pulse	55	11950000	17835	NA
295	Pulse	55	11960000	27835	NA
295	Pulse	55	11970000	37835	NA
296	Pulse	55	11980000	7238	NA
296	Pulse	55	11990000	17238	NA
296	Pulse	55	12000000	27238	NA
296	Pulse	55	12010000	37238	NA
297	Pulse	55	12020000	6641	NA
297	Pulse	55	12030000	16641	NA
297	Pulse	55	12040000	26641	NA
297	Pulse	55	12050000	36641	NA
298	Pulse	55	12060000	5961	NA
298	Pulse	55	12070000	15961	NA
298	Pulse	55	12080000	25961	NA
298	Pulse	55	12090000	35961	NA
299	Pulse	55	12100000	5365	NA
299	Pulse	55	12110000	15365	NA
299	Pulse	55	12120000	25365	NA
299	Pulse	55	12130000	35365	NA
300	Pulse	55	12140000	4768	NA
300	Pulse	55	12150000	14768	NA
300	Pulse	55	12160000	24768	NA
300	Pulse	55	12170000	34768	NA
301	Pulse	55	12180000	4088	NA
301	Pulse	55	12190000	14088	NA
301	Pulse	55	12200000	24088	NA
301	Pulse	55	12210000	34088	NA
302	Pulse	55	12220000	3491	NA
302	Pulse	55	12230000	13491	NA
302	Pulse	55	12240000	23491	NA
302	Pulse	55	12250000	33491	NA
303	Pulse	55	12260000	2895	NA
303	Pulse	55	12270000	12895	NA
303	Pulse	55	12280000	22895	NA
303	Pulse	55	12290000	32895	NA
304	Pulse	55	12300000	2298	NA
304	Pulse	55	12310000	12298	NA
304	Pulse	55	12320000	22298	NA
304	Pulse	55	12330000	32298	NA
305	Pulse	55	12340000	1701	NA
305	Pulse	55	12350000	11701	NA
305	Pulse	55	12360000	21701	NA
305	Pulse	55	12370000	31701	NA
306	Pulse	55	12380000	1021	NA
306	Pulse	55	12390000	11021	NA
306	Pulse	55	12400000	21021	NA
306	Pulse	55	12410000	31021	NA
307	Pulse	55	12420000	425	NA
307	Pulse	55	12430000	10425	NA
307	Pulse	55	12440000	20425	NA
307	Pulse	55	12450000	30425	NA
307	Pulse	55	12460000	40425	NA
308	Pulse	55	12470000	9745	NA
308	Pulse	55	12480000	19745	NA
308	Pulse	55	12490000	29745	NA
308	Pulse	55	12500000	39745	NA
309	Pulse	55	12510000	9148	NA
309	Pulse	55	12520000	19148	NA
309	Pulse	55	12530000	29148	NA
309	Pulse	55	12540000	39148	NA
310	Pulse	55	12550000	8468	NA
310	Pulse	55	12560000	18468	NA
310	Pulse	55	12570000	28468	NA
310	Pulse	55	12580000	38468	NA
311	Pulse	55	12590000	7871	NA
311	Pulse	55	12600000	17871	NA
311	Pulse	55	12610000	27871	NA
311	Pulse	55	12620000	37871	NA
312	Pulse	55	12630000	7191	NA
312	Pulse	55	12640000	17191	NA
312	Pulse	55	12650000	27191	NA
312	Pulse	55	12660000	37191	NA
313	Pulse	55	12670000	6595	NA
313	Pulse	55	12680000	16595	NA
313	Pulse	55	12690000	26595	NA
313	Pulse	55	12700000	36595	NA
314	Pulse	55	12710000	5998	NA
314	Pulse	55	12720000	15998	NA
314	Pulse	55	12730000	25998	NA
314	Pulse	55	12740000	35998	NA
315	Response	1	12749065	4467	1
315	Pulse	55	12750000	5401	NA
315	Pulse	55	12760000	15401	NA
315	Pulse	55	12770000	25401	NA
315	Pulse	55	12780000	35401	NA
316	Pulse	55	12790000	5305	NA
316	Pulse	55	12800000	15305	NA
317	Pulse	55	12810000	5215	NA
317	Pulse	55	12820000	15215	NA
317	Pulse	55	12830000	25215	NA
317	Pulse	55	12840000	35215	NA
317	Pulse	55	12850000	45215	NA
317	Pulse	55	12860000	55215	NA
317	Pulse	55	12870000	65215	NA
317	Pulse	55	12880000	75215	NA
317	Pulse	55	12890000	85215	NA
317	Pulse	55	12900000	95215	NA
317	Pulse	55	12910000	105215	NA
317	Pulse	55	12920000	115215	NA
317	Pulse	55	12930000	125215	NA
317	Pulse	55	12940000	135215	NA
317	Pulse	55	12950000	145215	NA
317	Pulse	55	12960000	155215	NA
317	Pulse	55	12970000	165215	NA
317	Response	1	12971223	166438	1
317	Pulse	55	12980000	175215	NA
317	Pulse	55	12990000	185215	NA
318	Pulse	55	13000000	9904	NA
318	Pulse	55	13010000	19904	NA
318	Pulse	55	13020000	29904	NA
318	Pulse	55	13030000	39904	NA
318	Pulse	55	13040000	49904	NA
318	Pulse	55	13050000	59904	NA
318	Pulse	55	13060000	69904	NA
318	Pulse	55	13070000	79904	NA
318	Pulse	55	13080000	89904	NA
318	Pulse	55	13090000	99904	NA
318	Pulse	55	13100000	109904	NA
318	Pulse	55	13110000	119904	NA
318	Pulse	55	13120000	129904	NA
318	Pulse	55	13130000	139904	NA
318	Pulse	55	13140000	149904	NA
318	Pulse	55	13150000	159904	NA
318	Pulse	55	13160000	169904	NA
318	Pulse	55	13170000	179904	NA
318	Pulse	55	13180000	189904	NA
318	Pulse	55	13190000	199904	NA
318	Pulse	55	13200000	209904	NA
318	Pulse	55	13210000	219904	NA
318	Pulse	55	13220000	229904	NA
318	Pulse	55	13230000	239904	NA
318	Pulse	55	13240000	249904	NA
318	Pulse	55	13250000	259904	NA
318	Pulse	55	13260000	269904	NA
318	Pulse	55	13270000	279904	NA
318	Pulse	55	13280000	289904	NA
318	Pulse	55	13290000	299904	NA
318	Pulse	55	13300000	309904	NA
318	Pulse	55	13310000	319904	NA
318	Pulse	55	13320000	329904	NA
318	Pulse	55	13330000	339904	NA
318	Pulse	55	13340000	349904	NA
318	Pulse	55	13350000	359904	NA
318	Pulse	55	13360000	369904	NA
318	Pulse	55	13370000	379904	NA
318	Pulse	55	13380000	389904	NA
318	Pulse	55	13390000	399904	NA
318	Pulse	55	13400000	409904	NA
318	Pulse	55	13410000	419904	NA
318	Pulse	55	13420000	429904	NA
318	Pulse	55	13430000	439904	NA
318	Pulse	55	13440000	449904	NA
318	Pulse	55	13450000	459904	NA
318	Pulse	55	13460000	469904	NA
318	Pulse	55	13470000	479904	NA
318	Pulse	55	13480000	489904	NA
318	Pulse	55	13490000	499904	NA
318	Pulse	55	13500000	509904	NA
318	Pulse	55	13510000	519904	NA
318	Pulse	55	13520000	529904	NA
318	Pulse	55	13530000	539904	NA
318	Pulse	55	13540000	549904	NA
318	Pulse	55	13550000	559904	NA
318	Pulse	55	13560000	569904	NA
318	Pulse	55	13570000	579904	NA
318	Pulse	55	13580000	589904	NA
318	Pulse	55	13590000	599904	NA
318	Pulse	55	13600000	609904	NA
318	Pulse	55	13610000	619904	NA
318	Pulse	55	13620000	629904	NA
318	Pulse	55	13630000	639904	NA
318	Pulse	55	13640000	649904	NA
318	Pulse	55	13650000	659904	NA
318	Pulse	55	13660000	669904	NA
318	Pulse	55	13670000	679904	NA
318	Pulse	55	13680000	689904	NA
318	Pulse	55	13690000	699904	NA
318	Pulse	55	13700000	709904	NA
318	Pulse	55	13710000	719904	NA
318	Pulse	55	13720000	729904	NA
318	Pulse	55	13730000	739904	NA
318	Pulse	55	13740000	749904	NA
318	Pulse	55	13750000	759904	NA
318	Pulse	55	13760000	769904	NA
318	Pulse	55	13770000	779904	NA
318	Pulse	55	13780000	789904	NA
318	Pulse	55	13790000	799904	NA
318	Pulse	55	13800000	809904	NA
318	Pulse	55	13810000	819904	NA
318	Pulse	55	13820000	829904	NA
318	Pulse	55	13830000	839904	NA
318	Pulse	55	13840000	849904	NA
318	Pulse	55	13850000	859904	NA
318	Pulse	55	13860000	869904	NA
318	Pulse	55	13870000	879904	NA
318	Pulse	55	13880000	889904	NA
318	Pulse	55	13890000	899904	NA
318	Pulse	55	13900000	909904	NA
318	Pulse	55	13910000	919904	NA
318	Pulse	55	13920000	929904	NA
318	Pulse	55	13930000	939904	NA
318	Pulse	55	13940000	949904	NA
318	Pulse	55	13950000	959904	NA
318	Pulse	55	13960000	969904	NA
318	Pulse	55	13970000	979904	NA
318	Pulse	55	13980000	989904	NA
318	Pulse	55	13990000	999904	NA
318	Pulse	55	14000000	1009904	NA
318	Pulse	55	14010000	1019904	NA
318	Pulse	55	14020000	1029904	NA
318	Pulse	55	14030000	1039904	NA
318	Pulse	55	14040000	1049904	NA
318	Pulse	55	14050000	1059904	NA
318	Pulse	55	14060000	1069904	NA
318	Pulse	55	14070000	1079904	NA
318	Pulse	55	14080000	1089904	NA
318	Pulse	55	14090000	1099904	NA
318	Pulse	55	14100000	1109904	NA
318	Pulse	55	14110000	1119904	NA
318	Pulse	55	14120000	1129904	NA
318	Pulse	55	14130000	1139904	NA
318	Pulse	55	14140000	1149904	NA
318	Pulse	55	14150000	1159904	NA
318	Pulse	55	14160000	1169904	NA
318	Pulse	55	14170000	1179904	NA
318	Pulse	55	14180000	1189904	NA
318	Pulse	55	14190000	1199904	NA
318	Pulse	55	14200000	1209904	NA
318	Pulse	55	14210000	1219904	NA
318	Pulse	55	14220000	1229904	NA
318	Pulse	55	14230000	1239904	NA
318	Pulse	55	14240000	1249904	NA
318	Pulse	55	14250000	1259904	NA
318	Pulse	55	14260000	1269904	NA
318	Pulse	55	14270000	1279904	NA
318	Pulse	55	14280000	1289904	NA
318	Pulse	55	14290000	1299904	NA
318	Pulse	55	14300000	1309904	NA
318	Pulse	55	14310000	1319904	NA
318	Pulse	55	14320000	1329904	NA
318	Pulse	55	14330000	1339904	NA
318	Pulse	55	14340000	1349904	NA
318	Pulse	55	14350000	1359904	NA
318	Pulse	55	14360000	1369904	NA
318	Pulse	55	14370000	1379904	NA
318	Pulse	55	14380000	1389904	NA
318	Pulse	55	14390000	1399904	NA
318	Pulse	55	14400000	1409904	NA
318	Pulse	55	14410000	1419904	NA
318	Pulse	55	14420000	1429904	NA
318	Pulse	55	14430000	1439904	NA
318	Pulse	55	14440000	1449904	NA
318	Pulse	55	14450000	1459904	NA
318	Pulse	55	14460000	1469904	NA
318	Pulse	55	14470000	1479904	NA
318	Pulse	55	14480000	1489904	NA
318	Pulse	55	14490000	1499904	NA
318	Pulse	55	14500000	1509904	NA
318	Pulse	55	14510000	1519904	NA
318	Pulse	55	14520000	1529904	NA
318	Pulse	55	14530000	1539904	NA
318	Pulse	55	14540000	1549904	NA
318	Pulse	55	14550000	1559904	NA
318	Pulse	55	14560000	1569904	NA
318	Pulse	55	14570000	1579904	NA
318	Pulse	55	14580000	1589904	NA
318	Pulse	55	14590000	1599904	NA
318	Pulse	55	14600000	1609904	NA
318	Pulse	55	14610000	1619904	NA
318	Pulse	55	14620000	1629904	NA
318	Pulse	55	14630000	1639904	NA
318	Pulse	55	14640000	1649904	NA
318	Pulse	55	14650000	1659904	NA
318	Pulse	55	14660000	1669904	NA
318	Pulse	55	14670000	1679904	NA
318	Pulse	55	14680000	1689904	NA
318	Pulse	55	14690000	1699904	NA
318	Pulse	55	14700000	1709904	NA
318	Pulse	55	14710000	1719904	NA
318	Pulse	55	14720000	1729904	NA
318	Pulse	55	14730000	1739904	NA
318	Pulse	55	14740000	1749904	NA
318	Pulse	55	14750000	1759904	NA
318	Pulse	55	14760000	1769904	NA
318	Pulse	55	14770000	1779904	NA
318	Pulse	55	14780000	1789904	NA
318	Pulse	55	14790000	1799904	NA
318	Pulse	55	14800000	1809904	NA
318	Pulse	55	14810000	1819904	NA
318	Pulse	55	14820000	1829904	NA
318	Pulse	55	14830000	1839904	NA
318	Pulse	55	14840000	1849904	NA
318	Pulse	55	14850000	1859904	NA
318	Pulse	55	14860000	1869904	NA
318	Pulse	55	14870000	1879904	NA
318	Pulse	55	14880000	1889904	NA
318	Pulse	55	14890000	1899904	NA
318	Pulse	55	14900000	1909904	NA
318	Pulse	55	14910000	1919904	NA
318	Pulse	55	14920000	1929904	NA
318	Pulse	55	14930000	1939904	NA
318	Pulse	55	14940000	1949904	NA
318	Pulse	55	14950000	1959904	NA
318	Pulse	55	14960000	1969904	NA
318	Pulse	55	14970000	1979904	NA
318	Pulse	55	14980000	1989904	NA
318	Pulse	55	14990000	1999904	NA
318	Pulse	55	15000000	2009904	NA
318	Pulse	55	15010000	2019904	NA
318	Pulse	55	15020000	2029904	NA
318	Pulse	55	15030000	2039904	NA
318	Pulse	55	15040000	2049904	NA
318	Pulse	55	15050000	2059904	NA
318	Pulse	55	15060000	2069904	NA
318	Pulse	55	15070000	2079904	NA
318	Pulse	55	15080000	2089904	NA
318	Pulse	55	15090000	2099904	NA
318	Pulse	55	15100000	2109904	NA
318	Pulse	55	15110000	2119904	NA
318	Pulse	55	15120000	2129904	NA
318	Pulse	55	15130000	2139904	NA
318	Pulse	55	15140000	2149904	NA
318	Pulse	55	15150000	2159904	NA
318	Pulse	55	15160000	2169904	NA
318	Pulse	55	15170000	2179904	NA
318	Pulse	55	15180000	2189904	NA
318	Pulse	55	15190000	2199904	NA
318	Pulse	55	15200000	2209904	NA
318	Pulse	55	15210000	2219904	NA
318	Pulse	55	15220000	2229904	NA
318	Pulse	55	15230000	2239904	NA
318	Pulse	55	15240000	2249904	NA
318	Pulse	55	15250000	2259904	NA
318	Pulse	55	15260000	2269904	NA
318	Pulse	55	15270000	2279904	NA
318	Pulse	55	15280000	2289904	NA
318	Pulse	55	15290000	2299904	NA
318	Pulse	55	15300000	2309904	NA
318	Pulse	55	15310000	2319904	NA
318	Pulse	55	15320000	2329904	NA
318	Pulse	55	15330000	2339904	NA
318	Pulse	55	15340000	2349904	NA
318	Pulse	55	15350000	2359904	NA
318	Pulse	55	15360000	2369904	NA
318	Pulse	55	15370000	2379904	NA
318	Pulse	55	15380000	2389904	NA
318	Pulse	55	15390000	2399904	NA
318	Pulse	55	15400000	2409904	NA
318	Pulse	55	15410000	2419904	NA
318	Pulse	55	15420000	2429904	NA
318	Pulse	55	15430000	2439904	NA
318	Pulse	55	15440000	2449904	NA
318	Pulse	55	15450000	2459904	NA
318	Pulse	55	15460000	2469904	NA
318	Pulse	55	15470000	2479904	NA
318	Pulse	55	15480000	2489904	NA
318	Pulse	55	15490000	2499904	NA
318	Pulse	55	15500000	2509904	NA
318	Pulse	55	15510000	2519904	NA
318	Pulse	55	15520000	2529904	NA
318	Pulse	55	15530000	2539904	NA
318	Pulse	55	15540000	2549904	NA
318	Pulse	55	15550000	2559904	NA
318	Pulse	55	15560000	2569904	NA
318	Pulse	55	15570000	2579904	NA
318	Pulse	55	15580000	2589904	NA
318	Pulse	55	15590000	2599904	NA
318	Pulse	55	15600000	2609904	NA
318	Pulse	55	15610000	2619904	NA
318	Pulse	55	15620000	2629904	NA
318	Pulse	55	15630000	2639904	NA
318	Pulse	55	15640000	2649904	NA
318	Pulse	55	15650000	2659904	NA
318	Pulse	55	15660000	2669904	NA
318	Pulse	55	15670000	2679904	NA
318	Pulse	55	15680000	2689904	NA
318	Pulse	55	15690000	2699904	NA
318	Pulse	55	15700000	2709904	NA
318	Pulse	55	15710000	2719904	NA
318	Pulse	55	15720000	2729904	NA
318	Pulse	55	15730000	2739904	NA
318	Pulse	55	15740000	2749904	NA
318	Pulse	55	15750000	2759904	NA
318	Pulse	55	15760000	2769904	NA
318	Pulse	55	15770000	2779904	NA
318	Pulse	55	15780000	2789904	NA
318	Pulse	55	15790000	2799904	NA
318	Pulse	55	15800000	2809904	NA
318	Pulse	55	15810000	2819904	NA
318	Pulse	55	15820000	2829904	NA
318	Pulse	55	15830000	2839904	NA
318	Pulse	55	15840000	2849904	NA
318	Pulse	55	15850000	2859904	NA
318	Pulse	55	15860000	2869904	NA
318	Pulse	55	15870000	2879904	NA
318	Pulse	55	15880000	2889904	NA
318	Pulse	55	15890000	2899904	NA
318	Pulse	55	15900000	2909904	NA
318	Pulse	55	15910000	2919904	NA
318	Pulse	55	15920000	2929904	NA
318	Pulse	55	15930000	2939904	NA
318	Pulse	55	15940000	2949904	NA
318	Pulse	55	15950000	2959904	NA
318	Pulse	55	15960000	2969904	NA
318	Pulse	55	15970000	2979904	NA
318	Pulse	55	15980000	2989904	NA
318	Pulse	55	15990000	2999904	NA
318	Pulse	55	16000000	3009904	NA
318	Pulse	55	16010000	3019904	NA
318	Pulse	55	16020000	3029904	NA
318	Pulse	55	16030000	3039904	NA
318	Pulse	55	16040000	3049904	NA
318	Pulse	55	16050000	3059904	NA
318	Pulse	55	16060000	3069904	NA
318	Pulse	55	16070000	3079904	NA
318	Pulse	55	16080000	3089904	NA
318	Pulse	55	16090000	3099904	NA
318	Pulse	55	16100000	3109904	NA
318	Pulse	55	16110000	3119904	NA
318	Pulse	55	16120000	3129904	NA
318	Pulse	55	16130000	3139904	NA
318	Pulse	55	16140000	3149904	NA
318	Pulse	55	16150000	3159904	NA
318	Pulse	55	16160000	3169904	NA
318	Pulse	55	16170000	3179904	NA
318	Pulse	55	16180000	3189904	NA
318	Pulse	55	16190000	3199904	NA
318	Pulse	55	16200000	3209904	NA
318	Pulse	55	16210000	3219904	NA
318	Pulse	55	16220000	3229904	NA
318	Pulse	55	16230000	3239904	NA
318	Pulse	55	16240000	3249904	NA
318	Pulse	55	16250000	3259904	NA
318	Pulse	55	16260000	3269904	NA
318	Pulse	55	16270000	3279904	NA
318	Pulse	55	16280000	3289904	NA
318	Pulse	55	16290000	3299904	NA
318	Pulse	55	16300000	3309904	NA
318	Pulse	55	16310000	3319904	NA
318	Pulse	55	16320000	3329904	NA
318	Pulse	55	16330000	3339904	NA
318	Pulse	55	16340000	3349904	NA
318	Pulse	55	16350000	3359904	NA
318	Pulse	55	16360000	3369904	NA
318	Pulse	55	16370000	3379904	NA
318	Pulse	55	16380000	3389904	NA
318	Pulse	55	16390000	3399904	NA
318	Pulse	55	16400000	3409904	NA
318	Pulse	55	16410000	3419904	NA
318	Pulse	55	16420000	3429904	NA
318	Pulse	55	16430000	3439904	NA
318	Pulse	55	16440000	3449904	NA
318	Pulse	55	16450000	3459904	NA
318	Pulse	55	16460000	3469904	NA
318	Pulse	55	16470000	3479904	NA
318	Pulse	55	16480000	3489904	NA
318	Pulse	55	16490000	3499904	NA
318	Pulse	55	16500000	3509904	NA
318	Pulse	55	16510000	3519904	NA
318	Pulse	55	16520000	3529904	NA
318	Pulse	55	16530000	3539904	NA
318	Pulse	55	16540000	3549904	NA
318	Pulse	55	16550000	3559904	NA
318	Pulse	55	16560000	3569904	NA
318	Pulse	55	16570000	3579904	NA
318	Pulse	55	16580000	3589904	NA
318	Pulse	55	16590000	3599904	NA
318	Pulse	55	16600000	3609904	NA
318	Pulse	55	16610000	3619904	NA
318	Pulse	55	16620000	3629904	NA
318	Pulse	55	16630000	3639904	NA
318	Pulse	55	16640000	3649904	NA
318	Pulse	55	16650000	3659904	NA
318	Pulse	55	16660000	3669904	NA
318	Pulse	55	16670000	3679904	NA
318	Pulse	55	16680000	3689904	NA
318	Pulse	55	16690000	3699904	NA
318	Pulse	55	16700000	3709904	NA
318	Pulse	55	16710000	3719904	NA
318	Pulse	55	16720000	3729904	NA
318	Pulse	55	16730000	3739904	NA
318	Pulse	55	16740000	3749904	NA
318	Pulse	55	16750000	3759904	NA
318	Pulse	55	16760000	3769904	NA
318	Pulse	55	16770000	3779904	NA
318	Pulse	55	16780000	3789904	NA
318	Pulse	55	16790000	3799904	NA
318	Pulse	55	16800000	3809904	NA
318	Pulse	55	16810000	3819904	NA
318	Pulse	55	16820000	3829904	NA
318	Pulse	55	16830000	3839904	NA
318	Pulse	55	16840000	3849904	NA
318	Pulse	55	16850000	3859904	NA
318	Pulse	55	16860000	3869904	NA
318	Pulse	55	16870000	3879904	NA
318	Pulse	55	16880000	3889904	NA
318	Pulse	55	16890000	3899904	NA
318	Pulse	55	16900000	3909904	NA
318	Pulse	55	16910000	3919904	NA
318	Pulse	55	16920000	3929904	NA
318	Pulse	55	16930000	3939904	NA
318	Pulse	55	16940000	3949904	NA
318	Pulse	55	16950000	3959904	NA
318	Pulse	55	16960000	3969904	NA
318	Pulse	55	16970000	3979904	NA
318	Pulse	55	16980000	3989904	NA
318	Pulse	55	16990000	3999904	NA
318	Pulse	55	17000000	4009904	NA
318	Pulse	55	17010000	4019904	NA
318	Pulse	55	17020000	4029904	NA
318	Pulse	55	17030000	4039904	NA
318	Pulse	55	17040000	4049904	NA
318	Pulse	55	17050000	4059904	NA
318	Pulse	55	17060000	4069904	NA
318	Pulse	55	17070000	4079904	NA
318	Pulse	55	17080000	4089904	NA
318	Pulse	55	17090000	4099904	NA
318	Pulse	55	17100000	4109904	NA
318	Pulse	55	17110000	4119904	NA
318	Pulse	55	17120000	4129904	NA
318	Pulse	55	17130000	4139904	NA
318	Pulse	55	17140000	4149904	NA
318	Pulse	55	17150000	4159904	NA
318	Pulse	55	17160000	4169904	NA
318	Pulse	55	17170000	4179904	NA
318	Pulse	55	17180000	4189904	NA
318	Pulse	55	17190000	4199904	NA
318	Pulse	55	17200000	4209904	NA
318	Pulse	55	17210000	4219904	NA
318	Pulse	55	17220000	4229904	NA
318	Pulse	55	17230000	4239904	NA
318	Pulse	55	17240000	4249904	NA
318	Pulse	55	17250000	4259904	NA
318	Pulse	55	17260000	4269904	NA
318	Pulse	55	17270000	4279904	NA
318	Pulse	55	17280000	4289904	NA
318	Pulse	55	17290000	4299904	NA
318	Pulse	55	17300000	4309904	NA
318	Pulse	55	17310000	4319904	NA
318	Pulse	55	17320000	4329904	NA
318	Pulse	55	17330000	4339904	NA
318	Pulse	55	17340000	4349904	NA
318	Pulse	55	17350000	4359904	NA
318	Pulse	55	17360000	4369904	NA
318	Pulse	55	17370000	4379904	NA
318	Pulse	55	17380000	4389904	NA
318	Pulse	55	17390000	4399904	NA
318	Pulse	55	17400000	4409904	NA
318	Pulse	55	17410000	4419904	NA
318	Pulse	55	17420000	4429904	NA
318	Pulse	55	17430000	4439904	NA
318	Pulse	55	17440000	4449904	NA
318	Pulse	55	17450000	4459904	NA
318	Pulse	55	17460000	4469904	NA
318	Pulse	55	17470000	4479904	NA
318	Pulse	55	17480000	4489904	NA
318	Pulse	55	17490000	4499904	NA
318	Pulse	55	17500000	4509904	NA
318	Pulse	55	17510000	4519904	NA
318	Pulse	55	17520000	4529904	NA
318	Pulse	55	17530000	4539904	NA
318	Pulse	55	17540000	4549904	NA
318	Pulse	55	17550000	4559904	NA
318	Pulse	55	17560000	4569904	NA
318	Pulse	55	17570000	4579904	NA
318	Pulse	55	17580000	4589904	NA
318	Pulse	55	17590000	4599904	NA
318	Pulse	55	17600000	4609904	NA
318	Pulse	55	17610000	4619904	NA
318	Pulse	55	17620000	4629904	NA
318	Pulse	55	17630000	4639904	NA
318	Pulse	55	17640000	4649904	NA
318	Pulse	55	17650000	4659904	NA
318	Pulse	55	17660000	4669904	NA
318	Pulse	55	17670000	4679904	NA
318	Pulse	55	17680000	4689904	NA
318	Pulse	55	17690000	4699904	NA
318	Pulse	55	17700000	4709904	NA
318	Pulse	55	17710000	4719904	NA
318	Pulse	55	17720000	4729904	NA
318	Pulse	55	17730000	4739904	NA
318	Pulse	55	17740000	4749904	NA
318	Pulse	55	17750000	4759904	NA
318	Pulse	55	17760000	4769904	NA
318	Pulse	55	17770000	4779904	NA
318	Pulse	55	17780000	4789904	NA
318	Pulse	55	17790000	4799904	NA
318	Pulse	55	17800000	4809904	NA
318	Pulse	55	17810000	4819904	NA
318	Pulse	55	17820000	4829904	NA
318	Pulse	55	17830000	4839904	NA
318	Pulse	55	17840000	4849904	NA
318	Pulse	55	17850000	4859904	NA
318	Pulse	55	17860000	4869904	NA
318	Pulse	55	17870000	4879904	NA
318	Pulse	55	17880000	4889904	NA
318	Pulse	55	17890000	4899904	NA
318	Pulse	55	17900000	4909904	NA
318	Pulse	55	17910000	4919904	NA
318	Response	1	17915856	4925760	1
319	Pulse	55	17920000	4038	NA
319	Pulse	55	17930000	14038	NA
319	Pulse	55	17940000	24038	NA
319	Pulse	55	17950000	34038	NA
319	Pulse	55	17960000	44038	NA
319	Pulse	55	17970000	54038	NA
319	Pulse	55	17980000	64038	NA
319	Pulse	55	17990000	74038	NA
319	Pulse	55	18000000	84038	NA
319	Pulse	55	18010000	94038	NA
319	Pulse	55	18020000	104038	NA
319	Pulse	55	18030000	114038	NA
319	Pulse	55	18040000	124038	NA
319	Pulse	55	18050000	134038	NA
319	Pulse	55	18060000	144038	NA
319	Pulse	55	18070000	154038	NA
319	Pulse	55	18080000	164038	NA
319	Pulse	55	18090000	174038	NA
319	Pulse	55	18100000	184038	NA
319	Pulse	55	18110000	194038	NA
319	Pulse	55	18120000	204038	NA
319	Pulse	55	18130000	214038	NA
319	Pulse	55	18140000	224038	NA
319	Pulse	55	18150000	234038	NA
319	Pulse	55	18160000	244038	NA
319	Pulse	55	18170000	254038	NA
319	Pulse	55	18180000	264038	NA
319	Pulse	55	18190000	274038	NA
319	Pulse	55	18200000	284038	NA
319	Pulse	55	18210000	294038	NA
319	Pulse	55	18220000	304038	NA
319	Pulse	55	18230000	314038	NA
319	Pulse	55	18240000	324038	NA
319	Pulse	55	18250000	334038	NA
319	Pulse	55	18260000	344038	NA
319	Pulse	55	18270000	354038	NA
319	Pulse	55	18280000	364038	NA
319	Pulse	55	18290000	374038	NA
319	Pulse	55	18300000	384038	NA
319	Pulse	55	18310000	394038	NA
319	Pulse	55	18320000	404038	NA
319	Pulse	55	18330000	414038	NA
319	Pulse	55	18340000	424038	NA
319	Pulse	55	18350000	434038	NA
319	Pulse	55	18360000	444038	NA
319	Pulse	55	18370000	454038	NA
319	Pulse	55	18380000	464038	NA
319	Pulse	55	18390000	474038	NA
319	Pulse	55	18400000	484038	NA
319	Pulse	55	18410000	494038	NA
319	Pulse	55	18420000	504038	NA
319	Pulse	55	18430000	514038	NA
319	Pulse	55	18440000	524038	NA
319	Pulse	55	18450000	534038	NA
319	Pulse	55	18460000	544038	NA
319	Pulse	55	18470000	554038	NA
319	Pulse	55	18480000	564038	NA
319	Pulse	55	18490000	574038	NA
319	Pulse	55	18500000	584038	NA
319	Pulse	55	18510000	594038	NA
319	Pulse	55	18520000	604038	NA
319	Pulse	55	18530000	614038	NA
319	Pulse	55	18540000	624038	NA
319	Pulse	55	18550000	634038	NA
319	Pulse	55	18560000	644038	NA
319	Pulse	55	18570000	654038	NA
319	Pulse	55	18580000	664038	NA
319	Pulse	55	18590000	674038	NA
319	Pulse	55	18600000	684038	NA
319	Pulse	55	18610000	694038	NA
319	Pulse	55	18620000	704038	NA
319	Pulse	55	18630000	714038	NA
319	Pulse	55	18640000	724038	NA
319	Pulse	55	18650000	734038	NA
319	Pulse	55	18660000	744038	NA
319	Pulse	55	18670000	754038	NA
319	Pulse	55	18680000	764038	NA
319	Pulse	55	18690000	774038	NA
319	Pulse	55	18700000	784038	NA
319	Pulse	55	18710000	794038	NA
319	Pulse	55	18720000	804038	NA
319	Pulse	55	18730000	814038	NA
319	Pulse	55	18740000	824038	NA
319	Pulse	55	18750000	834038	NA
319	Pulse	55	18760000	844038	NA
319	Pulse	55	18770000	854038	NA
319	Pulse	55	18780000	864038	NA
319	Pulse	55	18790000	874038	NA
319	Pulse	55	18800000	884038	NA
319	Pulse	55	18810000	894038	NA
319	Pulse	55	18820000	904038	NA
319	Pulse	55	18830000	914038	NA
319	Pulse	55	18840000	924038	NA
319	Pulse	55	18850000	934038	NA
319	Pulse	55	18860000	944038	NA
319	Pulse	55	18870000	954038	NA
319	Pulse	55	18880000	964038	NA
319	Pulse	55	18890000	974038	NA
319	Pulse	55	18900000	984038	NA
319	Pulse	55	18910000	994038	NA
319	Pulse	55	18920000	1004038	NA
319	Pulse	55	18930000	1014038	NA
319	Pulse	55	18940000	1024038	NA
319	Response	1	18940252	1024290	1
