Scenario - Slideshow_D2.sce
Logfile written - 10/15/2021 11:45:30

Trial	Event Type	Code	Time	TTime	Uncertainty	Duration	Uncertainty	ReqTime	ReqDur	Stim Type	Pair Index

0	Pulse	55	0	0	NA
1	Pulse	55	10000	9417	NA
1	Pulse	55	20000	19417	NA
1	Pulse	55	30000	29417	NA
1	Pulse	55	40000	39417	NA
2	Pulse	55	50000	8820	NA
2	Pulse	55	60000	18820	NA
2	Pulse	55	70000	28820	NA
2	Pulse	55	80000	38820	NA
3	Pulse	55	90000	8223	NA
3	Pulse	55	100000	18223	NA
3	Pulse	55	110000	28223	NA
3	Pulse	55	120000	38223	NA
4	Pulse	55	130000	7626	NA
4	Pulse	55	140000	17626	NA
4	Pulse	55	150000	27626	NA
4	Pulse	55	160000	37626	NA
5	Pulse	55	170000	7030	NA
5	Pulse	55	180000	17030	NA
5	Pulse	55	190000	27030	NA
5	Pulse	55	200000	37030	NA
6	Pulse	55	210000	6433	NA
6	Pulse	55	220000	16433	NA
6	Pulse	55	230000	26433	NA
6	Pulse	55	240000	36433	NA
7	Pulse	55	250000	5836	NA
7	Pulse	55	260000	15836	NA
7	Pulse	55	270000	25836	NA
7	Pulse	55	280000	35836	NA
8	Pulse	55	290000	5239	NA
8	Pulse	55	300000	15239	NA
8	Pulse	55	310000	25239	NA
8	Pulse	55	320000	35239	NA
9	Pulse	55	330000	4643	NA
9	Pulse	55	340000	14643	NA
9	Pulse	55	350000	24643	NA
9	Pulse	55	360000	34643	NA
10	Pulse	55	370000	4213	NA
10	Pulse	55	380000	14213	NA
10	Pulse	55	390000	24213	NA
10	Pulse	55	400000	34213	NA
11	Pulse	55	410000	3699	NA
11	Pulse	55	420000	13699	NA
11	Pulse	55	430000	23699	NA
11	Pulse	55	440000	33699	NA
12	Pulse	55	450000	3186	NA
12	Pulse	55	460000	13186	NA
12	Pulse	55	470000	23186	NA
12	Pulse	55	480000	33186	NA
13	Pulse	55	490000	2589	NA
13	Pulse	55	500000	12589	NA
13	Pulse	55	510000	22589	NA
13	Pulse	55	520000	32589	NA
14	Pulse	55	530000	1992	NA
14	Pulse	55	540000	11992	NA
14	Pulse	55	550000	21992	NA
14	Pulse	55	560000	31992	NA
15	Pulse	55	570000	1396	NA
15	Pulse	55	580000	11396	NA
15	Pulse	55	590000	21396	NA
15	Pulse	55	600000	31396	NA
16	Pulse	55	610000	799	NA
16	Pulse	55	620000	10799	NA
16	Pulse	55	630000	20799	NA
16	Pulse	55	640000	30799	NA
17	Pulse	55	650000	285	NA
17	Pulse	55	660000	10285	NA
17	Pulse	55	670000	20285	NA
17	Pulse	55	680000	30285	NA
17	Pulse	55	690000	40285	NA
18	Pulse	55	700000	9772	NA
18	Pulse	55	710000	19772	NA
18	Pulse	55	720000	29772	NA
18	Pulse	55	730000	39772	NA
19	Pulse	55	740000	9175	NA
19	Pulse	55	750000	19175	NA
19	Pulse	55	760000	29175	NA
19	Pulse	55	770000	39175	NA
20	Pulse	55	780000	8578	NA
20	Pulse	55	790000	18578	NA
20	Pulse	55	800000	28578	NA
20	Pulse	55	810000	38578	NA
21	Pulse	55	820000	7982	NA
21	Pulse	55	830000	17982	NA
21	Pulse	55	840000	27982	NA
21	Pulse	55	850000	37982	NA
22	Pulse	55	860000	7385	NA
22	Pulse	55	870000	17385	NA
22	Pulse	55	880000	27385	NA
22	Pulse	55	890000	37385	NA
23	Pulse	55	900000	6788	NA
23	Pulse	55	910000	16788	NA
23	Pulse	55	920000	26788	NA
23	Pulse	55	930000	36788	NA
24	Pulse	55	940000	6191	NA
24	Pulse	55	950000	16191	NA
24	Pulse	55	960000	26191	NA
24	Pulse	55	970000	36191	NA
25	Pulse	55	980000	5595	NA
25	Pulse	55	990000	15595	NA
25	Pulse	55	1000000	25595	NA
25	Pulse	55	1010000	35595	NA
26	Pulse	55	1020000	4998	NA
26	Pulse	55	1030000	14998	NA
26	Pulse	55	1040000	24998	NA
26	Pulse	55	1050000	34998	NA
27	Pulse	55	1060000	4485	NA
27	Pulse	55	1070000	14485	NA
27	Pulse	55	1080000	24485	NA
27	Pulse	55	1090000	34485	NA
28	Pulse	55	1100000	3888	NA
28	Pulse	55	1110000	13888	NA
28	Pulse	55	1120000	23888	NA
28	Pulse	55	1130000	33888	NA
29	Pulse	55	1140000	3291	NA
29	Pulse	55	1150000	13291	NA
29	Pulse	55	1160000	23291	NA
29	Pulse	55	1170000	33291	NA
30	Pulse	55	1180000	2694	NA
30	Pulse	55	1190000	12694	NA
30	Pulse	55	1200000	22694	NA
30	Pulse	55	1210000	32694	NA
31	Pulse	55	1220000	2098	NA
31	Pulse	55	1230000	12098	NA
31	Pulse	55	1240000	22098	NA
31	Pulse	55	1250000	32098	NA
32	Pulse	55	1260000	1501	NA
32	Pulse	55	1270000	11501	NA
32	Pulse	55	1280000	21501	NA
32	Pulse	55	1290000	31501	NA
33	Pulse	55	1300000	904	NA
33	Pulse	55	1310000	10904	NA
33	Pulse	55	1320000	20904	NA
33	Pulse	55	1330000	30904	NA
34	Pulse	55	1340000	307	NA
34	Pulse	55	1350000	10307	NA
34	Pulse	55	1360000	20307	NA
34	Pulse	55	1370000	30307	NA
34	Pulse	55	1380000	40307	NA
35	Pulse	55	1390000	9711	NA
35	Pulse	55	1400000	19711	NA
35	Pulse	55	1410000	29711	NA
35	Pulse	55	1420000	39711	NA
36	Pulse	55	1430000	9114	NA
36	Pulse	55	1440000	19114	NA
36	Pulse	55	1450000	29114	NA
36	Pulse	55	1460000	39114	NA
37	Pulse	55	1470000	8517	NA
37	Pulse	55	1480000	18517	NA
37	Pulse	55	1490000	28517	NA
37	Pulse	55	1500000	38517	NA
38	Pulse	55	1510000	7837	NA
38	Pulse	55	1520000	17837	NA
38	Pulse	55	1530000	27837	NA
38	Pulse	55	1540000	37837	NA
39	Pulse	55	1550000	7240	NA
39	Pulse	55	1560000	17240	NA
39	Pulse	55	1570000	27240	NA
39	Pulse	55	1580000	37240	NA
40	Pulse	55	1590000	6643	NA
40	Pulse	55	1600000	16643	NA
40	Pulse	55	1610000	26643	NA
40	Pulse	55	1620000	36643	NA
41	Pulse	55	1630000	6047	NA
41	Pulse	55	1640000	16047	NA
41	Pulse	55	1650000	26047	NA
41	Pulse	55	1660000	36047	NA
42	Pulse	55	1670000	5367	NA
42	Pulse	55	1680000	15367	NA
42	Pulse	55	1690000	25367	NA
42	Pulse	55	1700000	35367	NA
43	Pulse	55	1710000	4770	NA
43	Pulse	55	1720000	14770	NA
43	Pulse	55	1730000	24770	NA
43	Pulse	55	1740000	34770	NA
44	Pulse	55	1750000	4173	NA
44	Pulse	55	1760000	14173	NA
44	Pulse	55	1770000	24173	NA
44	Pulse	55	1780000	34173	NA
45	Pulse	55	1790000	3576	NA
45	Pulse	55	1800000	13576	NA
45	Pulse	55	1810000	23576	NA
45	Pulse	55	1820000	33576	NA
46	Pulse	55	1830000	2896	NA
46	Pulse	55	1840000	12896	NA
46	Pulse	55	1850000	22896	NA
46	Pulse	55	1860000	32896	NA
47	Pulse	55	1870000	2300	NA
47	Pulse	55	1880000	12300	NA
47	Pulse	55	1890000	22300	NA
47	Pulse	55	1900000	32300	NA
48	Pulse	55	1910000	1703	NA
48	Pulse	55	1920000	11703	NA
48	Pulse	55	1930000	21703	NA
48	Pulse	55	1940000	31703	NA
49	Pulse	55	1950000	1023	NA
49	Pulse	55	1960000	11023	NA
49	Pulse	55	1970000	21023	NA
49	Pulse	55	1980000	31023	NA
50	Pulse	55	1990000	426	NA
50	Pulse	55	2000000	10426	NA
50	Pulse	55	2010000	20426	NA
50	Pulse	55	2020000	30426	NA
50	Pulse	55	2030000	40426	NA
51	Pulse	55	2040000	9829	NA
51	Pulse	55	2050000	19829	NA
51	Pulse	55	2060000	29829	NA
51	Pulse	55	2070000	39829	NA
52	Pulse	55	2080000	9232	NA
52	Pulse	55	2090000	19232	NA
52	Pulse	55	2100000	29232	NA
52	Pulse	55	2110000	39232	NA
53	Pulse	55	2120000	8552	NA
53	Pulse	55	2130000	18552	NA
53	Pulse	55	2140000	28552	NA
53	Pulse	55	2150000	38552	NA
54	Pulse	55	2160000	7956	NA
54	Pulse	55	2170000	17956	NA
54	Pulse	55	2180000	27956	NA
54	Pulse	55	2190000	37956	NA
55	Pulse	55	2200000	7359	NA
55	Pulse	55	2210000	17359	NA
55	Pulse	55	2220000	27359	NA
55	Pulse	55	2230000	37359	NA
56	Pulse	55	2240000	6679	NA
56	Pulse	55	2250000	16679	NA
56	Pulse	55	2260000	26679	NA
56	Pulse	55	2270000	36679	NA
57	Pulse	55	2280000	6082	NA
57	Pulse	55	2290000	16082	NA
57	Pulse	55	2300000	26082	NA
57	Pulse	55	2310000	36082	NA
58	Pulse	55	2320000	5485	NA
58	Pulse	55	2330000	15485	NA
58	Pulse	55	2340000	25485	NA
58	Pulse	55	2350000	35485	NA
59	Pulse	55	2360000	4888	NA
59	Pulse	55	2370000	14888	NA
59	Pulse	55	2380000	24888	NA
59	Pulse	55	2390000	34888	NA
60	Pulse	55	2400000	4292	NA
60	Pulse	55	2410000	14292	NA
60	Pulse	55	2420000	24292	NA
60	Pulse	55	2430000	34292	NA
61	Pulse	55	2440000	3695	NA
61	Pulse	55	2450000	13695	NA
61	Pulse	55	2460000	23695	NA
61	Pulse	55	2470000	33695	NA
62	Pulse	55	2480000	3098	NA
62	Pulse	55	2490000	13098	NA
62	Pulse	55	2500000	23098	NA
62	Pulse	55	2510000	33098	NA
63	Pulse	55	2520000	2418	NA
63	Pulse	55	2530000	12418	NA
63	Pulse	55	2540000	22418	NA
63	Pulse	55	2550000	32418	NA
64	Pulse	55	2560000	1821	NA
64	Pulse	55	2570000	11821	NA
64	Pulse	55	2580000	21821	NA
64	Pulse	55	2590000	31821	NA
65	Pulse	55	2600000	1141	NA
65	Pulse	55	2610000	11141	NA
65	Pulse	55	2620000	21141	NA
65	Pulse	55	2630000	31141	NA
66	Pulse	55	2640000	544	NA
66	Pulse	55	2650000	10544	NA
66	Pulse	55	2660000	20544	NA
66	Pulse	55	2670000	30544	NA
66	Pulse	55	2680000	40544	NA
67	Pulse	55	2690000	9864	NA
67	Pulse	55	2700000	19864	NA
67	Pulse	55	2710000	29864	NA
67	Pulse	55	2720000	39864	NA
68	Pulse	55	2730000	9268	NA
68	Pulse	55	2740000	19268	NA
68	Pulse	55	2750000	29268	NA
68	Pulse	55	2760000	39268	NA
69	Pulse	55	2770000	8671	NA
69	Pulse	55	2780000	18671	NA
69	Pulse	55	2790000	28671	NA
69	Pulse	55	2800000	38671	NA
70	Pulse	55	2810000	8074	NA
70	Pulse	55	2820000	18074	NA
70	Pulse	55	2830000	28074	NA
70	Pulse	55	2840000	38074	NA
71	Pulse	55	2850000	7477	NA
71	Pulse	55	2860000	17477	NA
71	Pulse	55	2870000	27477	NA
71	Pulse	55	2880000	37477	NA
72	Pulse	55	2890000	6881	NA
72	Pulse	55	2900000	16881	NA
72	Pulse	55	2910000	26881	NA
72	Pulse	55	2920000	36881	NA
73	Pulse	55	2930000	6201	NA
73	Pulse	55	2940000	16201	NA
73	Pulse	55	2950000	26201	NA
73	Pulse	55	2960000	36201	NA
74	Pulse	55	2970000	5604	NA
74	Pulse	55	2980000	15604	NA
74	Pulse	55	2990000	25604	NA
74	Pulse	55	3000000	35604	NA
75	Pulse	55	3010000	5007	NA
75	Pulse	55	3020000	15007	NA
75	Pulse	55	3030000	25007	NA
75	Pulse	55	3040000	35007	NA
76	Pulse	55	3050000	4410	NA
76	Pulse	55	3060000	14410	NA
76	Pulse	55	3070000	24410	NA
76	Pulse	55	3080000	34410	NA
77	Pulse	55	3090000	3814	NA
77	Pulse	55	3100000	13814	NA
77	Pulse	55	3110000	23814	NA
77	Pulse	55	3120000	33814	NA
78	Pulse	55	3130000	3217	NA
78	Pulse	55	3140000	13217	NA
78	Pulse	55	3150000	23217	NA
78	Pulse	55	3160000	33217	NA
79	Pulse	55	3170000	2620	NA
79	Pulse	55	3180000	12620	NA
79	Pulse	55	3190000	22620	NA
79	Pulse	55	3200000	32620	NA
80	Pulse	55	3210000	2023	NA
80	Pulse	55	3220000	12023	NA
80	Pulse	55	3230000	22023	NA
80	Pulse	55	3240000	32023	NA
81	Pulse	55	3250000	1427	NA
81	Pulse	55	3260000	11427	NA
81	Pulse	55	3270000	21427	NA
81	Pulse	55	3280000	31427	NA
82	Pulse	55	3290000	746	NA
82	Pulse	55	3300000	10746	NA
82	Pulse	55	3310000	20746	NA
82	Pulse	55	3320000	30746	NA
83	Pulse	55	3330000	150	NA
83	Pulse	55	3340000	10150	NA
83	Pulse	55	3350000	20150	NA
83	Pulse	55	3360000	30150	NA
83	Pulse	55	3370000	40150	NA
84	Pulse	55	3380000	9553	NA
84	Pulse	55	3390000	19553	NA
84	Pulse	55	3400000	29553	NA
84	Pulse	55	3410000	39553	NA
85	Pulse	55	3420000	8956	NA
85	Pulse	55	3430000	18956	NA
85	Pulse	55	3440000	28956	NA
85	Pulse	55	3450000	38956	NA
86	Pulse	55	3460000	8359	NA
86	Pulse	55	3470000	18359	NA
86	Pulse	55	3480000	28359	NA
86	Pulse	55	3490000	38359	NA
87	Pulse	55	3500000	7763	NA
87	Pulse	55	3510000	17763	NA
87	Pulse	55	3520000	27763	NA
87	Pulse	55	3530000	37763	NA
88	Pulse	55	3540000	7166	NA
88	Pulse	55	3550000	17166	NA
88	Pulse	55	3560000	27166	NA
88	Pulse	55	3570000	37166	NA
89	Pulse	55	3580000	6569	NA
89	Pulse	55	3590000	16569	NA
89	Pulse	55	3600000	26569	NA
89	Pulse	55	3610000	36569	NA
90	Pulse	55	3620000	5973	NA
90	Pulse	55	3630000	15973	NA
90	Pulse	55	3640000	25973	NA
90	Pulse	55	3650000	35973	NA
91	Pulse	55	3660000	5376	NA
91	Pulse	55	3670000	15376	NA
91	Pulse	55	3680000	25376	NA
91	Pulse	55	3690000	35376	NA
92	Pulse	55	3700000	4779	NA
92	Pulse	55	3710000	14779	NA
92	Pulse	55	3720000	24779	NA
92	Pulse	55	3730000	34779	NA
93	Pulse	55	3740000	4182	NA
93	Pulse	55	3750000	14182	NA
93	Pulse	55	3760000	24182	NA
93	Pulse	55	3770000	34182	NA
94	Pulse	55	3780000	3586	NA
94	Pulse	55	3790000	13586	NA
94	Pulse	55	3800000	23586	NA
94	Pulse	55	3810000	33586	NA
95	Pulse	55	3820000	2989	NA
95	Pulse	55	3830000	12989	NA
95	Pulse	55	3840000	22989	NA
95	Pulse	55	3850000	32989	NA
96	Pulse	55	3860000	2392	NA
96	Pulse	55	3870000	12392	NA
96	Pulse	55	3880000	22392	NA
96	Pulse	55	3890000	32392	NA
97	Pulse	55	3900000	1795	NA
97	Pulse	55	3910000	11795	NA
97	Pulse	55	3920000	21795	NA
97	Pulse	55	3930000	31795	NA
98	Pulse	55	3940000	1199	NA
98	Pulse	55	3950000	11199	NA
98	Pulse	55	3960000	21199	NA
98	Pulse	55	3970000	31199	NA
99	Pulse	55	3980000	602	NA
99	Pulse	55	3990000	10602	NA
99	Pulse	55	4000000	20602	NA
99	Pulse	55	4010000	30602	NA
100	Pulse	55	4020000	5	NA
100	Pulse	55	4030000	10005	NA
100	Pulse	55	4040000	20005	NA
100	Pulse	55	4050000	30005	NA
100	Pulse	55	4060000	40005	NA
101	Pulse	55	4070000	9408	NA
101	Pulse	55	4080000	19408	NA
101	Pulse	55	4090000	29408	NA
101	Pulse	55	4100000	39408	NA
102	Pulse	55	4110000	8812	NA
102	Pulse	55	4120000	18812	NA
102	Pulse	55	4130000	28812	NA
102	Pulse	55	4140000	38812	NA
103	Pulse	55	4150000	8215	NA
103	Pulse	55	4160000	18215	NA
103	Pulse	55	4170000	28215	NA
103	Pulse	55	4180000	38215	NA
104	Pulse	55	4190000	7618	NA
104	Pulse	55	4200000	17618	NA
104	Pulse	55	4210000	27618	NA
104	Pulse	55	4220000	37618	NA
105	Pulse	55	4230000	7105	NA
105	Pulse	55	4240000	17105	NA
105	Pulse	55	4250000	27105	NA
105	Pulse	55	4260000	37105	NA
106	Pulse	55	4270000	6508	NA
106	Pulse	55	4280000	16508	NA
106	Pulse	55	4290000	26508	NA
106	Pulse	55	4300000	36508	NA
107	Pulse	55	4310000	5995	NA
107	Pulse	55	4320000	15995	NA
107	Pulse	55	4330000	25995	NA
107	Pulse	55	4340000	35995	NA
108	Pulse	55	4350000	5481	NA
108	Pulse	55	4360000	15481	NA
108	Pulse	55	4370000	25481	NA
108	Pulse	55	4380000	35481	NA
109	Pulse	55	4390000	4884	NA
109	Pulse	55	4400000	14884	NA
109	Pulse	55	4410000	24884	NA
109	Pulse	55	4420000	34884	NA
110	Pulse	55	4430000	4288	NA
110	Pulse	55	4440000	14288	NA
110	Pulse	55	4450000	24288	NA
110	Pulse	55	4460000	34288	NA
111	Pulse	55	4470000	3691	NA
111	Pulse	55	4480000	13691	NA
111	Pulse	55	4490000	23691	NA
111	Pulse	55	4500000	33691	NA
112	Pulse	55	4510000	3094	NA
112	Pulse	55	4520000	13094	NA
112	Pulse	55	4530000	23094	NA
112	Pulse	55	4540000	33094	NA
113	Pulse	55	4550000	2497	NA
113	Pulse	55	4560000	12497	NA
113	Pulse	55	4570000	22497	NA
113	Pulse	55	4580000	32497	NA
114	Pulse	55	4590000	1901	NA
114	Pulse	55	4600000	11901	NA
114	Pulse	55	4610000	21901	NA
114	Pulse	55	4620000	31901	NA
115	Pulse	55	4630000	1387	NA
115	Pulse	55	4640000	11387	NA
115	Pulse	55	4650000	21387	NA
115	Pulse	55	4660000	31387	NA
116	Pulse	55	4670000	790	NA
116	Pulse	55	4680000	10790	NA
116	Pulse	55	4690000	20790	NA
116	Pulse	55	4700000	30790	NA
117	Pulse	55	4710000	194	NA
117	Pulse	55	4720000	10194	NA
117	Pulse	55	4730000	20194	NA
117	Pulse	55	4740000	30194	NA
117	Pulse	55	4750000	40194	NA
118	Pulse	55	4760000	9680	NA
118	Pulse	55	4770000	19680	NA
118	Pulse	55	4780000	29680	NA
118	Pulse	55	4790000	39680	NA
119	Pulse	55	4800000	9167	NA
119	Pulse	55	4810000	19167	NA
119	Pulse	55	4820000	29167	NA
119	Pulse	55	4830000	39167	NA
120	Pulse	55	4840000	8570	NA
120	Pulse	55	4850000	18570	NA
120	Pulse	55	4860000	28570	NA
120	Pulse	55	4870000	38570	NA
121	Pulse	55	4880000	8057	NA
121	Pulse	55	4890000	18057	NA
121	Pulse	55	4900000	28057	NA
121	Pulse	55	4910000	38057	NA
122	Pulse	55	4920000	7460	NA
122	Pulse	55	4930000	17460	NA
122	Pulse	55	4940000	27460	NA
122	Pulse	55	4950000	37460	NA
123	Pulse	55	4960000	6947	NA
123	Pulse	55	4970000	16947	NA
123	Pulse	55	4980000	26947	NA
123	Pulse	55	4990000	36947	NA
124	Pulse	55	5000000	6433	NA
124	Pulse	55	5010000	16433	NA
124	Pulse	55	5020000	26433	NA
124	Pulse	55	5030000	36433	NA
125	Pulse	55	5040000	5920	NA
125	Pulse	55	5050000	15920	NA
125	Pulse	55	5060000	25920	NA
125	Pulse	55	5070000	35920	NA
126	Pulse	55	5080000	5323	NA
126	Pulse	55	5090000	15323	NA
126	Pulse	55	5100000	25323	NA
126	Pulse	55	5110000	35323	NA
127	Pulse	55	5120000	4726	NA
127	Pulse	55	5130000	14726	NA
127	Pulse	55	5140000	24726	NA
127	Pulse	55	5150000	34726	NA
128	Pulse	55	5160000	4130	NA
128	Pulse	55	5170000	14130	NA
128	Pulse	55	5180000	24130	NA
128	Pulse	55	5190000	34130	NA
129	Pulse	55	5200000	3533	NA
129	Pulse	55	5210000	13533	NA
129	Pulse	55	5220000	23533	NA
129	Pulse	55	5230000	33533	NA
130	Pulse	55	5240000	2936	NA
130	Pulse	55	5250000	12936	NA
130	Pulse	55	5260000	22936	NA
130	Pulse	55	5270000	32936	NA
131	Pulse	55	5280000	2339	NA
131	Pulse	55	5290000	12339	NA
131	Pulse	55	5300000	22339	NA
131	Pulse	55	5310000	32339	NA
132	Pulse	55	5320000	1826	NA
132	Pulse	55	5330000	11826	NA
132	Pulse	55	5340000	21826	NA
132	Pulse	55	5350000	31826	NA
133	Pulse	55	5360000	1229	NA
133	Pulse	55	5370000	11229	NA
133	Pulse	55	5380000	21229	NA
133	Pulse	55	5390000	31229	NA
134	Pulse	55	5400000	633	NA
134	Pulse	55	5410000	10633	NA
134	Pulse	55	5420000	20633	NA
134	Pulse	55	5430000	30633	NA
135	Pulse	55	5440000	119	NA
135	Pulse	55	5450000	10119	NA
135	Pulse	55	5460000	20119	NA
135	Pulse	55	5470000	30119	NA
135	Pulse	55	5480000	40119	NA
136	Pulse	55	5490000	9522	NA
136	Pulse	55	5500000	19522	NA
136	Pulse	55	5510000	29522	NA
136	Pulse	55	5520000	39522	NA
137	Pulse	55	5530000	8926	NA
137	Pulse	55	5540000	18926	NA
137	Pulse	55	5550000	28926	NA
137	Pulse	55	5560000	38926	NA
138	Pulse	55	5570000	8412	NA
138	Pulse	55	5580000	18412	NA
138	Pulse	55	5590000	28412	NA
138	Pulse	55	5600000	38412	NA
139	Pulse	55	5610000	7816	NA
139	Pulse	55	5620000	17816	NA
139	Pulse	55	5630000	27816	NA
139	Pulse	55	5640000	37816	NA
140	Pulse	55	5650000	7219	NA
140	Pulse	55	5660000	17219	NA
140	Pulse	55	5670000	27219	NA
140	Pulse	55	5680000	37219	NA
141	Pulse	55	5690000	6705	NA
141	Pulse	55	5700000	16705	NA
141	Pulse	55	5710000	26705	NA
141	Pulse	55	5720000	36705	NA
142	Pulse	55	5730000	6109	NA
142	Pulse	55	5740000	16109	NA
142	Pulse	55	5750000	26109	NA
142	Pulse	55	5760000	36109	NA
143	Pulse	55	5770000	5512	NA
143	Pulse	55	5780000	15512	NA
143	Pulse	55	5790000	25512	NA
143	Pulse	55	5800000	35512	NA
144	Pulse	55	5810000	4999	NA
144	Pulse	55	5820000	14999	NA
144	Pulse	55	5830000	24999	NA
144	Pulse	55	5840000	34999	NA
145	Pulse	55	5850000	4485	NA
145	Pulse	55	5860000	14485	NA
145	Pulse	55	5870000	24485	NA
145	Pulse	55	5880000	34485	NA
146	Pulse	55	5890000	3888	NA
146	Pulse	55	5900000	13888	NA
146	Pulse	55	5910000	23888	NA
146	Pulse	55	5920000	33888	NA
147	Pulse	55	5930000	3292	NA
147	Pulse	55	5940000	13292	NA
147	Pulse	55	5950000	23292	NA
147	Pulse	55	5960000	33292	NA
148	Pulse	55	5970000	2695	NA
148	Pulse	55	5980000	12695	NA
148	Pulse	55	5990000	22695	NA
148	Pulse	55	6000000	32695	NA
149	Pulse	55	6010000	2098	NA
149	Pulse	55	6020000	12098	NA
149	Pulse	55	6030000	22098	NA
149	Pulse	55	6040000	32098	NA
150	Pulse	55	6050000	1501	NA
150	Pulse	55	6060000	11501	NA
150	Pulse	55	6070000	21501	NA
150	Pulse	55	6080000	31501	NA
151	Pulse	55	6090000	905	NA
151	Pulse	55	6100000	10905	NA
151	Pulse	55	6110000	20905	NA
151	Pulse	55	6120000	30905	NA
152	Pulse	55	6130000	308	NA
152	Pulse	55	6140000	10308	NA
152	Pulse	55	6150000	20308	NA
152	Pulse	55	6160000	30308	NA
152	Pulse	55	6170000	40308	NA
153	Pulse	55	6180000	9795	NA
153	Pulse	55	6190000	19795	NA
153	Pulse	55	6200000	29795	NA
153	Pulse	55	6210000	39795	NA
154	Pulse	55	6220000	9281	NA
154	Pulse	55	6230000	19281	NA
154	Pulse	55	6240000	29281	NA
154	Pulse	55	6250000	39281	NA
155	Pulse	55	6260000	8851	NA
155	Pulse	55	6270000	18851	NA
155	Pulse	55	6280000	28851	NA
155	Pulse	55	6290000	38851	NA
156	Pulse	55	6300000	8338	NA
156	Pulse	55	6310000	18338	NA
156	Pulse	55	6320000	28338	NA
156	Pulse	55	6330000	38338	NA
157	Pulse	55	6340000	7824	NA
157	Pulse	55	6350000	17824	NA
157	Pulse	55	6360000	27824	NA
157	Pulse	55	6370000	37824	NA
158	Pulse	55	6380000	7311	NA
158	Pulse	55	6390000	17311	NA
158	Pulse	55	6400000	27311	NA
158	Pulse	55	6410000	37311	NA
159	Pulse	55	6420000	6714	NA
159	Pulse	55	6430000	16714	NA
159	Pulse	55	6440000	26714	NA
159	Pulse	55	6450000	36714	NA
160	Pulse	55	6460000	6118	NA
160	Pulse	55	6470000	16118	NA
160	Pulse	55	6480000	26118	NA
160	Pulse	55	6490000	36118	NA
161	Pulse	55	6500000	5521	NA
161	Pulse	55	6510000	15521	NA
161	Pulse	55	6520000	25521	NA
161	Pulse	55	6530000	35521	NA
162	Pulse	55	6540000	5007	NA
162	Pulse	55	6550000	15007	NA
162	Pulse	55	6560000	25007	NA
162	Pulse	55	6570000	35007	NA
163	Pulse	55	6580000	4411	NA
163	Pulse	55	6590000	14411	NA
163	Pulse	55	6600000	24411	NA
163	Pulse	55	6610000	34411	NA
164	Pulse	55	6620000	3814	NA
164	Pulse	55	6630000	13814	NA
164	Pulse	55	6640000	23814	NA
164	Pulse	55	6650000	33814	NA
165	Pulse	55	6660000	3217	NA
165	Pulse	55	6670000	13217	NA
165	Pulse	55	6680000	23217	NA
165	Pulse	55	6690000	33217	NA
166	Pulse	55	6700000	2620	NA
166	Pulse	55	6710000	12620	NA
166	Pulse	55	6720000	22620	NA
166	Pulse	55	6730000	32620	NA
167	Pulse	55	6740000	2024	NA
167	Pulse	55	6750000	12024	NA
167	Pulse	55	6760000	22024	NA
167	Pulse	55	6770000	32024	NA
168	Pulse	55	6780000	1427	NA
168	Pulse	55	6790000	11427	NA
168	Pulse	55	6800000	21427	NA
168	Pulse	55	6810000	31427	NA
169	Pulse	55	6820000	914	NA
169	Pulse	55	6830000	10914	NA
169	Pulse	55	6840000	20914	NA
169	Pulse	55	6850000	30914	NA
170	Pulse	55	6860000	317	NA
170	Pulse	55	6870000	10317	NA
170	Pulse	55	6880000	20317	NA
170	Pulse	55	6890000	30317	NA
170	Pulse	55	6900000	40317	NA
171	Pulse	55	6910000	9803	NA
171	Pulse	55	6920000	19803	NA
171	Pulse	55	6930000	29803	NA
171	Pulse	55	6940000	39803	NA
172	Pulse	55	6950000	9290	NA
172	Pulse	55	6960000	19290	NA
172	Pulse	55	6970000	29290	NA
172	Pulse	55	6980000	39290	NA
173	Pulse	55	6990000	8693	NA
173	Pulse	55	7000000	18693	NA
173	Pulse	55	7010000	28693	NA
173	Pulse	55	7020000	38693	NA
174	Pulse	55	7030000	8263	NA
174	Pulse	55	7040000	18263	NA
174	Pulse	55	7050000	28263	NA
174	Pulse	55	7060000	38263	NA
175	Pulse	55	7070000	7750	NA
175	Pulse	55	7080000	17750	NA
175	Pulse	55	7090000	27750	NA
175	Pulse	55	7100000	37750	NA
176	Pulse	55	7110000	7153	NA
176	Pulse	55	7120000	17153	NA
176	Pulse	55	7130000	27153	NA
176	Pulse	55	7140000	37153	NA
177	Pulse	55	7150000	6640	NA
177	Pulse	55	7160000	16640	NA
177	Pulse	55	7170000	26640	NA
177	Pulse	55	7180000	36640	NA
178	Pulse	55	7190000	6126	NA
178	Pulse	55	7200000	16126	NA
178	Pulse	55	7210000	26126	NA
178	Pulse	55	7220000	36126	NA
179	Pulse	55	7230000	5613	NA
179	Pulse	55	7240000	15613	NA
179	Pulse	55	7250000	25613	NA
179	Pulse	55	7260000	35613	NA
180	Pulse	55	7270000	5016	NA
180	Pulse	55	7280000	15016	NA
180	Pulse	55	7290000	25016	NA
180	Pulse	55	7300000	35016	NA
181	Pulse	55	7310000	4419	NA
181	Pulse	55	7320000	14419	NA
181	Pulse	55	7330000	24419	NA
181	Pulse	55	7340000	34419	NA
182	Pulse	55	7350000	3823	NA
182	Pulse	55	7360000	13823	NA
182	Pulse	55	7370000	23823	NA
182	Pulse	55	7380000	33823	NA
183	Pulse	55	7390000	3226	NA
183	Pulse	55	7400000	13226	NA
183	Pulse	55	7410000	23226	NA
183	Pulse	55	7420000	33226	NA
184	Pulse	55	7430000	2629	NA
184	Pulse	55	7440000	12629	NA
184	Pulse	55	7450000	22629	NA
184	Pulse	55	7460000	32629	NA
185	Pulse	55	7470000	2116	NA
185	Pulse	55	7480000	12116	NA
185	Pulse	55	7490000	22116	NA
185	Pulse	55	7500000	32116	NA
186	Pulse	55	7510000	1519	NA
186	Pulse	55	7520000	11519	NA
186	Pulse	55	7530000	21519	NA
186	Pulse	55	7540000	31519	NA
187	Pulse	55	7550000	922	NA
187	Pulse	55	7560000	10922	NA
187	Pulse	55	7570000	20922	NA
187	Pulse	55	7580000	30922	NA
188	Pulse	55	7590000	326	NA
188	Pulse	55	7600000	10326	NA
188	Pulse	55	7610000	20326	NA
188	Pulse	55	7620000	30326	NA
188	Pulse	55	7630000	40326	NA
189	Pulse	55	7640000	9729	NA
189	Pulse	55	7650000	19729	NA
189	Pulse	55	7660000	29729	NA
189	Pulse	55	7670000	39729	NA
190	Pulse	55	7680000	9132	NA
190	Pulse	55	7690000	19132	NA
190	Pulse	55	7700000	29132	NA
190	Pulse	55	7710000	39132	NA
191	Pulse	55	7720000	8535	NA
191	Pulse	55	7730000	18535	NA
191	Pulse	55	7740000	28535	NA
191	Pulse	55	7750000	38535	NA
192	Pulse	55	7760000	7939	NA
192	Pulse	55	7770000	17939	NA
192	Pulse	55	7780000	27939	NA
192	Pulse	55	7790000	37939	NA
193	Pulse	55	7800000	7342	NA
193	Pulse	55	7810000	17342	NA
193	Pulse	55	7820000	27342	NA
193	Pulse	55	7830000	37342	NA
194	Pulse	55	7840000	6745	NA
194	Pulse	55	7850000	16745	NA
194	Pulse	55	7860000	26745	NA
194	Pulse	55	7870000	36745	NA
195	Pulse	55	7880000	6148	NA
195	Pulse	55	7890000	16148	NA
195	Pulse	55	7900000	26148	NA
195	Pulse	55	7910000	36148	NA
196	Pulse	55	7920000	5552	NA
196	Pulse	55	7930000	15552	NA
196	Pulse	55	7940000	25552	NA
196	Pulse	55	7950000	35552	NA
197	Pulse	55	7960000	5038	NA
197	Pulse	55	7970000	15038	NA
197	Pulse	55	7980000	25038	NA
197	Pulse	55	7990000	35038	NA
198	Pulse	55	8000000	4525	NA
198	Pulse	55	8010000	14525	NA
198	Pulse	55	8020000	24525	NA
198	Pulse	55	8030000	34525	NA
199	Pulse	55	8040000	3928	NA
199	Pulse	55	8050000	13928	NA
199	Pulse	55	8060000	23928	NA
199	Pulse	55	8070000	33928	NA
200	Pulse	55	8080000	3331	NA
200	Pulse	55	8090000	13331	NA
200	Pulse	55	8100000	23331	NA
200	Pulse	55	8110000	33331	NA
201	Pulse	55	8120000	2901	NA
201	Pulse	55	8130000	12901	NA
201	Pulse	55	8140000	22901	NA
201	Pulse	55	8150000	32901	NA
202	Pulse	55	8160000	2388	NA
202	Pulse	55	8170000	12388	NA
202	Pulse	55	8180000	22388	NA
202	Pulse	55	8190000	32388	NA
203	Pulse	55	8200000	1874	NA
203	Pulse	55	8210000	11874	NA
203	Pulse	55	8220000	21874	NA
203	Pulse	55	8230000	31874	NA
204	Pulse	55	8240000	1278	NA
204	Pulse	55	8250000	11278	NA
204	Pulse	55	8260000	21278	NA
204	Pulse	55	8270000	31278	NA
205	Pulse	55	8280000	764	NA
205	Pulse	55	8290000	10764	NA
205	Pulse	55	8300000	20764	NA
205	Pulse	55	8310000	30764	NA
206	Pulse	55	8320000	168	NA
206	Pulse	55	8330000	10168	NA
206	Pulse	55	8340000	20168	NA
206	Pulse	55	8350000	30168	NA
206	Pulse	55	8360000	40168	NA
207	Pulse	55	8370000	9654	NA
207	Pulse	55	8380000	19654	NA
207	Pulse	55	8390000	29654	NA
207	Pulse	55	8400000	39654	NA
208	Pulse	55	8410000	9141	NA
208	Pulse	55	8420000	19141	NA
208	Pulse	55	8430000	29141	NA
208	Pulse	55	8440000	39141	NA
209	Pulse	55	8450000	8544	NA
209	Pulse	55	8460000	18544	NA
209	Pulse	55	8470000	28544	NA
209	Pulse	55	8480000	38544	NA
210	Pulse	55	8490000	8031	NA
210	Pulse	55	8500000	18031	NA
210	Pulse	55	8510000	28031	NA
210	Pulse	55	8520000	38031	NA
211	Pulse	55	8530000	7601	NA
211	Pulse	55	8540000	17601	NA
211	Pulse	55	8550000	27601	NA
211	Pulse	55	8560000	37601	NA
212	Pulse	55	8570000	7087	NA
212	Pulse	55	8580000	17087	NA
212	Pulse	55	8590000	27087	NA
212	Pulse	55	8600000	37087	NA
213	Pulse	55	8610000	6574	NA
213	Pulse	55	8620000	16574	NA
213	Pulse	55	8630000	26574	NA
213	Pulse	55	8640000	36574	NA
214	Pulse	55	8650000	6061	NA
214	Pulse	55	8660000	16061	NA
214	Pulse	55	8670000	26061	NA
214	Pulse	55	8680000	36061	NA
215	Pulse	55	8690000	5464	NA
215	Pulse	55	8700000	15464	NA
215	Pulse	55	8710000	25464	NA
215	Pulse	55	8720000	35464	NA
216	Pulse	55	8730000	4950	NA
216	Pulse	55	8740000	14950	NA
216	Pulse	55	8750000	24950	NA
216	Pulse	55	8760000	34950	NA
217	Pulse	55	8770000	4604	NA
217	Pulse	55	8780000	14604	NA
217	Pulse	55	8790000	24604	NA
217	Pulse	55	8800000	34604	NA
218	Pulse	55	8810000	4090	NA
218	Pulse	55	8820000	14090	NA
218	Pulse	55	8830000	24090	NA
218	Pulse	55	8840000	34090	NA
219	Pulse	55	8850000	3577	NA
219	Pulse	55	8860000	13577	NA
219	Pulse	55	8870000	23577	NA
219	Pulse	55	8880000	33577	NA
220	Pulse	55	8890000	2980	NA
220	Pulse	55	8900000	12980	NA
220	Pulse	55	8910000	22980	NA
220	Pulse	55	8920000	32980	NA
221	Pulse	55	8930000	2384	NA
221	Pulse	55	8940000	12384	NA
221	Pulse	55	8950000	22384	NA
221	Pulse	55	8960000	32384	NA
222	Pulse	55	8970000	1953	NA
222	Pulse	55	8980000	11953	NA
222	Pulse	55	8990000	21953	NA
222	Pulse	55	9000000	31953	NA
223	Pulse	55	9010000	1440	NA
223	Pulse	55	9020000	11440	NA
223	Pulse	55	9030000	21440	NA
223	Pulse	55	9040000	31440	NA
224	Pulse	55	9050000	843	NA
224	Pulse	55	9060000	10843	NA
224	Pulse	55	9070000	20843	NA
224	Pulse	55	9080000	30843	NA
225	Pulse	55	9090000	413	NA
225	Pulse	55	9100000	10413	NA
225	Pulse	55	9110000	20413	NA
225	Pulse	55	9120000	30413	NA
225	Pulse	55	9130000	40413	NA
226	Pulse	55	9140000	9900	NA
226	Pulse	55	9150000	19900	NA
226	Pulse	55	9160000	29900	NA
226	Pulse	55	9170000	39900	NA
227	Pulse	55	9180000	9387	NA
227	Pulse	55	9190000	19387	NA
227	Pulse	55	9200000	29387	NA
227	Pulse	55	9210000	39387	NA
228	Pulse	55	9220000	8873	NA
228	Pulse	55	9230000	18873	NA
228	Pulse	55	9240000	28873	NA
228	Pulse	55	9250000	38873	NA
229	Pulse	55	9260000	8276	NA
229	Pulse	55	9270000	18276	NA
229	Pulse	55	9280000	28276	NA
229	Pulse	55	9290000	38276	NA
230	Pulse	55	9300000	7763	NA
230	Pulse	55	9310000	17763	NA
230	Pulse	55	9320000	27763	NA
230	Pulse	55	9330000	37763	NA
231	Pulse	55	9340000	7250	NA
231	Pulse	55	9350000	17250	NA
231	Pulse	55	9360000	27250	NA
231	Pulse	55	9370000	37250	NA
232	Pulse	55	9380000	6653	NA
232	Pulse	55	9390000	16653	NA
232	Pulse	55	9400000	26653	NA
232	Pulse	55	9410000	36653	NA
233	Pulse	55	9420000	6056	NA
233	Pulse	55	9430000	16056	NA
233	Pulse	55	9440000	26056	NA
233	Pulse	55	9450000	36056	NA
234	Pulse	55	9460000	5459	NA
234	Pulse	55	9470000	15459	NA
234	Pulse	55	9480000	25459	NA
234	Pulse	55	9490000	35459	NA
235	Pulse	55	9500000	4863	NA
235	Pulse	55	9510000	14863	NA
235	Pulse	55	9520000	24863	NA
235	Pulse	55	9530000	34863	NA
236	Pulse	55	9540000	4266	NA
236	Pulse	55	9550000	14266	NA
236	Pulse	55	9560000	24266	NA
236	Pulse	55	9570000	34266	NA
237	Pulse	55	9580000	3669	NA
237	Pulse	55	9590000	13669	NA
237	Pulse	55	9600000	23669	NA
237	Pulse	55	9610000	33669	NA
238	Pulse	55	9620000	3156	NA
238	Pulse	55	9630000	13156	NA
238	Pulse	55	9640000	23156	NA
238	Pulse	55	9650000	33156	NA
239	Pulse	55	9660000	2642	NA
239	Pulse	55	9670000	12642	NA
239	Pulse	55	9680000	22642	NA
239	Pulse	55	9690000	32642	NA
240	Pulse	55	9700000	2046	NA
240	Pulse	55	9710000	12046	NA
240	Pulse	55	9720000	22046	NA
240	Pulse	55	9730000	32046	NA
241	Pulse	55	9740000	1532	NA
241	Pulse	55	9750000	11532	NA
241	Pulse	55	9760000	21532	NA
241	Pulse	55	9770000	31532	NA
242	Pulse	55	9780000	936	NA
242	Pulse	55	9790000	10936	NA
242	Pulse	55	9800000	20936	NA
242	Pulse	55	9810000	30936	NA
243	Pulse	55	9820000	339	NA
243	Pulse	55	9830000	10339	NA
243	Pulse	55	9840000	20339	NA
243	Pulse	55	9850000	30339	NA
243	Pulse	55	9860000	40339	NA
244	Pulse	55	9870000	9742	NA
244	Pulse	55	9880000	19742	NA
244	Pulse	55	9890000	29742	NA
244	Pulse	55	9900000	39742	NA
245	Pulse	55	9910000	9229	NA
245	Pulse	55	9920000	19229	NA
245	Pulse	55	9930000	29229	NA
245	Pulse	55	9940000	39229	NA
246	Pulse	55	9950000	8632	NA
246	Pulse	55	9960000	18632	NA
246	Pulse	55	9970000	28632	NA
246	Pulse	55	9980000	38632	NA
247	Pulse	55	9990000	8035	NA
247	Pulse	55	10000000	18035	NA
247	Pulse	55	10010000	28035	NA
247	Pulse	55	10020000	38035	NA
248	Pulse	55	10030000	7438	NA
248	Pulse	55	10040000	17438	NA
248	Pulse	55	10050000	27438	NA
248	Pulse	55	10060000	37438	NA
249	Pulse	55	10070000	6842	NA
249	Pulse	55	10080000	16842	NA
249	Pulse	55	10090000	26842	NA
249	Pulse	55	10100000	36842	NA
250	Pulse	55	10110000	6245	NA
250	Pulse	55	10120000	16245	NA
250	Pulse	55	10130000	26245	NA
250	Pulse	55	10140000	36245	NA
251	Pulse	55	10150000	5648	NA
251	Pulse	55	10160000	15648	NA
251	Pulse	55	10170000	25648	NA
251	Pulse	55	10180000	35648	NA
252	Pulse	55	10190000	5051	NA
252	Pulse	55	10200000	15051	NA
252	Pulse	55	10210000	25051	NA
252	Pulse	55	10220000	35051	NA
253	Pulse	55	10230000	4455	NA
253	Pulse	55	10240000	14455	NA
253	Pulse	55	10250000	24455	NA
253	Pulse	55	10260000	34455	NA
254	Pulse	55	10270000	3858	NA
254	Pulse	55	10280000	13858	NA
254	Pulse	55	10290000	23858	NA
254	Pulse	55	10300000	33858	NA
255	Pulse	55	10310000	3428	NA
255	Pulse	55	10320000	13428	NA
255	Pulse	55	10330000	23428	NA
255	Pulse	55	10340000	33428	NA
256	Pulse	55	10350000	2914	NA
256	Pulse	55	10360000	12914	NA
256	Pulse	55	10370000	22914	NA
256	Pulse	55	10380000	32914	NA
257	Pulse	55	10390000	2401	NA
257	Pulse	55	10400000	12401	NA
257	Pulse	55	10410000	22401	NA
257	Pulse	55	10420000	32401	NA
258	Pulse	55	10430000	1804	NA
258	Pulse	55	10440000	11804	NA
258	Pulse	55	10450000	21804	NA
258	Pulse	55	10460000	31804	NA
259	Pulse	55	10470000	1208	NA
259	Pulse	55	10480000	11208	NA
259	Pulse	55	10490000	21208	NA
259	Pulse	55	10500000	31208	NA
260	Pulse	55	10510000	611	NA
260	Pulse	55	10520000	10611	NA
260	Pulse	55	10530000	20611	NA
260	Pulse	55	10540000	30611	NA
261	Pulse	55	10550000	14	NA
261	Pulse	55	10560000	10014	NA
261	Pulse	55	10570000	20014	NA
261	Pulse	55	10580000	30014	NA
261	Pulse	55	10590000	40014	NA
262	Pulse	55	10600000	9501	NA
262	Pulse	55	10610000	19501	NA
262	Pulse	55	10620000	29501	NA
262	Pulse	55	10630000	39501	NA
263	Pulse	55	10640000	8987	NA
263	Pulse	55	10650000	18987	NA
263	Pulse	55	10660000	28987	NA
263	Pulse	55	10670000	38987	NA
264	Pulse	55	10680000	8391	NA
264	Pulse	55	10690000	18391	NA
264	Pulse	55	10700000	28391	NA
264	Pulse	55	10710000	38391	NA
265	Pulse	55	10720000	7794	NA
265	Pulse	55	10730000	17794	NA
265	Pulse	55	10740000	27794	NA
265	Pulse	55	10750000	37794	NA
266	Pulse	55	10760000	7197	NA
266	Pulse	55	10770000	17197	NA
266	Pulse	55	10780000	27197	NA
266	Pulse	55	10790000	37197	NA
267	Pulse	55	10800000	6600	NA
267	Pulse	55	10810000	16600	NA
267	Pulse	55	10820000	26600	NA
267	Pulse	55	10830000	36600	NA
268	Pulse	55	10840000	6004	NA
268	Pulse	55	10850000	16004	NA
268	Pulse	55	10860000	26004	NA
268	Pulse	55	10870000	36004	NA
269	Pulse	55	10880000	5407	NA
269	Pulse	55	10890000	15407	NA
269	Pulse	55	10900000	25407	NA
269	Pulse	55	10910000	35407	NA
270	Pulse	55	10920000	4810	NA
270	Pulse	55	10930000	14810	NA
270	Pulse	55	10940000	24810	NA
270	Pulse	55	10950000	34810	NA
271	Pulse	55	10960000	4213	NA
271	Pulse	55	10970000	14213	NA
271	Pulse	55	10980000	24213	NA
271	Pulse	55	10990000	34213	NA
272	Pulse	55	11000000	3700	NA
272	Pulse	55	11010000	13700	NA
272	Pulse	55	11020000	23700	NA
272	Pulse	55	11030000	33700	NA
273	Pulse	55	11040000	3103	NA
273	Pulse	55	11050000	13103	NA
273	Pulse	55	11060000	23103	NA
273	Pulse	55	11070000	33103	NA
274	Pulse	55	11080000	2506	NA
274	Pulse	55	11090000	12506	NA
274	Pulse	55	11100000	22506	NA
274	Pulse	55	11110000	32506	NA
275	Pulse	55	11120000	1910	NA
275	Pulse	55	11130000	11910	NA
275	Pulse	55	11140000	21910	NA
275	Pulse	55	11150000	31910	NA
276	Pulse	55	11160000	1313	NA
276	Pulse	55	11170000	11313	NA
276	Pulse	55	11180000	21313	NA
276	Pulse	55	11190000	31313	NA
277	Pulse	55	11200000	716	NA
277	Pulse	55	11210000	10716	NA
277	Pulse	55	11220000	20716	NA
277	Pulse	55	11230000	30716	NA
278	Pulse	55	11240000	119	NA
278	Pulse	55	11250000	10119	NA
278	Pulse	55	11260000	20119	NA
278	Pulse	55	11270000	30119	NA
278	Pulse	55	11280000	40119	NA
279	Pulse	55	11290000	9523	NA
279	Pulse	55	11300000	19523	NA
279	Pulse	55	11310000	29523	NA
279	Pulse	55	11320000	39523	NA
280	Pulse	55	11330000	8926	NA
280	Pulse	55	11340000	18926	NA
280	Pulse	55	11350000	28926	NA
280	Pulse	55	11360000	38926	NA
281	Pulse	55	11370000	8329	NA
281	Pulse	55	11380000	18329	NA
281	Pulse	55	11390000	28329	NA
281	Pulse	55	11400000	38329	NA
282	Pulse	55	11410000	7732	NA
282	Pulse	55	11420000	17732	NA
282	Pulse	55	11430000	27732	NA
282	Pulse	55	11440000	37732	NA
283	Pulse	55	11450000	7052	NA
283	Pulse	55	11460000	17052	NA
283	Pulse	55	11470000	27052	NA
283	Pulse	55	11480000	37052	NA
284	Pulse	55	11490000	6456	NA
284	Pulse	55	11500000	16456	NA
284	Pulse	55	11510000	26456	NA
284	Pulse	55	11520000	36456	NA
285	Pulse	55	11530000	5859	NA
285	Pulse	55	11540000	15859	NA
285	Pulse	55	11550000	25859	NA
285	Pulse	55	11560000	35859	NA
286	Pulse	55	11570000	5262	NA
286	Pulse	55	11580000	15262	NA
286	Pulse	55	11590000	25262	NA
286	Pulse	55	11600000	35262	NA
287	Pulse	55	11610000	4582	NA
287	Pulse	55	11620000	14582	NA
287	Pulse	55	11630000	24582	NA
287	Pulse	55	11640000	34582	NA
288	Pulse	55	11650000	3985	NA
288	Pulse	55	11660000	13985	NA
288	Pulse	55	11670000	23985	NA
288	Pulse	55	11680000	33985	NA
289	Pulse	55	11690000	3389	NA
289	Pulse	55	11700000	13389	NA
289	Pulse	55	11710000	23389	NA
289	Pulse	55	11720000	33389	NA
290	Pulse	55	11730000	2792	NA
290	Pulse	55	11740000	12792	NA
290	Pulse	55	11750000	22792	NA
290	Pulse	55	11760000	32792	NA
291	Pulse	55	11770000	2112	NA
291	Pulse	55	11780000	12112	NA
291	Pulse	55	11790000	22112	NA
291	Pulse	55	11800000	32112	NA
292	Pulse	55	11810000	1515	NA
292	Pulse	55	11820000	11515	NA
292	Pulse	55	11830000	21515	NA
292	Pulse	55	11840000	31515	NA
293	Pulse	55	11850000	918	NA
293	Pulse	55	11860000	10918	NA
293	Pulse	55	11870000	20918	NA
293	Pulse	55	11880000	30918	NA
294	Pulse	55	11890000	238	NA
294	Pulse	55	11900000	10238	NA
294	Pulse	55	11910000	20238	NA
294	Pulse	55	11920000	30238	NA
294	Pulse	55	11930000	40238	NA
295	Pulse	55	11940000	9641	NA
295	Pulse	55	11950000	19641	NA
295	Pulse	55	11960000	29641	NA
295	Pulse	55	11970000	39641	NA
296	Pulse	55	11980000	9045	NA
296	Pulse	55	11990000	19045	NA
296	Pulse	55	12000000	29045	NA
296	Pulse	55	12010000	39045	NA
297	Pulse	55	12020000	8448	NA
297	Pulse	55	12030000	18448	NA
297	Pulse	55	12040000	28448	NA
297	Pulse	55	12050000	38448	NA
298	Pulse	55	12060000	7768	NA
298	Pulse	55	12070000	17768	NA
298	Pulse	55	12080000	27768	NA
298	Pulse	55	12090000	37768	NA
299	Pulse	55	12100000	7171	NA
299	Pulse	55	12110000	17171	NA
299	Pulse	55	12120000	27171	NA
299	Pulse	55	12130000	37171	NA
300	Pulse	55	12140000	6574	NA
300	Pulse	55	12150000	16574	NA
300	Pulse	55	12160000	26574	NA
300	Pulse	55	12170000	36574	NA
301	Pulse	55	12180000	5894	NA
301	Pulse	55	12190000	15894	NA
301	Pulse	55	12200000	25894	NA
301	Pulse	55	12210000	35894	NA
302	Pulse	55	12220000	5297	NA
302	Pulse	55	12230000	15297	NA
302	Pulse	55	12240000	25297	NA
302	Pulse	55	12250000	35297	NA
303	Pulse	55	12260000	4701	NA
303	Pulse	55	12270000	14701	NA
303	Pulse	55	12280000	24701	NA
303	Pulse	55	12290000	34701	NA
304	Pulse	55	12300000	4104	NA
304	Pulse	55	12310000	14104	NA
304	Pulse	55	12320000	24104	NA
304	Pulse	55	12330000	34104	NA
305	Pulse	55	12340000	3507	NA
305	Pulse	55	12350000	13507	NA
305	Pulse	55	12360000	23507	NA
305	Pulse	55	12370000	33507	NA
306	Pulse	55	12380000	2910	NA
306	Pulse	55	12390000	12910	NA
306	Pulse	55	12400000	22910	NA
306	Pulse	55	12410000	32910	NA
307	Pulse	55	12420000	2314	NA
307	Pulse	55	12430000	12314	NA
307	Pulse	55	12440000	22314	NA
307	Pulse	55	12450000	32314	NA
308	Pulse	55	12460000	1633	NA
308	Pulse	55	12470000	11633	NA
308	Pulse	55	12480000	21633	NA
308	Pulse	55	12490000	31633	NA
309	Pulse	55	12500000	1037	NA
309	Pulse	55	12510000	11037	NA
309	Pulse	55	12520000	21037	NA
309	Pulse	55	12530000	31037	NA
310	Pulse	55	12540000	357	NA
310	Pulse	55	12550000	10357	NA
310	Pulse	55	12560000	20357	NA
310	Pulse	55	12570000	30357	NA
310	Pulse	55	12580000	40357	NA
311	Pulse	55	12590000	9760	NA
311	Pulse	55	12600000	19760	NA
311	Pulse	55	12610000	29760	NA
311	Pulse	55	12620000	39760	NA
312	Pulse	55	12630000	9080	NA
312	Pulse	55	12640000	19080	NA
312	Pulse	55	12650000	29080	NA
312	Pulse	55	12660000	39080	NA
313	Pulse	55	12670000	8483	NA
313	Pulse	55	12680000	18483	NA
313	Pulse	55	12690000	28483	NA
313	Pulse	55	12700000	38483	NA
314	Pulse	55	12710000	7886	NA
314	Pulse	55	12720000	17886	NA
314	Pulse	55	12730000	27886	NA
314	Pulse	55	12740000	37886	NA
315	Pulse	55	12750000	7290	NA
315	Pulse	55	12760000	17290	NA
315	Pulse	55	12770000	27290	NA
315	Pulse	55	12780000	37290	NA
316	Pulse	55	12790000	6693	NA
316	Pulse	55	12800000	16693	NA
316	Pulse	55	12810000	26693	NA
316	Pulse	55	12820000	36693	NA
317	Pulse	55	12830000	6096	NA
317	Pulse	55	12840000	16096	NA
317	Pulse	55	12850000	26096	NA
317	Pulse	55	12860000	36096	NA
318	Pulse	55	12870000	5416	NA
318	Pulse	55	12880000	15416	NA
318	Pulse	55	12890000	25416	NA
318	Pulse	55	12900000	35416	NA
319	Pulse	55	12910000	4819	NA
319	Pulse	55	12920000	14819	NA
319	Pulse	55	12930000	24819	NA
319	Pulse	55	12940000	34819	NA
320	Pulse	55	12950000	4222	NA
320	Pulse	55	12960000	14222	NA
320	Pulse	55	12970000	24222	NA
320	Pulse	55	12980000	34222	NA
321	Pulse	55	12990000	3626	NA
321	Pulse	55	13000000	13626	NA
321	Pulse	55	13010000	23626	NA
321	Pulse	55	13020000	33626	NA
322	Pulse	55	13030000	3029	NA
322	Pulse	55	13040000	13029	NA
322	Pulse	55	13050000	23029	NA
322	Pulse	55	13060000	33029	NA
323	Pulse	55	13070000	2432	NA
323	Pulse	55	13080000	12432	NA
323	Pulse	55	13090000	22432	NA
323	Pulse	55	13100000	32432	NA
324	Pulse	55	13110000	1835	NA
324	Pulse	55	13120000	11835	NA
324	Pulse	55	13130000	21835	NA
324	Pulse	55	13140000	31835	NA
325	Pulse	55	13150000	1239	NA
325	Pulse	55	13160000	11239	NA
325	Pulse	55	13170000	21239	NA
325	Pulse	55	13180000	31239	NA
326	Pulse	55	13190000	642	NA
326	Pulse	55	13200000	10642	NA
326	Pulse	55	13210000	20642	NA
326	Pulse	55	13220000	30642	NA
326	Pulse	55	13230000	40642	NA
327	Pulse	55	13240000	9962	NA
327	Pulse	55	13250000	19962	NA
327	Pulse	55	13260000	29962	NA
327	Pulse	55	13270000	39962	NA
328	Pulse	55	13280000	9365	NA
328	Pulse	55	13290000	19365	NA
328	Pulse	55	13300000	29365	NA
328	Pulse	55	13310000	39365	NA
329	Pulse	55	13320000	8768	NA
329	Pulse	55	13330000	18768	NA
329	Pulse	55	13340000	28768	NA
329	Pulse	55	13350000	38768	NA
330	Pulse	55	13360000	8172	NA
330	Pulse	55	13370000	18172	NA
330	Pulse	55	13380000	28172	NA
330	Pulse	55	13390000	38172	NA
331	Pulse	55	13400000	7575	NA
331	Pulse	55	13410000	17575	NA
331	Pulse	55	13420000	27575	NA
331	Pulse	55	13430000	37575	NA
332	Pulse	55	13440000	6978	NA
332	Pulse	55	13450000	16978	NA
332	Pulse	55	13460000	26978	NA
332	Pulse	55	13470000	36978	NA
333	Pulse	55	13480000	6381	NA
333	Pulse	55	13490000	16381	NA
333	Pulse	55	13500000	26381	NA
333	Pulse	55	13510000	36381	NA
334	Pulse	55	13520000	5785	NA
334	Pulse	55	13530000	15785	NA
334	Pulse	55	13540000	25785	NA
334	Pulse	55	13550000	35785	NA
335	Pulse	55	13560000	5188	NA
335	Pulse	55	13570000	15188	NA
335	Pulse	55	13580000	25188	NA
335	Pulse	55	13590000	35188	NA
336	Pulse	55	13600000	4591	NA
336	Pulse	55	13610000	14591	NA
336	Pulse	55	13620000	24591	NA
336	Pulse	55	13630000	34591	NA
337	Pulse	55	13640000	3994	NA
337	Pulse	55	13650000	13994	NA
337	Pulse	55	13660000	23994	NA
337	Pulse	55	13670000	33994	NA
338	Pulse	55	13680000	3398	NA
338	Pulse	55	13690000	13398	NA
338	Pulse	55	13700000	23398	NA
338	Pulse	55	13710000	33398	NA
339	Pulse	55	13720000	2801	NA
339	Pulse	55	13730000	12801	NA
339	Pulse	55	13740000	22801	NA
339	Pulse	55	13750000	32801	NA
340	Pulse	55	13760000	2204	NA
340	Pulse	55	13770000	12204	NA
340	Pulse	55	13780000	22204	NA
340	Pulse	55	13790000	32204	NA
341	Pulse	55	13800000	1607	NA
341	Pulse	55	13810000	11607	NA
341	Pulse	55	13820000	21607	NA
341	Pulse	55	13830000	31607	NA
342	Pulse	55	13840000	1011	NA
342	Pulse	55	13850000	11011	NA
342	Pulse	55	13860000	21011	NA
342	Pulse	55	13870000	31011	NA
343	Pulse	55	13880000	414	NA
343	Pulse	55	13890000	10414	NA
343	Pulse	55	13900000	20414	NA
343	Pulse	55	13910000	30414	NA
343	Pulse	55	13920000	40414	NA
344	Pulse	55	13930000	9817	NA
344	Pulse	55	13940000	19817	NA
344	Pulse	55	13950000	29817	NA
344	Pulse	55	13960000	39817	NA
345	Pulse	55	13970000	9220	NA
345	Pulse	55	13980000	19220	NA
345	Pulse	55	13990000	29220	NA
345	Pulse	55	14000000	39220	NA
346	Pulse	55	14010000	8624	NA
346	Pulse	55	14020000	18624	NA
346	Pulse	55	14030000	28624	NA
346	Pulse	55	14040000	38624	NA
347	Pulse	55	14050000	8110	NA
347	Pulse	55	14060000	18110	NA
347	Pulse	55	14070000	28110	NA
347	Pulse	55	14080000	38110	NA
348	Pulse	55	14090000	7513	NA
348	Pulse	55	14100000	17513	NA
348	Pulse	55	14110000	27513	NA
348	Pulse	55	14120000	37513	NA
349	Pulse	55	14130000	6917	NA
349	Pulse	55	14140000	16917	NA
349	Pulse	55	14150000	26917	NA
349	Pulse	55	14160000	36917	NA
350	Pulse	55	14170000	6403	NA
350	Pulse	55	14180000	16403	NA
350	Pulse	55	14190000	26403	NA
350	Pulse	55	14200000	36403	NA
351	Pulse	55	14210000	5807	NA
351	Pulse	55	14220000	15807	NA
351	Pulse	55	14230000	25807	NA
351	Pulse	55	14240000	35807	NA
352	Pulse	55	14250000	5293	NA
352	Pulse	55	14260000	15293	NA
352	Pulse	55	14270000	25293	NA
352	Pulse	55	14280000	35293	NA
353	Pulse	55	14290000	4780	NA
353	Pulse	55	14300000	14780	NA
353	Pulse	55	14310000	24780	NA
353	Pulse	55	14320000	34780	NA
354	Pulse	55	14330000	4183	NA
354	Pulse	55	14340000	14183	NA
354	Pulse	55	14350000	24183	NA
354	Pulse	55	14360000	34183	NA
355	Pulse	55	14370000	3586	NA
355	Pulse	55	14380000	13586	NA
355	Pulse	55	14390000	23586	NA
355	Pulse	55	14400000	33586	NA
356	Pulse	55	14410000	2990	NA
356	Pulse	55	14420000	12990	NA
356	Pulse	55	14430000	22990	NA
356	Pulse	55	14440000	32990	NA
357	Pulse	55	14450000	2393	NA
357	Pulse	55	14460000	12393	NA
357	Pulse	55	14470000	22393	NA
357	Pulse	55	14480000	32393	NA
358	Pulse	55	14490000	1796	NA
358	Pulse	55	14500000	11796	NA
358	Pulse	55	14510000	21796	NA
358	Pulse	55	14520000	31796	NA
359	Pulse	55	14530000	1199	NA
359	Pulse	55	14540000	11199	NA
359	Pulse	55	14550000	21199	NA
359	Pulse	55	14560000	31199	NA
360	Pulse	55	14570000	686	NA
360	Pulse	55	14580000	10686	NA
360	Pulse	55	14590000	20686	NA
360	Pulse	55	14600000	30686	NA
361	Pulse	55	14610000	89	NA
361	Pulse	55	14620000	10089	NA
361	Pulse	55	14630000	20089	NA
361	Pulse	55	14640000	30089	NA
361	Pulse	55	14650000	40089	NA
362	Pulse	55	14660000	9493	NA
362	Pulse	55	14670000	19493	NA
362	Pulse	55	14680000	29493	NA
362	Pulse	55	14690000	39493	NA
363	Pulse	55	14700000	8979	NA
363	Pulse	55	14710000	18979	NA
363	Pulse	55	14720000	28979	NA
363	Pulse	55	14730000	38979	NA
364	Pulse	55	14740000	8466	NA
364	Response	1	14747072	15538	1
364	Pulse	55	14750000	18466	NA
364	Pulse	55	14760000	28466	NA
364	Pulse	55	14770000	38466	NA
365	Pulse	55	14780000	8369	NA
365	Pulse	55	14790000	18369	NA
366	Pulse	55	14800000	8279	NA
366	Pulse	55	14810000	18279	NA
366	Pulse	55	14820000	28279	NA
366	Pulse	55	14830000	38279	NA
366	Pulse	55	14840000	48279	NA
366	Pulse	55	14850000	58279	NA
366	Pulse	55	14860000	68279	NA
366	Pulse	55	14870000	78279	NA
366	Pulse	55	14880000	88279	NA
366	Pulse	55	14890000	98279	NA
366	Pulse	55	14900000	108279	NA
366	Pulse	55	14910000	118279	NA
366	Pulse	55	14920000	128279	NA
366	Pulse	55	14930000	138279	NA
366	Pulse	55	14940000	148279	NA
366	Pulse	55	14950000	158279	NA
366	Pulse	55	14960000	168279	NA
366	Pulse	55	14970000	178279	NA
366	Pulse	55	14980000	188279	NA
366	Pulse	55	14990000	198279	NA
366	Pulse	55	15000000	208279	NA
366	Pulse	55	15010000	218279	NA
366	Pulse	55	15020000	228279	NA
366	Pulse	55	15030000	238279	NA
366	Pulse	55	15040000	248279	NA
366	Pulse	55	15050000	258279	NA
366	Response	1	15056750	265030	1
366	Pulse	55	15060000	268279	NA
366	Pulse	55	15070000	278279	NA
367	Pulse	55	15080000	9937	NA
367	Pulse	55	15090000	19937	NA
367	Pulse	55	15100000	29937	NA
367	Pulse	55	15110000	39937	NA
367	Pulse	55	15120000	49937	NA
367	Pulse	55	15130000	59937	NA
367	Pulse	55	15140000	69937	NA
367	Pulse	55	15150000	79937	NA
367	Pulse	55	15160000	89937	NA
367	Pulse	55	15170000	99937	NA
367	Pulse	55	15180000	109937	NA
367	Pulse	55	15190000	119937	NA
367	Pulse	55	15200000	129937	NA
367	Pulse	55	15210000	139937	NA
367	Pulse	55	15220000	149937	NA
367	Pulse	55	15230000	159937	NA
367	Pulse	55	15240000	169937	NA
367	Pulse	55	15250000	179937	NA
367	Pulse	55	15260000	189937	NA
367	Pulse	55	15270000	199937	NA
367	Pulse	55	15280000	209937	NA
367	Pulse	55	15290000	219937	NA
367	Pulse	55	15300000	229937	NA
367	Pulse	55	15310000	239937	NA
367	Pulse	55	15320000	249937	NA
367	Pulse	55	15330000	259937	NA
367	Pulse	55	15340000	269937	NA
367	Pulse	55	15350000	279937	NA
367	Pulse	55	15360000	289937	NA
367	Pulse	55	15370000	299937	NA
367	Pulse	55	15380000	309937	NA
367	Pulse	55	15390000	319937	NA
367	Pulse	55	15400000	329937	NA
367	Pulse	55	15410000	339937	NA
367	Pulse	55	15420000	349937	NA
367	Pulse	55	15430000	359937	NA
367	Pulse	55	15440000	369937	NA
367	Pulse	55	15450000	379937	NA
367	Pulse	55	15460000	389937	NA
367	Pulse	55	15470000	399937	NA
367	Pulse	55	15480000	409937	NA
367	Pulse	55	15490000	419937	NA
367	Pulse	55	15500000	429937	NA
367	Pulse	55	15510000	439937	NA
367	Pulse	55	15520000	449937	NA
367	Pulse	55	15530000	459937	NA
367	Pulse	55	15540000	469937	NA
367	Pulse	55	15550000	479937	NA
367	Pulse	55	15560000	489937	NA
367	Pulse	55	15570000	499937	NA
367	Pulse	55	15580000	509937	NA
367	Pulse	55	15590000	519937	NA
367	Pulse	55	15600000	529937	NA
367	Pulse	55	15610000	539937	NA
367	Pulse	55	15620000	549937	NA
367	Pulse	55	15630000	559937	NA
367	Pulse	55	15640000	569937	NA
367	Pulse	55	15650000	579937	NA
367	Pulse	55	15660000	589937	NA
367	Pulse	55	15670000	599937	NA
367	Pulse	55	15680000	609937	NA
367	Pulse	55	15690000	619937	NA
367	Pulse	55	15700000	629937	NA
367	Pulse	55	15710000	639937	NA
367	Pulse	55	15720000	649937	NA
367	Pulse	55	15730000	659937	NA
367	Pulse	55	15740000	669937	NA
367	Pulse	55	15750000	679937	NA
367	Pulse	55	15760000	689937	NA
367	Pulse	55	15770000	699937	NA
367	Pulse	55	15780000	709937	NA
367	Pulse	55	15790000	719937	NA
367	Pulse	55	15800000	729937	NA
367	Pulse	55	15810000	739937	NA
367	Pulse	55	15820000	749937	NA
367	Pulse	55	15830000	759937	NA
367	Pulse	55	15840000	769937	NA
367	Pulse	55	15850000	779937	NA
367	Pulse	55	15860000	789937	NA
367	Pulse	55	15870000	799937	NA
367	Pulse	55	15880000	809937	NA
367	Pulse	55	15890000	819937	NA
367	Pulse	55	15900000	829937	NA
367	Pulse	55	15910000	839937	NA
367	Pulse	55	15920000	849937	NA
367	Pulse	55	15930000	859937	NA
367	Pulse	55	15940000	869937	NA
367	Pulse	55	15950000	879937	NA
367	Pulse	55	15960000	889937	NA
367	Pulse	55	15970000	899937	NA
367	Pulse	55	15980000	909937	NA
367	Pulse	55	15990000	919937	NA
367	Pulse	55	16000000	929937	NA
367	Pulse	55	16010000	939937	NA
367	Pulse	55	16020000	949937	NA
367	Pulse	55	16030000	959937	NA
367	Pulse	55	16040000	969937	NA
367	Pulse	55	16050000	979937	NA
367	Pulse	55	16060000	989937	NA
367	Pulse	55	16070000	999937	NA
367	Pulse	55	16080000	1009937	NA
367	Pulse	55	16090000	1019937	NA
367	Pulse	55	16100000	1029937	NA
367	Pulse	55	16110000	1039937	NA
367	Pulse	55	16120000	1049937	NA
367	Pulse	55	16130000	1059937	NA
367	Pulse	55	16140000	1069937	NA
367	Pulse	55	16150000	1079937	NA
367	Pulse	55	16160000	1089937	NA
367	Pulse	55	16170000	1099937	NA
367	Pulse	55	16180000	1109937	NA
367	Pulse	55	16190000	1119937	NA
367	Pulse	55	16200000	1129937	NA
367	Pulse	55	16210000	1139937	NA
367	Pulse	55	16220000	1149937	NA
367	Pulse	55	16230000	1159937	NA
367	Pulse	55	16240000	1169937	NA
367	Pulse	55	16250000	1179937	NA
367	Pulse	55	16260000	1189937	NA
367	Pulse	55	16270000	1199937	NA
367	Pulse	55	16280000	1209937	NA
367	Pulse	55	16290000	1219937	NA
367	Pulse	55	16300000	1229937	NA
367	Pulse	55	16310000	1239937	NA
367	Pulse	55	16320000	1249937	NA
367	Pulse	55	16330000	1259937	NA
367	Pulse	55	16340000	1269937	NA
367	Pulse	55	16350000	1279937	NA
367	Pulse	55	16360000	1289937	NA
367	Pulse	55	16370000	1299937	NA
367	Pulse	55	16380000	1309937	NA
367	Pulse	55	16390000	1319937	NA
367	Pulse	55	16400000	1329937	NA
367	Pulse	55	16410000	1339937	NA
367	Pulse	55	16420000	1349937	NA
367	Pulse	55	16430000	1359937	NA
367	Pulse	55	16440000	1369937	NA
367	Pulse	55	16450000	1379937	NA
367	Pulse	55	16460000	1389937	NA
367	Pulse	55	16470000	1399937	NA
367	Pulse	55	16480000	1409937	NA
367	Pulse	55	16490000	1419937	NA
367	Pulse	55	16500000	1429937	NA
367	Pulse	55	16510000	1439937	NA
367	Pulse	55	16520000	1449937	NA
367	Pulse	55	16530000	1459937	NA
367	Pulse	55	16540000	1469937	NA
367	Pulse	55	16550000	1479937	NA
367	Pulse	55	16560000	1489937	NA
367	Pulse	55	16570000	1499937	NA
367	Pulse	55	16580000	1509937	NA
367	Pulse	55	16590000	1519937	NA
367	Pulse	55	16600000	1529937	NA
367	Pulse	55	16610000	1539937	NA
367	Pulse	55	16620000	1549937	NA
367	Pulse	55	16630000	1559937	NA
367	Pulse	55	16640000	1569937	NA
367	Pulse	55	16650000	1579937	NA
367	Pulse	55	16660000	1589937	NA
367	Pulse	55	16670000	1599937	NA
367	Pulse	55	16680000	1609937	NA
367	Pulse	55	16690000	1619937	NA
367	Pulse	55	16700000	1629937	NA
367	Pulse	55	16710000	1639937	NA
367	Pulse	55	16720000	1649937	NA
367	Pulse	55	16730000	1659937	NA
367	Pulse	55	16740000	1669937	NA
367	Pulse	55	16750000	1679937	NA
367	Pulse	55	16760000	1689937	NA
367	Pulse	55	16770000	1699937	NA
367	Pulse	55	16780000	1709937	NA
367	Pulse	55	16790000	1719937	NA
367	Pulse	55	16800000	1729937	NA
367	Pulse	55	16810000	1739937	NA
367	Pulse	55	16820000	1749937	NA
367	Pulse	55	16830000	1759937	NA
367	Pulse	55	16840000	1769937	NA
367	Pulse	55	16850000	1779937	NA
367	Pulse	55	16860000	1789937	NA
367	Pulse	55	16870000	1799937	NA
367	Pulse	55	16880000	1809937	NA
367	Pulse	55	16890000	1819937	NA
367	Pulse	55	16900000	1829937	NA
367	Pulse	55	16910000	1839937	NA
367	Pulse	55	16920000	1849937	NA
367	Pulse	55	16930000	1859937	NA
367	Pulse	55	16940000	1869937	NA
367	Pulse	55	16950000	1879937	NA
367	Pulse	55	16960000	1889937	NA
367	Pulse	55	16970000	1899937	NA
367	Pulse	55	16980000	1909937	NA
367	Pulse	55	16990000	1919937	NA
367	Pulse	55	17000000	1929937	NA
367	Pulse	55	17010000	1939937	NA
367	Pulse	55	17020000	1949937	NA
367	Pulse	55	17030000	1959937	NA
367	Pulse	55	17040000	1969937	NA
367	Pulse	55	17050000	1979937	NA
367	Pulse	55	17060000	1989937	NA
367	Pulse	55	17070000	1999937	NA
367	Pulse	55	17080000	2009937	NA
367	Pulse	55	17090000	2019937	NA
367	Pulse	55	17100000	2029937	NA
367	Pulse	55	17110000	2039937	NA
367	Pulse	55	17120000	2049937	NA
367	Pulse	55	17130000	2059937	NA
367	Pulse	55	17140000	2069937	NA
367	Pulse	55	17150000	2079937	NA
367	Pulse	55	17160000	2089937	NA
367	Pulse	55	17170000	2099937	NA
367	Pulse	55	17180000	2109937	NA
367	Pulse	55	17190000	2119937	NA
367	Pulse	55	17200000	2129937	NA
367	Pulse	55	17210000	2139937	NA
367	Pulse	55	17220000	2149937	NA
367	Pulse	55	17230000	2159937	NA
367	Pulse	55	17240000	2169937	NA
367	Pulse	55	17250000	2179937	NA
367	Pulse	55	17260000	2189937	NA
367	Pulse	55	17270000	2199937	NA
367	Pulse	55	17280000	2209937	NA
367	Pulse	55	17290000	2219937	NA
367	Pulse	55	17300000	2229937	NA
367	Pulse	55	17310000	2239937	NA
367	Pulse	55	17320000	2249937	NA
367	Pulse	55	17330000	2259937	NA
367	Pulse	55	17340000	2269937	NA
367	Pulse	55	17350000	2279937	NA
367	Pulse	55	17360000	2289937	NA
367	Pulse	55	17370000	2299937	NA
367	Pulse	55	17380000	2309937	NA
367	Pulse	55	17390000	2319937	NA
367	Pulse	55	17400000	2329937	NA
367	Pulse	55	17410000	2339937	NA
367	Pulse	55	17420000	2349937	NA
367	Pulse	55	17430000	2359937	NA
367	Pulse	55	17440000	2369937	NA
367	Pulse	55	17450000	2379937	NA
367	Pulse	55	17460000	2389937	NA
367	Pulse	55	17470000	2399937	NA
367	Pulse	55	17480000	2409937	NA
367	Pulse	55	17490000	2419937	NA
367	Pulse	55	17500000	2429937	NA
367	Pulse	55	17510000	2439937	NA
367	Pulse	55	17520000	2449937	NA
367	Pulse	55	17530000	2459937	NA
367	Pulse	55	17540000	2469937	NA
367	Pulse	55	17550000	2479937	NA
367	Pulse	55	17560000	2489937	NA
367	Pulse	55	17570000	2499937	NA
367	Pulse	55	17580000	2509937	NA
367	Pulse	55	17590000	2519937	NA
367	Pulse	55	17600000	2529937	NA
367	Pulse	55	17610000	2539937	NA
367	Pulse	55	17620000	2549937	NA
367	Pulse	55	17630000	2559937	NA
367	Pulse	55	17640000	2569937	NA
367	Pulse	55	17650000	2579937	NA
367	Pulse	55	17660000	2589937	NA
367	Pulse	55	17670000	2599937	NA
367	Pulse	55	17680000	2609937	NA
367	Pulse	55	17690000	2619937	NA
367	Pulse	55	17700000	2629937	NA
367	Pulse	55	17710000	2639937	NA
367	Pulse	55	17720000	2649937	NA
367	Pulse	55	17730000	2659937	NA
367	Pulse	55	17740000	2669937	NA
367	Pulse	55	17750000	2679937	NA
367	Pulse	55	17760000	2689937	NA
367	Pulse	55	17770000	2699937	NA
367	Pulse	55	17780000	2709937	NA
367	Pulse	55	17790000	2719937	NA
367	Pulse	55	17800000	2729937	NA
367	Pulse	55	17810000	2739937	NA
367	Pulse	55	17820000	2749937	NA
367	Pulse	55	17830000	2759937	NA
367	Pulse	55	17840000	2769937	NA
367	Pulse	55	17850000	2779937	NA
367	Pulse	55	17860000	2789937	NA
367	Pulse	55	17870000	2799937	NA
367	Pulse	55	17880000	2809937	NA
367	Pulse	55	17890000	2819937	NA
367	Pulse	55	17900000	2829937	NA
367	Pulse	55	17910000	2839937	NA
367	Pulse	55	17920000	2849937	NA
367	Pulse	55	17930000	2859937	NA
367	Pulse	55	17940000	2869937	NA
367	Pulse	55	17950000	2879937	NA
367	Pulse	55	17960000	2889937	NA
367	Pulse	55	17970000	2899937	NA
367	Pulse	55	17980000	2909937	NA
367	Pulse	55	17990000	2919937	NA
367	Pulse	55	18000000	2929937	NA
367	Pulse	55	18010000	2939937	NA
367	Pulse	55	18020000	2949937	NA
367	Pulse	55	18030000	2959937	NA
367	Pulse	55	18040000	2969937	NA
367	Pulse	55	18050000	2979937	NA
367	Pulse	55	18060000	2989937	NA
367	Pulse	55	18070000	2999937	NA
367	Pulse	55	18080000	3009937	NA
367	Pulse	55	18090000	3019937	NA
367	Pulse	55	18100000	3029937	NA
367	Pulse	55	18110000	3039937	NA
367	Pulse	55	18120000	3049937	NA
367	Pulse	55	18130000	3059937	NA
367	Pulse	55	18140000	3069937	NA
367	Pulse	55	18150000	3079937	NA
367	Pulse	55	18160000	3089937	NA
367	Pulse	55	18170000	3099937	NA
367	Pulse	55	18180000	3109937	NA
367	Pulse	55	18190000	3119937	NA
367	Pulse	55	18200000	3129937	NA
367	Pulse	55	18210000	3139937	NA
367	Pulse	55	18220000	3149937	NA
367	Pulse	55	18230000	3159937	NA
367	Pulse	55	18240000	3169937	NA
367	Pulse	55	18250000	3179937	NA
367	Pulse	55	18260000	3189937	NA
367	Pulse	55	18270000	3199937	NA
367	Pulse	55	18280000	3209937	NA
367	Pulse	55	18290000	3219937	NA
367	Pulse	55	18300000	3229937	NA
367	Pulse	55	18310000	3239937	NA
367	Pulse	55	18320000	3249937	NA
367	Pulse	55	18330000	3259937	NA
367	Pulse	55	18340000	3269937	NA
367	Pulse	55	18350000	3279937	NA
367	Pulse	55	18360000	3289937	NA
367	Pulse	55	18370000	3299937	NA
367	Pulse	55	18380000	3309937	NA
367	Pulse	55	18390000	3319937	NA
367	Pulse	55	18400000	3329937	NA
367	Pulse	55	18410000	3339937	NA
367	Pulse	55	18420000	3349937	NA
367	Pulse	55	18430000	3359937	NA
367	Pulse	55	18440000	3369937	NA
367	Pulse	55	18450000	3379937	NA
367	Pulse	55	18460000	3389937	NA
367	Pulse	55	18470000	3399937	NA
367	Pulse	55	18480000	3409937	NA
367	Pulse	55	18490000	3419937	NA
367	Pulse	55	18500000	3429937	NA
367	Pulse	55	18510000	3439937	NA
367	Pulse	55	18520000	3449937	NA
367	Pulse	55	18530000	3459937	NA
367	Pulse	55	18540000	3469937	NA
367	Pulse	55	18550000	3479937	NA
367	Pulse	55	18560000	3489937	NA
367	Pulse	55	18570000	3499937	NA
367	Pulse	55	18580000	3509937	NA
367	Pulse	55	18590000	3519937	NA
367	Pulse	55	18600000	3529937	NA
367	Pulse	55	18610000	3539937	NA
367	Pulse	55	18620000	3549937	NA
367	Pulse	55	18630000	3559937	NA
367	Pulse	55	18640000	3569937	NA
367	Pulse	55	18650000	3579937	NA
367	Pulse	55	18660000	3589937	NA
367	Pulse	55	18670000	3599937	NA
367	Pulse	55	18680000	3609937	NA
367	Pulse	55	18690000	3619937	NA
367	Pulse	55	18700000	3629937	NA
367	Pulse	55	18710000	3639937	NA
367	Pulse	55	18720000	3649937	NA
367	Pulse	55	18730000	3659937	NA
367	Pulse	55	18740000	3669937	NA
367	Pulse	55	18750000	3679937	NA
367	Pulse	55	18760000	3689937	NA
367	Pulse	55	18770000	3699937	NA
367	Pulse	55	18780000	3709937	NA
367	Pulse	55	18790000	3719937	NA
367	Pulse	55	18800000	3729937	NA
367	Pulse	55	18810000	3739937	NA
367	Pulse	55	18820000	3749937	NA
367	Pulse	55	18830000	3759937	NA
367	Pulse	55	18840000	3769937	NA
367	Pulse	55	18850000	3779937	NA
367	Pulse	55	18860000	3789937	NA
367	Pulse	55	18870000	3799937	NA
367	Pulse	55	18880000	3809937	NA
367	Pulse	55	18890000	3819937	NA
367	Pulse	55	18900000	3829937	NA
367	Pulse	55	18910000	3839937	NA
367	Pulse	55	18920000	3849937	NA
367	Pulse	55	18930000	3859937	NA
367	Pulse	55	18940000	3869937	NA
367	Pulse	55	18950000	3879937	NA
367	Pulse	55	18960000	3889937	NA
367	Pulse	55	18970000	3899937	NA
367	Pulse	55	18980000	3909937	NA
367	Pulse	55	18990000	3919937	NA
367	Pulse	55	19000000	3929937	NA
367	Pulse	55	19010000	3939937	NA
367	Pulse	55	19020000	3949937	NA
367	Pulse	55	19030000	3959937	NA
367	Pulse	55	19040000	3969937	NA
367	Pulse	55	19050000	3979937	NA
367	Pulse	55	19060000	3989937	NA
367	Pulse	55	19070000	3999937	NA
367	Pulse	55	19080000	4009937	NA
367	Pulse	55	19090000	4019937	NA
367	Pulse	55	19100000	4029937	NA
367	Pulse	55	19110000	4039937	NA
367	Pulse	55	19120000	4049937	NA
367	Pulse	55	19130000	4059937	NA
367	Pulse	55	19140000	4069937	NA
367	Pulse	55	19150000	4079937	NA
367	Pulse	55	19160000	4089937	NA
367	Pulse	55	19170000	4099937	NA
367	Pulse	55	19180000	4109937	NA
367	Pulse	55	19190000	4119937	NA
367	Pulse	55	19200000	4129937	NA
367	Pulse	55	19210000	4139937	NA
367	Pulse	55	19220000	4149937	NA
367	Pulse	55	19230000	4159937	NA
367	Pulse	55	19240000	4169937	NA
367	Pulse	55	19250000	4179937	NA
367	Pulse	55	19260000	4189937	NA
367	Pulse	55	19270000	4199937	NA
367	Pulse	55	19280000	4209937	NA
367	Pulse	55	19290000	4219937	NA
367	Pulse	55	19300000	4229937	NA
367	Pulse	55	19310000	4239937	NA
367	Pulse	55	19320000	4249937	NA
367	Pulse	55	19330000	4259937	NA
367	Pulse	55	19340000	4269937	NA
367	Pulse	55	19350000	4279937	NA
367	Pulse	55	19360000	4289937	NA
367	Pulse	55	19370000	4299937	NA
367	Pulse	55	19380000	4309937	NA
367	Pulse	55	19390000	4319937	NA
367	Pulse	55	19400000	4329937	NA
367	Pulse	55	19410000	4339937	NA
367	Pulse	55	19420000	4349937	NA
367	Pulse	55	19430000	4359937	NA
367	Pulse	55	19440000	4369937	NA
367	Pulse	55	19450000	4379937	NA
367	Pulse	55	19460000	4389937	NA
367	Pulse	55	19470000	4399937	NA
367	Pulse	55	19480000	4409937	NA
367	Pulse	55	19490000	4419937	NA
367	Pulse	55	19500000	4429937	NA
367	Pulse	55	19510000	4439937	NA
367	Pulse	55	19520000	4449937	NA
367	Pulse	55	19530000	4459937	NA
367	Pulse	55	19540000	4469937	NA
367	Pulse	55	19550000	4479937	NA
367	Pulse	55	19560000	4489937	NA
367	Pulse	55	19570000	4499937	NA
367	Pulse	55	19580000	4509937	NA
367	Pulse	55	19590000	4519937	NA
367	Pulse	55	19600000	4529937	NA
367	Pulse	55	19610000	4539937	NA
367	Pulse	55	19620000	4549937	NA
367	Pulse	55	19630000	4559937	NA
367	Pulse	55	19640000	4569937	NA
367	Pulse	55	19650000	4579937	NA
367	Pulse	55	19660000	4589937	NA
367	Pulse	55	19670000	4599937	NA
367	Pulse	55	19680000	4609937	NA
367	Pulse	55	19690000	4619937	NA
367	Pulse	55	19700000	4629937	NA
367	Pulse	55	19710000	4639937	NA
367	Pulse	55	19720000	4649937	NA
367	Pulse	55	19730000	4659937	NA
367	Pulse	55	19740000	4669937	NA
367	Pulse	55	19750000	4679937	NA
367	Pulse	55	19760000	4689937	NA
367	Pulse	55	19770000	4699937	NA
367	Pulse	55	19780000	4709937	NA
367	Pulse	55	19790000	4719937	NA
367	Pulse	55	19800000	4729937	NA
367	Pulse	55	19810000	4739937	NA
367	Pulse	55	19820000	4749937	NA
367	Pulse	55	19830000	4759937	NA
367	Pulse	55	19840000	4769937	NA
367	Pulse	55	19850000	4779937	NA
367	Pulse	55	19860000	4789937	NA
367	Pulse	55	19870000	4799937	NA
367	Pulse	55	19880000	4809937	NA
367	Pulse	55	19890000	4819937	NA
367	Pulse	55	19900000	4829937	NA
367	Pulse	55	19910000	4839937	NA
367	Pulse	55	19920000	4849937	NA
367	Pulse	55	19930000	4859937	NA
367	Pulse	55	19940000	4869937	NA
367	Pulse	55	19950000	4879937	NA
367	Pulse	55	19960000	4889937	NA
367	Pulse	55	19970000	4899937	NA
367	Pulse	55	19980000	4909937	NA
367	Pulse	55	19990000	4919937	NA
367	Response	1	19998994	4928931	1
368	Pulse	55	20000000	892	NA
368	Pulse	55	20010000	10892	NA
368	Pulse	55	20020000	20892	NA
368	Pulse	55	20030000	30892	NA
368	Pulse	55	20040000	40892	NA
368	Pulse	55	20050000	50892	NA
368	Pulse	55	20060000	60892	NA
368	Pulse	55	20070000	70892	NA
368	Pulse	55	20080000	80892	NA
368	Pulse	55	20090000	90892	NA
368	Pulse	55	20100000	100892	NA
368	Pulse	55	20110000	110892	NA
368	Pulse	55	20120000	120892	NA
368	Pulse	55	20130000	130892	NA
368	Pulse	55	20140000	140892	NA
368	Pulse	55	20150000	150892	NA
368	Pulse	55	20160000	160892	NA
368	Pulse	55	20170000	170892	NA
368	Pulse	55	20180000	180892	NA
368	Pulse	55	20190000	190892	NA
368	Pulse	55	20200000	200892	NA
368	Pulse	55	20210000	210892	NA
368	Pulse	55	20220000	220892	NA
368	Pulse	55	20230000	230892	NA
368	Pulse	55	20240000	240892	NA
368	Pulse	55	20250000	250892	NA
368	Pulse	55	20260000	260892	NA
368	Pulse	55	20270000	270892	NA
368	Pulse	55	20280000	280892	NA
368	Pulse	55	20290000	290892	NA
368	Pulse	55	20300000	300892	NA
368	Pulse	55	20310000	310892	NA
368	Pulse	55	20320000	320892	NA
368	Pulse	55	20330000	330892	NA
368	Pulse	55	20340000	340892	NA
368	Pulse	55	20350000	350892	NA
368	Pulse	55	20360000	360892	NA
368	Pulse	55	20370000	370892	NA
368	Pulse	55	20380000	380892	NA
368	Pulse	55	20390000	390892	NA
368	Pulse	55	20400000	400892	NA
368	Pulse	55	20410000	410892	NA
368	Pulse	55	20420000	420892	NA
368	Pulse	55	20430000	430892	NA
368	Pulse	55	20440000	440892	NA
368	Pulse	55	20450000	450892	NA
368	Pulse	55	20460000	460892	NA
368	Pulse	55	20470000	470892	NA
368	Pulse	55	20480000	480892	NA
368	Pulse	55	20490000	490892	NA
368	Pulse	55	20500000	500892	NA
368	Pulse	55	20510000	510892	NA
368	Pulse	55	20520000	520892	NA
368	Pulse	55	20530000	530892	NA
368	Pulse	55	20540000	540892	NA
368	Pulse	55	20550000	550892	NA
368	Pulse	55	20560000	560892	NA
368	Pulse	55	20570000	570892	NA
368	Pulse	55	20580000	580892	NA
368	Pulse	55	20590000	590892	NA
368	Pulse	55	20600000	600892	NA
368	Pulse	55	20610000	610892	NA
368	Pulse	55	20620000	620892	NA
368	Pulse	55	20630000	630892	NA
368	Pulse	55	20640000	640892	NA
368	Pulse	55	20650000	650892	NA
368	Pulse	55	20660000	660892	NA
368	Pulse	55	20670000	670892	NA
368	Pulse	55	20680000	680892	NA
368	Pulse	55	20690000	690892	NA
368	Pulse	55	20700000	700892	NA
368	Pulse	55	20710000	710892	NA
368	Pulse	55	20720000	720892	NA
368	Pulse	55	20730000	730892	NA
368	Pulse	55	20740000	740892	NA
368	Pulse	55	20750000	750892	NA
368	Pulse	55	20760000	760892	NA
368	Response	1	20767633	768525	1
