Scenario - Slideshow_D2.sce
Logfile written - 11/03/2021 19:20:35

Trial	Event Type	Code	Time	TTime	Uncertainty	Duration	Uncertainty	ReqTime	ReqDur	Stim Type	Pair Index

0	Pulse	55	0	0	NA
1	Pulse	55	10000	9417	NA
1	Pulse	55	20000	19417	NA
1	Pulse	55	30000	29417	NA
1	Pulse	55	40000	39417	NA
2	Pulse	55	50000	8820	NA
2	Pulse	55	60000	18820	NA
2	Pulse	55	70000	28820	NA
2	Pulse	55	80000	38820	NA
3	Pulse	55	90000	8223	NA
3	Pulse	55	100000	18223	NA
3	Pulse	55	110000	28223	NA
3	Pulse	55	120000	38223	NA
4	Pulse	55	130000	7627	NA
4	Pulse	55	140000	17627	NA
4	Pulse	55	150000	27627	NA
4	Pulse	55	160000	37627	NA
5	Pulse	55	170000	7030	NA
5	Pulse	55	180000	17030	NA
5	Pulse	55	190000	27030	NA
5	Pulse	55	200000	37030	NA
6	Pulse	55	210000	6433	NA
6	Pulse	55	220000	16433	NA
6	Pulse	55	230000	26433	NA
6	Pulse	55	240000	36433	NA
7	Pulse	55	250000	5837	NA
7	Pulse	55	260000	15837	NA
7	Pulse	55	270000	25837	NA
7	Pulse	55	280000	35837	NA
8	Pulse	55	290000	5240	NA
8	Pulse	55	300000	15240	NA
8	Pulse	55	310000	25240	NA
8	Pulse	55	320000	35240	NA
9	Pulse	55	330000	4643	NA
9	Pulse	55	340000	14643	NA
9	Pulse	55	350000	24643	NA
9	Pulse	55	360000	34643	NA
10	Pulse	55	370000	4213	NA
10	Pulse	55	380000	14213	NA
10	Pulse	55	390000	24213	NA
10	Pulse	55	400000	34213	NA
11	Pulse	55	410000	3700	NA
11	Pulse	55	420000	13700	NA
11	Pulse	55	430000	23700	NA
11	Pulse	55	440000	33700	NA
12	Pulse	55	450000	3187	NA
12	Pulse	55	460000	13187	NA
12	Pulse	55	470000	23187	NA
12	Pulse	55	480000	33187	NA
13	Pulse	55	490000	2590	NA
13	Pulse	55	500000	12590	NA
13	Pulse	55	510000	22590	NA
13	Pulse	55	520000	32590	NA
14	Pulse	55	530000	1993	NA
14	Pulse	55	540000	11993	NA
14	Pulse	55	550000	21993	NA
14	Pulse	55	560000	31993	NA
15	Pulse	55	570000	1397	NA
15	Pulse	55	580000	11397	NA
15	Pulse	55	590000	21397	NA
15	Pulse	55	600000	31397	NA
16	Pulse	55	610000	800	NA
16	Pulse	55	620000	10800	NA
16	Pulse	55	630000	20800	NA
16	Pulse	55	640000	30800	NA
17	Pulse	55	650000	203	NA
17	Pulse	55	660000	10203	NA
17	Pulse	55	670000	20203	NA
17	Pulse	55	680000	30203	NA
17	Pulse	55	690000	40203	NA
18	Pulse	55	700000	9606	NA
18	Pulse	55	710000	19606	NA
18	Pulse	55	720000	29606	NA
18	Pulse	55	730000	39606	NA
19	Pulse	55	740000	9010	NA
19	Pulse	55	750000	19010	NA
19	Pulse	55	760000	29010	NA
19	Pulse	55	770000	39010	NA
20	Pulse	55	780000	8413	NA
20	Pulse	55	790000	18413	NA
20	Pulse	55	800000	28413	NA
20	Pulse	55	810000	38413	NA
21	Pulse	55	820000	7816	NA
21	Pulse	55	830000	17816	NA
21	Pulse	55	840000	27816	NA
21	Pulse	55	850000	37816	NA
22	Pulse	55	860000	7220	NA
22	Pulse	55	870000	17220	NA
22	Pulse	55	880000	27220	NA
22	Pulse	55	890000	37220	NA
23	Pulse	55	900000	6623	NA
23	Pulse	55	910000	16623	NA
23	Pulse	55	920000	26623	NA
23	Pulse	55	930000	36623	NA
24	Pulse	55	940000	6026	NA
24	Pulse	55	950000	16026	NA
24	Pulse	55	960000	26026	NA
24	Pulse	55	970000	36026	NA
25	Pulse	55	980000	5430	NA
25	Pulse	55	990000	15430	NA
25	Pulse	55	1000000	25430	NA
25	Pulse	55	1010000	35430	NA
26	Pulse	55	1020000	4833	NA
26	Pulse	55	1030000	14833	NA
26	Pulse	55	1040000	24833	NA
26	Pulse	55	1050000	34833	NA
27	Pulse	55	1060000	4320	NA
27	Pulse	55	1070000	14320	NA
27	Pulse	55	1080000	24320	NA
27	Pulse	55	1090000	34320	NA
28	Pulse	55	1100000	3723	NA
28	Pulse	55	1110000	13723	NA
28	Pulse	55	1120000	23723	NA
28	Pulse	55	1130000	33723	NA
29	Pulse	55	1140000	3126	NA
29	Pulse	55	1150000	13126	NA
29	Pulse	55	1160000	23126	NA
29	Pulse	55	1170000	33126	NA
30	Pulse	55	1180000	2530	NA
30	Pulse	55	1190000	12530	NA
30	Pulse	55	1200000	22530	NA
30	Pulse	55	1210000	32530	NA
31	Pulse	55	1220000	1933	NA
31	Pulse	55	1230000	11933	NA
31	Pulse	55	1240000	21933	NA
31	Pulse	55	1250000	31933	NA
32	Pulse	55	1260000	1336	NA
32	Pulse	55	1270000	11336	NA
32	Pulse	55	1280000	21336	NA
32	Pulse	55	1290000	31336	NA
33	Pulse	55	1300000	740	NA
33	Pulse	55	1310000	10740	NA
33	Pulse	55	1320000	20740	NA
33	Pulse	55	1330000	30740	NA
34	Pulse	55	1340000	143	NA
34	Pulse	55	1350000	10143	NA
34	Pulse	55	1360000	20143	NA
34	Pulse	55	1370000	30143	NA
34	Pulse	55	1380000	40143	NA
35	Pulse	55	1390000	9546	NA
35	Pulse	55	1400000	19546	NA
35	Pulse	55	1410000	29546	NA
35	Pulse	55	1420000	39546	NA
36	Pulse	55	1430000	8950	NA
36	Pulse	55	1440000	18950	NA
36	Pulse	55	1450000	28950	NA
36	Pulse	55	1460000	38950	NA
37	Pulse	55	1470000	8353	NA
37	Pulse	55	1480000	18353	NA
37	Pulse	55	1490000	28353	NA
37	Pulse	55	1500000	38353	NA
38	Pulse	55	1510000	7590	NA
38	Pulse	55	1520000	17590	NA
38	Pulse	55	1530000	27590	NA
38	Pulse	55	1540000	37590	NA
39	Pulse	55	1550000	6993	NA
39	Pulse	55	1560000	16993	NA
39	Pulse	55	1570000	26993	NA
39	Pulse	55	1580000	36993	NA
40	Pulse	55	1590000	6396	NA
40	Pulse	55	1600000	16396	NA
40	Pulse	55	1610000	26396	NA
40	Pulse	55	1620000	36396	NA
41	Pulse	55	1630000	5800	NA
41	Pulse	55	1640000	15800	NA
41	Pulse	55	1650000	25800	NA
41	Pulse	55	1660000	35800	NA
42	Pulse	55	1670000	5120	NA
42	Pulse	55	1680000	15120	NA
42	Pulse	55	1690000	25120	NA
42	Pulse	55	1700000	35120	NA
43	Pulse	55	1710000	4523	NA
43	Pulse	55	1720000	14523	NA
43	Pulse	55	1730000	24523	NA
43	Pulse	55	1740000	34523	NA
44	Pulse	55	1750000	3926	NA
44	Pulse	55	1760000	13926	NA
44	Pulse	55	1770000	23926	NA
44	Pulse	55	1780000	33926	NA
45	Pulse	55	1790000	3330	NA
45	Pulse	55	1800000	13330	NA
45	Pulse	55	1810000	23330	NA
45	Pulse	55	1820000	33330	NA
46	Pulse	55	1830000	2649	NA
46	Pulse	55	1840000	12649	NA
46	Pulse	55	1850000	22649	NA
46	Pulse	55	1860000	32649	NA
47	Pulse	55	1870000	2053	NA
47	Pulse	55	1880000	12053	NA
47	Pulse	55	1890000	22053	NA
47	Pulse	55	1900000	32053	NA
48	Pulse	55	1910000	1456	NA
48	Pulse	55	1920000	11456	NA
48	Pulse	55	1930000	21456	NA
48	Pulse	55	1940000	31456	NA
49	Pulse	55	1950000	776	NA
49	Pulse	55	1960000	10776	NA
49	Pulse	55	1970000	20776	NA
49	Pulse	55	1980000	30776	NA
50	Pulse	55	1990000	179	NA
50	Pulse	55	2000000	10179	NA
50	Pulse	55	2010000	20179	NA
50	Pulse	55	2020000	30179	NA
50	Pulse	55	2030000	40179	NA
51	Pulse	55	2040000	9583	NA
51	Pulse	55	2050000	19583	NA
51	Pulse	55	2060000	29583	NA
51	Pulse	55	2070000	39583	NA
52	Pulse	55	2080000	8986	NA
52	Pulse	55	2090000	18986	NA
52	Pulse	55	2100000	28986	NA
52	Pulse	55	2110000	38986	NA
53	Pulse	55	2120000	8306	NA
53	Pulse	55	2130000	18306	NA
53	Pulse	55	2140000	28306	NA
53	Pulse	55	2150000	38306	NA
54	Pulse	55	2160000	7709	NA
54	Pulse	55	2170000	17709	NA
54	Pulse	55	2180000	27709	NA
54	Pulse	55	2190000	37709	NA
55	Pulse	55	2200000	7113	NA
55	Pulse	55	2210000	17113	NA
55	Pulse	55	2220000	27113	NA
55	Pulse	55	2230000	37113	NA
56	Pulse	55	2240000	6349	NA
56	Pulse	55	2250000	16349	NA
56	Pulse	55	2260000	26349	NA
56	Pulse	55	2270000	36349	NA
57	Pulse	55	2280000	5753	NA
57	Pulse	55	2290000	15753	NA
57	Pulse	55	2300000	25753	NA
57	Pulse	55	2310000	35753	NA
58	Pulse	55	2320000	5156	NA
58	Pulse	55	2330000	15156	NA
58	Pulse	55	2340000	25156	NA
58	Pulse	55	2350000	35156	NA
59	Pulse	55	2360000	4559	NA
59	Pulse	55	2370000	14559	NA
59	Pulse	55	2380000	24559	NA
59	Pulse	55	2390000	34559	NA
60	Pulse	55	2400000	3963	NA
60	Pulse	55	2410000	13963	NA
60	Pulse	55	2420000	23963	NA
60	Pulse	55	2430000	33963	NA
61	Pulse	55	2440000	3366	NA
61	Pulse	55	2450000	13366	NA
61	Pulse	55	2460000	23366	NA
61	Pulse	55	2470000	33366	NA
62	Pulse	55	2480000	2769	NA
62	Pulse	55	2490000	12769	NA
62	Pulse	55	2500000	22769	NA
62	Pulse	55	2510000	32769	NA
63	Pulse	55	2520000	2089	NA
63	Pulse	55	2530000	12089	NA
63	Pulse	55	2540000	22089	NA
63	Pulse	55	2550000	32089	NA
64	Pulse	55	2560000	1493	NA
64	Pulse	55	2570000	11493	NA
64	Pulse	55	2580000	21493	NA
64	Pulse	55	2590000	31493	NA
65	Pulse	55	2600000	813	NA
65	Pulse	55	2610000	10813	NA
65	Pulse	55	2620000	20813	NA
65	Pulse	55	2630000	30813	NA
66	Pulse	55	2640000	216	NA
66	Pulse	55	2650000	10216	NA
66	Pulse	55	2660000	20216	NA
66	Pulse	55	2670000	30216	NA
66	Pulse	55	2680000	40216	NA
67	Pulse	55	2690000	9536	NA
67	Pulse	55	2700000	19536	NA
67	Pulse	55	2710000	29536	NA
67	Pulse	55	2720000	39536	NA
68	Pulse	55	2730000	8939	NA
68	Pulse	55	2740000	18939	NA
68	Pulse	55	2750000	28939	NA
68	Pulse	55	2760000	38939	NA
69	Pulse	55	2770000	8342	NA
69	Pulse	55	2780000	18342	NA
69	Pulse	55	2790000	28342	NA
69	Pulse	55	2800000	38342	NA
70	Pulse	55	2810000	7746	NA
70	Pulse	55	2820000	17746	NA
70	Pulse	55	2830000	27746	NA
70	Pulse	55	2840000	37746	NA
71	Pulse	55	2850000	7149	NA
71	Pulse	55	2860000	17149	NA
71	Pulse	55	2870000	27149	NA
71	Pulse	55	2880000	37149	NA
72	Pulse	55	2890000	6552	NA
72	Pulse	55	2900000	16552	NA
72	Pulse	55	2910000	26552	NA
72	Pulse	55	2920000	36552	NA
73	Pulse	55	2930000	5872	NA
73	Pulse	55	2940000	15872	NA
73	Pulse	55	2950000	25872	NA
73	Pulse	55	2960000	35872	NA
74	Pulse	55	2970000	5276	NA
74	Pulse	55	2980000	15276	NA
74	Pulse	55	2990000	25276	NA
74	Pulse	55	3000000	35276	NA
75	Pulse	55	3010000	4679	NA
75	Pulse	55	3020000	14679	NA
75	Pulse	55	3030000	24679	NA
75	Pulse	55	3040000	34679	NA
76	Pulse	55	3050000	4082	NA
76	Pulse	55	3060000	14082	NA
76	Pulse	55	3070000	24082	NA
76	Pulse	55	3080000	34082	NA
77	Pulse	55	3090000	3486	NA
77	Pulse	55	3100000	13486	NA
77	Pulse	55	3110000	23486	NA
77	Pulse	55	3120000	33486	NA
78	Pulse	55	3130000	2889	NA
78	Pulse	55	3140000	12889	NA
78	Pulse	55	3150000	22889	NA
78	Pulse	55	3160000	32889	NA
79	Pulse	55	3170000	2292	NA
79	Pulse	55	3180000	12292	NA
79	Pulse	55	3190000	22292	NA
79	Pulse	55	3200000	32292	NA
80	Pulse	55	3210000	1696	NA
80	Pulse	55	3220000	11696	NA
80	Pulse	55	3230000	21696	NA
80	Pulse	55	3240000	31696	NA
81	Pulse	55	3250000	1099	NA
81	Pulse	55	3260000	11099	NA
81	Pulse	55	3270000	21099	NA
81	Pulse	55	3280000	31099	NA
82	Pulse	55	3290000	419	NA
82	Pulse	55	3300000	10419	NA
82	Pulse	55	3310000	20419	NA
82	Pulse	55	3320000	30419	NA
82	Pulse	55	3330000	40419	NA
83	Pulse	55	3340000	9822	NA
83	Pulse	55	3350000	19822	NA
83	Pulse	55	3360000	29822	NA
83	Pulse	55	3370000	39822	NA
84	Pulse	55	3380000	9226	NA
84	Pulse	55	3390000	19226	NA
84	Pulse	55	3400000	29226	NA
84	Pulse	55	3410000	39226	NA
85	Pulse	55	3420000	8629	NA
85	Pulse	55	3430000	18629	NA
85	Pulse	55	3440000	28629	NA
85	Pulse	55	3450000	38629	NA
86	Pulse	55	3460000	8032	NA
86	Pulse	55	3470000	18032	NA
86	Pulse	55	3480000	28032	NA
86	Pulse	55	3490000	38032	NA
87	Pulse	55	3500000	7436	NA
87	Pulse	55	3510000	17436	NA
87	Pulse	55	3520000	27436	NA
87	Pulse	55	3530000	37436	NA
88	Pulse	55	3540000	6839	NA
88	Pulse	55	3550000	16839	NA
88	Pulse	55	3560000	26839	NA
88	Pulse	55	3570000	36839	NA
89	Pulse	55	3580000	6242	NA
89	Pulse	55	3590000	16242	NA
89	Pulse	55	3600000	26242	NA
89	Pulse	55	3610000	36242	NA
90	Pulse	55	3620000	5646	NA
90	Pulse	55	3630000	15646	NA
90	Pulse	55	3640000	25646	NA
90	Pulse	55	3650000	35646	NA
91	Pulse	55	3660000	5049	NA
91	Pulse	55	3670000	15049	NA
91	Pulse	55	3680000	25049	NA
91	Pulse	55	3690000	35049	NA
92	Pulse	55	3700000	4452	NA
92	Pulse	55	3710000	14452	NA
92	Pulse	55	3720000	24452	NA
92	Pulse	55	3730000	34452	NA
93	Pulse	55	3740000	3855	NA
93	Pulse	55	3750000	13855	NA
93	Pulse	55	3760000	23855	NA
93	Pulse	55	3770000	33855	NA
94	Pulse	55	3780000	3259	NA
94	Pulse	55	3790000	13259	NA
94	Pulse	55	3800000	23259	NA
94	Pulse	55	3810000	33259	NA
95	Pulse	55	3820000	2662	NA
95	Pulse	55	3830000	12662	NA
95	Pulse	55	3840000	22662	NA
95	Pulse	55	3850000	32662	NA
96	Pulse	55	3860000	2066	NA
96	Pulse	55	3870000	12066	NA
96	Pulse	55	3880000	22066	NA
96	Pulse	55	3890000	32066	NA
97	Pulse	55	3900000	1469	NA
97	Pulse	55	3910000	11469	NA
97	Pulse	55	3920000	21469	NA
97	Pulse	55	3930000	31469	NA
98	Pulse	55	3940000	872	NA
98	Pulse	55	3950000	10872	NA
98	Pulse	55	3960000	20872	NA
98	Pulse	55	3970000	30872	NA
99	Pulse	55	3980000	275	NA
99	Pulse	55	3990000	10275	NA
99	Pulse	55	4000000	20275	NA
99	Pulse	55	4010000	30275	NA
99	Pulse	55	4020000	40275	NA
100	Pulse	55	4030000	9679	NA
100	Pulse	55	4040000	19679	NA
100	Pulse	55	4050000	29679	NA
100	Pulse	55	4060000	39679	NA
101	Pulse	55	4070000	9082	NA
101	Pulse	55	4080000	19082	NA
101	Pulse	55	4090000	29082	NA
101	Pulse	55	4100000	39082	NA
102	Pulse	55	4110000	8485	NA
102	Pulse	55	4120000	18485	NA
102	Pulse	55	4130000	28485	NA
102	Pulse	55	4140000	38485	NA
103	Pulse	55	4150000	7889	NA
103	Pulse	55	4160000	17889	NA
103	Pulse	55	4170000	27889	NA
103	Pulse	55	4180000	37889	NA
104	Pulse	55	4190000	7292	NA
104	Pulse	55	4200000	17292	NA
104	Pulse	55	4210000	27292	NA
104	Pulse	55	4220000	37292	NA
105	Pulse	55	4230000	6779	NA
105	Pulse	55	4240000	16779	NA
105	Pulse	55	4250000	26779	NA
105	Pulse	55	4260000	36779	NA
106	Pulse	55	4270000	6182	NA
106	Pulse	55	4280000	16182	NA
106	Pulse	55	4290000	26182	NA
106	Pulse	55	4300000	36182	NA
107	Pulse	55	4310000	5669	NA
107	Pulse	55	4320000	15669	NA
107	Pulse	55	4330000	25669	NA
107	Pulse	55	4340000	35669	NA
108	Pulse	55	4350000	5155	NA
108	Pulse	55	4360000	15155	NA
108	Pulse	55	4370000	25155	NA
108	Pulse	55	4380000	35155	NA
109	Pulse	55	4390000	4559	NA
109	Pulse	55	4400000	14559	NA
109	Pulse	55	4410000	24559	NA
109	Pulse	55	4420000	34559	NA
110	Pulse	55	4430000	3962	NA
110	Pulse	55	4440000	13962	NA
110	Pulse	55	4450000	23962	NA
110	Pulse	55	4460000	33962	NA
111	Pulse	55	4470000	3365	NA
111	Pulse	55	4480000	13365	NA
111	Pulse	55	4490000	23365	NA
111	Pulse	55	4500000	33365	NA
112	Pulse	55	4510000	2769	NA
112	Pulse	55	4520000	12769	NA
112	Pulse	55	4530000	22769	NA
112	Pulse	55	4540000	32769	NA
113	Pulse	55	4550000	2172	NA
113	Pulse	55	4560000	12172	NA
113	Pulse	55	4570000	22172	NA
113	Pulse	55	4580000	32172	NA
114	Pulse	55	4590000	1575	NA
114	Pulse	55	4600000	11575	NA
114	Pulse	55	4610000	21575	NA
114	Pulse	55	4620000	31575	NA
115	Pulse	55	4630000	1062	NA
115	Pulse	55	4640000	11062	NA
115	Pulse	55	4650000	21062	NA
115	Pulse	55	4660000	31062	NA
116	Pulse	55	4670000	465	NA
116	Pulse	55	4680000	10465	NA
116	Pulse	55	4690000	20465	NA
116	Pulse	55	4700000	30465	NA
116	Pulse	55	4710000	40465	NA
117	Pulse	55	4720000	9869	NA
117	Pulse	55	4730000	19869	NA
117	Pulse	55	4740000	29869	NA
117	Pulse	55	4750000	39869	NA
118	Pulse	55	4760000	9355	NA
118	Pulse	55	4770000	19355	NA
118	Pulse	55	4780000	29355	NA
118	Pulse	55	4790000	39355	NA
119	Pulse	55	4800000	8842	NA
119	Pulse	55	4810000	18842	NA
119	Pulse	55	4820000	28842	NA
119	Pulse	55	4830000	38842	NA
120	Pulse	55	4840000	8245	NA
120	Pulse	55	4850000	18245	NA
120	Pulse	55	4860000	28245	NA
120	Pulse	55	4870000	38245	NA
121	Pulse	55	4880000	7732	NA
121	Pulse	55	4890000	17732	NA
121	Pulse	55	4900000	27732	NA
121	Pulse	55	4910000	37732	NA
122	Pulse	55	4920000	7135	NA
122	Pulse	55	4930000	17135	NA
122	Pulse	55	4940000	27135	NA
122	Pulse	55	4950000	37135	NA
123	Pulse	55	4960000	6622	NA
123	Pulse	55	4970000	16622	NA
123	Pulse	55	4980000	26622	NA
123	Pulse	55	4990000	36622	NA
124	Pulse	55	5000000	6109	NA
124	Pulse	55	5010000	16109	NA
124	Pulse	55	5020000	26109	NA
124	Pulse	55	5030000	36109	NA
125	Pulse	55	5040000	5596	NA
125	Pulse	55	5050000	15596	NA
125	Pulse	55	5060000	25596	NA
125	Pulse	55	5070000	35596	NA
126	Pulse	55	5080000	4999	NA
126	Pulse	55	5090000	14999	NA
126	Pulse	55	5100000	24999	NA
126	Pulse	55	5110000	34999	NA
127	Pulse	55	5120000	4402	NA
127	Pulse	55	5130000	14402	NA
127	Pulse	55	5140000	24402	NA
127	Pulse	55	5150000	34402	NA
128	Pulse	55	5160000	3805	NA
128	Pulse	55	5170000	13805	NA
128	Pulse	55	5180000	23805	NA
128	Pulse	55	5190000	33805	NA
129	Pulse	55	5200000	3209	NA
129	Pulse	55	5210000	13209	NA
129	Pulse	55	5220000	23209	NA
129	Pulse	55	5230000	33209	NA
130	Pulse	55	5240000	2612	NA
130	Pulse	55	5250000	12612	NA
130	Pulse	55	5260000	22612	NA
130	Pulse	55	5270000	32612	NA
131	Pulse	55	5280000	2015	NA
131	Pulse	55	5290000	12015	NA
131	Pulse	55	5300000	22015	NA
131	Pulse	55	5310000	32015	NA
132	Pulse	55	5320000	1502	NA
132	Pulse	55	5330000	11502	NA
132	Pulse	55	5340000	21502	NA
132	Pulse	55	5350000	31502	NA
133	Pulse	55	5360000	905	NA
133	Pulse	55	5370000	10905	NA
133	Pulse	55	5380000	20905	NA
133	Pulse	55	5390000	30905	NA
134	Pulse	55	5400000	309	NA
134	Pulse	55	5410000	10309	NA
134	Pulse	55	5420000	20309	NA
134	Pulse	55	5430000	30309	NA
134	Pulse	55	5440000	40309	NA
135	Pulse	55	5450000	9795	NA
135	Pulse	55	5460000	19795	NA
135	Pulse	55	5470000	29795	NA
135	Pulse	55	5480000	39795	NA
136	Pulse	55	5490000	9199	NA
136	Pulse	55	5500000	19199	NA
136	Pulse	55	5510000	29199	NA
136	Pulse	55	5520000	39199	NA
137	Pulse	55	5530000	8602	NA
137	Pulse	55	5540000	18602	NA
137	Pulse	55	5550000	28602	NA
137	Pulse	55	5560000	38602	NA
138	Pulse	55	5570000	8089	NA
138	Pulse	55	5580000	18089	NA
138	Pulse	55	5590000	28089	NA
138	Pulse	55	5600000	38089	NA
139	Pulse	55	5610000	7492	NA
139	Pulse	55	5620000	17492	NA
139	Pulse	55	5630000	27492	NA
139	Pulse	55	5640000	37492	NA
140	Pulse	55	5650000	6895	NA
140	Pulse	55	5660000	16895	NA
140	Pulse	55	5670000	26895	NA
140	Pulse	55	5680000	36895	NA
141	Pulse	55	5690000	6382	NA
141	Pulse	55	5700000	16382	NA
141	Pulse	55	5710000	26382	NA
141	Pulse	55	5720000	36382	NA
142	Pulse	55	5730000	5785	NA
142	Pulse	55	5740000	15785	NA
142	Pulse	55	5750000	25785	NA
142	Pulse	55	5760000	35785	NA
143	Pulse	55	5770000	5189	NA
143	Pulse	55	5780000	15189	NA
143	Pulse	55	5790000	25189	NA
143	Pulse	55	5800000	35189	NA
144	Pulse	55	5810000	4675	NA
144	Pulse	55	5820000	14675	NA
144	Pulse	55	5830000	24675	NA
144	Pulse	55	5840000	34675	NA
145	Pulse	55	5850000	4162	NA
145	Pulse	55	5860000	14162	NA
145	Pulse	55	5870000	24162	NA
145	Pulse	55	5880000	34162	NA
146	Pulse	55	5890000	3566	NA
146	Pulse	55	5900000	13566	NA
146	Pulse	55	5910000	23566	NA
146	Pulse	55	5920000	33566	NA
147	Pulse	55	5930000	2969	NA
147	Pulse	55	5940000	12969	NA
147	Pulse	55	5950000	22969	NA
147	Pulse	55	5960000	32969	NA
148	Pulse	55	5970000	2372	NA
148	Pulse	55	5980000	12372	NA
148	Pulse	55	5990000	22372	NA
148	Pulse	55	6000000	32372	NA
149	Pulse	55	6010000	1775	NA
149	Pulse	55	6020000	11775	NA
149	Pulse	55	6030000	21775	NA
149	Pulse	55	6040000	31775	NA
150	Pulse	55	6050000	1179	NA
150	Pulse	55	6060000	11179	NA
150	Pulse	55	6070000	21179	NA
150	Pulse	55	6080000	31179	NA
151	Pulse	55	6090000	582	NA
151	Pulse	55	6100000	10582	NA
151	Pulse	55	6110000	20582	NA
151	Pulse	55	6120000	30582	NA
151	Pulse	55	6130000	40582	NA
152	Pulse	55	6140000	9985	NA
152	Pulse	55	6150000	19985	NA
152	Pulse	55	6160000	29985	NA
152	Pulse	55	6170000	39985	NA
153	Pulse	55	6180000	9472	NA
153	Pulse	55	6190000	19472	NA
153	Pulse	55	6200000	29472	NA
153	Pulse	55	6210000	39472	NA
154	Pulse	55	6220000	8959	NA
154	Pulse	55	6230000	18959	NA
154	Pulse	55	6240000	28959	NA
154	Pulse	55	6250000	38959	NA
155	Pulse	55	6260000	8529	NA
155	Pulse	55	6270000	18529	NA
155	Pulse	55	6280000	28529	NA
155	Pulse	55	6290000	38529	NA
156	Pulse	55	6300000	8016	NA
156	Pulse	55	6310000	18016	NA
156	Pulse	55	6320000	28016	NA
156	Pulse	55	6330000	38016	NA
157	Pulse	55	6340000	7502	NA
157	Pulse	55	6350000	17502	NA
157	Pulse	55	6360000	27502	NA
157	Pulse	55	6370000	37502	NA
158	Pulse	55	6380000	6989	NA
158	Pulse	55	6390000	16989	NA
158	Pulse	55	6400000	26989	NA
158	Pulse	55	6410000	36989	NA
159	Pulse	55	6420000	6392	NA
159	Pulse	55	6430000	16392	NA
159	Pulse	55	6440000	26392	NA
159	Pulse	55	6450000	36392	NA
160	Pulse	55	6460000	5796	NA
160	Pulse	55	6470000	15796	NA
160	Pulse	55	6480000	25796	NA
160	Pulse	55	6490000	35796	NA
161	Pulse	55	6500000	5199	NA
161	Pulse	55	6510000	15199	NA
161	Pulse	55	6520000	25199	NA
161	Pulse	55	6530000	35199	NA
162	Pulse	55	6540000	4686	NA
162	Pulse	55	6550000	14686	NA
162	Pulse	55	6560000	24686	NA
162	Pulse	55	6570000	34686	NA
163	Pulse	55	6580000	4089	NA
163	Pulse	55	6590000	14089	NA
163	Pulse	55	6600000	24089	NA
163	Pulse	55	6610000	34089	NA
164	Pulse	55	6620000	3492	NA
164	Pulse	55	6630000	13492	NA
164	Pulse	55	6640000	23492	NA
164	Pulse	55	6650000	33492	NA
165	Pulse	55	6660000	2896	NA
165	Pulse	55	6670000	12896	NA
165	Pulse	55	6680000	22896	NA
165	Pulse	55	6690000	32896	NA
166	Pulse	55	6700000	2299	NA
166	Pulse	55	6710000	12299	NA
166	Pulse	55	6720000	22299	NA
166	Pulse	55	6730000	32299	NA
167	Pulse	55	6740000	1702	NA
167	Pulse	55	6750000	11702	NA
167	Pulse	55	6760000	21702	NA
167	Pulse	55	6770000	31702	NA
168	Pulse	55	6780000	1106	NA
168	Pulse	55	6790000	11106	NA
168	Pulse	55	6800000	21106	NA
168	Pulse	55	6810000	31106	NA
169	Pulse	55	6820000	592	NA
169	Pulse	55	6830000	10592	NA
169	Pulse	55	6840000	20592	NA
169	Pulse	55	6850000	30592	NA
169	Pulse	55	6860000	40592	NA
170	Pulse	55	6870000	9995	NA
170	Pulse	55	6880000	19995	NA
170	Pulse	55	6890000	29995	NA
170	Pulse	55	6900000	39995	NA
171	Pulse	55	6910000	9482	NA
171	Pulse	55	6920000	19482	NA
171	Pulse	55	6930000	29482	NA
171	Pulse	55	6940000	39482	NA
172	Pulse	55	6950000	8969	NA
172	Pulse	55	6960000	18969	NA
172	Pulse	55	6970000	28969	NA
172	Pulse	55	6980000	38969	NA
173	Pulse	55	6990000	8372	NA
173	Pulse	55	7000000	18372	NA
173	Pulse	55	7010000	28372	NA
173	Pulse	55	7020000	38372	NA
174	Pulse	55	7030000	7942	NA
174	Pulse	55	7040000	17942	NA
174	Pulse	55	7050000	27942	NA
174	Pulse	55	7060000	37942	NA
175	Pulse	55	7070000	7429	NA
175	Pulse	55	7080000	17429	NA
175	Pulse	55	7090000	27429	NA
175	Pulse	55	7100000	37429	NA
176	Pulse	55	7110000	6832	NA
176	Pulse	55	7120000	16832	NA
176	Pulse	55	7130000	26832	NA
176	Pulse	55	7140000	36832	NA
177	Pulse	55	7150000	6319	NA
177	Pulse	55	7160000	16319	NA
177	Pulse	55	7170000	26319	NA
177	Pulse	55	7180000	36319	NA
178	Pulse	55	7190000	5806	NA
178	Pulse	55	7200000	15806	NA
178	Pulse	55	7210000	25806	NA
178	Pulse	55	7220000	35806	NA
179	Pulse	55	7230000	5292	NA
179	Pulse	55	7240000	15292	NA
179	Pulse	55	7250000	25292	NA
179	Pulse	55	7260000	35292	NA
180	Pulse	55	7270000	4696	NA
180	Pulse	55	7280000	14696	NA
180	Pulse	55	7290000	24696	NA
180	Pulse	55	7300000	34696	NA
181	Pulse	55	7310000	4099	NA
181	Pulse	55	7320000	14099	NA
181	Pulse	55	7330000	24099	NA
181	Pulse	55	7340000	34099	NA
182	Pulse	55	7350000	3502	NA
182	Pulse	55	7360000	13502	NA
182	Pulse	55	7370000	23502	NA
182	Pulse	55	7380000	33502	NA
183	Pulse	55	7390000	2906	NA
183	Pulse	55	7400000	12906	NA
183	Pulse	55	7410000	22906	NA
183	Pulse	55	7420000	32906	NA
184	Pulse	55	7430000	2309	NA
184	Pulse	55	7440000	12309	NA
184	Pulse	55	7450000	22309	NA
184	Pulse	55	7460000	32309	NA
185	Pulse	55	7470000	1796	NA
185	Pulse	55	7480000	11796	NA
185	Pulse	55	7490000	21796	NA
185	Pulse	55	7500000	31796	NA
186	Pulse	55	7510000	1199	NA
186	Pulse	55	7520000	11199	NA
186	Pulse	55	7530000	21199	NA
186	Pulse	55	7540000	31199	NA
187	Pulse	55	7550000	602	NA
187	Pulse	55	7560000	10602	NA
187	Pulse	55	7570000	20602	NA
187	Pulse	55	7580000	30602	NA
188	Pulse	55	7590000	6	NA
188	Pulse	55	7600000	10006	NA
188	Pulse	55	7610000	20006	NA
188	Pulse	55	7620000	30006	NA
188	Pulse	55	7630000	40006	NA
189	Pulse	55	7640000	9409	NA
189	Pulse	55	7650000	19409	NA
189	Pulse	55	7660000	29409	NA
189	Pulse	55	7670000	39409	NA
190	Pulse	55	7680000	8812	NA
190	Pulse	55	7690000	18812	NA
190	Pulse	55	7700000	28812	NA
190	Pulse	55	7710000	38812	NA
191	Pulse	55	7720000	8216	NA
191	Pulse	55	7730000	18216	NA
191	Pulse	55	7740000	28216	NA
191	Pulse	55	7750000	38216	NA
192	Pulse	55	7760000	7619	NA
192	Pulse	55	7770000	17619	NA
192	Pulse	55	7780000	27619	NA
192	Pulse	55	7790000	37619	NA
193	Pulse	55	7800000	7022	NA
193	Pulse	55	7810000	17022	NA
193	Pulse	55	7820000	27022	NA
193	Pulse	55	7830000	37022	NA
194	Pulse	55	7840000	6426	NA
194	Pulse	55	7850000	16426	NA
194	Pulse	55	7860000	26426	NA
194	Pulse	55	7870000	36426	NA
195	Pulse	55	7880000	5829	NA
195	Pulse	55	7890000	15829	NA
195	Pulse	55	7900000	25829	NA
195	Pulse	55	7910000	35829	NA
196	Pulse	55	7920000	5232	NA
196	Pulse	55	7930000	15232	NA
196	Pulse	55	7940000	25232	NA
196	Pulse	55	7950000	35232	NA
197	Pulse	55	7960000	4719	NA
197	Pulse	55	7970000	14719	NA
197	Pulse	55	7980000	24719	NA
197	Pulse	55	7990000	34719	NA
198	Pulse	55	8000000	4206	NA
198	Pulse	55	8010000	14206	NA
198	Pulse	55	8020000	24206	NA
198	Pulse	55	8030000	34206	NA
199	Pulse	55	8040000	3609	NA
199	Pulse	55	8050000	13609	NA
199	Pulse	55	8060000	23609	NA
199	Pulse	55	8070000	33609	NA
200	Pulse	55	8080000	3012	NA
200	Pulse	55	8090000	13012	NA
200	Pulse	55	8100000	23012	NA
200	Pulse	55	8110000	33012	NA
201	Pulse	55	8120000	2582	NA
201	Pulse	55	8130000	12582	NA
201	Pulse	55	8140000	22582	NA
201	Pulse	55	8150000	32582	NA
202	Pulse	55	8160000	2069	NA
202	Pulse	55	8170000	12069	NA
202	Pulse	55	8180000	22069	NA
202	Pulse	55	8190000	32069	NA
203	Pulse	55	8200000	1556	NA
203	Pulse	55	8210000	11556	NA
203	Pulse	55	8220000	21556	NA
203	Pulse	55	8230000	31556	NA
204	Pulse	55	8240000	959	NA
204	Pulse	55	8250000	10959	NA
204	Pulse	55	8260000	20959	NA
204	Pulse	55	8270000	30959	NA
205	Pulse	55	8280000	446	NA
205	Pulse	55	8290000	10446	NA
205	Pulse	55	8300000	20446	NA
205	Pulse	55	8310000	30446	NA
205	Pulse	55	8320000	40446	NA
206	Pulse	55	8330000	9849	NA
206	Pulse	55	8340000	19849	NA
206	Pulse	55	8350000	29849	NA
206	Pulse	55	8360000	39849	NA
207	Pulse	55	8370000	9336	NA
207	Pulse	55	8380000	19336	NA
207	Pulse	55	8390000	29336	NA
207	Pulse	55	8400000	39336	NA
208	Pulse	55	8410000	8822	NA
208	Pulse	55	8420000	18822	NA
208	Pulse	55	8430000	28822	NA
208	Pulse	55	8440000	38822	NA
209	Pulse	55	8450000	8309	NA
209	Pulse	55	8460000	18309	NA
209	Pulse	55	8470000	28309	NA
209	Pulse	55	8480000	38309	NA
210	Pulse	55	8490000	7796	NA
210	Pulse	55	8500000	17796	NA
210	Pulse	55	8510000	27796	NA
210	Pulse	55	8520000	37796	NA
211	Pulse	55	8530000	7366	NA
211	Pulse	55	8540000	17366	NA
211	Pulse	55	8550000	27366	NA
211	Pulse	55	8560000	37366	NA
212	Pulse	55	8570000	6852	NA
212	Pulse	55	8580000	16852	NA
212	Pulse	55	8590000	26852	NA
212	Pulse	55	8600000	36852	NA
213	Pulse	55	8610000	6339	NA
213	Pulse	55	8620000	16339	NA
213	Pulse	55	8630000	26339	NA
213	Pulse	55	8640000	36339	NA
214	Pulse	55	8650000	5826	NA
214	Pulse	55	8660000	15826	NA
214	Pulse	55	8670000	25826	NA
214	Pulse	55	8680000	35826	NA
215	Pulse	55	8690000	5229	NA
215	Pulse	55	8700000	15229	NA
215	Pulse	55	8710000	25229	NA
215	Pulse	55	8720000	35229	NA
216	Pulse	55	8730000	4716	NA
216	Pulse	55	8740000	14716	NA
216	Pulse	55	8750000	24716	NA
216	Pulse	55	8760000	34716	NA
217	Pulse	55	8770000	4369	NA
217	Pulse	55	8780000	14369	NA
217	Pulse	55	8790000	24369	NA
217	Pulse	55	8800000	34369	NA
218	Pulse	55	8810000	3856	NA
218	Pulse	55	8820000	13856	NA
218	Pulse	55	8830000	23856	NA
218	Pulse	55	8840000	33856	NA
219	Pulse	55	8850000	3342	NA
219	Pulse	55	8860000	13342	NA
219	Pulse	55	8870000	23342	NA
219	Pulse	55	8880000	33342	NA
220	Pulse	55	8890000	2746	NA
220	Pulse	55	8900000	12746	NA
220	Pulse	55	8910000	22746	NA
220	Pulse	55	8920000	32746	NA
221	Pulse	55	8930000	2149	NA
221	Pulse	55	8940000	12149	NA
221	Pulse	55	8950000	22149	NA
221	Pulse	55	8960000	32149	NA
222	Pulse	55	8970000	1719	NA
222	Pulse	55	8980000	11719	NA
222	Pulse	55	8990000	21719	NA
222	Pulse	55	9000000	31719	NA
223	Pulse	55	9010000	1206	NA
223	Pulse	55	9020000	11206	NA
223	Pulse	55	9030000	21206	NA
223	Pulse	55	9040000	31206	NA
224	Pulse	55	9050000	609	NA
224	Pulse	55	9060000	10609	NA
224	Pulse	55	9070000	20609	NA
224	Pulse	55	9080000	30609	NA
225	Pulse	55	9090000	179	NA
225	Pulse	55	9100000	10179	NA
225	Pulse	55	9110000	20179	NA
225	Pulse	55	9120000	30179	NA
225	Pulse	55	9130000	40179	NA
226	Pulse	55	9140000	9666	NA
226	Pulse	55	9150000	19666	NA
226	Pulse	55	9160000	29666	NA
226	Pulse	55	9170000	39666	NA
227	Pulse	55	9180000	9153	NA
227	Pulse	55	9190000	19153	NA
227	Pulse	55	9200000	29153	NA
227	Pulse	55	9210000	39153	NA
228	Pulse	55	9220000	8639	NA
228	Pulse	55	9230000	18639	NA
228	Pulse	55	9240000	28639	NA
228	Pulse	55	9250000	38639	NA
229	Pulse	55	9260000	8043	NA
229	Pulse	55	9270000	18043	NA
229	Pulse	55	9280000	28043	NA
229	Pulse	55	9290000	38043	NA
230	Pulse	55	9300000	7529	NA
230	Pulse	55	9310000	17529	NA
230	Pulse	55	9320000	27529	NA
230	Pulse	55	9330000	37529	NA
231	Pulse	55	9340000	7016	NA
231	Pulse	55	9350000	17016	NA
231	Pulse	55	9360000	27016	NA
231	Pulse	55	9370000	37016	NA
232	Pulse	55	9380000	6419	NA
232	Pulse	55	9390000	16419	NA
232	Pulse	55	9400000	26419	NA
232	Pulse	55	9410000	36419	NA
233	Pulse	55	9420000	5823	NA
233	Pulse	55	9430000	15823	NA
233	Pulse	55	9440000	25823	NA
233	Pulse	55	9450000	35823	NA
234	Pulse	55	9460000	5226	NA
234	Pulse	55	9470000	15226	NA
234	Pulse	55	9480000	25226	NA
234	Pulse	55	9490000	35226	NA
235	Pulse	55	9500000	4629	NA
235	Pulse	55	9510000	14629	NA
235	Pulse	55	9520000	24629	NA
235	Pulse	55	9530000	34629	NA
236	Pulse	55	9540000	4033	NA
236	Pulse	55	9550000	14033	NA
236	Pulse	55	9560000	24033	NA
236	Pulse	55	9570000	34033	NA
237	Pulse	55	9580000	3436	NA
237	Pulse	55	9590000	13436	NA
237	Pulse	55	9600000	23436	NA
237	Pulse	55	9610000	33436	NA
238	Pulse	55	9620000	2923	NA
238	Pulse	55	9630000	12923	NA
238	Pulse	55	9640000	22923	NA
238	Pulse	55	9650000	32923	NA
239	Pulse	55	9660000	2409	NA
239	Pulse	55	9670000	12409	NA
239	Pulse	55	9680000	22409	NA
239	Pulse	55	9690000	32409	NA
240	Pulse	55	9700000	1813	NA
240	Pulse	55	9710000	11813	NA
240	Pulse	55	9720000	21813	NA
240	Pulse	55	9730000	31813	NA
241	Pulse	55	9740000	1299	NA
241	Pulse	55	9750000	11299	NA
241	Pulse	55	9760000	21299	NA
241	Pulse	55	9770000	31299	NA
242	Pulse	55	9780000	703	NA
242	Pulse	55	9790000	10703	NA
242	Pulse	55	9800000	20703	NA
242	Pulse	55	9810000	30703	NA
243	Pulse	55	9820000	106	NA
243	Pulse	55	9830000	10106	NA
243	Pulse	55	9840000	20106	NA
243	Pulse	55	9850000	30106	NA
243	Pulse	55	9860000	40106	NA
244	Pulse	55	9870000	9509	NA
244	Pulse	55	9880000	19509	NA
244	Pulse	55	9890000	29509	NA
244	Pulse	55	9900000	39509	NA
245	Pulse	55	9910000	8996	NA
245	Pulse	55	9920000	18996	NA
245	Pulse	55	9930000	28996	NA
245	Pulse	55	9940000	38996	NA
246	Pulse	55	9950000	8399	NA
246	Pulse	55	9960000	18399	NA
246	Pulse	55	9970000	28399	NA
246	Pulse	55	9980000	38399	NA
247	Pulse	55	9990000	7803	NA
247	Pulse	55	10000000	17803	NA
247	Pulse	55	10010000	27803	NA
247	Pulse	55	10020000	37803	NA
248	Pulse	55	10030000	7206	NA
248	Pulse	55	10040000	17206	NA
248	Pulse	55	10050000	27206	NA
248	Pulse	55	10060000	37206	NA
249	Pulse	55	10070000	6609	NA
249	Pulse	55	10080000	16609	NA
249	Pulse	55	10090000	26609	NA
249	Pulse	55	10100000	36609	NA
250	Pulse	55	10110000	6013	NA
250	Pulse	55	10120000	16013	NA
250	Pulse	55	10130000	26013	NA
250	Pulse	55	10140000	36013	NA
251	Pulse	55	10150000	5416	NA
251	Pulse	55	10160000	15416	NA
251	Pulse	55	10170000	25416	NA
251	Pulse	55	10180000	35416	NA
252	Pulse	55	10190000	4819	NA
252	Pulse	55	10200000	14819	NA
252	Pulse	55	10210000	24819	NA
252	Pulse	55	10220000	34819	NA
253	Pulse	55	10230000	4223	NA
253	Pulse	55	10240000	14223	NA
253	Pulse	55	10250000	24223	NA
253	Pulse	55	10260000	34223	NA
254	Pulse	55	10270000	3626	NA
254	Pulse	55	10280000	13626	NA
254	Pulse	55	10290000	23626	NA
254	Pulse	55	10300000	33626	NA
255	Pulse	55	10310000	3112	NA
255	Pulse	55	10320000	13112	NA
255	Pulse	55	10330000	23112	NA
255	Pulse	55	10340000	33112	NA
256	Pulse	55	10350000	2599	NA
256	Pulse	55	10360000	12599	NA
256	Pulse	55	10370000	22599	NA
256	Pulse	55	10380000	32599	NA
257	Pulse	55	10390000	2086	NA
257	Pulse	55	10400000	12086	NA
257	Pulse	55	10410000	22086	NA
257	Pulse	55	10420000	32086	NA
258	Pulse	55	10430000	1489	NA
258	Pulse	55	10440000	11489	NA
258	Pulse	55	10450000	21489	NA
258	Pulse	55	10460000	31489	NA
259	Pulse	55	10470000	893	NA
259	Pulse	55	10480000	10893	NA
259	Pulse	55	10490000	20893	NA
259	Pulse	55	10500000	30893	NA
260	Pulse	55	10510000	296	NA
260	Pulse	55	10520000	10296	NA
260	Pulse	55	10530000	20296	NA
260	Pulse	55	10540000	30296	NA
260	Pulse	55	10550000	40296	NA
261	Pulse	55	10560000	9699	NA
261	Pulse	55	10570000	19699	NA
261	Pulse	55	10580000	29699	NA
261	Pulse	55	10590000	39699	NA
262	Pulse	55	10600000	9186	NA
262	Pulse	55	10610000	19186	NA
262	Pulse	55	10620000	29186	NA
262	Pulse	55	10630000	39186	NA
263	Pulse	55	10640000	8673	NA
263	Pulse	55	10650000	18673	NA
263	Pulse	55	10660000	28673	NA
263	Pulse	55	10670000	38673	NA
264	Pulse	55	10680000	8076	NA
264	Pulse	55	10690000	18076	NA
264	Pulse	55	10700000	28076	NA
264	Pulse	55	10710000	38076	NA
265	Pulse	55	10720000	7479	NA
265	Pulse	55	10730000	17479	NA
265	Pulse	55	10740000	27479	NA
265	Pulse	55	10750000	37479	NA
266	Pulse	55	10760000	6883	NA
266	Pulse	55	10770000	16883	NA
266	Pulse	55	10780000	26883	NA
266	Pulse	55	10790000	36883	NA
267	Pulse	55	10800000	6286	NA
267	Pulse	55	10810000	16286	NA
267	Pulse	55	10820000	26286	NA
267	Pulse	55	10830000	36286	NA
268	Pulse	55	10840000	5689	NA
268	Pulse	55	10850000	15689	NA
268	Pulse	55	10860000	25689	NA
268	Pulse	55	10870000	35689	NA
269	Pulse	55	10880000	5093	NA
269	Pulse	55	10890000	15093	NA
269	Pulse	55	10900000	25093	NA
269	Pulse	55	10910000	35093	NA
270	Pulse	55	10920000	4496	NA
270	Pulse	55	10930000	14496	NA
270	Pulse	55	10940000	24496	NA
270	Pulse	55	10950000	34496	NA
271	Pulse	55	10960000	3899	NA
271	Pulse	55	10970000	13899	NA
271	Pulse	55	10980000	23899	NA
271	Pulse	55	10990000	33899	NA
272	Pulse	55	11000000	3386	NA
272	Pulse	55	11010000	13386	NA
272	Pulse	55	11020000	23386	NA
272	Pulse	55	11030000	33386	NA
273	Pulse	55	11040000	2789	NA
273	Pulse	55	11050000	12789	NA
273	Pulse	55	11060000	22789	NA
273	Pulse	55	11070000	32789	NA
274	Pulse	55	11080000	2193	NA
274	Pulse	55	11090000	12193	NA
274	Pulse	55	11100000	22193	NA
274	Pulse	55	11110000	32193	NA
275	Pulse	55	11120000	1596	NA
275	Pulse	55	11130000	11596	NA
275	Pulse	55	11140000	21596	NA
275	Pulse	55	11150000	31596	NA
276	Pulse	55	11160000	999	NA
276	Pulse	55	11170000	10999	NA
276	Pulse	55	11180000	20999	NA
276	Pulse	55	11190000	30999	NA
277	Pulse	55	11200000	402	NA
277	Pulse	55	11210000	10402	NA
277	Pulse	55	11220000	20402	NA
277	Pulse	55	11230000	30402	NA
277	Pulse	55	11240000	40402	NA
278	Pulse	55	11250000	9806	NA
278	Pulse	55	11260000	19806	NA
278	Pulse	55	11270000	29806	NA
278	Pulse	55	11280000	39806	NA
279	Pulse	55	11290000	9209	NA
279	Pulse	55	11300000	19209	NA
279	Pulse	55	11310000	29209	NA
279	Pulse	55	11320000	39209	NA
280	Pulse	55	11330000	8612	NA
280	Pulse	55	11340000	18612	NA
280	Pulse	55	11350000	28612	NA
280	Pulse	55	11360000	38612	NA
281	Pulse	55	11370000	8016	NA
281	Pulse	55	11380000	18016	NA
281	Pulse	55	11390000	28016	NA
281	Pulse	55	11400000	38016	NA
282	Pulse	55	11410000	7419	NA
282	Pulse	55	11420000	17419	NA
282	Pulse	55	11430000	27419	NA
282	Pulse	55	11440000	37419	NA
283	Pulse	55	11450000	6739	NA
283	Pulse	55	11460000	16739	NA
283	Pulse	55	11470000	26739	NA
283	Pulse	55	11480000	36739	NA
284	Pulse	55	11490000	6142	NA
284	Pulse	55	11500000	16142	NA
284	Pulse	55	11510000	26142	NA
284	Pulse	55	11520000	36142	NA
285	Pulse	55	11530000	5546	NA
285	Pulse	55	11540000	15546	NA
285	Pulse	55	11550000	25546	NA
285	Pulse	55	11560000	35546	NA
286	Pulse	55	11570000	4949	NA
286	Pulse	55	11580000	14949	NA
286	Pulse	55	11590000	24949	NA
286	Pulse	55	11600000	34949	NA
287	Pulse	55	11610000	4269	NA
287	Pulse	55	11620000	14269	NA
287	Pulse	55	11630000	24269	NA
287	Pulse	55	11640000	34269	NA
288	Pulse	55	11650000	3672	NA
288	Pulse	55	11660000	13672	NA
288	Pulse	55	11670000	23672	NA
288	Pulse	55	11680000	33672	NA
289	Pulse	55	11690000	3076	NA
289	Pulse	55	11700000	13076	NA
289	Pulse	55	11710000	23076	NA
289	Pulse	55	11720000	33076	NA
290	Pulse	55	11730000	2479	NA
290	Pulse	55	11740000	12479	NA
290	Pulse	55	11750000	22479	NA
290	Pulse	55	11760000	32479	NA
291	Pulse	55	11770000	1799	NA
291	Pulse	55	11780000	11799	NA
291	Pulse	55	11790000	21799	NA
291	Pulse	55	11800000	31799	NA
292	Pulse	55	11810000	1202	NA
292	Pulse	55	11820000	11202	NA
292	Pulse	55	11830000	21202	NA
292	Pulse	55	11840000	31202	NA
293	Pulse	55	11850000	606	NA
293	Pulse	55	11860000	10606	NA
293	Pulse	55	11870000	20606	NA
293	Pulse	55	11880000	30606	NA
293	Pulse	55	11890000	40606	NA
294	Pulse	55	11900000	9926	NA
294	Pulse	55	11910000	19926	NA
294	Pulse	55	11920000	29926	NA
294	Pulse	55	11930000	39926	NA
295	Pulse	55	11940000	9329	NA
295	Pulse	55	11950000	19329	NA
295	Pulse	55	11960000	29329	NA
295	Pulse	55	11970000	39329	NA
296	Pulse	55	11980000	8732	NA
296	Pulse	55	11990000	18732	NA
296	Pulse	55	12000000	28732	NA
296	Pulse	55	12010000	38732	NA
297	Pulse	55	12020000	8136	NA
297	Pulse	55	12030000	18136	NA
297	Pulse	55	12040000	28136	NA
297	Pulse	55	12050000	38136	NA
298	Pulse	55	12060000	7455	NA
298	Pulse	55	12070000	17455	NA
298	Pulse	55	12080000	27455	NA
298	Pulse	55	12090000	37455	NA
299	Pulse	55	12100000	6859	NA
299	Pulse	55	12110000	16859	NA
299	Pulse	55	12120000	26859	NA
299	Pulse	55	12130000	36859	NA
300	Pulse	55	12140000	6262	NA
300	Pulse	55	12150000	16262	NA
300	Pulse	55	12160000	26262	NA
300	Pulse	55	12170000	36262	NA
301	Pulse	55	12180000	5582	NA
301	Pulse	55	12190000	15582	NA
301	Pulse	55	12200000	25582	NA
301	Pulse	55	12210000	35582	NA
302	Pulse	55	12220000	4985	NA
302	Pulse	55	12230000	14985	NA
302	Pulse	55	12240000	24985	NA
302	Pulse	55	12250000	34985	NA
303	Pulse	55	12260000	4389	NA
303	Pulse	55	12270000	14389	NA
303	Pulse	55	12280000	24389	NA
303	Pulse	55	12290000	34389	NA
304	Pulse	55	12300000	3792	NA
304	Pulse	55	12310000	13792	NA
304	Pulse	55	12320000	23792	NA
304	Pulse	55	12330000	33792	NA
305	Pulse	55	12340000	3195	NA
305	Pulse	55	12350000	13195	NA
305	Pulse	55	12360000	23195	NA
305	Pulse	55	12370000	33195	NA
306	Pulse	55	12380000	2599	NA
306	Pulse	55	12390000	12599	NA
306	Pulse	55	12400000	22599	NA
306	Pulse	55	12410000	32599	NA
307	Pulse	55	12420000	2002	NA
307	Pulse	55	12430000	12002	NA
307	Pulse	55	12440000	22002	NA
307	Pulse	55	12450000	32002	NA
308	Pulse	55	12460000	1322	NA
308	Pulse	55	12470000	11322	NA
308	Pulse	55	12480000	21322	NA
308	Pulse	55	12490000	31322	NA
309	Pulse	55	12500000	725	NA
309	Pulse	55	12510000	10725	NA
309	Pulse	55	12520000	20725	NA
309	Pulse	55	12530000	30725	NA
310	Pulse	55	12540000	45	NA
310	Pulse	55	12550000	10045	NA
310	Pulse	55	12560000	20045	NA
310	Pulse	55	12570000	30045	NA
310	Pulse	55	12580000	40045	NA
311	Pulse	55	12590000	9449	NA
311	Pulse	55	12600000	19449	NA
311	Pulse	55	12610000	29449	NA
311	Pulse	55	12620000	39449	NA
312	Pulse	55	12630000	8769	NA
312	Pulse	55	12640000	18769	NA
312	Pulse	55	12650000	28769	NA
312	Pulse	55	12660000	38769	NA
313	Pulse	55	12670000	8172	NA
313	Pulse	55	12680000	18172	NA
313	Pulse	55	12690000	28172	NA
313	Pulse	55	12700000	38172	NA
314	Pulse	55	12710000	7575	NA
314	Pulse	55	12720000	17575	NA
314	Pulse	55	12730000	27575	NA
314	Pulse	55	12740000	37575	NA
315	Pulse	55	12750000	6979	NA
315	Pulse	55	12760000	16979	NA
315	Pulse	55	12770000	26979	NA
315	Pulse	55	12780000	36979	NA
316	Pulse	55	12790000	6382	NA
316	Pulse	55	12800000	16382	NA
316	Pulse	55	12810000	26382	NA
316	Pulse	55	12820000	36382	NA
317	Pulse	55	12830000	5785	NA
317	Pulse	55	12840000	15785	NA
317	Pulse	55	12850000	25785	NA
317	Pulse	55	12860000	35785	NA
318	Pulse	55	12870000	5105	NA
318	Pulse	55	12880000	15105	NA
318	Pulse	55	12890000	25105	NA
318	Pulse	55	12900000	35105	NA
319	Pulse	55	12910000	4508	NA
319	Pulse	55	12920000	14508	NA
319	Pulse	55	12930000	24508	NA
319	Pulse	55	12940000	34508	NA
320	Pulse	55	12950000	3912	NA
320	Pulse	55	12960000	13912	NA
320	Pulse	55	12970000	23912	NA
320	Pulse	55	12980000	33912	NA
321	Pulse	55	12990000	3315	NA
321	Pulse	55	13000000	13315	NA
321	Pulse	55	13010000	23315	NA
321	Pulse	55	13020000	33315	NA
322	Pulse	55	13030000	2719	NA
322	Response	1	13033847	6566	1
322	Pulse	55	13040000	12719	NA
322	Pulse	55	13050000	22719	NA
322	Pulse	55	13060000	32719	NA
323	Pulse	55	13070000	2622	NA
323	Pulse	55	13080000	12622	NA
324	Pulse	55	13090000	2532	NA
324	Pulse	55	13100000	12532	NA
324	Pulse	55	13110000	22532	NA
324	Pulse	55	13120000	32532	NA
324	Pulse	55	13130000	42532	NA
324	Pulse	55	13140000	52532	NA
324	Pulse	55	13150000	62532	NA
324	Pulse	55	13160000	72532	NA
324	Pulse	55	13170000	82532	NA
324	Pulse	55	13180000	92532	NA
324	Pulse	55	13190000	102532	NA
324	Pulse	55	13200000	112532	NA
324	Pulse	55	13210000	122532	NA
324	Pulse	55	13220000	132532	NA
324	Pulse	55	13230000	142532	NA
324	Pulse	55	13240000	152532	NA
324	Pulse	55	13250000	162532	NA
324	Pulse	55	13260000	172532	NA
324	Pulse	55	13270000	182532	NA
324	Pulse	55	13280000	192532	NA
324	Pulse	55	13290000	202532	NA
324	Pulse	55	13300000	212532	NA
324	Pulse	55	13310000	222532	NA
324	Pulse	55	13320000	232532	NA
324	Pulse	55	13330000	242532	NA
324	Pulse	55	13340000	252532	NA
324	Pulse	55	13350000	262532	NA
324	Pulse	55	13360000	272532	NA
324	Pulse	55	13370000	282532	NA
324	Pulse	55	13380000	292532	NA
324	Response	1	13384405	296937	1
324	Pulse	55	13390000	302532	NA
324	Pulse	55	13400000	312532	NA
325	Pulse	55	13410000	9929	NA
325	Pulse	55	13420000	19929	NA
325	Pulse	55	13430000	29929	NA
325	Pulse	55	13440000	39929	NA
325	Pulse	55	13450000	49929	NA
325	Pulse	55	13460000	59929	NA
325	Pulse	55	13470000	69929	NA
325	Pulse	55	13480000	79929	NA
325	Pulse	55	13490000	89929	NA
325	Pulse	55	13500000	99929	NA
325	Pulse	55	13510000	109929	NA
325	Pulse	55	13520000	119929	NA
325	Pulse	55	13530000	129929	NA
325	Pulse	55	13540000	139929	NA
325	Pulse	55	13550000	149929	NA
325	Pulse	55	13560000	159929	NA
325	Pulse	55	13570000	169929	NA
325	Pulse	55	13580000	179929	NA
325	Pulse	55	13590000	189929	NA
325	Pulse	55	13600000	199929	NA
325	Pulse	55	13610000	209929	NA
325	Pulse	55	13620000	219929	NA
325	Pulse	55	13630000	229929	NA
325	Pulse	55	13640000	239929	NA
325	Pulse	55	13650000	249929	NA
325	Pulse	55	13660000	259929	NA
325	Pulse	55	13670000	269929	NA
325	Pulse	55	13680000	279929	NA
325	Pulse	55	13690000	289929	NA
325	Pulse	55	13700000	299929	NA
325	Pulse	55	13710000	309929	NA
325	Pulse	55	13720000	319929	NA
325	Pulse	55	13730000	329929	NA
325	Pulse	55	13740000	339929	NA
325	Pulse	55	13750000	349929	NA
325	Pulse	55	13760000	359929	NA
325	Pulse	55	13770000	369929	NA
325	Pulse	55	13780000	379929	NA
325	Pulse	55	13790000	389929	NA
325	Pulse	55	13800000	399929	NA
325	Pulse	55	13810000	409929	NA
325	Pulse	55	13820000	419929	NA
325	Pulse	55	13830000	429929	NA
325	Pulse	55	13840000	439929	NA
325	Pulse	55	13850000	449929	NA
325	Pulse	55	13860000	459929	NA
325	Pulse	55	13870000	469929	NA
325	Pulse	55	13880000	479929	NA
325	Pulse	55	13890000	489929	NA
325	Pulse	55	13900000	499929	NA
325	Pulse	55	13910000	509929	NA
325	Pulse	55	13920000	519929	NA
325	Pulse	55	13930000	529929	NA
325	Pulse	55	13940000	539929	NA
325	Pulse	55	13950000	549929	NA
325	Pulse	55	13960000	559929	NA
325	Pulse	55	13970000	569929	NA
325	Pulse	55	13980000	579929	NA
325	Pulse	55	13990000	589929	NA
325	Pulse	55	14000000	599929	NA
325	Pulse	55	14010000	609929	NA
325	Pulse	55	14020000	619929	NA
325	Pulse	55	14030000	629929	NA
325	Pulse	55	14040000	639929	NA
325	Pulse	55	14050000	649929	NA
325	Pulse	55	14060000	659929	NA
325	Pulse	55	14070000	669929	NA
325	Pulse	55	14080000	679929	NA
325	Pulse	55	14090000	689929	NA
325	Pulse	55	14100000	699929	NA
325	Pulse	55	14110000	709929	NA
325	Pulse	55	14120000	719929	NA
325	Pulse	55	14130000	729929	NA
325	Pulse	55	14140000	739929	NA
325	Pulse	55	14150000	749929	NA
325	Pulse	55	14160000	759929	NA
325	Pulse	55	14170000	769929	NA
325	Pulse	55	14180000	779929	NA
325	Pulse	55	14190000	789929	NA
325	Pulse	55	14200000	799929	NA
325	Pulse	55	14210000	809929	NA
325	Pulse	55	14220000	819929	NA
325	Pulse	55	14230000	829929	NA
325	Pulse	55	14240000	839929	NA
325	Pulse	55	14250000	849929	NA
325	Pulse	55	14260000	859929	NA
325	Pulse	55	14270000	869929	NA
325	Pulse	55	14280000	879929	NA
325	Pulse	55	14290000	889929	NA
325	Pulse	55	14300000	899929	NA
325	Pulse	55	14310000	909929	NA
325	Pulse	55	14320000	919929	NA
325	Pulse	55	14330000	929929	NA
325	Pulse	55	14340000	939929	NA
325	Pulse	55	14350000	949929	NA
325	Pulse	55	14360000	959929	NA
325	Pulse	55	14370000	969929	NA
325	Pulse	55	14380000	979929	NA
325	Pulse	55	14390000	989929	NA
325	Pulse	55	14400000	999929	NA
325	Pulse	55	14410000	1009929	NA
325	Pulse	55	14420000	1019929	NA
325	Pulse	55	14430000	1029929	NA
325	Pulse	55	14440000	1039929	NA
325	Pulse	55	14450000	1049929	NA
325	Pulse	55	14460000	1059929	NA
325	Pulse	55	14470000	1069929	NA
325	Pulse	55	14480000	1079929	NA
325	Pulse	55	14490000	1089929	NA
325	Pulse	55	14500000	1099929	NA
325	Pulse	55	14510000	1109929	NA
325	Pulse	55	14520000	1119929	NA
325	Pulse	55	14530000	1129929	NA
325	Pulse	55	14540000	1139929	NA
325	Pulse	55	14550000	1149929	NA
325	Pulse	55	14560000	1159929	NA
325	Pulse	55	14570000	1169929	NA
325	Pulse	55	14580000	1179929	NA
325	Pulse	55	14590000	1189929	NA
325	Pulse	55	14600000	1199929	NA
325	Pulse	55	14610000	1209929	NA
325	Pulse	55	14620000	1219929	NA
325	Pulse	55	14630000	1229929	NA
325	Pulse	55	14640000	1239929	NA
325	Pulse	55	14650000	1249929	NA
325	Pulse	55	14660000	1259929	NA
325	Pulse	55	14670000	1269929	NA
325	Pulse	55	14680000	1279929	NA
325	Pulse	55	14690000	1289929	NA
325	Pulse	55	14700000	1299929	NA
325	Pulse	55	14710000	1309929	NA
325	Pulse	55	14720000	1319929	NA
325	Pulse	55	14730000	1329929	NA
325	Pulse	55	14740000	1339929	NA
325	Pulse	55	14750000	1349929	NA
325	Pulse	55	14760000	1359929	NA
325	Pulse	55	14770000	1369929	NA
325	Pulse	55	14780000	1379929	NA
325	Pulse	55	14790000	1389929	NA
325	Pulse	55	14800000	1399929	NA
325	Pulse	55	14810000	1409929	NA
325	Pulse	55	14820000	1419929	NA
325	Pulse	55	14830000	1429929	NA
325	Pulse	55	14840000	1439929	NA
325	Pulse	55	14850000	1449929	NA
325	Pulse	55	14860000	1459929	NA
325	Pulse	55	14870000	1469929	NA
325	Pulse	55	14880000	1479929	NA
325	Pulse	55	14890000	1489929	NA
325	Pulse	55	14900000	1499929	NA
325	Pulse	55	14910000	1509929	NA
325	Pulse	55	14920000	1519929	NA
325	Pulse	55	14930000	1529929	NA
325	Pulse	55	14940000	1539929	NA
325	Pulse	55	14950000	1549929	NA
325	Pulse	55	14960000	1559929	NA
325	Pulse	55	14970000	1569929	NA
325	Pulse	55	14980000	1579929	NA
325	Pulse	55	14990000	1589929	NA
325	Pulse	55	15000000	1599929	NA
325	Pulse	55	15010000	1609929	NA
325	Pulse	55	15020000	1619929	NA
325	Pulse	55	15030000	1629929	NA
325	Pulse	55	15040000	1639929	NA
325	Pulse	55	15050000	1649929	NA
325	Pulse	55	15060000	1659929	NA
325	Pulse	55	15070000	1669929	NA
325	Pulse	55	15080000	1679929	NA
325	Pulse	55	15090000	1689929	NA
325	Pulse	55	15100000	1699929	NA
325	Pulse	55	15110000	1709929	NA
325	Pulse	55	15120000	1719929	NA
325	Pulse	55	15130000	1729929	NA
325	Pulse	55	15140000	1739929	NA
325	Pulse	55	15150000	1749929	NA
325	Pulse	55	15160000	1759929	NA
325	Pulse	55	15170000	1769929	NA
325	Pulse	55	15180000	1779929	NA
325	Pulse	55	15190000	1789929	NA
325	Pulse	55	15200000	1799929	NA
325	Pulse	55	15210000	1809929	NA
325	Pulse	55	15220000	1819929	NA
325	Pulse	55	15230000	1829929	NA
325	Pulse	55	15240000	1839929	NA
325	Pulse	55	15250000	1849929	NA
325	Pulse	55	15260000	1859929	NA
325	Pulse	55	15270000	1869929	NA
325	Pulse	55	15280000	1879929	NA
325	Pulse	55	15290000	1889929	NA
325	Pulse	55	15300000	1899929	NA
325	Pulse	55	15310000	1909929	NA
325	Pulse	55	15320000	1919929	NA
325	Pulse	55	15330000	1929929	NA
325	Pulse	55	15340000	1939929	NA
325	Pulse	55	15350000	1949929	NA
325	Pulse	55	15360000	1959929	NA
325	Pulse	55	15370000	1969929	NA
325	Pulse	55	15380000	1979929	NA
325	Pulse	55	15390000	1989929	NA
325	Pulse	55	15400000	1999929	NA
325	Pulse	55	15410000	2009929	NA
325	Pulse	55	15420000	2019929	NA
325	Pulse	55	15430000	2029929	NA
325	Pulse	55	15440000	2039929	NA
325	Pulse	55	15450000	2049929	NA
325	Pulse	55	15460000	2059929	NA
325	Pulse	55	15470000	2069929	NA
325	Pulse	55	15480000	2079929	NA
325	Pulse	55	15490000	2089929	NA
325	Pulse	55	15500000	2099929	NA
325	Pulse	55	15510000	2109929	NA
325	Pulse	55	15520000	2119929	NA
325	Pulse	55	15530000	2129929	NA
325	Pulse	55	15540000	2139929	NA
325	Pulse	55	15550000	2149929	NA
325	Pulse	55	15560000	2159929	NA
325	Pulse	55	15570000	2169929	NA
325	Pulse	55	15580000	2179929	NA
325	Pulse	55	15590000	2189929	NA
325	Pulse	55	15600000	2199929	NA
325	Pulse	55	15610000	2209929	NA
325	Pulse	55	15620000	2219929	NA
325	Pulse	55	15630000	2229929	NA
325	Pulse	55	15640000	2239929	NA
325	Pulse	55	15650000	2249929	NA
325	Pulse	55	15660000	2259929	NA
325	Pulse	55	15670000	2269929	NA
325	Pulse	55	15680000	2279929	NA
325	Pulse	55	15690000	2289929	NA
325	Pulse	55	15700000	2299929	NA
325	Pulse	55	15710000	2309929	NA
325	Pulse	55	15720000	2319929	NA
325	Pulse	55	15730000	2329929	NA
325	Pulse	55	15740000	2339929	NA
325	Pulse	55	15750000	2349929	NA
325	Pulse	55	15760000	2359929	NA
325	Pulse	55	15770000	2369929	NA
325	Pulse	55	15780000	2379929	NA
325	Pulse	55	15790000	2389929	NA
325	Pulse	55	15800000	2399929	NA
325	Pulse	55	15810000	2409929	NA
325	Pulse	55	15820000	2419929	NA
325	Pulse	55	15830000	2429929	NA
325	Pulse	55	15840000	2439929	NA
325	Pulse	55	15850000	2449929	NA
325	Pulse	55	15860000	2459929	NA
325	Pulse	55	15870000	2469929	NA
325	Pulse	55	15880000	2479929	NA
325	Pulse	55	15890000	2489929	NA
325	Pulse	55	15900000	2499929	NA
325	Pulse	55	15910000	2509929	NA
325	Pulse	55	15920000	2519929	NA
325	Pulse	55	15930000	2529929	NA
325	Pulse	55	15940000	2539929	NA
325	Pulse	55	15950000	2549929	NA
325	Pulse	55	15960000	2559929	NA
325	Pulse	55	15970000	2569929	NA
325	Pulse	55	15980000	2579929	NA
325	Pulse	55	15990000	2589929	NA
325	Pulse	55	16000000	2599929	NA
325	Pulse	55	16010000	2609929	NA
325	Pulse	55	16020000	2619929	NA
325	Pulse	55	16030000	2629929	NA
325	Pulse	55	16040000	2639929	NA
325	Pulse	55	16050000	2649929	NA
325	Pulse	55	16060000	2659929	NA
325	Pulse	55	16070000	2669929	NA
325	Pulse	55	16080000	2679929	NA
325	Pulse	55	16090000	2689929	NA
325	Pulse	55	16100000	2699929	NA
325	Pulse	55	16110000	2709929	NA
325	Pulse	55	16120000	2719929	NA
325	Pulse	55	16130000	2729929	NA
325	Pulse	55	16140000	2739929	NA
325	Pulse	55	16150000	2749929	NA
325	Pulse	55	16160000	2759929	NA
325	Pulse	55	16170000	2769929	NA
325	Pulse	55	16180000	2779929	NA
325	Pulse	55	16190000	2789929	NA
325	Pulse	55	16200000	2799929	NA
325	Pulse	55	16210000	2809929	NA
325	Pulse	55	16220000	2819929	NA
325	Pulse	55	16230000	2829929	NA
325	Pulse	55	16240000	2839929	NA
325	Pulse	55	16250000	2849929	NA
325	Pulse	55	16260000	2859929	NA
325	Pulse	55	16270000	2869929	NA
325	Pulse	55	16280000	2879929	NA
325	Pulse	55	16290000	2889929	NA
325	Pulse	55	16300000	2899929	NA
325	Pulse	55	16310000	2909929	NA
325	Pulse	55	16320000	2919929	NA
325	Pulse	55	16330000	2929929	NA
325	Pulse	55	16340000	2939929	NA
325	Pulse	55	16350000	2949929	NA
325	Pulse	55	16360000	2959929	NA
325	Pulse	55	16370000	2969929	NA
325	Pulse	55	16380000	2979929	NA
325	Pulse	55	16390000	2989929	NA
325	Pulse	55	16400000	2999929	NA
325	Pulse	55	16410000	3009929	NA
325	Pulse	55	16420000	3019929	NA
325	Pulse	55	16430000	3029929	NA
325	Pulse	55	16440000	3039929	NA
325	Pulse	55	16450000	3049929	NA
325	Pulse	55	16460000	3059929	NA
325	Pulse	55	16470000	3069929	NA
325	Pulse	55	16480000	3079929	NA
325	Pulse	55	16490000	3089929	NA
325	Pulse	55	16500000	3099929	NA
325	Pulse	55	16510000	3109929	NA
325	Pulse	55	16520000	3119929	NA
325	Pulse	55	16530000	3129929	NA
325	Pulse	55	16540000	3139929	NA
325	Pulse	55	16550000	3149929	NA
325	Pulse	55	16560000	3159929	NA
325	Pulse	55	16570000	3169929	NA
325	Pulse	55	16580000	3179929	NA
325	Pulse	55	16590000	3189929	NA
325	Pulse	55	16600000	3199929	NA
325	Pulse	55	16610000	3209929	NA
325	Pulse	55	16620000	3219929	NA
325	Pulse	55	16630000	3229929	NA
325	Pulse	55	16640000	3239929	NA
325	Pulse	55	16650000	3249929	NA
325	Pulse	55	16660000	3259929	NA
325	Pulse	55	16670000	3269929	NA
325	Pulse	55	16680000	3279929	NA
325	Pulse	55	16690000	3289929	NA
325	Pulse	55	16700000	3299929	NA
325	Pulse	55	16710000	3309929	NA
325	Pulse	55	16720000	3319929	NA
325	Pulse	55	16730000	3329929	NA
325	Pulse	55	16740000	3339929	NA
325	Pulse	55	16750000	3349929	NA
325	Pulse	55	16760000	3359929	NA
325	Pulse	55	16770000	3369929	NA
325	Pulse	55	16780000	3379929	NA
325	Pulse	55	16790000	3389929	NA
325	Pulse	55	16800000	3399929	NA
325	Pulse	55	16810000	3409929	NA
325	Pulse	55	16820000	3419929	NA
325	Pulse	55	16830000	3429929	NA
325	Pulse	55	16840000	3439929	NA
325	Pulse	55	16850000	3449929	NA
325	Pulse	55	16860000	3459929	NA
325	Pulse	55	16870000	3469929	NA
325	Pulse	55	16880000	3479929	NA
325	Pulse	55	16890000	3489929	NA
325	Pulse	55	16900000	3499929	NA
325	Pulse	55	16910000	3509929	NA
325	Pulse	55	16920000	3519929	NA
325	Pulse	55	16930000	3529929	NA
325	Pulse	55	16940000	3539929	NA
325	Pulse	55	16950000	3549929	NA
325	Pulse	55	16960000	3559929	NA
325	Pulse	55	16970000	3569929	NA
325	Pulse	55	16980000	3579929	NA
325	Pulse	55	16990000	3589929	NA
325	Pulse	55	17000000	3599929	NA
325	Pulse	55	17010000	3609929	NA
325	Pulse	55	17020000	3619929	NA
325	Pulse	55	17030000	3629929	NA
325	Pulse	55	17040000	3639929	NA
325	Pulse	55	17050000	3649929	NA
325	Pulse	55	17060000	3659929	NA
325	Pulse	55	17070000	3669929	NA
325	Pulse	55	17080000	3679929	NA
325	Pulse	55	17090000	3689929	NA
325	Pulse	55	17100000	3699929	NA
325	Pulse	55	17110000	3709929	NA
325	Pulse	55	17120000	3719929	NA
325	Pulse	55	17130000	3729929	NA
325	Pulse	55	17140000	3739929	NA
325	Pulse	55	17150000	3749929	NA
325	Pulse	55	17160000	3759929	NA
325	Pulse	55	17170000	3769929	NA
325	Pulse	55	17180000	3779929	NA
325	Pulse	55	17190000	3789929	NA
325	Pulse	55	17200000	3799929	NA
325	Pulse	55	17210000	3809929	NA
325	Pulse	55	17220000	3819929	NA
325	Pulse	55	17230000	3829929	NA
325	Pulse	55	17240000	3839929	NA
325	Pulse	55	17250000	3849929	NA
325	Pulse	55	17260000	3859929	NA
325	Pulse	55	17270000	3869929	NA
325	Pulse	55	17280000	3879929	NA
325	Pulse	55	17290000	3889929	NA
325	Pulse	55	17300000	3899929	NA
325	Pulse	55	17310000	3909929	NA
325	Pulse	55	17320000	3919929	NA
325	Pulse	55	17330000	3929929	NA
325	Pulse	55	17340000	3939929	NA
325	Pulse	55	17350000	3949929	NA
325	Pulse	55	17360000	3959929	NA
325	Pulse	55	17370000	3969929	NA
325	Pulse	55	17380000	3979929	NA
325	Pulse	55	17390000	3989929	NA
325	Pulse	55	17400000	3999929	NA
325	Pulse	55	17410000	4009929	NA
325	Pulse	55	17420000	4019929	NA
325	Pulse	55	17430000	4029929	NA
325	Pulse	55	17440000	4039929	NA
325	Pulse	55	17450000	4049929	NA
325	Pulse	55	17460000	4059929	NA
325	Pulse	55	17470000	4069929	NA
325	Pulse	55	17480000	4079929	NA
325	Pulse	55	17490000	4089929	NA
325	Pulse	55	17500000	4099929	NA
325	Pulse	55	17510000	4109929	NA
325	Pulse	55	17520000	4119929	NA
325	Pulse	55	17530000	4129929	NA
325	Pulse	55	17540000	4139929	NA
325	Pulse	55	17550000	4149929	NA
325	Pulse	55	17560000	4159929	NA
325	Pulse	55	17570000	4169929	NA
325	Pulse	55	17580000	4179929	NA
325	Pulse	55	17590000	4189929	NA
325	Pulse	55	17600000	4199929	NA
325	Pulse	55	17610000	4209929	NA
325	Pulse	55	17620000	4219929	NA
325	Pulse	55	17630000	4229929	NA
325	Pulse	55	17640000	4239929	NA
325	Pulse	55	17650000	4249929	NA
325	Pulse	55	17660000	4259929	NA
325	Pulse	55	17670000	4269929	NA
325	Pulse	55	17680000	4279929	NA
325	Pulse	55	17690000	4289929	NA
325	Pulse	55	17700000	4299929	NA
325	Pulse	55	17710000	4309929	NA
325	Pulse	55	17720000	4319929	NA
325	Pulse	55	17730000	4329929	NA
325	Pulse	55	17740000	4339929	NA
325	Pulse	55	17750000	4349929	NA
325	Pulse	55	17760000	4359929	NA
325	Pulse	55	17770000	4369929	NA
325	Pulse	55	17780000	4379929	NA
325	Pulse	55	17790000	4389929	NA
325	Pulse	55	17800000	4399929	NA
325	Pulse	55	17810000	4409929	NA
325	Pulse	55	17820000	4419929	NA
325	Pulse	55	17830000	4429929	NA
325	Pulse	55	17840000	4439929	NA
325	Pulse	55	17850000	4449929	NA
325	Pulse	55	17860000	4459929	NA
325	Pulse	55	17870000	4469929	NA
325	Pulse	55	17880000	4479929	NA
325	Pulse	55	17890000	4489929	NA
325	Pulse	55	17900000	4499929	NA
325	Pulse	55	17910000	4509929	NA
325	Pulse	55	17920000	4519929	NA
325	Pulse	55	17930000	4529929	NA
325	Pulse	55	17940000	4539929	NA
325	Pulse	55	17950000	4549929	NA
325	Pulse	55	17960000	4559929	NA
325	Pulse	55	17970000	4569929	NA
325	Pulse	55	17980000	4579929	NA
325	Pulse	55	17990000	4589929	NA
325	Pulse	55	18000000	4599929	NA
325	Pulse	55	18010000	4609929	NA
325	Pulse	55	18020000	4619929	NA
325	Pulse	55	18030000	4629929	NA
325	Pulse	55	18040000	4639929	NA
325	Pulse	55	18050000	4649929	NA
325	Pulse	55	18060000	4659929	NA
325	Pulse	55	18070000	4669929	NA
325	Pulse	55	18080000	4679929	NA
325	Pulse	55	18090000	4689929	NA
325	Pulse	55	18100000	4699929	NA
325	Pulse	55	18110000	4709929	NA
325	Pulse	55	18120000	4719929	NA
325	Pulse	55	18130000	4729929	NA
325	Pulse	55	18140000	4739929	NA
325	Pulse	55	18150000	4749929	NA
325	Pulse	55	18160000	4759929	NA
325	Pulse	55	18170000	4769929	NA
325	Pulse	55	18180000	4779929	NA
325	Pulse	55	18190000	4789929	NA
325	Pulse	55	18200000	4799929	NA
325	Pulse	55	18210000	4809929	NA
325	Pulse	55	18220000	4819929	NA
325	Pulse	55	18230000	4829929	NA
325	Pulse	55	18240000	4839929	NA
325	Pulse	55	18250000	4849929	NA
325	Pulse	55	18260000	4859929	NA
325	Pulse	55	18270000	4869929	NA
325	Pulse	55	18280000	4879929	NA
325	Pulse	55	18290000	4889929	NA
325	Pulse	55	18300000	4899929	NA
325	Pulse	55	18310000	4909929	NA
325	Pulse	55	18320000	4919929	NA
325	Pulse	55	18330000	4929929	NA
325	Pulse	55	18340000	4939929	NA
325	Pulse	55	18350000	4949929	NA
325	Pulse	55	18360000	4959929	NA
325	Pulse	55	18370000	4969929	NA
325	Pulse	55	18380000	4979929	NA
325	Pulse	55	18390000	4989929	NA
325	Pulse	55	18400000	4999929	NA
325	Pulse	55	18410000	5009929	NA
325	Pulse	55	18420000	5019929	NA
325	Pulse	55	18430000	5029929	NA
325	Pulse	55	18440000	5039929	NA
325	Pulse	55	18450000	5049929	NA
325	Response	1	18455761	5055690	1
326	Pulse	55	18460000	4184	NA
326	Pulse	55	18470000	14184	NA
326	Pulse	55	18480000	24184	NA
326	Pulse	55	18490000	34184	NA
326	Pulse	55	18500000	44184	NA
326	Pulse	55	18510000	54184	NA
326	Pulse	55	18520000	64184	NA
326	Pulse	55	18530000	74184	NA
326	Pulse	55	18540000	84184	NA
326	Pulse	55	18550000	94184	NA
326	Pulse	55	18560000	104184	NA
326	Pulse	55	18570000	114184	NA
326	Pulse	55	18580000	124184	NA
326	Pulse	55	18590000	134184	NA
326	Pulse	55	18600000	144184	NA
326	Pulse	55	18610000	154184	NA
326	Pulse	55	18620000	164184	NA
326	Pulse	55	18630000	174184	NA
326	Pulse	55	18640000	184184	NA
326	Pulse	55	18650000	194184	NA
326	Pulse	55	18660000	204184	NA
326	Pulse	55	18670000	214184	NA
326	Pulse	55	18680000	224184	NA
326	Pulse	55	18690000	234184	NA
326	Pulse	55	18700000	244184	NA
326	Pulse	55	18710000	254184	NA
326	Pulse	55	18720000	264184	NA
326	Pulse	55	18730000	274184	NA
326	Pulse	55	18740000	284184	NA
326	Pulse	55	18750000	294184	NA
326	Pulse	55	18760000	304184	NA
326	Pulse	55	18770000	314184	NA
326	Pulse	55	18780000	324184	NA
326	Pulse	55	18790000	334184	NA
326	Pulse	55	18800000	344184	NA
326	Pulse	55	18810000	354184	NA
326	Pulse	55	18820000	364184	NA
326	Pulse	55	18830000	374184	NA
326	Pulse	55	18840000	384184	NA
326	Pulse	55	18850000	394184	NA
326	Pulse	55	18860000	404184	NA
326	Pulse	55	18870000	414184	NA
326	Pulse	55	18880000	424184	NA
326	Pulse	55	18890000	434184	NA
326	Pulse	55	18900000	444184	NA
326	Pulse	55	18910000	454184	NA
326	Pulse	55	18920000	464184	NA
326	Pulse	55	18930000	474184	NA
326	Pulse	55	18940000	484184	NA
326	Pulse	55	18950000	494184	NA
326	Pulse	55	18960000	504184	NA
326	Pulse	55	18970000	514184	NA
326	Pulse	55	18980000	524184	NA
326	Pulse	55	18990000	534184	NA
326	Pulse	55	19000000	544184	NA
326	Pulse	55	19010000	554184	NA
326	Pulse	55	19020000	564184	NA
326	Pulse	55	19030000	574184	NA
326	Pulse	55	19040000	584184	NA
326	Pulse	55	19050000	594184	NA
326	Pulse	55	19060000	604184	NA
326	Pulse	55	19070000	614184	NA
326	Pulse	55	19080000	624184	NA
326	Pulse	55	19090000	634184	NA
326	Pulse	55	19100000	644184	NA
326	Pulse	55	19110000	654184	NA
326	Pulse	55	19120000	664184	NA
326	Pulse	55	19130000	674184	NA
326	Pulse	55	19140000	684184	NA
326	Pulse	55	19150000	694184	NA
326	Pulse	55	19160000	704184	NA
326	Pulse	55	19170000	714184	NA
326	Pulse	55	19180000	724184	NA
326	Pulse	55	19190000	734184	NA
326	Pulse	55	19200000	744184	NA
326	Pulse	55	19210000	754184	NA
326	Pulse	55	19220000	764184	NA
326	Pulse	55	19230000	774184	NA
326	Pulse	55	19240000	784184	NA
326	Pulse	55	19250000	794184	NA
326	Pulse	55	19260000	804184	NA
326	Pulse	55	19270000	814184	NA
326	Pulse	55	19280000	824184	NA
326	Pulse	55	19290000	834184	NA
326	Pulse	55	19300000	844184	NA
326	Pulse	55	19310000	854184	NA
326	Pulse	55	19320000	864184	NA
326	Pulse	55	19330000	874184	NA
326	Pulse	55	19340000	884184	NA
326	Pulse	55	19350000	894184	NA
326	Pulse	55	19360000	904184	NA
326	Pulse	55	19370000	914184	NA
326	Pulse	55	19380000	924184	NA
326	Pulse	55	19390000	934184	NA
326	Pulse	55	19400000	944184	NA
326	Pulse	55	19410000	954184	NA
326	Pulse	55	19420000	964184	NA
326	Pulse	55	19430000	974184	NA
326	Pulse	55	19440000	984184	NA
326	Pulse	55	19450000	994184	NA
326	Pulse	55	19460000	1004184	NA
326	Pulse	55	19470000	1014184	NA
326	Pulse	55	19480000	1024184	NA
326	Pulse	55	19490000	1034184	NA
326	Pulse	55	19500000	1044184	NA
326	Pulse	55	19510000	1054184	NA
326	Pulse	55	19520000	1064184	NA
326	Pulse	55	19530000	1074184	NA
326	Pulse	55	19540000	1084184	NA
326	Pulse	55	19550000	1094184	NA
326	Pulse	55	19560000	1104184	NA
326	Pulse	55	19570000	1114184	NA
326	Pulse	55	19580000	1124184	NA
326	Pulse	55	19590000	1134184	NA
326	Pulse	55	19600000	1144184	NA
326	Pulse	55	19610000	1154184	NA
326	Pulse	55	19620000	1164184	NA
326	Pulse	55	19630000	1174184	NA
326	Pulse	55	19640000	1184184	NA
326	Pulse	55	19650000	1194184	NA
326	Pulse	55	19660000	1204184	NA
326	Pulse	55	19670000	1214184	NA
326	Pulse	55	19680000	1224184	NA
326	Pulse	55	19690000	1234184	NA
326	Pulse	55	19700000	1244184	NA
326	Pulse	55	19710000	1254184	NA
326	Pulse	55	19720000	1264184	NA
326	Pulse	55	19730000	1274184	NA
326	Pulse	55	19740000	1284184	NA
326	Pulse	55	19750000	1294184	NA
326	Pulse	55	19760000	1304184	NA
326	Pulse	55	19770000	1314184	NA
326	Pulse	55	19780000	1324184	NA
326	Pulse	55	19790000	1334184	NA
326	Pulse	55	19800000	1344184	NA
326	Pulse	55	19810000	1354184	NA
326	Pulse	55	19820000	1364184	NA
326	Pulse	55	19830000	1374184	NA
326	Pulse	55	19840000	1384184	NA
326	Pulse	55	19850000	1394184	NA
326	Pulse	55	19860000	1404184	NA
326	Pulse	55	19870000	1414184	NA
326	Pulse	55	19880000	1424184	NA
326	Pulse	55	19890000	1434184	NA
326	Pulse	55	19900000	1444184	NA
326	Pulse	55	19910000	1454184	NA
326	Pulse	55	19920000	1464184	NA
326	Pulse	55	19930000	1474184	NA
326	Pulse	55	19940000	1484184	NA
326	Pulse	55	19950000	1494184	NA
326	Pulse	55	19960000	1504184	NA
326	Pulse	55	19970000	1514184	NA
326	Pulse	55	19980000	1524184	NA
326	Pulse	55	19990000	1534184	NA
326	Pulse	55	20000000	1544184	NA
326	Pulse	55	20010000	1554184	NA
326	Pulse	55	20020000	1564184	NA
326	Pulse	55	20030000	1574184	NA
326	Pulse	55	20040000	1584184	NA
326	Pulse	55	20050000	1594184	NA
326	Pulse	55	20060000	1604184	NA
326	Pulse	55	20070000	1614184	NA
326	Pulse	55	20080000	1624184	NA
326	Pulse	55	20090000	1634184	NA
326	Pulse	55	20100000	1644184	NA
326	Pulse	55	20110000	1654184	NA
326	Pulse	55	20120000	1664184	NA
326	Pulse	55	20130000	1674184	NA
326	Pulse	55	20140000	1684184	NA
326	Pulse	55	20150000	1694184	NA
326	Pulse	55	20160000	1704184	NA
326	Pulse	55	20170000	1714184	NA
326	Pulse	55	20180000	1724184	NA
326	Pulse	55	20190000	1734184	NA
326	Pulse	55	20200000	1744184	NA
326	Pulse	55	20210000	1754184	NA
326	Pulse	55	20220000	1764184	NA
326	Pulse	55	20230000	1774184	NA
326	Pulse	55	20240000	1784184	NA
326	Response	1	20240316	1784501	1
