Scenario - Slideshow_D2.sce
Logfile written - 09/24/2021 10:30:02

Trial	Event Type	Code	Time	TTime	Uncertainty	Duration	Uncertainty	ReqTime	ReqDur	Stim Type	Pair Index

0	Pulse	55	0	0	NA
1	Pulse	55	10000	9333	NA
1	Pulse	55	20000	19333	NA
1	Pulse	55	30000	29333	NA
1	Pulse	55	40000	39333	NA
2	Pulse	55	50000	8737	NA
2	Pulse	55	60000	18737	NA
2	Pulse	55	70000	28737	NA
2	Pulse	55	80000	38737	NA
3	Pulse	55	90000	8140	NA
3	Pulse	55	100000	18140	NA
3	Pulse	55	110000	28140	NA
3	Pulse	55	120000	38140	NA
4	Pulse	55	130000	7543	NA
4	Pulse	55	140000	17543	NA
4	Pulse	55	150000	27543	NA
4	Pulse	55	160000	37543	NA
5	Pulse	55	170000	6947	NA
5	Pulse	55	180000	16947	NA
5	Pulse	55	190000	26947	NA
5	Pulse	55	200000	36947	NA
6	Pulse	55	210000	6350	NA
6	Pulse	55	220000	16350	NA
6	Pulse	55	230000	26350	NA
6	Pulse	55	240000	36350	NA
7	Pulse	55	250000	5753	NA
7	Pulse	55	260000	15753	NA
7	Pulse	55	270000	25753	NA
7	Pulse	55	280000	35753	NA
8	Pulse	55	290000	5156	NA
8	Pulse	55	300000	15156	NA
8	Pulse	55	310000	25156	NA
8	Pulse	55	320000	35156	NA
9	Pulse	55	330000	4560	NA
9	Pulse	55	340000	14560	NA
9	Pulse	55	350000	24560	NA
9	Pulse	55	360000	34560	NA
10	Pulse	55	370000	4046	NA
10	Pulse	55	380000	14046	NA
10	Pulse	55	390000	24046	NA
10	Pulse	55	400000	34046	NA
11	Pulse	55	410000	3450	NA
11	Pulse	55	420000	13450	NA
11	Pulse	55	430000	23450	NA
11	Pulse	55	440000	33450	NA
12	Pulse	55	450000	2936	NA
12	Pulse	55	460000	12936	NA
12	Pulse	55	470000	22936	NA
12	Pulse	55	480000	32936	NA
13	Pulse	55	490000	2340	NA
13	Pulse	55	500000	12340	NA
13	Pulse	55	510000	22340	NA
13	Pulse	55	520000	32340	NA
14	Pulse	55	530000	1743	NA
14	Pulse	55	540000	11743	NA
14	Pulse	55	550000	21743	NA
14	Pulse	55	560000	31743	NA
15	Pulse	55	570000	1146	NA
15	Pulse	55	580000	11146	NA
15	Pulse	55	590000	21146	NA
15	Pulse	55	600000	31146	NA
16	Pulse	55	610000	549	NA
16	Pulse	55	620000	10549	NA
16	Pulse	55	630000	20549	NA
16	Pulse	55	640000	30549	NA
16	Pulse	55	650000	40549	NA
17	Pulse	55	660000	9953	NA
17	Pulse	55	670000	19953	NA
17	Pulse	55	680000	29953	NA
17	Pulse	55	690000	39953	NA
18	Pulse	55	700000	9356	NA
18	Pulse	55	710000	19356	NA
18	Pulse	55	720000	29356	NA
18	Pulse	55	730000	39356	NA
19	Pulse	55	740000	8759	NA
19	Pulse	55	750000	18759	NA
19	Pulse	55	760000	28759	NA
19	Pulse	55	770000	38759	NA
20	Pulse	55	780000	8162	NA
20	Pulse	55	790000	18162	NA
20	Pulse	55	800000	28162	NA
20	Pulse	55	810000	38162	NA
21	Pulse	55	820000	7566	NA
21	Pulse	55	830000	17566	NA
21	Pulse	55	840000	27566	NA
21	Pulse	55	850000	37566	NA
22	Pulse	55	860000	6969	NA
22	Pulse	55	870000	16969	NA
22	Pulse	55	880000	26969	NA
22	Pulse	55	890000	36969	NA
23	Pulse	55	900000	6372	NA
23	Pulse	55	910000	16372	NA
23	Pulse	55	920000	26372	NA
23	Pulse	55	930000	36372	NA
24	Pulse	55	940000	5776	NA
24	Pulse	55	950000	15776	NA
24	Pulse	55	960000	25776	NA
24	Pulse	55	970000	35776	NA
25	Pulse	55	980000	5179	NA
25	Pulse	55	990000	15179	NA
25	Pulse	55	1000000	25179	NA
25	Pulse	55	1010000	35179	NA
26	Pulse	55	1020000	4582	NA
26	Pulse	55	1030000	14582	NA
26	Pulse	55	1040000	24582	NA
26	Pulse	55	1050000	34582	NA
27	Pulse	55	1060000	3985	NA
27	Pulse	55	1070000	13985	NA
27	Pulse	55	1080000	23985	NA
27	Pulse	55	1090000	33985	NA
28	Pulse	55	1100000	3389	NA
28	Pulse	55	1110000	13389	NA
28	Pulse	55	1120000	23389	NA
28	Pulse	55	1130000	33389	NA
29	Pulse	55	1140000	2792	NA
29	Pulse	55	1150000	12792	NA
29	Pulse	55	1160000	22792	NA
29	Pulse	55	1170000	32792	NA
30	Pulse	55	1180000	2195	NA
30	Pulse	55	1190000	12195	NA
30	Pulse	55	1200000	22195	NA
30	Pulse	55	1210000	32195	NA
31	Pulse	55	1220000	1599	NA
31	Pulse	55	1230000	11599	NA
31	Pulse	55	1240000	21599	NA
31	Pulse	55	1250000	31599	NA
32	Pulse	55	1260000	1002	NA
32	Pulse	55	1270000	11002	NA
32	Pulse	55	1280000	21002	NA
32	Pulse	55	1290000	31002	NA
33	Pulse	55	1300000	405	NA
33	Pulse	55	1310000	10405	NA
33	Pulse	55	1320000	20405	NA
33	Pulse	55	1330000	30405	NA
33	Pulse	55	1340000	40405	NA
34	Pulse	55	1350000	9808	NA
34	Pulse	55	1360000	19808	NA
34	Pulse	55	1370000	29808	NA
34	Pulse	55	1380000	39808	NA
35	Pulse	55	1390000	9212	NA
35	Pulse	55	1400000	19212	NA
35	Pulse	55	1410000	29212	NA
35	Pulse	55	1420000	39212	NA
36	Pulse	55	1430000	8615	NA
36	Pulse	55	1440000	18615	NA
36	Pulse	55	1450000	28615	NA
36	Pulse	55	1460000	38615	NA
37	Pulse	55	1470000	8018	NA
37	Pulse	55	1480000	18018	NA
37	Pulse	55	1490000	28018	NA
37	Pulse	55	1500000	38018	NA
38	Pulse	55	1510000	7255	NA
38	Pulse	55	1520000	17255	NA
38	Pulse	55	1530000	27255	NA
38	Pulse	55	1540000	37255	NA
39	Pulse	55	1550000	6658	NA
39	Pulse	55	1560000	16658	NA
39	Pulse	55	1570000	26658	NA
39	Pulse	55	1580000	36658	NA
40	Pulse	55	1590000	6061	NA
40	Pulse	55	1600000	16061	NA
40	Pulse	55	1610000	26061	NA
40	Pulse	55	1620000	36061	NA
41	Pulse	55	1630000	5465	NA
41	Pulse	55	1640000	15465	NA
41	Pulse	55	1650000	25465	NA
41	Pulse	55	1660000	35465	NA
42	Pulse	55	1670000	4785	NA
42	Pulse	55	1680000	14785	NA
42	Pulse	55	1690000	24785	NA
42	Pulse	55	1700000	34785	NA
43	Pulse	55	1710000	4188	NA
43	Pulse	55	1720000	14188	NA
43	Pulse	55	1730000	24188	NA
43	Pulse	55	1740000	34188	NA
44	Pulse	55	1750000	3591	NA
44	Pulse	55	1760000	13591	NA
44	Pulse	55	1770000	23591	NA
44	Pulse	55	1780000	33591	NA
45	Pulse	55	1790000	2995	NA
45	Pulse	55	1800000	12995	NA
45	Pulse	55	1810000	22995	NA
45	Pulse	55	1820000	32995	NA
46	Pulse	55	1830000	2314	NA
46	Pulse	55	1840000	12314	NA
46	Pulse	55	1850000	22314	NA
46	Pulse	55	1860000	32314	NA
47	Pulse	55	1870000	1718	NA
47	Pulse	55	1880000	11718	NA
47	Pulse	55	1890000	21718	NA
47	Pulse	55	1900000	31718	NA
48	Pulse	55	1910000	1121	NA
48	Pulse	55	1920000	11121	NA
48	Pulse	55	1930000	21121	NA
48	Pulse	55	1940000	31121	NA
49	Pulse	55	1950000	441	NA
49	Pulse	55	1960000	10441	NA
49	Pulse	55	1970000	20441	NA
49	Pulse	55	1980000	30441	NA
49	Pulse	55	1990000	40441	NA
50	Pulse	55	2000000	9844	NA
50	Pulse	55	2010000	19844	NA
50	Pulse	55	2020000	29844	NA
50	Pulse	55	2030000	39844	NA
51	Pulse	55	2040000	9248	NA
51	Pulse	55	2050000	19248	NA
51	Pulse	55	2060000	29248	NA
51	Pulse	55	2070000	39248	NA
52	Pulse	55	2080000	8651	NA
52	Pulse	55	2090000	18651	NA
52	Pulse	55	2100000	28651	NA
52	Pulse	55	2110000	38651	NA
53	Pulse	55	2120000	7971	NA
53	Pulse	55	2130000	17971	NA
53	Pulse	55	2140000	27971	NA
53	Pulse	55	2150000	37971	NA
54	Pulse	55	2160000	7374	NA
54	Pulse	55	2170000	17374	NA
54	Pulse	55	2180000	27374	NA
54	Pulse	55	2190000	37374	NA
55	Pulse	55	2200000	6777	NA
55	Pulse	55	2210000	16777	NA
55	Pulse	55	2220000	26777	NA
55	Pulse	55	2230000	36777	NA
56	Pulse	55	2240000	6014	NA
56	Pulse	55	2250000	16014	NA
56	Pulse	55	2260000	26014	NA
56	Pulse	55	2270000	36014	NA
57	Pulse	55	2280000	5417	NA
57	Pulse	55	2290000	15417	NA
57	Pulse	55	2300000	25417	NA
57	Pulse	55	2310000	35417	NA
58	Pulse	55	2320000	4821	NA
58	Pulse	55	2330000	14821	NA
58	Pulse	55	2340000	24821	NA
58	Pulse	55	2350000	34821	NA
59	Pulse	55	2360000	4224	NA
59	Pulse	55	2370000	14224	NA
59	Pulse	55	2380000	24224	NA
59	Pulse	55	2390000	34224	NA
60	Pulse	55	2400000	3627	NA
60	Pulse	55	2410000	13627	NA
60	Pulse	55	2420000	23627	NA
60	Pulse	55	2430000	33627	NA
61	Pulse	55	2440000	2947	NA
61	Pulse	55	2450000	12947	NA
61	Pulse	55	2460000	22947	NA
61	Pulse	55	2470000	32947	NA
62	Pulse	55	2480000	2350	NA
62	Pulse	55	2490000	12350	NA
62	Pulse	55	2500000	22350	NA
62	Pulse	55	2510000	32350	NA
63	Pulse	55	2520000	1670	NA
63	Pulse	55	2530000	11670	NA
63	Pulse	55	2540000	21670	NA
63	Pulse	55	2550000	31670	NA
64	Pulse	55	2560000	990	NA
64	Pulse	55	2570000	10990	NA
64	Pulse	55	2580000	20990	NA
64	Pulse	55	2590000	30990	NA
65	Pulse	55	2600000	310	NA
65	Pulse	55	2610000	10310	NA
65	Pulse	55	2620000	20310	NA
65	Pulse	55	2630000	30310	NA
65	Pulse	55	2640000	40310	NA
66	Pulse	55	2650000	9713	NA
66	Pulse	55	2660000	19713	NA
66	Pulse	55	2670000	29713	NA
66	Pulse	55	2680000	39713	NA
67	Pulse	55	2690000	9033	NA
67	Pulse	55	2700000	19033	NA
67	Pulse	55	2710000	29033	NA
67	Pulse	55	2720000	39033	NA
68	Pulse	55	2730000	8437	NA
68	Pulse	55	2740000	18437	NA
68	Pulse	55	2750000	28437	NA
68	Pulse	55	2760000	38437	NA
69	Pulse	55	2770000	7840	NA
69	Pulse	55	2780000	17840	NA
69	Pulse	55	2790000	27840	NA
69	Pulse	55	2800000	37840	NA
70	Pulse	55	2810000	7243	NA
70	Pulse	55	2820000	17243	NA
70	Pulse	55	2830000	27243	NA
70	Pulse	55	2840000	37243	NA
71	Pulse	55	2850000	6646	NA
71	Pulse	55	2860000	16646	NA
71	Pulse	55	2870000	26646	NA
71	Pulse	55	2880000	36646	NA
72	Pulse	55	2890000	6050	NA
72	Pulse	55	2900000	16050	NA
72	Pulse	55	2910000	26050	NA
72	Pulse	55	2920000	36050	NA
73	Pulse	55	2930000	5370	NA
73	Pulse	55	2940000	15370	NA
73	Pulse	55	2950000	25370	NA
73	Pulse	55	2960000	35370	NA
74	Pulse	55	2970000	4773	NA
74	Pulse	55	2980000	14773	NA
74	Pulse	55	2990000	24773	NA
74	Pulse	55	3000000	34773	NA
75	Pulse	55	3010000	4176	NA
75	Pulse	55	3020000	14176	NA
75	Pulse	55	3030000	24176	NA
75	Pulse	55	3040000	34176	NA
76	Pulse	55	3050000	3496	NA
76	Pulse	55	3060000	13496	NA
76	Pulse	55	3070000	23496	NA
76	Pulse	55	3080000	33496	NA
77	Pulse	55	3090000	2900	NA
77	Pulse	55	3100000	12900	NA
77	Pulse	55	3110000	22900	NA
77	Pulse	55	3120000	32900	NA
78	Pulse	55	3130000	2303	NA
78	Pulse	55	3140000	12303	NA
78	Pulse	55	3150000	22303	NA
78	Pulse	55	3160000	32303	NA
79	Pulse	55	3170000	1706	NA
79	Pulse	55	3180000	11706	NA
79	Pulse	55	3190000	21706	NA
79	Pulse	55	3200000	31706	NA
80	Pulse	55	3210000	1109	NA
80	Pulse	55	3220000	11109	NA
80	Pulse	55	3230000	21109	NA
80	Pulse	55	3240000	31109	NA
81	Pulse	55	3250000	513	NA
81	Pulse	55	3260000	10513	NA
81	Pulse	55	3270000	20513	NA
81	Pulse	55	3280000	30513	NA
81	Pulse	55	3290000	40513	NA
82	Pulse	55	3300000	9833	NA
82	Pulse	55	3310000	19833	NA
82	Pulse	55	3320000	29833	NA
82	Pulse	55	3330000	39833	NA
83	Pulse	55	3340000	9236	NA
83	Pulse	55	3350000	19236	NA
83	Pulse	55	3360000	29236	NA
83	Pulse	55	3370000	39236	NA
84	Pulse	55	3380000	8639	NA
84	Pulse	55	3390000	18639	NA
84	Pulse	55	3400000	28639	NA
84	Pulse	55	3410000	38639	NA
85	Pulse	55	3420000	8042	NA
85	Pulse	55	3430000	18042	NA
85	Pulse	55	3440000	28042	NA
85	Pulse	55	3450000	38042	NA
86	Pulse	55	3460000	7362	NA
86	Pulse	55	3470000	17362	NA
86	Pulse	55	3480000	27362	NA
86	Pulse	55	3490000	37362	NA
87	Pulse	55	3500000	6766	NA
87	Pulse	55	3510000	16766	NA
87	Pulse	55	3520000	26766	NA
87	Pulse	55	3530000	36766	NA
88	Pulse	55	3540000	6169	NA
88	Pulse	55	3550000	16169	NA
88	Pulse	55	3560000	26169	NA
88	Pulse	55	3570000	36169	NA
89	Pulse	55	3580000	5572	NA
89	Pulse	55	3590000	15572	NA
89	Pulse	55	3600000	25572	NA
89	Pulse	55	3610000	35572	NA
90	Pulse	55	3620000	4976	NA
90	Pulse	55	3630000	14976	NA
90	Pulse	55	3640000	24976	NA
90	Pulse	55	3650000	34976	NA
91	Pulse	55	3660000	4379	NA
91	Pulse	55	3670000	14379	NA
91	Pulse	55	3680000	24379	NA
91	Pulse	55	3690000	34379	NA
92	Pulse	55	3700000	3782	NA
92	Pulse	55	3710000	13782	NA
92	Pulse	55	3720000	23782	NA
92	Pulse	55	3730000	33782	NA
93	Pulse	55	3740000	3185	NA
93	Pulse	55	3750000	13185	NA
93	Pulse	55	3760000	23185	NA
93	Pulse	55	3770000	33185	NA
94	Pulse	55	3780000	2589	NA
94	Pulse	55	3790000	12589	NA
94	Pulse	55	3800000	22589	NA
94	Pulse	55	3810000	32589	NA
95	Pulse	55	3820000	1992	NA
95	Pulse	55	3830000	11992	NA
95	Pulse	55	3840000	21992	NA
95	Pulse	55	3850000	31992	NA
96	Pulse	55	3860000	1395	NA
96	Pulse	55	3870000	11395	NA
96	Pulse	55	3880000	21395	NA
96	Pulse	55	3890000	31395	NA
97	Pulse	55	3900000	799	NA
97	Pulse	55	3910000	10799	NA
97	Pulse	55	3920000	20799	NA
97	Pulse	55	3930000	30799	NA
98	Pulse	55	3940000	202	NA
98	Pulse	55	3950000	10202	NA
98	Pulse	55	3960000	20202	NA
98	Pulse	55	3970000	30202	NA
98	Pulse	55	3980000	40202	NA
99	Pulse	55	3990000	9605	NA
99	Pulse	55	4000000	19605	NA
99	Pulse	55	4010000	29605	NA
99	Pulse	55	4020000	39605	NA
100	Pulse	55	4030000	9008	NA
100	Pulse	55	4040000	19008	NA
100	Pulse	55	4050000	29008	NA
100	Pulse	55	4060000	39008	NA
101	Pulse	55	4070000	8412	NA
101	Pulse	55	4080000	18412	NA
101	Pulse	55	4090000	28412	NA
101	Pulse	55	4100000	38412	NA
102	Pulse	55	4110000	7815	NA
102	Pulse	55	4120000	17815	NA
102	Pulse	55	4130000	27815	NA
102	Pulse	55	4140000	37815	NA
103	Pulse	55	4150000	7218	NA
103	Pulse	55	4160000	17218	NA
103	Pulse	55	4170000	27218	NA
103	Pulse	55	4180000	37218	NA
104	Pulse	55	4190000	6622	NA
104	Pulse	55	4200000	16622	NA
104	Pulse	55	4210000	26622	NA
104	Pulse	55	4220000	36622	NA
105	Pulse	55	4230000	6108	NA
105	Pulse	55	4240000	16108	NA
105	Pulse	55	4250000	26108	NA
105	Pulse	55	4260000	36108	NA
106	Pulse	55	4270000	5512	NA
106	Pulse	55	4280000	15512	NA
106	Pulse	55	4290000	25512	NA
106	Pulse	55	4300000	35512	NA
107	Pulse	55	4310000	4998	NA
107	Pulse	55	4320000	14998	NA
107	Pulse	55	4330000	24998	NA
107	Pulse	55	4340000	34998	NA
108	Pulse	55	4350000	4485	NA
108	Pulse	55	4360000	14485	NA
108	Pulse	55	4370000	24485	NA
108	Pulse	55	4380000	34485	NA
109	Pulse	55	4390000	3888	NA
109	Pulse	55	4400000	13888	NA
109	Pulse	55	4410000	23888	NA
109	Pulse	55	4420000	33888	NA
110	Pulse	55	4430000	3291	NA
110	Pulse	55	4440000	13291	NA
110	Pulse	55	4450000	23291	NA
110	Pulse	55	4460000	33291	NA
111	Pulse	55	4470000	2695	NA
111	Pulse	55	4480000	12695	NA
111	Pulse	55	4490000	22695	NA
111	Pulse	55	4500000	32695	NA
112	Pulse	55	4510000	2098	NA
112	Pulse	55	4520000	12098	NA
112	Pulse	55	4530000	22098	NA
112	Pulse	55	4540000	32098	NA
113	Pulse	55	4550000	1501	NA
113	Pulse	55	4560000	11501	NA
113	Pulse	55	4570000	21501	NA
113	Pulse	55	4580000	31501	NA
114	Pulse	55	4590000	905	NA
114	Pulse	55	4600000	10905	NA
114	Pulse	55	4610000	20905	NA
114	Pulse	55	4620000	30905	NA
115	Pulse	55	4630000	391	NA
115	Pulse	55	4640000	10391	NA
115	Pulse	55	4650000	20391	NA
115	Pulse	55	4660000	30391	NA
115	Pulse	55	4670000	40391	NA
116	Pulse	55	4680000	9795	NA
116	Pulse	55	4690000	19795	NA
116	Pulse	55	4700000	29795	NA
116	Pulse	55	4710000	39795	NA
117	Pulse	55	4720000	9198	NA
117	Pulse	55	4730000	19198	NA
117	Pulse	55	4740000	29198	NA
117	Pulse	55	4750000	39198	NA
118	Pulse	55	4760000	8684	NA
118	Pulse	55	4770000	18684	NA
118	Pulse	55	4780000	28684	NA
118	Pulse	55	4790000	38684	NA
119	Pulse	55	4800000	8171	NA
119	Pulse	55	4810000	18171	NA
119	Pulse	55	4820000	28171	NA
119	Pulse	55	4830000	38171	NA
120	Pulse	55	4840000	7574	NA
120	Pulse	55	4850000	17574	NA
120	Pulse	55	4860000	27574	NA
120	Pulse	55	4870000	37574	NA
121	Pulse	55	4880000	7061	NA
121	Pulse	55	4890000	17061	NA
121	Pulse	55	4900000	27061	NA
121	Pulse	55	4910000	37061	NA
122	Pulse	55	4920000	6464	NA
122	Pulse	55	4930000	16464	NA
122	Pulse	55	4940000	26464	NA
122	Pulse	55	4950000	36464	NA
123	Pulse	55	4960000	5951	NA
123	Pulse	55	4970000	15951	NA
123	Pulse	55	4980000	25951	NA
123	Pulse	55	4990000	35951	NA
124	Pulse	55	5000000	5438	NA
124	Pulse	55	5010000	15438	NA
124	Pulse	55	5020000	25438	NA
124	Pulse	55	5030000	35438	NA
125	Pulse	55	5040000	4924	NA
125	Pulse	55	5050000	14924	NA
125	Pulse	55	5060000	24924	NA
125	Pulse	55	5070000	34924	NA
126	Pulse	55	5080000	4328	NA
126	Pulse	55	5090000	14328	NA
126	Pulse	55	5100000	24328	NA
126	Pulse	55	5110000	34328	NA
127	Pulse	55	5120000	3731	NA
127	Pulse	55	5130000	13731	NA
127	Pulse	55	5140000	23731	NA
127	Pulse	55	5150000	33731	NA
128	Pulse	55	5160000	3051	NA
128	Pulse	55	5170000	13051	NA
128	Pulse	55	5180000	23051	NA
128	Pulse	55	5190000	33051	NA
129	Pulse	55	5200000	2454	NA
129	Pulse	55	5210000	12454	NA
129	Pulse	55	5220000	22454	NA
129	Pulse	55	5230000	32454	NA
130	Pulse	55	5240000	1857	NA
130	Pulse	55	5250000	11857	NA
130	Pulse	55	5260000	21857	NA
130	Pulse	55	5270000	31857	NA
131	Pulse	55	5280000	1261	NA
131	Pulse	55	5290000	11261	NA
131	Pulse	55	5300000	21261	NA
131	Pulse	55	5310000	31261	NA
132	Pulse	55	5320000	747	NA
132	Pulse	55	5330000	10747	NA
132	Pulse	55	5340000	20747	NA
132	Pulse	55	5350000	30747	NA
133	Pulse	55	5360000	151	NA
133	Pulse	55	5370000	10151	NA
133	Pulse	55	5380000	20151	NA
133	Pulse	55	5390000	30151	NA
133	Pulse	55	5400000	40151	NA
134	Pulse	55	5410000	9554	NA
134	Pulse	55	5420000	19554	NA
134	Pulse	55	5430000	29554	NA
134	Pulse	55	5440000	39554	NA
135	Pulse	55	5450000	8957	NA
135	Pulse	55	5460000	18957	NA
135	Pulse	55	5470000	28957	NA
135	Pulse	55	5480000	38957	NA
136	Pulse	55	5490000	8360	NA
136	Pulse	55	5500000	18360	NA
136	Pulse	55	5510000	28360	NA
136	Pulse	55	5520000	38360	NA
137	Pulse	55	5530000	7764	NA
137	Pulse	55	5540000	17764	NA
137	Pulse	55	5550000	27764	NA
137	Pulse	55	5560000	37764	NA
138	Pulse	55	5570000	7250	NA
138	Pulse	55	5580000	17250	NA
138	Pulse	55	5590000	27250	NA
138	Pulse	55	5600000	37250	NA
139	Pulse	55	5610000	6654	NA
139	Pulse	55	5620000	16654	NA
139	Pulse	55	5630000	26654	NA
139	Pulse	55	5640000	36654	NA
140	Pulse	55	5650000	6057	NA
140	Pulse	55	5660000	16057	NA
140	Pulse	55	5670000	26057	NA
140	Pulse	55	5680000	36057	NA
141	Pulse	55	5690000	5544	NA
141	Pulse	55	5700000	15544	NA
141	Pulse	55	5710000	25544	NA
141	Pulse	55	5720000	35544	NA
142	Pulse	55	5730000	4947	NA
142	Pulse	55	5740000	14947	NA
142	Pulse	55	5750000	24947	NA
142	Pulse	55	5760000	34947	NA
143	Pulse	55	5770000	4350	NA
143	Pulse	55	5780000	14350	NA
143	Pulse	55	5790000	24350	NA
143	Pulse	55	5800000	34350	NA
144	Pulse	55	5810000	3837	NA
144	Pulse	55	5820000	13837	NA
144	Pulse	55	5830000	23837	NA
144	Pulse	55	5840000	33837	NA
145	Pulse	55	5850000	3324	NA
145	Pulse	55	5860000	13324	NA
145	Pulse	55	5870000	23324	NA
145	Pulse	55	5880000	33324	NA
146	Pulse	55	5890000	2727	NA
146	Pulse	55	5900000	12727	NA
146	Pulse	55	5910000	22727	NA
146	Pulse	55	5920000	32727	NA
147	Pulse	55	5930000	2130	NA
147	Pulse	55	5940000	12130	NA
147	Pulse	55	5950000	22130	NA
147	Pulse	55	5960000	32130	NA
148	Pulse	55	5970000	1533	NA
148	Pulse	55	5980000	11533	NA
148	Pulse	55	5990000	21533	NA
148	Pulse	55	6000000	31533	NA
149	Pulse	55	6010000	937	NA
149	Pulse	55	6020000	10937	NA
149	Pulse	55	6030000	20937	NA
149	Pulse	55	6040000	30937	NA
150	Pulse	55	6050000	340	NA
150	Pulse	55	6060000	10340	NA
150	Pulse	55	6070000	20340	NA
150	Pulse	55	6080000	30340	NA
150	Pulse	55	6090000	40340	NA
151	Pulse	55	6100000	9743	NA
151	Pulse	55	6110000	19743	NA
151	Pulse	55	6120000	29743	NA
151	Pulse	55	6130000	39743	NA
152	Pulse	55	6140000	9147	NA
152	Pulse	55	6150000	19147	NA
152	Pulse	55	6160000	29147	NA
152	Pulse	55	6170000	39147	NA
153	Pulse	55	6180000	8633	NA
153	Pulse	55	6190000	18633	NA
153	Pulse	55	6200000	28633	NA
153	Pulse	55	6210000	38633	NA
154	Pulse	55	6220000	8120	NA
154	Pulse	55	6230000	18120	NA
154	Pulse	55	6240000	28120	NA
154	Pulse	55	6250000	38120	NA
155	Pulse	55	6260000	7690	NA
155	Pulse	55	6270000	17690	NA
155	Pulse	55	6280000	27690	NA
155	Pulse	55	6290000	37690	NA
156	Pulse	55	6300000	7177	NA
156	Pulse	55	6310000	17177	NA
156	Pulse	55	6320000	27177	NA
156	Pulse	55	6330000	37177	NA
157	Pulse	55	6340000	6663	NA
157	Pulse	55	6350000	16663	NA
157	Pulse	55	6360000	26663	NA
157	Pulse	55	6370000	36663	NA
158	Pulse	55	6380000	6150	NA
158	Pulse	55	6390000	16150	NA
158	Pulse	55	6400000	26150	NA
158	Pulse	55	6410000	36150	NA
159	Pulse	55	6420000	5553	NA
159	Pulse	55	6430000	15553	NA
159	Pulse	55	6440000	25553	NA
159	Pulse	55	6450000	35553	NA
160	Pulse	55	6460000	4956	NA
160	Pulse	55	6470000	14956	NA
160	Pulse	55	6480000	24956	NA
160	Pulse	55	6490000	34956	NA
161	Pulse	55	6500000	4360	NA
161	Pulse	55	6510000	14360	NA
161	Pulse	55	6520000	24360	NA
161	Pulse	55	6530000	34360	NA
162	Pulse	55	6540000	3846	NA
162	Pulse	55	6550000	13846	NA
162	Pulse	55	6560000	23846	NA
162	Pulse	55	6570000	33846	NA
163	Pulse	55	6580000	3250	NA
163	Pulse	55	6590000	13250	NA
163	Pulse	55	6600000	23250	NA
163	Pulse	55	6610000	33250	NA
164	Pulse	55	6620000	2653	NA
164	Pulse	55	6630000	12653	NA
164	Pulse	55	6640000	22653	NA
164	Pulse	55	6650000	32653	NA
165	Pulse	55	6660000	2056	NA
165	Pulse	55	6670000	12056	NA
165	Pulse	55	6680000	22056	NA
165	Pulse	55	6690000	32056	NA
166	Pulse	55	6700000	1460	NA
166	Pulse	55	6710000	11460	NA
166	Pulse	55	6720000	21460	NA
166	Pulse	55	6730000	31460	NA
167	Pulse	55	6740000	779	NA
167	Pulse	55	6750000	10779	NA
167	Pulse	55	6760000	20779	NA
167	Pulse	55	6770000	30779	NA
168	Pulse	55	6780000	99	NA
168	Pulse	55	6790000	10099	NA
168	Pulse	55	6800000	20099	NA
168	Pulse	55	6810000	30099	NA
168	Pulse	55	6820000	40099	NA
169	Pulse	55	6830000	9586	NA
169	Pulse	55	6840000	19586	NA
169	Pulse	55	6850000	29586	NA
169	Pulse	55	6860000	39586	NA
170	Pulse	55	6870000	8989	NA
170	Pulse	55	6880000	18989	NA
170	Pulse	55	6890000	28989	NA
170	Pulse	55	6900000	38989	NA
171	Pulse	55	6910000	8476	NA
171	Pulse	55	6920000	18476	NA
171	Pulse	55	6930000	28476	NA
171	Pulse	55	6940000	38476	NA
172	Pulse	55	6950000	7963	NA
172	Pulse	55	6960000	17963	NA
172	Pulse	55	6970000	27963	NA
172	Pulse	55	6980000	37963	NA
173	Pulse	55	6990000	7366	NA
173	Pulse	55	7000000	17366	NA
173	Pulse	55	7010000	27366	NA
173	Pulse	55	7020000	37366	NA
174	Pulse	55	7030000	6936	NA
174	Pulse	55	7040000	16936	NA
174	Pulse	55	7050000	26936	NA
174	Pulse	55	7060000	36936	NA
175	Pulse	55	7070000	6423	NA
175	Pulse	55	7080000	16423	NA
175	Pulse	55	7090000	26423	NA
175	Pulse	55	7100000	36423	NA
176	Pulse	55	7110000	5826	NA
176	Pulse	55	7120000	15826	NA
176	Pulse	55	7130000	25826	NA
176	Pulse	55	7140000	35826	NA
177	Pulse	55	7150000	5313	NA
177	Pulse	55	7160000	15313	NA
177	Pulse	55	7170000	25313	NA
177	Pulse	55	7180000	35313	NA
178	Pulse	55	7190000	4799	NA
178	Pulse	55	7200000	14799	NA
178	Pulse	55	7210000	24799	NA
178	Pulse	55	7220000	34799	NA
179	Pulse	55	7230000	4286	NA
179	Pulse	55	7240000	14286	NA
179	Pulse	55	7250000	24286	NA
179	Pulse	55	7260000	34286	NA
180	Pulse	55	7270000	3689	NA
180	Pulse	55	7280000	13689	NA
180	Pulse	55	7290000	23689	NA
180	Pulse	55	7300000	33689	NA
181	Pulse	55	7310000	3092	NA
181	Pulse	55	7320000	13092	NA
181	Pulse	55	7330000	23092	NA
181	Pulse	55	7340000	33092	NA
182	Pulse	55	7350000	2496	NA
182	Pulse	55	7360000	12496	NA
182	Pulse	55	7370000	22496	NA
182	Pulse	55	7380000	32496	NA
183	Pulse	55	7390000	1899	NA
183	Pulse	55	7400000	11899	NA
183	Pulse	55	7410000	21899	NA
183	Pulse	55	7420000	31899	NA
184	Pulse	55	7430000	1302	NA
184	Pulse	55	7440000	11302	NA
184	Pulse	55	7450000	21302	NA
184	Pulse	55	7460000	31302	NA
185	Pulse	55	7470000	789	NA
185	Pulse	55	7480000	10789	NA
185	Pulse	55	7490000	20789	NA
185	Pulse	55	7500000	30789	NA
186	Pulse	55	7510000	192	NA
186	Pulse	55	7520000	10192	NA
186	Pulse	55	7530000	20192	NA
186	Pulse	55	7540000	30192	NA
186	Pulse	55	7550000	40192	NA
187	Pulse	55	7560000	9596	NA
187	Pulse	55	7570000	19596	NA
187	Pulse	55	7580000	29596	NA
187	Pulse	55	7590000	39596	NA
188	Pulse	55	7600000	8999	NA
188	Pulse	55	7610000	18999	NA
188	Pulse	55	7620000	28999	NA
188	Pulse	55	7630000	38999	NA
189	Pulse	55	7640000	8402	NA
189	Pulse	55	7650000	18402	NA
189	Pulse	55	7660000	28402	NA
189	Pulse	55	7670000	38402	NA
190	Pulse	55	7680000	7805	NA
190	Pulse	55	7690000	17805	NA
190	Pulse	55	7700000	27805	NA
190	Pulse	55	7710000	37805	NA
191	Pulse	55	7720000	7209	NA
191	Pulse	55	7730000	17209	NA
191	Pulse	55	7740000	27209	NA
191	Pulse	55	7750000	37209	NA
192	Pulse	55	7760000	6612	NA
192	Pulse	55	7770000	16612	NA
192	Pulse	55	7780000	26612	NA
192	Pulse	55	7790000	36612	NA
193	Pulse	55	7800000	6015	NA
193	Pulse	55	7810000	16015	NA
193	Pulse	55	7820000	26015	NA
193	Pulse	55	7830000	36015	NA
194	Pulse	55	7840000	5419	NA
194	Pulse	55	7850000	15419	NA
194	Pulse	55	7860000	25419	NA
194	Pulse	55	7870000	35419	NA
195	Pulse	55	7880000	4822	NA
195	Pulse	55	7890000	14822	NA
195	Pulse	55	7900000	24822	NA
195	Pulse	55	7910000	34822	NA
196	Pulse	55	7920000	4225	NA
196	Pulse	55	7930000	14225	NA
196	Pulse	55	7940000	24225	NA
196	Pulse	55	7950000	34225	NA
197	Pulse	55	7960000	3712	NA
197	Pulse	55	7970000	13712	NA
197	Pulse	55	7980000	23712	NA
197	Pulse	55	7990000	33712	NA
198	Pulse	55	8000000	3198	NA
198	Pulse	55	8010000	13198	NA
198	Pulse	55	8020000	23198	NA
198	Pulse	55	8030000	33198	NA
199	Pulse	55	8040000	2602	NA
199	Pulse	55	8050000	12602	NA
199	Pulse	55	8060000	22602	NA
199	Pulse	55	8070000	32602	NA
200	Pulse	55	8080000	2005	NA
200	Pulse	55	8090000	12005	NA
200	Pulse	55	8100000	22005	NA
200	Pulse	55	8110000	32005	NA
201	Pulse	55	8120000	1492	NA
201	Pulse	55	8130000	11492	NA
201	Pulse	55	8140000	21492	NA
201	Pulse	55	8150000	31492	NA
202	Pulse	55	8160000	978	NA
202	Pulse	55	8170000	10978	NA
202	Pulse	55	8180000	20978	NA
202	Pulse	55	8190000	30978	NA
203	Pulse	55	8200000	465	NA
203	Pulse	55	8210000	10465	NA
203	Pulse	55	8220000	20465	NA
203	Pulse	55	8230000	30465	NA
203	Pulse	55	8240000	40465	NA
204	Pulse	55	8250000	9868	NA
204	Pulse	55	8260000	19868	NA
204	Pulse	55	8270000	29868	NA
204	Pulse	55	8280000	39868	NA
205	Pulse	55	8290000	9355	NA
205	Pulse	55	8300000	19355	NA
205	Pulse	55	8310000	29355	NA
205	Pulse	55	8320000	39355	NA
206	Pulse	55	8330000	8758	NA
206	Pulse	55	8340000	18758	NA
206	Pulse	55	8350000	28758	NA
206	Pulse	55	8360000	38758	NA
207	Pulse	55	8370000	8245	NA
207	Pulse	55	8380000	18245	NA
207	Pulse	55	8390000	28245	NA
207	Pulse	55	8400000	38245	NA
208	Pulse	55	8410000	7732	NA
208	Pulse	55	8420000	17732	NA
208	Pulse	55	8430000	27732	NA
208	Pulse	55	8440000	37732	NA
209	Pulse	55	8450000	7135	NA
209	Pulse	55	8460000	17135	NA
209	Pulse	55	8470000	27135	NA
209	Pulse	55	8480000	37135	NA
210	Pulse	55	8490000	6622	NA
210	Pulse	55	8500000	16622	NA
210	Pulse	55	8510000	26622	NA
210	Pulse	55	8520000	36622	NA
211	Pulse	55	8530000	6192	NA
211	Pulse	55	8540000	16192	NA
211	Pulse	55	8550000	26192	NA
211	Pulse	55	8560000	36192	NA
212	Pulse	55	8570000	5678	NA
212	Pulse	55	8580000	15678	NA
212	Pulse	55	8590000	25678	NA
212	Pulse	55	8600000	35678	NA
213	Pulse	55	8610000	5165	NA
213	Pulse	55	8620000	15165	NA
213	Pulse	55	8630000	25165	NA
213	Pulse	55	8640000	35165	NA
214	Pulse	55	8650000	4568	NA
214	Pulse	55	8660000	14568	NA
214	Pulse	55	8670000	24568	NA
214	Pulse	55	8680000	34568	NA
215	Pulse	55	8690000	3971	NA
215	Pulse	55	8700000	13971	NA
215	Pulse	55	8710000	23971	NA
215	Pulse	55	8720000	33971	NA
216	Pulse	55	8730000	3375	NA
216	Pulse	55	8740000	13375	NA
216	Pulse	55	8750000	23375	NA
216	Pulse	55	8760000	33375	NA
217	Pulse	55	8770000	3028	NA
217	Pulse	55	8780000	13028	NA
217	Pulse	55	8790000	23028	NA
217	Pulse	55	8800000	33028	NA
218	Pulse	55	8810000	2431	NA
218	Pulse	55	8820000	12431	NA
218	Pulse	55	8830000	22431	NA
218	Pulse	55	8840000	32431	NA
219	Pulse	55	8850000	1918	NA
219	Pulse	55	8860000	11918	NA
219	Pulse	55	8870000	21918	NA
219	Pulse	55	8880000	31918	NA
220	Pulse	55	8890000	1321	NA
220	Pulse	55	8900000	11321	NA
220	Pulse	55	8910000	21321	NA
220	Pulse	55	8920000	31321	NA
221	Pulse	55	8930000	725	NA
221	Pulse	55	8940000	10725	NA
221	Pulse	55	8950000	20725	NA
221	Pulse	55	8960000	30725	NA
222	Pulse	55	8970000	295	NA
222	Pulse	55	8980000	10295	NA
222	Pulse	55	8990000	20295	NA
222	Pulse	55	9000000	30295	NA
222	Pulse	55	9010000	40295	NA
223	Pulse	55	9020000	9781	NA
223	Pulse	55	9030000	19781	NA
223	Pulse	55	9040000	29781	NA
223	Pulse	55	9050000	39781	NA
224	Pulse	55	9060000	9185	NA
224	Pulse	55	9070000	19185	NA
224	Pulse	55	9080000	29185	NA
224	Pulse	55	9090000	39185	NA
225	Pulse	55	9100000	8755	NA
225	Pulse	55	9110000	18755	NA
225	Pulse	55	9120000	28755	NA
225	Pulse	55	9130000	38755	NA
226	Pulse	55	9140000	8241	NA
226	Pulse	55	9150000	18241	NA
226	Pulse	55	9160000	28241	NA
226	Pulse	55	9170000	38241	NA
227	Pulse	55	9180000	7728	NA
227	Pulse	55	9190000	17728	NA
227	Pulse	55	9200000	27728	NA
227	Pulse	55	9210000	37728	NA
228	Pulse	55	9220000	7131	NA
228	Pulse	55	9230000	17131	NA
228	Pulse	55	9240000	27131	NA
228	Pulse	55	9250000	37131	NA
229	Pulse	55	9260000	6534	NA
229	Pulse	55	9270000	16534	NA
229	Pulse	55	9280000	26534	NA
229	Pulse	55	9290000	36534	NA
230	Pulse	55	9300000	5938	NA
230	Pulse	55	9310000	15938	NA
230	Pulse	55	9320000	25938	NA
230	Pulse	55	9330000	35938	NA
231	Pulse	55	9340000	5424	NA
231	Pulse	55	9350000	15424	NA
231	Pulse	55	9360000	25424	NA
231	Pulse	55	9370000	35424	NA
232	Pulse	55	9380000	4828	NA
232	Pulse	55	9390000	14828	NA
232	Pulse	55	9400000	24828	NA
232	Pulse	55	9410000	34828	NA
233	Pulse	55	9420000	4231	NA
233	Pulse	55	9430000	14231	NA
233	Pulse	55	9440000	24231	NA
233	Pulse	55	9450000	34231	NA
234	Pulse	55	9460000	3634	NA
234	Pulse	55	9470000	13634	NA
234	Pulse	55	9480000	23634	NA
234	Pulse	55	9490000	33634	NA
235	Pulse	55	9500000	3038	NA
235	Pulse	55	9510000	13038	NA
235	Pulse	55	9520000	23038	NA
235	Pulse	55	9530000	33038	NA
236	Pulse	55	9540000	2441	NA
236	Pulse	55	9550000	12441	NA
236	Pulse	55	9560000	22441	NA
236	Pulse	55	9570000	32441	NA
237	Pulse	55	9580000	1844	NA
237	Pulse	55	9590000	11844	NA
237	Pulse	55	9600000	21844	NA
237	Pulse	55	9610000	31844	NA
238	Pulse	55	9620000	1331	NA
238	Pulse	55	9630000	11331	NA
238	Pulse	55	9640000	21331	NA
238	Pulse	55	9650000	31331	NA
239	Pulse	55	9660000	817	NA
239	Pulse	55	9670000	10817	NA
239	Pulse	55	9680000	20817	NA
239	Pulse	55	9690000	30817	NA
240	Pulse	55	9700000	221	NA
240	Pulse	55	9710000	10221	NA
240	Pulse	55	9720000	20221	NA
240	Pulse	55	9730000	30221	NA
240	Pulse	55	9740000	40221	NA
241	Pulse	55	9750000	9707	NA
241	Pulse	55	9760000	19707	NA
241	Pulse	55	9770000	29707	NA
241	Pulse	55	9780000	39707	NA
242	Pulse	55	9790000	9111	NA
242	Pulse	55	9800000	19111	NA
242	Pulse	55	9810000	29111	NA
242	Pulse	55	9820000	39111	NA
243	Pulse	55	9830000	8514	NA
243	Pulse	55	9840000	18514	NA
243	Pulse	55	9850000	28514	NA
243	Pulse	55	9860000	38514	NA
244	Pulse	55	9870000	7917	NA
244	Pulse	55	9880000	17917	NA
244	Pulse	55	9890000	27917	NA
244	Pulse	55	9900000	37917	NA
245	Pulse	55	9910000	7404	NA
245	Pulse	55	9920000	17404	NA
245	Pulse	55	9930000	27404	NA
245	Pulse	55	9940000	37404	NA
246	Pulse	55	9950000	6807	NA
246	Pulse	55	9960000	16807	NA
246	Pulse	55	9970000	26807	NA
246	Pulse	55	9980000	36807	NA
247	Pulse	55	9990000	6210	NA
247	Pulse	55	10000000	16210	NA
247	Pulse	55	10010000	26210	NA
247	Pulse	55	10020000	36210	NA
248	Pulse	55	10030000	5614	NA
248	Pulse	55	10040000	15614	NA
248	Pulse	55	10050000	25614	NA
248	Pulse	55	10060000	35614	NA
249	Pulse	55	10070000	5017	NA
249	Pulse	55	10080000	15017	NA
249	Pulse	55	10090000	25017	NA
249	Pulse	55	10100000	35017	NA
250	Pulse	55	10110000	4420	NA
250	Pulse	55	10120000	14420	NA
250	Pulse	55	10130000	24420	NA
250	Pulse	55	10140000	34420	NA
251	Pulse	55	10150000	3824	NA
251	Pulse	55	10160000	13824	NA
251	Pulse	55	10170000	23824	NA
251	Pulse	55	10180000	33824	NA
252	Pulse	55	10190000	3227	NA
252	Pulse	55	10200000	13227	NA
252	Pulse	55	10210000	23227	NA
252	Pulse	55	10220000	33227	NA
253	Pulse	55	10230000	2630	NA
253	Pulse	55	10240000	12630	NA
253	Pulse	55	10250000	22630	NA
253	Pulse	55	10260000	32630	NA
254	Pulse	55	10270000	2034	NA
254	Pulse	55	10280000	12034	NA
254	Pulse	55	10290000	22034	NA
254	Pulse	55	10300000	32034	NA
255	Pulse	55	10310000	1604	NA
255	Pulse	55	10320000	11604	NA
255	Pulse	55	10330000	21604	NA
255	Pulse	55	10340000	31604	NA
256	Pulse	55	10350000	1090	NA
256	Pulse	55	10360000	11090	NA
256	Pulse	55	10370000	21090	NA
256	Pulse	55	10380000	31090	NA
257	Pulse	55	10390000	577	NA
257	Pulse	55	10400000	10577	NA
257	Pulse	55	10410000	20577	NA
257	Pulse	55	10420000	30577	NA
257	Pulse	55	10430000	40577	NA
258	Pulse	55	10440000	9980	NA
258	Pulse	55	10450000	19980	NA
258	Pulse	55	10460000	29980	NA
258	Pulse	55	10470000	39980	NA
259	Pulse	55	10480000	9383	NA
259	Pulse	55	10490000	19383	NA
259	Pulse	55	10500000	29383	NA
259	Pulse	55	10510000	39383	NA
260	Pulse	55	10520000	8787	NA
260	Pulse	55	10530000	18787	NA
260	Pulse	55	10540000	28787	NA
260	Pulse	55	10550000	38787	NA
261	Pulse	55	10560000	8190	NA
261	Pulse	55	10570000	18190	NA
261	Pulse	55	10580000	28190	NA
261	Pulse	55	10590000	38190	NA
262	Pulse	55	10600000	7677	NA
262	Pulse	55	10610000	17677	NA
262	Pulse	55	10620000	27677	NA
262	Pulse	55	10630000	37677	NA
263	Pulse	55	10640000	7163	NA
263	Pulse	55	10650000	17163	NA
263	Pulse	55	10660000	27163	NA
263	Pulse	55	10670000	37163	NA
264	Pulse	55	10680000	6567	NA
264	Pulse	55	10690000	16567	NA
264	Pulse	55	10700000	26567	NA
264	Pulse	55	10710000	36567	NA
265	Pulse	55	10720000	5970	NA
265	Pulse	55	10730000	15970	NA
265	Pulse	55	10740000	25970	NA
265	Pulse	55	10750000	35970	NA
266	Pulse	55	10760000	5373	NA
266	Pulse	55	10770000	15373	NA
266	Pulse	55	10780000	25373	NA
266	Pulse	55	10790000	35373	NA
267	Pulse	55	10800000	4777	NA
267	Pulse	55	10810000	14777	NA
267	Pulse	55	10820000	24777	NA
267	Pulse	55	10830000	34777	NA
268	Pulse	55	10840000	4180	NA
268	Pulse	55	10850000	14180	NA
268	Pulse	55	10860000	24180	NA
268	Pulse	55	10870000	34180	NA
269	Pulse	55	10880000	3583	NA
269	Pulse	55	10890000	13583	NA
269	Pulse	55	10900000	23583	NA
269	Pulse	55	10910000	33583	NA
270	Pulse	55	10920000	2986	NA
270	Pulse	55	10930000	12986	NA
270	Pulse	55	10940000	22986	NA
270	Pulse	55	10950000	32986	NA
271	Pulse	55	10960000	2390	NA
271	Pulse	55	10970000	12390	NA
271	Pulse	55	10980000	22390	NA
271	Pulse	55	10990000	32390	NA
272	Pulse	55	11000000	1876	NA
272	Pulse	55	11010000	11876	NA
272	Pulse	55	11020000	21876	NA
272	Pulse	55	11030000	31876	NA
273	Pulse	55	11040000	1280	NA
273	Pulse	55	11050000	11280	NA
273	Pulse	55	11060000	21280	NA
273	Pulse	55	11070000	31280	NA
274	Pulse	55	11080000	683	NA
274	Pulse	55	11090000	10683	NA
274	Pulse	55	11100000	20683	NA
274	Pulse	55	11110000	30683	NA
275	Pulse	55	11120000	86	NA
275	Pulse	55	11130000	10086	NA
275	Pulse	55	11140000	20086	NA
275	Pulse	55	11150000	30086	NA
275	Pulse	55	11160000	40086	NA
276	Pulse	55	11170000	9489	NA
276	Pulse	55	11180000	19489	NA
276	Pulse	55	11190000	29489	NA
276	Pulse	55	11200000	39489	NA
277	Pulse	55	11210000	8893	NA
277	Pulse	55	11220000	18893	NA
277	Pulse	55	11230000	28893	NA
277	Pulse	55	11240000	38893	NA
278	Pulse	55	11250000	8296	NA
278	Pulse	55	11260000	18296	NA
278	Pulse	55	11270000	28296	NA
278	Pulse	55	11280000	38296	NA
279	Pulse	55	11290000	7699	NA
279	Pulse	55	11300000	17699	NA
279	Pulse	55	11310000	27699	NA
279	Pulse	55	11320000	37699	NA
280	Pulse	55	11330000	7103	NA
280	Pulse	55	11340000	17103	NA
280	Pulse	55	11350000	27103	NA
280	Pulse	55	11360000	37103	NA
281	Pulse	55	11370000	6506	NA
281	Pulse	55	11380000	16506	NA
281	Pulse	55	11390000	26506	NA
281	Pulse	55	11400000	36506	NA
282	Pulse	55	11410000	5909	NA
282	Pulse	55	11420000	15909	NA
282	Pulse	55	11430000	25909	NA
282	Pulse	55	11440000	35909	NA
283	Pulse	55	11450000	5229	NA
283	Pulse	55	11460000	15229	NA
283	Pulse	55	11470000	25229	NA
283	Pulse	55	11480000	35229	NA
284	Pulse	55	11490000	4632	NA
284	Pulse	55	11500000	14632	NA
284	Pulse	55	11510000	24632	NA
284	Pulse	55	11520000	34632	NA
285	Pulse	55	11530000	4036	NA
285	Pulse	55	11540000	14036	NA
285	Pulse	55	11550000	24036	NA
285	Pulse	55	11560000	34036	NA
286	Pulse	55	11570000	3439	NA
286	Pulse	55	11580000	13439	NA
286	Pulse	55	11590000	23439	NA
286	Pulse	55	11600000	33439	NA
287	Pulse	55	11610000	2759	NA
287	Pulse	55	11620000	12759	NA
287	Pulse	55	11630000	22759	NA
287	Pulse	55	11640000	32759	NA
288	Pulse	55	11650000	2162	NA
288	Pulse	55	11660000	12162	NA
288	Pulse	55	11670000	22162	NA
288	Pulse	55	11680000	32162	NA
289	Pulse	55	11690000	1566	NA
289	Pulse	55	11700000	11566	NA
289	Pulse	55	11710000	21566	NA
289	Pulse	55	11720000	31566	NA
290	Pulse	55	11730000	969	NA
290	Pulse	55	11740000	10969	NA
290	Pulse	55	11750000	20969	NA
290	Pulse	55	11760000	30969	NA
291	Pulse	55	11770000	289	NA
291	Pulse	55	11780000	10289	NA
291	Pulse	55	11790000	20289	NA
291	Pulse	55	11800000	30289	NA
291	Pulse	55	11810000	40289	NA
292	Pulse	55	11820000	9692	NA
292	Pulse	55	11830000	19692	NA
292	Pulse	55	11840000	29692	NA
292	Pulse	55	11850000	39692	NA
293	Pulse	55	11860000	9095	NA
293	Pulse	55	11870000	19095	NA
293	Pulse	55	11880000	29095	NA
293	Pulse	55	11890000	39095	NA
294	Pulse	55	11900000	8415	NA
294	Pulse	55	11910000	18415	NA
294	Pulse	55	11920000	28415	NA
294	Pulse	55	11930000	38415	NA
295	Pulse	55	11940000	7819	NA
295	Pulse	55	11950000	17819	NA
295	Pulse	55	11960000	27819	NA
295	Pulse	55	11970000	37819	NA
296	Pulse	55	11980000	7222	NA
296	Pulse	55	11990000	17222	NA
296	Pulse	55	12000000	27222	NA
296	Pulse	55	12010000	37222	NA
297	Pulse	55	12020000	6625	NA
297	Pulse	55	12030000	16625	NA
297	Pulse	55	12040000	26625	NA
297	Pulse	55	12050000	36625	NA
298	Pulse	55	12060000	5945	NA
298	Pulse	55	12070000	15945	NA
298	Pulse	55	12080000	25945	NA
298	Pulse	55	12090000	35945	NA
299	Pulse	55	12100000	5348	NA
299	Pulse	55	12110000	15348	NA
299	Pulse	55	12120000	25348	NA
299	Pulse	55	12130000	35348	NA
300	Pulse	55	12140000	4752	NA
300	Pulse	55	12150000	14752	NA
300	Pulse	55	12160000	24752	NA
300	Pulse	55	12170000	34752	NA
301	Pulse	55	12180000	4072	NA
301	Pulse	55	12190000	14072	NA
301	Pulse	55	12200000	24072	NA
301	Pulse	55	12210000	34072	NA
302	Pulse	55	12220000	3475	NA
302	Pulse	55	12230000	13475	NA
302	Pulse	55	12240000	23475	NA
302	Pulse	55	12250000	33475	NA
303	Pulse	55	12260000	2878	NA
303	Pulse	55	12270000	12878	NA
303	Pulse	55	12280000	22878	NA
303	Pulse	55	12290000	32878	NA
304	Pulse	55	12300000	2281	NA
304	Pulse	55	12310000	12281	NA
304	Pulse	55	12320000	22281	NA
304	Pulse	55	12330000	32281	NA
305	Pulse	55	12340000	1685	NA
305	Pulse	55	12350000	11685	NA
305	Pulse	55	12360000	21685	NA
305	Pulse	55	12370000	31685	NA
306	Pulse	55	12380000	1088	NA
306	Pulse	55	12390000	11088	NA
306	Pulse	55	12400000	21088	NA
306	Pulse	55	12410000	31088	NA
307	Pulse	55	12420000	491	NA
307	Pulse	55	12430000	10491	NA
307	Pulse	55	12440000	20491	NA
307	Pulse	55	12450000	30491	NA
307	Pulse	55	12460000	40491	NA
308	Pulse	55	12470000	9811	NA
308	Pulse	55	12480000	19811	NA
308	Pulse	55	12490000	29811	NA
308	Pulse	55	12500000	39811	NA
309	Pulse	55	12510000	9215	NA
309	Pulse	55	12520000	19215	NA
309	Pulse	55	12530000	29215	NA
309	Pulse	55	12540000	39215	NA
310	Pulse	55	12550000	8535	NA
310	Pulse	55	12560000	18535	NA
310	Pulse	55	12570000	28535	NA
310	Pulse	55	12580000	38535	NA
311	Pulse	55	12590000	7938	NA
311	Pulse	55	12600000	17938	NA
311	Pulse	55	12610000	27938	NA
311	Pulse	55	12620000	37938	NA
312	Pulse	55	12630000	7258	NA
312	Pulse	55	12640000	17258	NA
312	Pulse	55	12650000	27258	NA
312	Pulse	55	12660000	37258	NA
313	Pulse	55	12670000	6661	NA
313	Pulse	55	12680000	16661	NA
313	Pulse	55	12690000	26661	NA
313	Pulse	55	12700000	36661	NA
314	Pulse	55	12710000	6064	NA
314	Pulse	55	12720000	16064	NA
314	Pulse	55	12730000	26064	NA
314	Pulse	55	12740000	36064	NA
315	Pulse	55	12750000	5468	NA
315	Pulse	55	12760000	15468	NA
315	Pulse	55	12770000	25468	NA
315	Pulse	55	12780000	35468	NA
316	Pulse	55	12790000	4871	NA
316	Pulse	55	12800000	14871	NA
316	Pulse	55	12810000	24871	NA
316	Pulse	55	12820000	34871	NA
317	Pulse	55	12830000	4274	NA
317	Pulse	55	12840000	14274	NA
317	Pulse	55	12850000	24274	NA
317	Pulse	55	12860000	34274	NA
318	Pulse	55	12870000	3594	NA
318	Pulse	55	12880000	13594	NA
318	Pulse	55	12890000	23594	NA
318	Pulse	55	12900000	33594	NA
319	Pulse	55	12910000	2997	NA
319	Pulse	55	12920000	12997	NA
319	Pulse	55	12930000	22997	NA
319	Pulse	55	12940000	32997	NA
320	Pulse	55	12950000	2401	NA
320	Pulse	55	12960000	12401	NA
320	Pulse	55	12970000	22401	NA
320	Pulse	55	12980000	32401	NA
321	Pulse	55	12990000	1804	NA
321	Pulse	55	13000000	11804	NA
321	Pulse	55	13010000	21804	NA
321	Pulse	55	13020000	31804	NA
322	Pulse	55	13030000	1207	NA
322	Pulse	55	13040000	11207	NA
322	Pulse	55	13050000	21207	NA
322	Pulse	55	13060000	31207	NA
323	Pulse	55	13070000	611	NA
323	Pulse	55	13080000	10611	NA
323	Pulse	55	13090000	20611	NA
323	Pulse	55	13100000	30611	NA
324	Pulse	55	13110000	14	NA
324	Pulse	55	13120000	10014	NA
324	Pulse	55	13130000	20014	NA
324	Pulse	55	13140000	30014	NA
324	Pulse	55	13150000	40014	NA
325	Pulse	55	13160000	9417	NA
325	Pulse	55	13170000	19417	NA
325	Pulse	55	13180000	29417	NA
325	Pulse	55	13190000	39417	NA
326	Pulse	55	13200000	8820	NA
326	Pulse	55	13210000	18820	NA
326	Pulse	55	13220000	28820	NA
326	Pulse	55	13230000	38820	NA
327	Pulse	55	13240000	8140	NA
327	Pulse	55	13250000	18140	NA
327	Pulse	55	13260000	28140	NA
327	Pulse	55	13270000	38140	NA
328	Pulse	55	13280000	7544	NA
328	Pulse	55	13290000	17544	NA
328	Pulse	55	13300000	27544	NA
328	Pulse	55	13310000	37544	NA
329	Pulse	55	13320000	6947	NA
329	Pulse	55	13330000	16947	NA
329	Pulse	55	13340000	26947	NA
329	Pulse	55	13350000	36947	NA
330	Pulse	55	13360000	6350	NA
330	Pulse	55	13370000	16350	NA
330	Pulse	55	13380000	26350	NA
330	Pulse	55	13390000	36350	NA
331	Pulse	55	13400000	5754	NA
331	Pulse	55	13410000	15754	NA
331	Pulse	55	13420000	25754	NA
331	Pulse	55	13430000	35754	NA
332	Pulse	55	13440000	5157	NA
332	Pulse	55	13450000	15157	NA
332	Pulse	55	13460000	25157	NA
332	Pulse	55	13470000	35157	NA
333	Pulse	55	13480000	4560	NA
333	Response	1	13487353	11913	1
333	Pulse	55	13490000	14560	NA
333	Pulse	55	13500000	24560	NA
333	Pulse	55	13510000	34560	NA
334	Pulse	55	13520000	4464	NA
334	Pulse	55	13530000	14464	NA
335	Pulse	55	13540000	4374	NA
335	Pulse	55	13550000	14374	NA
335	Pulse	55	13560000	24374	NA
335	Pulse	55	13570000	34374	NA
335	Pulse	55	13580000	44374	NA
335	Pulse	55	13590000	54374	NA
335	Pulse	55	13600000	64374	NA
335	Pulse	55	13610000	74374	NA
335	Pulse	55	13620000	84374	NA
335	Pulse	55	13630000	94374	NA
335	Pulse	55	13640000	104374	NA
335	Pulse	55	13650000	114374	NA
335	Pulse	55	13660000	124374	NA
335	Pulse	55	13670000	134374	NA
335	Pulse	55	13680000	144374	NA
335	Pulse	55	13690000	154374	NA
335	Pulse	55	13700000	164374	NA
335	Pulse	55	13710000	174374	NA
335	Response	1	13719352	183725	1
335	Pulse	55	13720000	184374	NA
335	Pulse	55	13730000	194374	NA
336	Pulse	55	13740000	9893	NA
336	Pulse	55	13750000	19893	NA
336	Pulse	55	13760000	29893	NA
336	Pulse	55	13770000	39893	NA
336	Pulse	55	13780000	49893	NA
336	Pulse	55	13790000	59893	NA
336	Pulse	55	13800000	69893	NA
336	Pulse	55	13810000	79893	NA
336	Pulse	55	13820000	89893	NA
336	Pulse	55	13830000	99893	NA
336	Pulse	55	13840000	109893	NA
336	Pulse	55	13850000	119893	NA
336	Pulse	55	13860000	129893	NA
336	Pulse	55	13870000	139893	NA
336	Pulse	55	13880000	149893	NA
336	Pulse	55	13890000	159893	NA
336	Pulse	55	13900000	169893	NA
336	Pulse	55	13910000	179893	NA
336	Pulse	55	13920000	189893	NA
336	Pulse	55	13930000	199893	NA
336	Pulse	55	13940000	209893	NA
336	Pulse	55	13950000	219893	NA
336	Pulse	55	13960000	229893	NA
336	Pulse	55	13970000	239893	NA
336	Pulse	55	13980000	249893	NA
336	Pulse	55	13990000	259893	NA
336	Pulse	55	14000000	269893	NA
336	Pulse	55	14010000	279893	NA
336	Pulse	55	14020000	289893	NA
336	Pulse	55	14030000	299893	NA
336	Pulse	55	14040000	309893	NA
336	Pulse	55	14050000	319893	NA
336	Pulse	55	14060000	329893	NA
336	Pulse	55	14070000	339893	NA
336	Pulse	55	14080000	349893	NA
336	Pulse	55	14090000	359893	NA
336	Pulse	55	14100000	369893	NA
336	Pulse	55	14110000	379893	NA
336	Pulse	55	14120000	389893	NA
336	Pulse	55	14130000	399893	NA
336	Pulse	55	14140000	409893	NA
336	Pulse	55	14150000	419893	NA
336	Pulse	55	14160000	429893	NA
336	Pulse	55	14170000	439893	NA
336	Pulse	55	14180000	449893	NA
336	Pulse	55	14190000	459893	NA
336	Pulse	55	14200000	469893	NA
336	Pulse	55	14210000	479893	NA
336	Pulse	55	14220000	489893	NA
336	Pulse	55	14230000	499893	NA
336	Pulse	55	14240000	509893	NA
336	Pulse	55	14250000	519893	NA
336	Pulse	55	14260000	529893	NA
336	Pulse	55	14270000	539893	NA
336	Pulse	55	14280000	549893	NA
336	Pulse	55	14290000	559893	NA
336	Pulse	55	14300000	569893	NA
336	Pulse	55	14310000	579893	NA
336	Pulse	55	14320000	589893	NA
336	Pulse	55	14330000	599893	NA
336	Pulse	55	14340000	609893	NA
336	Pulse	55	14350000	619893	NA
336	Pulse	55	14360000	629893	NA
336	Pulse	55	14370000	639893	NA
336	Pulse	55	14380000	649893	NA
336	Pulse	55	14390000	659893	NA
336	Pulse	55	14400000	669893	NA
336	Pulse	55	14410000	679893	NA
336	Pulse	55	14420000	689893	NA
336	Pulse	55	14430000	699893	NA
336	Pulse	55	14440000	709893	NA
336	Pulse	55	14450000	719893	NA
336	Pulse	55	14460000	729893	NA
336	Pulse	55	14470000	739893	NA
336	Pulse	55	14480000	749893	NA
336	Pulse	55	14490000	759893	NA
336	Pulse	55	14500000	769893	NA
336	Pulse	55	14510000	779893	NA
336	Pulse	55	14520000	789893	NA
336	Pulse	55	14530000	799893	NA
336	Pulse	55	14540000	809893	NA
336	Pulse	55	14550000	819893	NA
336	Pulse	55	14560000	829893	NA
336	Pulse	55	14570000	839893	NA
336	Pulse	55	14580000	849893	NA
336	Pulse	55	14590000	859893	NA
336	Pulse	55	14600000	869893	NA
336	Pulse	55	14610000	879893	NA
336	Pulse	55	14620000	889893	NA
336	Pulse	55	14630000	899893	NA
336	Pulse	55	14640000	909893	NA
336	Pulse	55	14650000	919893	NA
336	Pulse	55	14660000	929893	NA
336	Pulse	55	14670000	939893	NA
336	Pulse	55	14680000	949893	NA
336	Pulse	55	14690000	959893	NA
336	Pulse	55	14700000	969893	NA
336	Pulse	55	14710000	979893	NA
336	Pulse	55	14720000	989893	NA
336	Pulse	55	14730000	999893	NA
336	Pulse	55	14740000	1009893	NA
336	Pulse	55	14750000	1019893	NA
336	Pulse	55	14760000	1029893	NA
336	Pulse	55	14770000	1039893	NA
336	Pulse	55	14780000	1049893	NA
336	Pulse	55	14790000	1059893	NA
336	Pulse	55	14800000	1069893	NA
336	Pulse	55	14810000	1079893	NA
336	Pulse	55	14820000	1089893	NA
336	Pulse	55	14830000	1099893	NA
336	Pulse	55	14840000	1109893	NA
336	Pulse	55	14850000	1119893	NA
336	Pulse	55	14860000	1129893	NA
336	Pulse	55	14870000	1139893	NA
336	Pulse	55	14880000	1149893	NA
336	Pulse	55	14890000	1159893	NA
336	Pulse	55	14900000	1169893	NA
336	Pulse	55	14910000	1179893	NA
336	Pulse	55	14920000	1189893	NA
336	Pulse	55	14930000	1199893	NA
336	Pulse	55	14940000	1209893	NA
336	Pulse	55	14950000	1219893	NA
336	Pulse	55	14960000	1229893	NA
336	Pulse	55	14970000	1239893	NA
336	Pulse	55	14980000	1249893	NA
336	Pulse	55	14990000	1259893	NA
336	Pulse	55	15000000	1269893	NA
336	Pulse	55	15010000	1279893	NA
336	Pulse	55	15020000	1289893	NA
336	Pulse	55	15030000	1299893	NA
336	Pulse	55	15040000	1309893	NA
336	Pulse	55	15050000	1319893	NA
336	Pulse	55	15060000	1329893	NA
336	Pulse	55	15070000	1339893	NA
336	Pulse	55	15080000	1349893	NA
336	Pulse	55	15090000	1359893	NA
336	Pulse	55	15100000	1369893	NA
336	Pulse	55	15110000	1379893	NA
336	Pulse	55	15120000	1389893	NA
336	Pulse	55	15130000	1399893	NA
336	Pulse	55	15140000	1409893	NA
336	Pulse	55	15150000	1419893	NA
336	Pulse	55	15160000	1429893	NA
336	Pulse	55	15170000	1439893	NA
336	Pulse	55	15180000	1449893	NA
336	Pulse	55	15190000	1459893	NA
336	Pulse	55	15200000	1469893	NA
336	Pulse	55	15210000	1479893	NA
336	Pulse	55	15220000	1489893	NA
336	Pulse	55	15230000	1499893	NA
336	Pulse	55	15240000	1509893	NA
336	Pulse	55	15250000	1519893	NA
336	Pulse	55	15260000	1529893	NA
336	Pulse	55	15270000	1539893	NA
336	Pulse	55	15280000	1549893	NA
336	Pulse	55	15290000	1559893	NA
336	Pulse	55	15300000	1569893	NA
336	Pulse	55	15310000	1579893	NA
336	Pulse	55	15320000	1589893	NA
336	Pulse	55	15330000	1599893	NA
336	Pulse	55	15340000	1609893	NA
336	Pulse	55	15350000	1619893	NA
336	Pulse	55	15360000	1629893	NA
336	Pulse	55	15370000	1639893	NA
336	Pulse	55	15380000	1649893	NA
336	Pulse	55	15390000	1659893	NA
336	Pulse	55	15400000	1669893	NA
336	Pulse	55	15410000	1679893	NA
336	Pulse	55	15420000	1689893	NA
336	Pulse	55	15430000	1699893	NA
336	Pulse	55	15440000	1709893	NA
336	Pulse	55	15450000	1719893	NA
336	Pulse	55	15460000	1729893	NA
336	Pulse	55	15470000	1739893	NA
336	Pulse	55	15480000	1749893	NA
336	Pulse	55	15490000	1759893	NA
336	Pulse	55	15500000	1769893	NA
336	Pulse	55	15510000	1779893	NA
336	Pulse	55	15520000	1789893	NA
336	Pulse	55	15530000	1799893	NA
336	Pulse	55	15540000	1809893	NA
336	Pulse	55	15550000	1819893	NA
336	Pulse	55	15560000	1829893	NA
336	Pulse	55	15570000	1839893	NA
336	Pulse	55	15580000	1849893	NA
336	Pulse	55	15590000	1859893	NA
336	Pulse	55	15600000	1869893	NA
336	Pulse	55	15610000	1879893	NA
336	Pulse	55	15620000	1889893	NA
336	Pulse	55	15630000	1899893	NA
336	Pulse	55	15640000	1909893	NA
336	Pulse	55	15650000	1919893	NA
336	Pulse	55	15660000	1929893	NA
336	Pulse	55	15670000	1939893	NA
336	Pulse	55	15680000	1949893	NA
336	Pulse	55	15690000	1959893	NA
336	Pulse	55	15700000	1969893	NA
336	Pulse	55	15710000	1979893	NA
336	Pulse	55	15720000	1989893	NA
336	Pulse	55	15730000	1999893	NA
336	Pulse	55	15740000	2009893	NA
336	Pulse	55	15750000	2019893	NA
336	Pulse	55	15760000	2029893	NA
336	Pulse	55	15770000	2039893	NA
336	Pulse	55	15780000	2049893	NA
336	Pulse	55	15790000	2059893	NA
336	Pulse	55	15800000	2069893	NA
336	Pulse	55	15810000	2079893	NA
336	Pulse	55	15820000	2089893	NA
336	Pulse	55	15830000	2099893	NA
336	Pulse	55	15840000	2109893	NA
336	Pulse	55	15850000	2119893	NA
336	Pulse	55	15860000	2129893	NA
336	Pulse	55	15870000	2139893	NA
336	Pulse	55	15880000	2149893	NA
336	Pulse	55	15890000	2159893	NA
336	Pulse	55	15900000	2169893	NA
336	Pulse	55	15910000	2179893	NA
336	Pulse	55	15920000	2189893	NA
336	Pulse	55	15930000	2199893	NA
336	Pulse	55	15940000	2209893	NA
336	Pulse	55	15950000	2219893	NA
336	Pulse	55	15960000	2229893	NA
336	Pulse	55	15970000	2239893	NA
336	Pulse	55	15980000	2249893	NA
336	Pulse	55	15990000	2259893	NA
336	Pulse	55	16000000	2269893	NA
336	Pulse	55	16010000	2279893	NA
336	Pulse	55	16020000	2289893	NA
336	Pulse	55	16030000	2299893	NA
336	Pulse	55	16040000	2309893	NA
336	Pulse	55	16050000	2319893	NA
336	Pulse	55	16060000	2329893	NA
336	Pulse	55	16070000	2339893	NA
336	Pulse	55	16080000	2349893	NA
336	Pulse	55	16090000	2359893	NA
336	Pulse	55	16100000	2369893	NA
336	Pulse	55	16110000	2379893	NA
336	Pulse	55	16120000	2389893	NA
336	Pulse	55	16130000	2399893	NA
336	Pulse	55	16140000	2409893	NA
336	Pulse	55	16150000	2419893	NA
336	Pulse	55	16160000	2429893	NA
336	Pulse	55	16170000	2439893	NA
336	Pulse	55	16180000	2449893	NA
336	Pulse	55	16190000	2459893	NA
336	Pulse	55	16200000	2469893	NA
336	Pulse	55	16210000	2479893	NA
336	Pulse	55	16220000	2489893	NA
336	Pulse	55	16230000	2499893	NA
336	Pulse	55	16240000	2509893	NA
336	Pulse	55	16250000	2519893	NA
336	Pulse	55	16260000	2529893	NA
336	Pulse	55	16270000	2539893	NA
336	Pulse	55	16280000	2549893	NA
336	Pulse	55	16290000	2559893	NA
336	Pulse	55	16300000	2569893	NA
336	Pulse	55	16310000	2579893	NA
336	Pulse	55	16320000	2589893	NA
336	Pulse	55	16330000	2599893	NA
336	Pulse	55	16340000	2609893	NA
336	Pulse	55	16350000	2619893	NA
336	Pulse	55	16360000	2629893	NA
336	Pulse	55	16370000	2639893	NA
336	Pulse	55	16380000	2649893	NA
336	Pulse	55	16390000	2659893	NA
336	Pulse	55	16400000	2669893	NA
336	Pulse	55	16410000	2679893	NA
336	Pulse	55	16420000	2689893	NA
336	Pulse	55	16430000	2699893	NA
336	Pulse	55	16440000	2709893	NA
336	Pulse	55	16450000	2719893	NA
336	Pulse	55	16460000	2729893	NA
336	Pulse	55	16470000	2739893	NA
336	Pulse	55	16480000	2749893	NA
336	Pulse	55	16490000	2759893	NA
336	Pulse	55	16500000	2769893	NA
336	Pulse	55	16510000	2779893	NA
336	Pulse	55	16520000	2789893	NA
336	Pulse	55	16530000	2799893	NA
336	Pulse	55	16540000	2809893	NA
336	Pulse	55	16550000	2819893	NA
336	Pulse	55	16560000	2829893	NA
336	Pulse	55	16570000	2839893	NA
336	Pulse	55	16580000	2849893	NA
336	Pulse	55	16590000	2859893	NA
336	Pulse	55	16600000	2869893	NA
336	Pulse	55	16610000	2879893	NA
336	Pulse	55	16620000	2889893	NA
336	Pulse	55	16630000	2899893	NA
336	Pulse	55	16640000	2909893	NA
336	Pulse	55	16650000	2919893	NA
336	Pulse	55	16660000	2929893	NA
336	Pulse	55	16670000	2939893	NA
336	Pulse	55	16680000	2949893	NA
336	Pulse	55	16690000	2959893	NA
336	Pulse	55	16700000	2969893	NA
336	Pulse	55	16710000	2979893	NA
336	Pulse	55	16720000	2989893	NA
336	Pulse	55	16730000	2999893	NA
336	Pulse	55	16740000	3009893	NA
336	Pulse	55	16750000	3019893	NA
336	Pulse	55	16760000	3029893	NA
336	Pulse	55	16770000	3039893	NA
336	Pulse	55	16780000	3049893	NA
336	Pulse	55	16790000	3059893	NA
336	Pulse	55	16800000	3069893	NA
336	Pulse	55	16810000	3079893	NA
336	Pulse	55	16820000	3089893	NA
336	Pulse	55	16830000	3099893	NA
336	Pulse	55	16840000	3109893	NA
336	Pulse	55	16850000	3119893	NA
336	Pulse	55	16860000	3129893	NA
336	Pulse	55	16870000	3139893	NA
336	Pulse	55	16880000	3149893	NA
336	Pulse	55	16890000	3159893	NA
336	Pulse	55	16900000	3169893	NA
336	Pulse	55	16910000	3179893	NA
336	Pulse	55	16920000	3189893	NA
336	Pulse	55	16930000	3199893	NA
336	Pulse	55	16940000	3209893	NA
336	Pulse	55	16950000	3219893	NA
336	Pulse	55	16960000	3229893	NA
336	Pulse	55	16970000	3239893	NA
336	Pulse	55	16980000	3249893	NA
336	Pulse	55	16990000	3259893	NA
336	Pulse	55	17000000	3269893	NA
336	Pulse	55	17010000	3279893	NA
336	Pulse	55	17020000	3289893	NA
336	Pulse	55	17030000	3299893	NA
336	Pulse	55	17040000	3309893	NA
336	Pulse	55	17050000	3319893	NA
336	Pulse	55	17060000	3329893	NA
336	Pulse	55	17070000	3339893	NA
336	Pulse	55	17080000	3349893	NA
336	Pulse	55	17090000	3359893	NA
336	Pulse	55	17100000	3369893	NA
336	Pulse	55	17110000	3379893	NA
336	Pulse	55	17120000	3389893	NA
336	Pulse	55	17130000	3399893	NA
336	Pulse	55	17140000	3409893	NA
336	Pulse	55	17150000	3419893	NA
336	Pulse	55	17160000	3429893	NA
336	Pulse	55	17170000	3439893	NA
336	Pulse	55	17180000	3449893	NA
336	Pulse	55	17190000	3459893	NA
336	Pulse	55	17200000	3469893	NA
336	Pulse	55	17210000	3479893	NA
336	Pulse	55	17220000	3489893	NA
336	Pulse	55	17230000	3499893	NA
336	Pulse	55	17240000	3509893	NA
336	Pulse	55	17250000	3519893	NA
336	Pulse	55	17260000	3529893	NA
336	Pulse	55	17270000	3539893	NA
336	Pulse	55	17280000	3549893	NA
336	Pulse	55	17290000	3559893	NA
336	Pulse	55	17300000	3569893	NA
336	Pulse	55	17310000	3579893	NA
336	Pulse	55	17320000	3589893	NA
336	Pulse	55	17330000	3599893	NA
336	Pulse	55	17340000	3609893	NA
336	Pulse	55	17350000	3619893	NA
336	Pulse	55	17360000	3629893	NA
336	Pulse	55	17370000	3639893	NA
336	Pulse	55	17380000	3649893	NA
336	Pulse	55	17390000	3659893	NA
336	Pulse	55	17400000	3669893	NA
336	Pulse	55	17410000	3679893	NA
336	Pulse	55	17420000	3689893	NA
336	Pulse	55	17430000	3699893	NA
336	Pulse	55	17440000	3709893	NA
336	Pulse	55	17450000	3719893	NA
336	Pulse	55	17460000	3729893	NA
336	Pulse	55	17470000	3739893	NA
336	Pulse	55	17480000	3749893	NA
336	Pulse	55	17490000	3759893	NA
336	Pulse	55	17500000	3769893	NA
336	Pulse	55	17510000	3779893	NA
336	Pulse	55	17520000	3789893	NA
336	Pulse	55	17530000	3799893	NA
336	Pulse	55	17540000	3809893	NA
336	Pulse	55	17550000	3819893	NA
336	Pulse	55	17560000	3829893	NA
336	Pulse	55	17570000	3839893	NA
336	Pulse	55	17580000	3849893	NA
336	Pulse	55	17590000	3859893	NA
336	Pulse	55	17600000	3869893	NA
336	Pulse	55	17610000	3879893	NA
336	Pulse	55	17620000	3889893	NA
336	Pulse	55	17630000	3899893	NA
336	Pulse	55	17640000	3909893	NA
336	Pulse	55	17650000	3919893	NA
336	Pulse	55	17660000	3929893	NA
336	Pulse	55	17670000	3939893	NA
336	Pulse	55	17680000	3949893	NA
336	Pulse	55	17690000	3959893	NA
336	Pulse	55	17700000	3969893	NA
336	Pulse	55	17710000	3979893	NA
336	Pulse	55	17720000	3989893	NA
336	Pulse	55	17730000	3999893	NA
336	Pulse	55	17740000	4009893	NA
336	Pulse	55	17750000	4019893	NA
336	Pulse	55	17760000	4029893	NA
336	Pulse	55	17770000	4039893	NA
336	Pulse	55	17780000	4049893	NA
336	Pulse	55	17790000	4059893	NA
336	Pulse	55	17800000	4069893	NA
336	Pulse	55	17810000	4079893	NA
336	Pulse	55	17820000	4089893	NA
336	Pulse	55	17830000	4099893	NA
336	Pulse	55	17840000	4109893	NA
336	Pulse	55	17850000	4119893	NA
336	Pulse	55	17860000	4129893	NA
336	Pulse	55	17870000	4139893	NA
336	Pulse	55	17880000	4149893	NA
336	Pulse	55	17890000	4159893	NA
336	Pulse	55	17900000	4169893	NA
336	Pulse	55	17910000	4179893	NA
336	Pulse	55	17920000	4189893	NA
336	Pulse	55	17930000	4199893	NA
336	Pulse	55	17940000	4209893	NA
336	Pulse	55	17950000	4219893	NA
336	Pulse	55	17960000	4229893	NA
336	Pulse	55	17970000	4239893	NA
336	Pulse	55	17980000	4249893	NA
336	Pulse	55	17990000	4259893	NA
336	Pulse	55	18000000	4269893	NA
336	Pulse	55	18010000	4279893	NA
336	Pulse	55	18020000	4289893	NA
336	Pulse	55	18030000	4299893	NA
336	Pulse	55	18040000	4309893	NA
336	Pulse	55	18050000	4319893	NA
336	Pulse	55	18060000	4329893	NA
336	Pulse	55	18070000	4339893	NA
336	Pulse	55	18080000	4349893	NA
336	Pulse	55	18090000	4359893	NA
336	Pulse	55	18100000	4369893	NA
336	Pulse	55	18110000	4379893	NA
336	Pulse	55	18120000	4389893	NA
336	Pulse	55	18130000	4399893	NA
336	Pulse	55	18140000	4409893	NA
336	Pulse	55	18150000	4419893	NA
336	Pulse	55	18160000	4429893	NA
336	Pulse	55	18170000	4439893	NA
336	Pulse	55	18180000	4449893	NA
336	Pulse	55	18190000	4459893	NA
336	Pulse	55	18200000	4469893	NA
336	Pulse	55	18210000	4479893	NA
336	Pulse	55	18220000	4489893	NA
336	Pulse	55	18230000	4499893	NA
336	Pulse	55	18240000	4509893	NA
336	Pulse	55	18250000	4519893	NA
336	Pulse	55	18260000	4529893	NA
336	Pulse	55	18270000	4539893	NA
336	Pulse	55	18280000	4549893	NA
336	Pulse	55	18290000	4559893	NA
336	Pulse	55	18300000	4569893	NA
336	Pulse	55	18310000	4579893	NA
336	Pulse	55	18320000	4589893	NA
336	Pulse	55	18330000	4599893	NA
336	Pulse	55	18340000	4609893	NA
336	Pulse	55	18350000	4619893	NA
336	Pulse	55	18360000	4629893	NA
336	Pulse	55	18370000	4639893	NA
336	Pulse	55	18380000	4649893	NA
336	Pulse	55	18390000	4659893	NA
336	Pulse	55	18400000	4669893	NA
336	Pulse	55	18410000	4679893	NA
336	Pulse	55	18420000	4689893	NA
336	Pulse	55	18430000	4699893	NA
336	Pulse	55	18440000	4709893	NA
336	Pulse	55	18450000	4719893	NA
336	Pulse	55	18460000	4729893	NA
336	Pulse	55	18470000	4739893	NA
336	Pulse	55	18480000	4749893	NA
336	Pulse	55	18490000	4759893	NA
336	Pulse	55	18500000	4769893	NA
336	Pulse	55	18510000	4779893	NA
336	Pulse	55	18520000	4789893	NA
336	Pulse	55	18530000	4799893	NA
336	Pulse	55	18540000	4809893	NA
336	Pulse	55	18550000	4819893	NA
336	Pulse	55	18560000	4829893	NA
336	Pulse	55	18570000	4839893	NA
336	Pulse	55	18580000	4849893	NA
336	Pulse	55	18590000	4859893	NA
336	Pulse	55	18600000	4869893	NA
336	Pulse	55	18610000	4879893	NA
336	Pulse	55	18620000	4889893	NA
336	Pulse	55	18630000	4899893	NA
336	Pulse	55	18640000	4909893	NA
336	Pulse	55	18650000	4919893	NA
336	Pulse	55	18660000	4929893	NA
336	Pulse	55	18670000	4939893	NA
336	Response	1	18676868	4946761	1
337	Pulse	55	18680000	3013	NA
337	Pulse	55	18690000	13013	NA
337	Pulse	55	18700000	23013	NA
337	Pulse	55	18710000	33013	NA
337	Pulse	55	18720000	43013	NA
337	Pulse	55	18730000	53013	NA
337	Pulse	55	18740000	63013	NA
337	Pulse	55	18750000	73013	NA
337	Pulse	55	18760000	83013	NA
337	Pulse	55	18770000	93013	NA
337	Pulse	55	18780000	103013	NA
337	Pulse	55	18790000	113013	NA
337	Pulse	55	18800000	123013	NA
337	Pulse	55	18810000	133013	NA
337	Pulse	55	18820000	143013	NA
337	Pulse	55	18830000	153013	NA
337	Pulse	55	18840000	163013	NA
337	Pulse	55	18850000	173013	NA
337	Pulse	55	18860000	183013	NA
337	Pulse	55	18870000	193013	NA
337	Pulse	55	18880000	203013	NA
337	Pulse	55	18890000	213013	NA
337	Pulse	55	18900000	223013	NA
337	Pulse	55	18910000	233013	NA
337	Pulse	55	18920000	243013	NA
337	Pulse	55	18930000	253013	NA
337	Response	1	18936548	259561	1
