Scenario - Slideshow_D2.sce
Logfile written - 10/08/2021 12:05:35

Trial	Event Type	Code	Time	TTime	Uncertainty	Duration	Uncertainty	ReqTime	ReqDur	Stim Type	Pair Index

0	Pulse	55	0	0	NA
1	Pulse	55	10000	9417	NA
1	Pulse	55	20000	19417	NA
1	Pulse	55	30000	29417	NA
1	Pulse	55	40000	39417	NA
2	Pulse	55	50000	8820	NA
2	Pulse	55	60000	18820	NA
2	Pulse	55	70000	28820	NA
2	Pulse	55	80000	38820	NA
3	Pulse	55	90000	8223	NA
3	Pulse	55	100000	18223	NA
3	Pulse	55	110000	28223	NA
3	Pulse	55	120000	38223	NA
4	Pulse	55	130000	7626	NA
4	Pulse	55	140000	17626	NA
4	Pulse	55	150000	27626	NA
4	Pulse	55	160000	37626	NA
5	Pulse	55	170000	7030	NA
5	Pulse	55	180000	17030	NA
5	Pulse	55	190000	27030	NA
5	Pulse	55	200000	37030	NA
6	Pulse	55	210000	6433	NA
6	Pulse	55	220000	16433	NA
6	Pulse	55	230000	26433	NA
6	Pulse	55	240000	36433	NA
7	Pulse	55	250000	5836	NA
7	Pulse	55	260000	15836	NA
7	Pulse	55	270000	25836	NA
7	Pulse	55	280000	35836	NA
8	Pulse	55	290000	5239	NA
8	Pulse	55	300000	15239	NA
8	Pulse	55	310000	25239	NA
8	Pulse	55	320000	35239	NA
9	Pulse	55	330000	4642	NA
9	Pulse	55	340000	14642	NA
9	Pulse	55	350000	24642	NA
9	Pulse	55	360000	34642	NA
10	Pulse	55	370000	4212	NA
10	Pulse	55	380000	14212	NA
10	Pulse	55	390000	24212	NA
10	Pulse	55	400000	34212	NA
11	Pulse	55	410000	3699	NA
11	Pulse	55	420000	13699	NA
11	Pulse	55	430000	23699	NA
11	Pulse	55	440000	33699	NA
12	Pulse	55	450000	3185	NA
12	Pulse	55	460000	13185	NA
12	Pulse	55	470000	23185	NA
12	Pulse	55	480000	33185	NA
13	Pulse	55	490000	2589	NA
13	Pulse	55	500000	12589	NA
13	Pulse	55	510000	22589	NA
13	Pulse	55	520000	32589	NA
14	Pulse	55	530000	1992	NA
14	Pulse	55	540000	11992	NA
14	Pulse	55	550000	21992	NA
14	Pulse	55	560000	31992	NA
15	Pulse	55	570000	1395	NA
15	Pulse	55	580000	11395	NA
15	Pulse	55	590000	21395	NA
15	Pulse	55	600000	31395	NA
16	Pulse	55	610000	798	NA
16	Pulse	55	620000	10798	NA
16	Pulse	55	630000	20798	NA
16	Pulse	55	640000	30798	NA
17	Pulse	55	650000	202	NA
17	Pulse	55	660000	10202	NA
17	Pulse	55	670000	20202	NA
17	Pulse	55	680000	30202	NA
17	Pulse	55	690000	40202	NA
18	Pulse	55	700000	9688	NA
18	Pulse	55	710000	19688	NA
18	Pulse	55	720000	29688	NA
18	Pulse	55	730000	39688	NA
19	Pulse	55	740000	9091	NA
19	Pulse	55	750000	19091	NA
19	Pulse	55	760000	29091	NA
19	Pulse	55	770000	39091	NA
20	Pulse	55	780000	8495	NA
20	Pulse	55	790000	18495	NA
20	Pulse	55	800000	28495	NA
20	Pulse	55	810000	38495	NA
21	Pulse	55	820000	7898	NA
21	Pulse	55	830000	17898	NA
21	Pulse	55	840000	27898	NA
21	Pulse	55	850000	37898	NA
22	Pulse	55	860000	7384	NA
22	Pulse	55	870000	17384	NA
22	Pulse	55	880000	27384	NA
22	Pulse	55	890000	37384	NA
23	Pulse	55	900000	6788	NA
23	Pulse	55	910000	16788	NA
23	Pulse	55	920000	26788	NA
23	Pulse	55	930000	36788	NA
24	Pulse	55	940000	6191	NA
24	Pulse	55	950000	16191	NA
24	Pulse	55	960000	26191	NA
24	Pulse	55	970000	36191	NA
25	Pulse	55	980000	5594	NA
25	Pulse	55	990000	15594	NA
25	Pulse	55	1000000	25594	NA
25	Pulse	55	1010000	35594	NA
26	Pulse	55	1020000	4997	NA
26	Pulse	55	1030000	14997	NA
26	Pulse	55	1040000	24997	NA
26	Pulse	55	1050000	34997	NA
27	Pulse	55	1060000	4400	NA
27	Pulse	55	1070000	14400	NA
27	Pulse	55	1080000	24400	NA
27	Pulse	55	1090000	34400	NA
28	Pulse	55	1100000	3804	NA
28	Pulse	55	1110000	13804	NA
28	Pulse	55	1120000	23804	NA
28	Pulse	55	1130000	33804	NA
29	Pulse	55	1140000	3207	NA
29	Pulse	55	1150000	13207	NA
29	Pulse	55	1160000	23207	NA
29	Pulse	55	1170000	33207	NA
30	Pulse	55	1180000	2610	NA
30	Pulse	55	1190000	12610	NA
30	Pulse	55	1200000	22610	NA
30	Pulse	55	1210000	32610	NA
31	Pulse	55	1220000	2013	NA
31	Pulse	55	1230000	12013	NA
31	Pulse	55	1240000	22013	NA
31	Pulse	55	1250000	32013	NA
32	Pulse	55	1260000	1416	NA
32	Pulse	55	1270000	11416	NA
32	Pulse	55	1280000	21416	NA
32	Pulse	55	1290000	31416	NA
33	Pulse	55	1300000	820	NA
33	Pulse	55	1310000	10820	NA
33	Pulse	55	1320000	20820	NA
33	Pulse	55	1330000	30820	NA
34	Pulse	55	1340000	223	NA
34	Pulse	55	1350000	10223	NA
34	Pulse	55	1360000	20223	NA
34	Pulse	55	1370000	30223	NA
34	Pulse	55	1380000	40223	NA
35	Pulse	55	1390000	9626	NA
35	Pulse	55	1400000	19626	NA
35	Pulse	55	1410000	29626	NA
35	Pulse	55	1420000	39626	NA
36	Pulse	55	1430000	9029	NA
36	Pulse	55	1440000	19029	NA
36	Pulse	55	1450000	29029	NA
36	Pulse	55	1460000	39029	NA
37	Pulse	55	1470000	8433	NA
37	Pulse	55	1480000	18433	NA
37	Pulse	55	1490000	28433	NA
37	Pulse	55	1500000	38433	NA
38	Pulse	55	1510000	7669	NA
38	Pulse	55	1520000	17669	NA
38	Pulse	55	1530000	27669	NA
38	Pulse	55	1540000	37669	NA
39	Pulse	55	1550000	7072	NA
39	Pulse	55	1560000	17072	NA
39	Pulse	55	1570000	27072	NA
39	Pulse	55	1580000	37072	NA
40	Pulse	55	1590000	6476	NA
40	Pulse	55	1600000	16476	NA
40	Pulse	55	1610000	26476	NA
40	Pulse	55	1620000	36476	NA
41	Pulse	55	1630000	5879	NA
41	Pulse	55	1640000	15879	NA
41	Pulse	55	1650000	25879	NA
41	Pulse	55	1660000	35879	NA
42	Pulse	55	1670000	5199	NA
42	Pulse	55	1680000	15199	NA
42	Pulse	55	1690000	25199	NA
42	Pulse	55	1700000	35199	NA
43	Pulse	55	1710000	4602	NA
43	Pulse	55	1720000	14602	NA
43	Pulse	55	1730000	24602	NA
43	Pulse	55	1740000	34602	NA
44	Pulse	55	1750000	4005	NA
44	Pulse	55	1760000	14005	NA
44	Pulse	55	1770000	24005	NA
44	Pulse	55	1780000	34005	NA
45	Pulse	55	1790000	3408	NA
45	Pulse	55	1800000	13408	NA
45	Pulse	55	1810000	23408	NA
45	Pulse	55	1820000	33408	NA
46	Pulse	55	1830000	2728	NA
46	Pulse	55	1840000	12728	NA
46	Pulse	55	1850000	22728	NA
46	Pulse	55	1860000	32728	NA
47	Pulse	55	1870000	2131	NA
47	Pulse	55	1880000	12131	NA
47	Pulse	55	1890000	22131	NA
47	Pulse	55	1900000	32131	NA
48	Pulse	55	1910000	1535	NA
48	Pulse	55	1920000	11535	NA
48	Pulse	55	1930000	21535	NA
48	Pulse	55	1940000	31535	NA
49	Pulse	55	1950000	854	NA
49	Pulse	55	1960000	10854	NA
49	Pulse	55	1970000	20854	NA
49	Pulse	55	1980000	30854	NA
50	Pulse	55	1990000	258	NA
50	Pulse	55	2000000	10258	NA
50	Pulse	55	2010000	20258	NA
50	Pulse	55	2020000	30258	NA
50	Pulse	55	2030000	40258	NA
51	Pulse	55	2040000	9661	NA
51	Pulse	55	2050000	19661	NA
51	Pulse	55	2060000	29661	NA
51	Pulse	55	2070000	39661	NA
52	Pulse	55	2080000	9064	NA
52	Pulse	55	2090000	19064	NA
52	Pulse	55	2100000	29064	NA
52	Pulse	55	2110000	39064	NA
53	Pulse	55	2120000	8384	NA
53	Pulse	55	2130000	18384	NA
53	Pulse	55	2140000	28384	NA
53	Pulse	55	2150000	38384	NA
54	Pulse	55	2160000	7787	NA
54	Pulse	55	2170000	17787	NA
54	Pulse	55	2180000	27787	NA
54	Pulse	55	2190000	37787	NA
55	Pulse	55	2200000	7190	NA
55	Pulse	55	2210000	17190	NA
55	Pulse	55	2220000	27190	NA
55	Pulse	55	2230000	37190	NA
56	Pulse	55	2240000	6510	NA
56	Pulse	55	2250000	16510	NA
56	Pulse	55	2260000	26510	NA
56	Pulse	55	2270000	36510	NA
57	Pulse	55	2280000	5913	NA
57	Pulse	55	2290000	15913	NA
57	Pulse	55	2300000	25913	NA
57	Pulse	55	2310000	35913	NA
58	Pulse	55	2320000	5317	NA
58	Pulse	55	2330000	15317	NA
58	Pulse	55	2340000	25317	NA
58	Pulse	55	2350000	35317	NA
59	Pulse	55	2360000	4720	NA
59	Pulse	55	2370000	14720	NA
59	Pulse	55	2380000	24720	NA
59	Pulse	55	2390000	34720	NA
60	Pulse	55	2400000	4123	NA
60	Pulse	55	2410000	14123	NA
60	Pulse	55	2420000	24123	NA
60	Pulse	55	2430000	34123	NA
61	Pulse	55	2440000	3443	NA
61	Pulse	55	2450000	13443	NA
61	Pulse	55	2460000	23443	NA
61	Pulse	55	2470000	33443	NA
62	Pulse	55	2480000	2846	NA
62	Pulse	55	2490000	12846	NA
62	Pulse	55	2500000	22846	NA
62	Pulse	55	2510000	32846	NA
63	Pulse	55	2520000	2166	NA
63	Pulse	55	2530000	12166	NA
63	Pulse	55	2540000	22166	NA
63	Pulse	55	2550000	32166	NA
64	Pulse	55	2560000	1569	NA
64	Pulse	55	2570000	11569	NA
64	Pulse	55	2580000	21569	NA
64	Pulse	55	2590000	31569	NA
65	Pulse	55	2600000	889	NA
65	Pulse	55	2610000	10889	NA
65	Pulse	55	2620000	20889	NA
65	Pulse	55	2630000	30889	NA
66	Pulse	55	2640000	292	NA
66	Pulse	55	2650000	10292	NA
66	Pulse	55	2660000	20292	NA
66	Pulse	55	2670000	30292	NA
66	Pulse	55	2680000	40292	NA
67	Pulse	55	2690000	9612	NA
67	Pulse	55	2700000	19612	NA
67	Pulse	55	2710000	29612	NA
67	Pulse	55	2720000	39612	NA
68	Pulse	55	2730000	9015	NA
68	Pulse	55	2740000	19015	NA
68	Pulse	55	2750000	29015	NA
68	Pulse	55	2760000	39015	NA
69	Pulse	55	2770000	8419	NA
69	Pulse	55	2780000	18419	NA
69	Pulse	55	2790000	28419	NA
69	Pulse	55	2800000	38419	NA
70	Pulse	55	2810000	7822	NA
70	Pulse	55	2820000	17822	NA
70	Pulse	55	2830000	27822	NA
70	Pulse	55	2840000	37822	NA
71	Pulse	55	2850000	7225	NA
71	Pulse	55	2860000	17225	NA
71	Pulse	55	2870000	27225	NA
71	Pulse	55	2880000	37225	NA
72	Pulse	55	2890000	6628	NA
72	Pulse	55	2900000	16628	NA
72	Pulse	55	2910000	26628	NA
72	Pulse	55	2920000	36628	NA
73	Pulse	55	2930000	5948	NA
73	Pulse	55	2940000	15948	NA
73	Pulse	55	2950000	25948	NA
73	Pulse	55	2960000	35948	NA
74	Pulse	55	2970000	5351	NA
74	Pulse	55	2980000	15351	NA
74	Pulse	55	2990000	25351	NA
74	Pulse	55	3000000	35351	NA
75	Pulse	55	3010000	4755	NA
75	Pulse	55	3020000	14755	NA
75	Pulse	55	3030000	24755	NA
75	Pulse	55	3040000	34755	NA
76	Pulse	55	3050000	4074	NA
76	Pulse	55	3060000	14074	NA
76	Pulse	55	3070000	24074	NA
76	Pulse	55	3080000	34074	NA
77	Pulse	55	3090000	3478	NA
77	Pulse	55	3100000	13478	NA
77	Pulse	55	3110000	23478	NA
77	Pulse	55	3120000	33478	NA
78	Pulse	55	3130000	2881	NA
78	Pulse	55	3140000	12881	NA
78	Pulse	55	3150000	22881	NA
78	Pulse	55	3160000	32881	NA
79	Pulse	55	3170000	2284	NA
79	Pulse	55	3180000	12284	NA
79	Pulse	55	3190000	22284	NA
79	Pulse	55	3200000	32284	NA
80	Pulse	55	3210000	1687	NA
80	Pulse	55	3220000	11687	NA
80	Pulse	55	3230000	21687	NA
80	Pulse	55	3240000	31687	NA
81	Pulse	55	3250000	1091	NA
81	Pulse	55	3260000	11091	NA
81	Pulse	55	3270000	21091	NA
81	Pulse	55	3280000	31091	NA
82	Pulse	55	3290000	411	NA
82	Pulse	55	3300000	10411	NA
82	Pulse	55	3310000	20411	NA
82	Pulse	55	3320000	30411	NA
82	Pulse	55	3330000	40411	NA
83	Pulse	55	3340000	9814	NA
83	Pulse	55	3350000	19814	NA
83	Pulse	55	3360000	29814	NA
83	Pulse	55	3370000	39814	NA
84	Pulse	55	3380000	9217	NA
84	Pulse	55	3390000	19217	NA
84	Pulse	55	3400000	29217	NA
84	Pulse	55	3410000	39217	NA
85	Pulse	55	3420000	8620	NA
85	Pulse	55	3430000	18620	NA
85	Pulse	55	3440000	28620	NA
85	Pulse	55	3450000	38620	NA
86	Pulse	55	3460000	8023	NA
86	Pulse	55	3470000	18023	NA
86	Pulse	55	3480000	28023	NA
86	Pulse	55	3490000	38023	NA
87	Pulse	55	3500000	7426	NA
87	Pulse	55	3510000	17426	NA
87	Pulse	55	3520000	27426	NA
87	Pulse	55	3530000	37426	NA
88	Pulse	55	3540000	6830	NA
88	Pulse	55	3550000	16830	NA
88	Pulse	55	3560000	26830	NA
88	Pulse	55	3570000	36830	NA
89	Pulse	55	3580000	6233	NA
89	Pulse	55	3590000	16233	NA
89	Pulse	55	3600000	26233	NA
89	Pulse	55	3610000	36233	NA
90	Pulse	55	3620000	5636	NA
90	Pulse	55	3630000	15636	NA
90	Pulse	55	3640000	25636	NA
90	Pulse	55	3650000	35636	NA
91	Pulse	55	3660000	5039	NA
91	Pulse	55	3670000	15039	NA
91	Pulse	55	3680000	25039	NA
91	Pulse	55	3690000	35039	NA
92	Pulse	55	3700000	4443	NA
92	Pulse	55	3710000	14443	NA
92	Pulse	55	3720000	24443	NA
92	Pulse	55	3730000	34443	NA
93	Pulse	55	3740000	3846	NA
93	Pulse	55	3750000	13846	NA
93	Pulse	55	3760000	23846	NA
93	Pulse	55	3770000	33846	NA
94	Pulse	55	3780000	3249	NA
94	Pulse	55	3790000	13249	NA
94	Pulse	55	3800000	23249	NA
94	Pulse	55	3810000	33249	NA
95	Pulse	55	3820000	2652	NA
95	Pulse	55	3830000	12652	NA
95	Pulse	55	3840000	22652	NA
95	Pulse	55	3850000	32652	NA
96	Pulse	55	3860000	2055	NA
96	Pulse	55	3870000	12055	NA
96	Pulse	55	3880000	22055	NA
96	Pulse	55	3890000	32055	NA
97	Pulse	55	3900000	1459	NA
97	Pulse	55	3910000	11459	NA
97	Pulse	55	3920000	21459	NA
97	Pulse	55	3930000	31459	NA
98	Pulse	55	3940000	862	NA
98	Pulse	55	3950000	10862	NA
98	Pulse	55	3960000	20862	NA
98	Pulse	55	3970000	30862	NA
99	Pulse	55	3980000	265	NA
99	Pulse	55	3990000	10265	NA
99	Pulse	55	4000000	20265	NA
99	Pulse	55	4010000	30265	NA
99	Pulse	55	4020000	40265	NA
100	Pulse	55	4030000	9668	NA
100	Pulse	55	4040000	19668	NA
100	Pulse	55	4050000	29668	NA
100	Pulse	55	4060000	39668	NA
101	Pulse	55	4070000	9072	NA
101	Pulse	55	4080000	19072	NA
101	Pulse	55	4090000	29072	NA
101	Pulse	55	4100000	39072	NA
102	Pulse	55	4110000	8475	NA
102	Pulse	55	4120000	18475	NA
102	Pulse	55	4130000	28475	NA
102	Pulse	55	4140000	38475	NA
103	Pulse	55	4150000	7878	NA
103	Pulse	55	4160000	17878	NA
103	Pulse	55	4170000	27878	NA
103	Pulse	55	4180000	37878	NA
104	Pulse	55	4190000	7281	NA
104	Pulse	55	4200000	17281	NA
104	Pulse	55	4210000	27281	NA
104	Pulse	55	4220000	37281	NA
105	Pulse	55	4230000	6768	NA
105	Pulse	55	4240000	16768	NA
105	Pulse	55	4250000	26768	NA
105	Pulse	55	4260000	36768	NA
106	Pulse	55	4270000	6171	NA
106	Pulse	55	4280000	16171	NA
106	Pulse	55	4290000	26171	NA
106	Pulse	55	4300000	36171	NA
107	Pulse	55	4310000	5658	NA
107	Pulse	55	4320000	15658	NA
107	Pulse	55	4330000	25658	NA
107	Pulse	55	4340000	35658	NA
108	Pulse	55	4350000	5144	NA
108	Pulse	55	4360000	15144	NA
108	Pulse	55	4370000	25144	NA
108	Pulse	55	4380000	35144	NA
109	Pulse	55	4390000	4547	NA
109	Pulse	55	4400000	14547	NA
109	Pulse	55	4410000	24547	NA
109	Pulse	55	4420000	34547	NA
110	Pulse	55	4430000	3951	NA
110	Pulse	55	4440000	13951	NA
110	Pulse	55	4450000	23951	NA
110	Pulse	55	4460000	33951	NA
111	Pulse	55	4470000	3354	NA
111	Pulse	55	4480000	13354	NA
111	Pulse	55	4490000	23354	NA
111	Pulse	55	4500000	33354	NA
112	Pulse	55	4510000	2757	NA
112	Pulse	55	4520000	12757	NA
112	Pulse	55	4530000	22757	NA
112	Pulse	55	4540000	32757	NA
113	Pulse	55	4550000	2160	NA
113	Pulse	55	4560000	12160	NA
113	Pulse	55	4570000	22160	NA
113	Pulse	55	4580000	32160	NA
114	Pulse	55	4590000	1564	NA
114	Pulse	55	4600000	11564	NA
114	Pulse	55	4610000	21564	NA
114	Pulse	55	4620000	31564	NA
115	Pulse	55	4630000	1050	NA
115	Pulse	55	4640000	11050	NA
115	Pulse	55	4650000	21050	NA
115	Pulse	55	4660000	31050	NA
116	Pulse	55	4670000	453	NA
116	Pulse	55	4680000	10453	NA
116	Pulse	55	4690000	20453	NA
116	Pulse	55	4700000	30453	NA
116	Pulse	55	4710000	40453	NA
117	Pulse	55	4720000	9857	NA
117	Pulse	55	4730000	19857	NA
117	Pulse	55	4740000	29857	NA
117	Pulse	55	4750000	39857	NA
118	Pulse	55	4760000	9343	NA
118	Pulse	55	4770000	19343	NA
118	Pulse	55	4780000	29343	NA
118	Pulse	55	4790000	39343	NA
119	Pulse	55	4800000	8830	NA
119	Pulse	55	4810000	18830	NA
119	Pulse	55	4820000	28830	NA
119	Pulse	55	4830000	38830	NA
120	Pulse	55	4840000	8233	NA
120	Pulse	55	4850000	18233	NA
120	Pulse	55	4860000	28233	NA
120	Pulse	55	4870000	38233	NA
121	Pulse	55	4880000	7719	NA
121	Pulse	55	4890000	17719	NA
121	Pulse	55	4900000	27719	NA
121	Pulse	55	4910000	37719	NA
122	Pulse	55	4920000	7123	NA
122	Pulse	55	4930000	17123	NA
122	Pulse	55	4940000	27123	NA
122	Pulse	55	4950000	37123	NA
123	Pulse	55	4960000	6609	NA
123	Pulse	55	4970000	16609	NA
123	Pulse	55	4980000	26609	NA
123	Pulse	55	4990000	36609	NA
124	Pulse	55	5000000	6096	NA
124	Pulse	55	5010000	16096	NA
124	Pulse	55	5020000	26096	NA
124	Pulse	55	5030000	36096	NA
125	Pulse	55	5040000	5582	NA
125	Pulse	55	5050000	15582	NA
125	Pulse	55	5060000	25582	NA
125	Pulse	55	5070000	35582	NA
126	Pulse	55	5080000	4986	NA
126	Pulse	55	5090000	14986	NA
126	Pulse	55	5100000	24986	NA
126	Pulse	55	5110000	34986	NA
127	Pulse	55	5120000	4389	NA
127	Pulse	55	5130000	14389	NA
127	Pulse	55	5140000	24389	NA
127	Pulse	55	5150000	34389	NA
128	Pulse	55	5160000	3792	NA
128	Pulse	55	5170000	13792	NA
128	Pulse	55	5180000	23792	NA
128	Pulse	55	5190000	33792	NA
129	Pulse	55	5200000	3195	NA
129	Pulse	55	5210000	13195	NA
129	Pulse	55	5220000	23195	NA
129	Pulse	55	5230000	33195	NA
130	Pulse	55	5240000	2599	NA
130	Pulse	55	5250000	12599	NA
130	Pulse	55	5260000	22599	NA
130	Pulse	55	5270000	32599	NA
131	Pulse	55	5280000	2002	NA
131	Pulse	55	5290000	12002	NA
131	Pulse	55	5300000	22002	NA
131	Pulse	55	5310000	32002	NA
132	Pulse	55	5320000	1488	NA
132	Pulse	55	5330000	11488	NA
132	Pulse	55	5340000	21488	NA
132	Pulse	55	5350000	31488	NA
133	Pulse	55	5360000	892	NA
133	Pulse	55	5370000	10892	NA
133	Pulse	55	5380000	20892	NA
133	Pulse	55	5390000	30892	NA
134	Pulse	55	5400000	295	NA
134	Pulse	55	5410000	10295	NA
134	Pulse	55	5420000	20295	NA
134	Pulse	55	5430000	30295	NA
134	Pulse	55	5440000	40295	NA
135	Pulse	55	5450000	9781	NA
135	Pulse	55	5460000	19781	NA
135	Pulse	55	5470000	29781	NA
135	Pulse	55	5480000	39781	NA
136	Pulse	55	5490000	9185	NA
136	Pulse	55	5500000	19185	NA
136	Pulse	55	5510000	29185	NA
136	Pulse	55	5520000	39185	NA
137	Pulse	55	5530000	8588	NA
137	Pulse	55	5540000	18588	NA
137	Pulse	55	5550000	28588	NA
137	Pulse	55	5560000	38588	NA
138	Pulse	55	5570000	8074	NA
138	Pulse	55	5580000	18074	NA
138	Pulse	55	5590000	28074	NA
138	Pulse	55	5600000	38074	NA
139	Pulse	55	5610000	7478	NA
139	Pulse	55	5620000	17478	NA
139	Pulse	55	5630000	27478	NA
139	Pulse	55	5640000	37478	NA
140	Pulse	55	5650000	6881	NA
140	Pulse	55	5660000	16881	NA
140	Pulse	55	5670000	26881	NA
140	Pulse	55	5680000	36881	NA
141	Pulse	55	5690000	6367	NA
141	Pulse	55	5700000	16367	NA
141	Pulse	55	5710000	26367	NA
141	Pulse	55	5720000	36367	NA
142	Pulse	55	5730000	5771	NA
142	Pulse	55	5740000	15771	NA
142	Pulse	55	5750000	25771	NA
142	Pulse	55	5760000	35771	NA
143	Pulse	55	5770000	5174	NA
143	Pulse	55	5780000	15174	NA
143	Pulse	55	5790000	25174	NA
143	Pulse	55	5800000	35174	NA
144	Pulse	55	5810000	4660	NA
144	Pulse	55	5820000	14660	NA
144	Pulse	55	5830000	24660	NA
144	Pulse	55	5840000	34660	NA
145	Pulse	55	5850000	4147	NA
145	Pulse	55	5860000	14147	NA
145	Pulse	55	5870000	24147	NA
145	Pulse	55	5880000	34147	NA
146	Pulse	55	5890000	3550	NA
146	Pulse	55	5900000	13550	NA
146	Pulse	55	5910000	23550	NA
146	Pulse	55	5920000	33550	NA
147	Pulse	55	5930000	2953	NA
147	Pulse	55	5940000	12953	NA
147	Pulse	55	5950000	22953	NA
147	Pulse	55	5960000	32953	NA
148	Pulse	55	5970000	2357	NA
148	Pulse	55	5980000	12357	NA
148	Pulse	55	5990000	22357	NA
148	Pulse	55	6000000	32357	NA
149	Pulse	55	6010000	1760	NA
149	Pulse	55	6020000	11760	NA
149	Pulse	55	6030000	21760	NA
149	Pulse	55	6040000	31760	NA
150	Pulse	55	6050000	1163	NA
150	Pulse	55	6060000	11163	NA
150	Pulse	55	6070000	21163	NA
150	Pulse	55	6080000	31163	NA
151	Pulse	55	6090000	566	NA
151	Pulse	55	6100000	10566	NA
151	Pulse	55	6110000	20566	NA
151	Pulse	55	6120000	30566	NA
151	Pulse	55	6130000	40566	NA
152	Pulse	55	6140000	9970	NA
152	Pulse	55	6150000	19970	NA
152	Pulse	55	6160000	29970	NA
152	Pulse	55	6170000	39970	NA
153	Pulse	55	6180000	9456	NA
153	Pulse	55	6190000	19456	NA
153	Pulse	55	6200000	29456	NA
153	Pulse	55	6210000	39456	NA
154	Pulse	55	6220000	8943	NA
154	Pulse	55	6230000	18943	NA
154	Pulse	55	6240000	28943	NA
154	Pulse	55	6250000	38943	NA
155	Pulse	55	6260000	8513	NA
155	Pulse	55	6270000	18513	NA
155	Pulse	55	6280000	28513	NA
155	Pulse	55	6290000	38513	NA
156	Pulse	55	6300000	7999	NA
156	Pulse	55	6310000	17999	NA
156	Pulse	55	6320000	27999	NA
156	Pulse	55	6330000	37999	NA
157	Pulse	55	6340000	7486	NA
157	Pulse	55	6350000	17486	NA
157	Pulse	55	6360000	27486	NA
157	Pulse	55	6370000	37486	NA
158	Pulse	55	6380000	6972	NA
158	Pulse	55	6390000	16972	NA
158	Pulse	55	6400000	26972	NA
158	Pulse	55	6410000	36972	NA
159	Pulse	55	6420000	6376	NA
159	Pulse	55	6430000	16376	NA
159	Pulse	55	6440000	26376	NA
159	Pulse	55	6450000	36376	NA
160	Pulse	55	6460000	5779	NA
160	Pulse	55	6470000	15779	NA
160	Pulse	55	6480000	25779	NA
160	Pulse	55	6490000	35779	NA
161	Pulse	55	6500000	5182	NA
161	Pulse	55	6510000	15182	NA
161	Pulse	55	6520000	25182	NA
161	Pulse	55	6530000	35182	NA
162	Pulse	55	6540000	4669	NA
162	Pulse	55	6550000	14669	NA
162	Pulse	55	6560000	24669	NA
162	Pulse	55	6570000	34669	NA
163	Pulse	55	6580000	4072	NA
163	Pulse	55	6590000	14072	NA
163	Pulse	55	6600000	24072	NA
163	Pulse	55	6610000	34072	NA
164	Pulse	55	6620000	3475	NA
164	Pulse	55	6630000	13475	NA
164	Pulse	55	6640000	23475	NA
164	Pulse	55	6650000	33475	NA
165	Pulse	55	6660000	2878	NA
165	Pulse	55	6670000	12878	NA
165	Pulse	55	6680000	22878	NA
165	Pulse	55	6690000	32878	NA
166	Pulse	55	6700000	2282	NA
166	Pulse	55	6710000	12282	NA
166	Pulse	55	6720000	22282	NA
166	Pulse	55	6730000	32282	NA
167	Pulse	55	6740000	1685	NA
167	Pulse	55	6750000	11685	NA
167	Pulse	55	6760000	21685	NA
167	Pulse	55	6770000	31685	NA
168	Pulse	55	6780000	1088	NA
168	Pulse	55	6790000	11088	NA
168	Pulse	55	6800000	21088	NA
168	Pulse	55	6810000	31088	NA
169	Pulse	55	6820000	575	NA
169	Pulse	55	6830000	10575	NA
169	Pulse	55	6840000	20575	NA
169	Pulse	55	6850000	30575	NA
169	Pulse	55	6860000	40575	NA
170	Pulse	55	6870000	9978	NA
170	Pulse	55	6880000	19978	NA
170	Pulse	55	6890000	29978	NA
170	Pulse	55	6900000	39978	NA
171	Pulse	55	6910000	9464	NA
171	Pulse	55	6920000	19464	NA
171	Pulse	55	6930000	29464	NA
171	Pulse	55	6940000	39464	NA
172	Pulse	55	6950000	8951	NA
172	Pulse	55	6960000	18951	NA
172	Pulse	55	6970000	28951	NA
172	Pulse	55	6980000	38951	NA
173	Pulse	55	6990000	8354	NA
173	Pulse	55	7000000	18354	NA
173	Pulse	55	7010000	28354	NA
173	Pulse	55	7020000	38354	NA
174	Pulse	55	7030000	7924	NA
174	Pulse	55	7040000	17924	NA
174	Pulse	55	7050000	27924	NA
174	Pulse	55	7060000	37924	NA
175	Pulse	55	7070000	7411	NA
175	Pulse	55	7080000	17411	NA
175	Pulse	55	7090000	27411	NA
175	Pulse	55	7100000	37411	NA
176	Pulse	55	7110000	6814	NA
176	Pulse	55	7120000	16814	NA
176	Pulse	55	7130000	26814	NA
176	Pulse	55	7140000	36814	NA
177	Pulse	55	7150000	6300	NA
177	Pulse	55	7160000	16300	NA
177	Pulse	55	7170000	26300	NA
177	Pulse	55	7180000	36300	NA
178	Pulse	55	7190000	5787	NA
178	Pulse	55	7200000	15787	NA
178	Pulse	55	7210000	25787	NA
178	Pulse	55	7220000	35787	NA
179	Pulse	55	7230000	5274	NA
179	Pulse	55	7240000	15274	NA
179	Pulse	55	7250000	25274	NA
179	Pulse	55	7260000	35274	NA
180	Pulse	55	7270000	4677	NA
180	Pulse	55	7280000	14677	NA
180	Pulse	55	7290000	24677	NA
180	Pulse	55	7300000	34677	NA
181	Pulse	55	7310000	4080	NA
181	Pulse	55	7320000	14080	NA
181	Pulse	55	7330000	24080	NA
181	Pulse	55	7340000	34080	NA
182	Pulse	55	7350000	3483	NA
182	Pulse	55	7360000	13483	NA
182	Pulse	55	7370000	23483	NA
182	Pulse	55	7380000	33483	NA
183	Pulse	55	7390000	2887	NA
183	Pulse	55	7400000	12887	NA
183	Pulse	55	7410000	22887	NA
183	Pulse	55	7420000	32887	NA
184	Pulse	55	7430000	2290	NA
184	Pulse	55	7440000	12290	NA
184	Pulse	55	7450000	22290	NA
184	Pulse	55	7460000	32290	NA
185	Pulse	55	7470000	1776	NA
185	Pulse	55	7480000	11776	NA
185	Pulse	55	7490000	21776	NA
185	Pulse	55	7500000	31776	NA
186	Pulse	55	7510000	1180	NA
186	Pulse	55	7520000	11180	NA
186	Pulse	55	7530000	21180	NA
186	Pulse	55	7540000	31180	NA
187	Pulse	55	7550000	583	NA
187	Pulse	55	7560000	10583	NA
187	Pulse	55	7570000	20583	NA
187	Pulse	55	7580000	30583	NA
187	Pulse	55	7590000	40583	NA
188	Pulse	55	7600000	9986	NA
188	Pulse	55	7610000	19986	NA
188	Pulse	55	7620000	29986	NA
188	Pulse	55	7630000	39986	NA
189	Pulse	55	7640000	9389	NA
189	Pulse	55	7650000	19389	NA
189	Pulse	55	7660000	29389	NA
189	Pulse	55	7670000	39389	NA
190	Pulse	55	7680000	8792	NA
190	Pulse	55	7690000	18792	NA
190	Pulse	55	7700000	28792	NA
190	Pulse	55	7710000	38792	NA
191	Pulse	55	7720000	8196	NA
191	Pulse	55	7730000	18196	NA
191	Pulse	55	7740000	28196	NA
191	Pulse	55	7750000	38196	NA
192	Pulse	55	7760000	7599	NA
192	Pulse	55	7770000	17599	NA
192	Pulse	55	7780000	27599	NA
192	Pulse	55	7790000	37599	NA
193	Pulse	55	7800000	7002	NA
193	Pulse	55	7810000	17002	NA
193	Pulse	55	7820000	27002	NA
193	Pulse	55	7830000	37002	NA
194	Pulse	55	7840000	6405	NA
194	Pulse	55	7850000	16405	NA
194	Pulse	55	7860000	26405	NA
194	Pulse	55	7870000	36405	NA
195	Pulse	55	7880000	5808	NA
195	Pulse	55	7890000	15808	NA
195	Pulse	55	7900000	25808	NA
195	Pulse	55	7910000	35808	NA
196	Pulse	55	7920000	5212	NA
196	Pulse	55	7930000	15212	NA
196	Pulse	55	7940000	25212	NA
196	Pulse	55	7950000	35212	NA
197	Pulse	55	7960000	4698	NA
197	Pulse	55	7970000	14698	NA
197	Pulse	55	7980000	24698	NA
197	Pulse	55	7990000	34698	NA
198	Pulse	55	8000000	4185	NA
198	Pulse	55	8010000	14185	NA
198	Pulse	55	8020000	24185	NA
198	Pulse	55	8030000	34185	NA
199	Pulse	55	8040000	3588	NA
199	Pulse	55	8050000	13588	NA
199	Pulse	55	8060000	23588	NA
199	Pulse	55	8070000	33588	NA
200	Pulse	55	8080000	2991	NA
200	Pulse	55	8090000	12991	NA
200	Pulse	55	8100000	22991	NA
200	Pulse	55	8110000	32991	NA
201	Pulse	55	8120000	2478	NA
201	Pulse	55	8130000	12478	NA
201	Pulse	55	8140000	22478	NA
201	Pulse	55	8150000	32478	NA
202	Pulse	55	8160000	1964	NA
202	Pulse	55	8170000	11964	NA
202	Pulse	55	8180000	21964	NA
202	Pulse	55	8190000	31964	NA
203	Pulse	55	8200000	1451	NA
203	Pulse	55	8210000	11451	NA
203	Pulse	55	8220000	21451	NA
203	Pulse	55	8230000	31451	NA
204	Pulse	55	8240000	854	NA
204	Pulse	55	8250000	10854	NA
204	Pulse	55	8260000	20854	NA
204	Pulse	55	8270000	30854	NA
205	Pulse	55	8280000	341	NA
205	Pulse	55	8290000	10341	NA
205	Pulse	55	8300000	20341	NA
205	Pulse	55	8310000	30341	NA
205	Pulse	55	8320000	40341	NA
206	Pulse	55	8330000	9744	NA
206	Pulse	55	8340000	19744	NA
206	Pulse	55	8350000	29744	NA
206	Pulse	55	8360000	39744	NA
207	Pulse	55	8370000	9231	NA
207	Pulse	55	8380000	19231	NA
207	Pulse	55	8390000	29231	NA
207	Pulse	55	8400000	39231	NA
208	Pulse	55	8410000	8717	NA
208	Pulse	55	8420000	18717	NA
208	Pulse	55	8430000	28717	NA
208	Pulse	55	8440000	38717	NA
209	Pulse	55	8450000	8120	NA
209	Pulse	55	8460000	18120	NA
209	Pulse	55	8470000	28120	NA
209	Pulse	55	8480000	38120	NA
210	Pulse	55	8490000	7607	NA
210	Pulse	55	8500000	17607	NA
210	Pulse	55	8510000	27607	NA
210	Pulse	55	8520000	37607	NA
211	Pulse	55	8530000	7177	NA
211	Pulse	55	8540000	17177	NA
211	Pulse	55	8550000	27177	NA
211	Pulse	55	8560000	37177	NA
212	Pulse	55	8570000	6664	NA
212	Pulse	55	8580000	16664	NA
212	Pulse	55	8590000	26664	NA
212	Pulse	55	8600000	36664	NA
213	Pulse	55	8610000	6150	NA
213	Pulse	55	8620000	16150	NA
213	Pulse	55	8630000	26150	NA
213	Pulse	55	8640000	36150	NA
214	Pulse	55	8650000	5637	NA
214	Pulse	55	8660000	15637	NA
214	Pulse	55	8670000	25637	NA
214	Pulse	55	8680000	35637	NA
215	Pulse	55	8690000	5040	NA
215	Pulse	55	8700000	15040	NA
215	Pulse	55	8710000	25040	NA
215	Pulse	55	8720000	35040	NA
216	Pulse	55	8730000	4443	NA
216	Pulse	55	8740000	14443	NA
216	Pulse	55	8750000	24443	NA
216	Pulse	55	8760000	34443	NA
217	Pulse	55	8770000	4096	NA
217	Pulse	55	8780000	14096	NA
217	Pulse	55	8790000	24096	NA
217	Pulse	55	8800000	34096	NA
218	Pulse	55	8810000	3500	NA
218	Pulse	55	8820000	13500	NA
218	Pulse	55	8830000	23500	NA
218	Pulse	55	8840000	33500	NA
219	Pulse	55	8850000	2986	NA
219	Pulse	55	8860000	12986	NA
219	Pulse	55	8870000	22986	NA
219	Pulse	55	8880000	32986	NA
220	Pulse	55	8890000	2389	NA
220	Pulse	55	8900000	12389	NA
220	Pulse	55	8910000	22389	NA
220	Pulse	55	8920000	32389	NA
221	Pulse	55	8930000	1793	NA
221	Pulse	55	8940000	11793	NA
221	Pulse	55	8950000	21793	NA
221	Pulse	55	8960000	31793	NA
222	Pulse	55	8970000	1363	NA
222	Pulse	55	8980000	11363	NA
222	Pulse	55	8990000	21363	NA
222	Pulse	55	9000000	31363	NA
223	Pulse	55	9010000	849	NA
223	Pulse	55	9020000	10849	NA
223	Pulse	55	9030000	20849	NA
223	Pulse	55	9040000	30849	NA
224	Pulse	55	9050000	252	NA
224	Pulse	55	9060000	10252	NA
224	Pulse	55	9070000	20252	NA
224	Pulse	55	9080000	30252	NA
224	Pulse	55	9090000	40252	NA
225	Pulse	55	9100000	9822	NA
225	Pulse	55	9110000	19822	NA
225	Pulse	55	9120000	29822	NA
225	Pulse	55	9130000	39822	NA
226	Pulse	55	9140000	9309	NA
226	Pulse	55	9150000	19309	NA
226	Pulse	55	9160000	29309	NA
226	Pulse	55	9170000	39309	NA
227	Pulse	55	9180000	8796	NA
227	Pulse	55	9190000	18796	NA
227	Pulse	55	9200000	28796	NA
227	Pulse	55	9210000	38796	NA
228	Pulse	55	9220000	8199	NA
228	Pulse	55	9230000	18199	NA
228	Pulse	55	9240000	28199	NA
228	Pulse	55	9250000	38199	NA
229	Pulse	55	9260000	7602	NA
229	Pulse	55	9270000	17602	NA
229	Pulse	55	9280000	27602	NA
229	Pulse	55	9290000	37602	NA
230	Pulse	55	9300000	7089	NA
230	Pulse	55	9310000	17089	NA
230	Pulse	55	9320000	27089	NA
230	Pulse	55	9330000	37089	NA
231	Pulse	55	9340000	6575	NA
231	Pulse	55	9350000	16575	NA
231	Pulse	55	9360000	26575	NA
231	Pulse	55	9370000	36575	NA
232	Pulse	55	9380000	5978	NA
232	Pulse	55	9390000	15978	NA
232	Pulse	55	9400000	25978	NA
232	Pulse	55	9410000	35978	NA
233	Pulse	55	9420000	5382	NA
233	Pulse	55	9430000	15382	NA
233	Pulse	55	9440000	25382	NA
233	Pulse	55	9450000	35382	NA
234	Pulse	55	9460000	4785	NA
234	Pulse	55	9470000	14785	NA
234	Pulse	55	9480000	24785	NA
234	Pulse	55	9490000	34785	NA
235	Pulse	55	9500000	4188	NA
235	Pulse	55	9510000	14188	NA
235	Pulse	55	9520000	24188	NA
235	Pulse	55	9530000	34188	NA
236	Pulse	55	9540000	3591	NA
236	Pulse	55	9550000	13591	NA
236	Pulse	55	9560000	23591	NA
236	Pulse	55	9570000	33591	NA
237	Pulse	55	9580000	2994	NA
237	Pulse	55	9590000	12994	NA
237	Pulse	55	9600000	22994	NA
237	Pulse	55	9610000	32994	NA
238	Pulse	55	9620000	2481	NA
238	Pulse	55	9630000	12481	NA
238	Pulse	55	9640000	22481	NA
238	Pulse	55	9650000	32481	NA
239	Pulse	55	9660000	1968	NA
239	Pulse	55	9670000	11968	NA
239	Pulse	55	9680000	21968	NA
239	Pulse	55	9690000	31968	NA
240	Pulse	55	9700000	1371	NA
240	Pulse	55	9710000	11371	NA
240	Pulse	55	9720000	21371	NA
240	Pulse	55	9730000	31371	NA
241	Pulse	55	9740000	857	NA
241	Pulse	55	9750000	10857	NA
241	Pulse	55	9760000	20857	NA
241	Pulse	55	9770000	30857	NA
242	Pulse	55	9780000	261	NA
242	Pulse	55	9790000	10261	NA
242	Pulse	55	9800000	20261	NA
242	Pulse	55	9810000	30261	NA
242	Pulse	55	9820000	40261	NA
243	Pulse	55	9830000	9664	NA
243	Pulse	55	9840000	19664	NA
243	Pulse	55	9850000	29664	NA
243	Pulse	55	9860000	39664	NA
244	Pulse	55	9870000	9067	NA
244	Pulse	55	9880000	19067	NA
244	Pulse	55	9890000	29067	NA
244	Pulse	55	9900000	39067	NA
245	Pulse	55	9910000	8554	NA
245	Pulse	55	9920000	18554	NA
245	Pulse	55	9930000	28554	NA
245	Pulse	55	9940000	38554	NA
246	Pulse	55	9950000	7957	NA
246	Pulse	55	9960000	17957	NA
246	Pulse	55	9970000	27957	NA
246	Pulse	55	9980000	37957	NA
247	Pulse	55	9990000	7360	NA
247	Pulse	55	10000000	17360	NA
247	Pulse	55	10010000	27360	NA
247	Pulse	55	10020000	37360	NA
248	Pulse	55	10030000	6763	NA
248	Pulse	55	10040000	16763	NA
248	Pulse	55	10050000	26763	NA
248	Pulse	55	10060000	36763	NA
249	Pulse	55	10070000	6167	NA
249	Pulse	55	10080000	16167	NA
249	Pulse	55	10090000	26167	NA
249	Pulse	55	10100000	36167	NA
250	Pulse	55	10110000	5570	NA
250	Pulse	55	10120000	15570	NA
250	Pulse	55	10130000	25570	NA
250	Pulse	55	10140000	35570	NA
251	Pulse	55	10150000	4973	NA
251	Pulse	55	10160000	14973	NA
251	Pulse	55	10170000	24973	NA
251	Pulse	55	10180000	34973	NA
252	Pulse	55	10190000	4376	NA
252	Pulse	55	10200000	14376	NA
252	Pulse	55	10210000	24376	NA
252	Pulse	55	10220000	34376	NA
253	Pulse	55	10230000	3779	NA
253	Pulse	55	10240000	13779	NA
253	Pulse	55	10250000	23779	NA
253	Pulse	55	10260000	33779	NA
254	Pulse	55	10270000	3183	NA
254	Pulse	55	10280000	13183	NA
254	Pulse	55	10290000	23183	NA
254	Pulse	55	10300000	33183	NA
255	Pulse	55	10310000	2753	NA
255	Pulse	55	10320000	12753	NA
255	Pulse	55	10330000	22753	NA
255	Pulse	55	10340000	32753	NA
256	Pulse	55	10350000	2239	NA
256	Pulse	55	10360000	12239	NA
256	Pulse	55	10370000	22239	NA
256	Pulse	55	10380000	32239	NA
257	Pulse	55	10390000	1726	NA
257	Pulse	55	10400000	11726	NA
257	Pulse	55	10410000	21726	NA
257	Pulse	55	10420000	31726	NA
258	Pulse	55	10430000	1129	NA
258	Pulse	55	10440000	11129	NA
258	Pulse	55	10450000	21129	NA
258	Pulse	55	10460000	31129	NA
259	Pulse	55	10470000	532	NA
259	Pulse	55	10480000	10532	NA
259	Pulse	55	10490000	20532	NA
259	Pulse	55	10500000	30532	NA
259	Pulse	55	10510000	40532	NA
260	Pulse	55	10520000	9935	NA
260	Pulse	55	10530000	19935	NA
260	Pulse	55	10540000	29935	NA
260	Pulse	55	10550000	39935	NA
261	Pulse	55	10560000	9339	NA
261	Pulse	55	10570000	19339	NA
261	Pulse	55	10580000	29339	NA
261	Pulse	55	10590000	39339	NA
262	Pulse	55	10600000	8742	NA
262	Pulse	55	10610000	18742	NA
262	Pulse	55	10620000	28742	NA
262	Pulse	55	10630000	38742	NA
263	Pulse	55	10640000	8145	NA
263	Pulse	55	10650000	18145	NA
263	Pulse	55	10660000	28145	NA
263	Pulse	55	10670000	38145	NA
264	Pulse	55	10680000	7548	NA
264	Pulse	55	10690000	17548	NA
264	Pulse	55	10700000	27548	NA
264	Pulse	55	10710000	37548	NA
265	Pulse	55	10720000	6952	NA
265	Pulse	55	10730000	16952	NA
265	Pulse	55	10740000	26952	NA
265	Pulse	55	10750000	36952	NA
266	Pulse	55	10760000	6355	NA
266	Pulse	55	10770000	16355	NA
266	Pulse	55	10780000	26355	NA
266	Pulse	55	10790000	36355	NA
267	Pulse	55	10800000	5758	NA
267	Pulse	55	10810000	15758	NA
267	Pulse	55	10820000	25758	NA
267	Pulse	55	10830000	35758	NA
268	Pulse	55	10840000	5161	NA
268	Pulse	55	10850000	15161	NA
268	Pulse	55	10860000	25161	NA
268	Pulse	55	10870000	35161	NA
269	Pulse	55	10880000	4564	NA
269	Pulse	55	10890000	14564	NA
269	Pulse	55	10900000	24564	NA
269	Pulse	55	10910000	34564	NA
270	Pulse	55	10920000	3968	NA
270	Pulse	55	10930000	13968	NA
270	Pulse	55	10940000	23968	NA
270	Pulse	55	10950000	33968	NA
271	Pulse	55	10960000	3371	NA
271	Pulse	55	10970000	13371	NA
271	Pulse	55	10980000	23371	NA
271	Pulse	55	10990000	33371	NA
272	Pulse	55	11000000	2857	NA
272	Pulse	55	11010000	12857	NA
272	Pulse	55	11020000	22857	NA
272	Pulse	55	11030000	32857	NA
273	Pulse	55	11040000	2261	NA
273	Pulse	55	11050000	12261	NA
273	Pulse	55	11060000	22261	NA
273	Pulse	55	11070000	32261	NA
274	Pulse	55	11080000	1664	NA
274	Pulse	55	11090000	11664	NA
274	Pulse	55	11100000	21664	NA
274	Pulse	55	11110000	31664	NA
275	Pulse	55	11120000	1067	NA
275	Pulse	55	11130000	11067	NA
275	Pulse	55	11140000	21067	NA
275	Pulse	55	11150000	31067	NA
276	Pulse	55	11160000	470	NA
276	Pulse	55	11170000	10470	NA
276	Pulse	55	11180000	20470	NA
276	Pulse	55	11190000	30470	NA
276	Pulse	55	11200000	40470	NA
277	Pulse	55	11210000	9874	NA
277	Pulse	55	11220000	19874	NA
277	Pulse	55	11230000	29874	NA
277	Pulse	55	11240000	39874	NA
278	Pulse	55	11250000	9277	NA
278	Pulse	55	11260000	19277	NA
278	Pulse	55	11270000	29277	NA
278	Pulse	55	11280000	39277	NA
279	Pulse	55	11290000	8680	NA
279	Pulse	55	11300000	18680	NA
279	Pulse	55	11310000	28680	NA
279	Pulse	55	11320000	38680	NA
280	Pulse	55	11330000	8083	NA
280	Pulse	55	11340000	18083	NA
280	Pulse	55	11350000	28083	NA
280	Pulse	55	11360000	38083	NA
281	Pulse	55	11370000	7486	NA
281	Pulse	55	11380000	17486	NA
281	Pulse	55	11390000	27486	NA
281	Pulse	55	11400000	37486	NA
282	Pulse	55	11410000	6890	NA
282	Pulse	55	11420000	16890	NA
282	Pulse	55	11430000	26890	NA
282	Pulse	55	11440000	36890	NA
283	Pulse	55	11450000	6209	NA
283	Pulse	55	11460000	16209	NA
283	Pulse	55	11470000	26209	NA
283	Pulse	55	11480000	36209	NA
284	Pulse	55	11490000	5613	NA
284	Pulse	55	11500000	15613	NA
284	Pulse	55	11510000	25613	NA
284	Pulse	55	11520000	35613	NA
285	Pulse	55	11530000	5016	NA
285	Pulse	55	11540000	15016	NA
285	Pulse	55	11550000	25016	NA
285	Pulse	55	11560000	35016	NA
286	Pulse	55	11570000	4336	NA
286	Pulse	55	11580000	14336	NA
286	Pulse	55	11590000	24336	NA
286	Pulse	55	11600000	34336	NA
287	Pulse	55	11610000	3572	NA
287	Pulse	55	11620000	13572	NA
287	Pulse	55	11630000	23572	NA
287	Pulse	55	11640000	33572	NA
288	Pulse	55	11650000	2975	NA
288	Pulse	55	11660000	12975	NA
288	Pulse	55	11670000	22975	NA
288	Pulse	55	11680000	32975	NA
289	Pulse	55	11690000	2379	NA
289	Pulse	55	11700000	12379	NA
289	Pulse	55	11710000	22379	NA
289	Pulse	55	11720000	32379	NA
290	Pulse	55	11730000	1782	NA
290	Pulse	55	11740000	11782	NA
290	Pulse	55	11750000	21782	NA
290	Pulse	55	11760000	31782	NA
291	Pulse	55	11770000	1102	NA
291	Pulse	55	11780000	11102	NA
291	Pulse	55	11790000	21102	NA
291	Pulse	55	11800000	31102	NA
292	Pulse	55	11810000	505	NA
292	Pulse	55	11820000	10505	NA
292	Pulse	55	11830000	20505	NA
292	Pulse	55	11840000	30505	NA
292	Pulse	55	11850000	40505	NA
293	Pulse	55	11860000	9908	NA
293	Pulse	55	11870000	19908	NA
293	Pulse	55	11880000	29908	NA
293	Pulse	55	11890000	39908	NA
294	Pulse	55	11900000	9228	NA
294	Pulse	55	11910000	19228	NA
294	Pulse	55	11920000	29228	NA
294	Pulse	55	11930000	39228	NA
295	Pulse	55	11940000	8631	NA
295	Pulse	55	11950000	18631	NA
295	Pulse	55	11960000	28631	NA
295	Pulse	55	11970000	38631	NA
296	Pulse	55	11980000	8035	NA
296	Pulse	55	11990000	18035	NA
296	Pulse	55	12000000	28035	NA
296	Pulse	55	12010000	38035	NA
297	Pulse	55	12020000	7438	NA
297	Pulse	55	12030000	17438	NA
297	Pulse	55	12040000	27438	NA
297	Pulse	55	12050000	37438	NA
298	Pulse	55	12060000	6758	NA
298	Pulse	55	12070000	16758	NA
298	Pulse	55	12080000	26758	NA
298	Pulse	55	12090000	36758	NA
299	Pulse	55	12100000	6161	NA
299	Pulse	55	12110000	16161	NA
299	Pulse	55	12120000	26161	NA
299	Pulse	55	12130000	36161	NA
300	Pulse	55	12140000	5564	NA
300	Pulse	55	12150000	15564	NA
300	Pulse	55	12160000	25564	NA
300	Pulse	55	12170000	35564	NA
301	Pulse	55	12180000	4884	NA
301	Pulse	55	12190000	14884	NA
301	Pulse	55	12200000	24884	NA
301	Pulse	55	12210000	34884	NA
302	Pulse	55	12220000	4287	NA
302	Pulse	55	12230000	14287	NA
302	Pulse	55	12240000	24287	NA
302	Pulse	55	12250000	34287	NA
303	Pulse	55	12260000	3690	NA
303	Pulse	55	12270000	13690	NA
303	Pulse	55	12280000	23690	NA
303	Pulse	55	12290000	33690	NA
304	Pulse	55	12300000	3094	NA
304	Pulse	55	12310000	13094	NA
304	Pulse	55	12320000	23094	NA
304	Pulse	55	12330000	33094	NA
305	Pulse	55	12340000	2497	NA
305	Pulse	55	12350000	12497	NA
305	Pulse	55	12360000	22497	NA
305	Pulse	55	12370000	32497	NA
306	Pulse	55	12380000	1900	NA
306	Pulse	55	12390000	11900	NA
306	Pulse	55	12400000	21900	NA
306	Pulse	55	12410000	31900	NA
307	Pulse	55	12420000	1303	NA
307	Pulse	55	12430000	11303	NA
307	Pulse	55	12440000	21303	NA
307	Pulse	55	12450000	31303	NA
308	Pulse	55	12460000	623	NA
308	Pulse	55	12470000	10623	NA
308	Pulse	55	12480000	20623	NA
308	Pulse	55	12490000	30623	NA
309	Pulse	55	12500000	26	NA
309	Pulse	55	12510000	10026	NA
309	Pulse	55	12520000	20026	NA
309	Pulse	55	12530000	30026	NA
309	Pulse	55	12540000	40026	NA
310	Pulse	55	12550000	9346	NA
310	Pulse	55	12560000	19346	NA
310	Pulse	55	12570000	29346	NA
310	Pulse	55	12580000	39346	NA
311	Pulse	55	12590000	8749	NA
311	Pulse	55	12600000	18749	NA
311	Pulse	55	12610000	28749	NA
311	Pulse	55	12620000	38749	NA
312	Pulse	55	12630000	8069	NA
312	Pulse	55	12640000	18069	NA
312	Pulse	55	12650000	28069	NA
312	Pulse	55	12660000	38069	NA
313	Pulse	55	12670000	7472	NA
313	Pulse	55	12680000	17472	NA
313	Pulse	55	12690000	27472	NA
313	Pulse	55	12700000	37472	NA
314	Pulse	55	12710000	6876	NA
314	Pulse	55	12720000	16876	NA
314	Pulse	55	12730000	26876	NA
314	Pulse	55	12740000	36876	NA
315	Pulse	55	12750000	6279	NA
315	Pulse	55	12760000	16279	NA
315	Pulse	55	12770000	26279	NA
315	Pulse	55	12780000	36279	NA
316	Pulse	55	12790000	5682	NA
316	Pulse	55	12800000	15682	NA
316	Pulse	55	12810000	25682	NA
316	Pulse	55	12820000	35682	NA
317	Pulse	55	12830000	5085	NA
317	Pulse	55	12840000	15085	NA
317	Pulse	55	12850000	25085	NA
317	Pulse	55	12860000	35085	NA
318	Pulse	55	12870000	4405	NA
318	Pulse	55	12880000	14405	NA
318	Pulse	55	12890000	24405	NA
318	Pulse	55	12900000	34405	NA
319	Pulse	55	12910000	3808	NA
319	Pulse	55	12920000	13808	NA
319	Pulse	55	12930000	23808	NA
319	Pulse	55	12940000	33808	NA
320	Pulse	55	12950000	3212	NA
320	Pulse	55	12960000	13212	NA
320	Pulse	55	12970000	23212	NA
320	Pulse	55	12980000	33212	NA
321	Pulse	55	12990000	2615	NA
321	Pulse	55	13000000	12615	NA
321	Pulse	55	13010000	22615	NA
321	Pulse	55	13020000	32615	NA
322	Pulse	55	13030000	2018	NA
322	Pulse	55	13040000	12018	NA
322	Pulse	55	13050000	22018	NA
322	Pulse	55	13060000	32018	NA
323	Pulse	55	13070000	1421	NA
323	Pulse	55	13080000	11421	NA
323	Pulse	55	13090000	21421	NA
323	Pulse	55	13100000	31421	NA
324	Pulse	55	13110000	825	NA
324	Pulse	55	13120000	10825	NA
324	Pulse	55	13130000	20825	NA
324	Pulse	55	13140000	30825	NA
325	Pulse	55	13150000	228	NA
325	Pulse	55	13160000	10228	NA
325	Pulse	55	13170000	20228	NA
325	Pulse	55	13180000	30228	NA
325	Pulse	55	13190000	40228	NA
326	Pulse	55	13200000	9631	NA
326	Pulse	55	13210000	19631	NA
326	Pulse	55	13220000	29631	NA
326	Pulse	55	13230000	39631	NA
327	Pulse	55	13240000	8951	NA
327	Pulse	55	13250000	18951	NA
327	Pulse	55	13260000	28951	NA
327	Pulse	55	13270000	38951	NA
328	Pulse	55	13280000	8354	NA
328	Pulse	55	13290000	18354	NA
328	Pulse	55	13300000	28354	NA
328	Pulse	55	13310000	38354	NA
329	Pulse	55	13320000	7757	NA
329	Pulse	55	13330000	17757	NA
329	Pulse	55	13340000	27757	NA
329	Pulse	55	13350000	37757	NA
330	Pulse	55	13360000	7160	NA
330	Pulse	55	13370000	17160	NA
330	Pulse	55	13380000	27160	NA
330	Pulse	55	13390000	37160	NA
331	Pulse	55	13400000	6564	NA
331	Pulse	55	13410000	16564	NA
331	Pulse	55	13420000	26564	NA
331	Pulse	55	13430000	36564	NA
332	Pulse	55	13440000	5967	NA
332	Pulse	55	13450000	15967	NA
332	Pulse	55	13460000	25967	NA
332	Pulse	55	13470000	35967	NA
333	Pulse	55	13480000	5370	NA
333	Pulse	55	13490000	15370	NA
333	Pulse	55	13500000	25370	NA
333	Pulse	55	13510000	35370	NA
334	Pulse	55	13520000	4773	NA
334	Pulse	55	13530000	14773	NA
334	Pulse	55	13540000	24773	NA
334	Pulse	55	13550000	34773	NA
335	Pulse	55	13560000	4177	NA
335	Pulse	55	13570000	14177	NA
335	Pulse	55	13580000	24177	NA
335	Pulse	55	13590000	34177	NA
336	Pulse	55	13600000	3580	NA
336	Pulse	55	13610000	13580	NA
336	Pulse	55	13620000	23580	NA
336	Pulse	55	13630000	33580	NA
337	Pulse	55	13640000	2983	NA
337	Pulse	55	13650000	12983	NA
337	Pulse	55	13660000	22983	NA
337	Pulse	55	13670000	32983	NA
338	Pulse	55	13680000	2386	NA
338	Pulse	55	13690000	12386	NA
338	Pulse	55	13700000	22386	NA
338	Pulse	55	13710000	32386	NA
339	Pulse	55	13720000	1789	NA
339	Pulse	55	13730000	11789	NA
339	Pulse	55	13740000	21789	NA
339	Pulse	55	13750000	31789	NA
340	Pulse	55	13760000	1193	NA
340	Pulse	55	13770000	11193	NA
340	Pulse	55	13780000	21193	NA
340	Pulse	55	13790000	31193	NA
341	Pulse	55	13800000	596	NA
341	Pulse	55	13810000	10596	NA
341	Pulse	55	13820000	20596	NA
341	Pulse	55	13830000	30596	NA
341	Pulse	55	13840000	40596	NA
342	Pulse	55	13850000	9999	NA
342	Pulse	55	13860000	19999	NA
342	Pulse	55	13870000	29999	NA
342	Pulse	55	13880000	39999	NA
343	Pulse	55	13890000	9402	NA
343	Pulse	55	13900000	19402	NA
343	Pulse	55	13910000	29402	NA
343	Response	1	13912780	32182	1
343	Pulse	55	13920000	39402	NA
344	Pulse	55	13930000	9306	NA
344	Pulse	55	13940000	19306	NA
345	Pulse	55	13950000	9216	NA
345	Pulse	55	13960000	19216	NA
345	Pulse	55	13970000	29216	NA
345	Pulse	55	13980000	39216	NA
345	Pulse	55	13990000	49216	NA
345	Pulse	55	14000000	59216	NA
345	Pulse	55	14010000	69216	NA
345	Pulse	55	14020000	79216	NA
345	Pulse	55	14030000	89216	NA
345	Pulse	55	14040000	99216	NA
345	Pulse	55	14050000	109216	NA
345	Pulse	55	14060000	119216	NA
345	Pulse	55	14070000	129216	NA
345	Pulse	55	14080000	139216	NA
345	Pulse	55	14090000	149216	NA
345	Pulse	55	14100000	159216	NA
345	Pulse	55	14110000	169216	NA
345	Response	1	14110379	169595	1
345	Pulse	55	14120000	179216	NA
345	Pulse	55	14130000	189216	NA
346	Pulse	55	14140000	9903	NA
346	Pulse	55	14150000	19903	NA
346	Pulse	55	14160000	29903	NA
346	Pulse	55	14170000	39903	NA
346	Pulse	55	14180000	49903	NA
346	Pulse	55	14190000	59903	NA
346	Pulse	55	14200000	69903	NA
346	Pulse	55	14210000	79903	NA
346	Pulse	55	14220000	89903	NA
346	Pulse	55	14230000	99903	NA
346	Pulse	55	14240000	109903	NA
346	Pulse	55	14250000	119903	NA
346	Pulse	55	14260000	129903	NA
346	Pulse	55	14270000	139903	NA
346	Pulse	55	14280000	149903	NA
346	Pulse	55	14290000	159903	NA
346	Pulse	55	14300000	169903	NA
346	Pulse	55	14310000	179903	NA
346	Pulse	55	14320000	189903	NA
346	Pulse	55	14330000	199903	NA
346	Pulse	55	14340000	209903	NA
346	Pulse	55	14350000	219903	NA
346	Pulse	55	14360000	229903	NA
346	Pulse	55	14370000	239903	NA
346	Pulse	55	14380000	249903	NA
346	Pulse	55	14390000	259903	NA
346	Pulse	55	14400000	269903	NA
346	Pulse	55	14410000	279903	NA
346	Pulse	55	14420000	289903	NA
346	Pulse	55	14430000	299903	NA
346	Pulse	55	14440000	309903	NA
346	Pulse	55	14450000	319903	NA
346	Pulse	55	14460000	329903	NA
346	Pulse	55	14470000	339903	NA
346	Pulse	55	14480000	349903	NA
346	Pulse	55	14490000	359903	NA
346	Pulse	55	14500000	369903	NA
346	Pulse	55	14510000	379903	NA
346	Pulse	55	14520000	389903	NA
346	Pulse	55	14530000	399903	NA
346	Pulse	55	14540000	409903	NA
346	Pulse	55	14550000	419903	NA
346	Pulse	55	14560000	429903	NA
346	Pulse	55	14570000	439903	NA
346	Pulse	55	14580000	449903	NA
346	Pulse	55	14590000	459903	NA
346	Pulse	55	14600000	469903	NA
346	Pulse	55	14610000	479903	NA
346	Pulse	55	14620000	489903	NA
346	Pulse	55	14630000	499903	NA
346	Pulse	55	14640000	509903	NA
346	Pulse	55	14650000	519903	NA
346	Pulse	55	14660000	529903	NA
346	Pulse	55	14670000	539903	NA
346	Pulse	55	14680000	549903	NA
346	Pulse	55	14690000	559903	NA
346	Pulse	55	14700000	569903	NA
346	Pulse	55	14710000	579903	NA
346	Pulse	55	14720000	589903	NA
346	Pulse	55	14730000	599903	NA
346	Pulse	55	14740000	609903	NA
346	Pulse	55	14750000	619903	NA
346	Pulse	55	14760000	629903	NA
346	Pulse	55	14770000	639903	NA
346	Pulse	55	14780000	649903	NA
346	Pulse	55	14790000	659903	NA
346	Pulse	55	14800000	669903	NA
346	Pulse	55	14810000	679903	NA
346	Pulse	55	14820000	689903	NA
346	Pulse	55	14830000	699903	NA
346	Pulse	55	14840000	709903	NA
346	Pulse	55	14850000	719903	NA
346	Pulse	55	14860000	729903	NA
346	Pulse	55	14870000	739903	NA
346	Pulse	55	14880000	749903	NA
346	Pulse	55	14890000	759903	NA
346	Pulse	55	14900000	769903	NA
346	Pulse	55	14910000	779903	NA
346	Pulse	55	14920000	789903	NA
346	Pulse	55	14930000	799903	NA
346	Pulse	55	14940000	809903	NA
346	Pulse	55	14950000	819903	NA
346	Pulse	55	14960000	829903	NA
346	Pulse	55	14970000	839903	NA
346	Pulse	55	14980000	849903	NA
346	Pulse	55	14990000	859903	NA
346	Pulse	55	15000000	869903	NA
346	Pulse	55	15010000	879903	NA
346	Pulse	55	15020000	889903	NA
346	Pulse	55	15030000	899903	NA
346	Pulse	55	15040000	909903	NA
346	Pulse	55	15050000	919903	NA
346	Pulse	55	15060000	929903	NA
346	Pulse	55	15070000	939903	NA
346	Pulse	55	15080000	949903	NA
346	Pulse	55	15090000	959903	NA
346	Pulse	55	15100000	969903	NA
346	Pulse	55	15110000	979903	NA
346	Pulse	55	15120000	989903	NA
346	Pulse	55	15130000	999903	NA
346	Pulse	55	15140000	1009903	NA
346	Pulse	55	15150000	1019903	NA
346	Pulse	55	15160000	1029903	NA
346	Pulse	55	15170000	1039903	NA
346	Pulse	55	15180000	1049903	NA
346	Pulse	55	15190000	1059903	NA
346	Pulse	55	15200000	1069903	NA
346	Pulse	55	15210000	1079903	NA
346	Pulse	55	15220000	1089903	NA
346	Pulse	55	15230000	1099903	NA
346	Pulse	55	15240000	1109903	NA
346	Pulse	55	15250000	1119903	NA
346	Pulse	55	15260000	1129903	NA
346	Pulse	55	15270000	1139903	NA
346	Pulse	55	15280000	1149903	NA
346	Pulse	55	15290000	1159903	NA
346	Pulse	55	15300000	1169903	NA
346	Pulse	55	15310000	1179903	NA
346	Pulse	55	15320000	1189903	NA
346	Pulse	55	15330000	1199903	NA
346	Pulse	55	15340000	1209903	NA
346	Pulse	55	15350000	1219903	NA
346	Pulse	55	15360000	1229903	NA
346	Pulse	55	15370000	1239903	NA
346	Pulse	55	15380000	1249903	NA
346	Pulse	55	15390000	1259903	NA
346	Pulse	55	15400000	1269903	NA
346	Pulse	55	15410000	1279903	NA
346	Pulse	55	15420000	1289903	NA
346	Pulse	55	15430000	1299903	NA
346	Pulse	55	15440000	1309903	NA
346	Pulse	55	15450000	1319903	NA
346	Pulse	55	15460000	1329903	NA
346	Pulse	55	15470000	1339903	NA
346	Pulse	55	15480000	1349903	NA
346	Pulse	55	15490000	1359903	NA
346	Pulse	55	15500000	1369903	NA
346	Pulse	55	15510000	1379903	NA
346	Pulse	55	15520000	1389903	NA
346	Pulse	55	15530000	1399903	NA
346	Pulse	55	15540000	1409903	NA
346	Pulse	55	15550000	1419903	NA
346	Pulse	55	15560000	1429903	NA
346	Pulse	55	15570000	1439903	NA
346	Pulse	55	15580000	1449903	NA
346	Pulse	55	15590000	1459903	NA
346	Pulse	55	15600000	1469903	NA
346	Pulse	55	15610000	1479903	NA
346	Pulse	55	15620000	1489903	NA
346	Pulse	55	15630000	1499903	NA
346	Pulse	55	15640000	1509903	NA
346	Pulse	55	15650000	1519903	NA
346	Pulse	55	15660000	1529903	NA
346	Pulse	55	15670000	1539903	NA
346	Pulse	55	15680000	1549903	NA
346	Pulse	55	15690000	1559903	NA
346	Pulse	55	15700000	1569903	NA
346	Pulse	55	15710000	1579903	NA
346	Pulse	55	15720000	1589903	NA
346	Pulse	55	15730000	1599903	NA
346	Pulse	55	15740000	1609903	NA
346	Pulse	55	15750000	1619903	NA
346	Pulse	55	15760000	1629903	NA
346	Pulse	55	15770000	1639903	NA
346	Pulse	55	15780000	1649903	NA
346	Pulse	55	15790000	1659903	NA
346	Pulse	55	15800000	1669903	NA
346	Pulse	55	15810000	1679903	NA
346	Pulse	55	15820000	1689903	NA
346	Pulse	55	15830000	1699903	NA
346	Pulse	55	15840000	1709903	NA
346	Pulse	55	15850000	1719903	NA
346	Pulse	55	15860000	1729903	NA
346	Pulse	55	15870000	1739903	NA
346	Pulse	55	15880000	1749903	NA
346	Pulse	55	15890000	1759903	NA
346	Pulse	55	15900000	1769903	NA
346	Pulse	55	15910000	1779903	NA
346	Pulse	55	15920000	1789903	NA
346	Pulse	55	15930000	1799903	NA
346	Pulse	55	15940000	1809903	NA
346	Pulse	55	15950000	1819903	NA
346	Pulse	55	15960000	1829903	NA
346	Pulse	55	15970000	1839903	NA
346	Pulse	55	15980000	1849903	NA
346	Pulse	55	15990000	1859903	NA
346	Pulse	55	16000000	1869903	NA
346	Pulse	55	16010000	1879903	NA
346	Pulse	55	16020000	1889903	NA
346	Pulse	55	16030000	1899903	NA
346	Pulse	55	16040000	1909903	NA
346	Pulse	55	16050000	1919903	NA
346	Pulse	55	16060000	1929903	NA
346	Pulse	55	16070000	1939903	NA
346	Pulse	55	16080000	1949903	NA
346	Pulse	55	16090000	1959903	NA
346	Pulse	55	16100000	1969903	NA
346	Pulse	55	16110000	1979903	NA
346	Pulse	55	16120000	1989903	NA
346	Pulse	55	16130000	1999903	NA
346	Pulse	55	16140000	2009903	NA
346	Pulse	55	16150000	2019903	NA
346	Pulse	55	16160000	2029903	NA
346	Pulse	55	16170000	2039903	NA
346	Pulse	55	16180000	2049903	NA
346	Pulse	55	16190000	2059903	NA
346	Pulse	55	16200000	2069903	NA
346	Pulse	55	16210000	2079903	NA
346	Pulse	55	16220000	2089903	NA
346	Pulse	55	16230000	2099903	NA
346	Pulse	55	16240000	2109903	NA
346	Pulse	55	16250000	2119903	NA
346	Pulse	55	16260000	2129903	NA
346	Pulse	55	16270000	2139903	NA
346	Pulse	55	16280000	2149903	NA
346	Pulse	55	16290000	2159903	NA
346	Pulse	55	16300000	2169903	NA
346	Pulse	55	16310000	2179903	NA
346	Pulse	55	16320000	2189903	NA
346	Pulse	55	16330000	2199903	NA
346	Pulse	55	16340000	2209903	NA
346	Pulse	55	16350000	2219903	NA
346	Pulse	55	16360000	2229903	NA
346	Pulse	55	16370000	2239903	NA
346	Pulse	55	16380000	2249903	NA
346	Pulse	55	16390000	2259903	NA
346	Pulse	55	16400000	2269903	NA
346	Pulse	55	16410000	2279903	NA
346	Pulse	55	16420000	2289903	NA
346	Pulse	55	16430000	2299903	NA
346	Pulse	55	16440000	2309903	NA
346	Pulse	55	16450000	2319903	NA
346	Pulse	55	16460000	2329903	NA
346	Pulse	55	16470000	2339903	NA
346	Pulse	55	16480000	2349903	NA
346	Pulse	55	16490000	2359903	NA
346	Pulse	55	16500000	2369903	NA
346	Pulse	55	16510000	2379903	NA
346	Pulse	55	16520000	2389903	NA
346	Pulse	55	16530000	2399903	NA
346	Pulse	55	16540000	2409903	NA
346	Pulse	55	16550000	2419903	NA
346	Pulse	55	16560000	2429903	NA
346	Pulse	55	16570000	2439903	NA
346	Pulse	55	16580000	2449903	NA
346	Pulse	55	16590000	2459903	NA
346	Pulse	55	16600000	2469903	NA
346	Pulse	55	16610000	2479903	NA
346	Pulse	55	16620000	2489903	NA
346	Pulse	55	16630000	2499903	NA
346	Pulse	55	16640000	2509903	NA
346	Pulse	55	16650000	2519903	NA
346	Pulse	55	16660000	2529903	NA
346	Pulse	55	16670000	2539903	NA
346	Pulse	55	16680000	2549903	NA
346	Pulse	55	16690000	2559903	NA
346	Pulse	55	16700000	2569903	NA
346	Pulse	55	16710000	2579903	NA
346	Pulse	55	16720000	2589903	NA
346	Pulse	55	16730000	2599903	NA
346	Pulse	55	16740000	2609903	NA
346	Pulse	55	16750000	2619903	NA
346	Pulse	55	16760000	2629903	NA
346	Pulse	55	16770000	2639903	NA
346	Pulse	55	16780000	2649903	NA
346	Pulse	55	16790000	2659903	NA
346	Pulse	55	16800000	2669903	NA
346	Pulse	55	16810000	2679903	NA
346	Pulse	55	16820000	2689903	NA
346	Pulse	55	16830000	2699903	NA
346	Pulse	55	16840000	2709903	NA
346	Pulse	55	16850000	2719903	NA
346	Pulse	55	16860000	2729903	NA
346	Pulse	55	16870000	2739903	NA
346	Pulse	55	16880000	2749903	NA
346	Pulse	55	16890000	2759903	NA
346	Pulse	55	16900000	2769903	NA
346	Pulse	55	16910000	2779903	NA
346	Pulse	55	16920000	2789903	NA
346	Pulse	55	16930000	2799903	NA
346	Pulse	55	16940000	2809903	NA
346	Pulse	55	16950000	2819903	NA
346	Pulse	55	16960000	2829903	NA
346	Pulse	55	16970000	2839903	NA
346	Pulse	55	16980000	2849903	NA
346	Pulse	55	16990000	2859903	NA
346	Pulse	55	17000000	2869903	NA
346	Pulse	55	17010000	2879903	NA
346	Pulse	55	17020000	2889903	NA
346	Pulse	55	17030000	2899903	NA
346	Pulse	55	17040000	2909903	NA
346	Pulse	55	17050000	2919903	NA
346	Pulse	55	17060000	2929903	NA
346	Pulse	55	17070000	2939903	NA
346	Pulse	55	17080000	2949903	NA
346	Pulse	55	17090000	2959903	NA
346	Pulse	55	17100000	2969903	NA
346	Pulse	55	17110000	2979903	NA
346	Pulse	55	17120000	2989903	NA
346	Pulse	55	17130000	2999903	NA
346	Pulse	55	17140000	3009903	NA
346	Pulse	55	17150000	3019903	NA
346	Pulse	55	17160000	3029903	NA
346	Pulse	55	17170000	3039903	NA
346	Pulse	55	17180000	3049903	NA
346	Pulse	55	17190000	3059903	NA
346	Pulse	55	17200000	3069903	NA
346	Pulse	55	17210000	3079903	NA
346	Pulse	55	17220000	3089903	NA
346	Pulse	55	17230000	3099903	NA
346	Pulse	55	17240000	3109903	NA
346	Pulse	55	17250000	3119903	NA
346	Pulse	55	17260000	3129903	NA
346	Pulse	55	17270000	3139903	NA
346	Pulse	55	17280000	3149903	NA
346	Pulse	55	17290000	3159903	NA
346	Pulse	55	17300000	3169903	NA
346	Pulse	55	17310000	3179903	NA
346	Pulse	55	17320000	3189903	NA
346	Pulse	55	17330000	3199903	NA
346	Pulse	55	17340000	3209903	NA
346	Pulse	55	17350000	3219903	NA
346	Pulse	55	17360000	3229903	NA
346	Pulse	55	17370000	3239903	NA
346	Pulse	55	17380000	3249903	NA
346	Pulse	55	17390000	3259903	NA
346	Pulse	55	17400000	3269903	NA
346	Pulse	55	17410000	3279903	NA
346	Pulse	55	17420000	3289903	NA
346	Pulse	55	17430000	3299903	NA
346	Pulse	55	17440000	3309903	NA
346	Pulse	55	17450000	3319903	NA
346	Pulse	55	17460000	3329903	NA
346	Pulse	55	17470000	3339903	NA
346	Pulse	55	17480000	3349903	NA
346	Pulse	55	17490000	3359903	NA
346	Pulse	55	17500000	3369903	NA
346	Pulse	55	17510000	3379903	NA
346	Pulse	55	17520000	3389903	NA
346	Pulse	55	17530000	3399903	NA
346	Pulse	55	17540000	3409903	NA
346	Pulse	55	17550000	3419903	NA
346	Pulse	55	17560000	3429903	NA
346	Pulse	55	17570000	3439903	NA
346	Pulse	55	17580000	3449903	NA
346	Pulse	55	17590000	3459903	NA
346	Pulse	55	17600000	3469903	NA
346	Pulse	55	17610000	3479903	NA
346	Pulse	55	17620000	3489903	NA
346	Pulse	55	17630000	3499903	NA
346	Pulse	55	17640000	3509903	NA
346	Pulse	55	17650000	3519903	NA
346	Pulse	55	17660000	3529903	NA
346	Pulse	55	17670000	3539903	NA
346	Pulse	55	17680000	3549903	NA
346	Pulse	55	17690000	3559903	NA
346	Pulse	55	17700000	3569903	NA
346	Pulse	55	17710000	3579903	NA
346	Pulse	55	17720000	3589903	NA
346	Pulse	55	17730000	3599903	NA
346	Pulse	55	17740000	3609903	NA
346	Pulse	55	17750000	3619903	NA
346	Pulse	55	17760000	3629903	NA
346	Pulse	55	17770000	3639903	NA
346	Pulse	55	17780000	3649903	NA
346	Pulse	55	17790000	3659903	NA
346	Pulse	55	17800000	3669903	NA
346	Pulse	55	17810000	3679903	NA
346	Pulse	55	17820000	3689903	NA
346	Pulse	55	17830000	3699903	NA
346	Pulse	55	17840000	3709903	NA
346	Pulse	55	17850000	3719903	NA
346	Pulse	55	17860000	3729903	NA
346	Pulse	55	17870000	3739903	NA
346	Pulse	55	17880000	3749903	NA
346	Pulse	55	17890000	3759903	NA
346	Pulse	55	17900000	3769903	NA
346	Pulse	55	17910000	3779903	NA
346	Pulse	55	17920000	3789903	NA
346	Pulse	55	17930000	3799903	NA
346	Pulse	55	17940000	3809903	NA
346	Pulse	55	17950000	3819903	NA
346	Pulse	55	17960000	3829903	NA
346	Pulse	55	17970000	3839903	NA
346	Pulse	55	17980000	3849903	NA
346	Pulse	55	17990000	3859903	NA
346	Pulse	55	18000000	3869903	NA
346	Pulse	55	18010000	3879903	NA
346	Pulse	55	18020000	3889903	NA
346	Pulse	55	18030000	3899903	NA
346	Pulse	55	18040000	3909903	NA
346	Pulse	55	18050000	3919903	NA
346	Pulse	55	18060000	3929903	NA
346	Pulse	55	18070000	3939903	NA
346	Pulse	55	18080000	3949903	NA
346	Pulse	55	18090000	3959903	NA
346	Pulse	55	18100000	3969903	NA
346	Pulse	55	18110000	3979903	NA
346	Pulse	55	18120000	3989903	NA
346	Pulse	55	18130000	3999903	NA
346	Pulse	55	18140000	4009903	NA
346	Pulse	55	18150000	4019903	NA
346	Pulse	55	18160000	4029903	NA
346	Pulse	55	18170000	4039903	NA
346	Pulse	55	18180000	4049903	NA
346	Pulse	55	18190000	4059903	NA
346	Pulse	55	18200000	4069903	NA
346	Pulse	55	18210000	4079903	NA
346	Pulse	55	18220000	4089903	NA
346	Pulse	55	18230000	4099903	NA
346	Pulse	55	18240000	4109903	NA
346	Pulse	55	18250000	4119903	NA
346	Pulse	55	18260000	4129903	NA
346	Pulse	55	18270000	4139903	NA
346	Pulse	55	18280000	4149903	NA
346	Pulse	55	18290000	4159903	NA
346	Pulse	55	18300000	4169903	NA
346	Pulse	55	18310000	4179903	NA
346	Pulse	55	18320000	4189903	NA
346	Pulse	55	18330000	4199903	NA
346	Pulse	55	18340000	4209903	NA
346	Pulse	55	18350000	4219903	NA
346	Pulse	55	18360000	4229903	NA
346	Pulse	55	18370000	4239903	NA
346	Pulse	55	18380000	4249903	NA
346	Pulse	55	18390000	4259903	NA
346	Pulse	55	18400000	4269903	NA
346	Pulse	55	18410000	4279903	NA
346	Pulse	55	18420000	4289903	NA
346	Pulse	55	18430000	4299903	NA
346	Pulse	55	18440000	4309903	NA
346	Pulse	55	18450000	4319903	NA
346	Pulse	55	18460000	4329903	NA
346	Pulse	55	18470000	4339903	NA
346	Pulse	55	18480000	4349903	NA
346	Pulse	55	18490000	4359903	NA
346	Pulse	55	18500000	4369903	NA
346	Pulse	55	18510000	4379903	NA
346	Pulse	55	18520000	4389903	NA
346	Pulse	55	18530000	4399903	NA
346	Pulse	55	18540000	4409903	NA
346	Pulse	55	18550000	4419903	NA
346	Pulse	55	18560000	4429903	NA
346	Pulse	55	18570000	4439903	NA
346	Pulse	55	18580000	4449903	NA
346	Pulse	55	18590000	4459903	NA
346	Pulse	55	18600000	4469903	NA
346	Pulse	55	18610000	4479903	NA
346	Pulse	55	18620000	4489903	NA
346	Pulse	55	18630000	4499903	NA
346	Pulse	55	18640000	4509903	NA
346	Pulse	55	18650000	4519903	NA
346	Pulse	55	18660000	4529903	NA
346	Pulse	55	18670000	4539903	NA
346	Pulse	55	18680000	4549903	NA
346	Pulse	55	18690000	4559903	NA
346	Pulse	55	18700000	4569903	NA
346	Pulse	55	18710000	4579903	NA
346	Pulse	55	18720000	4589903	NA
346	Pulse	55	18730000	4599903	NA
346	Pulse	55	18740000	4609903	NA
346	Pulse	55	18750000	4619903	NA
346	Pulse	55	18760000	4629903	NA
346	Pulse	55	18770000	4639903	NA
346	Pulse	55	18780000	4649903	NA
346	Pulse	55	18790000	4659903	NA
346	Pulse	55	18800000	4669903	NA
346	Pulse	55	18810000	4679903	NA
346	Pulse	55	18820000	4689903	NA
346	Pulse	55	18830000	4699903	NA
346	Pulse	55	18840000	4709903	NA
346	Pulse	55	18850000	4719903	NA
346	Pulse	55	18860000	4729903	NA
346	Pulse	55	18870000	4739903	NA
346	Pulse	55	18880000	4749903	NA
346	Pulse	55	18890000	4759903	NA
346	Pulse	55	18900000	4769903	NA
346	Pulse	55	18910000	4779903	NA
346	Pulse	55	18920000	4789903	NA
346	Pulse	55	18930000	4799903	NA
346	Pulse	55	18940000	4809903	NA
346	Pulse	55	18950000	4819903	NA
346	Pulse	55	18960000	4829903	NA
346	Pulse	55	18970000	4839903	NA
346	Pulse	55	18980000	4849903	NA
346	Pulse	55	18990000	4859903	NA
346	Pulse	55	19000000	4869903	NA
346	Pulse	55	19010000	4879903	NA
346	Pulse	55	19020000	4889903	NA
346	Pulse	55	19030000	4899903	NA
346	Pulse	55	19040000	4909903	NA
346	Pulse	55	19050000	4919903	NA
346	Pulse	55	19060000	4929903	NA
346	Pulse	55	19070000	4939903	NA
346	Pulse	55	19080000	4949903	NA
346	Pulse	55	19090000	4959903	NA
346	Pulse	55	19100000	4969903	NA
346	Pulse	55	19110000	4979903	NA
346	Pulse	55	19120000	4989903	NA
346	Pulse	55	19130000	4999903	NA
346	Pulse	55	19140000	5009903	NA
346	Pulse	55	19150000	5019903	NA
346	Pulse	55	19160000	5029903	NA
346	Pulse	55	19170000	5039903	NA
346	Pulse	55	19180000	5049903	NA
346	Pulse	55	19190000	5059903	NA
346	Pulse	55	19200000	5069903	NA
346	Pulse	55	19210000	5079903	NA
346	Pulse	55	19220000	5089903	NA
346	Pulse	55	19230000	5099903	NA
346	Pulse	55	19240000	5109903	NA
346	Pulse	55	19250000	5119903	NA
346	Pulse	55	19260000	5129903	NA
346	Pulse	55	19270000	5139903	NA
346	Pulse	55	19280000	5149903	NA
346	Pulse	55	19290000	5159903	NA
346	Pulse	55	19300000	5169903	NA
346	Pulse	55	19310000	5179903	NA
346	Pulse	55	19320000	5189903	NA
346	Pulse	55	19330000	5199903	NA
346	Pulse	55	19340000	5209903	NA
346	Pulse	55	19350000	5219903	NA
346	Pulse	55	19360000	5229903	NA
346	Pulse	55	19370000	5239903	NA
346	Pulse	55	19380000	5249903	NA
346	Pulse	55	19390000	5259903	NA
346	Pulse	55	19400000	5269903	NA
346	Pulse	55	19410000	5279903	NA
346	Pulse	55	19420000	5289903	NA
346	Pulse	55	19430000	5299903	NA
346	Pulse	55	19440000	5309903	NA
346	Pulse	55	19450000	5319903	NA
346	Pulse	55	19460000	5329903	NA
346	Pulse	55	19470000	5339903	NA
346	Pulse	55	19480000	5349903	NA
346	Pulse	55	19490000	5359903	NA
346	Response	1	19491347	5361250	1
347	Pulse	55	19500000	8544	NA
347	Response	1	19508945	17489	1
