Scenario - Slideshow_D2.sce
Logfile written - 11/10/2021 19:28:55

Trial	Event Type	Code	Time	TTime	Uncertainty	Duration	Uncertainty	ReqTime	ReqDur	Stim Type	Pair Index

0	Pulse	55	0	0	NA
1	Pulse	55	10000	9334	NA
1	Pulse	55	20000	19334	NA
1	Pulse	55	30000	29334	NA
1	Pulse	55	40000	39334	NA
2	Pulse	55	50000	8667	NA
2	Pulse	55	60000	18667	NA
2	Pulse	55	70000	28667	NA
2	Pulse	55	80000	38667	NA
3	Pulse	55	90000	8001	NA
3	Pulse	55	100000	18001	NA
3	Pulse	55	110000	28001	NA
3	Pulse	55	120000	38001	NA
4	Pulse	55	130000	7335	NA
4	Pulse	55	140000	17335	NA
4	Pulse	55	150000	27335	NA
4	Pulse	55	160000	37335	NA
5	Pulse	55	170000	6669	NA
5	Pulse	55	180000	16669	NA
5	Pulse	55	190000	26669	NA
5	Pulse	55	200000	36669	NA
6	Pulse	55	210000	6003	NA
6	Pulse	55	220000	16003	NA
6	Pulse	55	230000	26003	NA
6	Pulse	55	240000	36003	NA
7	Pulse	55	250000	5337	NA
7	Pulse	55	260000	15337	NA
7	Pulse	55	270000	25337	NA
7	Pulse	55	280000	35337	NA
8	Pulse	55	290000	4671	NA
8	Pulse	55	300000	14671	NA
8	Pulse	55	310000	24671	NA
8	Pulse	55	320000	34671	NA
9	Pulse	55	330000	4005	NA
9	Pulse	55	340000	14005	NA
9	Pulse	55	350000	24005	NA
9	Pulse	55	360000	34005	NA
10	Pulse	55	370000	3505	NA
10	Pulse	55	380000	13505	NA
10	Pulse	55	390000	23505	NA
10	Pulse	55	400000	33505	NA
11	Pulse	55	410000	3006	NA
11	Pulse	55	420000	13006	NA
11	Pulse	55	430000	23006	NA
11	Pulse	55	440000	33006	NA
12	Pulse	55	450000	2506	NA
12	Pulse	55	460000	12506	NA
12	Pulse	55	470000	22506	NA
12	Pulse	55	480000	32506	NA
13	Pulse	55	490000	1840	NA
13	Pulse	55	500000	11840	NA
13	Pulse	55	510000	21840	NA
13	Pulse	55	520000	31840	NA
14	Pulse	55	530000	1174	NA
14	Pulse	55	540000	11174	NA
14	Pulse	55	550000	21174	NA
14	Pulse	55	560000	31174	NA
15	Pulse	55	570000	508	NA
15	Pulse	55	580000	10508	NA
15	Pulse	55	590000	20508	NA
15	Pulse	55	600000	30508	NA
15	Pulse	55	610000	40508	NA
16	Pulse	55	620000	9842	NA
16	Pulse	55	630000	19842	NA
16	Pulse	55	640000	29842	NA
16	Pulse	55	650000	39842	NA
17	Pulse	55	660000	9176	NA
17	Pulse	55	670000	19176	NA
17	Pulse	55	680000	29176	NA
17	Pulse	55	690000	39176	NA
18	Pulse	55	700000	8510	NA
18	Pulse	55	710000	18510	NA
18	Pulse	55	720000	28510	NA
18	Pulse	55	730000	38510	NA
19	Pulse	55	740000	7843	NA
19	Pulse	55	750000	17843	NA
19	Pulse	55	760000	27843	NA
19	Pulse	55	770000	37843	NA
20	Pulse	55	780000	7177	NA
20	Pulse	55	790000	17177	NA
20	Pulse	55	800000	27177	NA
20	Pulse	55	810000	37177	NA
21	Pulse	55	820000	6511	NA
21	Pulse	55	830000	16511	NA
21	Pulse	55	840000	26511	NA
21	Pulse	55	850000	36511	NA
22	Pulse	55	860000	5845	NA
22	Pulse	55	870000	15845	NA
22	Pulse	55	880000	25845	NA
22	Pulse	55	890000	35845	NA
23	Pulse	55	900000	5179	NA
23	Pulse	55	910000	15179	NA
23	Pulse	55	920000	25179	NA
23	Pulse	55	930000	35179	NA
24	Pulse	55	940000	4513	NA
24	Pulse	55	950000	14513	NA
24	Pulse	55	960000	24513	NA
24	Pulse	55	970000	34513	NA
25	Pulse	55	980000	3847	NA
25	Pulse	55	990000	13847	NA
25	Pulse	55	1000000	23847	NA
25	Pulse	55	1010000	33847	NA
26	Pulse	55	1020000	3181	NA
26	Pulse	55	1030000	13181	NA
26	Pulse	55	1040000	23181	NA
26	Pulse	55	1050000	33181	NA
27	Pulse	55	1060000	2514	NA
27	Pulse	55	1070000	12514	NA
27	Pulse	55	1080000	22514	NA
27	Pulse	55	1090000	32514	NA
28	Pulse	55	1100000	1848	NA
28	Pulse	55	1110000	11848	NA
28	Pulse	55	1120000	21848	NA
28	Pulse	55	1130000	31848	NA
29	Pulse	55	1140000	1182	NA
29	Pulse	55	1150000	11182	NA
29	Pulse	55	1160000	21182	NA
29	Pulse	55	1170000	31182	NA
30	Pulse	55	1180000	516	NA
30	Pulse	55	1190000	10516	NA
30	Pulse	55	1200000	20516	NA
30	Pulse	55	1210000	30516	NA
30	Pulse	55	1220000	40516	NA
31	Pulse	55	1230000	9850	NA
31	Pulse	55	1240000	19850	NA
31	Pulse	55	1250000	29850	NA
31	Pulse	55	1260000	39850	NA
32	Pulse	55	1270000	9184	NA
32	Pulse	55	1280000	19184	NA
32	Pulse	55	1290000	29184	NA
32	Pulse	55	1300000	39184	NA
33	Pulse	55	1310000	8518	NA
33	Pulse	55	1320000	18518	NA
33	Pulse	55	1330000	28518	NA
33	Pulse	55	1340000	38518	NA
34	Pulse	55	1350000	7851	NA
34	Pulse	55	1360000	17851	NA
34	Pulse	55	1370000	27851	NA
34	Pulse	55	1380000	37851	NA
35	Pulse	55	1390000	7185	NA
35	Pulse	55	1400000	17185	NA
35	Pulse	55	1410000	27185	NA
35	Pulse	55	1420000	37185	NA
36	Pulse	55	1430000	6519	NA
36	Pulse	55	1440000	16519	NA
36	Pulse	55	1450000	26519	NA
36	Pulse	55	1460000	36519	NA
37	Pulse	55	1470000	5853	NA
37	Pulse	55	1480000	15853	NA
37	Pulse	55	1490000	25853	NA
37	Pulse	55	1500000	35853	NA
38	Pulse	55	1510000	5020	NA
38	Pulse	55	1520000	15020	NA
38	Pulse	55	1530000	25020	NA
38	Pulse	55	1540000	35020	NA
39	Pulse	55	1550000	4354	NA
39	Pulse	55	1560000	14354	NA
39	Pulse	55	1570000	24354	NA
39	Pulse	55	1580000	34354	NA
40	Pulse	55	1590000	3688	NA
40	Pulse	55	1600000	13688	NA
40	Pulse	55	1610000	23688	NA
40	Pulse	55	1620000	33688	NA
41	Pulse	55	1630000	3022	NA
41	Pulse	55	1640000	13022	NA
41	Pulse	55	1650000	23022	NA
41	Pulse	55	1660000	33022	NA
42	Pulse	55	1670000	2356	NA
42	Pulse	55	1680000	12356	NA
42	Pulse	55	1690000	22356	NA
42	Pulse	55	1700000	32356	NA
43	Pulse	55	1710000	1690	NA
43	Pulse	55	1720000	11690	NA
43	Pulse	55	1730000	21690	NA
43	Pulse	55	1740000	31690	NA
44	Pulse	55	1750000	1024	NA
44	Pulse	55	1760000	11024	NA
44	Pulse	55	1770000	21024	NA
44	Pulse	55	1780000	31024	NA
45	Pulse	55	1790000	358	NA
45	Pulse	55	1800000	10358	NA
45	Pulse	55	1810000	20358	NA
45	Pulse	55	1820000	30358	NA
45	Pulse	55	1830000	40358	NA
46	Pulse	55	1840000	9691	NA
46	Pulse	55	1850000	19691	NA
46	Pulse	55	1860000	29691	NA
46	Pulse	55	1870000	39691	NA
47	Pulse	55	1880000	9025	NA
47	Pulse	55	1890000	19025	NA
47	Pulse	55	1900000	29025	NA
47	Pulse	55	1910000	39025	NA
48	Pulse	55	1920000	8359	NA
48	Pulse	55	1930000	18359	NA
48	Pulse	55	1940000	28359	NA
48	Pulse	55	1950000	38359	NA
49	Pulse	55	1960000	7693	NA
49	Pulse	55	1970000	17693	NA
49	Pulse	55	1980000	27693	NA
49	Pulse	55	1990000	37693	NA
50	Pulse	55	2000000	7027	NA
50	Pulse	55	2010000	17027	NA
50	Pulse	55	2020000	27027	NA
50	Pulse	55	2030000	37027	NA
51	Pulse	55	2040000	6361	NA
51	Pulse	55	2050000	16361	NA
51	Pulse	55	2060000	26361	NA
51	Pulse	55	2070000	36361	NA
52	Pulse	55	2080000	5695	NA
52	Pulse	55	2090000	15695	NA
52	Pulse	55	2100000	25695	NA
52	Pulse	55	2110000	35695	NA
53	Pulse	55	2120000	5028	NA
53	Pulse	55	2130000	15028	NA
53	Pulse	55	2140000	25028	NA
53	Pulse	55	2150000	35028	NA
54	Pulse	55	2160000	4362	NA
54	Pulse	55	2170000	14362	NA
54	Pulse	55	2180000	24362	NA
54	Pulse	55	2190000	34362	NA
55	Pulse	55	2200000	3696	NA
55	Pulse	55	2210000	13696	NA
55	Pulse	55	2220000	23696	NA
55	Pulse	55	2230000	33696	NA
56	Pulse	55	2240000	2863	NA
56	Pulse	55	2250000	12863	NA
56	Pulse	55	2260000	22863	NA
56	Pulse	55	2270000	32863	NA
57	Pulse	55	2280000	2197	NA
57	Pulse	55	2290000	12197	NA
57	Pulse	55	2300000	22197	NA
57	Pulse	55	2310000	32197	NA
58	Pulse	55	2320000	1531	NA
58	Pulse	55	2330000	11531	NA
58	Pulse	55	2340000	21531	NA
58	Pulse	55	2350000	31531	NA
59	Pulse	55	2360000	865	NA
59	Pulse	55	2370000	10865	NA
59	Pulse	55	2380000	20865	NA
59	Pulse	55	2390000	30865	NA
60	Pulse	55	2400000	199	NA
60	Pulse	55	2410000	10199	NA
60	Pulse	55	2420000	20199	NA
60	Pulse	55	2430000	30199	NA
60	Pulse	55	2440000	40199	NA
61	Pulse	55	2450000	9533	NA
61	Pulse	55	2460000	19533	NA
61	Pulse	55	2470000	29533	NA
61	Pulse	55	2480000	39533	NA
62	Pulse	55	2490000	8867	NA
62	Pulse	55	2500000	18867	NA
62	Pulse	55	2510000	28867	NA
62	Pulse	55	2520000	38867	NA
63	Pulse	55	2530000	8201	NA
63	Pulse	55	2540000	18201	NA
63	Pulse	55	2550000	28201	NA
63	Pulse	55	2560000	38201	NA
64	Pulse	55	2570000	7534	NA
64	Pulse	55	2580000	17534	NA
64	Pulse	55	2590000	27534	NA
64	Pulse	55	2600000	37534	NA
65	Pulse	55	2610000	6868	NA
65	Pulse	55	2620000	16868	NA
65	Pulse	55	2630000	26868	NA
65	Pulse	55	2640000	36868	NA
66	Pulse	55	2650000	6202	NA
66	Pulse	55	2660000	16202	NA
66	Pulse	55	2670000	26202	NA
66	Pulse	55	2680000	36202	NA
67	Pulse	55	2690000	5536	NA
67	Pulse	55	2700000	15536	NA
67	Pulse	55	2710000	25536	NA
67	Pulse	55	2720000	35536	NA
68	Pulse	55	2730000	4870	NA
68	Pulse	55	2740000	14870	NA
68	Pulse	55	2750000	24870	NA
68	Pulse	55	2760000	34870	NA
69	Pulse	55	2770000	4204	NA
69	Pulse	55	2780000	14204	NA
69	Pulse	55	2790000	24204	NA
69	Pulse	55	2800000	34204	NA
70	Pulse	55	2810000	3538	NA
70	Pulse	55	2820000	13538	NA
70	Pulse	55	2830000	23538	NA
70	Pulse	55	2840000	33538	NA
71	Pulse	55	2850000	2872	NA
71	Pulse	55	2860000	12872	NA
71	Pulse	55	2870000	22872	NA
71	Pulse	55	2880000	32872	NA
72	Pulse	55	2890000	2206	NA
72	Pulse	55	2900000	12206	NA
72	Pulse	55	2910000	22206	NA
72	Pulse	55	2920000	32206	NA
73	Pulse	55	2930000	1539	NA
73	Pulse	55	2940000	11539	NA
73	Pulse	55	2950000	21539	NA
73	Pulse	55	2960000	31539	NA
74	Pulse	55	2970000	873	NA
74	Pulse	55	2980000	10873	NA
74	Pulse	55	2990000	20873	NA
74	Pulse	55	3000000	30873	NA
75	Pulse	55	3010000	207	NA
75	Pulse	55	3020000	10207	NA
75	Pulse	55	3030000	20207	NA
75	Pulse	55	3040000	30207	NA
75	Pulse	55	3050000	40207	NA
76	Pulse	55	3060000	9541	NA
76	Pulse	55	3070000	19541	NA
76	Pulse	55	3080000	29541	NA
76	Pulse	55	3090000	39541	NA
77	Pulse	55	3100000	8875	NA
77	Pulse	55	3110000	18875	NA
77	Pulse	55	3120000	28875	NA
77	Pulse	55	3130000	38875	NA
78	Pulse	55	3140000	8209	NA
78	Pulse	55	3150000	18209	NA
78	Pulse	55	3160000	28209	NA
78	Pulse	55	3170000	38209	NA
79	Pulse	55	3180000	7543	NA
79	Pulse	55	3190000	17543	NA
79	Pulse	55	3200000	27543	NA
79	Pulse	55	3210000	37543	NA
80	Pulse	55	3220000	6876	NA
80	Pulse	55	3230000	16876	NA
80	Pulse	55	3240000	26876	NA
80	Pulse	55	3250000	36876	NA
81	Pulse	55	3260000	6210	NA
81	Pulse	55	3270000	16210	NA
81	Pulse	55	3280000	26210	NA
81	Pulse	55	3290000	36210	NA
82	Pulse	55	3300000	5544	NA
82	Pulse	55	3310000	15544	NA
82	Pulse	55	3320000	25544	NA
82	Pulse	55	3330000	35544	NA
83	Pulse	55	3340000	4878	NA
83	Pulse	55	3350000	14878	NA
83	Pulse	55	3360000	24878	NA
83	Pulse	55	3370000	34878	NA
84	Pulse	55	3380000	4212	NA
84	Pulse	55	3390000	14212	NA
84	Pulse	55	3400000	24212	NA
84	Pulse	55	3410000	34212	NA
85	Pulse	55	3420000	3546	NA
85	Pulse	55	3430000	13546	NA
85	Pulse	55	3440000	23546	NA
85	Pulse	55	3450000	33546	NA
86	Pulse	55	3460000	2880	NA
86	Pulse	55	3470000	12880	NA
86	Pulse	55	3480000	22880	NA
86	Pulse	55	3490000	32880	NA
87	Pulse	55	3500000	2214	NA
87	Pulse	55	3510000	12214	NA
87	Pulse	55	3520000	22214	NA
87	Pulse	55	3530000	32214	NA
88	Pulse	55	3540000	1547	NA
88	Pulse	55	3550000	11547	NA
88	Pulse	55	3560000	21547	NA
88	Pulse	55	3570000	31547	NA
89	Pulse	55	3580000	881	NA
89	Pulse	55	3590000	10881	NA
89	Pulse	55	3600000	20881	NA
89	Pulse	55	3610000	30881	NA
90	Pulse	55	3620000	215	NA
90	Pulse	55	3630000	10215	NA
90	Pulse	55	3640000	20215	NA
90	Pulse	55	3650000	30215	NA
90	Pulse	55	3660000	40215	NA
91	Pulse	55	3670000	9549	NA
91	Pulse	55	3680000	19549	NA
91	Pulse	55	3690000	29549	NA
91	Pulse	55	3700000	39549	NA
92	Pulse	55	3710000	8883	NA
92	Pulse	55	3720000	18883	NA
92	Pulse	55	3730000	28883	NA
92	Pulse	55	3740000	38883	NA
93	Pulse	55	3750000	8217	NA
93	Pulse	55	3760000	18217	NA
93	Pulse	55	3770000	28217	NA
93	Pulse	55	3780000	38217	NA
94	Pulse	55	3790000	7551	NA
94	Pulse	55	3800000	17551	NA
94	Pulse	55	3810000	27551	NA
94	Pulse	55	3820000	37551	NA
95	Pulse	55	3830000	6885	NA
95	Pulse	55	3840000	16885	NA
95	Pulse	55	3850000	26885	NA
95	Pulse	55	3860000	36885	NA
96	Pulse	55	3870000	6218	NA
96	Pulse	55	3880000	16218	NA
96	Pulse	55	3890000	26218	NA
96	Pulse	55	3900000	36218	NA
97	Pulse	55	3910000	5552	NA
97	Pulse	55	3920000	15552	NA
97	Pulse	55	3930000	25552	NA
97	Pulse	55	3940000	35552	NA
98	Pulse	55	3950000	4886	NA
98	Pulse	55	3960000	14886	NA
98	Pulse	55	3970000	24886	NA
98	Pulse	55	3980000	34886	NA
99	Pulse	55	3990000	4220	NA
99	Pulse	55	4000000	14220	NA
99	Pulse	55	4010000	24220	NA
99	Pulse	55	4020000	34220	NA
100	Pulse	55	4030000	3554	NA
100	Pulse	55	4040000	13554	NA
100	Pulse	55	4050000	23554	NA
100	Pulse	55	4060000	33554	NA
101	Pulse	55	4070000	2888	NA
101	Pulse	55	4080000	12888	NA
101	Pulse	55	4090000	22888	NA
101	Pulse	55	4100000	32888	NA
102	Pulse	55	4110000	2222	NA
102	Pulse	55	4120000	12222	NA
102	Pulse	55	4130000	22222	NA
102	Pulse	55	4140000	32222	NA
103	Pulse	55	4150000	1556	NA
103	Pulse	55	4160000	11556	NA
103	Pulse	55	4170000	21556	NA
103	Pulse	55	4180000	31556	NA
104	Pulse	55	4190000	889	NA
104	Pulse	55	4200000	10889	NA
104	Pulse	55	4210000	20889	NA
104	Pulse	55	4220000	30889	NA
105	Pulse	55	4230000	223	NA
105	Pulse	55	4240000	10223	NA
105	Pulse	55	4250000	20223	NA
105	Pulse	55	4260000	30223	NA
105	Pulse	55	4270000	40223	NA
106	Pulse	55	4280000	9557	NA
106	Pulse	55	4290000	19557	NA
106	Pulse	55	4300000	29557	NA
106	Pulse	55	4310000	39557	NA
107	Pulse	55	4320000	9058	NA
107	Pulse	55	4330000	19058	NA
107	Pulse	55	4340000	29058	NA
107	Pulse	55	4350000	39058	NA
108	Pulse	55	4360000	8558	NA
108	Pulse	55	4370000	18558	NA
108	Pulse	55	4380000	28558	NA
108	Pulse	55	4390000	38558	NA
109	Pulse	55	4400000	7892	NA
109	Pulse	55	4410000	17892	NA
109	Pulse	55	4420000	27892	NA
109	Pulse	55	4430000	37892	NA
110	Pulse	55	4440000	7226	NA
110	Pulse	55	4450000	17226	NA
110	Pulse	55	4460000	27226	NA
110	Pulse	55	4470000	37226	NA
111	Pulse	55	4480000	6560	NA
111	Pulse	55	4490000	16560	NA
111	Pulse	55	4500000	26560	NA
111	Pulse	55	4510000	36560	NA
112	Pulse	55	4520000	5894	NA
112	Pulse	55	4530000	15894	NA
112	Pulse	55	4540000	25894	NA
112	Pulse	55	4550000	35894	NA
113	Pulse	55	4560000	5228	NA
113	Pulse	55	4570000	15228	NA
113	Pulse	55	4580000	25228	NA
113	Pulse	55	4590000	35228	NA
114	Pulse	55	4600000	4562	NA
114	Pulse	55	4610000	14562	NA
114	Pulse	55	4620000	24562	NA
114	Pulse	55	4630000	34562	NA
115	Pulse	55	4640000	4062	NA
115	Pulse	55	4650000	14062	NA
115	Pulse	55	4660000	24062	NA
115	Pulse	55	4670000	34062	NA
116	Pulse	55	4680000	3396	NA
116	Pulse	55	4690000	13396	NA
116	Pulse	55	4700000	23396	NA
116	Pulse	55	4710000	33396	NA
117	Pulse	55	4720000	2730	NA
117	Pulse	55	4730000	12730	NA
117	Pulse	55	4740000	22730	NA
117	Pulse	55	4750000	32730	NA
118	Pulse	55	4760000	2230	NA
118	Pulse	55	4770000	12230	NA
118	Pulse	55	4780000	22230	NA
118	Pulse	55	4790000	32230	NA
119	Pulse	55	4800000	1731	NA
119	Pulse	55	4810000	11731	NA
119	Pulse	55	4820000	21731	NA
119	Pulse	55	4830000	31731	NA
120	Pulse	55	4840000	1065	NA
120	Pulse	55	4850000	11065	NA
120	Pulse	55	4860000	21065	NA
120	Pulse	55	4870000	31065	NA
121	Pulse	55	4880000	565	NA
121	Pulse	55	4890000	10565	NA
121	Pulse	55	4900000	20565	NA
121	Pulse	55	4910000	30565	NA
121	Pulse	55	4920000	40565	NA
122	Pulse	55	4930000	9899	NA
122	Pulse	55	4940000	19899	NA
122	Pulse	55	4950000	29899	NA
122	Pulse	55	4960000	39899	NA
123	Pulse	55	4970000	9400	NA
123	Pulse	55	4980000	19400	NA
123	Pulse	55	4990000	29400	NA
123	Pulse	55	5000000	39400	NA
124	Pulse	55	5010000	8900	NA
124	Pulse	55	5020000	18900	NA
124	Pulse	55	5030000	28900	NA
124	Pulse	55	5040000	38900	NA
125	Pulse	55	5050000	8401	NA
125	Pulse	55	5060000	18401	NA
125	Pulse	55	5070000	28401	NA
125	Pulse	55	5080000	38401	NA
126	Pulse	55	5090000	7735	NA
126	Pulse	55	5100000	17735	NA
126	Pulse	55	5110000	27735	NA
126	Pulse	55	5120000	37735	NA
127	Pulse	55	5130000	7069	NA
127	Pulse	55	5140000	17069	NA
127	Pulse	55	5150000	27069	NA
127	Pulse	55	5160000	37069	NA
128	Pulse	55	5170000	6403	NA
128	Pulse	55	5180000	16403	NA
128	Pulse	55	5190000	26403	NA
128	Pulse	55	5200000	36403	NA
129	Pulse	55	5210000	5736	NA
129	Pulse	55	5220000	15736	NA
129	Pulse	55	5230000	25736	NA
129	Pulse	55	5240000	35736	NA
130	Pulse	55	5250000	5070	NA
130	Pulse	55	5260000	15070	NA
130	Pulse	55	5270000	25070	NA
130	Pulse	55	5280000	35070	NA
131	Pulse	55	5290000	4404	NA
131	Pulse	55	5300000	14404	NA
131	Pulse	55	5310000	24404	NA
131	Pulse	55	5320000	34404	NA
132	Pulse	55	5330000	3905	NA
132	Pulse	55	5340000	13905	NA
132	Pulse	55	5350000	23905	NA
132	Pulse	55	5360000	33905	NA
133	Pulse	55	5370000	3239	NA
133	Pulse	55	5380000	13239	NA
133	Pulse	55	5390000	23239	NA
133	Pulse	55	5400000	33239	NA
134	Pulse	55	5410000	2572	NA
134	Pulse	55	5420000	12572	NA
134	Pulse	55	5430000	22572	NA
134	Pulse	55	5440000	32572	NA
135	Pulse	55	5450000	1906	NA
135	Pulse	55	5460000	11906	NA
135	Pulse	55	5470000	21906	NA
135	Pulse	55	5480000	31906	NA
136	Pulse	55	5490000	1240	NA
136	Pulse	55	5500000	11240	NA
136	Pulse	55	5510000	21240	NA
136	Pulse	55	5520000	31240	NA
137	Pulse	55	5530000	574	NA
137	Pulse	55	5540000	10574	NA
137	Pulse	55	5550000	20574	NA
137	Pulse	55	5560000	30574	NA
138	Pulse	55	5570000	75	NA
138	Pulse	55	5580000	10075	NA
138	Pulse	55	5590000	20075	NA
138	Pulse	55	5600000	30075	NA
138	Pulse	55	5610000	40075	NA
139	Pulse	55	5620000	9408	NA
139	Pulse	55	5630000	19408	NA
139	Pulse	55	5640000	29408	NA
139	Pulse	55	5650000	39408	NA
140	Pulse	55	5660000	8742	NA
140	Pulse	55	5670000	18742	NA
140	Pulse	55	5680000	28742	NA
140	Pulse	55	5690000	38742	NA
141	Pulse	55	5700000	8243	NA
141	Pulse	55	5710000	18243	NA
141	Pulse	55	5720000	28243	NA
141	Pulse	55	5730000	38243	NA
142	Pulse	55	5740000	7577	NA
142	Pulse	55	5750000	17577	NA
142	Pulse	55	5760000	27577	NA
142	Pulse	55	5770000	37577	NA
143	Pulse	55	5780000	6911	NA
143	Pulse	55	5790000	16911	NA
143	Pulse	55	5800000	26911	NA
143	Pulse	55	5810000	36911	NA
144	Pulse	55	5820000	6411	NA
144	Pulse	55	5830000	16411	NA
144	Pulse	55	5840000	26411	NA
144	Pulse	55	5850000	36411	NA
145	Pulse	55	5860000	5912	NA
145	Pulse	55	5870000	15912	NA
145	Pulse	55	5880000	25912	NA
145	Pulse	55	5890000	35912	NA
146	Pulse	55	5900000	5245	NA
146	Pulse	55	5910000	15245	NA
146	Pulse	55	5920000	25245	NA
146	Pulse	55	5930000	35245	NA
147	Pulse	55	5940000	4579	NA
147	Pulse	55	5950000	14579	NA
147	Pulse	55	5960000	24579	NA
147	Pulse	55	5970000	34579	NA
148	Pulse	55	5980000	3913	NA
148	Pulse	55	5990000	13913	NA
148	Pulse	55	6000000	23913	NA
148	Pulse	55	6010000	33913	NA
149	Pulse	55	6020000	3247	NA
149	Pulse	55	6030000	13247	NA
149	Pulse	55	6040000	23247	NA
149	Pulse	55	6050000	33247	NA
150	Pulse	55	6060000	2581	NA
150	Pulse	55	6070000	12581	NA
150	Pulse	55	6080000	22581	NA
150	Pulse	55	6090000	32581	NA
151	Pulse	55	6100000	1915	NA
151	Pulse	55	6110000	11915	NA
151	Pulse	55	6120000	21915	NA
151	Pulse	55	6130000	31915	NA
152	Pulse	55	6140000	1249	NA
152	Pulse	55	6150000	11249	NA
152	Pulse	55	6160000	21249	NA
152	Pulse	55	6170000	31249	NA
153	Pulse	55	6180000	749	NA
153	Pulse	55	6190000	10749	NA
153	Pulse	55	6200000	20749	NA
153	Pulse	55	6210000	30749	NA
154	Pulse	55	6220000	250	NA
154	Pulse	55	6230000	10250	NA
154	Pulse	55	6240000	20250	NA
154	Pulse	55	6250000	30250	NA
154	Pulse	55	6260000	40250	NA
155	Pulse	55	6270000	9750	NA
155	Pulse	55	6280000	19750	NA
155	Pulse	55	6290000	29750	NA
155	Pulse	55	6300000	39750	NA
156	Pulse	55	6310000	9251	NA
156	Pulse	55	6320000	19251	NA
156	Pulse	55	6330000	29251	NA
156	Pulse	55	6340000	39251	NA
157	Pulse	55	6350000	8752	NA
157	Pulse	55	6360000	18752	NA
157	Pulse	55	6370000	28752	NA
157	Pulse	55	6380000	38752	NA
158	Pulse	55	6390000	8252	NA
158	Pulse	55	6400000	18252	NA
158	Pulse	55	6410000	28252	NA
158	Pulse	55	6420000	38252	NA
159	Pulse	55	6430000	7586	NA
159	Pulse	55	6440000	17586	NA
159	Pulse	55	6450000	27586	NA
159	Pulse	55	6460000	37586	NA
160	Pulse	55	6470000	6920	NA
160	Pulse	55	6480000	16920	NA
160	Pulse	55	6490000	26920	NA
160	Pulse	55	6500000	36920	NA
161	Pulse	55	6510000	6254	NA
161	Pulse	55	6520000	16254	NA
161	Pulse	55	6530000	26254	NA
161	Pulse	55	6540000	36254	NA
162	Pulse	55	6550000	5754	NA
162	Pulse	55	6560000	15754	NA
162	Pulse	55	6570000	25754	NA
162	Pulse	55	6580000	35754	NA
163	Pulse	55	6590000	5088	NA
163	Pulse	55	6600000	15088	NA
163	Pulse	55	6610000	25088	NA
163	Pulse	55	6620000	35088	NA
164	Pulse	55	6630000	4422	NA
164	Pulse	55	6640000	14422	NA
164	Pulse	55	6650000	24422	NA
164	Pulse	55	6660000	34422	NA
165	Pulse	55	6670000	3756	NA
165	Pulse	55	6680000	13756	NA
165	Pulse	55	6690000	23756	NA
165	Pulse	55	6700000	33756	NA
166	Pulse	55	6710000	3090	NA
166	Pulse	55	6720000	13090	NA
166	Pulse	55	6730000	23090	NA
166	Pulse	55	6740000	33090	NA
167	Pulse	55	6750000	2424	NA
167	Pulse	55	6760000	12424	NA
167	Pulse	55	6770000	22424	NA
167	Pulse	55	6780000	32424	NA
168	Pulse	55	6790000	1758	NA
168	Pulse	55	6800000	11758	NA
168	Pulse	55	6810000	21758	NA
168	Pulse	55	6820000	31758	NA
169	Pulse	55	6830000	1258	NA
169	Pulse	55	6840000	11258	NA
169	Pulse	55	6850000	21258	NA
169	Pulse	55	6860000	31258	NA
170	Pulse	55	6870000	592	NA
170	Pulse	55	6880000	10592	NA
170	Pulse	55	6890000	20592	NA
170	Pulse	55	6900000	30592	NA
171	Pulse	55	6910000	92	NA
171	Pulse	55	6920000	10092	NA
171	Pulse	55	6930000	20092	NA
171	Pulse	55	6940000	30092	NA
171	Pulse	55	6950000	40092	NA
172	Pulse	55	6960000	9593	NA
172	Pulse	55	6970000	19593	NA
172	Pulse	55	6980000	29593	NA
172	Pulse	55	6990000	39593	NA
173	Pulse	55	7000000	8927	NA
173	Pulse	55	7010000	18927	NA
173	Pulse	55	7020000	28927	NA
173	Pulse	55	7030000	38927	NA
174	Pulse	55	7040000	8427	NA
174	Pulse	55	7050000	18427	NA
174	Pulse	55	7060000	28427	NA
174	Pulse	55	7070000	38427	NA
175	Pulse	55	7080000	7928	NA
175	Pulse	55	7090000	17928	NA
175	Pulse	55	7100000	27928	NA
175	Pulse	55	7110000	37928	NA
176	Pulse	55	7120000	7262	NA
176	Pulse	55	7130000	17262	NA
176	Pulse	55	7140000	27262	NA
176	Pulse	55	7150000	37262	NA
177	Pulse	55	7160000	6596	NA
177	Pulse	55	7170000	16596	NA
177	Pulse	55	7180000	26596	NA
177	Pulse	55	7190000	36596	NA
178	Pulse	55	7200000	6096	NA
178	Pulse	55	7210000	16096	NA
178	Pulse	55	7220000	26096	NA
178	Pulse	55	7230000	36096	NA
179	Pulse	55	7240000	5597	NA
179	Pulse	55	7250000	15597	NA
179	Pulse	55	7260000	25597	NA
179	Pulse	55	7270000	35597	NA
180	Pulse	55	7280000	4931	NA
180	Pulse	55	7290000	14931	NA
180	Pulse	55	7300000	24931	NA
180	Pulse	55	7310000	34931	NA
181	Pulse	55	7320000	4265	NA
181	Pulse	55	7330000	14265	NA
181	Pulse	55	7340000	24265	NA
181	Pulse	55	7350000	34265	NA
182	Pulse	55	7360000	3598	NA
182	Pulse	55	7370000	13598	NA
182	Pulse	55	7380000	23598	NA
182	Pulse	55	7390000	33598	NA
183	Pulse	55	7400000	2932	NA
183	Pulse	55	7410000	12932	NA
183	Pulse	55	7420000	22932	NA
183	Pulse	55	7430000	32932	NA
184	Pulse	55	7440000	2266	NA
184	Pulse	55	7450000	12266	NA
184	Pulse	55	7460000	22266	NA
184	Pulse	55	7470000	32266	NA
185	Pulse	55	7480000	1767	NA
185	Pulse	55	7490000	11767	NA
185	Pulse	55	7500000	21767	NA
185	Pulse	55	7510000	31767	NA
186	Pulse	55	7520000	1101	NA
186	Pulse	55	7530000	11101	NA
186	Pulse	55	7540000	21101	NA
186	Pulse	55	7550000	31101	NA
187	Pulse	55	7560000	434	NA
187	Pulse	55	7570000	10434	NA
187	Pulse	55	7580000	20434	NA
187	Pulse	55	7590000	30434	NA
187	Pulse	55	7600000	40434	NA
188	Pulse	55	7610000	9768	NA
188	Pulse	55	7620000	19768	NA
188	Pulse	55	7630000	29768	NA
188	Pulse	55	7640000	39768	NA
189	Pulse	55	7650000	9102	NA
189	Pulse	55	7660000	19102	NA
189	Pulse	55	7670000	29102	NA
189	Pulse	55	7680000	39102	NA
190	Pulse	55	7690000	8436	NA
190	Pulse	55	7700000	18436	NA
190	Pulse	55	7710000	28436	NA
190	Pulse	55	7720000	38436	NA
191	Pulse	55	7730000	7770	NA
191	Pulse	55	7740000	17770	NA
191	Pulse	55	7750000	27770	NA
191	Pulse	55	7760000	37770	NA
192	Pulse	55	7770000	7104	NA
192	Pulse	55	7780000	17104	NA
192	Pulse	55	7790000	27104	NA
192	Pulse	55	7800000	37104	NA
193	Pulse	55	7810000	6438	NA
193	Pulse	55	7820000	16438	NA
193	Pulse	55	7830000	26438	NA
193	Pulse	55	7840000	36438	NA
194	Pulse	55	7850000	5772	NA
194	Pulse	55	7860000	15772	NA
194	Pulse	55	7870000	25772	NA
194	Pulse	55	7880000	35772	NA
195	Pulse	55	7890000	5105	NA
195	Pulse	55	7900000	15105	NA
195	Pulse	55	7910000	25105	NA
195	Pulse	55	7920000	35105	NA
196	Pulse	55	7930000	4439	NA
196	Pulse	55	7940000	14439	NA
196	Pulse	55	7950000	24439	NA
196	Pulse	55	7960000	34439	NA
197	Pulse	55	7970000	3940	NA
197	Pulse	55	7980000	13940	NA
197	Pulse	55	7990000	23940	NA
197	Pulse	55	8000000	33940	NA
198	Pulse	55	8010000	3440	NA
198	Pulse	55	8020000	13440	NA
198	Pulse	55	8030000	23440	NA
198	Pulse	55	8040000	33440	NA
199	Pulse	55	8050000	2774	NA
199	Pulse	55	8060000	12774	NA
199	Pulse	55	8070000	22774	NA
199	Pulse	55	8080000	32774	NA
200	Pulse	55	8090000	2108	NA
200	Pulse	55	8100000	12108	NA
200	Pulse	55	8110000	22108	NA
200	Pulse	55	8120000	32108	NA
201	Pulse	55	8130000	1609	NA
201	Pulse	55	8140000	11609	NA
201	Pulse	55	8150000	21609	NA
201	Pulse	55	8160000	31609	NA
202	Pulse	55	8170000	1109	NA
202	Pulse	55	8180000	11109	NA
202	Pulse	55	8190000	21109	NA
202	Pulse	55	8200000	31109	NA
203	Pulse	55	8210000	610	NA
203	Pulse	55	8220000	10610	NA
203	Pulse	55	8230000	20610	NA
203	Pulse	55	8240000	30610	NA
203	Pulse	55	8250000	40610	NA
204	Pulse	55	8260000	9944	NA
204	Pulse	55	8270000	19944	NA
204	Pulse	55	8280000	29944	NA
204	Pulse	55	8290000	39944	NA
205	Pulse	55	8300000	9444	NA
205	Pulse	55	8310000	19444	NA
205	Pulse	55	8320000	29444	NA
205	Pulse	55	8330000	39444	NA
206	Pulse	55	8340000	8778	NA
206	Pulse	55	8350000	18778	NA
206	Pulse	55	8360000	28778	NA
206	Pulse	55	8370000	38778	NA
207	Pulse	55	8380000	8279	NA
207	Pulse	55	8390000	18279	NA
207	Pulse	55	8400000	28279	NA
207	Pulse	55	8410000	38279	NA
208	Pulse	55	8420000	7779	NA
208	Pulse	55	8430000	17779	NA
208	Pulse	55	8440000	27779	NA
208	Pulse	55	8450000	37779	NA
209	Pulse	55	8460000	7113	NA
209	Pulse	55	8470000	17113	NA
209	Pulse	55	8480000	27113	NA
209	Pulse	55	8490000	37113	NA
210	Pulse	55	8500000	6614	NA
210	Pulse	55	8510000	16614	NA
210	Pulse	55	8520000	26614	NA
210	Pulse	55	8530000	36614	NA
211	Pulse	55	8540000	6114	NA
211	Pulse	55	8550000	16114	NA
211	Pulse	55	8560000	26114	NA
211	Pulse	55	8570000	36114	NA
212	Pulse	55	8580000	5615	NA
212	Pulse	55	8590000	15615	NA
212	Pulse	55	8600000	25615	NA
212	Pulse	55	8610000	35615	NA
213	Pulse	55	8620000	5115	NA
213	Pulse	55	8630000	15115	NA
213	Pulse	55	8640000	25115	NA
213	Pulse	55	8650000	35115	NA
214	Pulse	55	8660000	4449	NA
214	Pulse	55	8670000	14449	NA
214	Pulse	55	8680000	24449	NA
214	Pulse	55	8690000	34449	NA
215	Pulse	55	8700000	3783	NA
215	Pulse	55	8710000	13783	NA
215	Pulse	55	8720000	23783	NA
215	Pulse	55	8730000	33783	NA
216	Pulse	55	8740000	3117	NA
216	Pulse	55	8750000	13117	NA
216	Pulse	55	8760000	23117	NA
216	Pulse	55	8770000	33117	NA
217	Pulse	55	8780000	2784	NA
217	Pulse	55	8790000	12784	NA
217	Pulse	55	8800000	22784	NA
217	Pulse	55	8810000	32784	NA
218	Pulse	55	8820000	2118	NA
218	Pulse	55	8830000	12118	NA
218	Pulse	55	8840000	22118	NA
218	Pulse	55	8850000	32118	NA
219	Pulse	55	8860000	1618	NA
219	Pulse	55	8870000	11618	NA
219	Pulse	55	8880000	21618	NA
219	Pulse	55	8890000	31618	NA
220	Pulse	55	8900000	953	NA
220	Pulse	55	8910000	10953	NA
220	Pulse	55	8920000	20953	NA
220	Pulse	55	8930000	30953	NA
221	Pulse	55	8940000	286	NA
221	Pulse	55	8950000	10286	NA
221	Pulse	55	8960000	20286	NA
221	Pulse	55	8970000	30286	NA
221	Pulse	55	8980000	40286	NA
222	Pulse	55	8990000	9787	NA
222	Pulse	55	9000000	19787	NA
222	Pulse	55	9010000	29787	NA
222	Pulse	55	9020000	39787	NA
223	Pulse	55	9030000	9121	NA
223	Pulse	55	9040000	19121	NA
223	Pulse	55	9050000	29121	NA
223	Pulse	55	9060000	39121	NA
224	Pulse	55	9070000	8454	NA
224	Pulse	55	9080000	18454	NA
224	Pulse	55	9090000	28454	NA
224	Pulse	55	9100000	38454	NA
225	Pulse	55	9110000	7955	NA
225	Pulse	55	9120000	17955	NA
225	Pulse	55	9130000	27955	NA
225	Pulse	55	9140000	37955	NA
226	Pulse	55	9150000	7456	NA
226	Pulse	55	9160000	17456	NA
226	Pulse	55	9170000	27456	NA
226	Pulse	55	9180000	37456	NA
227	Pulse	55	9190000	6789	NA
227	Pulse	55	9200000	16789	NA
227	Pulse	55	9210000	26789	NA
227	Pulse	55	9220000	36789	NA
228	Pulse	55	9230000	6123	NA
228	Pulse	55	9240000	16123	NA
228	Pulse	55	9250000	26123	NA
228	Pulse	55	9260000	36123	NA
229	Pulse	55	9270000	5457	NA
229	Pulse	55	9280000	15457	NA
229	Pulse	55	9290000	25457	NA
229	Pulse	55	9300000	35457	NA
230	Pulse	55	9310000	4791	NA
230	Pulse	55	9320000	14791	NA
230	Pulse	55	9330000	24791	NA
230	Pulse	55	9340000	34791	NA
231	Pulse	55	9350000	4292	NA
231	Pulse	55	9360000	14292	NA
231	Pulse	55	9370000	24292	NA
231	Pulse	55	9380000	34292	NA
232	Pulse	55	9390000	3625	NA
232	Pulse	55	9400000	13625	NA
232	Pulse	55	9410000	23625	NA
232	Pulse	55	9420000	33625	NA
233	Pulse	55	9430000	2959	NA
233	Pulse	55	9440000	12959	NA
233	Pulse	55	9450000	22959	NA
233	Pulse	55	9460000	32959	NA
234	Pulse	55	9470000	2293	NA
234	Pulse	55	9480000	12293	NA
234	Pulse	55	9490000	22293	NA
234	Pulse	55	9500000	32293	NA
235	Pulse	55	9510000	1627	NA
235	Pulse	55	9520000	11627	NA
235	Pulse	55	9530000	21627	NA
235	Pulse	55	9540000	31627	NA
236	Pulse	55	9550000	961	NA
236	Pulse	55	9560000	10961	NA
236	Pulse	55	9570000	20961	NA
236	Pulse	55	9580000	30961	NA
237	Pulse	55	9590000	295	NA
237	Pulse	55	9600000	10295	NA
237	Pulse	55	9610000	20295	NA
237	Pulse	55	9620000	30295	NA
237	Pulse	55	9630000	40295	NA
238	Pulse	55	9640000	9629	NA
238	Pulse	55	9650000	19629	NA
238	Pulse	55	9660000	29629	NA
238	Pulse	55	9670000	39629	NA
239	Pulse	55	9680000	9129	NA
239	Pulse	55	9690000	19129	NA
239	Pulse	55	9700000	29129	NA
239	Pulse	55	9710000	39129	NA
240	Pulse	55	9720000	8463	NA
240	Pulse	55	9730000	18463	NA
240	Pulse	55	9740000	28463	NA
240	Pulse	55	9750000	38463	NA
241	Pulse	55	9760000	7964	NA
241	Pulse	55	9770000	17964	NA
241	Pulse	55	9780000	27964	NA
241	Pulse	55	9790000	37964	NA
242	Pulse	55	9800000	7297	NA
242	Pulse	55	9810000	17297	NA
242	Pulse	55	9820000	27297	NA
242	Pulse	55	9830000	37297	NA
243	Pulse	55	9840000	6631	NA
243	Pulse	55	9850000	16631	NA
243	Pulse	55	9860000	26631	NA
243	Pulse	55	9870000	36631	NA
244	Pulse	55	9880000	5965	NA
244	Pulse	55	9890000	15965	NA
244	Pulse	55	9900000	25965	NA
244	Pulse	55	9910000	35965	NA
245	Pulse	55	9920000	5466	NA
245	Pulse	55	9930000	15466	NA
245	Pulse	55	9940000	25466	NA
245	Pulse	55	9950000	35466	NA
246	Pulse	55	9960000	4800	NA
246	Pulse	55	9970000	14800	NA
246	Pulse	55	9980000	24800	NA
246	Pulse	55	9990000	34800	NA
247	Pulse	55	10000000	4134	NA
247	Pulse	55	10010000	14134	NA
247	Pulse	55	10020000	24134	NA
247	Pulse	55	10030000	34134	NA
248	Pulse	55	10040000	3467	NA
248	Pulse	55	10050000	13467	NA
248	Pulse	55	10060000	23467	NA
248	Pulse	55	10070000	33467	NA
249	Pulse	55	10080000	2801	NA
249	Pulse	55	10090000	12801	NA
249	Pulse	55	10100000	22801	NA
249	Pulse	55	10110000	32801	NA
250	Pulse	55	10120000	2135	NA
250	Pulse	55	10130000	12135	NA
250	Pulse	55	10140000	22135	NA
250	Pulse	55	10150000	32135	NA
251	Pulse	55	10160000	1469	NA
251	Pulse	55	10170000	11469	NA
251	Pulse	55	10180000	21469	NA
251	Pulse	55	10190000	31469	NA
252	Pulse	55	10200000	803	NA
252	Pulse	55	10210000	10803	NA
252	Pulse	55	10220000	20803	NA
252	Pulse	55	10230000	30803	NA
253	Pulse	55	10240000	137	NA
253	Pulse	55	10250000	10137	NA
253	Pulse	55	10260000	20137	NA
253	Pulse	55	10270000	30137	NA
253	Pulse	55	10280000	40137	NA
254	Pulse	55	10290000	9471	NA
254	Pulse	55	10300000	19471	NA
254	Pulse	55	10310000	29471	NA
254	Pulse	55	10320000	39471	NA
255	Pulse	55	10330000	8971	NA
255	Pulse	55	10340000	18971	NA
255	Pulse	55	10350000	28971	NA
255	Pulse	55	10360000	38971	NA
256	Pulse	55	10370000	8472	NA
256	Pulse	55	10380000	18472	NA
256	Pulse	55	10390000	28472	NA
256	Pulse	55	10400000	38472	NA
257	Pulse	55	10410000	7972	NA
257	Pulse	55	10420000	17972	NA
257	Pulse	55	10430000	27972	NA
257	Pulse	55	10440000	37972	NA
258	Pulse	55	10450000	7306	NA
258	Pulse	55	10460000	17306	NA
258	Pulse	55	10470000	27306	NA
258	Pulse	55	10480000	37306	NA
259	Pulse	55	10490000	6640	NA
259	Pulse	55	10500000	16640	NA
259	Pulse	55	10510000	26640	NA
259	Pulse	55	10520000	36640	NA
260	Pulse	55	10530000	5974	NA
260	Pulse	55	10540000	15974	NA
260	Pulse	55	10550000	25974	NA
260	Pulse	55	10560000	35974	NA
261	Pulse	55	10570000	5308	NA
261	Pulse	55	10580000	15308	NA
261	Pulse	55	10590000	25308	NA
261	Pulse	55	10600000	35308	NA
262	Pulse	55	10610000	4642	NA
262	Pulse	55	10620000	14642	NA
262	Pulse	55	10630000	24642	NA
262	Pulse	55	10640000	34642	NA
263	Pulse	55	10650000	3976	NA
263	Pulse	55	10660000	13976	NA
263	Pulse	55	10670000	23976	NA
263	Pulse	55	10680000	33976	NA
264	Pulse	55	10690000	3310	NA
264	Pulse	55	10700000	13310	NA
264	Pulse	55	10710000	23310	NA
264	Pulse	55	10720000	33310	NA
265	Pulse	55	10730000	2643	NA
265	Pulse	55	10740000	12643	NA
265	Pulse	55	10750000	22643	NA
265	Pulse	55	10760000	32643	NA
266	Pulse	55	10770000	1977	NA
266	Pulse	55	10780000	11977	NA
266	Pulse	55	10790000	21977	NA
266	Pulse	55	10800000	31977	NA
267	Pulse	55	10810000	1311	NA
267	Pulse	55	10820000	11311	NA
267	Pulse	55	10830000	21311	NA
267	Pulse	55	10840000	31311	NA
268	Pulse	55	10850000	645	NA
268	Pulse	55	10860000	10645	NA
268	Pulse	55	10870000	20645	NA
268	Pulse	55	10880000	30645	NA
268	Pulse	55	10890000	40645	NA
269	Pulse	55	10900000	9979	NA
269	Pulse	55	10910000	19979	NA
269	Pulse	55	10920000	29979	NA
269	Pulse	55	10930000	39979	NA
270	Pulse	55	10940000	9313	NA
270	Pulse	55	10950000	19313	NA
270	Pulse	55	10960000	29313	NA
270	Pulse	55	10970000	39313	NA
271	Pulse	55	10980000	8647	NA
271	Pulse	55	10990000	18647	NA
271	Pulse	55	11000000	28647	NA
271	Pulse	55	11010000	38647	NA
272	Pulse	55	11020000	7981	NA
272	Pulse	55	11030000	17981	NA
272	Pulse	55	11040000	27981	NA
272	Pulse	55	11050000	37981	NA
273	Pulse	55	11060000	7314	NA
273	Pulse	55	11070000	17314	NA
273	Pulse	55	11080000	27314	NA
273	Pulse	55	11090000	37314	NA
274	Pulse	55	11100000	6648	NA
274	Pulse	55	11110000	16648	NA
274	Pulse	55	11120000	26648	NA
274	Pulse	55	11130000	36648	NA
275	Pulse	55	11140000	5982	NA
275	Pulse	55	11150000	15982	NA
275	Pulse	55	11160000	25982	NA
275	Pulse	55	11170000	35982	NA
276	Pulse	55	11180000	5316	NA
276	Pulse	55	11190000	15316	NA
276	Pulse	55	11200000	25316	NA
276	Pulse	55	11210000	35316	NA
277	Pulse	55	11220000	4650	NA
277	Pulse	55	11230000	14650	NA
277	Pulse	55	11240000	24650	NA
277	Pulse	55	11250000	34650	NA
278	Pulse	55	11260000	3984	NA
278	Pulse	55	11270000	13984	NA
278	Pulse	55	11280000	23984	NA
278	Pulse	55	11290000	33984	NA
279	Pulse	55	11300000	3318	NA
279	Pulse	55	11310000	13318	NA
279	Pulse	55	11320000	23318	NA
279	Pulse	55	11330000	33318	NA
280	Pulse	55	11340000	2651	NA
280	Pulse	55	11350000	12651	NA
280	Pulse	55	11360000	22651	NA
280	Pulse	55	11370000	32651	NA
281	Pulse	55	11380000	1985	NA
281	Pulse	55	11390000	11985	NA
281	Pulse	55	11400000	21985	NA
281	Pulse	55	11410000	31985	NA
282	Pulse	55	11420000	1319	NA
282	Pulse	55	11430000	11319	NA
282	Pulse	55	11440000	21319	NA
282	Pulse	55	11450000	31319	NA
283	Pulse	55	11460000	486	NA
283	Pulse	55	11470000	10486	NA
283	Pulse	55	11480000	20486	NA
283	Pulse	55	11490000	30486	NA
283	Pulse	55	11500000	40486	NA
284	Pulse	55	11510000	9820	NA
284	Pulse	55	11520000	19820	NA
284	Pulse	55	11530000	29820	NA
284	Pulse	55	11540000	39820	NA
285	Pulse	55	11550000	9154	NA
285	Pulse	55	11560000	19154	NA
285	Pulse	55	11570000	29154	NA
285	Pulse	55	11580000	39154	NA
286	Pulse	55	11590000	8488	NA
286	Pulse	55	11600000	18488	NA
286	Pulse	55	11610000	28488	NA
286	Pulse	55	11620000	38488	NA
287	Pulse	55	11630000	7822	NA
287	Pulse	55	11640000	17822	NA
287	Pulse	55	11650000	27822	NA
287	Pulse	55	11660000	37822	NA
288	Pulse	55	11670000	7156	NA
288	Pulse	55	11680000	17156	NA
288	Pulse	55	11690000	27156	NA
288	Pulse	55	11700000	37156	NA
289	Pulse	55	11710000	6490	NA
289	Pulse	55	11720000	16490	NA
289	Pulse	55	11730000	26490	NA
289	Pulse	55	11740000	36490	NA
290	Pulse	55	11750000	5824	NA
290	Pulse	55	11760000	15824	NA
290	Pulse	55	11770000	25824	NA
290	Pulse	55	11780000	35824	NA
291	Pulse	55	11790000	5157	NA
291	Pulse	55	11800000	15157	NA
291	Pulse	55	11810000	25157	NA
291	Pulse	55	11820000	35157	NA
292	Pulse	55	11830000	4491	NA
292	Pulse	55	11840000	14491	NA
292	Pulse	55	11850000	24491	NA
292	Pulse	55	11860000	34491	NA
293	Pulse	55	11870000	3825	NA
293	Pulse	55	11880000	13825	NA
293	Pulse	55	11890000	23825	NA
293	Pulse	55	11900000	33825	NA
294	Pulse	55	11910000	3159	NA
294	Pulse	55	11920000	13159	NA
294	Pulse	55	11930000	23159	NA
294	Pulse	55	11940000	33159	NA
295	Pulse	55	11950000	2493	NA
295	Pulse	55	11960000	12493	NA
295	Pulse	55	11970000	22493	NA
295	Pulse	55	11980000	32493	NA
296	Pulse	55	11990000	1827	NA
296	Pulse	55	12000000	11827	NA
296	Pulse	55	12010000	21827	NA
296	Pulse	55	12020000	31827	NA
297	Pulse	55	12030000	1161	NA
297	Pulse	55	12040000	11161	NA
297	Pulse	55	12050000	21161	NA
297	Pulse	55	12060000	31161	NA
298	Pulse	55	12070000	495	NA
298	Pulse	55	12080000	10495	NA
298	Pulse	55	12090000	20495	NA
298	Pulse	55	12100000	30495	NA
298	Pulse	55	12110000	40495	NA
299	Pulse	55	12120000	9828	NA
299	Pulse	55	12130000	19828	NA
299	Pulse	55	12140000	29828	NA
299	Pulse	55	12150000	39828	NA
300	Pulse	55	12160000	9162	NA
300	Pulse	55	12170000	19162	NA
300	Pulse	55	12180000	29162	NA
300	Pulse	55	12190000	39162	NA
301	Pulse	55	12200000	8496	NA
301	Pulse	55	12210000	18496	NA
301	Pulse	55	12220000	28496	NA
301	Pulse	55	12230000	38496	NA
302	Pulse	55	12240000	7830	NA
302	Pulse	55	12250000	17830	NA
302	Pulse	55	12260000	27830	NA
302	Pulse	55	12270000	37830	NA
303	Pulse	55	12280000	7164	NA
303	Pulse	55	12290000	17164	NA
303	Pulse	55	12300000	27164	NA
303	Pulse	55	12310000	37164	NA
304	Pulse	55	12320000	6498	NA
304	Pulse	55	12330000	16498	NA
304	Pulse	55	12340000	26498	NA
304	Pulse	55	12350000	36498	NA
305	Pulse	55	12360000	5832	NA
305	Pulse	55	12370000	15832	NA
305	Pulse	55	12380000	25832	NA
305	Pulse	55	12390000	35832	NA
306	Pulse	55	12400000	5166	NA
306	Pulse	55	12410000	15166	NA
306	Pulse	55	12420000	25166	NA
306	Pulse	55	12430000	35166	NA
307	Pulse	55	12440000	4499	NA
307	Pulse	55	12450000	14499	NA
307	Pulse	55	12460000	24499	NA
307	Pulse	55	12470000	34499	NA
308	Pulse	55	12480000	3833	NA
308	Pulse	55	12490000	13833	NA
308	Pulse	55	12500000	23833	NA
308	Pulse	55	12510000	33833	NA
309	Pulse	55	12520000	3167	NA
309	Pulse	55	12530000	13167	NA
309	Pulse	55	12540000	23167	NA
309	Pulse	55	12550000	33167	NA
310	Pulse	55	12560000	2501	NA
310	Pulse	55	12570000	12501	NA
310	Pulse	55	12580000	22501	NA
310	Pulse	55	12590000	32501	NA
311	Pulse	55	12600000	1835	NA
311	Pulse	55	12610000	11835	NA
311	Pulse	55	12620000	21835	NA
311	Pulse	55	12630000	31835	NA
312	Pulse	55	12640000	1169	NA
312	Pulse	55	12650000	11169	NA
312	Pulse	55	12660000	21169	NA
312	Pulse	55	12670000	31169	NA
313	Pulse	55	12680000	503	NA
313	Pulse	55	12690000	10503	NA
313	Pulse	55	12700000	20503	NA
313	Pulse	55	12710000	30503	NA
313	Pulse	55	12720000	40503	NA
314	Pulse	55	12730000	9837	NA
314	Pulse	55	12740000	19837	NA
314	Pulse	55	12750000	29837	NA
314	Pulse	55	12760000	39837	NA
315	Pulse	55	12770000	9170	NA
315	Pulse	55	12780000	19170	NA
315	Pulse	55	12790000	29170	NA
315	Pulse	55	12800000	39170	NA
316	Pulse	55	12810000	8504	NA
316	Pulse	55	12820000	18504	NA
316	Pulse	55	12830000	28504	NA
316	Pulse	55	12840000	38504	NA
317	Pulse	55	12850000	7838	NA
317	Pulse	55	12860000	17838	NA
317	Pulse	55	12870000	27838	NA
317	Pulse	55	12880000	37838	NA
318	Pulse	55	12890000	7172	NA
318	Pulse	55	12900000	17172	NA
318	Pulse	55	12910000	27172	NA
318	Pulse	55	12920000	37172	NA
319	Pulse	55	12930000	6506	NA
319	Pulse	55	12940000	16506	NA
319	Pulse	55	12950000	26506	NA
319	Pulse	55	12960000	36506	NA
320	Pulse	55	12970000	5840	NA
320	Pulse	55	12980000	15840	NA
320	Pulse	55	12990000	25840	NA
320	Pulse	55	13000000	35840	NA
321	Pulse	55	13010000	5174	NA
321	Pulse	55	13020000	15174	NA
321	Pulse	55	13030000	25174	NA
321	Pulse	55	13040000	35174	NA
322	Pulse	55	13050000	4508	NA
322	Pulse	55	13060000	14508	NA
322	Pulse	55	13070000	24508	NA
322	Pulse	55	13080000	34508	NA
323	Pulse	55	13090000	3841	NA
323	Pulse	55	13100000	13841	NA
323	Pulse	55	13110000	23841	NA
323	Pulse	55	13120000	33841	NA
324	Pulse	55	13130000	3175	NA
324	Pulse	55	13140000	13175	NA
324	Pulse	55	13150000	23175	NA
324	Pulse	55	13160000	33175	NA
325	Pulse	55	13170000	2509	NA
325	Pulse	55	13180000	12509	NA
325	Pulse	55	13190000	22509	NA
325	Pulse	55	13200000	32509	NA
326	Pulse	55	13210000	1843	NA
326	Pulse	55	13220000	11843	NA
326	Pulse	55	13230000	21843	NA
326	Pulse	55	13240000	31843	NA
327	Pulse	55	13250000	1177	NA
327	Pulse	55	13260000	11177	NA
327	Pulse	55	13270000	21177	NA
327	Pulse	55	13280000	31177	NA
328	Pulse	55	13290000	511	NA
328	Pulse	55	13300000	10511	NA
328	Pulse	55	13310000	20511	NA
328	Pulse	55	13320000	30511	NA
328	Pulse	55	13330000	40511	NA
329	Pulse	55	13340000	9845	NA
329	Pulse	55	13350000	19845	NA
329	Pulse	55	13360000	29845	NA
329	Pulse	55	13370000	39845	NA
330	Pulse	55	13380000	9179	NA
330	Pulse	55	13390000	19179	NA
330	Pulse	55	13400000	29179	NA
330	Pulse	55	13410000	39179	NA
331	Pulse	55	13420000	8513	NA
331	Pulse	55	13430000	18513	NA
331	Pulse	55	13440000	28513	NA
331	Pulse	55	13450000	38513	NA
332	Pulse	55	13460000	7846	NA
332	Pulse	55	13470000	17846	NA
332	Pulse	55	13480000	27846	NA
332	Pulse	55	13490000	37846	NA
333	Pulse	55	13500000	7180	NA
333	Pulse	55	13510000	17180	NA
333	Pulse	55	13520000	27180	NA
333	Pulse	55	13530000	37180	NA
334	Pulse	55	13540000	6514	NA
334	Pulse	55	13550000	16514	NA
334	Pulse	55	13560000	26514	NA
334	Pulse	55	13570000	36514	NA
335	Pulse	55	13580000	5848	NA
335	Pulse	55	13590000	15848	NA
335	Pulse	55	13600000	25848	NA
335	Pulse	55	13610000	35848	NA
336	Pulse	55	13620000	5182	NA
336	Pulse	55	13630000	15182	NA
336	Pulse	55	13640000	25182	NA
336	Pulse	55	13650000	35182	NA
337	Pulse	55	13660000	4516	NA
337	Pulse	55	13670000	14516	NA
337	Pulse	55	13680000	24516	NA
337	Pulse	55	13690000	34516	NA
338	Pulse	55	13700000	3850	NA
338	Pulse	55	13710000	13850	NA
338	Pulse	55	13720000	23850	NA
338	Pulse	55	13730000	33850	NA
339	Pulse	55	13740000	3184	NA
339	Pulse	55	13750000	13184	NA
339	Pulse	55	13760000	23184	NA
339	Pulse	55	13770000	33184	NA
340	Pulse	55	13780000	2517	NA
340	Pulse	55	13790000	12517	NA
340	Pulse	55	13800000	22517	NA
340	Pulse	55	13810000	32517	NA
341	Pulse	55	13820000	1851	NA
341	Pulse	55	13830000	11851	NA
341	Pulse	55	13840000	21851	NA
341	Pulse	55	13850000	31851	NA
341	Response	1	13850966	32817	1
342	Pulse	55	13860000	1685	NA
342	Pulse	55	13870000	11685	NA
343	Pulse	55	13880000	1519	NA
343	Pulse	55	13890000	11519	NA
343	Pulse	55	13900000	21519	NA
343	Pulse	55	13910000	31519	NA
343	Pulse	55	13920000	41519	NA
343	Pulse	55	13930000	51519	NA
343	Pulse	55	13940000	61519	NA
343	Pulse	55	13950000	71519	NA
343	Pulse	55	13960000	81519	NA
343	Pulse	55	13970000	91519	NA
343	Pulse	55	13980000	101519	NA
343	Pulse	55	13990000	111519	NA
343	Pulse	55	14000000	121519	NA
343	Pulse	55	14010000	131519	NA
343	Pulse	55	14020000	141519	NA
343	Pulse	55	14030000	151519	NA
343	Pulse	55	14040000	161519	NA
343	Pulse	55	14050000	171519	NA
343	Pulse	55	14060000	181519	NA
343	Pulse	55	14070000	191519	NA
343	Pulse	55	14080000	201519	NA
343	Pulse	55	14090000	211519	NA
343	Pulse	55	14100000	221519	NA
343	Pulse	55	14110000	231519	NA
343	Pulse	55	14120000	241519	NA
343	Pulse	55	14130000	251519	NA
343	Pulse	55	14140000	261519	NA
343	Pulse	55	14150000	271519	NA
343	Pulse	55	14160000	281519	NA
343	Pulse	55	14170000	291519	NA
343	Pulse	55	14180000	301519	NA
343	Pulse	55	14190000	311519	NA
343	Pulse	55	14200000	321519	NA
343	Response	1	14204803	326322	1
343	Pulse	55	14210000	331519	NA
343	Pulse	55	14220000	341519	NA
344	Pulse	55	14230000	9857	NA
344	Pulse	55	14240000	19857	NA
344	Pulse	55	14250000	29857	NA
344	Pulse	55	14260000	39857	NA
344	Pulse	55	14270000	49857	NA
344	Pulse	55	14280000	59857	NA
344	Pulse	55	14290000	69857	NA
344	Pulse	55	14300000	79857	NA
344	Pulse	55	14310000	89857	NA
344	Pulse	55	14320000	99857	NA
344	Pulse	55	14330000	109857	NA
344	Pulse	55	14340000	119857	NA
344	Pulse	55	14350000	129857	NA
344	Pulse	55	14360000	139857	NA
344	Pulse	55	14370000	149857	NA
344	Pulse	55	14380000	159857	NA
344	Pulse	55	14390000	169857	NA
344	Pulse	55	14400000	179857	NA
344	Pulse	55	14410000	189857	NA
344	Pulse	55	14420000	199857	NA
344	Pulse	55	14430000	209857	NA
344	Pulse	55	14440000	219857	NA
344	Pulse	55	14450000	229857	NA
344	Pulse	55	14460000	239857	NA
344	Pulse	55	14470000	249857	NA
344	Pulse	55	14480000	259857	NA
344	Pulse	55	14490000	269857	NA
344	Pulse	55	14500000	279857	NA
344	Pulse	55	14510000	289857	NA
344	Pulse	55	14520000	299857	NA
344	Pulse	55	14530000	309857	NA
344	Pulse	55	14540000	319857	NA
344	Pulse	55	14550000	329857	NA
344	Pulse	55	14560000	339857	NA
344	Pulse	55	14570000	349857	NA
344	Pulse	55	14580000	359857	NA
344	Pulse	55	14590000	369857	NA
344	Pulse	55	14600000	379857	NA
344	Pulse	55	14610000	389857	NA
344	Pulse	55	14620000	399857	NA
344	Pulse	55	14630000	409857	NA
344	Pulse	55	14640000	419857	NA
344	Pulse	55	14650000	429857	NA
344	Pulse	55	14660000	439857	NA
344	Pulse	55	14670000	449857	NA
344	Pulse	55	14680000	459857	NA
344	Pulse	55	14690000	469857	NA
344	Pulse	55	14700000	479857	NA
344	Pulse	55	14710000	489857	NA
344	Pulse	55	14720000	499857	NA
344	Pulse	55	14730000	509857	NA
344	Pulse	55	14740000	519857	NA
344	Pulse	55	14750000	529857	NA
344	Pulse	55	14760000	539857	NA
344	Pulse	55	14770000	549857	NA
344	Pulse	55	14780000	559857	NA
344	Pulse	55	14790000	569857	NA
344	Pulse	55	14800000	579857	NA
344	Pulse	55	14810000	589857	NA
344	Pulse	55	14820000	599857	NA
344	Pulse	55	14830000	609857	NA
344	Pulse	55	14840000	619857	NA
344	Pulse	55	14850000	629857	NA
344	Pulse	55	14860000	639857	NA
344	Pulse	55	14870000	649857	NA
344	Pulse	55	14880000	659857	NA
344	Pulse	55	14890000	669857	NA
344	Pulse	55	14900000	679857	NA
344	Pulse	55	14910000	689857	NA
344	Pulse	55	14920000	699857	NA
344	Pulse	55	14930000	709857	NA
344	Pulse	55	14940000	719857	NA
344	Pulse	55	14950000	729857	NA
344	Pulse	55	14960000	739857	NA
344	Pulse	55	14970000	749857	NA
344	Pulse	55	14980000	759857	NA
344	Pulse	55	14990000	769857	NA
344	Pulse	55	15000000	779857	NA
344	Pulse	55	15010000	789857	NA
344	Pulse	55	15020000	799857	NA
344	Pulse	55	15030000	809857	NA
344	Pulse	55	15040000	819857	NA
344	Pulse	55	15050000	829857	NA
344	Pulse	55	15060000	839857	NA
344	Pulse	55	15070000	849857	NA
344	Pulse	55	15080000	859857	NA
344	Pulse	55	15090000	869857	NA
344	Pulse	55	15100000	879857	NA
344	Pulse	55	15110000	889857	NA
344	Pulse	55	15120000	899857	NA
344	Pulse	55	15130000	909857	NA
344	Pulse	55	15140000	919857	NA
344	Pulse	55	15150000	929857	NA
344	Pulse	55	15160000	939857	NA
344	Pulse	55	15170000	949857	NA
344	Pulse	55	15180000	959857	NA
344	Pulse	55	15190000	969857	NA
344	Pulse	55	15200000	979857	NA
344	Pulse	55	15210000	989857	NA
344	Pulse	55	15220000	999857	NA
344	Pulse	55	15230000	1009857	NA
344	Pulse	55	15240000	1019857	NA
344	Pulse	55	15250000	1029857	NA
344	Pulse	55	15260000	1039857	NA
344	Pulse	55	15270000	1049857	NA
344	Pulse	55	15280000	1059857	NA
344	Pulse	55	15290000	1069857	NA
344	Pulse	55	15300000	1079857	NA
344	Pulse	55	15310000	1089857	NA
344	Pulse	55	15320000	1099857	NA
344	Pulse	55	15330000	1109857	NA
344	Pulse	55	15340000	1119857	NA
344	Pulse	55	15350000	1129857	NA
344	Pulse	55	15360000	1139857	NA
344	Pulse	55	15370000	1149857	NA
344	Pulse	55	15380000	1159857	NA
344	Pulse	55	15390000	1169857	NA
344	Pulse	55	15400000	1179857	NA
344	Pulse	55	15410000	1189857	NA
344	Pulse	55	15420000	1199857	NA
344	Pulse	55	15430000	1209857	NA
344	Pulse	55	15440000	1219857	NA
344	Pulse	55	15450000	1229857	NA
344	Pulse	55	15460000	1239857	NA
344	Pulse	55	15470000	1249857	NA
344	Pulse	55	15480000	1259857	NA
344	Pulse	55	15490000	1269857	NA
344	Pulse	55	15500000	1279857	NA
344	Pulse	55	15510000	1289857	NA
344	Pulse	55	15520000	1299857	NA
344	Pulse	55	15530000	1309857	NA
344	Pulse	55	15540000	1319857	NA
344	Pulse	55	15550000	1329857	NA
344	Pulse	55	15560000	1339857	NA
344	Pulse	55	15570000	1349857	NA
344	Pulse	55	15580000	1359857	NA
344	Pulse	55	15590000	1369857	NA
344	Pulse	55	15600000	1379857	NA
344	Pulse	55	15610000	1389857	NA
344	Pulse	55	15620000	1399857	NA
344	Pulse	55	15630000	1409857	NA
344	Pulse	55	15640000	1419857	NA
344	Pulse	55	15650000	1429857	NA
344	Pulse	55	15660000	1439857	NA
344	Pulse	55	15670000	1449857	NA
344	Pulse	55	15680000	1459857	NA
344	Pulse	55	15690000	1469857	NA
344	Pulse	55	15700000	1479857	NA
344	Pulse	55	15710000	1489857	NA
344	Pulse	55	15720000	1499857	NA
344	Pulse	55	15730000	1509857	NA
344	Pulse	55	15740000	1519857	NA
344	Pulse	55	15750000	1529857	NA
344	Pulse	55	15760000	1539857	NA
344	Pulse	55	15770000	1549857	NA
344	Pulse	55	15780000	1559857	NA
344	Pulse	55	15790000	1569857	NA
344	Pulse	55	15800000	1579857	NA
344	Pulse	55	15810000	1589857	NA
344	Pulse	55	15820000	1599857	NA
344	Pulse	55	15830000	1609857	NA
344	Pulse	55	15840000	1619857	NA
344	Pulse	55	15850000	1629857	NA
344	Pulse	55	15860000	1639857	NA
344	Pulse	55	15870000	1649857	NA
344	Pulse	55	15880000	1659857	NA
344	Pulse	55	15890000	1669857	NA
344	Pulse	55	15900000	1679857	NA
344	Pulse	55	15910000	1689857	NA
344	Pulse	55	15920000	1699857	NA
344	Pulse	55	15930000	1709857	NA
344	Pulse	55	15940000	1719857	NA
344	Pulse	55	15950000	1729857	NA
344	Pulse	55	15960000	1739857	NA
344	Pulse	55	15970000	1749857	NA
344	Pulse	55	15980000	1759857	NA
344	Pulse	55	15990000	1769857	NA
344	Pulse	55	16000000	1779857	NA
344	Pulse	55	16010000	1789857	NA
344	Pulse	55	16020000	1799857	NA
344	Pulse	55	16030000	1809857	NA
344	Pulse	55	16040000	1819857	NA
344	Pulse	55	16050000	1829857	NA
344	Pulse	55	16060000	1839857	NA
344	Pulse	55	16070000	1849857	NA
344	Pulse	55	16080000	1859857	NA
344	Pulse	55	16090000	1869857	NA
344	Pulse	55	16100000	1879857	NA
344	Pulse	55	16110000	1889857	NA
344	Pulse	55	16120000	1899857	NA
344	Pulse	55	16130000	1909857	NA
344	Pulse	55	16140000	1919857	NA
344	Pulse	55	16150000	1929857	NA
344	Pulse	55	16160000	1939857	NA
344	Pulse	55	16170000	1949857	NA
344	Pulse	55	16180000	1959857	NA
344	Pulse	55	16190000	1969857	NA
344	Pulse	55	16200000	1979857	NA
344	Pulse	55	16210000	1989857	NA
344	Pulse	55	16220000	1999857	NA
344	Pulse	55	16230000	2009857	NA
344	Pulse	55	16240000	2019857	NA
344	Pulse	55	16250000	2029857	NA
344	Pulse	55	16260000	2039857	NA
344	Pulse	55	16270000	2049857	NA
344	Pulse	55	16280000	2059857	NA
344	Pulse	55	16290000	2069857	NA
344	Pulse	55	16300000	2079857	NA
344	Pulse	55	16310000	2089857	NA
344	Pulse	55	16320000	2099857	NA
344	Pulse	55	16330000	2109857	NA
344	Pulse	55	16340000	2119857	NA
344	Pulse	55	16350000	2129857	NA
344	Pulse	55	16360000	2139857	NA
344	Pulse	55	16370000	2149857	NA
344	Pulse	55	16380000	2159857	NA
344	Pulse	55	16390000	2169857	NA
344	Pulse	55	16400000	2179857	NA
344	Pulse	55	16410000	2189857	NA
344	Pulse	55	16420000	2199857	NA
344	Pulse	55	16430000	2209857	NA
344	Pulse	55	16440000	2219857	NA
344	Pulse	55	16450000	2229857	NA
344	Pulse	55	16460000	2239857	NA
344	Pulse	55	16470000	2249857	NA
344	Pulse	55	16480000	2259857	NA
344	Pulse	55	16490000	2269857	NA
344	Pulse	55	16500000	2279857	NA
344	Pulse	55	16510000	2289857	NA
344	Pulse	55	16520000	2299857	NA
344	Pulse	55	16530000	2309857	NA
344	Pulse	55	16540000	2319857	NA
344	Pulse	55	16550000	2329857	NA
344	Pulse	55	16560000	2339857	NA
344	Pulse	55	16570000	2349857	NA
344	Pulse	55	16580000	2359857	NA
344	Pulse	55	16590000	2369857	NA
344	Pulse	55	16600000	2379857	NA
344	Pulse	55	16610000	2389857	NA
344	Pulse	55	16620000	2399857	NA
344	Pulse	55	16630000	2409857	NA
344	Pulse	55	16640000	2419857	NA
344	Pulse	55	16650000	2429857	NA
344	Pulse	55	16660000	2439857	NA
344	Pulse	55	16670000	2449857	NA
344	Pulse	55	16680000	2459857	NA
344	Pulse	55	16690000	2469857	NA
344	Pulse	55	16700000	2479857	NA
344	Pulse	55	16710000	2489857	NA
344	Pulse	55	16720000	2499857	NA
344	Pulse	55	16730000	2509857	NA
344	Pulse	55	16740000	2519857	NA
344	Pulse	55	16750000	2529857	NA
344	Pulse	55	16760000	2539857	NA
344	Pulse	55	16770000	2549857	NA
344	Pulse	55	16780000	2559857	NA
344	Pulse	55	16790000	2569857	NA
344	Pulse	55	16800000	2579857	NA
344	Pulse	55	16810000	2589857	NA
344	Pulse	55	16820000	2599857	NA
344	Pulse	55	16830000	2609857	NA
344	Pulse	55	16840000	2619857	NA
344	Pulse	55	16850000	2629857	NA
344	Pulse	55	16860000	2639857	NA
344	Pulse	55	16870000	2649857	NA
344	Pulse	55	16880000	2659857	NA
344	Pulse	55	16890000	2669857	NA
344	Pulse	55	16900000	2679857	NA
344	Pulse	55	16910000	2689857	NA
344	Pulse	55	16920000	2699857	NA
344	Pulse	55	16930000	2709857	NA
344	Pulse	55	16940000	2719857	NA
344	Pulse	55	16950000	2729857	NA
344	Pulse	55	16960000	2739857	NA
344	Pulse	55	16970000	2749857	NA
344	Pulse	55	16980000	2759857	NA
344	Pulse	55	16990000	2769857	NA
344	Pulse	55	17000000	2779857	NA
344	Pulse	55	17010000	2789857	NA
344	Pulse	55	17020000	2799857	NA
344	Pulse	55	17030000	2809857	NA
344	Pulse	55	17040000	2819857	NA
344	Pulse	55	17050000	2829857	NA
344	Pulse	55	17060000	2839857	NA
344	Pulse	55	17070000	2849857	NA
344	Pulse	55	17080000	2859857	NA
344	Pulse	55	17090000	2869857	NA
344	Pulse	55	17100000	2879857	NA
344	Pulse	55	17110000	2889857	NA
344	Pulse	55	17120000	2899857	NA
344	Pulse	55	17130000	2909857	NA
344	Pulse	55	17140000	2919857	NA
344	Pulse	55	17150000	2929857	NA
344	Pulse	55	17160000	2939857	NA
344	Pulse	55	17170000	2949857	NA
344	Pulse	55	17180000	2959857	NA
344	Pulse	55	17190000	2969857	NA
344	Pulse	55	17200000	2979857	NA
344	Pulse	55	17210000	2989857	NA
344	Pulse	55	17220000	2999857	NA
344	Pulse	55	17230000	3009857	NA
344	Pulse	55	17240000	3019857	NA
344	Pulse	55	17250000	3029857	NA
344	Pulse	55	17260000	3039857	NA
344	Pulse	55	17270000	3049857	NA
344	Pulse	55	17280000	3059857	NA
344	Pulse	55	17290000	3069857	NA
344	Pulse	55	17300000	3079857	NA
344	Pulse	55	17310000	3089857	NA
344	Pulse	55	17320000	3099857	NA
344	Pulse	55	17330000	3109857	NA
344	Pulse	55	17340000	3119857	NA
344	Pulse	55	17350000	3129857	NA
344	Pulse	55	17360000	3139857	NA
344	Pulse	55	17370000	3149857	NA
344	Pulse	55	17380000	3159857	NA
344	Pulse	55	17390000	3169857	NA
344	Pulse	55	17400000	3179857	NA
344	Pulse	55	17410000	3189857	NA
344	Pulse	55	17420000	3199857	NA
344	Pulse	55	17430000	3209857	NA
344	Pulse	55	17440000	3219857	NA
344	Pulse	55	17450000	3229857	NA
344	Pulse	55	17460000	3239857	NA
344	Pulse	55	17470000	3249857	NA
344	Pulse	55	17480000	3259857	NA
344	Pulse	55	17490000	3269857	NA
344	Pulse	55	17500000	3279857	NA
344	Pulse	55	17510000	3289857	NA
344	Pulse	55	17520000	3299857	NA
344	Pulse	55	17530000	3309857	NA
344	Pulse	55	17540000	3319857	NA
344	Pulse	55	17550000	3329857	NA
344	Pulse	55	17560000	3339857	NA
344	Pulse	55	17570000	3349857	NA
344	Pulse	55	17580000	3359857	NA
344	Pulse	55	17590000	3369857	NA
344	Pulse	55	17600000	3379857	NA
344	Pulse	55	17610000	3389857	NA
344	Pulse	55	17620000	3399857	NA
344	Pulse	55	17630000	3409857	NA
344	Pulse	55	17640000	3419857	NA
344	Pulse	55	17650000	3429857	NA
344	Pulse	55	17660000	3439857	NA
344	Pulse	55	17670000	3449857	NA
344	Pulse	55	17680000	3459857	NA
344	Pulse	55	17690000	3469857	NA
344	Pulse	55	17700000	3479857	NA
344	Pulse	55	17710000	3489857	NA
344	Pulse	55	17720000	3499857	NA
344	Pulse	55	17730000	3509857	NA
344	Pulse	55	17740000	3519857	NA
344	Pulse	55	17750000	3529857	NA
344	Pulse	55	17760000	3539857	NA
344	Pulse	55	17770000	3549857	NA
344	Pulse	55	17780000	3559857	NA
344	Pulse	55	17790000	3569857	NA
344	Pulse	55	17800000	3579857	NA
344	Pulse	55	17810000	3589857	NA
344	Pulse	55	17820000	3599857	NA
344	Pulse	55	17830000	3609857	NA
344	Pulse	55	17840000	3619857	NA
344	Pulse	55	17850000	3629857	NA
344	Pulse	55	17860000	3639857	NA
344	Pulse	55	17870000	3649857	NA
344	Pulse	55	17880000	3659857	NA
344	Pulse	55	17890000	3669857	NA
344	Pulse	55	17900000	3679857	NA
344	Pulse	55	17910000	3689857	NA
344	Pulse	55	17920000	3699857	NA
344	Pulse	55	17930000	3709857	NA
344	Pulse	55	17940000	3719857	NA
344	Pulse	55	17950000	3729857	NA
344	Pulse	55	17960000	3739857	NA
344	Pulse	55	17970000	3749857	NA
344	Pulse	55	17980000	3759857	NA
344	Pulse	55	17990000	3769857	NA
344	Pulse	55	18000000	3779857	NA
344	Pulse	55	18010000	3789857	NA
344	Pulse	55	18020000	3799857	NA
344	Pulse	55	18030000	3809857	NA
344	Pulse	55	18040000	3819857	NA
344	Pulse	55	18050000	3829857	NA
344	Pulse	55	18060000	3839857	NA
344	Pulse	55	18070000	3849857	NA
344	Pulse	55	18080000	3859857	NA
344	Pulse	55	18090000	3869857	NA
344	Pulse	55	18100000	3879857	NA
344	Pulse	55	18110000	3889857	NA
344	Pulse	55	18120000	3899857	NA
344	Pulse	55	18130000	3909857	NA
344	Pulse	55	18140000	3919857	NA
344	Pulse	55	18150000	3929857	NA
344	Pulse	55	18160000	3939857	NA
344	Pulse	55	18170000	3949857	NA
344	Pulse	55	18180000	3959857	NA
344	Pulse	55	18190000	3969857	NA
344	Pulse	55	18200000	3979857	NA
344	Pulse	55	18210000	3989857	NA
344	Pulse	55	18220000	3999857	NA
344	Pulse	55	18230000	4009857	NA
344	Pulse	55	18240000	4019857	NA
344	Pulse	55	18250000	4029857	NA
344	Pulse	55	18260000	4039857	NA
344	Pulse	55	18270000	4049857	NA
344	Pulse	55	18280000	4059857	NA
344	Pulse	55	18290000	4069857	NA
344	Pulse	55	18300000	4079857	NA
344	Pulse	55	18310000	4089857	NA
344	Pulse	55	18320000	4099857	NA
344	Pulse	55	18330000	4109857	NA
344	Pulse	55	18340000	4119857	NA
344	Pulse	55	18350000	4129857	NA
344	Pulse	55	18360000	4139857	NA
344	Pulse	55	18370000	4149857	NA
344	Pulse	55	18380000	4159857	NA
344	Pulse	55	18390000	4169857	NA
344	Pulse	55	18400000	4179857	NA
344	Pulse	55	18410000	4189857	NA
344	Pulse	55	18420000	4199857	NA
344	Pulse	55	18430000	4209857	NA
344	Pulse	55	18440000	4219857	NA
344	Pulse	55	18450000	4229857	NA
344	Pulse	55	18460000	4239857	NA
344	Pulse	55	18470000	4249857	NA
344	Pulse	55	18480000	4259857	NA
344	Pulse	55	18490000	4269857	NA
344	Pulse	55	18500000	4279857	NA
344	Pulse	55	18510000	4289857	NA
344	Pulse	55	18520000	4299857	NA
344	Pulse	55	18530000	4309857	NA
344	Pulse	55	18540000	4319857	NA
344	Pulse	55	18550000	4329857	NA
344	Pulse	55	18560000	4339857	NA
344	Pulse	55	18570000	4349857	NA
344	Pulse	55	18580000	4359857	NA
344	Pulse	55	18590000	4369857	NA
344	Pulse	55	18600000	4379857	NA
344	Pulse	55	18610000	4389857	NA
344	Pulse	55	18620000	4399857	NA
344	Pulse	55	18630000	4409857	NA
344	Pulse	55	18640000	4419857	NA
344	Pulse	55	18650000	4429857	NA
344	Pulse	55	18660000	4439857	NA
344	Pulse	55	18670000	4449857	NA
344	Pulse	55	18680000	4459857	NA
344	Pulse	55	18690000	4469857	NA
344	Pulse	55	18700000	4479857	NA
344	Pulse	55	18710000	4489857	NA
344	Pulse	55	18720000	4499857	NA
344	Pulse	55	18730000	4509857	NA
344	Pulse	55	18740000	4519857	NA
344	Pulse	55	18750000	4529857	NA
344	Pulse	55	18760000	4539857	NA
344	Pulse	55	18770000	4549857	NA
344	Pulse	55	18780000	4559857	NA
344	Pulse	55	18790000	4569857	NA
344	Pulse	55	18800000	4579857	NA
344	Pulse	55	18810000	4589857	NA
344	Pulse	55	18820000	4599857	NA
344	Pulse	55	18830000	4609857	NA
344	Pulse	55	18840000	4619857	NA
344	Pulse	55	18850000	4629857	NA
344	Pulse	55	18860000	4639857	NA
344	Pulse	55	18870000	4649857	NA
344	Pulse	55	18880000	4659857	NA
344	Pulse	55	18890000	4669857	NA
344	Pulse	55	18900000	4679857	NA
344	Pulse	55	18910000	4689857	NA
344	Pulse	55	18920000	4699857	NA
344	Pulse	55	18930000	4709857	NA
344	Pulse	55	18940000	4719857	NA
344	Pulse	55	18950000	4729857	NA
344	Pulse	55	18960000	4739857	NA
344	Pulse	55	18970000	4749857	NA
344	Pulse	55	18980000	4759857	NA
344	Pulse	55	18990000	4769857	NA
344	Pulse	55	19000000	4779857	NA
344	Pulse	55	19010000	4789857	NA
344	Pulse	55	19020000	4799857	NA
344	Pulse	55	19030000	4809857	NA
344	Pulse	55	19040000	4819857	NA
344	Pulse	55	19050000	4829857	NA
344	Pulse	55	19060000	4839857	NA
344	Pulse	55	19070000	4849857	NA
344	Pulse	55	19080000	4859857	NA
344	Pulse	55	19090000	4869857	NA
344	Pulse	55	19100000	4879857	NA
344	Pulse	55	19110000	4889857	NA
344	Pulse	55	19120000	4899857	NA
344	Pulse	55	19130000	4909857	NA
344	Pulse	55	19140000	4919857	NA
344	Pulse	55	19150000	4929857	NA
344	Pulse	55	19160000	4939857	NA
344	Pulse	55	19170000	4949857	NA
344	Pulse	55	19180000	4959857	NA
344	Pulse	55	19190000	4969857	NA
344	Response	1	19194168	4974025	1
345	Pulse	55	19200000	5756	NA
345	Pulse	55	19210000	15756	NA
345	Pulse	55	19220000	25756	NA
345	Pulse	55	19230000	35756	NA
345	Pulse	55	19240000	45756	NA
345	Pulse	55	19250000	55756	NA
345	Pulse	55	19260000	65756	NA
345	Pulse	55	19270000	75756	NA
345	Pulse	55	19280000	85756	NA
345	Pulse	55	19290000	95756	NA
345	Pulse	55	19300000	105756	NA
345	Pulse	55	19310000	115756	NA
345	Pulse	55	19320000	125756	NA
345	Pulse	55	19330000	135756	NA
345	Pulse	55	19340000	145756	NA
345	Pulse	55	19350000	155756	NA
345	Pulse	55	19360000	165756	NA
345	Pulse	55	19370000	175756	NA
345	Pulse	55	19380000	185756	NA
345	Pulse	55	19390000	195756	NA
345	Pulse	55	19400000	205756	NA
345	Pulse	55	19410000	215756	NA
345	Pulse	55	19420000	225756	NA
345	Pulse	55	19430000	235756	NA
345	Pulse	55	19440000	245756	NA
345	Pulse	55	19450000	255756	NA
345	Pulse	55	19460000	265756	NA
345	Pulse	55	19470000	275756	NA
345	Pulse	55	19480000	285756	NA
345	Pulse	55	19490000	295756	NA
345	Pulse	55	19500000	305756	NA
345	Pulse	55	19510000	315756	NA
345	Pulse	55	19520000	325756	NA
345	Pulse	55	19530000	335756	NA
345	Pulse	55	19540000	345756	NA
345	Pulse	55	19550000	355756	NA
345	Pulse	55	19560000	365756	NA
345	Pulse	55	19570000	375756	NA
345	Pulse	55	19580000	385756	NA
345	Pulse	55	19590000	395756	NA
345	Pulse	55	19600000	405756	NA
345	Pulse	55	19610000	415756	NA
345	Pulse	55	19620000	425756	NA
345	Pulse	55	19630000	435756	NA
345	Pulse	55	19640000	445756	NA
345	Pulse	55	19650000	455756	NA
345	Pulse	55	19660000	465756	NA
345	Pulse	55	19670000	475756	NA
345	Pulse	55	19680000	485756	NA
345	Pulse	55	19690000	495756	NA
345	Pulse	55	19700000	505756	NA
345	Pulse	55	19710000	515756	NA
345	Pulse	55	19720000	525756	NA
345	Pulse	55	19730000	535756	NA
345	Pulse	55	19740000	545756	NA
345	Pulse	55	19750000	555756	NA
345	Pulse	55	19760000	565756	NA
345	Pulse	55	19770000	575756	NA
345	Pulse	55	19780000	585756	NA
345	Pulse	55	19790000	595756	NA
345	Pulse	55	19800000	605756	NA
345	Pulse	55	19810000	615756	NA
345	Pulse	55	19820000	625756	NA
345	Pulse	55	19830000	635756	NA
345	Pulse	55	19840000	645756	NA
345	Pulse	55	19850000	655756	NA
345	Pulse	55	19860000	665756	NA
345	Pulse	55	19870000	675756	NA
345	Pulse	55	19880000	685756	NA
345	Pulse	55	19890000	695756	NA
345	Pulse	55	19900000	705756	NA
345	Pulse	55	19910000	715756	NA
345	Pulse	55	19920000	725756	NA
345	Pulse	55	19930000	735756	NA
345	Pulse	55	19940000	745756	NA
345	Pulse	55	19950000	755756	NA
345	Pulse	55	19960000	765756	NA
345	Pulse	55	19970000	775756	NA
345	Pulse	55	19980000	785756	NA
345	Pulse	55	19990000	795756	NA
345	Pulse	55	20000000	805756	NA
345	Pulse	55	20010000	815756	NA
345	Pulse	55	20020000	825756	NA
345	Pulse	55	20030000	835756	NA
345	Pulse	55	20040000	845756	NA
345	Pulse	55	20050000	855756	NA
345	Pulse	55	20060000	865756	NA
345	Pulse	55	20070000	875756	NA
345	Pulse	55	20080000	885756	NA
345	Pulse	55	20090000	895756	NA
345	Pulse	55	20100000	905756	NA
345	Pulse	55	20110000	915756	NA
345	Pulse	55	20120000	925756	NA
345	Pulse	55	20130000	935756	NA
345	Response	1	20139287	945043	1
