Scenario - Slideshow_D2.sce
Logfile written - 11/12/2021 09:16:49

Trial	Event Type	Code	Time	TTime	Uncertainty	Duration	Uncertainty	ReqTime	ReqDur	Stim Type	Pair Index

0	Pulse	55	0	0	NA
1	Pulse	55	10000	9334	NA
1	Pulse	55	20000	19334	NA
1	Pulse	55	30000	29334	NA
1	Pulse	55	40000	39334	NA
2	Pulse	55	50000	8668	NA
2	Pulse	55	60000	18668	NA
2	Pulse	55	70000	28668	NA
2	Pulse	55	80000	38668	NA
3	Pulse	55	90000	8002	NA
3	Pulse	55	100000	18002	NA
3	Pulse	55	110000	28002	NA
3	Pulse	55	120000	38002	NA
4	Pulse	55	130000	7336	NA
4	Pulse	55	140000	17336	NA
4	Pulse	55	150000	27336	NA
4	Pulse	55	160000	37336	NA
5	Pulse	55	170000	6669	NA
5	Pulse	55	180000	16669	NA
5	Pulse	55	190000	26669	NA
5	Pulse	55	200000	36669	NA
6	Pulse	55	210000	6003	NA
6	Pulse	55	220000	16003	NA
6	Pulse	55	230000	26003	NA
6	Pulse	55	240000	36003	NA
7	Pulse	55	250000	5337	NA
7	Pulse	55	260000	15337	NA
7	Pulse	55	270000	25337	NA
7	Pulse	55	280000	35337	NA
8	Pulse	55	290000	4671	NA
8	Pulse	55	300000	14671	NA
8	Pulse	55	310000	24671	NA
8	Pulse	55	320000	34671	NA
9	Pulse	55	330000	4005	NA
9	Pulse	55	340000	14005	NA
9	Pulse	55	350000	24005	NA
9	Pulse	55	360000	34005	NA
10	Pulse	55	370000	3506	NA
10	Pulse	55	380000	13506	NA
10	Pulse	55	390000	23506	NA
10	Pulse	55	400000	33506	NA
11	Pulse	55	410000	2840	NA
11	Pulse	55	420000	12840	NA
11	Pulse	55	430000	22840	NA
11	Pulse	55	440000	32840	NA
12	Pulse	55	450000	2174	NA
12	Pulse	55	460000	12174	NA
12	Pulse	55	470000	22174	NA
12	Pulse	55	480000	32174	NA
13	Pulse	55	490000	1508	NA
13	Pulse	55	500000	11508	NA
13	Pulse	55	510000	21508	NA
13	Pulse	55	520000	31508	NA
14	Pulse	55	530000	842	NA
14	Pulse	55	540000	10842	NA
14	Pulse	55	550000	20842	NA
14	Pulse	55	560000	30842	NA
15	Pulse	55	570000	176	NA
15	Pulse	55	580000	10176	NA
15	Pulse	55	590000	20176	NA
15	Pulse	55	600000	30176	NA
15	Pulse	55	610000	40176	NA
16	Pulse	55	620000	9510	NA
16	Pulse	55	630000	19510	NA
16	Pulse	55	640000	29510	NA
16	Pulse	55	650000	39510	NA
17	Pulse	55	660000	8844	NA
17	Pulse	55	670000	18844	NA
17	Pulse	55	680000	28844	NA
17	Pulse	55	690000	38844	NA
18	Pulse	55	700000	8178	NA
18	Pulse	55	710000	18178	NA
18	Pulse	55	720000	28178	NA
18	Pulse	55	730000	38178	NA
19	Pulse	55	740000	7512	NA
19	Pulse	55	750000	17512	NA
19	Pulse	55	760000	27512	NA
19	Pulse	55	770000	37512	NA
20	Pulse	55	780000	6845	NA
20	Pulse	55	790000	16845	NA
20	Pulse	55	800000	26845	NA
20	Pulse	55	810000	36845	NA
21	Pulse	55	820000	6179	NA
21	Pulse	55	830000	16179	NA
21	Pulse	55	840000	26179	NA
21	Pulse	55	850000	36179	NA
22	Pulse	55	860000	5513	NA
22	Pulse	55	870000	15513	NA
22	Pulse	55	880000	25513	NA
22	Pulse	55	890000	35513	NA
23	Pulse	55	900000	4847	NA
23	Pulse	55	910000	14847	NA
23	Pulse	55	920000	24847	NA
23	Pulse	55	930000	34847	NA
24	Pulse	55	940000	4181	NA
24	Pulse	55	950000	14181	NA
24	Pulse	55	960000	24181	NA
24	Pulse	55	970000	34181	NA
25	Pulse	55	980000	3515	NA
25	Pulse	55	990000	13515	NA
25	Pulse	55	1000000	23515	NA
25	Pulse	55	1010000	33515	NA
26	Pulse	55	1020000	2849	NA
26	Pulse	55	1030000	12849	NA
26	Pulse	55	1040000	22849	NA
26	Pulse	55	1050000	32849	NA
27	Pulse	55	1060000	2183	NA
27	Pulse	55	1070000	12183	NA
27	Pulse	55	1080000	22183	NA
27	Pulse	55	1090000	32183	NA
28	Pulse	55	1100000	1517	NA
28	Pulse	55	1110000	11517	NA
28	Pulse	55	1120000	21517	NA
28	Pulse	55	1130000	31517	NA
29	Pulse	55	1140000	851	NA
29	Pulse	55	1150000	10851	NA
29	Pulse	55	1160000	20851	NA
29	Pulse	55	1170000	30851	NA
30	Pulse	55	1180000	185	NA
30	Pulse	55	1190000	10185	NA
30	Pulse	55	1200000	20185	NA
30	Pulse	55	1210000	30185	NA
30	Pulse	55	1220000	40185	NA
31	Pulse	55	1230000	9519	NA
31	Pulse	55	1240000	19519	NA
31	Pulse	55	1250000	29519	NA
31	Pulse	55	1260000	39519	NA
32	Pulse	55	1270000	8853	NA
32	Pulse	55	1280000	18853	NA
32	Pulse	55	1290000	28853	NA
32	Pulse	55	1300000	38853	NA
33	Pulse	55	1310000	8187	NA
33	Pulse	55	1320000	18187	NA
33	Pulse	55	1330000	28187	NA
33	Pulse	55	1340000	38187	NA
34	Pulse	55	1350000	7521	NA
34	Pulse	55	1360000	17521	NA
34	Pulse	55	1370000	27521	NA
34	Pulse	55	1380000	37521	NA
35	Pulse	55	1390000	6855	NA
35	Pulse	55	1400000	16855	NA
35	Pulse	55	1410000	26855	NA
35	Pulse	55	1420000	36855	NA
36	Pulse	55	1430000	6189	NA
36	Pulse	55	1440000	16189	NA
36	Pulse	55	1450000	26189	NA
36	Pulse	55	1460000	36189	NA
37	Pulse	55	1470000	5523	NA
37	Pulse	55	1480000	15523	NA
37	Pulse	55	1490000	25523	NA
37	Pulse	55	1500000	35523	NA
38	Pulse	55	1510000	4690	NA
38	Pulse	55	1520000	14690	NA
38	Pulse	55	1530000	24690	NA
38	Pulse	55	1540000	34690	NA
39	Pulse	55	1550000	4024	NA
39	Pulse	55	1560000	14024	NA
39	Pulse	55	1570000	24024	NA
39	Pulse	55	1580000	34024	NA
40	Pulse	55	1590000	3358	NA
40	Pulse	55	1600000	13358	NA
40	Pulse	55	1610000	23358	NA
40	Pulse	55	1620000	33358	NA
41	Pulse	55	1630000	2692	NA
41	Pulse	55	1640000	12692	NA
41	Pulse	55	1650000	22692	NA
41	Pulse	55	1660000	32692	NA
42	Pulse	55	1670000	1859	NA
42	Pulse	55	1680000	11859	NA
42	Pulse	55	1690000	21859	NA
42	Pulse	55	1700000	31859	NA
43	Pulse	55	1710000	1193	NA
43	Pulse	55	1720000	11193	NA
43	Pulse	55	1730000	21193	NA
43	Pulse	55	1740000	31193	NA
44	Pulse	55	1750000	527	NA
44	Pulse	55	1760000	10527	NA
44	Pulse	55	1770000	20527	NA
44	Pulse	55	1780000	30527	NA
44	Pulse	55	1790000	40527	NA
45	Pulse	55	1800000	9861	NA
45	Pulse	55	1810000	19861	NA
45	Pulse	55	1820000	29861	NA
45	Pulse	55	1830000	39861	NA
46	Pulse	55	1840000	9029	NA
46	Pulse	55	1850000	19029	NA
46	Pulse	55	1860000	29029	NA
46	Pulse	55	1870000	39029	NA
47	Pulse	55	1880000	8362	NA
47	Pulse	55	1890000	18362	NA
47	Pulse	55	1900000	28362	NA
47	Pulse	55	1910000	38362	NA
48	Pulse	55	1920000	7696	NA
48	Pulse	55	1930000	17696	NA
48	Pulse	55	1940000	27696	NA
48	Pulse	55	1950000	37696	NA
49	Pulse	55	1960000	6864	NA
49	Pulse	55	1970000	16864	NA
49	Pulse	55	1980000	26864	NA
49	Pulse	55	1990000	36864	NA
50	Pulse	55	2000000	6198	NA
50	Pulse	55	2010000	16198	NA
50	Pulse	55	2020000	26198	NA
50	Pulse	55	2030000	36198	NA
51	Pulse	55	2040000	5532	NA
51	Pulse	55	2050000	15532	NA
51	Pulse	55	2060000	25532	NA
51	Pulse	55	2070000	35532	NA
52	Pulse	55	2080000	4866	NA
52	Pulse	55	2090000	14866	NA
52	Pulse	55	2100000	24866	NA
52	Pulse	55	2110000	34866	NA
53	Pulse	55	2120000	4033	NA
53	Pulse	55	2130000	14033	NA
53	Pulse	55	2140000	24033	NA
53	Pulse	55	2150000	34033	NA
54	Pulse	55	2160000	3200	NA
54	Pulse	55	2170000	13200	NA
54	Pulse	55	2180000	23200	NA
54	Pulse	55	2190000	33200	NA
55	Pulse	55	2200000	2534	NA
55	Pulse	55	2210000	12534	NA
55	Pulse	55	2220000	22534	NA
55	Pulse	55	2230000	32534	NA
56	Pulse	55	2240000	1701	NA
56	Pulse	55	2250000	11701	NA
56	Pulse	55	2260000	21701	NA
56	Pulse	55	2270000	31701	NA
57	Pulse	55	2280000	1035	NA
57	Pulse	55	2290000	11035	NA
57	Pulse	55	2300000	21035	NA
57	Pulse	55	2310000	31035	NA
58	Pulse	55	2320000	369	NA
58	Pulse	55	2330000	10369	NA
58	Pulse	55	2340000	20369	NA
58	Pulse	55	2350000	30369	NA
58	Pulse	55	2360000	40369	NA
59	Pulse	55	2370000	9703	NA
59	Pulse	55	2380000	19703	NA
59	Pulse	55	2390000	29703	NA
59	Pulse	55	2400000	39703	NA
60	Pulse	55	2410000	9037	NA
60	Pulse	55	2420000	19037	NA
60	Pulse	55	2430000	29037	NA
60	Pulse	55	2440000	39037	NA
61	Pulse	55	2450000	8371	NA
61	Pulse	55	2460000	18371	NA
61	Pulse	55	2470000	28371	NA
61	Pulse	55	2480000	38371	NA
62	Pulse	55	2490000	7705	NA
62	Pulse	55	2500000	17705	NA
62	Pulse	55	2510000	27705	NA
62	Pulse	55	2520000	37705	NA
63	Pulse	55	2530000	7039	NA
63	Pulse	55	2540000	17039	NA
63	Pulse	55	2550000	27039	NA
63	Pulse	55	2560000	37039	NA
64	Pulse	55	2570000	6373	NA
64	Pulse	55	2580000	16373	NA
64	Pulse	55	2590000	26373	NA
64	Pulse	55	2600000	36373	NA
65	Pulse	55	2610000	5540	NA
65	Pulse	55	2620000	15540	NA
65	Pulse	55	2630000	25540	NA
65	Pulse	55	2640000	35540	NA
66	Pulse	55	2650000	4874	NA
66	Pulse	55	2660000	14874	NA
66	Pulse	55	2670000	24874	NA
66	Pulse	55	2680000	34874	NA
67	Pulse	55	2690000	4042	NA
67	Pulse	55	2700000	14042	NA
67	Pulse	55	2710000	24042	NA
67	Pulse	55	2720000	34042	NA
68	Pulse	55	2730000	3376	NA
68	Pulse	55	2740000	13376	NA
68	Pulse	55	2750000	23376	NA
68	Pulse	55	2760000	33376	NA
69	Pulse	55	2770000	2710	NA
69	Pulse	55	2780000	12710	NA
69	Pulse	55	2790000	22710	NA
69	Pulse	55	2800000	32710	NA
70	Pulse	55	2810000	2044	NA
70	Pulse	55	2820000	12044	NA
70	Pulse	55	2830000	22044	NA
70	Pulse	55	2840000	32044	NA
71	Pulse	55	2850000	1378	NA
71	Pulse	55	2860000	11378	NA
71	Pulse	55	2870000	21378	NA
71	Pulse	55	2880000	31378	NA
72	Pulse	55	2890000	712	NA
72	Pulse	55	2900000	10712	NA
72	Pulse	55	2910000	20712	NA
72	Pulse	55	2920000	30712	NA
72	Pulse	55	2930000	40712	NA
73	Pulse	55	2940000	9879	NA
73	Pulse	55	2950000	19879	NA
73	Pulse	55	2960000	29879	NA
73	Pulse	55	2970000	39879	NA
74	Pulse	55	2980000	9213	NA
74	Pulse	55	2990000	19213	NA
74	Pulse	55	3000000	29213	NA
74	Pulse	55	3010000	39213	NA
75	Pulse	55	3020000	8547	NA
75	Pulse	55	3030000	18547	NA
75	Pulse	55	3040000	28547	NA
75	Pulse	55	3050000	38547	NA
76	Pulse	55	3060000	7881	NA
76	Pulse	55	3070000	17881	NA
76	Pulse	55	3080000	27881	NA
76	Pulse	55	3090000	37881	NA
77	Pulse	55	3100000	7215	NA
77	Pulse	55	3110000	17215	NA
77	Pulse	55	3120000	27215	NA
77	Pulse	55	3130000	37215	NA
78	Pulse	55	3140000	6549	NA
78	Pulse	55	3150000	16549	NA
78	Pulse	55	3160000	26549	NA
78	Pulse	55	3170000	36549	NA
79	Pulse	55	3180000	5883	NA
79	Pulse	55	3190000	15883	NA
79	Pulse	55	3200000	25883	NA
79	Pulse	55	3210000	35883	NA
80	Pulse	55	3220000	5217	NA
80	Pulse	55	3230000	15217	NA
80	Pulse	55	3240000	25217	NA
80	Pulse	55	3250000	35217	NA
81	Pulse	55	3260000	4551	NA
81	Pulse	55	3270000	14551	NA
81	Pulse	55	3280000	24551	NA
81	Pulse	55	3290000	34551	NA
82	Pulse	55	3300000	3884	NA
82	Pulse	55	3310000	13884	NA
82	Pulse	55	3320000	23884	NA
82	Pulse	55	3330000	33884	NA
83	Pulse	55	3340000	3218	NA
83	Pulse	55	3350000	13218	NA
83	Pulse	55	3360000	23218	NA
83	Pulse	55	3370000	33218	NA
84	Pulse	55	3380000	2552	NA
84	Pulse	55	3390000	12552	NA
84	Pulse	55	3400000	22552	NA
84	Pulse	55	3410000	32552	NA
85	Pulse	55	3420000	1886	NA
85	Pulse	55	3430000	11886	NA
85	Pulse	55	3440000	21886	NA
85	Pulse	55	3450000	31886	NA
86	Pulse	55	3460000	1220	NA
86	Pulse	55	3470000	11220	NA
86	Pulse	55	3480000	21220	NA
86	Pulse	55	3490000	31220	NA
87	Pulse	55	3500000	554	NA
87	Pulse	55	3510000	10554	NA
87	Pulse	55	3520000	20554	NA
87	Pulse	55	3530000	30554	NA
87	Pulse	55	3540000	40554	NA
88	Pulse	55	3550000	9888	NA
88	Pulse	55	3560000	19888	NA
88	Pulse	55	3570000	29888	NA
88	Pulse	55	3580000	39888	NA
89	Pulse	55	3590000	9222	NA
89	Pulse	55	3600000	19222	NA
89	Pulse	55	3610000	29222	NA
89	Pulse	55	3620000	39222	NA
90	Pulse	55	3630000	8556	NA
90	Pulse	55	3640000	18556	NA
90	Pulse	55	3650000	28556	NA
90	Pulse	55	3660000	38556	NA
91	Pulse	55	3670000	7890	NA
91	Pulse	55	3680000	17890	NA
91	Pulse	55	3690000	27890	NA
91	Pulse	55	3700000	37890	NA
92	Pulse	55	3710000	7224	NA
92	Pulse	55	3720000	17224	NA
92	Pulse	55	3730000	27224	NA
92	Pulse	55	3740000	37224	NA
93	Pulse	55	3750000	6558	NA
93	Pulse	55	3760000	16558	NA
93	Pulse	55	3770000	26558	NA
93	Pulse	55	3780000	36558	NA
94	Pulse	55	3790000	5892	NA
94	Pulse	55	3800000	15892	NA
94	Pulse	55	3810000	25892	NA
94	Pulse	55	3820000	35892	NA
95	Pulse	55	3830000	5226	NA
95	Pulse	55	3840000	15226	NA
95	Pulse	55	3850000	25226	NA
95	Pulse	55	3860000	35226	NA
96	Pulse	55	3870000	4560	NA
96	Pulse	55	3880000	14560	NA
96	Pulse	55	3890000	24560	NA
96	Pulse	55	3900000	34560	NA
97	Pulse	55	3910000	3894	NA
97	Pulse	55	3920000	13894	NA
97	Pulse	55	3930000	23894	NA
97	Pulse	55	3940000	33894	NA
98	Pulse	55	3950000	3228	NA
98	Pulse	55	3960000	13228	NA
98	Pulse	55	3970000	23228	NA
98	Pulse	55	3980000	33228	NA
99	Pulse	55	3990000	2562	NA
99	Pulse	55	4000000	12562	NA
99	Pulse	55	4010000	22562	NA
99	Pulse	55	4020000	32562	NA
100	Pulse	55	4030000	1896	NA
100	Pulse	55	4040000	11896	NA
100	Pulse	55	4050000	21896	NA
100	Pulse	55	4060000	31896	NA
101	Pulse	55	4070000	1230	NA
101	Pulse	55	4080000	11230	NA
101	Pulse	55	4090000	21230	NA
101	Pulse	55	4100000	31230	NA
102	Pulse	55	4110000	564	NA
102	Pulse	55	4120000	10564	NA
102	Pulse	55	4130000	20564	NA
102	Pulse	55	4140000	30564	NA
102	Pulse	55	4150000	40564	NA
103	Pulse	55	4160000	9898	NA
103	Pulse	55	4170000	19898	NA
103	Pulse	55	4180000	29898	NA
103	Pulse	55	4190000	39898	NA
104	Pulse	55	4200000	9232	NA
104	Pulse	55	4210000	19232	NA
104	Pulse	55	4220000	29232	NA
104	Pulse	55	4230000	39232	NA
105	Pulse	55	4240000	8566	NA
105	Pulse	55	4250000	18566	NA
105	Pulse	55	4260000	28566	NA
105	Pulse	55	4270000	38566	NA
106	Pulse	55	4280000	7899	NA
106	Pulse	55	4290000	17899	NA
106	Pulse	55	4300000	27899	NA
106	Pulse	55	4310000	37899	NA
107	Pulse	55	4320000	7233	NA
107	Pulse	55	4330000	17233	NA
107	Pulse	55	4340000	27233	NA
107	Pulse	55	4350000	37233	NA
108	Pulse	55	4360000	6567	NA
108	Pulse	55	4370000	16567	NA
108	Pulse	55	4380000	26567	NA
108	Pulse	55	4390000	36567	NA
109	Pulse	55	4400000	5901	NA
109	Pulse	55	4410000	15901	NA
109	Pulse	55	4420000	25901	NA
109	Pulse	55	4430000	35901	NA
110	Pulse	55	4440000	5235	NA
110	Pulse	55	4450000	15235	NA
110	Pulse	55	4460000	25235	NA
110	Pulse	55	4470000	35235	NA
111	Pulse	55	4480000	4569	NA
111	Pulse	55	4490000	14569	NA
111	Pulse	55	4500000	24569	NA
111	Pulse	55	4510000	34569	NA
112	Pulse	55	4520000	3903	NA
112	Pulse	55	4530000	13903	NA
112	Pulse	55	4540000	23903	NA
112	Pulse	55	4550000	33903	NA
113	Pulse	55	4560000	3237	NA
113	Pulse	55	4570000	13237	NA
113	Pulse	55	4580000	23237	NA
113	Pulse	55	4590000	33237	NA
114	Pulse	55	4600000	2571	NA
114	Pulse	55	4610000	12571	NA
114	Pulse	55	4620000	22571	NA
114	Pulse	55	4630000	32571	NA
115	Pulse	55	4640000	1905	NA
115	Pulse	55	4650000	11905	NA
115	Pulse	55	4660000	21905	NA
115	Pulse	55	4670000	31905	NA
116	Pulse	55	4680000	1239	NA
116	Pulse	55	4690000	11239	NA
116	Pulse	55	4700000	21239	NA
116	Pulse	55	4710000	31239	NA
117	Pulse	55	4720000	573	NA
117	Pulse	55	4730000	10573	NA
117	Pulse	55	4740000	20573	NA
117	Pulse	55	4750000	30573	NA
117	Pulse	55	4760000	40573	NA
118	Pulse	55	4770000	9907	NA
118	Pulse	55	4780000	19907	NA
118	Pulse	55	4790000	29907	NA
118	Pulse	55	4800000	39907	NA
119	Pulse	55	4810000	9241	NA
119	Pulse	55	4820000	19241	NA
119	Pulse	55	4830000	29241	NA
119	Pulse	55	4840000	39241	NA
120	Pulse	55	4850000	8575	NA
120	Pulse	55	4860000	18575	NA
120	Pulse	55	4870000	28575	NA
120	Pulse	55	4880000	38575	NA
121	Pulse	55	4890000	8076	NA
121	Pulse	55	4900000	18076	NA
121	Pulse	55	4910000	28076	NA
121	Pulse	55	4920000	38076	NA
122	Pulse	55	4930000	7410	NA
122	Pulse	55	4940000	17410	NA
122	Pulse	55	4950000	27410	NA
122	Pulse	55	4960000	37410	NA
123	Pulse	55	4970000	6910	NA
123	Pulse	55	4980000	16910	NA
123	Pulse	55	4990000	26910	NA
123	Pulse	55	5000000	36910	NA
124	Pulse	55	5010000	6411	NA
124	Pulse	55	5020000	16411	NA
124	Pulse	55	5030000	26411	NA
124	Pulse	55	5040000	36411	NA
125	Pulse	55	5050000	5911	NA
125	Pulse	55	5060000	15911	NA
125	Pulse	55	5070000	25911	NA
125	Pulse	55	5080000	35911	NA
126	Pulse	55	5090000	5245	NA
126	Pulse	55	5100000	15245	NA
126	Pulse	55	5110000	25245	NA
126	Pulse	55	5120000	35245	NA
127	Pulse	55	5130000	4579	NA
127	Pulse	55	5140000	14579	NA
127	Pulse	55	5150000	24579	NA
127	Pulse	55	5160000	34579	NA
128	Pulse	55	5170000	3913	NA
128	Pulse	55	5180000	13913	NA
128	Pulse	55	5190000	23913	NA
128	Pulse	55	5200000	33913	NA
129	Pulse	55	5210000	3247	NA
129	Pulse	55	5220000	13247	NA
129	Pulse	55	5230000	23247	NA
129	Pulse	55	5240000	33247	NA
130	Pulse	55	5250000	2581	NA
130	Pulse	55	5260000	12581	NA
130	Pulse	55	5270000	22581	NA
130	Pulse	55	5280000	32581	NA
131	Pulse	55	5290000	1915	NA
131	Pulse	55	5300000	11915	NA
131	Pulse	55	5310000	21915	NA
131	Pulse	55	5320000	31915	NA
132	Pulse	55	5330000	1416	NA
132	Pulse	55	5340000	11416	NA
132	Pulse	55	5350000	21416	NA
132	Pulse	55	5360000	31416	NA
133	Pulse	55	5370000	750	NA
133	Pulse	55	5380000	10750	NA
133	Pulse	55	5390000	20750	NA
133	Pulse	55	5400000	30750	NA
134	Pulse	55	5410000	84	NA
134	Pulse	55	5420000	10084	NA
134	Pulse	55	5430000	20084	NA
134	Pulse	55	5440000	30084	NA
134	Pulse	55	5450000	40084	NA
135	Pulse	55	5460000	9418	NA
135	Pulse	55	5470000	19418	NA
135	Pulse	55	5480000	29418	NA
135	Pulse	55	5490000	39418	NA
136	Pulse	55	5500000	8752	NA
136	Pulse	55	5510000	18752	NA
136	Pulse	55	5520000	28752	NA
136	Pulse	55	5530000	38752	NA
137	Pulse	55	5540000	8085	NA
137	Pulse	55	5550000	18085	NA
137	Pulse	55	5560000	28085	NA
137	Pulse	55	5570000	38085	NA
138	Pulse	55	5580000	7419	NA
138	Pulse	55	5590000	17419	NA
138	Pulse	55	5600000	27419	NA
138	Pulse	55	5610000	37419	NA
139	Pulse	55	5620000	6753	NA
139	Pulse	55	5630000	16753	NA
139	Pulse	55	5640000	26753	NA
139	Pulse	55	5650000	36753	NA
140	Pulse	55	5660000	6087	NA
140	Pulse	55	5670000	16087	NA
140	Pulse	55	5680000	26087	NA
140	Pulse	55	5690000	36087	NA
141	Pulse	55	5700000	5588	NA
141	Pulse	55	5710000	15588	NA
141	Pulse	55	5720000	25588	NA
141	Pulse	55	5730000	35588	NA
142	Pulse	55	5740000	4922	NA
142	Pulse	55	5750000	14922	NA
142	Pulse	55	5760000	24922	NA
142	Pulse	55	5770000	34922	NA
143	Pulse	55	5780000	4256	NA
143	Pulse	55	5790000	14256	NA
143	Pulse	55	5800000	24256	NA
143	Pulse	55	5810000	34256	NA
144	Pulse	55	5820000	3757	NA
144	Pulse	55	5830000	13757	NA
144	Pulse	55	5840000	23757	NA
144	Pulse	55	5850000	33757	NA
145	Pulse	55	5860000	3257	NA
145	Pulse	55	5870000	13257	NA
145	Pulse	55	5880000	23257	NA
145	Pulse	55	5890000	33257	NA
146	Pulse	55	5900000	2591	NA
146	Pulse	55	5910000	12591	NA
146	Pulse	55	5920000	22591	NA
146	Pulse	55	5930000	32591	NA
147	Pulse	55	5940000	1925	NA
147	Pulse	55	5950000	11925	NA
147	Pulse	55	5960000	21925	NA
147	Pulse	55	5970000	31925	NA
148	Pulse	55	5980000	1259	NA
148	Pulse	55	5990000	11259	NA
148	Pulse	55	6000000	21259	NA
148	Pulse	55	6010000	31259	NA
149	Pulse	55	6020000	593	NA
149	Pulse	55	6030000	10593	NA
149	Pulse	55	6040000	20593	NA
149	Pulse	55	6050000	30593	NA
149	Pulse	55	6060000	40593	NA
150	Pulse	55	6070000	9927	NA
150	Pulse	55	6080000	19927	NA
150	Pulse	55	6090000	29927	NA
150	Pulse	55	6100000	39927	NA
151	Pulse	55	6110000	9261	NA
151	Pulse	55	6120000	19261	NA
151	Pulse	55	6130000	29261	NA
151	Pulse	55	6140000	39261	NA
152	Pulse	55	6150000	8595	NA
152	Pulse	55	6160000	18595	NA
152	Pulse	55	6170000	28595	NA
152	Pulse	55	6180000	38595	NA
153	Pulse	55	6190000	8096	NA
153	Pulse	55	6200000	18096	NA
153	Pulse	55	6210000	28096	NA
153	Pulse	55	6220000	38096	NA
154	Pulse	55	6230000	7596	NA
154	Pulse	55	6240000	17596	NA
154	Pulse	55	6250000	27596	NA
154	Pulse	55	6260000	37596	NA
155	Pulse	55	6270000	7097	NA
155	Pulse	55	6280000	17097	NA
155	Pulse	55	6290000	27097	NA
155	Pulse	55	6300000	37097	NA
156	Pulse	55	6310000	6431	NA
156	Pulse	55	6320000	16431	NA
156	Pulse	55	6330000	26431	NA
156	Pulse	55	6340000	36431	NA
157	Pulse	55	6350000	5765	NA
157	Pulse	55	6360000	15765	NA
157	Pulse	55	6370000	25765	NA
157	Pulse	55	6380000	35765	NA
158	Pulse	55	6390000	5265	NA
158	Pulse	55	6400000	15265	NA
158	Pulse	55	6410000	25265	NA
158	Pulse	55	6420000	35265	NA
159	Pulse	55	6430000	4599	NA
159	Pulse	55	6440000	14599	NA
159	Pulse	55	6450000	24599	NA
159	Pulse	55	6460000	34599	NA
160	Pulse	55	6470000	3933	NA
160	Pulse	55	6480000	13933	NA
160	Pulse	55	6490000	23933	NA
160	Pulse	55	6500000	33933	NA
161	Pulse	55	6510000	3267	NA
161	Pulse	55	6520000	13267	NA
161	Pulse	55	6530000	23267	NA
161	Pulse	55	6540000	33267	NA
162	Pulse	55	6550000	2601	NA
162	Pulse	55	6560000	12601	NA
162	Pulse	55	6570000	22601	NA
162	Pulse	55	6580000	32601	NA
163	Pulse	55	6590000	1935	NA
163	Pulse	55	6600000	11935	NA
163	Pulse	55	6610000	21935	NA
163	Pulse	55	6620000	31935	NA
164	Pulse	55	6630000	1269	NA
164	Pulse	55	6640000	11269	NA
164	Pulse	55	6650000	21269	NA
164	Pulse	55	6660000	31269	NA
165	Pulse	55	6670000	603	NA
165	Pulse	55	6680000	10603	NA
165	Pulse	55	6690000	20603	NA
165	Pulse	55	6700000	30603	NA
165	Pulse	55	6710000	40603	NA
166	Pulse	55	6720000	9937	NA
166	Pulse	55	6730000	19937	NA
166	Pulse	55	6740000	29937	NA
166	Pulse	55	6750000	39937	NA
167	Pulse	55	6760000	9271	NA
167	Pulse	55	6770000	19271	NA
167	Pulse	55	6780000	29271	NA
167	Pulse	55	6790000	39271	NA
168	Pulse	55	6800000	8605	NA
168	Pulse	55	6810000	18605	NA
168	Pulse	55	6820000	28605	NA
168	Pulse	55	6830000	38605	NA
169	Pulse	55	6840000	7939	NA
169	Pulse	55	6850000	17939	NA
169	Pulse	55	6860000	27939	NA
169	Pulse	55	6870000	37939	NA
170	Pulse	55	6880000	7273	NA
170	Pulse	55	6890000	17273	NA
170	Pulse	55	6900000	27273	NA
170	Pulse	55	6910000	37273	NA
171	Pulse	55	6920000	6773	NA
171	Pulse	55	6930000	16773	NA
171	Pulse	55	6940000	26773	NA
171	Pulse	55	6950000	36773	NA
172	Pulse	55	6960000	6107	NA
172	Pulse	55	6970000	16107	NA
172	Pulse	55	6980000	26107	NA
172	Pulse	55	6990000	36107	NA
173	Pulse	55	7000000	5441	NA
173	Pulse	55	7010000	15441	NA
173	Pulse	55	7020000	25441	NA
173	Pulse	55	7030000	35441	NA
174	Pulse	55	7040000	4942	NA
174	Pulse	55	7050000	14942	NA
174	Pulse	55	7060000	24942	NA
174	Pulse	55	7070000	34942	NA
175	Pulse	55	7080000	4443	NA
175	Pulse	55	7090000	14443	NA
175	Pulse	55	7100000	24443	NA
175	Pulse	55	7110000	34443	NA
176	Pulse	55	7120000	3777	NA
176	Pulse	55	7130000	13777	NA
176	Pulse	55	7140000	23777	NA
176	Pulse	55	7150000	33777	NA
177	Pulse	55	7160000	3111	NA
177	Pulse	55	7170000	13111	NA
177	Pulse	55	7180000	23111	NA
177	Pulse	55	7190000	33111	NA
178	Pulse	55	7200000	2445	NA
178	Pulse	55	7210000	12445	NA
178	Pulse	55	7220000	22445	NA
178	Pulse	55	7230000	32445	NA
179	Pulse	55	7240000	1779	NA
179	Pulse	55	7250000	11779	NA
179	Pulse	55	7260000	21779	NA
179	Pulse	55	7270000	31779	NA
180	Pulse	55	7280000	1113	NA
180	Pulse	55	7290000	11113	NA
180	Pulse	55	7300000	21113	NA
180	Pulse	55	7310000	31113	NA
181	Pulse	55	7320000	446	NA
181	Pulse	55	7330000	10446	NA
181	Pulse	55	7340000	20446	NA
181	Pulse	55	7350000	30446	NA
181	Pulse	55	7360000	40446	NA
182	Pulse	55	7370000	9780	NA
182	Pulse	55	7380000	19780	NA
182	Pulse	55	7390000	29780	NA
182	Pulse	55	7400000	39780	NA
183	Pulse	55	7410000	9114	NA
183	Pulse	55	7420000	19114	NA
183	Pulse	55	7430000	29114	NA
183	Pulse	55	7440000	39114	NA
184	Pulse	55	7450000	8448	NA
184	Pulse	55	7460000	18448	NA
184	Pulse	55	7470000	28448	NA
184	Pulse	55	7480000	38448	NA
185	Pulse	55	7490000	7949	NA
185	Pulse	55	7500000	17949	NA
185	Pulse	55	7510000	27949	NA
185	Pulse	55	7520000	37949	NA
186	Pulse	55	7530000	7283	NA
186	Pulse	55	7540000	17283	NA
186	Pulse	55	7550000	27283	NA
186	Pulse	55	7560000	37283	NA
187	Pulse	55	7570000	6617	NA
187	Pulse	55	7580000	16617	NA
187	Pulse	55	7590000	26617	NA
187	Pulse	55	7600000	36617	NA
188	Pulse	55	7610000	5951	NA
188	Pulse	55	7620000	15951	NA
188	Pulse	55	7630000	25951	NA
188	Pulse	55	7640000	35951	NA
189	Pulse	55	7650000	5285	NA
189	Pulse	55	7660000	15285	NA
189	Pulse	55	7670000	25285	NA
189	Pulse	55	7680000	35285	NA
190	Pulse	55	7690000	4619	NA
190	Pulse	55	7700000	14619	NA
190	Pulse	55	7710000	24619	NA
190	Pulse	55	7720000	34619	NA
191	Pulse	55	7730000	3953	NA
191	Pulse	55	7740000	13953	NA
191	Pulse	55	7750000	23953	NA
191	Pulse	55	7760000	33953	NA
192	Pulse	55	7770000	3287	NA
192	Pulse	55	7780000	13287	NA
192	Pulse	55	7790000	23287	NA
192	Pulse	55	7800000	33287	NA
193	Pulse	55	7810000	2621	NA
193	Pulse	55	7820000	12621	NA
193	Pulse	55	7830000	22621	NA
193	Pulse	55	7840000	32621	NA
194	Pulse	55	7850000	1955	NA
194	Pulse	55	7860000	11955	NA
194	Pulse	55	7870000	21955	NA
194	Pulse	55	7880000	31955	NA
195	Pulse	55	7890000	1288	NA
195	Pulse	55	7900000	11288	NA
195	Pulse	55	7910000	21288	NA
195	Pulse	55	7920000	31288	NA
196	Pulse	55	7930000	622	NA
196	Pulse	55	7940000	10622	NA
196	Pulse	55	7950000	20622	NA
196	Pulse	55	7960000	30622	NA
196	Pulse	55	7970000	40622	NA
197	Pulse	55	7980000	9956	NA
197	Pulse	55	7990000	19956	NA
197	Pulse	55	8000000	29956	NA
197	Pulse	55	8010000	39956	NA
198	Pulse	55	8020000	9457	NA
198	Pulse	55	8030000	19457	NA
198	Pulse	55	8040000	29457	NA
198	Pulse	55	8050000	39457	NA
199	Pulse	55	8060000	8791	NA
199	Pulse	55	8070000	18791	NA
199	Pulse	55	8080000	28791	NA
199	Pulse	55	8090000	38791	NA
200	Pulse	55	8100000	8125	NA
200	Pulse	55	8110000	18125	NA
200	Pulse	55	8120000	28125	NA
200	Pulse	55	8130000	38125	NA
201	Pulse	55	8140000	7626	NA
201	Pulse	55	8150000	17626	NA
201	Pulse	55	8160000	27626	NA
201	Pulse	55	8170000	37626	NA
202	Pulse	55	8180000	6960	NA
202	Pulse	55	8190000	16960	NA
202	Pulse	55	8200000	26960	NA
202	Pulse	55	8210000	36960	NA
203	Pulse	55	8220000	6294	NA
203	Pulse	55	8230000	16294	NA
203	Pulse	55	8240000	26294	NA
203	Pulse	55	8250000	36294	NA
204	Pulse	55	8260000	5627	NA
204	Pulse	55	8270000	15627	NA
204	Pulse	55	8280000	25627	NA
204	Pulse	55	8290000	35627	NA
205	Pulse	55	8300000	4962	NA
205	Pulse	55	8310000	14962	NA
205	Pulse	55	8320000	24962	NA
205	Pulse	55	8330000	34962	NA
206	Pulse	55	8340000	4295	NA
206	Pulse	55	8350000	14295	NA
206	Pulse	55	8360000	24295	NA
206	Pulse	55	8370000	34295	NA
207	Pulse	55	8380000	3796	NA
207	Pulse	55	8390000	13796	NA
207	Pulse	55	8400000	23796	NA
207	Pulse	55	8410000	33796	NA
208	Pulse	55	8420000	3297	NA
208	Pulse	55	8430000	13297	NA
208	Pulse	55	8440000	23297	NA
208	Pulse	55	8450000	33297	NA
209	Pulse	55	8460000	2631	NA
209	Pulse	55	8470000	12631	NA
209	Pulse	55	8480000	22631	NA
209	Pulse	55	8490000	32631	NA
210	Pulse	55	8500000	1965	NA
210	Pulse	55	8510000	11965	NA
210	Pulse	55	8520000	21965	NA
210	Pulse	55	8530000	31965	NA
211	Pulse	55	8540000	1465	NA
211	Pulse	55	8550000	11465	NA
211	Pulse	55	8560000	21465	NA
211	Pulse	55	8570000	31465	NA
212	Pulse	55	8580000	799	NA
212	Pulse	55	8590000	10799	NA
212	Pulse	55	8600000	20799	NA
212	Pulse	55	8610000	30799	NA
213	Pulse	55	8620000	300	NA
213	Pulse	55	8630000	10300	NA
213	Pulse	55	8640000	20300	NA
213	Pulse	55	8650000	30300	NA
213	Pulse	55	8660000	40300	NA
214	Pulse	55	8670000	9634	NA
214	Pulse	55	8680000	19634	NA
214	Pulse	55	8690000	29634	NA
214	Pulse	55	8700000	39634	NA
215	Pulse	55	8710000	8968	NA
215	Pulse	55	8720000	18968	NA
215	Pulse	55	8730000	28968	NA
215	Pulse	55	8740000	38968	NA
216	Pulse	55	8750000	8302	NA
216	Pulse	55	8760000	18302	NA
216	Pulse	55	8770000	28302	NA
216	Pulse	55	8780000	38302	NA
217	Pulse	55	8790000	7969	NA
217	Pulse	55	8800000	17969	NA
217	Pulse	55	8810000	27969	NA
217	Pulse	55	8820000	37969	NA
218	Pulse	55	8830000	7303	NA
218	Pulse	55	8840000	17303	NA
218	Pulse	55	8850000	27303	NA
218	Pulse	55	8860000	37303	NA
219	Pulse	55	8870000	6637	NA
219	Pulse	55	8880000	16637	NA
219	Pulse	55	8890000	26637	NA
219	Pulse	55	8900000	36637	NA
220	Pulse	55	8910000	5971	NA
220	Pulse	55	8920000	15971	NA
220	Pulse	55	8930000	25971	NA
220	Pulse	55	8940000	35971	NA
221	Pulse	55	8950000	5305	NA
221	Pulse	55	8960000	15305	NA
221	Pulse	55	8970000	25305	NA
221	Pulse	55	8980000	35305	NA
222	Pulse	55	8990000	4805	NA
222	Pulse	55	9000000	14805	NA
222	Pulse	55	9010000	24805	NA
222	Pulse	55	9020000	34805	NA
223	Pulse	55	9030000	4139	NA
223	Pulse	55	9040000	14139	NA
223	Pulse	55	9050000	24139	NA
223	Pulse	55	9060000	34139	NA
224	Pulse	55	9070000	3473	NA
224	Pulse	55	9080000	13473	NA
224	Pulse	55	9090000	23473	NA
224	Pulse	55	9100000	33473	NA
225	Pulse	55	9110000	2974	NA
225	Pulse	55	9120000	12974	NA
225	Pulse	55	9130000	22974	NA
225	Pulse	55	9140000	32974	NA
226	Pulse	55	9150000	2474	NA
226	Pulse	55	9160000	12474	NA
226	Pulse	55	9170000	22474	NA
226	Pulse	55	9180000	32474	NA
227	Pulse	55	9190000	1809	NA
227	Pulse	55	9200000	11809	NA
227	Pulse	55	9210000	21809	NA
227	Pulse	55	9220000	31809	NA
228	Pulse	55	9230000	1142	NA
228	Pulse	55	9240000	11142	NA
228	Pulse	55	9250000	21142	NA
228	Pulse	55	9260000	31142	NA
229	Pulse	55	9270000	476	NA
229	Pulse	55	9280000	10476	NA
229	Pulse	55	9290000	20476	NA
229	Pulse	55	9300000	30476	NA
229	Pulse	55	9310000	40476	NA
230	Pulse	55	9320000	9810	NA
230	Pulse	55	9330000	19810	NA
230	Pulse	55	9340000	29810	NA
230	Pulse	55	9350000	39810	NA
231	Pulse	55	9360000	9311	NA
231	Pulse	55	9370000	19311	NA
231	Pulse	55	9380000	29311	NA
231	Pulse	55	9390000	39311	NA
232	Pulse	55	9400000	8645	NA
232	Pulse	55	9410000	18645	NA
232	Pulse	55	9420000	28645	NA
232	Pulse	55	9430000	38645	NA
233	Pulse	55	9440000	7979	NA
233	Pulse	55	9450000	17979	NA
233	Pulse	55	9460000	27979	NA
233	Pulse	55	9470000	37979	NA
234	Pulse	55	9480000	7313	NA
234	Pulse	55	9490000	17313	NA
234	Pulse	55	9500000	27313	NA
234	Pulse	55	9510000	37313	NA
235	Pulse	55	9520000	6647	NA
235	Pulse	55	9530000	16647	NA
235	Pulse	55	9540000	26647	NA
235	Pulse	55	9550000	36647	NA
236	Pulse	55	9560000	5981	NA
236	Pulse	55	9570000	15981	NA
236	Pulse	55	9580000	25981	NA
236	Pulse	55	9590000	35981	NA
237	Pulse	55	9600000	5315	NA
237	Pulse	55	9610000	15315	NA
237	Pulse	55	9620000	25315	NA
237	Pulse	55	9630000	35315	NA
238	Pulse	55	9640000	4649	NA
238	Pulse	55	9650000	14649	NA
238	Pulse	55	9660000	24649	NA
238	Pulse	55	9670000	34649	NA
239	Pulse	55	9680000	3983	NA
239	Pulse	55	9690000	13983	NA
239	Pulse	55	9700000	23983	NA
239	Pulse	55	9710000	33983	NA
240	Pulse	55	9720000	3317	NA
240	Pulse	55	9730000	13317	NA
240	Pulse	55	9740000	23317	NA
240	Pulse	55	9750000	33317	NA
241	Pulse	55	9760000	2651	NA
241	Pulse	55	9770000	12651	NA
241	Pulse	55	9780000	22651	NA
241	Pulse	55	9790000	32651	NA
242	Pulse	55	9800000	1985	NA
242	Pulse	55	9810000	11985	NA
242	Pulse	55	9820000	21985	NA
242	Pulse	55	9830000	31985	NA
243	Pulse	55	9840000	1319	NA
243	Pulse	55	9850000	11319	NA
243	Pulse	55	9860000	21319	NA
243	Pulse	55	9870000	31319	NA
244	Pulse	55	9880000	653	NA
244	Pulse	55	9890000	10653	NA
244	Pulse	55	9900000	20653	NA
244	Pulse	55	9910000	30653	NA
244	Pulse	55	9920000	40653	NA
245	Pulse	55	9930000	9986	NA
245	Pulse	55	9940000	19986	NA
245	Pulse	55	9950000	29986	NA
245	Pulse	55	9960000	39986	NA
246	Pulse	55	9970000	9320	NA
246	Pulse	55	9980000	19320	NA
246	Pulse	55	9990000	29320	NA
246	Pulse	55	10000000	39320	NA
247	Pulse	55	10010000	8654	NA
247	Pulse	55	10020000	18654	NA
247	Pulse	55	10030000	28654	NA
247	Pulse	55	10040000	38654	NA
248	Pulse	55	10050000	7988	NA
248	Pulse	55	10060000	17988	NA
248	Pulse	55	10070000	27988	NA
248	Pulse	55	10080000	37988	NA
249	Pulse	55	10090000	7322	NA
249	Pulse	55	10100000	17322	NA
249	Pulse	55	10110000	27322	NA
249	Pulse	55	10120000	37322	NA
250	Pulse	55	10130000	6656	NA
250	Pulse	55	10140000	16656	NA
250	Pulse	55	10150000	26656	NA
250	Pulse	55	10160000	36656	NA
251	Pulse	55	10170000	5990	NA
251	Pulse	55	10180000	15990	NA
251	Pulse	55	10190000	25990	NA
251	Pulse	55	10200000	35990	NA
252	Pulse	55	10210000	5324	NA
252	Pulse	55	10220000	15324	NA
252	Pulse	55	10230000	25324	NA
252	Pulse	55	10240000	35324	NA
253	Pulse	55	10250000	4658	NA
253	Pulse	55	10260000	14658	NA
253	Pulse	55	10270000	24658	NA
253	Pulse	55	10280000	34658	NA
254	Pulse	55	10290000	3992	NA
254	Pulse	55	10300000	13992	NA
254	Pulse	55	10310000	23992	NA
254	Pulse	55	10320000	33992	NA
255	Pulse	55	10330000	3493	NA
255	Pulse	55	10340000	13493	NA
255	Pulse	55	10350000	23493	NA
255	Pulse	55	10360000	33493	NA
256	Pulse	55	10370000	2827	NA
256	Pulse	55	10380000	12827	NA
256	Pulse	55	10390000	22827	NA
256	Pulse	55	10400000	32827	NA
257	Pulse	55	10410000	2161	NA
257	Pulse	55	10420000	12161	NA
257	Pulse	55	10430000	22161	NA
257	Pulse	55	10440000	32161	NA
258	Pulse	55	10450000	1495	NA
258	Pulse	55	10460000	11495	NA
258	Pulse	55	10470000	21495	NA
258	Pulse	55	10480000	31495	NA
259	Pulse	55	10490000	829	NA
259	Pulse	55	10500000	10829	NA
259	Pulse	55	10510000	20829	NA
259	Pulse	55	10520000	30829	NA
260	Pulse	55	10530000	163	NA
260	Pulse	55	10540000	10163	NA
260	Pulse	55	10550000	20163	NA
260	Pulse	55	10560000	30163	NA
260	Pulse	55	10570000	40163	NA
261	Pulse	55	10580000	9496	NA
261	Pulse	55	10590000	19496	NA
261	Pulse	55	10600000	29496	NA
261	Pulse	55	10610000	39496	NA
262	Pulse	55	10620000	8830	NA
262	Pulse	55	10630000	18830	NA
262	Pulse	55	10640000	28830	NA
262	Pulse	55	10650000	38830	NA
263	Pulse	55	10660000	8164	NA
263	Pulse	55	10670000	18164	NA
263	Pulse	55	10680000	28164	NA
263	Pulse	55	10690000	38164	NA
264	Pulse	55	10700000	7498	NA
264	Pulse	55	10710000	17498	NA
264	Pulse	55	10720000	27498	NA
264	Pulse	55	10730000	37498	NA
265	Pulse	55	10740000	6832	NA
265	Pulse	55	10750000	16832	NA
265	Pulse	55	10760000	26832	NA
265	Pulse	55	10770000	36832	NA
266	Pulse	55	10780000	6166	NA
266	Pulse	55	10790000	16166	NA
266	Pulse	55	10800000	26166	NA
266	Pulse	55	10810000	36166	NA
267	Pulse	55	10820000	5500	NA
267	Pulse	55	10830000	15500	NA
267	Pulse	55	10840000	25500	NA
267	Pulse	55	10850000	35500	NA
268	Pulse	55	10860000	4834	NA
268	Pulse	55	10870000	14834	NA
268	Pulse	55	10880000	24834	NA
268	Pulse	55	10890000	34834	NA
269	Pulse	55	10900000	4168	NA
269	Pulse	55	10910000	14168	NA
269	Pulse	55	10920000	24168	NA
269	Pulse	55	10930000	34168	NA
270	Pulse	55	10940000	3502	NA
270	Pulse	55	10950000	13502	NA
270	Pulse	55	10960000	23502	NA
270	Pulse	55	10970000	33502	NA
271	Pulse	55	10980000	2836	NA
271	Pulse	55	10990000	12836	NA
271	Pulse	55	11000000	22836	NA
271	Pulse	55	11010000	32836	NA
272	Pulse	55	11020000	2170	NA
272	Pulse	55	11030000	12170	NA
272	Pulse	55	11040000	22170	NA
272	Pulse	55	11050000	32170	NA
273	Pulse	55	11060000	1504	NA
273	Pulse	55	11070000	11504	NA
273	Pulse	55	11080000	21504	NA
273	Pulse	55	11090000	31504	NA
274	Pulse	55	11100000	838	NA
274	Pulse	55	11110000	10838	NA
274	Pulse	55	11120000	20838	NA
274	Pulse	55	11130000	30838	NA
275	Pulse	55	11140000	172	NA
275	Pulse	55	11150000	10172	NA
275	Pulse	55	11160000	20172	NA
275	Pulse	55	11170000	30172	NA
275	Pulse	55	11180000	40172	NA
276	Pulse	55	11190000	9506	NA
276	Pulse	55	11200000	19506	NA
276	Pulse	55	11210000	29506	NA
276	Pulse	55	11220000	39506	NA
277	Pulse	55	11230000	8840	NA
277	Pulse	55	11240000	18840	NA
277	Pulse	55	11250000	28840	NA
277	Pulse	55	11260000	38840	NA
278	Pulse	55	11270000	8174	NA
278	Pulse	55	11280000	18174	NA
278	Pulse	55	11290000	28174	NA
278	Pulse	55	11300000	38174	NA
279	Pulse	55	11310000	7508	NA
279	Pulse	55	11320000	17508	NA
279	Pulse	55	11330000	27508	NA
279	Pulse	55	11340000	37508	NA
280	Pulse	55	11350000	6842	NA
280	Pulse	55	11360000	16842	NA
280	Pulse	55	11370000	26842	NA
280	Pulse	55	11380000	36842	NA
281	Pulse	55	11390000	6176	NA
281	Pulse	55	11400000	16176	NA
281	Pulse	55	11410000	26176	NA
281	Pulse	55	11420000	36176	NA
282	Pulse	55	11430000	5510	NA
282	Pulse	55	11440000	15510	NA
282	Pulse	55	11450000	25510	NA
282	Pulse	55	11460000	35510	NA
283	Pulse	55	11470000	4677	NA
283	Pulse	55	11480000	14677	NA
283	Pulse	55	11490000	24677	NA
283	Pulse	55	11500000	34677	NA
284	Pulse	55	11510000	4011	NA
284	Pulse	55	11520000	14011	NA
284	Pulse	55	11530000	24011	NA
284	Pulse	55	11540000	34011	NA
285	Pulse	55	11550000	3345	NA
285	Pulse	55	11560000	13345	NA
285	Pulse	55	11570000	23345	NA
285	Pulse	55	11580000	33345	NA
286	Pulse	55	11590000	2679	NA
286	Pulse	55	11600000	12679	NA
286	Pulse	55	11610000	22679	NA
286	Pulse	55	11620000	32679	NA
287	Pulse	55	11630000	1846	NA
287	Pulse	55	11640000	11846	NA
287	Pulse	55	11650000	21846	NA
287	Pulse	55	11660000	31846	NA
288	Pulse	55	11670000	1180	NA
288	Pulse	55	11680000	11180	NA
288	Pulse	55	11690000	21180	NA
288	Pulse	55	11700000	31180	NA
289	Pulse	55	11710000	514	NA
289	Pulse	55	11720000	10514	NA
289	Pulse	55	11730000	20514	NA
289	Pulse	55	11740000	30514	NA
289	Pulse	55	11750000	40514	NA
290	Pulse	55	11760000	9848	NA
290	Pulse	55	11770000	19848	NA
290	Pulse	55	11780000	29848	NA
290	Pulse	55	11790000	39848	NA
291	Pulse	55	11800000	9016	NA
291	Pulse	55	11810000	19016	NA
291	Pulse	55	11820000	29016	NA
291	Pulse	55	11830000	39016	NA
292	Pulse	55	11840000	8349	NA
292	Pulse	55	11850000	18349	NA
292	Pulse	55	11860000	28349	NA
292	Pulse	55	11870000	38349	NA
293	Pulse	55	11880000	7683	NA
293	Pulse	55	11890000	17683	NA
293	Pulse	55	11900000	27683	NA
293	Pulse	55	11910000	37683	NA
294	Pulse	55	11920000	6851	NA
294	Pulse	55	11930000	16851	NA
294	Pulse	55	11940000	26851	NA
294	Pulse	55	11950000	36851	NA
295	Pulse	55	11960000	6185	NA
295	Pulse	55	11970000	16185	NA
295	Pulse	55	11980000	26185	NA
295	Pulse	55	11990000	36185	NA
296	Pulse	55	12000000	5519	NA
296	Pulse	55	12010000	15519	NA
296	Pulse	55	12020000	25519	NA
296	Pulse	55	12030000	35519	NA
297	Pulse	55	12040000	4852	NA
297	Pulse	55	12050000	14852	NA
297	Pulse	55	12060000	24852	NA
297	Pulse	55	12070000	34852	NA
298	Pulse	55	12080000	4020	NA
298	Pulse	55	12090000	14020	NA
298	Pulse	55	12100000	24020	NA
298	Pulse	55	12110000	34020	NA
299	Pulse	55	12120000	3354	NA
299	Pulse	55	12130000	13354	NA
299	Pulse	55	12140000	23354	NA
299	Pulse	55	12150000	33354	NA
300	Pulse	55	12160000	2688	NA
300	Pulse	55	12170000	12688	NA
300	Pulse	55	12180000	22688	NA
300	Pulse	55	12190000	32688	NA
301	Pulse	55	12200000	1855	NA
301	Pulse	55	12210000	11855	NA
301	Pulse	55	12220000	21855	NA
301	Pulse	55	12230000	31855	NA
302	Pulse	55	12240000	1189	NA
302	Pulse	55	12250000	11189	NA
302	Pulse	55	12260000	21189	NA
302	Pulse	55	12270000	31189	NA
303	Pulse	55	12280000	523	NA
303	Pulse	55	12290000	10523	NA
303	Pulse	55	12300000	20523	NA
303	Pulse	55	12310000	30523	NA
303	Pulse	55	12320000	40523	NA
304	Pulse	55	12330000	9857	NA
304	Pulse	55	12340000	19857	NA
304	Pulse	55	12350000	29857	NA
304	Pulse	55	12360000	39857	NA
305	Pulse	55	12370000	9191	NA
305	Pulse	55	12380000	19191	NA
305	Pulse	55	12390000	29191	NA
305	Pulse	55	12400000	39191	NA
306	Pulse	55	12410000	8525	NA
306	Pulse	55	12420000	18525	NA
306	Pulse	55	12430000	28525	NA
306	Pulse	55	12440000	38525	NA
307	Pulse	55	12450000	7859	NA
307	Pulse	55	12460000	17859	NA
307	Pulse	55	12470000	27859	NA
307	Pulse	55	12480000	37859	NA
308	Pulse	55	12490000	7193	NA
308	Pulse	55	12500000	17193	NA
308	Pulse	55	12510000	27193	NA
308	Pulse	55	12520000	37193	NA
309	Pulse	55	12530000	6527	NA
309	Pulse	55	12540000	16527	NA
309	Pulse	55	12550000	26527	NA
309	Pulse	55	12560000	36527	NA
310	Pulse	55	12570000	5694	NA
310	Pulse	55	12580000	15694	NA
310	Pulse	55	12590000	25694	NA
310	Pulse	55	12600000	35694	NA
311	Pulse	55	12610000	5028	NA
311	Pulse	55	12620000	15028	NA
311	Pulse	55	12630000	25028	NA
311	Pulse	55	12640000	35028	NA
312	Pulse	55	12650000	4362	NA
312	Pulse	55	12660000	14362	NA
312	Pulse	55	12670000	24362	NA
312	Pulse	55	12680000	34362	NA
313	Pulse	55	12690000	3696	NA
313	Pulse	55	12700000	13696	NA
313	Pulse	55	12710000	23696	NA
313	Pulse	55	12720000	33696	NA
314	Pulse	55	12730000	3030	NA
314	Pulse	55	12740000	13030	NA
314	Pulse	55	12750000	23030	NA
314	Pulse	55	12760000	33030	NA
315	Pulse	55	12770000	2364	NA
315	Pulse	55	12780000	12364	NA
315	Pulse	55	12790000	22364	NA
315	Pulse	55	12800000	32364	NA
316	Pulse	55	12810000	1698	NA
316	Pulse	55	12820000	11698	NA
316	Pulse	55	12830000	21698	NA
316	Pulse	55	12840000	31698	NA
317	Pulse	55	12850000	1032	NA
317	Pulse	55	12860000	11032	NA
317	Pulse	55	12870000	21032	NA
317	Pulse	55	12880000	31032	NA
318	Pulse	55	12890000	199	NA
318	Pulse	55	12900000	10199	NA
318	Pulse	55	12910000	20199	NA
318	Pulse	55	12920000	30199	NA
318	Pulse	55	12930000	40199	NA
319	Pulse	55	12940000	9533	NA
319	Pulse	55	12950000	19533	NA
319	Pulse	55	12960000	29533	NA
319	Pulse	55	12970000	39533	NA
320	Pulse	55	12980000	8867	NA
320	Pulse	55	12990000	18867	NA
320	Pulse	55	13000000	28867	NA
320	Pulse	55	13010000	38867	NA
321	Pulse	55	13020000	8201	NA
321	Pulse	55	13030000	18201	NA
321	Pulse	55	13040000	28201	NA
321	Pulse	55	13050000	38201	NA
322	Pulse	55	13060000	7535	NA
322	Pulse	55	13070000	17535	NA
322	Pulse	55	13080000	27535	NA
322	Pulse	55	13090000	37535	NA
323	Pulse	55	13100000	6869	NA
323	Pulse	55	13110000	16869	NA
323	Pulse	55	13120000	26869	NA
323	Pulse	55	13130000	36869	NA
324	Pulse	55	13140000	6203	NA
324	Pulse	55	13150000	16203	NA
324	Pulse	55	13160000	26203	NA
324	Pulse	55	13170000	36203	NA
325	Pulse	55	13180000	5537	NA
325	Pulse	55	13190000	15537	NA
325	Pulse	55	13200000	25537	NA
325	Pulse	55	13210000	35537	NA
326	Pulse	55	13220000	4871	NA
326	Pulse	55	13230000	14871	NA
326	Pulse	55	13240000	24871	NA
326	Pulse	55	13250000	34871	NA
327	Pulse	55	13260000	4205	NA
327	Pulse	55	13270000	14205	NA
327	Pulse	55	13280000	24205	NA
327	Pulse	55	13290000	34205	NA
328	Pulse	55	13300000	3539	NA
328	Pulse	55	13310000	13539	NA
328	Pulse	55	13320000	23539	NA
328	Pulse	55	13330000	33539	NA
329	Pulse	55	13340000	2872	NA
329	Pulse	55	13350000	12872	NA
329	Pulse	55	13360000	22872	NA
329	Pulse	55	13370000	32872	NA
330	Pulse	55	13380000	2206	NA
330	Pulse	55	13390000	12206	NA
330	Pulse	55	13400000	22206	NA
330	Pulse	55	13410000	32206	NA
331	Pulse	55	13420000	1540	NA
331	Pulse	55	13430000	11540	NA
331	Pulse	55	13440000	21540	NA
331	Pulse	55	13450000	31540	NA
332	Pulse	55	13460000	874	NA
332	Pulse	55	13470000	10874	NA
332	Pulse	55	13480000	20874	NA
332	Pulse	55	13490000	30874	NA
333	Pulse	55	13500000	208	NA
333	Pulse	55	13510000	10208	NA
333	Pulse	55	13520000	20208	NA
333	Pulse	55	13530000	30208	NA
333	Pulse	55	13540000	40208	NA
334	Pulse	55	13550000	9542	NA
334	Pulse	55	13560000	19542	NA
334	Pulse	55	13570000	29542	NA
334	Pulse	55	13580000	39542	NA
335	Pulse	55	13590000	8876	NA
335	Pulse	55	13600000	18876	NA
335	Pulse	55	13610000	28876	NA
335	Response	1	13611007	29884	1
335	Pulse	55	13620000	38876	NA
336	Pulse	55	13630000	8710	NA
336	Pulse	55	13640000	18710	NA
337	Pulse	55	13650000	8544	NA
337	Pulse	55	13660000	18544	NA
337	Pulse	55	13670000	28544	NA
337	Pulse	55	13680000	38544	NA
337	Pulse	55	13690000	48544	NA
337	Pulse	55	13700000	58544	NA
337	Pulse	55	13710000	68544	NA
337	Pulse	55	13720000	78544	NA
337	Pulse	55	13730000	88544	NA
337	Pulse	55	13740000	98544	NA
337	Pulse	55	13750000	108544	NA
337	Pulse	55	13760000	118544	NA
337	Pulse	55	13770000	128544	NA
337	Pulse	55	13780000	138544	NA
337	Pulse	55	13790000	148544	NA
337	Pulse	55	13800000	158544	NA
337	Pulse	55	13810000	168544	NA
337	Pulse	55	13820000	178544	NA
337	Pulse	55	13830000	188544	NA
337	Response	1	13831645	190189	1
337	Pulse	55	13840000	198544	NA
337	Pulse	55	13850000	208544	NA
338	Pulse	55	13860000	9880	NA
338	Pulse	55	13870000	19880	NA
338	Pulse	55	13880000	29880	NA
338	Pulse	55	13890000	39880	NA
338	Pulse	55	13900000	49880	NA
338	Pulse	55	13910000	59880	NA
338	Pulse	55	13920000	69880	NA
338	Pulse	55	13930000	79880	NA
338	Pulse	55	13940000	89880	NA
338	Pulse	55	13950000	99880	NA
338	Pulse	55	13960000	109880	NA
338	Pulse	55	13970000	119880	NA
338	Pulse	55	13980000	129880	NA
338	Pulse	55	13990000	139880	NA
338	Pulse	55	14000000	149880	NA
338	Pulse	55	14010000	159880	NA
338	Pulse	55	14020000	169880	NA
338	Pulse	55	14030000	179880	NA
338	Pulse	55	14040000	189880	NA
338	Pulse	55	14050000	199880	NA
338	Pulse	55	14060000	209880	NA
338	Pulse	55	14070000	219880	NA
338	Pulse	55	14080000	229880	NA
338	Pulse	55	14090000	239880	NA
338	Pulse	55	14100000	249880	NA
338	Pulse	55	14110000	259880	NA
338	Pulse	55	14120000	269880	NA
338	Pulse	55	14130000	279880	NA
338	Pulse	55	14140000	289880	NA
338	Pulse	55	14150000	299880	NA
338	Pulse	55	14160000	309880	NA
338	Pulse	55	14170000	319880	NA
338	Pulse	55	14180000	329880	NA
338	Pulse	55	14190000	339880	NA
338	Pulse	55	14200000	349880	NA
338	Pulse	55	14210000	359880	NA
338	Pulse	55	14220000	369880	NA
338	Pulse	55	14230000	379880	NA
338	Pulse	55	14240000	389880	NA
338	Pulse	55	14250000	399880	NA
338	Pulse	55	14260000	409880	NA
338	Pulse	55	14270000	419880	NA
338	Pulse	55	14280000	429880	NA
338	Pulse	55	14290000	439880	NA
338	Pulse	55	14300000	449880	NA
338	Pulse	55	14310000	459880	NA
338	Pulse	55	14320000	469880	NA
338	Pulse	55	14330000	479880	NA
338	Pulse	55	14340000	489880	NA
338	Pulse	55	14350000	499880	NA
338	Pulse	55	14360000	509880	NA
338	Pulse	55	14370000	519880	NA
338	Pulse	55	14380000	529880	NA
338	Pulse	55	14390000	539880	NA
338	Pulse	55	14400000	549880	NA
338	Pulse	55	14410000	559880	NA
338	Pulse	55	14420000	569880	NA
338	Pulse	55	14430000	579880	NA
338	Pulse	55	14440000	589880	NA
338	Pulse	55	14450000	599880	NA
338	Pulse	55	14460000	609880	NA
338	Pulse	55	14470000	619880	NA
338	Pulse	55	14480000	629880	NA
338	Pulse	55	14490000	639880	NA
338	Pulse	55	14500000	649880	NA
338	Pulse	55	14510000	659880	NA
338	Pulse	55	14520000	669880	NA
338	Pulse	55	14530000	679880	NA
338	Pulse	55	14540000	689880	NA
338	Pulse	55	14550000	699880	NA
338	Pulse	55	14560000	709880	NA
338	Pulse	55	14570000	719880	NA
338	Pulse	55	14580000	729880	NA
338	Pulse	55	14590000	739880	NA
338	Pulse	55	14600000	749880	NA
338	Pulse	55	14610000	759880	NA
338	Pulse	55	14620000	769880	NA
338	Pulse	55	14630000	779880	NA
338	Pulse	55	14640000	789880	NA
338	Pulse	55	14650000	799880	NA
338	Pulse	55	14660000	809880	NA
338	Pulse	55	14670000	819880	NA
338	Pulse	55	14680000	829880	NA
338	Pulse	55	14690000	839880	NA
338	Pulse	55	14700000	849880	NA
338	Pulse	55	14710000	859880	NA
338	Pulse	55	14720000	869880	NA
338	Pulse	55	14730000	879880	NA
338	Pulse	55	14740000	889880	NA
338	Pulse	55	14750000	899880	NA
338	Pulse	55	14760000	909880	NA
338	Pulse	55	14770000	919880	NA
338	Pulse	55	14780000	929880	NA
338	Pulse	55	14790000	939880	NA
338	Pulse	55	14800000	949880	NA
338	Pulse	55	14810000	959880	NA
338	Pulse	55	14820000	969880	NA
338	Pulse	55	14830000	979880	NA
338	Pulse	55	14840000	989880	NA
338	Pulse	55	14850000	999880	NA
338	Pulse	55	14860000	1009880	NA
338	Pulse	55	14870000	1019880	NA
338	Pulse	55	14880000	1029880	NA
338	Pulse	55	14890000	1039880	NA
338	Pulse	55	14900000	1049880	NA
338	Pulse	55	14910000	1059880	NA
338	Pulse	55	14920000	1069880	NA
338	Pulse	55	14930000	1079880	NA
338	Pulse	55	14940000	1089880	NA
338	Pulse	55	14950000	1099880	NA
338	Pulse	55	14960000	1109880	NA
338	Pulse	55	14970000	1119880	NA
338	Pulse	55	14980000	1129880	NA
338	Pulse	55	14990000	1139880	NA
338	Pulse	55	15000000	1149880	NA
338	Pulse	55	15010000	1159880	NA
338	Pulse	55	15020000	1169880	NA
338	Pulse	55	15030000	1179880	NA
338	Pulse	55	15040000	1189880	NA
338	Pulse	55	15050000	1199880	NA
338	Pulse	55	15060000	1209880	NA
338	Pulse	55	15070000	1219880	NA
338	Pulse	55	15080000	1229880	NA
338	Pulse	55	15090000	1239880	NA
338	Pulse	55	15100000	1249880	NA
338	Pulse	55	15110000	1259880	NA
338	Pulse	55	15120000	1269880	NA
338	Pulse	55	15130000	1279880	NA
338	Pulse	55	15140000	1289880	NA
338	Pulse	55	15150000	1299880	NA
338	Pulse	55	15160000	1309880	NA
338	Pulse	55	15170000	1319880	NA
338	Pulse	55	15180000	1329880	NA
338	Pulse	55	15190000	1339880	NA
338	Pulse	55	15200000	1349880	NA
338	Pulse	55	15210000	1359880	NA
338	Pulse	55	15220000	1369880	NA
338	Pulse	55	15230000	1379880	NA
338	Pulse	55	15240000	1389880	NA
338	Pulse	55	15250000	1399880	NA
338	Pulse	55	15260000	1409880	NA
338	Pulse	55	15270000	1419880	NA
338	Pulse	55	15280000	1429880	NA
338	Pulse	55	15290000	1439880	NA
338	Pulse	55	15300000	1449880	NA
338	Pulse	55	15310000	1459880	NA
338	Pulse	55	15320000	1469880	NA
338	Pulse	55	15330000	1479880	NA
338	Pulse	55	15340000	1489880	NA
338	Pulse	55	15350000	1499880	NA
338	Pulse	55	15360000	1509880	NA
338	Pulse	55	15370000	1519880	NA
338	Pulse	55	15380000	1529880	NA
338	Pulse	55	15390000	1539880	NA
338	Pulse	55	15400000	1549880	NA
338	Pulse	55	15410000	1559880	NA
338	Pulse	55	15420000	1569880	NA
338	Pulse	55	15430000	1579880	NA
338	Pulse	55	15440000	1589880	NA
338	Pulse	55	15450000	1599880	NA
338	Pulse	55	15460000	1609880	NA
338	Pulse	55	15470000	1619880	NA
338	Pulse	55	15480000	1629880	NA
338	Pulse	55	15490000	1639880	NA
338	Pulse	55	15500000	1649880	NA
338	Pulse	55	15510000	1659880	NA
338	Pulse	55	15520000	1669880	NA
338	Pulse	55	15530000	1679880	NA
338	Pulse	55	15540000	1689880	NA
338	Pulse	55	15550000	1699880	NA
338	Pulse	55	15560000	1709880	NA
338	Pulse	55	15570000	1719880	NA
338	Pulse	55	15580000	1729880	NA
338	Pulse	55	15590000	1739880	NA
338	Pulse	55	15600000	1749880	NA
338	Pulse	55	15610000	1759880	NA
338	Pulse	55	15620000	1769880	NA
338	Pulse	55	15630000	1779880	NA
338	Pulse	55	15640000	1789880	NA
338	Pulse	55	15650000	1799880	NA
338	Pulse	55	15660000	1809880	NA
338	Pulse	55	15670000	1819880	NA
338	Pulse	55	15680000	1829880	NA
338	Pulse	55	15690000	1839880	NA
338	Pulse	55	15700000	1849880	NA
338	Pulse	55	15710000	1859880	NA
338	Pulse	55	15720000	1869880	NA
338	Pulse	55	15730000	1879880	NA
338	Pulse	55	15740000	1889880	NA
338	Pulse	55	15750000	1899880	NA
338	Pulse	55	15760000	1909880	NA
338	Pulse	55	15770000	1919880	NA
338	Pulse	55	15780000	1929880	NA
338	Pulse	55	15790000	1939880	NA
338	Pulse	55	15800000	1949880	NA
338	Pulse	55	15810000	1959880	NA
338	Pulse	55	15820000	1969880	NA
338	Pulse	55	15830000	1979880	NA
338	Pulse	55	15840000	1989880	NA
338	Pulse	55	15850000	1999880	NA
338	Pulse	55	15860000	2009880	NA
338	Pulse	55	15870000	2019880	NA
338	Pulse	55	15880000	2029880	NA
338	Pulse	55	15890000	2039880	NA
338	Pulse	55	15900000	2049880	NA
338	Pulse	55	15910000	2059880	NA
338	Pulse	55	15920000	2069880	NA
338	Pulse	55	15930000	2079880	NA
338	Pulse	55	15940000	2089880	NA
338	Pulse	55	15950000	2099880	NA
338	Pulse	55	15960000	2109880	NA
338	Pulse	55	15970000	2119880	NA
338	Pulse	55	15980000	2129880	NA
338	Pulse	55	15990000	2139880	NA
338	Pulse	55	16000000	2149880	NA
338	Pulse	55	16010000	2159880	NA
338	Pulse	55	16020000	2169880	NA
338	Pulse	55	16030000	2179880	NA
338	Pulse	55	16040000	2189880	NA
338	Pulse	55	16050000	2199880	NA
338	Pulse	55	16060000	2209880	NA
338	Pulse	55	16070000	2219880	NA
338	Pulse	55	16080000	2229880	NA
338	Pulse	55	16090000	2239880	NA
338	Pulse	55	16100000	2249880	NA
338	Pulse	55	16110000	2259880	NA
338	Pulse	55	16120000	2269880	NA
338	Pulse	55	16130000	2279880	NA
338	Pulse	55	16140000	2289880	NA
338	Pulse	55	16150000	2299880	NA
338	Pulse	55	16160000	2309880	NA
338	Pulse	55	16170000	2319880	NA
338	Pulse	55	16180000	2329880	NA
338	Pulse	55	16190000	2339880	NA
338	Pulse	55	16200000	2349880	NA
338	Pulse	55	16210000	2359880	NA
338	Pulse	55	16220000	2369880	NA
338	Pulse	55	16230000	2379880	NA
338	Pulse	55	16240000	2389880	NA
338	Pulse	55	16250000	2399880	NA
338	Pulse	55	16260000	2409880	NA
338	Pulse	55	16270000	2419880	NA
338	Pulse	55	16280000	2429880	NA
338	Pulse	55	16290000	2439880	NA
338	Pulse	55	16300000	2449880	NA
338	Pulse	55	16310000	2459880	NA
338	Pulse	55	16320000	2469880	NA
338	Pulse	55	16330000	2479880	NA
338	Pulse	55	16340000	2489880	NA
338	Pulse	55	16350000	2499880	NA
338	Pulse	55	16360000	2509880	NA
338	Pulse	55	16370000	2519880	NA
338	Pulse	55	16380000	2529880	NA
338	Pulse	55	16390000	2539880	NA
338	Pulse	55	16400000	2549880	NA
338	Pulse	55	16410000	2559880	NA
338	Pulse	55	16420000	2569880	NA
338	Pulse	55	16430000	2579880	NA
338	Pulse	55	16440000	2589880	NA
338	Pulse	55	16450000	2599880	NA
338	Pulse	55	16460000	2609880	NA
338	Pulse	55	16470000	2619880	NA
338	Pulse	55	16480000	2629880	NA
338	Pulse	55	16490000	2639880	NA
338	Pulse	55	16500000	2649880	NA
338	Pulse	55	16510000	2659880	NA
338	Pulse	55	16520000	2669880	NA
338	Pulse	55	16530000	2679880	NA
338	Pulse	55	16540000	2689880	NA
338	Pulse	55	16550000	2699880	NA
338	Pulse	55	16560000	2709880	NA
338	Pulse	55	16570000	2719880	NA
338	Pulse	55	16580000	2729880	NA
338	Pulse	55	16590000	2739880	NA
338	Pulse	55	16600000	2749880	NA
338	Pulse	55	16610000	2759880	NA
338	Pulse	55	16620000	2769880	NA
338	Pulse	55	16630000	2779880	NA
338	Pulse	55	16640000	2789880	NA
338	Pulse	55	16650000	2799880	NA
338	Pulse	55	16660000	2809880	NA
338	Pulse	55	16670000	2819880	NA
338	Pulse	55	16680000	2829880	NA
338	Pulse	55	16690000	2839880	NA
338	Pulse	55	16700000	2849880	NA
338	Pulse	55	16710000	2859880	NA
338	Pulse	55	16720000	2869880	NA
338	Pulse	55	16730000	2879880	NA
338	Pulse	55	16740000	2889880	NA
338	Pulse	55	16750000	2899880	NA
338	Pulse	55	16760000	2909880	NA
338	Pulse	55	16770000	2919880	NA
338	Pulse	55	16780000	2929880	NA
338	Pulse	55	16790000	2939880	NA
338	Pulse	55	16800000	2949880	NA
338	Pulse	55	16810000	2959880	NA
338	Pulse	55	16820000	2969880	NA
338	Pulse	55	16830000	2979880	NA
338	Pulse	55	16840000	2989880	NA
338	Pulse	55	16850000	2999880	NA
338	Pulse	55	16860000	3009880	NA
338	Pulse	55	16870000	3019880	NA
338	Pulse	55	16880000	3029880	NA
338	Pulse	55	16890000	3039880	NA
338	Pulse	55	16900000	3049880	NA
338	Pulse	55	16910000	3059880	NA
338	Pulse	55	16920000	3069880	NA
338	Pulse	55	16930000	3079880	NA
338	Pulse	55	16940000	3089880	NA
338	Pulse	55	16950000	3099880	NA
338	Pulse	55	16960000	3109880	NA
338	Pulse	55	16970000	3119880	NA
338	Pulse	55	16980000	3129880	NA
338	Pulse	55	16990000	3139880	NA
338	Pulse	55	17000000	3149880	NA
338	Pulse	55	17010000	3159880	NA
338	Pulse	55	17020000	3169880	NA
338	Pulse	55	17030000	3179880	NA
338	Pulse	55	17040000	3189880	NA
338	Pulse	55	17050000	3199880	NA
338	Pulse	55	17060000	3209880	NA
338	Pulse	55	17070000	3219880	NA
338	Pulse	55	17080000	3229880	NA
338	Pulse	55	17090000	3239880	NA
338	Pulse	55	17100000	3249880	NA
338	Pulse	55	17110000	3259880	NA
338	Pulse	55	17120000	3269880	NA
338	Pulse	55	17130000	3279880	NA
338	Pulse	55	17140000	3289880	NA
338	Pulse	55	17150000	3299880	NA
338	Pulse	55	17160000	3309880	NA
338	Pulse	55	17170000	3319880	NA
338	Pulse	55	17180000	3329880	NA
338	Pulse	55	17190000	3339880	NA
338	Pulse	55	17200000	3349880	NA
338	Pulse	55	17210000	3359880	NA
338	Pulse	55	17220000	3369880	NA
338	Pulse	55	17230000	3379880	NA
338	Pulse	55	17240000	3389880	NA
338	Pulse	55	17250000	3399880	NA
338	Pulse	55	17260000	3409880	NA
338	Pulse	55	17270000	3419880	NA
338	Pulse	55	17280000	3429880	NA
338	Pulse	55	17290000	3439880	NA
338	Pulse	55	17300000	3449880	NA
338	Pulse	55	17310000	3459880	NA
338	Pulse	55	17320000	3469880	NA
338	Pulse	55	17330000	3479880	NA
338	Pulse	55	17340000	3489880	NA
338	Pulse	55	17350000	3499880	NA
338	Pulse	55	17360000	3509880	NA
338	Pulse	55	17370000	3519880	NA
338	Pulse	55	17380000	3529880	NA
338	Pulse	55	17390000	3539880	NA
338	Pulse	55	17400000	3549880	NA
338	Pulse	55	17410000	3559880	NA
338	Pulse	55	17420000	3569880	NA
338	Pulse	55	17430000	3579880	NA
338	Pulse	55	17440000	3589880	NA
338	Pulse	55	17450000	3599880	NA
338	Pulse	55	17460000	3609880	NA
338	Pulse	55	17470000	3619880	NA
338	Pulse	55	17480000	3629880	NA
338	Pulse	55	17490000	3639880	NA
338	Pulse	55	17500000	3649880	NA
338	Pulse	55	17510000	3659880	NA
338	Pulse	55	17520000	3669880	NA
338	Pulse	55	17530000	3679880	NA
338	Pulse	55	17540000	3689880	NA
338	Pulse	55	17550000	3699880	NA
338	Pulse	55	17560000	3709880	NA
338	Pulse	55	17570000	3719880	NA
338	Pulse	55	17580000	3729880	NA
338	Pulse	55	17590000	3739880	NA
338	Pulse	55	17600000	3749880	NA
338	Pulse	55	17610000	3759880	NA
338	Pulse	55	17620000	3769880	NA
338	Pulse	55	17630000	3779880	NA
338	Pulse	55	17640000	3789880	NA
338	Pulse	55	17650000	3799880	NA
338	Pulse	55	17660000	3809880	NA
338	Pulse	55	17670000	3819880	NA
338	Pulse	55	17680000	3829880	NA
338	Pulse	55	17690000	3839880	NA
338	Pulse	55	17700000	3849880	NA
338	Pulse	55	17710000	3859880	NA
338	Pulse	55	17720000	3869880	NA
338	Pulse	55	17730000	3879880	NA
338	Pulse	55	17740000	3889880	NA
338	Pulse	55	17750000	3899880	NA
338	Pulse	55	17760000	3909880	NA
338	Pulse	55	17770000	3919880	NA
338	Pulse	55	17780000	3929880	NA
338	Pulse	55	17790000	3939880	NA
338	Pulse	55	17800000	3949880	NA
338	Pulse	55	17810000	3959880	NA
338	Pulse	55	17820000	3969880	NA
338	Pulse	55	17830000	3979880	NA
338	Pulse	55	17840000	3989880	NA
338	Pulse	55	17850000	3999880	NA
338	Pulse	55	17860000	4009880	NA
338	Pulse	55	17870000	4019880	NA
338	Pulse	55	17880000	4029880	NA
338	Pulse	55	17890000	4039880	NA
338	Pulse	55	17900000	4049880	NA
338	Pulse	55	17910000	4059880	NA
338	Pulse	55	17920000	4069880	NA
338	Pulse	55	17930000	4079880	NA
338	Pulse	55	17940000	4089880	NA
338	Pulse	55	17950000	4099880	NA
338	Pulse	55	17960000	4109880	NA
338	Pulse	55	17970000	4119880	NA
338	Pulse	55	17980000	4129880	NA
338	Pulse	55	17990000	4139880	NA
338	Pulse	55	18000000	4149880	NA
338	Pulse	55	18010000	4159880	NA
338	Pulse	55	18020000	4169880	NA
338	Pulse	55	18030000	4179880	NA
338	Pulse	55	18040000	4189880	NA
338	Pulse	55	18050000	4199880	NA
338	Pulse	55	18060000	4209880	NA
338	Pulse	55	18070000	4219880	NA
338	Pulse	55	18080000	4229880	NA
338	Pulse	55	18090000	4239880	NA
338	Pulse	55	18100000	4249880	NA
338	Pulse	55	18110000	4259880	NA
338	Pulse	55	18120000	4269880	NA
338	Pulse	55	18130000	4279880	NA
338	Pulse	55	18140000	4289880	NA
338	Pulse	55	18150000	4299880	NA
338	Pulse	55	18160000	4309880	NA
338	Pulse	55	18170000	4319880	NA
338	Pulse	55	18180000	4329880	NA
338	Pulse	55	18190000	4339880	NA
338	Pulse	55	18200000	4349880	NA
338	Pulse	55	18210000	4359880	NA
338	Pulse	55	18220000	4369880	NA
338	Pulse	55	18230000	4379880	NA
338	Pulse	55	18240000	4389880	NA
338	Pulse	55	18250000	4399880	NA
338	Pulse	55	18260000	4409880	NA
338	Pulse	55	18270000	4419880	NA
338	Pulse	55	18280000	4429880	NA
338	Pulse	55	18290000	4439880	NA
338	Pulse	55	18300000	4449880	NA
338	Pulse	55	18310000	4459880	NA
338	Pulse	55	18320000	4469880	NA
338	Pulse	55	18330000	4479880	NA
338	Pulse	55	18340000	4489880	NA
338	Pulse	55	18350000	4499880	NA
338	Pulse	55	18360000	4509880	NA
338	Pulse	55	18370000	4519880	NA
338	Pulse	55	18380000	4529880	NA
338	Pulse	55	18390000	4539880	NA
338	Pulse	55	18400000	4549880	NA
338	Pulse	55	18410000	4559880	NA
338	Pulse	55	18420000	4569880	NA
338	Pulse	55	18430000	4579880	NA
338	Pulse	55	18440000	4589880	NA
338	Pulse	55	18450000	4599880	NA
338	Pulse	55	18460000	4609880	NA
338	Pulse	55	18470000	4619880	NA
338	Pulse	55	18480000	4629880	NA
338	Pulse	55	18490000	4639880	NA
338	Pulse	55	18500000	4649880	NA
338	Pulse	55	18510000	4659880	NA
338	Pulse	55	18520000	4669880	NA
338	Pulse	55	18530000	4679880	NA
338	Pulse	55	18540000	4689880	NA
338	Pulse	55	18550000	4699880	NA
338	Pulse	55	18560000	4709880	NA
338	Pulse	55	18570000	4719880	NA
338	Pulse	55	18580000	4729880	NA
338	Pulse	55	18590000	4739880	NA
338	Pulse	55	18600000	4749880	NA
338	Pulse	55	18610000	4759880	NA
338	Pulse	55	18620000	4769880	NA
338	Pulse	55	18630000	4779880	NA
338	Pulse	55	18640000	4789880	NA
338	Pulse	55	18650000	4799880	NA
338	Pulse	55	18660000	4809880	NA
338	Pulse	55	18670000	4819880	NA
338	Pulse	55	18680000	4829880	NA
338	Pulse	55	18690000	4839880	NA
338	Pulse	55	18700000	4849880	NA
338	Pulse	55	18710000	4859880	NA
338	Pulse	55	18720000	4869880	NA
338	Pulse	55	18730000	4879880	NA
338	Pulse	55	18740000	4889880	NA
338	Pulse	55	18750000	4899880	NA
338	Pulse	55	18760000	4909880	NA
338	Pulse	55	18770000	4919880	NA
338	Response	1	18771238	4921119	1
339	Pulse	55	18780000	8623	NA
339	Pulse	55	18790000	18623	NA
339	Pulse	55	18800000	28623	NA
339	Pulse	55	18810000	38623	NA
339	Pulse	55	18820000	48623	NA
339	Pulse	55	18830000	58623	NA
339	Pulse	55	18840000	68623	NA
339	Pulse	55	18850000	78623	NA
339	Pulse	55	18860000	88623	NA
339	Pulse	55	18870000	98623	NA
339	Pulse	55	18880000	108623	NA
339	Pulse	55	18890000	118623	NA
339	Pulse	55	18900000	128623	NA
339	Pulse	55	18910000	138623	NA
339	Pulse	55	18920000	148623	NA
339	Pulse	55	18930000	158623	NA
339	Pulse	55	18940000	168623	NA
339	Pulse	55	18950000	178623	NA
339	Pulse	55	18960000	188623	NA
339	Pulse	55	18970000	198623	NA
339	Pulse	55	18980000	208623	NA
339	Pulse	55	18990000	218623	NA
339	Pulse	55	19000000	228623	NA
339	Pulse	55	19010000	238623	NA
339	Pulse	55	19020000	248623	NA
339	Pulse	55	19030000	258623	NA
339	Pulse	55	19040000	268623	NA
339	Pulse	55	19050000	278623	NA
339	Pulse	55	19060000	288623	NA
339	Pulse	55	19070000	298623	NA
339	Pulse	55	19080000	308623	NA
339	Pulse	55	19090000	318623	NA
339	Pulse	55	19100000	328623	NA
339	Pulse	55	19110000	338623	NA
339	Pulse	55	19120000	348623	NA
339	Pulse	55	19130000	358623	NA
339	Pulse	55	19140000	368623	NA
339	Pulse	55	19150000	378623	NA
339	Pulse	55	19160000	388623	NA
339	Pulse	55	19170000	398623	NA
339	Pulse	55	19180000	408623	NA
339	Pulse	55	19190000	418623	NA
339	Pulse	55	19200000	428623	NA
339	Pulse	55	19210000	438623	NA
339	Pulse	55	19220000	448623	NA
339	Pulse	55	19230000	458623	NA
339	Pulse	55	19240000	468623	NA
339	Pulse	55	19250000	478623	NA
339	Pulse	55	19260000	488623	NA
339	Pulse	55	19270000	498623	NA
339	Pulse	55	19280000	508623	NA
339	Pulse	55	19290000	518623	NA
339	Pulse	55	19300000	528623	NA
339	Pulse	55	19310000	538623	NA
339	Pulse	55	19320000	548623	NA
339	Pulse	55	19330000	558623	NA
339	Pulse	55	19340000	568623	NA
339	Pulse	55	19350000	578623	NA
339	Pulse	55	19360000	588623	NA
339	Pulse	55	19370000	598623	NA
339	Pulse	55	19380000	608623	NA
339	Pulse	55	19390000	618623	NA
339	Pulse	55	19400000	628623	NA
339	Pulse	55	19410000	638623	NA
339	Pulse	55	19420000	648623	NA
339	Pulse	55	19430000	658623	NA
339	Pulse	55	19440000	668623	NA
339	Pulse	55	19450000	678623	NA
339	Pulse	55	19460000	688623	NA
339	Pulse	55	19470000	698623	NA
339	Pulse	55	19480000	708623	NA
339	Pulse	55	19490000	718623	NA
339	Pulse	55	19500000	728623	NA
339	Pulse	55	19510000	738623	NA
339	Pulse	55	19520000	748623	NA
339	Pulse	55	19530000	758623	NA
339	Pulse	55	19540000	768623	NA
339	Pulse	55	19550000	778623	NA
339	Pulse	55	19560000	788623	NA
339	Pulse	55	19570000	798623	NA
339	Pulse	55	19580000	808623	NA
339	Pulse	55	19590000	818623	NA
339	Pulse	55	19600000	828623	NA
339	Pulse	55	19610000	838623	NA
339	Pulse	55	19620000	848623	NA
339	Pulse	55	19630000	858623	NA
339	Pulse	55	19640000	868623	NA
339	Pulse	55	19650000	878623	NA
339	Pulse	55	19660000	888623	NA
339	Pulse	55	19670000	898623	NA
339	Pulse	55	19680000	908623	NA
339	Pulse	55	19690000	918623	NA
339	Pulse	55	19700000	928623	NA
339	Pulse	55	19710000	938623	NA
339	Pulse	55	19720000	948623	NA
339	Pulse	55	19730000	958623	NA
339	Pulse	55	19740000	968623	NA
339	Pulse	55	19750000	978623	NA
339	Response	1	19752515	981138	1
