Scenario - Slideshow_D2.sce
Logfile written - 12/03/2021 09:20:01

Trial	Event Type	Code	Time	TTime	Uncertainty	Duration	Uncertainty	ReqTime	ReqDur	Stim Type	Pair Index

0	Pulse	55	0	0	NA
1	Pulse	55	10000	9333	NA
1	Pulse	55	20000	19333	NA
1	Pulse	55	30000	29333	NA
1	Pulse	55	40000	39333	NA
2	Pulse	55	50000	8737	NA
2	Pulse	55	60000	18737	NA
2	Pulse	55	70000	28737	NA
2	Pulse	55	80000	38737	NA
3	Pulse	55	90000	8140	NA
3	Pulse	55	100000	18140	NA
3	Pulse	55	110000	28140	NA
3	Pulse	55	120000	38140	NA
4	Pulse	55	130000	7543	NA
4	Pulse	55	140000	17543	NA
4	Pulse	55	150000	27543	NA
4	Pulse	55	160000	37543	NA
5	Pulse	55	170000	6947	NA
5	Pulse	55	180000	16947	NA
5	Pulse	55	190000	26947	NA
5	Pulse	55	200000	36947	NA
6	Pulse	55	210000	6350	NA
6	Pulse	55	220000	16350	NA
6	Pulse	55	230000	26350	NA
6	Pulse	55	240000	36350	NA
7	Pulse	55	250000	5753	NA
7	Pulse	55	260000	15753	NA
7	Pulse	55	270000	25753	NA
7	Pulse	55	280000	35753	NA
8	Pulse	55	290000	5157	NA
8	Pulse	55	300000	15157	NA
8	Pulse	55	310000	25157	NA
8	Pulse	55	320000	35157	NA
9	Pulse	55	330000	4560	NA
9	Pulse	55	340000	14560	NA
9	Pulse	55	350000	24560	NA
9	Pulse	55	360000	34560	NA
10	Pulse	55	370000	4047	NA
10	Pulse	55	380000	14047	NA
10	Pulse	55	390000	24047	NA
10	Pulse	55	400000	34047	NA
11	Pulse	55	410000	3534	NA
11	Pulse	55	420000	13534	NA
11	Pulse	55	430000	23534	NA
11	Pulse	55	440000	33534	NA
12	Pulse	55	450000	3020	NA
12	Pulse	55	460000	13020	NA
12	Pulse	55	470000	23020	NA
12	Pulse	55	480000	33020	NA
13	Pulse	55	490000	2424	NA
13	Pulse	55	500000	12424	NA
13	Pulse	55	510000	22424	NA
13	Pulse	55	520000	32424	NA
14	Pulse	55	530000	1827	NA
14	Pulse	55	540000	11827	NA
14	Pulse	55	550000	21827	NA
14	Pulse	55	560000	31827	NA
15	Pulse	55	570000	1230	NA
15	Pulse	55	580000	11230	NA
15	Pulse	55	590000	21230	NA
15	Pulse	55	600000	31230	NA
16	Pulse	55	610000	634	NA
16	Pulse	55	620000	10634	NA
16	Pulse	55	630000	20634	NA
16	Pulse	55	640000	30634	NA
17	Pulse	55	650000	37	NA
17	Pulse	55	660000	10037	NA
17	Pulse	55	670000	20037	NA
17	Pulse	55	680000	30037	NA
17	Pulse	55	690000	40037	NA
18	Pulse	55	700000	9440	NA
18	Pulse	55	710000	19440	NA
18	Pulse	55	720000	29440	NA
18	Pulse	55	730000	39440	NA
19	Pulse	55	740000	8844	NA
19	Pulse	55	750000	18844	NA
19	Pulse	55	760000	28844	NA
19	Pulse	55	770000	38844	NA
20	Pulse	55	780000	8164	NA
20	Pulse	55	790000	18164	NA
20	Pulse	55	800000	28164	NA
20	Pulse	55	810000	38164	NA
21	Pulse	55	820000	7484	NA
21	Pulse	55	830000	17484	NA
21	Pulse	55	840000	27484	NA
21	Pulse	55	850000	37484	NA
22	Pulse	55	860000	6887	NA
22	Pulse	55	870000	16887	NA
22	Pulse	55	880000	26887	NA
22	Pulse	55	890000	36887	NA
23	Pulse	55	900000	6290	NA
23	Pulse	55	910000	16290	NA
23	Pulse	55	920000	26290	NA
23	Pulse	55	930000	36290	NA
24	Pulse	55	940000	5694	NA
24	Pulse	55	950000	15694	NA
24	Pulse	55	960000	25694	NA
24	Pulse	55	970000	35694	NA
25	Pulse	55	980000	5097	NA
25	Pulse	55	990000	15097	NA
25	Pulse	55	1000000	25097	NA
25	Pulse	55	1010000	35097	NA
26	Pulse	55	1020000	4500	NA
26	Pulse	55	1030000	14500	NA
26	Pulse	55	1040000	24500	NA
26	Pulse	55	1050000	34500	NA
27	Pulse	55	1060000	3904	NA
27	Pulse	55	1070000	13904	NA
27	Pulse	55	1080000	23904	NA
27	Pulse	55	1090000	33904	NA
28	Pulse	55	1100000	3307	NA
28	Pulse	55	1110000	13307	NA
28	Pulse	55	1120000	23307	NA
28	Pulse	55	1130000	33307	NA
29	Pulse	55	1140000	2710	NA
29	Pulse	55	1150000	12710	NA
29	Pulse	55	1160000	22710	NA
29	Pulse	55	1170000	32710	NA
30	Pulse	55	1180000	2114	NA
30	Pulse	55	1190000	12114	NA
30	Pulse	55	1200000	22114	NA
30	Pulse	55	1210000	32114	NA
31	Pulse	55	1220000	1517	NA
31	Pulse	55	1230000	11517	NA
31	Pulse	55	1240000	21517	NA
31	Pulse	55	1250000	31517	NA
32	Pulse	55	1260000	920	NA
32	Pulse	55	1270000	10920	NA
32	Pulse	55	1280000	20920	NA
32	Pulse	55	1290000	30920	NA
33	Pulse	55	1300000	324	NA
33	Pulse	55	1310000	10324	NA
33	Pulse	55	1320000	20324	NA
33	Pulse	55	1330000	30324	NA
33	Pulse	55	1340000	40324	NA
34	Pulse	55	1350000	9727	NA
34	Pulse	55	1360000	19727	NA
34	Pulse	55	1370000	29727	NA
34	Pulse	55	1380000	39727	NA
35	Pulse	55	1390000	9130	NA
35	Pulse	55	1400000	19130	NA
35	Pulse	55	1410000	29130	NA
35	Pulse	55	1420000	39130	NA
36	Pulse	55	1430000	8534	NA
36	Pulse	55	1440000	18534	NA
36	Pulse	55	1450000	28534	NA
36	Pulse	55	1460000	38534	NA
37	Pulse	55	1470000	7937	NA
37	Pulse	55	1480000	17937	NA
37	Pulse	55	1490000	27937	NA
37	Pulse	55	1500000	37937	NA
38	Pulse	55	1510000	7174	NA
38	Pulse	55	1520000	17174	NA
38	Pulse	55	1530000	27174	NA
38	Pulse	55	1540000	37174	NA
39	Pulse	55	1550000	6577	NA
39	Pulse	55	1560000	16577	NA
39	Pulse	55	1570000	26577	NA
39	Pulse	55	1580000	36577	NA
40	Pulse	55	1590000	5980	NA
40	Pulse	55	1600000	15980	NA
40	Pulse	55	1610000	25980	NA
40	Pulse	55	1620000	35980	NA
41	Pulse	55	1630000	5384	NA
41	Pulse	55	1640000	15384	NA
41	Pulse	55	1650000	25384	NA
41	Pulse	55	1660000	35384	NA
42	Pulse	55	1670000	4704	NA
42	Pulse	55	1680000	14704	NA
42	Pulse	55	1690000	24704	NA
42	Pulse	55	1700000	34704	NA
43	Pulse	55	1710000	4107	NA
43	Pulse	55	1720000	14107	NA
43	Pulse	55	1730000	24107	NA
43	Pulse	55	1740000	34107	NA
44	Pulse	55	1750000	3510	NA
44	Pulse	55	1760000	13510	NA
44	Pulse	55	1770000	23510	NA
44	Pulse	55	1780000	33510	NA
45	Pulse	55	1790000	2830	NA
45	Pulse	55	1800000	12830	NA
45	Pulse	55	1810000	22830	NA
45	Pulse	55	1820000	32830	NA
46	Pulse	55	1830000	2150	NA
46	Pulse	55	1840000	12150	NA
46	Pulse	55	1850000	22150	NA
46	Pulse	55	1860000	32150	NA
47	Pulse	55	1870000	1554	NA
47	Pulse	55	1880000	11554	NA
47	Pulse	55	1890000	21554	NA
47	Pulse	55	1900000	31554	NA
48	Pulse	55	1910000	957	NA
48	Pulse	55	1920000	10957	NA
48	Pulse	55	1930000	20957	NA
48	Pulse	55	1940000	30957	NA
49	Pulse	55	1950000	277	NA
49	Pulse	55	1960000	10277	NA
49	Pulse	55	1970000	20277	NA
49	Pulse	55	1980000	30277	NA
49	Pulse	55	1990000	40277	NA
50	Pulse	55	2000000	9680	NA
50	Pulse	55	2010000	19680	NA
50	Pulse	55	2020000	29680	NA
50	Pulse	55	2030000	39680	NA
51	Pulse	55	2040000	9084	NA
51	Pulse	55	2050000	19084	NA
51	Pulse	55	2060000	29084	NA
51	Pulse	55	2070000	39084	NA
52	Pulse	55	2080000	8487	NA
52	Pulse	55	2090000	18487	NA
52	Pulse	55	2100000	28487	NA
52	Pulse	55	2110000	38487	NA
53	Pulse	55	2120000	7807	NA
53	Pulse	55	2130000	17807	NA
53	Pulse	55	2140000	27807	NA
53	Pulse	55	2150000	37807	NA
54	Pulse	55	2160000	7210	NA
54	Pulse	55	2170000	17210	NA
54	Pulse	55	2180000	27210	NA
54	Pulse	55	2190000	37210	NA
55	Pulse	55	2200000	6614	NA
55	Pulse	55	2210000	16614	NA
55	Pulse	55	2220000	26614	NA
55	Pulse	55	2230000	36614	NA
56	Pulse	55	2240000	5934	NA
56	Pulse	55	2250000	15934	NA
56	Pulse	55	2260000	25934	NA
56	Pulse	55	2270000	35934	NA
57	Pulse	55	2280000	5337	NA
57	Pulse	55	2290000	15337	NA
57	Pulse	55	2300000	25337	NA
57	Pulse	55	2310000	35337	NA
58	Pulse	55	2320000	4740	NA
58	Pulse	55	2330000	14740	NA
58	Pulse	55	2340000	24740	NA
58	Pulse	55	2350000	34740	NA
59	Pulse	55	2360000	4144	NA
59	Pulse	55	2370000	14144	NA
59	Pulse	55	2380000	24144	NA
59	Pulse	55	2390000	34144	NA
60	Pulse	55	2400000	3547	NA
60	Pulse	55	2410000	13547	NA
60	Pulse	55	2420000	23547	NA
60	Pulse	55	2430000	33547	NA
61	Pulse	55	2440000	2867	NA
61	Pulse	55	2450000	12867	NA
61	Pulse	55	2460000	22867	NA
61	Pulse	55	2470000	32867	NA
62	Pulse	55	2480000	2270	NA
62	Pulse	55	2490000	12270	NA
62	Pulse	55	2500000	22270	NA
62	Pulse	55	2510000	32270	NA
63	Pulse	55	2520000	1590	NA
63	Pulse	55	2530000	11590	NA
63	Pulse	55	2540000	21590	NA
63	Pulse	55	2550000	31590	NA
64	Pulse	55	2560000	994	NA
64	Pulse	55	2570000	10994	NA
64	Pulse	55	2580000	20994	NA
64	Pulse	55	2590000	30994	NA
65	Pulse	55	2600000	314	NA
65	Pulse	55	2610000	10314	NA
65	Pulse	55	2620000	20314	NA
65	Pulse	55	2630000	30314	NA
65	Pulse	55	2640000	40314	NA
66	Pulse	55	2650000	9717	NA
66	Pulse	55	2660000	19717	NA
66	Pulse	55	2670000	29717	NA
66	Pulse	55	2680000	39717	NA
67	Pulse	55	2690000	9037	NA
67	Pulse	55	2700000	19037	NA
67	Pulse	55	2710000	29037	NA
67	Pulse	55	2720000	39037	NA
68	Pulse	55	2730000	8440	NA
68	Pulse	55	2740000	18440	NA
68	Pulse	55	2750000	28440	NA
68	Pulse	55	2760000	38440	NA
69	Pulse	55	2770000	7844	NA
69	Pulse	55	2780000	17844	NA
69	Pulse	55	2790000	27844	NA
69	Pulse	55	2800000	37844	NA
70	Pulse	55	2810000	7247	NA
70	Pulse	55	2820000	17247	NA
70	Pulse	55	2830000	27247	NA
70	Pulse	55	2840000	37247	NA
71	Pulse	55	2850000	6650	NA
71	Pulse	55	2860000	16650	NA
71	Pulse	55	2870000	26650	NA
71	Pulse	55	2880000	36650	NA
72	Pulse	55	2890000	6054	NA
72	Pulse	55	2900000	16054	NA
72	Pulse	55	2910000	26054	NA
72	Pulse	55	2920000	36054	NA
73	Pulse	55	2930000	5374	NA
73	Pulse	55	2940000	15374	NA
73	Pulse	55	2950000	25374	NA
73	Pulse	55	2960000	35374	NA
74	Pulse	55	2970000	4777	NA
74	Pulse	55	2980000	14777	NA
74	Pulse	55	2990000	24777	NA
74	Pulse	55	3000000	34777	NA
75	Pulse	55	3010000	4180	NA
75	Pulse	55	3020000	14180	NA
75	Pulse	55	3030000	24180	NA
75	Pulse	55	3040000	34180	NA
76	Pulse	55	3050000	3584	NA
76	Pulse	55	3060000	13584	NA
76	Pulse	55	3070000	23584	NA
76	Pulse	55	3080000	33584	NA
77	Pulse	55	3090000	2904	NA
77	Pulse	55	3100000	12904	NA
77	Pulse	55	3110000	22904	NA
77	Pulse	55	3120000	32904	NA
78	Pulse	55	3130000	2307	NA
78	Pulse	55	3140000	12307	NA
78	Pulse	55	3150000	22307	NA
78	Pulse	55	3160000	32307	NA
79	Pulse	55	3170000	1710	NA
79	Pulse	55	3180000	11710	NA
79	Pulse	55	3190000	21710	NA
79	Pulse	55	3200000	31710	NA
80	Pulse	55	3210000	1114	NA
80	Pulse	55	3220000	11114	NA
80	Pulse	55	3230000	21114	NA
80	Pulse	55	3240000	31114	NA
81	Pulse	55	3250000	517	NA
81	Pulse	55	3260000	10517	NA
81	Pulse	55	3270000	20517	NA
81	Pulse	55	3280000	30517	NA
81	Pulse	55	3290000	40517	NA
82	Pulse	55	3300000	9837	NA
82	Pulse	55	3310000	19837	NA
82	Pulse	55	3320000	29837	NA
82	Pulse	55	3330000	39837	NA
83	Pulse	55	3340000	9240	NA
83	Pulse	55	3350000	19240	NA
83	Pulse	55	3360000	29240	NA
83	Pulse	55	3370000	39240	NA
84	Pulse	55	3380000	8644	NA
84	Pulse	55	3390000	18644	NA
84	Pulse	55	3400000	28644	NA
84	Pulse	55	3410000	38644	NA
85	Pulse	55	3420000	8047	NA
85	Pulse	55	3430000	18047	NA
85	Pulse	55	3440000	28047	NA
85	Pulse	55	3450000	38047	NA
86	Pulse	55	3460000	7450	NA
86	Pulse	55	3470000	17450	NA
86	Pulse	55	3480000	27450	NA
86	Pulse	55	3490000	37450	NA
87	Pulse	55	3500000	6854	NA
87	Pulse	55	3510000	16854	NA
87	Pulse	55	3520000	26854	NA
87	Pulse	55	3530000	36854	NA
88	Pulse	55	3540000	6257	NA
88	Pulse	55	3550000	16257	NA
88	Pulse	55	3560000	26257	NA
88	Pulse	55	3570000	36257	NA
89	Pulse	55	3580000	5660	NA
89	Pulse	55	3590000	15660	NA
89	Pulse	55	3600000	25660	NA
89	Pulse	55	3610000	35660	NA
90	Pulse	55	3620000	5064	NA
90	Pulse	55	3630000	15064	NA
90	Pulse	55	3640000	25064	NA
90	Pulse	55	3650000	35064	NA
91	Pulse	55	3660000	4467	NA
91	Pulse	55	3670000	14467	NA
91	Pulse	55	3680000	24467	NA
91	Pulse	55	3690000	34467	NA
92	Pulse	55	3700000	3871	NA
92	Pulse	55	3710000	13871	NA
92	Pulse	55	3720000	23871	NA
92	Pulse	55	3730000	33871	NA
93	Pulse	55	3740000	3274	NA
93	Pulse	55	3750000	13274	NA
93	Pulse	55	3760000	23274	NA
93	Pulse	55	3770000	33274	NA
94	Pulse	55	3780000	2677	NA
94	Pulse	55	3790000	12677	NA
94	Pulse	55	3800000	22677	NA
94	Pulse	55	3810000	32677	NA
95	Pulse	55	3820000	2080	NA
95	Pulse	55	3830000	12080	NA
95	Pulse	55	3840000	22080	NA
95	Pulse	55	3850000	32080	NA
96	Pulse	55	3860000	1484	NA
96	Pulse	55	3870000	11484	NA
96	Pulse	55	3880000	21484	NA
96	Pulse	55	3890000	31484	NA
97	Pulse	55	3900000	887	NA
97	Pulse	55	3910000	10887	NA
97	Pulse	55	3920000	20887	NA
97	Pulse	55	3930000	30887	NA
98	Pulse	55	3940000	291	NA
98	Pulse	55	3950000	10291	NA
98	Pulse	55	3960000	20291	NA
98	Pulse	55	3970000	30291	NA
98	Pulse	55	3980000	40291	NA
99	Pulse	55	3990000	9694	NA
99	Pulse	55	4000000	19694	NA
99	Pulse	55	4010000	29694	NA
99	Pulse	55	4020000	39694	NA
100	Pulse	55	4030000	9097	NA
100	Pulse	55	4040000	19097	NA
100	Pulse	55	4050000	29097	NA
100	Pulse	55	4060000	39097	NA
101	Pulse	55	4070000	8501	NA
101	Pulse	55	4080000	18501	NA
101	Pulse	55	4090000	28501	NA
101	Pulse	55	4100000	38501	NA
102	Pulse	55	4110000	7904	NA
102	Pulse	55	4120000	17904	NA
102	Pulse	55	4130000	27904	NA
102	Pulse	55	4140000	37904	NA
103	Pulse	55	4150000	7307	NA
103	Pulse	55	4160000	17307	NA
103	Pulse	55	4170000	27307	NA
103	Pulse	55	4180000	37307	NA
104	Pulse	55	4190000	6711	NA
104	Pulse	55	4200000	16711	NA
104	Pulse	55	4210000	26711	NA
104	Pulse	55	4220000	36711	NA
105	Pulse	55	4230000	6114	NA
105	Pulse	55	4240000	16114	NA
105	Pulse	55	4250000	26114	NA
105	Pulse	55	4260000	36114	NA
106	Pulse	55	4270000	5517	NA
106	Pulse	55	4280000	15517	NA
106	Pulse	55	4290000	25517	NA
106	Pulse	55	4300000	35517	NA
107	Pulse	55	4310000	5004	NA
107	Pulse	55	4320000	15004	NA
107	Pulse	55	4330000	25004	NA
107	Pulse	55	4340000	35004	NA
108	Pulse	55	4350000	4491	NA
108	Pulse	55	4360000	14491	NA
108	Pulse	55	4370000	24491	NA
108	Pulse	55	4380000	34491	NA
109	Pulse	55	4390000	3894	NA
109	Pulse	55	4400000	13894	NA
109	Pulse	55	4410000	23894	NA
109	Pulse	55	4420000	33894	NA
110	Pulse	55	4430000	3297	NA
110	Pulse	55	4440000	13297	NA
110	Pulse	55	4450000	23297	NA
110	Pulse	55	4460000	33297	NA
111	Pulse	55	4470000	2701	NA
111	Pulse	55	4480000	12701	NA
111	Pulse	55	4490000	22701	NA
111	Pulse	55	4500000	32701	NA
112	Pulse	55	4510000	2104	NA
112	Pulse	55	4520000	12104	NA
112	Pulse	55	4530000	22104	NA
112	Pulse	55	4540000	32104	NA
113	Pulse	55	4550000	1507	NA
113	Pulse	55	4560000	11507	NA
113	Pulse	55	4570000	21507	NA
113	Pulse	55	4580000	31507	NA
114	Pulse	55	4590000	911	NA
114	Pulse	55	4600000	10911	NA
114	Pulse	55	4610000	20911	NA
114	Pulse	55	4620000	30911	NA
115	Pulse	55	4630000	397	NA
115	Pulse	55	4640000	10397	NA
115	Pulse	55	4650000	20397	NA
115	Pulse	55	4660000	30397	NA
115	Pulse	55	4670000	40397	NA
116	Pulse	55	4680000	9801	NA
116	Pulse	55	4690000	19801	NA
116	Pulse	55	4700000	29801	NA
116	Pulse	55	4710000	39801	NA
117	Pulse	55	4720000	9204	NA
117	Pulse	55	4730000	19204	NA
117	Pulse	55	4740000	29204	NA
117	Pulse	55	4750000	39204	NA
118	Pulse	55	4760000	8691	NA
118	Pulse	55	4770000	18691	NA
118	Pulse	55	4780000	28691	NA
118	Pulse	55	4790000	38691	NA
119	Pulse	55	4800000	8178	NA
119	Pulse	55	4810000	18178	NA
119	Pulse	55	4820000	28178	NA
119	Pulse	55	4830000	38178	NA
120	Pulse	55	4840000	7581	NA
120	Pulse	55	4850000	17581	NA
120	Pulse	55	4860000	27581	NA
120	Pulse	55	4870000	37581	NA
121	Pulse	55	4880000	7068	NA
121	Pulse	55	4890000	17068	NA
121	Pulse	55	4900000	27068	NA
121	Pulse	55	4910000	37068	NA
122	Pulse	55	4920000	6471	NA
122	Pulse	55	4930000	16471	NA
122	Pulse	55	4940000	26471	NA
122	Pulse	55	4950000	36471	NA
123	Pulse	55	4960000	5958	NA
123	Pulse	55	4970000	15958	NA
123	Pulse	55	4980000	25958	NA
123	Pulse	55	4990000	35958	NA
124	Pulse	55	5000000	5444	NA
124	Pulse	55	5010000	15444	NA
124	Pulse	55	5020000	25444	NA
124	Pulse	55	5030000	35444	NA
125	Pulse	55	5040000	4931	NA
125	Pulse	55	5050000	14931	NA
125	Pulse	55	5060000	24931	NA
125	Pulse	55	5070000	34931	NA
126	Pulse	55	5080000	4334	NA
126	Pulse	55	5090000	14334	NA
126	Pulse	55	5100000	24334	NA
126	Pulse	55	5110000	34334	NA
127	Pulse	55	5120000	3738	NA
127	Pulse	55	5130000	13738	NA
127	Pulse	55	5140000	23738	NA
127	Pulse	55	5150000	33738	NA
128	Pulse	55	5160000	3141	NA
128	Pulse	55	5170000	13141	NA
128	Pulse	55	5180000	23141	NA
128	Pulse	55	5190000	33141	NA
129	Pulse	55	5200000	2544	NA
129	Pulse	55	5210000	12544	NA
129	Pulse	55	5220000	22544	NA
129	Pulse	55	5230000	32544	NA
130	Pulse	55	5240000	1948	NA
130	Pulse	55	5250000	11948	NA
130	Pulse	55	5260000	21948	NA
130	Pulse	55	5270000	31948	NA
131	Pulse	55	5280000	1351	NA
131	Pulse	55	5290000	11351	NA
131	Pulse	55	5300000	21351	NA
131	Pulse	55	5310000	31351	NA
132	Pulse	55	5320000	838	NA
132	Pulse	55	5330000	10838	NA
132	Pulse	55	5340000	20838	NA
132	Pulse	55	5350000	30838	NA
133	Pulse	55	5360000	241	NA
133	Pulse	55	5370000	10241	NA
133	Pulse	55	5380000	20241	NA
133	Pulse	55	5390000	30241	NA
133	Pulse	55	5400000	40241	NA
134	Pulse	55	5410000	9644	NA
134	Pulse	55	5420000	19644	NA
134	Pulse	55	5430000	29644	NA
134	Pulse	55	5440000	39644	NA
135	Pulse	55	5450000	9048	NA
135	Pulse	55	5460000	19048	NA
135	Pulse	55	5470000	29048	NA
135	Pulse	55	5480000	39048	NA
136	Pulse	55	5490000	8451	NA
136	Pulse	55	5500000	18451	NA
136	Pulse	55	5510000	28451	NA
136	Pulse	55	5520000	38451	NA
137	Pulse	55	5530000	7854	NA
137	Pulse	55	5540000	17854	NA
137	Pulse	55	5550000	27854	NA
137	Pulse	55	5560000	37854	NA
138	Pulse	55	5570000	7341	NA
138	Pulse	55	5580000	17341	NA
138	Pulse	55	5590000	27341	NA
138	Pulse	55	5600000	37341	NA
139	Pulse	55	5610000	6744	NA
139	Pulse	55	5620000	16744	NA
139	Pulse	55	5630000	26744	NA
139	Pulse	55	5640000	36744	NA
140	Pulse	55	5650000	6148	NA
140	Pulse	55	5660000	16148	NA
140	Pulse	55	5670000	26148	NA
140	Pulse	55	5680000	36148	NA
141	Pulse	55	5690000	5635	NA
141	Pulse	55	5700000	15635	NA
141	Pulse	55	5710000	25635	NA
141	Pulse	55	5720000	35635	NA
142	Pulse	55	5730000	5038	NA
142	Pulse	55	5740000	15038	NA
142	Pulse	55	5750000	25038	NA
142	Pulse	55	5760000	35038	NA
143	Pulse	55	5770000	4441	NA
143	Pulse	55	5780000	14441	NA
143	Pulse	55	5790000	24441	NA
143	Pulse	55	5800000	34441	NA
144	Pulse	55	5810000	3928	NA
144	Pulse	55	5820000	13928	NA
144	Pulse	55	5830000	23928	NA
144	Pulse	55	5840000	33928	NA
145	Pulse	55	5850000	3415	NA
145	Pulse	55	5860000	13415	NA
145	Pulse	55	5870000	23415	NA
145	Pulse	55	5880000	33415	NA
146	Pulse	55	5890000	2818	NA
146	Pulse	55	5900000	12818	NA
146	Pulse	55	5910000	22818	NA
146	Pulse	55	5920000	32818	NA
147	Pulse	55	5930000	2221	NA
147	Pulse	55	5940000	12221	NA
147	Pulse	55	5950000	22221	NA
147	Pulse	55	5960000	32221	NA
148	Pulse	55	5970000	1625	NA
148	Pulse	55	5980000	11625	NA
148	Pulse	55	5990000	21625	NA
148	Pulse	55	6000000	31625	NA
149	Pulse	55	6010000	1028	NA
149	Pulse	55	6020000	11028	NA
149	Pulse	55	6030000	21028	NA
149	Pulse	55	6040000	31028	NA
150	Pulse	55	6050000	431	NA
150	Pulse	55	6060000	10431	NA
150	Pulse	55	6070000	20431	NA
150	Pulse	55	6080000	30431	NA
150	Pulse	55	6090000	40431	NA
151	Pulse	55	6100000	9835	NA
151	Pulse	55	6110000	19835	NA
151	Pulse	55	6120000	29835	NA
151	Pulse	55	6130000	39835	NA
152	Pulse	55	6140000	9238	NA
152	Pulse	55	6150000	19238	NA
152	Pulse	55	6160000	29238	NA
152	Pulse	55	6170000	39238	NA
153	Pulse	55	6180000	8725	NA
153	Pulse	55	6190000	18725	NA
153	Pulse	55	6200000	28725	NA
153	Pulse	55	6210000	38725	NA
154	Pulse	55	6220000	8211	NA
154	Pulse	55	6230000	18211	NA
154	Pulse	55	6240000	28211	NA
154	Pulse	55	6250000	38211	NA
155	Pulse	55	6260000	7782	NA
155	Pulse	55	6270000	17782	NA
155	Pulse	55	6280000	27782	NA
155	Pulse	55	6290000	37782	NA
156	Pulse	55	6300000	7268	NA
156	Pulse	55	6310000	17268	NA
156	Pulse	55	6320000	27268	NA
156	Pulse	55	6330000	37268	NA
157	Pulse	55	6340000	6755	NA
157	Pulse	55	6350000	16755	NA
157	Pulse	55	6360000	26755	NA
157	Pulse	55	6370000	36755	NA
158	Pulse	55	6380000	6242	NA
158	Pulse	55	6390000	16242	NA
158	Pulse	55	6400000	26242	NA
158	Pulse	55	6410000	36242	NA
159	Pulse	55	6420000	5645	NA
159	Pulse	55	6430000	15645	NA
159	Pulse	55	6440000	25645	NA
159	Pulse	55	6450000	35645	NA
160	Pulse	55	6460000	5048	NA
160	Pulse	55	6470000	15048	NA
160	Pulse	55	6480000	25048	NA
160	Pulse	55	6490000	35048	NA
161	Pulse	55	6500000	4452	NA
161	Pulse	55	6510000	14452	NA
161	Pulse	55	6520000	24452	NA
161	Pulse	55	6530000	34452	NA
162	Pulse	55	6540000	3938	NA
162	Pulse	55	6550000	13938	NA
162	Pulse	55	6560000	23938	NA
162	Pulse	55	6570000	33938	NA
163	Pulse	55	6580000	3342	NA
163	Pulse	55	6590000	13342	NA
163	Pulse	55	6600000	23342	NA
163	Pulse	55	6610000	33342	NA
164	Pulse	55	6620000	2745	NA
164	Pulse	55	6630000	12745	NA
164	Pulse	55	6640000	22745	NA
164	Pulse	55	6650000	32745	NA
165	Pulse	55	6660000	2148	NA
165	Pulse	55	6670000	12148	NA
165	Pulse	55	6680000	22148	NA
165	Pulse	55	6690000	32148	NA
166	Pulse	55	6700000	1552	NA
166	Pulse	55	6710000	11552	NA
166	Pulse	55	6720000	21552	NA
166	Pulse	55	6730000	31552	NA
167	Pulse	55	6740000	872	NA
167	Pulse	55	6750000	10872	NA
167	Pulse	55	6760000	20872	NA
167	Pulse	55	6770000	30872	NA
168	Pulse	55	6780000	275	NA
168	Pulse	55	6790000	10275	NA
168	Pulse	55	6800000	20275	NA
168	Pulse	55	6810000	30275	NA
168	Pulse	55	6820000	40275	NA
169	Pulse	55	6830000	9762	NA
169	Pulse	55	6840000	19762	NA
169	Pulse	55	6850000	29762	NA
169	Pulse	55	6860000	39762	NA
170	Pulse	55	6870000	9165	NA
170	Pulse	55	6880000	19165	NA
170	Pulse	55	6890000	29165	NA
170	Pulse	55	6900000	39165	NA
171	Pulse	55	6910000	8652	NA
171	Pulse	55	6920000	18652	NA
171	Pulse	55	6930000	28652	NA
171	Pulse	55	6940000	38652	NA
172	Pulse	55	6950000	8139	NA
172	Pulse	55	6960000	18139	NA
172	Pulse	55	6970000	28139	NA
172	Pulse	55	6980000	38139	NA
173	Pulse	55	6990000	7542	NA
173	Pulse	55	7000000	17542	NA
173	Pulse	55	7010000	27542	NA
173	Pulse	55	7020000	37542	NA
174	Pulse	55	7030000	7112	NA
174	Pulse	55	7040000	17112	NA
174	Pulse	55	7050000	27112	NA
174	Pulse	55	7060000	37112	NA
175	Pulse	55	7070000	6599	NA
175	Pulse	55	7080000	16599	NA
175	Pulse	55	7090000	26599	NA
175	Pulse	55	7100000	36599	NA
176	Pulse	55	7110000	6002	NA
176	Pulse	55	7120000	16002	NA
176	Pulse	55	7130000	26002	NA
176	Pulse	55	7140000	36002	NA
177	Pulse	55	7150000	5405	NA
177	Pulse	55	7160000	15405	NA
177	Pulse	55	7170000	25405	NA
177	Pulse	55	7180000	35405	NA
178	Pulse	55	7190000	4892	NA
178	Pulse	55	7200000	14892	NA
178	Pulse	55	7210000	24892	NA
178	Pulse	55	7220000	34892	NA
179	Pulse	55	7230000	4379	NA
179	Pulse	55	7240000	14379	NA
179	Pulse	55	7250000	24379	NA
179	Pulse	55	7260000	34379	NA
180	Pulse	55	7270000	3782	NA
180	Pulse	55	7280000	13782	NA
180	Pulse	55	7290000	23782	NA
180	Pulse	55	7300000	33782	NA
181	Pulse	55	7310000	3102	NA
181	Pulse	55	7320000	13102	NA
181	Pulse	55	7330000	23102	NA
181	Pulse	55	7340000	33102	NA
182	Pulse	55	7350000	2505	NA
182	Pulse	55	7360000	12505	NA
182	Pulse	55	7370000	22505	NA
182	Pulse	55	7380000	32505	NA
183	Pulse	55	7390000	1909	NA
183	Pulse	55	7400000	11909	NA
183	Pulse	55	7410000	21909	NA
183	Pulse	55	7420000	31909	NA
184	Pulse	55	7430000	1312	NA
184	Pulse	55	7440000	11312	NA
184	Pulse	55	7450000	21312	NA
184	Pulse	55	7460000	31312	NA
185	Pulse	55	7470000	799	NA
185	Pulse	55	7480000	10799	NA
185	Pulse	55	7490000	20799	NA
185	Pulse	55	7500000	30799	NA
186	Pulse	55	7510000	202	NA
186	Pulse	55	7520000	10202	NA
186	Pulse	55	7530000	20202	NA
186	Pulse	55	7540000	30202	NA
186	Pulse	55	7550000	40202	NA
187	Pulse	55	7560000	9522	NA
187	Pulse	55	7570000	19522	NA
187	Pulse	55	7580000	29522	NA
187	Pulse	55	7590000	39522	NA
188	Pulse	55	7600000	8926	NA
188	Pulse	55	7610000	18926	NA
188	Pulse	55	7620000	28926	NA
188	Pulse	55	7630000	38926	NA
189	Pulse	55	7640000	8329	NA
189	Pulse	55	7650000	18329	NA
189	Pulse	55	7660000	28329	NA
189	Pulse	55	7670000	38329	NA
190	Pulse	55	7680000	7732	NA
190	Pulse	55	7690000	17732	NA
190	Pulse	55	7700000	27732	NA
190	Pulse	55	7710000	37732	NA
191	Pulse	55	7720000	7135	NA
191	Pulse	55	7730000	17135	NA
191	Pulse	55	7740000	27135	NA
191	Pulse	55	7750000	37135	NA
192	Pulse	55	7760000	6539	NA
192	Pulse	55	7770000	16539	NA
192	Pulse	55	7780000	26539	NA
192	Pulse	55	7790000	36539	NA
193	Pulse	55	7800000	5942	NA
193	Pulse	55	7810000	15942	NA
193	Pulse	55	7820000	25942	NA
193	Pulse	55	7830000	35942	NA
194	Pulse	55	7840000	5345	NA
194	Pulse	55	7850000	15345	NA
194	Pulse	55	7860000	25345	NA
194	Pulse	55	7870000	35345	NA
195	Pulse	55	7880000	4749	NA
195	Pulse	55	7890000	14749	NA
195	Pulse	55	7900000	24749	NA
195	Pulse	55	7910000	34749	NA
196	Pulse	55	7920000	4152	NA
196	Pulse	55	7930000	14152	NA
196	Pulse	55	7940000	24152	NA
196	Pulse	55	7950000	34152	NA
197	Pulse	55	7960000	3556	NA
197	Pulse	55	7970000	13556	NA
197	Pulse	55	7980000	23556	NA
197	Pulse	55	7990000	33556	NA
198	Pulse	55	8000000	3042	NA
198	Pulse	55	8010000	13042	NA
198	Pulse	55	8020000	23042	NA
198	Pulse	55	8030000	33042	NA
199	Pulse	55	8040000	2446	NA
199	Pulse	55	8050000	12446	NA
199	Pulse	55	8060000	22446	NA
199	Pulse	55	8070000	32446	NA
200	Pulse	55	8080000	1849	NA
200	Pulse	55	8090000	11849	NA
200	Pulse	55	8100000	21849	NA
200	Pulse	55	8110000	31849	NA
201	Pulse	55	8120000	1336	NA
201	Pulse	55	8130000	11336	NA
201	Pulse	55	8140000	21336	NA
201	Pulse	55	8150000	31336	NA
202	Pulse	55	8160000	822	NA
202	Pulse	55	8170000	10822	NA
202	Pulse	55	8180000	20822	NA
202	Pulse	55	8190000	30822	NA
203	Pulse	55	8200000	309	NA
203	Pulse	55	8210000	10309	NA
203	Pulse	55	8220000	20309	NA
203	Pulse	55	8230000	30309	NA
203	Pulse	55	8240000	40309	NA
204	Pulse	55	8250000	9712	NA
204	Pulse	55	8260000	19712	NA
204	Pulse	55	8270000	29712	NA
204	Pulse	55	8280000	39712	NA
205	Pulse	55	8290000	9199	NA
205	Pulse	55	8300000	19199	NA
205	Pulse	55	8310000	29199	NA
205	Pulse	55	8320000	39199	NA
206	Pulse	55	8330000	8602	NA
206	Pulse	55	8340000	18602	NA
206	Pulse	55	8350000	28602	NA
206	Pulse	55	8360000	38602	NA
207	Pulse	55	8370000	8089	NA
207	Pulse	55	8380000	18089	NA
207	Pulse	55	8390000	28089	NA
207	Pulse	55	8400000	38089	NA
208	Pulse	55	8410000	7576	NA
208	Pulse	55	8420000	17576	NA
208	Pulse	55	8430000	27576	NA
208	Pulse	55	8440000	37576	NA
209	Pulse	55	8450000	6979	NA
209	Pulse	55	8460000	16979	NA
209	Pulse	55	8470000	26979	NA
209	Pulse	55	8480000	36979	NA
210	Pulse	55	8490000	6466	NA
210	Pulse	55	8500000	16466	NA
210	Pulse	55	8510000	26466	NA
210	Pulse	55	8520000	36466	NA
211	Pulse	55	8530000	5953	NA
211	Pulse	55	8540000	15953	NA
211	Pulse	55	8550000	25953	NA
211	Pulse	55	8560000	35953	NA
212	Pulse	55	8570000	5439	NA
212	Pulse	55	8580000	15439	NA
212	Pulse	55	8590000	25439	NA
212	Pulse	55	8600000	35439	NA
213	Pulse	55	8610000	4926	NA
213	Pulse	55	8620000	14926	NA
213	Pulse	55	8630000	24926	NA
213	Pulse	55	8640000	34926	NA
214	Pulse	55	8650000	4329	NA
214	Pulse	55	8660000	14329	NA
214	Pulse	55	8670000	24329	NA
214	Pulse	55	8680000	34329	NA
215	Pulse	55	8690000	3733	NA
215	Pulse	55	8700000	13733	NA
215	Pulse	55	8710000	23733	NA
215	Pulse	55	8720000	33733	NA
216	Pulse	55	8730000	3136	NA
216	Pulse	55	8740000	13136	NA
216	Pulse	55	8750000	23136	NA
216	Pulse	55	8760000	33136	NA
217	Pulse	55	8770000	2789	NA
217	Pulse	55	8780000	12789	NA
217	Pulse	55	8790000	22789	NA
217	Pulse	55	8800000	32789	NA
218	Pulse	55	8810000	2193	NA
218	Pulse	55	8820000	12193	NA
218	Pulse	55	8830000	22193	NA
218	Pulse	55	8840000	32193	NA
219	Pulse	55	8850000	1679	NA
219	Pulse	55	8860000	11679	NA
219	Pulse	55	8870000	21679	NA
219	Pulse	55	8880000	31679	NA
220	Pulse	55	8890000	1083	NA
220	Pulse	55	8900000	11083	NA
220	Pulse	55	8910000	21083	NA
220	Pulse	55	8920000	31083	NA
221	Pulse	55	8930000	486	NA
221	Pulse	55	8940000	10486	NA
221	Pulse	55	8950000	20486	NA
221	Pulse	55	8960000	30486	NA
222	Pulse	55	8970000	56	NA
222	Pulse	55	8980000	10056	NA
222	Pulse	55	8990000	20056	NA
222	Pulse	55	9000000	30056	NA
222	Pulse	55	9010000	40056	NA
223	Pulse	55	9020000	9460	NA
223	Pulse	55	9030000	19460	NA
223	Pulse	55	9040000	29460	NA
223	Pulse	55	9050000	39460	NA
224	Pulse	55	9060000	8863	NA
224	Pulse	55	9070000	18863	NA
224	Pulse	55	9080000	28863	NA
224	Pulse	55	9090000	38863	NA
225	Pulse	55	9100000	8350	NA
225	Pulse	55	9110000	18350	NA
225	Pulse	55	9120000	28350	NA
225	Pulse	55	9130000	38350	NA
226	Pulse	55	9140000	7836	NA
226	Pulse	55	9150000	17836	NA
226	Pulse	55	9160000	27836	NA
226	Pulse	55	9170000	37836	NA
227	Pulse	55	9180000	7240	NA
227	Pulse	55	9190000	17240	NA
227	Pulse	55	9200000	27240	NA
227	Pulse	55	9210000	37240	NA
228	Pulse	55	9220000	6643	NA
228	Pulse	55	9230000	16643	NA
228	Pulse	55	9240000	26643	NA
228	Pulse	55	9250000	36643	NA
229	Pulse	55	9260000	6046	NA
229	Pulse	55	9270000	16046	NA
229	Pulse	55	9280000	26046	NA
229	Pulse	55	9290000	36046	NA
230	Pulse	55	9300000	5533	NA
230	Pulse	55	9310000	15533	NA
230	Pulse	55	9320000	25533	NA
230	Pulse	55	9330000	35533	NA
231	Pulse	55	9340000	5020	NA
231	Pulse	55	9350000	15020	NA
231	Pulse	55	9360000	25020	NA
231	Pulse	55	9370000	35020	NA
232	Pulse	55	9380000	4423	NA
232	Pulse	55	9390000	14423	NA
232	Pulse	55	9400000	24423	NA
232	Pulse	55	9410000	34423	NA
233	Pulse	55	9420000	3826	NA
233	Pulse	55	9430000	13826	NA
233	Pulse	55	9440000	23826	NA
233	Pulse	55	9450000	33826	NA
234	Pulse	55	9460000	3230	NA
234	Pulse	55	9470000	13230	NA
234	Pulse	55	9480000	23230	NA
234	Pulse	55	9490000	33230	NA
235	Pulse	55	9500000	2633	NA
235	Pulse	55	9510000	12633	NA
235	Pulse	55	9520000	22633	NA
235	Pulse	55	9530000	32633	NA
236	Pulse	55	9540000	2036	NA
236	Pulse	55	9550000	12036	NA
236	Pulse	55	9560000	22036	NA
236	Pulse	55	9570000	32036	NA
237	Pulse	55	9580000	1440	NA
237	Pulse	55	9590000	11440	NA
237	Pulse	55	9600000	21440	NA
237	Pulse	55	9610000	31440	NA
238	Pulse	55	9620000	926	NA
238	Pulse	55	9630000	10926	NA
238	Pulse	55	9640000	20926	NA
238	Pulse	55	9650000	30926	NA
239	Pulse	55	9660000	330	NA
239	Pulse	55	9670000	10330	NA
239	Pulse	55	9680000	20330	NA
239	Pulse	55	9690000	30330	NA
239	Pulse	55	9700000	40330	NA
240	Pulse	55	9710000	9733	NA
240	Pulse	55	9720000	19733	NA
240	Pulse	55	9730000	29733	NA
240	Pulse	55	9740000	39733	NA
241	Pulse	55	9750000	9220	NA
241	Pulse	55	9760000	19220	NA
241	Pulse	55	9770000	29220	NA
241	Pulse	55	9780000	39220	NA
242	Pulse	55	9790000	8623	NA
242	Pulse	55	9800000	18623	NA
242	Pulse	55	9810000	28623	NA
242	Pulse	55	9820000	38623	NA
243	Pulse	55	9830000	8027	NA
243	Pulse	55	9840000	18027	NA
243	Pulse	55	9850000	28027	NA
243	Pulse	55	9860000	38027	NA
244	Pulse	55	9870000	7430	NA
244	Pulse	55	9880000	17430	NA
244	Pulse	55	9890000	27430	NA
244	Pulse	55	9900000	37430	NA
245	Pulse	55	9910000	6917	NA
245	Pulse	55	9920000	16917	NA
245	Pulse	55	9930000	26917	NA
245	Pulse	55	9940000	36917	NA
246	Pulse	55	9950000	6320	NA
246	Pulse	55	9960000	16320	NA
246	Pulse	55	9970000	26320	NA
246	Pulse	55	9980000	36320	NA
247	Pulse	55	9990000	5723	NA
247	Pulse	55	10000000	15723	NA
247	Pulse	55	10010000	25723	NA
247	Pulse	55	10020000	35723	NA
248	Pulse	55	10030000	5127	NA
248	Pulse	55	10040000	15127	NA
248	Pulse	55	10050000	25127	NA
248	Pulse	55	10060000	35127	NA
249	Pulse	55	10070000	4530	NA
249	Pulse	55	10080000	14530	NA
249	Pulse	55	10090000	24530	NA
249	Pulse	55	10100000	34530	NA
250	Pulse	55	10110000	3933	NA
250	Pulse	55	10120000	13933	NA
250	Pulse	55	10130000	23933	NA
250	Pulse	55	10140000	33933	NA
251	Pulse	55	10150000	3337	NA
251	Pulse	55	10160000	13337	NA
251	Pulse	55	10170000	23337	NA
251	Pulse	55	10180000	33337	NA
252	Pulse	55	10190000	2740	NA
252	Pulse	55	10200000	12740	NA
252	Pulse	55	10210000	22740	NA
252	Pulse	55	10220000	32740	NA
253	Pulse	55	10230000	2143	NA
253	Pulse	55	10240000	12143	NA
253	Pulse	55	10250000	22143	NA
253	Pulse	55	10260000	32143	NA
254	Pulse	55	10270000	1547	NA
254	Pulse	55	10280000	11547	NA
254	Pulse	55	10290000	21547	NA
254	Pulse	55	10300000	31547	NA
255	Pulse	55	10310000	1117	NA
255	Pulse	55	10320000	11117	NA
255	Pulse	55	10330000	21117	NA
255	Pulse	55	10340000	31117	NA
256	Pulse	55	10350000	603	NA
256	Pulse	55	10360000	10603	NA
256	Pulse	55	10370000	20603	NA
256	Pulse	55	10380000	30603	NA
257	Pulse	55	10390000	90	NA
257	Pulse	55	10400000	10090	NA
257	Pulse	55	10410000	20090	NA
257	Pulse	55	10420000	30090	NA
257	Pulse	55	10430000	40090	NA
258	Pulse	55	10440000	9494	NA
258	Pulse	55	10450000	19494	NA
258	Pulse	55	10460000	29494	NA
258	Pulse	55	10470000	39494	NA
259	Pulse	55	10480000	8897	NA
259	Pulse	55	10490000	18897	NA
259	Pulse	55	10500000	28897	NA
259	Pulse	55	10510000	38897	NA
260	Pulse	55	10520000	8300	NA
260	Pulse	55	10530000	18300	NA
260	Pulse	55	10540000	28300	NA
260	Pulse	55	10550000	38300	NA
261	Pulse	55	10560000	7704	NA
261	Pulse	55	10570000	17704	NA
261	Pulse	55	10580000	27704	NA
261	Pulse	55	10590000	37704	NA
262	Pulse	55	10600000	7190	NA
262	Pulse	55	10610000	17190	NA
262	Pulse	55	10620000	27190	NA
262	Pulse	55	10630000	37190	NA
263	Pulse	55	10640000	6677	NA
263	Pulse	55	10650000	16677	NA
263	Pulse	55	10660000	26677	NA
263	Pulse	55	10670000	36677	NA
264	Pulse	55	10680000	6080	NA
264	Pulse	55	10690000	16080	NA
264	Pulse	55	10700000	26080	NA
264	Pulse	55	10710000	36080	NA
265	Pulse	55	10720000	5484	NA
265	Pulse	55	10730000	15484	NA
265	Pulse	55	10740000	25484	NA
265	Pulse	55	10750000	35484	NA
266	Pulse	55	10760000	4887	NA
266	Pulse	55	10770000	14887	NA
266	Pulse	55	10780000	24887	NA
266	Pulse	55	10790000	34887	NA
267	Pulse	55	10800000	4290	NA
267	Pulse	55	10810000	14290	NA
267	Pulse	55	10820000	24290	NA
267	Pulse	55	10830000	34290	NA
268	Pulse	55	10840000	3694	NA
268	Pulse	55	10850000	13694	NA
268	Pulse	55	10860000	23694	NA
268	Pulse	55	10870000	33694	NA
269	Pulse	55	10880000	3097	NA
269	Pulse	55	10890000	13097	NA
269	Pulse	55	10900000	23097	NA
269	Pulse	55	10910000	33097	NA
270	Pulse	55	10920000	2500	NA
270	Pulse	55	10930000	12500	NA
270	Pulse	55	10940000	22500	NA
270	Pulse	55	10950000	32500	NA
271	Pulse	55	10960000	1904	NA
271	Pulse	55	10970000	11904	NA
271	Pulse	55	10980000	21904	NA
271	Pulse	55	10990000	31904	NA
272	Pulse	55	11000000	1307	NA
272	Pulse	55	11010000	11307	NA
272	Pulse	55	11020000	21307	NA
272	Pulse	55	11030000	31307	NA
273	Pulse	55	11040000	710	NA
273	Pulse	55	11050000	10710	NA
273	Pulse	55	11060000	20710	NA
273	Pulse	55	11070000	30710	NA
274	Pulse	55	11080000	114	NA
274	Pulse	55	11090000	10114	NA
274	Pulse	55	11100000	20114	NA
274	Pulse	55	11110000	30114	NA
274	Pulse	55	11120000	40114	NA
275	Pulse	55	11130000	9517	NA
275	Pulse	55	11140000	19517	NA
275	Pulse	55	11150000	29517	NA
275	Pulse	55	11160000	39517	NA
276	Pulse	55	11170000	8920	NA
276	Pulse	55	11180000	18920	NA
276	Pulse	55	11190000	28920	NA
276	Pulse	55	11200000	38920	NA
277	Pulse	55	11210000	8324	NA
277	Pulse	55	11220000	18324	NA
277	Pulse	55	11230000	28324	NA
277	Pulse	55	11240000	38324	NA
278	Pulse	55	11250000	7727	NA
278	Pulse	55	11260000	17727	NA
278	Pulse	55	11270000	27727	NA
278	Pulse	55	11280000	37727	NA
279	Pulse	55	11290000	7130	NA
279	Pulse	55	11300000	17130	NA
279	Pulse	55	11310000	27130	NA
279	Pulse	55	11320000	37130	NA
280	Pulse	55	11330000	6534	NA
280	Pulse	55	11340000	16534	NA
280	Pulse	55	11350000	26534	NA
280	Pulse	55	11360000	36534	NA
281	Pulse	55	11370000	5937	NA
281	Pulse	55	11380000	15937	NA
281	Pulse	55	11390000	25937	NA
281	Pulse	55	11400000	35937	NA
282	Pulse	55	11410000	5340	NA
282	Pulse	55	11420000	15340	NA
282	Pulse	55	11430000	25340	NA
282	Pulse	55	11440000	35340	NA
283	Pulse	55	11450000	4577	NA
283	Pulse	55	11460000	14577	NA
283	Pulse	55	11470000	24577	NA
283	Pulse	55	11480000	34577	NA
284	Pulse	55	11490000	3980	NA
284	Pulse	55	11500000	13980	NA
284	Pulse	55	11510000	23980	NA
284	Pulse	55	11520000	33980	NA
285	Pulse	55	11530000	3384	NA
285	Pulse	55	11540000	13384	NA
285	Pulse	55	11550000	23384	NA
285	Pulse	55	11560000	33384	NA
286	Pulse	55	11570000	2787	NA
286	Pulse	55	11580000	12787	NA
286	Pulse	55	11590000	22787	NA
286	Pulse	55	11600000	32787	NA
287	Pulse	55	11610000	2107	NA
287	Pulse	55	11620000	12107	NA
287	Pulse	55	11630000	22107	NA
287	Pulse	55	11640000	32107	NA
288	Pulse	55	11650000	1510	NA
288	Pulse	55	11660000	11510	NA
288	Pulse	55	11670000	21510	NA
288	Pulse	55	11680000	31510	NA
289	Pulse	55	11690000	914	NA
289	Pulse	55	11700000	10914	NA
289	Pulse	55	11710000	20914	NA
289	Pulse	55	11720000	30914	NA
290	Pulse	55	11730000	317	NA
290	Pulse	55	11740000	10317	NA
290	Pulse	55	11750000	20317	NA
290	Pulse	55	11760000	30317	NA
290	Pulse	55	11770000	40317	NA
291	Pulse	55	11780000	9637	NA
291	Pulse	55	11790000	19637	NA
291	Pulse	55	11800000	29637	NA
291	Pulse	55	11810000	39637	NA
292	Pulse	55	11820000	9040	NA
292	Pulse	55	11830000	19040	NA
292	Pulse	55	11840000	29040	NA
292	Pulse	55	11850000	39040	NA
293	Pulse	55	11860000	8444	NA
293	Pulse	55	11870000	18444	NA
293	Pulse	55	11880000	28444	NA
293	Pulse	55	11890000	38444	NA
294	Pulse	55	11900000	7764	NA
294	Pulse	55	11910000	17764	NA
294	Pulse	55	11920000	27764	NA
294	Pulse	55	11930000	37764	NA
295	Pulse	55	11940000	7167	NA
295	Pulse	55	11950000	17167	NA
295	Pulse	55	11960000	27167	NA
295	Pulse	55	11970000	37167	NA
296	Pulse	55	11980000	6570	NA
296	Pulse	55	11990000	16570	NA
296	Pulse	55	12000000	26570	NA
296	Pulse	55	12010000	36570	NA
297	Pulse	55	12020000	5974	NA
297	Pulse	55	12030000	15974	NA
297	Pulse	55	12040000	25974	NA
297	Pulse	55	12050000	35974	NA
298	Pulse	55	12060000	5294	NA
298	Pulse	55	12070000	15294	NA
298	Pulse	55	12080000	25294	NA
298	Pulse	55	12090000	35294	NA
299	Pulse	55	12100000	4697	NA
299	Pulse	55	12110000	14697	NA
299	Pulse	55	12120000	24697	NA
299	Pulse	55	12130000	34697	NA
300	Pulse	55	12140000	4100	NA
300	Pulse	55	12150000	14100	NA
300	Pulse	55	12160000	24100	NA
300	Pulse	55	12170000	34100	NA
301	Pulse	55	12180000	3420	NA
301	Pulse	55	12190000	13420	NA
301	Pulse	55	12200000	23420	NA
301	Pulse	55	12210000	33420	NA
302	Pulse	55	12220000	2824	NA
302	Pulse	55	12230000	12824	NA
302	Pulse	55	12240000	22824	NA
302	Pulse	55	12250000	32824	NA
303	Pulse	55	12260000	2227	NA
303	Pulse	55	12270000	12227	NA
303	Pulse	55	12280000	22227	NA
303	Pulse	55	12290000	32227	NA
304	Pulse	55	12300000	1631	NA
304	Pulse	55	12310000	11631	NA
304	Pulse	55	12320000	21631	NA
304	Pulse	55	12330000	31631	NA
305	Pulse	55	12340000	1034	NA
305	Pulse	55	12350000	11034	NA
305	Pulse	55	12360000	21034	NA
305	Pulse	55	12370000	31034	NA
306	Pulse	55	12380000	437	NA
306	Pulse	55	12390000	10437	NA
306	Pulse	55	12400000	20437	NA
306	Pulse	55	12410000	30437	NA
306	Pulse	55	12420000	40437	NA
307	Pulse	55	12430000	9840	NA
307	Pulse	55	12440000	19840	NA
307	Pulse	55	12450000	29840	NA
307	Pulse	55	12460000	39840	NA
308	Pulse	55	12470000	9160	NA
308	Pulse	55	12480000	19160	NA
308	Pulse	55	12490000	29160	NA
308	Pulse	55	12500000	39160	NA
309	Pulse	55	12510000	8564	NA
309	Pulse	55	12520000	18564	NA
309	Pulse	55	12530000	28564	NA
309	Pulse	55	12540000	38564	NA
310	Pulse	55	12550000	7884	NA
310	Pulse	55	12560000	17884	NA
310	Pulse	55	12570000	27884	NA
310	Pulse	55	12580000	37884	NA
311	Pulse	55	12590000	7287	NA
311	Pulse	55	12600000	17287	NA
311	Pulse	55	12610000	27287	NA
311	Pulse	55	12620000	37287	NA
312	Pulse	55	12630000	6607	NA
312	Pulse	55	12640000	16607	NA
312	Pulse	55	12650000	26607	NA
312	Pulse	55	12660000	36607	NA
313	Pulse	55	12670000	6010	NA
313	Pulse	55	12680000	16010	NA
313	Pulse	55	12690000	26010	NA
313	Pulse	55	12700000	36010	NA
314	Pulse	55	12710000	5414	NA
314	Pulse	55	12720000	15414	NA
314	Pulse	55	12730000	25414	NA
314	Pulse	55	12740000	35414	NA
315	Pulse	55	12750000	4817	NA
315	Pulse	55	12760000	14817	NA
315	Pulse	55	12770000	24817	NA
315	Pulse	55	12780000	34817	NA
316	Pulse	55	12790000	4220	NA
316	Pulse	55	12800000	14220	NA
316	Pulse	55	12810000	24220	NA
316	Pulse	55	12820000	34220	NA
317	Pulse	55	12830000	3624	NA
317	Pulse	55	12840000	13624	NA
317	Pulse	55	12850000	23624	NA
317	Pulse	55	12860000	33624	NA
318	Pulse	55	12870000	2944	NA
318	Pulse	55	12880000	12944	NA
318	Pulse	55	12890000	22944	NA
318	Pulse	55	12900000	32944	NA
319	Pulse	55	12910000	2347	NA
319	Pulse	55	12920000	12347	NA
319	Pulse	55	12930000	22347	NA
319	Pulse	55	12940000	32347	NA
320	Pulse	55	12950000	1750	NA
320	Pulse	55	12960000	11750	NA
320	Pulse	55	12970000	21750	NA
320	Pulse	55	12980000	31750	NA
321	Pulse	55	12990000	1154	NA
321	Pulse	55	13000000	11154	NA
321	Pulse	55	13010000	21154	NA
321	Pulse	55	13020000	31154	NA
322	Pulse	55	13030000	557	NA
322	Pulse	55	13040000	10557	NA
322	Pulse	55	13050000	20557	NA
322	Pulse	55	13060000	30557	NA
322	Pulse	55	13070000	40557	NA
323	Pulse	55	13080000	9961	NA
323	Pulse	55	13090000	19961	NA
323	Pulse	55	13100000	29961	NA
323	Pulse	55	13110000	39961	NA
324	Pulse	55	13120000	9364	NA
324	Pulse	55	13130000	19364	NA
324	Pulse	55	13140000	29364	NA
324	Pulse	55	13150000	39364	NA
325	Pulse	55	13160000	8767	NA
325	Pulse	55	13170000	18767	NA
325	Pulse	55	13180000	28767	NA
325	Pulse	55	13190000	38767	NA
326	Pulse	55	13200000	8171	NA
326	Pulse	55	13210000	18171	NA
326	Pulse	55	13220000	28171	NA
326	Pulse	55	13230000	38171	NA
327	Pulse	55	13240000	7491	NA
327	Pulse	55	13250000	17491	NA
327	Pulse	55	13260000	27491	NA
327	Pulse	55	13270000	37491	NA
328	Pulse	55	13280000	6894	NA
328	Pulse	55	13290000	16894	NA
328	Pulse	55	13300000	26894	NA
328	Pulse	55	13310000	36894	NA
329	Pulse	55	13320000	6297	NA
329	Pulse	55	13330000	16297	NA
329	Pulse	55	13340000	26297	NA
329	Pulse	55	13350000	36297	NA
330	Pulse	55	13360000	5701	NA
330	Pulse	55	13370000	15701	NA
330	Pulse	55	13380000	25701	NA
330	Pulse	55	13390000	35701	NA
330	Response	1	13391079	36779	1
331	Pulse	55	13400000	5604	NA
331	Pulse	55	13410000	15604	NA
332	Pulse	55	13420000	5514	NA
332	Pulse	55	13430000	15514	NA
332	Pulse	55	13440000	25514	NA
332	Pulse	55	13450000	35514	NA
332	Pulse	55	13460000	45514	NA
332	Pulse	55	13470000	55514	NA
332	Pulse	55	13480000	65514	NA
332	Pulse	55	13490000	75514	NA
332	Pulse	55	13500000	85514	NA
332	Pulse	55	13510000	95514	NA
332	Pulse	55	13520000	105514	NA
332	Pulse	55	13530000	115514	NA
332	Pulse	55	13540000	125514	NA
332	Pulse	55	13550000	135514	NA
332	Pulse	55	13560000	145514	NA
332	Pulse	55	13570000	155514	NA
332	Pulse	55	13580000	165514	NA
332	Pulse	55	13590000	175514	NA
332	Pulse	55	13600000	185514	NA
332	Pulse	55	13610000	195514	NA
332	Pulse	55	13620000	205514	NA
332	Response	1	13629236	214751	1
332	Pulse	55	13630000	215514	NA
332	Pulse	55	13640000	225514	NA
333	Pulse	55	13650000	9940	NA
333	Pulse	55	13660000	19940	NA
333	Pulse	55	13670000	29940	NA
333	Pulse	55	13680000	39940	NA
333	Pulse	55	13690000	49940	NA
333	Pulse	55	13700000	59940	NA
333	Pulse	55	13710000	69940	NA
333	Pulse	55	13720000	79940	NA
333	Pulse	55	13730000	89940	NA
333	Pulse	55	13740000	99940	NA
333	Pulse	55	13750000	109940	NA
333	Pulse	55	13760000	119940	NA
333	Pulse	55	13770000	129940	NA
333	Pulse	55	13780000	139940	NA
333	Pulse	55	13790000	149940	NA
333	Pulse	55	13800000	159940	NA
333	Pulse	55	13810000	169940	NA
333	Pulse	55	13820000	179940	NA
333	Pulse	55	13830000	189940	NA
333	Pulse	55	13840000	199940	NA
333	Pulse	55	13850000	209940	NA
333	Pulse	55	13860000	219940	NA
333	Pulse	55	13870000	229940	NA
333	Pulse	55	13880000	239940	NA
333	Pulse	55	13890000	249940	NA
333	Pulse	55	13900000	259940	NA
333	Pulse	55	13910000	269940	NA
333	Pulse	55	13920000	279940	NA
333	Pulse	55	13930000	289940	NA
333	Pulse	55	13940000	299940	NA
333	Pulse	55	13950000	309940	NA
333	Pulse	55	13960000	319940	NA
333	Pulse	55	13970000	329940	NA
333	Pulse	55	13980000	339940	NA
333	Pulse	55	13990000	349940	NA
333	Pulse	55	14000000	359940	NA
333	Pulse	55	14010000	369940	NA
333	Pulse	55	14020000	379940	NA
333	Pulse	55	14030000	389940	NA
333	Pulse	55	14040000	399940	NA
333	Pulse	55	14050000	409940	NA
333	Pulse	55	14060000	419940	NA
333	Pulse	55	14070000	429940	NA
333	Pulse	55	14080000	439940	NA
333	Pulse	55	14090000	449940	NA
333	Pulse	55	14100000	459940	NA
333	Pulse	55	14110000	469940	NA
333	Pulse	55	14120000	479940	NA
333	Pulse	55	14130000	489940	NA
333	Pulse	55	14140000	499940	NA
333	Pulse	55	14150000	509940	NA
333	Pulse	55	14160000	519940	NA
333	Pulse	55	14170000	529940	NA
333	Pulse	55	14180000	539940	NA
333	Pulse	55	14190000	549940	NA
333	Pulse	55	14200000	559940	NA
333	Pulse	55	14210000	569940	NA
333	Pulse	55	14220000	579940	NA
333	Pulse	55	14230000	589940	NA
333	Pulse	55	14240000	599940	NA
333	Pulse	55	14250000	609940	NA
333	Pulse	55	14260000	619940	NA
333	Pulse	55	14270000	629940	NA
333	Pulse	55	14280000	639940	NA
333	Pulse	55	14290000	649940	NA
333	Pulse	55	14300000	659940	NA
333	Pulse	55	14310000	669940	NA
333	Pulse	55	14320000	679940	NA
333	Pulse	55	14330000	689940	NA
333	Pulse	55	14340000	699940	NA
333	Pulse	55	14350000	709940	NA
333	Pulse	55	14360000	719940	NA
333	Pulse	55	14370000	729940	NA
333	Pulse	55	14380000	739940	NA
333	Pulse	55	14390000	749940	NA
333	Pulse	55	14400000	759940	NA
333	Pulse	55	14410000	769940	NA
333	Pulse	55	14420000	779940	NA
333	Pulse	55	14430000	789940	NA
333	Pulse	55	14440000	799940	NA
333	Pulse	55	14450000	809940	NA
333	Pulse	55	14460000	819940	NA
333	Pulse	55	14470000	829940	NA
333	Pulse	55	14480000	839940	NA
333	Pulse	55	14490000	849940	NA
333	Pulse	55	14500000	859940	NA
333	Pulse	55	14510000	869940	NA
333	Pulse	55	14520000	879940	NA
333	Pulse	55	14530000	889940	NA
333	Pulse	55	14540000	899940	NA
333	Pulse	55	14550000	909940	NA
333	Pulse	55	14560000	919940	NA
333	Pulse	55	14570000	929940	NA
333	Pulse	55	14580000	939940	NA
333	Pulse	55	14590000	949940	NA
333	Pulse	55	14600000	959940	NA
333	Pulse	55	14610000	969940	NA
333	Pulse	55	14620000	979940	NA
333	Pulse	55	14630000	989940	NA
333	Pulse	55	14640000	999940	NA
333	Pulse	55	14650000	1009940	NA
333	Pulse	55	14660000	1019940	NA
333	Pulse	55	14670000	1029940	NA
333	Pulse	55	14680000	1039940	NA
333	Pulse	55	14690000	1049940	NA
333	Pulse	55	14700000	1059940	NA
333	Pulse	55	14710000	1069940	NA
333	Pulse	55	14720000	1079940	NA
333	Pulse	55	14730000	1089940	NA
333	Pulse	55	14740000	1099940	NA
333	Pulse	55	14750000	1109940	NA
333	Pulse	55	14760000	1119940	NA
333	Pulse	55	14770000	1129940	NA
333	Pulse	55	14780000	1139940	NA
333	Pulse	55	14790000	1149940	NA
333	Pulse	55	14800000	1159940	NA
333	Pulse	55	14810000	1169940	NA
333	Pulse	55	14820000	1179940	NA
333	Pulse	55	14830000	1189940	NA
333	Pulse	55	14840000	1199940	NA
333	Pulse	55	14850000	1209940	NA
333	Pulse	55	14860000	1219940	NA
333	Pulse	55	14870000	1229940	NA
333	Pulse	55	14880000	1239940	NA
333	Pulse	55	14890000	1249940	NA
333	Pulse	55	14900000	1259940	NA
333	Pulse	55	14910000	1269940	NA
333	Pulse	55	14920000	1279940	NA
333	Pulse	55	14930000	1289940	NA
333	Pulse	55	14940000	1299940	NA
333	Pulse	55	14950000	1309940	NA
333	Pulse	55	14960000	1319940	NA
333	Pulse	55	14970000	1329940	NA
333	Pulse	55	14980000	1339940	NA
333	Pulse	55	14990000	1349940	NA
333	Pulse	55	15000000	1359940	NA
333	Pulse	55	15010000	1369940	NA
333	Pulse	55	15020000	1379940	NA
333	Pulse	55	15030000	1389940	NA
333	Pulse	55	15040000	1399940	NA
333	Pulse	55	15050000	1409940	NA
333	Pulse	55	15060000	1419940	NA
333	Pulse	55	15070000	1429940	NA
333	Pulse	55	15080000	1439940	NA
333	Pulse	55	15090000	1449940	NA
333	Pulse	55	15100000	1459940	NA
333	Pulse	55	15110000	1469940	NA
333	Pulse	55	15120000	1479940	NA
333	Pulse	55	15130000	1489940	NA
333	Pulse	55	15140000	1499940	NA
333	Pulse	55	15150000	1509940	NA
333	Pulse	55	15160000	1519940	NA
333	Pulse	55	15170000	1529940	NA
333	Pulse	55	15180000	1539940	NA
333	Pulse	55	15190000	1549940	NA
333	Pulse	55	15200000	1559940	NA
333	Pulse	55	15210000	1569940	NA
333	Pulse	55	15220000	1579940	NA
333	Pulse	55	15230000	1589940	NA
333	Pulse	55	15240000	1599940	NA
333	Pulse	55	15250000	1609940	NA
333	Pulse	55	15260000	1619940	NA
333	Pulse	55	15270000	1629940	NA
333	Pulse	55	15280000	1639940	NA
333	Pulse	55	15290000	1649940	NA
333	Pulse	55	15300000	1659940	NA
333	Pulse	55	15310000	1669940	NA
333	Pulse	55	15320000	1679940	NA
333	Pulse	55	15330000	1689940	NA
333	Pulse	55	15340000	1699940	NA
333	Pulse	55	15350000	1709940	NA
333	Pulse	55	15360000	1719940	NA
333	Pulse	55	15370000	1729940	NA
333	Pulse	55	15380000	1739940	NA
333	Pulse	55	15390000	1749940	NA
333	Pulse	55	15400000	1759940	NA
333	Pulse	55	15410000	1769940	NA
333	Pulse	55	15420000	1779940	NA
333	Pulse	55	15430000	1789940	NA
333	Pulse	55	15440000	1799940	NA
333	Pulse	55	15450000	1809940	NA
333	Pulse	55	15460000	1819940	NA
333	Pulse	55	15470000	1829940	NA
333	Pulse	55	15480000	1839940	NA
333	Pulse	55	15490000	1849940	NA
333	Pulse	55	15500000	1859940	NA
333	Pulse	55	15510000	1869940	NA
333	Pulse	55	15520000	1879940	NA
333	Pulse	55	15530000	1889940	NA
333	Pulse	55	15540000	1899940	NA
333	Pulse	55	15550000	1909940	NA
333	Pulse	55	15560000	1919940	NA
333	Pulse	55	15570000	1929940	NA
333	Pulse	55	15580000	1939940	NA
333	Pulse	55	15590000	1949940	NA
333	Pulse	55	15600000	1959940	NA
333	Pulse	55	15610000	1969940	NA
333	Pulse	55	15620000	1979940	NA
333	Pulse	55	15630000	1989940	NA
333	Pulse	55	15640000	1999940	NA
333	Pulse	55	15650000	2009940	NA
333	Pulse	55	15660000	2019940	NA
333	Pulse	55	15670000	2029940	NA
333	Pulse	55	15680000	2039940	NA
333	Pulse	55	15690000	2049940	NA
333	Pulse	55	15700000	2059940	NA
333	Pulse	55	15710000	2069940	NA
333	Pulse	55	15720000	2079940	NA
333	Pulse	55	15730000	2089940	NA
333	Pulse	55	15740000	2099940	NA
333	Pulse	55	15750000	2109940	NA
333	Pulse	55	15760000	2119940	NA
333	Pulse	55	15770000	2129940	NA
333	Pulse	55	15780000	2139940	NA
333	Pulse	55	15790000	2149940	NA
333	Pulse	55	15800000	2159940	NA
333	Pulse	55	15810000	2169940	NA
333	Pulse	55	15820000	2179940	NA
333	Pulse	55	15830000	2189940	NA
333	Pulse	55	15840000	2199940	NA
333	Pulse	55	15850000	2209940	NA
333	Pulse	55	15860000	2219940	NA
333	Pulse	55	15870000	2229940	NA
333	Pulse	55	15880000	2239940	NA
333	Pulse	55	15890000	2249940	NA
333	Pulse	55	15900000	2259940	NA
333	Pulse	55	15910000	2269940	NA
333	Pulse	55	15920000	2279940	NA
333	Pulse	55	15930000	2289940	NA
333	Pulse	55	15940000	2299940	NA
333	Pulse	55	15950000	2309940	NA
333	Pulse	55	15960000	2319940	NA
333	Pulse	55	15970000	2329940	NA
333	Pulse	55	15980000	2339940	NA
333	Pulse	55	15990000	2349940	NA
333	Pulse	55	16000000	2359940	NA
333	Pulse	55	16010000	2369940	NA
333	Pulse	55	16020000	2379940	NA
333	Pulse	55	16030000	2389940	NA
333	Pulse	55	16040000	2399940	NA
333	Pulse	55	16050000	2409940	NA
333	Pulse	55	16060000	2419940	NA
333	Pulse	55	16070000	2429940	NA
333	Pulse	55	16080000	2439940	NA
333	Pulse	55	16090000	2449940	NA
333	Pulse	55	16100000	2459940	NA
333	Pulse	55	16110000	2469940	NA
333	Pulse	55	16120000	2479940	NA
333	Pulse	55	16130000	2489940	NA
333	Pulse	55	16140000	2499940	NA
333	Pulse	55	16150000	2509940	NA
333	Pulse	55	16160000	2519940	NA
333	Pulse	55	16170000	2529940	NA
333	Pulse	55	16180000	2539940	NA
333	Pulse	55	16190000	2549940	NA
333	Pulse	55	16200000	2559940	NA
333	Pulse	55	16210000	2569940	NA
333	Pulse	55	16220000	2579940	NA
333	Pulse	55	16230000	2589940	NA
333	Pulse	55	16240000	2599940	NA
333	Pulse	55	16250000	2609940	NA
333	Pulse	55	16260000	2619940	NA
333	Pulse	55	16270000	2629940	NA
333	Pulse	55	16280000	2639940	NA
333	Pulse	55	16290000	2649940	NA
333	Pulse	55	16300000	2659940	NA
333	Pulse	55	16310000	2669940	NA
333	Pulse	55	16320000	2679940	NA
333	Pulse	55	16330000	2689940	NA
333	Pulse	55	16340000	2699940	NA
333	Pulse	55	16350000	2709940	NA
333	Pulse	55	16360000	2719940	NA
333	Pulse	55	16370000	2729940	NA
333	Pulse	55	16380000	2739940	NA
333	Pulse	55	16390000	2749940	NA
333	Pulse	55	16400000	2759940	NA
333	Pulse	55	16410000	2769940	NA
333	Pulse	55	16420000	2779940	NA
333	Pulse	55	16430000	2789940	NA
333	Pulse	55	16440000	2799940	NA
333	Pulse	55	16450000	2809940	NA
333	Pulse	55	16460000	2819940	NA
333	Pulse	55	16470000	2829940	NA
333	Pulse	55	16480000	2839940	NA
333	Pulse	55	16490000	2849940	NA
333	Pulse	55	16500000	2859940	NA
333	Pulse	55	16510000	2869940	NA
333	Pulse	55	16520000	2879940	NA
333	Pulse	55	16530000	2889940	NA
333	Pulse	55	16540000	2899940	NA
333	Pulse	55	16550000	2909940	NA
333	Pulse	55	16560000	2919940	NA
333	Pulse	55	16570000	2929940	NA
333	Pulse	55	16580000	2939940	NA
333	Pulse	55	16590000	2949940	NA
333	Pulse	55	16600000	2959940	NA
333	Pulse	55	16610000	2969940	NA
333	Pulse	55	16620000	2979940	NA
333	Pulse	55	16630000	2989940	NA
333	Pulse	55	16640000	2999940	NA
333	Pulse	55	16650000	3009940	NA
333	Pulse	55	16660000	3019940	NA
333	Pulse	55	16670000	3029940	NA
333	Pulse	55	16680000	3039940	NA
333	Pulse	55	16690000	3049940	NA
333	Pulse	55	16700000	3059940	NA
333	Pulse	55	16710000	3069940	NA
333	Pulse	55	16720000	3079940	NA
333	Pulse	55	16730000	3089940	NA
333	Pulse	55	16740000	3099940	NA
333	Pulse	55	16750000	3109940	NA
333	Pulse	55	16760000	3119940	NA
333	Pulse	55	16770000	3129940	NA
333	Pulse	55	16780000	3139940	NA
333	Pulse	55	16790000	3149940	NA
333	Pulse	55	16800000	3159940	NA
333	Pulse	55	16810000	3169940	NA
333	Pulse	55	16820000	3179940	NA
333	Pulse	55	16830000	3189940	NA
333	Pulse	55	16840000	3199940	NA
333	Pulse	55	16850000	3209940	NA
333	Pulse	55	16860000	3219940	NA
333	Pulse	55	16870000	3229940	NA
333	Pulse	55	16880000	3239940	NA
333	Pulse	55	16890000	3249940	NA
333	Pulse	55	16900000	3259940	NA
333	Pulse	55	16910000	3269940	NA
333	Pulse	55	16920000	3279940	NA
333	Pulse	55	16930000	3289940	NA
333	Pulse	55	16940000	3299940	NA
333	Pulse	55	16950000	3309940	NA
333	Pulse	55	16960000	3319940	NA
333	Pulse	55	16970000	3329940	NA
333	Pulse	55	16980000	3339940	NA
333	Pulse	55	16990000	3349940	NA
333	Pulse	55	17000000	3359940	NA
333	Pulse	55	17010000	3369940	NA
333	Pulse	55	17020000	3379940	NA
333	Pulse	55	17030000	3389940	NA
333	Pulse	55	17040000	3399940	NA
333	Pulse	55	17050000	3409940	NA
333	Pulse	55	17060000	3419940	NA
333	Pulse	55	17070000	3429940	NA
333	Pulse	55	17080000	3439940	NA
333	Pulse	55	17090000	3449940	NA
333	Pulse	55	17100000	3459940	NA
333	Pulse	55	17110000	3469940	NA
333	Pulse	55	17120000	3479940	NA
333	Pulse	55	17130000	3489940	NA
333	Pulse	55	17140000	3499940	NA
333	Pulse	55	17150000	3509940	NA
333	Pulse	55	17160000	3519940	NA
333	Pulse	55	17170000	3529940	NA
333	Pulse	55	17180000	3539940	NA
333	Pulse	55	17190000	3549940	NA
333	Pulse	55	17200000	3559940	NA
333	Pulse	55	17210000	3569940	NA
333	Pulse	55	17220000	3579940	NA
333	Pulse	55	17230000	3589940	NA
333	Pulse	55	17240000	3599940	NA
333	Pulse	55	17250000	3609940	NA
333	Pulse	55	17260000	3619940	NA
333	Pulse	55	17270000	3629940	NA
333	Pulse	55	17280000	3639940	NA
333	Pulse	55	17290000	3649940	NA
333	Pulse	55	17300000	3659940	NA
333	Pulse	55	17310000	3669940	NA
333	Pulse	55	17320000	3679940	NA
333	Pulse	55	17330000	3689940	NA
333	Pulse	55	17340000	3699940	NA
333	Pulse	55	17350000	3709940	NA
333	Pulse	55	17360000	3719940	NA
333	Pulse	55	17370000	3729940	NA
333	Pulse	55	17380000	3739940	NA
333	Pulse	55	17390000	3749940	NA
333	Pulse	55	17400000	3759940	NA
333	Pulse	55	17410000	3769940	NA
333	Pulse	55	17420000	3779940	NA
333	Pulse	55	17430000	3789940	NA
333	Pulse	55	17440000	3799940	NA
333	Pulse	55	17450000	3809940	NA
333	Pulse	55	17460000	3819940	NA
333	Pulse	55	17470000	3829940	NA
333	Pulse	55	17480000	3839940	NA
333	Pulse	55	17490000	3849940	NA
333	Pulse	55	17500000	3859940	NA
333	Pulse	55	17510000	3869940	NA
333	Pulse	55	17520000	3879940	NA
333	Pulse	55	17530000	3889940	NA
333	Pulse	55	17540000	3899940	NA
333	Pulse	55	17550000	3909940	NA
333	Pulse	55	17560000	3919940	NA
333	Pulse	55	17570000	3929940	NA
333	Pulse	55	17580000	3939940	NA
333	Pulse	55	17590000	3949940	NA
333	Pulse	55	17600000	3959940	NA
333	Pulse	55	17610000	3969940	NA
333	Pulse	55	17620000	3979940	NA
333	Pulse	55	17630000	3989940	NA
333	Pulse	55	17640000	3999940	NA
333	Pulse	55	17650000	4009940	NA
333	Pulse	55	17660000	4019940	NA
333	Pulse	55	17670000	4029940	NA
333	Pulse	55	17680000	4039940	NA
333	Pulse	55	17690000	4049940	NA
333	Pulse	55	17700000	4059940	NA
333	Pulse	55	17710000	4069940	NA
333	Pulse	55	17720000	4079940	NA
333	Pulse	55	17730000	4089940	NA
333	Pulse	55	17740000	4099940	NA
333	Pulse	55	17750000	4109940	NA
333	Pulse	55	17760000	4119940	NA
333	Pulse	55	17770000	4129940	NA
333	Pulse	55	17780000	4139940	NA
333	Pulse	55	17790000	4149940	NA
333	Pulse	55	17800000	4159940	NA
333	Pulse	55	17810000	4169940	NA
333	Pulse	55	17820000	4179940	NA
333	Pulse	55	17830000	4189940	NA
333	Pulse	55	17840000	4199940	NA
333	Pulse	55	17850000	4209940	NA
333	Pulse	55	17860000	4219940	NA
333	Pulse	55	17870000	4229940	NA
333	Pulse	55	17880000	4239940	NA
333	Pulse	55	17890000	4249940	NA
333	Pulse	55	17900000	4259940	NA
333	Pulse	55	17910000	4269940	NA
333	Pulse	55	17920000	4279940	NA
333	Pulse	55	17930000	4289940	NA
333	Pulse	55	17940000	4299940	NA
333	Pulse	55	17950000	4309940	NA
333	Pulse	55	17960000	4319940	NA
333	Pulse	55	17970000	4329940	NA
333	Pulse	55	17980000	4339940	NA
333	Pulse	55	17990000	4349940	NA
333	Pulse	55	18000000	4359940	NA
333	Pulse	55	18010000	4369940	NA
333	Pulse	55	18020000	4379940	NA
333	Pulse	55	18030000	4389940	NA
333	Pulse	55	18040000	4399940	NA
333	Pulse	55	18050000	4409940	NA
333	Pulse	55	18060000	4419940	NA
333	Pulse	55	18070000	4429940	NA
333	Pulse	55	18080000	4439940	NA
333	Pulse	55	18090000	4449940	NA
333	Pulse	55	18100000	4459940	NA
333	Pulse	55	18110000	4469940	NA
333	Pulse	55	18120000	4479940	NA
333	Pulse	55	18130000	4489940	NA
333	Pulse	55	18140000	4499940	NA
333	Pulse	55	18150000	4509940	NA
333	Pulse	55	18160000	4519940	NA
333	Pulse	55	18170000	4529940	NA
333	Pulse	55	18180000	4539940	NA
333	Pulse	55	18190000	4549940	NA
333	Pulse	55	18200000	4559940	NA
333	Pulse	55	18210000	4569940	NA
333	Pulse	55	18220000	4579940	NA
333	Pulse	55	18230000	4589940	NA
333	Pulse	55	18240000	4599940	NA
333	Pulse	55	18250000	4609940	NA
333	Pulse	55	18260000	4619940	NA
333	Pulse	55	18270000	4629940	NA
333	Pulse	55	18280000	4639940	NA
333	Pulse	55	18290000	4649940	NA
333	Pulse	55	18300000	4659940	NA
333	Pulse	55	18310000	4669940	NA
333	Pulse	55	18320000	4679940	NA
333	Pulse	55	18330000	4689940	NA
333	Pulse	55	18340000	4699940	NA
333	Pulse	55	18350000	4709940	NA
333	Pulse	55	18360000	4719940	NA
333	Pulse	55	18370000	4729940	NA
333	Pulse	55	18380000	4739940	NA
333	Pulse	55	18390000	4749940	NA
333	Pulse	55	18400000	4759940	NA
333	Pulse	55	18410000	4769940	NA
333	Pulse	55	18420000	4779940	NA
333	Pulse	55	18430000	4789940	NA
333	Pulse	55	18440000	4799940	NA
333	Pulse	55	18450000	4809940	NA
333	Pulse	55	18460000	4819940	NA
333	Pulse	55	18470000	4829940	NA
333	Pulse	55	18480000	4839940	NA
333	Pulse	55	18490000	4849940	NA
333	Pulse	55	18500000	4859940	NA
333	Pulse	55	18510000	4869940	NA
333	Pulse	55	18520000	4879940	NA
333	Pulse	55	18530000	4889940	NA
333	Pulse	55	18540000	4899940	NA
333	Pulse	55	18550000	4909940	NA
333	Pulse	55	18560000	4919940	NA
333	Pulse	55	18570000	4929940	NA
333	Pulse	55	18580000	4939940	NA
333	Pulse	55	18590000	4949940	NA
333	Pulse	55	18600000	4959940	NA
333	Pulse	55	18610000	4969940	NA
333	Pulse	55	18620000	4979940	NA
333	Pulse	55	18630000	4989940	NA
333	Pulse	55	18640000	4999940	NA
333	Pulse	55	18650000	5009940	NA
333	Pulse	55	18660000	5019940	NA
333	Pulse	55	18670000	5029940	NA
333	Pulse	55	18680000	5039940	NA
333	Pulse	55	18690000	5049940	NA
333	Pulse	55	18700000	5059940	NA
333	Pulse	55	18710000	5069940	NA
333	Pulse	55	18720000	5079940	NA
333	Pulse	55	18730000	5089940	NA
333	Pulse	55	18740000	5099940	NA
333	Pulse	55	18750000	5109940	NA
333	Pulse	55	18760000	5119940	NA
333	Pulse	55	18770000	5129940	NA
333	Pulse	55	18780000	5139940	NA
333	Pulse	55	18790000	5149940	NA
333	Pulse	55	18800000	5159940	NA
333	Pulse	55	18810000	5169940	NA
333	Pulse	55	18820000	5179940	NA
333	Pulse	55	18830000	5189940	NA
333	Pulse	55	18840000	5199940	NA
333	Pulse	55	18850000	5209940	NA
333	Pulse	55	18860000	5219940	NA
333	Pulse	55	18870000	5229940	NA
333	Pulse	55	18880000	5239940	NA
333	Pulse	55	18890000	5249940	NA
333	Pulse	55	18900000	5259940	NA
333	Pulse	55	18910000	5269940	NA
333	Response	1	18911788	5271728	1
334	Pulse	55	18920000	8127	NA
334	Pulse	55	18930000	18127	NA
334	Pulse	55	18940000	28127	NA
334	Pulse	55	18950000	38127	NA
334	Pulse	55	18960000	48127	NA
334	Pulse	55	18970000	58127	NA
334	Pulse	55	18980000	68127	NA
334	Pulse	55	18990000	78127	NA
334	Pulse	55	19000000	88127	NA
334	Pulse	55	19010000	98127	NA
334	Pulse	55	19020000	108127	NA
334	Pulse	55	19030000	118127	NA
334	Pulse	55	19040000	128127	NA
334	Pulse	55	19050000	138127	NA
334	Pulse	55	19060000	148127	NA
334	Pulse	55	19070000	158127	NA
334	Pulse	55	19080000	168127	NA
334	Pulse	55	19090000	178127	NA
334	Pulse	55	19100000	188127	NA
334	Pulse	55	19110000	198127	NA
334	Pulse	55	19120000	208127	NA
334	Pulse	55	19130000	218127	NA
334	Pulse	55	19140000	228127	NA
334	Pulse	55	19150000	238127	NA
334	Pulse	55	19160000	248127	NA
334	Pulse	55	19170000	258127	NA
334	Pulse	55	19180000	268127	NA
334	Pulse	55	19190000	278127	NA
334	Pulse	55	19200000	288127	NA
334	Pulse	55	19210000	298127	NA
334	Pulse	55	19220000	308127	NA
334	Pulse	55	19230000	318127	NA
334	Pulse	55	19240000	328127	NA
334	Pulse	55	19250000	338127	NA
334	Pulse	55	19260000	348127	NA
334	Pulse	55	19270000	358127	NA
334	Pulse	55	19280000	368127	NA
334	Pulse	55	19290000	378127	NA
334	Pulse	55	19300000	388127	NA
334	Pulse	55	19310000	398127	NA
334	Pulse	55	19320000	408127	NA
334	Pulse	55	19330000	418127	NA
334	Pulse	55	19340000	428127	NA
334	Pulse	55	19350000	438127	NA
334	Pulse	55	19360000	448127	NA
334	Pulse	55	19370000	458127	NA
334	Pulse	55	19380000	468127	NA
334	Pulse	55	19390000	478127	NA
334	Pulse	55	19400000	488127	NA
334	Pulse	55	19410000	498127	NA
334	Pulse	55	19420000	508127	NA
334	Pulse	55	19430000	518127	NA
334	Pulse	55	19440000	528127	NA
334	Pulse	55	19450000	538127	NA
334	Pulse	55	19460000	548127	NA
334	Pulse	55	19470000	558127	NA
334	Pulse	55	19480000	568127	NA
334	Pulse	55	19490000	578127	NA
334	Pulse	55	19500000	588127	NA
334	Pulse	55	19510000	598127	NA
334	Pulse	55	19520000	608127	NA
334	Pulse	55	19530000	618127	NA
334	Pulse	55	19540000	628127	NA
334	Pulse	55	19550000	638127	NA
334	Pulse	55	19560000	648127	NA
334	Pulse	55	19570000	658127	NA
334	Pulse	55	19580000	668127	NA
334	Pulse	55	19590000	678127	NA
334	Pulse	55	19600000	688127	NA
334	Pulse	55	19610000	698127	NA
334	Pulse	55	19620000	708127	NA
334	Pulse	55	19630000	718127	NA
334	Pulse	55	19640000	728127	NA
334	Pulse	55	19650000	738127	NA
334	Pulse	55	19660000	748127	NA
334	Pulse	55	19670000	758127	NA
334	Pulse	55	19680000	768127	NA
334	Pulse	55	19690000	778127	NA
334	Pulse	55	19700000	788127	NA
334	Pulse	55	19710000	798127	NA
334	Pulse	55	19720000	808127	NA
334	Pulse	55	19730000	818127	NA
334	Pulse	55	19740000	828127	NA
334	Pulse	55	19750000	838127	NA
334	Pulse	55	19760000	848127	NA
334	Pulse	55	19770000	858127	NA
334	Pulse	55	19780000	868127	NA
334	Pulse	55	19790000	878127	NA
334	Pulse	55	19800000	888127	NA
334	Pulse	55	19810000	898127	NA
334	Pulse	55	19820000	908127	NA
334	Pulse	55	19830000	918127	NA
334	Pulse	55	19840000	928127	NA
334	Pulse	55	19850000	938127	NA
334	Pulse	55	19860000	948127	NA
334	Pulse	55	19870000	958127	NA
334	Pulse	55	19880000	968127	NA
334	Pulse	55	19890000	978127	NA
334	Pulse	55	19900000	988127	NA
334	Pulse	55	19910000	998127	NA
334	Pulse	55	19920000	1008127	NA
334	Pulse	55	19930000	1018127	NA
334	Pulse	55	19940000	1028127	NA
334	Pulse	55	19950000	1038127	NA
334	Pulse	55	19960000	1048127	NA
334	Pulse	55	19970000	1058127	NA
334	Pulse	55	19980000	1068127	NA
334	Pulse	55	19990000	1078127	NA
334	Pulse	55	20000000	1088127	NA
334	Pulse	55	20010000	1098127	NA
334	Pulse	55	20020000	1108127	NA
334	Pulse	55	20030000	1118127	NA
334	Pulse	55	20040000	1128127	NA
334	Pulse	55	20050000	1138127	NA
334	Pulse	55	20060000	1148127	NA
334	Pulse	55	20070000	1158127	NA
334	Pulse	55	20080000	1168127	NA
334	Pulse	55	20090000	1178127	NA
334	Pulse	55	20100000	1188127	NA
334	Pulse	55	20110000	1198127	NA
334	Pulse	55	20120000	1208127	NA
334	Pulse	55	20130000	1218127	NA
334	Pulse	55	20140000	1228127	NA
334	Pulse	55	20150000	1238127	NA
334	Pulse	55	20160000	1248127	NA
334	Pulse	55	20170000	1258127	NA
334	Pulse	55	20180000	1268127	NA
334	Pulse	55	20190000	1278127	NA
334	Pulse	55	20200000	1288127	NA
334	Pulse	55	20210000	1298127	NA
334	Pulse	55	20220000	1308127	NA
334	Pulse	55	20230000	1318127	NA
334	Pulse	55	20240000	1328127	NA
334	Pulse	55	20250000	1338127	NA
334	Pulse	55	20260000	1348127	NA
334	Pulse	55	20270000	1358127	NA
334	Pulse	55	20280000	1368127	NA
334	Pulse	55	20290000	1378127	NA
334	Pulse	55	20300000	1388127	NA
334	Pulse	55	20310000	1398127	NA
334	Pulse	55	20320000	1408127	NA
334	Pulse	55	20330000	1418127	NA
334	Pulse	55	20340000	1428127	NA
334	Pulse	55	20350000	1438127	NA
334	Pulse	55	20360000	1448127	NA
334	Pulse	55	20370000	1458127	NA
334	Pulse	55	20380000	1468127	NA
334	Pulse	55	20390000	1478127	NA
334	Pulse	55	20400000	1488127	NA
334	Pulse	55	20410000	1498127	NA
334	Pulse	55	20420000	1508127	NA
334	Pulse	55	20430000	1518127	NA
334	Pulse	55	20440000	1528127	NA
334	Pulse	55	20450000	1538127	NA
334	Pulse	55	20460000	1548127	NA
334	Pulse	55	20470000	1558127	NA
334	Pulse	55	20480000	1568127	NA
334	Pulse	55	20490000	1578127	NA
334	Pulse	55	20500000	1588127	NA
334	Pulse	55	20510000	1598127	NA
334	Pulse	55	20520000	1608127	NA
334	Pulse	55	20530000	1618127	NA
334	Pulse	55	20540000	1628127	NA
334	Pulse	55	20550000	1638127	NA
334	Pulse	55	20560000	1648127	NA
334	Pulse	55	20570000	1658127	NA
334	Pulse	55	20580000	1668127	NA
334	Pulse	55	20590000	1678127	NA
334	Pulse	55	20600000	1688127	NA
334	Pulse	55	20610000	1698127	NA
334	Pulse	55	20620000	1708127	NA
334	Pulse	55	20630000	1718127	NA
334	Pulse	55	20640000	1728127	NA
334	Response	1	20646263	1734390	1
