Scenario - Slideshow_D2.sce
Logfile written - 12/03/2021 10:16:05

Trial	Event Type	Code	Time	TTime	Uncertainty	Duration	Uncertainty	ReqTime	ReqDur	Stim Type	Pair Index

0	Pulse	55	0	0	NA
1	Pulse	55	10000	9417	NA
1	Pulse	55	20000	19417	NA
1	Pulse	55	30000	29417	NA
1	Pulse	55	40000	39417	NA
2	Pulse	55	50000	8820	NA
2	Pulse	55	60000	18820	NA
2	Pulse	55	70000	28820	NA
2	Pulse	55	80000	38820	NA
3	Pulse	55	90000	8223	NA
3	Pulse	55	100000	18223	NA
3	Pulse	55	110000	28223	NA
3	Pulse	55	120000	38223	NA
4	Pulse	55	130000	7627	NA
4	Pulse	55	140000	17627	NA
4	Pulse	55	150000	27627	NA
4	Pulse	55	160000	37627	NA
5	Pulse	55	170000	7030	NA
5	Pulse	55	180000	17030	NA
5	Pulse	55	190000	27030	NA
5	Pulse	55	200000	37030	NA
6	Pulse	55	210000	6433	NA
6	Pulse	55	220000	16433	NA
6	Pulse	55	230000	26433	NA
6	Pulse	55	240000	36433	NA
7	Pulse	55	250000	5837	NA
7	Pulse	55	260000	15837	NA
7	Pulse	55	270000	25837	NA
7	Pulse	55	280000	35837	NA
8	Pulse	55	290000	5240	NA
8	Pulse	55	300000	15240	NA
8	Pulse	55	310000	25240	NA
8	Pulse	55	320000	35240	NA
9	Pulse	55	330000	4644	NA
9	Pulse	55	340000	14644	NA
9	Pulse	55	350000	24644	NA
9	Pulse	55	360000	34644	NA
10	Pulse	55	370000	4214	NA
10	Pulse	55	380000	14214	NA
10	Pulse	55	390000	24214	NA
10	Pulse	55	400000	34214	NA
11	Pulse	55	410000	3700	NA
11	Pulse	55	420000	13700	NA
11	Pulse	55	430000	23700	NA
11	Pulse	55	440000	33700	NA
12	Pulse	55	450000	3187	NA
12	Pulse	55	460000	13187	NA
12	Pulse	55	470000	23187	NA
12	Pulse	55	480000	33187	NA
13	Pulse	55	490000	2590	NA
13	Pulse	55	500000	12590	NA
13	Pulse	55	510000	22590	NA
13	Pulse	55	520000	32590	NA
14	Pulse	55	530000	1994	NA
14	Pulse	55	540000	11994	NA
14	Pulse	55	550000	21994	NA
14	Pulse	55	560000	31994	NA
15	Pulse	55	570000	1397	NA
15	Pulse	55	580000	11397	NA
15	Pulse	55	590000	21397	NA
15	Pulse	55	600000	31397	NA
16	Pulse	55	610000	800	NA
16	Pulse	55	620000	10800	NA
16	Pulse	55	630000	20800	NA
16	Pulse	55	640000	30800	NA
17	Pulse	55	650000	204	NA
17	Pulse	55	660000	10204	NA
17	Pulse	55	670000	20204	NA
17	Pulse	55	680000	30204	NA
17	Pulse	55	690000	40204	NA
18	Pulse	55	700000	9690	NA
18	Pulse	55	710000	19690	NA
18	Pulse	55	720000	29690	NA
18	Pulse	55	730000	39690	NA
19	Pulse	55	740000	9094	NA
19	Pulse	55	750000	19094	NA
19	Pulse	55	760000	29094	NA
19	Pulse	55	770000	39094	NA
20	Pulse	55	780000	8497	NA
20	Pulse	55	790000	18497	NA
20	Pulse	55	800000	28497	NA
20	Pulse	55	810000	38497	NA
21	Pulse	55	820000	7900	NA
21	Pulse	55	830000	17900	NA
21	Pulse	55	840000	27900	NA
21	Pulse	55	850000	37900	NA
22	Pulse	55	860000	7387	NA
22	Pulse	55	870000	17387	NA
22	Pulse	55	880000	27387	NA
22	Pulse	55	890000	37387	NA
23	Pulse	55	900000	6790	NA
23	Pulse	55	910000	16790	NA
23	Pulse	55	920000	26790	NA
23	Pulse	55	930000	36790	NA
24	Pulse	55	940000	6194	NA
24	Pulse	55	950000	16194	NA
24	Pulse	55	960000	26194	NA
24	Pulse	55	970000	36194	NA
25	Pulse	55	980000	5597	NA
25	Pulse	55	990000	15597	NA
25	Pulse	55	1000000	25597	NA
25	Pulse	55	1010000	35597	NA
26	Pulse	55	1020000	5000	NA
26	Pulse	55	1030000	15000	NA
26	Pulse	55	1040000	25000	NA
26	Pulse	55	1050000	35000	NA
27	Pulse	55	1060000	4487	NA
27	Pulse	55	1070000	14487	NA
27	Pulse	55	1080000	24487	NA
27	Pulse	55	1090000	34487	NA
28	Pulse	55	1100000	3974	NA
28	Pulse	55	1110000	13974	NA
28	Pulse	55	1120000	23974	NA
28	Pulse	55	1130000	33974	NA
29	Pulse	55	1140000	3377	NA
29	Pulse	55	1150000	13377	NA
29	Pulse	55	1160000	23377	NA
29	Pulse	55	1170000	33377	NA
30	Pulse	55	1180000	2781	NA
30	Pulse	55	1190000	12781	NA
30	Pulse	55	1200000	22781	NA
30	Pulse	55	1210000	32781	NA
31	Pulse	55	1220000	2184	NA
31	Pulse	55	1230000	12184	NA
31	Pulse	55	1240000	22184	NA
31	Pulse	55	1250000	32184	NA
32	Pulse	55	1260000	1587	NA
32	Pulse	55	1270000	11587	NA
32	Pulse	55	1280000	21587	NA
32	Pulse	55	1290000	31587	NA
33	Pulse	55	1300000	991	NA
33	Pulse	55	1310000	10991	NA
33	Pulse	55	1320000	20991	NA
33	Pulse	55	1330000	30991	NA
34	Pulse	55	1340000	394	NA
34	Pulse	55	1350000	10394	NA
34	Pulse	55	1360000	20394	NA
34	Pulse	55	1370000	30394	NA
34	Pulse	55	1380000	40394	NA
35	Pulse	55	1390000	9797	NA
35	Pulse	55	1400000	19797	NA
35	Pulse	55	1410000	29797	NA
35	Pulse	55	1420000	39797	NA
36	Pulse	55	1430000	9201	NA
36	Pulse	55	1440000	19201	NA
36	Pulse	55	1450000	29201	NA
36	Pulse	55	1460000	39201	NA
37	Pulse	55	1470000	8604	NA
37	Pulse	55	1480000	18604	NA
37	Pulse	55	1490000	28604	NA
37	Pulse	55	1500000	38604	NA
38	Pulse	55	1510000	7924	NA
38	Pulse	55	1520000	17924	NA
38	Pulse	55	1530000	27924	NA
38	Pulse	55	1540000	37924	NA
39	Pulse	55	1550000	7327	NA
39	Pulse	55	1560000	17327	NA
39	Pulse	55	1570000	27327	NA
39	Pulse	55	1580000	37327	NA
40	Pulse	55	1590000	6731	NA
40	Pulse	55	1600000	16731	NA
40	Pulse	55	1610000	26731	NA
40	Pulse	55	1620000	36731	NA
41	Pulse	55	1630000	6134	NA
41	Pulse	55	1640000	16134	NA
41	Pulse	55	1650000	26134	NA
41	Pulse	55	1660000	36134	NA
42	Pulse	55	1670000	5454	NA
42	Pulse	55	1680000	15454	NA
42	Pulse	55	1690000	25454	NA
42	Pulse	55	1700000	35454	NA
43	Pulse	55	1710000	4857	NA
43	Pulse	55	1720000	14857	NA
43	Pulse	55	1730000	24857	NA
43	Pulse	55	1740000	34857	NA
44	Pulse	55	1750000	4261	NA
44	Pulse	55	1760000	14261	NA
44	Pulse	55	1770000	24261	NA
44	Pulse	55	1780000	34261	NA
45	Pulse	55	1790000	3664	NA
45	Pulse	55	1800000	13664	NA
45	Pulse	55	1810000	23664	NA
45	Pulse	55	1820000	33664	NA
46	Pulse	55	1830000	2984	NA
46	Pulse	55	1840000	12984	NA
46	Pulse	55	1850000	22984	NA
46	Pulse	55	1860000	32984	NA
47	Pulse	55	1870000	2387	NA
47	Pulse	55	1880000	12387	NA
47	Pulse	55	1890000	22387	NA
47	Pulse	55	1900000	32387	NA
48	Pulse	55	1910000	1791	NA
48	Pulse	55	1920000	11791	NA
48	Pulse	55	1930000	21791	NA
48	Pulse	55	1940000	31791	NA
49	Pulse	55	1950000	1111	NA
49	Pulse	55	1960000	11111	NA
49	Pulse	55	1970000	21111	NA
49	Pulse	55	1980000	31111	NA
50	Pulse	55	1990000	514	NA
50	Pulse	55	2000000	10514	NA
50	Pulse	55	2010000	20514	NA
50	Pulse	55	2020000	30514	NA
50	Pulse	55	2030000	40514	NA
51	Pulse	55	2040000	9917	NA
51	Pulse	55	2050000	19917	NA
51	Pulse	55	2060000	29917	NA
51	Pulse	55	2070000	39917	NA
52	Pulse	55	2080000	9321	NA
52	Pulse	55	2090000	19321	NA
52	Pulse	55	2100000	29321	NA
52	Pulse	55	2110000	39321	NA
53	Pulse	55	2120000	8641	NA
53	Pulse	55	2130000	18641	NA
53	Pulse	55	2140000	28641	NA
53	Pulse	55	2150000	38641	NA
54	Pulse	55	2160000	8044	NA
54	Pulse	55	2170000	18044	NA
54	Pulse	55	2180000	28044	NA
54	Pulse	55	2190000	38044	NA
55	Pulse	55	2200000	7447	NA
55	Pulse	55	2210000	17447	NA
55	Pulse	55	2220000	27447	NA
55	Pulse	55	2230000	37447	NA
56	Pulse	55	2240000	6767	NA
56	Pulse	55	2250000	16767	NA
56	Pulse	55	2260000	26767	NA
56	Pulse	55	2270000	36767	NA
57	Pulse	55	2280000	6171	NA
57	Pulse	55	2290000	16171	NA
57	Pulse	55	2300000	26171	NA
57	Pulse	55	2310000	36171	NA
58	Pulse	55	2320000	5574	NA
58	Pulse	55	2330000	15574	NA
58	Pulse	55	2340000	25574	NA
58	Pulse	55	2350000	35574	NA
59	Pulse	55	2360000	4977	NA
59	Pulse	55	2370000	14977	NA
59	Pulse	55	2380000	24977	NA
59	Pulse	55	2390000	34977	NA
60	Pulse	55	2400000	4381	NA
60	Pulse	55	2410000	14381	NA
60	Pulse	55	2420000	24381	NA
60	Pulse	55	2430000	34381	NA
61	Pulse	55	2440000	3784	NA
61	Pulse	55	2450000	13784	NA
61	Pulse	55	2460000	23784	NA
61	Pulse	55	2470000	33784	NA
62	Pulse	55	2480000	3187	NA
62	Pulse	55	2490000	13187	NA
62	Pulse	55	2500000	23187	NA
62	Pulse	55	2510000	33187	NA
63	Pulse	55	2520000	2507	NA
63	Pulse	55	2530000	12507	NA
63	Pulse	55	2540000	22507	NA
63	Pulse	55	2550000	32507	NA
64	Pulse	55	2560000	1911	NA
64	Pulse	55	2570000	11911	NA
64	Pulse	55	2580000	21911	NA
64	Pulse	55	2590000	31911	NA
65	Pulse	55	2600000	1231	NA
65	Pulse	55	2610000	11231	NA
65	Pulse	55	2620000	21231	NA
65	Pulse	55	2630000	31231	NA
66	Pulse	55	2640000	634	NA
66	Pulse	55	2650000	10634	NA
66	Pulse	55	2660000	20634	NA
66	Pulse	55	2670000	30634	NA
66	Pulse	55	2680000	40634	NA
67	Pulse	55	2690000	9954	NA
67	Pulse	55	2700000	19954	NA
67	Pulse	55	2710000	29954	NA
67	Pulse	55	2720000	39954	NA
68	Pulse	55	2730000	9357	NA
68	Pulse	55	2740000	19357	NA
68	Pulse	55	2750000	29357	NA
68	Pulse	55	2760000	39357	NA
69	Pulse	55	2770000	8761	NA
69	Pulse	55	2780000	18761	NA
69	Pulse	55	2790000	28761	NA
69	Pulse	55	2800000	38761	NA
70	Pulse	55	2810000	8164	NA
70	Pulse	55	2820000	18164	NA
70	Pulse	55	2830000	28164	NA
70	Pulse	55	2840000	38164	NA
71	Pulse	55	2850000	7567	NA
71	Pulse	55	2860000	17567	NA
71	Pulse	55	2870000	27567	NA
71	Pulse	55	2880000	37567	NA
72	Pulse	55	2890000	6971	NA
72	Pulse	55	2900000	16971	NA
72	Pulse	55	2910000	26971	NA
72	Pulse	55	2920000	36971	NA
73	Pulse	55	2930000	6291	NA
73	Pulse	55	2940000	16291	NA
73	Pulse	55	2950000	26291	NA
73	Pulse	55	2960000	36291	NA
74	Pulse	55	2970000	5694	NA
74	Pulse	55	2980000	15694	NA
74	Pulse	55	2990000	25694	NA
74	Pulse	55	3000000	35694	NA
75	Pulse	55	3010000	5097	NA
75	Pulse	55	3020000	15097	NA
75	Pulse	55	3030000	25097	NA
75	Pulse	55	3040000	35097	NA
76	Pulse	55	3050000	4501	NA
76	Pulse	55	3060000	14501	NA
76	Pulse	55	3070000	24501	NA
76	Pulse	55	3080000	34501	NA
77	Pulse	55	3090000	3821	NA
77	Pulse	55	3100000	13821	NA
77	Pulse	55	3110000	23821	NA
77	Pulse	55	3120000	33821	NA
78	Pulse	55	3130000	3224	NA
78	Pulse	55	3140000	13224	NA
78	Pulse	55	3150000	23224	NA
78	Pulse	55	3160000	33224	NA
79	Pulse	55	3170000	2627	NA
79	Pulse	55	3180000	12627	NA
79	Pulse	55	3190000	22627	NA
79	Pulse	55	3200000	32627	NA
80	Pulse	55	3210000	2031	NA
80	Pulse	55	3220000	12031	NA
80	Pulse	55	3230000	22031	NA
80	Pulse	55	3240000	32031	NA
81	Pulse	55	3250000	1434	NA
81	Pulse	55	3260000	11434	NA
81	Pulse	55	3270000	21434	NA
81	Pulse	55	3280000	31434	NA
82	Pulse	55	3290000	754	NA
82	Pulse	55	3300000	10754	NA
82	Pulse	55	3310000	20754	NA
82	Pulse	55	3320000	30754	NA
83	Pulse	55	3330000	157	NA
83	Pulse	55	3340000	10157	NA
83	Pulse	55	3350000	20157	NA
83	Pulse	55	3360000	30157	NA
83	Pulse	55	3370000	40157	NA
84	Pulse	55	3380000	9561	NA
84	Pulse	55	3390000	19561	NA
84	Pulse	55	3400000	29561	NA
84	Pulse	55	3410000	39561	NA
85	Pulse	55	3420000	8964	NA
85	Pulse	55	3430000	18964	NA
85	Pulse	55	3440000	28964	NA
85	Pulse	55	3450000	38964	NA
86	Pulse	55	3460000	8367	NA
86	Pulse	55	3470000	18367	NA
86	Pulse	55	3480000	28367	NA
86	Pulse	55	3490000	38367	NA
87	Pulse	55	3500000	7771	NA
87	Pulse	55	3510000	17771	NA
87	Pulse	55	3520000	27771	NA
87	Pulse	55	3530000	37771	NA
88	Pulse	55	3540000	7174	NA
88	Pulse	55	3550000	17174	NA
88	Pulse	55	3560000	27174	NA
88	Pulse	55	3570000	37174	NA
89	Pulse	55	3580000	6577	NA
89	Pulse	55	3590000	16577	NA
89	Pulse	55	3600000	26577	NA
89	Pulse	55	3610000	36577	NA
90	Pulse	55	3620000	5981	NA
90	Pulse	55	3630000	15981	NA
90	Pulse	55	3640000	25981	NA
90	Pulse	55	3650000	35981	NA
91	Pulse	55	3660000	5384	NA
91	Pulse	55	3670000	15384	NA
91	Pulse	55	3680000	25384	NA
91	Pulse	55	3690000	35384	NA
92	Pulse	55	3700000	4788	NA
92	Pulse	55	3710000	14788	NA
92	Pulse	55	3720000	24788	NA
92	Pulse	55	3730000	34788	NA
93	Pulse	55	3740000	4191	NA
93	Pulse	55	3750000	14191	NA
93	Pulse	55	3760000	24191	NA
93	Pulse	55	3770000	34191	NA
94	Pulse	55	3780000	3594	NA
94	Pulse	55	3790000	13594	NA
94	Pulse	55	3800000	23594	NA
94	Pulse	55	3810000	33594	NA
95	Pulse	55	3820000	2998	NA
95	Pulse	55	3830000	12998	NA
95	Pulse	55	3840000	22998	NA
95	Pulse	55	3850000	32998	NA
96	Pulse	55	3860000	2401	NA
96	Pulse	55	3870000	12401	NA
96	Pulse	55	3880000	22401	NA
96	Pulse	55	3890000	32401	NA
97	Pulse	55	3900000	1804	NA
97	Pulse	55	3910000	11804	NA
97	Pulse	55	3920000	21804	NA
97	Pulse	55	3930000	31804	NA
98	Pulse	55	3940000	1208	NA
98	Pulse	55	3950000	11208	NA
98	Pulse	55	3960000	21208	NA
98	Pulse	55	3970000	31208	NA
99	Pulse	55	3980000	611	NA
99	Pulse	55	3990000	10611	NA
99	Pulse	55	4000000	20611	NA
99	Pulse	55	4010000	30611	NA
100	Pulse	55	4020000	14	NA
100	Pulse	55	4030000	10014	NA
100	Pulse	55	4040000	20014	NA
100	Pulse	55	4050000	30014	NA
100	Pulse	55	4060000	40014	NA
101	Pulse	55	4070000	9418	NA
101	Pulse	55	4080000	19418	NA
101	Pulse	55	4090000	29418	NA
101	Pulse	55	4100000	39418	NA
102	Pulse	55	4110000	8821	NA
102	Pulse	55	4120000	18821	NA
102	Pulse	55	4130000	28821	NA
102	Pulse	55	4140000	38821	NA
103	Pulse	55	4150000	8224	NA
103	Pulse	55	4160000	18224	NA
103	Pulse	55	4170000	28224	NA
103	Pulse	55	4180000	38224	NA
104	Pulse	55	4190000	7628	NA
104	Pulse	55	4200000	17628	NA
104	Pulse	55	4210000	27628	NA
104	Pulse	55	4220000	37628	NA
105	Pulse	55	4230000	7114	NA
105	Pulse	55	4240000	17114	NA
105	Pulse	55	4250000	27114	NA
105	Pulse	55	4260000	37114	NA
106	Pulse	55	4270000	6518	NA
106	Pulse	55	4280000	16518	NA
106	Pulse	55	4290000	26518	NA
106	Pulse	55	4300000	36518	NA
107	Pulse	55	4310000	6004	NA
107	Pulse	55	4320000	16004	NA
107	Pulse	55	4330000	26004	NA
107	Pulse	55	4340000	36004	NA
108	Pulse	55	4350000	5491	NA
108	Pulse	55	4360000	15491	NA
108	Pulse	55	4370000	25491	NA
108	Pulse	55	4380000	35491	NA
109	Pulse	55	4390000	4894	NA
109	Pulse	55	4400000	14894	NA
109	Pulse	55	4410000	24894	NA
109	Pulse	55	4420000	34894	NA
110	Pulse	55	4430000	4298	NA
110	Pulse	55	4440000	14298	NA
110	Pulse	55	4450000	24298	NA
110	Pulse	55	4460000	34298	NA
111	Pulse	55	4470000	3701	NA
111	Pulse	55	4480000	13701	NA
111	Pulse	55	4490000	23701	NA
111	Pulse	55	4500000	33701	NA
112	Pulse	55	4510000	3104	NA
112	Pulse	55	4520000	13104	NA
112	Pulse	55	4530000	23104	NA
112	Pulse	55	4540000	33104	NA
113	Pulse	55	4550000	2508	NA
113	Pulse	55	4560000	12508	NA
113	Pulse	55	4570000	22508	NA
113	Pulse	55	4580000	32508	NA
114	Pulse	55	4590000	1911	NA
114	Pulse	55	4600000	11911	NA
114	Pulse	55	4610000	21911	NA
114	Pulse	55	4620000	31911	NA
115	Pulse	55	4630000	1398	NA
115	Pulse	55	4640000	11398	NA
115	Pulse	55	4650000	21398	NA
115	Pulse	55	4660000	31398	NA
116	Pulse	55	4670000	801	NA
116	Pulse	55	4680000	10801	NA
116	Pulse	55	4690000	20801	NA
116	Pulse	55	4700000	30801	NA
117	Pulse	55	4710000	205	NA
117	Pulse	55	4720000	10205	NA
117	Pulse	55	4730000	20205	NA
117	Pulse	55	4740000	30205	NA
117	Pulse	55	4750000	40205	NA
118	Pulse	55	4760000	9691	NA
118	Pulse	55	4770000	19691	NA
118	Pulse	55	4780000	29691	NA
118	Pulse	55	4790000	39691	NA
119	Pulse	55	4800000	9178	NA
119	Pulse	55	4810000	19178	NA
119	Pulse	55	4820000	29178	NA
119	Pulse	55	4830000	39178	NA
120	Pulse	55	4840000	8581	NA
120	Pulse	55	4850000	18581	NA
120	Pulse	55	4860000	28581	NA
120	Pulse	55	4870000	38581	NA
121	Pulse	55	4880000	8068	NA
121	Pulse	55	4890000	18068	NA
121	Pulse	55	4900000	28068	NA
121	Pulse	55	4910000	38068	NA
122	Pulse	55	4920000	7471	NA
122	Pulse	55	4930000	17471	NA
122	Pulse	55	4940000	27471	NA
122	Pulse	55	4950000	37471	NA
123	Pulse	55	4960000	6958	NA
123	Pulse	55	4970000	16958	NA
123	Pulse	55	4980000	26958	NA
123	Pulse	55	4990000	36958	NA
124	Pulse	55	5000000	6445	NA
124	Pulse	55	5010000	16445	NA
124	Pulse	55	5020000	26445	NA
124	Pulse	55	5030000	36445	NA
125	Pulse	55	5040000	5931	NA
125	Pulse	55	5050000	15931	NA
125	Pulse	55	5060000	25931	NA
125	Pulse	55	5070000	35931	NA
126	Pulse	55	5080000	5335	NA
126	Pulse	55	5090000	15335	NA
126	Pulse	55	5100000	25335	NA
126	Pulse	55	5110000	35335	NA
127	Pulse	55	5120000	4738	NA
127	Pulse	55	5130000	14738	NA
127	Pulse	55	5140000	24738	NA
127	Pulse	55	5150000	34738	NA
128	Pulse	55	5160000	4141	NA
128	Pulse	55	5170000	14141	NA
128	Pulse	55	5180000	24141	NA
128	Pulse	55	5190000	34141	NA
129	Pulse	55	5200000	3545	NA
129	Pulse	55	5210000	13545	NA
129	Pulse	55	5220000	23545	NA
129	Pulse	55	5230000	33545	NA
130	Pulse	55	5240000	2948	NA
130	Pulse	55	5250000	12948	NA
130	Pulse	55	5260000	22948	NA
130	Pulse	55	5270000	32948	NA
131	Pulse	55	5280000	2351	NA
131	Pulse	55	5290000	12351	NA
131	Pulse	55	5300000	22351	NA
131	Pulse	55	5310000	32351	NA
132	Pulse	55	5320000	1838	NA
132	Pulse	55	5330000	11838	NA
132	Pulse	55	5340000	21838	NA
132	Pulse	55	5350000	31838	NA
133	Pulse	55	5360000	1242	NA
133	Pulse	55	5370000	11242	NA
133	Pulse	55	5380000	21242	NA
133	Pulse	55	5390000	31242	NA
134	Pulse	55	5400000	645	NA
134	Pulse	55	5410000	10645	NA
134	Pulse	55	5420000	20645	NA
134	Pulse	55	5430000	30645	NA
135	Pulse	55	5440000	132	NA
135	Pulse	55	5450000	10132	NA
135	Pulse	55	5460000	20132	NA
135	Pulse	55	5470000	30132	NA
135	Pulse	55	5480000	40132	NA
136	Pulse	55	5490000	9535	NA
136	Pulse	55	5500000	19535	NA
136	Pulse	55	5510000	29535	NA
136	Pulse	55	5520000	39535	NA
137	Pulse	55	5530000	8938	NA
137	Pulse	55	5540000	18938	NA
137	Pulse	55	5550000	28938	NA
137	Pulse	55	5560000	38938	NA
138	Pulse	55	5570000	8425	NA
138	Pulse	55	5580000	18425	NA
138	Pulse	55	5590000	28425	NA
138	Pulse	55	5600000	38425	NA
139	Pulse	55	5610000	7828	NA
139	Pulse	55	5620000	17828	NA
139	Pulse	55	5630000	27828	NA
139	Pulse	55	5640000	37828	NA
140	Pulse	55	5650000	7232	NA
140	Pulse	55	5660000	17232	NA
140	Pulse	55	5670000	27232	NA
140	Pulse	55	5680000	37232	NA
141	Pulse	55	5690000	6718	NA
141	Pulse	55	5700000	16718	NA
141	Pulse	55	5710000	26718	NA
141	Pulse	55	5720000	36718	NA
142	Pulse	55	5730000	6122	NA
142	Pulse	55	5740000	16122	NA
142	Pulse	55	5750000	26122	NA
142	Pulse	55	5760000	36122	NA
143	Pulse	55	5770000	5525	NA
143	Pulse	55	5780000	15525	NA
143	Pulse	55	5790000	25525	NA
143	Pulse	55	5800000	35525	NA
144	Pulse	55	5810000	5012	NA
144	Pulse	55	5820000	15012	NA
144	Pulse	55	5830000	25012	NA
144	Pulse	55	5840000	35012	NA
145	Pulse	55	5850000	4498	NA
145	Pulse	55	5860000	14498	NA
145	Pulse	55	5870000	24498	NA
145	Pulse	55	5880000	34498	NA
146	Pulse	55	5890000	3902	NA
146	Pulse	55	5900000	13902	NA
146	Pulse	55	5910000	23902	NA
146	Pulse	55	5920000	33902	NA
147	Pulse	55	5930000	3305	NA
147	Pulse	55	5940000	13305	NA
147	Pulse	55	5950000	23305	NA
147	Pulse	55	5960000	33305	NA
148	Pulse	55	5970000	2709	NA
148	Pulse	55	5980000	12709	NA
148	Pulse	55	5990000	22709	NA
148	Pulse	55	6000000	32709	NA
149	Pulse	55	6010000	2112	NA
149	Pulse	55	6020000	12112	NA
149	Pulse	55	6030000	22112	NA
149	Pulse	55	6040000	32112	NA
150	Pulse	55	6050000	1515	NA
150	Pulse	55	6060000	11515	NA
150	Pulse	55	6070000	21515	NA
150	Pulse	55	6080000	31515	NA
151	Pulse	55	6090000	918	NA
151	Pulse	55	6100000	10918	NA
151	Pulse	55	6110000	20918	NA
151	Pulse	55	6120000	30918	NA
152	Pulse	55	6130000	322	NA
152	Pulse	55	6140000	10322	NA
152	Pulse	55	6150000	20322	NA
152	Pulse	55	6160000	30322	NA
152	Pulse	55	6170000	40322	NA
153	Pulse	55	6180000	9809	NA
153	Pulse	55	6190000	19809	NA
153	Pulse	55	6200000	29809	NA
153	Pulse	55	6210000	39809	NA
154	Pulse	55	6220000	9295	NA
154	Pulse	55	6230000	19295	NA
154	Pulse	55	6240000	29295	NA
154	Pulse	55	6250000	39295	NA
155	Pulse	55	6260000	8865	NA
155	Pulse	55	6270000	18865	NA
155	Pulse	55	6280000	28865	NA
155	Pulse	55	6290000	38865	NA
156	Pulse	55	6300000	8352	NA
156	Pulse	55	6310000	18352	NA
156	Pulse	55	6320000	28352	NA
156	Pulse	55	6330000	38352	NA
157	Pulse	55	6340000	7839	NA
157	Pulse	55	6350000	17839	NA
157	Pulse	55	6360000	27839	NA
157	Pulse	55	6370000	37839	NA
158	Pulse	55	6380000	7325	NA
158	Pulse	55	6390000	17325	NA
158	Pulse	55	6400000	27325	NA
158	Pulse	55	6410000	37325	NA
159	Pulse	55	6420000	6729	NA
159	Pulse	55	6430000	16729	NA
159	Pulse	55	6440000	26729	NA
159	Pulse	55	6450000	36729	NA
160	Pulse	55	6460000	6132	NA
160	Pulse	55	6470000	16132	NA
160	Pulse	55	6480000	26132	NA
160	Pulse	55	6490000	36132	NA
161	Pulse	55	6500000	5536	NA
161	Pulse	55	6510000	15536	NA
161	Pulse	55	6520000	25536	NA
161	Pulse	55	6530000	35536	NA
162	Pulse	55	6540000	5022	NA
162	Pulse	55	6550000	15022	NA
162	Pulse	55	6560000	25022	NA
162	Pulse	55	6570000	35022	NA
163	Pulse	55	6580000	4426	NA
163	Pulse	55	6590000	14426	NA
163	Pulse	55	6600000	24426	NA
163	Pulse	55	6610000	34426	NA
164	Pulse	55	6620000	3829	NA
164	Pulse	55	6630000	13829	NA
164	Pulse	55	6640000	23829	NA
164	Pulse	55	6650000	33829	NA
165	Pulse	55	6660000	3232	NA
165	Pulse	55	6670000	13232	NA
165	Pulse	55	6680000	23232	NA
165	Pulse	55	6690000	33232	NA
166	Pulse	55	6700000	2636	NA
166	Pulse	55	6710000	12636	NA
166	Pulse	55	6720000	22636	NA
166	Pulse	55	6730000	32636	NA
167	Pulse	55	6740000	2039	NA
167	Pulse	55	6750000	12039	NA
167	Pulse	55	6760000	22039	NA
167	Pulse	55	6770000	32039	NA
168	Pulse	55	6780000	1442	NA
168	Pulse	55	6790000	11442	NA
168	Pulse	55	6800000	21442	NA
168	Pulse	55	6810000	31442	NA
169	Pulse	55	6820000	929	NA
169	Pulse	55	6830000	10929	NA
169	Pulse	55	6840000	20929	NA
169	Pulse	55	6850000	30929	NA
170	Pulse	55	6860000	332	NA
170	Pulse	55	6870000	10332	NA
170	Pulse	55	6880000	20332	NA
170	Pulse	55	6890000	30332	NA
170	Pulse	55	6900000	40332	NA
171	Pulse	55	6910000	9819	NA
171	Pulse	55	6920000	19819	NA
171	Pulse	55	6930000	29819	NA
171	Pulse	55	6940000	39819	NA
172	Pulse	55	6950000	9306	NA
172	Pulse	55	6960000	19306	NA
172	Pulse	55	6970000	29306	NA
172	Pulse	55	6980000	39306	NA
173	Pulse	55	6990000	8709	NA
173	Pulse	55	7000000	18709	NA
173	Pulse	55	7010000	28709	NA
173	Pulse	55	7020000	38709	NA
174	Pulse	55	7030000	8279	NA
174	Pulse	55	7040000	18279	NA
174	Pulse	55	7050000	28279	NA
174	Pulse	55	7060000	38279	NA
175	Pulse	55	7070000	7766	NA
175	Pulse	55	7080000	17766	NA
175	Pulse	55	7090000	27766	NA
175	Pulse	55	7100000	37766	NA
176	Pulse	55	7110000	7169	NA
176	Pulse	55	7120000	17169	NA
176	Pulse	55	7130000	27169	NA
176	Pulse	55	7140000	37169	NA
177	Pulse	55	7150000	6656	NA
177	Pulse	55	7160000	16656	NA
177	Pulse	55	7170000	26656	NA
177	Pulse	55	7180000	36656	NA
178	Pulse	55	7190000	6143	NA
178	Pulse	55	7200000	16143	NA
178	Pulse	55	7210000	26143	NA
178	Pulse	55	7220000	36143	NA
179	Pulse	55	7230000	5629	NA
179	Pulse	55	7240000	15629	NA
179	Pulse	55	7250000	25629	NA
179	Pulse	55	7260000	35629	NA
180	Pulse	55	7270000	5033	NA
180	Pulse	55	7280000	15033	NA
180	Pulse	55	7290000	25033	NA
180	Pulse	55	7300000	35033	NA
181	Pulse	55	7310000	4436	NA
181	Pulse	55	7320000	14436	NA
181	Pulse	55	7330000	24436	NA
181	Pulse	55	7340000	34436	NA
182	Pulse	55	7350000	3839	NA
182	Pulse	55	7360000	13839	NA
182	Pulse	55	7370000	23839	NA
182	Pulse	55	7380000	33839	NA
183	Pulse	55	7390000	3243	NA
183	Pulse	55	7400000	13243	NA
183	Pulse	55	7410000	23243	NA
183	Pulse	55	7420000	33243	NA
184	Pulse	55	7430000	2646	NA
184	Pulse	55	7440000	12646	NA
184	Pulse	55	7450000	22646	NA
184	Pulse	55	7460000	32646	NA
185	Pulse	55	7470000	2133	NA
185	Pulse	55	7480000	12133	NA
185	Pulse	55	7490000	22133	NA
185	Pulse	55	7500000	32133	NA
186	Pulse	55	7510000	1536	NA
186	Pulse	55	7520000	11536	NA
186	Pulse	55	7530000	21536	NA
186	Pulse	55	7540000	31536	NA
187	Pulse	55	7550000	939	NA
187	Pulse	55	7560000	10939	NA
187	Pulse	55	7570000	20939	NA
187	Pulse	55	7580000	30939	NA
188	Pulse	55	7590000	343	NA
188	Pulse	55	7600000	10343	NA
188	Pulse	55	7610000	20343	NA
188	Pulse	55	7620000	30343	NA
188	Pulse	55	7630000	40343	NA
189	Pulse	55	7640000	9746	NA
189	Pulse	55	7650000	19746	NA
189	Pulse	55	7660000	29746	NA
189	Pulse	55	7670000	39746	NA
190	Pulse	55	7680000	9149	NA
190	Pulse	55	7690000	19149	NA
190	Pulse	55	7700000	29149	NA
190	Pulse	55	7710000	39149	NA
191	Pulse	55	7720000	8553	NA
191	Pulse	55	7730000	18553	NA
191	Pulse	55	7740000	28553	NA
191	Pulse	55	7750000	38553	NA
192	Pulse	55	7760000	7956	NA
192	Pulse	55	7770000	17956	NA
192	Pulse	55	7780000	27956	NA
192	Pulse	55	7790000	37956	NA
193	Pulse	55	7800000	7359	NA
193	Pulse	55	7810000	17359	NA
193	Pulse	55	7820000	27359	NA
193	Pulse	55	7830000	37359	NA
194	Pulse	55	7840000	6763	NA
194	Pulse	55	7850000	16763	NA
194	Pulse	55	7860000	26763	NA
194	Pulse	55	7870000	36763	NA
195	Pulse	55	7880000	6166	NA
195	Pulse	55	7890000	16166	NA
195	Pulse	55	7900000	26166	NA
195	Pulse	55	7910000	36166	NA
196	Pulse	55	7920000	5570	NA
196	Pulse	55	7930000	15570	NA
196	Pulse	55	7940000	25570	NA
196	Pulse	55	7950000	35570	NA
197	Pulse	55	7960000	5056	NA
197	Pulse	55	7970000	15056	NA
197	Pulse	55	7980000	25056	NA
197	Pulse	55	7990000	35056	NA
198	Pulse	55	8000000	4543	NA
198	Pulse	55	8010000	14543	NA
198	Pulse	55	8020000	24543	NA
198	Pulse	55	8030000	34543	NA
199	Pulse	55	8040000	3946	NA
199	Pulse	55	8050000	13946	NA
199	Pulse	55	8060000	23946	NA
199	Pulse	55	8070000	33946	NA
200	Pulse	55	8080000	3350	NA
200	Pulse	55	8090000	13350	NA
200	Pulse	55	8100000	23350	NA
200	Pulse	55	8110000	33350	NA
201	Pulse	55	8120000	2920	NA
201	Pulse	55	8130000	12920	NA
201	Pulse	55	8140000	22920	NA
201	Pulse	55	8150000	32920	NA
202	Pulse	55	8160000	2406	NA
202	Pulse	55	8170000	12406	NA
202	Pulse	55	8180000	22406	NA
202	Pulse	55	8190000	32406	NA
203	Pulse	55	8200000	1893	NA
203	Pulse	55	8210000	11893	NA
203	Pulse	55	8220000	21893	NA
203	Pulse	55	8230000	31893	NA
204	Pulse	55	8240000	1296	NA
204	Pulse	55	8250000	11296	NA
204	Pulse	55	8260000	21296	NA
204	Pulse	55	8270000	31296	NA
205	Pulse	55	8280000	783	NA
205	Pulse	55	8290000	10783	NA
205	Pulse	55	8300000	20783	NA
205	Pulse	55	8310000	30783	NA
206	Pulse	55	8320000	186	NA
206	Pulse	55	8330000	10186	NA
206	Pulse	55	8340000	20186	NA
206	Pulse	55	8350000	30186	NA
206	Pulse	55	8360000	40186	NA
207	Pulse	55	8370000	9673	NA
207	Pulse	55	8380000	19673	NA
207	Pulse	55	8390000	29673	NA
207	Pulse	55	8400000	39673	NA
208	Pulse	55	8410000	9160	NA
208	Pulse	55	8420000	19160	NA
208	Pulse	55	8430000	29160	NA
208	Pulse	55	8440000	39160	NA
209	Pulse	55	8450000	8647	NA
209	Pulse	55	8460000	18647	NA
209	Pulse	55	8470000	28647	NA
209	Pulse	55	8480000	38647	NA
210	Pulse	55	8490000	8133	NA
210	Pulse	55	8500000	18133	NA
210	Pulse	55	8510000	28133	NA
210	Pulse	55	8520000	38133	NA
211	Pulse	55	8530000	7703	NA
211	Pulse	55	8540000	17703	NA
211	Pulse	55	8550000	27703	NA
211	Pulse	55	8560000	37703	NA
212	Pulse	55	8570000	7190	NA
212	Pulse	55	8580000	17190	NA
212	Pulse	55	8590000	27190	NA
212	Pulse	55	8600000	37190	NA
213	Pulse	55	8610000	6677	NA
213	Pulse	55	8620000	16677	NA
213	Pulse	55	8630000	26677	NA
213	Pulse	55	8640000	36677	NA
214	Pulse	55	8650000	6163	NA
214	Pulse	55	8660000	16163	NA
214	Pulse	55	8670000	26163	NA
214	Pulse	55	8680000	36163	NA
215	Pulse	55	8690000	5567	NA
215	Pulse	55	8700000	15567	NA
215	Pulse	55	8710000	25567	NA
215	Pulse	55	8720000	35567	NA
216	Pulse	55	8730000	5054	NA
216	Pulse	55	8740000	15054	NA
216	Pulse	55	8750000	25054	NA
216	Pulse	55	8760000	35054	NA
217	Pulse	55	8770000	4707	NA
217	Pulse	55	8780000	14707	NA
217	Pulse	55	8790000	24707	NA
217	Pulse	55	8800000	34707	NA
218	Pulse	55	8810000	4194	NA
218	Pulse	55	8820000	14194	NA
218	Pulse	55	8830000	24194	NA
218	Pulse	55	8840000	34194	NA
219	Pulse	55	8850000	3680	NA
219	Pulse	55	8860000	13680	NA
219	Pulse	55	8870000	23680	NA
219	Pulse	55	8880000	33680	NA
220	Pulse	55	8890000	3084	NA
220	Pulse	55	8900000	13084	NA
220	Pulse	55	8910000	23084	NA
220	Pulse	55	8920000	33084	NA
221	Pulse	55	8930000	2487	NA
221	Pulse	55	8940000	12487	NA
221	Pulse	55	8950000	22487	NA
221	Pulse	55	8960000	32487	NA
222	Pulse	55	8970000	2057	NA
222	Pulse	55	8980000	12057	NA
222	Pulse	55	8990000	22057	NA
222	Pulse	55	9000000	32057	NA
223	Pulse	55	9010000	1544	NA
223	Pulse	55	9020000	11544	NA
223	Pulse	55	9030000	21544	NA
223	Pulse	55	9040000	31544	NA
224	Pulse	55	9050000	947	NA
224	Pulse	55	9060000	10947	NA
224	Pulse	55	9070000	20947	NA
224	Pulse	55	9080000	30947	NA
225	Pulse	55	9090000	517	NA
225	Pulse	55	9100000	10517	NA
225	Pulse	55	9110000	20517	NA
225	Pulse	55	9120000	30517	NA
226	Pulse	55	9130000	4	NA
226	Pulse	55	9140000	10004	NA
226	Pulse	55	9150000	20004	NA
226	Pulse	55	9160000	30004	NA
226	Pulse	55	9170000	40004	NA
227	Pulse	55	9180000	9491	NA
227	Pulse	55	9190000	19491	NA
227	Pulse	55	9200000	29491	NA
227	Pulse	55	9210000	39491	NA
228	Pulse	55	9220000	8977	NA
228	Pulse	55	9230000	18977	NA
228	Pulse	55	9240000	28977	NA
228	Pulse	55	9250000	38977	NA
229	Pulse	55	9260000	8381	NA
229	Pulse	55	9270000	18381	NA
229	Pulse	55	9280000	28381	NA
229	Pulse	55	9290000	38381	NA
230	Pulse	55	9300000	7867	NA
230	Pulse	55	9310000	17867	NA
230	Pulse	55	9320000	27867	NA
230	Pulse	55	9330000	37867	NA
231	Pulse	55	9340000	7354	NA
231	Pulse	55	9350000	17354	NA
231	Pulse	55	9360000	27354	NA
231	Pulse	55	9370000	37354	NA
232	Pulse	55	9380000	6757	NA
232	Pulse	55	9390000	16757	NA
232	Pulse	55	9400000	26757	NA
232	Pulse	55	9410000	36757	NA
233	Pulse	55	9420000	6161	NA
233	Pulse	55	9430000	16161	NA
233	Pulse	55	9440000	26161	NA
233	Pulse	55	9450000	36161	NA
234	Pulse	55	9460000	5564	NA
234	Pulse	55	9470000	15564	NA
234	Pulse	55	9480000	25564	NA
234	Pulse	55	9490000	35564	NA
235	Pulse	55	9500000	4967	NA
235	Pulse	55	9510000	14967	NA
235	Pulse	55	9520000	24967	NA
235	Pulse	55	9530000	34967	NA
236	Pulse	55	9540000	4371	NA
236	Pulse	55	9550000	14371	NA
236	Pulse	55	9560000	24371	NA
236	Pulse	55	9570000	34371	NA
237	Pulse	55	9580000	3774	NA
237	Pulse	55	9590000	13774	NA
237	Pulse	55	9600000	23774	NA
237	Pulse	55	9610000	33774	NA
238	Pulse	55	9620000	3261	NA
238	Pulse	55	9630000	13261	NA
238	Pulse	55	9640000	23261	NA
238	Pulse	55	9650000	33261	NA
239	Pulse	55	9660000	2748	NA
239	Pulse	55	9670000	12748	NA
239	Pulse	55	9680000	22748	NA
239	Pulse	55	9690000	32748	NA
240	Pulse	55	9700000	2151	NA
240	Pulse	55	9710000	12151	NA
240	Pulse	55	9720000	22151	NA
240	Pulse	55	9730000	32151	NA
241	Pulse	55	9740000	1638	NA
241	Pulse	55	9750000	11638	NA
241	Pulse	55	9760000	21638	NA
241	Pulse	55	9770000	31638	NA
242	Pulse	55	9780000	1041	NA
242	Pulse	55	9790000	11041	NA
242	Pulse	55	9800000	21041	NA
242	Pulse	55	9810000	31041	NA
243	Pulse	55	9820000	444	NA
243	Pulse	55	9830000	10444	NA
243	Pulse	55	9840000	20444	NA
243	Pulse	55	9850000	30444	NA
243	Pulse	55	9860000	40444	NA
244	Pulse	55	9870000	9848	NA
244	Pulse	55	9880000	19848	NA
244	Pulse	55	9890000	29848	NA
244	Pulse	55	9900000	39848	NA
245	Pulse	55	9910000	9334	NA
245	Pulse	55	9920000	19334	NA
245	Pulse	55	9930000	29334	NA
245	Pulse	55	9940000	39334	NA
246	Pulse	55	9950000	8738	NA
246	Pulse	55	9960000	18738	NA
246	Pulse	55	9970000	28738	NA
246	Pulse	55	9980000	38738	NA
247	Pulse	55	9990000	8141	NA
247	Pulse	55	10000000	18141	NA
247	Pulse	55	10010000	28141	NA
247	Pulse	55	10020000	38141	NA
248	Pulse	55	10030000	7544	NA
248	Pulse	55	10040000	17544	NA
248	Pulse	55	10050000	27544	NA
248	Pulse	55	10060000	37544	NA
249	Pulse	55	10070000	6948	NA
249	Pulse	55	10080000	16948	NA
249	Pulse	55	10090000	26948	NA
249	Pulse	55	10100000	36948	NA
250	Pulse	55	10110000	6351	NA
250	Pulse	55	10120000	16351	NA
250	Pulse	55	10130000	26351	NA
250	Pulse	55	10140000	36351	NA
251	Pulse	55	10150000	5754	NA
251	Pulse	55	10160000	15754	NA
251	Pulse	55	10170000	25754	NA
251	Pulse	55	10180000	35754	NA
252	Pulse	55	10190000	5158	NA
252	Pulse	55	10200000	15158	NA
252	Pulse	55	10210000	25158	NA
252	Pulse	55	10220000	35158	NA
253	Pulse	55	10230000	4561	NA
253	Pulse	55	10240000	14561	NA
253	Pulse	55	10250000	24561	NA
253	Pulse	55	10260000	34561	NA
254	Pulse	55	10270000	3964	NA
254	Pulse	55	10280000	13964	NA
254	Pulse	55	10290000	23964	NA
254	Pulse	55	10300000	33964	NA
255	Pulse	55	10310000	3535	NA
255	Pulse	55	10320000	13535	NA
255	Pulse	55	10330000	23535	NA
255	Pulse	55	10340000	33535	NA
256	Pulse	55	10350000	3021	NA
256	Pulse	55	10360000	13021	NA
256	Pulse	55	10370000	23021	NA
256	Pulse	55	10380000	33021	NA
257	Pulse	55	10390000	2508	NA
257	Pulse	55	10400000	12508	NA
257	Pulse	55	10410000	22508	NA
257	Pulse	55	10420000	32508	NA
258	Pulse	55	10430000	1911	NA
258	Pulse	55	10440000	11911	NA
258	Pulse	55	10450000	21911	NA
258	Pulse	55	10460000	31911	NA
259	Pulse	55	10470000	1315	NA
259	Pulse	55	10480000	11315	NA
259	Pulse	55	10490000	21315	NA
259	Pulse	55	10500000	31315	NA
260	Pulse	55	10510000	718	NA
260	Pulse	55	10520000	10718	NA
260	Pulse	55	10530000	20718	NA
260	Pulse	55	10540000	30718	NA
261	Pulse	55	10550000	121	NA
261	Pulse	55	10560000	10121	NA
261	Pulse	55	10570000	20121	NA
261	Pulse	55	10580000	30121	NA
261	Pulse	55	10590000	40121	NA
262	Pulse	55	10600000	9525	NA
262	Pulse	55	10610000	19525	NA
262	Pulse	55	10620000	29525	NA
262	Pulse	55	10630000	39525	NA
263	Pulse	55	10640000	9011	NA
263	Pulse	55	10650000	19011	NA
263	Pulse	55	10660000	29011	NA
263	Pulse	55	10670000	39011	NA
264	Pulse	55	10680000	8415	NA
264	Pulse	55	10690000	18415	NA
264	Pulse	55	10700000	28415	NA
264	Pulse	55	10710000	38415	NA
265	Pulse	55	10720000	7818	NA
265	Pulse	55	10730000	17818	NA
265	Pulse	55	10740000	27818	NA
265	Pulse	55	10750000	37818	NA
266	Pulse	55	10760000	7221	NA
266	Pulse	55	10770000	17221	NA
266	Pulse	55	10780000	27221	NA
266	Pulse	55	10790000	37221	NA
267	Pulse	55	10800000	6708	NA
267	Pulse	55	10810000	16708	NA
267	Pulse	55	10820000	26708	NA
267	Pulse	55	10830000	36708	NA
268	Pulse	55	10840000	6111	NA
268	Pulse	55	10850000	16111	NA
268	Pulse	55	10860000	26111	NA
268	Pulse	55	10870000	36111	NA
269	Pulse	55	10880000	5515	NA
269	Pulse	55	10890000	15515	NA
269	Pulse	55	10900000	25515	NA
269	Pulse	55	10910000	35515	NA
270	Pulse	55	10920000	4918	NA
270	Pulse	55	10930000	14918	NA
270	Pulse	55	10940000	24918	NA
270	Pulse	55	10950000	34918	NA
271	Pulse	55	10960000	4321	NA
271	Pulse	55	10970000	14321	NA
271	Pulse	55	10980000	24321	NA
271	Pulse	55	10990000	34321	NA
272	Pulse	55	11000000	3808	NA
272	Pulse	55	11010000	13808	NA
272	Pulse	55	11020000	23808	NA
272	Pulse	55	11030000	33808	NA
273	Pulse	55	11040000	3211	NA
273	Pulse	55	11050000	13211	NA
273	Pulse	55	11060000	23211	NA
273	Pulse	55	11070000	33211	NA
274	Pulse	55	11080000	2615	NA
274	Pulse	55	11090000	12615	NA
274	Pulse	55	11100000	22615	NA
274	Pulse	55	11110000	32615	NA
275	Pulse	55	11120000	2018	NA
275	Pulse	55	11130000	12018	NA
275	Pulse	55	11140000	22018	NA
275	Pulse	55	11150000	32018	NA
276	Pulse	55	11160000	1422	NA
276	Pulse	55	11170000	11422	NA
276	Pulse	55	11180000	21422	NA
276	Pulse	55	11190000	31422	NA
277	Pulse	55	11200000	825	NA
277	Pulse	55	11210000	10825	NA
277	Pulse	55	11220000	20825	NA
277	Pulse	55	11230000	30825	NA
278	Pulse	55	11240000	228	NA
278	Pulse	55	11250000	10228	NA
278	Pulse	55	11260000	20228	NA
278	Pulse	55	11270000	30228	NA
278	Pulse	55	11280000	40228	NA
279	Pulse	55	11290000	9632	NA
279	Pulse	55	11300000	19632	NA
279	Pulse	55	11310000	29632	NA
279	Pulse	55	11320000	39632	NA
280	Pulse	55	11330000	9035	NA
280	Pulse	55	11340000	19035	NA
280	Pulse	55	11350000	29035	NA
280	Pulse	55	11360000	39035	NA
281	Pulse	55	11370000	8438	NA
281	Pulse	55	11380000	18438	NA
281	Pulse	55	11390000	28438	NA
281	Pulse	55	11400000	38438	NA
282	Pulse	55	11410000	7842	NA
282	Pulse	55	11420000	17842	NA
282	Pulse	55	11430000	27842	NA
282	Pulse	55	11440000	37842	NA
283	Pulse	55	11450000	7162	NA
283	Pulse	55	11460000	17162	NA
283	Pulse	55	11470000	27162	NA
283	Pulse	55	11480000	37162	NA
284	Pulse	55	11490000	6565	NA
284	Pulse	55	11500000	16565	NA
284	Pulse	55	11510000	26565	NA
284	Pulse	55	11520000	36565	NA
285	Pulse	55	11530000	5968	NA
285	Pulse	55	11540000	15968	NA
285	Pulse	55	11550000	25968	NA
285	Pulse	55	11560000	35968	NA
286	Pulse	55	11570000	5372	NA
286	Pulse	55	11580000	15372	NA
286	Pulse	55	11590000	25372	NA
286	Pulse	55	11600000	35372	NA
287	Pulse	55	11610000	4692	NA
287	Pulse	55	11620000	14692	NA
287	Pulse	55	11630000	24692	NA
287	Pulse	55	11640000	34692	NA
288	Pulse	55	11650000	4095	NA
288	Pulse	55	11660000	14095	NA
288	Pulse	55	11670000	24095	NA
288	Pulse	55	11680000	34095	NA
289	Pulse	55	11690000	3498	NA
289	Pulse	55	11700000	13498	NA
289	Pulse	55	11710000	23498	NA
289	Pulse	55	11720000	33498	NA
290	Pulse	55	11730000	2902	NA
290	Pulse	55	11740000	12902	NA
290	Pulse	55	11750000	22902	NA
290	Pulse	55	11760000	32902	NA
291	Pulse	55	11770000	2222	NA
291	Pulse	55	11780000	12222	NA
291	Pulse	55	11790000	22222	NA
291	Pulse	55	11800000	32222	NA
292	Pulse	55	11810000	1625	NA
292	Pulse	55	11820000	11625	NA
292	Pulse	55	11830000	21625	NA
292	Pulse	55	11840000	31625	NA
293	Pulse	55	11850000	1028	NA
293	Pulse	55	11860000	11028	NA
293	Pulse	55	11870000	21028	NA
293	Pulse	55	11880000	31028	NA
294	Pulse	55	11890000	348	NA
294	Pulse	55	11900000	10348	NA
294	Pulse	55	11910000	20348	NA
294	Pulse	55	11920000	30348	NA
294	Pulse	55	11930000	40348	NA
295	Pulse	55	11940000	9752	NA
295	Pulse	55	11950000	19752	NA
295	Pulse	55	11960000	29752	NA
295	Pulse	55	11970000	39752	NA
296	Pulse	55	11980000	9155	NA
296	Pulse	55	11990000	19155	NA
296	Pulse	55	12000000	29155	NA
296	Pulse	55	12010000	39155	NA
297	Pulse	55	12020000	8558	NA
297	Pulse	55	12030000	18558	NA
297	Pulse	55	12040000	28558	NA
297	Pulse	55	12050000	38558	NA
298	Pulse	55	12060000	7878	NA
298	Pulse	55	12070000	17878	NA
298	Pulse	55	12080000	27878	NA
298	Pulse	55	12090000	37878	NA
299	Pulse	55	12100000	7282	NA
299	Pulse	55	12110000	17282	NA
299	Pulse	55	12120000	27282	NA
299	Pulse	55	12130000	37282	NA
300	Pulse	55	12140000	6685	NA
300	Pulse	55	12150000	16685	NA
300	Pulse	55	12160000	26685	NA
300	Pulse	55	12170000	36685	NA
301	Pulse	55	12180000	6005	NA
301	Pulse	55	12190000	16005	NA
301	Pulse	55	12200000	26005	NA
301	Pulse	55	12210000	36005	NA
302	Pulse	55	12220000	5408	NA
302	Pulse	55	12230000	15408	NA
302	Pulse	55	12240000	25408	NA
302	Pulse	55	12250000	35408	NA
303	Pulse	55	12260000	4812	NA
303	Pulse	55	12270000	14812	NA
303	Pulse	55	12280000	24812	NA
303	Pulse	55	12290000	34812	NA
304	Pulse	55	12300000	4215	NA
304	Pulse	55	12310000	14215	NA
304	Pulse	55	12320000	24215	NA
304	Pulse	55	12330000	34215	NA
305	Pulse	55	12340000	3618	NA
305	Pulse	55	12350000	13618	NA
305	Pulse	55	12360000	23618	NA
305	Pulse	55	12370000	33618	NA
306	Pulse	55	12380000	3022	NA
306	Pulse	55	12390000	13022	NA
306	Pulse	55	12400000	23022	NA
306	Pulse	55	12410000	33022	NA
307	Pulse	55	12420000	2425	NA
307	Pulse	55	12430000	12425	NA
307	Pulse	55	12440000	22425	NA
307	Pulse	55	12450000	32425	NA
308	Pulse	55	12460000	1745	NA
308	Pulse	55	12470000	11745	NA
308	Pulse	55	12480000	21745	NA
308	Pulse	55	12490000	31745	NA
309	Pulse	55	12500000	1148	NA
309	Pulse	55	12510000	11148	NA
309	Pulse	55	12520000	21148	NA
309	Pulse	55	12530000	31148	NA
310	Pulse	55	12540000	468	NA
310	Pulse	55	12550000	10468	NA
310	Pulse	55	12560000	20468	NA
310	Pulse	55	12570000	30468	NA
310	Pulse	55	12580000	40468	NA
311	Pulse	55	12590000	9872	NA
311	Pulse	55	12600000	19872	NA
311	Pulse	55	12610000	29872	NA
311	Pulse	55	12620000	39872	NA
312	Pulse	55	12630000	9192	NA
312	Pulse	55	12640000	19192	NA
312	Pulse	55	12650000	29192	NA
312	Pulse	55	12660000	39192	NA
313	Pulse	55	12670000	8595	NA
313	Pulse	55	12680000	18595	NA
313	Pulse	55	12690000	28595	NA
313	Pulse	55	12700000	38595	NA
314	Pulse	55	12710000	7998	NA
314	Pulse	55	12720000	17998	NA
314	Pulse	55	12730000	27998	NA
314	Pulse	55	12740000	37998	NA
315	Pulse	55	12750000	7402	NA
315	Pulse	55	12760000	17402	NA
315	Pulse	55	12770000	27402	NA
315	Pulse	55	12780000	37402	NA
316	Pulse	55	12790000	6805	NA
316	Pulse	55	12800000	16805	NA
316	Pulse	55	12810000	26805	NA
316	Pulse	55	12820000	36805	NA
317	Pulse	55	12830000	6208	NA
317	Pulse	55	12840000	16208	NA
317	Pulse	55	12850000	26208	NA
317	Pulse	55	12860000	36208	NA
318	Pulse	55	12870000	5528	NA
318	Pulse	55	12880000	15528	NA
318	Pulse	55	12890000	25528	NA
318	Pulse	55	12900000	35528	NA
319	Pulse	55	12910000	4932	NA
319	Pulse	55	12920000	14932	NA
319	Pulse	55	12930000	24932	NA
319	Pulse	55	12940000	34932	NA
320	Pulse	55	12950000	4335	NA
320	Pulse	55	12960000	14335	NA
320	Pulse	55	12970000	24335	NA
320	Pulse	55	12980000	34335	NA
321	Pulse	55	12990000	3738	NA
321	Pulse	55	13000000	13738	NA
321	Pulse	55	13010000	23738	NA
321	Pulse	55	13020000	33738	NA
322	Pulse	55	13030000	3142	NA
322	Pulse	55	13040000	13142	NA
322	Pulse	55	13050000	23142	NA
322	Pulse	55	13060000	33142	NA
323	Pulse	55	13070000	2545	NA
323	Pulse	55	13080000	12545	NA
323	Pulse	55	13090000	22545	NA
323	Pulse	55	13100000	32545	NA
324	Pulse	55	13110000	1948	NA
324	Pulse	55	13120000	11948	NA
324	Pulse	55	13130000	21948	NA
324	Pulse	55	13140000	31948	NA
325	Pulse	55	13150000	1352	NA
325	Pulse	55	13160000	11352	NA
325	Pulse	55	13170000	21352	NA
325	Pulse	55	13180000	31352	NA
326	Pulse	55	13190000	755	NA
326	Pulse	55	13200000	10755	NA
326	Pulse	55	13210000	20755	NA
326	Pulse	55	13220000	30755	NA
327	Pulse	55	13230000	158	NA
327	Pulse	55	13240000	10158	NA
327	Response	1	13244812	14970	1
327	Pulse	55	13250000	20158	NA
327	Pulse	55	13260000	30158	NA
328	Pulse	55	13270000	62	NA
328	Pulse	55	13280000	10062	NA
328	Pulse	55	13290000	20062	NA
329	Pulse	55	13300000	9972	NA
329	Pulse	55	13310000	19972	NA
329	Pulse	55	13320000	29972	NA
329	Pulse	55	13330000	39972	NA
329	Pulse	55	13340000	49972	NA
329	Pulse	55	13350000	59972	NA
329	Pulse	55	13360000	69972	NA
329	Pulse	55	13370000	79972	NA
329	Pulse	55	13380000	89972	NA
329	Pulse	55	13390000	99972	NA
329	Pulse	55	13400000	109972	NA
329	Pulse	55	13410000	119972	NA
329	Pulse	55	13420000	129972	NA
329	Pulse	55	13430000	139972	NA
329	Pulse	55	13440000	149972	NA
329	Pulse	55	13450000	159972	NA
329	Pulse	55	13460000	169972	NA
329	Pulse	55	13470000	179972	NA
329	Response	1	13472410	182382	1
329	Pulse	55	13480000	189972	NA
329	Pulse	55	13490000	199972	NA
330	Pulse	55	13500000	9906	NA
330	Pulse	55	13510000	19906	NA
330	Pulse	55	13520000	29906	NA
330	Pulse	55	13530000	39906	NA
330	Pulse	55	13540000	49906	NA
330	Pulse	55	13550000	59906	NA
330	Pulse	55	13560000	69906	NA
330	Pulse	55	13570000	79906	NA
330	Pulse	55	13580000	89906	NA
330	Pulse	55	13590000	99906	NA
330	Pulse	55	13600000	109906	NA
330	Pulse	55	13610000	119906	NA
330	Pulse	55	13620000	129906	NA
330	Pulse	55	13630000	139906	NA
330	Pulse	55	13640000	149906	NA
330	Pulse	55	13650000	159906	NA
330	Pulse	55	13660000	169906	NA
330	Pulse	55	13670000	179906	NA
330	Pulse	55	13680000	189906	NA
330	Pulse	55	13690000	199906	NA
330	Pulse	55	13700000	209906	NA
330	Pulse	55	13710000	219906	NA
330	Pulse	55	13720000	229906	NA
330	Pulse	55	13730000	239906	NA
330	Pulse	55	13740000	249906	NA
330	Pulse	55	13750000	259906	NA
330	Pulse	55	13760000	269906	NA
330	Pulse	55	13770000	279906	NA
330	Pulse	55	13780000	289906	NA
330	Pulse	55	13790000	299906	NA
330	Pulse	55	13800000	309906	NA
330	Pulse	55	13810000	319906	NA
330	Pulse	55	13820000	329906	NA
330	Pulse	55	13830000	339906	NA
330	Pulse	55	13840000	349906	NA
330	Pulse	55	13850000	359906	NA
330	Pulse	55	13860000	369906	NA
330	Pulse	55	13870000	379906	NA
330	Pulse	55	13880000	389906	NA
330	Pulse	55	13890000	399906	NA
330	Pulse	55	13900000	409906	NA
330	Pulse	55	13910000	419906	NA
330	Pulse	55	13920000	429906	NA
330	Pulse	55	13930000	439906	NA
330	Pulse	55	13940000	449906	NA
330	Pulse	55	13950000	459906	NA
330	Pulse	55	13960000	469906	NA
330	Pulse	55	13970000	479906	NA
330	Pulse	55	13980000	489906	NA
330	Pulse	55	13990000	499906	NA
330	Pulse	55	14000000	509906	NA
330	Pulse	55	14010000	519906	NA
330	Pulse	55	14020000	529906	NA
330	Pulse	55	14030000	539906	NA
330	Pulse	55	14040000	549906	NA
330	Pulse	55	14050000	559906	NA
330	Pulse	55	14060000	569906	NA
330	Pulse	55	14070000	579906	NA
330	Pulse	55	14080000	589906	NA
330	Pulse	55	14090000	599906	NA
330	Pulse	55	14100000	609906	NA
330	Pulse	55	14110000	619906	NA
330	Pulse	55	14120000	629906	NA
330	Pulse	55	14130000	639906	NA
330	Pulse	55	14140000	649906	NA
330	Pulse	55	14150000	659906	NA
330	Pulse	55	14160000	669906	NA
330	Pulse	55	14170000	679906	NA
330	Pulse	55	14180000	689906	NA
330	Pulse	55	14190000	699906	NA
330	Pulse	55	14200000	709906	NA
330	Pulse	55	14210000	719906	NA
330	Pulse	55	14220000	729906	NA
330	Pulse	55	14230000	739906	NA
330	Pulse	55	14240000	749906	NA
330	Pulse	55	14250000	759906	NA
330	Pulse	55	14260000	769906	NA
330	Pulse	55	14270000	779906	NA
330	Pulse	55	14280000	789906	NA
330	Pulse	55	14290000	799906	NA
330	Pulse	55	14300000	809906	NA
330	Pulse	55	14310000	819906	NA
330	Pulse	55	14320000	829906	NA
330	Pulse	55	14330000	839906	NA
330	Pulse	55	14340000	849906	NA
330	Pulse	55	14350000	859906	NA
330	Pulse	55	14360000	869906	NA
330	Pulse	55	14370000	879906	NA
330	Pulse	55	14380000	889906	NA
330	Pulse	55	14390000	899906	NA
330	Pulse	55	14400000	909906	NA
330	Pulse	55	14410000	919906	NA
330	Pulse	55	14420000	929906	NA
330	Pulse	55	14430000	939906	NA
330	Pulse	55	14440000	949906	NA
330	Pulse	55	14450000	959906	NA
330	Pulse	55	14460000	969906	NA
330	Pulse	55	14470000	979906	NA
330	Pulse	55	14480000	989906	NA
330	Pulse	55	14490000	999906	NA
330	Pulse	55	14500000	1009906	NA
330	Pulse	55	14510000	1019906	NA
330	Pulse	55	14520000	1029906	NA
330	Pulse	55	14530000	1039906	NA
330	Pulse	55	14540000	1049906	NA
330	Pulse	55	14550000	1059906	NA
330	Pulse	55	14560000	1069906	NA
330	Pulse	55	14570000	1079906	NA
330	Pulse	55	14580000	1089906	NA
330	Pulse	55	14590000	1099906	NA
330	Pulse	55	14600000	1109906	NA
330	Pulse	55	14610000	1119906	NA
330	Pulse	55	14620000	1129906	NA
330	Pulse	55	14630000	1139906	NA
330	Pulse	55	14640000	1149906	NA
330	Pulse	55	14650000	1159906	NA
330	Pulse	55	14660000	1169906	NA
330	Pulse	55	14670000	1179906	NA
330	Pulse	55	14680000	1189906	NA
330	Pulse	55	14690000	1199906	NA
330	Pulse	55	14700000	1209906	NA
330	Pulse	55	14710000	1219906	NA
330	Pulse	55	14720000	1229906	NA
330	Pulse	55	14730000	1239906	NA
330	Pulse	55	14740000	1249906	NA
330	Pulse	55	14750000	1259906	NA
330	Pulse	55	14760000	1269906	NA
330	Pulse	55	14770000	1279906	NA
330	Pulse	55	14780000	1289906	NA
330	Pulse	55	14790000	1299906	NA
330	Pulse	55	14800000	1309906	NA
330	Pulse	55	14810000	1319906	NA
330	Pulse	55	14820000	1329906	NA
330	Pulse	55	14830000	1339906	NA
330	Pulse	55	14840000	1349906	NA
330	Pulse	55	14850000	1359906	NA
330	Pulse	55	14860000	1369906	NA
330	Pulse	55	14870000	1379906	NA
330	Pulse	55	14880000	1389906	NA
330	Pulse	55	14890000	1399906	NA
330	Pulse	55	14900000	1409906	NA
330	Pulse	55	14910000	1419906	NA
330	Pulse	55	14920000	1429906	NA
330	Pulse	55	14930000	1439906	NA
330	Pulse	55	14940000	1449906	NA
330	Pulse	55	14950000	1459906	NA
330	Pulse	55	14960000	1469906	NA
330	Pulse	55	14970000	1479906	NA
330	Pulse	55	14980000	1489906	NA
330	Pulse	55	14990000	1499906	NA
330	Pulse	55	15000000	1509906	NA
330	Pulse	55	15010000	1519906	NA
330	Pulse	55	15020000	1529906	NA
330	Pulse	55	15030000	1539906	NA
330	Pulse	55	15040000	1549906	NA
330	Pulse	55	15050000	1559906	NA
330	Pulse	55	15060000	1569906	NA
330	Pulse	55	15070000	1579906	NA
330	Pulse	55	15080000	1589906	NA
330	Pulse	55	15090000	1599906	NA
330	Pulse	55	15100000	1609906	NA
330	Pulse	55	15110000	1619906	NA
330	Pulse	55	15120000	1629906	NA
330	Pulse	55	15130000	1639906	NA
330	Pulse	55	15140000	1649906	NA
330	Pulse	55	15150000	1659906	NA
330	Pulse	55	15160000	1669906	NA
330	Pulse	55	15170000	1679906	NA
330	Pulse	55	15180000	1689906	NA
330	Pulse	55	15190000	1699906	NA
330	Pulse	55	15200000	1709906	NA
330	Pulse	55	15210000	1719906	NA
330	Pulse	55	15220000	1729906	NA
330	Pulse	55	15230000	1739906	NA
330	Pulse	55	15240000	1749906	NA
330	Pulse	55	15250000	1759906	NA
330	Pulse	55	15260000	1769906	NA
330	Pulse	55	15270000	1779906	NA
330	Pulse	55	15280000	1789906	NA
330	Pulse	55	15290000	1799906	NA
330	Pulse	55	15300000	1809906	NA
330	Pulse	55	15310000	1819906	NA
330	Pulse	55	15320000	1829906	NA
330	Pulse	55	15330000	1839906	NA
330	Pulse	55	15340000	1849906	NA
330	Pulse	55	15350000	1859906	NA
330	Pulse	55	15360000	1869906	NA
330	Pulse	55	15370000	1879906	NA
330	Pulse	55	15380000	1889906	NA
330	Pulse	55	15390000	1899906	NA
330	Pulse	55	15400000	1909906	NA
330	Pulse	55	15410000	1919906	NA
330	Pulse	55	15420000	1929906	NA
330	Pulse	55	15430000	1939906	NA
330	Pulse	55	15440000	1949906	NA
330	Pulse	55	15450000	1959906	NA
330	Pulse	55	15460000	1969906	NA
330	Pulse	55	15470000	1979906	NA
330	Pulse	55	15480000	1989906	NA
330	Pulse	55	15490000	1999906	NA
330	Pulse	55	15500000	2009906	NA
330	Pulse	55	15510000	2019906	NA
330	Pulse	55	15520000	2029906	NA
330	Pulse	55	15530000	2039906	NA
330	Pulse	55	15540000	2049906	NA
330	Pulse	55	15550000	2059906	NA
330	Pulse	55	15560000	2069906	NA
330	Pulse	55	15570000	2079906	NA
330	Pulse	55	15580000	2089906	NA
330	Pulse	55	15590000	2099906	NA
330	Pulse	55	15600000	2109906	NA
330	Pulse	55	15610000	2119906	NA
330	Pulse	55	15620000	2129906	NA
330	Pulse	55	15630000	2139906	NA
330	Pulse	55	15640000	2149906	NA
330	Pulse	55	15650000	2159906	NA
330	Pulse	55	15660000	2169906	NA
330	Pulse	55	15670000	2179906	NA
330	Pulse	55	15680000	2189906	NA
330	Pulse	55	15690000	2199906	NA
330	Pulse	55	15700000	2209906	NA
330	Pulse	55	15710000	2219906	NA
330	Pulse	55	15720000	2229906	NA
330	Pulse	55	15730000	2239906	NA
330	Pulse	55	15740000	2249906	NA
330	Pulse	55	15750000	2259906	NA
330	Pulse	55	15760000	2269906	NA
330	Pulse	55	15770000	2279906	NA
330	Pulse	55	15780000	2289906	NA
330	Pulse	55	15790000	2299906	NA
330	Pulse	55	15800000	2309906	NA
330	Pulse	55	15810000	2319906	NA
330	Pulse	55	15820000	2329906	NA
330	Pulse	55	15830000	2339906	NA
330	Pulse	55	15840000	2349906	NA
330	Pulse	55	15850000	2359906	NA
330	Pulse	55	15860000	2369906	NA
330	Pulse	55	15870000	2379906	NA
330	Pulse	55	15880000	2389906	NA
330	Pulse	55	15890000	2399906	NA
330	Pulse	55	15900000	2409906	NA
330	Pulse	55	15910000	2419906	NA
330	Pulse	55	15920000	2429906	NA
330	Pulse	55	15930000	2439906	NA
330	Pulse	55	15940000	2449906	NA
330	Pulse	55	15950000	2459906	NA
330	Pulse	55	15960000	2469906	NA
330	Pulse	55	15970000	2479906	NA
330	Pulse	55	15980000	2489906	NA
330	Pulse	55	15990000	2499906	NA
330	Pulse	55	16000000	2509906	NA
330	Pulse	55	16010000	2519906	NA
330	Pulse	55	16020000	2529906	NA
330	Pulse	55	16030000	2539906	NA
330	Pulse	55	16040000	2549906	NA
330	Pulse	55	16050000	2559906	NA
330	Pulse	55	16060000	2569906	NA
330	Pulse	55	16070000	2579906	NA
330	Pulse	55	16080000	2589906	NA
330	Pulse	55	16090000	2599906	NA
330	Pulse	55	16100000	2609906	NA
330	Pulse	55	16110000	2619906	NA
330	Pulse	55	16120000	2629906	NA
330	Pulse	55	16130000	2639906	NA
330	Pulse	55	16140000	2649906	NA
330	Pulse	55	16150000	2659906	NA
330	Pulse	55	16160000	2669906	NA
330	Pulse	55	16170000	2679906	NA
330	Pulse	55	16180000	2689906	NA
330	Pulse	55	16190000	2699906	NA
330	Pulse	55	16200000	2709906	NA
330	Pulse	55	16210000	2719906	NA
330	Pulse	55	16220000	2729906	NA
330	Pulse	55	16230000	2739906	NA
330	Pulse	55	16240000	2749906	NA
330	Pulse	55	16250000	2759906	NA
330	Pulse	55	16260000	2769906	NA
330	Pulse	55	16270000	2779906	NA
330	Pulse	55	16280000	2789906	NA
330	Pulse	55	16290000	2799906	NA
330	Pulse	55	16300000	2809906	NA
330	Pulse	55	16310000	2819906	NA
330	Pulse	55	16320000	2829906	NA
330	Pulse	55	16330000	2839906	NA
330	Pulse	55	16340000	2849906	NA
330	Pulse	55	16350000	2859906	NA
330	Pulse	55	16360000	2869906	NA
330	Pulse	55	16370000	2879906	NA
330	Pulse	55	16380000	2889906	NA
330	Pulse	55	16390000	2899906	NA
330	Pulse	55	16400000	2909906	NA
330	Pulse	55	16410000	2919906	NA
330	Pulse	55	16420000	2929906	NA
330	Pulse	55	16430000	2939906	NA
330	Pulse	55	16440000	2949906	NA
330	Pulse	55	16450000	2959906	NA
330	Pulse	55	16460000	2969906	NA
330	Pulse	55	16470000	2979906	NA
330	Pulse	55	16480000	2989906	NA
330	Pulse	55	16490000	2999906	NA
330	Pulse	55	16500000	3009906	NA
330	Pulse	55	16510000	3019906	NA
330	Pulse	55	16520000	3029906	NA
330	Pulse	55	16530000	3039906	NA
330	Pulse	55	16540000	3049906	NA
330	Pulse	55	16550000	3059906	NA
330	Pulse	55	16560000	3069906	NA
330	Pulse	55	16570000	3079906	NA
330	Pulse	55	16580000	3089906	NA
330	Pulse	55	16590000	3099906	NA
330	Pulse	55	16600000	3109906	NA
330	Pulse	55	16610000	3119906	NA
330	Pulse	55	16620000	3129906	NA
330	Pulse	55	16630000	3139906	NA
330	Pulse	55	16640000	3149906	NA
330	Pulse	55	16650000	3159906	NA
330	Pulse	55	16660000	3169906	NA
330	Pulse	55	16670000	3179906	NA
330	Pulse	55	16680000	3189906	NA
330	Pulse	55	16690000	3199906	NA
330	Pulse	55	16700000	3209906	NA
330	Pulse	55	16710000	3219906	NA
330	Pulse	55	16720000	3229906	NA
330	Pulse	55	16730000	3239906	NA
330	Pulse	55	16740000	3249906	NA
330	Pulse	55	16750000	3259906	NA
330	Pulse	55	16760000	3269906	NA
330	Pulse	55	16770000	3279906	NA
330	Pulse	55	16780000	3289906	NA
330	Pulse	55	16790000	3299906	NA
330	Pulse	55	16800000	3309906	NA
330	Pulse	55	16810000	3319906	NA
330	Pulse	55	16820000	3329906	NA
330	Pulse	55	16830000	3339906	NA
330	Pulse	55	16840000	3349906	NA
330	Pulse	55	16850000	3359906	NA
330	Pulse	55	16860000	3369906	NA
330	Pulse	55	16870000	3379906	NA
330	Pulse	55	16880000	3389906	NA
330	Pulse	55	16890000	3399906	NA
330	Pulse	55	16900000	3409906	NA
330	Pulse	55	16910000	3419906	NA
330	Pulse	55	16920000	3429906	NA
330	Pulse	55	16930000	3439906	NA
330	Pulse	55	16940000	3449906	NA
330	Pulse	55	16950000	3459906	NA
330	Pulse	55	16960000	3469906	NA
330	Pulse	55	16970000	3479906	NA
330	Pulse	55	16980000	3489906	NA
330	Pulse	55	16990000	3499906	NA
330	Pulse	55	17000000	3509906	NA
330	Pulse	55	17010000	3519906	NA
330	Pulse	55	17020000	3529906	NA
330	Pulse	55	17030000	3539906	NA
330	Pulse	55	17040000	3549906	NA
330	Pulse	55	17050000	3559906	NA
330	Pulse	55	17060000	3569906	NA
330	Pulse	55	17070000	3579906	NA
330	Pulse	55	17080000	3589906	NA
330	Pulse	55	17090000	3599906	NA
330	Pulse	55	17100000	3609906	NA
330	Pulse	55	17110000	3619906	NA
330	Pulse	55	17120000	3629906	NA
330	Pulse	55	17130000	3639906	NA
330	Pulse	55	17140000	3649906	NA
330	Pulse	55	17150000	3659906	NA
330	Pulse	55	17160000	3669906	NA
330	Pulse	55	17170000	3679906	NA
330	Pulse	55	17180000	3689906	NA
330	Pulse	55	17190000	3699906	NA
330	Pulse	55	17200000	3709906	NA
330	Pulse	55	17210000	3719906	NA
330	Pulse	55	17220000	3729906	NA
330	Pulse	55	17230000	3739906	NA
330	Pulse	55	17240000	3749906	NA
330	Pulse	55	17250000	3759906	NA
330	Pulse	55	17260000	3769906	NA
330	Pulse	55	17270000	3779906	NA
330	Pulse	55	17280000	3789906	NA
330	Pulse	55	17290000	3799906	NA
330	Pulse	55	17300000	3809906	NA
330	Pulse	55	17310000	3819906	NA
330	Pulse	55	17320000	3829906	NA
330	Pulse	55	17330000	3839906	NA
330	Pulse	55	17340000	3849906	NA
330	Pulse	55	17350000	3859906	NA
330	Pulse	55	17360000	3869906	NA
330	Pulse	55	17370000	3879906	NA
330	Pulse	55	17380000	3889906	NA
330	Pulse	55	17390000	3899906	NA
330	Pulse	55	17400000	3909906	NA
330	Pulse	55	17410000	3919906	NA
330	Pulse	55	17420000	3929906	NA
330	Pulse	55	17430000	3939906	NA
330	Pulse	55	17440000	3949906	NA
330	Pulse	55	17450000	3959906	NA
330	Pulse	55	17460000	3969906	NA
330	Pulse	55	17470000	3979906	NA
330	Pulse	55	17480000	3989906	NA
330	Pulse	55	17490000	3999906	NA
330	Pulse	55	17500000	4009906	NA
330	Pulse	55	17510000	4019906	NA
330	Pulse	55	17520000	4029906	NA
330	Pulse	55	17530000	4039906	NA
330	Pulse	55	17540000	4049906	NA
330	Pulse	55	17550000	4059906	NA
330	Pulse	55	17560000	4069906	NA
330	Pulse	55	17570000	4079906	NA
330	Pulse	55	17580000	4089906	NA
330	Pulse	55	17590000	4099906	NA
330	Pulse	55	17600000	4109906	NA
330	Pulse	55	17610000	4119906	NA
330	Pulse	55	17620000	4129906	NA
330	Pulse	55	17630000	4139906	NA
330	Pulse	55	17640000	4149906	NA
330	Pulse	55	17650000	4159906	NA
330	Pulse	55	17660000	4169906	NA
330	Pulse	55	17670000	4179906	NA
330	Pulse	55	17680000	4189906	NA
330	Pulse	55	17690000	4199906	NA
330	Pulse	55	17700000	4209906	NA
330	Pulse	55	17710000	4219906	NA
330	Pulse	55	17720000	4229906	NA
330	Pulse	55	17730000	4239906	NA
330	Pulse	55	17740000	4249906	NA
330	Pulse	55	17750000	4259906	NA
330	Pulse	55	17760000	4269906	NA
330	Pulse	55	17770000	4279906	NA
330	Pulse	55	17780000	4289906	NA
330	Pulse	55	17790000	4299906	NA
330	Pulse	55	17800000	4309906	NA
330	Pulse	55	17810000	4319906	NA
330	Pulse	55	17820000	4329906	NA
330	Pulse	55	17830000	4339906	NA
330	Pulse	55	17840000	4349906	NA
330	Pulse	55	17850000	4359906	NA
330	Pulse	55	17860000	4369906	NA
330	Pulse	55	17870000	4379906	NA
330	Pulse	55	17880000	4389906	NA
330	Pulse	55	17890000	4399906	NA
330	Pulse	55	17900000	4409906	NA
330	Pulse	55	17910000	4419906	NA
330	Pulse	55	17920000	4429906	NA
330	Pulse	55	17930000	4439906	NA
330	Pulse	55	17940000	4449906	NA
330	Pulse	55	17950000	4459906	NA
330	Pulse	55	17960000	4469906	NA
330	Pulse	55	17970000	4479906	NA
330	Pulse	55	17980000	4489906	NA
330	Pulse	55	17990000	4499906	NA
330	Pulse	55	18000000	4509906	NA
330	Pulse	55	18010000	4519906	NA
330	Pulse	55	18020000	4529906	NA
330	Pulse	55	18030000	4539906	NA
330	Pulse	55	18040000	4549906	NA
330	Pulse	55	18050000	4559906	NA
330	Pulse	55	18060000	4569906	NA
330	Pulse	55	18070000	4579906	NA
330	Pulse	55	18080000	4589906	NA
330	Pulse	55	18090000	4599906	NA
330	Pulse	55	18100000	4609906	NA
330	Pulse	55	18110000	4619906	NA
330	Pulse	55	18120000	4629906	NA
330	Pulse	55	18130000	4639906	NA
330	Pulse	55	18140000	4649906	NA
330	Pulse	55	18150000	4659906	NA
330	Pulse	55	18160000	4669906	NA
330	Pulse	55	18170000	4679906	NA
330	Pulse	55	18180000	4689906	NA
330	Pulse	55	18190000	4699906	NA
330	Pulse	55	18200000	4709906	NA
330	Pulse	55	18210000	4719906	NA
330	Pulse	55	18220000	4729906	NA
330	Pulse	55	18230000	4739906	NA
330	Pulse	55	18240000	4749906	NA
330	Pulse	55	18250000	4759906	NA
330	Pulse	55	18260000	4769906	NA
330	Pulse	55	18270000	4779906	NA
330	Pulse	55	18280000	4789906	NA
330	Pulse	55	18290000	4799906	NA
330	Pulse	55	18300000	4809906	NA
330	Pulse	55	18310000	4819906	NA
330	Pulse	55	18320000	4829906	NA
330	Pulse	55	18330000	4839906	NA
330	Pulse	55	18340000	4849906	NA
330	Pulse	55	18350000	4859906	NA
330	Pulse	55	18360000	4869906	NA
330	Pulse	55	18370000	4879906	NA
330	Pulse	55	18380000	4889906	NA
330	Pulse	55	18390000	4899906	NA
330	Pulse	55	18400000	4909906	NA
330	Pulse	55	18410000	4919906	NA
330	Pulse	55	18420000	4929906	NA
330	Pulse	55	18430000	4939906	NA
330	Pulse	55	18440000	4949906	NA
330	Response	1	18446082	4955989	1
331	Pulse	55	18450000	3863	NA
331	Pulse	55	18460000	13863	NA
331	Pulse	55	18470000	23863	NA
331	Pulse	55	18480000	33863	NA
331	Pulse	55	18490000	43863	NA
331	Pulse	55	18500000	53863	NA
331	Pulse	55	18510000	63863	NA
331	Pulse	55	18520000	73863	NA
331	Pulse	55	18530000	83863	NA
331	Pulse	55	18540000	93863	NA
331	Pulse	55	18550000	103863	NA
331	Pulse	55	18560000	113863	NA
331	Pulse	55	18570000	123863	NA
331	Pulse	55	18580000	133863	NA
331	Pulse	55	18590000	143863	NA
331	Pulse	55	18600000	153863	NA
331	Pulse	55	18610000	163863	NA
331	Pulse	55	18620000	173863	NA
331	Pulse	55	18630000	183863	NA
331	Pulse	55	18640000	193863	NA
331	Pulse	55	18650000	203863	NA
331	Pulse	55	18660000	213863	NA
331	Pulse	55	18670000	223863	NA
331	Pulse	55	18680000	233863	NA
331	Pulse	55	18690000	243863	NA
331	Pulse	55	18700000	253863	NA
331	Pulse	55	18710000	263863	NA
331	Pulse	55	18720000	273863	NA
331	Pulse	55	18730000	283863	NA
331	Pulse	55	18740000	293863	NA
331	Pulse	55	18750000	303863	NA
331	Pulse	55	18760000	313863	NA
331	Pulse	55	18770000	323863	NA
331	Pulse	55	18780000	333863	NA
331	Pulse	55	18790000	343863	NA
331	Pulse	55	18800000	353863	NA
331	Pulse	55	18810000	363863	NA
331	Pulse	55	18820000	373863	NA
331	Pulse	55	18830000	383863	NA
331	Pulse	55	18840000	393863	NA
331	Pulse	55	18850000	403863	NA
331	Pulse	55	18860000	413863	NA
331	Pulse	55	18870000	423863	NA
331	Pulse	55	18880000	433863	NA
331	Pulse	55	18890000	443863	NA
331	Pulse	55	18900000	453863	NA
331	Pulse	55	18910000	463863	NA
331	Pulse	55	18920000	473863	NA
331	Pulse	55	18930000	483863	NA
331	Pulse	55	18940000	493863	NA
331	Pulse	55	18950000	503863	NA
331	Pulse	55	18960000	513863	NA
331	Pulse	55	18970000	523863	NA
331	Pulse	55	18980000	533863	NA
331	Pulse	55	18990000	543863	NA
331	Pulse	55	19000000	553863	NA
331	Pulse	55	19010000	563863	NA
331	Pulse	55	19020000	573863	NA
331	Pulse	55	19030000	583863	NA
331	Pulse	55	19040000	593863	NA
331	Pulse	55	19050000	603863	NA
331	Pulse	55	19060000	613863	NA
331	Pulse	55	19070000	623863	NA
331	Pulse	55	19080000	633863	NA
331	Pulse	55	19090000	643863	NA
331	Pulse	55	19100000	653863	NA
331	Pulse	55	19110000	663863	NA
331	Pulse	55	19120000	673863	NA
331	Pulse	55	19130000	683863	NA
331	Pulse	55	19140000	693863	NA
331	Pulse	55	19150000	703863	NA
331	Pulse	55	19160000	713863	NA
331	Pulse	55	19170000	723863	NA
331	Pulse	55	19180000	733863	NA
331	Pulse	55	19190000	743863	NA
331	Pulse	55	19200000	753863	NA
331	Pulse	55	19210000	763863	NA
331	Pulse	55	19220000	773863	NA
331	Pulse	55	19230000	783863	NA
331	Pulse	55	19240000	793863	NA
331	Pulse	55	19250000	803863	NA
331	Pulse	55	19260000	813863	NA
331	Pulse	55	19270000	823863	NA
331	Pulse	55	19280000	833863	NA
331	Pulse	55	19290000	843863	NA
331	Pulse	55	19300000	853863	NA
331	Pulse	55	19310000	863863	NA
331	Pulse	55	19320000	873863	NA
331	Pulse	55	19330000	883863	NA
331	Pulse	55	19340000	893863	NA
331	Pulse	55	19350000	903863	NA
331	Pulse	55	19360000	913863	NA
331	Pulse	55	19370000	923863	NA
331	Pulse	55	19380000	933863	NA
331	Pulse	55	19390000	943863	NA
331	Pulse	55	19400000	953863	NA
331	Pulse	55	19410000	963863	NA
331	Pulse	55	19420000	973863	NA
331	Pulse	55	19430000	983863	NA
331	Pulse	55	19440000	993863	NA
331	Pulse	55	19450000	1003863	NA
331	Pulse	55	19460000	1013863	NA
331	Pulse	55	19470000	1023863	NA
331	Pulse	55	19480000	1033863	NA
331	Pulse	55	19490000	1043863	NA
331	Pulse	55	19500000	1053863	NA
331	Pulse	55	19510000	1063863	NA
331	Pulse	55	19520000	1073863	NA
331	Pulse	55	19530000	1083863	NA
331	Pulse	55	19540000	1093863	NA
331	Pulse	55	19550000	1103863	NA
331	Pulse	55	19560000	1113863	NA
331	Pulse	55	19570000	1123863	NA
331	Pulse	55	19580000	1133863	NA
331	Pulse	55	19590000	1143863	NA
331	Pulse	55	19600000	1153863	NA
331	Pulse	55	19610000	1163863	NA
331	Pulse	55	19620000	1173863	NA
331	Pulse	55	19630000	1183863	NA
331	Pulse	55	19640000	1193863	NA
331	Response	1	19649038	1202902	1
