Scenario - Slideshow_D2.sce
Logfile written - 11/06/2021 09:40:20

Trial	Event Type	Code	Time	TTime	Uncertainty	Duration	Uncertainty	ReqTime	ReqDur	Stim Type	Pair Index

0	Pulse	55	0	0	NA
1	Pulse	55	10000	9334	NA
1	Pulse	55	20000	19334	NA
1	Pulse	55	30000	29334	NA
1	Pulse	55	40000	39334	NA
2	Pulse	55	50000	8667	NA
2	Pulse	55	60000	18667	NA
2	Pulse	55	70000	28667	NA
2	Pulse	55	80000	38667	NA
3	Pulse	55	90000	8001	NA
3	Pulse	55	100000	18001	NA
3	Pulse	55	110000	28001	NA
3	Pulse	55	120000	38001	NA
4	Pulse	55	130000	7335	NA
4	Pulse	55	140000	17335	NA
4	Pulse	55	150000	27335	NA
4	Pulse	55	160000	37335	NA
5	Pulse	55	170000	6669	NA
5	Pulse	55	180000	16669	NA
5	Pulse	55	190000	26669	NA
5	Pulse	55	200000	36669	NA
6	Pulse	55	210000	6003	NA
6	Pulse	55	220000	16003	NA
6	Pulse	55	230000	26003	NA
6	Pulse	55	240000	36003	NA
7	Pulse	55	250000	5337	NA
7	Pulse	55	260000	15337	NA
7	Pulse	55	270000	25337	NA
7	Pulse	55	280000	35337	NA
8	Pulse	55	290000	4671	NA
8	Pulse	55	300000	14671	NA
8	Pulse	55	310000	24671	NA
8	Pulse	55	320000	34671	NA
9	Pulse	55	330000	4005	NA
9	Pulse	55	340000	14005	NA
9	Pulse	55	350000	24005	NA
9	Pulse	55	360000	34005	NA
10	Pulse	55	370000	3505	NA
10	Pulse	55	380000	13505	NA
10	Pulse	55	390000	23505	NA
10	Pulse	55	400000	33505	NA
11	Pulse	55	410000	2839	NA
11	Pulse	55	420000	12839	NA
11	Pulse	55	430000	22839	NA
11	Pulse	55	440000	32839	NA
12	Pulse	55	450000	2173	NA
12	Pulse	55	460000	12173	NA
12	Pulse	55	470000	22173	NA
12	Pulse	55	480000	32173	NA
13	Pulse	55	490000	1507	NA
13	Pulse	55	500000	11507	NA
13	Pulse	55	510000	21507	NA
13	Pulse	55	520000	31507	NA
14	Pulse	55	530000	841	NA
14	Pulse	55	540000	10841	NA
14	Pulse	55	550000	20841	NA
14	Pulse	55	560000	30841	NA
15	Pulse	55	570000	175	NA
15	Pulse	55	580000	10175	NA
15	Pulse	55	590000	20175	NA
15	Pulse	55	600000	30175	NA
15	Pulse	55	610000	40175	NA
16	Pulse	55	620000	9509	NA
16	Pulse	55	630000	19509	NA
16	Pulse	55	640000	29509	NA
16	Pulse	55	650000	39509	NA
17	Pulse	55	660000	8843	NA
17	Pulse	55	670000	18843	NA
17	Pulse	55	680000	28843	NA
17	Pulse	55	690000	38843	NA
18	Pulse	55	700000	8177	NA
18	Pulse	55	710000	18177	NA
18	Pulse	55	720000	28177	NA
18	Pulse	55	730000	38177	NA
19	Pulse	55	740000	7510	NA
19	Pulse	55	750000	17510	NA
19	Pulse	55	760000	27510	NA
19	Pulse	55	770000	37510	NA
20	Pulse	55	780000	6844	NA
20	Pulse	55	790000	16844	NA
20	Pulse	55	800000	26844	NA
20	Pulse	55	810000	36844	NA
21	Pulse	55	820000	6178	NA
21	Pulse	55	830000	16178	NA
21	Pulse	55	840000	26178	NA
21	Pulse	55	850000	36178	NA
22	Pulse	55	860000	5512	NA
22	Pulse	55	870000	15512	NA
22	Pulse	55	880000	25512	NA
22	Pulse	55	890000	35512	NA
23	Pulse	55	900000	4846	NA
23	Pulse	55	910000	14846	NA
23	Pulse	55	920000	24846	NA
23	Pulse	55	930000	34846	NA
24	Pulse	55	940000	4180	NA
24	Pulse	55	950000	14180	NA
24	Pulse	55	960000	24180	NA
24	Pulse	55	970000	34180	NA
25	Pulse	55	980000	3514	NA
25	Pulse	55	990000	13514	NA
25	Pulse	55	1000000	23514	NA
25	Pulse	55	1010000	33514	NA
26	Pulse	55	1020000	2848	NA
26	Pulse	55	1030000	12848	NA
26	Pulse	55	1040000	22848	NA
26	Pulse	55	1050000	32848	NA
27	Pulse	55	1060000	2181	NA
27	Pulse	55	1070000	12181	NA
27	Pulse	55	1080000	22181	NA
27	Pulse	55	1090000	32181	NA
28	Pulse	55	1100000	1515	NA
28	Pulse	55	1110000	11515	NA
28	Pulse	55	1120000	21515	NA
28	Pulse	55	1130000	31515	NA
29	Pulse	55	1140000	849	NA
29	Pulse	55	1150000	10849	NA
29	Pulse	55	1160000	20849	NA
29	Pulse	55	1170000	30849	NA
30	Pulse	55	1180000	183	NA
30	Pulse	55	1190000	10183	NA
30	Pulse	55	1200000	20183	NA
30	Pulse	55	1210000	30183	NA
30	Pulse	55	1220000	40183	NA
31	Pulse	55	1230000	9517	NA
31	Pulse	55	1240000	19517	NA
31	Pulse	55	1250000	29517	NA
31	Pulse	55	1260000	39517	NA
32	Pulse	55	1270000	8851	NA
32	Pulse	55	1280000	18851	NA
32	Pulse	55	1290000	28851	NA
32	Pulse	55	1300000	38851	NA
33	Pulse	55	1310000	8185	NA
33	Pulse	55	1320000	18185	NA
33	Pulse	55	1330000	28185	NA
33	Pulse	55	1340000	38185	NA
34	Pulse	55	1350000	7519	NA
34	Pulse	55	1360000	17519	NA
34	Pulse	55	1370000	27519	NA
34	Pulse	55	1380000	37519	NA
35	Pulse	55	1390000	6853	NA
35	Pulse	55	1400000	16853	NA
35	Pulse	55	1410000	26853	NA
35	Pulse	55	1420000	36853	NA
36	Pulse	55	1430000	6187	NA
36	Pulse	55	1440000	16187	NA
36	Pulse	55	1450000	26187	NA
36	Pulse	55	1460000	36187	NA
37	Pulse	55	1470000	5521	NA
37	Pulse	55	1480000	15521	NA
37	Pulse	55	1490000	25521	NA
37	Pulse	55	1500000	35521	NA
38	Pulse	55	1510000	4688	NA
38	Pulse	55	1520000	14688	NA
38	Pulse	55	1530000	24688	NA
38	Pulse	55	1540000	34688	NA
39	Pulse	55	1550000	4022	NA
39	Pulse	55	1560000	14022	NA
39	Pulse	55	1570000	24022	NA
39	Pulse	55	1580000	34022	NA
40	Pulse	55	1590000	3355	NA
40	Pulse	55	1600000	13355	NA
40	Pulse	55	1610000	23355	NA
40	Pulse	55	1620000	33355	NA
41	Pulse	55	1630000	2689	NA
41	Pulse	55	1640000	12689	NA
41	Pulse	55	1650000	22689	NA
41	Pulse	55	1660000	32689	NA
42	Pulse	55	1670000	2023	NA
42	Pulse	55	1680000	12023	NA
42	Pulse	55	1690000	22023	NA
42	Pulse	55	1700000	32023	NA
43	Pulse	55	1710000	1357	NA
43	Pulse	55	1720000	11357	NA
43	Pulse	55	1730000	21357	NA
43	Pulse	55	1740000	31357	NA
44	Pulse	55	1750000	691	NA
44	Pulse	55	1760000	10691	NA
44	Pulse	55	1770000	20691	NA
44	Pulse	55	1780000	30691	NA
45	Pulse	55	1790000	25	NA
45	Pulse	55	1800000	10025	NA
45	Pulse	55	1810000	20025	NA
45	Pulse	55	1820000	30025	NA
45	Pulse	55	1830000	40025	NA
46	Pulse	55	1840000	9192	NA
46	Pulse	55	1850000	19192	NA
46	Pulse	55	1860000	29192	NA
46	Pulse	55	1870000	39192	NA
47	Pulse	55	1880000	8526	NA
47	Pulse	55	1890000	18526	NA
47	Pulse	55	1900000	28526	NA
47	Pulse	55	1910000	38526	NA
48	Pulse	55	1920000	7860	NA
48	Pulse	55	1930000	17860	NA
48	Pulse	55	1940000	27860	NA
48	Pulse	55	1950000	37860	NA
49	Pulse	55	1960000	7194	NA
49	Pulse	55	1970000	17194	NA
49	Pulse	55	1980000	27194	NA
49	Pulse	55	1990000	37194	NA
50	Pulse	55	2000000	6528	NA
50	Pulse	55	2010000	16528	NA
50	Pulse	55	2020000	26528	NA
50	Pulse	55	2030000	36528	NA
51	Pulse	55	2040000	5862	NA
51	Pulse	55	2050000	15862	NA
51	Pulse	55	2060000	25862	NA
51	Pulse	55	2070000	35862	NA
52	Pulse	55	2080000	5196	NA
52	Pulse	55	2090000	15196	NA
52	Pulse	55	2100000	25196	NA
52	Pulse	55	2110000	35196	NA
53	Pulse	55	2120000	4530	NA
53	Pulse	55	2130000	14530	NA
53	Pulse	55	2140000	24530	NA
53	Pulse	55	2150000	34530	NA
54	Pulse	55	2160000	3863	NA
54	Pulse	55	2170000	13863	NA
54	Pulse	55	2180000	23863	NA
54	Pulse	55	2190000	33863	NA
55	Pulse	55	2200000	3197	NA
55	Pulse	55	2210000	13197	NA
55	Pulse	55	2220000	23197	NA
55	Pulse	55	2230000	33197	NA
56	Pulse	55	2240000	2365	NA
56	Pulse	55	2250000	12365	NA
56	Pulse	55	2260000	22365	NA
56	Pulse	55	2270000	32365	NA
57	Pulse	55	2280000	1698	NA
57	Pulse	55	2290000	11698	NA
57	Pulse	55	2300000	21698	NA
57	Pulse	55	2310000	31698	NA
58	Pulse	55	2320000	1032	NA
58	Pulse	55	2330000	11032	NA
58	Pulse	55	2340000	21032	NA
58	Pulse	55	2350000	31032	NA
59	Pulse	55	2360000	366	NA
59	Pulse	55	2370000	10366	NA
59	Pulse	55	2380000	20366	NA
59	Pulse	55	2390000	30366	NA
59	Pulse	55	2400000	40366	NA
60	Pulse	55	2410000	9700	NA
60	Pulse	55	2420000	19700	NA
60	Pulse	55	2430000	29700	NA
60	Pulse	55	2440000	39700	NA
61	Pulse	55	2450000	9034	NA
61	Pulse	55	2460000	19034	NA
61	Pulse	55	2470000	29034	NA
61	Pulse	55	2480000	39034	NA
62	Pulse	55	2490000	8368	NA
62	Pulse	55	2500000	18368	NA
62	Pulse	55	2510000	28368	NA
62	Pulse	55	2520000	38368	NA
63	Pulse	55	2530000	7702	NA
63	Pulse	55	2540000	17702	NA
63	Pulse	55	2550000	27702	NA
63	Pulse	55	2560000	37702	NA
64	Pulse	55	2570000	7036	NA
64	Pulse	55	2580000	17036	NA
64	Pulse	55	2590000	27036	NA
64	Pulse	55	2600000	37036	NA
65	Pulse	55	2610000	6370	NA
65	Pulse	55	2620000	16370	NA
65	Pulse	55	2630000	26370	NA
65	Pulse	55	2640000	36370	NA
66	Pulse	55	2650000	5703	NA
66	Pulse	55	2660000	15703	NA
66	Pulse	55	2670000	25703	NA
66	Pulse	55	2680000	35703	NA
67	Pulse	55	2690000	5037	NA
67	Pulse	55	2700000	15037	NA
67	Pulse	55	2710000	25037	NA
67	Pulse	55	2720000	35037	NA
68	Pulse	55	2730000	4371	NA
68	Pulse	55	2740000	14371	NA
68	Pulse	55	2750000	24371	NA
68	Pulse	55	2760000	34371	NA
69	Pulse	55	2770000	3705	NA
69	Pulse	55	2780000	13705	NA
69	Pulse	55	2790000	23705	NA
69	Pulse	55	2800000	33705	NA
70	Pulse	55	2810000	3039	NA
70	Pulse	55	2820000	13039	NA
70	Pulse	55	2830000	23039	NA
70	Pulse	55	2840000	33039	NA
71	Pulse	55	2850000	2373	NA
71	Pulse	55	2860000	12373	NA
71	Pulse	55	2870000	22373	NA
71	Pulse	55	2880000	32373	NA
72	Pulse	55	2890000	1707	NA
72	Pulse	55	2900000	11707	NA
72	Pulse	55	2910000	21707	NA
72	Pulse	55	2920000	31707	NA
73	Pulse	55	2930000	874	NA
73	Pulse	55	2940000	10874	NA
73	Pulse	55	2950000	20874	NA
73	Pulse	55	2960000	30874	NA
74	Pulse	55	2970000	208	NA
74	Pulse	55	2980000	10208	NA
74	Pulse	55	2990000	20208	NA
74	Pulse	55	3000000	30208	NA
74	Pulse	55	3010000	40208	NA
75	Pulse	55	3020000	9542	NA
75	Pulse	55	3030000	19542	NA
75	Pulse	55	3040000	29542	NA
75	Pulse	55	3050000	39542	NA
76	Pulse	55	3060000	8876	NA
76	Pulse	55	3070000	18876	NA
76	Pulse	55	3080000	28876	NA
76	Pulse	55	3090000	38876	NA
77	Pulse	55	3100000	8210	NA
77	Pulse	55	3110000	18210	NA
77	Pulse	55	3120000	28210	NA
77	Pulse	55	3130000	38210	NA
78	Pulse	55	3140000	7544	NA
78	Pulse	55	3150000	17544	NA
78	Pulse	55	3160000	27544	NA
78	Pulse	55	3170000	37544	NA
79	Pulse	55	3180000	6877	NA
79	Pulse	55	3190000	16877	NA
79	Pulse	55	3200000	26877	NA
79	Pulse	55	3210000	36877	NA
80	Pulse	55	3220000	6211	NA
80	Pulse	55	3230000	16211	NA
80	Pulse	55	3240000	26211	NA
80	Pulse	55	3250000	36211	NA
81	Pulse	55	3260000	5545	NA
81	Pulse	55	3270000	15545	NA
81	Pulse	55	3280000	25545	NA
81	Pulse	55	3290000	35545	NA
82	Pulse	55	3300000	4879	NA
82	Pulse	55	3310000	14879	NA
82	Pulse	55	3320000	24879	NA
82	Pulse	55	3330000	34879	NA
83	Pulse	55	3340000	4213	NA
83	Pulse	55	3350000	14213	NA
83	Pulse	55	3360000	24213	NA
83	Pulse	55	3370000	34213	NA
84	Pulse	55	3380000	3547	NA
84	Pulse	55	3390000	13547	NA
84	Pulse	55	3400000	23547	NA
84	Pulse	55	3410000	33547	NA
85	Pulse	55	3420000	2881	NA
85	Pulse	55	3430000	12881	NA
85	Pulse	55	3440000	22881	NA
85	Pulse	55	3450000	32881	NA
86	Pulse	55	3460000	2215	NA
86	Pulse	55	3470000	12215	NA
86	Pulse	55	3480000	22215	NA
86	Pulse	55	3490000	32215	NA
87	Pulse	55	3500000	1549	NA
87	Pulse	55	3510000	11549	NA
87	Pulse	55	3520000	21549	NA
87	Pulse	55	3530000	31549	NA
88	Pulse	55	3540000	883	NA
88	Pulse	55	3550000	10883	NA
88	Pulse	55	3560000	20883	NA
88	Pulse	55	3570000	30883	NA
89	Pulse	55	3580000	216	NA
89	Pulse	55	3590000	10216	NA
89	Pulse	55	3600000	20216	NA
89	Pulse	55	3610000	30216	NA
89	Pulse	55	3620000	40216	NA
90	Pulse	55	3630000	9550	NA
90	Pulse	55	3640000	19550	NA
90	Pulse	55	3650000	29550	NA
90	Pulse	55	3660000	39550	NA
91	Pulse	55	3670000	8884	NA
91	Pulse	55	3680000	18884	NA
91	Pulse	55	3690000	28884	NA
91	Pulse	55	3700000	38884	NA
92	Pulse	55	3710000	8218	NA
92	Pulse	55	3720000	18218	NA
92	Pulse	55	3730000	28218	NA
92	Pulse	55	3740000	38218	NA
93	Pulse	55	3750000	7552	NA
93	Pulse	55	3760000	17552	NA
93	Pulse	55	3770000	27552	NA
93	Pulse	55	3780000	37552	NA
94	Pulse	55	3790000	6886	NA
94	Pulse	55	3800000	16886	NA
94	Pulse	55	3810000	26886	NA
94	Pulse	55	3820000	36886	NA
95	Pulse	55	3830000	6220	NA
95	Pulse	55	3840000	16220	NA
95	Pulse	55	3850000	26220	NA
95	Pulse	55	3860000	36220	NA
96	Pulse	55	3870000	5554	NA
96	Pulse	55	3880000	15554	NA
96	Pulse	55	3890000	25554	NA
96	Pulse	55	3900000	35554	NA
97	Pulse	55	3910000	4887	NA
97	Pulse	55	3920000	14887	NA
97	Pulse	55	3930000	24887	NA
97	Pulse	55	3940000	34887	NA
98	Pulse	55	3950000	4221	NA
98	Pulse	55	3960000	14221	NA
98	Pulse	55	3970000	24221	NA
98	Pulse	55	3980000	34221	NA
99	Pulse	55	3990000	3555	NA
99	Pulse	55	4000000	13555	NA
99	Pulse	55	4010000	23555	NA
99	Pulse	55	4020000	33555	NA
100	Pulse	55	4030000	2889	NA
100	Pulse	55	4040000	12889	NA
100	Pulse	55	4050000	22889	NA
100	Pulse	55	4060000	32889	NA
101	Pulse	55	4070000	2223	NA
101	Pulse	55	4080000	12223	NA
101	Pulse	55	4090000	22223	NA
101	Pulse	55	4100000	32223	NA
102	Pulse	55	4110000	1557	NA
102	Pulse	55	4120000	11557	NA
102	Pulse	55	4130000	21557	NA
102	Pulse	55	4140000	31557	NA
103	Pulse	55	4150000	891	NA
103	Pulse	55	4160000	10891	NA
103	Pulse	55	4170000	20891	NA
103	Pulse	55	4180000	30891	NA
104	Pulse	55	4190000	225	NA
104	Pulse	55	4200000	10225	NA
104	Pulse	55	4210000	20225	NA
104	Pulse	55	4220000	30225	NA
104	Pulse	55	4230000	40225	NA
105	Pulse	55	4240000	9559	NA
105	Pulse	55	4250000	19559	NA
105	Pulse	55	4260000	29559	NA
105	Pulse	55	4270000	39559	NA
106	Pulse	55	4280000	8893	NA
106	Pulse	55	4290000	18893	NA
106	Pulse	55	4300000	28893	NA
106	Pulse	55	4310000	38893	NA
107	Pulse	55	4320000	8393	NA
107	Pulse	55	4330000	18393	NA
107	Pulse	55	4340000	28393	NA
107	Pulse	55	4350000	38393	NA
108	Pulse	55	4360000	7727	NA
108	Pulse	55	4370000	17727	NA
108	Pulse	55	4380000	27727	NA
108	Pulse	55	4390000	37727	NA
109	Pulse	55	4400000	7061	NA
109	Pulse	55	4410000	17061	NA
109	Pulse	55	4420000	27061	NA
109	Pulse	55	4430000	37061	NA
110	Pulse	55	4440000	6395	NA
110	Pulse	55	4450000	16395	NA
110	Pulse	55	4460000	26395	NA
110	Pulse	55	4470000	36395	NA
111	Pulse	55	4480000	5729	NA
111	Pulse	55	4490000	15729	NA
111	Pulse	55	4500000	25729	NA
111	Pulse	55	4510000	35729	NA
112	Pulse	55	4520000	5062	NA
112	Pulse	55	4530000	15062	NA
112	Pulse	55	4540000	25062	NA
112	Pulse	55	4550000	35062	NA
113	Pulse	55	4560000	4396	NA
113	Pulse	55	4570000	14396	NA
113	Pulse	55	4580000	24396	NA
113	Pulse	55	4590000	34396	NA
114	Pulse	55	4600000	3730	NA
114	Pulse	55	4610000	13730	NA
114	Pulse	55	4620000	23730	NA
114	Pulse	55	4630000	33730	NA
115	Pulse	55	4640000	3064	NA
115	Pulse	55	4650000	13064	NA
115	Pulse	55	4660000	23064	NA
115	Pulse	55	4670000	33064	NA
116	Pulse	55	4680000	2398	NA
116	Pulse	55	4690000	12398	NA
116	Pulse	55	4700000	22398	NA
116	Pulse	55	4710000	32398	NA
117	Pulse	55	4720000	1732	NA
117	Pulse	55	4730000	11732	NA
117	Pulse	55	4740000	21732	NA
117	Pulse	55	4750000	31732	NA
118	Pulse	55	4760000	1066	NA
118	Pulse	55	4770000	11066	NA
118	Pulse	55	4780000	21066	NA
118	Pulse	55	4790000	31066	NA
119	Pulse	55	4800000	400	NA
119	Pulse	55	4810000	10400	NA
119	Pulse	55	4820000	20400	NA
119	Pulse	55	4830000	30400	NA
119	Pulse	55	4840000	40400	NA
120	Pulse	55	4850000	9734	NA
120	Pulse	55	4860000	19734	NA
120	Pulse	55	4870000	29734	NA
120	Pulse	55	4880000	39734	NA
121	Pulse	55	4890000	9234	NA
121	Pulse	55	4900000	19234	NA
121	Pulse	55	4910000	29234	NA
121	Pulse	55	4920000	39234	NA
122	Pulse	55	4930000	8568	NA
122	Pulse	55	4940000	18568	NA
122	Pulse	55	4950000	28568	NA
122	Pulse	55	4960000	38568	NA
123	Pulse	55	4970000	8069	NA
123	Pulse	55	4980000	18069	NA
123	Pulse	55	4990000	28069	NA
123	Pulse	55	5000000	38069	NA
124	Pulse	55	5010000	7569	NA
124	Pulse	55	5020000	17569	NA
124	Pulse	55	5030000	27569	NA
124	Pulse	55	5040000	37569	NA
125	Pulse	55	5050000	7070	NA
125	Pulse	55	5060000	17070	NA
125	Pulse	55	5070000	27070	NA
125	Pulse	55	5080000	37070	NA
126	Pulse	55	5090000	6404	NA
126	Pulse	55	5100000	16404	NA
126	Pulse	55	5110000	26404	NA
126	Pulse	55	5120000	36404	NA
127	Pulse	55	5130000	5738	NA
127	Pulse	55	5140000	15738	NA
127	Pulse	55	5150000	25738	NA
127	Pulse	55	5160000	35738	NA
128	Pulse	55	5170000	5071	NA
128	Pulse	55	5180000	15071	NA
128	Pulse	55	5190000	25071	NA
128	Pulse	55	5200000	35071	NA
129	Pulse	55	5210000	4405	NA
129	Pulse	55	5220000	14405	NA
129	Pulse	55	5230000	24405	NA
129	Pulse	55	5240000	34405	NA
130	Pulse	55	5250000	3739	NA
130	Pulse	55	5260000	13739	NA
130	Pulse	55	5270000	23739	NA
130	Pulse	55	5280000	33739	NA
131	Pulse	55	5290000	3073	NA
131	Pulse	55	5300000	13073	NA
131	Pulse	55	5310000	23073	NA
131	Pulse	55	5320000	33073	NA
132	Pulse	55	5330000	2574	NA
132	Pulse	55	5340000	12574	NA
132	Pulse	55	5350000	22574	NA
132	Pulse	55	5360000	32574	NA
133	Pulse	55	5370000	1908	NA
133	Pulse	55	5380000	11908	NA
133	Pulse	55	5390000	21908	NA
133	Pulse	55	5400000	31908	NA
134	Pulse	55	5410000	1242	NA
134	Pulse	55	5420000	11242	NA
134	Pulse	55	5430000	21242	NA
134	Pulse	55	5440000	31242	NA
135	Pulse	55	5450000	575	NA
135	Pulse	55	5460000	10575	NA
135	Pulse	55	5470000	20575	NA
135	Pulse	55	5480000	30575	NA
135	Pulse	55	5490000	40575	NA
136	Pulse	55	5500000	9909	NA
136	Pulse	55	5510000	19909	NA
136	Pulse	55	5520000	29909	NA
136	Pulse	55	5530000	39909	NA
137	Pulse	55	5540000	9243	NA
137	Pulse	55	5550000	19243	NA
137	Pulse	55	5560000	29243	NA
137	Pulse	55	5570000	39243	NA
138	Pulse	55	5580000	8744	NA
138	Pulse	55	5590000	18744	NA
138	Pulse	55	5600000	28744	NA
138	Pulse	55	5610000	38744	NA
139	Pulse	55	5620000	8078	NA
139	Pulse	55	5630000	18078	NA
139	Pulse	55	5640000	28078	NA
139	Pulse	55	5650000	38078	NA
140	Pulse	55	5660000	7412	NA
140	Pulse	55	5670000	17412	NA
140	Pulse	55	5680000	27412	NA
140	Pulse	55	5690000	37412	NA
141	Pulse	55	5700000	6912	NA
141	Pulse	55	5710000	16912	NA
141	Pulse	55	5720000	26912	NA
141	Pulse	55	5730000	36912	NA
142	Pulse	55	5740000	6246	NA
142	Pulse	55	5750000	16246	NA
142	Pulse	55	5760000	26246	NA
142	Pulse	55	5770000	36246	NA
143	Pulse	55	5780000	5580	NA
143	Pulse	55	5790000	15580	NA
143	Pulse	55	5800000	25580	NA
143	Pulse	55	5810000	35580	NA
144	Pulse	55	5820000	5081	NA
144	Pulse	55	5830000	15081	NA
144	Pulse	55	5840000	25081	NA
144	Pulse	55	5850000	35081	NA
145	Pulse	55	5860000	4581	NA
145	Pulse	55	5870000	14581	NA
145	Pulse	55	5880000	24581	NA
145	Pulse	55	5890000	34581	NA
146	Pulse	55	5900000	3915	NA
146	Pulse	55	5910000	13915	NA
146	Pulse	55	5920000	23915	NA
146	Pulse	55	5930000	33915	NA
147	Pulse	55	5940000	3249	NA
147	Pulse	55	5950000	13249	NA
147	Pulse	55	5960000	23249	NA
147	Pulse	55	5970000	33249	NA
148	Pulse	55	5980000	2583	NA
148	Pulse	55	5990000	12583	NA
148	Pulse	55	6000000	22583	NA
148	Pulse	55	6010000	32583	NA
149	Pulse	55	6020000	1917	NA
149	Pulse	55	6030000	11917	NA
149	Pulse	55	6040000	21917	NA
149	Pulse	55	6050000	31917	NA
150	Pulse	55	6060000	1251	NA
150	Pulse	55	6070000	11251	NA
150	Pulse	55	6080000	21251	NA
150	Pulse	55	6090000	31251	NA
151	Pulse	55	6100000	584	NA
151	Pulse	55	6110000	10584	NA
151	Pulse	55	6120000	20584	NA
151	Pulse	55	6130000	30584	NA
151	Pulse	55	6140000	40584	NA
152	Pulse	55	6150000	9918	NA
152	Pulse	55	6160000	19918	NA
152	Pulse	55	6170000	29918	NA
152	Pulse	55	6180000	39918	NA
153	Pulse	55	6190000	9419	NA
153	Pulse	55	6200000	19419	NA
153	Pulse	55	6210000	29419	NA
153	Pulse	55	6220000	39419	NA
154	Pulse	55	6230000	8920	NA
154	Pulse	55	6240000	18920	NA
154	Pulse	55	6250000	28920	NA
154	Pulse	55	6260000	38920	NA
155	Pulse	55	6270000	8420	NA
155	Pulse	55	6280000	18420	NA
155	Pulse	55	6290000	28420	NA
155	Pulse	55	6300000	38420	NA
156	Pulse	55	6310000	7921	NA
156	Pulse	55	6320000	17921	NA
156	Pulse	55	6330000	27921	NA
156	Pulse	55	6340000	37921	NA
157	Pulse	55	6350000	7254	NA
157	Pulse	55	6360000	17254	NA
157	Pulse	55	6370000	27254	NA
157	Pulse	55	6380000	37254	NA
158	Pulse	55	6390000	6755	NA
158	Pulse	55	6400000	16755	NA
158	Pulse	55	6410000	26755	NA
158	Pulse	55	6420000	36755	NA
159	Pulse	55	6430000	6089	NA
159	Pulse	55	6440000	16089	NA
159	Pulse	55	6450000	26089	NA
159	Pulse	55	6460000	36089	NA
160	Pulse	55	6470000	5423	NA
160	Pulse	55	6480000	15423	NA
160	Pulse	55	6490000	25423	NA
160	Pulse	55	6500000	35423	NA
161	Pulse	55	6510000	4757	NA
161	Pulse	55	6520000	14757	NA
161	Pulse	55	6530000	24757	NA
161	Pulse	55	6540000	34757	NA
162	Pulse	55	6550000	4257	NA
162	Pulse	55	6560000	14257	NA
162	Pulse	55	6570000	24257	NA
162	Pulse	55	6580000	34257	NA
163	Pulse	55	6590000	3591	NA
163	Pulse	55	6600000	13591	NA
163	Pulse	55	6610000	23591	NA
163	Pulse	55	6620000	33591	NA
164	Pulse	55	6630000	2925	NA
164	Pulse	55	6640000	12925	NA
164	Pulse	55	6650000	22925	NA
164	Pulse	55	6660000	32925	NA
165	Pulse	55	6670000	2259	NA
165	Pulse	55	6680000	12259	NA
165	Pulse	55	6690000	22259	NA
165	Pulse	55	6700000	32259	NA
166	Pulse	55	6710000	1593	NA
166	Pulse	55	6720000	11593	NA
166	Pulse	55	6730000	21593	NA
166	Pulse	55	6740000	31593	NA
167	Pulse	55	6750000	927	NA
167	Pulse	55	6760000	10927	NA
167	Pulse	55	6770000	20927	NA
167	Pulse	55	6780000	30927	NA
168	Pulse	55	6790000	261	NA
168	Pulse	55	6800000	10261	NA
168	Pulse	55	6810000	20261	NA
168	Pulse	55	6820000	30261	NA
168	Pulse	55	6830000	40261	NA
169	Pulse	55	6840000	9761	NA
169	Pulse	55	6850000	19761	NA
169	Pulse	55	6860000	29761	NA
169	Pulse	55	6870000	39761	NA
170	Pulse	55	6880000	9095	NA
170	Pulse	55	6890000	19095	NA
170	Pulse	55	6900000	29095	NA
170	Pulse	55	6910000	39095	NA
171	Pulse	55	6920000	8596	NA
171	Pulse	55	6930000	18596	NA
171	Pulse	55	6940000	28596	NA
171	Pulse	55	6950000	38596	NA
172	Pulse	55	6960000	7930	NA
172	Pulse	55	6970000	17930	NA
172	Pulse	55	6980000	27930	NA
172	Pulse	55	6990000	37930	NA
173	Pulse	55	7000000	7263	NA
173	Pulse	55	7010000	17263	NA
173	Pulse	55	7020000	27263	NA
173	Pulse	55	7030000	37263	NA
174	Pulse	55	7040000	6764	NA
174	Pulse	55	7050000	16764	NA
174	Pulse	55	7060000	26764	NA
174	Pulse	55	7070000	36764	NA
175	Pulse	55	7080000	6265	NA
175	Pulse	55	7090000	16265	NA
175	Pulse	55	7100000	26265	NA
175	Pulse	55	7110000	36265	NA
176	Pulse	55	7120000	5599	NA
176	Pulse	55	7130000	15599	NA
176	Pulse	55	7140000	25599	NA
176	Pulse	55	7150000	35599	NA
177	Pulse	55	7160000	4932	NA
177	Pulse	55	7170000	14932	NA
177	Pulse	55	7180000	24932	NA
177	Pulse	55	7190000	34932	NA
178	Pulse	55	7200000	4266	NA
178	Pulse	55	7210000	14266	NA
178	Pulse	55	7220000	24266	NA
178	Pulse	55	7230000	34266	NA
179	Pulse	55	7240000	3600	NA
179	Pulse	55	7250000	13600	NA
179	Pulse	55	7260000	23600	NA
179	Pulse	55	7270000	33600	NA
180	Pulse	55	7280000	2934	NA
180	Pulse	55	7290000	12934	NA
180	Pulse	55	7300000	22934	NA
180	Pulse	55	7310000	32934	NA
181	Pulse	55	7320000	2268	NA
181	Pulse	55	7330000	12268	NA
181	Pulse	55	7340000	22268	NA
181	Pulse	55	7350000	32268	NA
182	Pulse	55	7360000	1602	NA
182	Pulse	55	7370000	11602	NA
182	Pulse	55	7380000	21602	NA
182	Pulse	55	7390000	31602	NA
183	Pulse	55	7400000	936	NA
183	Pulse	55	7410000	10936	NA
183	Pulse	55	7420000	20936	NA
183	Pulse	55	7430000	30936	NA
184	Pulse	55	7440000	270	NA
184	Pulse	55	7450000	10270	NA
184	Pulse	55	7460000	20270	NA
184	Pulse	55	7470000	30270	NA
184	Pulse	55	7480000	40270	NA
185	Pulse	55	7490000	9770	NA
185	Pulse	55	7500000	19770	NA
185	Pulse	55	7510000	29770	NA
185	Pulse	55	7520000	39770	NA
186	Pulse	55	7530000	9104	NA
186	Pulse	55	7540000	19104	NA
186	Pulse	55	7550000	29104	NA
186	Pulse	55	7560000	39104	NA
187	Pulse	55	7570000	8438	NA
187	Pulse	55	7580000	18438	NA
187	Pulse	55	7590000	28438	NA
187	Pulse	55	7600000	38438	NA
188	Pulse	55	7610000	7772	NA
188	Pulse	55	7620000	17772	NA
188	Pulse	55	7630000	27772	NA
188	Pulse	55	7640000	37772	NA
189	Pulse	55	7650000	7106	NA
189	Pulse	55	7660000	17106	NA
189	Pulse	55	7670000	27106	NA
189	Pulse	55	7680000	37106	NA
190	Pulse	55	7690000	6440	NA
190	Pulse	55	7700000	16440	NA
190	Pulse	55	7710000	26440	NA
190	Pulse	55	7720000	36440	NA
191	Pulse	55	7730000	5774	NA
191	Pulse	55	7740000	15774	NA
191	Pulse	55	7750000	25774	NA
191	Pulse	55	7760000	35774	NA
192	Pulse	55	7770000	5108	NA
192	Pulse	55	7780000	15108	NA
192	Pulse	55	7790000	25108	NA
192	Pulse	55	7800000	35108	NA
193	Pulse	55	7810000	4441	NA
193	Pulse	55	7820000	14441	NA
193	Pulse	55	7830000	24441	NA
193	Pulse	55	7840000	34441	NA
194	Pulse	55	7850000	3775	NA
194	Pulse	55	7860000	13775	NA
194	Pulse	55	7870000	23775	NA
194	Pulse	55	7880000	33775	NA
195	Pulse	55	7890000	3109	NA
195	Pulse	55	7900000	13109	NA
195	Pulse	55	7910000	23109	NA
195	Pulse	55	7920000	33109	NA
196	Pulse	55	7930000	2443	NA
196	Pulse	55	7940000	12443	NA
196	Pulse	55	7950000	22443	NA
196	Pulse	55	7960000	32443	NA
197	Pulse	55	7970000	1777	NA
197	Pulse	55	7980000	11777	NA
197	Pulse	55	7990000	21777	NA
197	Pulse	55	8000000	31777	NA
198	Pulse	55	8010000	1278	NA
198	Pulse	55	8020000	11278	NA
198	Pulse	55	8030000	21278	NA
198	Pulse	55	8040000	31278	NA
199	Pulse	55	8050000	611	NA
199	Pulse	55	8060000	10611	NA
199	Pulse	55	8070000	20611	NA
199	Pulse	55	8080000	30611	NA
199	Pulse	55	8090000	40611	NA
200	Pulse	55	8100000	9945	NA
200	Pulse	55	8110000	19945	NA
200	Pulse	55	8120000	29945	NA
200	Pulse	55	8130000	39945	NA
201	Pulse	55	8140000	9446	NA
201	Pulse	55	8150000	19446	NA
201	Pulse	55	8160000	29446	NA
201	Pulse	55	8170000	39446	NA
202	Pulse	55	8180000	8780	NA
202	Pulse	55	8190000	18780	NA
202	Pulse	55	8200000	28780	NA
202	Pulse	55	8210000	38780	NA
203	Pulse	55	8220000	8280	NA
203	Pulse	55	8230000	18280	NA
203	Pulse	55	8240000	28280	NA
203	Pulse	55	8250000	38280	NA
204	Pulse	55	8260000	7614	NA
204	Pulse	55	8270000	17614	NA
204	Pulse	55	8280000	27614	NA
204	Pulse	55	8290000	37614	NA
205	Pulse	55	8300000	6948	NA
205	Pulse	55	8310000	16948	NA
205	Pulse	55	8320000	26948	NA
205	Pulse	55	8330000	36948	NA
206	Pulse	55	8340000	6282	NA
206	Pulse	55	8350000	16282	NA
206	Pulse	55	8360000	26282	NA
206	Pulse	55	8370000	36282	NA
207	Pulse	55	8380000	5783	NA
207	Pulse	55	8390000	15783	NA
207	Pulse	55	8400000	25783	NA
207	Pulse	55	8410000	35783	NA
208	Pulse	55	8420000	5283	NA
208	Pulse	55	8430000	15283	NA
208	Pulse	55	8440000	25283	NA
208	Pulse	55	8450000	35283	NA
209	Pulse	55	8460000	4617	NA
209	Pulse	55	8470000	14617	NA
209	Pulse	55	8480000	24617	NA
209	Pulse	55	8490000	34617	NA
210	Pulse	55	8500000	4118	NA
210	Pulse	55	8510000	14118	NA
210	Pulse	55	8520000	24118	NA
210	Pulse	55	8530000	34118	NA
211	Pulse	55	8540000	3618	NA
211	Pulse	55	8550000	13618	NA
211	Pulse	55	8560000	23618	NA
211	Pulse	55	8570000	33618	NA
212	Pulse	55	8580000	3119	NA
212	Pulse	55	8590000	13119	NA
212	Pulse	55	8600000	23119	NA
212	Pulse	55	8610000	33119	NA
213	Pulse	55	8620000	2619	NA
213	Pulse	55	8630000	12619	NA
213	Pulse	55	8640000	22619	NA
213	Pulse	55	8650000	32619	NA
214	Pulse	55	8660000	1953	NA
214	Pulse	55	8670000	11953	NA
214	Pulse	55	8680000	21953	NA
214	Pulse	55	8690000	31953	NA
215	Pulse	55	8700000	1287	NA
215	Pulse	55	8710000	11287	NA
215	Pulse	55	8720000	21287	NA
215	Pulse	55	8730000	31287	NA
216	Pulse	55	8740000	621	NA
216	Pulse	55	8750000	10621	NA
216	Pulse	55	8760000	20621	NA
216	Pulse	55	8770000	30621	NA
217	Pulse	55	8780000	288	NA
217	Pulse	55	8790000	10288	NA
217	Pulse	55	8800000	20288	NA
217	Pulse	55	8810000	30288	NA
217	Pulse	55	8820000	40288	NA
218	Pulse	55	8830000	9622	NA
218	Pulse	55	8840000	19622	NA
218	Pulse	55	8850000	29622	NA
218	Pulse	55	8860000	39622	NA
219	Pulse	55	8870000	9123	NA
219	Pulse	55	8880000	19123	NA
219	Pulse	55	8890000	29123	NA
219	Pulse	55	8900000	39123	NA
220	Pulse	55	8910000	8457	NA
220	Pulse	55	8920000	18457	NA
220	Pulse	55	8930000	28457	NA
220	Pulse	55	8940000	38457	NA
221	Pulse	55	8950000	7790	NA
221	Pulse	55	8960000	17790	NA
221	Pulse	55	8970000	27790	NA
221	Pulse	55	8980000	37790	NA
222	Pulse	55	8990000	7291	NA
222	Pulse	55	9000000	17291	NA
222	Pulse	55	9010000	27291	NA
222	Pulse	55	9020000	37291	NA
223	Pulse	55	9030000	6625	NA
223	Pulse	55	9040000	16625	NA
223	Pulse	55	9050000	26625	NA
223	Pulse	55	9060000	36625	NA
224	Pulse	55	9070000	5959	NA
224	Pulse	55	9080000	15959	NA
224	Pulse	55	9090000	25959	NA
224	Pulse	55	9100000	35959	NA
225	Pulse	55	9110000	5459	NA
225	Pulse	55	9120000	15459	NA
225	Pulse	55	9130000	25459	NA
225	Pulse	55	9140000	35459	NA
226	Pulse	55	9150000	4960	NA
226	Pulse	55	9160000	14960	NA
226	Pulse	55	9170000	24960	NA
226	Pulse	55	9180000	34960	NA
227	Pulse	55	9190000	4294	NA
227	Pulse	55	9200000	14294	NA
227	Pulse	55	9210000	24294	NA
227	Pulse	55	9220000	34294	NA
228	Pulse	55	9230000	3628	NA
228	Pulse	55	9240000	13628	NA
228	Pulse	55	9250000	23628	NA
228	Pulse	55	9260000	33628	NA
229	Pulse	55	9270000	2962	NA
229	Pulse	55	9280000	12962	NA
229	Pulse	55	9290000	22962	NA
229	Pulse	55	9300000	32962	NA
230	Pulse	55	9310000	2296	NA
230	Pulse	55	9320000	12296	NA
230	Pulse	55	9330000	22296	NA
230	Pulse	55	9340000	32296	NA
231	Pulse	55	9350000	1796	NA
231	Pulse	55	9360000	11796	NA
231	Pulse	55	9370000	21796	NA
231	Pulse	55	9380000	31796	NA
232	Pulse	55	9390000	1130	NA
232	Pulse	55	9400000	11130	NA
232	Pulse	55	9410000	21130	NA
232	Pulse	55	9420000	31130	NA
233	Pulse	55	9430000	464	NA
233	Pulse	55	9440000	10464	NA
233	Pulse	55	9450000	20464	NA
233	Pulse	55	9460000	30464	NA
233	Pulse	55	9470000	40464	NA
234	Pulse	55	9480000	9798	NA
234	Pulse	55	9490000	19798	NA
234	Pulse	55	9500000	29798	NA
234	Pulse	55	9510000	39798	NA
235	Pulse	55	9520000	9132	NA
235	Pulse	55	9530000	19132	NA
235	Pulse	55	9540000	29132	NA
235	Pulse	55	9550000	39132	NA
236	Pulse	55	9560000	8466	NA
236	Pulse	55	9570000	18466	NA
236	Pulse	55	9580000	28466	NA
236	Pulse	55	9590000	38466	NA
237	Pulse	55	9600000	7799	NA
237	Pulse	55	9610000	17799	NA
237	Pulse	55	9620000	27799	NA
237	Pulse	55	9630000	37799	NA
238	Pulse	55	9640000	7133	NA
238	Pulse	55	9650000	17133	NA
238	Pulse	55	9660000	27133	NA
238	Pulse	55	9670000	37133	NA
239	Pulse	55	9680000	6467	NA
239	Pulse	55	9690000	16467	NA
239	Pulse	55	9700000	26467	NA
239	Pulse	55	9710000	36467	NA
240	Pulse	55	9720000	5801	NA
240	Pulse	55	9730000	15801	NA
240	Pulse	55	9740000	25801	NA
240	Pulse	55	9750000	35801	NA
241	Pulse	55	9760000	5135	NA
241	Pulse	55	9770000	15135	NA
241	Pulse	55	9780000	25135	NA
241	Pulse	55	9790000	35135	NA
242	Pulse	55	9800000	4469	NA
242	Pulse	55	9810000	14469	NA
242	Pulse	55	9820000	24469	NA
242	Pulse	55	9830000	34469	NA
243	Pulse	55	9840000	3803	NA
243	Pulse	55	9850000	13803	NA
243	Pulse	55	9860000	23803	NA
243	Pulse	55	9870000	33803	NA
244	Pulse	55	9880000	3137	NA
244	Pulse	55	9890000	13137	NA
244	Pulse	55	9900000	23137	NA
244	Pulse	55	9910000	33137	NA
245	Pulse	55	9920000	2637	NA
245	Pulse	55	9930000	12637	NA
245	Pulse	55	9940000	22637	NA
245	Pulse	55	9950000	32637	NA
246	Pulse	55	9960000	1971	NA
246	Pulse	55	9970000	11971	NA
246	Pulse	55	9980000	21971	NA
246	Pulse	55	9990000	31971	NA
247	Pulse	55	10000000	1305	NA
247	Pulse	55	10010000	11305	NA
247	Pulse	55	10020000	21305	NA
247	Pulse	55	10030000	31305	NA
248	Pulse	55	10040000	639	NA
248	Pulse	55	10050000	10639	NA
248	Pulse	55	10060000	20639	NA
248	Pulse	55	10070000	30639	NA
248	Pulse	55	10080000	40639	NA
249	Pulse	55	10090000	9973	NA
249	Pulse	55	10100000	19973	NA
249	Pulse	55	10110000	29973	NA
249	Pulse	55	10120000	39973	NA
250	Pulse	55	10130000	9307	NA
250	Pulse	55	10140000	19307	NA
250	Pulse	55	10150000	29307	NA
250	Pulse	55	10160000	39307	NA
251	Pulse	55	10170000	8641	NA
251	Pulse	55	10180000	18641	NA
251	Pulse	55	10190000	28641	NA
251	Pulse	55	10200000	38641	NA
252	Pulse	55	10210000	7974	NA
252	Pulse	55	10220000	17974	NA
252	Pulse	55	10230000	27974	NA
252	Pulse	55	10240000	37974	NA
253	Pulse	55	10250000	7308	NA
253	Pulse	55	10260000	17308	NA
253	Pulse	55	10270000	27308	NA
253	Pulse	55	10280000	37308	NA
254	Pulse	55	10290000	6642	NA
254	Pulse	55	10300000	16642	NA
254	Pulse	55	10310000	26642	NA
254	Pulse	55	10320000	36642	NA
255	Pulse	55	10330000	6143	NA
255	Pulse	55	10340000	16143	NA
255	Pulse	55	10350000	26143	NA
255	Pulse	55	10360000	36143	NA
256	Pulse	55	10370000	5643	NA
256	Pulse	55	10380000	15643	NA
256	Pulse	55	10390000	25643	NA
256	Pulse	55	10400000	35643	NA
257	Pulse	55	10410000	5144	NA
257	Pulse	55	10420000	15144	NA
257	Pulse	55	10430000	25144	NA
257	Pulse	55	10440000	35144	NA
258	Pulse	55	10450000	4478	NA
258	Pulse	55	10460000	14478	NA
258	Pulse	55	10470000	24478	NA
258	Pulse	55	10480000	34478	NA
259	Pulse	55	10490000	3812	NA
259	Pulse	55	10500000	13812	NA
259	Pulse	55	10510000	23812	NA
259	Pulse	55	10520000	33812	NA
260	Pulse	55	10530000	3146	NA
260	Pulse	55	10540000	13146	NA
260	Pulse	55	10550000	23146	NA
260	Pulse	55	10560000	33146	NA
261	Pulse	55	10570000	2479	NA
261	Pulse	55	10580000	12479	NA
261	Pulse	55	10590000	22479	NA
261	Pulse	55	10600000	32479	NA
262	Pulse	55	10610000	1813	NA
262	Pulse	55	10620000	11813	NA
262	Pulse	55	10630000	21813	NA
262	Pulse	55	10640000	31813	NA
263	Pulse	55	10650000	1147	NA
263	Pulse	55	10660000	11147	NA
263	Pulse	55	10670000	21147	NA
263	Pulse	55	10680000	31147	NA
264	Pulse	55	10690000	481	NA
264	Pulse	55	10700000	10481	NA
264	Pulse	55	10710000	20481	NA
264	Pulse	55	10720000	30481	NA
264	Pulse	55	10730000	40481	NA
265	Pulse	55	10740000	9815	NA
265	Pulse	55	10750000	19815	NA
265	Pulse	55	10760000	29815	NA
265	Pulse	55	10770000	39815	NA
266	Pulse	55	10780000	9149	NA
266	Pulse	55	10790000	19149	NA
266	Pulse	55	10800000	29149	NA
266	Pulse	55	10810000	39149	NA
267	Pulse	55	10820000	8483	NA
267	Pulse	55	10830000	18483	NA
267	Pulse	55	10840000	28483	NA
267	Pulse	55	10850000	38483	NA
268	Pulse	55	10860000	7817	NA
268	Pulse	55	10870000	17817	NA
268	Pulse	55	10880000	27817	NA
268	Pulse	55	10890000	37817	NA
269	Pulse	55	10900000	7151	NA
269	Pulse	55	10910000	17151	NA
269	Pulse	55	10920000	27151	NA
269	Pulse	55	10930000	37151	NA
270	Pulse	55	10940000	6485	NA
270	Pulse	55	10950000	16485	NA
270	Pulse	55	10960000	26485	NA
270	Pulse	55	10970000	36485	NA
271	Pulse	55	10980000	5818	NA
271	Pulse	55	10990000	15818	NA
271	Pulse	55	11000000	25818	NA
271	Pulse	55	11010000	35818	NA
272	Pulse	55	11020000	5152	NA
272	Pulse	55	11030000	15152	NA
272	Pulse	55	11040000	25152	NA
272	Pulse	55	11050000	35152	NA
273	Pulse	55	11060000	4486	NA
273	Pulse	55	11070000	14486	NA
273	Pulse	55	11080000	24486	NA
273	Pulse	55	11090000	34486	NA
274	Pulse	55	11100000	3820	NA
274	Pulse	55	11110000	13820	NA
274	Pulse	55	11120000	23820	NA
274	Pulse	55	11130000	33820	NA
275	Pulse	55	11140000	3154	NA
275	Pulse	55	11150000	13154	NA
275	Pulse	55	11160000	23154	NA
275	Pulse	55	11170000	33154	NA
276	Pulse	55	11180000	2488	NA
276	Pulse	55	11190000	12488	NA
276	Pulse	55	11200000	22488	NA
276	Pulse	55	11210000	32488	NA
277	Pulse	55	11220000	1822	NA
277	Pulse	55	11230000	11822	NA
277	Pulse	55	11240000	21822	NA
277	Pulse	55	11250000	31822	NA
278	Pulse	55	11260000	1156	NA
278	Pulse	55	11270000	11156	NA
278	Pulse	55	11280000	21156	NA
278	Pulse	55	11290000	31156	NA
279	Pulse	55	11300000	490	NA
279	Pulse	55	11310000	10490	NA
279	Pulse	55	11320000	20490	NA
279	Pulse	55	11330000	30490	NA
279	Pulse	55	11340000	40490	NA
280	Pulse	55	11350000	9824	NA
280	Pulse	55	11360000	19824	NA
280	Pulse	55	11370000	29824	NA
280	Pulse	55	11380000	39824	NA
281	Pulse	55	11390000	9157	NA
281	Pulse	55	11400000	19157	NA
281	Pulse	55	11410000	29157	NA
281	Pulse	55	11420000	39157	NA
282	Pulse	55	11430000	8491	NA
282	Pulse	55	11440000	18491	NA
282	Pulse	55	11450000	28491	NA
282	Pulse	55	11460000	38491	NA
283	Pulse	55	11470000	7659	NA
283	Pulse	55	11480000	17659	NA
283	Pulse	55	11490000	27659	NA
283	Pulse	55	11500000	37659	NA
284	Pulse	55	11510000	6993	NA
284	Pulse	55	11520000	16993	NA
284	Pulse	55	11530000	26993	NA
284	Pulse	55	11540000	36993	NA
285	Pulse	55	11550000	6326	NA
285	Pulse	55	11560000	16326	NA
285	Pulse	55	11570000	26326	NA
285	Pulse	55	11580000	36326	NA
286	Pulse	55	11590000	5660	NA
286	Pulse	55	11600000	15660	NA
286	Pulse	55	11610000	25660	NA
286	Pulse	55	11620000	35660	NA
287	Pulse	55	11630000	4994	NA
287	Pulse	55	11640000	14994	NA
287	Pulse	55	11650000	24994	NA
287	Pulse	55	11660000	34994	NA
288	Pulse	55	11670000	4328	NA
288	Pulse	55	11680000	14328	NA
288	Pulse	55	11690000	24328	NA
288	Pulse	55	11700000	34328	NA
289	Pulse	55	11710000	3662	NA
289	Pulse	55	11720000	13662	NA
289	Pulse	55	11730000	23662	NA
289	Pulse	55	11740000	33662	NA
290	Pulse	55	11750000	2996	NA
290	Pulse	55	11760000	12996	NA
290	Pulse	55	11770000	22996	NA
290	Pulse	55	11780000	32996	NA
291	Pulse	55	11790000	2330	NA
291	Pulse	55	11800000	12330	NA
291	Pulse	55	11810000	22330	NA
291	Pulse	55	11820000	32330	NA
292	Pulse	55	11830000	1664	NA
292	Pulse	55	11840000	11664	NA
292	Pulse	55	11850000	21664	NA
292	Pulse	55	11860000	31664	NA
293	Pulse	55	11870000	998	NA
293	Pulse	55	11880000	10998	NA
293	Pulse	55	11890000	20998	NA
293	Pulse	55	11900000	30998	NA
294	Pulse	55	11910000	331	NA
294	Pulse	55	11920000	10331	NA
294	Pulse	55	11930000	20331	NA
294	Pulse	55	11940000	30331	NA
294	Pulse	55	11950000	40331	NA
295	Pulse	55	11960000	9665	NA
295	Pulse	55	11970000	19665	NA
295	Pulse	55	11980000	29665	NA
295	Pulse	55	11990000	39665	NA
296	Pulse	55	12000000	8999	NA
296	Pulse	55	12010000	18999	NA
296	Pulse	55	12020000	28999	NA
296	Pulse	55	12030000	38999	NA
297	Pulse	55	12040000	8333	NA
297	Pulse	55	12050000	18333	NA
297	Pulse	55	12060000	28333	NA
297	Pulse	55	12070000	38333	NA
298	Pulse	55	12080000	7667	NA
298	Pulse	55	12090000	17667	NA
298	Pulse	55	12100000	27667	NA
298	Pulse	55	12110000	37667	NA
299	Pulse	55	12120000	7001	NA
299	Pulse	55	12130000	17001	NA
299	Pulse	55	12140000	27001	NA
299	Pulse	55	12150000	37001	NA
300	Pulse	55	12160000	6335	NA
300	Pulse	55	12170000	16335	NA
300	Pulse	55	12180000	26335	NA
300	Pulse	55	12190000	36335	NA
301	Pulse	55	12200000	5502	NA
301	Pulse	55	12210000	15502	NA
301	Pulse	55	12220000	25502	NA
301	Pulse	55	12230000	35502	NA
302	Pulse	55	12240000	4836	NA
302	Pulse	55	12250000	14836	NA
302	Pulse	55	12260000	24836	NA
302	Pulse	55	12270000	34836	NA
303	Pulse	55	12280000	4170	NA
303	Pulse	55	12290000	14170	NA
303	Pulse	55	12300000	24170	NA
303	Pulse	55	12310000	34170	NA
304	Pulse	55	12320000	3504	NA
304	Pulse	55	12330000	13504	NA
304	Pulse	55	12340000	23504	NA
304	Pulse	55	12350000	33504	NA
305	Pulse	55	12360000	2838	NA
305	Pulse	55	12370000	12838	NA
305	Pulse	55	12380000	22838	NA
305	Pulse	55	12390000	32838	NA
306	Pulse	55	12400000	2172	NA
306	Pulse	55	12410000	12172	NA
306	Pulse	55	12420000	22172	NA
306	Pulse	55	12430000	32172	NA
307	Pulse	55	12440000	1505	NA
307	Pulse	55	12450000	11505	NA
307	Pulse	55	12460000	21505	NA
307	Pulse	55	12470000	31505	NA
308	Pulse	55	12480000	839	NA
308	Pulse	55	12490000	10839	NA
308	Pulse	55	12500000	20839	NA
308	Pulse	55	12510000	30839	NA
309	Pulse	55	12520000	173	NA
309	Pulse	55	12530000	10173	NA
309	Pulse	55	12540000	20173	NA
309	Pulse	55	12550000	30173	NA
309	Pulse	55	12560000	40173	NA
310	Pulse	55	12570000	9507	NA
310	Pulse	55	12580000	19507	NA
310	Pulse	55	12590000	29507	NA
310	Pulse	55	12600000	39507	NA
311	Pulse	55	12610000	8841	NA
311	Pulse	55	12620000	18841	NA
311	Pulse	55	12630000	28841	NA
311	Pulse	55	12640000	38841	NA
312	Pulse	55	12650000	8175	NA
312	Pulse	55	12660000	18175	NA
312	Pulse	55	12670000	28175	NA
312	Pulse	55	12680000	38175	NA
313	Pulse	55	12690000	7509	NA
313	Pulse	55	12700000	17509	NA
313	Pulse	55	12710000	27509	NA
313	Pulse	55	12720000	37509	NA
314	Pulse	55	12730000	6843	NA
314	Pulse	55	12740000	16843	NA
314	Pulse	55	12750000	26843	NA
314	Pulse	55	12760000	36843	NA
315	Pulse	55	12770000	6177	NA
315	Pulse	55	12780000	16177	NA
315	Pulse	55	12790000	26177	NA
315	Pulse	55	12800000	36177	NA
316	Pulse	55	12810000	5511	NA
316	Pulse	55	12820000	15511	NA
316	Pulse	55	12830000	25511	NA
316	Pulse	55	12840000	35511	NA
317	Pulse	55	12850000	4844	NA
317	Pulse	55	12860000	14844	NA
317	Pulse	55	12870000	24844	NA
317	Pulse	55	12880000	34844	NA
318	Pulse	55	12890000	4178	NA
318	Pulse	55	12900000	14178	NA
318	Pulse	55	12910000	24178	NA
318	Pulse	55	12920000	34178	NA
319	Pulse	55	12930000	3512	NA
319	Pulse	55	12940000	13512	NA
319	Pulse	55	12950000	23512	NA
319	Pulse	55	12960000	33512	NA
320	Pulse	55	12970000	2846	NA
320	Pulse	55	12980000	12846	NA
320	Pulse	55	12990000	22846	NA
320	Pulse	55	13000000	32846	NA
321	Pulse	55	13010000	2180	NA
321	Pulse	55	13020000	12180	NA
321	Pulse	55	13030000	22180	NA
321	Pulse	55	13040000	32180	NA
322	Pulse	55	13050000	1514	NA
322	Pulse	55	13060000	11514	NA
322	Pulse	55	13070000	21514	NA
322	Pulse	55	13080000	31514	NA
323	Pulse	55	13090000	848	NA
323	Pulse	55	13100000	10848	NA
323	Pulse	55	13110000	20848	NA
323	Pulse	55	13120000	30848	NA
324	Pulse	55	13130000	182	NA
324	Pulse	55	13140000	10182	NA
324	Pulse	55	13150000	20182	NA
324	Pulse	55	13160000	30182	NA
324	Pulse	55	13170000	40182	NA
325	Pulse	55	13180000	9516	NA
325	Pulse	55	13190000	19516	NA
325	Pulse	55	13200000	29516	NA
325	Pulse	55	13210000	39516	NA
326	Pulse	55	13220000	8849	NA
326	Pulse	55	13230000	18849	NA
326	Pulse	55	13240000	28849	NA
326	Pulse	55	13250000	38849	NA
327	Pulse	55	13260000	8183	NA
327	Pulse	55	13270000	18183	NA
327	Pulse	55	13280000	28183	NA
327	Pulse	55	13290000	38183	NA
328	Pulse	55	13300000	7517	NA
328	Pulse	55	13310000	17517	NA
328	Pulse	55	13320000	27517	NA
328	Pulse	55	13330000	37517	NA
329	Pulse	55	13340000	6851	NA
329	Pulse	55	13350000	16851	NA
329	Pulse	55	13360000	26851	NA
329	Pulse	55	13370000	36851	NA
330	Pulse	55	13380000	6185	NA
330	Pulse	55	13390000	16185	NA
330	Pulse	55	13400000	26185	NA
330	Pulse	55	13410000	36185	NA
331	Pulse	55	13420000	5519	NA
331	Pulse	55	13430000	15519	NA
331	Pulse	55	13440000	25519	NA
331	Pulse	55	13450000	35519	NA
332	Pulse	55	13460000	4853	NA
332	Pulse	55	13470000	14853	NA
332	Pulse	55	13480000	24853	NA
332	Pulse	55	13490000	34853	NA
333	Pulse	55	13500000	4187	NA
333	Pulse	55	13510000	14187	NA
333	Pulse	55	13520000	24187	NA
333	Pulse	55	13530000	34187	NA
334	Pulse	55	13540000	3521	NA
334	Pulse	55	13550000	13521	NA
334	Pulse	55	13560000	23521	NA
334	Pulse	55	13570000	33521	NA
335	Pulse	55	13580000	2855	NA
335	Response	1	13583744	6598	1
335	Pulse	55	13590000	12855	NA
335	Pulse	55	13600000	22855	NA
335	Pulse	55	13610000	32855	NA
336	Pulse	55	13620000	2688	NA
336	Pulse	55	13630000	12688	NA
337	Pulse	55	13640000	2522	NA
337	Pulse	55	13650000	12522	NA
337	Pulse	55	13660000	22522	NA
337	Pulse	55	13670000	32522	NA
337	Pulse	55	13680000	42522	NA
337	Pulse	55	13690000	52522	NA
337	Pulse	55	13700000	62522	NA
337	Pulse	55	13710000	72522	NA
337	Pulse	55	13720000	82522	NA
337	Pulse	55	13730000	92522	NA
337	Pulse	55	13740000	102522	NA
337	Pulse	55	13750000	112522	NA
337	Pulse	55	13760000	122522	NA
337	Pulse	55	13770000	132522	NA
337	Pulse	55	13780000	142522	NA
337	Pulse	55	13790000	152522	NA
337	Pulse	55	13800000	162522	NA
337	Pulse	55	13810000	172522	NA
337	Pulse	55	13820000	182522	NA
337	Response	1	13821342	183864	1
337	Pulse	55	13830000	192522	NA
337	Pulse	55	13840000	202522	NA
338	Pulse	55	13850000	9858	NA
338	Pulse	55	13860000	19858	NA
338	Pulse	55	13870000	29858	NA
338	Pulse	55	13880000	39858	NA
338	Pulse	55	13890000	49858	NA
338	Pulse	55	13900000	59858	NA
338	Pulse	55	13910000	69858	NA
338	Pulse	55	13920000	79858	NA
338	Pulse	55	13930000	89858	NA
338	Pulse	55	13940000	99858	NA
338	Pulse	55	13950000	109858	NA
338	Pulse	55	13960000	119858	NA
338	Pulse	55	13970000	129858	NA
338	Pulse	55	13980000	139858	NA
338	Pulse	55	13990000	149858	NA
338	Pulse	55	14000000	159858	NA
338	Pulse	55	14010000	169858	NA
338	Pulse	55	14020000	179858	NA
338	Pulse	55	14030000	189858	NA
338	Pulse	55	14040000	199858	NA
338	Pulse	55	14050000	209858	NA
338	Pulse	55	14060000	219858	NA
338	Pulse	55	14070000	229858	NA
338	Pulse	55	14080000	239858	NA
338	Pulse	55	14090000	249858	NA
338	Pulse	55	14100000	259858	NA
338	Pulse	55	14110000	269858	NA
338	Pulse	55	14120000	279858	NA
338	Pulse	55	14130000	289858	NA
338	Pulse	55	14140000	299858	NA
338	Pulse	55	14150000	309858	NA
338	Pulse	55	14160000	319858	NA
338	Pulse	55	14170000	329858	NA
338	Pulse	55	14180000	339858	NA
338	Pulse	55	14190000	349858	NA
338	Pulse	55	14200000	359858	NA
338	Pulse	55	14210000	369858	NA
338	Pulse	55	14220000	379858	NA
338	Pulse	55	14230000	389858	NA
338	Pulse	55	14240000	399858	NA
338	Pulse	55	14250000	409858	NA
338	Pulse	55	14260000	419858	NA
338	Pulse	55	14270000	429858	NA
338	Pulse	55	14280000	439858	NA
338	Pulse	55	14290000	449858	NA
338	Pulse	55	14300000	459858	NA
338	Pulse	55	14310000	469858	NA
338	Pulse	55	14320000	479858	NA
338	Pulse	55	14330000	489858	NA
338	Pulse	55	14340000	499858	NA
338	Pulse	55	14350000	509858	NA
338	Pulse	55	14360000	519858	NA
338	Pulse	55	14370000	529858	NA
338	Pulse	55	14380000	539858	NA
338	Pulse	55	14390000	549858	NA
338	Pulse	55	14400000	559858	NA
338	Pulse	55	14410000	569858	NA
338	Pulse	55	14420000	579858	NA
338	Pulse	55	14430000	589858	NA
338	Pulse	55	14440000	599858	NA
338	Pulse	55	14450000	609858	NA
338	Pulse	55	14460000	619858	NA
338	Pulse	55	14470000	629858	NA
338	Pulse	55	14480000	639858	NA
338	Pulse	55	14490000	649858	NA
338	Pulse	55	14500000	659858	NA
338	Pulse	55	14510000	669858	NA
338	Pulse	55	14520000	679858	NA
338	Pulse	55	14530000	689858	NA
338	Pulse	55	14540000	699858	NA
338	Pulse	55	14550000	709858	NA
338	Pulse	55	14560000	719858	NA
338	Pulse	55	14570000	729858	NA
338	Pulse	55	14580000	739858	NA
338	Pulse	55	14590000	749858	NA
338	Pulse	55	14600000	759858	NA
338	Pulse	55	14610000	769858	NA
338	Pulse	55	14620000	779858	NA
338	Pulse	55	14630000	789858	NA
338	Pulse	55	14640000	799858	NA
338	Pulse	55	14650000	809858	NA
338	Pulse	55	14660000	819858	NA
338	Pulse	55	14670000	829858	NA
338	Pulse	55	14680000	839858	NA
338	Pulse	55	14690000	849858	NA
338	Pulse	55	14700000	859858	NA
338	Pulse	55	14710000	869858	NA
338	Pulse	55	14720000	879858	NA
338	Pulse	55	14730000	889858	NA
338	Pulse	55	14740000	899858	NA
338	Pulse	55	14750000	909858	NA
338	Pulse	55	14760000	919858	NA
338	Pulse	55	14770000	929858	NA
338	Pulse	55	14780000	939858	NA
338	Pulse	55	14790000	949858	NA
338	Pulse	55	14800000	959858	NA
338	Pulse	55	14810000	969858	NA
338	Pulse	55	14820000	979858	NA
338	Pulse	55	14830000	989858	NA
338	Pulse	55	14840000	999858	NA
338	Pulse	55	14850000	1009858	NA
338	Pulse	55	14860000	1019858	NA
338	Pulse	55	14870000	1029858	NA
338	Pulse	55	14880000	1039858	NA
338	Pulse	55	14890000	1049858	NA
338	Pulse	55	14900000	1059858	NA
338	Pulse	55	14910000	1069858	NA
338	Pulse	55	14920000	1079858	NA
338	Pulse	55	14930000	1089858	NA
338	Pulse	55	14940000	1099858	NA
338	Pulse	55	14950000	1109858	NA
338	Pulse	55	14960000	1119858	NA
338	Pulse	55	14970000	1129858	NA
338	Pulse	55	14980000	1139858	NA
338	Pulse	55	14990000	1149858	NA
338	Pulse	55	15000000	1159858	NA
338	Pulse	55	15010000	1169858	NA
338	Pulse	55	15020000	1179858	NA
338	Pulse	55	15030000	1189858	NA
338	Pulse	55	15040000	1199858	NA
338	Pulse	55	15050000	1209858	NA
338	Pulse	55	15060000	1219858	NA
338	Pulse	55	15070000	1229858	NA
338	Pulse	55	15080000	1239858	NA
338	Pulse	55	15090000	1249858	NA
338	Pulse	55	15100000	1259858	NA
338	Pulse	55	15110000	1269858	NA
338	Pulse	55	15120000	1279858	NA
338	Pulse	55	15130000	1289858	NA
338	Pulse	55	15140000	1299858	NA
338	Pulse	55	15150000	1309858	NA
338	Pulse	55	15160000	1319858	NA
338	Pulse	55	15170000	1329858	NA
338	Pulse	55	15180000	1339858	NA
338	Pulse	55	15190000	1349858	NA
338	Pulse	55	15200000	1359858	NA
338	Pulse	55	15210000	1369858	NA
338	Pulse	55	15220000	1379858	NA
338	Pulse	55	15230000	1389858	NA
338	Pulse	55	15240000	1399858	NA
338	Pulse	55	15250000	1409858	NA
338	Pulse	55	15260000	1419858	NA
338	Pulse	55	15270000	1429858	NA
338	Pulse	55	15280000	1439858	NA
338	Pulse	55	15290000	1449858	NA
338	Pulse	55	15300000	1459858	NA
338	Pulse	55	15310000	1469858	NA
338	Pulse	55	15320000	1479858	NA
338	Pulse	55	15330000	1489858	NA
338	Pulse	55	15340000	1499858	NA
338	Pulse	55	15350000	1509858	NA
338	Pulse	55	15360000	1519858	NA
338	Pulse	55	15370000	1529858	NA
338	Pulse	55	15380000	1539858	NA
338	Pulse	55	15390000	1549858	NA
338	Pulse	55	15400000	1559858	NA
338	Pulse	55	15410000	1569858	NA
338	Pulse	55	15420000	1579858	NA
338	Pulse	55	15430000	1589858	NA
338	Pulse	55	15440000	1599858	NA
338	Pulse	55	15450000	1609858	NA
338	Pulse	55	15460000	1619858	NA
338	Pulse	55	15470000	1629858	NA
338	Pulse	55	15480000	1639858	NA
338	Pulse	55	15490000	1649858	NA
338	Pulse	55	15500000	1659858	NA
338	Pulse	55	15510000	1669858	NA
338	Pulse	55	15520000	1679858	NA
338	Pulse	55	15530000	1689858	NA
338	Pulse	55	15540000	1699858	NA
338	Pulse	55	15550000	1709858	NA
338	Pulse	55	15560000	1719858	NA
338	Pulse	55	15570000	1729858	NA
338	Pulse	55	15580000	1739858	NA
338	Pulse	55	15590000	1749858	NA
338	Pulse	55	15600000	1759858	NA
338	Pulse	55	15610000	1769858	NA
338	Pulse	55	15620000	1779858	NA
338	Pulse	55	15630000	1789858	NA
338	Pulse	55	15640000	1799858	NA
338	Pulse	55	15650000	1809858	NA
338	Pulse	55	15660000	1819858	NA
338	Pulse	55	15670000	1829858	NA
338	Pulse	55	15680000	1839858	NA
338	Pulse	55	15690000	1849858	NA
338	Pulse	55	15700000	1859858	NA
338	Pulse	55	15710000	1869858	NA
338	Pulse	55	15720000	1879858	NA
338	Pulse	55	15730000	1889858	NA
338	Pulse	55	15740000	1899858	NA
338	Pulse	55	15750000	1909858	NA
338	Pulse	55	15760000	1919858	NA
338	Pulse	55	15770000	1929858	NA
338	Pulse	55	15780000	1939858	NA
338	Pulse	55	15790000	1949858	NA
338	Pulse	55	15800000	1959858	NA
338	Pulse	55	15810000	1969858	NA
338	Pulse	55	15820000	1979858	NA
338	Pulse	55	15830000	1989858	NA
338	Pulse	55	15840000	1999858	NA
338	Pulse	55	15850000	2009858	NA
338	Pulse	55	15860000	2019858	NA
338	Pulse	55	15870000	2029858	NA
338	Pulse	55	15880000	2039858	NA
338	Pulse	55	15890000	2049858	NA
338	Pulse	55	15900000	2059858	NA
338	Pulse	55	15910000	2069858	NA
338	Pulse	55	15920000	2079858	NA
338	Pulse	55	15930000	2089858	NA
338	Pulse	55	15940000	2099858	NA
338	Pulse	55	15950000	2109858	NA
338	Pulse	55	15960000	2119858	NA
338	Pulse	55	15970000	2129858	NA
338	Pulse	55	15980000	2139858	NA
338	Pulse	55	15990000	2149858	NA
338	Pulse	55	16000000	2159858	NA
338	Pulse	55	16010000	2169858	NA
338	Pulse	55	16020000	2179858	NA
338	Pulse	55	16030000	2189858	NA
338	Pulse	55	16040000	2199858	NA
338	Pulse	55	16050000	2209858	NA
338	Pulse	55	16060000	2219858	NA
338	Pulse	55	16070000	2229858	NA
338	Pulse	55	16080000	2239858	NA
338	Pulse	55	16090000	2249858	NA
338	Pulse	55	16100000	2259858	NA
338	Pulse	55	16110000	2269858	NA
338	Pulse	55	16120000	2279858	NA
338	Pulse	55	16130000	2289858	NA
338	Pulse	55	16140000	2299858	NA
338	Pulse	55	16150000	2309858	NA
338	Pulse	55	16160000	2319858	NA
338	Pulse	55	16170000	2329858	NA
338	Pulse	55	16180000	2339858	NA
338	Pulse	55	16190000	2349858	NA
338	Pulse	55	16200000	2359858	NA
338	Pulse	55	16210000	2369858	NA
338	Pulse	55	16220000	2379858	NA
338	Pulse	55	16230000	2389858	NA
338	Pulse	55	16240000	2399858	NA
338	Pulse	55	16250000	2409858	NA
338	Pulse	55	16260000	2419858	NA
338	Pulse	55	16270000	2429858	NA
338	Pulse	55	16280000	2439858	NA
338	Pulse	55	16290000	2449858	NA
338	Pulse	55	16300000	2459858	NA
338	Pulse	55	16310000	2469858	NA
338	Pulse	55	16320000	2479858	NA
338	Pulse	55	16330000	2489858	NA
338	Pulse	55	16340000	2499858	NA
338	Pulse	55	16350000	2509858	NA
338	Pulse	55	16360000	2519858	NA
338	Pulse	55	16370000	2529858	NA
338	Pulse	55	16380000	2539858	NA
338	Pulse	55	16390000	2549858	NA
338	Pulse	55	16400000	2559858	NA
338	Pulse	55	16410000	2569858	NA
338	Pulse	55	16420000	2579858	NA
338	Pulse	55	16430000	2589858	NA
338	Pulse	55	16440000	2599858	NA
338	Pulse	55	16450000	2609858	NA
338	Pulse	55	16460000	2619858	NA
338	Pulse	55	16470000	2629858	NA
338	Pulse	55	16480000	2639858	NA
338	Pulse	55	16490000	2649858	NA
338	Pulse	55	16500000	2659858	NA
338	Pulse	55	16510000	2669858	NA
338	Pulse	55	16520000	2679858	NA
338	Pulse	55	16530000	2689858	NA
338	Pulse	55	16540000	2699858	NA
338	Pulse	55	16550000	2709858	NA
338	Pulse	55	16560000	2719858	NA
338	Pulse	55	16570000	2729858	NA
338	Pulse	55	16580000	2739858	NA
338	Pulse	55	16590000	2749858	NA
338	Pulse	55	16600000	2759858	NA
338	Pulse	55	16610000	2769858	NA
338	Pulse	55	16620000	2779858	NA
338	Pulse	55	16630000	2789858	NA
338	Pulse	55	16640000	2799858	NA
338	Pulse	55	16650000	2809858	NA
338	Pulse	55	16660000	2819858	NA
338	Pulse	55	16670000	2829858	NA
338	Pulse	55	16680000	2839858	NA
338	Pulse	55	16690000	2849858	NA
338	Pulse	55	16700000	2859858	NA
338	Pulse	55	16710000	2869858	NA
338	Pulse	55	16720000	2879858	NA
338	Pulse	55	16730000	2889858	NA
338	Pulse	55	16740000	2899858	NA
338	Pulse	55	16750000	2909858	NA
338	Pulse	55	16760000	2919858	NA
338	Pulse	55	16770000	2929858	NA
338	Pulse	55	16780000	2939858	NA
338	Pulse	55	16790000	2949858	NA
338	Pulse	55	16800000	2959858	NA
338	Pulse	55	16810000	2969858	NA
338	Pulse	55	16820000	2979858	NA
338	Pulse	55	16830000	2989858	NA
338	Pulse	55	16840000	2999858	NA
338	Pulse	55	16850000	3009858	NA
338	Pulse	55	16860000	3019858	NA
338	Pulse	55	16870000	3029858	NA
338	Pulse	55	16880000	3039858	NA
338	Pulse	55	16890000	3049858	NA
338	Pulse	55	16900000	3059858	NA
338	Pulse	55	16910000	3069858	NA
338	Pulse	55	16920000	3079858	NA
338	Pulse	55	16930000	3089858	NA
338	Pulse	55	16940000	3099858	NA
338	Pulse	55	16950000	3109858	NA
338	Pulse	55	16960000	3119858	NA
338	Pulse	55	16970000	3129858	NA
338	Pulse	55	16980000	3139858	NA
338	Pulse	55	16990000	3149858	NA
338	Pulse	55	17000000	3159858	NA
338	Pulse	55	17010000	3169858	NA
338	Pulse	55	17020000	3179858	NA
338	Pulse	55	17030000	3189858	NA
338	Pulse	55	17040000	3199858	NA
338	Pulse	55	17050000	3209858	NA
338	Pulse	55	17060000	3219858	NA
338	Pulse	55	17070000	3229858	NA
338	Pulse	55	17080000	3239858	NA
338	Pulse	55	17090000	3249858	NA
338	Pulse	55	17100000	3259858	NA
338	Pulse	55	17110000	3269858	NA
338	Pulse	55	17120000	3279858	NA
338	Pulse	55	17130000	3289858	NA
338	Pulse	55	17140000	3299858	NA
338	Pulse	55	17150000	3309858	NA
338	Pulse	55	17160000	3319858	NA
338	Pulse	55	17170000	3329858	NA
338	Pulse	55	17180000	3339858	NA
338	Pulse	55	17190000	3349858	NA
338	Pulse	55	17200000	3359858	NA
338	Pulse	55	17210000	3369858	NA
338	Pulse	55	17220000	3379858	NA
338	Pulse	55	17230000	3389858	NA
338	Pulse	55	17240000	3399858	NA
338	Pulse	55	17250000	3409858	NA
338	Pulse	55	17260000	3419858	NA
338	Pulse	55	17270000	3429858	NA
338	Pulse	55	17280000	3439858	NA
338	Pulse	55	17290000	3449858	NA
338	Pulse	55	17300000	3459858	NA
338	Pulse	55	17310000	3469858	NA
338	Pulse	55	17320000	3479858	NA
338	Pulse	55	17330000	3489858	NA
338	Pulse	55	17340000	3499858	NA
338	Pulse	55	17350000	3509858	NA
338	Pulse	55	17360000	3519858	NA
338	Pulse	55	17370000	3529858	NA
338	Pulse	55	17380000	3539858	NA
338	Pulse	55	17390000	3549858	NA
338	Pulse	55	17400000	3559858	NA
338	Pulse	55	17410000	3569858	NA
338	Pulse	55	17420000	3579858	NA
338	Pulse	55	17430000	3589858	NA
338	Pulse	55	17440000	3599858	NA
338	Pulse	55	17450000	3609858	NA
338	Pulse	55	17460000	3619858	NA
338	Pulse	55	17470000	3629858	NA
338	Pulse	55	17480000	3639858	NA
338	Pulse	55	17490000	3649858	NA
338	Pulse	55	17500000	3659858	NA
338	Pulse	55	17510000	3669858	NA
338	Pulse	55	17520000	3679858	NA
338	Pulse	55	17530000	3689858	NA
338	Pulse	55	17540000	3699858	NA
338	Pulse	55	17550000	3709858	NA
338	Pulse	55	17560000	3719858	NA
338	Pulse	55	17570000	3729858	NA
338	Pulse	55	17580000	3739858	NA
338	Pulse	55	17590000	3749858	NA
338	Pulse	55	17600000	3759858	NA
338	Pulse	55	17610000	3769858	NA
338	Pulse	55	17620000	3779858	NA
338	Pulse	55	17630000	3789858	NA
338	Pulse	55	17640000	3799858	NA
338	Pulse	55	17650000	3809858	NA
338	Pulse	55	17660000	3819858	NA
338	Pulse	55	17670000	3829858	NA
338	Pulse	55	17680000	3839858	NA
338	Pulse	55	17690000	3849858	NA
338	Pulse	55	17700000	3859858	NA
338	Pulse	55	17710000	3869858	NA
338	Pulse	55	17720000	3879858	NA
338	Pulse	55	17730000	3889858	NA
338	Pulse	55	17740000	3899858	NA
338	Pulse	55	17750000	3909858	NA
338	Pulse	55	17760000	3919858	NA
338	Pulse	55	17770000	3929858	NA
338	Pulse	55	17780000	3939858	NA
338	Pulse	55	17790000	3949858	NA
338	Pulse	55	17800000	3959858	NA
338	Pulse	55	17810000	3969858	NA
338	Pulse	55	17820000	3979858	NA
338	Pulse	55	17830000	3989858	NA
338	Pulse	55	17840000	3999858	NA
338	Pulse	55	17850000	4009858	NA
338	Pulse	55	17860000	4019858	NA
338	Pulse	55	17870000	4029858	NA
338	Pulse	55	17880000	4039858	NA
338	Pulse	55	17890000	4049858	NA
338	Pulse	55	17900000	4059858	NA
338	Pulse	55	17910000	4069858	NA
338	Pulse	55	17920000	4079858	NA
338	Pulse	55	17930000	4089858	NA
338	Pulse	55	17940000	4099858	NA
338	Pulse	55	17950000	4109858	NA
338	Pulse	55	17960000	4119858	NA
338	Pulse	55	17970000	4129858	NA
338	Pulse	55	17980000	4139858	NA
338	Pulse	55	17990000	4149858	NA
338	Pulse	55	18000000	4159858	NA
338	Pulse	55	18010000	4169858	NA
338	Pulse	55	18020000	4179858	NA
338	Pulse	55	18030000	4189858	NA
338	Pulse	55	18040000	4199858	NA
338	Pulse	55	18050000	4209858	NA
338	Pulse	55	18060000	4219858	NA
338	Pulse	55	18070000	4229858	NA
338	Pulse	55	18080000	4239858	NA
338	Pulse	55	18090000	4249858	NA
338	Pulse	55	18100000	4259858	NA
338	Pulse	55	18110000	4269858	NA
338	Pulse	55	18120000	4279858	NA
338	Pulse	55	18130000	4289858	NA
338	Pulse	55	18140000	4299858	NA
338	Pulse	55	18150000	4309858	NA
338	Pulse	55	18160000	4319858	NA
338	Pulse	55	18170000	4329858	NA
338	Pulse	55	18180000	4339858	NA
338	Pulse	55	18190000	4349858	NA
338	Pulse	55	18200000	4359858	NA
338	Pulse	55	18210000	4369858	NA
338	Pulse	55	18220000	4379858	NA
338	Pulse	55	18230000	4389858	NA
338	Pulse	55	18240000	4399858	NA
338	Pulse	55	18250000	4409858	NA
338	Pulse	55	18260000	4419858	NA
338	Pulse	55	18270000	4429858	NA
338	Pulse	55	18280000	4439858	NA
338	Pulse	55	18290000	4449858	NA
338	Pulse	55	18300000	4459858	NA
338	Pulse	55	18310000	4469858	NA
338	Pulse	55	18320000	4479858	NA
338	Pulse	55	18330000	4489858	NA
338	Pulse	55	18340000	4499858	NA
338	Pulse	55	18350000	4509858	NA
338	Pulse	55	18360000	4519858	NA
338	Pulse	55	18370000	4529858	NA
338	Pulse	55	18380000	4539858	NA
338	Pulse	55	18390000	4549858	NA
338	Pulse	55	18400000	4559858	NA
338	Pulse	55	18410000	4569858	NA
338	Pulse	55	18420000	4579858	NA
338	Pulse	55	18430000	4589858	NA
338	Pulse	55	18440000	4599858	NA
338	Pulse	55	18450000	4609858	NA
338	Pulse	55	18460000	4619858	NA
338	Pulse	55	18470000	4629858	NA
338	Pulse	55	18480000	4639858	NA
338	Pulse	55	18490000	4649858	NA
338	Pulse	55	18500000	4659858	NA
338	Pulse	55	18510000	4669858	NA
338	Pulse	55	18520000	4679858	NA
338	Pulse	55	18530000	4689858	NA
338	Pulse	55	18540000	4699858	NA
338	Pulse	55	18550000	4709858	NA
338	Pulse	55	18560000	4719858	NA
338	Pulse	55	18570000	4729858	NA
338	Pulse	55	18580000	4739858	NA
338	Pulse	55	18590000	4749858	NA
338	Pulse	55	18600000	4759858	NA
338	Pulse	55	18610000	4769858	NA
338	Pulse	55	18620000	4779858	NA
338	Pulse	55	18630000	4789858	NA
338	Pulse	55	18640000	4799858	NA
338	Pulse	55	18650000	4809858	NA
338	Pulse	55	18660000	4819858	NA
338	Pulse	55	18670000	4829858	NA
338	Pulse	55	18680000	4839858	NA
338	Pulse	55	18690000	4849858	NA
338	Pulse	55	18700000	4859858	NA
338	Pulse	55	18710000	4869858	NA
338	Pulse	55	18720000	4879858	NA
338	Pulse	55	18730000	4889858	NA
338	Pulse	55	18740000	4899858	NA
338	Pulse	55	18750000	4909858	NA
338	Pulse	55	18760000	4919858	NA
338	Response	1	18763184	4923042	1
339	Pulse	55	18770000	6760	NA
339	Pulse	55	18780000	16760	NA
339	Pulse	55	18790000	26760	NA
339	Pulse	55	18800000	36760	NA
339	Pulse	55	18810000	46760	NA
339	Pulse	55	18820000	56760	NA
339	Pulse	55	18830000	66760	NA
339	Pulse	55	18840000	76760	NA
339	Pulse	55	18850000	86760	NA
339	Pulse	55	18860000	96760	NA
339	Pulse	55	18870000	106760	NA
339	Pulse	55	18880000	116760	NA
339	Pulse	55	18890000	126760	NA
339	Pulse	55	18900000	136760	NA
339	Pulse	55	18910000	146760	NA
339	Pulse	55	18920000	156760	NA
339	Pulse	55	18930000	166760	NA
339	Pulse	55	18940000	176760	NA
339	Pulse	55	18950000	186760	NA
339	Pulse	55	18960000	196760	NA
339	Pulse	55	18970000	206760	NA
339	Pulse	55	18980000	216760	NA
339	Pulse	55	18990000	226760	NA
339	Pulse	55	19000000	236760	NA
339	Pulse	55	19010000	246760	NA
339	Pulse	55	19020000	256760	NA
339	Pulse	55	19030000	266760	NA
339	Pulse	55	19040000	276760	NA
339	Pulse	55	19050000	286760	NA
339	Pulse	55	19060000	296760	NA
339	Pulse	55	19070000	306760	NA
339	Pulse	55	19080000	316760	NA
339	Pulse	55	19090000	326760	NA
339	Pulse	55	19100000	336760	NA
339	Pulse	55	19110000	346760	NA
339	Pulse	55	19120000	356760	NA
339	Pulse	55	19130000	366760	NA
339	Pulse	55	19140000	376760	NA
339	Pulse	55	19150000	386760	NA
339	Pulse	55	19160000	396760	NA
339	Pulse	55	19170000	406760	NA
339	Pulse	55	19180000	416760	NA
339	Pulse	55	19190000	426760	NA
339	Pulse	55	19200000	436760	NA
339	Pulse	55	19210000	446760	NA
339	Pulse	55	19220000	456760	NA
339	Pulse	55	19230000	466760	NA
339	Pulse	55	19240000	476760	NA
339	Pulse	55	19250000	486760	NA
339	Pulse	55	19260000	496760	NA
339	Pulse	55	19270000	506760	NA
339	Pulse	55	19280000	516760	NA
339	Pulse	55	19290000	526760	NA
339	Pulse	55	19300000	536760	NA
339	Pulse	55	19310000	546760	NA
339	Pulse	55	19320000	556760	NA
339	Pulse	55	19330000	566760	NA
339	Pulse	55	19340000	576760	NA
339	Pulse	55	19350000	586760	NA
339	Pulse	55	19360000	596760	NA
339	Pulse	55	19370000	606760	NA
339	Pulse	55	19380000	616760	NA
339	Pulse	55	19390000	626760	NA
339	Pulse	55	19400000	636760	NA
339	Pulse	55	19410000	646760	NA
339	Pulse	55	19420000	656760	NA
339	Pulse	55	19430000	666760	NA
339	Pulse	55	19440000	676760	NA
339	Pulse	55	19450000	686760	NA
339	Pulse	55	19460000	696760	NA
339	Pulse	55	19470000	706760	NA
339	Pulse	55	19480000	716760	NA
339	Pulse	55	19490000	726760	NA
339	Pulse	55	19500000	736760	NA
339	Pulse	55	19510000	746760	NA
339	Pulse	55	19520000	756760	NA
339	Pulse	55	19530000	766760	NA
339	Pulse	55	19540000	776760	NA
339	Pulse	55	19550000	786760	NA
339	Pulse	55	19560000	796760	NA
339	Pulse	55	19570000	806760	NA
339	Pulse	55	19580000	816760	NA
339	Pulse	55	19590000	826760	NA
339	Pulse	55	19600000	836760	NA
339	Pulse	55	19610000	846760	NA
339	Pulse	55	19620000	856760	NA
339	Pulse	55	19630000	866760	NA
339	Pulse	55	19640000	876760	NA
339	Pulse	55	19650000	886760	NA
339	Pulse	55	19660000	896760	NA
339	Pulse	55	19670000	906760	NA
339	Pulse	55	19680000	916760	NA
339	Pulse	55	19690000	926760	NA
339	Pulse	55	19700000	936760	NA
339	Pulse	55	19710000	946760	NA
339	Pulse	55	19720000	956760	NA
339	Pulse	55	19730000	966760	NA
339	Pulse	55	19740000	976760	NA
339	Pulse	55	19750000	986760	NA
339	Pulse	55	19760000	996760	NA
339	Pulse	55	19770000	1006760	NA
339	Pulse	55	19780000	1016760	NA
339	Pulse	55	19790000	1026760	NA
339	Pulse	55	19800000	1036760	NA
339	Pulse	55	19810000	1046760	NA
339	Pulse	55	19820000	1056760	NA
339	Pulse	55	19830000	1066760	NA
339	Pulse	55	19840000	1076760	NA
339	Pulse	55	19850000	1086760	NA
339	Pulse	55	19860000	1096760	NA
339	Pulse	55	19870000	1106760	NA
339	Pulse	55	19880000	1116760	NA
339	Pulse	55	19890000	1126760	NA
339	Pulse	55	19900000	1136760	NA
339	Pulse	55	19910000	1146760	NA
339	Pulse	55	19920000	1156760	NA
339	Pulse	55	19930000	1166760	NA
339	Pulse	55	19940000	1176760	NA
339	Pulse	55	19950000	1186760	NA
339	Pulse	55	19960000	1196760	NA
339	Pulse	55	19970000	1206760	NA
339	Pulse	55	19980000	1216760	NA
339	Response	1	19983662	1220422	1
