Scenario - Slideshow_D2.sce
Logfile written - 09/22/2021 20:11:40

Trial	Event Type	Code	Time	TTime	Uncertainty	Duration	Uncertainty	ReqTime	ReqDur	Stim Type	Pair Index

0	Pulse	55	0	0	NA
1	Pulse	55	10000	9417	NA
1	Pulse	55	20000	19417	NA
1	Pulse	55	30000	29417	NA
1	Pulse	55	40000	39417	NA
2	Pulse	55	50000	8820	NA
2	Pulse	55	60000	18820	NA
2	Pulse	55	70000	28820	NA
2	Pulse	55	80000	38820	NA
3	Pulse	55	90000	8223	NA
3	Pulse	55	100000	18223	NA
3	Pulse	55	110000	28223	NA
3	Pulse	55	120000	38223	NA
4	Pulse	55	130000	7627	NA
4	Pulse	55	140000	17627	NA
4	Pulse	55	150000	27627	NA
4	Pulse	55	160000	37627	NA
5	Pulse	55	170000	7030	NA
5	Pulse	55	180000	17030	NA
5	Pulse	55	190000	27030	NA
5	Pulse	55	200000	37030	NA
6	Pulse	55	210000	6433	NA
6	Pulse	55	220000	16433	NA
6	Pulse	55	230000	26433	NA
6	Pulse	55	240000	36433	NA
7	Pulse	55	250000	5837	NA
7	Pulse	55	260000	15837	NA
7	Pulse	55	270000	25837	NA
7	Pulse	55	280000	35837	NA
8	Pulse	55	290000	5240	NA
8	Pulse	55	300000	15240	NA
8	Pulse	55	310000	25240	NA
8	Pulse	55	320000	35240	NA
9	Pulse	55	330000	4643	NA
9	Pulse	55	340000	14643	NA
9	Pulse	55	350000	24643	NA
9	Pulse	55	360000	34643	NA
10	Pulse	55	370000	4130	NA
10	Pulse	55	380000	14130	NA
10	Pulse	55	390000	24130	NA
10	Pulse	55	400000	34130	NA
11	Pulse	55	410000	3616	NA
11	Pulse	55	420000	13616	NA
11	Pulse	55	430000	23616	NA
11	Pulse	55	440000	33616	NA
12	Pulse	55	450000	3103	NA
12	Pulse	55	460000	13103	NA
12	Pulse	55	470000	23103	NA
12	Pulse	55	480000	33103	NA
13	Pulse	55	490000	2506	NA
13	Pulse	55	500000	12506	NA
13	Pulse	55	510000	22506	NA
13	Pulse	55	520000	32506	NA
14	Pulse	55	530000	1910	NA
14	Pulse	55	540000	11910	NA
14	Pulse	55	550000	21910	NA
14	Pulse	55	560000	31910	NA
15	Pulse	55	570000	1313	NA
15	Pulse	55	580000	11313	NA
15	Pulse	55	590000	21313	NA
15	Pulse	55	600000	31313	NA
16	Pulse	55	610000	716	NA
16	Pulse	55	620000	10716	NA
16	Pulse	55	630000	20716	NA
16	Pulse	55	640000	30716	NA
17	Pulse	55	650000	120	NA
17	Pulse	55	660000	10120	NA
17	Pulse	55	670000	20120	NA
17	Pulse	55	680000	30120	NA
17	Pulse	55	690000	40120	NA
18	Pulse	55	700000	9606	NA
18	Pulse	55	710000	19606	NA
18	Pulse	55	720000	29606	NA
18	Pulse	55	730000	39606	NA
19	Pulse	55	740000	9009	NA
19	Pulse	55	750000	19009	NA
19	Pulse	55	760000	29009	NA
19	Pulse	55	770000	39009	NA
20	Pulse	55	780000	8413	NA
20	Pulse	55	790000	18413	NA
20	Pulse	55	800000	28413	NA
20	Pulse	55	810000	38413	NA
21	Pulse	55	820000	7816	NA
21	Pulse	55	830000	17816	NA
21	Pulse	55	840000	27816	NA
21	Pulse	55	850000	37816	NA
22	Pulse	55	860000	7219	NA
22	Pulse	55	870000	17219	NA
22	Pulse	55	880000	27219	NA
22	Pulse	55	890000	37219	NA
23	Pulse	55	900000	6623	NA
23	Pulse	55	910000	16623	NA
23	Pulse	55	920000	26623	NA
23	Pulse	55	930000	36623	NA
24	Pulse	55	940000	6026	NA
24	Pulse	55	950000	16026	NA
24	Pulse	55	960000	26026	NA
24	Pulse	55	970000	36026	NA
25	Pulse	55	980000	5429	NA
25	Pulse	55	990000	15429	NA
25	Pulse	55	1000000	25429	NA
25	Pulse	55	1010000	35429	NA
26	Pulse	55	1020000	4833	NA
26	Pulse	55	1030000	14833	NA
26	Pulse	55	1040000	24833	NA
26	Pulse	55	1050000	34833	NA
27	Pulse	55	1060000	4319	NA
27	Pulse	55	1070000	14319	NA
27	Pulse	55	1080000	24319	NA
27	Pulse	55	1090000	34319	NA
28	Pulse	55	1100000	3722	NA
28	Pulse	55	1110000	13722	NA
28	Pulse	55	1120000	23722	NA
28	Pulse	55	1130000	33722	NA
29	Pulse	55	1140000	3126	NA
29	Pulse	55	1150000	13126	NA
29	Pulse	55	1160000	23126	NA
29	Pulse	55	1170000	33126	NA
30	Pulse	55	1180000	2529	NA
30	Pulse	55	1190000	12529	NA
30	Pulse	55	1200000	22529	NA
30	Pulse	55	1210000	32529	NA
31	Pulse	55	1220000	1932	NA
31	Pulse	55	1230000	11932	NA
31	Pulse	55	1240000	21932	NA
31	Pulse	55	1250000	31932	NA
32	Pulse	55	1260000	1336	NA
32	Pulse	55	1270000	11336	NA
32	Pulse	55	1280000	21336	NA
32	Pulse	55	1290000	31336	NA
33	Pulse	55	1300000	739	NA
33	Pulse	55	1310000	10739	NA
33	Pulse	55	1320000	20739	NA
33	Pulse	55	1330000	30739	NA
34	Pulse	55	1340000	142	NA
34	Pulse	55	1350000	10142	NA
34	Pulse	55	1360000	20142	NA
34	Pulse	55	1370000	30142	NA
34	Pulse	55	1380000	40142	NA
35	Pulse	55	1390000	9545	NA
35	Pulse	55	1400000	19545	NA
35	Pulse	55	1410000	29545	NA
35	Pulse	55	1420000	39545	NA
36	Pulse	55	1430000	8949	NA
36	Pulse	55	1440000	18949	NA
36	Pulse	55	1450000	28949	NA
36	Pulse	55	1460000	38949	NA
37	Pulse	55	1470000	8352	NA
37	Pulse	55	1480000	18352	NA
37	Pulse	55	1490000	28352	NA
37	Pulse	55	1500000	38352	NA
38	Pulse	55	1510000	7589	NA
38	Pulse	55	1520000	17589	NA
38	Pulse	55	1530000	27589	NA
38	Pulse	55	1540000	37589	NA
39	Pulse	55	1550000	6992	NA
39	Pulse	55	1560000	16992	NA
39	Pulse	55	1570000	26992	NA
39	Pulse	55	1580000	36992	NA
40	Pulse	55	1590000	6395	NA
40	Pulse	55	1600000	16395	NA
40	Pulse	55	1610000	26395	NA
40	Pulse	55	1620000	36395	NA
41	Pulse	55	1630000	5799	NA
41	Pulse	55	1640000	15799	NA
41	Pulse	55	1650000	25799	NA
41	Pulse	55	1660000	35799	NA
42	Pulse	55	1670000	5118	NA
42	Pulse	55	1680000	15118	NA
42	Pulse	55	1690000	25118	NA
42	Pulse	55	1700000	35118	NA
43	Pulse	55	1710000	4522	NA
43	Pulse	55	1720000	14522	NA
43	Pulse	55	1730000	24522	NA
43	Pulse	55	1740000	34522	NA
44	Pulse	55	1750000	3925	NA
44	Pulse	55	1760000	13925	NA
44	Pulse	55	1770000	23925	NA
44	Pulse	55	1780000	33925	NA
45	Pulse	55	1790000	3328	NA
45	Pulse	55	1800000	13328	NA
45	Pulse	55	1810000	23328	NA
45	Pulse	55	1820000	33328	NA
46	Pulse	55	1830000	2648	NA
46	Pulse	55	1840000	12648	NA
46	Pulse	55	1850000	22648	NA
46	Pulse	55	1860000	32648	NA
47	Pulse	55	1870000	2052	NA
47	Pulse	55	1880000	12052	NA
47	Pulse	55	1890000	22052	NA
47	Pulse	55	1900000	32052	NA
48	Pulse	55	1910000	1455	NA
48	Pulse	55	1920000	11455	NA
48	Pulse	55	1930000	21455	NA
48	Pulse	55	1940000	31455	NA
49	Pulse	55	1950000	775	NA
49	Pulse	55	1960000	10775	NA
49	Pulse	55	1970000	20775	NA
49	Pulse	55	1980000	30775	NA
50	Pulse	55	1990000	178	NA
50	Pulse	55	2000000	10178	NA
50	Pulse	55	2010000	20178	NA
50	Pulse	55	2020000	30178	NA
50	Pulse	55	2030000	40178	NA
51	Pulse	55	2040000	9581	NA
51	Pulse	55	2050000	19581	NA
51	Pulse	55	2060000	29581	NA
51	Pulse	55	2070000	39581	NA
52	Pulse	55	2080000	8985	NA
52	Pulse	55	2090000	18985	NA
52	Pulse	55	2100000	28985	NA
52	Pulse	55	2110000	38985	NA
53	Pulse	55	2120000	8305	NA
53	Pulse	55	2130000	18305	NA
53	Pulse	55	2140000	28305	NA
53	Pulse	55	2150000	38305	NA
54	Pulse	55	2160000	7708	NA
54	Pulse	55	2170000	17708	NA
54	Pulse	55	2180000	27708	NA
54	Pulse	55	2190000	37708	NA
55	Pulse	55	2200000	7111	NA
55	Pulse	55	2210000	17111	NA
55	Pulse	55	2220000	27111	NA
55	Pulse	55	2230000	37111	NA
56	Pulse	55	2240000	6431	NA
56	Pulse	55	2250000	16431	NA
56	Pulse	55	2260000	26431	NA
56	Pulse	55	2270000	36431	NA
57	Pulse	55	2280000	5834	NA
57	Pulse	55	2290000	15834	NA
57	Pulse	55	2300000	25834	NA
57	Pulse	55	2310000	35834	NA
58	Pulse	55	2320000	5238	NA
58	Pulse	55	2330000	15238	NA
58	Pulse	55	2340000	25238	NA
58	Pulse	55	2350000	35238	NA
59	Pulse	55	2360000	4641	NA
59	Pulse	55	2370000	14641	NA
59	Pulse	55	2380000	24641	NA
59	Pulse	55	2390000	34641	NA
60	Pulse	55	2400000	4044	NA
60	Pulse	55	2410000	14044	NA
60	Pulse	55	2420000	24044	NA
60	Pulse	55	2430000	34044	NA
61	Pulse	55	2440000	3448	NA
61	Pulse	55	2450000	13448	NA
61	Pulse	55	2460000	23448	NA
61	Pulse	55	2470000	33448	NA
62	Pulse	55	2480000	2851	NA
62	Pulse	55	2490000	12851	NA
62	Pulse	55	2500000	22851	NA
62	Pulse	55	2510000	32851	NA
63	Pulse	55	2520000	2171	NA
63	Pulse	55	2530000	12171	NA
63	Pulse	55	2540000	22171	NA
63	Pulse	55	2550000	32171	NA
64	Pulse	55	2560000	1574	NA
64	Pulse	55	2570000	11574	NA
64	Pulse	55	2580000	21574	NA
64	Pulse	55	2590000	31574	NA
65	Pulse	55	2600000	811	NA
65	Pulse	55	2610000	10811	NA
65	Pulse	55	2620000	20811	NA
65	Pulse	55	2630000	30811	NA
66	Pulse	55	2640000	214	NA
66	Pulse	55	2650000	10214	NA
66	Pulse	55	2660000	20214	NA
66	Pulse	55	2670000	30214	NA
66	Pulse	55	2680000	40214	NA
67	Pulse	55	2690000	9534	NA
67	Pulse	55	2700000	19534	NA
67	Pulse	55	2710000	29534	NA
67	Pulse	55	2720000	39534	NA
68	Pulse	55	2730000	8937	NA
68	Pulse	55	2740000	18937	NA
68	Pulse	55	2750000	28937	NA
68	Pulse	55	2760000	38937	NA
69	Pulse	55	2770000	8341	NA
69	Pulse	55	2780000	18341	NA
69	Pulse	55	2790000	28341	NA
69	Pulse	55	2800000	38341	NA
70	Pulse	55	2810000	7744	NA
70	Pulse	55	2820000	17744	NA
70	Pulse	55	2830000	27744	NA
70	Pulse	55	2840000	37744	NA
71	Pulse	55	2850000	7147	NA
71	Pulse	55	2860000	17147	NA
71	Pulse	55	2870000	27147	NA
71	Pulse	55	2880000	37147	NA
72	Pulse	55	2890000	6550	NA
72	Pulse	55	2900000	16550	NA
72	Pulse	55	2910000	26550	NA
72	Pulse	55	2920000	36550	NA
73	Pulse	55	2930000	5870	NA
73	Pulse	55	2940000	15870	NA
73	Pulse	55	2950000	25870	NA
73	Pulse	55	2960000	35870	NA
74	Pulse	55	2970000	5274	NA
74	Pulse	55	2980000	15274	NA
74	Pulse	55	2990000	25274	NA
74	Pulse	55	3000000	35274	NA
75	Pulse	55	3010000	4677	NA
75	Pulse	55	3020000	14677	NA
75	Pulse	55	3030000	24677	NA
75	Pulse	55	3040000	34677	NA
76	Pulse	55	3050000	4080	NA
76	Pulse	55	3060000	14080	NA
76	Pulse	55	3070000	24080	NA
76	Pulse	55	3080000	34080	NA
77	Pulse	55	3090000	3484	NA
77	Pulse	55	3100000	13484	NA
77	Pulse	55	3110000	23484	NA
77	Pulse	55	3120000	33484	NA
78	Pulse	55	3130000	2887	NA
78	Pulse	55	3140000	12887	NA
78	Pulse	55	3150000	22887	NA
78	Pulse	55	3160000	32887	NA
79	Pulse	55	3170000	2290	NA
79	Pulse	55	3180000	12290	NA
79	Pulse	55	3190000	22290	NA
79	Pulse	55	3200000	32290	NA
80	Pulse	55	3210000	1693	NA
80	Pulse	55	3220000	11693	NA
80	Pulse	55	3230000	21693	NA
80	Pulse	55	3240000	31693	NA
81	Pulse	55	3250000	1097	NA
81	Pulse	55	3260000	11097	NA
81	Pulse	55	3270000	21097	NA
81	Pulse	55	3280000	31097	NA
82	Pulse	55	3290000	417	NA
82	Pulse	55	3300000	10417	NA
82	Pulse	55	3310000	20417	NA
82	Pulse	55	3320000	30417	NA
82	Pulse	55	3330000	40417	NA
83	Pulse	55	3340000	9820	NA
83	Pulse	55	3350000	19820	NA
83	Pulse	55	3360000	29820	NA
83	Pulse	55	3370000	39820	NA
84	Pulse	55	3380000	9223	NA
84	Pulse	55	3390000	19223	NA
84	Pulse	55	3400000	29223	NA
84	Pulse	55	3410000	39223	NA
85	Pulse	55	3420000	8627	NA
85	Pulse	55	3430000	18627	NA
85	Pulse	55	3440000	28627	NA
85	Pulse	55	3450000	38627	NA
86	Pulse	55	3460000	8030	NA
86	Pulse	55	3470000	18030	NA
86	Pulse	55	3480000	28030	NA
86	Pulse	55	3490000	38030	NA
87	Pulse	55	3500000	7433	NA
87	Pulse	55	3510000	17433	NA
87	Pulse	55	3520000	27433	NA
87	Pulse	55	3530000	37433	NA
88	Pulse	55	3540000	6837	NA
88	Pulse	55	3550000	16837	NA
88	Pulse	55	3560000	26837	NA
88	Pulse	55	3570000	36837	NA
89	Pulse	55	3580000	6240	NA
89	Pulse	55	3590000	16240	NA
89	Pulse	55	3600000	26240	NA
89	Pulse	55	3610000	36240	NA
90	Pulse	55	3620000	5643	NA
90	Pulse	55	3630000	15643	NA
90	Pulse	55	3640000	25643	NA
90	Pulse	55	3650000	35643	NA
91	Pulse	55	3660000	5046	NA
91	Pulse	55	3670000	15046	NA
91	Pulse	55	3680000	25046	NA
91	Pulse	55	3690000	35046	NA
92	Pulse	55	3700000	4450	NA
92	Pulse	55	3710000	14450	NA
92	Pulse	55	3720000	24450	NA
92	Pulse	55	3730000	34450	NA
93	Pulse	55	3740000	3853	NA
93	Pulse	55	3750000	13853	NA
93	Pulse	55	3760000	23853	NA
93	Pulse	55	3770000	33853	NA
94	Pulse	55	3780000	3256	NA
94	Pulse	55	3790000	13256	NA
94	Pulse	55	3800000	23256	NA
94	Pulse	55	3810000	33256	NA
95	Pulse	55	3820000	2660	NA
95	Pulse	55	3830000	12660	NA
95	Pulse	55	3840000	22660	NA
95	Pulse	55	3850000	32660	NA
96	Pulse	55	3860000	2063	NA
96	Pulse	55	3870000	12063	NA
96	Pulse	55	3880000	22063	NA
96	Pulse	55	3890000	32063	NA
97	Pulse	55	3900000	1466	NA
97	Pulse	55	3910000	11466	NA
97	Pulse	55	3920000	21466	NA
97	Pulse	55	3930000	31466	NA
98	Pulse	55	3940000	869	NA
98	Pulse	55	3950000	10869	NA
98	Pulse	55	3960000	20869	NA
98	Pulse	55	3970000	30869	NA
99	Pulse	55	3980000	273	NA
99	Pulse	55	3990000	10273	NA
99	Pulse	55	4000000	20273	NA
99	Pulse	55	4010000	30273	NA
99	Pulse	55	4020000	40273	NA
100	Pulse	55	4030000	9676	NA
100	Pulse	55	4040000	19676	NA
100	Pulse	55	4050000	29676	NA
100	Pulse	55	4060000	39676	NA
101	Pulse	55	4070000	9079	NA
101	Pulse	55	4080000	19079	NA
101	Pulse	55	4090000	29079	NA
101	Pulse	55	4100000	39079	NA
102	Pulse	55	4110000	8566	NA
102	Pulse	55	4120000	18566	NA
102	Pulse	55	4130000	28566	NA
102	Pulse	55	4140000	38566	NA
103	Pulse	55	4150000	7969	NA
103	Pulse	55	4160000	17969	NA
103	Pulse	55	4170000	27969	NA
103	Pulse	55	4180000	37969	NA
104	Pulse	55	4190000	7373	NA
104	Pulse	55	4200000	17373	NA
104	Pulse	55	4210000	27373	NA
104	Pulse	55	4220000	37373	NA
105	Pulse	55	4230000	6859	NA
105	Pulse	55	4240000	16859	NA
105	Pulse	55	4250000	26859	NA
105	Pulse	55	4260000	36859	NA
106	Pulse	55	4270000	6263	NA
106	Pulse	55	4280000	16263	NA
106	Pulse	55	4290000	26263	NA
106	Pulse	55	4300000	36263	NA
107	Pulse	55	4310000	5749	NA
107	Pulse	55	4320000	15749	NA
107	Pulse	55	4330000	25749	NA
107	Pulse	55	4340000	35749	NA
108	Pulse	55	4350000	5236	NA
108	Pulse	55	4360000	15236	NA
108	Pulse	55	4370000	25236	NA
108	Pulse	55	4380000	35236	NA
109	Pulse	55	4390000	4639	NA
109	Pulse	55	4400000	14639	NA
109	Pulse	55	4410000	24639	NA
109	Pulse	55	4420000	34639	NA
110	Pulse	55	4430000	4042	NA
110	Pulse	55	4440000	14042	NA
110	Pulse	55	4450000	24042	NA
110	Pulse	55	4460000	34042	NA
111	Pulse	55	4470000	3446	NA
111	Pulse	55	4480000	13446	NA
111	Pulse	55	4490000	23446	NA
111	Pulse	55	4500000	33446	NA
112	Pulse	55	4510000	2849	NA
112	Pulse	55	4520000	12849	NA
112	Pulse	55	4530000	22849	NA
112	Pulse	55	4540000	32849	NA
113	Pulse	55	4550000	2252	NA
113	Pulse	55	4560000	12252	NA
113	Pulse	55	4570000	22252	NA
113	Pulse	55	4580000	32252	NA
114	Pulse	55	4590000	1656	NA
114	Pulse	55	4600000	11656	NA
114	Pulse	55	4610000	21656	NA
114	Pulse	55	4620000	31656	NA
115	Pulse	55	4630000	1142	NA
115	Pulse	55	4640000	11142	NA
115	Pulse	55	4650000	21142	NA
115	Pulse	55	4660000	31142	NA
116	Pulse	55	4670000	546	NA
116	Pulse	55	4680000	10546	NA
116	Pulse	55	4690000	20546	NA
116	Pulse	55	4700000	30546	NA
116	Pulse	55	4710000	40546	NA
117	Pulse	55	4720000	9949	NA
117	Pulse	55	4730000	19949	NA
117	Pulse	55	4740000	29949	NA
117	Pulse	55	4750000	39949	NA
118	Pulse	55	4760000	9436	NA
118	Pulse	55	4770000	19436	NA
118	Pulse	55	4780000	29436	NA
118	Pulse	55	4790000	39436	NA
119	Pulse	55	4800000	8922	NA
119	Pulse	55	4810000	18922	NA
119	Pulse	55	4820000	28922	NA
119	Pulse	55	4830000	38922	NA
120	Pulse	55	4840000	8326	NA
120	Pulse	55	4850000	18326	NA
120	Pulse	55	4860000	28326	NA
120	Pulse	55	4870000	38326	NA
121	Pulse	55	4880000	7812	NA
121	Pulse	55	4890000	17812	NA
121	Pulse	55	4900000	27812	NA
121	Pulse	55	4910000	37812	NA
122	Pulse	55	4920000	7215	NA
122	Pulse	55	4930000	17215	NA
122	Pulse	55	4940000	27215	NA
122	Pulse	55	4950000	37215	NA
123	Pulse	55	4960000	6702	NA
123	Pulse	55	4970000	16702	NA
123	Pulse	55	4980000	26702	NA
123	Pulse	55	4990000	36702	NA
124	Pulse	55	5000000	6189	NA
124	Pulse	55	5010000	16189	NA
124	Pulse	55	5020000	26189	NA
124	Pulse	55	5030000	36189	NA
125	Pulse	55	5040000	5676	NA
125	Pulse	55	5050000	15676	NA
125	Pulse	55	5060000	25676	NA
125	Pulse	55	5070000	35676	NA
126	Pulse	55	5080000	5079	NA
126	Pulse	55	5090000	15079	NA
126	Pulse	55	5100000	25079	NA
126	Pulse	55	5110000	35079	NA
127	Pulse	55	5120000	4482	NA
127	Pulse	55	5130000	14482	NA
127	Pulse	55	5140000	24482	NA
127	Pulse	55	5150000	34482	NA
128	Pulse	55	5160000	3885	NA
128	Pulse	55	5170000	13885	NA
128	Pulse	55	5180000	23885	NA
128	Pulse	55	5190000	33885	NA
129	Pulse	55	5200000	3289	NA
129	Pulse	55	5210000	13289	NA
129	Pulse	55	5220000	23289	NA
129	Pulse	55	5230000	33289	NA
130	Pulse	55	5240000	2692	NA
130	Pulse	55	5250000	12692	NA
130	Pulse	55	5260000	22692	NA
130	Pulse	55	5270000	32692	NA
131	Pulse	55	5280000	2095	NA
131	Pulse	55	5290000	12095	NA
131	Pulse	55	5300000	22095	NA
131	Pulse	55	5310000	32095	NA
132	Pulse	55	5320000	1582	NA
132	Pulse	55	5330000	11582	NA
132	Pulse	55	5340000	21582	NA
132	Pulse	55	5350000	31582	NA
133	Pulse	55	5360000	985	NA
133	Pulse	55	5370000	10985	NA
133	Pulse	55	5380000	20985	NA
133	Pulse	55	5390000	30985	NA
134	Pulse	55	5400000	389	NA
134	Pulse	55	5410000	10389	NA
134	Pulse	55	5420000	20389	NA
134	Pulse	55	5430000	30389	NA
134	Pulse	55	5440000	40389	NA
135	Pulse	55	5450000	9875	NA
135	Pulse	55	5460000	19875	NA
135	Pulse	55	5470000	29875	NA
135	Pulse	55	5480000	39875	NA
136	Pulse	55	5490000	9279	NA
136	Pulse	55	5500000	19279	NA
136	Pulse	55	5510000	29279	NA
136	Pulse	55	5520000	39279	NA
137	Pulse	55	5530000	8682	NA
137	Pulse	55	5540000	18682	NA
137	Pulse	55	5550000	28682	NA
137	Pulse	55	5560000	38682	NA
138	Pulse	55	5570000	8168	NA
138	Pulse	55	5580000	18168	NA
138	Pulse	55	5590000	28168	NA
138	Pulse	55	5600000	38168	NA
139	Pulse	55	5610000	7572	NA
139	Pulse	55	5620000	17572	NA
139	Pulse	55	5630000	27572	NA
139	Pulse	55	5640000	37572	NA
140	Pulse	55	5650000	6975	NA
140	Pulse	55	5660000	16975	NA
140	Pulse	55	5670000	26975	NA
140	Pulse	55	5680000	36975	NA
141	Pulse	55	5690000	6462	NA
141	Pulse	55	5700000	16462	NA
141	Pulse	55	5710000	26462	NA
141	Pulse	55	5720000	36462	NA
142	Pulse	55	5730000	5865	NA
142	Pulse	55	5740000	15865	NA
142	Pulse	55	5750000	25865	NA
142	Pulse	55	5760000	35865	NA
143	Pulse	55	5770000	5268	NA
143	Pulse	55	5780000	15268	NA
143	Pulse	55	5790000	25268	NA
143	Pulse	55	5800000	35268	NA
144	Pulse	55	5810000	4755	NA
144	Pulse	55	5820000	14755	NA
144	Pulse	55	5830000	24755	NA
144	Pulse	55	5840000	34755	NA
145	Pulse	55	5850000	4242	NA
145	Pulse	55	5860000	14242	NA
145	Pulse	55	5870000	24242	NA
145	Pulse	55	5880000	34242	NA
146	Pulse	55	5890000	3645	NA
146	Pulse	55	5900000	13645	NA
146	Pulse	55	5910000	23645	NA
146	Pulse	55	5920000	33645	NA
147	Pulse	55	5930000	3048	NA
147	Pulse	55	5940000	13048	NA
147	Pulse	55	5950000	23048	NA
147	Pulse	55	5960000	33048	NA
148	Pulse	55	5970000	2452	NA
148	Pulse	55	5980000	12452	NA
148	Pulse	55	5990000	22452	NA
148	Pulse	55	6000000	32452	NA
149	Pulse	55	6010000	1855	NA
149	Pulse	55	6020000	11855	NA
149	Pulse	55	6030000	21855	NA
149	Pulse	55	6040000	31855	NA
150	Pulse	55	6050000	1258	NA
150	Pulse	55	6060000	11258	NA
150	Pulse	55	6070000	21258	NA
150	Pulse	55	6080000	31258	NA
151	Pulse	55	6090000	661	NA
151	Pulse	55	6100000	10661	NA
151	Pulse	55	6110000	20661	NA
151	Pulse	55	6120000	30661	NA
152	Pulse	55	6130000	65	NA
152	Pulse	55	6140000	10065	NA
152	Pulse	55	6150000	20065	NA
152	Pulse	55	6160000	30065	NA
152	Pulse	55	6170000	40065	NA
153	Pulse	55	6180000	9551	NA
153	Pulse	55	6190000	19551	NA
153	Pulse	55	6200000	29551	NA
153	Pulse	55	6210000	39551	NA
154	Pulse	55	6220000	9038	NA
154	Pulse	55	6230000	19038	NA
154	Pulse	55	6240000	29038	NA
154	Pulse	55	6250000	39038	NA
155	Pulse	55	6260000	8608	NA
155	Pulse	55	6270000	18608	NA
155	Pulse	55	6280000	28608	NA
155	Pulse	55	6290000	38608	NA
156	Pulse	55	6300000	8095	NA
156	Pulse	55	6310000	18095	NA
156	Pulse	55	6320000	28095	NA
156	Pulse	55	6330000	38095	NA
157	Pulse	55	6340000	7581	NA
157	Pulse	55	6350000	17581	NA
157	Pulse	55	6360000	27581	NA
157	Pulse	55	6370000	37581	NA
158	Pulse	55	6380000	7068	NA
158	Pulse	55	6390000	17068	NA
158	Pulse	55	6400000	27068	NA
158	Pulse	55	6410000	37068	NA
159	Pulse	55	6420000	6471	NA
159	Pulse	55	6430000	16471	NA
159	Pulse	55	6440000	26471	NA
159	Pulse	55	6450000	36471	NA
160	Pulse	55	6460000	5875	NA
160	Pulse	55	6470000	15875	NA
160	Pulse	55	6480000	25875	NA
160	Pulse	55	6490000	35875	NA
161	Pulse	55	6500000	5278	NA
161	Pulse	55	6510000	15278	NA
161	Pulse	55	6520000	25278	NA
161	Pulse	55	6530000	35278	NA
162	Pulse	55	6540000	4765	NA
162	Pulse	55	6550000	14765	NA
162	Pulse	55	6560000	24765	NA
162	Pulse	55	6570000	34765	NA
163	Pulse	55	6580000	4168	NA
163	Pulse	55	6590000	14168	NA
163	Pulse	55	6600000	24168	NA
163	Pulse	55	6610000	34168	NA
164	Pulse	55	6620000	3571	NA
164	Pulse	55	6630000	13571	NA
164	Pulse	55	6640000	23571	NA
164	Pulse	55	6650000	33571	NA
165	Pulse	55	6660000	2974	NA
165	Pulse	55	6670000	12974	NA
165	Pulse	55	6680000	22974	NA
165	Pulse	55	6690000	32974	NA
166	Pulse	55	6700000	2378	NA
166	Pulse	55	6710000	12378	NA
166	Pulse	55	6720000	22378	NA
166	Pulse	55	6730000	32378	NA
167	Pulse	55	6740000	1781	NA
167	Pulse	55	6750000	11781	NA
167	Pulse	55	6760000	21781	NA
167	Pulse	55	6770000	31781	NA
168	Pulse	55	6780000	1184	NA
168	Pulse	55	6790000	11184	NA
168	Pulse	55	6800000	21184	NA
168	Pulse	55	6810000	31184	NA
169	Pulse	55	6820000	671	NA
169	Pulse	55	6830000	10671	NA
169	Pulse	55	6840000	20671	NA
169	Pulse	55	6850000	30671	NA
170	Pulse	55	6860000	74	NA
170	Pulse	55	6870000	10074	NA
170	Pulse	55	6880000	20074	NA
170	Pulse	55	6890000	30074	NA
170	Pulse	55	6900000	40074	NA
171	Pulse	55	6910000	9561	NA
171	Pulse	55	6920000	19561	NA
171	Pulse	55	6930000	29561	NA
171	Pulse	55	6940000	39561	NA
172	Pulse	55	6950000	9048	NA
172	Pulse	55	6960000	19048	NA
172	Pulse	55	6970000	29048	NA
172	Pulse	55	6980000	39048	NA
173	Pulse	55	6990000	8451	NA
173	Pulse	55	7000000	18451	NA
173	Pulse	55	7010000	28451	NA
173	Pulse	55	7020000	38451	NA
174	Pulse	55	7030000	8021	NA
174	Pulse	55	7040000	18021	NA
174	Pulse	55	7050000	28021	NA
174	Pulse	55	7060000	38021	NA
175	Pulse	55	7070000	7508	NA
175	Pulse	55	7080000	17508	NA
175	Pulse	55	7090000	27508	NA
175	Pulse	55	7100000	37508	NA
176	Pulse	55	7110000	6911	NA
176	Pulse	55	7120000	16911	NA
176	Pulse	55	7130000	26911	NA
176	Pulse	55	7140000	36911	NA
177	Pulse	55	7150000	6398	NA
177	Pulse	55	7160000	16398	NA
177	Pulse	55	7170000	26398	NA
177	Pulse	55	7180000	36398	NA
178	Pulse	55	7190000	5884	NA
178	Pulse	55	7200000	15884	NA
178	Pulse	55	7210000	25884	NA
178	Pulse	55	7220000	35884	NA
179	Pulse	55	7230000	5371	NA
179	Pulse	55	7240000	15371	NA
179	Pulse	55	7250000	25371	NA
179	Pulse	55	7260000	35371	NA
180	Pulse	55	7270000	4774	NA
180	Pulse	55	7280000	14774	NA
180	Pulse	55	7290000	24774	NA
180	Pulse	55	7300000	34774	NA
181	Pulse	55	7310000	4178	NA
181	Pulse	55	7320000	14178	NA
181	Pulse	55	7330000	24178	NA
181	Pulse	55	7340000	34178	NA
182	Pulse	55	7350000	3581	NA
182	Pulse	55	7360000	13581	NA
182	Pulse	55	7370000	23581	NA
182	Pulse	55	7380000	33581	NA
183	Pulse	55	7390000	2984	NA
183	Pulse	55	7400000	12984	NA
183	Pulse	55	7410000	22984	NA
183	Pulse	55	7420000	32984	NA
184	Pulse	55	7430000	2387	NA
184	Pulse	55	7440000	12387	NA
184	Pulse	55	7450000	22387	NA
184	Pulse	55	7460000	32387	NA
185	Pulse	55	7470000	1874	NA
185	Pulse	55	7480000	11874	NA
185	Pulse	55	7490000	21874	NA
185	Pulse	55	7500000	31874	NA
186	Pulse	55	7510000	1277	NA
186	Pulse	55	7520000	11277	NA
186	Pulse	55	7530000	21277	NA
186	Pulse	55	7540000	31277	NA
187	Pulse	55	7550000	597	NA
187	Pulse	55	7560000	10597	NA
187	Pulse	55	7570000	20597	NA
187	Pulse	55	7580000	30597	NA
188	Pulse	55	7590000	1	NA
188	Pulse	55	7600000	10001	NA
188	Pulse	55	7610000	20001	NA
188	Pulse	55	7620000	30001	NA
188	Pulse	55	7630000	40001	NA
189	Pulse	55	7640000	9404	NA
189	Pulse	55	7650000	19404	NA
189	Pulse	55	7660000	29404	NA
189	Pulse	55	7670000	39404	NA
190	Pulse	55	7680000	8807	NA
190	Pulse	55	7690000	18807	NA
190	Pulse	55	7700000	28807	NA
190	Pulse	55	7710000	38807	NA
191	Pulse	55	7720000	8210	NA
191	Pulse	55	7730000	18210	NA
191	Pulse	55	7740000	28210	NA
191	Pulse	55	7750000	38210	NA
192	Pulse	55	7760000	7614	NA
192	Pulse	55	7770000	17614	NA
192	Pulse	55	7780000	27614	NA
192	Pulse	55	7790000	37614	NA
193	Pulse	55	7800000	7017	NA
193	Pulse	55	7810000	17017	NA
193	Pulse	55	7820000	27017	NA
193	Pulse	55	7830000	37017	NA
194	Pulse	55	7840000	6420	NA
194	Pulse	55	7850000	16420	NA
194	Pulse	55	7860000	26420	NA
194	Pulse	55	7870000	36420	NA
195	Pulse	55	7880000	5824	NA
195	Pulse	55	7890000	15824	NA
195	Pulse	55	7900000	25824	NA
195	Pulse	55	7910000	35824	NA
196	Pulse	55	7920000	5227	NA
196	Pulse	55	7930000	15227	NA
196	Pulse	55	7940000	25227	NA
196	Pulse	55	7950000	35227	NA
197	Pulse	55	7960000	4714	NA
197	Pulse	55	7970000	14714	NA
197	Pulse	55	7980000	24714	NA
197	Pulse	55	7990000	34714	NA
198	Pulse	55	8000000	4200	NA
198	Pulse	55	8010000	14200	NA
198	Pulse	55	8020000	24200	NA
198	Pulse	55	8030000	34200	NA
199	Pulse	55	8040000	3604	NA
199	Pulse	55	8050000	13604	NA
199	Pulse	55	8060000	23604	NA
199	Pulse	55	8070000	33604	NA
200	Pulse	55	8080000	3007	NA
200	Pulse	55	8090000	13007	NA
200	Pulse	55	8100000	23007	NA
200	Pulse	55	8110000	33007	NA
201	Pulse	55	8120000	2577	NA
201	Pulse	55	8130000	12577	NA
201	Pulse	55	8140000	22577	NA
201	Pulse	55	8150000	32577	NA
202	Pulse	55	8160000	2064	NA
202	Pulse	55	8170000	12064	NA
202	Pulse	55	8180000	22064	NA
202	Pulse	55	8190000	32064	NA
203	Pulse	55	8200000	1550	NA
203	Pulse	55	8210000	11550	NA
203	Pulse	55	8220000	21550	NA
203	Pulse	55	8230000	31550	NA
204	Pulse	55	8240000	954	NA
204	Pulse	55	8250000	10954	NA
204	Pulse	55	8260000	20954	NA
204	Pulse	55	8270000	30954	NA
205	Pulse	55	8280000	440	NA
205	Pulse	55	8290000	10440	NA
205	Pulse	55	8300000	20440	NA
205	Pulse	55	8310000	30440	NA
205	Pulse	55	8320000	40440	NA
206	Pulse	55	8330000	9843	NA
206	Pulse	55	8340000	19843	NA
206	Pulse	55	8350000	29843	NA
206	Pulse	55	8360000	39843	NA
207	Pulse	55	8370000	9330	NA
207	Pulse	55	8380000	19330	NA
207	Pulse	55	8390000	29330	NA
207	Pulse	55	8400000	39330	NA
208	Pulse	55	8410000	8817	NA
208	Pulse	55	8420000	18817	NA
208	Pulse	55	8430000	28817	NA
208	Pulse	55	8440000	38817	NA
209	Pulse	55	8450000	8303	NA
209	Pulse	55	8460000	18303	NA
209	Pulse	55	8470000	28303	NA
209	Pulse	55	8480000	38303	NA
210	Pulse	55	8490000	7790	NA
210	Pulse	55	8500000	17790	NA
210	Pulse	55	8510000	27790	NA
210	Pulse	55	8520000	37790	NA
211	Pulse	55	8530000	7360	NA
211	Pulse	55	8540000	17360	NA
211	Pulse	55	8550000	27360	NA
211	Pulse	55	8560000	37360	NA
212	Pulse	55	8570000	6847	NA
212	Pulse	55	8580000	16847	NA
212	Pulse	55	8590000	26847	NA
212	Pulse	55	8600000	36847	NA
213	Pulse	55	8610000	6333	NA
213	Pulse	55	8620000	16333	NA
213	Pulse	55	8630000	26333	NA
213	Pulse	55	8640000	36333	NA
214	Pulse	55	8650000	5820	NA
214	Pulse	55	8660000	15820	NA
214	Pulse	55	8670000	25820	NA
214	Pulse	55	8680000	35820	NA
215	Pulse	55	8690000	5223	NA
215	Pulse	55	8700000	15223	NA
215	Pulse	55	8710000	25223	NA
215	Pulse	55	8720000	35223	NA
216	Pulse	55	8730000	4710	NA
216	Pulse	55	8740000	14710	NA
216	Pulse	55	8750000	24710	NA
216	Pulse	55	8760000	34710	NA
217	Pulse	55	8770000	4363	NA
217	Pulse	55	8780000	14363	NA
217	Pulse	55	8790000	24363	NA
217	Pulse	55	8800000	34363	NA
218	Pulse	55	8810000	3767	NA
218	Pulse	55	8820000	13767	NA
218	Pulse	55	8830000	23767	NA
218	Pulse	55	8840000	33767	NA
219	Pulse	55	8850000	3253	NA
219	Pulse	55	8860000	13253	NA
219	Pulse	55	8870000	23253	NA
219	Pulse	55	8880000	33253	NA
220	Pulse	55	8890000	2657	NA
220	Pulse	55	8900000	12657	NA
220	Pulse	55	8910000	22657	NA
220	Pulse	55	8920000	32657	NA
221	Pulse	55	8930000	2060	NA
221	Pulse	55	8940000	12060	NA
221	Pulse	55	8950000	22060	NA
221	Pulse	55	8960000	32060	NA
222	Pulse	55	8970000	1630	NA
222	Pulse	55	8980000	11630	NA
222	Pulse	55	8990000	21630	NA
222	Pulse	55	9000000	31630	NA
223	Pulse	55	9010000	1117	NA
223	Pulse	55	9020000	11117	NA
223	Pulse	55	9030000	21117	NA
223	Pulse	55	9040000	31117	NA
224	Pulse	55	9050000	520	NA
224	Pulse	55	9060000	10520	NA
224	Pulse	55	9070000	20520	NA
224	Pulse	55	9080000	30520	NA
225	Pulse	55	9090000	90	NA
225	Pulse	55	9100000	10090	NA
225	Pulse	55	9110000	20090	NA
225	Pulse	55	9120000	30090	NA
225	Pulse	55	9130000	40090	NA
226	Pulse	55	9140000	9577	NA
226	Pulse	55	9150000	19577	NA
226	Pulse	55	9160000	29577	NA
226	Pulse	55	9170000	39577	NA
227	Pulse	55	9180000	9063	NA
227	Pulse	55	9190000	19063	NA
227	Pulse	55	9200000	29063	NA
227	Pulse	55	9210000	39063	NA
228	Pulse	55	9220000	8550	NA
228	Pulse	55	9230000	18550	NA
228	Pulse	55	9240000	28550	NA
228	Pulse	55	9250000	38550	NA
229	Pulse	55	9260000	7953	NA
229	Pulse	55	9270000	17953	NA
229	Pulse	55	9280000	27953	NA
229	Pulse	55	9290000	37953	NA
230	Pulse	55	9300000	7440	NA
230	Pulse	55	9310000	17440	NA
230	Pulse	55	9320000	27440	NA
230	Pulse	55	9330000	37440	NA
231	Pulse	55	9340000	6927	NA
231	Pulse	55	9350000	16927	NA
231	Pulse	55	9360000	26927	NA
231	Pulse	55	9370000	36927	NA
232	Pulse	55	9380000	6330	NA
232	Pulse	55	9390000	16330	NA
232	Pulse	55	9400000	26330	NA
232	Pulse	55	9410000	36330	NA
233	Pulse	55	9420000	5733	NA
233	Pulse	55	9430000	15733	NA
233	Pulse	55	9440000	25733	NA
233	Pulse	55	9450000	35733	NA
234	Pulse	55	9460000	5137	NA
234	Pulse	55	9470000	15137	NA
234	Pulse	55	9480000	25137	NA
234	Pulse	55	9490000	35137	NA
235	Pulse	55	9500000	4540	NA
235	Pulse	55	9510000	14540	NA
235	Pulse	55	9520000	24540	NA
235	Pulse	55	9530000	34540	NA
236	Pulse	55	9540000	3943	NA
236	Pulse	55	9550000	13943	NA
236	Pulse	55	9560000	23943	NA
236	Pulse	55	9570000	33943	NA
237	Pulse	55	9580000	3346	NA
237	Pulse	55	9590000	13346	NA
237	Pulse	55	9600000	23346	NA
237	Pulse	55	9610000	33346	NA
238	Pulse	55	9620000	2833	NA
238	Pulse	55	9630000	12833	NA
238	Pulse	55	9640000	22833	NA
238	Pulse	55	9650000	32833	NA
239	Pulse	55	9660000	2320	NA
239	Pulse	55	9670000	12320	NA
239	Pulse	55	9680000	22320	NA
239	Pulse	55	9690000	32320	NA
240	Pulse	55	9700000	1723	NA
240	Pulse	55	9710000	11723	NA
240	Pulse	55	9720000	21723	NA
240	Pulse	55	9730000	31723	NA
241	Pulse	55	9740000	1210	NA
241	Pulse	55	9750000	11210	NA
241	Pulse	55	9760000	21210	NA
241	Pulse	55	9770000	31210	NA
242	Pulse	55	9780000	613	NA
242	Pulse	55	9790000	10613	NA
242	Pulse	55	9800000	20613	NA
242	Pulse	55	9810000	30613	NA
243	Pulse	55	9820000	16	NA
243	Pulse	55	9830000	10016	NA
243	Pulse	55	9840000	20016	NA
243	Pulse	55	9850000	30016	NA
243	Pulse	55	9860000	40016	NA
244	Pulse	55	9870000	9420	NA
244	Pulse	55	9880000	19420	NA
244	Pulse	55	9890000	29420	NA
244	Pulse	55	9900000	39420	NA
245	Pulse	55	9910000	8906	NA
245	Pulse	55	9920000	18906	NA
245	Pulse	55	9930000	28906	NA
245	Pulse	55	9940000	38906	NA
246	Pulse	55	9950000	8310	NA
246	Pulse	55	9960000	18310	NA
246	Pulse	55	9970000	28310	NA
246	Pulse	55	9980000	38310	NA
247	Pulse	55	9990000	7713	NA
247	Pulse	55	10000000	17713	NA
247	Pulse	55	10010000	27713	NA
247	Pulse	55	10020000	37713	NA
248	Pulse	55	10030000	7116	NA
248	Pulse	55	10040000	17116	NA
248	Pulse	55	10050000	27116	NA
248	Pulse	55	10060000	37116	NA
249	Pulse	55	10070000	6519	NA
249	Pulse	55	10080000	16519	NA
249	Pulse	55	10090000	26519	NA
249	Pulse	55	10100000	36519	NA
250	Pulse	55	10110000	5923	NA
250	Pulse	55	10120000	15923	NA
250	Pulse	55	10130000	25923	NA
250	Pulse	55	10140000	35923	NA
251	Pulse	55	10150000	5326	NA
251	Pulse	55	10160000	15326	NA
251	Pulse	55	10170000	25326	NA
251	Pulse	55	10180000	35326	NA
252	Pulse	55	10190000	4729	NA
252	Pulse	55	10200000	14729	NA
252	Pulse	55	10210000	24729	NA
252	Pulse	55	10220000	34729	NA
253	Pulse	55	10230000	4133	NA
253	Pulse	55	10240000	14133	NA
253	Pulse	55	10250000	24133	NA
253	Pulse	55	10260000	34133	NA
254	Pulse	55	10270000	3536	NA
254	Pulse	55	10280000	13536	NA
254	Pulse	55	10290000	23536	NA
254	Pulse	55	10300000	33536	NA
255	Pulse	55	10310000	3106	NA
255	Pulse	55	10320000	13106	NA
255	Pulse	55	10330000	23106	NA
255	Pulse	55	10340000	33106	NA
256	Pulse	55	10350000	2593	NA
256	Pulse	55	10360000	12593	NA
256	Pulse	55	10370000	22593	NA
256	Pulse	55	10380000	32593	NA
257	Pulse	55	10390000	2079	NA
257	Pulse	55	10400000	12079	NA
257	Pulse	55	10410000	22079	NA
257	Pulse	55	10420000	32079	NA
258	Pulse	55	10430000	1482	NA
258	Pulse	55	10440000	11482	NA
258	Pulse	55	10450000	21482	NA
258	Pulse	55	10460000	31482	NA
259	Pulse	55	10470000	886	NA
259	Pulse	55	10480000	10886	NA
259	Pulse	55	10490000	20886	NA
259	Pulse	55	10500000	30886	NA
260	Pulse	55	10510000	289	NA
260	Pulse	55	10520000	10289	NA
260	Pulse	55	10530000	20289	NA
260	Pulse	55	10540000	30289	NA
260	Pulse	55	10550000	40289	NA
261	Pulse	55	10560000	9692	NA
261	Pulse	55	10570000	19692	NA
261	Pulse	55	10580000	29692	NA
261	Pulse	55	10590000	39692	NA
262	Pulse	55	10600000	9096	NA
262	Pulse	55	10610000	19096	NA
262	Pulse	55	10620000	29096	NA
262	Pulse	55	10630000	39096	NA
263	Pulse	55	10640000	8582	NA
263	Pulse	55	10650000	18582	NA
263	Pulse	55	10660000	28582	NA
263	Pulse	55	10670000	38582	NA
264	Pulse	55	10680000	7986	NA
264	Pulse	55	10690000	17986	NA
264	Pulse	55	10700000	27986	NA
264	Pulse	55	10710000	37986	NA
265	Pulse	55	10720000	7389	NA
265	Pulse	55	10730000	17389	NA
265	Pulse	55	10740000	27389	NA
265	Pulse	55	10750000	37389	NA
266	Pulse	55	10760000	6792	NA
266	Pulse	55	10770000	16792	NA
266	Pulse	55	10780000	26792	NA
266	Pulse	55	10790000	36792	NA
267	Pulse	55	10800000	6279	NA
267	Pulse	55	10810000	16279	NA
267	Pulse	55	10820000	26279	NA
267	Pulse	55	10830000	36279	NA
268	Pulse	55	10840000	5682	NA
268	Pulse	55	10850000	15682	NA
268	Pulse	55	10860000	25682	NA
268	Pulse	55	10870000	35682	NA
269	Pulse	55	10880000	5086	NA
269	Pulse	55	10890000	15086	NA
269	Pulse	55	10900000	25086	NA
269	Pulse	55	10910000	35086	NA
270	Pulse	55	10920000	4489	NA
270	Pulse	55	10930000	14489	NA
270	Pulse	55	10940000	24489	NA
270	Pulse	55	10950000	34489	NA
271	Pulse	55	10960000	3892	NA
271	Pulse	55	10970000	13892	NA
271	Pulse	55	10980000	23892	NA
271	Pulse	55	10990000	33892	NA
272	Pulse	55	11000000	3295	NA
272	Pulse	55	11010000	13295	NA
272	Pulse	55	11020000	23295	NA
272	Pulse	55	11030000	33295	NA
273	Pulse	55	11040000	2699	NA
273	Pulse	55	11050000	12699	NA
273	Pulse	55	11060000	22699	NA
273	Pulse	55	11070000	32699	NA
274	Pulse	55	11080000	2102	NA
274	Pulse	55	11090000	12102	NA
274	Pulse	55	11100000	22102	NA
274	Pulse	55	11110000	32102	NA
275	Pulse	55	11120000	1505	NA
275	Pulse	55	11130000	11505	NA
275	Pulse	55	11140000	21505	NA
275	Pulse	55	11150000	31505	NA
276	Pulse	55	11160000	909	NA
276	Pulse	55	11170000	10909	NA
276	Pulse	55	11180000	20909	NA
276	Pulse	55	11190000	30909	NA
277	Pulse	55	11200000	312	NA
277	Pulse	55	11210000	10312	NA
277	Pulse	55	11220000	20312	NA
277	Pulse	55	11230000	30312	NA
277	Pulse	55	11240000	40312	NA
278	Pulse	55	11250000	9715	NA
278	Pulse	55	11260000	19715	NA
278	Pulse	55	11270000	29715	NA
278	Pulse	55	11280000	39715	NA
279	Pulse	55	11290000	9118	NA
279	Pulse	55	11300000	19118	NA
279	Pulse	55	11310000	29118	NA
279	Pulse	55	11320000	39118	NA
280	Pulse	55	11330000	8522	NA
280	Pulse	55	11340000	18522	NA
280	Pulse	55	11350000	28522	NA
280	Pulse	55	11360000	38522	NA
281	Pulse	55	11370000	7925	NA
281	Pulse	55	11380000	17925	NA
281	Pulse	55	11390000	27925	NA
281	Pulse	55	11400000	37925	NA
282	Pulse	55	11410000	7328	NA
282	Pulse	55	11420000	17328	NA
282	Pulse	55	11430000	27328	NA
282	Pulse	55	11440000	37328	NA
283	Pulse	55	11450000	6648	NA
283	Pulse	55	11460000	16648	NA
283	Pulse	55	11470000	26648	NA
283	Pulse	55	11480000	36648	NA
284	Pulse	55	11490000	6052	NA
284	Pulse	55	11500000	16052	NA
284	Pulse	55	11510000	26052	NA
284	Pulse	55	11520000	36052	NA
285	Pulse	55	11530000	5455	NA
285	Pulse	55	11540000	15455	NA
285	Pulse	55	11550000	25455	NA
285	Pulse	55	11560000	35455	NA
286	Pulse	55	11570000	4858	NA
286	Pulse	55	11580000	14858	NA
286	Pulse	55	11590000	24858	NA
286	Pulse	55	11600000	34858	NA
287	Pulse	55	11610000	4178	NA
287	Pulse	55	11620000	14178	NA
287	Pulse	55	11630000	24178	NA
287	Pulse	55	11640000	34178	NA
288	Pulse	55	11650000	3581	NA
288	Pulse	55	11660000	13581	NA
288	Pulse	55	11670000	23581	NA
288	Pulse	55	11680000	33581	NA
289	Pulse	55	11690000	2985	NA
289	Pulse	55	11700000	12985	NA
289	Pulse	55	11710000	22985	NA
289	Pulse	55	11720000	32985	NA
290	Pulse	55	11730000	2388	NA
290	Pulse	55	11740000	12388	NA
290	Pulse	55	11750000	22388	NA
290	Pulse	55	11760000	32388	NA
291	Pulse	55	11770000	1708	NA
291	Pulse	55	11780000	11708	NA
291	Pulse	55	11790000	21708	NA
291	Pulse	55	11800000	31708	NA
292	Pulse	55	11810000	1111	NA
292	Pulse	55	11820000	11111	NA
292	Pulse	55	11830000	21111	NA
292	Pulse	55	11840000	31111	NA
293	Pulse	55	11850000	515	NA
293	Pulse	55	11860000	10515	NA
293	Pulse	55	11870000	20515	NA
293	Pulse	55	11880000	30515	NA
293	Pulse	55	11890000	40515	NA
294	Pulse	55	11900000	9835	NA
294	Pulse	55	11910000	19835	NA
294	Pulse	55	11920000	29835	NA
294	Pulse	55	11930000	39835	NA
295	Pulse	55	11940000	9238	NA
295	Pulse	55	11950000	19238	NA
295	Pulse	55	11960000	29238	NA
295	Pulse	55	11970000	39238	NA
296	Pulse	55	11980000	8641	NA
296	Pulse	55	11990000	18641	NA
296	Pulse	55	12000000	28641	NA
296	Pulse	55	12010000	38641	NA
297	Pulse	55	12020000	8044	NA
297	Pulse	55	12030000	18044	NA
297	Pulse	55	12040000	28044	NA
297	Pulse	55	12050000	38044	NA
298	Pulse	55	12060000	7364	NA
298	Pulse	55	12070000	17364	NA
298	Pulse	55	12080000	27364	NA
298	Pulse	55	12090000	37364	NA
299	Pulse	55	12100000	6768	NA
299	Pulse	55	12110000	16768	NA
299	Pulse	55	12120000	26768	NA
299	Pulse	55	12130000	36768	NA
300	Pulse	55	12140000	6171	NA
300	Pulse	55	12150000	16171	NA
300	Pulse	55	12160000	26171	NA
300	Pulse	55	12170000	36171	NA
301	Pulse	55	12180000	5491	NA
301	Pulse	55	12190000	15491	NA
301	Pulse	55	12200000	25491	NA
301	Pulse	55	12210000	35491	NA
302	Pulse	55	12220000	4894	NA
302	Pulse	55	12230000	14894	NA
302	Pulse	55	12240000	24894	NA
302	Pulse	55	12250000	34894	NA
303	Pulse	55	12260000	4298	NA
303	Pulse	55	12270000	14298	NA
303	Pulse	55	12280000	24298	NA
303	Pulse	55	12290000	34298	NA
304	Pulse	55	12300000	3701	NA
304	Pulse	55	12310000	13701	NA
304	Pulse	55	12320000	23701	NA
304	Pulse	55	12330000	33701	NA
305	Pulse	55	12340000	3104	NA
305	Pulse	55	12350000	13104	NA
305	Pulse	55	12360000	23104	NA
305	Pulse	55	12370000	33104	NA
306	Pulse	55	12380000	2507	NA
306	Pulse	55	12390000	12507	NA
306	Pulse	55	12400000	22507	NA
306	Pulse	55	12410000	32507	NA
307	Pulse	55	12420000	1911	NA
307	Pulse	55	12430000	11911	NA
307	Pulse	55	12440000	21911	NA
307	Pulse	55	12450000	31911	NA
308	Pulse	55	12460000	1231	NA
308	Pulse	55	12470000	11231	NA
308	Pulse	55	12480000	21231	NA
308	Pulse	55	12490000	31231	NA
309	Pulse	55	12500000	634	NA
309	Pulse	55	12510000	10634	NA
309	Pulse	55	12520000	20634	NA
309	Pulse	55	12530000	30634	NA
309	Pulse	55	12540000	40634	NA
310	Pulse	55	12550000	9954	NA
310	Pulse	55	12560000	19954	NA
310	Pulse	55	12570000	29954	NA
310	Pulse	55	12580000	39954	NA
311	Pulse	55	12590000	9357	NA
311	Pulse	55	12600000	19357	NA
311	Pulse	55	12610000	29357	NA
311	Pulse	55	12620000	39357	NA
312	Pulse	55	12630000	8677	NA
312	Pulse	55	12640000	18677	NA
312	Pulse	55	12650000	28677	NA
312	Pulse	55	12660000	38677	NA
313	Pulse	55	12670000	8080	NA
313	Pulse	55	12680000	18080	NA
313	Pulse	55	12690000	28080	NA
313	Pulse	55	12700000	38080	NA
314	Pulse	55	12710000	7484	NA
314	Pulse	55	12720000	17484	NA
314	Pulse	55	12730000	27484	NA
314	Pulse	55	12740000	37484	NA
315	Pulse	55	12750000	6887	NA
315	Pulse	55	12760000	16887	NA
315	Pulse	55	12770000	26887	NA
315	Pulse	55	12780000	36887	NA
316	Pulse	55	12790000	6290	NA
316	Pulse	55	12800000	16290	NA
316	Pulse	55	12810000	26290	NA
316	Pulse	55	12820000	36290	NA
317	Pulse	55	12830000	5694	NA
317	Pulse	55	12840000	15694	NA
317	Pulse	55	12850000	25694	NA
317	Pulse	55	12860000	35694	NA
318	Pulse	55	12870000	5014	NA
318	Pulse	55	12880000	15014	NA
318	Pulse	55	12890000	25014	NA
318	Pulse	55	12900000	35014	NA
319	Pulse	55	12910000	4417	NA
319	Response	1	12913889	8306	1
319	Pulse	55	12920000	14417	NA
319	Pulse	55	12930000	24417	NA
319	Pulse	55	12940000	34417	NA
320	Pulse	55	12950000	4320	NA
320	Pulse	55	12960000	14320	NA
321	Pulse	55	12970000	4230	NA
321	Pulse	55	12980000	14230	NA
321	Pulse	55	12990000	24230	NA
321	Pulse	55	13000000	34230	NA
321	Pulse	55	13010000	44230	NA
321	Pulse	55	13020000	54230	NA
321	Pulse	55	13030000	64230	NA
321	Pulse	55	13040000	74230	NA
321	Pulse	55	13050000	84230	NA
321	Pulse	55	13060000	94230	NA
321	Pulse	55	13070000	104230	NA
321	Pulse	55	13080000	114230	NA
321	Pulse	55	13090000	124230	NA
321	Pulse	55	13100000	134230	NA
321	Pulse	55	13110000	144230	NA
321	Pulse	55	13120000	154230	NA
321	Pulse	55	13130000	164230	NA
321	Pulse	55	13140000	174230	NA
321	Response	1	13146527	180757	1
321	Pulse	55	13150000	184230	NA
321	Pulse	55	13160000	194230	NA
322	Pulse	55	13170000	9916	NA
322	Pulse	55	13180000	19916	NA
322	Pulse	55	13190000	29916	NA
322	Pulse	55	13200000	39916	NA
322	Pulse	55	13210000	49916	NA
322	Pulse	55	13220000	59916	NA
322	Pulse	55	13230000	69916	NA
322	Pulse	55	13240000	79916	NA
322	Pulse	55	13250000	89916	NA
322	Pulse	55	13260000	99916	NA
322	Pulse	55	13270000	109916	NA
322	Pulse	55	13280000	119916	NA
322	Pulse	55	13290000	129916	NA
322	Pulse	55	13300000	139916	NA
322	Pulse	55	13310000	149916	NA
322	Pulse	55	13320000	159916	NA
322	Pulse	55	13330000	169916	NA
322	Pulse	55	13340000	179916	NA
322	Pulse	55	13350000	189916	NA
322	Pulse	55	13360000	199916	NA
322	Pulse	55	13370000	209916	NA
322	Pulse	55	13380000	219916	NA
322	Pulse	55	13390000	229916	NA
322	Pulse	55	13400000	239916	NA
322	Pulse	55	13410000	249916	NA
322	Pulse	55	13420000	259916	NA
322	Pulse	55	13430000	269916	NA
322	Pulse	55	13440000	279916	NA
322	Pulse	55	13450000	289916	NA
322	Pulse	55	13460000	299916	NA
322	Pulse	55	13470000	309916	NA
322	Pulse	55	13480000	319916	NA
322	Pulse	55	13490000	329916	NA
322	Pulse	55	13500000	339916	NA
322	Pulse	55	13510000	349916	NA
322	Pulse	55	13520000	359916	NA
322	Pulse	55	13530000	369916	NA
322	Pulse	55	13540000	379916	NA
322	Pulse	55	13550000	389916	NA
322	Pulse	55	13560000	399916	NA
322	Pulse	55	13570000	409916	NA
322	Pulse	55	13580000	419916	NA
322	Pulse	55	13590000	429916	NA
322	Pulse	55	13600000	439916	NA
322	Pulse	55	13610000	449916	NA
322	Pulse	55	13620000	459916	NA
322	Pulse	55	13630000	469916	NA
322	Pulse	55	13640000	479916	NA
322	Pulse	55	13650000	489916	NA
322	Pulse	55	13660000	499916	NA
322	Pulse	55	13670000	509916	NA
322	Pulse	55	13680000	519916	NA
322	Pulse	55	13690000	529916	NA
322	Pulse	55	13700000	539916	NA
322	Pulse	55	13710000	549916	NA
322	Pulse	55	13720000	559916	NA
322	Pulse	55	13730000	569916	NA
322	Pulse	55	13740000	579916	NA
322	Pulse	55	13750000	589916	NA
322	Pulse	55	13760000	599916	NA
322	Pulse	55	13770000	609916	NA
322	Pulse	55	13780000	619916	NA
322	Pulse	55	13790000	629916	NA
322	Pulse	55	13800000	639916	NA
322	Pulse	55	13810000	649916	NA
322	Pulse	55	13820000	659916	NA
322	Pulse	55	13830000	669916	NA
322	Pulse	55	13840000	679916	NA
322	Pulse	55	13850000	689916	NA
322	Pulse	55	13860000	699916	NA
322	Pulse	55	13870000	709916	NA
322	Pulse	55	13880000	719916	NA
322	Pulse	55	13890000	729916	NA
322	Pulse	55	13900000	739916	NA
322	Pulse	55	13910000	749916	NA
322	Pulse	55	13920000	759916	NA
322	Pulse	55	13930000	769916	NA
322	Pulse	55	13940000	779916	NA
322	Pulse	55	13950000	789916	NA
322	Pulse	55	13960000	799916	NA
322	Pulse	55	13970000	809916	NA
322	Pulse	55	13980000	819916	NA
322	Pulse	55	13990000	829916	NA
322	Pulse	55	14000000	839916	NA
322	Pulse	55	14010000	849916	NA
322	Pulse	55	14020000	859916	NA
322	Pulse	55	14030000	869916	NA
322	Pulse	55	14040000	879916	NA
322	Pulse	55	14050000	889916	NA
322	Pulse	55	14060000	899916	NA
322	Pulse	55	14070000	909916	NA
322	Pulse	55	14080000	919916	NA
322	Pulse	55	14090000	929916	NA
322	Pulse	55	14100000	939916	NA
322	Pulse	55	14110000	949916	NA
322	Pulse	55	14120000	959916	NA
322	Pulse	55	14130000	969916	NA
322	Pulse	55	14140000	979916	NA
322	Pulse	55	14150000	989916	NA
322	Pulse	55	14160000	999916	NA
322	Pulse	55	14170000	1009916	NA
322	Pulse	55	14180000	1019916	NA
322	Pulse	55	14190000	1029916	NA
322	Pulse	55	14200000	1039916	NA
322	Pulse	55	14210000	1049916	NA
322	Pulse	55	14220000	1059916	NA
322	Pulse	55	14230000	1069916	NA
322	Pulse	55	14240000	1079916	NA
322	Pulse	55	14250000	1089916	NA
322	Pulse	55	14260000	1099916	NA
322	Pulse	55	14270000	1109916	NA
322	Pulse	55	14280000	1119916	NA
322	Pulse	55	14290000	1129916	NA
322	Pulse	55	14300000	1139916	NA
322	Pulse	55	14310000	1149916	NA
322	Pulse	55	14320000	1159916	NA
322	Pulse	55	14330000	1169916	NA
322	Pulse	55	14340000	1179916	NA
322	Pulse	55	14350000	1189916	NA
322	Pulse	55	14360000	1199916	NA
322	Pulse	55	14370000	1209916	NA
322	Pulse	55	14380000	1219916	NA
322	Pulse	55	14390000	1229916	NA
322	Pulse	55	14400000	1239916	NA
322	Pulse	55	14410000	1249916	NA
322	Pulse	55	14420000	1259916	NA
322	Pulse	55	14430000	1269916	NA
322	Pulse	55	14440000	1279916	NA
322	Pulse	55	14450000	1289916	NA
322	Pulse	55	14460000	1299916	NA
322	Pulse	55	14470000	1309916	NA
322	Pulse	55	14480000	1319916	NA
322	Pulse	55	14490000	1329916	NA
322	Pulse	55	14500000	1339916	NA
322	Pulse	55	14510000	1349916	NA
322	Pulse	55	14520000	1359916	NA
322	Pulse	55	14530000	1369916	NA
322	Pulse	55	14540000	1379916	NA
322	Pulse	55	14550000	1389916	NA
322	Pulse	55	14560000	1399916	NA
322	Pulse	55	14570000	1409916	NA
322	Pulse	55	14580000	1419916	NA
322	Pulse	55	14590000	1429916	NA
322	Pulse	55	14600000	1439916	NA
322	Pulse	55	14610000	1449916	NA
322	Pulse	55	14620000	1459916	NA
322	Pulse	55	14630000	1469916	NA
322	Pulse	55	14640000	1479916	NA
322	Pulse	55	14650000	1489916	NA
322	Pulse	55	14660000	1499916	NA
322	Pulse	55	14670000	1509916	NA
322	Pulse	55	14680000	1519916	NA
322	Pulse	55	14690000	1529916	NA
322	Pulse	55	14700000	1539916	NA
322	Pulse	55	14710000	1549916	NA
322	Pulse	55	14720000	1559916	NA
322	Pulse	55	14730000	1569916	NA
322	Pulse	55	14740000	1579916	NA
322	Pulse	55	14750000	1589916	NA
322	Pulse	55	14760000	1599916	NA
322	Pulse	55	14770000	1609916	NA
322	Pulse	55	14780000	1619916	NA
322	Pulse	55	14790000	1629916	NA
322	Pulse	55	14800000	1639916	NA
322	Pulse	55	14810000	1649916	NA
322	Pulse	55	14820000	1659916	NA
322	Pulse	55	14830000	1669916	NA
322	Pulse	55	14840000	1679916	NA
322	Pulse	55	14850000	1689916	NA
322	Pulse	55	14860000	1699916	NA
322	Pulse	55	14870000	1709916	NA
322	Pulse	55	14880000	1719916	NA
322	Pulse	55	14890000	1729916	NA
322	Pulse	55	14900000	1739916	NA
322	Pulse	55	14910000	1749916	NA
322	Pulse	55	14920000	1759916	NA
322	Pulse	55	14930000	1769916	NA
322	Pulse	55	14940000	1779916	NA
322	Pulse	55	14950000	1789916	NA
322	Pulse	55	14960000	1799916	NA
322	Pulse	55	14970000	1809916	NA
322	Pulse	55	14980000	1819916	NA
322	Pulse	55	14990000	1829916	NA
322	Pulse	55	15000000	1839916	NA
322	Pulse	55	15010000	1849916	NA
322	Pulse	55	15020000	1859916	NA
322	Pulse	55	15030000	1869916	NA
322	Pulse	55	15040000	1879916	NA
322	Pulse	55	15050000	1889916	NA
322	Pulse	55	15060000	1899916	NA
322	Pulse	55	15070000	1909916	NA
322	Pulse	55	15080000	1919916	NA
322	Pulse	55	15090000	1929916	NA
322	Pulse	55	15100000	1939916	NA
322	Pulse	55	15110000	1949916	NA
322	Pulse	55	15120000	1959916	NA
322	Pulse	55	15130000	1969916	NA
322	Pulse	55	15140000	1979916	NA
322	Pulse	55	15150000	1989916	NA
322	Pulse	55	15160000	1999916	NA
322	Pulse	55	15170000	2009916	NA
322	Pulse	55	15180000	2019916	NA
322	Pulse	55	15190000	2029916	NA
322	Pulse	55	15200000	2039916	NA
322	Pulse	55	15210000	2049916	NA
322	Pulse	55	15220000	2059916	NA
322	Pulse	55	15230000	2069916	NA
322	Pulse	55	15240000	2079916	NA
322	Pulse	55	15250000	2089916	NA
322	Pulse	55	15260000	2099916	NA
322	Pulse	55	15270000	2109916	NA
322	Pulse	55	15280000	2119916	NA
322	Pulse	55	15290000	2129916	NA
322	Pulse	55	15300000	2139916	NA
322	Pulse	55	15310000	2149916	NA
322	Pulse	55	15320000	2159916	NA
322	Pulse	55	15330000	2169916	NA
322	Pulse	55	15340000	2179916	NA
322	Pulse	55	15350000	2189916	NA
322	Pulse	55	15360000	2199916	NA
322	Pulse	55	15370000	2209916	NA
322	Pulse	55	15380000	2219916	NA
322	Pulse	55	15390000	2229916	NA
322	Pulse	55	15400000	2239916	NA
322	Pulse	55	15410000	2249916	NA
322	Pulse	55	15420000	2259916	NA
322	Pulse	55	15430000	2269916	NA
322	Pulse	55	15440000	2279916	NA
322	Pulse	55	15450000	2289916	NA
322	Pulse	55	15460000	2299916	NA
322	Pulse	55	15470000	2309916	NA
322	Pulse	55	15480000	2319916	NA
322	Pulse	55	15490000	2329916	NA
322	Pulse	55	15500000	2339916	NA
322	Pulse	55	15510000	2349916	NA
322	Pulse	55	15520000	2359916	NA
322	Pulse	55	15530000	2369916	NA
322	Pulse	55	15540000	2379916	NA
322	Pulse	55	15550000	2389916	NA
322	Pulse	55	15560000	2399916	NA
322	Pulse	55	15570000	2409916	NA
322	Pulse	55	15580000	2419916	NA
322	Pulse	55	15590000	2429916	NA
322	Pulse	55	15600000	2439916	NA
322	Pulse	55	15610000	2449916	NA
322	Pulse	55	15620000	2459916	NA
322	Pulse	55	15630000	2469916	NA
322	Pulse	55	15640000	2479916	NA
322	Pulse	55	15650000	2489916	NA
322	Pulse	55	15660000	2499916	NA
322	Pulse	55	15670000	2509916	NA
322	Pulse	55	15680000	2519916	NA
322	Pulse	55	15690000	2529916	NA
322	Pulse	55	15700000	2539916	NA
322	Pulse	55	15710000	2549916	NA
322	Pulse	55	15720000	2559916	NA
322	Pulse	55	15730000	2569916	NA
322	Pulse	55	15740000	2579916	NA
322	Pulse	55	15750000	2589916	NA
322	Pulse	55	15760000	2599916	NA
322	Pulse	55	15770000	2609916	NA
322	Pulse	55	15780000	2619916	NA
322	Pulse	55	15790000	2629916	NA
322	Pulse	55	15800000	2639916	NA
322	Pulse	55	15810000	2649916	NA
322	Pulse	55	15820000	2659916	NA
322	Pulse	55	15830000	2669916	NA
322	Pulse	55	15840000	2679916	NA
322	Pulse	55	15850000	2689916	NA
322	Pulse	55	15860000	2699916	NA
322	Pulse	55	15870000	2709916	NA
322	Pulse	55	15880000	2719916	NA
322	Pulse	55	15890000	2729916	NA
322	Pulse	55	15900000	2739916	NA
322	Pulse	55	15910000	2749916	NA
322	Pulse	55	15920000	2759916	NA
322	Pulse	55	15930000	2769916	NA
322	Pulse	55	15940000	2779916	NA
322	Pulse	55	15950000	2789916	NA
322	Pulse	55	15960000	2799916	NA
322	Pulse	55	15970000	2809916	NA
322	Pulse	55	15980000	2819916	NA
322	Pulse	55	15990000	2829916	NA
322	Pulse	55	16000000	2839916	NA
322	Pulse	55	16010000	2849916	NA
322	Pulse	55	16020000	2859916	NA
322	Pulse	55	16030000	2869916	NA
322	Pulse	55	16040000	2879916	NA
322	Pulse	55	16050000	2889916	NA
322	Pulse	55	16060000	2899916	NA
322	Pulse	55	16070000	2909916	NA
322	Pulse	55	16080000	2919916	NA
322	Pulse	55	16090000	2929916	NA
322	Pulse	55	16100000	2939916	NA
322	Pulse	55	16110000	2949916	NA
322	Pulse	55	16120000	2959916	NA
322	Pulse	55	16130000	2969916	NA
322	Pulse	55	16140000	2979916	NA
322	Pulse	55	16150000	2989916	NA
322	Pulse	55	16160000	2999916	NA
322	Pulse	55	16170000	3009916	NA
322	Pulse	55	16180000	3019916	NA
322	Pulse	55	16190000	3029916	NA
322	Pulse	55	16200000	3039916	NA
322	Pulse	55	16210000	3049916	NA
322	Pulse	55	16220000	3059916	NA
322	Pulse	55	16230000	3069916	NA
322	Pulse	55	16240000	3079916	NA
322	Pulse	55	16250000	3089916	NA
322	Pulse	55	16260000	3099916	NA
322	Pulse	55	16270000	3109916	NA
322	Pulse	55	16280000	3119916	NA
322	Pulse	55	16290000	3129916	NA
322	Pulse	55	16300000	3139916	NA
322	Pulse	55	16310000	3149916	NA
322	Pulse	55	16320000	3159916	NA
322	Pulse	55	16330000	3169916	NA
322	Pulse	55	16340000	3179916	NA
322	Pulse	55	16350000	3189916	NA
322	Pulse	55	16360000	3199916	NA
322	Pulse	55	16370000	3209916	NA
322	Pulse	55	16380000	3219916	NA
322	Pulse	55	16390000	3229916	NA
322	Pulse	55	16400000	3239916	NA
322	Pulse	55	16410000	3249916	NA
322	Pulse	55	16420000	3259916	NA
322	Pulse	55	16430000	3269916	NA
322	Pulse	55	16440000	3279916	NA
322	Pulse	55	16450000	3289916	NA
322	Pulse	55	16460000	3299916	NA
322	Pulse	55	16470000	3309916	NA
322	Pulse	55	16480000	3319916	NA
322	Pulse	55	16490000	3329916	NA
322	Pulse	55	16500000	3339916	NA
322	Pulse	55	16510000	3349916	NA
322	Pulse	55	16520000	3359916	NA
322	Pulse	55	16530000	3369916	NA
322	Pulse	55	16540000	3379916	NA
322	Pulse	55	16550000	3389916	NA
322	Pulse	55	16560000	3399916	NA
322	Pulse	55	16570000	3409916	NA
322	Pulse	55	16580000	3419916	NA
322	Pulse	55	16590000	3429916	NA
322	Pulse	55	16600000	3439916	NA
322	Pulse	55	16610000	3449916	NA
322	Pulse	55	16620000	3459916	NA
322	Pulse	55	16630000	3469916	NA
322	Pulse	55	16640000	3479916	NA
322	Pulse	55	16650000	3489916	NA
322	Pulse	55	16660000	3499916	NA
322	Pulse	55	16670000	3509916	NA
322	Pulse	55	16680000	3519916	NA
322	Pulse	55	16690000	3529916	NA
322	Pulse	55	16700000	3539916	NA
322	Pulse	55	16710000	3549916	NA
322	Pulse	55	16720000	3559916	NA
322	Pulse	55	16730000	3569916	NA
322	Pulse	55	16740000	3579916	NA
322	Pulse	55	16750000	3589916	NA
322	Pulse	55	16760000	3599916	NA
322	Pulse	55	16770000	3609916	NA
322	Pulse	55	16780000	3619916	NA
322	Pulse	55	16790000	3629916	NA
322	Pulse	55	16800000	3639916	NA
322	Pulse	55	16810000	3649916	NA
322	Pulse	55	16820000	3659916	NA
322	Pulse	55	16830000	3669916	NA
322	Pulse	55	16840000	3679916	NA
322	Pulse	55	16850000	3689916	NA
322	Pulse	55	16860000	3699916	NA
322	Pulse	55	16870000	3709916	NA
322	Pulse	55	16880000	3719916	NA
322	Pulse	55	16890000	3729916	NA
322	Pulse	55	16900000	3739916	NA
322	Pulse	55	16910000	3749916	NA
322	Pulse	55	16920000	3759916	NA
322	Pulse	55	16930000	3769916	NA
322	Pulse	55	16940000	3779916	NA
322	Pulse	55	16950000	3789916	NA
322	Pulse	55	16960000	3799916	NA
322	Pulse	55	16970000	3809916	NA
322	Pulse	55	16980000	3819916	NA
322	Pulse	55	16990000	3829916	NA
322	Pulse	55	17000000	3839916	NA
322	Pulse	55	17010000	3849916	NA
322	Pulse	55	17020000	3859916	NA
322	Pulse	55	17030000	3869916	NA
322	Pulse	55	17040000	3879916	NA
322	Pulse	55	17050000	3889916	NA
322	Pulse	55	17060000	3899916	NA
322	Pulse	55	17070000	3909916	NA
322	Pulse	55	17080000	3919916	NA
322	Pulse	55	17090000	3929916	NA
322	Pulse	55	17100000	3939916	NA
322	Pulse	55	17110000	3949916	NA
322	Pulse	55	17120000	3959916	NA
322	Pulse	55	17130000	3969916	NA
322	Pulse	55	17140000	3979916	NA
322	Pulse	55	17150000	3989916	NA
322	Pulse	55	17160000	3999916	NA
322	Pulse	55	17170000	4009916	NA
322	Pulse	55	17180000	4019916	NA
322	Pulse	55	17190000	4029916	NA
322	Pulse	55	17200000	4039916	NA
322	Pulse	55	17210000	4049916	NA
322	Pulse	55	17220000	4059916	NA
322	Pulse	55	17230000	4069916	NA
322	Pulse	55	17240000	4079916	NA
322	Pulse	55	17250000	4089916	NA
322	Pulse	55	17260000	4099916	NA
322	Pulse	55	17270000	4109916	NA
322	Pulse	55	17280000	4119916	NA
322	Pulse	55	17290000	4129916	NA
322	Pulse	55	17300000	4139916	NA
322	Pulse	55	17310000	4149916	NA
322	Pulse	55	17320000	4159916	NA
322	Pulse	55	17330000	4169916	NA
322	Pulse	55	17340000	4179916	NA
322	Pulse	55	17350000	4189916	NA
322	Pulse	55	17360000	4199916	NA
322	Pulse	55	17370000	4209916	NA
322	Pulse	55	17380000	4219916	NA
322	Pulse	55	17390000	4229916	NA
322	Pulse	55	17400000	4239916	NA
322	Pulse	55	17410000	4249916	NA
322	Pulse	55	17420000	4259916	NA
322	Pulse	55	17430000	4269916	NA
322	Pulse	55	17440000	4279916	NA
322	Pulse	55	17450000	4289916	NA
322	Pulse	55	17460000	4299916	NA
322	Pulse	55	17470000	4309916	NA
322	Pulse	55	17480000	4319916	NA
322	Pulse	55	17490000	4329916	NA
322	Pulse	55	17500000	4339916	NA
322	Pulse	55	17510000	4349916	NA
322	Pulse	55	17520000	4359916	NA
322	Pulse	55	17530000	4369916	NA
322	Pulse	55	17540000	4379916	NA
322	Pulse	55	17550000	4389916	NA
322	Pulse	55	17560000	4399916	NA
322	Pulse	55	17570000	4409916	NA
322	Pulse	55	17580000	4419916	NA
322	Pulse	55	17590000	4429916	NA
322	Pulse	55	17600000	4439916	NA
322	Pulse	55	17610000	4449916	NA
322	Pulse	55	17620000	4459916	NA
322	Pulse	55	17630000	4469916	NA
322	Pulse	55	17640000	4479916	NA
322	Pulse	55	17650000	4489916	NA
322	Pulse	55	17660000	4499916	NA
322	Pulse	55	17670000	4509916	NA
322	Pulse	55	17680000	4519916	NA
322	Pulse	55	17690000	4529916	NA
322	Pulse	55	17700000	4539916	NA
322	Pulse	55	17710000	4549916	NA
322	Pulse	55	17720000	4559916	NA
322	Pulse	55	17730000	4569916	NA
322	Pulse	55	17740000	4579916	NA
322	Pulse	55	17750000	4589916	NA
322	Pulse	55	17760000	4599916	NA
322	Pulse	55	17770000	4609916	NA
322	Pulse	55	17780000	4619916	NA
322	Pulse	55	17790000	4629916	NA
322	Pulse	55	17800000	4639916	NA
322	Pulse	55	17810000	4649916	NA
322	Pulse	55	17820000	4659916	NA
322	Pulse	55	17830000	4669916	NA
322	Pulse	55	17840000	4679916	NA
322	Pulse	55	17850000	4689916	NA
322	Pulse	55	17860000	4699916	NA
322	Pulse	55	17870000	4709916	NA
322	Pulse	55	17880000	4719916	NA
322	Pulse	55	17890000	4729916	NA
322	Pulse	55	17900000	4739916	NA
322	Pulse	55	17910000	4749916	NA
322	Pulse	55	17920000	4759916	NA
322	Pulse	55	17930000	4769916	NA
322	Pulse	55	17940000	4779916	NA
322	Pulse	55	17950000	4789916	NA
322	Pulse	55	17960000	4799916	NA
322	Pulse	55	17970000	4809916	NA
322	Pulse	55	17980000	4819916	NA
322	Pulse	55	17990000	4829916	NA
322	Pulse	55	18000000	4839916	NA
322	Pulse	55	18010000	4849916	NA
322	Pulse	55	18020000	4859916	NA
322	Pulse	55	18030000	4869916	NA
322	Pulse	55	18040000	4879916	NA
322	Pulse	55	18050000	4889916	NA
322	Pulse	55	18060000	4899916	NA
322	Pulse	55	18070000	4909916	NA
322	Pulse	55	18080000	4919916	NA
322	Response	1	18087885	4927802	1
323	Pulse	55	18090000	2043	NA
323	Pulse	55	18100000	12043	NA
323	Pulse	55	18110000	22043	NA
323	Pulse	55	18120000	32043	NA
323	Pulse	55	18130000	42043	NA
323	Pulse	55	18140000	52043	NA
323	Pulse	55	18150000	62043	NA
323	Pulse	55	18160000	72043	NA
323	Response	1	18163563	75606	1
