Scenario - Slideshow_D2.sce
Logfile written - 09/22/2021 19:37:53

Trial	Event Type	Code	Time	TTime	Uncertainty	Duration	Uncertainty	ReqTime	ReqDur	Stim Type	Pair Index

0	Pulse	55	0	0	NA
1	Pulse	55	10000	9417	NA
1	Pulse	55	20000	19417	NA
1	Pulse	55	30000	29417	NA
1	Pulse	55	40000	39417	NA
2	Pulse	55	50000	8820	NA
2	Pulse	55	60000	18820	NA
2	Pulse	55	70000	28820	NA
2	Pulse	55	80000	38820	NA
3	Pulse	55	90000	8223	NA
3	Pulse	55	100000	18223	NA
3	Pulse	55	110000	28223	NA
3	Pulse	55	120000	38223	NA
4	Pulse	55	130000	7627	NA
4	Pulse	55	140000	17627	NA
4	Pulse	55	150000	27627	NA
4	Pulse	55	160000	37627	NA
5	Pulse	55	170000	7030	NA
5	Pulse	55	180000	17030	NA
5	Pulse	55	190000	27030	NA
5	Pulse	55	200000	37030	NA
6	Pulse	55	210000	6433	NA
6	Pulse	55	220000	16433	NA
6	Pulse	55	230000	26433	NA
6	Pulse	55	240000	36433	NA
7	Pulse	55	250000	5836	NA
7	Pulse	55	260000	15836	NA
7	Pulse	55	270000	25836	NA
7	Pulse	55	280000	35836	NA
8	Pulse	55	290000	5240	NA
8	Pulse	55	300000	15240	NA
8	Pulse	55	310000	25240	NA
8	Pulse	55	320000	35240	NA
9	Pulse	55	330000	4643	NA
9	Pulse	55	340000	14643	NA
9	Pulse	55	350000	24643	NA
9	Pulse	55	360000	34643	NA
10	Pulse	55	370000	4213	NA
10	Pulse	55	380000	14213	NA
10	Pulse	55	390000	24213	NA
10	Pulse	55	400000	34213	NA
11	Pulse	55	410000	3700	NA
11	Pulse	55	420000	13700	NA
11	Pulse	55	430000	23700	NA
11	Pulse	55	440000	33700	NA
12	Pulse	55	450000	3186	NA
12	Pulse	55	460000	13186	NA
12	Pulse	55	470000	23186	NA
12	Pulse	55	480000	33186	NA
13	Pulse	55	490000	2590	NA
13	Pulse	55	500000	12590	NA
13	Pulse	55	510000	22590	NA
13	Pulse	55	520000	32590	NA
14	Pulse	55	530000	1993	NA
14	Pulse	55	540000	11993	NA
14	Pulse	55	550000	21993	NA
14	Pulse	55	560000	31993	NA
15	Pulse	55	570000	1396	NA
15	Pulse	55	580000	11396	NA
15	Pulse	55	590000	21396	NA
15	Pulse	55	600000	31396	NA
16	Pulse	55	610000	800	NA
16	Pulse	55	620000	10800	NA
16	Pulse	55	630000	20800	NA
16	Pulse	55	640000	30800	NA
17	Pulse	55	650000	203	NA
17	Pulse	55	660000	10203	NA
17	Pulse	55	670000	20203	NA
17	Pulse	55	680000	30203	NA
17	Pulse	55	690000	40203	NA
18	Pulse	55	700000	9689	NA
18	Pulse	55	710000	19689	NA
18	Pulse	55	720000	29689	NA
18	Pulse	55	730000	39689	NA
19	Pulse	55	740000	9093	NA
19	Pulse	55	750000	19093	NA
19	Pulse	55	760000	29093	NA
19	Pulse	55	770000	39093	NA
20	Pulse	55	780000	8496	NA
20	Pulse	55	790000	18496	NA
20	Pulse	55	800000	28496	NA
20	Pulse	55	810000	38496	NA
21	Pulse	55	820000	7899	NA
21	Pulse	55	830000	17899	NA
21	Pulse	55	840000	27899	NA
21	Pulse	55	850000	37899	NA
22	Pulse	55	860000	7303	NA
22	Pulse	55	870000	17303	NA
22	Pulse	55	880000	27303	NA
22	Pulse	55	890000	37303	NA
23	Pulse	55	900000	6706	NA
23	Pulse	55	910000	16706	NA
23	Pulse	55	920000	26706	NA
23	Pulse	55	930000	36706	NA
24	Pulse	55	940000	6109	NA
24	Pulse	55	950000	16109	NA
24	Pulse	55	960000	26109	NA
24	Pulse	55	970000	36109	NA
25	Pulse	55	980000	5512	NA
25	Pulse	55	990000	15512	NA
25	Pulse	55	1000000	25512	NA
25	Pulse	55	1010000	35512	NA
26	Pulse	55	1020000	4916	NA
26	Pulse	55	1030000	14916	NA
26	Pulse	55	1040000	24916	NA
26	Pulse	55	1050000	34916	NA
27	Pulse	55	1060000	4402	NA
27	Pulse	55	1070000	14402	NA
27	Pulse	55	1080000	24402	NA
27	Pulse	55	1090000	34402	NA
28	Pulse	55	1100000	3806	NA
28	Pulse	55	1110000	13806	NA
28	Pulse	55	1120000	23806	NA
28	Pulse	55	1130000	33806	NA
29	Pulse	55	1140000	3209	NA
29	Pulse	55	1150000	13209	NA
29	Pulse	55	1160000	23209	NA
29	Pulse	55	1170000	33209	NA
30	Pulse	55	1180000	2612	NA
30	Pulse	55	1190000	12612	NA
30	Pulse	55	1200000	22612	NA
30	Pulse	55	1210000	32612	NA
31	Pulse	55	1220000	2016	NA
31	Pulse	55	1230000	12016	NA
31	Pulse	55	1240000	22016	NA
31	Pulse	55	1250000	32016	NA
32	Pulse	55	1260000	1419	NA
32	Pulse	55	1270000	11419	NA
32	Pulse	55	1280000	21419	NA
32	Pulse	55	1290000	31419	NA
33	Pulse	55	1300000	822	NA
33	Pulse	55	1310000	10822	NA
33	Pulse	55	1320000	20822	NA
33	Pulse	55	1330000	30822	NA
34	Pulse	55	1340000	225	NA
34	Pulse	55	1350000	10225	NA
34	Pulse	55	1360000	20225	NA
34	Pulse	55	1370000	30225	NA
34	Pulse	55	1380000	40225	NA
35	Pulse	55	1390000	9629	NA
35	Pulse	55	1400000	19629	NA
35	Pulse	55	1410000	29629	NA
35	Pulse	55	1420000	39629	NA
36	Pulse	55	1430000	9032	NA
36	Pulse	55	1440000	19032	NA
36	Pulse	55	1450000	29032	NA
36	Pulse	55	1460000	39032	NA
37	Pulse	55	1470000	8435	NA
37	Pulse	55	1480000	18435	NA
37	Pulse	55	1490000	28435	NA
37	Pulse	55	1500000	38435	NA
38	Pulse	55	1510000	7672	NA
38	Pulse	55	1520000	17672	NA
38	Pulse	55	1530000	27672	NA
38	Pulse	55	1540000	37672	NA
39	Pulse	55	1550000	7075	NA
39	Pulse	55	1560000	17075	NA
39	Pulse	55	1570000	27075	NA
39	Pulse	55	1580000	37075	NA
40	Pulse	55	1590000	6479	NA
40	Pulse	55	1600000	16479	NA
40	Pulse	55	1610000	26479	NA
40	Pulse	55	1620000	36479	NA
41	Pulse	55	1630000	5882	NA
41	Pulse	55	1640000	15882	NA
41	Pulse	55	1650000	25882	NA
41	Pulse	55	1660000	35882	NA
42	Pulse	55	1670000	5202	NA
42	Pulse	55	1680000	15202	NA
42	Pulse	55	1690000	25202	NA
42	Pulse	55	1700000	35202	NA
43	Pulse	55	1710000	4605	NA
43	Pulse	55	1720000	14605	NA
43	Pulse	55	1730000	24605	NA
43	Pulse	55	1740000	34605	NA
44	Pulse	55	1750000	4008	NA
44	Pulse	55	1760000	14008	NA
44	Pulse	55	1770000	24008	NA
44	Pulse	55	1780000	34008	NA
45	Pulse	55	1790000	3412	NA
45	Pulse	55	1800000	13412	NA
45	Pulse	55	1810000	23412	NA
45	Pulse	55	1820000	33412	NA
46	Pulse	55	1830000	2732	NA
46	Pulse	55	1840000	12732	NA
46	Pulse	55	1850000	22732	NA
46	Pulse	55	1860000	32732	NA
47	Pulse	55	1870000	2135	NA
47	Pulse	55	1880000	12135	NA
47	Pulse	55	1890000	22135	NA
47	Pulse	55	1900000	32135	NA
48	Pulse	55	1910000	1538	NA
48	Pulse	55	1920000	11538	NA
48	Pulse	55	1930000	21538	NA
48	Pulse	55	1940000	31538	NA
49	Pulse	55	1950000	858	NA
49	Pulse	55	1960000	10858	NA
49	Pulse	55	1970000	20858	NA
49	Pulse	55	1980000	30858	NA
50	Pulse	55	1990000	261	NA
50	Pulse	55	2000000	10261	NA
50	Pulse	55	2010000	20261	NA
50	Pulse	55	2020000	30261	NA
50	Pulse	55	2030000	40261	NA
51	Pulse	55	2040000	9665	NA
51	Pulse	55	2050000	19665	NA
51	Pulse	55	2060000	29665	NA
51	Pulse	55	2070000	39665	NA
52	Pulse	55	2080000	9068	NA
52	Pulse	55	2090000	19068	NA
52	Pulse	55	2100000	29068	NA
52	Pulse	55	2110000	39068	NA
53	Pulse	55	2120000	8388	NA
53	Pulse	55	2130000	18388	NA
53	Pulse	55	2140000	28388	NA
53	Pulse	55	2150000	38388	NA
54	Pulse	55	2160000	7791	NA
54	Pulse	55	2170000	17791	NA
54	Pulse	55	2180000	27791	NA
54	Pulse	55	2190000	37791	NA
55	Pulse	55	2200000	7195	NA
55	Pulse	55	2210000	17195	NA
55	Pulse	55	2220000	27195	NA
55	Pulse	55	2230000	37195	NA
56	Pulse	55	2240000	6514	NA
56	Pulse	55	2250000	16514	NA
56	Pulse	55	2260000	26514	NA
56	Pulse	55	2270000	36514	NA
57	Pulse	55	2280000	5918	NA
57	Pulse	55	2290000	15918	NA
57	Pulse	55	2300000	25918	NA
57	Pulse	55	2310000	35918	NA
58	Pulse	55	2320000	5321	NA
58	Pulse	55	2330000	15321	NA
58	Pulse	55	2340000	25321	NA
58	Pulse	55	2350000	35321	NA
59	Pulse	55	2360000	4724	NA
59	Pulse	55	2370000	14724	NA
59	Pulse	55	2380000	24724	NA
59	Pulse	55	2390000	34724	NA
60	Pulse	55	2400000	4128	NA
60	Pulse	55	2410000	14128	NA
60	Pulse	55	2420000	24128	NA
60	Pulse	55	2430000	34128	NA
61	Pulse	55	2440000	3531	NA
61	Pulse	55	2450000	13531	NA
61	Pulse	55	2460000	23531	NA
61	Pulse	55	2470000	33531	NA
62	Pulse	55	2480000	2934	NA
62	Pulse	55	2490000	12934	NA
62	Pulse	55	2500000	22934	NA
62	Pulse	55	2510000	32934	NA
63	Pulse	55	2520000	2254	NA
63	Pulse	55	2530000	12254	NA
63	Pulse	55	2540000	22254	NA
63	Pulse	55	2550000	32254	NA
64	Pulse	55	2560000	1658	NA
64	Pulse	55	2570000	11658	NA
64	Pulse	55	2580000	21658	NA
64	Pulse	55	2590000	31658	NA
65	Pulse	55	2600000	977	NA
65	Pulse	55	2610000	10977	NA
65	Pulse	55	2620000	20977	NA
65	Pulse	55	2630000	30977	NA
66	Pulse	55	2640000	381	NA
66	Pulse	55	2650000	10381	NA
66	Pulse	55	2660000	20381	NA
66	Pulse	55	2670000	30381	NA
66	Pulse	55	2680000	40381	NA
67	Pulse	55	2690000	9701	NA
67	Pulse	55	2700000	19701	NA
67	Pulse	55	2710000	29701	NA
67	Pulse	55	2720000	39701	NA
68	Pulse	55	2730000	9104	NA
68	Pulse	55	2740000	19104	NA
68	Pulse	55	2750000	29104	NA
68	Pulse	55	2760000	39104	NA
69	Pulse	55	2770000	8507	NA
69	Pulse	55	2780000	18507	NA
69	Pulse	55	2790000	28507	NA
69	Pulse	55	2800000	38507	NA
70	Pulse	55	2810000	7911	NA
70	Pulse	55	2820000	17911	NA
70	Pulse	55	2830000	27911	NA
70	Pulse	55	2840000	37911	NA
71	Pulse	55	2850000	7314	NA
71	Pulse	55	2860000	17314	NA
71	Pulse	55	2870000	27314	NA
71	Pulse	55	2880000	37314	NA
72	Pulse	55	2890000	6717	NA
72	Pulse	55	2900000	16717	NA
72	Pulse	55	2910000	26717	NA
72	Pulse	55	2920000	36717	NA
73	Pulse	55	2930000	6037	NA
73	Pulse	55	2940000	16037	NA
73	Pulse	55	2950000	26037	NA
73	Pulse	55	2960000	36037	NA
74	Pulse	55	2970000	5440	NA
74	Pulse	55	2980000	15440	NA
74	Pulse	55	2990000	25440	NA
74	Pulse	55	3000000	35440	NA
75	Pulse	55	3010000	4844	NA
75	Pulse	55	3020000	14844	NA
75	Pulse	55	3030000	24844	NA
75	Pulse	55	3040000	34844	NA
76	Pulse	55	3050000	4247	NA
76	Pulse	55	3060000	14247	NA
76	Pulse	55	3070000	24247	NA
76	Pulse	55	3080000	34247	NA
77	Pulse	55	3090000	3650	NA
77	Pulse	55	3100000	13650	NA
77	Pulse	55	3110000	23650	NA
77	Pulse	55	3120000	33650	NA
78	Pulse	55	3130000	3054	NA
78	Pulse	55	3140000	13054	NA
78	Pulse	55	3150000	23054	NA
78	Pulse	55	3160000	33054	NA
79	Pulse	55	3170000	2457	NA
79	Pulse	55	3180000	12457	NA
79	Pulse	55	3190000	22457	NA
79	Pulse	55	3200000	32457	NA
80	Pulse	55	3210000	1860	NA
80	Pulse	55	3220000	11860	NA
80	Pulse	55	3230000	21860	NA
80	Pulse	55	3240000	31860	NA
81	Pulse	55	3250000	1264	NA
81	Pulse	55	3260000	11264	NA
81	Pulse	55	3270000	21264	NA
81	Pulse	55	3280000	31264	NA
82	Pulse	55	3290000	583	NA
82	Pulse	55	3300000	10583	NA
82	Pulse	55	3310000	20583	NA
82	Pulse	55	3320000	30583	NA
82	Pulse	55	3330000	40583	NA
83	Pulse	55	3340000	9987	NA
83	Pulse	55	3350000	19987	NA
83	Pulse	55	3360000	29987	NA
83	Pulse	55	3370000	39987	NA
84	Pulse	55	3380000	9390	NA
84	Pulse	55	3390000	19390	NA
84	Pulse	55	3400000	29390	NA
84	Pulse	55	3410000	39390	NA
85	Pulse	55	3420000	8793	NA
85	Pulse	55	3430000	18793	NA
85	Pulse	55	3440000	28793	NA
85	Pulse	55	3450000	38793	NA
86	Pulse	55	3460000	8197	NA
86	Pulse	55	3470000	18197	NA
86	Pulse	55	3480000	28197	NA
86	Pulse	55	3490000	38197	NA
87	Pulse	55	3500000	7600	NA
87	Pulse	55	3510000	17600	NA
87	Pulse	55	3520000	27600	NA
87	Pulse	55	3530000	37600	NA
88	Pulse	55	3540000	7003	NA
88	Pulse	55	3550000	17003	NA
88	Pulse	55	3560000	27003	NA
88	Pulse	55	3570000	37003	NA
89	Pulse	55	3580000	6407	NA
89	Pulse	55	3590000	16407	NA
89	Pulse	55	3600000	26407	NA
89	Pulse	55	3610000	36407	NA
90	Pulse	55	3620000	5810	NA
90	Pulse	55	3630000	15810	NA
90	Pulse	55	3640000	25810	NA
90	Pulse	55	3650000	35810	NA
91	Pulse	55	3660000	5213	NA
91	Pulse	55	3670000	15213	NA
91	Pulse	55	3680000	25213	NA
91	Pulse	55	3690000	35213	NA
92	Pulse	55	3700000	4616	NA
92	Pulse	55	3710000	14616	NA
92	Pulse	55	3720000	24616	NA
92	Pulse	55	3730000	34616	NA
93	Pulse	55	3740000	4020	NA
93	Pulse	55	3750000	14020	NA
93	Pulse	55	3760000	24020	NA
93	Pulse	55	3770000	34020	NA
94	Pulse	55	3780000	3423	NA
94	Pulse	55	3790000	13423	NA
94	Pulse	55	3800000	23423	NA
94	Pulse	55	3810000	33423	NA
95	Pulse	55	3820000	2826	NA
95	Pulse	55	3830000	12826	NA
95	Pulse	55	3840000	22826	NA
95	Pulse	55	3850000	32826	NA
96	Pulse	55	3860000	2230	NA
96	Pulse	55	3870000	12230	NA
96	Pulse	55	3880000	22230	NA
96	Pulse	55	3890000	32230	NA
97	Pulse	55	3900000	1633	NA
97	Pulse	55	3910000	11633	NA
97	Pulse	55	3920000	21633	NA
97	Pulse	55	3930000	31633	NA
98	Pulse	55	3940000	1036	NA
98	Pulse	55	3950000	11036	NA
98	Pulse	55	3960000	21036	NA
98	Pulse	55	3970000	31036	NA
99	Pulse	55	3980000	440	NA
99	Pulse	55	3990000	10440	NA
99	Pulse	55	4000000	20440	NA
99	Pulse	55	4010000	30440	NA
99	Pulse	55	4020000	40440	NA
100	Pulse	55	4030000	9843	NA
100	Pulse	55	4040000	19843	NA
100	Pulse	55	4050000	29843	NA
100	Pulse	55	4060000	39843	NA
101	Pulse	55	4070000	9246	NA
101	Pulse	55	4080000	19246	NA
101	Pulse	55	4090000	29246	NA
101	Pulse	55	4100000	39246	NA
102	Pulse	55	4110000	8649	NA
102	Pulse	55	4120000	18649	NA
102	Pulse	55	4130000	28649	NA
102	Pulse	55	4140000	38649	NA
103	Pulse	55	4150000	8053	NA
103	Pulse	55	4160000	18053	NA
103	Pulse	55	4170000	28053	NA
103	Pulse	55	4180000	38053	NA
104	Pulse	55	4190000	7456	NA
104	Pulse	55	4200000	17456	NA
104	Pulse	55	4210000	27456	NA
104	Pulse	55	4220000	37456	NA
105	Pulse	55	4230000	6943	NA
105	Pulse	55	4240000	16943	NA
105	Pulse	55	4250000	26943	NA
105	Pulse	55	4260000	36943	NA
106	Pulse	55	4270000	6346	NA
106	Pulse	55	4280000	16346	NA
106	Pulse	55	4290000	26346	NA
106	Pulse	55	4300000	36346	NA
107	Pulse	55	4310000	5833	NA
107	Pulse	55	4320000	15833	NA
107	Pulse	55	4330000	25833	NA
107	Pulse	55	4340000	35833	NA
108	Pulse	55	4350000	5319	NA
108	Pulse	55	4360000	15319	NA
108	Pulse	55	4370000	25319	NA
108	Pulse	55	4380000	35319	NA
109	Pulse	55	4390000	4723	NA
109	Pulse	55	4400000	14723	NA
109	Pulse	55	4410000	24723	NA
109	Pulse	55	4420000	34723	NA
110	Pulse	55	4430000	4126	NA
110	Pulse	55	4440000	14126	NA
110	Pulse	55	4450000	24126	NA
110	Pulse	55	4460000	34126	NA
111	Pulse	55	4470000	3529	NA
111	Pulse	55	4480000	13529	NA
111	Pulse	55	4490000	23529	NA
111	Pulse	55	4500000	33529	NA
112	Pulse	55	4510000	2933	NA
112	Pulse	55	4520000	12933	NA
112	Pulse	55	4530000	22933	NA
112	Pulse	55	4540000	32933	NA
113	Pulse	55	4550000	2336	NA
113	Pulse	55	4560000	12336	NA
113	Pulse	55	4570000	22336	NA
113	Pulse	55	4580000	32336	NA
114	Pulse	55	4590000	1739	NA
114	Pulse	55	4600000	11739	NA
114	Pulse	55	4610000	21739	NA
114	Pulse	55	4620000	31739	NA
115	Pulse	55	4630000	1226	NA
115	Pulse	55	4640000	11226	NA
115	Pulse	55	4650000	21226	NA
115	Pulse	55	4660000	31226	NA
116	Pulse	55	4670000	629	NA
116	Pulse	55	4680000	10629	NA
116	Pulse	55	4690000	20629	NA
116	Pulse	55	4700000	30629	NA
117	Pulse	55	4710000	32	NA
117	Pulse	55	4720000	10032	NA
117	Pulse	55	4730000	20032	NA
117	Pulse	55	4740000	30032	NA
117	Pulse	55	4750000	40032	NA
118	Pulse	55	4760000	9519	NA
118	Pulse	55	4770000	19519	NA
118	Pulse	55	4780000	29519	NA
118	Pulse	55	4790000	39519	NA
119	Pulse	55	4800000	9006	NA
119	Pulse	55	4810000	19006	NA
119	Pulse	55	4820000	29006	NA
119	Pulse	55	4830000	39006	NA
120	Pulse	55	4840000	8409	NA
120	Pulse	55	4850000	18409	NA
120	Pulse	55	4860000	28409	NA
120	Pulse	55	4870000	38409	NA
121	Pulse	55	4880000	7896	NA
121	Pulse	55	4890000	17896	NA
121	Pulse	55	4900000	27896	NA
121	Pulse	55	4910000	37896	NA
122	Pulse	55	4920000	7299	NA
122	Pulse	55	4930000	17299	NA
122	Pulse	55	4940000	27299	NA
122	Pulse	55	4950000	37299	NA
123	Pulse	55	4960000	6786	NA
123	Pulse	55	4970000	16786	NA
123	Pulse	55	4980000	26786	NA
123	Pulse	55	4990000	36786	NA
124	Pulse	55	5000000	6272	NA
124	Pulse	55	5010000	16272	NA
124	Pulse	55	5020000	26272	NA
124	Pulse	55	5030000	36272	NA
125	Pulse	55	5040000	5759	NA
125	Pulse	55	5050000	15759	NA
125	Pulse	55	5060000	25759	NA
125	Pulse	55	5070000	35759	NA
126	Pulse	55	5080000	5162	NA
126	Pulse	55	5090000	15162	NA
126	Pulse	55	5100000	25162	NA
126	Pulse	55	5110000	35162	NA
127	Pulse	55	5120000	4566	NA
127	Pulse	55	5130000	14566	NA
127	Pulse	55	5140000	24566	NA
127	Pulse	55	5150000	34566	NA
128	Pulse	55	5160000	3969	NA
128	Pulse	55	5170000	13969	NA
128	Pulse	55	5180000	23969	NA
128	Pulse	55	5190000	33969	NA
129	Pulse	55	5200000	3372	NA
129	Pulse	55	5210000	13372	NA
129	Pulse	55	5220000	23372	NA
129	Pulse	55	5230000	33372	NA
130	Pulse	55	5240000	2775	NA
130	Pulse	55	5250000	12775	NA
130	Pulse	55	5260000	22775	NA
130	Pulse	55	5270000	32775	NA
131	Pulse	55	5280000	2179	NA
131	Pulse	55	5290000	12179	NA
131	Pulse	55	5300000	22179	NA
131	Pulse	55	5310000	32179	NA
132	Pulse	55	5320000	1665	NA
132	Pulse	55	5330000	11665	NA
132	Pulse	55	5340000	21665	NA
132	Pulse	55	5350000	31665	NA
133	Pulse	55	5360000	1069	NA
133	Pulse	55	5370000	11069	NA
133	Pulse	55	5380000	21069	NA
133	Pulse	55	5390000	31069	NA
134	Pulse	55	5400000	472	NA
134	Pulse	55	5410000	10472	NA
134	Pulse	55	5420000	20472	NA
134	Pulse	55	5430000	30472	NA
134	Pulse	55	5440000	40472	NA
135	Pulse	55	5450000	9959	NA
135	Pulse	55	5460000	19959	NA
135	Pulse	55	5470000	29959	NA
135	Pulse	55	5480000	39959	NA
136	Pulse	55	5490000	9362	NA
136	Pulse	55	5500000	19362	NA
136	Pulse	55	5510000	29362	NA
136	Pulse	55	5520000	39362	NA
137	Pulse	55	5530000	8765	NA
137	Pulse	55	5540000	18765	NA
137	Pulse	55	5550000	28765	NA
137	Pulse	55	5560000	38765	NA
138	Pulse	55	5570000	8252	NA
138	Pulse	55	5580000	18252	NA
138	Pulse	55	5590000	28252	NA
138	Pulse	55	5600000	38252	NA
139	Pulse	55	5610000	7655	NA
139	Pulse	55	5620000	17655	NA
139	Pulse	55	5630000	27655	NA
139	Pulse	55	5640000	37655	NA
140	Pulse	55	5650000	7058	NA
140	Pulse	55	5660000	17058	NA
140	Pulse	55	5670000	27058	NA
140	Pulse	55	5680000	37058	NA
141	Pulse	55	5690000	6545	NA
141	Pulse	55	5700000	16545	NA
141	Pulse	55	5710000	26545	NA
141	Pulse	55	5720000	36545	NA
142	Pulse	55	5730000	5948	NA
142	Pulse	55	5740000	15948	NA
142	Pulse	55	5750000	25948	NA
142	Pulse	55	5760000	35948	NA
143	Pulse	55	5770000	5352	NA
143	Pulse	55	5780000	15352	NA
143	Pulse	55	5790000	25352	NA
143	Pulse	55	5800000	35352	NA
144	Pulse	55	5810000	4838	NA
144	Pulse	55	5820000	14838	NA
144	Pulse	55	5830000	24838	NA
144	Pulse	55	5840000	34838	NA
145	Pulse	55	5850000	4325	NA
145	Pulse	55	5860000	14325	NA
145	Pulse	55	5870000	24325	NA
145	Pulse	55	5880000	34325	NA
146	Pulse	55	5890000	3728	NA
146	Pulse	55	5900000	13728	NA
146	Pulse	55	5910000	23728	NA
146	Pulse	55	5920000	33728	NA
147	Pulse	55	5930000	3132	NA
147	Pulse	55	5940000	13132	NA
147	Pulse	55	5950000	23132	NA
147	Pulse	55	5960000	33132	NA
148	Pulse	55	5970000	2535	NA
148	Pulse	55	5980000	12535	NA
148	Pulse	55	5990000	22535	NA
148	Pulse	55	6000000	32535	NA
149	Pulse	55	6010000	1938	NA
149	Pulse	55	6020000	11938	NA
149	Pulse	55	6030000	21938	NA
149	Pulse	55	6040000	31938	NA
150	Pulse	55	6050000	1342	NA
150	Pulse	55	6060000	11342	NA
150	Pulse	55	6070000	21342	NA
150	Pulse	55	6080000	31342	NA
151	Pulse	55	6090000	745	NA
151	Pulse	55	6100000	10745	NA
151	Pulse	55	6110000	20745	NA
151	Pulse	55	6120000	30745	NA
152	Pulse	55	6130000	148	NA
152	Pulse	55	6140000	10148	NA
152	Pulse	55	6150000	20148	NA
152	Pulse	55	6160000	30148	NA
152	Pulse	55	6170000	40148	NA
153	Pulse	55	6180000	9635	NA
153	Pulse	55	6190000	19635	NA
153	Pulse	55	6200000	29635	NA
153	Pulse	55	6210000	39635	NA
154	Pulse	55	6220000	9122	NA
154	Pulse	55	6230000	19122	NA
154	Pulse	55	6240000	29122	NA
154	Pulse	55	6250000	39122	NA
155	Pulse	55	6260000	8692	NA
155	Pulse	55	6270000	18692	NA
155	Pulse	55	6280000	28692	NA
155	Pulse	55	6290000	38692	NA
156	Pulse	55	6300000	8178	NA
156	Pulse	55	6310000	18178	NA
156	Pulse	55	6320000	28178	NA
156	Pulse	55	6330000	38178	NA
157	Pulse	55	6340000	7665	NA
157	Pulse	55	6350000	17665	NA
157	Pulse	55	6360000	27665	NA
157	Pulse	55	6370000	37665	NA
158	Pulse	55	6380000	7152	NA
158	Pulse	55	6390000	17152	NA
158	Pulse	55	6400000	27152	NA
158	Pulse	55	6410000	37152	NA
159	Pulse	55	6420000	6555	NA
159	Pulse	55	6430000	16555	NA
159	Pulse	55	6440000	26555	NA
159	Pulse	55	6450000	36555	NA
160	Pulse	55	6460000	5958	NA
160	Pulse	55	6470000	15958	NA
160	Pulse	55	6480000	25958	NA
160	Pulse	55	6490000	35958	NA
161	Pulse	55	6500000	5361	NA
161	Pulse	55	6510000	15361	NA
161	Pulse	55	6520000	25361	NA
161	Pulse	55	6530000	35361	NA
162	Pulse	55	6540000	4848	NA
162	Pulse	55	6550000	14848	NA
162	Pulse	55	6560000	24848	NA
162	Pulse	55	6570000	34848	NA
163	Pulse	55	6580000	4251	NA
163	Pulse	55	6590000	14251	NA
163	Pulse	55	6600000	24251	NA
163	Pulse	55	6610000	34251	NA
164	Pulse	55	6620000	3655	NA
164	Pulse	55	6630000	13655	NA
164	Pulse	55	6640000	23655	NA
164	Pulse	55	6650000	33655	NA
165	Pulse	55	6660000	3058	NA
165	Pulse	55	6670000	13058	NA
165	Pulse	55	6680000	23058	NA
165	Pulse	55	6690000	33058	NA
166	Pulse	55	6700000	2461	NA
166	Pulse	55	6710000	12461	NA
166	Pulse	55	6720000	22461	NA
166	Pulse	55	6730000	32461	NA
167	Pulse	55	6740000	1865	NA
167	Pulse	55	6750000	11865	NA
167	Pulse	55	6760000	21865	NA
167	Pulse	55	6770000	31865	NA
168	Pulse	55	6780000	1268	NA
168	Pulse	55	6790000	11268	NA
168	Pulse	55	6800000	21268	NA
168	Pulse	55	6810000	31268	NA
169	Pulse	55	6820000	755	NA
169	Pulse	55	6830000	10755	NA
169	Pulse	55	6840000	20755	NA
169	Pulse	55	6850000	30755	NA
170	Pulse	55	6860000	158	NA
170	Pulse	55	6870000	10158	NA
170	Pulse	55	6880000	20158	NA
170	Pulse	55	6890000	30158	NA
170	Pulse	55	6900000	40158	NA
171	Pulse	55	6910000	9644	NA
171	Pulse	55	6920000	19644	NA
171	Pulse	55	6930000	29644	NA
171	Pulse	55	6940000	39644	NA
172	Pulse	55	6950000	9131	NA
172	Pulse	55	6960000	19131	NA
172	Pulse	55	6970000	29131	NA
172	Pulse	55	6980000	39131	NA
173	Pulse	55	6990000	8534	NA
173	Pulse	55	7000000	18534	NA
173	Pulse	55	7010000	28534	NA
173	Pulse	55	7020000	38534	NA
174	Pulse	55	7030000	8104	NA
174	Pulse	55	7040000	18104	NA
174	Pulse	55	7050000	28104	NA
174	Pulse	55	7060000	38104	NA
175	Pulse	55	7070000	7591	NA
175	Pulse	55	7080000	17591	NA
175	Pulse	55	7090000	27591	NA
175	Pulse	55	7100000	37591	NA
176	Pulse	55	7110000	6994	NA
176	Pulse	55	7120000	16994	NA
176	Pulse	55	7130000	26994	NA
176	Pulse	55	7140000	36994	NA
177	Pulse	55	7150000	6481	NA
177	Pulse	55	7160000	16481	NA
177	Pulse	55	7170000	26481	NA
177	Pulse	55	7180000	36481	NA
178	Pulse	55	7190000	5968	NA
178	Pulse	55	7200000	15968	NA
178	Pulse	55	7210000	25968	NA
178	Pulse	55	7220000	35968	NA
179	Pulse	55	7230000	5454	NA
179	Pulse	55	7240000	15454	NA
179	Pulse	55	7250000	25454	NA
179	Pulse	55	7260000	35454	NA
180	Pulse	55	7270000	4858	NA
180	Pulse	55	7280000	14858	NA
180	Pulse	55	7290000	24858	NA
180	Pulse	55	7300000	34858	NA
181	Pulse	55	7310000	4261	NA
181	Pulse	55	7320000	14261	NA
181	Pulse	55	7330000	24261	NA
181	Pulse	55	7340000	34261	NA
182	Pulse	55	7350000	3664	NA
182	Pulse	55	7360000	13664	NA
182	Pulse	55	7370000	23664	NA
182	Pulse	55	7380000	33664	NA
183	Pulse	55	7390000	3068	NA
183	Pulse	55	7400000	13068	NA
183	Pulse	55	7410000	23068	NA
183	Pulse	55	7420000	33068	NA
184	Pulse	55	7430000	2471	NA
184	Pulse	55	7440000	12471	NA
184	Pulse	55	7450000	22471	NA
184	Pulse	55	7460000	32471	NA
185	Pulse	55	7470000	1958	NA
185	Pulse	55	7480000	11958	NA
185	Pulse	55	7490000	21958	NA
185	Pulse	55	7500000	31958	NA
186	Pulse	55	7510000	1361	NA
186	Pulse	55	7520000	11361	NA
186	Pulse	55	7530000	21361	NA
186	Pulse	55	7540000	31361	NA
187	Pulse	55	7550000	764	NA
187	Pulse	55	7560000	10764	NA
187	Pulse	55	7570000	20764	NA
187	Pulse	55	7580000	30764	NA
188	Pulse	55	7590000	167	NA
188	Pulse	55	7600000	10167	NA
188	Pulse	55	7610000	20167	NA
188	Pulse	55	7620000	30167	NA
188	Pulse	55	7630000	40167	NA
189	Pulse	55	7640000	9571	NA
189	Pulse	55	7650000	19571	NA
189	Pulse	55	7660000	29571	NA
189	Pulse	55	7670000	39571	NA
190	Pulse	55	7680000	8974	NA
190	Pulse	55	7690000	18974	NA
190	Pulse	55	7700000	28974	NA
190	Pulse	55	7710000	38974	NA
191	Pulse	55	7720000	8377	NA
191	Pulse	55	7730000	18377	NA
191	Pulse	55	7740000	28377	NA
191	Pulse	55	7750000	38377	NA
192	Pulse	55	7760000	7781	NA
192	Pulse	55	7770000	17781	NA
192	Pulse	55	7780000	27781	NA
192	Pulse	55	7790000	37781	NA
193	Pulse	55	7800000	7184	NA
193	Pulse	55	7810000	17184	NA
193	Pulse	55	7820000	27184	NA
193	Pulse	55	7830000	37184	NA
194	Pulse	55	7840000	6587	NA
194	Pulse	55	7850000	16587	NA
194	Pulse	55	7860000	26587	NA
194	Pulse	55	7870000	36587	NA
195	Pulse	55	7880000	5991	NA
195	Pulse	55	7890000	15991	NA
195	Pulse	55	7900000	25991	NA
195	Pulse	55	7910000	35991	NA
196	Pulse	55	7920000	5394	NA
196	Pulse	55	7930000	15394	NA
196	Pulse	55	7940000	25394	NA
196	Pulse	55	7950000	35394	NA
197	Pulse	55	7960000	4881	NA
197	Pulse	55	7970000	14881	NA
197	Pulse	55	7980000	24881	NA
197	Pulse	55	7990000	34881	NA
198	Pulse	55	8000000	4367	NA
198	Pulse	55	8010000	14367	NA
198	Pulse	55	8020000	24367	NA
198	Pulse	55	8030000	34367	NA
199	Pulse	55	8040000	3770	NA
199	Pulse	55	8050000	13770	NA
199	Pulse	55	8060000	23770	NA
199	Pulse	55	8070000	33770	NA
200	Pulse	55	8080000	3174	NA
200	Pulse	55	8090000	13174	NA
200	Pulse	55	8100000	23174	NA
200	Pulse	55	8110000	33174	NA
201	Pulse	55	8120000	2744	NA
201	Pulse	55	8130000	12744	NA
201	Pulse	55	8140000	22744	NA
201	Pulse	55	8150000	32744	NA
202	Pulse	55	8160000	2230	NA
202	Pulse	55	8170000	12230	NA
202	Pulse	55	8180000	22230	NA
202	Pulse	55	8190000	32230	NA
203	Pulse	55	8200000	1717	NA
203	Pulse	55	8210000	11717	NA
203	Pulse	55	8220000	21717	NA
203	Pulse	55	8230000	31717	NA
204	Pulse	55	8240000	1120	NA
204	Pulse	55	8250000	11120	NA
204	Pulse	55	8260000	21120	NA
204	Pulse	55	8270000	31120	NA
205	Pulse	55	8280000	607	NA
205	Pulse	55	8290000	10607	NA
205	Pulse	55	8300000	20607	NA
205	Pulse	55	8310000	30607	NA
206	Pulse	55	8320000	10	NA
206	Pulse	55	8330000	10010	NA
206	Pulse	55	8340000	20010	NA
206	Pulse	55	8350000	30010	NA
206	Pulse	55	8360000	40010	NA
207	Pulse	55	8370000	9497	NA
207	Pulse	55	8380000	19497	NA
207	Pulse	55	8390000	29497	NA
207	Pulse	55	8400000	39497	NA
208	Pulse	55	8410000	8984	NA
208	Pulse	55	8420000	18984	NA
208	Pulse	55	8430000	28984	NA
208	Pulse	55	8440000	38984	NA
209	Pulse	55	8450000	8470	NA
209	Pulse	55	8460000	18470	NA
209	Pulse	55	8470000	28470	NA
209	Pulse	55	8480000	38470	NA
210	Pulse	55	8490000	7957	NA
210	Pulse	55	8500000	17957	NA
210	Pulse	55	8510000	27957	NA
210	Pulse	55	8520000	37957	NA
211	Pulse	55	8530000	7527	NA
211	Pulse	55	8540000	17527	NA
211	Pulse	55	8550000	27527	NA
211	Pulse	55	8560000	37527	NA
212	Pulse	55	8570000	7014	NA
212	Pulse	55	8580000	17014	NA
212	Pulse	55	8590000	27014	NA
212	Pulse	55	8600000	37014	NA
213	Pulse	55	8610000	6500	NA
213	Pulse	55	8620000	16500	NA
213	Pulse	55	8630000	26500	NA
213	Pulse	55	8640000	36500	NA
214	Pulse	55	8650000	5987	NA
214	Pulse	55	8660000	15987	NA
214	Pulse	55	8670000	25987	NA
214	Pulse	55	8680000	35987	NA
215	Pulse	55	8690000	5390	NA
215	Pulse	55	8700000	15390	NA
215	Pulse	55	8710000	25390	NA
215	Pulse	55	8720000	35390	NA
216	Pulse	55	8730000	4877	NA
216	Pulse	55	8740000	14877	NA
216	Pulse	55	8750000	24877	NA
216	Pulse	55	8760000	34877	NA
217	Pulse	55	8770000	4530	NA
217	Pulse	55	8780000	14530	NA
217	Pulse	55	8790000	24530	NA
217	Pulse	55	8800000	34530	NA
218	Pulse	55	8810000	4017	NA
218	Pulse	55	8820000	14017	NA
218	Pulse	55	8830000	24017	NA
218	Pulse	55	8840000	34017	NA
219	Pulse	55	8850000	3504	NA
219	Pulse	55	8860000	13504	NA
219	Pulse	55	8870000	23504	NA
219	Pulse	55	8880000	33504	NA
220	Pulse	55	8890000	2907	NA
220	Pulse	55	8900000	12907	NA
220	Pulse	55	8910000	22907	NA
220	Pulse	55	8920000	32907	NA
221	Pulse	55	8930000	2310	NA
221	Pulse	55	8940000	12310	NA
221	Pulse	55	8950000	22310	NA
221	Pulse	55	8960000	32310	NA
222	Pulse	55	8970000	1880	NA
222	Pulse	55	8980000	11880	NA
222	Pulse	55	8990000	21880	NA
222	Pulse	55	9000000	31880	NA
223	Pulse	55	9010000	1367	NA
223	Pulse	55	9020000	11367	NA
223	Pulse	55	9030000	21367	NA
223	Pulse	55	9040000	31367	NA
224	Pulse	55	9050000	770	NA
224	Pulse	55	9060000	10770	NA
224	Pulse	55	9070000	20770	NA
224	Pulse	55	9080000	30770	NA
225	Pulse	55	9090000	340	NA
225	Pulse	55	9100000	10340	NA
225	Pulse	55	9110000	20340	NA
225	Pulse	55	9120000	30340	NA
225	Pulse	55	9130000	40340	NA
226	Pulse	55	9140000	9827	NA
226	Pulse	55	9150000	19827	NA
226	Pulse	55	9160000	29827	NA
226	Pulse	55	9170000	39827	NA
227	Pulse	55	9180000	9314	NA
227	Pulse	55	9190000	19314	NA
227	Pulse	55	9200000	29314	NA
227	Pulse	55	9210000	39314	NA
228	Pulse	55	9220000	8800	NA
228	Pulse	55	9230000	18800	NA
228	Pulse	55	9240000	28800	NA
228	Pulse	55	9250000	38800	NA
229	Pulse	55	9260000	8204	NA
229	Pulse	55	9270000	18204	NA
229	Pulse	55	9280000	28204	NA
229	Pulse	55	9290000	38204	NA
230	Pulse	55	9300000	7690	NA
230	Pulse	55	9310000	17690	NA
230	Pulse	55	9320000	27690	NA
230	Pulse	55	9330000	37690	NA
231	Pulse	55	9340000	7177	NA
231	Pulse	55	9350000	17177	NA
231	Pulse	55	9360000	27177	NA
231	Pulse	55	9370000	37177	NA
232	Pulse	55	9380000	6580	NA
232	Pulse	55	9390000	16580	NA
232	Pulse	55	9400000	26580	NA
232	Pulse	55	9410000	36580	NA
233	Pulse	55	9420000	5983	NA
233	Pulse	55	9430000	15983	NA
233	Pulse	55	9440000	25983	NA
233	Pulse	55	9450000	35983	NA
234	Pulse	55	9460000	5387	NA
234	Pulse	55	9470000	15387	NA
234	Pulse	55	9480000	25387	NA
234	Pulse	55	9490000	35387	NA
235	Pulse	55	9500000	4790	NA
235	Pulse	55	9510000	14790	NA
235	Pulse	55	9520000	24790	NA
235	Pulse	55	9530000	34790	NA
236	Pulse	55	9540000	4193	NA
236	Pulse	55	9550000	14193	NA
236	Pulse	55	9560000	24193	NA
236	Pulse	55	9570000	34193	NA
237	Pulse	55	9580000	3597	NA
237	Pulse	55	9590000	13597	NA
237	Pulse	55	9600000	23597	NA
237	Pulse	55	9610000	33597	NA
238	Pulse	55	9620000	3083	NA
238	Pulse	55	9630000	13083	NA
238	Pulse	55	9640000	23083	NA
238	Pulse	55	9650000	33083	NA
239	Pulse	55	9660000	2570	NA
239	Pulse	55	9670000	12570	NA
239	Pulse	55	9680000	22570	NA
239	Pulse	55	9690000	32570	NA
240	Pulse	55	9700000	1973	NA
240	Pulse	55	9710000	11973	NA
240	Pulse	55	9720000	21973	NA
240	Pulse	55	9730000	31973	NA
241	Pulse	55	9740000	1460	NA
241	Pulse	55	9750000	11460	NA
241	Pulse	55	9760000	21460	NA
241	Pulse	55	9770000	31460	NA
242	Pulse	55	9780000	863	NA
242	Pulse	55	9790000	10863	NA
242	Pulse	55	9800000	20863	NA
242	Pulse	55	9810000	30863	NA
243	Pulse	55	9820000	267	NA
243	Pulse	55	9830000	10267	NA
243	Pulse	55	9840000	20267	NA
243	Pulse	55	9850000	30267	NA
243	Pulse	55	9860000	40267	NA
244	Pulse	55	9870000	9670	NA
244	Pulse	55	9880000	19670	NA
244	Pulse	55	9890000	29670	NA
244	Pulse	55	9900000	39670	NA
245	Pulse	55	9910000	9157	NA
245	Pulse	55	9920000	19157	NA
245	Pulse	55	9930000	29157	NA
245	Pulse	55	9940000	39157	NA
246	Pulse	55	9950000	8560	NA
246	Pulse	55	9960000	18560	NA
246	Pulse	55	9970000	28560	NA
246	Pulse	55	9980000	38560	NA
247	Pulse	55	9990000	7963	NA
247	Pulse	55	10000000	17963	NA
247	Pulse	55	10010000	27963	NA
247	Pulse	55	10020000	37963	NA
248	Pulse	55	10030000	7366	NA
248	Pulse	55	10040000	17366	NA
248	Pulse	55	10050000	27366	NA
248	Pulse	55	10060000	37366	NA
249	Pulse	55	10070000	6770	NA
249	Pulse	55	10080000	16770	NA
249	Pulse	55	10090000	26770	NA
249	Pulse	55	10100000	36770	NA
250	Pulse	55	10110000	6173	NA
250	Pulse	55	10120000	16173	NA
250	Pulse	55	10130000	26173	NA
250	Pulse	55	10140000	36173	NA
251	Pulse	55	10150000	5576	NA
251	Pulse	55	10160000	15576	NA
251	Pulse	55	10170000	25576	NA
251	Pulse	55	10180000	35576	NA
252	Pulse	55	10190000	4980	NA
252	Pulse	55	10200000	14980	NA
252	Pulse	55	10210000	24980	NA
252	Pulse	55	10220000	34980	NA
253	Pulse	55	10230000	4383	NA
253	Pulse	55	10240000	14383	NA
253	Pulse	55	10250000	24383	NA
253	Pulse	55	10260000	34383	NA
254	Pulse	55	10270000	3786	NA
254	Pulse	55	10280000	13786	NA
254	Pulse	55	10290000	23786	NA
254	Pulse	55	10300000	33786	NA
255	Pulse	55	10310000	3356	NA
255	Pulse	55	10320000	13356	NA
255	Pulse	55	10330000	23356	NA
255	Pulse	55	10340000	33356	NA
256	Pulse	55	10350000	2843	NA
256	Pulse	55	10360000	12843	NA
256	Pulse	55	10370000	22843	NA
256	Pulse	55	10380000	32843	NA
257	Pulse	55	10390000	2330	NA
257	Pulse	55	10400000	12330	NA
257	Pulse	55	10410000	22330	NA
257	Pulse	55	10420000	32330	NA
258	Pulse	55	10430000	1733	NA
258	Pulse	55	10440000	11733	NA
258	Pulse	55	10450000	21733	NA
258	Pulse	55	10460000	31733	NA
259	Pulse	55	10470000	1136	NA
259	Pulse	55	10480000	11136	NA
259	Pulse	55	10490000	21136	NA
259	Pulse	55	10500000	31136	NA
260	Pulse	55	10510000	539	NA
260	Pulse	55	10520000	10539	NA
260	Pulse	55	10530000	20539	NA
260	Pulse	55	10540000	30539	NA
260	Pulse	55	10550000	40539	NA
261	Pulse	55	10560000	9943	NA
261	Pulse	55	10570000	19943	NA
261	Pulse	55	10580000	29943	NA
261	Pulse	55	10590000	39943	NA
262	Pulse	55	10600000	9429	NA
262	Pulse	55	10610000	19429	NA
262	Pulse	55	10620000	29429	NA
262	Pulse	55	10630000	39429	NA
263	Pulse	55	10640000	8916	NA
263	Pulse	55	10650000	18916	NA
263	Pulse	55	10660000	28916	NA
263	Pulse	55	10670000	38916	NA
264	Pulse	55	10680000	8319	NA
264	Pulse	55	10690000	18319	NA
264	Pulse	55	10700000	28319	NA
264	Pulse	55	10710000	38319	NA
265	Pulse	55	10720000	7723	NA
265	Pulse	55	10730000	17723	NA
265	Pulse	55	10740000	27723	NA
265	Pulse	55	10750000	37723	NA
266	Pulse	55	10760000	7126	NA
266	Pulse	55	10770000	17126	NA
266	Pulse	55	10780000	27126	NA
266	Pulse	55	10790000	37126	NA
267	Pulse	55	10800000	6529	NA
267	Pulse	55	10810000	16529	NA
267	Pulse	55	10820000	26529	NA
267	Pulse	55	10830000	36529	NA
268	Pulse	55	10840000	5933	NA
268	Pulse	55	10850000	15933	NA
268	Pulse	55	10860000	25933	NA
268	Pulse	55	10870000	35933	NA
269	Pulse	55	10880000	5336	NA
269	Pulse	55	10890000	15336	NA
269	Pulse	55	10900000	25336	NA
269	Pulse	55	10910000	35336	NA
270	Pulse	55	10920000	4739	NA
270	Pulse	55	10930000	14739	NA
270	Pulse	55	10940000	24739	NA
270	Pulse	55	10950000	34739	NA
271	Pulse	55	10960000	4143	NA
271	Pulse	55	10970000	14143	NA
271	Pulse	55	10980000	24143	NA
271	Pulse	55	10990000	34143	NA
272	Pulse	55	11000000	3629	NA
272	Pulse	55	11010000	13629	NA
272	Pulse	55	11020000	23629	NA
272	Pulse	55	11030000	33629	NA
273	Pulse	55	11040000	3032	NA
273	Pulse	55	11050000	13032	NA
273	Pulse	55	11060000	23032	NA
273	Pulse	55	11070000	33032	NA
274	Pulse	55	11080000	2436	NA
274	Pulse	55	11090000	12436	NA
274	Pulse	55	11100000	22436	NA
274	Pulse	55	11110000	32436	NA
275	Pulse	55	11120000	1839	NA
275	Pulse	55	11130000	11839	NA
275	Pulse	55	11140000	21839	NA
275	Pulse	55	11150000	31839	NA
276	Pulse	55	11160000	1242	NA
276	Pulse	55	11170000	11242	NA
276	Pulse	55	11180000	21242	NA
276	Pulse	55	11190000	31242	NA
277	Pulse	55	11200000	646	NA
277	Pulse	55	11210000	10646	NA
277	Pulse	55	11220000	20646	NA
277	Pulse	55	11230000	30646	NA
278	Pulse	55	11240000	49	NA
278	Pulse	55	11250000	10049	NA
278	Pulse	55	11260000	20049	NA
278	Pulse	55	11270000	30049	NA
278	Pulse	55	11280000	40049	NA
279	Pulse	55	11290000	9452	NA
279	Pulse	55	11300000	19452	NA
279	Pulse	55	11310000	29452	NA
279	Pulse	55	11320000	39452	NA
280	Pulse	55	11330000	8856	NA
280	Pulse	55	11340000	18856	NA
280	Pulse	55	11350000	28856	NA
280	Pulse	55	11360000	38856	NA
281	Pulse	55	11370000	8259	NA
281	Pulse	55	11380000	18259	NA
281	Pulse	55	11390000	28259	NA
281	Pulse	55	11400000	38259	NA
282	Pulse	55	11410000	7662	NA
282	Pulse	55	11420000	17662	NA
282	Pulse	55	11430000	27662	NA
282	Pulse	55	11440000	37662	NA
283	Pulse	55	11450000	6899	NA
283	Pulse	55	11460000	16899	NA
283	Pulse	55	11470000	26899	NA
283	Pulse	55	11480000	36899	NA
284	Pulse	55	11490000	6302	NA
284	Pulse	55	11500000	16302	NA
284	Pulse	55	11510000	26302	NA
284	Pulse	55	11520000	36302	NA
285	Pulse	55	11530000	5705	NA
285	Pulse	55	11540000	15705	NA
285	Pulse	55	11550000	25705	NA
285	Pulse	55	11560000	35705	NA
286	Pulse	55	11570000	5109	NA
286	Pulse	55	11580000	15109	NA
286	Pulse	55	11590000	25109	NA
286	Pulse	55	11600000	35109	NA
287	Pulse	55	11610000	4429	NA
287	Pulse	55	11620000	14429	NA
287	Pulse	55	11630000	24429	NA
287	Pulse	55	11640000	34429	NA
288	Pulse	55	11650000	3832	NA
288	Pulse	55	11660000	13832	NA
288	Pulse	55	11670000	23832	NA
288	Pulse	55	11680000	33832	NA
289	Pulse	55	11690000	3235	NA
289	Pulse	55	11700000	13235	NA
289	Pulse	55	11710000	23235	NA
289	Pulse	55	11720000	33235	NA
290	Pulse	55	11730000	2638	NA
290	Pulse	55	11740000	12638	NA
290	Pulse	55	11750000	22638	NA
290	Pulse	55	11760000	32638	NA
291	Pulse	55	11770000	1958	NA
291	Pulse	55	11780000	11958	NA
291	Pulse	55	11790000	21958	NA
291	Pulse	55	11800000	31958	NA
292	Pulse	55	11810000	1362	NA
292	Pulse	55	11820000	11362	NA
292	Pulse	55	11830000	21362	NA
292	Pulse	55	11840000	31362	NA
293	Pulse	55	11850000	765	NA
293	Pulse	55	11860000	10765	NA
293	Pulse	55	11870000	20765	NA
293	Pulse	55	11880000	30765	NA
294	Pulse	55	11890000	85	NA
294	Pulse	55	11900000	10085	NA
294	Pulse	55	11910000	20085	NA
294	Pulse	55	11920000	30085	NA
294	Pulse	55	11930000	40085	NA
295	Pulse	55	11940000	9488	NA
295	Pulse	55	11950000	19488	NA
295	Pulse	55	11960000	29488	NA
295	Pulse	55	11970000	39488	NA
296	Pulse	55	11980000	8892	NA
296	Pulse	55	11990000	18892	NA
296	Pulse	55	12000000	28892	NA
296	Pulse	55	12010000	38892	NA
297	Pulse	55	12020000	8295	NA
297	Pulse	55	12030000	18295	NA
297	Pulse	55	12040000	28295	NA
297	Pulse	55	12050000	38295	NA
298	Pulse	55	12060000	7615	NA
298	Pulse	55	12070000	17615	NA
298	Pulse	55	12080000	27615	NA
298	Pulse	55	12090000	37615	NA
299	Pulse	55	12100000	7018	NA
299	Pulse	55	12110000	17018	NA
299	Pulse	55	12120000	27018	NA
299	Pulse	55	12130000	37018	NA
300	Pulse	55	12140000	6421	NA
300	Pulse	55	12150000	16421	NA
300	Pulse	55	12160000	26421	NA
300	Pulse	55	12170000	36421	NA
301	Pulse	55	12180000	5741	NA
301	Pulse	55	12190000	15741	NA
301	Pulse	55	12200000	25741	NA
301	Pulse	55	12210000	35741	NA
302	Pulse	55	12220000	5145	NA
302	Pulse	55	12230000	15145	NA
302	Pulse	55	12240000	25145	NA
302	Pulse	55	12250000	35145	NA
303	Pulse	55	12260000	4548	NA
303	Pulse	55	12270000	14548	NA
303	Pulse	55	12280000	24548	NA
303	Pulse	55	12290000	34548	NA
304	Pulse	55	12300000	3951	NA
304	Pulse	55	12310000	13951	NA
304	Pulse	55	12320000	23951	NA
304	Pulse	55	12330000	33951	NA
305	Pulse	55	12340000	3355	NA
305	Pulse	55	12350000	13355	NA
305	Pulse	55	12360000	23355	NA
305	Pulse	55	12370000	33355	NA
306	Pulse	55	12380000	2758	NA
306	Pulse	55	12390000	12758	NA
306	Pulse	55	12400000	22758	NA
306	Pulse	55	12410000	32758	NA
307	Pulse	55	12420000	2161	NA
307	Pulse	55	12430000	12161	NA
307	Pulse	55	12440000	22161	NA
307	Pulse	55	12450000	32161	NA
308	Pulse	55	12460000	1481	NA
308	Pulse	55	12470000	11481	NA
308	Pulse	55	12480000	21481	NA
308	Pulse	55	12490000	31481	NA
309	Pulse	55	12500000	884	NA
309	Pulse	55	12510000	10884	NA
309	Pulse	55	12520000	20884	NA
309	Pulse	55	12530000	30884	NA
310	Pulse	55	12540000	204	NA
310	Pulse	55	12550000	10204	NA
310	Pulse	55	12560000	20204	NA
310	Pulse	55	12570000	30204	NA
310	Pulse	55	12580000	40204	NA
311	Pulse	55	12590000	9608	NA
311	Pulse	55	12600000	19608	NA
311	Pulse	55	12610000	29608	NA
311	Pulse	55	12620000	39608	NA
312	Pulse	55	12630000	8928	NA
312	Pulse	55	12640000	18928	NA
312	Pulse	55	12650000	28928	NA
312	Pulse	55	12660000	38928	NA
313	Pulse	55	12670000	8331	NA
313	Pulse	55	12680000	18331	NA
313	Pulse	55	12690000	28331	NA
313	Pulse	55	12700000	38331	NA
314	Pulse	55	12710000	7734	NA
314	Pulse	55	12720000	17734	NA
314	Pulse	55	12730000	27734	NA
314	Pulse	55	12740000	37734	NA
315	Pulse	55	12750000	7137	NA
315	Pulse	55	12760000	17137	NA
315	Pulse	55	12770000	27137	NA
315	Pulse	55	12780000	37137	NA
316	Pulse	55	12790000	6541	NA
316	Pulse	55	12800000	16541	NA
316	Pulse	55	12810000	26541	NA
316	Pulse	55	12820000	36541	NA
317	Pulse	55	12830000	5944	NA
317	Pulse	55	12840000	15944	NA
317	Pulse	55	12850000	25944	NA
317	Pulse	55	12860000	35944	NA
318	Pulse	55	12870000	5181	NA
318	Pulse	55	12880000	15181	NA
318	Pulse	55	12890000	25181	NA
318	Pulse	55	12900000	35181	NA
319	Response	1	12905856	440	1
319	Pulse	55	12910000	4584	NA
319	Pulse	55	12920000	14584	NA
319	Pulse	55	12930000	24584	NA
319	Pulse	55	12940000	34584	NA
320	Pulse	55	12950000	4487	NA
320	Pulse	55	12960000	14487	NA
321	Pulse	55	12970000	4397	NA
321	Pulse	55	12980000	14397	NA
321	Pulse	55	12990000	24397	NA
321	Pulse	55	13000000	34397	NA
321	Pulse	55	13010000	44397	NA
321	Pulse	55	13020000	54397	NA
321	Pulse	55	13030000	64397	NA
321	Pulse	55	13040000	74397	NA
321	Pulse	55	13050000	84397	NA
321	Pulse	55	13060000	94397	NA
321	Pulse	55	13070000	104397	NA
321	Pulse	55	13080000	114397	NA
321	Pulse	55	13090000	124397	NA
321	Pulse	55	13100000	134397	NA
321	Pulse	55	13110000	144397	NA
321	Pulse	55	13120000	154397	NA
321	Pulse	55	13130000	164397	NA
321	Pulse	55	13140000	174397	NA
321	Pulse	55	13150000	184397	NA
321	Pulse	55	13160000	194397	NA
321	Pulse	55	13170000	204397	NA
321	Pulse	55	13180000	214397	NA
321	Pulse	55	13190000	224397	NA
321	Pulse	55	13200000	234397	NA
321	Pulse	55	13210000	244397	NA
321	Pulse	55	13220000	254397	NA
321	Pulse	55	13230000	264397	NA
321	Pulse	55	13240000	274397	NA
321	Pulse	55	13250000	284397	NA
321	Pulse	55	13260000	294397	NA
321	Pulse	55	13270000	304397	NA
321	Pulse	55	13280000	314397	NA
321	Pulse	55	13290000	324397	NA
321	Pulse	55	13300000	334397	NA
321	Response	1	13306255	340652	1
321	Pulse	55	13310000	344397	NA
321	Pulse	55	13320000	354397	NA
322	Pulse	55	13330000	9947	NA
322	Pulse	55	13340000	19947	NA
322	Pulse	55	13350000	29947	NA
322	Pulse	55	13360000	39947	NA
322	Pulse	55	13370000	49947	NA
322	Pulse	55	13380000	59947	NA
322	Pulse	55	13390000	69947	NA
322	Pulse	55	13400000	79947	NA
322	Pulse	55	13410000	89947	NA
322	Pulse	55	13420000	99947	NA
322	Pulse	55	13430000	109947	NA
322	Pulse	55	13440000	119947	NA
322	Pulse	55	13450000	129947	NA
322	Pulse	55	13460000	139947	NA
322	Pulse	55	13470000	149947	NA
322	Pulse	55	13480000	159947	NA
322	Pulse	55	13490000	169947	NA
322	Pulse	55	13500000	179947	NA
322	Pulse	55	13510000	189947	NA
322	Pulse	55	13520000	199947	NA
322	Pulse	55	13530000	209947	NA
322	Pulse	55	13540000	219947	NA
322	Pulse	55	13550000	229947	NA
322	Pulse	55	13560000	239947	NA
322	Pulse	55	13570000	249947	NA
322	Pulse	55	13580000	259947	NA
322	Pulse	55	13590000	269947	NA
322	Pulse	55	13600000	279947	NA
322	Pulse	55	13610000	289947	NA
322	Pulse	55	13620000	299947	NA
322	Pulse	55	13630000	309947	NA
322	Pulse	55	13640000	319947	NA
322	Pulse	55	13650000	329947	NA
322	Pulse	55	13660000	339947	NA
322	Pulse	55	13670000	349947	NA
322	Pulse	55	13680000	359947	NA
322	Pulse	55	13690000	369947	NA
322	Pulse	55	13700000	379947	NA
322	Pulse	55	13710000	389947	NA
322	Pulse	55	13720000	399947	NA
322	Pulse	55	13730000	409947	NA
322	Pulse	55	13740000	419947	NA
322	Pulse	55	13750000	429947	NA
322	Pulse	55	13760000	439947	NA
322	Pulse	55	13770000	449947	NA
322	Pulse	55	13780000	459947	NA
322	Pulse	55	13790000	469947	NA
322	Pulse	55	13800000	479947	NA
322	Pulse	55	13810000	489947	NA
322	Pulse	55	13820000	499947	NA
322	Pulse	55	13830000	509947	NA
322	Pulse	55	13840000	519947	NA
322	Pulse	55	13850000	529947	NA
322	Pulse	55	13860000	539947	NA
322	Pulse	55	13870000	549947	NA
322	Pulse	55	13880000	559947	NA
322	Pulse	55	13890000	569947	NA
322	Pulse	55	13900000	579947	NA
322	Pulse	55	13910000	589947	NA
322	Pulse	55	13920000	599947	NA
322	Pulse	55	13930000	609947	NA
322	Pulse	55	13940000	619947	NA
322	Pulse	55	13950000	629947	NA
322	Pulse	55	13960000	639947	NA
322	Pulse	55	13970000	649947	NA
322	Pulse	55	13980000	659947	NA
322	Pulse	55	13990000	669947	NA
322	Pulse	55	14000000	679947	NA
322	Pulse	55	14010000	689947	NA
322	Pulse	55	14020000	699947	NA
322	Pulse	55	14030000	709947	NA
322	Pulse	55	14040000	719947	NA
322	Pulse	55	14050000	729947	NA
322	Pulse	55	14060000	739947	NA
322	Pulse	55	14070000	749947	NA
322	Pulse	55	14080000	759947	NA
322	Pulse	55	14090000	769947	NA
322	Pulse	55	14100000	779947	NA
322	Pulse	55	14110000	789947	NA
322	Pulse	55	14120000	799947	NA
322	Pulse	55	14130000	809947	NA
322	Pulse	55	14140000	819947	NA
322	Pulse	55	14150000	829947	NA
322	Pulse	55	14160000	839947	NA
322	Pulse	55	14170000	849947	NA
322	Pulse	55	14180000	859947	NA
322	Pulse	55	14190000	869947	NA
322	Pulse	55	14200000	879947	NA
322	Pulse	55	14210000	889947	NA
322	Pulse	55	14220000	899947	NA
322	Pulse	55	14230000	909947	NA
322	Pulse	55	14240000	919947	NA
322	Pulse	55	14250000	929947	NA
322	Pulse	55	14260000	939947	NA
322	Pulse	55	14270000	949947	NA
322	Pulse	55	14280000	959947	NA
322	Pulse	55	14290000	969947	NA
322	Pulse	55	14300000	979947	NA
322	Pulse	55	14310000	989947	NA
322	Pulse	55	14320000	999947	NA
322	Pulse	55	14330000	1009947	NA
322	Pulse	55	14340000	1019947	NA
322	Pulse	55	14350000	1029947	NA
322	Pulse	55	14360000	1039947	NA
322	Pulse	55	14370000	1049947	NA
322	Pulse	55	14380000	1059947	NA
322	Pulse	55	14390000	1069947	NA
322	Pulse	55	14400000	1079947	NA
322	Pulse	55	14410000	1089947	NA
322	Pulse	55	14420000	1099947	NA
322	Pulse	55	14430000	1109947	NA
322	Pulse	55	14440000	1119947	NA
322	Pulse	55	14450000	1129947	NA
322	Pulse	55	14460000	1139947	NA
322	Pulse	55	14470000	1149947	NA
322	Pulse	55	14480000	1159947	NA
322	Pulse	55	14490000	1169947	NA
322	Pulse	55	14500000	1179947	NA
322	Pulse	55	14510000	1189947	NA
322	Pulse	55	14520000	1199947	NA
322	Pulse	55	14530000	1209947	NA
322	Pulse	55	14540000	1219947	NA
322	Pulse	55	14550000	1229947	NA
322	Pulse	55	14560000	1239947	NA
322	Pulse	55	14570000	1249947	NA
322	Pulse	55	14580000	1259947	NA
322	Pulse	55	14590000	1269947	NA
322	Pulse	55	14600000	1279947	NA
322	Pulse	55	14610000	1289947	NA
322	Pulse	55	14620000	1299947	NA
322	Pulse	55	14630000	1309947	NA
322	Pulse	55	14640000	1319947	NA
322	Pulse	55	14650000	1329947	NA
322	Pulse	55	14660000	1339947	NA
322	Pulse	55	14670000	1349947	NA
322	Pulse	55	14680000	1359947	NA
322	Pulse	55	14690000	1369947	NA
322	Pulse	55	14700000	1379947	NA
322	Pulse	55	14710000	1389947	NA
322	Pulse	55	14720000	1399947	NA
322	Pulse	55	14730000	1409947	NA
322	Pulse	55	14740000	1419947	NA
322	Pulse	55	14750000	1429947	NA
322	Pulse	55	14760000	1439947	NA
322	Pulse	55	14770000	1449947	NA
322	Pulse	55	14780000	1459947	NA
322	Pulse	55	14790000	1469947	NA
322	Pulse	55	14800000	1479947	NA
322	Pulse	55	14810000	1489947	NA
322	Pulse	55	14820000	1499947	NA
322	Pulse	55	14830000	1509947	NA
322	Pulse	55	14840000	1519947	NA
322	Pulse	55	14850000	1529947	NA
322	Pulse	55	14860000	1539947	NA
322	Pulse	55	14870000	1549947	NA
322	Pulse	55	14880000	1559947	NA
322	Pulse	55	14890000	1569947	NA
322	Pulse	55	14900000	1579947	NA
322	Pulse	55	14910000	1589947	NA
322	Pulse	55	14920000	1599947	NA
322	Pulse	55	14930000	1609947	NA
322	Pulse	55	14940000	1619947	NA
322	Pulse	55	14950000	1629947	NA
322	Pulse	55	14960000	1639947	NA
322	Pulse	55	14970000	1649947	NA
322	Pulse	55	14980000	1659947	NA
322	Pulse	55	14990000	1669947	NA
322	Pulse	55	15000000	1679947	NA
322	Pulse	55	15010000	1689947	NA
322	Pulse	55	15020000	1699947	NA
322	Pulse	55	15030000	1709947	NA
322	Pulse	55	15040000	1719947	NA
322	Pulse	55	15050000	1729947	NA
322	Pulse	55	15060000	1739947	NA
322	Pulse	55	15070000	1749947	NA
322	Pulse	55	15080000	1759947	NA
322	Pulse	55	15090000	1769947	NA
322	Pulse	55	15100000	1779947	NA
322	Pulse	55	15110000	1789947	NA
322	Pulse	55	15120000	1799947	NA
322	Pulse	55	15130000	1809947	NA
322	Pulse	55	15140000	1819947	NA
322	Pulse	55	15150000	1829947	NA
322	Pulse	55	15160000	1839947	NA
322	Pulse	55	15170000	1849947	NA
322	Pulse	55	15180000	1859947	NA
322	Pulse	55	15190000	1869947	NA
322	Pulse	55	15200000	1879947	NA
322	Pulse	55	15210000	1889947	NA
322	Pulse	55	15220000	1899947	NA
322	Pulse	55	15230000	1909947	NA
322	Pulse	55	15240000	1919947	NA
322	Pulse	55	15250000	1929947	NA
322	Pulse	55	15260000	1939947	NA
322	Pulse	55	15270000	1949947	NA
322	Pulse	55	15280000	1959947	NA
322	Pulse	55	15290000	1969947	NA
322	Pulse	55	15300000	1979947	NA
322	Pulse	55	15310000	1989947	NA
322	Pulse	55	15320000	1999947	NA
322	Pulse	55	15330000	2009947	NA
322	Pulse	55	15340000	2019947	NA
322	Pulse	55	15350000	2029947	NA
322	Pulse	55	15360000	2039947	NA
322	Pulse	55	15370000	2049947	NA
322	Pulse	55	15380000	2059947	NA
322	Pulse	55	15390000	2069947	NA
322	Pulse	55	15400000	2079947	NA
322	Pulse	55	15410000	2089947	NA
322	Pulse	55	15420000	2099947	NA
322	Pulse	55	15430000	2109947	NA
322	Pulse	55	15440000	2119947	NA
322	Pulse	55	15450000	2129947	NA
322	Pulse	55	15460000	2139947	NA
322	Pulse	55	15470000	2149947	NA
322	Pulse	55	15480000	2159947	NA
322	Pulse	55	15490000	2169947	NA
322	Pulse	55	15500000	2179947	NA
322	Pulse	55	15510000	2189947	NA
322	Pulse	55	15520000	2199947	NA
322	Pulse	55	15530000	2209947	NA
322	Pulse	55	15540000	2219947	NA
322	Pulse	55	15550000	2229947	NA
322	Pulse	55	15560000	2239947	NA
322	Pulse	55	15570000	2249947	NA
322	Pulse	55	15580000	2259947	NA
322	Pulse	55	15590000	2269947	NA
322	Pulse	55	15600000	2279947	NA
322	Pulse	55	15610000	2289947	NA
322	Pulse	55	15620000	2299947	NA
322	Pulse	55	15630000	2309947	NA
322	Pulse	55	15640000	2319947	NA
322	Pulse	55	15650000	2329947	NA
322	Pulse	55	15660000	2339947	NA
322	Pulse	55	15670000	2349947	NA
322	Pulse	55	15680000	2359947	NA
322	Pulse	55	15690000	2369947	NA
322	Pulse	55	15700000	2379947	NA
322	Pulse	55	15710000	2389947	NA
322	Pulse	55	15720000	2399947	NA
322	Pulse	55	15730000	2409947	NA
322	Pulse	55	15740000	2419947	NA
322	Pulse	55	15750000	2429947	NA
322	Pulse	55	15760000	2439947	NA
322	Pulse	55	15770000	2449947	NA
322	Pulse	55	15780000	2459947	NA
322	Pulse	55	15790000	2469947	NA
322	Pulse	55	15800000	2479947	NA
322	Pulse	55	15810000	2489947	NA
322	Pulse	55	15820000	2499947	NA
322	Pulse	55	15830000	2509947	NA
322	Pulse	55	15840000	2519947	NA
322	Pulse	55	15850000	2529947	NA
322	Pulse	55	15860000	2539947	NA
322	Pulse	55	15870000	2549947	NA
322	Pulse	55	15880000	2559947	NA
322	Pulse	55	15890000	2569947	NA
322	Pulse	55	15900000	2579947	NA
322	Pulse	55	15910000	2589947	NA
322	Pulse	55	15920000	2599947	NA
322	Pulse	55	15930000	2609947	NA
322	Pulse	55	15940000	2619947	NA
322	Pulse	55	15950000	2629947	NA
322	Pulse	55	15960000	2639947	NA
322	Pulse	55	15970000	2649947	NA
322	Pulse	55	15980000	2659947	NA
322	Pulse	55	15990000	2669947	NA
322	Pulse	55	16000000	2679947	NA
322	Pulse	55	16010000	2689947	NA
322	Pulse	55	16020000	2699947	NA
322	Pulse	55	16030000	2709947	NA
322	Pulse	55	16040000	2719947	NA
322	Pulse	55	16050000	2729947	NA
322	Pulse	55	16060000	2739947	NA
322	Pulse	55	16070000	2749947	NA
322	Pulse	55	16080000	2759947	NA
322	Pulse	55	16090000	2769947	NA
322	Pulse	55	16100000	2779947	NA
322	Pulse	55	16110000	2789947	NA
322	Pulse	55	16120000	2799947	NA
322	Pulse	55	16130000	2809947	NA
322	Pulse	55	16140000	2819947	NA
322	Pulse	55	16150000	2829947	NA
322	Pulse	55	16160000	2839947	NA
322	Pulse	55	16170000	2849947	NA
322	Pulse	55	16180000	2859947	NA
322	Pulse	55	16190000	2869947	NA
322	Pulse	55	16200000	2879947	NA
322	Pulse	55	16210000	2889947	NA
322	Pulse	55	16220000	2899947	NA
322	Pulse	55	16230000	2909947	NA
322	Pulse	55	16240000	2919947	NA
322	Pulse	55	16250000	2929947	NA
322	Pulse	55	16260000	2939947	NA
322	Pulse	55	16270000	2949947	NA
322	Pulse	55	16280000	2959947	NA
322	Pulse	55	16290000	2969947	NA
322	Pulse	55	16300000	2979947	NA
322	Pulse	55	16310000	2989947	NA
322	Pulse	55	16320000	2999947	NA
322	Pulse	55	16330000	3009947	NA
322	Pulse	55	16340000	3019947	NA
322	Pulse	55	16350000	3029947	NA
322	Pulse	55	16360000	3039947	NA
322	Pulse	55	16370000	3049947	NA
322	Pulse	55	16380000	3059947	NA
322	Pulse	55	16390000	3069947	NA
322	Pulse	55	16400000	3079947	NA
322	Pulse	55	16410000	3089947	NA
322	Pulse	55	16420000	3099947	NA
322	Pulse	55	16430000	3109947	NA
322	Pulse	55	16440000	3119947	NA
322	Pulse	55	16450000	3129947	NA
322	Pulse	55	16460000	3139947	NA
322	Pulse	55	16470000	3149947	NA
322	Pulse	55	16480000	3159947	NA
322	Pulse	55	16490000	3169947	NA
322	Pulse	55	16500000	3179947	NA
322	Pulse	55	16510000	3189947	NA
322	Pulse	55	16520000	3199947	NA
322	Pulse	55	16530000	3209947	NA
322	Pulse	55	16540000	3219947	NA
322	Pulse	55	16550000	3229947	NA
322	Pulse	55	16560000	3239947	NA
322	Pulse	55	16570000	3249947	NA
322	Pulse	55	16580000	3259947	NA
322	Pulse	55	16590000	3269947	NA
322	Pulse	55	16600000	3279947	NA
322	Pulse	55	16610000	3289947	NA
322	Pulse	55	16620000	3299947	NA
322	Pulse	55	16630000	3309947	NA
322	Pulse	55	16640000	3319947	NA
322	Pulse	55	16650000	3329947	NA
322	Pulse	55	16660000	3339947	NA
322	Pulse	55	16670000	3349947	NA
322	Pulse	55	16680000	3359947	NA
322	Pulse	55	16690000	3369947	NA
322	Pulse	55	16700000	3379947	NA
322	Pulse	55	16710000	3389947	NA
322	Pulse	55	16720000	3399947	NA
322	Pulse	55	16730000	3409947	NA
322	Pulse	55	16740000	3419947	NA
322	Pulse	55	16750000	3429947	NA
322	Pulse	55	16760000	3439947	NA
322	Pulse	55	16770000	3449947	NA
322	Pulse	55	16780000	3459947	NA
322	Pulse	55	16790000	3469947	NA
322	Pulse	55	16800000	3479947	NA
322	Pulse	55	16810000	3489947	NA
322	Pulse	55	16820000	3499947	NA
322	Pulse	55	16830000	3509947	NA
322	Pulse	55	16840000	3519947	NA
322	Pulse	55	16850000	3529947	NA
322	Pulse	55	16860000	3539947	NA
322	Pulse	55	16870000	3549947	NA
322	Pulse	55	16880000	3559947	NA
322	Pulse	55	16890000	3569947	NA
322	Pulse	55	16900000	3579947	NA
322	Pulse	55	16910000	3589947	NA
322	Pulse	55	16920000	3599947	NA
322	Pulse	55	16930000	3609947	NA
322	Pulse	55	16940000	3619947	NA
322	Pulse	55	16950000	3629947	NA
322	Pulse	55	16960000	3639947	NA
322	Pulse	55	16970000	3649947	NA
322	Pulse	55	16980000	3659947	NA
322	Pulse	55	16990000	3669947	NA
322	Pulse	55	17000000	3679947	NA
322	Pulse	55	17010000	3689947	NA
322	Pulse	55	17020000	3699947	NA
322	Pulse	55	17030000	3709947	NA
322	Pulse	55	17040000	3719947	NA
322	Pulse	55	17050000	3729947	NA
322	Pulse	55	17060000	3739947	NA
322	Pulse	55	17070000	3749947	NA
322	Pulse	55	17080000	3759947	NA
322	Pulse	55	17090000	3769947	NA
322	Pulse	55	17100000	3779947	NA
322	Pulse	55	17110000	3789947	NA
322	Pulse	55	17120000	3799947	NA
322	Pulse	55	17130000	3809947	NA
322	Pulse	55	17140000	3819947	NA
322	Pulse	55	17150000	3829947	NA
322	Pulse	55	17160000	3839947	NA
322	Pulse	55	17170000	3849947	NA
322	Pulse	55	17180000	3859947	NA
322	Pulse	55	17190000	3869947	NA
322	Pulse	55	17200000	3879947	NA
322	Pulse	55	17210000	3889947	NA
322	Pulse	55	17220000	3899947	NA
322	Pulse	55	17230000	3909947	NA
322	Pulse	55	17240000	3919947	NA
322	Pulse	55	17250000	3929947	NA
322	Pulse	55	17260000	3939947	NA
322	Pulse	55	17270000	3949947	NA
322	Pulse	55	17280000	3959947	NA
322	Pulse	55	17290000	3969947	NA
322	Pulse	55	17300000	3979947	NA
322	Pulse	55	17310000	3989947	NA
322	Pulse	55	17320000	3999947	NA
322	Pulse	55	17330000	4009947	NA
322	Pulse	55	17340000	4019947	NA
322	Pulse	55	17350000	4029947	NA
322	Pulse	55	17360000	4039947	NA
322	Pulse	55	17370000	4049947	NA
322	Pulse	55	17380000	4059947	NA
322	Pulse	55	17390000	4069947	NA
322	Pulse	55	17400000	4079947	NA
322	Pulse	55	17410000	4089947	NA
322	Pulse	55	17420000	4099947	NA
322	Pulse	55	17430000	4109947	NA
322	Pulse	55	17440000	4119947	NA
322	Pulse	55	17450000	4129947	NA
322	Pulse	55	17460000	4139947	NA
322	Pulse	55	17470000	4149947	NA
322	Pulse	55	17480000	4159947	NA
322	Pulse	55	17490000	4169947	NA
322	Pulse	55	17500000	4179947	NA
322	Pulse	55	17510000	4189947	NA
322	Pulse	55	17520000	4199947	NA
322	Pulse	55	17530000	4209947	NA
322	Pulse	55	17540000	4219947	NA
322	Pulse	55	17550000	4229947	NA
322	Pulse	55	17560000	4239947	NA
322	Pulse	55	17570000	4249947	NA
322	Pulse	55	17580000	4259947	NA
322	Pulse	55	17590000	4269947	NA
322	Pulse	55	17600000	4279947	NA
322	Pulse	55	17610000	4289947	NA
322	Pulse	55	17620000	4299947	NA
322	Pulse	55	17630000	4309947	NA
322	Pulse	55	17640000	4319947	NA
322	Pulse	55	17650000	4329947	NA
322	Pulse	55	17660000	4339947	NA
322	Pulse	55	17670000	4349947	NA
322	Pulse	55	17680000	4359947	NA
322	Pulse	55	17690000	4369947	NA
322	Pulse	55	17700000	4379947	NA
322	Pulse	55	17710000	4389947	NA
322	Pulse	55	17720000	4399947	NA
322	Pulse	55	17730000	4409947	NA
322	Pulse	55	17740000	4419947	NA
322	Pulse	55	17750000	4429947	NA
322	Pulse	55	17760000	4439947	NA
322	Pulse	55	17770000	4449947	NA
322	Pulse	55	17780000	4459947	NA
322	Pulse	55	17790000	4469947	NA
322	Pulse	55	17800000	4479947	NA
322	Pulse	55	17810000	4489947	NA
322	Pulse	55	17820000	4499947	NA
322	Pulse	55	17830000	4509947	NA
322	Pulse	55	17840000	4519947	NA
322	Pulse	55	17850000	4529947	NA
322	Pulse	55	17860000	4539947	NA
322	Pulse	55	17870000	4549947	NA
322	Pulse	55	17880000	4559947	NA
322	Pulse	55	17890000	4569947	NA
322	Pulse	55	17900000	4579947	NA
322	Pulse	55	17910000	4589947	NA
322	Pulse	55	17920000	4599947	NA
322	Pulse	55	17930000	4609947	NA
322	Pulse	55	17940000	4619947	NA
322	Pulse	55	17950000	4629947	NA
322	Pulse	55	17960000	4639947	NA
322	Pulse	55	17970000	4649947	NA
322	Pulse	55	17980000	4659947	NA
322	Pulse	55	17990000	4669947	NA
322	Pulse	55	18000000	4679947	NA
322	Pulse	55	18010000	4689947	NA
322	Pulse	55	18020000	4699947	NA
322	Pulse	55	18030000	4709947	NA
322	Pulse	55	18040000	4719947	NA
322	Pulse	55	18050000	4729947	NA
322	Pulse	55	18060000	4739947	NA
322	Pulse	55	18070000	4749947	NA
322	Pulse	55	18080000	4759947	NA
322	Pulse	55	18090000	4769947	NA
322	Pulse	55	18100000	4779947	NA
322	Pulse	55	18110000	4789947	NA
322	Pulse	55	18120000	4799947	NA
322	Pulse	55	18130000	4809947	NA
322	Pulse	55	18140000	4819947	NA
322	Pulse	55	18150000	4829947	NA
322	Pulse	55	18160000	4839947	NA
322	Pulse	55	18170000	4849947	NA
322	Pulse	55	18180000	4859947	NA
322	Pulse	55	18190000	4869947	NA
322	Pulse	55	18200000	4879947	NA
322	Pulse	55	18210000	4889947	NA
322	Pulse	55	18220000	4899947	NA
322	Pulse	55	18230000	4909947	NA
322	Response	1	18234653	4914600	1
323	Pulse	55	18240000	5246	NA
323	Pulse	55	18250000	15246	NA
323	Pulse	55	18260000	25246	NA
323	Pulse	55	18270000	35246	NA
323	Pulse	55	18280000	45246	NA
323	Pulse	55	18290000	55246	NA
323	Pulse	55	18300000	65246	NA
323	Pulse	55	18310000	75246	NA
323	Pulse	55	18320000	85246	NA
323	Pulse	55	18330000	95246	NA
323	Pulse	55	18340000	105246	NA
323	Pulse	55	18350000	115246	NA
323	Pulse	55	18360000	125246	NA
323	Pulse	55	18370000	135246	NA
323	Pulse	55	18380000	145246	NA
323	Pulse	55	18390000	155246	NA
323	Pulse	55	18400000	165246	NA
323	Pulse	55	18410000	175246	NA
323	Pulse	55	18420000	185246	NA
323	Pulse	55	18430000	195246	NA
323	Pulse	55	18440000	205246	NA
323	Pulse	55	18450000	215246	NA
323	Pulse	55	18460000	225246	NA
323	Pulse	55	18470000	235246	NA
323	Pulse	55	18480000	245246	NA
323	Pulse	55	18490000	255246	NA
323	Pulse	55	18500000	265246	NA
323	Pulse	55	18510000	275246	NA
323	Pulse	55	18520000	285246	NA
323	Pulse	55	18530000	295246	NA
323	Pulse	55	18540000	305246	NA
323	Pulse	55	18550000	315246	NA
323	Pulse	55	18560000	325246	NA
323	Pulse	55	18570000	335246	NA
323	Pulse	55	18580000	345246	NA
323	Pulse	55	18590000	355246	NA
323	Pulse	55	18600000	365246	NA
323	Pulse	55	18610000	375246	NA
323	Pulse	55	18620000	385246	NA
323	Pulse	55	18630000	395246	NA
323	Pulse	55	18640000	405246	NA
323	Pulse	55	18650000	415246	NA
323	Pulse	55	18660000	425246	NA
323	Pulse	55	18670000	435246	NA
323	Pulse	55	18680000	445246	NA
323	Pulse	55	18690000	455246	NA
323	Pulse	55	18700000	465246	NA
323	Pulse	55	18710000	475246	NA
323	Pulse	55	18720000	485246	NA
323	Pulse	55	18730000	495246	NA
323	Pulse	55	18740000	505246	NA
323	Pulse	55	18750000	515246	NA
323	Pulse	55	18760000	525246	NA
323	Pulse	55	18770000	535246	NA
323	Pulse	55	18780000	545246	NA
323	Pulse	55	18790000	555246	NA
323	Pulse	55	18800000	565246	NA
323	Pulse	55	18810000	575246	NA
323	Pulse	55	18820000	585246	NA
323	Pulse	55	18830000	595246	NA
323	Pulse	55	18840000	605246	NA
323	Pulse	55	18850000	615246	NA
323	Pulse	55	18860000	625246	NA
323	Pulse	55	18870000	635246	NA
323	Pulse	55	18880000	645246	NA
323	Pulse	55	18890000	655246	NA
323	Pulse	55	18900000	665246	NA
323	Pulse	55	18910000	675246	NA
323	Pulse	55	18920000	685246	NA
323	Pulse	55	18930000	695246	NA
323	Pulse	55	18940000	705246	NA
323	Pulse	55	18950000	715246	NA
323	Pulse	55	18960000	725246	NA
323	Pulse	55	18970000	735246	NA
323	Pulse	55	18980000	745246	NA
323	Pulse	55	18990000	755246	NA
323	Pulse	55	19000000	765246	NA
323	Pulse	55	19010000	775246	NA
323	Pulse	55	19020000	785246	NA
323	Pulse	55	19030000	795246	NA
323	Pulse	55	19040000	805246	NA
323	Pulse	55	19050000	815246	NA
323	Pulse	55	19060000	825246	NA
323	Pulse	55	19070000	835246	NA
323	Pulse	55	19080000	845246	NA
323	Pulse	55	19090000	855246	NA
323	Pulse	55	19100000	865246	NA
323	Pulse	55	19110000	875246	NA
323	Pulse	55	19120000	885246	NA
323	Pulse	55	19130000	895246	NA
323	Pulse	55	19140000	905246	NA
323	Pulse	55	19150000	915246	NA
323	Pulse	55	19160000	925246	NA
323	Pulse	55	19170000	935246	NA
323	Pulse	55	19180000	945246	NA
323	Pulse	55	19190000	955246	NA
323	Pulse	55	19200000	965246	NA
323	Pulse	55	19210000	975246	NA
323	Pulse	55	19220000	985246	NA
323	Pulse	55	19230000	995246	NA
323	Pulse	55	19240000	1005246	NA
323	Pulse	55	19250000	1015246	NA
323	Pulse	55	19260000	1025246	NA
323	Pulse	55	19270000	1035246	NA
323	Pulse	55	19280000	1045246	NA
323	Pulse	55	19290000	1055246	NA
323	Pulse	55	19300000	1065246	NA
323	Pulse	55	19310000	1075246	NA
323	Pulse	55	19320000	1085246	NA
323	Pulse	55	19330000	1095246	NA
323	Pulse	55	19340000	1105246	NA
323	Pulse	55	19350000	1115246	NA
323	Pulse	55	19360000	1125246	NA
323	Pulse	55	19370000	1135246	NA
323	Pulse	55	19380000	1145246	NA
323	Pulse	55	19390000	1155246	NA
323	Pulse	55	19400000	1165246	NA
323	Pulse	55	19410000	1175246	NA
323	Pulse	55	19420000	1185246	NA
323	Pulse	55	19430000	1195246	NA
323	Pulse	55	19440000	1205246	NA
323	Pulse	55	19450000	1215246	NA
323	Pulse	55	19460000	1225246	NA
323	Pulse	55	19470000	1235246	NA
323	Pulse	55	19480000	1245246	NA
323	Pulse	55	19490000	1255246	NA
323	Pulse	55	19500000	1265246	NA
323	Pulse	55	19510000	1275246	NA
323	Pulse	55	19520000	1285246	NA
323	Pulse	55	19530000	1295246	NA
323	Pulse	55	19540000	1305246	NA
323	Pulse	55	19550000	1315246	NA
323	Pulse	55	19560000	1325246	NA
323	Pulse	55	19570000	1335246	NA
323	Pulse	55	19580000	1345246	NA
323	Pulse	55	19590000	1355246	NA
323	Pulse	55	19600000	1365246	NA
323	Pulse	55	19610000	1375246	NA
323	Pulse	55	19620000	1385246	NA
323	Pulse	55	19630000	1395246	NA
323	Pulse	55	19640000	1405246	NA
323	Pulse	55	19650000	1415246	NA
323	Pulse	55	19660000	1425246	NA
323	Pulse	55	19670000	1435246	NA
323	Pulse	55	19680000	1445246	NA
323	Pulse	55	19690000	1455246	NA
323	Pulse	55	19700000	1465246	NA
323	Pulse	55	19710000	1475246	NA
323	Pulse	55	19720000	1485246	NA
323	Pulse	55	19730000	1495246	NA
323	Pulse	55	19740000	1505246	NA
323	Pulse	55	19750000	1515246	NA
323	Pulse	55	19760000	1525246	NA
323	Pulse	55	19770000	1535246	NA
323	Pulse	55	19780000	1545246	NA
323	Pulse	55	19790000	1555246	NA
323	Pulse	55	19800000	1565246	NA
323	Pulse	55	19810000	1575246	NA
323	Pulse	55	19820000	1585246	NA
323	Pulse	55	19830000	1595246	NA
323	Pulse	55	19840000	1605246	NA
323	Pulse	55	19850000	1615246	NA
323	Pulse	55	19860000	1625246	NA
323	Pulse	55	19870000	1635246	NA
323	Pulse	55	19880000	1645246	NA
323	Pulse	55	19890000	1655246	NA
323	Pulse	55	19900000	1665246	NA
323	Pulse	55	19910000	1675246	NA
323	Pulse	55	19920000	1685246	NA
323	Pulse	55	19930000	1695246	NA
323	Pulse	55	19940000	1705246	NA
323	Pulse	55	19950000	1715246	NA
323	Pulse	55	19960000	1725246	NA
323	Pulse	55	19970000	1735246	NA
323	Pulse	55	19980000	1745246	NA
323	Pulse	55	19990000	1755246	NA
323	Pulse	55	20000000	1765246	NA
323	Pulse	55	20010000	1775246	NA
323	Pulse	55	20020000	1785246	NA
323	Pulse	55	20030000	1795246	NA
323	Pulse	55	20040000	1805246	NA
323	Pulse	55	20050000	1815246	NA
323	Pulse	55	20060000	1825246	NA
323	Pulse	55	20070000	1835246	NA
323	Pulse	55	20080000	1845246	NA
323	Pulse	55	20090000	1855246	NA
323	Pulse	55	20100000	1865246	NA
323	Pulse	55	20110000	1875246	NA
323	Pulse	55	20120000	1885246	NA
323	Pulse	55	20130000	1895246	NA
323	Pulse	55	20140000	1905246	NA
323	Pulse	55	20150000	1915246	NA
323	Pulse	55	20160000	1925246	NA
323	Pulse	55	20170000	1935246	NA
323	Pulse	55	20180000	1945246	NA
323	Pulse	55	20190000	1955246	NA
323	Pulse	55	20200000	1965246	NA
323	Pulse	55	20210000	1975246	NA
323	Pulse	55	20220000	1985246	NA
323	Pulse	55	20230000	1995246	NA
323	Pulse	55	20240000	2005246	NA
323	Pulse	55	20250000	2015246	NA
323	Pulse	55	20260000	2025246	NA
323	Pulse	55	20270000	2035246	NA
323	Pulse	55	20280000	2045246	NA
323	Pulse	55	20290000	2055246	NA
323	Pulse	55	20300000	2065246	NA
323	Pulse	55	20310000	2075246	NA
323	Pulse	55	20320000	2085246	NA
323	Pulse	55	20330000	2095246	NA
323	Pulse	55	20340000	2105246	NA
323	Pulse	55	20350000	2115246	NA
323	Pulse	55	20360000	2125246	NA
323	Pulse	55	20370000	2135246	NA
323	Pulse	55	20380000	2145246	NA
323	Pulse	55	20390000	2155246	NA
323	Pulse	55	20400000	2165246	NA
323	Pulse	55	20410000	2175246	NA
323	Pulse	55	20420000	2185246	NA
323	Pulse	55	20430000	2195246	NA
323	Pulse	55	20440000	2205246	NA
323	Pulse	55	20450000	2215246	NA
323	Pulse	55	20460000	2225246	NA
323	Pulse	55	20470000	2235246	NA
323	Pulse	55	20480000	2245246	NA
323	Pulse	55	20490000	2255246	NA
323	Pulse	55	20500000	2265246	NA
323	Pulse	55	20510000	2275246	NA
323	Pulse	55	20520000	2285246	NA
323	Pulse	55	20530000	2295246	NA
323	Pulse	55	20540000	2305246	NA
323	Pulse	55	20550000	2315246	NA
323	Pulse	55	20560000	2325246	NA
323	Pulse	55	20570000	2335246	NA
323	Pulse	55	20580000	2345246	NA
323	Pulse	55	20590000	2355246	NA
323	Pulse	55	20600000	2365246	NA
323	Pulse	55	20610000	2375246	NA
323	Pulse	55	20620000	2385246	NA
323	Pulse	55	20630000	2395246	NA
323	Pulse	55	20640000	2405246	NA
323	Pulse	55	20650000	2415246	NA
323	Pulse	55	20660000	2425246	NA
323	Pulse	55	20670000	2435246	NA
323	Pulse	55	20680000	2445246	NA
323	Pulse	55	20690000	2455246	NA
323	Pulse	55	20700000	2465246	NA
323	Pulse	55	20710000	2475246	NA
323	Pulse	55	20720000	2485246	NA
323	Pulse	55	20730000	2495246	NA
323	Pulse	55	20740000	2505246	NA
323	Pulse	55	20750000	2515246	NA
323	Pulse	55	20760000	2525246	NA
323	Pulse	55	20770000	2535246	NA
323	Pulse	55	20780000	2545246	NA
323	Pulse	55	20790000	2555246	NA
323	Pulse	55	20800000	2565246	NA
323	Pulse	55	20810000	2575246	NA
323	Response	1	20810650	2575896	1
