Scenario - Slideshow_D2.sce
Logfile written - 09/22/2021 18:25:52

Trial	Event Type	Code	Time	TTime	Uncertainty	Duration	Uncertainty	ReqTime	ReqDur	Stim Type	Pair Index

0	Pulse	55	0	0	NA
1	Pulse	55	10000	9417	NA
1	Pulse	55	20000	19417	NA
1	Pulse	55	30000	29417	NA
1	Pulse	55	40000	39417	NA
2	Pulse	55	50000	8820	NA
2	Pulse	55	60000	18820	NA
2	Pulse	55	70000	28820	NA
2	Pulse	55	80000	38820	NA
3	Pulse	55	90000	8223	NA
3	Pulse	55	100000	18223	NA
3	Pulse	55	110000	28223	NA
3	Pulse	55	120000	38223	NA
4	Pulse	55	130000	7627	NA
4	Pulse	55	140000	17627	NA
4	Pulse	55	150000	27627	NA
4	Pulse	55	160000	37627	NA
5	Pulse	55	170000	7030	NA
5	Pulse	55	180000	17030	NA
5	Pulse	55	190000	27030	NA
5	Pulse	55	200000	37030	NA
6	Pulse	55	210000	6433	NA
6	Pulse	55	220000	16433	NA
6	Pulse	55	230000	26433	NA
6	Pulse	55	240000	36433	NA
7	Pulse	55	250000	5837	NA
7	Pulse	55	260000	15837	NA
7	Pulse	55	270000	25837	NA
7	Pulse	55	280000	35837	NA
8	Pulse	55	290000	5240	NA
8	Pulse	55	300000	15240	NA
8	Pulse	55	310000	25240	NA
8	Pulse	55	320000	35240	NA
9	Pulse	55	330000	4643	NA
9	Pulse	55	340000	14643	NA
9	Pulse	55	350000	24643	NA
9	Pulse	55	360000	34643	NA
10	Pulse	55	370000	4130	NA
10	Pulse	55	380000	14130	NA
10	Pulse	55	390000	24130	NA
10	Pulse	55	400000	34130	NA
11	Pulse	55	410000	3616	NA
11	Pulse	55	420000	13616	NA
11	Pulse	55	430000	23616	NA
11	Pulse	55	440000	33616	NA
12	Pulse	55	450000	3103	NA
12	Pulse	55	460000	13103	NA
12	Pulse	55	470000	23103	NA
12	Pulse	55	480000	33103	NA
13	Pulse	55	490000	2506	NA
13	Pulse	55	500000	12506	NA
13	Pulse	55	510000	22506	NA
13	Pulse	55	520000	32506	NA
14	Pulse	55	530000	1910	NA
14	Pulse	55	540000	11910	NA
14	Pulse	55	550000	21910	NA
14	Pulse	55	560000	31910	NA
15	Pulse	55	570000	1313	NA
15	Pulse	55	580000	11313	NA
15	Pulse	55	590000	21313	NA
15	Pulse	55	600000	31313	NA
16	Pulse	55	610000	716	NA
16	Pulse	55	620000	10716	NA
16	Pulse	55	630000	20716	NA
16	Pulse	55	640000	30716	NA
17	Pulse	55	650000	203	NA
17	Pulse	55	660000	10203	NA
17	Pulse	55	670000	20203	NA
17	Pulse	55	680000	30203	NA
17	Pulse	55	690000	40203	NA
18	Pulse	55	700000	9689	NA
18	Pulse	55	710000	19689	NA
18	Pulse	55	720000	29689	NA
18	Pulse	55	730000	39689	NA
19	Pulse	55	740000	9093	NA
19	Pulse	55	750000	19093	NA
19	Pulse	55	760000	29093	NA
19	Pulse	55	770000	39093	NA
20	Pulse	55	780000	8496	NA
20	Pulse	55	790000	18496	NA
20	Pulse	55	800000	28496	NA
20	Pulse	55	810000	38496	NA
21	Pulse	55	820000	7899	NA
21	Pulse	55	830000	17899	NA
21	Pulse	55	840000	27899	NA
21	Pulse	55	850000	37899	NA
22	Pulse	55	860000	7303	NA
22	Pulse	55	870000	17303	NA
22	Pulse	55	880000	27303	NA
22	Pulse	55	890000	37303	NA
23	Pulse	55	900000	6706	NA
23	Pulse	55	910000	16706	NA
23	Pulse	55	920000	26706	NA
23	Pulse	55	930000	36706	NA
24	Pulse	55	940000	6109	NA
24	Pulse	55	950000	16109	NA
24	Pulse	55	960000	26109	NA
24	Pulse	55	970000	36109	NA
25	Pulse	55	980000	5513	NA
25	Pulse	55	990000	15513	NA
25	Pulse	55	1000000	25513	NA
25	Pulse	55	1010000	35513	NA
26	Pulse	55	1020000	4916	NA
26	Pulse	55	1030000	14916	NA
26	Pulse	55	1040000	24916	NA
26	Pulse	55	1050000	34916	NA
27	Pulse	55	1060000	4402	NA
27	Pulse	55	1070000	14402	NA
27	Pulse	55	1080000	24402	NA
27	Pulse	55	1090000	34402	NA
28	Pulse	55	1100000	3806	NA
28	Pulse	55	1110000	13806	NA
28	Pulse	55	1120000	23806	NA
28	Pulse	55	1130000	33806	NA
29	Pulse	55	1140000	3209	NA
29	Pulse	55	1150000	13209	NA
29	Pulse	55	1160000	23209	NA
29	Pulse	55	1170000	33209	NA
30	Pulse	55	1180000	2612	NA
30	Pulse	55	1190000	12612	NA
30	Pulse	55	1200000	22612	NA
30	Pulse	55	1210000	32612	NA
31	Pulse	55	1220000	2016	NA
31	Pulse	55	1230000	12016	NA
31	Pulse	55	1240000	22016	NA
31	Pulse	55	1250000	32016	NA
32	Pulse	55	1260000	1419	NA
32	Pulse	55	1270000	11419	NA
32	Pulse	55	1280000	21419	NA
32	Pulse	55	1290000	31419	NA
33	Pulse	55	1300000	822	NA
33	Pulse	55	1310000	10822	NA
33	Pulse	55	1320000	20822	NA
33	Pulse	55	1330000	30822	NA
34	Pulse	55	1340000	225	NA
34	Pulse	55	1350000	10225	NA
34	Pulse	55	1360000	20225	NA
34	Pulse	55	1370000	30225	NA
34	Pulse	55	1380000	40225	NA
35	Pulse	55	1390000	9629	NA
35	Pulse	55	1400000	19629	NA
35	Pulse	55	1410000	29629	NA
35	Pulse	55	1420000	39629	NA
36	Pulse	55	1430000	9032	NA
36	Pulse	55	1440000	19032	NA
36	Pulse	55	1450000	29032	NA
36	Pulse	55	1460000	39032	NA
37	Pulse	55	1470000	8435	NA
37	Pulse	55	1480000	18435	NA
37	Pulse	55	1490000	28435	NA
37	Pulse	55	1500000	38435	NA
38	Pulse	55	1510000	7672	NA
38	Pulse	55	1520000	17672	NA
38	Pulse	55	1530000	27672	NA
38	Pulse	55	1540000	37672	NA
39	Pulse	55	1550000	7075	NA
39	Pulse	55	1560000	17075	NA
39	Pulse	55	1570000	27075	NA
39	Pulse	55	1580000	37075	NA
40	Pulse	55	1590000	6479	NA
40	Pulse	55	1600000	16479	NA
40	Pulse	55	1610000	26479	NA
40	Pulse	55	1620000	36479	NA
41	Pulse	55	1630000	5882	NA
41	Pulse	55	1640000	15882	NA
41	Pulse	55	1650000	25882	NA
41	Pulse	55	1660000	35882	NA
42	Pulse	55	1670000	5202	NA
42	Pulse	55	1680000	15202	NA
42	Pulse	55	1690000	25202	NA
42	Pulse	55	1700000	35202	NA
43	Pulse	55	1710000	4605	NA
43	Pulse	55	1720000	14605	NA
43	Pulse	55	1730000	24605	NA
43	Pulse	55	1740000	34605	NA
44	Pulse	55	1750000	4008	NA
44	Pulse	55	1760000	14008	NA
44	Pulse	55	1770000	24008	NA
44	Pulse	55	1780000	34008	NA
45	Pulse	55	1790000	3412	NA
45	Pulse	55	1800000	13412	NA
45	Pulse	55	1810000	23412	NA
45	Pulse	55	1820000	33412	NA
46	Pulse	55	1830000	2732	NA
46	Pulse	55	1840000	12732	NA
46	Pulse	55	1850000	22732	NA
46	Pulse	55	1860000	32732	NA
47	Pulse	55	1870000	2135	NA
47	Pulse	55	1880000	12135	NA
47	Pulse	55	1890000	22135	NA
47	Pulse	55	1900000	32135	NA
48	Pulse	55	1910000	1538	NA
48	Pulse	55	1920000	11538	NA
48	Pulse	55	1930000	21538	NA
48	Pulse	55	1940000	31538	NA
49	Pulse	55	1950000	858	NA
49	Pulse	55	1960000	10858	NA
49	Pulse	55	1970000	20858	NA
49	Pulse	55	1980000	30858	NA
50	Pulse	55	1990000	261	NA
50	Pulse	55	2000000	10261	NA
50	Pulse	55	2010000	20261	NA
50	Pulse	55	2020000	30261	NA
50	Pulse	55	2030000	40261	NA
51	Pulse	55	2040000	9665	NA
51	Pulse	55	2050000	19665	NA
51	Pulse	55	2060000	29665	NA
51	Pulse	55	2070000	39665	NA
52	Pulse	55	2080000	9068	NA
52	Pulse	55	2090000	19068	NA
52	Pulse	55	2100000	29068	NA
52	Pulse	55	2110000	39068	NA
53	Pulse	55	2120000	8305	NA
53	Pulse	55	2130000	18305	NA
53	Pulse	55	2140000	28305	NA
53	Pulse	55	2150000	38305	NA
54	Pulse	55	2160000	7708	NA
54	Pulse	55	2170000	17708	NA
54	Pulse	55	2180000	27708	NA
54	Pulse	55	2190000	37708	NA
55	Pulse	55	2200000	7111	NA
55	Pulse	55	2210000	17111	NA
55	Pulse	55	2220000	27111	NA
55	Pulse	55	2230000	37111	NA
56	Pulse	55	2240000	6431	NA
56	Pulse	55	2250000	16431	NA
56	Pulse	55	2260000	26431	NA
56	Pulse	55	2270000	36431	NA
57	Pulse	55	2280000	5834	NA
57	Pulse	55	2290000	15834	NA
57	Pulse	55	2300000	25834	NA
57	Pulse	55	2310000	35834	NA
58	Pulse	55	2320000	5238	NA
58	Pulse	55	2330000	15238	NA
58	Pulse	55	2340000	25238	NA
58	Pulse	55	2350000	35238	NA
59	Pulse	55	2360000	4641	NA
59	Pulse	55	2370000	14641	NA
59	Pulse	55	2380000	24641	NA
59	Pulse	55	2390000	34641	NA
60	Pulse	55	2400000	4044	NA
60	Pulse	55	2410000	14044	NA
60	Pulse	55	2420000	24044	NA
60	Pulse	55	2430000	34044	NA
61	Pulse	55	2440000	3448	NA
61	Pulse	55	2450000	13448	NA
61	Pulse	55	2460000	23448	NA
61	Pulse	55	2470000	33448	NA
62	Pulse	55	2480000	2851	NA
62	Pulse	55	2490000	12851	NA
62	Pulse	55	2500000	22851	NA
62	Pulse	55	2510000	32851	NA
63	Pulse	55	2520000	2171	NA
63	Pulse	55	2530000	12171	NA
63	Pulse	55	2540000	22171	NA
63	Pulse	55	2550000	32171	NA
64	Pulse	55	2560000	1574	NA
64	Pulse	55	2570000	11574	NA
64	Pulse	55	2580000	21574	NA
64	Pulse	55	2590000	31574	NA
65	Pulse	55	2600000	894	NA
65	Pulse	55	2610000	10894	NA
65	Pulse	55	2620000	20894	NA
65	Pulse	55	2630000	30894	NA
66	Pulse	55	2640000	297	NA
66	Pulse	55	2650000	10297	NA
66	Pulse	55	2660000	20297	NA
66	Pulse	55	2670000	30297	NA
66	Pulse	55	2680000	40297	NA
67	Pulse	55	2690000	9617	NA
67	Pulse	55	2700000	19617	NA
67	Pulse	55	2710000	29617	NA
67	Pulse	55	2720000	39617	NA
68	Pulse	55	2730000	9021	NA
68	Pulse	55	2740000	19021	NA
68	Pulse	55	2750000	29021	NA
68	Pulse	55	2760000	39021	NA
69	Pulse	55	2770000	8424	NA
69	Pulse	55	2780000	18424	NA
69	Pulse	55	2790000	28424	NA
69	Pulse	55	2800000	38424	NA
70	Pulse	55	2810000	7827	NA
70	Pulse	55	2820000	17827	NA
70	Pulse	55	2830000	27827	NA
70	Pulse	55	2840000	37827	NA
71	Pulse	55	2850000	7231	NA
71	Pulse	55	2860000	17231	NA
71	Pulse	55	2870000	27231	NA
71	Pulse	55	2880000	37231	NA
72	Pulse	55	2890000	6634	NA
72	Pulse	55	2900000	16634	NA
72	Pulse	55	2910000	26634	NA
72	Pulse	55	2920000	36634	NA
73	Pulse	55	2930000	5870	NA
73	Pulse	55	2940000	15870	NA
73	Pulse	55	2950000	25870	NA
73	Pulse	55	2960000	35870	NA
74	Pulse	55	2970000	5274	NA
74	Pulse	55	2980000	15274	NA
74	Pulse	55	2990000	25274	NA
74	Pulse	55	3000000	35274	NA
75	Pulse	55	3010000	4677	NA
75	Pulse	55	3020000	14677	NA
75	Pulse	55	3030000	24677	NA
75	Pulse	55	3040000	34677	NA
76	Pulse	55	3050000	4080	NA
76	Pulse	55	3060000	14080	NA
76	Pulse	55	3070000	24080	NA
76	Pulse	55	3080000	34080	NA
77	Pulse	55	3090000	3484	NA
77	Pulse	55	3100000	13484	NA
77	Pulse	55	3110000	23484	NA
77	Pulse	55	3120000	33484	NA
78	Pulse	55	3130000	2887	NA
78	Pulse	55	3140000	12887	NA
78	Pulse	55	3150000	22887	NA
78	Pulse	55	3160000	32887	NA
79	Pulse	55	3170000	2290	NA
79	Pulse	55	3180000	12290	NA
79	Pulse	55	3190000	22290	NA
79	Pulse	55	3200000	32290	NA
80	Pulse	55	3210000	1693	NA
80	Pulse	55	3220000	11693	NA
80	Pulse	55	3230000	21693	NA
80	Pulse	55	3240000	31693	NA
81	Pulse	55	3250000	1097	NA
81	Pulse	55	3260000	11097	NA
81	Pulse	55	3270000	21097	NA
81	Pulse	55	3280000	31097	NA
82	Pulse	55	3290000	417	NA
82	Pulse	55	3300000	10417	NA
82	Pulse	55	3310000	20417	NA
82	Pulse	55	3320000	30417	NA
82	Pulse	55	3330000	40417	NA
83	Pulse	55	3340000	9820	NA
83	Pulse	55	3350000	19820	NA
83	Pulse	55	3360000	29820	NA
83	Pulse	55	3370000	39820	NA
84	Pulse	55	3380000	9223	NA
84	Pulse	55	3390000	19223	NA
84	Pulse	55	3400000	29223	NA
84	Pulse	55	3410000	39223	NA
85	Pulse	55	3420000	8627	NA
85	Pulse	55	3430000	18627	NA
85	Pulse	55	3440000	28627	NA
85	Pulse	55	3450000	38627	NA
86	Pulse	55	3460000	8030	NA
86	Pulse	55	3470000	18030	NA
86	Pulse	55	3480000	28030	NA
86	Pulse	55	3490000	38030	NA
87	Pulse	55	3500000	7433	NA
87	Pulse	55	3510000	17433	NA
87	Pulse	55	3520000	27433	NA
87	Pulse	55	3530000	37433	NA
88	Pulse	55	3540000	6837	NA
88	Pulse	55	3550000	16837	NA
88	Pulse	55	3560000	26837	NA
88	Pulse	55	3570000	36837	NA
89	Pulse	55	3580000	6240	NA
89	Pulse	55	3590000	16240	NA
89	Pulse	55	3600000	26240	NA
89	Pulse	55	3610000	36240	NA
90	Pulse	55	3620000	5643	NA
90	Pulse	55	3630000	15643	NA
90	Pulse	55	3640000	25643	NA
90	Pulse	55	3650000	35643	NA
91	Pulse	55	3660000	5046	NA
91	Pulse	55	3670000	15046	NA
91	Pulse	55	3680000	25046	NA
91	Pulse	55	3690000	35046	NA
92	Pulse	55	3700000	4450	NA
92	Pulse	55	3710000	14450	NA
92	Pulse	55	3720000	24450	NA
92	Pulse	55	3730000	34450	NA
93	Pulse	55	3740000	3853	NA
93	Pulse	55	3750000	13853	NA
93	Pulse	55	3760000	23853	NA
93	Pulse	55	3770000	33853	NA
94	Pulse	55	3780000	3256	NA
94	Pulse	55	3790000	13256	NA
94	Pulse	55	3800000	23256	NA
94	Pulse	55	3810000	33256	NA
95	Pulse	55	3820000	2660	NA
95	Pulse	55	3830000	12660	NA
95	Pulse	55	3840000	22660	NA
95	Pulse	55	3850000	32660	NA
96	Pulse	55	3860000	2063	NA
96	Pulse	55	3870000	12063	NA
96	Pulse	55	3880000	22063	NA
96	Pulse	55	3890000	32063	NA
97	Pulse	55	3900000	1466	NA
97	Pulse	55	3910000	11466	NA
97	Pulse	55	3920000	21466	NA
97	Pulse	55	3930000	31466	NA
98	Pulse	55	3940000	869	NA
98	Pulse	55	3950000	10869	NA
98	Pulse	55	3960000	20869	NA
98	Pulse	55	3970000	30869	NA
99	Pulse	55	3980000	273	NA
99	Pulse	55	3990000	10273	NA
99	Pulse	55	4000000	20273	NA
99	Pulse	55	4010000	30273	NA
99	Pulse	55	4020000	40273	NA
100	Pulse	55	4030000	9676	NA
100	Pulse	55	4040000	19676	NA
100	Pulse	55	4050000	29676	NA
100	Pulse	55	4060000	39676	NA
101	Pulse	55	4070000	9079	NA
101	Pulse	55	4080000	19079	NA
101	Pulse	55	4090000	29079	NA
101	Pulse	55	4100000	39079	NA
102	Pulse	55	4110000	8566	NA
102	Pulse	55	4120000	18566	NA
102	Pulse	55	4130000	28566	NA
102	Pulse	55	4140000	38566	NA
103	Pulse	55	4150000	7969	NA
103	Pulse	55	4160000	17969	NA
103	Pulse	55	4170000	27969	NA
103	Pulse	55	4180000	37969	NA
104	Pulse	55	4190000	7373	NA
104	Pulse	55	4200000	17373	NA
104	Pulse	55	4210000	27373	NA
104	Pulse	55	4220000	37373	NA
105	Pulse	55	4230000	6859	NA
105	Pulse	55	4240000	16859	NA
105	Pulse	55	4250000	26859	NA
105	Pulse	55	4260000	36859	NA
106	Pulse	55	4270000	6263	NA
106	Pulse	55	4280000	16263	NA
106	Pulse	55	4290000	26263	NA
106	Pulse	55	4300000	36263	NA
107	Pulse	55	4310000	5749	NA
107	Pulse	55	4320000	15749	NA
107	Pulse	55	4330000	25749	NA
107	Pulse	55	4340000	35749	NA
108	Pulse	55	4350000	5236	NA
108	Pulse	55	4360000	15236	NA
108	Pulse	55	4370000	25236	NA
108	Pulse	55	4380000	35236	NA
109	Pulse	55	4390000	4639	NA
109	Pulse	55	4400000	14639	NA
109	Pulse	55	4410000	24639	NA
109	Pulse	55	4420000	34639	NA
110	Pulse	55	4430000	4043	NA
110	Pulse	55	4440000	14043	NA
110	Pulse	55	4450000	24043	NA
110	Pulse	55	4460000	34043	NA
111	Pulse	55	4470000	3446	NA
111	Pulse	55	4480000	13446	NA
111	Pulse	55	4490000	23446	NA
111	Pulse	55	4500000	33446	NA
112	Pulse	55	4510000	2849	NA
112	Pulse	55	4520000	12849	NA
112	Pulse	55	4530000	22849	NA
112	Pulse	55	4540000	32849	NA
113	Pulse	55	4550000	2252	NA
113	Pulse	55	4560000	12252	NA
113	Pulse	55	4570000	22252	NA
113	Pulse	55	4580000	32252	NA
114	Pulse	55	4590000	1656	NA
114	Pulse	55	4600000	11656	NA
114	Pulse	55	4610000	21656	NA
114	Pulse	55	4620000	31656	NA
115	Pulse	55	4630000	1142	NA
115	Pulse	55	4640000	11142	NA
115	Pulse	55	4650000	21142	NA
115	Pulse	55	4660000	31142	NA
116	Pulse	55	4670000	546	NA
116	Pulse	55	4680000	10546	NA
116	Pulse	55	4690000	20546	NA
116	Pulse	55	4700000	30546	NA
116	Pulse	55	4710000	40546	NA
117	Pulse	55	4720000	9949	NA
117	Pulse	55	4730000	19949	NA
117	Pulse	55	4740000	29949	NA
117	Pulse	55	4750000	39949	NA
118	Pulse	55	4760000	9436	NA
118	Pulse	55	4770000	19436	NA
118	Pulse	55	4780000	29436	NA
118	Pulse	55	4790000	39436	NA
119	Pulse	55	4800000	8922	NA
119	Pulse	55	4810000	18922	NA
119	Pulse	55	4820000	28922	NA
119	Pulse	55	4830000	38922	NA
120	Pulse	55	4840000	8326	NA
120	Pulse	55	4850000	18326	NA
120	Pulse	55	4860000	28326	NA
120	Pulse	55	4870000	38326	NA
121	Pulse	55	4880000	7812	NA
121	Pulse	55	4890000	17812	NA
121	Pulse	55	4900000	27812	NA
121	Pulse	55	4910000	37812	NA
122	Pulse	55	4920000	7216	NA
122	Pulse	55	4930000	17216	NA
122	Pulse	55	4940000	27216	NA
122	Pulse	55	4950000	37216	NA
123	Pulse	55	4960000	6702	NA
123	Pulse	55	4970000	16702	NA
123	Pulse	55	4980000	26702	NA
123	Pulse	55	4990000	36702	NA
124	Pulse	55	5000000	6189	NA
124	Pulse	55	5010000	16189	NA
124	Pulse	55	5020000	26189	NA
124	Pulse	55	5030000	36189	NA
125	Pulse	55	5040000	5676	NA
125	Pulse	55	5050000	15676	NA
125	Pulse	55	5060000	25676	NA
125	Pulse	55	5070000	35676	NA
126	Pulse	55	5080000	5079	NA
126	Pulse	55	5090000	15079	NA
126	Pulse	55	5100000	25079	NA
126	Pulse	55	5110000	35079	NA
127	Pulse	55	5120000	4482	NA
127	Pulse	55	5130000	14482	NA
127	Pulse	55	5140000	24482	NA
127	Pulse	55	5150000	34482	NA
128	Pulse	55	5160000	3885	NA
128	Pulse	55	5170000	13885	NA
128	Pulse	55	5180000	23885	NA
128	Pulse	55	5190000	33885	NA
129	Pulse	55	5200000	3289	NA
129	Pulse	55	5210000	13289	NA
129	Pulse	55	5220000	23289	NA
129	Pulse	55	5230000	33289	NA
130	Pulse	55	5240000	2692	NA
130	Pulse	55	5250000	12692	NA
130	Pulse	55	5260000	22692	NA
130	Pulse	55	5270000	32692	NA
131	Pulse	55	5280000	2095	NA
131	Pulse	55	5290000	12095	NA
131	Pulse	55	5300000	22095	NA
131	Pulse	55	5310000	32095	NA
132	Pulse	55	5320000	1582	NA
132	Pulse	55	5330000	11582	NA
132	Pulse	55	5340000	21582	NA
132	Pulse	55	5350000	31582	NA
133	Pulse	55	5360000	985	NA
133	Pulse	55	5370000	10985	NA
133	Pulse	55	5380000	20985	NA
133	Pulse	55	5390000	30985	NA
134	Pulse	55	5400000	389	NA
134	Pulse	55	5410000	10389	NA
134	Pulse	55	5420000	20389	NA
134	Pulse	55	5430000	30389	NA
134	Pulse	55	5440000	40389	NA
135	Pulse	55	5450000	9875	NA
135	Pulse	55	5460000	19875	NA
135	Pulse	55	5470000	29875	NA
135	Pulse	55	5480000	39875	NA
136	Pulse	55	5490000	9279	NA
136	Pulse	55	5500000	19279	NA
136	Pulse	55	5510000	29279	NA
136	Pulse	55	5520000	39279	NA
137	Pulse	55	5530000	8682	NA
137	Pulse	55	5540000	18682	NA
137	Pulse	55	5550000	28682	NA
137	Pulse	55	5560000	38682	NA
138	Pulse	55	5570000	8168	NA
138	Pulse	55	5580000	18168	NA
138	Pulse	55	5590000	28168	NA
138	Pulse	55	5600000	38168	NA
139	Pulse	55	5610000	7572	NA
139	Pulse	55	5620000	17572	NA
139	Pulse	55	5630000	27572	NA
139	Pulse	55	5640000	37572	NA
140	Pulse	55	5650000	6975	NA
140	Pulse	55	5660000	16975	NA
140	Pulse	55	5670000	26975	NA
140	Pulse	55	5680000	36975	NA
141	Pulse	55	5690000	6462	NA
141	Pulse	55	5700000	16462	NA
141	Pulse	55	5710000	26462	NA
141	Pulse	55	5720000	36462	NA
142	Pulse	55	5730000	5865	NA
142	Pulse	55	5740000	15865	NA
142	Pulse	55	5750000	25865	NA
142	Pulse	55	5760000	35865	NA
143	Pulse	55	5770000	5268	NA
143	Pulse	55	5780000	15268	NA
143	Pulse	55	5790000	25268	NA
143	Pulse	55	5800000	35268	NA
144	Pulse	55	5810000	4755	NA
144	Pulse	55	5820000	14755	NA
144	Pulse	55	5830000	24755	NA
144	Pulse	55	5840000	34755	NA
145	Pulse	55	5850000	4242	NA
145	Pulse	55	5860000	14242	NA
145	Pulse	55	5870000	24242	NA
145	Pulse	55	5880000	34242	NA
146	Pulse	55	5890000	3645	NA
146	Pulse	55	5900000	13645	NA
146	Pulse	55	5910000	23645	NA
146	Pulse	55	5920000	33645	NA
147	Pulse	55	5930000	3048	NA
147	Pulse	55	5940000	13048	NA
147	Pulse	55	5950000	23048	NA
147	Pulse	55	5960000	33048	NA
148	Pulse	55	5970000	2452	NA
148	Pulse	55	5980000	12452	NA
148	Pulse	55	5990000	22452	NA
148	Pulse	55	6000000	32452	NA
149	Pulse	55	6010000	1855	NA
149	Pulse	55	6020000	11855	NA
149	Pulse	55	6030000	21855	NA
149	Pulse	55	6040000	31855	NA
150	Pulse	55	6050000	1258	NA
150	Pulse	55	6060000	11258	NA
150	Pulse	55	6070000	21258	NA
150	Pulse	55	6080000	31258	NA
151	Pulse	55	6090000	661	NA
151	Pulse	55	6100000	10661	NA
151	Pulse	55	6110000	20661	NA
151	Pulse	55	6120000	30661	NA
152	Pulse	55	6130000	65	NA
152	Pulse	55	6140000	10065	NA
152	Pulse	55	6150000	20065	NA
152	Pulse	55	6160000	30065	NA
152	Pulse	55	6170000	40065	NA
153	Pulse	55	6180000	9551	NA
153	Pulse	55	6190000	19551	NA
153	Pulse	55	6200000	29551	NA
153	Pulse	55	6210000	39551	NA
154	Pulse	55	6220000	9038	NA
154	Pulse	55	6230000	19038	NA
154	Pulse	55	6240000	29038	NA
154	Pulse	55	6250000	39038	NA
155	Pulse	55	6260000	8608	NA
155	Pulse	55	6270000	18608	NA
155	Pulse	55	6280000	28608	NA
155	Pulse	55	6290000	38608	NA
156	Pulse	55	6300000	8095	NA
156	Pulse	55	6310000	18095	NA
156	Pulse	55	6320000	28095	NA
156	Pulse	55	6330000	38095	NA
157	Pulse	55	6340000	7581	NA
157	Pulse	55	6350000	17581	NA
157	Pulse	55	6360000	27581	NA
157	Pulse	55	6370000	37581	NA
158	Pulse	55	6380000	7068	NA
158	Pulse	55	6390000	17068	NA
158	Pulse	55	6400000	27068	NA
158	Pulse	55	6410000	37068	NA
159	Pulse	55	6420000	6471	NA
159	Pulse	55	6430000	16471	NA
159	Pulse	55	6440000	26471	NA
159	Pulse	55	6450000	36471	NA
160	Pulse	55	6460000	5875	NA
160	Pulse	55	6470000	15875	NA
160	Pulse	55	6480000	25875	NA
160	Pulse	55	6490000	35875	NA
161	Pulse	55	6500000	5278	NA
161	Pulse	55	6510000	15278	NA
161	Pulse	55	6520000	25278	NA
161	Pulse	55	6530000	35278	NA
162	Pulse	55	6540000	4765	NA
162	Pulse	55	6550000	14765	NA
162	Pulse	55	6560000	24765	NA
162	Pulse	55	6570000	34765	NA
163	Pulse	55	6580000	4168	NA
163	Pulse	55	6590000	14168	NA
163	Pulse	55	6600000	24168	NA
163	Pulse	55	6610000	34168	NA
164	Pulse	55	6620000	3571	NA
164	Pulse	55	6630000	13571	NA
164	Pulse	55	6640000	23571	NA
164	Pulse	55	6650000	33571	NA
165	Pulse	55	6660000	2975	NA
165	Pulse	55	6670000	12975	NA
165	Pulse	55	6680000	22975	NA
165	Pulse	55	6690000	32975	NA
166	Pulse	55	6700000	2378	NA
166	Pulse	55	6710000	12378	NA
166	Pulse	55	6720000	22378	NA
166	Pulse	55	6730000	32378	NA
167	Pulse	55	6740000	1781	NA
167	Pulse	55	6750000	11781	NA
167	Pulse	55	6760000	21781	NA
167	Pulse	55	6770000	31781	NA
168	Pulse	55	6780000	1184	NA
168	Pulse	55	6790000	11184	NA
168	Pulse	55	6800000	21184	NA
168	Pulse	55	6810000	31184	NA
169	Pulse	55	6820000	671	NA
169	Pulse	55	6830000	10671	NA
169	Pulse	55	6840000	20671	NA
169	Pulse	55	6850000	30671	NA
170	Pulse	55	6860000	74	NA
170	Pulse	55	6870000	10074	NA
170	Pulse	55	6880000	20074	NA
170	Pulse	55	6890000	30074	NA
170	Pulse	55	6900000	40074	NA
171	Pulse	55	6910000	9561	NA
171	Pulse	55	6920000	19561	NA
171	Pulse	55	6930000	29561	NA
171	Pulse	55	6940000	39561	NA
172	Pulse	55	6950000	9048	NA
172	Pulse	55	6960000	19048	NA
172	Pulse	55	6970000	29048	NA
172	Pulse	55	6980000	39048	NA
173	Pulse	55	6990000	8451	NA
173	Pulse	55	7000000	18451	NA
173	Pulse	55	7010000	28451	NA
173	Pulse	55	7020000	38451	NA
174	Pulse	55	7030000	8021	NA
174	Pulse	55	7040000	18021	NA
174	Pulse	55	7050000	28021	NA
174	Pulse	55	7060000	38021	NA
175	Pulse	55	7070000	7508	NA
175	Pulse	55	7080000	17508	NA
175	Pulse	55	7090000	27508	NA
175	Pulse	55	7100000	37508	NA
176	Pulse	55	7110000	6911	NA
176	Pulse	55	7120000	16911	NA
176	Pulse	55	7130000	26911	NA
176	Pulse	55	7140000	36911	NA
177	Pulse	55	7150000	6398	NA
177	Pulse	55	7160000	16398	NA
177	Pulse	55	7170000	26398	NA
177	Pulse	55	7180000	36398	NA
178	Pulse	55	7190000	5884	NA
178	Pulse	55	7200000	15884	NA
178	Pulse	55	7210000	25884	NA
178	Pulse	55	7220000	35884	NA
179	Pulse	55	7230000	5371	NA
179	Pulse	55	7240000	15371	NA
179	Pulse	55	7250000	25371	NA
179	Pulse	55	7260000	35371	NA
180	Pulse	55	7270000	4774	NA
180	Pulse	55	7280000	14774	NA
180	Pulse	55	7290000	24774	NA
180	Pulse	55	7300000	34774	NA
181	Pulse	55	7310000	4178	NA
181	Pulse	55	7320000	14178	NA
181	Pulse	55	7330000	24178	NA
181	Pulse	55	7340000	34178	NA
182	Pulse	55	7350000	3581	NA
182	Pulse	55	7360000	13581	NA
182	Pulse	55	7370000	23581	NA
182	Pulse	55	7380000	33581	NA
183	Pulse	55	7390000	2984	NA
183	Pulse	55	7400000	12984	NA
183	Pulse	55	7410000	22984	NA
183	Pulse	55	7420000	32984	NA
184	Pulse	55	7430000	2387	NA
184	Pulse	55	7440000	12387	NA
184	Pulse	55	7450000	22387	NA
184	Pulse	55	7460000	32387	NA
185	Pulse	55	7470000	1874	NA
185	Pulse	55	7480000	11874	NA
185	Pulse	55	7490000	21874	NA
185	Pulse	55	7500000	31874	NA
186	Pulse	55	7510000	1277	NA
186	Pulse	55	7520000	11277	NA
186	Pulse	55	7530000	21277	NA
186	Pulse	55	7540000	31277	NA
187	Pulse	55	7550000	681	NA
187	Pulse	55	7560000	10681	NA
187	Pulse	55	7570000	20681	NA
187	Pulse	55	7580000	30681	NA
188	Pulse	55	7590000	84	NA
188	Pulse	55	7600000	10084	NA
188	Pulse	55	7610000	20084	NA
188	Pulse	55	7620000	30084	NA
188	Pulse	55	7630000	40084	NA
189	Pulse	55	7640000	9487	NA
189	Pulse	55	7650000	19487	NA
189	Pulse	55	7660000	29487	NA
189	Pulse	55	7670000	39487	NA
190	Pulse	55	7680000	8891	NA
190	Pulse	55	7690000	18891	NA
190	Pulse	55	7700000	28891	NA
190	Pulse	55	7710000	38891	NA
191	Pulse	55	7720000	8294	NA
191	Pulse	55	7730000	18294	NA
191	Pulse	55	7740000	28294	NA
191	Pulse	55	7750000	38294	NA
192	Pulse	55	7760000	7697	NA
192	Pulse	55	7770000	17697	NA
192	Pulse	55	7780000	27697	NA
192	Pulse	55	7790000	37697	NA
193	Pulse	55	7800000	7101	NA
193	Pulse	55	7810000	17101	NA
193	Pulse	55	7820000	27101	NA
193	Pulse	55	7830000	37101	NA
194	Pulse	55	7840000	6504	NA
194	Pulse	55	7850000	16504	NA
194	Pulse	55	7860000	26504	NA
194	Pulse	55	7870000	36504	NA
195	Pulse	55	7880000	5907	NA
195	Pulse	55	7890000	15907	NA
195	Pulse	55	7900000	25907	NA
195	Pulse	55	7910000	35907	NA
196	Pulse	55	7920000	5310	NA
196	Pulse	55	7930000	15310	NA
196	Pulse	55	7940000	25310	NA
196	Pulse	55	7950000	35310	NA
197	Pulse	55	7960000	4797	NA
197	Pulse	55	7970000	14797	NA
197	Pulse	55	7980000	24797	NA
197	Pulse	55	7990000	34797	NA
198	Pulse	55	8000000	4284	NA
198	Pulse	55	8010000	14284	NA
198	Pulse	55	8020000	24284	NA
198	Pulse	55	8030000	34284	NA
199	Pulse	55	8040000	3687	NA
199	Pulse	55	8050000	13687	NA
199	Pulse	55	8060000	23687	NA
199	Pulse	55	8070000	33687	NA
200	Pulse	55	8080000	3090	NA
200	Pulse	55	8090000	13090	NA
200	Pulse	55	8100000	23090	NA
200	Pulse	55	8110000	33090	NA
201	Pulse	55	8120000	2660	NA
201	Pulse	55	8130000	12660	NA
201	Pulse	55	8140000	22660	NA
201	Pulse	55	8150000	32660	NA
202	Pulse	55	8160000	2147	NA
202	Pulse	55	8170000	12147	NA
202	Pulse	55	8180000	22147	NA
202	Pulse	55	8190000	32147	NA
203	Pulse	55	8200000	1634	NA
203	Pulse	55	8210000	11634	NA
203	Pulse	55	8220000	21634	NA
203	Pulse	55	8230000	31634	NA
204	Pulse	55	8240000	1037	NA
204	Pulse	55	8250000	11037	NA
204	Pulse	55	8260000	21037	NA
204	Pulse	55	8270000	31037	NA
205	Pulse	55	8280000	524	NA
205	Pulse	55	8290000	10524	NA
205	Pulse	55	8300000	20524	NA
205	Pulse	55	8310000	30524	NA
205	Pulse	55	8320000	40524	NA
206	Pulse	55	8330000	9927	NA
206	Pulse	55	8340000	19927	NA
206	Pulse	55	8350000	29927	NA
206	Pulse	55	8360000	39927	NA
207	Pulse	55	8370000	9414	NA
207	Pulse	55	8380000	19414	NA
207	Pulse	55	8390000	29414	NA
207	Pulse	55	8400000	39414	NA
208	Pulse	55	8410000	8900	NA
208	Pulse	55	8420000	18900	NA
208	Pulse	55	8430000	28900	NA
208	Pulse	55	8440000	38900	NA
209	Pulse	55	8450000	8387	NA
209	Pulse	55	8460000	18387	NA
209	Pulse	55	8470000	28387	NA
209	Pulse	55	8480000	38387	NA
210	Pulse	55	8490000	7874	NA
210	Pulse	55	8500000	17874	NA
210	Pulse	55	8510000	27874	NA
210	Pulse	55	8520000	37874	NA
211	Pulse	55	8530000	7444	NA
211	Pulse	55	8540000	17444	NA
211	Pulse	55	8550000	27444	NA
211	Pulse	55	8560000	37444	NA
212	Pulse	55	8570000	6930	NA
212	Pulse	55	8580000	16930	NA
212	Pulse	55	8590000	26930	NA
212	Pulse	55	8600000	36930	NA
213	Pulse	55	8610000	6417	NA
213	Pulse	55	8620000	16417	NA
213	Pulse	55	8630000	26417	NA
213	Pulse	55	8640000	36417	NA
214	Pulse	55	8650000	5904	NA
214	Pulse	55	8660000	15904	NA
214	Pulse	55	8670000	25904	NA
214	Pulse	55	8680000	35904	NA
215	Pulse	55	8690000	5307	NA
215	Pulse	55	8700000	15307	NA
215	Pulse	55	8710000	25307	NA
215	Pulse	55	8720000	35307	NA
216	Pulse	55	8730000	4794	NA
216	Pulse	55	8740000	14794	NA
216	Pulse	55	8750000	24794	NA
216	Pulse	55	8760000	34794	NA
217	Pulse	55	8770000	4447	NA
217	Pulse	55	8780000	14447	NA
217	Pulse	55	8790000	24447	NA
217	Pulse	55	8800000	34447	NA
218	Pulse	55	8810000	3934	NA
218	Pulse	55	8820000	13934	NA
218	Pulse	55	8830000	23934	NA
218	Pulse	55	8840000	33934	NA
219	Pulse	55	8850000	3420	NA
219	Pulse	55	8860000	13420	NA
219	Pulse	55	8870000	23420	NA
219	Pulse	55	8880000	33420	NA
220	Pulse	55	8890000	2824	NA
220	Pulse	55	8900000	12824	NA
220	Pulse	55	8910000	22824	NA
220	Pulse	55	8920000	32824	NA
221	Pulse	55	8930000	2227	NA
221	Pulse	55	8940000	12227	NA
221	Pulse	55	8950000	22227	NA
221	Pulse	55	8960000	32227	NA
222	Pulse	55	8970000	1797	NA
222	Pulse	55	8980000	11797	NA
222	Pulse	55	8990000	21797	NA
222	Pulse	55	9000000	31797	NA
223	Pulse	55	9010000	1284	NA
223	Pulse	55	9020000	11284	NA
223	Pulse	55	9030000	21284	NA
223	Pulse	55	9040000	31284	NA
224	Pulse	55	9050000	687	NA
224	Pulse	55	9060000	10687	NA
224	Pulse	55	9070000	20687	NA
224	Pulse	55	9080000	30687	NA
225	Pulse	55	9090000	257	NA
225	Pulse	55	9100000	10257	NA
225	Pulse	55	9110000	20257	NA
225	Pulse	55	9120000	30257	NA
225	Pulse	55	9130000	40257	NA
226	Pulse	55	9140000	9743	NA
226	Pulse	55	9150000	19743	NA
226	Pulse	55	9160000	29743	NA
226	Pulse	55	9170000	39743	NA
227	Pulse	55	9180000	9230	NA
227	Pulse	55	9190000	19230	NA
227	Pulse	55	9200000	29230	NA
227	Pulse	55	9210000	39230	NA
228	Pulse	55	9220000	8717	NA
228	Pulse	55	9230000	18717	NA
228	Pulse	55	9240000	28717	NA
228	Pulse	55	9250000	38717	NA
229	Pulse	55	9260000	8203	NA
229	Pulse	55	9270000	18203	NA
229	Pulse	55	9280000	28203	NA
229	Pulse	55	9290000	38203	NA
230	Pulse	55	9300000	7690	NA
230	Pulse	55	9310000	17690	NA
230	Pulse	55	9320000	27690	NA
230	Pulse	55	9330000	37690	NA
231	Pulse	55	9340000	7177	NA
231	Pulse	55	9350000	17177	NA
231	Pulse	55	9360000	27177	NA
231	Pulse	55	9370000	37177	NA
232	Pulse	55	9380000	6580	NA
232	Pulse	55	9390000	16580	NA
232	Pulse	55	9400000	26580	NA
232	Pulse	55	9410000	36580	NA
233	Pulse	55	9420000	5983	NA
233	Pulse	55	9430000	15983	NA
233	Pulse	55	9440000	25983	NA
233	Pulse	55	9450000	35983	NA
234	Pulse	55	9460000	5387	NA
234	Pulse	55	9470000	15387	NA
234	Pulse	55	9480000	25387	NA
234	Pulse	55	9490000	35387	NA
235	Pulse	55	9500000	4790	NA
235	Pulse	55	9510000	14790	NA
235	Pulse	55	9520000	24790	NA
235	Pulse	55	9530000	34790	NA
236	Pulse	55	9540000	4193	NA
236	Pulse	55	9550000	14193	NA
236	Pulse	55	9560000	24193	NA
236	Pulse	55	9570000	34193	NA
237	Pulse	55	9580000	3597	NA
237	Pulse	55	9590000	13597	NA
237	Pulse	55	9600000	23597	NA
237	Pulse	55	9610000	33597	NA
238	Pulse	55	9620000	3083	NA
238	Pulse	55	9630000	13083	NA
238	Pulse	55	9640000	23083	NA
238	Pulse	55	9650000	33083	NA
239	Pulse	55	9660000	2570	NA
239	Pulse	55	9670000	12570	NA
239	Pulse	55	9680000	22570	NA
239	Pulse	55	9690000	32570	NA
240	Pulse	55	9700000	1973	NA
240	Pulse	55	9710000	11973	NA
240	Pulse	55	9720000	21973	NA
240	Pulse	55	9730000	31973	NA
241	Pulse	55	9740000	1460	NA
241	Pulse	55	9750000	11460	NA
241	Pulse	55	9760000	21460	NA
241	Pulse	55	9770000	31460	NA
242	Pulse	55	9780000	863	NA
242	Pulse	55	9790000	10863	NA
242	Pulse	55	9800000	20863	NA
242	Pulse	55	9810000	30863	NA
243	Pulse	55	9820000	266	NA
243	Pulse	55	9830000	10266	NA
243	Pulse	55	9840000	20266	NA
243	Pulse	55	9850000	30266	NA
243	Pulse	55	9860000	40266	NA
244	Pulse	55	9870000	9670	NA
244	Pulse	55	9880000	19670	NA
244	Pulse	55	9890000	29670	NA
244	Pulse	55	9900000	39670	NA
245	Pulse	55	9910000	9156	NA
245	Pulse	55	9920000	19156	NA
245	Pulse	55	9930000	29156	NA
245	Pulse	55	9940000	39156	NA
246	Pulse	55	9950000	8560	NA
246	Pulse	55	9960000	18560	NA
246	Pulse	55	9970000	28560	NA
246	Pulse	55	9980000	38560	NA
247	Pulse	55	9990000	7963	NA
247	Pulse	55	10000000	17963	NA
247	Pulse	55	10010000	27963	NA
247	Pulse	55	10020000	37963	NA
248	Pulse	55	10030000	7366	NA
248	Pulse	55	10040000	17366	NA
248	Pulse	55	10050000	27366	NA
248	Pulse	55	10060000	37366	NA
249	Pulse	55	10070000	6770	NA
249	Pulse	55	10080000	16770	NA
249	Pulse	55	10090000	26770	NA
249	Pulse	55	10100000	36770	NA
250	Pulse	55	10110000	6173	NA
250	Pulse	55	10120000	16173	NA
250	Pulse	55	10130000	26173	NA
250	Pulse	55	10140000	36173	NA
251	Pulse	55	10150000	5576	NA
251	Pulse	55	10160000	15576	NA
251	Pulse	55	10170000	25576	NA
251	Pulse	55	10180000	35576	NA
252	Pulse	55	10190000	4979	NA
252	Pulse	55	10200000	14979	NA
252	Pulse	55	10210000	24979	NA
252	Pulse	55	10220000	34979	NA
253	Pulse	55	10230000	4383	NA
253	Pulse	55	10240000	14383	NA
253	Pulse	55	10250000	24383	NA
253	Pulse	55	10260000	34383	NA
254	Pulse	55	10270000	3786	NA
254	Pulse	55	10280000	13786	NA
254	Pulse	55	10290000	23786	NA
254	Pulse	55	10300000	33786	NA
255	Pulse	55	10310000	3356	NA
255	Pulse	55	10320000	13356	NA
255	Pulse	55	10330000	23356	NA
255	Pulse	55	10340000	33356	NA
256	Pulse	55	10350000	2843	NA
256	Pulse	55	10360000	12843	NA
256	Pulse	55	10370000	22843	NA
256	Pulse	55	10380000	32843	NA
257	Pulse	55	10390000	2329	NA
257	Pulse	55	10400000	12329	NA
257	Pulse	55	10410000	22329	NA
257	Pulse	55	10420000	32329	NA
258	Pulse	55	10430000	1733	NA
258	Pulse	55	10440000	11733	NA
258	Pulse	55	10450000	21733	NA
258	Pulse	55	10460000	31733	NA
259	Pulse	55	10470000	1136	NA
259	Pulse	55	10480000	11136	NA
259	Pulse	55	10490000	21136	NA
259	Pulse	55	10500000	31136	NA
260	Pulse	55	10510000	539	NA
260	Pulse	55	10520000	10539	NA
260	Pulse	55	10530000	20539	NA
260	Pulse	55	10540000	30539	NA
260	Pulse	55	10550000	40539	NA
261	Pulse	55	10560000	9943	NA
261	Pulse	55	10570000	19943	NA
261	Pulse	55	10580000	29943	NA
261	Pulse	55	10590000	39943	NA
262	Pulse	55	10600000	9346	NA
262	Pulse	55	10610000	19346	NA
262	Pulse	55	10620000	29346	NA
262	Pulse	55	10630000	39346	NA
263	Pulse	55	10640000	8832	NA
263	Pulse	55	10650000	18832	NA
263	Pulse	55	10660000	28832	NA
263	Pulse	55	10670000	38832	NA
264	Pulse	55	10680000	8236	NA
264	Pulse	55	10690000	18236	NA
264	Pulse	55	10700000	28236	NA
264	Pulse	55	10710000	38236	NA
265	Pulse	55	10720000	7639	NA
265	Pulse	55	10730000	17639	NA
265	Pulse	55	10740000	27639	NA
265	Pulse	55	10750000	37639	NA
266	Pulse	55	10760000	7042	NA
266	Pulse	55	10770000	17042	NA
266	Pulse	55	10780000	27042	NA
266	Pulse	55	10790000	37042	NA
267	Pulse	55	10800000	6446	NA
267	Pulse	55	10810000	16446	NA
267	Pulse	55	10820000	26446	NA
267	Pulse	55	10830000	36446	NA
268	Pulse	55	10840000	5849	NA
268	Pulse	55	10850000	15849	NA
268	Pulse	55	10860000	25849	NA
268	Pulse	55	10870000	35849	NA
269	Pulse	55	10880000	5252	NA
269	Pulse	55	10890000	15252	NA
269	Pulse	55	10900000	25252	NA
269	Pulse	55	10910000	35252	NA
270	Pulse	55	10920000	4656	NA
270	Pulse	55	10930000	14656	NA
270	Pulse	55	10940000	24656	NA
270	Pulse	55	10950000	34656	NA
271	Pulse	55	10960000	4059	NA
271	Pulse	55	10970000	14059	NA
271	Pulse	55	10980000	24059	NA
271	Pulse	55	10990000	34059	NA
272	Pulse	55	11000000	3546	NA
272	Pulse	55	11010000	13546	NA
272	Pulse	55	11020000	23546	NA
272	Pulse	55	11030000	33546	NA
273	Pulse	55	11040000	2949	NA
273	Pulse	55	11050000	12949	NA
273	Pulse	55	11060000	22949	NA
273	Pulse	55	11070000	32949	NA
274	Pulse	55	11080000	2352	NA
274	Pulse	55	11090000	12352	NA
274	Pulse	55	11100000	22352	NA
274	Pulse	55	11110000	32352	NA
275	Pulse	55	11120000	1755	NA
275	Pulse	55	11130000	11755	NA
275	Pulse	55	11140000	21755	NA
275	Pulse	55	11150000	31755	NA
276	Pulse	55	11160000	1159	NA
276	Pulse	55	11170000	11159	NA
276	Pulse	55	11180000	21159	NA
276	Pulse	55	11190000	31159	NA
277	Pulse	55	11200000	562	NA
277	Pulse	55	11210000	10562	NA
277	Pulse	55	11220000	20562	NA
277	Pulse	55	11230000	30562	NA
277	Pulse	55	11240000	40562	NA
278	Pulse	55	11250000	9965	NA
278	Pulse	55	11260000	19965	NA
278	Pulse	55	11270000	29965	NA
278	Pulse	55	11280000	39965	NA
279	Pulse	55	11290000	9369	NA
279	Pulse	55	11300000	19369	NA
279	Pulse	55	11310000	29369	NA
279	Pulse	55	11320000	39369	NA
280	Pulse	55	11330000	8772	NA
280	Pulse	55	11340000	18772	NA
280	Pulse	55	11350000	28772	NA
280	Pulse	55	11360000	38772	NA
281	Pulse	55	11370000	8175	NA
281	Pulse	55	11380000	18175	NA
281	Pulse	55	11390000	28175	NA
281	Pulse	55	11400000	38175	NA
282	Pulse	55	11410000	7579	NA
282	Pulse	55	11420000	17579	NA
282	Pulse	55	11430000	27579	NA
282	Pulse	55	11440000	37579	NA
283	Pulse	55	11450000	6899	NA
283	Pulse	55	11460000	16899	NA
283	Pulse	55	11470000	26899	NA
283	Pulse	55	11480000	36899	NA
284	Pulse	55	11490000	6302	NA
284	Pulse	55	11500000	16302	NA
284	Pulse	55	11510000	26302	NA
284	Pulse	55	11520000	36302	NA
285	Pulse	55	11530000	5705	NA
285	Pulse	55	11540000	15705	NA
285	Pulse	55	11550000	25705	NA
285	Pulse	55	11560000	35705	NA
286	Pulse	55	11570000	5108	NA
286	Pulse	55	11580000	15108	NA
286	Pulse	55	11590000	25108	NA
286	Pulse	55	11600000	35108	NA
287	Pulse	55	11610000	4428	NA
287	Pulse	55	11620000	14428	NA
287	Pulse	55	11630000	24428	NA
287	Pulse	55	11640000	34428	NA
288	Pulse	55	11650000	3832	NA
288	Pulse	55	11660000	13832	NA
288	Pulse	55	11670000	23832	NA
288	Pulse	55	11680000	33832	NA
289	Pulse	55	11690000	3235	NA
289	Pulse	55	11700000	13235	NA
289	Pulse	55	11710000	23235	NA
289	Pulse	55	11720000	33235	NA
290	Pulse	55	11730000	2638	NA
290	Pulse	55	11740000	12638	NA
290	Pulse	55	11750000	22638	NA
290	Pulse	55	11760000	32638	NA
291	Pulse	55	11770000	1958	NA
291	Pulse	55	11780000	11958	NA
291	Pulse	55	11790000	21958	NA
291	Pulse	55	11800000	31958	NA
292	Pulse	55	11810000	1361	NA
292	Pulse	55	11820000	11361	NA
292	Pulse	55	11830000	21361	NA
292	Pulse	55	11840000	31361	NA
293	Pulse	55	11850000	765	NA
293	Pulse	55	11860000	10765	NA
293	Pulse	55	11870000	20765	NA
293	Pulse	55	11880000	30765	NA
294	Pulse	55	11890000	85	NA
294	Pulse	55	11900000	10085	NA
294	Pulse	55	11910000	20085	NA
294	Pulse	55	11920000	30085	NA
294	Pulse	55	11930000	40085	NA
295	Pulse	55	11940000	9488	NA
295	Pulse	55	11950000	19488	NA
295	Pulse	55	11960000	29488	NA
295	Pulse	55	11970000	39488	NA
296	Pulse	55	11980000	8891	NA
296	Pulse	55	11990000	18891	NA
296	Pulse	55	12000000	28891	NA
296	Pulse	55	12010000	38891	NA
297	Pulse	55	12020000	8295	NA
297	Pulse	55	12030000	18295	NA
297	Pulse	55	12040000	28295	NA
297	Pulse	55	12050000	38295	NA
298	Pulse	55	12060000	7614	NA
298	Pulse	55	12070000	17614	NA
298	Pulse	55	12080000	27614	NA
298	Pulse	55	12090000	37614	NA
299	Pulse	55	12100000	7018	NA
299	Pulse	55	12110000	17018	NA
299	Pulse	55	12120000	27018	NA
299	Pulse	55	12130000	37018	NA
300	Pulse	55	12140000	6421	NA
300	Pulse	55	12150000	16421	NA
300	Pulse	55	12160000	26421	NA
300	Pulse	55	12170000	36421	NA
301	Pulse	55	12180000	5741	NA
301	Pulse	55	12190000	15741	NA
301	Pulse	55	12200000	25741	NA
301	Pulse	55	12210000	35741	NA
302	Pulse	55	12220000	5144	NA
302	Pulse	55	12230000	15144	NA
302	Pulse	55	12240000	25144	NA
302	Pulse	55	12250000	35144	NA
303	Pulse	55	12260000	4548	NA
303	Pulse	55	12270000	14548	NA
303	Pulse	55	12280000	24548	NA
303	Pulse	55	12290000	34548	NA
304	Pulse	55	12300000	3951	NA
304	Pulse	55	12310000	13951	NA
304	Pulse	55	12320000	23951	NA
304	Pulse	55	12330000	33951	NA
305	Pulse	55	12340000	3354	NA
305	Pulse	55	12350000	13354	NA
305	Pulse	55	12360000	23354	NA
305	Pulse	55	12370000	33354	NA
306	Pulse	55	12380000	2758	NA
306	Pulse	55	12390000	12758	NA
306	Pulse	55	12400000	22758	NA
306	Pulse	55	12410000	32758	NA
307	Pulse	55	12420000	2161	NA
307	Pulse	55	12430000	12161	NA
307	Pulse	55	12440000	22161	NA
307	Pulse	55	12450000	32161	NA
308	Pulse	55	12460000	1481	NA
308	Pulse	55	12470000	11481	NA
308	Pulse	55	12480000	21481	NA
308	Pulse	55	12490000	31481	NA
309	Pulse	55	12500000	884	NA
309	Pulse	55	12510000	10884	NA
309	Pulse	55	12520000	20884	NA
309	Pulse	55	12530000	30884	NA
310	Pulse	55	12540000	204	NA
310	Pulse	55	12550000	10204	NA
310	Pulse	55	12560000	20204	NA
310	Pulse	55	12570000	30204	NA
310	Pulse	55	12580000	40204	NA
311	Pulse	55	12590000	9607	NA
311	Pulse	55	12600000	19607	NA
311	Pulse	55	12610000	29607	NA
311	Pulse	55	12620000	39607	NA
312	Pulse	55	12630000	8927	NA
312	Pulse	55	12640000	18927	NA
312	Pulse	55	12650000	28927	NA
312	Pulse	55	12660000	38927	NA
313	Pulse	55	12670000	8331	NA
313	Pulse	55	12680000	18331	NA
313	Pulse	55	12690000	28331	NA
313	Pulse	55	12700000	38331	NA
314	Pulse	55	12710000	7734	NA
314	Pulse	55	12720000	17734	NA
314	Pulse	55	12730000	27734	NA
314	Pulse	55	12740000	37734	NA
315	Pulse	55	12750000	7137	NA
315	Pulse	55	12760000	17137	NA
315	Pulse	55	12770000	27137	NA
315	Pulse	55	12780000	37137	NA
316	Pulse	55	12790000	6540	NA
316	Pulse	55	12800000	16540	NA
316	Pulse	55	12810000	26540	NA
316	Pulse	55	12820000	36540	NA
317	Pulse	55	12830000	5944	NA
317	Pulse	55	12840000	15944	NA
317	Pulse	55	12850000	25944	NA
317	Pulse	55	12860000	35944	NA
318	Pulse	55	12870000	5264	NA
318	Pulse	55	12880000	15264	NA
318	Pulse	55	12890000	25264	NA
318	Pulse	55	12900000	35264	NA
319	Pulse	55	12910000	4667	NA
319	Pulse	55	12920000	14667	NA
319	Pulse	55	12930000	24667	NA
319	Pulse	55	12940000	34667	NA
320	Pulse	55	12950000	4070	NA
320	Pulse	55	12960000	14070	NA
320	Pulse	55	12970000	24070	NA
320	Pulse	55	12980000	34070	NA
321	Pulse	55	12990000	3474	NA
321	Pulse	55	13000000	13474	NA
321	Pulse	55	13010000	23474	NA
321	Pulse	55	13020000	33474	NA
322	Pulse	55	13030000	2877	NA
322	Pulse	55	13040000	12877	NA
322	Pulse	55	13050000	22877	NA
322	Pulse	55	13060000	32877	NA
323	Pulse	55	13070000	2280	NA
323	Pulse	55	13080000	12280	NA
323	Pulse	55	13090000	22280	NA
323	Pulse	55	13100000	32280	NA
324	Pulse	55	13110000	1683	NA
324	Pulse	55	13120000	11683	NA
324	Pulse	55	13130000	21683	NA
324	Pulse	55	13140000	31683	NA
325	Pulse	55	13150000	1087	NA
325	Pulse	55	13160000	11087	NA
325	Pulse	55	13170000	21087	NA
325	Pulse	55	13180000	31087	NA
326	Pulse	55	13190000	490	NA
326	Pulse	55	13200000	10490	NA
326	Pulse	55	13210000	20490	NA
326	Pulse	55	13220000	30490	NA
326	Pulse	55	13230000	40490	NA
327	Pulse	55	13240000	9810	NA
327	Pulse	55	13250000	19810	NA
327	Pulse	55	13260000	29810	NA
327	Pulse	55	13270000	39810	NA
328	Pulse	55	13280000	9213	NA
328	Pulse	55	13290000	19213	NA
328	Pulse	55	13300000	29213	NA
328	Pulse	55	13310000	39213	NA
329	Pulse	55	13320000	8617	NA
329	Pulse	55	13330000	18617	NA
329	Pulse	55	13340000	28617	NA
329	Pulse	55	13350000	38617	NA
330	Pulse	55	13360000	8020	NA
330	Pulse	55	13370000	18020	NA
330	Pulse	55	13380000	28020	NA
330	Pulse	55	13390000	38020	NA
331	Pulse	55	13400000	7423	NA
331	Pulse	55	13410000	17423	NA
331	Pulse	55	13420000	27423	NA
331	Pulse	55	13430000	37423	NA
332	Pulse	55	13440000	6826	NA
332	Pulse	55	13450000	16826	NA
332	Pulse	55	13460000	26826	NA
332	Pulse	55	13470000	36826	NA
333	Pulse	55	13480000	6230	NA
333	Pulse	55	13490000	16230	NA
333	Pulse	55	13500000	26230	NA
333	Pulse	55	13510000	36230	NA
334	Pulse	55	13520000	5633	NA
334	Pulse	55	13530000	15633	NA
334	Pulse	55	13540000	25633	NA
334	Pulse	55	13550000	35633	NA
335	Pulse	55	13560000	5036	NA
335	Pulse	55	13570000	15036	NA
335	Pulse	55	13580000	25036	NA
335	Pulse	55	13590000	35036	NA
336	Pulse	55	13600000	4440	NA
336	Pulse	55	13610000	14440	NA
336	Pulse	55	13620000	24440	NA
336	Response	1	13626314	30754	1
336	Pulse	55	13630000	34440	NA
337	Pulse	55	13640000	4343	NA
337	Pulse	55	13650000	14343	NA
338	Pulse	55	13660000	4253	NA
338	Pulse	55	13670000	14253	NA
338	Pulse	55	13680000	24253	NA
338	Pulse	55	13690000	34253	NA
338	Pulse	55	13700000	44253	NA
338	Pulse	55	13710000	54253	NA
338	Pulse	55	13720000	64253	NA
338	Pulse	55	13730000	74253	NA
338	Pulse	55	13740000	84253	NA
338	Pulse	55	13750000	94253	NA
338	Pulse	55	13760000	104253	NA
338	Pulse	55	13770000	114253	NA
338	Pulse	55	13780000	124253	NA
338	Pulse	55	13790000	134253	NA
338	Pulse	55	13800000	144253	NA
338	Pulse	55	13810000	154253	NA
338	Pulse	55	13820000	164253	NA
338	Pulse	55	13830000	174253	NA
338	Pulse	55	13840000	184253	NA
338	Pulse	55	13850000	194253	NA
338	Pulse	55	13860000	204253	NA
338	Pulse	55	13870000	214253	NA
338	Pulse	55	13880000	224253	NA
338	Pulse	55	13890000	234253	NA
338	Pulse	55	13900000	244253	NA
338	Pulse	55	13910000	254253	NA
338	Pulse	55	13920000	264253	NA
338	Pulse	55	13930000	274253	NA
338	Pulse	55	13940000	284253	NA
338	Pulse	55	13950000	294253	NA
338	Response	1	13951032	295285	1
338	Pulse	55	13960000	304253	NA
338	Pulse	55	13970000	314253	NA
339	Pulse	55	13980000	9900	NA
339	Pulse	55	13990000	19900	NA
339	Pulse	55	14000000	29900	NA
339	Pulse	55	14010000	39900	NA
339	Pulse	55	14020000	49900	NA
339	Pulse	55	14030000	59900	NA
339	Pulse	55	14040000	69900	NA
339	Pulse	55	14050000	79900	NA
339	Pulse	55	14060000	89900	NA
339	Pulse	55	14070000	99900	NA
339	Pulse	55	14080000	109900	NA
339	Pulse	55	14090000	119900	NA
339	Pulse	55	14100000	129900	NA
339	Pulse	55	14110000	139900	NA
339	Pulse	55	14120000	149900	NA
339	Pulse	55	14130000	159900	NA
339	Pulse	55	14140000	169900	NA
339	Pulse	55	14150000	179900	NA
339	Pulse	55	14160000	189900	NA
339	Pulse	55	14170000	199900	NA
339	Pulse	55	14180000	209900	NA
339	Pulse	55	14190000	219900	NA
339	Pulse	55	14200000	229900	NA
339	Pulse	55	14210000	239900	NA
339	Pulse	55	14220000	249900	NA
339	Pulse	55	14230000	259900	NA
339	Pulse	55	14240000	269900	NA
339	Pulse	55	14250000	279900	NA
339	Pulse	55	14260000	289900	NA
339	Pulse	55	14270000	299900	NA
339	Pulse	55	14280000	309900	NA
339	Pulse	55	14290000	319900	NA
339	Pulse	55	14300000	329900	NA
339	Pulse	55	14310000	339900	NA
339	Pulse	55	14320000	349900	NA
339	Pulse	55	14330000	359900	NA
339	Pulse	55	14340000	369900	NA
339	Pulse	55	14350000	379900	NA
339	Pulse	55	14360000	389900	NA
339	Pulse	55	14370000	399900	NA
339	Pulse	55	14380000	409900	NA
339	Pulse	55	14390000	419900	NA
339	Pulse	55	14400000	429900	NA
339	Pulse	55	14410000	439900	NA
339	Pulse	55	14420000	449900	NA
339	Pulse	55	14430000	459900	NA
339	Pulse	55	14440000	469900	NA
339	Pulse	55	14450000	479900	NA
339	Pulse	55	14460000	489900	NA
339	Pulse	55	14470000	499900	NA
339	Pulse	55	14480000	509900	NA
339	Pulse	55	14490000	519900	NA
339	Pulse	55	14500000	529900	NA
339	Pulse	55	14510000	539900	NA
339	Pulse	55	14520000	549900	NA
339	Pulse	55	14530000	559900	NA
339	Pulse	55	14540000	569900	NA
339	Pulse	55	14550000	579900	NA
339	Pulse	55	14560000	589900	NA
339	Pulse	55	14570000	599900	NA
339	Pulse	55	14580000	609900	NA
339	Pulse	55	14590000	619900	NA
339	Pulse	55	14600000	629900	NA
339	Pulse	55	14610000	639900	NA
339	Pulse	55	14620000	649900	NA
339	Pulse	55	14630000	659900	NA
339	Pulse	55	14640000	669900	NA
339	Pulse	55	14650000	679900	NA
339	Pulse	55	14660000	689900	NA
339	Pulse	55	14670000	699900	NA
339	Pulse	55	14680000	709900	NA
339	Pulse	55	14690000	719900	NA
339	Pulse	55	14700000	729900	NA
339	Pulse	55	14710000	739900	NA
339	Pulse	55	14720000	749900	NA
339	Pulse	55	14730000	759900	NA
339	Pulse	55	14740000	769900	NA
339	Pulse	55	14750000	779900	NA
339	Pulse	55	14760000	789900	NA
339	Pulse	55	14770000	799900	NA
339	Pulse	55	14780000	809900	NA
339	Pulse	55	14790000	819900	NA
339	Pulse	55	14800000	829900	NA
339	Pulse	55	14810000	839900	NA
339	Pulse	55	14820000	849900	NA
339	Pulse	55	14830000	859900	NA
339	Pulse	55	14840000	869900	NA
339	Pulse	55	14850000	879900	NA
339	Pulse	55	14860000	889900	NA
339	Pulse	55	14870000	899900	NA
339	Pulse	55	14880000	909900	NA
339	Pulse	55	14890000	919900	NA
339	Pulse	55	14900000	929900	NA
339	Pulse	55	14910000	939900	NA
339	Pulse	55	14920000	949900	NA
339	Pulse	55	14930000	959900	NA
339	Pulse	55	14940000	969900	NA
339	Pulse	55	14950000	979900	NA
339	Pulse	55	14960000	989900	NA
339	Pulse	55	14970000	999900	NA
339	Pulse	55	14980000	1009900	NA
339	Pulse	55	14990000	1019900	NA
339	Pulse	55	15000000	1029900	NA
339	Pulse	55	15010000	1039900	NA
339	Pulse	55	15020000	1049900	NA
339	Pulse	55	15030000	1059900	NA
339	Pulse	55	15040000	1069900	NA
339	Pulse	55	15050000	1079900	NA
339	Pulse	55	15060000	1089900	NA
339	Pulse	55	15070000	1099900	NA
339	Pulse	55	15080000	1109900	NA
339	Pulse	55	15090000	1119900	NA
339	Pulse	55	15100000	1129900	NA
339	Pulse	55	15110000	1139900	NA
339	Pulse	55	15120000	1149900	NA
339	Pulse	55	15130000	1159900	NA
339	Pulse	55	15140000	1169900	NA
339	Pulse	55	15150000	1179900	NA
339	Pulse	55	15160000	1189900	NA
339	Pulse	55	15170000	1199900	NA
339	Pulse	55	15180000	1209900	NA
339	Pulse	55	15190000	1219900	NA
339	Pulse	55	15200000	1229900	NA
339	Pulse	55	15210000	1239900	NA
339	Pulse	55	15220000	1249900	NA
339	Pulse	55	15230000	1259900	NA
339	Pulse	55	15240000	1269900	NA
339	Pulse	55	15250000	1279900	NA
339	Pulse	55	15260000	1289900	NA
339	Pulse	55	15270000	1299900	NA
339	Pulse	55	15280000	1309900	NA
339	Pulse	55	15290000	1319900	NA
339	Pulse	55	15300000	1329900	NA
339	Pulse	55	15310000	1339900	NA
339	Pulse	55	15320000	1349900	NA
339	Pulse	55	15330000	1359900	NA
339	Pulse	55	15340000	1369900	NA
339	Pulse	55	15350000	1379900	NA
339	Pulse	55	15360000	1389900	NA
339	Pulse	55	15370000	1399900	NA
339	Pulse	55	15380000	1409900	NA
339	Pulse	55	15390000	1419900	NA
339	Pulse	55	15400000	1429900	NA
339	Pulse	55	15410000	1439900	NA
339	Pulse	55	15420000	1449900	NA
339	Pulse	55	15430000	1459900	NA
339	Pulse	55	15440000	1469900	NA
339	Pulse	55	15450000	1479900	NA
339	Pulse	55	15460000	1489900	NA
339	Pulse	55	15470000	1499900	NA
339	Pulse	55	15480000	1509900	NA
339	Pulse	55	15490000	1519900	NA
339	Pulse	55	15500000	1529900	NA
339	Pulse	55	15510000	1539900	NA
339	Pulse	55	15520000	1549900	NA
339	Pulse	55	15530000	1559900	NA
339	Pulse	55	15540000	1569900	NA
339	Pulse	55	15550000	1579900	NA
339	Pulse	55	15560000	1589900	NA
339	Pulse	55	15570000	1599900	NA
339	Pulse	55	15580000	1609900	NA
339	Pulse	55	15590000	1619900	NA
339	Pulse	55	15600000	1629900	NA
339	Pulse	55	15610000	1639900	NA
339	Pulse	55	15620000	1649900	NA
339	Pulse	55	15630000	1659900	NA
339	Pulse	55	15640000	1669900	NA
339	Pulse	55	15650000	1679900	NA
339	Pulse	55	15660000	1689900	NA
339	Pulse	55	15670000	1699900	NA
339	Pulse	55	15680000	1709900	NA
339	Pulse	55	15690000	1719900	NA
339	Pulse	55	15700000	1729900	NA
339	Pulse	55	15710000	1739900	NA
339	Pulse	55	15720000	1749900	NA
339	Pulse	55	15730000	1759900	NA
339	Pulse	55	15740000	1769900	NA
339	Pulse	55	15750000	1779900	NA
339	Pulse	55	15760000	1789900	NA
339	Pulse	55	15770000	1799900	NA
339	Pulse	55	15780000	1809900	NA
339	Pulse	55	15790000	1819900	NA
339	Pulse	55	15800000	1829900	NA
339	Pulse	55	15810000	1839900	NA
339	Pulse	55	15820000	1849900	NA
339	Pulse	55	15830000	1859900	NA
339	Pulse	55	15840000	1869900	NA
339	Pulse	55	15850000	1879900	NA
339	Pulse	55	15860000	1889900	NA
339	Pulse	55	15870000	1899900	NA
339	Pulse	55	15880000	1909900	NA
339	Pulse	55	15890000	1919900	NA
339	Pulse	55	15900000	1929900	NA
339	Pulse	55	15910000	1939900	NA
339	Pulse	55	15920000	1949900	NA
339	Pulse	55	15930000	1959900	NA
339	Pulse	55	15940000	1969900	NA
339	Pulse	55	15950000	1979900	NA
339	Pulse	55	15960000	1989900	NA
339	Pulse	55	15970000	1999900	NA
339	Pulse	55	15980000	2009900	NA
339	Pulse	55	15990000	2019900	NA
339	Pulse	55	16000000	2029900	NA
339	Pulse	55	16010000	2039900	NA
339	Pulse	55	16020000	2049900	NA
339	Pulse	55	16030000	2059900	NA
339	Pulse	55	16040000	2069900	NA
339	Pulse	55	16050000	2079900	NA
339	Pulse	55	16060000	2089900	NA
339	Pulse	55	16070000	2099900	NA
339	Pulse	55	16080000	2109900	NA
339	Pulse	55	16090000	2119900	NA
339	Pulse	55	16100000	2129900	NA
339	Pulse	55	16110000	2139900	NA
339	Pulse	55	16120000	2149900	NA
339	Pulse	55	16130000	2159900	NA
339	Pulse	55	16140000	2169900	NA
339	Pulse	55	16150000	2179900	NA
339	Pulse	55	16160000	2189900	NA
339	Pulse	55	16170000	2199900	NA
339	Pulse	55	16180000	2209900	NA
339	Pulse	55	16190000	2219900	NA
339	Pulse	55	16200000	2229900	NA
339	Pulse	55	16210000	2239900	NA
339	Pulse	55	16220000	2249900	NA
339	Pulse	55	16230000	2259900	NA
339	Pulse	55	16240000	2269900	NA
339	Pulse	55	16250000	2279900	NA
339	Pulse	55	16260000	2289900	NA
339	Pulse	55	16270000	2299900	NA
339	Pulse	55	16280000	2309900	NA
339	Pulse	55	16290000	2319900	NA
339	Pulse	55	16300000	2329900	NA
339	Pulse	55	16310000	2339900	NA
339	Pulse	55	16320000	2349900	NA
339	Pulse	55	16330000	2359900	NA
339	Pulse	55	16340000	2369900	NA
339	Pulse	55	16350000	2379900	NA
339	Pulse	55	16360000	2389900	NA
339	Pulse	55	16370000	2399900	NA
339	Pulse	55	16380000	2409900	NA
339	Pulse	55	16390000	2419900	NA
339	Pulse	55	16400000	2429900	NA
339	Pulse	55	16410000	2439900	NA
339	Pulse	55	16420000	2449900	NA
339	Pulse	55	16430000	2459900	NA
339	Pulse	55	16440000	2469900	NA
339	Pulse	55	16450000	2479900	NA
339	Pulse	55	16460000	2489900	NA
339	Pulse	55	16470000	2499900	NA
339	Pulse	55	16480000	2509900	NA
339	Pulse	55	16490000	2519900	NA
339	Pulse	55	16500000	2529900	NA
339	Pulse	55	16510000	2539900	NA
339	Pulse	55	16520000	2549900	NA
339	Pulse	55	16530000	2559900	NA
339	Pulse	55	16540000	2569900	NA
339	Pulse	55	16550000	2579900	NA
339	Pulse	55	16560000	2589900	NA
339	Pulse	55	16570000	2599900	NA
339	Pulse	55	16580000	2609900	NA
339	Pulse	55	16590000	2619900	NA
339	Pulse	55	16600000	2629900	NA
339	Pulse	55	16610000	2639900	NA
339	Pulse	55	16620000	2649900	NA
339	Pulse	55	16630000	2659900	NA
339	Pulse	55	16640000	2669900	NA
339	Pulse	55	16650000	2679900	NA
339	Pulse	55	16660000	2689900	NA
339	Pulse	55	16670000	2699900	NA
339	Pulse	55	16680000	2709900	NA
339	Pulse	55	16690000	2719900	NA
339	Pulse	55	16700000	2729900	NA
339	Pulse	55	16710000	2739900	NA
339	Pulse	55	16720000	2749900	NA
339	Pulse	55	16730000	2759900	NA
339	Pulse	55	16740000	2769900	NA
339	Pulse	55	16750000	2779900	NA
339	Pulse	55	16760000	2789900	NA
339	Pulse	55	16770000	2799900	NA
339	Pulse	55	16780000	2809900	NA
339	Pulse	55	16790000	2819900	NA
339	Pulse	55	16800000	2829900	NA
339	Pulse	55	16810000	2839900	NA
339	Pulse	55	16820000	2849900	NA
339	Pulse	55	16830000	2859900	NA
339	Pulse	55	16840000	2869900	NA
339	Pulse	55	16850000	2879900	NA
339	Pulse	55	16860000	2889900	NA
339	Pulse	55	16870000	2899900	NA
339	Pulse	55	16880000	2909900	NA
339	Pulse	55	16890000	2919900	NA
339	Pulse	55	16900000	2929900	NA
339	Pulse	55	16910000	2939900	NA
339	Pulse	55	16920000	2949900	NA
339	Pulse	55	16930000	2959900	NA
339	Pulse	55	16940000	2969900	NA
339	Pulse	55	16950000	2979900	NA
339	Pulse	55	16960000	2989900	NA
339	Pulse	55	16970000	2999900	NA
339	Pulse	55	16980000	3009900	NA
339	Pulse	55	16990000	3019900	NA
339	Pulse	55	17000000	3029900	NA
339	Pulse	55	17010000	3039900	NA
339	Pulse	55	17020000	3049900	NA
339	Pulse	55	17030000	3059900	NA
339	Pulse	55	17040000	3069900	NA
339	Pulse	55	17050000	3079900	NA
339	Pulse	55	17060000	3089900	NA
339	Pulse	55	17070000	3099900	NA
339	Pulse	55	17080000	3109900	NA
339	Pulse	55	17090000	3119900	NA
339	Pulse	55	17100000	3129900	NA
339	Pulse	55	17110000	3139900	NA
339	Pulse	55	17120000	3149900	NA
339	Pulse	55	17130000	3159900	NA
339	Pulse	55	17140000	3169900	NA
339	Pulse	55	17150000	3179900	NA
339	Pulse	55	17160000	3189900	NA
339	Pulse	55	17170000	3199900	NA
339	Pulse	55	17180000	3209900	NA
339	Pulse	55	17190000	3219900	NA
339	Pulse	55	17200000	3229900	NA
339	Pulse	55	17210000	3239900	NA
339	Pulse	55	17220000	3249900	NA
339	Pulse	55	17230000	3259900	NA
339	Pulse	55	17240000	3269900	NA
339	Pulse	55	17250000	3279900	NA
339	Pulse	55	17260000	3289900	NA
339	Pulse	55	17270000	3299900	NA
339	Pulse	55	17280000	3309900	NA
339	Pulse	55	17290000	3319900	NA
339	Pulse	55	17300000	3329900	NA
339	Pulse	55	17310000	3339900	NA
339	Pulse	55	17320000	3349900	NA
339	Pulse	55	17330000	3359900	NA
339	Pulse	55	17340000	3369900	NA
339	Pulse	55	17350000	3379900	NA
339	Pulse	55	17360000	3389900	NA
339	Pulse	55	17370000	3399900	NA
339	Pulse	55	17380000	3409900	NA
339	Pulse	55	17390000	3419900	NA
339	Pulse	55	17400000	3429900	NA
339	Pulse	55	17410000	3439900	NA
339	Pulse	55	17420000	3449900	NA
339	Pulse	55	17430000	3459900	NA
339	Pulse	55	17440000	3469900	NA
339	Pulse	55	17450000	3479900	NA
339	Pulse	55	17460000	3489900	NA
339	Pulse	55	17470000	3499900	NA
339	Pulse	55	17480000	3509900	NA
339	Pulse	55	17490000	3519900	NA
339	Pulse	55	17500000	3529900	NA
339	Pulse	55	17510000	3539900	NA
339	Pulse	55	17520000	3549900	NA
339	Pulse	55	17530000	3559900	NA
339	Pulse	55	17540000	3569900	NA
339	Pulse	55	17550000	3579900	NA
339	Pulse	55	17560000	3589900	NA
339	Pulse	55	17570000	3599900	NA
339	Pulse	55	17580000	3609900	NA
339	Pulse	55	17590000	3619900	NA
339	Pulse	55	17600000	3629900	NA
339	Pulse	55	17610000	3639900	NA
339	Pulse	55	17620000	3649900	NA
339	Pulse	55	17630000	3659900	NA
339	Pulse	55	17640000	3669900	NA
339	Pulse	55	17650000	3679900	NA
339	Pulse	55	17660000	3689900	NA
339	Pulse	55	17670000	3699900	NA
339	Pulse	55	17680000	3709900	NA
339	Pulse	55	17690000	3719900	NA
339	Pulse	55	17700000	3729900	NA
339	Pulse	55	17710000	3739900	NA
339	Pulse	55	17720000	3749900	NA
339	Pulse	55	17730000	3759900	NA
339	Pulse	55	17740000	3769900	NA
339	Pulse	55	17750000	3779900	NA
339	Pulse	55	17760000	3789900	NA
339	Pulse	55	17770000	3799900	NA
339	Pulse	55	17780000	3809900	NA
339	Pulse	55	17790000	3819900	NA
339	Pulse	55	17800000	3829900	NA
339	Pulse	55	17810000	3839900	NA
339	Pulse	55	17820000	3849900	NA
339	Pulse	55	17830000	3859900	NA
339	Pulse	55	17840000	3869900	NA
339	Pulse	55	17850000	3879900	NA
339	Pulse	55	17860000	3889900	NA
339	Pulse	55	17870000	3899900	NA
339	Pulse	55	17880000	3909900	NA
339	Pulse	55	17890000	3919900	NA
339	Pulse	55	17900000	3929900	NA
339	Pulse	55	17910000	3939900	NA
339	Pulse	55	17920000	3949900	NA
339	Pulse	55	17930000	3959900	NA
339	Pulse	55	17940000	3969900	NA
339	Pulse	55	17950000	3979900	NA
339	Pulse	55	17960000	3989900	NA
339	Pulse	55	17970000	3999900	NA
339	Pulse	55	17980000	4009900	NA
339	Pulse	55	17990000	4019900	NA
339	Pulse	55	18000000	4029900	NA
339	Pulse	55	18010000	4039900	NA
339	Pulse	55	18020000	4049900	NA
339	Pulse	55	18030000	4059900	NA
339	Pulse	55	18040000	4069900	NA
339	Pulse	55	18050000	4079900	NA
339	Pulse	55	18060000	4089900	NA
339	Pulse	55	18070000	4099900	NA
339	Pulse	55	18080000	4109900	NA
339	Pulse	55	18090000	4119900	NA
339	Pulse	55	18100000	4129900	NA
339	Pulse	55	18110000	4139900	NA
339	Pulse	55	18120000	4149900	NA
339	Pulse	55	18130000	4159900	NA
339	Pulse	55	18140000	4169900	NA
339	Pulse	55	18150000	4179900	NA
339	Pulse	55	18160000	4189900	NA
339	Pulse	55	18170000	4199900	NA
339	Pulse	55	18180000	4209900	NA
339	Pulse	55	18190000	4219900	NA
339	Pulse	55	18200000	4229900	NA
339	Pulse	55	18210000	4239900	NA
339	Pulse	55	18220000	4249900	NA
339	Pulse	55	18230000	4259900	NA
339	Pulse	55	18240000	4269900	NA
339	Pulse	55	18250000	4279900	NA
339	Pulse	55	18260000	4289900	NA
339	Pulse	55	18270000	4299900	NA
339	Pulse	55	18280000	4309900	NA
339	Pulse	55	18290000	4319900	NA
339	Pulse	55	18300000	4329900	NA
339	Pulse	55	18310000	4339900	NA
339	Pulse	55	18320000	4349900	NA
339	Pulse	55	18330000	4359900	NA
339	Pulse	55	18340000	4369900	NA
339	Pulse	55	18350000	4379900	NA
339	Pulse	55	18360000	4389900	NA
339	Pulse	55	18370000	4399900	NA
339	Pulse	55	18380000	4409900	NA
339	Pulse	55	18390000	4419900	NA
339	Pulse	55	18400000	4429900	NA
339	Pulse	55	18410000	4439900	NA
339	Pulse	55	18420000	4449900	NA
339	Pulse	55	18430000	4459900	NA
339	Pulse	55	18440000	4469900	NA
339	Pulse	55	18450000	4479900	NA
339	Pulse	55	18460000	4489900	NA
339	Pulse	55	18470000	4499900	NA
339	Pulse	55	18480000	4509900	NA
339	Pulse	55	18490000	4519900	NA
339	Pulse	55	18500000	4529900	NA
339	Pulse	55	18510000	4539900	NA
339	Pulse	55	18520000	4549900	NA
339	Pulse	55	18530000	4559900	NA
339	Pulse	55	18540000	4569900	NA
339	Pulse	55	18550000	4579900	NA
339	Pulse	55	18560000	4589900	NA
339	Pulse	55	18570000	4599900	NA
339	Pulse	55	18580000	4609900	NA
339	Pulse	55	18590000	4619900	NA
339	Pulse	55	18600000	4629900	NA
339	Pulse	55	18610000	4639900	NA
339	Pulse	55	18620000	4649900	NA
339	Pulse	55	18630000	4659900	NA
339	Pulse	55	18640000	4669900	NA
339	Pulse	55	18650000	4679900	NA
339	Pulse	55	18660000	4689900	NA
339	Pulse	55	18670000	4699900	NA
339	Pulse	55	18680000	4709900	NA
339	Pulse	55	18690000	4719900	NA
339	Pulse	55	18700000	4729900	NA
339	Pulse	55	18710000	4739900	NA
339	Pulse	55	18720000	4749900	NA
339	Pulse	55	18730000	4759900	NA
339	Pulse	55	18740000	4769900	NA
339	Pulse	55	18750000	4779900	NA
339	Pulse	55	18760000	4789900	NA
339	Pulse	55	18770000	4799900	NA
339	Pulse	55	18780000	4809900	NA
339	Pulse	55	18790000	4819900	NA
339	Pulse	55	18800000	4829900	NA
339	Pulse	55	18810000	4839900	NA
339	Pulse	55	18820000	4849900	NA
339	Pulse	55	18830000	4859900	NA
339	Pulse	55	18840000	4869900	NA
339	Pulse	55	18850000	4879900	NA
339	Pulse	55	18860000	4889900	NA
339	Pulse	55	18870000	4899900	NA
339	Pulse	55	18880000	4909900	NA
339	Pulse	55	18890000	4919900	NA
339	Pulse	55	18900000	4929900	NA
339	Pulse	55	18910000	4939900	NA
339	Pulse	55	18920000	4949900	NA
339	Response	1	18928150	4958049	1
340	Pulse	55	18930000	1767	NA
340	Pulse	55	18940000	11767	NA
340	Pulse	55	18950000	21767	NA
340	Pulse	55	18960000	31767	NA
340	Pulse	55	18970000	41767	NA
340	Pulse	55	18980000	51767	NA
340	Pulse	55	18990000	61767	NA
340	Pulse	55	19000000	71767	NA
340	Pulse	55	19010000	81767	NA
340	Pulse	55	19020000	91767	NA
340	Pulse	55	19030000	101767	NA
340	Pulse	55	19040000	111767	NA
340	Pulse	55	19050000	121767	NA
340	Response	1	19055428	127195	1
