Scenario - Slideshow_D2.sce
Logfile written - 11/03/2021 15:43:36

Trial	Event Type	Code	Time	TTime	Uncertainty	Duration	Uncertainty	ReqTime	ReqDur	Stim Type	Pair Index

0	Pulse	55	0	0	NA
1	Pulse	55	10000	9333	NA
1	Pulse	55	20000	19333	NA
1	Pulse	55	30000	29333	NA
1	Pulse	55	40000	39333	NA
2	Pulse	55	50000	8737	NA
2	Pulse	55	60000	18737	NA
2	Pulse	55	70000	28737	NA
2	Pulse	55	80000	38737	NA
3	Pulse	55	90000	8140	NA
3	Pulse	55	100000	18140	NA
3	Pulse	55	110000	28140	NA
3	Pulse	55	120000	38140	NA
4	Pulse	55	130000	7543	NA
4	Pulse	55	140000	17543	NA
4	Pulse	55	150000	27543	NA
4	Pulse	55	160000	37543	NA
5	Pulse	55	170000	6947	NA
5	Pulse	55	180000	16947	NA
5	Pulse	55	190000	26947	NA
5	Pulse	55	200000	36947	NA
6	Pulse	55	210000	6350	NA
6	Pulse	55	220000	16350	NA
6	Pulse	55	230000	26350	NA
6	Pulse	55	240000	36350	NA
7	Pulse	55	250000	5753	NA
7	Pulse	55	260000	15753	NA
7	Pulse	55	270000	25753	NA
7	Pulse	55	280000	35753	NA
8	Pulse	55	290000	5157	NA
8	Pulse	55	300000	15157	NA
8	Pulse	55	310000	25157	NA
8	Pulse	55	320000	35157	NA
9	Pulse	55	330000	4560	NA
9	Pulse	55	340000	14560	NA
9	Pulse	55	350000	24560	NA
9	Pulse	55	360000	34560	NA
10	Pulse	55	370000	4047	NA
10	Pulse	55	380000	14047	NA
10	Pulse	55	390000	24047	NA
10	Pulse	55	400000	34047	NA
11	Pulse	55	410000	3533	NA
11	Pulse	55	420000	13533	NA
11	Pulse	55	430000	23533	NA
11	Pulse	55	440000	33533	NA
12	Pulse	55	450000	3020	NA
12	Pulse	55	460000	13020	NA
12	Pulse	55	470000	23020	NA
12	Pulse	55	480000	33020	NA
13	Pulse	55	490000	2423	NA
13	Pulse	55	500000	12423	NA
13	Pulse	55	510000	22423	NA
13	Pulse	55	520000	32423	NA
14	Pulse	55	530000	1827	NA
14	Pulse	55	540000	11827	NA
14	Pulse	55	550000	21827	NA
14	Pulse	55	560000	31827	NA
15	Pulse	55	570000	1230	NA
15	Pulse	55	580000	11230	NA
15	Pulse	55	590000	21230	NA
15	Pulse	55	600000	31230	NA
16	Pulse	55	610000	633	NA
16	Pulse	55	620000	10633	NA
16	Pulse	55	630000	20633	NA
16	Pulse	55	640000	30633	NA
17	Pulse	55	650000	36	NA
17	Pulse	55	660000	10036	NA
17	Pulse	55	670000	20036	NA
17	Pulse	55	680000	30036	NA
17	Pulse	55	690000	40036	NA
18	Pulse	55	700000	9523	NA
18	Pulse	55	710000	19523	NA
18	Pulse	55	720000	29523	NA
18	Pulse	55	730000	39523	NA
19	Pulse	55	740000	8926	NA
19	Pulse	55	750000	18926	NA
19	Pulse	55	760000	28926	NA
19	Pulse	55	770000	38926	NA
20	Pulse	55	780000	8330	NA
20	Pulse	55	790000	18330	NA
20	Pulse	55	800000	28330	NA
20	Pulse	55	810000	38330	NA
21	Pulse	55	820000	7650	NA
21	Pulse	55	830000	17650	NA
21	Pulse	55	840000	27650	NA
21	Pulse	55	850000	37650	NA
22	Pulse	55	860000	7053	NA
22	Pulse	55	870000	17053	NA
22	Pulse	55	880000	27053	NA
22	Pulse	55	890000	37053	NA
23	Pulse	55	900000	6456	NA
23	Pulse	55	910000	16456	NA
23	Pulse	55	920000	26456	NA
23	Pulse	55	930000	36456	NA
24	Pulse	55	940000	5860	NA
24	Pulse	55	950000	15860	NA
24	Pulse	55	960000	25860	NA
24	Pulse	55	970000	35860	NA
25	Pulse	55	980000	5263	NA
25	Pulse	55	990000	15263	NA
25	Pulse	55	1000000	25263	NA
25	Pulse	55	1010000	35263	NA
26	Pulse	55	1020000	4666	NA
26	Pulse	55	1030000	14666	NA
26	Pulse	55	1040000	24666	NA
26	Pulse	55	1050000	34666	NA
27	Pulse	55	1060000	4070	NA
27	Pulse	55	1070000	14070	NA
27	Pulse	55	1080000	24070	NA
27	Pulse	55	1090000	34070	NA
28	Pulse	55	1100000	3473	NA
28	Pulse	55	1110000	13473	NA
28	Pulse	55	1120000	23473	NA
28	Pulse	55	1130000	33473	NA
29	Pulse	55	1140000	2876	NA
29	Pulse	55	1150000	12876	NA
29	Pulse	55	1160000	22876	NA
29	Pulse	55	1170000	32876	NA
30	Pulse	55	1180000	2280	NA
30	Pulse	55	1190000	12280	NA
30	Pulse	55	1200000	22280	NA
30	Pulse	55	1210000	32280	NA
31	Pulse	55	1220000	1683	NA
31	Pulse	55	1230000	11683	NA
31	Pulse	55	1240000	21683	NA
31	Pulse	55	1250000	31683	NA
32	Pulse	55	1260000	1086	NA
32	Pulse	55	1270000	11086	NA
32	Pulse	55	1280000	21086	NA
32	Pulse	55	1290000	31086	NA
33	Pulse	55	1300000	490	NA
33	Pulse	55	1310000	10490	NA
33	Pulse	55	1320000	20490	NA
33	Pulse	55	1330000	30490	NA
33	Pulse	55	1340000	40490	NA
34	Pulse	55	1350000	9893	NA
34	Pulse	55	1360000	19893	NA
34	Pulse	55	1370000	29893	NA
34	Pulse	55	1380000	39893	NA
35	Pulse	55	1390000	9296	NA
35	Pulse	55	1400000	19296	NA
35	Pulse	55	1410000	29296	NA
35	Pulse	55	1420000	39296	NA
36	Pulse	55	1430000	8700	NA
36	Pulse	55	1440000	18700	NA
36	Pulse	55	1450000	28700	NA
36	Pulse	55	1460000	38700	NA
37	Pulse	55	1470000	8103	NA
37	Pulse	55	1480000	18103	NA
37	Pulse	55	1490000	28103	NA
37	Pulse	55	1500000	38103	NA
38	Pulse	55	1510000	7340	NA
38	Pulse	55	1520000	17340	NA
38	Pulse	55	1530000	27340	NA
38	Pulse	55	1540000	37340	NA
39	Pulse	55	1550000	6743	NA
39	Pulse	55	1560000	16743	NA
39	Pulse	55	1570000	26743	NA
39	Pulse	55	1580000	36743	NA
40	Pulse	55	1590000	6146	NA
40	Pulse	55	1600000	16146	NA
40	Pulse	55	1610000	26146	NA
40	Pulse	55	1620000	36146	NA
41	Pulse	55	1630000	5549	NA
41	Pulse	55	1640000	15549	NA
41	Pulse	55	1650000	25549	NA
41	Pulse	55	1660000	35549	NA
42	Pulse	55	1670000	4869	NA
42	Pulse	55	1680000	14869	NA
42	Pulse	55	1690000	24869	NA
42	Pulse	55	1700000	34869	NA
43	Pulse	55	1710000	4273	NA
43	Pulse	55	1720000	14273	NA
43	Pulse	55	1730000	24273	NA
43	Pulse	55	1740000	34273	NA
44	Pulse	55	1750000	3676	NA
44	Pulse	55	1760000	13676	NA
44	Pulse	55	1770000	23676	NA
44	Pulse	55	1780000	33676	NA
45	Pulse	55	1790000	3079	NA
45	Pulse	55	1800000	13079	NA
45	Pulse	55	1810000	23079	NA
45	Pulse	55	1820000	33079	NA
46	Pulse	55	1830000	2399	NA
46	Pulse	55	1840000	12399	NA
46	Pulse	55	1850000	22399	NA
46	Pulse	55	1860000	32399	NA
47	Pulse	55	1870000	1803	NA
47	Pulse	55	1880000	11803	NA
47	Pulse	55	1890000	21803	NA
47	Pulse	55	1900000	31803	NA
48	Pulse	55	1910000	1206	NA
48	Pulse	55	1920000	11206	NA
48	Pulse	55	1930000	21206	NA
48	Pulse	55	1940000	31206	NA
49	Pulse	55	1950000	526	NA
49	Pulse	55	1960000	10526	NA
49	Pulse	55	1970000	20526	NA
49	Pulse	55	1980000	30526	NA
49	Pulse	55	1990000	40526	NA
50	Pulse	55	2000000	9929	NA
50	Pulse	55	2010000	19929	NA
50	Pulse	55	2020000	29929	NA
50	Pulse	55	2030000	39929	NA
51	Pulse	55	2040000	9333	NA
51	Pulse	55	2050000	19333	NA
51	Pulse	55	2060000	29333	NA
51	Pulse	55	2070000	39333	NA
52	Pulse	55	2080000	8736	NA
52	Pulse	55	2090000	18736	NA
52	Pulse	55	2100000	28736	NA
52	Pulse	55	2110000	38736	NA
53	Pulse	55	2120000	7973	NA
53	Pulse	55	2130000	17973	NA
53	Pulse	55	2140000	27973	NA
53	Pulse	55	2150000	37973	NA
54	Pulse	55	2160000	7376	NA
54	Pulse	55	2170000	17376	NA
54	Pulse	55	2180000	27376	NA
54	Pulse	55	2190000	37376	NA
55	Pulse	55	2200000	6779	NA
55	Pulse	55	2210000	16779	NA
55	Pulse	55	2220000	26779	NA
55	Pulse	55	2230000	36779	NA
56	Pulse	55	2240000	6016	NA
56	Pulse	55	2250000	16016	NA
56	Pulse	55	2260000	26016	NA
56	Pulse	55	2270000	36016	NA
57	Pulse	55	2280000	5419	NA
57	Pulse	55	2290000	15419	NA
57	Pulse	55	2300000	25419	NA
57	Pulse	55	2310000	35419	NA
58	Pulse	55	2320000	4822	NA
58	Pulse	55	2330000	14822	NA
58	Pulse	55	2340000	24822	NA
58	Pulse	55	2350000	34822	NA
59	Pulse	55	2360000	4226	NA
59	Pulse	55	2370000	14226	NA
59	Pulse	55	2380000	24226	NA
59	Pulse	55	2390000	34226	NA
60	Pulse	55	2400000	3629	NA
60	Pulse	55	2410000	13629	NA
60	Pulse	55	2420000	23629	NA
60	Pulse	55	2430000	33629	NA
61	Pulse	55	2440000	2949	NA
61	Pulse	55	2450000	12949	NA
61	Pulse	55	2460000	22949	NA
61	Pulse	55	2470000	32949	NA
62	Pulse	55	2480000	2352	NA
62	Pulse	55	2490000	12352	NA
62	Pulse	55	2500000	22352	NA
62	Pulse	55	2510000	32352	NA
63	Pulse	55	2520000	1672	NA
63	Pulse	55	2530000	11672	NA
63	Pulse	55	2540000	21672	NA
63	Pulse	55	2550000	31672	NA
64	Pulse	55	2560000	1076	NA
64	Pulse	55	2570000	11076	NA
64	Pulse	55	2580000	21076	NA
64	Pulse	55	2590000	31076	NA
65	Pulse	55	2600000	396	NA
65	Pulse	55	2610000	10396	NA
65	Pulse	55	2620000	20396	NA
65	Pulse	55	2630000	30396	NA
65	Pulse	55	2640000	40396	NA
66	Pulse	55	2650000	9799	NA
66	Pulse	55	2660000	19799	NA
66	Pulse	55	2670000	29799	NA
66	Pulse	55	2680000	39799	NA
67	Pulse	55	2690000	9119	NA
67	Pulse	55	2700000	19119	NA
67	Pulse	55	2710000	29119	NA
67	Pulse	55	2720000	39119	NA
68	Pulse	55	2730000	8522	NA
68	Pulse	55	2740000	18522	NA
68	Pulse	55	2750000	28522	NA
68	Pulse	55	2760000	38522	NA
69	Pulse	55	2770000	7925	NA
69	Pulse	55	2780000	17925	NA
69	Pulse	55	2790000	27925	NA
69	Pulse	55	2800000	37925	NA
70	Pulse	55	2810000	7329	NA
70	Pulse	55	2820000	17329	NA
70	Pulse	55	2830000	27329	NA
70	Pulse	55	2840000	37329	NA
71	Pulse	55	2850000	6732	NA
71	Pulse	55	2860000	16732	NA
71	Pulse	55	2870000	26732	NA
71	Pulse	55	2880000	36732	NA
72	Pulse	55	2890000	6135	NA
72	Pulse	55	2900000	16135	NA
72	Pulse	55	2910000	26135	NA
72	Pulse	55	2920000	36135	NA
73	Pulse	55	2930000	5455	NA
73	Pulse	55	2940000	15455	NA
73	Pulse	55	2950000	25455	NA
73	Pulse	55	2960000	35455	NA
74	Pulse	55	2970000	4859	NA
74	Pulse	55	2980000	14859	NA
74	Pulse	55	2990000	24859	NA
74	Pulse	55	3000000	34859	NA
75	Pulse	55	3010000	4262	NA
75	Pulse	55	3020000	14262	NA
75	Pulse	55	3030000	24262	NA
75	Pulse	55	3040000	34262	NA
76	Pulse	55	3050000	3665	NA
76	Pulse	55	3060000	13665	NA
76	Pulse	55	3070000	23665	NA
76	Pulse	55	3080000	33665	NA
77	Pulse	55	3090000	3069	NA
77	Pulse	55	3100000	13069	NA
77	Pulse	55	3110000	23069	NA
77	Pulse	55	3120000	33069	NA
78	Pulse	55	3130000	2472	NA
78	Pulse	55	3140000	12472	NA
78	Pulse	55	3150000	22472	NA
78	Pulse	55	3160000	32472	NA
79	Pulse	55	3170000	1875	NA
79	Pulse	55	3180000	11875	NA
79	Pulse	55	3190000	21875	NA
79	Pulse	55	3200000	31875	NA
80	Pulse	55	3210000	1195	NA
80	Pulse	55	3220000	11195	NA
80	Pulse	55	3230000	21195	NA
80	Pulse	55	3240000	31195	NA
81	Pulse	55	3250000	599	NA
81	Pulse	55	3260000	10599	NA
81	Pulse	55	3270000	20599	NA
81	Pulse	55	3280000	30599	NA
81	Pulse	55	3290000	40599	NA
82	Pulse	55	3300000	9919	NA
82	Pulse	55	3310000	19919	NA
82	Pulse	55	3320000	29919	NA
82	Pulse	55	3330000	39919	NA
83	Pulse	55	3340000	9322	NA
83	Pulse	55	3350000	19322	NA
83	Pulse	55	3360000	29322	NA
83	Pulse	55	3370000	39322	NA
84	Pulse	55	3380000	8725	NA
84	Pulse	55	3390000	18725	NA
84	Pulse	55	3400000	28725	NA
84	Pulse	55	3410000	38725	NA
85	Pulse	55	3420000	8129	NA
85	Pulse	55	3430000	18129	NA
85	Pulse	55	3440000	28129	NA
85	Pulse	55	3450000	38129	NA
86	Pulse	55	3460000	7449	NA
86	Pulse	55	3470000	17449	NA
86	Pulse	55	3480000	27449	NA
86	Pulse	55	3490000	37449	NA
87	Pulse	55	3500000	6852	NA
87	Pulse	55	3510000	16852	NA
87	Pulse	55	3520000	26852	NA
87	Pulse	55	3530000	36852	NA
88	Pulse	55	3540000	6255	NA
88	Pulse	55	3550000	16255	NA
88	Pulse	55	3560000	26255	NA
88	Pulse	55	3570000	36255	NA
89	Pulse	55	3580000	5658	NA
89	Pulse	55	3590000	15658	NA
89	Pulse	55	3600000	25658	NA
89	Pulse	55	3610000	35658	NA
90	Pulse	55	3620000	5062	NA
90	Pulse	55	3630000	15062	NA
90	Pulse	55	3640000	25062	NA
90	Pulse	55	3650000	35062	NA
91	Pulse	55	3660000	4465	NA
91	Pulse	55	3670000	14465	NA
91	Pulse	55	3680000	24465	NA
91	Pulse	55	3690000	34465	NA
92	Pulse	55	3700000	3868	NA
92	Pulse	55	3710000	13868	NA
92	Pulse	55	3720000	23868	NA
92	Pulse	55	3730000	33868	NA
93	Pulse	55	3740000	3272	NA
93	Pulse	55	3750000	13272	NA
93	Pulse	55	3760000	23272	NA
93	Pulse	55	3770000	33272	NA
94	Pulse	55	3780000	2675	NA
94	Pulse	55	3790000	12675	NA
94	Pulse	55	3800000	22675	NA
94	Pulse	55	3810000	32675	NA
95	Pulse	55	3820000	2078	NA
95	Pulse	55	3830000	12078	NA
95	Pulse	55	3840000	22078	NA
95	Pulse	55	3850000	32078	NA
96	Pulse	55	3860000	1482	NA
96	Pulse	55	3870000	11482	NA
96	Pulse	55	3880000	21482	NA
96	Pulse	55	3890000	31482	NA
97	Pulse	55	3900000	885	NA
97	Pulse	55	3910000	10885	NA
97	Pulse	55	3920000	20885	NA
97	Pulse	55	3930000	30885	NA
98	Pulse	55	3940000	288	NA
98	Pulse	55	3950000	10288	NA
98	Pulse	55	3960000	20288	NA
98	Pulse	55	3970000	30288	NA
98	Pulse	55	3980000	40288	NA
99	Pulse	55	3990000	9692	NA
99	Pulse	55	4000000	19692	NA
99	Pulse	55	4010000	29692	NA
99	Pulse	55	4020000	39692	NA
100	Pulse	55	4030000	9095	NA
100	Pulse	55	4040000	19095	NA
100	Pulse	55	4050000	29095	NA
100	Pulse	55	4060000	39095	NA
101	Pulse	55	4070000	8498	NA
101	Pulse	55	4080000	18498	NA
101	Pulse	55	4090000	28498	NA
101	Pulse	55	4100000	38498	NA
102	Pulse	55	4110000	7902	NA
102	Pulse	55	4120000	17902	NA
102	Pulse	55	4130000	27902	NA
102	Pulse	55	4140000	37902	NA
103	Pulse	55	4150000	7305	NA
103	Pulse	55	4160000	17305	NA
103	Pulse	55	4170000	27305	NA
103	Pulse	55	4180000	37305	NA
104	Pulse	55	4190000	6708	NA
104	Pulse	55	4200000	16708	NA
104	Pulse	55	4210000	26708	NA
104	Pulse	55	4220000	36708	NA
105	Pulse	55	4230000	6195	NA
105	Pulse	55	4240000	16195	NA
105	Pulse	55	4250000	26195	NA
105	Pulse	55	4260000	36195	NA
106	Pulse	55	4270000	5598	NA
106	Pulse	55	4280000	15598	NA
106	Pulse	55	4290000	25598	NA
106	Pulse	55	4300000	35598	NA
107	Pulse	55	4310000	5085	NA
107	Pulse	55	4320000	15085	NA
107	Pulse	55	4330000	25085	NA
107	Pulse	55	4340000	35085	NA
108	Pulse	55	4350000	4572	NA
108	Pulse	55	4360000	14572	NA
108	Pulse	55	4370000	24572	NA
108	Pulse	55	4380000	34572	NA
109	Pulse	55	4390000	3975	NA
109	Pulse	55	4400000	13975	NA
109	Pulse	55	4410000	23975	NA
109	Pulse	55	4420000	33975	NA
110	Pulse	55	4430000	3378	NA
110	Pulse	55	4440000	13378	NA
110	Pulse	55	4450000	23378	NA
110	Pulse	55	4460000	33378	NA
111	Pulse	55	4470000	2782	NA
111	Pulse	55	4480000	12782	NA
111	Pulse	55	4490000	22782	NA
111	Pulse	55	4500000	32782	NA
112	Pulse	55	4510000	2185	NA
112	Pulse	55	4520000	12185	NA
112	Pulse	55	4530000	22185	NA
112	Pulse	55	4540000	32185	NA
113	Pulse	55	4550000	1588	NA
113	Pulse	55	4560000	11588	NA
113	Pulse	55	4570000	21588	NA
113	Pulse	55	4580000	31588	NA
114	Pulse	55	4590000	992	NA
114	Pulse	55	4600000	10992	NA
114	Pulse	55	4610000	20992	NA
114	Pulse	55	4620000	30992	NA
115	Pulse	55	4630000	478	NA
115	Pulse	55	4640000	10478	NA
115	Pulse	55	4650000	20478	NA
115	Pulse	55	4660000	30478	NA
115	Pulse	55	4670000	40478	NA
116	Pulse	55	4680000	9882	NA
116	Pulse	55	4690000	19882	NA
116	Pulse	55	4700000	29882	NA
116	Pulse	55	4710000	39882	NA
117	Pulse	55	4720000	9285	NA
117	Pulse	55	4730000	19285	NA
117	Pulse	55	4740000	29285	NA
117	Pulse	55	4750000	39285	NA
118	Pulse	55	4760000	8772	NA
118	Pulse	55	4770000	18772	NA
118	Pulse	55	4780000	28772	NA
118	Pulse	55	4790000	38772	NA
119	Pulse	55	4800000	8175	NA
119	Pulse	55	4810000	18175	NA
119	Pulse	55	4820000	28175	NA
119	Pulse	55	4830000	38175	NA
120	Pulse	55	4840000	7578	NA
120	Pulse	55	4850000	17578	NA
120	Pulse	55	4860000	27578	NA
120	Pulse	55	4870000	37578	NA
121	Pulse	55	4880000	7065	NA
121	Pulse	55	4890000	17065	NA
121	Pulse	55	4900000	27065	NA
121	Pulse	55	4910000	37065	NA
122	Pulse	55	4920000	6468	NA
122	Pulse	55	4930000	16468	NA
122	Pulse	55	4940000	26468	NA
122	Pulse	55	4950000	36468	NA
123	Pulse	55	4960000	5955	NA
123	Pulse	55	4970000	15955	NA
123	Pulse	55	4980000	25955	NA
123	Pulse	55	4990000	35955	NA
124	Pulse	55	5000000	5442	NA
124	Pulse	55	5010000	15442	NA
124	Pulse	55	5020000	25442	NA
124	Pulse	55	5030000	35442	NA
125	Pulse	55	5040000	4928	NA
125	Pulse	55	5050000	14928	NA
125	Pulse	55	5060000	24928	NA
125	Pulse	55	5070000	34928	NA
126	Pulse	55	5080000	4332	NA
126	Pulse	55	5090000	14332	NA
126	Pulse	55	5100000	24332	NA
126	Pulse	55	5110000	34332	NA
127	Pulse	55	5120000	3735	NA
127	Pulse	55	5130000	13735	NA
127	Pulse	55	5140000	23735	NA
127	Pulse	55	5150000	33735	NA
128	Pulse	55	5160000	3138	NA
128	Pulse	55	5170000	13138	NA
128	Pulse	55	5180000	23138	NA
128	Pulse	55	5190000	33138	NA
129	Pulse	55	5200000	2542	NA
129	Pulse	55	5210000	12542	NA
129	Pulse	55	5220000	22542	NA
129	Pulse	55	5230000	32542	NA
130	Pulse	55	5240000	1945	NA
130	Pulse	55	5250000	11945	NA
130	Pulse	55	5260000	21945	NA
130	Pulse	55	5270000	31945	NA
131	Pulse	55	5280000	1348	NA
131	Pulse	55	5290000	11348	NA
131	Pulse	55	5300000	21348	NA
131	Pulse	55	5310000	31348	NA
132	Pulse	55	5320000	835	NA
132	Pulse	55	5330000	10835	NA
132	Pulse	55	5340000	20835	NA
132	Pulse	55	5350000	30835	NA
133	Pulse	55	5360000	238	NA
133	Pulse	55	5370000	10238	NA
133	Pulse	55	5380000	20238	NA
133	Pulse	55	5390000	30238	NA
133	Pulse	55	5400000	40238	NA
134	Pulse	55	5410000	9642	NA
134	Pulse	55	5420000	19642	NA
134	Pulse	55	5430000	29642	NA
134	Pulse	55	5440000	39642	NA
135	Pulse	55	5450000	9045	NA
135	Pulse	55	5460000	19045	NA
135	Pulse	55	5470000	29045	NA
135	Pulse	55	5480000	39045	NA
136	Pulse	55	5490000	8448	NA
136	Pulse	55	5500000	18448	NA
136	Pulse	55	5510000	28448	NA
136	Pulse	55	5520000	38448	NA
137	Pulse	55	5530000	7852	NA
137	Pulse	55	5540000	17852	NA
137	Pulse	55	5550000	27852	NA
137	Pulse	55	5560000	37852	NA
138	Pulse	55	5570000	7338	NA
138	Pulse	55	5580000	17338	NA
138	Pulse	55	5590000	27338	NA
138	Pulse	55	5600000	37338	NA
139	Pulse	55	5610000	6742	NA
139	Pulse	55	5620000	16742	NA
139	Pulse	55	5630000	26742	NA
139	Pulse	55	5640000	36742	NA
140	Pulse	55	5650000	6145	NA
140	Pulse	55	5660000	16145	NA
140	Pulse	55	5670000	26145	NA
140	Pulse	55	5680000	36145	NA
141	Pulse	55	5690000	5632	NA
141	Pulse	55	5700000	15632	NA
141	Pulse	55	5710000	25632	NA
141	Pulse	55	5720000	35632	NA
142	Pulse	55	5730000	5035	NA
142	Pulse	55	5740000	15035	NA
142	Pulse	55	5750000	25035	NA
142	Pulse	55	5760000	35035	NA
143	Pulse	55	5770000	4438	NA
143	Pulse	55	5780000	14438	NA
143	Pulse	55	5790000	24438	NA
143	Pulse	55	5800000	34438	NA
144	Pulse	55	5810000	3925	NA
144	Pulse	55	5820000	13925	NA
144	Pulse	55	5830000	23925	NA
144	Pulse	55	5840000	33925	NA
145	Pulse	55	5850000	3412	NA
145	Pulse	55	5860000	13412	NA
145	Pulse	55	5870000	23412	NA
145	Pulse	55	5880000	33412	NA
146	Pulse	55	5890000	2815	NA
146	Pulse	55	5900000	12815	NA
146	Pulse	55	5910000	22815	NA
146	Pulse	55	5920000	32815	NA
147	Pulse	55	5930000	2218	NA
147	Pulse	55	5940000	12218	NA
147	Pulse	55	5950000	22218	NA
147	Pulse	55	5960000	32218	NA
148	Pulse	55	5970000	1622	NA
148	Pulse	55	5980000	11622	NA
148	Pulse	55	5990000	21622	NA
148	Pulse	55	6000000	31622	NA
149	Pulse	55	6010000	1025	NA
149	Pulse	55	6020000	11025	NA
149	Pulse	55	6030000	21025	NA
149	Pulse	55	6040000	31025	NA
150	Pulse	55	6050000	428	NA
150	Pulse	55	6060000	10428	NA
150	Pulse	55	6070000	20428	NA
150	Pulse	55	6080000	30428	NA
150	Pulse	55	6090000	40428	NA
151	Pulse	55	6100000	9832	NA
151	Pulse	55	6110000	19832	NA
151	Pulse	55	6120000	29832	NA
151	Pulse	55	6130000	39832	NA
152	Pulse	55	6140000	9235	NA
152	Pulse	55	6150000	19235	NA
152	Pulse	55	6160000	29235	NA
152	Pulse	55	6170000	39235	NA
153	Pulse	55	6180000	8722	NA
153	Pulse	55	6190000	18722	NA
153	Pulse	55	6200000	28722	NA
153	Pulse	55	6210000	38722	NA
154	Pulse	55	6220000	8208	NA
154	Pulse	55	6230000	18208	NA
154	Pulse	55	6240000	28208	NA
154	Pulse	55	6250000	38208	NA
155	Pulse	55	6260000	7778	NA
155	Pulse	55	6270000	17778	NA
155	Pulse	55	6280000	27778	NA
155	Pulse	55	6290000	37778	NA
156	Pulse	55	6300000	7265	NA
156	Pulse	55	6310000	17265	NA
156	Pulse	55	6320000	27265	NA
156	Pulse	55	6330000	37265	NA
157	Pulse	55	6340000	6752	NA
157	Pulse	55	6350000	16752	NA
157	Pulse	55	6360000	26752	NA
157	Pulse	55	6370000	36752	NA
158	Pulse	55	6380000	6238	NA
158	Pulse	55	6390000	16238	NA
158	Pulse	55	6400000	26238	NA
158	Pulse	55	6410000	36238	NA
159	Pulse	55	6420000	5642	NA
159	Pulse	55	6430000	15642	NA
159	Pulse	55	6440000	25642	NA
159	Pulse	55	6450000	35642	NA
160	Pulse	55	6460000	5045	NA
160	Pulse	55	6470000	15045	NA
160	Pulse	55	6480000	25045	NA
160	Pulse	55	6490000	35045	NA
161	Pulse	55	6500000	4448	NA
161	Pulse	55	6510000	14448	NA
161	Pulse	55	6520000	24448	NA
161	Pulse	55	6530000	34448	NA
162	Pulse	55	6540000	3935	NA
162	Pulse	55	6550000	13935	NA
162	Pulse	55	6560000	23935	NA
162	Pulse	55	6570000	33935	NA
163	Pulse	55	6580000	3338	NA
163	Pulse	55	6590000	13338	NA
163	Pulse	55	6600000	23338	NA
163	Pulse	55	6610000	33338	NA
164	Pulse	55	6620000	2742	NA
164	Pulse	55	6630000	12742	NA
164	Pulse	55	6640000	22742	NA
164	Pulse	55	6650000	32742	NA
165	Pulse	55	6660000	2145	NA
165	Pulse	55	6670000	12145	NA
165	Pulse	55	6680000	22145	NA
165	Pulse	55	6690000	32145	NA
166	Pulse	55	6700000	1548	NA
166	Pulse	55	6710000	11548	NA
166	Pulse	55	6720000	21548	NA
166	Pulse	55	6730000	31548	NA
167	Pulse	55	6740000	952	NA
167	Pulse	55	6750000	10952	NA
167	Pulse	55	6760000	20952	NA
167	Pulse	55	6770000	30952	NA
168	Pulse	55	6780000	355	NA
168	Pulse	55	6790000	10355	NA
168	Pulse	55	6800000	20355	NA
168	Pulse	55	6810000	30355	NA
168	Pulse	55	6820000	40355	NA
169	Pulse	55	6830000	9842	NA
169	Pulse	55	6840000	19842	NA
169	Pulse	55	6850000	29842	NA
169	Pulse	55	6860000	39842	NA
170	Pulse	55	6870000	9245	NA
170	Pulse	55	6880000	19245	NA
170	Pulse	55	6890000	29245	NA
170	Pulse	55	6900000	39245	NA
171	Pulse	55	6910000	8732	NA
171	Pulse	55	6920000	18732	NA
171	Pulse	55	6930000	28732	NA
171	Pulse	55	6940000	38732	NA
172	Pulse	55	6950000	8135	NA
172	Pulse	55	6960000	18135	NA
172	Pulse	55	6970000	28135	NA
172	Pulse	55	6980000	38135	NA
173	Pulse	55	6990000	7538	NA
173	Pulse	55	7000000	17538	NA
173	Pulse	55	7010000	27538	NA
173	Pulse	55	7020000	37538	NA
174	Pulse	55	7030000	7108	NA
174	Pulse	55	7040000	17108	NA
174	Pulse	55	7050000	27108	NA
174	Pulse	55	7060000	37108	NA
175	Pulse	55	7070000	6595	NA
175	Pulse	55	7080000	16595	NA
175	Pulse	55	7090000	26595	NA
175	Pulse	55	7100000	36595	NA
176	Pulse	55	7110000	5998	NA
176	Pulse	55	7120000	15998	NA
176	Pulse	55	7130000	25998	NA
176	Pulse	55	7140000	35998	NA
177	Pulse	55	7150000	5485	NA
177	Pulse	55	7160000	15485	NA
177	Pulse	55	7170000	25485	NA
177	Pulse	55	7180000	35485	NA
178	Pulse	55	7190000	4888	NA
178	Pulse	55	7200000	14888	NA
178	Pulse	55	7210000	24888	NA
178	Pulse	55	7220000	34888	NA
179	Pulse	55	7230000	4375	NA
179	Pulse	55	7240000	14375	NA
179	Pulse	55	7250000	24375	NA
179	Pulse	55	7260000	34375	NA
180	Pulse	55	7270000	3778	NA
180	Pulse	55	7280000	13778	NA
180	Pulse	55	7290000	23778	NA
180	Pulse	55	7300000	33778	NA
181	Pulse	55	7310000	3098	NA
181	Pulse	55	7320000	13098	NA
181	Pulse	55	7330000	23098	NA
181	Pulse	55	7340000	33098	NA
182	Pulse	55	7350000	2502	NA
182	Pulse	55	7360000	12502	NA
182	Pulse	55	7370000	22502	NA
182	Pulse	55	7380000	32502	NA
183	Pulse	55	7390000	1905	NA
183	Pulse	55	7400000	11905	NA
183	Pulse	55	7410000	21905	NA
183	Pulse	55	7420000	31905	NA
184	Pulse	55	7430000	1308	NA
184	Pulse	55	7440000	11308	NA
184	Pulse	55	7450000	21308	NA
184	Pulse	55	7460000	31308	NA
185	Pulse	55	7470000	795	NA
185	Pulse	55	7480000	10795	NA
185	Pulse	55	7490000	20795	NA
185	Pulse	55	7500000	30795	NA
186	Pulse	55	7510000	198	NA
186	Pulse	55	7520000	10198	NA
186	Pulse	55	7530000	20198	NA
186	Pulse	55	7540000	30198	NA
186	Pulse	55	7550000	40198	NA
187	Pulse	55	7560000	9518	NA
187	Pulse	55	7570000	19518	NA
187	Pulse	55	7580000	29518	NA
187	Pulse	55	7590000	39518	NA
188	Pulse	55	7600000	8922	NA
188	Pulse	55	7610000	18922	NA
188	Pulse	55	7620000	28922	NA
188	Pulse	55	7630000	38922	NA
189	Pulse	55	7640000	8242	NA
189	Pulse	55	7650000	18242	NA
189	Pulse	55	7660000	28242	NA
189	Pulse	55	7670000	38242	NA
190	Pulse	55	7680000	7645	NA
190	Pulse	55	7690000	17645	NA
190	Pulse	55	7700000	27645	NA
190	Pulse	55	7710000	37645	NA
191	Pulse	55	7720000	7048	NA
191	Pulse	55	7730000	17048	NA
191	Pulse	55	7740000	27048	NA
191	Pulse	55	7750000	37048	NA
192	Pulse	55	7760000	6452	NA
192	Pulse	55	7770000	16452	NA
192	Pulse	55	7780000	26452	NA
192	Pulse	55	7790000	36452	NA
193	Pulse	55	7800000	5855	NA
193	Pulse	55	7810000	15855	NA
193	Pulse	55	7820000	25855	NA
193	Pulse	55	7830000	35855	NA
194	Pulse	55	7840000	5258	NA
194	Pulse	55	7850000	15258	NA
194	Pulse	55	7860000	25258	NA
194	Pulse	55	7870000	35258	NA
195	Pulse	55	7880000	4662	NA
195	Pulse	55	7890000	14662	NA
195	Pulse	55	7900000	24662	NA
195	Pulse	55	7910000	34662	NA
196	Pulse	55	7920000	4065	NA
196	Pulse	55	7930000	14065	NA
196	Pulse	55	7940000	24065	NA
196	Pulse	55	7950000	34065	NA
197	Pulse	55	7960000	3552	NA
197	Pulse	55	7970000	13552	NA
197	Pulse	55	7980000	23552	NA
197	Pulse	55	7990000	33552	NA
198	Pulse	55	8000000	3038	NA
198	Pulse	55	8010000	13038	NA
198	Pulse	55	8020000	23038	NA
198	Pulse	55	8030000	33038	NA
199	Pulse	55	8040000	2442	NA
199	Pulse	55	8050000	12442	NA
199	Pulse	55	8060000	22442	NA
199	Pulse	55	8070000	32442	NA
200	Pulse	55	8080000	1845	NA
200	Pulse	55	8090000	11845	NA
200	Pulse	55	8100000	21845	NA
200	Pulse	55	8110000	31845	NA
201	Pulse	55	8120000	1332	NA
201	Pulse	55	8130000	11332	NA
201	Pulse	55	8140000	21332	NA
201	Pulse	55	8150000	31332	NA
202	Pulse	55	8160000	818	NA
202	Pulse	55	8170000	10818	NA
202	Pulse	55	8180000	20818	NA
202	Pulse	55	8190000	30818	NA
203	Pulse	55	8200000	305	NA
203	Pulse	55	8210000	10305	NA
203	Pulse	55	8220000	20305	NA
203	Pulse	55	8230000	30305	NA
203	Pulse	55	8240000	40305	NA
204	Pulse	55	8250000	9708	NA
204	Pulse	55	8260000	19708	NA
204	Pulse	55	8270000	29708	NA
204	Pulse	55	8280000	39708	NA
205	Pulse	55	8290000	9195	NA
205	Pulse	55	8300000	19195	NA
205	Pulse	55	8310000	29195	NA
205	Pulse	55	8320000	39195	NA
206	Pulse	55	8330000	8598	NA
206	Pulse	55	8340000	18598	NA
206	Pulse	55	8350000	28598	NA
206	Pulse	55	8360000	38598	NA
207	Pulse	55	8370000	8085	NA
207	Pulse	55	8380000	18085	NA
207	Pulse	55	8390000	28085	NA
207	Pulse	55	8400000	38085	NA
208	Pulse	55	8410000	7572	NA
208	Pulse	55	8420000	17572	NA
208	Pulse	55	8430000	27572	NA
208	Pulse	55	8440000	37572	NA
209	Pulse	55	8450000	6975	NA
209	Pulse	55	8460000	16975	NA
209	Pulse	55	8470000	26975	NA
209	Pulse	55	8480000	36975	NA
210	Pulse	55	8490000	6462	NA
210	Pulse	55	8500000	16462	NA
210	Pulse	55	8510000	26462	NA
210	Pulse	55	8520000	36462	NA
211	Pulse	55	8530000	6032	NA
211	Pulse	55	8540000	16032	NA
211	Pulse	55	8550000	26032	NA
211	Pulse	55	8560000	36032	NA
212	Pulse	55	8570000	5518	NA
212	Pulse	55	8580000	15518	NA
212	Pulse	55	8590000	25518	NA
212	Pulse	55	8600000	35518	NA
213	Pulse	55	8610000	5005	NA
213	Pulse	55	8620000	15005	NA
213	Pulse	55	8630000	25005	NA
213	Pulse	55	8640000	35005	NA
214	Pulse	55	8650000	4408	NA
214	Pulse	55	8660000	14408	NA
214	Pulse	55	8670000	24408	NA
214	Pulse	55	8680000	34408	NA
215	Pulse	55	8690000	3812	NA
215	Pulse	55	8700000	13812	NA
215	Pulse	55	8710000	23812	NA
215	Pulse	55	8720000	33812	NA
216	Pulse	55	8730000	3215	NA
216	Pulse	55	8740000	13215	NA
216	Pulse	55	8750000	23215	NA
216	Pulse	55	8760000	33215	NA
217	Pulse	55	8770000	2868	NA
217	Pulse	55	8780000	12868	NA
217	Pulse	55	8790000	22868	NA
217	Pulse	55	8800000	32868	NA
218	Pulse	55	8810000	2272	NA
218	Pulse	55	8820000	12272	NA
218	Pulse	55	8830000	22272	NA
218	Pulse	55	8840000	32272	NA
219	Pulse	55	8850000	1758	NA
219	Pulse	55	8860000	11758	NA
219	Pulse	55	8870000	21758	NA
219	Pulse	55	8880000	31758	NA
220	Pulse	55	8890000	1162	NA
220	Pulse	55	8900000	11162	NA
220	Pulse	55	8910000	21162	NA
220	Pulse	55	8920000	31162	NA
221	Pulse	55	8930000	565	NA
221	Pulse	55	8940000	10565	NA
221	Pulse	55	8950000	20565	NA
221	Pulse	55	8960000	30565	NA
222	Pulse	55	8970000	135	NA
222	Pulse	55	8980000	10135	NA
222	Pulse	55	8990000	20135	NA
222	Pulse	55	9000000	30135	NA
222	Pulse	55	9010000	40135	NA
223	Pulse	55	9020000	9622	NA
223	Pulse	55	9030000	19622	NA
223	Pulse	55	9040000	29622	NA
223	Pulse	55	9050000	39622	NA
224	Pulse	55	9060000	9025	NA
224	Pulse	55	9070000	19025	NA
224	Pulse	55	9080000	29025	NA
224	Pulse	55	9090000	39025	NA
225	Pulse	55	9100000	8512	NA
225	Pulse	55	9110000	18512	NA
225	Pulse	55	9120000	28512	NA
225	Pulse	55	9130000	38512	NA
226	Pulse	55	9140000	7999	NA
226	Pulse	55	9150000	17999	NA
226	Pulse	55	9160000	27999	NA
226	Pulse	55	9170000	37999	NA
227	Pulse	55	9180000	7485	NA
227	Pulse	55	9190000	17485	NA
227	Pulse	55	9200000	27485	NA
227	Pulse	55	9210000	37485	NA
228	Pulse	55	9220000	6889	NA
228	Pulse	55	9230000	16889	NA
228	Pulse	55	9240000	26889	NA
228	Pulse	55	9250000	36889	NA
229	Pulse	55	9260000	6292	NA
229	Pulse	55	9270000	16292	NA
229	Pulse	55	9280000	26292	NA
229	Pulse	55	9290000	36292	NA
230	Pulse	55	9300000	5695	NA
230	Pulse	55	9310000	15695	NA
230	Pulse	55	9320000	25695	NA
230	Pulse	55	9330000	35695	NA
231	Pulse	55	9340000	5182	NA
231	Pulse	55	9350000	15182	NA
231	Pulse	55	9360000	25182	NA
231	Pulse	55	9370000	35182	NA
232	Pulse	55	9380000	4585	NA
232	Pulse	55	9390000	14585	NA
232	Pulse	55	9400000	24585	NA
232	Pulse	55	9410000	34585	NA
233	Pulse	55	9420000	3989	NA
233	Pulse	55	9430000	13989	NA
233	Pulse	55	9440000	23989	NA
233	Pulse	55	9450000	33989	NA
234	Pulse	55	9460000	3392	NA
234	Pulse	55	9470000	13392	NA
234	Pulse	55	9480000	23392	NA
234	Pulse	55	9490000	33392	NA
235	Pulse	55	9500000	2795	NA
235	Pulse	55	9510000	12795	NA
235	Pulse	55	9520000	22795	NA
235	Pulse	55	9530000	32795	NA
236	Pulse	55	9540000	2198	NA
236	Pulse	55	9550000	12198	NA
236	Pulse	55	9560000	22198	NA
236	Pulse	55	9570000	32198	NA
237	Pulse	55	9580000	1602	NA
237	Pulse	55	9590000	11602	NA
237	Pulse	55	9600000	21602	NA
237	Pulse	55	9610000	31602	NA
238	Pulse	55	9620000	1005	NA
238	Pulse	55	9630000	11005	NA
238	Pulse	55	9640000	21005	NA
238	Pulse	55	9650000	31005	NA
239	Pulse	55	9660000	492	NA
239	Pulse	55	9670000	10492	NA
239	Pulse	55	9680000	20492	NA
239	Pulse	55	9690000	30492	NA
239	Pulse	55	9700000	40492	NA
240	Pulse	55	9710000	9895	NA
240	Pulse	55	9720000	19895	NA
240	Pulse	55	9730000	29895	NA
240	Pulse	55	9740000	39895	NA
241	Pulse	55	9750000	9298	NA
241	Pulse	55	9760000	19298	NA
241	Pulse	55	9770000	29298	NA
241	Pulse	55	9780000	39298	NA
242	Pulse	55	9790000	8702	NA
242	Pulse	55	9800000	18702	NA
242	Pulse	55	9810000	28702	NA
242	Pulse	55	9820000	38702	NA
243	Pulse	55	9830000	8105	NA
243	Pulse	55	9840000	18105	NA
243	Pulse	55	9850000	28105	NA
243	Pulse	55	9860000	38105	NA
244	Pulse	55	9870000	7508	NA
244	Pulse	55	9880000	17508	NA
244	Pulse	55	9890000	27508	NA
244	Pulse	55	9900000	37508	NA
245	Pulse	55	9910000	6995	NA
245	Pulse	55	9920000	16995	NA
245	Pulse	55	9930000	26995	NA
245	Pulse	55	9940000	36995	NA
246	Pulse	55	9950000	6398	NA
246	Pulse	55	9960000	16398	NA
246	Pulse	55	9970000	26398	NA
246	Pulse	55	9980000	36398	NA
247	Pulse	55	9990000	5802	NA
247	Pulse	55	10000000	15802	NA
247	Pulse	55	10010000	25802	NA
247	Pulse	55	10020000	35802	NA
248	Pulse	55	10030000	5205	NA
248	Pulse	55	10040000	15205	NA
248	Pulse	55	10050000	25205	NA
248	Pulse	55	10060000	35205	NA
249	Pulse	55	10070000	4608	NA
249	Pulse	55	10080000	14608	NA
249	Pulse	55	10090000	24608	NA
249	Pulse	55	10100000	34608	NA
250	Pulse	55	10110000	4012	NA
250	Pulse	55	10120000	14012	NA
250	Pulse	55	10130000	24012	NA
250	Pulse	55	10140000	34012	NA
251	Pulse	55	10150000	3415	NA
251	Pulse	55	10160000	13415	NA
251	Pulse	55	10170000	23415	NA
251	Pulse	55	10180000	33415	NA
252	Pulse	55	10190000	2818	NA
252	Pulse	55	10200000	12818	NA
252	Pulse	55	10210000	22818	NA
252	Pulse	55	10220000	32818	NA
253	Pulse	55	10230000	2222	NA
253	Pulse	55	10240000	12222	NA
253	Pulse	55	10250000	22222	NA
253	Pulse	55	10260000	32222	NA
254	Pulse	55	10270000	1625	NA
254	Pulse	55	10280000	11625	NA
254	Pulse	55	10290000	21625	NA
254	Pulse	55	10300000	31625	NA
255	Pulse	55	10310000	1195	NA
255	Pulse	55	10320000	11195	NA
255	Pulse	55	10330000	21195	NA
255	Pulse	55	10340000	31195	NA
256	Pulse	55	10350000	682	NA
256	Pulse	55	10360000	10682	NA
256	Pulse	55	10370000	20682	NA
256	Pulse	55	10380000	30682	NA
257	Pulse	55	10390000	168	NA
257	Pulse	55	10400000	10168	NA
257	Pulse	55	10410000	20168	NA
257	Pulse	55	10420000	30168	NA
257	Pulse	55	10430000	40168	NA
258	Pulse	55	10440000	9572	NA
258	Pulse	55	10450000	19572	NA
258	Pulse	55	10460000	29572	NA
258	Pulse	55	10470000	39572	NA
259	Pulse	55	10480000	8975	NA
259	Pulse	55	10490000	18975	NA
259	Pulse	55	10500000	28975	NA
259	Pulse	55	10510000	38975	NA
260	Pulse	55	10520000	8378	NA
260	Pulse	55	10530000	18378	NA
260	Pulse	55	10540000	28378	NA
260	Pulse	55	10550000	38378	NA
261	Pulse	55	10560000	7782	NA
261	Pulse	55	10570000	17782	NA
261	Pulse	55	10580000	27782	NA
261	Pulse	55	10590000	37782	NA
262	Pulse	55	10600000	7185	NA
262	Pulse	55	10610000	17185	NA
262	Pulse	55	10620000	27185	NA
262	Pulse	55	10630000	37185	NA
263	Pulse	55	10640000	6672	NA
263	Pulse	55	10650000	16672	NA
263	Pulse	55	10660000	26672	NA
263	Pulse	55	10670000	36672	NA
264	Pulse	55	10680000	6075	NA
264	Pulse	55	10690000	16075	NA
264	Pulse	55	10700000	26075	NA
264	Pulse	55	10710000	36075	NA
265	Pulse	55	10720000	5478	NA
265	Pulse	55	10730000	15478	NA
265	Pulse	55	10740000	25478	NA
265	Pulse	55	10750000	35478	NA
266	Pulse	55	10760000	4882	NA
266	Pulse	55	10770000	14882	NA
266	Pulse	55	10780000	24882	NA
266	Pulse	55	10790000	34882	NA
267	Pulse	55	10800000	4285	NA
267	Pulse	55	10810000	14285	NA
267	Pulse	55	10820000	24285	NA
267	Pulse	55	10830000	34285	NA
268	Pulse	55	10840000	3688	NA
268	Pulse	55	10850000	13688	NA
268	Pulse	55	10860000	23688	NA
268	Pulse	55	10870000	33688	NA
269	Pulse	55	10880000	3092	NA
269	Pulse	55	10890000	13092	NA
269	Pulse	55	10900000	23092	NA
269	Pulse	55	10910000	33092	NA
270	Pulse	55	10920000	2495	NA
270	Pulse	55	10930000	12495	NA
270	Pulse	55	10940000	22495	NA
270	Pulse	55	10950000	32495	NA
271	Pulse	55	10960000	1898	NA
271	Pulse	55	10970000	11898	NA
271	Pulse	55	10980000	21898	NA
271	Pulse	55	10990000	31898	NA
272	Pulse	55	11000000	1302	NA
272	Pulse	55	11010000	11302	NA
272	Pulse	55	11020000	21302	NA
272	Pulse	55	11030000	31302	NA
273	Pulse	55	11040000	705	NA
273	Pulse	55	11050000	10705	NA
273	Pulse	55	11060000	20705	NA
273	Pulse	55	11070000	30705	NA
274	Pulse	55	11080000	108	NA
274	Pulse	55	11090000	10108	NA
274	Pulse	55	11100000	20108	NA
274	Pulse	55	11110000	30108	NA
274	Pulse	55	11120000	40108	NA
275	Pulse	55	11130000	9512	NA
275	Pulse	55	11140000	19512	NA
275	Pulse	55	11150000	29512	NA
275	Pulse	55	11160000	39512	NA
276	Pulse	55	11170000	8915	NA
276	Pulse	55	11180000	18915	NA
276	Pulse	55	11190000	28915	NA
276	Pulse	55	11200000	38915	NA
277	Pulse	55	11210000	8318	NA
277	Pulse	55	11220000	18318	NA
277	Pulse	55	11230000	28318	NA
277	Pulse	55	11240000	38318	NA
278	Pulse	55	11250000	7722	NA
278	Pulse	55	11260000	17722	NA
278	Pulse	55	11270000	27722	NA
278	Pulse	55	11280000	37722	NA
279	Pulse	55	11290000	7125	NA
279	Pulse	55	11300000	17125	NA
279	Pulse	55	11310000	27125	NA
279	Pulse	55	11320000	37125	NA
280	Pulse	55	11330000	6528	NA
280	Pulse	55	11340000	16528	NA
280	Pulse	55	11350000	26528	NA
280	Pulse	55	11360000	36528	NA
281	Pulse	55	11370000	5932	NA
281	Pulse	55	11380000	15932	NA
281	Pulse	55	11390000	25932	NA
281	Pulse	55	11400000	35932	NA
282	Pulse	55	11410000	5335	NA
282	Pulse	55	11420000	15335	NA
282	Pulse	55	11430000	25335	NA
282	Pulse	55	11440000	35335	NA
283	Pulse	55	11450000	4655	NA
283	Pulse	55	11460000	14655	NA
283	Pulse	55	11470000	24655	NA
283	Pulse	55	11480000	34655	NA
284	Pulse	55	11490000	4058	NA
284	Pulse	55	11500000	14058	NA
284	Pulse	55	11510000	24058	NA
284	Pulse	55	11520000	34058	NA
285	Pulse	55	11530000	3462	NA
285	Pulse	55	11540000	13462	NA
285	Pulse	55	11550000	23462	NA
285	Pulse	55	11560000	33462	NA
286	Pulse	55	11570000	2865	NA
286	Pulse	55	11580000	12865	NA
286	Pulse	55	11590000	22865	NA
286	Pulse	55	11600000	32865	NA
287	Pulse	55	11610000	2185	NA
287	Pulse	55	11620000	12185	NA
287	Pulse	55	11630000	22185	NA
287	Pulse	55	11640000	32185	NA
288	Pulse	55	11650000	1588	NA
288	Pulse	55	11660000	11588	NA
288	Pulse	55	11670000	21588	NA
288	Pulse	55	11680000	31588	NA
289	Pulse	55	11690000	991	NA
289	Pulse	55	11700000	10991	NA
289	Pulse	55	11710000	20991	NA
289	Pulse	55	11720000	30991	NA
290	Pulse	55	11730000	395	NA
290	Pulse	55	11740000	10395	NA
290	Pulse	55	11750000	20395	NA
290	Pulse	55	11760000	30395	NA
290	Pulse	55	11770000	40395	NA
291	Pulse	55	11780000	9715	NA
291	Pulse	55	11790000	19715	NA
291	Pulse	55	11800000	29715	NA
291	Pulse	55	11810000	39715	NA
292	Pulse	55	11820000	9118	NA
292	Pulse	55	11830000	19118	NA
292	Pulse	55	11840000	29118	NA
292	Pulse	55	11850000	39118	NA
293	Pulse	55	11860000	8521	NA
293	Pulse	55	11870000	18521	NA
293	Pulse	55	11880000	28521	NA
293	Pulse	55	11890000	38521	NA
294	Pulse	55	11900000	7841	NA
294	Pulse	55	11910000	17841	NA
294	Pulse	55	11920000	27841	NA
294	Pulse	55	11930000	37841	NA
295	Pulse	55	11940000	7245	NA
295	Pulse	55	11950000	17245	NA
295	Pulse	55	11960000	27245	NA
295	Pulse	55	11970000	37245	NA
296	Pulse	55	11980000	6648	NA
296	Pulse	55	11990000	16648	NA
296	Pulse	55	12000000	26648	NA
296	Pulse	55	12010000	36648	NA
297	Pulse	55	12020000	6051	NA
297	Pulse	55	12030000	16051	NA
297	Pulse	55	12040000	26051	NA
297	Pulse	55	12050000	36051	NA
298	Pulse	55	12060000	5371	NA
298	Pulse	55	12070000	15371	NA
298	Pulse	55	12080000	25371	NA
298	Pulse	55	12090000	35371	NA
299	Pulse	55	12100000	4775	NA
299	Pulse	55	12110000	14775	NA
299	Pulse	55	12120000	24775	NA
299	Pulse	55	12130000	34775	NA
300	Pulse	55	12140000	4178	NA
300	Pulse	55	12150000	14178	NA
300	Pulse	55	12160000	24178	NA
300	Pulse	55	12170000	34178	NA
301	Pulse	55	12180000	3498	NA
301	Pulse	55	12190000	13498	NA
301	Pulse	55	12200000	23498	NA
301	Pulse	55	12210000	33498	NA
302	Pulse	55	12220000	2901	NA
302	Pulse	55	12230000	12901	NA
302	Pulse	55	12240000	22901	NA
302	Pulse	55	12250000	32901	NA
303	Pulse	55	12260000	2305	NA
303	Pulse	55	12270000	12305	NA
303	Pulse	55	12280000	22305	NA
303	Pulse	55	12290000	32305	NA
304	Pulse	55	12300000	1708	NA
304	Pulse	55	12310000	11708	NA
304	Pulse	55	12320000	21708	NA
304	Pulse	55	12330000	31708	NA
305	Pulse	55	12340000	1111	NA
305	Pulse	55	12350000	11111	NA
305	Pulse	55	12360000	21111	NA
305	Pulse	55	12370000	31111	NA
306	Pulse	55	12380000	515	NA
306	Pulse	55	12390000	10515	NA
306	Pulse	55	12400000	20515	NA
306	Pulse	55	12410000	30515	NA
306	Pulse	55	12420000	40515	NA
307	Pulse	55	12430000	9918	NA
307	Pulse	55	12440000	19918	NA
307	Pulse	55	12450000	29918	NA
307	Pulse	55	12460000	39918	NA
308	Pulse	55	12470000	9238	NA
308	Pulse	55	12480000	19238	NA
308	Pulse	55	12490000	29238	NA
308	Pulse	55	12500000	39238	NA
309	Pulse	55	12510000	8641	NA
309	Pulse	55	12520000	18641	NA
309	Pulse	55	12530000	28641	NA
309	Pulse	55	12540000	38641	NA
310	Pulse	55	12550000	7961	NA
310	Pulse	55	12560000	17961	NA
310	Pulse	55	12570000	27961	NA
310	Pulse	55	12580000	37961	NA
311	Pulse	55	12590000	7364	NA
311	Pulse	55	12600000	17364	NA
311	Pulse	55	12610000	27364	NA
311	Pulse	55	12620000	37364	NA
312	Pulse	55	12630000	6684	NA
312	Pulse	55	12640000	16684	NA
312	Pulse	55	12650000	26684	NA
312	Pulse	55	12660000	36684	NA
313	Pulse	55	12670000	6088	NA
313	Pulse	55	12680000	16088	NA
313	Pulse	55	12690000	26088	NA
313	Pulse	55	12700000	36088	NA
314	Pulse	55	12710000	5491	NA
314	Pulse	55	12720000	15491	NA
314	Pulse	55	12730000	25491	NA
314	Pulse	55	12740000	35491	NA
315	Pulse	55	12750000	4894	NA
315	Pulse	55	12760000	14894	NA
315	Pulse	55	12770000	24894	NA
315	Pulse	55	12780000	34894	NA
316	Pulse	55	12790000	4298	NA
316	Pulse	55	12800000	14298	NA
316	Pulse	55	12810000	24298	NA
316	Pulse	55	12820000	34298	NA
317	Pulse	55	12830000	3701	NA
317	Pulse	55	12840000	13701	NA
317	Pulse	55	12850000	23701	NA
317	Pulse	55	12860000	33701	NA
318	Pulse	55	12870000	3021	NA
318	Pulse	55	12880000	13021	NA
318	Pulse	55	12890000	23021	NA
318	Pulse	55	12900000	33021	NA
319	Pulse	55	12910000	2424	NA
319	Pulse	55	12920000	12424	NA
319	Pulse	55	12930000	22424	NA
319	Pulse	55	12940000	32424	NA
320	Pulse	55	12950000	1828	NA
320	Pulse	55	12960000	11828	NA
320	Pulse	55	12970000	21828	NA
320	Pulse	55	12980000	31828	NA
321	Pulse	55	12990000	1231	NA
321	Pulse	55	13000000	11231	NA
321	Pulse	55	13010000	21231	NA
321	Pulse	55	13020000	31231	NA
322	Pulse	55	13030000	634	NA
322	Pulse	55	13040000	10634	NA
322	Pulse	55	13050000	20634	NA
322	Pulse	55	13060000	30634	NA
323	Pulse	55	13070000	38	NA
323	Pulse	55	13080000	10038	NA
323	Pulse	55	13090000	20038	NA
323	Pulse	55	13100000	30038	NA
323	Pulse	55	13110000	40038	NA
324	Pulse	55	13120000	9441	NA
324	Pulse	55	13130000	19441	NA
324	Pulse	55	13140000	29441	NA
324	Pulse	55	13150000	39441	NA
325	Pulse	55	13160000	8844	NA
325	Pulse	55	13170000	18844	NA
325	Pulse	55	13180000	28844	NA
325	Pulse	55	13190000	38844	NA
326	Pulse	55	13200000	8248	NA
326	Pulse	55	13210000	18248	NA
326	Pulse	55	13220000	28248	NA
326	Pulse	55	13230000	38248	NA
327	Pulse	55	13240000	7567	NA
327	Pulse	55	13250000	17567	NA
327	Pulse	55	13260000	27567	NA
327	Pulse	55	13270000	37567	NA
328	Pulse	55	13280000	6971	NA
328	Pulse	55	13290000	16971	NA
328	Pulse	55	13300000	26971	NA
328	Pulse	55	13310000	36971	NA
329	Pulse	55	13320000	6374	NA
329	Pulse	55	13330000	16374	NA
329	Pulse	55	13340000	26374	NA
329	Pulse	55	13350000	36374	NA
330	Pulse	55	13360000	5777	NA
330	Pulse	55	13370000	15777	NA
330	Pulse	55	13380000	25777	NA
330	Pulse	55	13390000	35777	NA
331	Pulse	55	13400000	5181	NA
331	Pulse	55	13410000	15181	NA
331	Pulse	55	13420000	25181	NA
331	Pulse	55	13430000	35181	NA
332	Pulse	55	13440000	4584	NA
332	Pulse	55	13450000	14584	NA
332	Pulse	55	13460000	24584	NA
332	Pulse	55	13470000	34584	NA
333	Pulse	55	13480000	3987	NA
333	Pulse	55	13490000	13987	NA
333	Response	1	13490579	14566	1
333	Pulse	55	13500000	23987	NA
333	Pulse	55	13510000	33987	NA
334	Pulse	55	13520000	3891	NA
334	Pulse	55	13530000	13891	NA
335	Pulse	55	13540000	3801	NA
335	Pulse	55	13550000	13801	NA
335	Pulse	55	13560000	23801	NA
335	Pulse	55	13570000	33801	NA
335	Pulse	55	13580000	43801	NA
335	Pulse	55	13590000	53801	NA
335	Pulse	55	13600000	63801	NA
335	Pulse	55	13610000	73801	NA
335	Pulse	55	13620000	83801	NA
335	Pulse	55	13630000	93801	NA
335	Pulse	55	13640000	103801	NA
335	Pulse	55	13650000	113801	NA
335	Pulse	55	13660000	123801	NA
335	Pulse	55	13670000	133801	NA
335	Pulse	55	13680000	143801	NA
335	Pulse	55	13690000	153801	NA
335	Pulse	55	13700000	163801	NA
335	Response	1	13705297	169098	1
335	Pulse	55	13710000	173801	NA
335	Pulse	55	13720000	183801	NA
336	Pulse	55	13730000	9907	NA
336	Pulse	55	13740000	19907	NA
336	Pulse	55	13750000	29907	NA
336	Pulse	55	13760000	39907	NA
336	Pulse	55	13770000	49907	NA
336	Pulse	55	13780000	59907	NA
336	Pulse	55	13790000	69907	NA
336	Pulse	55	13800000	79907	NA
336	Pulse	55	13810000	89907	NA
336	Pulse	55	13820000	99907	NA
336	Pulse	55	13830000	109907	NA
336	Pulse	55	13840000	119907	NA
336	Pulse	55	13850000	129907	NA
336	Pulse	55	13860000	139907	NA
336	Pulse	55	13870000	149907	NA
336	Pulse	55	13880000	159907	NA
336	Pulse	55	13890000	169907	NA
336	Pulse	55	13900000	179907	NA
336	Pulse	55	13910000	189907	NA
336	Pulse	55	13920000	199907	NA
336	Pulse	55	13930000	209907	NA
336	Pulse	55	13940000	219907	NA
336	Pulse	55	13950000	229907	NA
336	Pulse	55	13960000	239907	NA
336	Pulse	55	13970000	249907	NA
336	Pulse	55	13980000	259907	NA
336	Pulse	55	13990000	269907	NA
336	Pulse	55	14000000	279907	NA
336	Pulse	55	14010000	289907	NA
336	Pulse	55	14020000	299907	NA
336	Pulse	55	14030000	309907	NA
336	Pulse	55	14040000	319907	NA
336	Pulse	55	14050000	329907	NA
336	Pulse	55	14060000	339907	NA
336	Pulse	55	14070000	349907	NA
336	Pulse	55	14080000	359907	NA
336	Pulse	55	14090000	369907	NA
336	Pulse	55	14100000	379907	NA
336	Pulse	55	14110000	389907	NA
336	Pulse	55	14120000	399907	NA
336	Pulse	55	14130000	409907	NA
336	Pulse	55	14140000	419907	NA
336	Pulse	55	14150000	429907	NA
336	Pulse	55	14160000	439907	NA
336	Pulse	55	14170000	449907	NA
336	Pulse	55	14180000	459907	NA
336	Pulse	55	14190000	469907	NA
336	Pulse	55	14200000	479907	NA
336	Pulse	55	14210000	489907	NA
336	Pulse	55	14220000	499907	NA
336	Pulse	55	14230000	509907	NA
336	Pulse	55	14240000	519907	NA
336	Pulse	55	14250000	529907	NA
336	Pulse	55	14260000	539907	NA
336	Pulse	55	14270000	549907	NA
336	Pulse	55	14280000	559907	NA
336	Pulse	55	14290000	569907	NA
336	Pulse	55	14300000	579907	NA
336	Pulse	55	14310000	589907	NA
336	Pulse	55	14320000	599907	NA
336	Pulse	55	14330000	609907	NA
336	Pulse	55	14340000	619907	NA
336	Pulse	55	14350000	629907	NA
336	Pulse	55	14360000	639907	NA
336	Pulse	55	14370000	649907	NA
336	Pulse	55	14380000	659907	NA
336	Pulse	55	14390000	669907	NA
336	Pulse	55	14400000	679907	NA
336	Pulse	55	14410000	689907	NA
336	Pulse	55	14420000	699907	NA
336	Pulse	55	14430000	709907	NA
336	Pulse	55	14440000	719907	NA
336	Pulse	55	14450000	729907	NA
336	Pulse	55	14460000	739907	NA
336	Pulse	55	14470000	749907	NA
336	Pulse	55	14480000	759907	NA
336	Pulse	55	14490000	769907	NA
336	Pulse	55	14500000	779907	NA
336	Pulse	55	14510000	789907	NA
336	Pulse	55	14520000	799907	NA
336	Pulse	55	14530000	809907	NA
336	Pulse	55	14540000	819907	NA
336	Pulse	55	14550000	829907	NA
336	Pulse	55	14560000	839907	NA
336	Pulse	55	14570000	849907	NA
336	Pulse	55	14580000	859907	NA
336	Pulse	55	14590000	869907	NA
336	Pulse	55	14600000	879907	NA
336	Pulse	55	14610000	889907	NA
336	Pulse	55	14620000	899907	NA
336	Pulse	55	14630000	909907	NA
336	Pulse	55	14640000	919907	NA
336	Pulse	55	14650000	929907	NA
336	Pulse	55	14660000	939907	NA
336	Pulse	55	14670000	949907	NA
336	Pulse	55	14680000	959907	NA
336	Pulse	55	14690000	969907	NA
336	Pulse	55	14700000	979907	NA
336	Pulse	55	14710000	989907	NA
336	Pulse	55	14720000	999907	NA
336	Pulse	55	14730000	1009907	NA
336	Pulse	55	14740000	1019907	NA
336	Pulse	55	14750000	1029907	NA
336	Pulse	55	14760000	1039907	NA
336	Pulse	55	14770000	1049907	NA
336	Pulse	55	14780000	1059907	NA
336	Pulse	55	14790000	1069907	NA
336	Pulse	55	14800000	1079907	NA
336	Pulse	55	14810000	1089907	NA
336	Pulse	55	14820000	1099907	NA
336	Pulse	55	14830000	1109907	NA
336	Pulse	55	14840000	1119907	NA
336	Pulse	55	14850000	1129907	NA
336	Pulse	55	14860000	1139907	NA
336	Pulse	55	14870000	1149907	NA
336	Pulse	55	14880000	1159907	NA
336	Pulse	55	14890000	1169907	NA
336	Pulse	55	14900000	1179907	NA
336	Pulse	55	14910000	1189907	NA
336	Pulse	55	14920000	1199907	NA
336	Pulse	55	14930000	1209907	NA
336	Pulse	55	14940000	1219907	NA
336	Pulse	55	14950000	1229907	NA
336	Pulse	55	14960000	1239907	NA
336	Pulse	55	14970000	1249907	NA
336	Pulse	55	14980000	1259907	NA
336	Pulse	55	14990000	1269907	NA
336	Pulse	55	15000000	1279907	NA
336	Pulse	55	15010000	1289907	NA
336	Pulse	55	15020000	1299907	NA
336	Pulse	55	15030000	1309907	NA
336	Pulse	55	15040000	1319907	NA
336	Pulse	55	15050000	1329907	NA
336	Pulse	55	15060000	1339907	NA
336	Pulse	55	15070000	1349907	NA
336	Pulse	55	15080000	1359907	NA
336	Pulse	55	15090000	1369907	NA
336	Pulse	55	15100000	1379907	NA
336	Pulse	55	15110000	1389907	NA
336	Pulse	55	15120000	1399907	NA
336	Pulse	55	15130000	1409907	NA
336	Pulse	55	15140000	1419907	NA
336	Pulse	55	15150000	1429907	NA
336	Pulse	55	15160000	1439907	NA
336	Pulse	55	15170000	1449907	NA
336	Pulse	55	15180000	1459907	NA
336	Pulse	55	15190000	1469907	NA
336	Pulse	55	15200000	1479907	NA
336	Pulse	55	15210000	1489907	NA
336	Pulse	55	15220000	1499907	NA
336	Pulse	55	15230000	1509907	NA
336	Pulse	55	15240000	1519907	NA
336	Pulse	55	15250000	1529907	NA
336	Pulse	55	15260000	1539907	NA
336	Pulse	55	15270000	1549907	NA
336	Pulse	55	15280000	1559907	NA
336	Pulse	55	15290000	1569907	NA
336	Pulse	55	15300000	1579907	NA
336	Pulse	55	15310000	1589907	NA
336	Pulse	55	15320000	1599907	NA
336	Pulse	55	15330000	1609907	NA
336	Pulse	55	15340000	1619907	NA
336	Pulse	55	15350000	1629907	NA
336	Pulse	55	15360000	1639907	NA
336	Pulse	55	15370000	1649907	NA
336	Pulse	55	15380000	1659907	NA
336	Pulse	55	15390000	1669907	NA
336	Pulse	55	15400000	1679907	NA
336	Pulse	55	15410000	1689907	NA
336	Pulse	55	15420000	1699907	NA
336	Pulse	55	15430000	1709907	NA
336	Pulse	55	15440000	1719907	NA
336	Pulse	55	15450000	1729907	NA
336	Pulse	55	15460000	1739907	NA
336	Pulse	55	15470000	1749907	NA
336	Pulse	55	15480000	1759907	NA
336	Pulse	55	15490000	1769907	NA
336	Pulse	55	15500000	1779907	NA
336	Pulse	55	15510000	1789907	NA
336	Pulse	55	15520000	1799907	NA
336	Pulse	55	15530000	1809907	NA
336	Pulse	55	15540000	1819907	NA
336	Pulse	55	15550000	1829907	NA
336	Pulse	55	15560000	1839907	NA
336	Pulse	55	15570000	1849907	NA
336	Pulse	55	15580000	1859907	NA
336	Pulse	55	15590000	1869907	NA
336	Pulse	55	15600000	1879907	NA
336	Pulse	55	15610000	1889907	NA
336	Pulse	55	15620000	1899907	NA
336	Pulse	55	15630000	1909907	NA
336	Pulse	55	15640000	1919907	NA
336	Pulse	55	15650000	1929907	NA
336	Pulse	55	15660000	1939907	NA
336	Pulse	55	15670000	1949907	NA
336	Pulse	55	15680000	1959907	NA
336	Pulse	55	15690000	1969907	NA
336	Pulse	55	15700000	1979907	NA
336	Pulse	55	15710000	1989907	NA
336	Pulse	55	15720000	1999907	NA
336	Pulse	55	15730000	2009907	NA
336	Pulse	55	15740000	2019907	NA
336	Pulse	55	15750000	2029907	NA
336	Pulse	55	15760000	2039907	NA
336	Pulse	55	15770000	2049907	NA
336	Pulse	55	15780000	2059907	NA
336	Pulse	55	15790000	2069907	NA
336	Pulse	55	15800000	2079907	NA
336	Pulse	55	15810000	2089907	NA
336	Pulse	55	15820000	2099907	NA
336	Pulse	55	15830000	2109907	NA
336	Pulse	55	15840000	2119907	NA
336	Pulse	55	15850000	2129907	NA
336	Pulse	55	15860000	2139907	NA
336	Pulse	55	15870000	2149907	NA
336	Pulse	55	15880000	2159907	NA
336	Pulse	55	15890000	2169907	NA
336	Pulse	55	15900000	2179907	NA
336	Pulse	55	15910000	2189907	NA
336	Pulse	55	15920000	2199907	NA
336	Pulse	55	15930000	2209907	NA
336	Pulse	55	15940000	2219907	NA
336	Pulse	55	15950000	2229907	NA
336	Pulse	55	15960000	2239907	NA
336	Pulse	55	15970000	2249907	NA
336	Pulse	55	15980000	2259907	NA
336	Pulse	55	15990000	2269907	NA
336	Pulse	55	16000000	2279907	NA
336	Pulse	55	16010000	2289907	NA
336	Pulse	55	16020000	2299907	NA
336	Pulse	55	16030000	2309907	NA
336	Pulse	55	16040000	2319907	NA
336	Pulse	55	16050000	2329907	NA
336	Pulse	55	16060000	2339907	NA
336	Pulse	55	16070000	2349907	NA
336	Pulse	55	16080000	2359907	NA
336	Pulse	55	16090000	2369907	NA
336	Pulse	55	16100000	2379907	NA
336	Pulse	55	16110000	2389907	NA
336	Pulse	55	16120000	2399907	NA
336	Pulse	55	16130000	2409907	NA
336	Pulse	55	16140000	2419907	NA
336	Pulse	55	16150000	2429907	NA
336	Pulse	55	16160000	2439907	NA
336	Pulse	55	16170000	2449907	NA
336	Pulse	55	16180000	2459907	NA
336	Pulse	55	16190000	2469907	NA
336	Pulse	55	16200000	2479907	NA
336	Pulse	55	16210000	2489907	NA
336	Pulse	55	16220000	2499907	NA
336	Pulse	55	16230000	2509907	NA
336	Pulse	55	16240000	2519907	NA
336	Pulse	55	16250000	2529907	NA
336	Pulse	55	16260000	2539907	NA
336	Pulse	55	16270000	2549907	NA
336	Pulse	55	16280000	2559907	NA
336	Pulse	55	16290000	2569907	NA
336	Pulse	55	16300000	2579907	NA
336	Pulse	55	16310000	2589907	NA
336	Pulse	55	16320000	2599907	NA
336	Pulse	55	16330000	2609907	NA
336	Pulse	55	16340000	2619907	NA
336	Pulse	55	16350000	2629907	NA
336	Pulse	55	16360000	2639907	NA
336	Pulse	55	16370000	2649907	NA
336	Pulse	55	16380000	2659907	NA
336	Pulse	55	16390000	2669907	NA
336	Pulse	55	16400000	2679907	NA
336	Pulse	55	16410000	2689907	NA
336	Pulse	55	16420000	2699907	NA
336	Pulse	55	16430000	2709907	NA
336	Pulse	55	16440000	2719907	NA
336	Pulse	55	16450000	2729907	NA
336	Pulse	55	16460000	2739907	NA
336	Pulse	55	16470000	2749907	NA
336	Pulse	55	16480000	2759907	NA
336	Pulse	55	16490000	2769907	NA
336	Pulse	55	16500000	2779907	NA
336	Pulse	55	16510000	2789907	NA
336	Pulse	55	16520000	2799907	NA
336	Pulse	55	16530000	2809907	NA
336	Pulse	55	16540000	2819907	NA
336	Pulse	55	16550000	2829907	NA
336	Pulse	55	16560000	2839907	NA
336	Pulse	55	16570000	2849907	NA
336	Pulse	55	16580000	2859907	NA
336	Pulse	55	16590000	2869907	NA
336	Pulse	55	16600000	2879907	NA
336	Pulse	55	16610000	2889907	NA
336	Pulse	55	16620000	2899907	NA
336	Pulse	55	16630000	2909907	NA
336	Pulse	55	16640000	2919907	NA
336	Pulse	55	16650000	2929907	NA
336	Pulse	55	16660000	2939907	NA
336	Pulse	55	16670000	2949907	NA
336	Pulse	55	16680000	2959907	NA
336	Pulse	55	16690000	2969907	NA
336	Pulse	55	16700000	2979907	NA
336	Pulse	55	16710000	2989907	NA
336	Pulse	55	16720000	2999907	NA
336	Pulse	55	16730000	3009907	NA
336	Pulse	55	16740000	3019907	NA
336	Pulse	55	16750000	3029907	NA
336	Pulse	55	16760000	3039907	NA
336	Pulse	55	16770000	3049907	NA
336	Pulse	55	16780000	3059907	NA
336	Pulse	55	16790000	3069907	NA
336	Pulse	55	16800000	3079907	NA
336	Pulse	55	16810000	3089907	NA
336	Pulse	55	16820000	3099907	NA
336	Pulse	55	16830000	3109907	NA
336	Pulse	55	16840000	3119907	NA
336	Pulse	55	16850000	3129907	NA
336	Pulse	55	16860000	3139907	NA
336	Pulse	55	16870000	3149907	NA
336	Pulse	55	16880000	3159907	NA
336	Pulse	55	16890000	3169907	NA
336	Pulse	55	16900000	3179907	NA
336	Pulse	55	16910000	3189907	NA
336	Pulse	55	16920000	3199907	NA
336	Pulse	55	16930000	3209907	NA
336	Pulse	55	16940000	3219907	NA
336	Pulse	55	16950000	3229907	NA
336	Pulse	55	16960000	3239907	NA
336	Pulse	55	16970000	3249907	NA
336	Pulse	55	16980000	3259907	NA
336	Pulse	55	16990000	3269907	NA
336	Pulse	55	17000000	3279907	NA
336	Pulse	55	17010000	3289907	NA
336	Pulse	55	17020000	3299907	NA
336	Pulse	55	17030000	3309907	NA
336	Pulse	55	17040000	3319907	NA
336	Pulse	55	17050000	3329907	NA
336	Pulse	55	17060000	3339907	NA
336	Pulse	55	17070000	3349907	NA
336	Pulse	55	17080000	3359907	NA
336	Pulse	55	17090000	3369907	NA
336	Pulse	55	17100000	3379907	NA
336	Pulse	55	17110000	3389907	NA
336	Pulse	55	17120000	3399907	NA
336	Pulse	55	17130000	3409907	NA
336	Pulse	55	17140000	3419907	NA
336	Pulse	55	17150000	3429907	NA
336	Pulse	55	17160000	3439907	NA
336	Pulse	55	17170000	3449907	NA
336	Pulse	55	17180000	3459907	NA
336	Pulse	55	17190000	3469907	NA
336	Pulse	55	17200000	3479907	NA
336	Pulse	55	17210000	3489907	NA
336	Pulse	55	17220000	3499907	NA
336	Pulse	55	17230000	3509907	NA
336	Pulse	55	17240000	3519907	NA
336	Pulse	55	17250000	3529907	NA
336	Pulse	55	17260000	3539907	NA
336	Pulse	55	17270000	3549907	NA
336	Pulse	55	17280000	3559907	NA
336	Pulse	55	17290000	3569907	NA
336	Pulse	55	17300000	3579907	NA
336	Pulse	55	17310000	3589907	NA
336	Pulse	55	17320000	3599907	NA
336	Pulse	55	17330000	3609907	NA
336	Pulse	55	17340000	3619907	NA
336	Pulse	55	17350000	3629907	NA
336	Pulse	55	17360000	3639907	NA
336	Pulse	55	17370000	3649907	NA
336	Pulse	55	17380000	3659907	NA
336	Pulse	55	17390000	3669907	NA
336	Pulse	55	17400000	3679907	NA
336	Pulse	55	17410000	3689907	NA
336	Pulse	55	17420000	3699907	NA
336	Pulse	55	17430000	3709907	NA
336	Pulse	55	17440000	3719907	NA
336	Pulse	55	17450000	3729907	NA
336	Pulse	55	17460000	3739907	NA
336	Pulse	55	17470000	3749907	NA
336	Pulse	55	17480000	3759907	NA
336	Pulse	55	17490000	3769907	NA
336	Pulse	55	17500000	3779907	NA
336	Pulse	55	17510000	3789907	NA
336	Pulse	55	17520000	3799907	NA
336	Pulse	55	17530000	3809907	NA
336	Pulse	55	17540000	3819907	NA
336	Pulse	55	17550000	3829907	NA
336	Pulse	55	17560000	3839907	NA
336	Pulse	55	17570000	3849907	NA
336	Pulse	55	17580000	3859907	NA
336	Pulse	55	17590000	3869907	NA
336	Pulse	55	17600000	3879907	NA
336	Pulse	55	17610000	3889907	NA
336	Pulse	55	17620000	3899907	NA
336	Pulse	55	17630000	3909907	NA
336	Pulse	55	17640000	3919907	NA
336	Pulse	55	17650000	3929907	NA
336	Pulse	55	17660000	3939907	NA
336	Pulse	55	17670000	3949907	NA
336	Pulse	55	17680000	3959907	NA
336	Pulse	55	17690000	3969907	NA
336	Pulse	55	17700000	3979907	NA
336	Pulse	55	17710000	3989907	NA
336	Pulse	55	17720000	3999907	NA
336	Pulse	55	17730000	4009907	NA
336	Pulse	55	17740000	4019907	NA
336	Pulse	55	17750000	4029907	NA
336	Pulse	55	17760000	4039907	NA
336	Pulse	55	17770000	4049907	NA
336	Pulse	55	17780000	4059907	NA
336	Pulse	55	17790000	4069907	NA
336	Pulse	55	17800000	4079907	NA
336	Pulse	55	17810000	4089907	NA
336	Pulse	55	17820000	4099907	NA
336	Pulse	55	17830000	4109907	NA
336	Pulse	55	17840000	4119907	NA
336	Pulse	55	17850000	4129907	NA
336	Pulse	55	17860000	4139907	NA
336	Pulse	55	17870000	4149907	NA
336	Pulse	55	17880000	4159907	NA
336	Pulse	55	17890000	4169907	NA
336	Pulse	55	17900000	4179907	NA
336	Pulse	55	17910000	4189907	NA
336	Pulse	55	17920000	4199907	NA
336	Pulse	55	17930000	4209907	NA
336	Pulse	55	17940000	4219907	NA
336	Pulse	55	17950000	4229907	NA
336	Pulse	55	17960000	4239907	NA
336	Pulse	55	17970000	4249907	NA
336	Pulse	55	17980000	4259907	NA
336	Pulse	55	17990000	4269907	NA
336	Pulse	55	18000000	4279907	NA
336	Pulse	55	18010000	4289907	NA
336	Pulse	55	18020000	4299907	NA
336	Pulse	55	18030000	4309907	NA
336	Pulse	55	18040000	4319907	NA
336	Pulse	55	18050000	4329907	NA
336	Pulse	55	18060000	4339907	NA
336	Pulse	55	18070000	4349907	NA
336	Pulse	55	18080000	4359907	NA
336	Pulse	55	18090000	4369907	NA
336	Pulse	55	18100000	4379907	NA
336	Pulse	55	18110000	4389907	NA
336	Pulse	55	18120000	4399907	NA
336	Pulse	55	18130000	4409907	NA
336	Pulse	55	18140000	4419907	NA
336	Pulse	55	18150000	4429907	NA
336	Pulse	55	18160000	4439907	NA
336	Pulse	55	18170000	4449907	NA
336	Pulse	55	18180000	4459907	NA
336	Pulse	55	18190000	4469907	NA
336	Pulse	55	18200000	4479907	NA
336	Pulse	55	18210000	4489907	NA
336	Pulse	55	18220000	4499907	NA
336	Pulse	55	18230000	4509907	NA
336	Pulse	55	18240000	4519907	NA
336	Pulse	55	18250000	4529907	NA
336	Pulse	55	18260000	4539907	NA
336	Pulse	55	18270000	4549907	NA
336	Pulse	55	18280000	4559907	NA
336	Pulse	55	18290000	4569907	NA
336	Pulse	55	18300000	4579907	NA
336	Pulse	55	18310000	4589907	NA
336	Pulse	55	18320000	4599907	NA
336	Pulse	55	18330000	4609907	NA
336	Pulse	55	18340000	4619907	NA
336	Pulse	55	18350000	4629907	NA
336	Pulse	55	18360000	4639907	NA
336	Pulse	55	18370000	4649907	NA
336	Pulse	55	18380000	4659907	NA
336	Pulse	55	18390000	4669907	NA
336	Pulse	55	18400000	4679907	NA
336	Pulse	55	18410000	4689907	NA
336	Pulse	55	18420000	4699907	NA
336	Pulse	55	18430000	4709907	NA
336	Pulse	55	18440000	4719907	NA
336	Pulse	55	18450000	4729907	NA
336	Pulse	55	18460000	4739907	NA
336	Pulse	55	18470000	4749907	NA
336	Pulse	55	18480000	4759907	NA
336	Pulse	55	18490000	4769907	NA
336	Pulse	55	18500000	4779907	NA
336	Pulse	55	18510000	4789907	NA
336	Pulse	55	18520000	4799907	NA
336	Pulse	55	18530000	4809907	NA
336	Pulse	55	18540000	4819907	NA
336	Pulse	55	18550000	4829907	NA
336	Pulse	55	18560000	4839907	NA
336	Pulse	55	18570000	4849907	NA
336	Pulse	55	18580000	4859907	NA
336	Pulse	55	18590000	4869907	NA
336	Pulse	55	18600000	4879907	NA
336	Pulse	55	18610000	4889907	NA
336	Pulse	55	18620000	4899907	NA
336	Pulse	55	18630000	4909907	NA
336	Pulse	55	18640000	4919907	NA
336	Response	1	18647292	4927200	1
337	Pulse	55	18650000	2621	NA
337	Pulse	55	18660000	12621	NA
337	Pulse	55	18670000	22621	NA
337	Pulse	55	18680000	32621	NA
337	Pulse	55	18690000	42621	NA
337	Pulse	55	18700000	52621	NA
337	Pulse	55	18710000	62621	NA
337	Pulse	55	18720000	72621	NA
337	Pulse	55	18730000	82621	NA
337	Pulse	55	18740000	92621	NA
337	Pulse	55	18750000	102621	NA
337	Pulse	55	18760000	112621	NA
337	Pulse	55	18770000	122621	NA
337	Pulse	55	18780000	132621	NA
337	Pulse	55	18790000	142621	NA
337	Pulse	55	18800000	152621	NA
337	Pulse	55	18810000	162621	NA
337	Pulse	55	18820000	172621	NA
337	Pulse	55	18830000	182621	NA
337	Pulse	55	18840000	192621	NA
337	Pulse	55	18850000	202621	NA
337	Pulse	55	18860000	212621	NA
337	Pulse	55	18870000	222621	NA
337	Pulse	55	18880000	232621	NA
337	Pulse	55	18890000	242621	NA
337	Pulse	55	18900000	252621	NA
337	Pulse	55	18910000	262621	NA
337	Pulse	55	18920000	272621	NA
337	Pulse	55	18930000	282621	NA
337	Pulse	55	18940000	292621	NA
337	Pulse	55	18950000	302621	NA
337	Pulse	55	18960000	312621	NA
337	Pulse	55	18970000	322621	NA
337	Pulse	55	18980000	332621	NA
337	Pulse	55	18990000	342621	NA
337	Pulse	55	19000000	352621	NA
337	Pulse	55	19010000	362621	NA
337	Pulse	55	19020000	372621	NA
337	Pulse	55	19030000	382621	NA
337	Pulse	55	19040000	392621	NA
337	Pulse	55	19050000	402621	NA
337	Pulse	55	19060000	412621	NA
337	Pulse	55	19070000	422621	NA
337	Pulse	55	19080000	432621	NA
337	Pulse	55	19090000	442621	NA
337	Pulse	55	19100000	452621	NA
337	Pulse	55	19110000	462621	NA
337	Pulse	55	19120000	472621	NA
337	Pulse	55	19130000	482621	NA
337	Pulse	55	19140000	492621	NA
337	Pulse	55	19150000	502621	NA
337	Pulse	55	19160000	512621	NA
337	Pulse	55	19170000	522621	NA
337	Pulse	55	19180000	532621	NA
337	Pulse	55	19190000	542621	NA
337	Pulse	55	19200000	552621	NA
337	Pulse	55	19210000	562621	NA
337	Pulse	55	19220000	572621	NA
337	Pulse	55	19230000	582621	NA
337	Pulse	55	19240000	592621	NA
337	Pulse	55	19250000	602621	NA
337	Pulse	55	19260000	612621	NA
337	Pulse	55	19270000	622621	NA
337	Pulse	55	19280000	632621	NA
337	Pulse	55	19290000	642621	NA
337	Pulse	55	19300000	652621	NA
337	Pulse	55	19310000	662621	NA
337	Pulse	55	19320000	672621	NA
337	Pulse	55	19330000	682621	NA
337	Pulse	55	19340000	692621	NA
337	Pulse	55	19350000	702621	NA
337	Pulse	55	19360000	712621	NA
337	Pulse	55	19370000	722621	NA
337	Pulse	55	19380000	732621	NA
337	Pulse	55	19390000	742621	NA
337	Pulse	55	19400000	752621	NA
337	Pulse	55	19410000	762621	NA
337	Pulse	55	19420000	772621	NA
337	Pulse	55	19430000	782621	NA
337	Pulse	55	19440000	792621	NA
337	Pulse	55	19450000	802621	NA
337	Pulse	55	19460000	812621	NA
337	Pulse	55	19470000	822621	NA
337	Pulse	55	19480000	832621	NA
337	Pulse	55	19490000	842621	NA
337	Pulse	55	19500000	852621	NA
337	Pulse	55	19510000	862621	NA
337	Pulse	55	19520000	872621	NA
337	Pulse	55	19530000	882621	NA
337	Pulse	55	19540000	892621	NA
337	Pulse	55	19550000	902621	NA
337	Pulse	55	19560000	912621	NA
337	Pulse	55	19570000	922621	NA
337	Pulse	55	19580000	932621	NA
337	Pulse	55	19590000	942621	NA
337	Pulse	55	19600000	952621	NA
337	Pulse	55	19610000	962621	NA
337	Pulse	55	19620000	972621	NA
337	Pulse	55	19630000	982621	NA
337	Pulse	55	19640000	992621	NA
337	Pulse	55	19650000	1002621	NA
337	Pulse	55	19660000	1012621	NA
337	Pulse	55	19670000	1022621	NA
337	Pulse	55	19680000	1032621	NA
337	Pulse	55	19690000	1042621	NA
337	Pulse	55	19700000	1052621	NA
337	Pulse	55	19710000	1062621	NA
337	Pulse	55	19720000	1072621	NA
337	Pulse	55	19730000	1082621	NA
337	Pulse	55	19740000	1092621	NA
337	Pulse	55	19750000	1102621	NA
337	Pulse	55	19760000	1112621	NA
337	Pulse	55	19770000	1122621	NA
337	Pulse	55	19780000	1132621	NA
337	Pulse	55	19790000	1142621	NA
337	Pulse	55	19800000	1152621	NA
337	Pulse	55	19810000	1162621	NA
337	Pulse	55	19820000	1172621	NA
337	Pulse	55	19830000	1182621	NA
337	Pulse	55	19840000	1192621	NA
337	Pulse	55	19850000	1202621	NA
337	Pulse	55	19860000	1212621	NA
337	Response	1	19867209	1219830	1
