Scenario - Slideshow_D2.sce
Logfile written - 11/12/2021 12:56:29

Trial	Event Type	Code	Time	TTime	Uncertainty	Duration	Uncertainty	ReqTime	ReqDur	Stim Type	Pair Index

0	Pulse	55	0	0	NA
1	Pulse	55	10000	9334	NA
1	Pulse	55	20000	19334	NA
1	Pulse	55	30000	29334	NA
1	Pulse	55	40000	39334	NA
2	Pulse	55	50000	8668	NA
2	Pulse	55	60000	18668	NA
2	Pulse	55	70000	28668	NA
2	Pulse	55	80000	38668	NA
3	Pulse	55	90000	8002	NA
3	Pulse	55	100000	18002	NA
3	Pulse	55	110000	28002	NA
3	Pulse	55	120000	38002	NA
4	Pulse	55	130000	7336	NA
4	Pulse	55	140000	17336	NA
4	Pulse	55	150000	27336	NA
4	Pulse	55	160000	37336	NA
5	Pulse	55	170000	6670	NA
5	Pulse	55	180000	16670	NA
5	Pulse	55	190000	26670	NA
5	Pulse	55	200000	36670	NA
6	Pulse	55	210000	6004	NA
6	Pulse	55	220000	16004	NA
6	Pulse	55	230000	26004	NA
6	Pulse	55	240000	36004	NA
7	Pulse	55	250000	5337	NA
7	Pulse	55	260000	15337	NA
7	Pulse	55	270000	25337	NA
7	Pulse	55	280000	35337	NA
8	Pulse	55	290000	4671	NA
8	Pulse	55	300000	14671	NA
8	Pulse	55	310000	24671	NA
8	Pulse	55	320000	34671	NA
9	Pulse	55	330000	4006	NA
9	Pulse	55	340000	14006	NA
9	Pulse	55	350000	24006	NA
9	Pulse	55	360000	34006	NA
10	Pulse	55	370000	3506	NA
10	Pulse	55	380000	13506	NA
10	Pulse	55	390000	23506	NA
10	Pulse	55	400000	33506	NA
11	Pulse	55	410000	3007	NA
11	Pulse	55	420000	13007	NA
11	Pulse	55	430000	23007	NA
11	Pulse	55	440000	33007	NA
12	Pulse	55	450000	2341	NA
12	Pulse	55	460000	12341	NA
12	Pulse	55	470000	22341	NA
12	Pulse	55	480000	32341	NA
13	Pulse	55	490000	1675	NA
13	Pulse	55	500000	11675	NA
13	Pulse	55	510000	21675	NA
13	Pulse	55	520000	31675	NA
14	Pulse	55	530000	1009	NA
14	Pulse	55	540000	11009	NA
14	Pulse	55	550000	21009	NA
14	Pulse	55	560000	31009	NA
15	Pulse	55	570000	343	NA
15	Pulse	55	580000	10343	NA
15	Pulse	55	590000	20343	NA
15	Pulse	55	600000	30343	NA
15	Pulse	55	610000	40343	NA
16	Pulse	55	620000	9676	NA
16	Pulse	55	630000	19676	NA
16	Pulse	55	640000	29676	NA
16	Pulse	55	650000	39676	NA
17	Pulse	55	660000	9010	NA
17	Pulse	55	670000	19010	NA
17	Pulse	55	680000	29010	NA
17	Pulse	55	690000	39010	NA
18	Pulse	55	700000	8344	NA
18	Pulse	55	710000	18344	NA
18	Pulse	55	720000	28344	NA
18	Pulse	55	730000	38344	NA
19	Pulse	55	740000	7678	NA
19	Pulse	55	750000	17678	NA
19	Pulse	55	760000	27678	NA
19	Pulse	55	770000	37678	NA
20	Pulse	55	780000	7012	NA
20	Pulse	55	790000	17012	NA
20	Pulse	55	800000	27012	NA
20	Pulse	55	810000	37012	NA
21	Pulse	55	820000	6346	NA
21	Pulse	55	830000	16346	NA
21	Pulse	55	840000	26346	NA
21	Pulse	55	850000	36346	NA
22	Pulse	55	860000	5680	NA
22	Pulse	55	870000	15680	NA
22	Pulse	55	880000	25680	NA
22	Pulse	55	890000	35680	NA
23	Pulse	55	900000	5014	NA
23	Pulse	55	910000	15014	NA
23	Pulse	55	920000	25014	NA
23	Pulse	55	930000	35014	NA
24	Pulse	55	940000	4348	NA
24	Pulse	55	950000	14348	NA
24	Pulse	55	960000	24348	NA
24	Pulse	55	970000	34348	NA
25	Pulse	55	980000	3682	NA
25	Pulse	55	990000	13682	NA
25	Pulse	55	1000000	23682	NA
25	Pulse	55	1010000	33682	NA
26	Pulse	55	1020000	3016	NA
26	Pulse	55	1030000	13016	NA
26	Pulse	55	1040000	23016	NA
26	Pulse	55	1050000	33016	NA
27	Pulse	55	1060000	2350	NA
27	Pulse	55	1070000	12350	NA
27	Pulse	55	1080000	22350	NA
27	Pulse	55	1090000	32350	NA
28	Pulse	55	1100000	1684	NA
28	Pulse	55	1110000	11684	NA
28	Pulse	55	1120000	21684	NA
28	Pulse	55	1130000	31684	NA
29	Pulse	55	1140000	1018	NA
29	Pulse	55	1150000	11018	NA
29	Pulse	55	1160000	21018	NA
29	Pulse	55	1170000	31018	NA
30	Pulse	55	1180000	352	NA
30	Pulse	55	1190000	10352	NA
30	Pulse	55	1200000	20352	NA
30	Pulse	55	1210000	30352	NA
30	Pulse	55	1220000	40352	NA
31	Pulse	55	1230000	9686	NA
31	Pulse	55	1240000	19686	NA
31	Pulse	55	1250000	29686	NA
31	Pulse	55	1260000	39686	NA
32	Pulse	55	1270000	9020	NA
32	Pulse	55	1280000	19020	NA
32	Pulse	55	1290000	29020	NA
32	Pulse	55	1300000	39020	NA
33	Pulse	55	1310000	8354	NA
33	Pulse	55	1320000	18354	NA
33	Pulse	55	1330000	28354	NA
33	Pulse	55	1340000	38354	NA
34	Pulse	55	1350000	7688	NA
34	Pulse	55	1360000	17688	NA
34	Pulse	55	1370000	27688	NA
34	Pulse	55	1380000	37688	NA
35	Pulse	55	1390000	7022	NA
35	Pulse	55	1400000	17022	NA
35	Pulse	55	1410000	27022	NA
35	Pulse	55	1420000	37022	NA
36	Pulse	55	1430000	6356	NA
36	Pulse	55	1440000	16356	NA
36	Pulse	55	1450000	26356	NA
36	Pulse	55	1460000	36356	NA
37	Pulse	55	1470000	5690	NA
37	Pulse	55	1480000	15690	NA
37	Pulse	55	1490000	25690	NA
37	Pulse	55	1500000	35690	NA
38	Pulse	55	1510000	4857	NA
38	Pulse	55	1520000	14857	NA
38	Pulse	55	1530000	24857	NA
38	Pulse	55	1540000	34857	NA
39	Pulse	55	1550000	4191	NA
39	Pulse	55	1560000	14191	NA
39	Pulse	55	1570000	24191	NA
39	Pulse	55	1580000	34191	NA
40	Pulse	55	1590000	3525	NA
40	Pulse	55	1600000	13525	NA
40	Pulse	55	1610000	23525	NA
40	Pulse	55	1620000	33525	NA
41	Pulse	55	1630000	2859	NA
41	Pulse	55	1640000	12859	NA
41	Pulse	55	1650000	22859	NA
41	Pulse	55	1660000	32859	NA
42	Pulse	55	1670000	2193	NA
42	Pulse	55	1680000	12193	NA
42	Pulse	55	1690000	22193	NA
42	Pulse	55	1700000	32193	NA
43	Pulse	55	1710000	1527	NA
43	Pulse	55	1720000	11527	NA
43	Pulse	55	1730000	21527	NA
43	Pulse	55	1740000	31527	NA
44	Pulse	55	1750000	861	NA
44	Pulse	55	1760000	10861	NA
44	Pulse	55	1770000	20861	NA
44	Pulse	55	1780000	30861	NA
45	Pulse	55	1790000	195	NA
45	Pulse	55	1800000	10195	NA
45	Pulse	55	1810000	20195	NA
45	Pulse	55	1820000	30195	NA
45	Pulse	55	1830000	40195	NA
46	Pulse	55	1840000	9529	NA
46	Pulse	55	1850000	19529	NA
46	Pulse	55	1860000	29529	NA
46	Pulse	55	1870000	39529	NA
47	Pulse	55	1880000	8863	NA
47	Pulse	55	1890000	18863	NA
47	Pulse	55	1900000	28863	NA
47	Pulse	55	1910000	38863	NA
48	Pulse	55	1920000	8197	NA
48	Pulse	55	1930000	18197	NA
48	Pulse	55	1940000	28197	NA
48	Pulse	55	1950000	38197	NA
49	Pulse	55	1960000	7531	NA
49	Pulse	55	1970000	17531	NA
49	Pulse	55	1980000	27531	NA
49	Pulse	55	1990000	37531	NA
50	Pulse	55	2000000	6864	NA
50	Pulse	55	2010000	16864	NA
50	Pulse	55	2020000	26864	NA
50	Pulse	55	2030000	36864	NA
51	Pulse	55	2040000	6199	NA
51	Pulse	55	2050000	16199	NA
51	Pulse	55	2060000	26199	NA
51	Pulse	55	2070000	36199	NA
52	Pulse	55	2080000	5532	NA
52	Pulse	55	2090000	15532	NA
52	Pulse	55	2100000	25532	NA
52	Pulse	55	2110000	35532	NA
53	Pulse	55	2120000	4866	NA
53	Pulse	55	2130000	14866	NA
53	Pulse	55	2140000	24866	NA
53	Pulse	55	2150000	34866	NA
54	Pulse	55	2160000	4200	NA
54	Pulse	55	2170000	14200	NA
54	Pulse	55	2180000	24200	NA
54	Pulse	55	2190000	34200	NA
55	Pulse	55	2200000	3534	NA
55	Pulse	55	2210000	13534	NA
55	Pulse	55	2220000	23534	NA
55	Pulse	55	2230000	33534	NA
56	Pulse	55	2240000	2702	NA
56	Pulse	55	2250000	12702	NA
56	Pulse	55	2260000	22702	NA
56	Pulse	55	2270000	32702	NA
57	Pulse	55	2280000	2036	NA
57	Pulse	55	2290000	12036	NA
57	Pulse	55	2300000	22036	NA
57	Pulse	55	2310000	32036	NA
58	Pulse	55	2320000	1370	NA
58	Pulse	55	2330000	11370	NA
58	Pulse	55	2340000	21370	NA
58	Pulse	55	2350000	31370	NA
59	Pulse	55	2360000	704	NA
59	Pulse	55	2370000	10704	NA
59	Pulse	55	2380000	20704	NA
59	Pulse	55	2390000	30704	NA
60	Pulse	55	2400000	37	NA
60	Pulse	55	2410000	10037	NA
60	Pulse	55	2420000	20037	NA
60	Pulse	55	2430000	30037	NA
60	Pulse	55	2440000	40037	NA
61	Pulse	55	2450000	9371	NA
61	Pulse	55	2460000	19371	NA
61	Pulse	55	2470000	29371	NA
61	Pulse	55	2480000	39371	NA
62	Pulse	55	2490000	8705	NA
62	Pulse	55	2500000	18705	NA
62	Pulse	55	2510000	28705	NA
62	Pulse	55	2520000	38705	NA
63	Pulse	55	2530000	8039	NA
63	Pulse	55	2540000	18039	NA
63	Pulse	55	2550000	28039	NA
63	Pulse	55	2560000	38039	NA
64	Pulse	55	2570000	7373	NA
64	Pulse	55	2580000	17373	NA
64	Pulse	55	2590000	27373	NA
64	Pulse	55	2600000	37373	NA
65	Pulse	55	2610000	6707	NA
65	Pulse	55	2620000	16707	NA
65	Pulse	55	2630000	26707	NA
65	Pulse	55	2640000	36707	NA
66	Pulse	55	2650000	6041	NA
66	Pulse	55	2660000	16041	NA
66	Pulse	55	2670000	26041	NA
66	Pulse	55	2680000	36041	NA
67	Pulse	55	2690000	5375	NA
67	Pulse	55	2700000	15375	NA
67	Pulse	55	2710000	25375	NA
67	Pulse	55	2720000	35375	NA
68	Pulse	55	2730000	4709	NA
68	Pulse	55	2740000	14709	NA
68	Pulse	55	2750000	24709	NA
68	Pulse	55	2760000	34709	NA
69	Pulse	55	2770000	4043	NA
69	Pulse	55	2780000	14043	NA
69	Pulse	55	2790000	24043	NA
69	Pulse	55	2800000	34043	NA
70	Pulse	55	2810000	3377	NA
70	Pulse	55	2820000	13377	NA
70	Pulse	55	2830000	23377	NA
70	Pulse	55	2840000	33377	NA
71	Pulse	55	2850000	2711	NA
71	Pulse	55	2860000	12711	NA
71	Pulse	55	2870000	22711	NA
71	Pulse	55	2880000	32711	NA
72	Pulse	55	2890000	2045	NA
72	Pulse	55	2900000	12045	NA
72	Pulse	55	2910000	22045	NA
72	Pulse	55	2920000	32045	NA
73	Pulse	55	2930000	1379	NA
73	Pulse	55	2940000	11379	NA
73	Pulse	55	2950000	21379	NA
73	Pulse	55	2960000	31379	NA
74	Pulse	55	2970000	713	NA
74	Pulse	55	2980000	10713	NA
74	Pulse	55	2990000	20713	NA
74	Pulse	55	3000000	30713	NA
75	Pulse	55	3010000	47	NA
75	Pulse	55	3020000	10047	NA
75	Pulse	55	3030000	20047	NA
75	Pulse	55	3040000	30047	NA
75	Pulse	55	3050000	40047	NA
76	Pulse	55	3060000	9381	NA
76	Pulse	55	3070000	19381	NA
76	Pulse	55	3080000	29381	NA
76	Pulse	55	3090000	39381	NA
77	Pulse	55	3100000	8715	NA
77	Pulse	55	3110000	18715	NA
77	Pulse	55	3120000	28715	NA
77	Pulse	55	3130000	38715	NA
78	Pulse	55	3140000	8049	NA
78	Pulse	55	3150000	18049	NA
78	Pulse	55	3160000	28049	NA
78	Pulse	55	3170000	38049	NA
79	Pulse	55	3180000	7383	NA
79	Pulse	55	3190000	17383	NA
79	Pulse	55	3200000	27383	NA
79	Pulse	55	3210000	37383	NA
80	Pulse	55	3220000	6717	NA
80	Pulse	55	3230000	16717	NA
80	Pulse	55	3240000	26717	NA
80	Pulse	55	3250000	36717	NA
81	Pulse	55	3260000	6051	NA
81	Pulse	55	3270000	16051	NA
81	Pulse	55	3280000	26051	NA
81	Pulse	55	3290000	36051	NA
82	Pulse	55	3300000	5385	NA
82	Pulse	55	3310000	15385	NA
82	Pulse	55	3320000	25385	NA
82	Pulse	55	3330000	35385	NA
83	Pulse	55	3340000	4719	NA
83	Pulse	55	3350000	14719	NA
83	Pulse	55	3360000	24719	NA
83	Pulse	55	3370000	34719	NA
84	Pulse	55	3380000	4053	NA
84	Pulse	55	3390000	14053	NA
84	Pulse	55	3400000	24053	NA
84	Pulse	55	3410000	34053	NA
85	Pulse	55	3420000	3387	NA
85	Pulse	55	3430000	13387	NA
85	Pulse	55	3440000	23387	NA
85	Pulse	55	3450000	33387	NA
86	Pulse	55	3460000	2721	NA
86	Pulse	55	3470000	12721	NA
86	Pulse	55	3480000	22721	NA
86	Pulse	55	3490000	32721	NA
87	Pulse	55	3500000	2055	NA
87	Pulse	55	3510000	12055	NA
87	Pulse	55	3520000	22055	NA
87	Pulse	55	3530000	32055	NA
88	Pulse	55	3540000	1389	NA
88	Pulse	55	3550000	11389	NA
88	Pulse	55	3560000	21389	NA
88	Pulse	55	3570000	31389	NA
89	Pulse	55	3580000	722	NA
89	Pulse	55	3590000	10722	NA
89	Pulse	55	3600000	20722	NA
89	Pulse	55	3610000	30722	NA
90	Pulse	55	3620000	56	NA
90	Pulse	55	3630000	10056	NA
90	Pulse	55	3640000	20056	NA
90	Pulse	55	3650000	30056	NA
90	Pulse	55	3660000	40056	NA
91	Pulse	55	3670000	9390	NA
91	Pulse	55	3680000	19390	NA
91	Pulse	55	3690000	29390	NA
91	Pulse	55	3700000	39390	NA
92	Pulse	55	3710000	8724	NA
92	Pulse	55	3720000	18724	NA
92	Pulse	55	3730000	28724	NA
92	Pulse	55	3740000	38724	NA
93	Pulse	55	3750000	8058	NA
93	Pulse	55	3760000	18058	NA
93	Pulse	55	3770000	28058	NA
93	Pulse	55	3780000	38058	NA
94	Pulse	55	3790000	7392	NA
94	Pulse	55	3800000	17392	NA
94	Pulse	55	3810000	27392	NA
94	Pulse	55	3820000	37392	NA
95	Pulse	55	3830000	6726	NA
95	Pulse	55	3840000	16726	NA
95	Pulse	55	3850000	26726	NA
95	Pulse	55	3860000	36726	NA
96	Pulse	55	3870000	6060	NA
96	Pulse	55	3880000	16060	NA
96	Pulse	55	3890000	26060	NA
96	Pulse	55	3900000	36060	NA
97	Pulse	55	3910000	5394	NA
97	Pulse	55	3920000	15394	NA
97	Pulse	55	3930000	25394	NA
97	Pulse	55	3940000	35394	NA
98	Pulse	55	3950000	4728	NA
98	Pulse	55	3960000	14728	NA
98	Pulse	55	3970000	24728	NA
98	Pulse	55	3980000	34728	NA
99	Pulse	55	3990000	4062	NA
99	Pulse	55	4000000	14062	NA
99	Pulse	55	4010000	24062	NA
99	Pulse	55	4020000	34062	NA
100	Pulse	55	4030000	3396	NA
100	Pulse	55	4040000	13396	NA
100	Pulse	55	4050000	23396	NA
100	Pulse	55	4060000	33396	NA
101	Pulse	55	4070000	2730	NA
101	Pulse	55	4080000	12730	NA
101	Pulse	55	4090000	22730	NA
101	Pulse	55	4100000	32730	NA
102	Pulse	55	4110000	2064	NA
102	Pulse	55	4120000	12064	NA
102	Pulse	55	4130000	22064	NA
102	Pulse	55	4140000	32064	NA
103	Pulse	55	4150000	1398	NA
103	Pulse	55	4160000	11398	NA
103	Pulse	55	4170000	21398	NA
103	Pulse	55	4180000	31398	NA
104	Pulse	55	4190000	732	NA
104	Pulse	55	4200000	10732	NA
104	Pulse	55	4210000	20732	NA
104	Pulse	55	4220000	30732	NA
105	Pulse	55	4230000	66	NA
105	Pulse	55	4240000	10066	NA
105	Pulse	55	4250000	20066	NA
105	Pulse	55	4260000	30066	NA
105	Pulse	55	4270000	40066	NA
106	Pulse	55	4280000	9400	NA
106	Pulse	55	4290000	19400	NA
106	Pulse	55	4300000	29400	NA
106	Pulse	55	4310000	39400	NA
107	Pulse	55	4320000	8900	NA
107	Pulse	55	4330000	18900	NA
107	Pulse	55	4340000	28900	NA
107	Pulse	55	4350000	38900	NA
108	Pulse	55	4360000	8401	NA
108	Pulse	55	4370000	18401	NA
108	Pulse	55	4380000	28401	NA
108	Pulse	55	4390000	38401	NA
109	Pulse	55	4400000	7735	NA
109	Pulse	55	4410000	17735	NA
109	Pulse	55	4420000	27735	NA
109	Pulse	55	4430000	37735	NA
110	Pulse	55	4440000	7069	NA
110	Pulse	55	4450000	17069	NA
110	Pulse	55	4460000	27069	NA
110	Pulse	55	4470000	37069	NA
111	Pulse	55	4480000	6403	NA
111	Pulse	55	4490000	16403	NA
111	Pulse	55	4500000	26403	NA
111	Pulse	55	4510000	36403	NA
112	Pulse	55	4520000	5737	NA
112	Pulse	55	4530000	15737	NA
112	Pulse	55	4540000	25737	NA
112	Pulse	55	4550000	35737	NA
113	Pulse	55	4560000	5071	NA
113	Pulse	55	4570000	15071	NA
113	Pulse	55	4580000	25071	NA
113	Pulse	55	4590000	35071	NA
114	Pulse	55	4600000	4405	NA
114	Pulse	55	4610000	14405	NA
114	Pulse	55	4620000	24405	NA
114	Pulse	55	4630000	34405	NA
115	Pulse	55	4640000	3905	NA
115	Pulse	55	4650000	13905	NA
115	Pulse	55	4660000	23905	NA
115	Pulse	55	4670000	33905	NA
116	Pulse	55	4680000	3239	NA
116	Pulse	55	4690000	13239	NA
116	Pulse	55	4700000	23239	NA
116	Pulse	55	4710000	33239	NA
117	Pulse	55	4720000	2573	NA
117	Pulse	55	4730000	12573	NA
117	Pulse	55	4740000	22573	NA
117	Pulse	55	4750000	32573	NA
118	Pulse	55	4760000	2074	NA
118	Pulse	55	4770000	12074	NA
118	Pulse	55	4780000	22074	NA
118	Pulse	55	4790000	32074	NA
119	Pulse	55	4800000	1575	NA
119	Pulse	55	4810000	11575	NA
119	Pulse	55	4820000	21575	NA
119	Pulse	55	4830000	31575	NA
120	Pulse	55	4840000	909	NA
120	Pulse	55	4850000	10909	NA
120	Pulse	55	4860000	20909	NA
120	Pulse	55	4870000	30909	NA
121	Pulse	55	4880000	409	NA
121	Pulse	55	4890000	10409	NA
121	Pulse	55	4900000	20409	NA
121	Pulse	55	4910000	30409	NA
121	Pulse	55	4920000	40409	NA
122	Pulse	55	4930000	9743	NA
122	Pulse	55	4940000	19743	NA
122	Pulse	55	4950000	29743	NA
122	Pulse	55	4960000	39743	NA
123	Pulse	55	4970000	9244	NA
123	Pulse	55	4980000	19244	NA
123	Pulse	55	4990000	29244	NA
123	Pulse	55	5000000	39244	NA
124	Pulse	55	5010000	8744	NA
124	Pulse	55	5020000	18744	NA
124	Pulse	55	5030000	28744	NA
124	Pulse	55	5040000	38744	NA
125	Pulse	55	5050000	8245	NA
125	Pulse	55	5060000	18245	NA
125	Pulse	55	5070000	28245	NA
125	Pulse	55	5080000	38245	NA
126	Pulse	55	5090000	7579	NA
126	Pulse	55	5100000	17579	NA
126	Pulse	55	5110000	27579	NA
126	Pulse	55	5120000	37579	NA
127	Pulse	55	5130000	6913	NA
127	Pulse	55	5140000	16913	NA
127	Pulse	55	5150000	26913	NA
127	Pulse	55	5160000	36913	NA
128	Pulse	55	5170000	6247	NA
128	Pulse	55	5180000	16247	NA
128	Pulse	55	5190000	26247	NA
128	Pulse	55	5200000	36247	NA
129	Pulse	55	5210000	5581	NA
129	Pulse	55	5220000	15581	NA
129	Pulse	55	5230000	25581	NA
129	Pulse	55	5240000	35581	NA
130	Pulse	55	5250000	4915	NA
130	Pulse	55	5260000	14915	NA
130	Pulse	55	5270000	24915	NA
130	Pulse	55	5280000	34915	NA
131	Pulse	55	5290000	4249	NA
131	Pulse	55	5300000	14249	NA
131	Pulse	55	5310000	24249	NA
131	Pulse	55	5320000	34249	NA
132	Pulse	55	5330000	3749	NA
132	Pulse	55	5340000	13749	NA
132	Pulse	55	5350000	23749	NA
132	Pulse	55	5360000	33749	NA
133	Pulse	55	5370000	3083	NA
133	Pulse	55	5380000	13083	NA
133	Pulse	55	5390000	23083	NA
133	Pulse	55	5400000	33083	NA
134	Pulse	55	5410000	2417	NA
134	Pulse	55	5420000	12417	NA
134	Pulse	55	5430000	22417	NA
134	Pulse	55	5440000	32417	NA
135	Pulse	55	5450000	1751	NA
135	Pulse	55	5460000	11751	NA
135	Pulse	55	5470000	21751	NA
135	Pulse	55	5480000	31751	NA
136	Pulse	55	5490000	1085	NA
136	Pulse	55	5500000	11085	NA
136	Pulse	55	5510000	21085	NA
136	Pulse	55	5520000	31085	NA
137	Pulse	55	5530000	419	NA
137	Pulse	55	5540000	10419	NA
137	Pulse	55	5550000	20419	NA
137	Pulse	55	5560000	30419	NA
137	Pulse	55	5570000	40419	NA
138	Pulse	55	5580000	9920	NA
138	Pulse	55	5590000	19920	NA
138	Pulse	55	5600000	29920	NA
138	Pulse	55	5610000	39920	NA
139	Pulse	55	5620000	9254	NA
139	Pulse	55	5630000	19254	NA
139	Pulse	55	5640000	29254	NA
139	Pulse	55	5650000	39254	NA
140	Pulse	55	5660000	8588	NA
140	Pulse	55	5670000	18588	NA
140	Pulse	55	5680000	28588	NA
140	Pulse	55	5690000	38588	NA
141	Pulse	55	5700000	8088	NA
141	Pulse	55	5710000	18088	NA
141	Pulse	55	5720000	28088	NA
141	Pulse	55	5730000	38088	NA
142	Pulse	55	5740000	7422	NA
142	Pulse	55	5750000	17422	NA
142	Pulse	55	5760000	27422	NA
142	Pulse	55	5770000	37422	NA
143	Pulse	55	5780000	6756	NA
143	Pulse	55	5790000	16756	NA
143	Pulse	55	5800000	26756	NA
143	Pulse	55	5810000	36756	NA
144	Pulse	55	5820000	6257	NA
144	Pulse	55	5830000	16257	NA
144	Pulse	55	5840000	26257	NA
144	Pulse	55	5850000	36257	NA
145	Pulse	55	5860000	5758	NA
145	Pulse	55	5870000	15758	NA
145	Pulse	55	5880000	25758	NA
145	Pulse	55	5890000	35758	NA
146	Pulse	55	5900000	5092	NA
146	Pulse	55	5910000	15092	NA
146	Pulse	55	5920000	25092	NA
146	Pulse	55	5930000	35092	NA
147	Pulse	55	5940000	4425	NA
147	Pulse	55	5950000	14425	NA
147	Pulse	55	5960000	24425	NA
147	Pulse	55	5970000	34425	NA
148	Pulse	55	5980000	3760	NA
148	Pulse	55	5990000	13760	NA
148	Pulse	55	6000000	23760	NA
148	Pulse	55	6010000	33760	NA
149	Pulse	55	6020000	3093	NA
149	Pulse	55	6030000	13093	NA
149	Pulse	55	6040000	23093	NA
149	Pulse	55	6050000	33093	NA
150	Pulse	55	6060000	2427	NA
150	Pulse	55	6070000	12427	NA
150	Pulse	55	6080000	22427	NA
150	Pulse	55	6090000	32427	NA
151	Pulse	55	6100000	1761	NA
151	Pulse	55	6110000	11761	NA
151	Pulse	55	6120000	21761	NA
151	Pulse	55	6130000	31761	NA
152	Pulse	55	6140000	1095	NA
152	Pulse	55	6150000	11095	NA
152	Pulse	55	6160000	21095	NA
152	Pulse	55	6170000	31095	NA
153	Pulse	55	6180000	596	NA
153	Pulse	55	6190000	10596	NA
153	Pulse	55	6200000	20596	NA
153	Pulse	55	6210000	30596	NA
154	Pulse	55	6220000	97	NA
154	Pulse	55	6230000	10097	NA
154	Pulse	55	6240000	20097	NA
154	Pulse	55	6250000	30097	NA
154	Pulse	55	6260000	40097	NA
155	Pulse	55	6270000	9597	NA
155	Pulse	55	6280000	19597	NA
155	Pulse	55	6290000	29597	NA
155	Pulse	55	6300000	39597	NA
156	Pulse	55	6310000	9098	NA
156	Pulse	55	6320000	19098	NA
156	Pulse	55	6330000	29098	NA
156	Pulse	55	6340000	39098	NA
157	Pulse	55	6350000	8599	NA
157	Pulse	55	6360000	18599	NA
157	Pulse	55	6370000	28599	NA
157	Pulse	55	6380000	38599	NA
158	Pulse	55	6390000	8099	NA
158	Pulse	55	6400000	18099	NA
158	Pulse	55	6410000	28099	NA
158	Pulse	55	6420000	38099	NA
159	Pulse	55	6430000	7433	NA
159	Pulse	55	6440000	17433	NA
159	Pulse	55	6450000	27433	NA
159	Pulse	55	6460000	37433	NA
160	Pulse	55	6470000	6767	NA
160	Pulse	55	6480000	16767	NA
160	Pulse	55	6490000	26767	NA
160	Pulse	55	6500000	36767	NA
161	Pulse	55	6510000	6101	NA
161	Pulse	55	6520000	16101	NA
161	Pulse	55	6530000	26101	NA
161	Pulse	55	6540000	36101	NA
162	Pulse	55	6550000	5602	NA
162	Pulse	55	6560000	15602	NA
162	Pulse	55	6570000	25602	NA
162	Pulse	55	6580000	35602	NA
163	Pulse	55	6590000	4936	NA
163	Pulse	55	6600000	14936	NA
163	Pulse	55	6610000	24936	NA
163	Pulse	55	6620000	34936	NA
164	Pulse	55	6630000	4269	NA
164	Pulse	55	6640000	14269	NA
164	Pulse	55	6650000	24269	NA
164	Pulse	55	6660000	34269	NA
165	Pulse	55	6670000	3603	NA
165	Pulse	55	6680000	13603	NA
165	Pulse	55	6690000	23603	NA
165	Pulse	55	6700000	33603	NA
166	Pulse	55	6710000	2937	NA
166	Pulse	55	6720000	12937	NA
166	Pulse	55	6730000	22937	NA
166	Pulse	55	6740000	32937	NA
167	Pulse	55	6750000	2271	NA
167	Pulse	55	6760000	12271	NA
167	Pulse	55	6770000	22271	NA
167	Pulse	55	6780000	32271	NA
168	Pulse	55	6790000	1605	NA
168	Pulse	55	6800000	11605	NA
168	Pulse	55	6810000	21605	NA
168	Pulse	55	6820000	31605	NA
169	Pulse	55	6830000	1106	NA
169	Pulse	55	6840000	11106	NA
169	Pulse	55	6850000	21106	NA
169	Pulse	55	6860000	31106	NA
170	Pulse	55	6870000	440	NA
170	Pulse	55	6880000	10440	NA
170	Pulse	55	6890000	20440	NA
170	Pulse	55	6900000	30440	NA
170	Pulse	55	6910000	40440	NA
171	Pulse	55	6920000	9941	NA
171	Pulse	55	6930000	19941	NA
171	Pulse	55	6940000	29941	NA
171	Pulse	55	6950000	39941	NA
172	Pulse	55	6960000	9441	NA
172	Pulse	55	6970000	19441	NA
172	Pulse	55	6980000	29441	NA
172	Pulse	55	6990000	39441	NA
173	Pulse	55	7000000	8775	NA
173	Pulse	55	7010000	18775	NA
173	Pulse	55	7020000	28775	NA
173	Pulse	55	7030000	38775	NA
174	Pulse	55	7040000	8276	NA
174	Pulse	55	7050000	18276	NA
174	Pulse	55	7060000	28276	NA
174	Pulse	55	7070000	38276	NA
175	Pulse	55	7080000	7776	NA
175	Pulse	55	7090000	17776	NA
175	Pulse	55	7100000	27776	NA
175	Pulse	55	7110000	37776	NA
176	Pulse	55	7120000	7110	NA
176	Pulse	55	7130000	17110	NA
176	Pulse	55	7140000	27110	NA
176	Pulse	55	7150000	37110	NA
177	Pulse	55	7160000	6444	NA
177	Pulse	55	7170000	16444	NA
177	Pulse	55	7180000	26444	NA
177	Pulse	55	7190000	36444	NA
178	Pulse	55	7200000	5945	NA
178	Pulse	55	7210000	15945	NA
178	Pulse	55	7220000	25945	NA
178	Pulse	55	7230000	35945	NA
179	Pulse	55	7240000	5446	NA
179	Pulse	55	7250000	15446	NA
179	Pulse	55	7260000	25446	NA
179	Pulse	55	7270000	35446	NA
180	Pulse	55	7280000	4780	NA
180	Pulse	55	7290000	14780	NA
180	Pulse	55	7300000	24780	NA
180	Pulse	55	7310000	34780	NA
181	Pulse	55	7320000	4113	NA
181	Pulse	55	7330000	14113	NA
181	Pulse	55	7340000	24113	NA
181	Pulse	55	7350000	34113	NA
182	Pulse	55	7360000	3447	NA
182	Pulse	55	7370000	13447	NA
182	Pulse	55	7380000	23447	NA
182	Pulse	55	7390000	33447	NA
183	Pulse	55	7400000	2781	NA
183	Pulse	55	7410000	12781	NA
183	Pulse	55	7420000	22781	NA
183	Pulse	55	7430000	32781	NA
184	Pulse	55	7440000	2115	NA
184	Pulse	55	7450000	12115	NA
184	Pulse	55	7460000	22115	NA
184	Pulse	55	7470000	32115	NA
185	Pulse	55	7480000	1616	NA
185	Pulse	55	7490000	11616	NA
185	Pulse	55	7500000	21616	NA
185	Pulse	55	7510000	31616	NA
186	Pulse	55	7520000	950	NA
186	Pulse	55	7530000	10950	NA
186	Pulse	55	7540000	20950	NA
186	Pulse	55	7550000	30950	NA
187	Pulse	55	7560000	284	NA
187	Pulse	55	7570000	10284	NA
187	Pulse	55	7580000	20284	NA
187	Pulse	55	7590000	30284	NA
187	Pulse	55	7600000	40284	NA
188	Pulse	55	7610000	9618	NA
188	Pulse	55	7620000	19618	NA
188	Pulse	55	7630000	29618	NA
188	Pulse	55	7640000	39618	NA
189	Pulse	55	7650000	8952	NA
189	Pulse	55	7660000	18952	NA
189	Pulse	55	7670000	28952	NA
189	Pulse	55	7680000	38952	NA
190	Pulse	55	7690000	8286	NA
190	Pulse	55	7700000	18286	NA
190	Pulse	55	7710000	28286	NA
190	Pulse	55	7720000	38286	NA
191	Pulse	55	7730000	7620	NA
191	Pulse	55	7740000	17620	NA
191	Pulse	55	7750000	27620	NA
191	Pulse	55	7760000	37620	NA
192	Pulse	55	7770000	6954	NA
192	Pulse	55	7780000	16954	NA
192	Pulse	55	7790000	26954	NA
192	Pulse	55	7800000	36954	NA
193	Pulse	55	7810000	6288	NA
193	Pulse	55	7820000	16288	NA
193	Pulse	55	7830000	26288	NA
193	Pulse	55	7840000	36288	NA
194	Pulse	55	7850000	5622	NA
194	Pulse	55	7860000	15622	NA
194	Pulse	55	7870000	25622	NA
194	Pulse	55	7880000	35622	NA
195	Pulse	55	7890000	4956	NA
195	Pulse	55	7900000	14956	NA
195	Pulse	55	7910000	24956	NA
195	Pulse	55	7920000	34956	NA
196	Pulse	55	7930000	4290	NA
196	Pulse	55	7940000	14290	NA
196	Pulse	55	7950000	24290	NA
196	Pulse	55	7960000	34290	NA
197	Pulse	55	7970000	3624	NA
197	Pulse	55	7980000	13624	NA
197	Pulse	55	7990000	23624	NA
197	Pulse	55	8000000	33624	NA
198	Pulse	55	8010000	3124	NA
198	Pulse	55	8020000	13124	NA
198	Pulse	55	8030000	23124	NA
198	Pulse	55	8040000	33124	NA
199	Pulse	55	8050000	2458	NA
199	Pulse	55	8060000	12458	NA
199	Pulse	55	8070000	22458	NA
199	Pulse	55	8080000	32458	NA
200	Pulse	55	8090000	1792	NA
200	Pulse	55	8100000	11792	NA
200	Pulse	55	8110000	21792	NA
200	Pulse	55	8120000	31792	NA
201	Pulse	55	8130000	1293	NA
201	Pulse	55	8140000	11293	NA
201	Pulse	55	8150000	21293	NA
201	Pulse	55	8160000	31293	NA
202	Pulse	55	8170000	627	NA
202	Pulse	55	8180000	10627	NA
202	Pulse	55	8190000	20627	NA
202	Response	1	8198004	28630	1
202	Pulse	55	8200000	30627	NA
203	Pulse	55	8210000	461	NA
203	Pulse	55	8220000	10461	NA
204	Pulse	55	8230000	294	NA
204	Pulse	55	8240000	10294	NA
204	Pulse	55	8250000	20294	NA
204	Pulse	55	8260000	30294	NA
204	Pulse	55	8270000	40294	NA
204	Pulse	55	8280000	50294	NA
204	Pulse	55	8290000	60294	NA
204	Pulse	55	8300000	70294	NA
204	Pulse	55	8310000	80294	NA
204	Pulse	55	8320000	90294	NA
204	Pulse	55	8330000	100294	NA
204	Pulse	55	8340000	110294	NA
204	Pulse	55	8350000	120294	NA
204	Pulse	55	8360000	130294	NA
204	Pulse	55	8370000	140294	NA
204	Pulse	55	8380000	150294	NA
204	Pulse	55	8390000	160294	NA
204	Pulse	55	8400000	170294	NA
204	Pulse	55	8410000	180294	NA
204	Pulse	55	8420000	190294	NA
204	Response	1	8423762	194056	1
204	Pulse	55	8430000	200294	NA
204	Pulse	55	8440000	210294	NA
205	Pulse	55	8450000	9964	NA
205	Pulse	55	8460000	19964	NA
205	Pulse	55	8470000	29964	NA
205	Pulse	55	8480000	39964	NA
205	Pulse	55	8490000	49964	NA
205	Pulse	55	8500000	59964	NA
205	Pulse	55	8510000	69964	NA
205	Pulse	55	8520000	79964	NA
205	Pulse	55	8530000	89964	NA
205	Pulse	55	8540000	99964	NA
205	Pulse	55	8550000	109964	NA
205	Pulse	55	8560000	119964	NA
205	Pulse	55	8570000	129964	NA
205	Pulse	55	8580000	139964	NA
205	Pulse	55	8590000	149964	NA
205	Pulse	55	8600000	159964	NA
205	Pulse	55	8610000	169964	NA
205	Pulse	55	8620000	179964	NA
205	Pulse	55	8630000	189964	NA
205	Pulse	55	8640000	199964	NA
205	Pulse	55	8650000	209964	NA
205	Pulse	55	8660000	219964	NA
205	Pulse	55	8670000	229964	NA
205	Pulse	55	8680000	239964	NA
205	Pulse	55	8690000	249964	NA
205	Pulse	55	8700000	259964	NA
205	Pulse	55	8710000	269964	NA
205	Pulse	55	8720000	279964	NA
205	Pulse	55	8730000	289964	NA
205	Pulse	55	8740000	299964	NA
205	Pulse	55	8750000	309964	NA
205	Pulse	55	8760000	319964	NA
205	Pulse	55	8770000	329964	NA
205	Pulse	55	8780000	339964	NA
205	Pulse	55	8790000	349964	NA
205	Pulse	55	8800000	359964	NA
205	Pulse	55	8810000	369964	NA
205	Pulse	55	8820000	379964	NA
205	Pulse	55	8830000	389964	NA
205	Pulse	55	8840000	399964	NA
205	Pulse	55	8850000	409964	NA
205	Pulse	55	8860000	419964	NA
205	Pulse	55	8870000	429964	NA
205	Pulse	55	8880000	439964	NA
205	Pulse	55	8890000	449964	NA
205	Pulse	55	8900000	459964	NA
205	Pulse	55	8910000	469964	NA
205	Pulse	55	8920000	479964	NA
205	Pulse	55	8930000	489964	NA
205	Pulse	55	8940000	499964	NA
205	Pulse	55	8950000	509964	NA
205	Pulse	55	8960000	519964	NA
205	Pulse	55	8970000	529964	NA
205	Pulse	55	8980000	539964	NA
205	Pulse	55	8990000	549964	NA
205	Pulse	55	9000000	559964	NA
205	Pulse	55	9010000	569964	NA
205	Pulse	55	9020000	579964	NA
205	Pulse	55	9030000	589964	NA
205	Pulse	55	9040000	599964	NA
205	Pulse	55	9050000	609964	NA
205	Pulse	55	9060000	619964	NA
205	Pulse	55	9070000	629964	NA
205	Pulse	55	9080000	639964	NA
205	Pulse	55	9090000	649964	NA
205	Pulse	55	9100000	659964	NA
205	Pulse	55	9110000	669964	NA
205	Pulse	55	9120000	679964	NA
205	Pulse	55	9130000	689964	NA
205	Pulse	55	9140000	699964	NA
205	Pulse	55	9150000	709964	NA
205	Pulse	55	9160000	719964	NA
205	Pulse	55	9170000	729964	NA
205	Pulse	55	9180000	739964	NA
205	Pulse	55	9190000	749964	NA
205	Pulse	55	9200000	759964	NA
205	Pulse	55	9210000	769964	NA
205	Pulse	55	9220000	779964	NA
205	Pulse	55	9230000	789964	NA
205	Pulse	55	9240000	799964	NA
205	Pulse	55	9250000	809964	NA
205	Pulse	55	9260000	819964	NA
205	Pulse	55	9270000	829964	NA
205	Pulse	55	9280000	839964	NA
205	Pulse	55	9290000	849964	NA
205	Pulse	55	9300000	859964	NA
205	Pulse	55	9310000	869964	NA
205	Pulse	55	9320000	879964	NA
205	Pulse	55	9330000	889964	NA
205	Pulse	55	9340000	899964	NA
205	Pulse	55	9350000	909964	NA
205	Pulse	55	9360000	919964	NA
205	Pulse	55	9370000	929964	NA
205	Pulse	55	9380000	939964	NA
205	Pulse	55	9390000	949964	NA
205	Pulse	55	9400000	959964	NA
205	Pulse	55	9410000	969964	NA
205	Pulse	55	9420000	979964	NA
205	Pulse	55	9430000	989964	NA
205	Pulse	55	9440000	999964	NA
205	Pulse	55	9450000	1009964	NA
205	Pulse	55	9460000	1019964	NA
205	Pulse	55	9470000	1029964	NA
205	Pulse	55	9480000	1039964	NA
205	Pulse	55	9490000	1049964	NA
205	Pulse	55	9500000	1059964	NA
205	Pulse	55	9510000	1069964	NA
205	Pulse	55	9520000	1079964	NA
205	Pulse	55	9530000	1089964	NA
205	Pulse	55	9540000	1099964	NA
205	Pulse	55	9550000	1109964	NA
205	Pulse	55	9560000	1119964	NA
205	Pulse	55	9570000	1129964	NA
205	Pulse	55	9580000	1139964	NA
205	Pulse	55	9590000	1149964	NA
205	Pulse	55	9600000	1159964	NA
205	Pulse	55	9610000	1169964	NA
205	Pulse	55	9620000	1179964	NA
205	Pulse	55	9630000	1189964	NA
205	Pulse	55	9640000	1199964	NA
205	Pulse	55	9650000	1209964	NA
205	Pulse	55	9660000	1219964	NA
205	Pulse	55	9670000	1229964	NA
205	Pulse	55	9680000	1239964	NA
205	Pulse	55	9690000	1249964	NA
205	Pulse	55	9700000	1259964	NA
205	Pulse	55	9710000	1269964	NA
205	Pulse	55	9720000	1279964	NA
205	Pulse	55	9730000	1289964	NA
205	Pulse	55	9740000	1299964	NA
205	Pulse	55	9750000	1309964	NA
205	Pulse	55	9760000	1319964	NA
205	Pulse	55	9770000	1329964	NA
205	Pulse	55	9780000	1339964	NA
205	Pulse	55	9790000	1349964	NA
205	Pulse	55	9800000	1359964	NA
205	Pulse	55	9810000	1369964	NA
205	Pulse	55	9820000	1379964	NA
205	Pulse	55	9830000	1389964	NA
205	Pulse	55	9840000	1399964	NA
205	Pulse	55	9850000	1409964	NA
205	Pulse	55	9860000	1419964	NA
205	Pulse	55	9870000	1429964	NA
205	Pulse	55	9880000	1439964	NA
205	Pulse	55	9890000	1449964	NA
205	Pulse	55	9900000	1459964	NA
205	Pulse	55	9910000	1469964	NA
205	Pulse	55	9920000	1479964	NA
205	Pulse	55	9930000	1489964	NA
205	Pulse	55	9940000	1499964	NA
205	Pulse	55	9950000	1509964	NA
205	Pulse	55	9960000	1519964	NA
205	Pulse	55	9970000	1529964	NA
205	Pulse	55	9980000	1539964	NA
205	Pulse	55	9990000	1549964	NA
205	Pulse	55	10000000	1559964	NA
205	Pulse	55	10010000	1569964	NA
205	Pulse	55	10020000	1579964	NA
205	Pulse	55	10030000	1589964	NA
205	Pulse	55	10040000	1599964	NA
205	Pulse	55	10050000	1609964	NA
205	Pulse	55	10060000	1619964	NA
205	Pulse	55	10070000	1629964	NA
205	Pulse	55	10080000	1639964	NA
205	Pulse	55	10090000	1649964	NA
205	Pulse	55	10100000	1659964	NA
205	Pulse	55	10110000	1669964	NA
205	Pulse	55	10120000	1679964	NA
205	Pulse	55	10130000	1689964	NA
205	Pulse	55	10140000	1699964	NA
205	Pulse	55	10150000	1709964	NA
205	Pulse	55	10160000	1719964	NA
205	Pulse	55	10170000	1729964	NA
205	Pulse	55	10180000	1739964	NA
205	Pulse	55	10190000	1749964	NA
205	Pulse	55	10200000	1759964	NA
205	Pulse	55	10210000	1769964	NA
205	Pulse	55	10220000	1779964	NA
205	Pulse	55	10230000	1789964	NA
205	Pulse	55	10240000	1799964	NA
205	Pulse	55	10250000	1809964	NA
205	Pulse	55	10260000	1819964	NA
205	Pulse	55	10270000	1829964	NA
205	Pulse	55	10280000	1839964	NA
205	Pulse	55	10290000	1849964	NA
205	Pulse	55	10300000	1859964	NA
205	Pulse	55	10310000	1869964	NA
205	Pulse	55	10320000	1879964	NA
205	Pulse	55	10330000	1889964	NA
205	Pulse	55	10340000	1899964	NA
205	Pulse	55	10350000	1909964	NA
205	Pulse	55	10360000	1919964	NA
205	Pulse	55	10370000	1929964	NA
205	Pulse	55	10380000	1939964	NA
205	Pulse	55	10390000	1949964	NA
205	Pulse	55	10400000	1959964	NA
205	Pulse	55	10410000	1969964	NA
205	Pulse	55	10420000	1979964	NA
205	Pulse	55	10430000	1989964	NA
205	Pulse	55	10440000	1999964	NA
205	Pulse	55	10450000	2009964	NA
205	Pulse	55	10460000	2019964	NA
205	Pulse	55	10470000	2029964	NA
205	Pulse	55	10480000	2039964	NA
205	Pulse	55	10490000	2049964	NA
205	Pulse	55	10500000	2059964	NA
205	Pulse	55	10510000	2069964	NA
205	Pulse	55	10520000	2079964	NA
205	Pulse	55	10530000	2089964	NA
205	Pulse	55	10540000	2099964	NA
205	Pulse	55	10550000	2109964	NA
205	Pulse	55	10560000	2119964	NA
205	Pulse	55	10570000	2129964	NA
205	Pulse	55	10580000	2139964	NA
205	Pulse	55	10590000	2149964	NA
205	Pulse	55	10600000	2159964	NA
205	Pulse	55	10610000	2169964	NA
205	Pulse	55	10620000	2179964	NA
205	Pulse	55	10630000	2189964	NA
205	Pulse	55	10640000	2199964	NA
205	Pulse	55	10650000	2209964	NA
205	Pulse	55	10660000	2219964	NA
205	Pulse	55	10670000	2229964	NA
205	Pulse	55	10680000	2239964	NA
205	Pulse	55	10690000	2249964	NA
205	Pulse	55	10700000	2259964	NA
205	Pulse	55	10710000	2269964	NA
205	Pulse	55	10720000	2279964	NA
205	Pulse	55	10730000	2289964	NA
205	Pulse	55	10740000	2299964	NA
205	Pulse	55	10750000	2309964	NA
205	Pulse	55	10760000	2319964	NA
205	Pulse	55	10770000	2329964	NA
205	Pulse	55	10780000	2339964	NA
205	Pulse	55	10790000	2349964	NA
205	Pulse	55	10800000	2359964	NA
205	Pulse	55	10810000	2369964	NA
205	Pulse	55	10820000	2379964	NA
205	Pulse	55	10830000	2389964	NA
205	Pulse	55	10840000	2399964	NA
205	Pulse	55	10850000	2409964	NA
205	Pulse	55	10860000	2419964	NA
205	Pulse	55	10870000	2429964	NA
205	Pulse	55	10880000	2439964	NA
205	Pulse	55	10890000	2449964	NA
205	Pulse	55	10900000	2459964	NA
205	Pulse	55	10910000	2469964	NA
205	Pulse	55	10920000	2479964	NA
205	Pulse	55	10930000	2489964	NA
205	Pulse	55	10940000	2499964	NA
205	Pulse	55	10950000	2509964	NA
205	Pulse	55	10960000	2519964	NA
205	Pulse	55	10970000	2529964	NA
205	Pulse	55	10980000	2539964	NA
205	Pulse	55	10990000	2549964	NA
205	Pulse	55	11000000	2559964	NA
205	Pulse	55	11010000	2569964	NA
205	Pulse	55	11020000	2579964	NA
205	Pulse	55	11030000	2589964	NA
205	Pulse	55	11040000	2599964	NA
205	Pulse	55	11050000	2609964	NA
205	Pulse	55	11060000	2619964	NA
205	Pulse	55	11070000	2629964	NA
205	Pulse	55	11080000	2639964	NA
205	Pulse	55	11090000	2649964	NA
205	Pulse	55	11100000	2659964	NA
205	Pulse	55	11110000	2669964	NA
205	Pulse	55	11120000	2679964	NA
205	Pulse	55	11130000	2689964	NA
205	Pulse	55	11140000	2699964	NA
205	Pulse	55	11150000	2709964	NA
205	Pulse	55	11160000	2719964	NA
205	Pulse	55	11170000	2729964	NA
205	Pulse	55	11180000	2739964	NA
205	Pulse	55	11190000	2749964	NA
205	Pulse	55	11200000	2759964	NA
205	Pulse	55	11210000	2769964	NA
205	Pulse	55	11220000	2779964	NA
205	Pulse	55	11230000	2789964	NA
205	Pulse	55	11240000	2799964	NA
205	Pulse	55	11250000	2809964	NA
205	Pulse	55	11260000	2819964	NA
205	Pulse	55	11270000	2829964	NA
205	Pulse	55	11280000	2839964	NA
205	Pulse	55	11290000	2849964	NA
205	Pulse	55	11300000	2859964	NA
205	Pulse	55	11310000	2869964	NA
205	Pulse	55	11320000	2879964	NA
205	Pulse	55	11330000	2889964	NA
205	Pulse	55	11340000	2899964	NA
205	Pulse	55	11350000	2909964	NA
205	Pulse	55	11360000	2919964	NA
205	Pulse	55	11370000	2929964	NA
205	Pulse	55	11380000	2939964	NA
205	Pulse	55	11390000	2949964	NA
205	Pulse	55	11400000	2959964	NA
205	Pulse	55	11410000	2969964	NA
205	Pulse	55	11420000	2979964	NA
205	Pulse	55	11430000	2989964	NA
205	Pulse	55	11440000	2999964	NA
205	Pulse	55	11450000	3009964	NA
205	Pulse	55	11460000	3019964	NA
205	Pulse	55	11470000	3029964	NA
205	Pulse	55	11480000	3039964	NA
205	Pulse	55	11490000	3049964	NA
205	Pulse	55	11500000	3059964	NA
205	Pulse	55	11510000	3069964	NA
205	Pulse	55	11520000	3079964	NA
205	Pulse	55	11530000	3089964	NA
205	Pulse	55	11540000	3099964	NA
205	Pulse	55	11550000	3109964	NA
205	Pulse	55	11560000	3119964	NA
205	Pulse	55	11570000	3129964	NA
205	Pulse	55	11580000	3139964	NA
205	Pulse	55	11590000	3149964	NA
205	Pulse	55	11600000	3159964	NA
205	Pulse	55	11610000	3169964	NA
205	Pulse	55	11620000	3179964	NA
205	Pulse	55	11630000	3189964	NA
205	Pulse	55	11640000	3199964	NA
205	Pulse	55	11650000	3209964	NA
205	Pulse	55	11660000	3219964	NA
205	Pulse	55	11670000	3229964	NA
205	Pulse	55	11680000	3239964	NA
205	Pulse	55	11690000	3249964	NA
205	Pulse	55	11700000	3259964	NA
205	Pulse	55	11710000	3269964	NA
205	Pulse	55	11720000	3279964	NA
205	Pulse	55	11730000	3289964	NA
205	Pulse	55	11740000	3299964	NA
205	Pulse	55	11750000	3309964	NA
205	Pulse	55	11760000	3319964	NA
205	Pulse	55	11770000	3329964	NA
205	Pulse	55	11780000	3339964	NA
205	Pulse	55	11790000	3349964	NA
205	Pulse	55	11800000	3359964	NA
205	Pulse	55	11810000	3369964	NA
205	Pulse	55	11820000	3379964	NA
205	Pulse	55	11830000	3389964	NA
205	Pulse	55	11840000	3399964	NA
205	Pulse	55	11850000	3409964	NA
205	Pulse	55	11860000	3419964	NA
205	Pulse	55	11870000	3429964	NA
205	Pulse	55	11880000	3439964	NA
205	Pulse	55	11890000	3449964	NA
205	Pulse	55	11900000	3459964	NA
205	Pulse	55	11910000	3469964	NA
205	Pulse	55	11920000	3479964	NA
205	Pulse	55	11930000	3489964	NA
205	Pulse	55	11940000	3499964	NA
205	Pulse	55	11950000	3509964	NA
205	Pulse	55	11960000	3519964	NA
205	Pulse	55	11970000	3529964	NA
205	Pulse	55	11980000	3539964	NA
205	Pulse	55	11990000	3549964	NA
205	Pulse	55	12000000	3559964	NA
205	Pulse	55	12010000	3569964	NA
205	Pulse	55	12020000	3579964	NA
205	Pulse	55	12030000	3589964	NA
205	Pulse	55	12040000	3599964	NA
205	Pulse	55	12050000	3609964	NA
205	Pulse	55	12060000	3619964	NA
205	Pulse	55	12070000	3629964	NA
205	Pulse	55	12080000	3639964	NA
205	Pulse	55	12090000	3649964	NA
205	Pulse	55	12100000	3659964	NA
205	Pulse	55	12110000	3669964	NA
205	Pulse	55	12120000	3679964	NA
205	Pulse	55	12130000	3689964	NA
205	Pulse	55	12140000	3699964	NA
205	Pulse	55	12150000	3709964	NA
205	Pulse	55	12160000	3719964	NA
205	Pulse	55	12170000	3729964	NA
205	Pulse	55	12180000	3739964	NA
205	Pulse	55	12190000	3749964	NA
205	Pulse	55	12200000	3759964	NA
205	Pulse	55	12210000	3769964	NA
205	Pulse	55	12220000	3779964	NA
205	Pulse	55	12230000	3789964	NA
205	Pulse	55	12240000	3799964	NA
205	Pulse	55	12250000	3809964	NA
205	Pulse	55	12260000	3819964	NA
205	Pulse	55	12270000	3829964	NA
205	Pulse	55	12280000	3839964	NA
205	Pulse	55	12290000	3849964	NA
205	Pulse	55	12300000	3859964	NA
205	Pulse	55	12310000	3869964	NA
205	Pulse	55	12320000	3879964	NA
205	Pulse	55	12330000	3889964	NA
205	Pulse	55	12340000	3899964	NA
205	Pulse	55	12350000	3909964	NA
205	Pulse	55	12360000	3919964	NA
205	Pulse	55	12370000	3929964	NA
205	Pulse	55	12380000	3939964	NA
205	Pulse	55	12390000	3949964	NA
205	Pulse	55	12400000	3959964	NA
205	Pulse	55	12410000	3969964	NA
205	Pulse	55	12420000	3979964	NA
205	Pulse	55	12430000	3989964	NA
205	Pulse	55	12440000	3999964	NA
205	Pulse	55	12450000	4009964	NA
205	Pulse	55	12460000	4019964	NA
205	Pulse	55	12470000	4029964	NA
205	Pulse	55	12480000	4039964	NA
205	Pulse	55	12490000	4049964	NA
205	Pulse	55	12500000	4059964	NA
205	Pulse	55	12510000	4069964	NA
205	Pulse	55	12520000	4079964	NA
205	Pulse	55	12530000	4089964	NA
205	Pulse	55	12540000	4099964	NA
205	Pulse	55	12550000	4109964	NA
205	Pulse	55	12560000	4119964	NA
205	Pulse	55	12570000	4129964	NA
205	Pulse	55	12580000	4139964	NA
205	Pulse	55	12590000	4149964	NA
205	Pulse	55	12600000	4159964	NA
205	Pulse	55	12610000	4169964	NA
205	Pulse	55	12620000	4179964	NA
205	Pulse	55	12630000	4189964	NA
205	Pulse	55	12640000	4199964	NA
205	Pulse	55	12650000	4209964	NA
205	Pulse	55	12660000	4219964	NA
205	Pulse	55	12670000	4229964	NA
205	Pulse	55	12680000	4239964	NA
205	Pulse	55	12690000	4249964	NA
205	Pulse	55	12700000	4259964	NA
205	Pulse	55	12710000	4269964	NA
205	Pulse	55	12720000	4279964	NA
205	Pulse	55	12730000	4289964	NA
205	Pulse	55	12740000	4299964	NA
205	Pulse	55	12750000	4309964	NA
205	Pulse	55	12760000	4319964	NA
205	Pulse	55	12770000	4329964	NA
205	Pulse	55	12780000	4339964	NA
205	Pulse	55	12790000	4349964	NA
205	Pulse	55	12800000	4359964	NA
205	Pulse	55	12810000	4369964	NA
205	Pulse	55	12820000	4379964	NA
205	Pulse	55	12830000	4389964	NA
205	Pulse	55	12840000	4399964	NA
205	Pulse	55	12850000	4409964	NA
205	Pulse	55	12860000	4419964	NA
205	Pulse	55	12870000	4429964	NA
205	Pulse	55	12880000	4439964	NA
205	Pulse	55	12890000	4449964	NA
205	Pulse	55	12900000	4459964	NA
205	Pulse	55	12910000	4469964	NA
205	Pulse	55	12920000	4479964	NA
205	Pulse	55	12930000	4489964	NA
205	Pulse	55	12940000	4499964	NA
205	Pulse	55	12950000	4509964	NA
205	Pulse	55	12960000	4519964	NA
205	Pulse	55	12970000	4529964	NA
205	Pulse	55	12980000	4539964	NA
205	Pulse	55	12990000	4549964	NA
205	Pulse	55	13000000	4559964	NA
205	Pulse	55	13010000	4569964	NA
205	Pulse	55	13020000	4579964	NA
205	Pulse	55	13030000	4589964	NA
205	Pulse	55	13040000	4599964	NA
205	Pulse	55	13050000	4609964	NA
205	Pulse	55	13060000	4619964	NA
205	Pulse	55	13070000	4629964	NA
205	Pulse	55	13080000	4639964	NA
205	Pulse	55	13090000	4649964	NA
205	Pulse	55	13100000	4659964	NA
205	Pulse	55	13110000	4669964	NA
205	Pulse	55	13120000	4679964	NA
205	Pulse	55	13130000	4689964	NA
205	Pulse	55	13140000	4699964	NA
205	Pulse	55	13150000	4709964	NA
205	Pulse	55	13160000	4719964	NA
205	Pulse	55	13170000	4729964	NA
205	Pulse	55	13180000	4739964	NA
205	Pulse	55	13190000	4749964	NA
205	Pulse	55	13200000	4759964	NA
205	Pulse	55	13210000	4769964	NA
205	Pulse	55	13220000	4779964	NA
205	Pulse	55	13230000	4789964	NA
205	Pulse	55	13240000	4799964	NA
205	Pulse	55	13250000	4809964	NA
205	Pulse	55	13260000	4819964	NA
205	Pulse	55	13270000	4829964	NA
205	Pulse	55	13280000	4839964	NA
205	Pulse	55	13290000	4849964	NA
205	Pulse	55	13300000	4859964	NA
205	Pulse	55	13310000	4869964	NA
205	Pulse	55	13320000	4879964	NA
205	Pulse	55	13330000	4889964	NA
205	Pulse	55	13340000	4899964	NA
205	Pulse	55	13350000	4909964	NA
205	Response	1	13357675	4917640	1
206	Pulse	55	13360000	2207	NA
206	Pulse	55	13370000	12207	NA
206	Pulse	55	13380000	22207	NA
206	Pulse	55	13390000	32207	NA
206	Pulse	55	13400000	42207	NA
206	Pulse	55	13410000	52207	NA
206	Pulse	55	13420000	62207	NA
206	Pulse	55	13430000	72207	NA
206	Pulse	55	13440000	82207	NA
206	Pulse	55	13450000	92207	NA
206	Pulse	55	13460000	102207	NA
206	Pulse	55	13470000	112207	NA
206	Pulse	55	13480000	122207	NA
206	Pulse	55	13490000	132207	NA
206	Pulse	55	13500000	142207	NA
206	Pulse	55	13510000	152207	NA
206	Pulse	55	13520000	162207	NA
206	Pulse	55	13530000	172207	NA
206	Pulse	55	13540000	182207	NA
206	Pulse	55	13550000	192207	NA
206	Pulse	55	13560000	202207	NA
206	Pulse	55	13570000	212207	NA
206	Pulse	55	13580000	222207	NA
206	Pulse	55	13590000	232207	NA
206	Pulse	55	13600000	242207	NA
206	Pulse	55	13610000	252207	NA
206	Pulse	55	13620000	262207	NA
206	Pulse	55	13630000	272207	NA
206	Pulse	55	13640000	282207	NA
206	Pulse	55	13650000	292207	NA
206	Pulse	55	13660000	302207	NA
206	Pulse	55	13670000	312207	NA
206	Pulse	55	13680000	322207	NA
206	Pulse	55	13690000	332207	NA
206	Pulse	55	13700000	342207	NA
206	Pulse	55	13710000	352207	NA
206	Pulse	55	13720000	362207	NA
206	Pulse	55	13730000	372207	NA
206	Pulse	55	13740000	382207	NA
206	Pulse	55	13750000	392207	NA
206	Pulse	55	13760000	402207	NA
206	Pulse	55	13770000	412207	NA
206	Pulse	55	13780000	422207	NA
206	Pulse	55	13790000	432207	NA
206	Pulse	55	13800000	442207	NA
206	Pulse	55	13810000	452207	NA
206	Pulse	55	13820000	462207	NA
206	Pulse	55	13830000	472207	NA
206	Pulse	55	13840000	482207	NA
206	Pulse	55	13850000	492207	NA
206	Pulse	55	13860000	502207	NA
206	Pulse	55	13870000	512207	NA
206	Pulse	55	13880000	522207	NA
206	Pulse	55	13890000	532207	NA
206	Pulse	55	13900000	542207	NA
206	Pulse	55	13910000	552207	NA
206	Pulse	55	13920000	562207	NA
206	Pulse	55	13930000	572207	NA
206	Pulse	55	13940000	582207	NA
206	Pulse	55	13950000	592207	NA
206	Pulse	55	13960000	602207	NA
206	Pulse	55	13970000	612207	NA
206	Pulse	55	13980000	622207	NA
206	Pulse	55	13990000	632207	NA
206	Pulse	55	14000000	642207	NA
206	Pulse	55	14010000	652207	NA
206	Pulse	55	14020000	662207	NA
206	Pulse	55	14030000	672207	NA
206	Pulse	55	14040000	682207	NA
206	Pulse	55	14050000	692207	NA
206	Pulse	55	14060000	702207	NA
206	Pulse	55	14070000	712207	NA
206	Pulse	55	14080000	722207	NA
206	Pulse	55	14090000	732207	NA
206	Pulse	55	14100000	742207	NA
206	Pulse	55	14110000	752207	NA
206	Pulse	55	14120000	762207	NA
206	Pulse	55	14130000	772207	NA
206	Pulse	55	14140000	782207	NA
206	Pulse	55	14150000	792207	NA
206	Pulse	55	14160000	802207	NA
206	Pulse	55	14170000	812207	NA
206	Pulse	55	14180000	822207	NA
206	Pulse	55	14190000	832207	NA
206	Pulse	55	14200000	842207	NA
206	Pulse	55	14210000	852207	NA
206	Pulse	55	14220000	862207	NA
206	Pulse	55	14230000	872207	NA
206	Pulse	55	14240000	882207	NA
206	Pulse	55	14250000	892207	NA
206	Pulse	55	14260000	902207	NA
206	Pulse	55	14270000	912207	NA
206	Pulse	55	14280000	922207	NA
206	Pulse	55	14290000	932207	NA
206	Pulse	55	14300000	942207	NA
206	Pulse	55	14310000	952207	NA
206	Pulse	55	14320000	962207	NA
206	Pulse	55	14330000	972207	NA
206	Pulse	55	14340000	982207	NA
206	Pulse	55	14350000	992207	NA
206	Pulse	55	14360000	1002207	NA
206	Pulse	55	14370000	1012207	NA
206	Pulse	55	14380000	1022207	NA
206	Pulse	55	14390000	1032207	NA
206	Pulse	55	14400000	1042207	NA
206	Pulse	55	14410000	1052207	NA
206	Pulse	55	14420000	1062207	NA
206	Pulse	55	14430000	1072207	NA
206	Pulse	55	14440000	1082207	NA
206	Pulse	55	14450000	1092207	NA
206	Pulse	55	14460000	1102207	NA
206	Pulse	55	14470000	1112207	NA
206	Pulse	55	14480000	1122207	NA
206	Pulse	55	14490000	1132207	NA
206	Pulse	55	14500000	1142207	NA
206	Pulse	55	14510000	1152207	NA
206	Pulse	55	14520000	1162207	NA
206	Pulse	55	14530000	1172207	NA
206	Pulse	55	14540000	1182207	NA
206	Pulse	55	14550000	1192207	NA
206	Pulse	55	14560000	1202207	NA
206	Pulse	55	14570000	1212207	NA
206	Pulse	55	14580000	1222207	NA
206	Pulse	55	14590000	1232207	NA
206	Pulse	55	14600000	1242207	NA
206	Pulse	55	14610000	1252207	NA
206	Pulse	55	14620000	1262207	NA
206	Pulse	55	14630000	1272207	NA
206	Pulse	55	14640000	1282207	NA
206	Pulse	55	14650000	1292207	NA
206	Pulse	55	14660000	1302207	NA
206	Pulse	55	14670000	1312207	NA
206	Pulse	55	14680000	1322207	NA
206	Pulse	55	14690000	1332207	NA
206	Pulse	55	14700000	1342207	NA
206	Pulse	55	14710000	1352207	NA
206	Pulse	55	14720000	1362207	NA
206	Pulse	55	14730000	1372207	NA
206	Pulse	55	14740000	1382207	NA
206	Pulse	55	14750000	1392207	NA
206	Pulse	55	14760000	1402207	NA
206	Response	1	14765031	1407238	1
