Scenario - Slideshow_D2.sce
Logfile written - 10/08/2021 12:50:55

Trial	Event Type	Code	Time	TTime	Uncertainty	Duration	Uncertainty	ReqTime	ReqDur	Stim Type	Pair Index

0	Pulse	55	0	0	NA
1	Pulse	55	10000	9417	NA
1	Pulse	55	20000	19417	NA
1	Pulse	55	30000	29417	NA
1	Pulse	55	40000	39417	NA
2	Pulse	55	50000	8820	NA
2	Pulse	55	60000	18820	NA
2	Pulse	55	70000	28820	NA
2	Pulse	55	80000	38820	NA
3	Pulse	55	90000	8223	NA
3	Pulse	55	100000	18223	NA
3	Pulse	55	110000	28223	NA
3	Pulse	55	120000	38223	NA
4	Pulse	55	130000	7626	NA
4	Pulse	55	140000	17626	NA
4	Pulse	55	150000	27626	NA
4	Pulse	55	160000	37626	NA
5	Pulse	55	170000	7030	NA
5	Pulse	55	180000	17030	NA
5	Pulse	55	190000	27030	NA
5	Pulse	55	200000	37030	NA
6	Pulse	55	210000	6433	NA
6	Pulse	55	220000	16433	NA
6	Pulse	55	230000	26433	NA
6	Pulse	55	240000	36433	NA
7	Pulse	55	250000	5836	NA
7	Pulse	55	260000	15836	NA
7	Pulse	55	270000	25836	NA
7	Pulse	55	280000	35836	NA
8	Pulse	55	290000	5239	NA
8	Pulse	55	300000	15239	NA
8	Pulse	55	310000	25239	NA
8	Pulse	55	320000	35239	NA
9	Pulse	55	330000	4643	NA
9	Pulse	55	340000	14643	NA
9	Pulse	55	350000	24643	NA
9	Pulse	55	360000	34643	NA
10	Pulse	55	370000	4212	NA
10	Pulse	55	380000	14212	NA
10	Pulse	55	390000	24212	NA
10	Pulse	55	400000	34212	NA
11	Pulse	55	410000	3699	NA
11	Pulse	55	420000	13699	NA
11	Pulse	55	430000	23699	NA
11	Pulse	55	440000	33699	NA
12	Pulse	55	450000	3186	NA
12	Pulse	55	460000	13186	NA
12	Pulse	55	470000	23186	NA
12	Pulse	55	480000	33186	NA
13	Pulse	55	490000	2589	NA
13	Pulse	55	500000	12589	NA
13	Pulse	55	510000	22589	NA
13	Pulse	55	520000	32589	NA
14	Pulse	55	530000	1992	NA
14	Pulse	55	540000	11992	NA
14	Pulse	55	550000	21992	NA
14	Pulse	55	560000	31992	NA
15	Pulse	55	570000	1395	NA
15	Pulse	55	580000	11395	NA
15	Pulse	55	590000	21395	NA
15	Pulse	55	600000	31395	NA
16	Pulse	55	610000	798	NA
16	Pulse	55	620000	10798	NA
16	Pulse	55	630000	20798	NA
16	Pulse	55	640000	30798	NA
17	Pulse	55	650000	285	NA
17	Pulse	55	660000	10285	NA
17	Pulse	55	670000	20285	NA
17	Pulse	55	680000	30285	NA
17	Pulse	55	690000	40285	NA
18	Pulse	55	700000	9772	NA
18	Pulse	55	710000	19772	NA
18	Pulse	55	720000	29772	NA
18	Pulse	55	730000	39772	NA
19	Pulse	55	740000	9175	NA
19	Pulse	55	750000	19175	NA
19	Pulse	55	760000	29175	NA
19	Pulse	55	770000	39175	NA
20	Pulse	55	780000	8578	NA
20	Pulse	55	790000	18578	NA
20	Pulse	55	800000	28578	NA
20	Pulse	55	810000	38578	NA
21	Pulse	55	820000	7981	NA
21	Pulse	55	830000	17981	NA
21	Pulse	55	840000	27981	NA
21	Pulse	55	850000	37981	NA
22	Pulse	55	860000	7385	NA
22	Pulse	55	870000	17385	NA
22	Pulse	55	880000	27385	NA
22	Pulse	55	890000	37385	NA
23	Pulse	55	900000	6788	NA
23	Pulse	55	910000	16788	NA
23	Pulse	55	920000	26788	NA
23	Pulse	55	930000	36788	NA
24	Pulse	55	940000	6191	NA
24	Pulse	55	950000	16191	NA
24	Pulse	55	960000	26191	NA
24	Pulse	55	970000	36191	NA
25	Pulse	55	980000	5594	NA
25	Pulse	55	990000	15594	NA
25	Pulse	55	1000000	25594	NA
25	Pulse	55	1010000	35594	NA
26	Pulse	55	1020000	4997	NA
26	Pulse	55	1030000	14997	NA
26	Pulse	55	1040000	24997	NA
26	Pulse	55	1050000	34997	NA
27	Pulse	55	1060000	4484	NA
27	Pulse	55	1070000	14484	NA
27	Pulse	55	1080000	24484	NA
27	Pulse	55	1090000	34484	NA
28	Pulse	55	1100000	3887	NA
28	Pulse	55	1110000	13887	NA
28	Pulse	55	1120000	23887	NA
28	Pulse	55	1130000	33887	NA
29	Pulse	55	1140000	3290	NA
29	Pulse	55	1150000	13290	NA
29	Pulse	55	1160000	23290	NA
29	Pulse	55	1170000	33290	NA
30	Pulse	55	1180000	2694	NA
30	Pulse	55	1190000	12694	NA
30	Pulse	55	1200000	22694	NA
30	Pulse	55	1210000	32694	NA
31	Pulse	55	1220000	2097	NA
31	Pulse	55	1230000	12097	NA
31	Pulse	55	1240000	22097	NA
31	Pulse	55	1250000	32097	NA
32	Pulse	55	1260000	1500	NA
32	Pulse	55	1270000	11500	NA
32	Pulse	55	1280000	21500	NA
32	Pulse	55	1290000	31500	NA
33	Pulse	55	1300000	903	NA
33	Pulse	55	1310000	10903	NA
33	Pulse	55	1320000	20903	NA
33	Pulse	55	1330000	30903	NA
34	Pulse	55	1340000	306	NA
34	Pulse	55	1350000	10306	NA
34	Pulse	55	1360000	20306	NA
34	Pulse	55	1370000	30306	NA
34	Pulse	55	1380000	40306	NA
35	Pulse	55	1390000	9710	NA
35	Pulse	55	1400000	19710	NA
35	Pulse	55	1410000	29710	NA
35	Pulse	55	1420000	39710	NA
36	Pulse	55	1430000	9113	NA
36	Pulse	55	1440000	19113	NA
36	Pulse	55	1450000	29113	NA
36	Pulse	55	1460000	39113	NA
37	Pulse	55	1470000	8516	NA
37	Pulse	55	1480000	18516	NA
37	Pulse	55	1490000	28516	NA
37	Pulse	55	1500000	38516	NA
38	Pulse	55	1510000	7836	NA
38	Pulse	55	1520000	17836	NA
38	Pulse	55	1530000	27836	NA
38	Pulse	55	1540000	37836	NA
39	Pulse	55	1550000	7239	NA
39	Pulse	55	1560000	17239	NA
39	Pulse	55	1570000	27239	NA
39	Pulse	55	1580000	37239	NA
40	Pulse	55	1590000	6642	NA
40	Pulse	55	1600000	16642	NA
40	Pulse	55	1610000	26642	NA
40	Pulse	55	1620000	36642	NA
41	Pulse	55	1630000	6046	NA
41	Pulse	55	1640000	16046	NA
41	Pulse	55	1650000	26046	NA
41	Pulse	55	1660000	36046	NA
42	Pulse	55	1670000	5365	NA
42	Pulse	55	1680000	15365	NA
42	Pulse	55	1690000	25365	NA
42	Pulse	55	1700000	35365	NA
43	Pulse	55	1710000	4769	NA
43	Pulse	55	1720000	14769	NA
43	Pulse	55	1730000	24769	NA
43	Pulse	55	1740000	34769	NA
44	Pulse	55	1750000	4172	NA
44	Pulse	55	1760000	14172	NA
44	Pulse	55	1770000	24172	NA
44	Pulse	55	1780000	34172	NA
45	Pulse	55	1790000	3575	NA
45	Pulse	55	1800000	13575	NA
45	Pulse	55	1810000	23575	NA
45	Pulse	55	1820000	33575	NA
46	Pulse	55	1830000	2895	NA
46	Pulse	55	1840000	12895	NA
46	Pulse	55	1850000	22895	NA
46	Pulse	55	1860000	32895	NA
47	Pulse	55	1870000	2298	NA
47	Pulse	55	1880000	12298	NA
47	Pulse	55	1890000	22298	NA
47	Pulse	55	1900000	32298	NA
48	Pulse	55	1910000	1701	NA
48	Pulse	55	1920000	11701	NA
48	Pulse	55	1930000	21701	NA
48	Pulse	55	1940000	31701	NA
49	Pulse	55	1950000	1021	NA
49	Pulse	55	1960000	11021	NA
49	Pulse	55	1970000	21021	NA
49	Pulse	55	1980000	31021	NA
50	Pulse	55	1990000	424	NA
50	Pulse	55	2000000	10424	NA
50	Pulse	55	2010000	20424	NA
50	Pulse	55	2020000	30424	NA
50	Pulse	55	2030000	40424	NA
51	Pulse	55	2040000	9828	NA
51	Pulse	55	2050000	19828	NA
51	Pulse	55	2060000	29828	NA
51	Pulse	55	2070000	39828	NA
52	Pulse	55	2080000	9231	NA
52	Pulse	55	2090000	19231	NA
52	Pulse	55	2100000	29231	NA
52	Pulse	55	2110000	39231	NA
53	Pulse	55	2120000	8551	NA
53	Pulse	55	2130000	18551	NA
53	Pulse	55	2140000	28551	NA
53	Pulse	55	2150000	38551	NA
54	Pulse	55	2160000	7954	NA
54	Pulse	55	2170000	17954	NA
54	Pulse	55	2180000	27954	NA
54	Pulse	55	2190000	37954	NA
55	Pulse	55	2200000	7357	NA
55	Pulse	55	2210000	17357	NA
55	Pulse	55	2220000	27357	NA
55	Pulse	55	2230000	37357	NA
56	Pulse	55	2240000	6677	NA
56	Pulse	55	2250000	16677	NA
56	Pulse	55	2260000	26677	NA
56	Pulse	55	2270000	36677	NA
57	Pulse	55	2280000	6080	NA
57	Pulse	55	2290000	16080	NA
57	Pulse	55	2300000	26080	NA
57	Pulse	55	2310000	36080	NA
58	Pulse	55	2320000	5484	NA
58	Pulse	55	2330000	15484	NA
58	Pulse	55	2340000	25484	NA
58	Pulse	55	2350000	35484	NA
59	Pulse	55	2360000	4887	NA
59	Pulse	55	2370000	14887	NA
59	Pulse	55	2380000	24887	NA
59	Pulse	55	2390000	34887	NA
60	Pulse	55	2400000	4290	NA
60	Pulse	55	2410000	14290	NA
60	Pulse	55	2420000	24290	NA
60	Pulse	55	2430000	34290	NA
61	Pulse	55	2440000	3610	NA
61	Pulse	55	2450000	13610	NA
61	Pulse	55	2460000	23610	NA
61	Pulse	55	2470000	33610	NA
62	Pulse	55	2480000	3013	NA
62	Pulse	55	2490000	13013	NA
62	Pulse	55	2500000	23013	NA
62	Pulse	55	2510000	33013	NA
63	Pulse	55	2520000	2333	NA
63	Pulse	55	2530000	12333	NA
63	Pulse	55	2540000	22333	NA
63	Pulse	55	2550000	32333	NA
64	Pulse	55	2560000	1736	NA
64	Pulse	55	2570000	11736	NA
64	Pulse	55	2580000	21736	NA
64	Pulse	55	2590000	31736	NA
65	Pulse	55	2600000	973	NA
65	Pulse	55	2610000	10973	NA
65	Pulse	55	2620000	20973	NA
65	Pulse	55	2630000	30973	NA
66	Pulse	55	2640000	376	NA
66	Pulse	55	2650000	10376	NA
66	Pulse	55	2660000	20376	NA
66	Pulse	55	2670000	30376	NA
66	Pulse	55	2680000	40376	NA
67	Pulse	55	2690000	9696	NA
67	Pulse	55	2700000	19696	NA
67	Pulse	55	2710000	29696	NA
67	Pulse	55	2720000	39696	NA
68	Pulse	55	2730000	9099	NA
68	Pulse	55	2740000	19099	NA
68	Pulse	55	2750000	29099	NA
68	Pulse	55	2760000	39099	NA
69	Pulse	55	2770000	8502	NA
69	Pulse	55	2780000	18502	NA
69	Pulse	55	2790000	28502	NA
69	Pulse	55	2800000	38502	NA
70	Pulse	55	2810000	7905	NA
70	Pulse	55	2820000	17905	NA
70	Pulse	55	2830000	27905	NA
70	Pulse	55	2840000	37905	NA
71	Pulse	55	2850000	7309	NA
71	Pulse	55	2860000	17309	NA
71	Pulse	55	2870000	27309	NA
71	Pulse	55	2880000	37309	NA
72	Pulse	55	2890000	6712	NA
72	Pulse	55	2900000	16712	NA
72	Pulse	55	2910000	26712	NA
72	Pulse	55	2920000	36712	NA
73	Pulse	55	2930000	6032	NA
73	Pulse	55	2940000	16032	NA
73	Pulse	55	2950000	26032	NA
73	Pulse	55	2960000	36032	NA
74	Pulse	55	2970000	5435	NA
74	Pulse	55	2980000	15435	NA
74	Pulse	55	2990000	25435	NA
74	Pulse	55	3000000	35435	NA
75	Pulse	55	3010000	4838	NA
75	Pulse	55	3020000	14838	NA
75	Pulse	55	3030000	24838	NA
75	Pulse	55	3040000	34838	NA
76	Pulse	55	3050000	4241	NA
76	Pulse	55	3060000	14241	NA
76	Pulse	55	3070000	24241	NA
76	Pulse	55	3080000	34241	NA
77	Pulse	55	3090000	3644	NA
77	Pulse	55	3100000	13644	NA
77	Pulse	55	3110000	23644	NA
77	Pulse	55	3120000	33644	NA
78	Pulse	55	3130000	3048	NA
78	Pulse	55	3140000	13048	NA
78	Pulse	55	3150000	23048	NA
78	Pulse	55	3160000	33048	NA
79	Pulse	55	3170000	2451	NA
79	Pulse	55	3180000	12451	NA
79	Pulse	55	3190000	22451	NA
79	Pulse	55	3200000	32451	NA
80	Pulse	55	3210000	1854	NA
80	Pulse	55	3220000	11854	NA
80	Pulse	55	3230000	21854	NA
80	Pulse	55	3240000	31854	NA
81	Pulse	55	3250000	1257	NA
81	Pulse	55	3260000	11257	NA
81	Pulse	55	3270000	21257	NA
81	Pulse	55	3280000	31257	NA
82	Pulse	55	3290000	661	NA
82	Pulse	55	3300000	10661	NA
82	Pulse	55	3310000	20661	NA
82	Pulse	55	3320000	30661	NA
83	Pulse	55	3330000	64	NA
83	Pulse	55	3340000	10064	NA
83	Pulse	55	3350000	20064	NA
83	Pulse	55	3360000	30064	NA
83	Pulse	55	3370000	40064	NA
84	Pulse	55	3380000	9467	NA
84	Pulse	55	3390000	19467	NA
84	Pulse	55	3400000	29467	NA
84	Pulse	55	3410000	39467	NA
85	Pulse	55	3420000	8870	NA
85	Pulse	55	3430000	18870	NA
85	Pulse	55	3440000	28870	NA
85	Pulse	55	3450000	38870	NA
86	Pulse	55	3460000	8273	NA
86	Pulse	55	3470000	18273	NA
86	Pulse	55	3480000	28273	NA
86	Pulse	55	3490000	38273	NA
87	Pulse	55	3500000	7677	NA
87	Pulse	55	3510000	17677	NA
87	Pulse	55	3520000	27677	NA
87	Pulse	55	3530000	37677	NA
88	Pulse	55	3540000	7080	NA
88	Pulse	55	3550000	17080	NA
88	Pulse	55	3560000	27080	NA
88	Pulse	55	3570000	37080	NA
89	Pulse	55	3580000	6483	NA
89	Pulse	55	3590000	16483	NA
89	Pulse	55	3600000	26483	NA
89	Pulse	55	3610000	36483	NA
90	Pulse	55	3620000	5886	NA
90	Pulse	55	3630000	15886	NA
90	Pulse	55	3640000	25886	NA
90	Pulse	55	3650000	35886	NA
91	Pulse	55	3660000	5289	NA
91	Pulse	55	3670000	15289	NA
91	Pulse	55	3680000	25289	NA
91	Pulse	55	3690000	35289	NA
92	Pulse	55	3700000	4693	NA
92	Pulse	55	3710000	14693	NA
92	Pulse	55	3720000	24693	NA
92	Pulse	55	3730000	34693	NA
93	Pulse	55	3740000	4096	NA
93	Pulse	55	3750000	14096	NA
93	Pulse	55	3760000	24096	NA
93	Pulse	55	3770000	34096	NA
94	Pulse	55	3780000	3499	NA
94	Pulse	55	3790000	13499	NA
94	Pulse	55	3800000	23499	NA
94	Pulse	55	3810000	33499	NA
95	Pulse	55	3820000	2902	NA
95	Pulse	55	3830000	12902	NA
95	Pulse	55	3840000	22902	NA
95	Pulse	55	3850000	32902	NA
96	Pulse	55	3860000	2306	NA
96	Pulse	55	3870000	12306	NA
96	Pulse	55	3880000	22306	NA
96	Pulse	55	3890000	32306	NA
97	Pulse	55	3900000	1709	NA
97	Pulse	55	3910000	11709	NA
97	Pulse	55	3920000	21709	NA
97	Pulse	55	3930000	31709	NA
98	Pulse	55	3940000	1112	NA
98	Pulse	55	3950000	11112	NA
98	Pulse	55	3960000	21112	NA
98	Pulse	55	3970000	31112	NA
99	Pulse	55	3980000	515	NA
99	Pulse	55	3990000	10515	NA
99	Pulse	55	4000000	20515	NA
99	Pulse	55	4010000	30515	NA
99	Pulse	55	4020000	40515	NA
100	Pulse	55	4030000	9918	NA
100	Pulse	55	4040000	19918	NA
100	Pulse	55	4050000	29918	NA
100	Pulse	55	4060000	39918	NA
101	Pulse	55	4070000	9322	NA
101	Pulse	55	4080000	19322	NA
101	Pulse	55	4090000	29322	NA
101	Pulse	55	4100000	39322	NA
102	Pulse	55	4110000	8725	NA
102	Pulse	55	4120000	18725	NA
102	Pulse	55	4130000	28725	NA
102	Pulse	55	4140000	38725	NA
103	Pulse	55	4150000	8128	NA
103	Pulse	55	4160000	18128	NA
103	Pulse	55	4170000	28128	NA
103	Pulse	55	4180000	38128	NA
104	Pulse	55	4190000	7531	NA
104	Pulse	55	4200000	17531	NA
104	Pulse	55	4210000	27531	NA
104	Pulse	55	4220000	37531	NA
105	Pulse	55	4230000	7018	NA
105	Pulse	55	4240000	17018	NA
105	Pulse	55	4250000	27018	NA
105	Pulse	55	4260000	37018	NA
106	Pulse	55	4270000	6421	NA
106	Pulse	55	4280000	16421	NA
106	Pulse	55	4290000	26421	NA
106	Pulse	55	4300000	36421	NA
107	Pulse	55	4310000	5908	NA
107	Pulse	55	4320000	15908	NA
107	Pulse	55	4330000	25908	NA
107	Pulse	55	4340000	35908	NA
108	Pulse	55	4350000	5394	NA
108	Pulse	55	4360000	15394	NA
108	Pulse	55	4370000	25394	NA
108	Pulse	55	4380000	35394	NA
109	Pulse	55	4390000	4798	NA
109	Pulse	55	4400000	14798	NA
109	Pulse	55	4410000	24798	NA
109	Pulse	55	4420000	34798	NA
110	Pulse	55	4430000	4201	NA
110	Pulse	55	4440000	14201	NA
110	Pulse	55	4450000	24201	NA
110	Pulse	55	4460000	34201	NA
111	Pulse	55	4470000	3604	NA
111	Pulse	55	4480000	13604	NA
111	Pulse	55	4490000	23604	NA
111	Pulse	55	4500000	33604	NA
112	Pulse	55	4510000	3007	NA
112	Pulse	55	4520000	13007	NA
112	Pulse	55	4530000	23007	NA
112	Pulse	55	4540000	33007	NA
113	Pulse	55	4550000	2410	NA
113	Pulse	55	4560000	12410	NA
113	Pulse	55	4570000	22410	NA
113	Pulse	55	4580000	32410	NA
114	Pulse	55	4590000	1814	NA
114	Pulse	55	4600000	11814	NA
114	Pulse	55	4610000	21814	NA
114	Pulse	55	4620000	31814	NA
115	Pulse	55	4630000	1300	NA
115	Pulse	55	4640000	11300	NA
115	Pulse	55	4650000	21300	NA
115	Pulse	55	4660000	31300	NA
116	Pulse	55	4670000	703	NA
116	Pulse	55	4680000	10703	NA
116	Pulse	55	4690000	20703	NA
116	Pulse	55	4700000	30703	NA
117	Pulse	55	4710000	107	NA
117	Pulse	55	4720000	10107	NA
117	Pulse	55	4730000	20107	NA
117	Pulse	55	4740000	30107	NA
117	Pulse	55	4750000	40107	NA
118	Pulse	55	4760000	9593	NA
118	Pulse	55	4770000	19593	NA
118	Pulse	55	4780000	29593	NA
118	Pulse	55	4790000	39593	NA
119	Pulse	55	4800000	9080	NA
119	Pulse	55	4810000	19080	NA
119	Pulse	55	4820000	29080	NA
119	Pulse	55	4830000	39080	NA
120	Pulse	55	4840000	8483	NA
120	Pulse	55	4850000	18483	NA
120	Pulse	55	4860000	28483	NA
120	Pulse	55	4870000	38483	NA
121	Pulse	55	4880000	7970	NA
121	Pulse	55	4890000	17970	NA
121	Pulse	55	4900000	27970	NA
121	Pulse	55	4910000	37970	NA
122	Pulse	55	4920000	7373	NA
122	Pulse	55	4930000	17373	NA
122	Pulse	55	4940000	27373	NA
122	Pulse	55	4950000	37373	NA
123	Pulse	55	4960000	6859	NA
123	Pulse	55	4970000	16859	NA
123	Pulse	55	4980000	26859	NA
123	Pulse	55	4990000	36859	NA
124	Pulse	55	5000000	6346	NA
124	Pulse	55	5010000	16346	NA
124	Pulse	55	5020000	26346	NA
124	Pulse	55	5030000	36346	NA
125	Pulse	55	5040000	5833	NA
125	Pulse	55	5050000	15833	NA
125	Pulse	55	5060000	25833	NA
125	Pulse	55	5070000	35833	NA
126	Pulse	55	5080000	5236	NA
126	Pulse	55	5090000	15236	NA
126	Pulse	55	5100000	25236	NA
126	Pulse	55	5110000	35236	NA
127	Pulse	55	5120000	4639	NA
127	Pulse	55	5130000	14639	NA
127	Pulse	55	5140000	24639	NA
127	Pulse	55	5150000	34639	NA
128	Pulse	55	5160000	4042	NA
128	Pulse	55	5170000	14042	NA
128	Pulse	55	5180000	24042	NA
128	Pulse	55	5190000	34042	NA
129	Pulse	55	5200000	3445	NA
129	Pulse	55	5210000	13445	NA
129	Pulse	55	5220000	23445	NA
129	Pulse	55	5230000	33445	NA
130	Pulse	55	5240000	2849	NA
130	Pulse	55	5250000	12849	NA
130	Pulse	55	5260000	22849	NA
130	Pulse	55	5270000	32849	NA
131	Pulse	55	5280000	2252	NA
131	Pulse	55	5290000	12252	NA
131	Pulse	55	5300000	22252	NA
131	Pulse	55	5310000	32252	NA
132	Pulse	55	5320000	1738	NA
132	Pulse	55	5330000	11738	NA
132	Pulse	55	5340000	21738	NA
132	Pulse	55	5350000	31738	NA
133	Pulse	55	5360000	1142	NA
133	Pulse	55	5370000	11142	NA
133	Pulse	55	5380000	21142	NA
133	Pulse	55	5390000	31142	NA
134	Pulse	55	5400000	545	NA
134	Pulse	55	5410000	10545	NA
134	Pulse	55	5420000	20545	NA
134	Pulse	55	5430000	30545	NA
134	Pulse	55	5440000	40545	NA
135	Pulse	55	5450000	9948	NA
135	Pulse	55	5460000	19948	NA
135	Pulse	55	5470000	29948	NA
135	Pulse	55	5480000	39948	NA
136	Pulse	55	5490000	9351	NA
136	Pulse	55	5500000	19351	NA
136	Pulse	55	5510000	29351	NA
136	Pulse	55	5520000	39351	NA
137	Pulse	55	5530000	8755	NA
137	Pulse	55	5540000	18755	NA
137	Pulse	55	5550000	28755	NA
137	Pulse	55	5560000	38755	NA
138	Pulse	55	5570000	8241	NA
138	Pulse	55	5580000	18241	NA
138	Pulse	55	5590000	28241	NA
138	Pulse	55	5600000	38241	NA
139	Pulse	55	5610000	7644	NA
139	Pulse	55	5620000	17644	NA
139	Pulse	55	5630000	27644	NA
139	Pulse	55	5640000	37644	NA
140	Pulse	55	5650000	7048	NA
140	Pulse	55	5660000	17048	NA
140	Pulse	55	5670000	27048	NA
140	Pulse	55	5680000	37048	NA
141	Pulse	55	5690000	6534	NA
141	Pulse	55	5700000	16534	NA
141	Pulse	55	5710000	26534	NA
141	Pulse	55	5720000	36534	NA
142	Pulse	55	5730000	5937	NA
142	Pulse	55	5740000	15937	NA
142	Pulse	55	5750000	25937	NA
142	Pulse	55	5760000	35937	NA
143	Pulse	55	5770000	5341	NA
143	Pulse	55	5780000	15341	NA
143	Pulse	55	5790000	25341	NA
143	Pulse	55	5800000	35341	NA
144	Pulse	55	5810000	4827	NA
144	Pulse	55	5820000	14827	NA
144	Pulse	55	5830000	24827	NA
144	Pulse	55	5840000	34827	NA
145	Pulse	55	5850000	4314	NA
145	Pulse	55	5860000	14314	NA
145	Pulse	55	5870000	24314	NA
145	Pulse	55	5880000	34314	NA
146	Pulse	55	5890000	3717	NA
146	Pulse	55	5900000	13717	NA
146	Pulse	55	5910000	23717	NA
146	Pulse	55	5920000	33717	NA
147	Pulse	55	5930000	3120	NA
147	Pulse	55	5940000	13120	NA
147	Pulse	55	5950000	23120	NA
147	Pulse	55	5960000	33120	NA
148	Pulse	55	5970000	2523	NA
148	Pulse	55	5980000	12523	NA
148	Pulse	55	5990000	22523	NA
148	Pulse	55	6000000	32523	NA
149	Pulse	55	6010000	1927	NA
149	Pulse	55	6020000	11927	NA
149	Pulse	55	6030000	21927	NA
149	Pulse	55	6040000	31927	NA
150	Pulse	55	6050000	1330	NA
150	Pulse	55	6060000	11330	NA
150	Pulse	55	6070000	21330	NA
150	Pulse	55	6080000	31330	NA
151	Pulse	55	6090000	733	NA
151	Pulse	55	6100000	10733	NA
151	Pulse	55	6110000	20733	NA
151	Pulse	55	6120000	30733	NA
152	Pulse	55	6130000	136	NA
152	Pulse	55	6140000	10136	NA
152	Pulse	55	6150000	20136	NA
152	Pulse	55	6160000	30136	NA
152	Pulse	55	6170000	40136	NA
153	Pulse	55	6180000	9623	NA
153	Pulse	55	6190000	19623	NA
153	Pulse	55	6200000	29623	NA
153	Pulse	55	6210000	39623	NA
154	Pulse	55	6220000	9109	NA
154	Pulse	55	6230000	19109	NA
154	Pulse	55	6240000	29109	NA
154	Pulse	55	6250000	39109	NA
155	Pulse	55	6260000	8679	NA
155	Pulse	55	6270000	18679	NA
155	Pulse	55	6280000	28679	NA
155	Pulse	55	6290000	38679	NA
156	Pulse	55	6300000	8166	NA
156	Pulse	55	6310000	18166	NA
156	Pulse	55	6320000	28166	NA
156	Pulse	55	6330000	38166	NA
157	Pulse	55	6340000	7653	NA
157	Pulse	55	6350000	17653	NA
157	Pulse	55	6360000	27653	NA
157	Pulse	55	6370000	37653	NA
158	Pulse	55	6380000	7139	NA
158	Pulse	55	6390000	17139	NA
158	Pulse	55	6400000	27139	NA
158	Pulse	55	6410000	37139	NA
159	Pulse	55	6420000	6542	NA
159	Pulse	55	6430000	16542	NA
159	Pulse	55	6440000	26542	NA
159	Pulse	55	6450000	36542	NA
160	Pulse	55	6460000	5946	NA
160	Pulse	55	6470000	15946	NA
160	Pulse	55	6480000	25946	NA
160	Pulse	55	6490000	35946	NA
161	Pulse	55	6500000	5349	NA
161	Pulse	55	6510000	15349	NA
161	Pulse	55	6520000	25349	NA
161	Pulse	55	6530000	35349	NA
162	Pulse	55	6540000	4835	NA
162	Pulse	55	6550000	14835	NA
162	Pulse	55	6560000	24835	NA
162	Pulse	55	6570000	34835	NA
163	Pulse	55	6580000	4239	NA
163	Pulse	55	6590000	14239	NA
163	Pulse	55	6600000	24239	NA
163	Pulse	55	6610000	34239	NA
164	Pulse	55	6620000	3642	NA
164	Pulse	55	6630000	13642	NA
164	Pulse	55	6640000	23642	NA
164	Pulse	55	6650000	33642	NA
165	Pulse	55	6660000	3045	NA
165	Pulse	55	6670000	13045	NA
165	Pulse	55	6680000	23045	NA
165	Pulse	55	6690000	33045	NA
166	Pulse	55	6700000	2448	NA
166	Pulse	55	6710000	12448	NA
166	Pulse	55	6720000	22448	NA
166	Pulse	55	6730000	32448	NA
167	Pulse	55	6740000	1851	NA
167	Pulse	55	6750000	11851	NA
167	Pulse	55	6760000	21851	NA
167	Pulse	55	6770000	31851	NA
168	Pulse	55	6780000	1255	NA
168	Pulse	55	6790000	11255	NA
168	Pulse	55	6800000	21255	NA
168	Pulse	55	6810000	31255	NA
169	Pulse	55	6820000	741	NA
169	Pulse	55	6830000	10741	NA
169	Pulse	55	6840000	20741	NA
169	Pulse	55	6850000	30741	NA
170	Pulse	55	6860000	144	NA
170	Pulse	55	6870000	10144	NA
170	Pulse	55	6880000	20144	NA
170	Pulse	55	6890000	30144	NA
170	Pulse	55	6900000	40144	NA
171	Pulse	55	6910000	9631	NA
171	Pulse	55	6920000	19631	NA
171	Pulse	55	6930000	29631	NA
171	Pulse	55	6940000	39631	NA
172	Pulse	55	6950000	9118	NA
172	Pulse	55	6960000	19118	NA
172	Pulse	55	6970000	29118	NA
172	Pulse	55	6980000	39118	NA
173	Pulse	55	6990000	8521	NA
173	Pulse	55	7000000	18521	NA
173	Pulse	55	7010000	28521	NA
173	Pulse	55	7020000	38521	NA
174	Pulse	55	7030000	8091	NA
174	Pulse	55	7040000	18091	NA
174	Pulse	55	7050000	28091	NA
174	Pulse	55	7060000	38091	NA
175	Pulse	55	7070000	7577	NA
175	Pulse	55	7080000	17577	NA
175	Pulse	55	7090000	27577	NA
175	Pulse	55	7100000	37577	NA
176	Pulse	55	7110000	6981	NA
176	Pulse	55	7120000	16981	NA
176	Pulse	55	7130000	26981	NA
176	Pulse	55	7140000	36981	NA
177	Pulse	55	7150000	6467	NA
177	Pulse	55	7160000	16467	NA
177	Pulse	55	7170000	26467	NA
177	Pulse	55	7180000	36467	NA
178	Pulse	55	7190000	5954	NA
178	Pulse	55	7200000	15954	NA
178	Pulse	55	7210000	25954	NA
178	Pulse	55	7220000	35954	NA
179	Pulse	55	7230000	5440	NA
179	Pulse	55	7240000	15440	NA
179	Pulse	55	7250000	25440	NA
179	Pulse	55	7260000	35440	NA
180	Pulse	55	7270000	4844	NA
180	Pulse	55	7280000	14844	NA
180	Pulse	55	7290000	24844	NA
180	Pulse	55	7300000	34844	NA
181	Pulse	55	7310000	4247	NA
181	Pulse	55	7320000	14247	NA
181	Pulse	55	7330000	24247	NA
181	Pulse	55	7340000	34247	NA
182	Pulse	55	7350000	3650	NA
182	Pulse	55	7360000	13650	NA
182	Pulse	55	7370000	23650	NA
182	Pulse	55	7380000	33650	NA
183	Pulse	55	7390000	3053	NA
183	Pulse	55	7400000	13053	NA
183	Pulse	55	7410000	23053	NA
183	Pulse	55	7420000	33053	NA
184	Pulse	55	7430000	2456	NA
184	Pulse	55	7440000	12456	NA
184	Pulse	55	7450000	22456	NA
184	Pulse	55	7460000	32456	NA
185	Pulse	55	7470000	1943	NA
185	Pulse	55	7480000	11943	NA
185	Pulse	55	7490000	21943	NA
185	Pulse	55	7500000	31943	NA
186	Pulse	55	7510000	1346	NA
186	Pulse	55	7520000	11346	NA
186	Pulse	55	7530000	21346	NA
186	Pulse	55	7540000	31346	NA
187	Pulse	55	7550000	749	NA
187	Pulse	55	7560000	10749	NA
187	Pulse	55	7570000	20749	NA
187	Pulse	55	7580000	30749	NA
188	Pulse	55	7590000	153	NA
188	Pulse	55	7600000	10153	NA
188	Pulse	55	7610000	20153	NA
188	Pulse	55	7620000	30153	NA
188	Pulse	55	7630000	40153	NA
189	Pulse	55	7640000	9556	NA
189	Pulse	55	7650000	19556	NA
189	Pulse	55	7660000	29556	NA
189	Pulse	55	7670000	39556	NA
190	Pulse	55	7680000	8959	NA
190	Pulse	55	7690000	18959	NA
190	Pulse	55	7700000	28959	NA
190	Pulse	55	7710000	38959	NA
191	Pulse	55	7720000	8362	NA
191	Pulse	55	7730000	18362	NA
191	Pulse	55	7740000	28362	NA
191	Pulse	55	7750000	38362	NA
192	Pulse	55	7760000	7766	NA
192	Pulse	55	7770000	17766	NA
192	Pulse	55	7780000	27766	NA
192	Pulse	55	7790000	37766	NA
193	Pulse	55	7800000	7169	NA
193	Pulse	55	7810000	17169	NA
193	Pulse	55	7820000	27169	NA
193	Pulse	55	7830000	37169	NA
194	Pulse	55	7840000	6572	NA
194	Pulse	55	7850000	16572	NA
194	Pulse	55	7860000	26572	NA
194	Pulse	55	7870000	36572	NA
195	Pulse	55	7880000	5975	NA
195	Pulse	55	7890000	15975	NA
195	Pulse	55	7900000	25975	NA
195	Pulse	55	7910000	35975	NA
196	Pulse	55	7920000	5378	NA
196	Pulse	55	7930000	15378	NA
196	Pulse	55	7940000	25378	NA
196	Pulse	55	7950000	35378	NA
197	Pulse	55	7960000	4782	NA
197	Pulse	55	7970000	14782	NA
197	Pulse	55	7980000	24782	NA
197	Pulse	55	7990000	34782	NA
198	Pulse	55	8000000	4268	NA
198	Pulse	55	8010000	14268	NA
198	Pulse	55	8020000	24268	NA
198	Pulse	55	8030000	34268	NA
199	Pulse	55	8040000	3671	NA
199	Pulse	55	8050000	13671	NA
199	Pulse	55	8060000	23671	NA
199	Pulse	55	8070000	33671	NA
200	Pulse	55	8080000	3075	NA
200	Pulse	55	8090000	13075	NA
200	Pulse	55	8100000	23075	NA
200	Pulse	55	8110000	33075	NA
201	Pulse	55	8120000	2645	NA
201	Pulse	55	8130000	12645	NA
201	Pulse	55	8140000	22645	NA
201	Pulse	55	8150000	32645	NA
202	Pulse	55	8160000	2131	NA
202	Pulse	55	8170000	12131	NA
202	Pulse	55	8180000	22131	NA
202	Pulse	55	8190000	32131	NA
203	Pulse	55	8200000	1618	NA
203	Pulse	55	8210000	11618	NA
203	Pulse	55	8220000	21618	NA
203	Pulse	55	8230000	31618	NA
204	Pulse	55	8240000	1021	NA
204	Pulse	55	8250000	11021	NA
204	Pulse	55	8260000	21021	NA
204	Pulse	55	8270000	31021	NA
205	Pulse	55	8280000	508	NA
205	Pulse	55	8290000	10508	NA
205	Pulse	55	8300000	20508	NA
205	Pulse	55	8310000	30508	NA
205	Pulse	55	8320000	40508	NA
206	Pulse	55	8330000	9911	NA
206	Pulse	55	8340000	19911	NA
206	Pulse	55	8350000	29911	NA
206	Pulse	55	8360000	39911	NA
207	Pulse	55	8370000	9397	NA
207	Pulse	55	8380000	19397	NA
207	Pulse	55	8390000	29397	NA
207	Pulse	55	8400000	39397	NA
208	Pulse	55	8410000	8884	NA
208	Pulse	55	8420000	18884	NA
208	Pulse	55	8430000	28884	NA
208	Pulse	55	8440000	38884	NA
209	Pulse	55	8450000	8287	NA
209	Pulse	55	8460000	18287	NA
209	Pulse	55	8470000	28287	NA
209	Pulse	55	8480000	38287	NA
210	Pulse	55	8490000	7774	NA
210	Pulse	55	8500000	17774	NA
210	Pulse	55	8510000	27774	NA
210	Pulse	55	8520000	37774	NA
211	Pulse	55	8530000	7344	NA
211	Pulse	55	8540000	17344	NA
211	Pulse	55	8550000	27344	NA
211	Pulse	55	8560000	37344	NA
212	Pulse	55	8570000	6830	NA
212	Pulse	55	8580000	16830	NA
212	Pulse	55	8590000	26830	NA
212	Pulse	55	8600000	36830	NA
213	Pulse	55	8610000	6317	NA
213	Pulse	55	8620000	16317	NA
213	Pulse	55	8630000	26317	NA
213	Pulse	55	8640000	36317	NA
214	Pulse	55	8650000	5803	NA
214	Pulse	55	8660000	15803	NA
214	Pulse	55	8670000	25803	NA
214	Pulse	55	8680000	35803	NA
215	Pulse	55	8690000	5207	NA
215	Pulse	55	8700000	15207	NA
215	Pulse	55	8710000	25207	NA
215	Pulse	55	8720000	35207	NA
216	Pulse	55	8730000	4610	NA
216	Pulse	55	8740000	14610	NA
216	Pulse	55	8750000	24610	NA
216	Pulse	55	8760000	34610	NA
217	Pulse	55	8770000	4263	NA
217	Pulse	55	8780000	14263	NA
217	Pulse	55	8790000	24263	NA
217	Pulse	55	8800000	34263	NA
218	Pulse	55	8810000	3666	NA
218	Pulse	55	8820000	13666	NA
218	Pulse	55	8830000	23666	NA
218	Pulse	55	8840000	33666	NA
219	Pulse	55	8850000	3153	NA
219	Pulse	55	8860000	13153	NA
219	Pulse	55	8870000	23153	NA
219	Pulse	55	8880000	33153	NA
220	Pulse	55	8890000	2556	NA
220	Pulse	55	8900000	12556	NA
220	Pulse	55	8910000	22556	NA
220	Pulse	55	8920000	32556	NA
221	Pulse	55	8930000	1959	NA
221	Pulse	55	8940000	11959	NA
221	Pulse	55	8950000	21959	NA
221	Pulse	55	8960000	31959	NA
222	Pulse	55	8970000	1529	NA
222	Pulse	55	8980000	11529	NA
222	Pulse	55	8990000	21529	NA
222	Pulse	55	9000000	31529	NA
223	Pulse	55	9010000	1016	NA
223	Pulse	55	9020000	11016	NA
223	Pulse	55	9030000	21016	NA
223	Pulse	55	9040000	31016	NA
224	Pulse	55	9050000	419	NA
224	Pulse	55	9060000	10419	NA
224	Pulse	55	9070000	20419	NA
224	Pulse	55	9080000	30419	NA
224	Pulse	55	9090000	40419	NA
225	Pulse	55	9100000	9989	NA
225	Pulse	55	9110000	19989	NA
225	Pulse	55	9120000	29989	NA
225	Pulse	55	9130000	39989	NA
226	Pulse	55	9140000	9476	NA
226	Pulse	55	9150000	19476	NA
226	Pulse	55	9160000	29476	NA
226	Pulse	55	9170000	39476	NA
227	Pulse	55	9180000	8962	NA
227	Pulse	55	9190000	18962	NA
227	Pulse	55	9200000	28962	NA
227	Pulse	55	9210000	38962	NA
228	Pulse	55	9220000	8449	NA
228	Pulse	55	9230000	18449	NA
228	Pulse	55	9240000	28449	NA
228	Pulse	55	9250000	38449	NA
229	Pulse	55	9260000	7852	NA
229	Pulse	55	9270000	17852	NA
229	Pulse	55	9280000	27852	NA
229	Pulse	55	9290000	37852	NA
230	Pulse	55	9300000	7339	NA
230	Pulse	55	9310000	17339	NA
230	Pulse	55	9320000	27339	NA
230	Pulse	55	9330000	37339	NA
231	Pulse	55	9340000	6825	NA
231	Pulse	55	9350000	16825	NA
231	Pulse	55	9360000	26825	NA
231	Pulse	55	9370000	36825	NA
232	Pulse	55	9380000	6228	NA
232	Pulse	55	9390000	16228	NA
232	Pulse	55	9400000	26228	NA
232	Pulse	55	9410000	36228	NA
233	Pulse	55	9420000	5632	NA
233	Pulse	55	9430000	15632	NA
233	Pulse	55	9440000	25632	NA
233	Pulse	55	9450000	35632	NA
234	Pulse	55	9460000	5035	NA
234	Pulse	55	9470000	15035	NA
234	Pulse	55	9480000	25035	NA
234	Pulse	55	9490000	35035	NA
235	Pulse	55	9500000	4438	NA
235	Pulse	55	9510000	14438	NA
235	Pulse	55	9520000	24438	NA
235	Pulse	55	9530000	34438	NA
236	Pulse	55	9540000	3841	NA
236	Pulse	55	9550000	13841	NA
236	Pulse	55	9560000	23841	NA
236	Pulse	55	9570000	33841	NA
237	Pulse	55	9580000	3245	NA
237	Pulse	55	9590000	13245	NA
237	Pulse	55	9600000	23245	NA
237	Pulse	55	9610000	33245	NA
238	Pulse	55	9620000	2731	NA
238	Pulse	55	9630000	12731	NA
238	Pulse	55	9640000	22731	NA
238	Pulse	55	9650000	32731	NA
239	Pulse	55	9660000	2218	NA
239	Pulse	55	9670000	12218	NA
239	Pulse	55	9680000	22218	NA
239	Pulse	55	9690000	32218	NA
240	Pulse	55	9700000	1621	NA
240	Pulse	55	9710000	11621	NA
240	Pulse	55	9720000	21621	NA
240	Pulse	55	9730000	31621	NA
241	Pulse	55	9740000	1107	NA
241	Pulse	55	9750000	11107	NA
241	Pulse	55	9760000	21107	NA
241	Pulse	55	9770000	31107	NA
242	Pulse	55	9780000	511	NA
242	Pulse	55	9790000	10511	NA
242	Pulse	55	9800000	20511	NA
242	Pulse	55	9810000	30511	NA
242	Pulse	55	9820000	40511	NA
243	Pulse	55	9830000	9914	NA
243	Pulse	55	9840000	19914	NA
243	Pulse	55	9850000	29914	NA
243	Pulse	55	9860000	39914	NA
244	Pulse	55	9870000	9317	NA
244	Pulse	55	9880000	19317	NA
244	Pulse	55	9890000	29317	NA
244	Pulse	55	9900000	39317	NA
245	Pulse	55	9910000	8804	NA
245	Pulse	55	9920000	18804	NA
245	Pulse	55	9930000	28804	NA
245	Pulse	55	9940000	38804	NA
246	Pulse	55	9950000	8207	NA
246	Pulse	55	9960000	18207	NA
246	Pulse	55	9970000	28207	NA
246	Pulse	55	9980000	38207	NA
247	Pulse	55	9990000	7610	NA
247	Pulse	55	10000000	17610	NA
247	Pulse	55	10010000	27610	NA
247	Pulse	55	10020000	37610	NA
248	Pulse	55	10030000	7013	NA
248	Pulse	55	10040000	17013	NA
248	Pulse	55	10050000	27013	NA
248	Pulse	55	10060000	37013	NA
249	Pulse	55	10070000	6417	NA
249	Pulse	55	10080000	16417	NA
249	Pulse	55	10090000	26417	NA
249	Pulse	55	10100000	36417	NA
250	Pulse	55	10110000	5820	NA
250	Pulse	55	10120000	15820	NA
250	Pulse	55	10130000	25820	NA
250	Pulse	55	10140000	35820	NA
251	Pulse	55	10150000	5223	NA
251	Pulse	55	10160000	15223	NA
251	Pulse	55	10170000	25223	NA
251	Pulse	55	10180000	35223	NA
252	Pulse	55	10190000	4626	NA
252	Pulse	55	10200000	14626	NA
252	Pulse	55	10210000	24626	NA
252	Pulse	55	10220000	34626	NA
253	Pulse	55	10230000	4029	NA
253	Pulse	55	10240000	14029	NA
253	Pulse	55	10250000	24029	NA
253	Pulse	55	10260000	34029	NA
254	Pulse	55	10270000	3433	NA
254	Pulse	55	10280000	13433	NA
254	Pulse	55	10290000	23433	NA
254	Pulse	55	10300000	33433	NA
255	Pulse	55	10310000	3003	NA
255	Pulse	55	10320000	13003	NA
255	Pulse	55	10330000	23003	NA
255	Pulse	55	10340000	33003	NA
256	Pulse	55	10350000	2489	NA
256	Pulse	55	10360000	12489	NA
256	Pulse	55	10370000	22489	NA
256	Pulse	55	10380000	32489	NA
257	Pulse	55	10390000	1976	NA
257	Pulse	55	10400000	11976	NA
257	Pulse	55	10410000	21976	NA
257	Pulse	55	10420000	31976	NA
258	Pulse	55	10430000	1379	NA
258	Pulse	55	10440000	11379	NA
258	Pulse	55	10450000	21379	NA
258	Pulse	55	10460000	31379	NA
259	Pulse	55	10470000	782	NA
259	Pulse	55	10480000	10782	NA
259	Pulse	55	10490000	20782	NA
259	Pulse	55	10500000	30782	NA
260	Pulse	55	10510000	185	NA
260	Pulse	55	10520000	10185	NA
260	Pulse	55	10530000	20185	NA
260	Pulse	55	10540000	30185	NA
260	Pulse	55	10550000	40185	NA
261	Pulse	55	10560000	9589	NA
261	Pulse	55	10570000	19589	NA
261	Pulse	55	10580000	29589	NA
261	Pulse	55	10590000	39589	NA
262	Pulse	55	10600000	8992	NA
262	Pulse	55	10610000	18992	NA
262	Pulse	55	10620000	28992	NA
262	Pulse	55	10630000	38992	NA
263	Pulse	55	10640000	8478	NA
263	Pulse	55	10650000	18478	NA
263	Pulse	55	10660000	28478	NA
263	Pulse	55	10670000	38478	NA
264	Pulse	55	10680000	7882	NA
264	Pulse	55	10690000	17882	NA
264	Pulse	55	10700000	27882	NA
264	Pulse	55	10710000	37882	NA
265	Pulse	55	10720000	7285	NA
265	Pulse	55	10730000	17285	NA
265	Pulse	55	10740000	27285	NA
265	Pulse	55	10750000	37285	NA
266	Pulse	55	10760000	6688	NA
266	Pulse	55	10770000	16688	NA
266	Pulse	55	10780000	26688	NA
266	Pulse	55	10790000	36688	NA
267	Pulse	55	10800000	6091	NA
267	Pulse	55	10810000	16091	NA
267	Pulse	55	10820000	26091	NA
267	Pulse	55	10830000	36091	NA
268	Pulse	55	10840000	5495	NA
268	Pulse	55	10850000	15495	NA
268	Pulse	55	10860000	25495	NA
268	Pulse	55	10870000	35495	NA
269	Pulse	55	10880000	4898	NA
269	Pulse	55	10890000	14898	NA
269	Pulse	55	10900000	24898	NA
269	Pulse	55	10910000	34898	NA
270	Pulse	55	10920000	4301	NA
270	Pulse	55	10930000	14301	NA
270	Pulse	55	10940000	24301	NA
270	Pulse	55	10950000	34301	NA
271	Pulse	55	10960000	3704	NA
271	Pulse	55	10970000	13704	NA
271	Pulse	55	10980000	23704	NA
271	Pulse	55	10990000	33704	NA
272	Pulse	55	11000000	3191	NA
272	Pulse	55	11010000	13191	NA
272	Pulse	55	11020000	23191	NA
272	Pulse	55	11030000	33191	NA
273	Pulse	55	11040000	2594	NA
273	Pulse	55	11050000	12594	NA
273	Pulse	55	11060000	22594	NA
273	Pulse	55	11070000	32594	NA
274	Pulse	55	11080000	1997	NA
274	Pulse	55	11090000	11997	NA
274	Pulse	55	11100000	21997	NA
274	Pulse	55	11110000	31997	NA
275	Pulse	55	11120000	1401	NA
275	Pulse	55	11130000	11401	NA
275	Pulse	55	11140000	21401	NA
275	Pulse	55	11150000	31401	NA
276	Pulse	55	11160000	804	NA
276	Pulse	55	11170000	10804	NA
276	Pulse	55	11180000	20804	NA
276	Pulse	55	11190000	30804	NA
277	Pulse	55	11200000	207	NA
277	Pulse	55	11210000	10207	NA
277	Pulse	55	11220000	20207	NA
277	Pulse	55	11230000	30207	NA
277	Pulse	55	11240000	40207	NA
278	Pulse	55	11250000	9610	NA
278	Pulse	55	11260000	19610	NA
278	Pulse	55	11270000	29610	NA
278	Pulse	55	11280000	39610	NA
279	Pulse	55	11290000	9013	NA
279	Pulse	55	11300000	19013	NA
279	Pulse	55	11310000	29013	NA
279	Pulse	55	11320000	39013	NA
280	Pulse	55	11330000	8417	NA
280	Pulse	55	11340000	18417	NA
280	Pulse	55	11350000	28417	NA
280	Pulse	55	11360000	38417	NA
281	Pulse	55	11370000	7820	NA
281	Pulse	55	11380000	17820	NA
281	Pulse	55	11390000	27820	NA
281	Pulse	55	11400000	37820	NA
282	Pulse	55	11410000	7223	NA
282	Pulse	55	11420000	17223	NA
282	Pulse	55	11430000	27223	NA
282	Pulse	55	11440000	37223	NA
283	Pulse	55	11450000	6460	NA
283	Pulse	55	11460000	16460	NA
283	Pulse	55	11470000	26460	NA
283	Pulse	55	11480000	36460	NA
284	Pulse	55	11490000	5863	NA
284	Pulse	55	11500000	15863	NA
284	Pulse	55	11510000	25863	NA
284	Pulse	55	11520000	35863	NA
285	Pulse	55	11530000	5266	NA
285	Pulse	55	11540000	15266	NA
285	Pulse	55	11550000	25266	NA
285	Pulse	55	11560000	35266	NA
286	Pulse	55	11570000	4669	NA
286	Pulse	55	11580000	14669	NA
286	Pulse	55	11590000	24669	NA
286	Pulse	55	11600000	34669	NA
287	Pulse	55	11610000	3989	NA
287	Pulse	55	11620000	13989	NA
287	Pulse	55	11630000	23989	NA
287	Pulse	55	11640000	33989	NA
288	Pulse	55	11650000	3392	NA
288	Pulse	55	11660000	13392	NA
288	Pulse	55	11670000	23392	NA
288	Pulse	55	11680000	33392	NA
289	Pulse	55	11690000	2795	NA
289	Pulse	55	11700000	12795	NA
289	Pulse	55	11710000	22795	NA
289	Pulse	55	11720000	32795	NA
290	Pulse	55	11730000	2199	NA
290	Pulse	55	11740000	12199	NA
290	Pulse	55	11750000	22199	NA
290	Pulse	55	11760000	32199	NA
291	Pulse	55	11770000	1519	NA
291	Pulse	55	11780000	11519	NA
291	Pulse	55	11790000	21519	NA
291	Pulse	55	11800000	31519	NA
292	Pulse	55	11810000	922	NA
292	Pulse	55	11820000	10922	NA
292	Pulse	55	11830000	20922	NA
292	Pulse	55	11840000	30922	NA
293	Pulse	55	11850000	325	NA
293	Pulse	55	11860000	10325	NA
293	Pulse	55	11870000	20325	NA
293	Pulse	55	11880000	30325	NA
293	Pulse	55	11890000	40325	NA
294	Pulse	55	11900000	9645	NA
294	Pulse	55	11910000	19645	NA
294	Pulse	55	11920000	29645	NA
294	Pulse	55	11930000	39645	NA
295	Pulse	55	11940000	9048	NA
295	Pulse	55	11950000	19048	NA
295	Pulse	55	11960000	29048	NA
295	Pulse	55	11970000	39048	NA
296	Pulse	55	11980000	8451	NA
296	Pulse	55	11990000	18451	NA
296	Pulse	55	12000000	28451	NA
296	Pulse	55	12010000	38451	NA
297	Pulse	55	12020000	7855	NA
297	Pulse	55	12030000	17855	NA
297	Pulse	55	12040000	27855	NA
297	Pulse	55	12050000	37855	NA
298	Pulse	55	12060000	7174	NA
298	Pulse	55	12070000	17174	NA
298	Pulse	55	12080000	27174	NA
298	Pulse	55	12090000	37174	NA
299	Pulse	55	12100000	6578	NA
299	Pulse	55	12110000	16578	NA
299	Pulse	55	12120000	26578	NA
299	Pulse	55	12130000	36578	NA
300	Pulse	55	12140000	5981	NA
300	Pulse	55	12150000	15981	NA
300	Pulse	55	12160000	25981	NA
300	Pulse	55	12170000	35981	NA
301	Pulse	55	12180000	5301	NA
301	Pulse	55	12190000	15301	NA
301	Pulse	55	12200000	25301	NA
301	Pulse	55	12210000	35301	NA
302	Pulse	55	12220000	4704	NA
302	Pulse	55	12230000	14704	NA
302	Pulse	55	12240000	24704	NA
302	Pulse	55	12250000	34704	NA
303	Pulse	55	12260000	4107	NA
303	Pulse	55	12270000	14107	NA
303	Pulse	55	12280000	24107	NA
303	Pulse	55	12290000	34107	NA
304	Pulse	55	12300000	3510	NA
304	Pulse	55	12310000	13510	NA
304	Pulse	55	12320000	23510	NA
304	Pulse	55	12330000	33510	NA
305	Pulse	55	12340000	2914	NA
305	Pulse	55	12350000	12914	NA
305	Pulse	55	12360000	22914	NA
305	Pulse	55	12370000	32914	NA
306	Pulse	55	12380000	2317	NA
306	Pulse	55	12390000	12317	NA
306	Pulse	55	12400000	22317	NA
306	Pulse	55	12410000	32317	NA
307	Pulse	55	12420000	1720	NA
307	Pulse	55	12430000	11720	NA
307	Pulse	55	12440000	21720	NA
307	Pulse	55	12450000	31720	NA
308	Pulse	55	12460000	1040	NA
308	Pulse	55	12470000	11040	NA
308	Pulse	55	12480000	21040	NA
308	Pulse	55	12490000	31040	NA
309	Pulse	55	12500000	443	NA
309	Pulse	55	12510000	10443	NA
309	Pulse	55	12520000	20443	NA
309	Pulse	55	12530000	30443	NA
309	Pulse	55	12540000	40443	NA
310	Pulse	55	12550000	9763	NA
310	Pulse	55	12560000	19763	NA
310	Pulse	55	12570000	29763	NA
310	Pulse	55	12580000	39763	NA
311	Pulse	55	12590000	9166	NA
311	Pulse	55	12600000	19166	NA
311	Pulse	55	12610000	29166	NA
311	Pulse	55	12620000	39166	NA
312	Pulse	55	12630000	8486	NA
312	Pulse	55	12640000	18486	NA
312	Pulse	55	12650000	28486	NA
312	Pulse	55	12660000	38486	NA
313	Pulse	55	12670000	7889	NA
313	Pulse	55	12680000	17889	NA
313	Pulse	55	12690000	27889	NA
313	Pulse	55	12700000	37889	NA
314	Pulse	55	12710000	7293	NA
314	Pulse	55	12720000	17293	NA
314	Pulse	55	12730000	27293	NA
314	Pulse	55	12740000	37293	NA
315	Pulse	55	12750000	6696	NA
315	Pulse	55	12760000	16696	NA
315	Pulse	55	12770000	26696	NA
315	Pulse	55	12780000	36696	NA
316	Pulse	55	12790000	6099	NA
316	Pulse	55	12800000	16099	NA
316	Pulse	55	12810000	26099	NA
316	Pulse	55	12820000	36099	NA
317	Pulse	55	12830000	5419	NA
317	Pulse	55	12840000	15419	NA
317	Pulse	55	12850000	25419	NA
317	Pulse	55	12860000	35419	NA
318	Pulse	55	12870000	4739	NA
318	Pulse	55	12880000	14739	NA
318	Pulse	55	12890000	24739	NA
318	Pulse	55	12900000	34739	NA
319	Pulse	55	12910000	4142	NA
319	Pulse	55	12920000	14142	NA
319	Pulse	55	12930000	24142	NA
319	Pulse	55	12940000	34142	NA
320	Pulse	55	12950000	3545	NA
320	Pulse	55	12960000	13545	NA
320	Pulse	55	12970000	23545	NA
320	Pulse	55	12980000	33545	NA
321	Pulse	55	12990000	2948	NA
321	Pulse	55	13000000	12948	NA
321	Pulse	55	13010000	22948	NA
321	Pulse	55	13020000	32948	NA
322	Pulse	55	13030000	2352	NA
322	Pulse	55	13040000	12352	NA
322	Pulse	55	13050000	22352	NA
322	Pulse	55	13060000	32352	NA
323	Pulse	55	13070000	1755	NA
323	Pulse	55	13080000	11755	NA
323	Pulse	55	13090000	21755	NA
323	Pulse	55	13100000	31755	NA
324	Pulse	55	13110000	1158	NA
324	Pulse	55	13120000	11158	NA
324	Pulse	55	13130000	21158	NA
324	Pulse	55	13140000	31158	NA
325	Pulse	55	13150000	561	NA
325	Pulse	55	13160000	10561	NA
325	Pulse	55	13170000	20561	NA
325	Pulse	55	13180000	30561	NA
325	Pulse	55	13190000	40561	NA
326	Pulse	55	13200000	9964	NA
326	Pulse	55	13210000	19964	NA
326	Pulse	55	13220000	29964	NA
326	Pulse	55	13230000	39964	NA
327	Pulse	55	13240000	9368	NA
327	Pulse	55	13250000	19368	NA
327	Pulse	55	13260000	29368	NA
327	Pulse	55	13270000	39368	NA
328	Pulse	55	13280000	8771	NA
328	Pulse	55	13290000	18771	NA
328	Pulse	55	13300000	28771	NA
328	Pulse	55	13310000	38771	NA
329	Pulse	55	13320000	8174	NA
329	Pulse	55	13330000	18174	NA
329	Pulse	55	13340000	28174	NA
329	Response	1	13349342	37516	1
329	Pulse	55	13350000	38174	NA
330	Pulse	55	13360000	8077	NA
330	Pulse	55	13370000	18077	NA
331	Pulse	55	13380000	7987	NA
331	Pulse	55	13390000	17987	NA
331	Pulse	55	13400000	27987	NA
331	Pulse	55	13410000	37987	NA
331	Pulse	55	13420000	47987	NA
331	Pulse	55	13430000	57987	NA
331	Pulse	55	13440000	67987	NA
331	Pulse	55	13450000	77987	NA
331	Pulse	55	13460000	87987	NA
331	Pulse	55	13470000	97987	NA
331	Pulse	55	13480000	107987	NA
331	Pulse	55	13490000	117987	NA
331	Pulse	55	13500000	127987	NA
331	Pulse	55	13510000	137987	NA
331	Pulse	55	13520000	147987	NA
331	Pulse	55	13530000	157987	NA
331	Pulse	55	13540000	167987	NA
331	Pulse	55	13550000	177987	NA
331	Pulse	55	13560000	187987	NA
331	Pulse	55	13570000	197987	NA
331	Pulse	55	13580000	207987	NA
331	Pulse	55	13590000	217987	NA
331	Pulse	55	13600000	227987	NA
331	Pulse	55	13610000	237987	NA
331	Response	1	13616861	244849	1
331	Pulse	55	13620000	247987	NA
331	Pulse	55	13630000	257987	NA
332	Pulse	55	13640000	9902	NA
332	Pulse	55	13650000	19902	NA
332	Pulse	55	13660000	29902	NA
332	Pulse	55	13670000	39902	NA
332	Pulse	55	13680000	49902	NA
332	Pulse	55	13690000	59902	NA
332	Pulse	55	13700000	69902	NA
332	Pulse	55	13710000	79902	NA
332	Pulse	55	13720000	89902	NA
332	Pulse	55	13730000	99902	NA
332	Pulse	55	13740000	109902	NA
332	Pulse	55	13750000	119902	NA
332	Pulse	55	13760000	129902	NA
332	Pulse	55	13770000	139902	NA
332	Pulse	55	13780000	149902	NA
332	Pulse	55	13790000	159902	NA
332	Pulse	55	13800000	169902	NA
332	Pulse	55	13810000	179902	NA
332	Pulse	55	13820000	189902	NA
332	Pulse	55	13830000	199902	NA
332	Pulse	55	13840000	209902	NA
332	Pulse	55	13850000	219902	NA
332	Pulse	55	13860000	229902	NA
332	Pulse	55	13870000	239902	NA
332	Pulse	55	13880000	249902	NA
332	Pulse	55	13890000	259902	NA
332	Pulse	55	13900000	269902	NA
332	Pulse	55	13910000	279902	NA
332	Pulse	55	13920000	289902	NA
332	Pulse	55	13930000	299902	NA
332	Pulse	55	13940000	309902	NA
332	Pulse	55	13950000	319902	NA
332	Pulse	55	13960000	329902	NA
332	Pulse	55	13970000	339902	NA
332	Pulse	55	13980000	349902	NA
332	Pulse	55	13990000	359902	NA
332	Pulse	55	14000000	369902	NA
332	Pulse	55	14010000	379902	NA
332	Pulse	55	14020000	389902	NA
332	Pulse	55	14030000	399902	NA
332	Pulse	55	14040000	409902	NA
332	Pulse	55	14050000	419902	NA
332	Pulse	55	14060000	429902	NA
332	Pulse	55	14070000	439902	NA
332	Pulse	55	14080000	449902	NA
332	Pulse	55	14090000	459902	NA
332	Pulse	55	14100000	469902	NA
332	Pulse	55	14110000	479902	NA
332	Pulse	55	14120000	489902	NA
332	Pulse	55	14130000	499902	NA
332	Pulse	55	14140000	509902	NA
332	Pulse	55	14150000	519902	NA
332	Pulse	55	14160000	529902	NA
332	Pulse	55	14170000	539902	NA
332	Pulse	55	14180000	549902	NA
332	Pulse	55	14190000	559902	NA
332	Pulse	55	14200000	569902	NA
332	Pulse	55	14210000	579902	NA
332	Pulse	55	14220000	589902	NA
332	Pulse	55	14230000	599902	NA
332	Pulse	55	14240000	609902	NA
332	Pulse	55	14250000	619902	NA
332	Pulse	55	14260000	629902	NA
332	Pulse	55	14270000	639902	NA
332	Pulse	55	14280000	649902	NA
332	Pulse	55	14290000	659902	NA
332	Pulse	55	14300000	669902	NA
332	Pulse	55	14310000	679902	NA
332	Pulse	55	14320000	689902	NA
332	Pulse	55	14330000	699902	NA
332	Pulse	55	14340000	709902	NA
332	Pulse	55	14350000	719902	NA
332	Pulse	55	14360000	729902	NA
332	Pulse	55	14370000	739902	NA
332	Pulse	55	14380000	749902	NA
332	Pulse	55	14390000	759902	NA
332	Pulse	55	14400000	769902	NA
332	Pulse	55	14410000	779902	NA
332	Pulse	55	14420000	789902	NA
332	Pulse	55	14430000	799902	NA
332	Pulse	55	14440000	809902	NA
332	Pulse	55	14450000	819902	NA
332	Pulse	55	14460000	829902	NA
332	Pulse	55	14470000	839902	NA
332	Pulse	55	14480000	849902	NA
332	Pulse	55	14490000	859902	NA
332	Pulse	55	14500000	869902	NA
332	Pulse	55	14510000	879902	NA
332	Pulse	55	14520000	889902	NA
332	Pulse	55	14530000	899902	NA
332	Pulse	55	14540000	909902	NA
332	Pulse	55	14550000	919902	NA
332	Pulse	55	14560000	929902	NA
332	Pulse	55	14570000	939902	NA
332	Pulse	55	14580000	949902	NA
332	Pulse	55	14590000	959902	NA
332	Pulse	55	14600000	969902	NA
332	Pulse	55	14610000	979902	NA
332	Pulse	55	14620000	989902	NA
332	Pulse	55	14630000	999902	NA
332	Pulse	55	14640000	1009902	NA
332	Pulse	55	14650000	1019902	NA
332	Pulse	55	14660000	1029902	NA
332	Pulse	55	14670000	1039902	NA
332	Pulse	55	14680000	1049902	NA
332	Pulse	55	14690000	1059902	NA
332	Pulse	55	14700000	1069902	NA
332	Pulse	55	14710000	1079902	NA
332	Pulse	55	14720000	1089902	NA
332	Pulse	55	14730000	1099902	NA
332	Pulse	55	14740000	1109902	NA
332	Pulse	55	14750000	1119902	NA
332	Pulse	55	14760000	1129902	NA
332	Pulse	55	14770000	1139902	NA
332	Pulse	55	14780000	1149902	NA
332	Pulse	55	14790000	1159902	NA
332	Pulse	55	14800000	1169902	NA
332	Pulse	55	14810000	1179902	NA
332	Pulse	55	14820000	1189902	NA
332	Pulse	55	14830000	1199902	NA
332	Pulse	55	14840000	1209902	NA
332	Pulse	55	14850000	1219902	NA
332	Pulse	55	14860000	1229902	NA
332	Pulse	55	14870000	1239902	NA
332	Pulse	55	14880000	1249902	NA
332	Pulse	55	14890000	1259902	NA
332	Pulse	55	14900000	1269902	NA
332	Pulse	55	14910000	1279902	NA
332	Pulse	55	14920000	1289902	NA
332	Pulse	55	14930000	1299902	NA
332	Pulse	55	14940000	1309902	NA
332	Pulse	55	14950000	1319902	NA
332	Pulse	55	14960000	1329902	NA
332	Pulse	55	14970000	1339902	NA
332	Pulse	55	14980000	1349902	NA
332	Pulse	55	14990000	1359902	NA
332	Pulse	55	15000000	1369902	NA
332	Pulse	55	15010000	1379902	NA
332	Pulse	55	15020000	1389902	NA
332	Pulse	55	15030000	1399902	NA
332	Pulse	55	15040000	1409902	NA
332	Pulse	55	15050000	1419902	NA
332	Pulse	55	15060000	1429902	NA
332	Pulse	55	15070000	1439902	NA
332	Pulse	55	15080000	1449902	NA
332	Pulse	55	15090000	1459902	NA
332	Pulse	55	15100000	1469902	NA
332	Pulse	55	15110000	1479902	NA
332	Pulse	55	15120000	1489902	NA
332	Pulse	55	15130000	1499902	NA
332	Pulse	55	15140000	1509902	NA
332	Pulse	55	15150000	1519902	NA
332	Pulse	55	15160000	1529902	NA
332	Pulse	55	15170000	1539902	NA
332	Pulse	55	15180000	1549902	NA
332	Pulse	55	15190000	1559902	NA
332	Pulse	55	15200000	1569902	NA
332	Pulse	55	15210000	1579902	NA
332	Pulse	55	15220000	1589902	NA
332	Pulse	55	15230000	1599902	NA
332	Pulse	55	15240000	1609902	NA
332	Pulse	55	15250000	1619902	NA
332	Pulse	55	15260000	1629902	NA
332	Pulse	55	15270000	1639902	NA
332	Pulse	55	15280000	1649902	NA
332	Pulse	55	15290000	1659902	NA
332	Pulse	55	15300000	1669902	NA
332	Pulse	55	15310000	1679902	NA
332	Pulse	55	15320000	1689902	NA
332	Pulse	55	15330000	1699902	NA
332	Pulse	55	15340000	1709902	NA
332	Pulse	55	15350000	1719902	NA
332	Pulse	55	15360000	1729902	NA
332	Pulse	55	15370000	1739902	NA
332	Pulse	55	15380000	1749902	NA
332	Pulse	55	15390000	1759902	NA
332	Pulse	55	15400000	1769902	NA
332	Pulse	55	15410000	1779902	NA
332	Pulse	55	15420000	1789902	NA
332	Pulse	55	15430000	1799902	NA
332	Pulse	55	15440000	1809902	NA
332	Pulse	55	15450000	1819902	NA
332	Pulse	55	15460000	1829902	NA
332	Pulse	55	15470000	1839902	NA
332	Pulse	55	15480000	1849902	NA
332	Pulse	55	15490000	1859902	NA
332	Pulse	55	15500000	1869902	NA
332	Pulse	55	15510000	1879902	NA
332	Pulse	55	15520000	1889902	NA
332	Pulse	55	15530000	1899902	NA
332	Pulse	55	15540000	1909902	NA
332	Pulse	55	15550000	1919902	NA
332	Pulse	55	15560000	1929902	NA
332	Pulse	55	15570000	1939902	NA
332	Pulse	55	15580000	1949902	NA
332	Pulse	55	15590000	1959902	NA
332	Pulse	55	15600000	1969902	NA
332	Pulse	55	15610000	1979902	NA
332	Pulse	55	15620000	1989902	NA
332	Pulse	55	15630000	1999902	NA
332	Pulse	55	15640000	2009902	NA
332	Pulse	55	15650000	2019902	NA
332	Pulse	55	15660000	2029902	NA
332	Pulse	55	15670000	2039902	NA
332	Pulse	55	15680000	2049902	NA
332	Pulse	55	15690000	2059902	NA
332	Pulse	55	15700000	2069902	NA
332	Pulse	55	15710000	2079902	NA
332	Pulse	55	15720000	2089902	NA
332	Pulse	55	15730000	2099902	NA
332	Pulse	55	15740000	2109902	NA
332	Pulse	55	15750000	2119902	NA
332	Pulse	55	15760000	2129902	NA
332	Pulse	55	15770000	2139902	NA
332	Pulse	55	15780000	2149902	NA
332	Pulse	55	15790000	2159902	NA
332	Pulse	55	15800000	2169902	NA
332	Pulse	55	15810000	2179902	NA
332	Pulse	55	15820000	2189902	NA
332	Pulse	55	15830000	2199902	NA
332	Pulse	55	15840000	2209902	NA
332	Pulse	55	15850000	2219902	NA
332	Pulse	55	15860000	2229902	NA
332	Pulse	55	15870000	2239902	NA
332	Pulse	55	15880000	2249902	NA
332	Pulse	55	15890000	2259902	NA
332	Pulse	55	15900000	2269902	NA
332	Pulse	55	15910000	2279902	NA
332	Pulse	55	15920000	2289902	NA
332	Pulse	55	15930000	2299902	NA
332	Pulse	55	15940000	2309902	NA
332	Pulse	55	15950000	2319902	NA
332	Pulse	55	15960000	2329902	NA
332	Pulse	55	15970000	2339902	NA
332	Pulse	55	15980000	2349902	NA
332	Pulse	55	15990000	2359902	NA
332	Pulse	55	16000000	2369902	NA
332	Pulse	55	16010000	2379902	NA
332	Pulse	55	16020000	2389902	NA
332	Pulse	55	16030000	2399902	NA
332	Pulse	55	16040000	2409902	NA
332	Pulse	55	16050000	2419902	NA
332	Pulse	55	16060000	2429902	NA
332	Pulse	55	16070000	2439902	NA
332	Pulse	55	16080000	2449902	NA
332	Pulse	55	16090000	2459902	NA
332	Pulse	55	16100000	2469902	NA
332	Pulse	55	16110000	2479902	NA
332	Pulse	55	16120000	2489902	NA
332	Pulse	55	16130000	2499902	NA
332	Pulse	55	16140000	2509902	NA
332	Pulse	55	16150000	2519902	NA
332	Pulse	55	16160000	2529902	NA
332	Pulse	55	16170000	2539902	NA
332	Pulse	55	16180000	2549902	NA
332	Pulse	55	16190000	2559902	NA
332	Pulse	55	16200000	2569902	NA
332	Pulse	55	16210000	2579902	NA
332	Pulse	55	16220000	2589902	NA
332	Pulse	55	16230000	2599902	NA
332	Pulse	55	16240000	2609902	NA
332	Pulse	55	16250000	2619902	NA
332	Pulse	55	16260000	2629902	NA
332	Pulse	55	16270000	2639902	NA
332	Pulse	55	16280000	2649902	NA
332	Pulse	55	16290000	2659902	NA
332	Pulse	55	16300000	2669902	NA
332	Pulse	55	16310000	2679902	NA
332	Pulse	55	16320000	2689902	NA
332	Pulse	55	16330000	2699902	NA
332	Pulse	55	16340000	2709902	NA
332	Pulse	55	16350000	2719902	NA
332	Pulse	55	16360000	2729902	NA
332	Pulse	55	16370000	2739902	NA
332	Pulse	55	16380000	2749902	NA
332	Pulse	55	16390000	2759902	NA
332	Pulse	55	16400000	2769902	NA
332	Pulse	55	16410000	2779902	NA
332	Pulse	55	16420000	2789902	NA
332	Pulse	55	16430000	2799902	NA
332	Pulse	55	16440000	2809902	NA
332	Pulse	55	16450000	2819902	NA
332	Pulse	55	16460000	2829902	NA
332	Pulse	55	16470000	2839902	NA
332	Pulse	55	16480000	2849902	NA
332	Pulse	55	16490000	2859902	NA
332	Pulse	55	16500000	2869902	NA
332	Pulse	55	16510000	2879902	NA
332	Pulse	55	16520000	2889902	NA
332	Pulse	55	16530000	2899902	NA
332	Pulse	55	16540000	2909902	NA
332	Pulse	55	16550000	2919902	NA
332	Pulse	55	16560000	2929902	NA
332	Pulse	55	16570000	2939902	NA
332	Pulse	55	16580000	2949902	NA
332	Pulse	55	16590000	2959902	NA
332	Pulse	55	16600000	2969902	NA
332	Pulse	55	16610000	2979902	NA
332	Pulse	55	16620000	2989902	NA
332	Pulse	55	16630000	2999902	NA
332	Pulse	55	16640000	3009902	NA
332	Pulse	55	16650000	3019902	NA
332	Pulse	55	16660000	3029902	NA
332	Pulse	55	16670000	3039902	NA
332	Pulse	55	16680000	3049902	NA
332	Pulse	55	16690000	3059902	NA
332	Pulse	55	16700000	3069902	NA
332	Pulse	55	16710000	3079902	NA
332	Pulse	55	16720000	3089902	NA
332	Pulse	55	16730000	3099902	NA
332	Pulse	55	16740000	3109902	NA
332	Pulse	55	16750000	3119902	NA
332	Pulse	55	16760000	3129902	NA
332	Pulse	55	16770000	3139902	NA
332	Pulse	55	16780000	3149902	NA
332	Pulse	55	16790000	3159902	NA
332	Pulse	55	16800000	3169902	NA
332	Pulse	55	16810000	3179902	NA
332	Pulse	55	16820000	3189902	NA
332	Pulse	55	16830000	3199902	NA
332	Pulse	55	16840000	3209902	NA
332	Pulse	55	16850000	3219902	NA
332	Pulse	55	16860000	3229902	NA
332	Pulse	55	16870000	3239902	NA
332	Pulse	55	16880000	3249902	NA
332	Pulse	55	16890000	3259902	NA
332	Pulse	55	16900000	3269902	NA
332	Pulse	55	16910000	3279902	NA
332	Pulse	55	16920000	3289902	NA
332	Pulse	55	16930000	3299902	NA
332	Pulse	55	16940000	3309902	NA
332	Pulse	55	16950000	3319902	NA
332	Pulse	55	16960000	3329902	NA
332	Pulse	55	16970000	3339902	NA
332	Pulse	55	16980000	3349902	NA
332	Pulse	55	16990000	3359902	NA
332	Pulse	55	17000000	3369902	NA
332	Pulse	55	17010000	3379902	NA
332	Pulse	55	17020000	3389902	NA
332	Pulse	55	17030000	3399902	NA
332	Pulse	55	17040000	3409902	NA
332	Pulse	55	17050000	3419902	NA
332	Pulse	55	17060000	3429902	NA
332	Pulse	55	17070000	3439902	NA
332	Pulse	55	17080000	3449902	NA
332	Pulse	55	17090000	3459902	NA
332	Pulse	55	17100000	3469902	NA
332	Pulse	55	17110000	3479902	NA
332	Pulse	55	17120000	3489902	NA
332	Pulse	55	17130000	3499902	NA
332	Pulse	55	17140000	3509902	NA
332	Pulse	55	17150000	3519902	NA
332	Pulse	55	17160000	3529902	NA
332	Pulse	55	17170000	3539902	NA
332	Pulse	55	17180000	3549902	NA
332	Pulse	55	17190000	3559902	NA
332	Pulse	55	17200000	3569902	NA
332	Pulse	55	17210000	3579902	NA
332	Pulse	55	17220000	3589902	NA
332	Pulse	55	17230000	3599902	NA
332	Pulse	55	17240000	3609902	NA
332	Pulse	55	17250000	3619902	NA
332	Pulse	55	17260000	3629902	NA
332	Pulse	55	17270000	3639902	NA
332	Pulse	55	17280000	3649902	NA
332	Pulse	55	17290000	3659902	NA
332	Pulse	55	17300000	3669902	NA
332	Pulse	55	17310000	3679902	NA
332	Pulse	55	17320000	3689902	NA
332	Pulse	55	17330000	3699902	NA
332	Pulse	55	17340000	3709902	NA
332	Pulse	55	17350000	3719902	NA
332	Pulse	55	17360000	3729902	NA
332	Pulse	55	17370000	3739902	NA
332	Pulse	55	17380000	3749902	NA
332	Pulse	55	17390000	3759902	NA
332	Pulse	55	17400000	3769902	NA
332	Pulse	55	17410000	3779902	NA
332	Pulse	55	17420000	3789902	NA
332	Pulse	55	17430000	3799902	NA
332	Pulse	55	17440000	3809902	NA
332	Pulse	55	17450000	3819902	NA
332	Pulse	55	17460000	3829902	NA
332	Pulse	55	17470000	3839902	NA
332	Pulse	55	17480000	3849902	NA
332	Pulse	55	17490000	3859902	NA
332	Pulse	55	17500000	3869902	NA
332	Pulse	55	17510000	3879902	NA
332	Pulse	55	17520000	3889902	NA
332	Pulse	55	17530000	3899902	NA
332	Pulse	55	17540000	3909902	NA
332	Pulse	55	17550000	3919902	NA
332	Pulse	55	17560000	3929902	NA
332	Pulse	55	17570000	3939902	NA
332	Pulse	55	17580000	3949902	NA
332	Pulse	55	17590000	3959902	NA
332	Pulse	55	17600000	3969902	NA
332	Pulse	55	17610000	3979902	NA
332	Pulse	55	17620000	3989902	NA
332	Pulse	55	17630000	3999902	NA
332	Pulse	55	17640000	4009902	NA
332	Pulse	55	17650000	4019902	NA
332	Pulse	55	17660000	4029902	NA
332	Pulse	55	17670000	4039902	NA
332	Pulse	55	17680000	4049902	NA
332	Pulse	55	17690000	4059902	NA
332	Pulse	55	17700000	4069902	NA
332	Pulse	55	17710000	4079902	NA
332	Pulse	55	17720000	4089902	NA
332	Pulse	55	17730000	4099902	NA
332	Pulse	55	17740000	4109902	NA
332	Pulse	55	17750000	4119902	NA
332	Pulse	55	17760000	4129902	NA
332	Pulse	55	17770000	4139902	NA
332	Pulse	55	17780000	4149902	NA
332	Pulse	55	17790000	4159902	NA
332	Pulse	55	17800000	4169902	NA
332	Pulse	55	17810000	4179902	NA
332	Pulse	55	17820000	4189902	NA
332	Pulse	55	17830000	4199902	NA
332	Pulse	55	17840000	4209902	NA
332	Pulse	55	17850000	4219902	NA
332	Pulse	55	17860000	4229902	NA
332	Pulse	55	17870000	4239902	NA
332	Pulse	55	17880000	4249902	NA
332	Pulse	55	17890000	4259902	NA
332	Pulse	55	17900000	4269902	NA
332	Pulse	55	17910000	4279902	NA
332	Pulse	55	17920000	4289902	NA
332	Pulse	55	17930000	4299902	NA
332	Pulse	55	17940000	4309902	NA
332	Pulse	55	17950000	4319902	NA
332	Pulse	55	17960000	4329902	NA
332	Pulse	55	17970000	4339902	NA
332	Pulse	55	17980000	4349902	NA
332	Pulse	55	17990000	4359902	NA
332	Pulse	55	18000000	4369902	NA
332	Pulse	55	18010000	4379902	NA
332	Pulse	55	18020000	4389902	NA
332	Pulse	55	18030000	4399902	NA
332	Pulse	55	18040000	4409902	NA
332	Pulse	55	18050000	4419902	NA
332	Pulse	55	18060000	4429902	NA
332	Pulse	55	18070000	4439902	NA
332	Pulse	55	18080000	4449902	NA
332	Pulse	55	18090000	4459902	NA
332	Pulse	55	18100000	4469902	NA
332	Pulse	55	18110000	4479902	NA
332	Pulse	55	18120000	4489902	NA
332	Pulse	55	18130000	4499902	NA
332	Pulse	55	18140000	4509902	NA
332	Pulse	55	18150000	4519902	NA
332	Pulse	55	18160000	4529902	NA
332	Pulse	55	18170000	4539902	NA
332	Pulse	55	18180000	4549902	NA
332	Pulse	55	18190000	4559902	NA
332	Pulse	55	18200000	4569902	NA
332	Pulse	55	18210000	4579902	NA
332	Pulse	55	18220000	4589902	NA
332	Pulse	55	18230000	4599902	NA
332	Pulse	55	18240000	4609902	NA
332	Pulse	55	18250000	4619902	NA
332	Pulse	55	18260000	4629902	NA
332	Pulse	55	18270000	4639902	NA
332	Pulse	55	18280000	4649902	NA
332	Pulse	55	18290000	4659902	NA
332	Pulse	55	18300000	4669902	NA
332	Pulse	55	18310000	4679902	NA
332	Pulse	55	18320000	4689902	NA
332	Pulse	55	18330000	4699902	NA
332	Pulse	55	18340000	4709902	NA
332	Pulse	55	18350000	4719902	NA
332	Pulse	55	18360000	4729902	NA
332	Pulse	55	18370000	4739902	NA
332	Pulse	55	18380000	4749902	NA
332	Pulse	55	18390000	4759902	NA
332	Pulse	55	18400000	4769902	NA
332	Pulse	55	18410000	4779902	NA
332	Pulse	55	18420000	4789902	NA
332	Pulse	55	18430000	4799902	NA
332	Pulse	55	18440000	4809902	NA
332	Pulse	55	18450000	4819902	NA
332	Pulse	55	18460000	4829902	NA
332	Pulse	55	18470000	4839902	NA
332	Pulse	55	18480000	4849902	NA
332	Pulse	55	18490000	4859902	NA
332	Pulse	55	18500000	4869902	NA
332	Pulse	55	18510000	4879902	NA
332	Pulse	55	18520000	4889902	NA
332	Pulse	55	18530000	4899902	NA
332	Pulse	55	18540000	4909902	NA
332	Pulse	55	18550000	4919902	NA
332	Pulse	55	18560000	4929902	NA
332	Response	1	18561269	4931171	1
333	Pulse	55	18570000	8685	NA
333	Pulse	55	18580000	18685	NA
333	Pulse	55	18590000	28685	NA
333	Pulse	55	18600000	38685	NA
333	Pulse	55	18610000	48685	NA
333	Pulse	55	18620000	58685	NA
333	Pulse	55	18630000	68685	NA
333	Pulse	55	18640000	78685	NA
333	Pulse	55	18650000	88685	NA
333	Pulse	55	18660000	98685	NA
333	Pulse	55	18670000	108685	NA
333	Pulse	55	18680000	118685	NA
333	Pulse	55	18690000	128685	NA
333	Pulse	55	18700000	138685	NA
333	Pulse	55	18710000	148685	NA
333	Pulse	55	18720000	158685	NA
333	Pulse	55	18730000	168685	NA
333	Pulse	55	18740000	178685	NA
333	Pulse	55	18750000	188685	NA
333	Pulse	55	18760000	198685	NA
333	Pulse	55	18770000	208685	NA
333	Pulse	55	18780000	218685	NA
333	Pulse	55	18790000	228685	NA
333	Pulse	55	18800000	238685	NA
333	Pulse	55	18810000	248685	NA
333	Pulse	55	18820000	258685	NA
333	Pulse	55	18830000	268685	NA
333	Pulse	55	18840000	278685	NA
333	Pulse	55	18850000	288685	NA
333	Pulse	55	18860000	298685	NA
333	Pulse	55	18870000	308685	NA
333	Pulse	55	18880000	318685	NA
333	Pulse	55	18890000	328685	NA
333	Pulse	55	18900000	338685	NA
333	Pulse	55	18910000	348685	NA
333	Pulse	55	18920000	358685	NA
333	Pulse	55	18930000	368685	NA
333	Pulse	55	18940000	378685	NA
333	Pulse	55	18950000	388685	NA
333	Pulse	55	18960000	398685	NA
333	Pulse	55	18970000	408685	NA
333	Pulse	55	18980000	418685	NA
333	Pulse	55	18990000	428685	NA
333	Pulse	55	19000000	438685	NA
333	Pulse	55	19010000	448685	NA
333	Pulse	55	19020000	458685	NA
333	Pulse	55	19030000	468685	NA
333	Pulse	55	19040000	478685	NA
333	Pulse	55	19050000	488685	NA
333	Pulse	55	19060000	498685	NA
333	Pulse	55	19070000	508685	NA
333	Pulse	55	19080000	518685	NA
333	Pulse	55	19090000	528685	NA
333	Pulse	55	19100000	538685	NA
333	Pulse	55	19110000	548685	NA
333	Pulse	55	19120000	558685	NA
333	Pulse	55	19130000	568685	NA
333	Pulse	55	19140000	578685	NA
333	Pulse	55	19150000	588685	NA
333	Pulse	55	19160000	598685	NA
333	Pulse	55	19170000	608685	NA
333	Pulse	55	19180000	618685	NA
333	Pulse	55	19190000	628685	NA
333	Pulse	55	19200000	638685	NA
333	Pulse	55	19210000	648685	NA
333	Pulse	55	19220000	658685	NA
333	Pulse	55	19230000	668685	NA
333	Pulse	55	19240000	678685	NA
333	Pulse	55	19250000	688685	NA
333	Pulse	55	19260000	698685	NA
333	Pulse	55	19270000	708685	NA
333	Pulse	55	19280000	718685	NA
333	Pulse	55	19290000	728685	NA
333	Pulse	55	19300000	738685	NA
333	Pulse	55	19310000	748685	NA
333	Pulse	55	19320000	758685	NA
333	Pulse	55	19330000	768685	NA
333	Pulse	55	19340000	778685	NA
333	Pulse	55	19350000	788685	NA
333	Pulse	55	19360000	798685	NA
333	Pulse	55	19370000	808685	NA
333	Pulse	55	19380000	818685	NA
333	Pulse	55	19390000	828685	NA
333	Pulse	55	19400000	838685	NA
333	Pulse	55	19410000	848685	NA
333	Pulse	55	19420000	858685	NA
333	Pulse	55	19430000	868685	NA
333	Pulse	55	19440000	878685	NA
333	Pulse	55	19450000	888685	NA
333	Pulse	55	19460000	898685	NA
333	Pulse	55	19470000	908685	NA
333	Pulse	55	19480000	918685	NA
333	Pulse	55	19490000	928685	NA
333	Pulse	55	19500000	938685	NA
333	Pulse	55	19510000	948685	NA
333	Pulse	55	19520000	958685	NA
333	Pulse	55	19530000	968685	NA
333	Pulse	55	19540000	978685	NA
333	Response	1	19547028	985713	1
