Scenario - Slideshow_D2.sce
Logfile written - 09/10/2021 13:02:55

Trial	Event Type	Code	Time	TTime	Uncertainty	Duration	Uncertainty	ReqTime	ReqDur	Stim Type	Pair Index

0	Pulse	55	0	0	NA
1	Pulse	55	10000	9417	NA
1	Pulse	55	20000	19417	NA
1	Pulse	55	30000	29417	NA
1	Pulse	55	40000	39417	NA
2	Pulse	55	50000	8820	NA
2	Pulse	55	60000	18820	NA
2	Pulse	55	70000	28820	NA
2	Pulse	55	80000	38820	NA
3	Pulse	55	90000	8223	NA
3	Pulse	55	100000	18223	NA
3	Pulse	55	110000	28223	NA
3	Pulse	55	120000	38223	NA
4	Pulse	55	130000	7627	NA
4	Pulse	55	140000	17627	NA
4	Pulse	55	150000	27627	NA
4	Pulse	55	160000	37627	NA
5	Pulse	55	170000	7030	NA
5	Pulse	55	180000	17030	NA
5	Pulse	55	190000	27030	NA
5	Pulse	55	200000	37030	NA
6	Pulse	55	210000	6433	NA
6	Pulse	55	220000	16433	NA
6	Pulse	55	230000	26433	NA
6	Pulse	55	240000	36433	NA
7	Pulse	55	250000	5837	NA
7	Pulse	55	260000	15837	NA
7	Pulse	55	270000	25837	NA
7	Pulse	55	280000	35837	NA
8	Pulse	55	290000	5240	NA
8	Pulse	55	300000	15240	NA
8	Pulse	55	310000	25240	NA
8	Pulse	55	320000	35240	NA
9	Pulse	55	330000	4643	NA
9	Pulse	55	340000	14643	NA
9	Pulse	55	350000	24643	NA
9	Pulse	55	360000	34643	NA
10	Pulse	55	370000	4130	NA
10	Pulse	55	380000	14130	NA
10	Pulse	55	390000	24130	NA
10	Pulse	55	400000	34130	NA
11	Pulse	55	410000	3617	NA
11	Pulse	55	420000	13617	NA
11	Pulse	55	430000	23617	NA
11	Pulse	55	440000	33617	NA
12	Pulse	55	450000	3103	NA
12	Pulse	55	460000	13103	NA
12	Pulse	55	470000	23103	NA
12	Pulse	55	480000	33103	NA
13	Pulse	55	490000	2507	NA
13	Pulse	55	500000	12507	NA
13	Pulse	55	510000	22507	NA
13	Pulse	55	520000	32507	NA
14	Pulse	55	530000	1910	NA
14	Pulse	55	540000	11910	NA
14	Pulse	55	550000	21910	NA
14	Pulse	55	560000	31910	NA
15	Pulse	55	570000	1313	NA
15	Pulse	55	580000	11313	NA
15	Pulse	55	590000	21313	NA
15	Pulse	55	600000	31313	NA
16	Pulse	55	610000	716	NA
16	Pulse	55	620000	10716	NA
16	Pulse	55	630000	20716	NA
16	Pulse	55	640000	30716	NA
17	Pulse	55	650000	120	NA
17	Pulse	55	660000	10120	NA
17	Pulse	55	670000	20120	NA
17	Pulse	55	680000	30120	NA
17	Pulse	55	690000	40120	NA
18	Pulse	55	700000	9523	NA
18	Pulse	55	710000	19523	NA
18	Pulse	55	720000	29523	NA
18	Pulse	55	730000	39523	NA
19	Pulse	55	740000	8926	NA
19	Pulse	55	750000	18926	NA
19	Pulse	55	760000	28926	NA
19	Pulse	55	770000	38926	NA
20	Pulse	55	780000	8330	NA
20	Pulse	55	790000	18330	NA
20	Pulse	55	800000	28330	NA
20	Pulse	55	810000	38330	NA
21	Pulse	55	820000	7733	NA
21	Pulse	55	830000	17733	NA
21	Pulse	55	840000	27733	NA
21	Pulse	55	850000	37733	NA
22	Pulse	55	860000	7136	NA
22	Pulse	55	870000	17136	NA
22	Pulse	55	880000	27136	NA
22	Pulse	55	890000	37136	NA
23	Pulse	55	900000	6540	NA
23	Pulse	55	910000	16540	NA
23	Pulse	55	920000	26540	NA
23	Pulse	55	930000	36540	NA
24	Pulse	55	940000	5943	NA
24	Pulse	55	950000	15943	NA
24	Pulse	55	960000	25943	NA
24	Pulse	55	970000	35943	NA
25	Pulse	55	980000	5346	NA
25	Pulse	55	990000	15346	NA
25	Pulse	55	1000000	25346	NA
25	Pulse	55	1010000	35346	NA
26	Pulse	55	1020000	4750	NA
26	Pulse	55	1030000	14750	NA
26	Pulse	55	1040000	24750	NA
26	Pulse	55	1050000	34750	NA
27	Pulse	55	1060000	4153	NA
27	Pulse	55	1070000	14153	NA
27	Pulse	55	1080000	24153	NA
27	Pulse	55	1090000	34153	NA
28	Pulse	55	1100000	3556	NA
28	Pulse	55	1110000	13556	NA
28	Pulse	55	1120000	23556	NA
28	Pulse	55	1130000	33556	NA
29	Pulse	55	1140000	2876	NA
29	Pulse	55	1150000	12876	NA
29	Pulse	55	1160000	22876	NA
29	Pulse	55	1170000	32876	NA
30	Pulse	55	1180000	2196	NA
30	Pulse	55	1190000	12196	NA
30	Pulse	55	1200000	22196	NA
30	Pulse	55	1210000	32196	NA
31	Pulse	55	1220000	1516	NA
31	Pulse	55	1230000	11516	NA
31	Pulse	55	1240000	21516	NA
31	Pulse	55	1250000	31516	NA
32	Pulse	55	1260000	919	NA
32	Pulse	55	1270000	10919	NA
32	Pulse	55	1280000	20919	NA
32	Pulse	55	1290000	30919	NA
33	Pulse	55	1300000	323	NA
33	Pulse	55	1310000	10323	NA
33	Pulse	55	1320000	20323	NA
33	Pulse	55	1330000	30323	NA
33	Pulse	55	1340000	40323	NA
34	Pulse	55	1350000	9726	NA
34	Pulse	55	1360000	19726	NA
34	Pulse	55	1370000	29726	NA
34	Pulse	55	1380000	39726	NA
35	Pulse	55	1390000	9046	NA
35	Pulse	55	1400000	19046	NA
35	Pulse	55	1410000	29046	NA
35	Pulse	55	1420000	39046	NA
36	Pulse	55	1430000	8449	NA
36	Pulse	55	1440000	18449	NA
36	Pulse	55	1450000	28449	NA
36	Pulse	55	1460000	38449	NA
37	Pulse	55	1470000	7853	NA
37	Pulse	55	1480000	17853	NA
37	Pulse	55	1490000	27853	NA
37	Pulse	55	1500000	37853	NA
38	Pulse	55	1510000	7089	NA
38	Pulse	55	1520000	17089	NA
38	Pulse	55	1530000	27089	NA
38	Pulse	55	1540000	37089	NA
39	Pulse	55	1550000	6492	NA
39	Pulse	55	1560000	16492	NA
39	Pulse	55	1570000	26492	NA
39	Pulse	55	1580000	36492	NA
40	Pulse	55	1590000	5896	NA
40	Pulse	55	1600000	15896	NA
40	Pulse	55	1610000	25896	NA
40	Pulse	55	1620000	35896	NA
41	Pulse	55	1630000	5299	NA
41	Pulse	55	1640000	15299	NA
41	Pulse	55	1650000	25299	NA
41	Pulse	55	1660000	35299	NA
42	Pulse	55	1670000	4619	NA
42	Pulse	55	1680000	14619	NA
42	Pulse	55	1690000	24619	NA
42	Pulse	55	1700000	34619	NA
43	Pulse	55	1710000	4022	NA
43	Pulse	55	1720000	14022	NA
43	Pulse	55	1730000	24022	NA
43	Pulse	55	1740000	34022	NA
44	Pulse	55	1750000	3426	NA
44	Pulse	55	1760000	13426	NA
44	Pulse	55	1770000	23426	NA
44	Pulse	55	1780000	33426	NA
45	Pulse	55	1790000	2829	NA
45	Pulse	55	1800000	12829	NA
45	Pulse	55	1810000	22829	NA
45	Pulse	55	1820000	32829	NA
46	Pulse	55	1830000	2149	NA
46	Pulse	55	1840000	12149	NA
46	Pulse	55	1850000	22149	NA
46	Pulse	55	1860000	32149	NA
47	Pulse	55	1870000	1552	NA
47	Pulse	55	1880000	11552	NA
47	Pulse	55	1890000	21552	NA
47	Pulse	55	1900000	31552	NA
48	Pulse	55	1910000	956	NA
48	Pulse	55	1920000	10956	NA
48	Pulse	55	1930000	20956	NA
48	Pulse	55	1940000	30956	NA
49	Pulse	55	1950000	275	NA
49	Pulse	55	1960000	10275	NA
49	Pulse	55	1970000	20275	NA
49	Pulse	55	1980000	30275	NA
49	Pulse	55	1990000	40275	NA
50	Pulse	55	2000000	9679	NA
50	Pulse	55	2010000	19679	NA
50	Pulse	55	2020000	29679	NA
50	Pulse	55	2030000	39679	NA
51	Pulse	55	2040000	9082	NA
51	Pulse	55	2050000	19082	NA
51	Pulse	55	2060000	29082	NA
51	Pulse	55	2070000	39082	NA
52	Pulse	55	2080000	8485	NA
52	Pulse	55	2090000	18485	NA
52	Pulse	55	2100000	28485	NA
52	Pulse	55	2110000	38485	NA
53	Pulse	55	2120000	7805	NA
53	Pulse	55	2130000	17805	NA
53	Pulse	55	2140000	27805	NA
53	Pulse	55	2150000	37805	NA
54	Pulse	55	2160000	7209	NA
54	Pulse	55	2170000	17209	NA
54	Pulse	55	2180000	27209	NA
54	Pulse	55	2190000	37209	NA
55	Pulse	55	2200000	6612	NA
55	Pulse	55	2210000	16612	NA
55	Pulse	55	2220000	26612	NA
55	Pulse	55	2230000	36612	NA
56	Pulse	55	2240000	5932	NA
56	Pulse	55	2250000	15932	NA
56	Pulse	55	2260000	25932	NA
56	Pulse	55	2270000	35932	NA
57	Pulse	55	2280000	5335	NA
57	Pulse	55	2290000	15335	NA
57	Pulse	55	2300000	25335	NA
57	Pulse	55	2310000	35335	NA
58	Pulse	55	2320000	4739	NA
58	Pulse	55	2330000	14739	NA
58	Pulse	55	2340000	24739	NA
58	Pulse	55	2350000	34739	NA
59	Pulse	55	2360000	4142	NA
59	Pulse	55	2370000	14142	NA
59	Pulse	55	2380000	24142	NA
59	Pulse	55	2390000	34142	NA
60	Pulse	55	2400000	3545	NA
60	Pulse	55	2410000	13545	NA
60	Pulse	55	2420000	23545	NA
60	Pulse	55	2430000	33545	NA
61	Pulse	55	2440000	2865	NA
61	Pulse	55	2450000	12865	NA
61	Pulse	55	2460000	22865	NA
61	Pulse	55	2470000	32865	NA
62	Pulse	55	2480000	2268	NA
62	Pulse	55	2490000	12268	NA
62	Pulse	55	2500000	22268	NA
62	Pulse	55	2510000	32268	NA
63	Pulse	55	2520000	1588	NA
63	Pulse	55	2530000	11588	NA
63	Pulse	55	2540000	21588	NA
63	Pulse	55	2550000	31588	NA
64	Pulse	55	2560000	992	NA
64	Pulse	55	2570000	10992	NA
64	Pulse	55	2580000	20992	NA
64	Pulse	55	2590000	30992	NA
65	Pulse	55	2600000	312	NA
65	Pulse	55	2610000	10312	NA
65	Pulse	55	2620000	20312	NA
65	Pulse	55	2630000	30312	NA
65	Pulse	55	2640000	40312	NA
66	Pulse	55	2650000	9715	NA
66	Pulse	55	2660000	19715	NA
66	Pulse	55	2670000	29715	NA
66	Pulse	55	2680000	39715	NA
67	Pulse	55	2690000	9035	NA
67	Pulse	55	2700000	19035	NA
67	Pulse	55	2710000	29035	NA
67	Pulse	55	2720000	39035	NA
68	Pulse	55	2730000	8438	NA
68	Pulse	55	2740000	18438	NA
68	Pulse	55	2750000	28438	NA
68	Pulse	55	2760000	38438	NA
69	Pulse	55	2770000	7842	NA
69	Pulse	55	2780000	17842	NA
69	Pulse	55	2790000	27842	NA
69	Pulse	55	2800000	37842	NA
70	Pulse	55	2810000	7245	NA
70	Pulse	55	2820000	17245	NA
70	Pulse	55	2830000	27245	NA
70	Pulse	55	2840000	37245	NA
71	Pulse	55	2850000	6648	NA
71	Pulse	55	2860000	16648	NA
71	Pulse	55	2870000	26648	NA
71	Pulse	55	2880000	36648	NA
72	Pulse	55	2890000	6052	NA
72	Pulse	55	2900000	16052	NA
72	Pulse	55	2910000	26052	NA
72	Pulse	55	2920000	36052	NA
73	Pulse	55	2930000	5372	NA
73	Pulse	55	2940000	15372	NA
73	Pulse	55	2950000	25372	NA
73	Pulse	55	2960000	35372	NA
74	Pulse	55	2970000	4775	NA
74	Pulse	55	2980000	14775	NA
74	Pulse	55	2990000	24775	NA
74	Pulse	55	3000000	34775	NA
75	Pulse	55	3010000	4178	NA
75	Pulse	55	3020000	14178	NA
75	Pulse	55	3030000	24178	NA
75	Pulse	55	3040000	34178	NA
76	Pulse	55	3050000	3581	NA
76	Pulse	55	3060000	13581	NA
76	Pulse	55	3070000	23581	NA
76	Pulse	55	3080000	33581	NA
77	Pulse	55	3090000	2985	NA
77	Pulse	55	3100000	12985	NA
77	Pulse	55	3110000	22985	NA
77	Pulse	55	3120000	32985	NA
78	Pulse	55	3130000	2388	NA
78	Pulse	55	3140000	12388	NA
78	Pulse	55	3150000	22388	NA
78	Pulse	55	3160000	32388	NA
79	Pulse	55	3170000	1791	NA
79	Pulse	55	3180000	11791	NA
79	Pulse	55	3190000	21791	NA
79	Pulse	55	3200000	31791	NA
80	Pulse	55	3210000	1195	NA
80	Pulse	55	3220000	11195	NA
80	Pulse	55	3230000	21195	NA
80	Pulse	55	3240000	31195	NA
81	Pulse	55	3250000	598	NA
81	Pulse	55	3260000	10598	NA
81	Pulse	55	3270000	20598	NA
81	Pulse	55	3280000	30598	NA
81	Pulse	55	3290000	40598	NA
82	Pulse	55	3300000	9918	NA
82	Pulse	55	3310000	19918	NA
82	Pulse	55	3320000	29918	NA
82	Pulse	55	3330000	39918	NA
83	Pulse	55	3340000	9321	NA
83	Pulse	55	3350000	19321	NA
83	Pulse	55	3360000	29321	NA
83	Pulse	55	3370000	39321	NA
84	Pulse	55	3380000	8725	NA
84	Pulse	55	3390000	18725	NA
84	Pulse	55	3400000	28725	NA
84	Pulse	55	3410000	38725	NA
85	Pulse	55	3420000	8128	NA
85	Pulse	55	3430000	18128	NA
85	Pulse	55	3440000	28128	NA
85	Pulse	55	3450000	38128	NA
86	Pulse	55	3460000	7531	NA
86	Pulse	55	3470000	17531	NA
86	Pulse	55	3480000	27531	NA
86	Pulse	55	3490000	37531	NA
87	Pulse	55	3500000	6934	NA
87	Pulse	55	3510000	16934	NA
87	Pulse	55	3520000	26934	NA
87	Pulse	55	3530000	36934	NA
88	Pulse	55	3540000	6338	NA
88	Pulse	55	3550000	16338	NA
88	Pulse	55	3560000	26338	NA
88	Pulse	55	3570000	36338	NA
89	Pulse	55	3580000	5741	NA
89	Pulse	55	3590000	15741	NA
89	Pulse	55	3600000	25741	NA
89	Pulse	55	3610000	35741	NA
90	Pulse	55	3620000	5061	NA
90	Pulse	55	3630000	15061	NA
90	Pulse	55	3640000	25061	NA
90	Pulse	55	3650000	35061	NA
91	Pulse	55	3660000	4464	NA
91	Pulse	55	3670000	14464	NA
91	Pulse	55	3680000	24464	NA
91	Pulse	55	3690000	34464	NA
92	Pulse	55	3700000	3868	NA
92	Pulse	55	3710000	13868	NA
92	Pulse	55	3720000	23868	NA
92	Pulse	55	3730000	33868	NA
93	Pulse	55	3740000	3271	NA
93	Pulse	55	3750000	13271	NA
93	Pulse	55	3760000	23271	NA
93	Pulse	55	3770000	33271	NA
94	Pulse	55	3780000	2674	NA
94	Pulse	55	3790000	12674	NA
94	Pulse	55	3800000	22674	NA
94	Pulse	55	3810000	32674	NA
95	Pulse	55	3820000	2078	NA
95	Pulse	55	3830000	12078	NA
95	Pulse	55	3840000	22078	NA
95	Pulse	55	3850000	32078	NA
96	Pulse	55	3860000	1481	NA
96	Pulse	55	3870000	11481	NA
96	Pulse	55	3880000	21481	NA
96	Pulse	55	3890000	31481	NA
97	Pulse	55	3900000	884	NA
97	Pulse	55	3910000	10884	NA
97	Pulse	55	3920000	20884	NA
97	Pulse	55	3930000	30884	NA
98	Pulse	55	3940000	204	NA
98	Pulse	55	3950000	10204	NA
98	Pulse	55	3960000	20204	NA
98	Pulse	55	3970000	30204	NA
98	Pulse	55	3980000	40204	NA
99	Pulse	55	3990000	9608	NA
99	Pulse	55	4000000	19608	NA
99	Pulse	55	4010000	29608	NA
99	Pulse	55	4020000	39608	NA
100	Pulse	55	4030000	9011	NA
100	Pulse	55	4040000	19011	NA
100	Pulse	55	4050000	29011	NA
100	Pulse	55	4060000	39011	NA
101	Pulse	55	4070000	8414	NA
101	Pulse	55	4080000	18414	NA
101	Pulse	55	4090000	28414	NA
101	Pulse	55	4100000	38414	NA
102	Pulse	55	4110000	7818	NA
102	Pulse	55	4120000	17818	NA
102	Pulse	55	4130000	27818	NA
102	Pulse	55	4140000	37818	NA
103	Pulse	55	4150000	7221	NA
103	Pulse	55	4160000	17221	NA
103	Pulse	55	4170000	27221	NA
103	Pulse	55	4180000	37221	NA
104	Pulse	55	4190000	6624	NA
104	Pulse	55	4200000	16624	NA
104	Pulse	55	4210000	26624	NA
104	Pulse	55	4220000	36624	NA
105	Pulse	55	4230000	6027	NA
105	Pulse	55	4240000	16027	NA
105	Pulse	55	4250000	26027	NA
105	Pulse	55	4260000	36027	NA
106	Pulse	55	4270000	5431	NA
106	Pulse	55	4280000	15431	NA
106	Pulse	55	4290000	25431	NA
106	Pulse	55	4300000	35431	NA
107	Pulse	55	4310000	4917	NA
107	Pulse	55	4320000	14917	NA
107	Pulse	55	4330000	24917	NA
107	Pulse	55	4340000	34917	NA
108	Pulse	55	4350000	4404	NA
108	Pulse	55	4360000	14404	NA
108	Pulse	55	4370000	24404	NA
108	Pulse	55	4380000	34404	NA
109	Pulse	55	4390000	3807	NA
109	Pulse	55	4400000	13807	NA
109	Pulse	55	4410000	23807	NA
109	Pulse	55	4420000	33807	NA
110	Pulse	55	4430000	3211	NA
110	Pulse	55	4440000	13211	NA
110	Pulse	55	4450000	23211	NA
110	Pulse	55	4460000	33211	NA
111	Pulse	55	4470000	2614	NA
111	Pulse	55	4480000	12614	NA
111	Pulse	55	4490000	22614	NA
111	Pulse	55	4500000	32614	NA
112	Pulse	55	4510000	2017	NA
112	Pulse	55	4520000	12017	NA
112	Pulse	55	4530000	22017	NA
112	Pulse	55	4540000	32017	NA
113	Pulse	55	4550000	1421	NA
113	Pulse	55	4560000	11421	NA
113	Pulse	55	4570000	21421	NA
113	Pulse	55	4580000	31421	NA
114	Pulse	55	4590000	824	NA
114	Pulse	55	4600000	10824	NA
114	Pulse	55	4610000	20824	NA
114	Pulse	55	4620000	30824	NA
115	Pulse	55	4630000	311	NA
115	Pulse	55	4640000	10311	NA
115	Pulse	55	4650000	20311	NA
115	Pulse	55	4660000	30311	NA
115	Pulse	55	4670000	40311	NA
116	Pulse	55	4680000	9714	NA
116	Pulse	55	4690000	19714	NA
116	Pulse	55	4700000	29714	NA
116	Pulse	55	4710000	39714	NA
117	Pulse	55	4720000	9117	NA
117	Pulse	55	4730000	19117	NA
117	Pulse	55	4740000	29117	NA
117	Pulse	55	4750000	39117	NA
118	Pulse	55	4760000	8604	NA
118	Pulse	55	4770000	18604	NA
118	Pulse	55	4780000	28604	NA
118	Pulse	55	4790000	38604	NA
119	Pulse	55	4800000	8091	NA
119	Pulse	55	4810000	18091	NA
119	Pulse	55	4820000	28091	NA
119	Pulse	55	4830000	38091	NA
120	Pulse	55	4840000	7494	NA
120	Pulse	55	4850000	17494	NA
120	Pulse	55	4860000	27494	NA
120	Pulse	55	4870000	37494	NA
121	Pulse	55	4880000	6981	NA
121	Pulse	55	4890000	16981	NA
121	Pulse	55	4900000	26981	NA
121	Pulse	55	4910000	36981	NA
122	Pulse	55	4920000	6384	NA
122	Pulse	55	4930000	16384	NA
122	Pulse	55	4940000	26384	NA
122	Pulse	55	4950000	36384	NA
123	Pulse	55	4960000	5871	NA
123	Pulse	55	4970000	15871	NA
123	Pulse	55	4980000	25871	NA
123	Pulse	55	4990000	35871	NA
124	Pulse	55	5000000	5357	NA
124	Pulse	55	5010000	15357	NA
124	Pulse	55	5020000	25357	NA
124	Pulse	55	5030000	35357	NA
125	Pulse	55	5040000	4844	NA
125	Pulse	55	5050000	14844	NA
125	Pulse	55	5060000	24844	NA
125	Pulse	55	5070000	34844	NA
126	Pulse	55	5080000	4247	NA
126	Pulse	55	5090000	14247	NA
126	Pulse	55	5100000	24247	NA
126	Pulse	55	5110000	34247	NA
127	Pulse	55	5120000	3651	NA
127	Pulse	55	5130000	13651	NA
127	Pulse	55	5140000	23651	NA
127	Pulse	55	5150000	33651	NA
128	Pulse	55	5160000	3054	NA
128	Pulse	55	5170000	13054	NA
128	Pulse	55	5180000	23054	NA
128	Pulse	55	5190000	33054	NA
129	Pulse	55	5200000	2457	NA
129	Pulse	55	5210000	12457	NA
129	Pulse	55	5220000	22457	NA
129	Pulse	55	5230000	32457	NA
130	Pulse	55	5240000	1861	NA
130	Pulse	55	5250000	11861	NA
130	Pulse	55	5260000	21861	NA
130	Pulse	55	5270000	31861	NA
131	Pulse	55	5280000	1264	NA
131	Pulse	55	5290000	11264	NA
131	Pulse	55	5300000	21264	NA
131	Pulse	55	5310000	31264	NA
132	Pulse	55	5320000	751	NA
132	Pulse	55	5330000	10751	NA
132	Pulse	55	5340000	20751	NA
132	Pulse	55	5350000	30751	NA
133	Pulse	55	5360000	154	NA
133	Pulse	55	5370000	10154	NA
133	Pulse	55	5380000	20154	NA
133	Pulse	55	5390000	30154	NA
133	Pulse	55	5400000	40154	NA
134	Pulse	55	5410000	9557	NA
134	Pulse	55	5420000	19557	NA
134	Pulse	55	5430000	29557	NA
134	Pulse	55	5440000	39557	NA
135	Pulse	55	5450000	8961	NA
135	Pulse	55	5460000	18961	NA
135	Pulse	55	5470000	28961	NA
135	Pulse	55	5480000	38961	NA
136	Pulse	55	5490000	8364	NA
136	Pulse	55	5500000	18364	NA
136	Pulse	55	5510000	28364	NA
136	Pulse	55	5520000	38364	NA
137	Pulse	55	5530000	7767	NA
137	Pulse	55	5540000	17767	NA
137	Pulse	55	5550000	27767	NA
137	Pulse	55	5560000	37767	NA
138	Pulse	55	5570000	7254	NA
138	Pulse	55	5580000	17254	NA
138	Pulse	55	5590000	27254	NA
138	Pulse	55	5600000	37254	NA
139	Pulse	55	5610000	6657	NA
139	Pulse	55	5620000	16657	NA
139	Pulse	55	5630000	26657	NA
139	Pulse	55	5640000	36657	NA
140	Pulse	55	5650000	6060	NA
140	Pulse	55	5660000	16060	NA
140	Pulse	55	5670000	26060	NA
140	Pulse	55	5680000	36060	NA
141	Pulse	55	5690000	5547	NA
141	Pulse	55	5700000	15547	NA
141	Pulse	55	5710000	25547	NA
141	Pulse	55	5720000	35547	NA
142	Pulse	55	5730000	4950	NA
142	Pulse	55	5740000	14950	NA
142	Pulse	55	5750000	24950	NA
142	Pulse	55	5760000	34950	NA
143	Pulse	55	5770000	4354	NA
143	Pulse	55	5780000	14354	NA
143	Pulse	55	5790000	24354	NA
143	Pulse	55	5800000	34354	NA
144	Pulse	55	5810000	3840	NA
144	Pulse	55	5820000	13840	NA
144	Pulse	55	5830000	23840	NA
144	Pulse	55	5840000	33840	NA
145	Pulse	55	5850000	3327	NA
145	Pulse	55	5860000	13327	NA
145	Pulse	55	5870000	23327	NA
145	Pulse	55	5880000	33327	NA
146	Pulse	55	5890000	2730	NA
146	Pulse	55	5900000	12730	NA
146	Pulse	55	5910000	22730	NA
146	Pulse	55	5920000	32730	NA
147	Pulse	55	5930000	2134	NA
147	Pulse	55	5940000	12134	NA
147	Pulse	55	5950000	22134	NA
147	Pulse	55	5960000	32134	NA
148	Pulse	55	5970000	1537	NA
148	Pulse	55	5980000	11537	NA
148	Pulse	55	5990000	21537	NA
148	Pulse	55	6000000	31537	NA
149	Pulse	55	6010000	940	NA
149	Pulse	55	6020000	10940	NA
149	Pulse	55	6030000	20940	NA
149	Pulse	55	6040000	30940	NA
150	Pulse	55	6050000	344	NA
150	Pulse	55	6060000	10344	NA
150	Pulse	55	6070000	20344	NA
150	Pulse	55	6080000	30344	NA
150	Pulse	55	6090000	40344	NA
151	Pulse	55	6100000	9747	NA
151	Pulse	55	6110000	19747	NA
151	Pulse	55	6120000	29747	NA
151	Pulse	55	6130000	39747	NA
152	Pulse	55	6140000	9150	NA
152	Pulse	55	6150000	19150	NA
152	Pulse	55	6160000	29150	NA
152	Pulse	55	6170000	39150	NA
153	Pulse	55	6180000	8637	NA
153	Pulse	55	6190000	18637	NA
153	Pulse	55	6200000	28637	NA
153	Pulse	55	6210000	38637	NA
154	Pulse	55	6220000	8124	NA
154	Pulse	55	6230000	18124	NA
154	Pulse	55	6240000	28124	NA
154	Pulse	55	6250000	38124	NA
155	Pulse	55	6260000	7694	NA
155	Pulse	55	6270000	17694	NA
155	Pulse	55	6280000	27694	NA
155	Pulse	55	6290000	37694	NA
156	Pulse	55	6300000	7180	NA
156	Pulse	55	6310000	17180	NA
156	Pulse	55	6320000	27180	NA
156	Pulse	55	6330000	37180	NA
157	Pulse	55	6340000	6667	NA
157	Pulse	55	6350000	16667	NA
157	Pulse	55	6360000	26667	NA
157	Pulse	55	6370000	36667	NA
158	Pulse	55	6380000	6154	NA
158	Pulse	55	6390000	16154	NA
158	Pulse	55	6400000	26154	NA
158	Pulse	55	6410000	36154	NA
159	Pulse	55	6420000	5557	NA
159	Pulse	55	6430000	15557	NA
159	Pulse	55	6440000	25557	NA
159	Pulse	55	6450000	35557	NA
160	Pulse	55	6460000	4960	NA
160	Pulse	55	6470000	14960	NA
160	Pulse	55	6480000	24960	NA
160	Pulse	55	6490000	34960	NA
161	Pulse	55	6500000	4364	NA
161	Pulse	55	6510000	14364	NA
161	Pulse	55	6520000	24364	NA
161	Pulse	55	6530000	34364	NA
162	Pulse	55	6540000	3850	NA
162	Pulse	55	6550000	13850	NA
162	Pulse	55	6560000	23850	NA
162	Pulse	55	6570000	33850	NA
163	Pulse	55	6580000	3254	NA
163	Pulse	55	6590000	13254	NA
163	Pulse	55	6600000	23254	NA
163	Pulse	55	6610000	33254	NA
164	Pulse	55	6620000	2657	NA
164	Pulse	55	6630000	12657	NA
164	Pulse	55	6640000	22657	NA
164	Pulse	55	6650000	32657	NA
165	Pulse	55	6660000	2060	NA
165	Pulse	55	6670000	12060	NA
165	Pulse	55	6680000	22060	NA
165	Pulse	55	6690000	32060	NA
166	Pulse	55	6700000	1464	NA
166	Pulse	55	6710000	11464	NA
166	Pulse	55	6720000	21464	NA
166	Pulse	55	6730000	31464	NA
167	Pulse	55	6740000	784	NA
167	Pulse	55	6750000	10784	NA
167	Pulse	55	6760000	20784	NA
167	Pulse	55	6770000	30784	NA
168	Pulse	55	6780000	187	NA
168	Pulse	55	6790000	10187	NA
168	Pulse	55	6800000	20187	NA
168	Pulse	55	6810000	30187	NA
168	Pulse	55	6820000	40187	NA
169	Pulse	55	6830000	9674	NA
169	Pulse	55	6840000	19674	NA
169	Pulse	55	6850000	29674	NA
169	Pulse	55	6860000	39674	NA
170	Pulse	55	6870000	9077	NA
170	Pulse	55	6880000	19077	NA
170	Pulse	55	6890000	29077	NA
170	Pulse	55	6900000	39077	NA
171	Pulse	55	6910000	8564	NA
171	Pulse	55	6920000	18564	NA
171	Pulse	55	6930000	28564	NA
171	Pulse	55	6940000	38564	NA
172	Pulse	55	6950000	8050	NA
172	Pulse	55	6960000	18050	NA
172	Pulse	55	6970000	28050	NA
172	Pulse	55	6980000	38050	NA
173	Pulse	55	6990000	7454	NA
173	Pulse	55	7000000	17454	NA
173	Pulse	55	7010000	27454	NA
173	Pulse	55	7020000	37454	NA
174	Pulse	55	7030000	7024	NA
174	Pulse	55	7040000	17024	NA
174	Pulse	55	7050000	27024	NA
174	Pulse	55	7060000	37024	NA
175	Pulse	55	7070000	6510	NA
175	Pulse	55	7080000	16510	NA
175	Pulse	55	7090000	26510	NA
175	Pulse	55	7100000	36510	NA
176	Pulse	55	7110000	5914	NA
176	Pulse	55	7120000	15914	NA
176	Pulse	55	7130000	25914	NA
176	Pulse	55	7140000	35914	NA
177	Pulse	55	7150000	5317	NA
177	Pulse	55	7160000	15317	NA
177	Pulse	55	7170000	25317	NA
177	Pulse	55	7180000	35317	NA
178	Pulse	55	7190000	4804	NA
178	Pulse	55	7200000	14804	NA
178	Pulse	55	7210000	24804	NA
178	Pulse	55	7220000	34804	NA
179	Pulse	55	7230000	4290	NA
179	Pulse	55	7240000	14290	NA
179	Pulse	55	7250000	24290	NA
179	Pulse	55	7260000	34290	NA
180	Pulse	55	7270000	3694	NA
180	Pulse	55	7280000	13694	NA
180	Pulse	55	7290000	23694	NA
180	Pulse	55	7300000	33694	NA
181	Pulse	55	7310000	3014	NA
181	Pulse	55	7320000	13014	NA
181	Pulse	55	7330000	23014	NA
181	Pulse	55	7340000	33014	NA
182	Pulse	55	7350000	2417	NA
182	Pulse	55	7360000	12417	NA
182	Pulse	55	7370000	22417	NA
182	Pulse	55	7380000	32417	NA
183	Pulse	55	7390000	1820	NA
183	Pulse	55	7400000	11820	NA
183	Pulse	55	7410000	21820	NA
183	Pulse	55	7420000	31820	NA
184	Pulse	55	7430000	1223	NA
184	Pulse	55	7440000	11223	NA
184	Pulse	55	7450000	21223	NA
184	Pulse	55	7460000	31223	NA
185	Pulse	55	7470000	710	NA
185	Pulse	55	7480000	10710	NA
185	Pulse	55	7490000	20710	NA
185	Pulse	55	7500000	30710	NA
186	Pulse	55	7510000	113	NA
186	Pulse	55	7520000	10113	NA
186	Pulse	55	7530000	20113	NA
186	Pulse	55	7540000	30113	NA
186	Pulse	55	7550000	40113	NA
187	Pulse	55	7560000	9433	NA
187	Pulse	55	7570000	19433	NA
187	Pulse	55	7580000	29433	NA
187	Pulse	55	7590000	39433	NA
188	Pulse	55	7600000	8837	NA
188	Pulse	55	7610000	18837	NA
188	Pulse	55	7620000	28837	NA
188	Pulse	55	7630000	38837	NA
189	Pulse	55	7640000	8240	NA
189	Pulse	55	7650000	18240	NA
189	Pulse	55	7660000	28240	NA
189	Pulse	55	7670000	38240	NA
190	Pulse	55	7680000	7643	NA
190	Pulse	55	7690000	17643	NA
190	Pulse	55	7700000	27643	NA
190	Pulse	55	7710000	37643	NA
191	Pulse	55	7720000	7047	NA
191	Pulse	55	7730000	17047	NA
191	Pulse	55	7740000	27047	NA
191	Pulse	55	7750000	37047	NA
192	Pulse	55	7760000	6450	NA
192	Pulse	55	7770000	16450	NA
192	Pulse	55	7780000	26450	NA
192	Pulse	55	7790000	36450	NA
193	Pulse	55	7800000	5853	NA
193	Pulse	55	7810000	15853	NA
193	Pulse	55	7820000	25853	NA
193	Pulse	55	7830000	35853	NA
194	Pulse	55	7840000	5257	NA
194	Pulse	55	7850000	15257	NA
194	Pulse	55	7860000	25257	NA
194	Pulse	55	7870000	35257	NA
195	Pulse	55	7880000	4660	NA
195	Pulse	55	7890000	14660	NA
195	Pulse	55	7900000	24660	NA
195	Pulse	55	7910000	34660	NA
196	Pulse	55	7920000	3980	NA
196	Pulse	55	7930000	13980	NA
196	Pulse	55	7940000	23980	NA
196	Pulse	55	7950000	33980	NA
197	Pulse	55	7960000	3467	NA
197	Pulse	55	7970000	13467	NA
197	Pulse	55	7980000	23467	NA
197	Pulse	55	7990000	33467	NA
198	Pulse	55	8000000	2953	NA
198	Pulse	55	8010000	12953	NA
198	Pulse	55	8020000	22953	NA
198	Pulse	55	8030000	32953	NA
199	Pulse	55	8040000	2357	NA
199	Pulse	55	8050000	12357	NA
199	Pulse	55	8060000	22357	NA
199	Pulse	55	8070000	32357	NA
200	Pulse	55	8080000	1760	NA
200	Pulse	55	8090000	11760	NA
200	Pulse	55	8100000	21760	NA
200	Pulse	55	8110000	31760	NA
201	Pulse	55	8120000	1247	NA
201	Pulse	55	8130000	11247	NA
201	Pulse	55	8140000	21247	NA
201	Pulse	55	8150000	31247	NA
202	Pulse	55	8160000	733	NA
202	Pulse	55	8170000	10733	NA
202	Pulse	55	8180000	20733	NA
202	Pulse	55	8190000	30733	NA
203	Pulse	55	8200000	220	NA
203	Pulse	55	8210000	10220	NA
203	Pulse	55	8220000	20220	NA
203	Pulse	55	8230000	30220	NA
203	Pulse	55	8240000	40220	NA
204	Pulse	55	8250000	9623	NA
204	Pulse	55	8260000	19623	NA
204	Pulse	55	8270000	29623	NA
204	Pulse	55	8280000	39623	NA
205	Pulse	55	8290000	9110	NA
205	Pulse	55	8300000	19110	NA
205	Pulse	55	8310000	29110	NA
205	Pulse	55	8320000	39110	NA
206	Pulse	55	8330000	8513	NA
206	Pulse	55	8340000	18513	NA
206	Pulse	55	8350000	28513	NA
206	Pulse	55	8360000	38513	NA
207	Pulse	55	8370000	8000	NA
207	Pulse	55	8380000	18000	NA
207	Pulse	55	8390000	28000	NA
207	Pulse	55	8400000	38000	NA
208	Pulse	55	8410000	7487	NA
208	Pulse	55	8420000	17487	NA
208	Pulse	55	8430000	27487	NA
208	Pulse	55	8440000	37487	NA
209	Pulse	55	8450000	6973	NA
209	Pulse	55	8460000	16973	NA
209	Pulse	55	8470000	26973	NA
209	Pulse	55	8480000	36973	NA
210	Pulse	55	8490000	6460	NA
210	Pulse	55	8500000	16460	NA
210	Pulse	55	8510000	26460	NA
210	Pulse	55	8520000	36460	NA
211	Pulse	55	8530000	6030	NA
211	Pulse	55	8540000	16030	NA
211	Pulse	55	8550000	26030	NA
211	Pulse	55	8560000	36030	NA
212	Pulse	55	8570000	5517	NA
212	Pulse	55	8580000	15517	NA
212	Pulse	55	8590000	25517	NA
212	Pulse	55	8600000	35517	NA
213	Pulse	55	8610000	5003	NA
213	Pulse	55	8620000	15003	NA
213	Pulse	55	8630000	25003	NA
213	Pulse	55	8640000	35003	NA
214	Pulse	55	8650000	4490	NA
214	Pulse	55	8660000	14490	NA
214	Pulse	55	8670000	24490	NA
214	Pulse	55	8680000	34490	NA
215	Pulse	55	8690000	3893	NA
215	Pulse	55	8700000	13893	NA
215	Pulse	55	8710000	23893	NA
215	Pulse	55	8720000	33893	NA
216	Pulse	55	8730000	3380	NA
216	Pulse	55	8740000	13380	NA
216	Pulse	55	8750000	23380	NA
216	Pulse	55	8760000	33380	NA
217	Pulse	55	8770000	3033	NA
217	Pulse	55	8780000	13033	NA
217	Pulse	55	8790000	23033	NA
217	Pulse	55	8800000	33033	NA
218	Pulse	55	8810000	2437	NA
218	Pulse	55	8820000	12437	NA
218	Pulse	55	8830000	22437	NA
218	Pulse	55	8840000	32437	NA
219	Pulse	55	8850000	1923	NA
219	Pulse	55	8860000	11923	NA
219	Pulse	55	8870000	21923	NA
219	Pulse	55	8880000	31923	NA
220	Pulse	55	8890000	1327	NA
220	Pulse	55	8900000	11327	NA
220	Pulse	55	8910000	21327	NA
220	Pulse	55	8920000	31327	NA
221	Pulse	55	8930000	730	NA
221	Pulse	55	8940000	10730	NA
221	Pulse	55	8950000	20730	NA
221	Pulse	55	8960000	30730	NA
222	Pulse	55	8970000	300	NA
222	Pulse	55	8980000	10300	NA
222	Pulse	55	8990000	20300	NA
222	Pulse	55	9000000	30300	NA
222	Pulse	55	9010000	40300	NA
223	Pulse	55	9020000	9787	NA
223	Pulse	55	9030000	19787	NA
223	Pulse	55	9040000	29787	NA
223	Pulse	55	9050000	39787	NA
224	Pulse	55	9060000	9190	NA
224	Pulse	55	9070000	19190	NA
224	Pulse	55	9080000	29190	NA
224	Pulse	55	9090000	39190	NA
225	Pulse	55	9100000	8760	NA
225	Pulse	55	9110000	18760	NA
225	Pulse	55	9120000	28760	NA
225	Pulse	55	9130000	38760	NA
226	Pulse	55	9140000	8247	NA
226	Pulse	55	9150000	18247	NA
226	Pulse	55	9160000	28247	NA
226	Pulse	55	9170000	38247	NA
227	Pulse	55	9180000	7733	NA
227	Pulse	55	9190000	17733	NA
227	Pulse	55	9200000	27733	NA
227	Pulse	55	9210000	37733	NA
228	Pulse	55	9220000	7137	NA
228	Pulse	55	9230000	17137	NA
228	Pulse	55	9240000	27137	NA
228	Pulse	55	9250000	37137	NA
229	Pulse	55	9260000	6540	NA
229	Pulse	55	9270000	16540	NA
229	Pulse	55	9280000	26540	NA
229	Pulse	55	9290000	36540	NA
230	Pulse	55	9300000	5943	NA
230	Pulse	55	9310000	15943	NA
230	Pulse	55	9320000	25943	NA
230	Pulse	55	9330000	35943	NA
231	Pulse	55	9340000	5430	NA
231	Pulse	55	9350000	15430	NA
231	Pulse	55	9360000	25430	NA
231	Pulse	55	9370000	35430	NA
232	Pulse	55	9380000	4833	NA
232	Pulse	55	9390000	14833	NA
232	Pulse	55	9400000	24833	NA
232	Pulse	55	9410000	34833	NA
233	Pulse	55	9420000	4237	NA
233	Pulse	55	9430000	14237	NA
233	Pulse	55	9440000	24237	NA
233	Pulse	55	9450000	34237	NA
234	Pulse	55	9460000	3640	NA
234	Pulse	55	9470000	13640	NA
234	Pulse	55	9480000	23640	NA
234	Pulse	55	9490000	33640	NA
235	Pulse	55	9500000	3043	NA
235	Pulse	55	9510000	13043	NA
235	Pulse	55	9520000	23043	NA
235	Pulse	55	9530000	33043	NA
236	Pulse	55	9540000	2447	NA
236	Pulse	55	9550000	12447	NA
236	Pulse	55	9560000	22447	NA
236	Pulse	55	9570000	32447	NA
237	Pulse	55	9580000	1850	NA
237	Pulse	55	9590000	11850	NA
237	Pulse	55	9600000	21850	NA
237	Pulse	55	9610000	31850	NA
238	Pulse	55	9620000	1253	NA
238	Pulse	55	9630000	11253	NA
238	Pulse	55	9640000	21253	NA
238	Pulse	55	9650000	31253	NA
239	Pulse	55	9660000	657	NA
239	Pulse	55	9670000	10657	NA
239	Pulse	55	9680000	20657	NA
239	Pulse	55	9690000	30657	NA
240	Pulse	55	9700000	60	NA
240	Pulse	55	9710000	10060	NA
240	Pulse	55	9720000	20060	NA
240	Pulse	55	9730000	30060	NA
240	Pulse	55	9740000	40060	NA
241	Pulse	55	9750000	9463	NA
241	Pulse	55	9760000	19463	NA
241	Pulse	55	9770000	29463	NA
241	Pulse	55	9780000	39463	NA
242	Pulse	55	9790000	8866	NA
242	Pulse	55	9800000	18866	NA
242	Pulse	55	9810000	28866	NA
242	Pulse	55	9820000	38866	NA
243	Pulse	55	9830000	8270	NA
243	Pulse	55	9840000	18270	NA
243	Pulse	55	9850000	28270	NA
243	Pulse	55	9860000	38270	NA
244	Pulse	55	9870000	7673	NA
244	Pulse	55	9880000	17673	NA
244	Pulse	55	9890000	27673	NA
244	Pulse	55	9900000	37673	NA
245	Pulse	55	9910000	7160	NA
245	Pulse	55	9920000	17160	NA
245	Pulse	55	9930000	27160	NA
245	Pulse	55	9940000	37160	NA
246	Pulse	55	9950000	6563	NA
246	Pulse	55	9960000	16563	NA
246	Pulse	55	9970000	26563	NA
246	Pulse	55	9980000	36563	NA
247	Pulse	55	9990000	5966	NA
247	Pulse	55	10000000	15966	NA
247	Pulse	55	10010000	25966	NA
247	Pulse	55	10020000	35966	NA
248	Pulse	55	10030000	5370	NA
248	Pulse	55	10040000	15370	NA
248	Pulse	55	10050000	25370	NA
248	Pulse	55	10060000	35370	NA
249	Pulse	55	10070000	4773	NA
249	Pulse	55	10080000	14773	NA
249	Pulse	55	10090000	24773	NA
249	Pulse	55	10100000	34773	NA
250	Pulse	55	10110000	4176	NA
250	Pulse	55	10120000	14176	NA
250	Pulse	55	10130000	24176	NA
250	Pulse	55	10140000	34176	NA
251	Pulse	55	10150000	3580	NA
251	Pulse	55	10160000	13580	NA
251	Pulse	55	10170000	23580	NA
251	Pulse	55	10180000	33580	NA
252	Pulse	55	10190000	2983	NA
252	Pulse	55	10200000	12983	NA
252	Pulse	55	10210000	22983	NA
252	Pulse	55	10220000	32983	NA
253	Pulse	55	10230000	2386	NA
253	Pulse	55	10240000	12386	NA
253	Pulse	55	10250000	22386	NA
253	Pulse	55	10260000	32386	NA
254	Pulse	55	10270000	1790	NA
254	Pulse	55	10280000	11790	NA
254	Pulse	55	10290000	21790	NA
254	Pulse	55	10300000	31790	NA
255	Pulse	55	10310000	1360	NA
255	Pulse	55	10320000	11360	NA
255	Pulse	55	10330000	21360	NA
255	Pulse	55	10340000	31360	NA
256	Pulse	55	10350000	846	NA
256	Pulse	55	10360000	10846	NA
256	Pulse	55	10370000	20846	NA
256	Pulse	55	10380000	30846	NA
257	Pulse	55	10390000	333	NA
257	Pulse	55	10400000	10333	NA
257	Pulse	55	10410000	20333	NA
257	Pulse	55	10420000	30333	NA
257	Pulse	55	10430000	40333	NA
258	Pulse	55	10440000	9736	NA
258	Pulse	55	10450000	19736	NA
258	Pulse	55	10460000	29736	NA
258	Pulse	55	10470000	39736	NA
259	Pulse	55	10480000	9140	NA
259	Pulse	55	10490000	19140	NA
259	Pulse	55	10500000	29140	NA
259	Pulse	55	10510000	39140	NA
260	Pulse	55	10520000	8543	NA
260	Pulse	55	10530000	18543	NA
260	Pulse	55	10540000	28543	NA
260	Pulse	55	10550000	38543	NA
261	Pulse	55	10560000	7946	NA
261	Pulse	55	10570000	17946	NA
261	Pulse	55	10580000	27946	NA
261	Pulse	55	10590000	37946	NA
262	Pulse	55	10600000	7350	NA
262	Pulse	55	10610000	17350	NA
262	Pulse	55	10620000	27350	NA
262	Pulse	55	10630000	37350	NA
263	Pulse	55	10640000	6836	NA
263	Pulse	55	10650000	16836	NA
263	Pulse	55	10660000	26836	NA
263	Pulse	55	10670000	36836	NA
264	Pulse	55	10680000	6240	NA
264	Pulse	55	10690000	16240	NA
264	Pulse	55	10700000	26240	NA
264	Pulse	55	10710000	36240	NA
265	Pulse	55	10720000	5643	NA
265	Pulse	55	10730000	15643	NA
265	Pulse	55	10740000	25643	NA
265	Pulse	55	10750000	35643	NA
266	Pulse	55	10760000	5046	NA
266	Pulse	55	10770000	15046	NA
266	Pulse	55	10780000	25046	NA
266	Pulse	55	10790000	35046	NA
267	Pulse	55	10800000	4533	NA
267	Pulse	55	10810000	14533	NA
267	Pulse	55	10820000	24533	NA
267	Pulse	55	10830000	34533	NA
268	Pulse	55	10840000	3936	NA
268	Pulse	55	10850000	13936	NA
268	Pulse	55	10860000	23936	NA
268	Pulse	55	10870000	33936	NA
269	Pulse	55	10880000	3339	NA
269	Pulse	55	10890000	13339	NA
269	Pulse	55	10900000	23339	NA
269	Pulse	55	10910000	33339	NA
270	Pulse	55	10920000	2743	NA
270	Pulse	55	10930000	12743	NA
270	Pulse	55	10940000	22743	NA
270	Pulse	55	10950000	32743	NA
271	Pulse	55	10960000	2146	NA
271	Pulse	55	10970000	12146	NA
271	Pulse	55	10980000	22146	NA
271	Pulse	55	10990000	32146	NA
272	Pulse	55	11000000	1633	NA
272	Pulse	55	11010000	11633	NA
272	Pulse	55	11020000	21633	NA
272	Pulse	55	11030000	31633	NA
273	Pulse	55	11040000	1036	NA
273	Pulse	55	11050000	11036	NA
273	Pulse	55	11060000	21036	NA
273	Pulse	55	11070000	31036	NA
274	Pulse	55	11080000	439	NA
274	Pulse	55	11090000	10439	NA
274	Pulse	55	11100000	20439	NA
274	Pulse	55	11110000	30439	NA
274	Pulse	55	11120000	40439	NA
275	Pulse	55	11130000	9843	NA
275	Pulse	55	11140000	19843	NA
275	Pulse	55	11150000	29843	NA
275	Pulse	55	11160000	39843	NA
276	Pulse	55	11170000	9246	NA
276	Pulse	55	11180000	19246	NA
276	Pulse	55	11190000	29246	NA
276	Pulse	55	11200000	39246	NA
277	Pulse	55	11210000	8649	NA
277	Pulse	55	11220000	18649	NA
277	Pulse	55	11230000	28649	NA
277	Pulse	55	11240000	38649	NA
278	Pulse	55	11250000	8053	NA
278	Pulse	55	11260000	18053	NA
278	Pulse	55	11270000	28053	NA
278	Pulse	55	11280000	38053	NA
279	Pulse	55	11290000	7456	NA
279	Pulse	55	11300000	17456	NA
279	Pulse	55	11310000	27456	NA
279	Pulse	55	11320000	37456	NA
280	Pulse	55	11330000	6859	NA
280	Pulse	55	11340000	16859	NA
280	Pulse	55	11350000	26859	NA
280	Pulse	55	11360000	36859	NA
281	Pulse	55	11370000	6262	NA
281	Pulse	55	11380000	16262	NA
281	Pulse	55	11390000	26262	NA
281	Pulse	55	11400000	36262	NA
282	Pulse	55	11410000	5666	NA
282	Pulse	55	11420000	15666	NA
282	Pulse	55	11430000	25666	NA
282	Pulse	55	11440000	35666	NA
283	Pulse	55	11450000	4986	NA
283	Pulse	55	11460000	14986	NA
283	Pulse	55	11470000	24986	NA
283	Pulse	55	11480000	34986	NA
284	Pulse	55	11490000	4389	NA
284	Pulse	55	11500000	14389	NA
284	Pulse	55	11510000	24389	NA
284	Pulse	55	11520000	34389	NA
285	Pulse	55	11530000	3792	NA
285	Pulse	55	11540000	13792	NA
285	Pulse	55	11550000	23792	NA
285	Pulse	55	11560000	33792	NA
286	Pulse	55	11570000	3196	NA
286	Pulse	55	11580000	13196	NA
286	Pulse	55	11590000	23196	NA
286	Pulse	55	11600000	33196	NA
287	Pulse	55	11610000	2516	NA
287	Pulse	55	11620000	12516	NA
287	Pulse	55	11630000	22516	NA
287	Pulse	55	11640000	32516	NA
288	Pulse	55	11650000	1919	NA
288	Pulse	55	11660000	11919	NA
288	Pulse	55	11670000	21919	NA
288	Pulse	55	11680000	31919	NA
289	Pulse	55	11690000	1322	NA
289	Pulse	55	11700000	11322	NA
289	Pulse	55	11710000	21322	NA
289	Pulse	55	11720000	31322	NA
290	Pulse	55	11730000	726	NA
290	Pulse	55	11740000	10726	NA
290	Pulse	55	11750000	20726	NA
290	Pulse	55	11760000	30726	NA
291	Pulse	55	11770000	45	NA
291	Pulse	55	11780000	10045	NA
291	Pulse	55	11790000	20045	NA
291	Pulse	55	11800000	30045	NA
291	Pulse	55	11810000	40045	NA
292	Pulse	55	11820000	9449	NA
292	Pulse	55	11830000	19449	NA
292	Pulse	55	11840000	29449	NA
292	Pulse	55	11850000	39449	NA
293	Pulse	55	11860000	8852	NA
293	Pulse	55	11870000	18852	NA
293	Pulse	55	11880000	28852	NA
293	Pulse	55	11890000	38852	NA
294	Pulse	55	11900000	8172	NA
294	Pulse	55	11910000	18172	NA
294	Pulse	55	11920000	28172	NA
294	Pulse	55	11930000	38172	NA
295	Pulse	55	11940000	7575	NA
295	Pulse	55	11950000	17575	NA
295	Pulse	55	11960000	27575	NA
295	Pulse	55	11970000	37575	NA
296	Pulse	55	11980000	6979	NA
296	Pulse	55	11990000	16979	NA
296	Pulse	55	12000000	26979	NA
296	Pulse	55	12010000	36979	NA
297	Pulse	55	12020000	6382	NA
297	Pulse	55	12030000	16382	NA
297	Pulse	55	12040000	26382	NA
297	Pulse	55	12050000	36382	NA
298	Pulse	55	12060000	5702	NA
298	Pulse	55	12070000	15702	NA
298	Pulse	55	12080000	25702	NA
298	Pulse	55	12090000	35702	NA
299	Pulse	55	12100000	5105	NA
299	Pulse	55	12110000	15105	NA
299	Pulse	55	12120000	25105	NA
299	Pulse	55	12130000	35105	NA
300	Pulse	55	12140000	4509	NA
300	Pulse	55	12150000	14509	NA
300	Pulse	55	12160000	24509	NA
300	Pulse	55	12170000	34509	NA
301	Pulse	55	12180000	3829	NA
301	Pulse	55	12190000	13829	NA
301	Pulse	55	12200000	23829	NA
301	Pulse	55	12210000	33829	NA
302	Pulse	55	12220000	3232	NA
302	Pulse	55	12230000	13232	NA
302	Pulse	55	12240000	23232	NA
302	Pulse	55	12250000	33232	NA
303	Pulse	55	12260000	2635	NA
303	Pulse	55	12270000	12635	NA
303	Pulse	55	12280000	22635	NA
303	Pulse	55	12290000	32635	NA
304	Pulse	55	12300000	2039	NA
304	Pulse	55	12310000	12039	NA
304	Pulse	55	12320000	22039	NA
304	Pulse	55	12330000	32039	NA
305	Pulse	55	12340000	1442	NA
305	Pulse	55	12350000	11442	NA
305	Pulse	55	12360000	21442	NA
305	Pulse	55	12370000	31442	NA
306	Pulse	55	12380000	845	NA
306	Pulse	55	12390000	10845	NA
306	Pulse	55	12400000	20845	NA
306	Pulse	55	12410000	30845	NA
307	Pulse	55	12420000	248	NA
307	Pulse	55	12430000	10248	NA
307	Pulse	55	12440000	20248	NA
307	Pulse	55	12450000	30248	NA
307	Pulse	55	12460000	40248	NA
308	Pulse	55	12470000	9568	NA
308	Pulse	55	12480000	19568	NA
308	Pulse	55	12490000	29568	NA
308	Pulse	55	12500000	39568	NA
309	Pulse	55	12510000	8972	NA
309	Pulse	55	12520000	18972	NA
309	Pulse	55	12530000	28972	NA
309	Pulse	55	12540000	38972	NA
310	Pulse	55	12550000	8292	NA
310	Pulse	55	12560000	18292	NA
310	Pulse	55	12570000	28292	NA
310	Pulse	55	12580000	38292	NA
311	Pulse	55	12590000	7695	NA
311	Pulse	55	12600000	17695	NA
311	Pulse	55	12610000	27695	NA
311	Pulse	55	12620000	37695	NA
312	Pulse	55	12630000	7015	NA
312	Pulse	55	12640000	17015	NA
312	Pulse	55	12650000	27015	NA
312	Pulse	55	12660000	37015	NA
313	Pulse	55	12670000	6418	NA
313	Pulse	55	12680000	16418	NA
313	Pulse	55	12690000	26418	NA
313	Pulse	55	12700000	36418	NA
314	Pulse	55	12710000	5822	NA
314	Pulse	55	12720000	15822	NA
314	Pulse	55	12730000	25822	NA
314	Pulse	55	12740000	35822	NA
315	Pulse	55	12750000	5225	NA
315	Pulse	55	12760000	15225	NA
315	Pulse	55	12770000	25225	NA
315	Pulse	55	12780000	35225	NA
316	Pulse	55	12790000	4628	NA
316	Pulse	55	12800000	14628	NA
316	Pulse	55	12810000	24628	NA
316	Pulse	55	12820000	34628	NA
317	Pulse	55	12830000	4032	NA
317	Pulse	55	12840000	14032	NA
317	Pulse	55	12850000	24032	NA
317	Pulse	55	12860000	34032	NA
318	Pulse	55	12870000	3351	NA
318	Pulse	55	12880000	13351	NA
318	Pulse	55	12890000	23351	NA
318	Pulse	55	12900000	33351	NA
319	Pulse	55	12910000	2755	NA
319	Pulse	55	12920000	12755	NA
319	Pulse	55	12930000	22755	NA
319	Pulse	55	12940000	32755	NA
320	Pulse	55	12950000	2158	NA
320	Pulse	55	12960000	12158	NA
320	Pulse	55	12970000	22158	NA
320	Pulse	55	12980000	32158	NA
321	Pulse	55	12990000	1561	NA
321	Pulse	55	13000000	11561	NA
321	Pulse	55	13010000	21561	NA
321	Pulse	55	13020000	31561	NA
322	Pulse	55	13030000	965	NA
322	Pulse	55	13040000	10965	NA
322	Pulse	55	13050000	20965	NA
322	Pulse	55	13060000	30965	NA
323	Pulse	55	13070000	368	NA
323	Pulse	55	13080000	10368	NA
323	Pulse	55	13090000	20368	NA
323	Pulse	55	13100000	30368	NA
323	Pulse	55	13110000	40368	NA
324	Pulse	55	13120000	9771	NA
324	Pulse	55	13130000	19771	NA
324	Pulse	55	13140000	29771	NA
324	Pulse	55	13150000	39771	NA
325	Pulse	55	13160000	9175	NA
325	Pulse	55	13170000	19175	NA
325	Pulse	55	13180000	29175	NA
325	Pulse	55	13190000	39175	NA
326	Pulse	55	13200000	8578	NA
326	Pulse	55	13210000	18578	NA
326	Pulse	55	13220000	28578	NA
326	Pulse	55	13230000	38578	NA
327	Pulse	55	13240000	7981	NA
327	Pulse	55	13250000	17981	NA
327	Pulse	55	13260000	27981	NA
327	Pulse	55	13270000	37981	NA
328	Pulse	55	13280000	7385	NA
328	Pulse	55	13290000	17385	NA
328	Pulse	55	13300000	27385	NA
328	Pulse	55	13310000	37385	NA
329	Pulse	55	13320000	6788	NA
329	Pulse	55	13330000	16788	NA
329	Pulse	55	13340000	26788	NA
329	Pulse	55	13350000	36788	NA
330	Pulse	55	13360000	6191	NA
330	Pulse	55	13370000	16191	NA
330	Pulse	55	13380000	26191	NA
330	Pulse	55	13390000	36191	NA
331	Pulse	55	13400000	5595	NA
331	Pulse	55	13410000	15595	NA
331	Pulse	55	13420000	25595	NA
331	Pulse	55	13430000	35595	NA
332	Pulse	55	13440000	4998	NA
332	Pulse	55	13450000	14998	NA
332	Pulse	55	13460000	24998	NA
332	Pulse	55	13470000	34998	NA
333	Pulse	55	13480000	4401	NA
333	Pulse	55	13490000	14401	NA
333	Pulse	55	13500000	24401	NA
333	Pulse	55	13510000	34401	NA
334	Pulse	55	13520000	3805	NA
334	Pulse	55	13530000	13805	NA
334	Pulse	55	13540000	23805	NA
334	Pulse	55	13550000	33805	NA
335	Pulse	55	13560000	3208	NA
335	Pulse	55	13570000	13208	NA
335	Pulse	55	13580000	23208	NA
335	Pulse	55	13590000	33208	NA
336	Pulse	55	13600000	2611	NA
336	Pulse	55	13610000	12611	NA
336	Pulse	55	13620000	22611	NA
336	Response	1	13626685	29296	1
336	Pulse	55	13630000	32611	NA
337	Pulse	55	13640000	2515	NA
337	Pulse	55	13650000	12515	NA
338	Pulse	55	13660000	2425	NA
338	Pulse	55	13670000	12425	NA
338	Pulse	55	13680000	22425	NA
338	Pulse	55	13690000	32425	NA
338	Pulse	55	13700000	42425	NA
338	Pulse	55	13710000	52425	NA
338	Pulse	55	13720000	62425	NA
338	Pulse	55	13730000	72425	NA
338	Pulse	55	13740000	82425	NA
338	Pulse	55	13750000	92425	NA
338	Pulse	55	13760000	102425	NA
338	Pulse	55	13770000	112425	NA
338	Pulse	55	13780000	122425	NA
338	Pulse	55	13790000	132425	NA
338	Pulse	55	13800000	142425	NA
338	Pulse	55	13810000	152425	NA
338	Pulse	55	13820000	162425	NA
338	Pulse	55	13830000	172425	NA
338	Pulse	55	13840000	182425	NA
338	Pulse	55	13850000	192425	NA
338	Pulse	55	13860000	202425	NA
338	Pulse	55	13870000	212425	NA
338	Pulse	55	13880000	222425	NA
338	Pulse	55	13890000	232425	NA
338	Pulse	55	13900000	242425	NA
338	Pulse	55	13910000	252425	NA
338	Response	1	13919643	262068	1
338	Pulse	55	13920000	262425	NA
338	Pulse	55	13930000	272425	NA
339	Pulse	55	13940000	9918	NA
339	Pulse	55	13950000	19918	NA
339	Pulse	55	13960000	29918	NA
339	Pulse	55	13970000	39918	NA
339	Pulse	55	13980000	49918	NA
339	Pulse	55	13990000	59918	NA
339	Pulse	55	14000000	69918	NA
339	Pulse	55	14010000	79918	NA
339	Pulse	55	14020000	89918	NA
339	Pulse	55	14030000	99918	NA
339	Pulse	55	14040000	109918	NA
339	Pulse	55	14050000	119918	NA
339	Pulse	55	14060000	129918	NA
339	Pulse	55	14070000	139918	NA
339	Pulse	55	14080000	149918	NA
339	Pulse	55	14090000	159918	NA
339	Pulse	55	14100000	169918	NA
339	Pulse	55	14110000	179918	NA
339	Pulse	55	14120000	189918	NA
339	Pulse	55	14130000	199918	NA
339	Pulse	55	14140000	209918	NA
339	Pulse	55	14150000	219918	NA
339	Pulse	55	14160000	229918	NA
339	Pulse	55	14170000	239918	NA
339	Pulse	55	14180000	249918	NA
339	Pulse	55	14190000	259918	NA
339	Pulse	55	14200000	269918	NA
339	Pulse	55	14210000	279918	NA
339	Pulse	55	14220000	289918	NA
339	Pulse	55	14230000	299918	NA
339	Pulse	55	14240000	309918	NA
339	Pulse	55	14250000	319918	NA
339	Pulse	55	14260000	329918	NA
339	Pulse	55	14270000	339918	NA
339	Pulse	55	14280000	349918	NA
339	Pulse	55	14290000	359918	NA
339	Pulse	55	14300000	369918	NA
339	Pulse	55	14310000	379918	NA
339	Pulse	55	14320000	389918	NA
339	Pulse	55	14330000	399918	NA
339	Pulse	55	14340000	409918	NA
339	Pulse	55	14350000	419918	NA
339	Pulse	55	14360000	429918	NA
339	Pulse	55	14370000	439918	NA
339	Pulse	55	14380000	449918	NA
339	Pulse	55	14390000	459918	NA
339	Pulse	55	14400000	469918	NA
339	Pulse	55	14410000	479918	NA
339	Pulse	55	14420000	489918	NA
339	Pulse	55	14430000	499918	NA
339	Pulse	55	14440000	509918	NA
339	Pulse	55	14450000	519918	NA
339	Pulse	55	14460000	529918	NA
339	Pulse	55	14470000	539918	NA
339	Pulse	55	14480000	549918	NA
339	Pulse	55	14490000	559918	NA
339	Pulse	55	14500000	569918	NA
339	Pulse	55	14510000	579918	NA
339	Pulse	55	14520000	589918	NA
339	Pulse	55	14530000	599918	NA
339	Pulse	55	14540000	609918	NA
339	Pulse	55	14550000	619918	NA
339	Pulse	55	14560000	629918	NA
339	Pulse	55	14570000	639918	NA
339	Pulse	55	14580000	649918	NA
339	Pulse	55	14590000	659918	NA
339	Pulse	55	14600000	669918	NA
339	Pulse	55	14610000	679918	NA
339	Pulse	55	14620000	689918	NA
339	Pulse	55	14630000	699918	NA
339	Pulse	55	14640000	709918	NA
339	Pulse	55	14650000	719918	NA
339	Pulse	55	14660000	729918	NA
339	Pulse	55	14670000	739918	NA
339	Pulse	55	14680000	749918	NA
339	Pulse	55	14690000	759918	NA
339	Pulse	55	14700000	769918	NA
339	Pulse	55	14710000	779918	NA
339	Pulse	55	14720000	789918	NA
339	Pulse	55	14730000	799918	NA
339	Pulse	55	14740000	809918	NA
339	Pulse	55	14750000	819918	NA
339	Pulse	55	14760000	829918	NA
339	Pulse	55	14770000	839918	NA
339	Pulse	55	14780000	849918	NA
339	Pulse	55	14790000	859918	NA
339	Pulse	55	14800000	869918	NA
339	Pulse	55	14810000	879918	NA
339	Pulse	55	14820000	889918	NA
339	Pulse	55	14830000	899918	NA
339	Pulse	55	14840000	909918	NA
339	Pulse	55	14850000	919918	NA
339	Pulse	55	14860000	929918	NA
339	Pulse	55	14870000	939918	NA
339	Pulse	55	14880000	949918	NA
339	Pulse	55	14890000	959918	NA
339	Pulse	55	14900000	969918	NA
339	Pulse	55	14910000	979918	NA
339	Pulse	55	14920000	989918	NA
339	Pulse	55	14930000	999918	NA
339	Pulse	55	14940000	1009918	NA
339	Pulse	55	14950000	1019918	NA
339	Pulse	55	14960000	1029918	NA
339	Pulse	55	14970000	1039918	NA
339	Pulse	55	14980000	1049918	NA
339	Pulse	55	14990000	1059918	NA
339	Pulse	55	15000000	1069918	NA
339	Pulse	55	15010000	1079918	NA
339	Pulse	55	15020000	1089918	NA
339	Pulse	55	15030000	1099918	NA
339	Pulse	55	15040000	1109918	NA
339	Pulse	55	15050000	1119918	NA
339	Pulse	55	15060000	1129918	NA
339	Pulse	55	15070000	1139918	NA
339	Pulse	55	15080000	1149918	NA
339	Pulse	55	15090000	1159918	NA
339	Pulse	55	15100000	1169918	NA
339	Pulse	55	15110000	1179918	NA
339	Pulse	55	15120000	1189918	NA
339	Pulse	55	15130000	1199918	NA
339	Pulse	55	15140000	1209918	NA
339	Pulse	55	15150000	1219918	NA
339	Pulse	55	15160000	1229918	NA
339	Pulse	55	15170000	1239918	NA
339	Pulse	55	15180000	1249918	NA
339	Pulse	55	15190000	1259918	NA
339	Pulse	55	15200000	1269918	NA
339	Pulse	55	15210000	1279918	NA
339	Pulse	55	15220000	1289918	NA
339	Pulse	55	15230000	1299918	NA
339	Pulse	55	15240000	1309918	NA
339	Pulse	55	15250000	1319918	NA
339	Pulse	55	15260000	1329918	NA
339	Pulse	55	15270000	1339918	NA
339	Pulse	55	15280000	1349918	NA
339	Pulse	55	15290000	1359918	NA
339	Pulse	55	15300000	1369918	NA
339	Pulse	55	15310000	1379918	NA
339	Pulse	55	15320000	1389918	NA
339	Pulse	55	15330000	1399918	NA
339	Pulse	55	15340000	1409918	NA
339	Pulse	55	15350000	1419918	NA
339	Pulse	55	15360000	1429918	NA
339	Pulse	55	15370000	1439918	NA
339	Pulse	55	15380000	1449918	NA
339	Pulse	55	15390000	1459918	NA
339	Pulse	55	15400000	1469918	NA
339	Pulse	55	15410000	1479918	NA
339	Pulse	55	15420000	1489918	NA
339	Pulse	55	15430000	1499918	NA
339	Pulse	55	15440000	1509918	NA
339	Pulse	55	15450000	1519918	NA
339	Pulse	55	15460000	1529918	NA
339	Pulse	55	15470000	1539918	NA
339	Pulse	55	15480000	1549918	NA
339	Pulse	55	15490000	1559918	NA
339	Pulse	55	15500000	1569918	NA
339	Pulse	55	15510000	1579918	NA
339	Pulse	55	15520000	1589918	NA
339	Pulse	55	15530000	1599918	NA
339	Pulse	55	15540000	1609918	NA
339	Pulse	55	15550000	1619918	NA
339	Pulse	55	15560000	1629918	NA
339	Pulse	55	15570000	1639918	NA
339	Pulse	55	15580000	1649918	NA
339	Pulse	55	15590000	1659918	NA
339	Pulse	55	15600000	1669918	NA
339	Pulse	55	15610000	1679918	NA
339	Pulse	55	15620000	1689918	NA
339	Pulse	55	15630000	1699918	NA
339	Pulse	55	15640000	1709918	NA
339	Pulse	55	15650000	1719918	NA
339	Pulse	55	15660000	1729918	NA
339	Pulse	55	15670000	1739918	NA
339	Pulse	55	15680000	1749918	NA
339	Pulse	55	15690000	1759918	NA
339	Pulse	55	15700000	1769918	NA
339	Pulse	55	15710000	1779918	NA
339	Pulse	55	15720000	1789918	NA
339	Pulse	55	15730000	1799918	NA
339	Pulse	55	15740000	1809918	NA
339	Pulse	55	15750000	1819918	NA
339	Pulse	55	15760000	1829918	NA
339	Pulse	55	15770000	1839918	NA
339	Pulse	55	15780000	1849918	NA
339	Pulse	55	15790000	1859918	NA
339	Pulse	55	15800000	1869918	NA
339	Pulse	55	15810000	1879918	NA
339	Pulse	55	15820000	1889918	NA
339	Pulse	55	15830000	1899918	NA
339	Pulse	55	15840000	1909918	NA
339	Pulse	55	15850000	1919918	NA
339	Pulse	55	15860000	1929918	NA
339	Pulse	55	15870000	1939918	NA
339	Pulse	55	15880000	1949918	NA
339	Pulse	55	15890000	1959918	NA
339	Pulse	55	15900000	1969918	NA
339	Pulse	55	15910000	1979918	NA
339	Pulse	55	15920000	1989918	NA
339	Pulse	55	15930000	1999918	NA
339	Pulse	55	15940000	2009918	NA
339	Pulse	55	15950000	2019918	NA
339	Pulse	55	15960000	2029918	NA
339	Pulse	55	15970000	2039918	NA
339	Pulse	55	15980000	2049918	NA
339	Pulse	55	15990000	2059918	NA
339	Pulse	55	16000000	2069918	NA
339	Pulse	55	16010000	2079918	NA
339	Pulse	55	16020000	2089918	NA
339	Pulse	55	16030000	2099918	NA
339	Pulse	55	16040000	2109918	NA
339	Pulse	55	16050000	2119918	NA
339	Pulse	55	16060000	2129918	NA
339	Pulse	55	16070000	2139918	NA
339	Pulse	55	16080000	2149918	NA
339	Pulse	55	16090000	2159918	NA
339	Pulse	55	16100000	2169918	NA
339	Pulse	55	16110000	2179918	NA
339	Pulse	55	16120000	2189918	NA
339	Pulse	55	16130000	2199918	NA
339	Pulse	55	16140000	2209918	NA
339	Pulse	55	16150000	2219918	NA
339	Pulse	55	16160000	2229918	NA
339	Pulse	55	16170000	2239918	NA
339	Pulse	55	16180000	2249918	NA
339	Pulse	55	16190000	2259918	NA
339	Pulse	55	16200000	2269918	NA
339	Pulse	55	16210000	2279918	NA
339	Pulse	55	16220000	2289918	NA
339	Pulse	55	16230000	2299918	NA
339	Pulse	55	16240000	2309918	NA
339	Pulse	55	16250000	2319918	NA
339	Pulse	55	16260000	2329918	NA
339	Pulse	55	16270000	2339918	NA
339	Pulse	55	16280000	2349918	NA
339	Pulse	55	16290000	2359918	NA
339	Pulse	55	16300000	2369918	NA
339	Pulse	55	16310000	2379918	NA
339	Pulse	55	16320000	2389918	NA
339	Pulse	55	16330000	2399918	NA
339	Pulse	55	16340000	2409918	NA
339	Pulse	55	16350000	2419918	NA
339	Pulse	55	16360000	2429918	NA
339	Pulse	55	16370000	2439918	NA
339	Pulse	55	16380000	2449918	NA
339	Pulse	55	16390000	2459918	NA
339	Pulse	55	16400000	2469918	NA
339	Pulse	55	16410000	2479918	NA
339	Pulse	55	16420000	2489918	NA
339	Pulse	55	16430000	2499918	NA
339	Pulse	55	16440000	2509918	NA
339	Pulse	55	16450000	2519918	NA
339	Pulse	55	16460000	2529918	NA
339	Pulse	55	16470000	2539918	NA
339	Pulse	55	16480000	2549918	NA
339	Pulse	55	16490000	2559918	NA
339	Pulse	55	16500000	2569918	NA
339	Pulse	55	16510000	2579918	NA
339	Pulse	55	16520000	2589918	NA
339	Pulse	55	16530000	2599918	NA
339	Pulse	55	16540000	2609918	NA
339	Pulse	55	16550000	2619918	NA
339	Pulse	55	16560000	2629918	NA
339	Pulse	55	16570000	2639918	NA
339	Pulse	55	16580000	2649918	NA
339	Pulse	55	16590000	2659918	NA
339	Pulse	55	16600000	2669918	NA
339	Pulse	55	16610000	2679918	NA
339	Pulse	55	16620000	2689918	NA
339	Pulse	55	16630000	2699918	NA
339	Pulse	55	16640000	2709918	NA
339	Pulse	55	16650000	2719918	NA
339	Pulse	55	16660000	2729918	NA
339	Pulse	55	16670000	2739918	NA
339	Pulse	55	16680000	2749918	NA
339	Pulse	55	16690000	2759918	NA
339	Pulse	55	16700000	2769918	NA
339	Pulse	55	16710000	2779918	NA
339	Pulse	55	16720000	2789918	NA
339	Pulse	55	16730000	2799918	NA
339	Pulse	55	16740000	2809918	NA
339	Pulse	55	16750000	2819918	NA
339	Pulse	55	16760000	2829918	NA
339	Pulse	55	16770000	2839918	NA
339	Pulse	55	16780000	2849918	NA
339	Pulse	55	16790000	2859918	NA
339	Pulse	55	16800000	2869918	NA
339	Pulse	55	16810000	2879918	NA
339	Pulse	55	16820000	2889918	NA
339	Pulse	55	16830000	2899918	NA
339	Pulse	55	16840000	2909918	NA
339	Pulse	55	16850000	2919918	NA
339	Pulse	55	16860000	2929918	NA
339	Pulse	55	16870000	2939918	NA
339	Pulse	55	16880000	2949918	NA
339	Pulse	55	16890000	2959918	NA
339	Pulse	55	16900000	2969918	NA
339	Pulse	55	16910000	2979918	NA
339	Pulse	55	16920000	2989918	NA
339	Pulse	55	16930000	2999918	NA
339	Pulse	55	16940000	3009918	NA
339	Pulse	55	16950000	3019918	NA
339	Pulse	55	16960000	3029918	NA
339	Pulse	55	16970000	3039918	NA
339	Pulse	55	16980000	3049918	NA
339	Pulse	55	16990000	3059918	NA
339	Pulse	55	17000000	3069918	NA
339	Pulse	55	17010000	3079918	NA
339	Pulse	55	17020000	3089918	NA
339	Pulse	55	17030000	3099918	NA
339	Pulse	55	17040000	3109918	NA
339	Pulse	55	17050000	3119918	NA
339	Pulse	55	17060000	3129918	NA
339	Pulse	55	17070000	3139918	NA
339	Pulse	55	17080000	3149918	NA
339	Pulse	55	17090000	3159918	NA
339	Pulse	55	17100000	3169918	NA
339	Pulse	55	17110000	3179918	NA
339	Pulse	55	17120000	3189918	NA
339	Pulse	55	17130000	3199918	NA
339	Pulse	55	17140000	3209918	NA
339	Pulse	55	17150000	3219918	NA
339	Pulse	55	17160000	3229918	NA
339	Pulse	55	17170000	3239918	NA
339	Pulse	55	17180000	3249918	NA
339	Pulse	55	17190000	3259918	NA
339	Pulse	55	17200000	3269918	NA
339	Pulse	55	17210000	3279918	NA
339	Pulse	55	17220000	3289918	NA
339	Pulse	55	17230000	3299918	NA
339	Pulse	55	17240000	3309918	NA
339	Pulse	55	17250000	3319918	NA
339	Pulse	55	17260000	3329918	NA
339	Pulse	55	17270000	3339918	NA
339	Pulse	55	17280000	3349918	NA
339	Pulse	55	17290000	3359918	NA
339	Pulse	55	17300000	3369918	NA
339	Pulse	55	17310000	3379918	NA
339	Pulse	55	17320000	3389918	NA
339	Pulse	55	17330000	3399918	NA
339	Pulse	55	17340000	3409918	NA
339	Pulse	55	17350000	3419918	NA
339	Pulse	55	17360000	3429918	NA
339	Pulse	55	17370000	3439918	NA
339	Pulse	55	17380000	3449918	NA
339	Pulse	55	17390000	3459918	NA
339	Pulse	55	17400000	3469918	NA
339	Pulse	55	17410000	3479918	NA
339	Pulse	55	17420000	3489918	NA
339	Pulse	55	17430000	3499918	NA
339	Pulse	55	17440000	3509918	NA
339	Pulse	55	17450000	3519918	NA
339	Pulse	55	17460000	3529918	NA
339	Pulse	55	17470000	3539918	NA
339	Pulse	55	17480000	3549918	NA
339	Pulse	55	17490000	3559918	NA
339	Pulse	55	17500000	3569918	NA
339	Pulse	55	17510000	3579918	NA
339	Pulse	55	17520000	3589918	NA
339	Pulse	55	17530000	3599918	NA
339	Pulse	55	17540000	3609918	NA
339	Pulse	55	17550000	3619918	NA
339	Pulse	55	17560000	3629918	NA
339	Pulse	55	17570000	3639918	NA
339	Pulse	55	17580000	3649918	NA
339	Pulse	55	17590000	3659918	NA
339	Pulse	55	17600000	3669918	NA
339	Pulse	55	17610000	3679918	NA
339	Pulse	55	17620000	3689918	NA
339	Pulse	55	17630000	3699918	NA
339	Pulse	55	17640000	3709918	NA
339	Pulse	55	17650000	3719918	NA
339	Pulse	55	17660000	3729918	NA
339	Pulse	55	17670000	3739918	NA
339	Pulse	55	17680000	3749918	NA
339	Pulse	55	17690000	3759918	NA
339	Pulse	55	17700000	3769918	NA
339	Pulse	55	17710000	3779918	NA
339	Pulse	55	17720000	3789918	NA
339	Pulse	55	17730000	3799918	NA
339	Pulse	55	17740000	3809918	NA
339	Pulse	55	17750000	3819918	NA
339	Pulse	55	17760000	3829918	NA
339	Pulse	55	17770000	3839918	NA
339	Pulse	55	17780000	3849918	NA
339	Pulse	55	17790000	3859918	NA
339	Pulse	55	17800000	3869918	NA
339	Pulse	55	17810000	3879918	NA
339	Pulse	55	17820000	3889918	NA
339	Pulse	55	17830000	3899918	NA
339	Pulse	55	17840000	3909918	NA
339	Pulse	55	17850000	3919918	NA
339	Pulse	55	17860000	3929918	NA
339	Pulse	55	17870000	3939918	NA
339	Pulse	55	17880000	3949918	NA
339	Pulse	55	17890000	3959918	NA
339	Pulse	55	17900000	3969918	NA
339	Pulse	55	17910000	3979918	NA
339	Pulse	55	17920000	3989918	NA
339	Pulse	55	17930000	3999918	NA
339	Pulse	55	17940000	4009918	NA
339	Pulse	55	17950000	4019918	NA
339	Pulse	55	17960000	4029918	NA
339	Pulse	55	17970000	4039918	NA
339	Pulse	55	17980000	4049918	NA
339	Pulse	55	17990000	4059918	NA
339	Pulse	55	18000000	4069918	NA
339	Pulse	55	18010000	4079918	NA
339	Pulse	55	18020000	4089918	NA
339	Pulse	55	18030000	4099918	NA
339	Pulse	55	18040000	4109918	NA
339	Pulse	55	18050000	4119918	NA
339	Pulse	55	18060000	4129918	NA
339	Pulse	55	18070000	4139918	NA
339	Pulse	55	18080000	4149918	NA
339	Pulse	55	18090000	4159918	NA
339	Pulse	55	18100000	4169918	NA
339	Pulse	55	18110000	4179918	NA
339	Pulse	55	18120000	4189918	NA
339	Pulse	55	18130000	4199918	NA
339	Pulse	55	18140000	4209918	NA
339	Pulse	55	18150000	4219918	NA
339	Pulse	55	18160000	4229918	NA
339	Pulse	55	18170000	4239918	NA
339	Pulse	55	18180000	4249918	NA
339	Pulse	55	18190000	4259918	NA
339	Pulse	55	18200000	4269918	NA
339	Pulse	55	18210000	4279918	NA
339	Pulse	55	18220000	4289918	NA
339	Pulse	55	18230000	4299918	NA
339	Pulse	55	18240000	4309918	NA
339	Pulse	55	18250000	4319918	NA
339	Pulse	55	18260000	4329918	NA
339	Pulse	55	18270000	4339918	NA
339	Pulse	55	18280000	4349918	NA
339	Pulse	55	18290000	4359918	NA
339	Pulse	55	18300000	4369918	NA
339	Pulse	55	18310000	4379918	NA
339	Pulse	55	18320000	4389918	NA
339	Pulse	55	18330000	4399918	NA
339	Pulse	55	18340000	4409918	NA
339	Pulse	55	18350000	4419918	NA
339	Pulse	55	18360000	4429918	NA
339	Pulse	55	18370000	4439918	NA
339	Pulse	55	18380000	4449918	NA
339	Pulse	55	18390000	4459918	NA
339	Pulse	55	18400000	4469918	NA
339	Pulse	55	18410000	4479918	NA
339	Pulse	55	18420000	4489918	NA
339	Pulse	55	18430000	4499918	NA
339	Pulse	55	18440000	4509918	NA
339	Pulse	55	18450000	4519918	NA
339	Pulse	55	18460000	4529918	NA
339	Pulse	55	18470000	4539918	NA
339	Pulse	55	18480000	4549918	NA
339	Pulse	55	18490000	4559918	NA
339	Pulse	55	18500000	4569918	NA
339	Pulse	55	18510000	4579918	NA
339	Pulse	55	18520000	4589918	NA
339	Pulse	55	18530000	4599918	NA
339	Pulse	55	18540000	4609918	NA
339	Pulse	55	18550000	4619918	NA
339	Pulse	55	18560000	4629918	NA
339	Pulse	55	18570000	4639918	NA
339	Pulse	55	18580000	4649918	NA
339	Pulse	55	18590000	4659918	NA
339	Pulse	55	18600000	4669918	NA
339	Pulse	55	18610000	4679918	NA
339	Pulse	55	18620000	4689918	NA
339	Pulse	55	18630000	4699918	NA
339	Pulse	55	18640000	4709918	NA
339	Pulse	55	18650000	4719918	NA
339	Pulse	55	18660000	4729918	NA
339	Pulse	55	18670000	4739918	NA
339	Pulse	55	18680000	4749918	NA
339	Pulse	55	18690000	4759918	NA
339	Pulse	55	18700000	4769918	NA
339	Pulse	55	18710000	4779918	NA
339	Pulse	55	18720000	4789918	NA
339	Pulse	55	18730000	4799918	NA
339	Pulse	55	18740000	4809918	NA
339	Pulse	55	18750000	4819918	NA
339	Pulse	55	18760000	4829918	NA
339	Pulse	55	18770000	4839918	NA
339	Pulse	55	18780000	4849918	NA
339	Pulse	55	18790000	4859918	NA
339	Pulse	55	18800000	4869918	NA
339	Pulse	55	18810000	4879918	NA
339	Pulse	55	18820000	4889918	NA
339	Pulse	55	18830000	4899918	NA
339	Pulse	55	18840000	4909918	NA
339	Pulse	55	18850000	4919918	NA
339	Pulse	55	18860000	4929918	NA
339	Pulse	55	18870000	4939918	NA
339	Response	1	18875318	4945236	1
340	Pulse	55	18880000	4625	NA
340	Pulse	55	18890000	14625	NA
340	Pulse	55	18900000	24625	NA
340	Pulse	55	18910000	34625	NA
340	Pulse	55	18920000	44625	NA
340	Pulse	55	18930000	54625	NA
340	Pulse	55	18940000	64625	NA
340	Pulse	55	18950000	74625	NA
340	Pulse	55	18960000	84625	NA
340	Pulse	55	18970000	94625	NA
340	Pulse	55	18980000	104625	NA
340	Pulse	55	18990000	114625	NA
340	Pulse	55	19000000	124625	NA
340	Pulse	55	19010000	134625	NA
340	Pulse	55	19020000	144625	NA
340	Pulse	55	19030000	154625	NA
340	Pulse	55	19040000	164625	NA
340	Pulse	55	19050000	174625	NA
340	Pulse	55	19060000	184625	NA
340	Pulse	55	19070000	194625	NA
340	Pulse	55	19080000	204625	NA
340	Pulse	55	19090000	214625	NA
340	Pulse	55	19100000	224625	NA
340	Pulse	55	19110000	234625	NA
340	Pulse	55	19120000	244625	NA
340	Pulse	55	19130000	254625	NA
340	Pulse	55	19140000	264625	NA
340	Pulse	55	19150000	274625	NA
340	Pulse	55	19160000	284625	NA
340	Pulse	55	19170000	294625	NA
340	Pulse	55	19180000	304625	NA
340	Pulse	55	19190000	314625	NA
340	Pulse	55	19200000	324625	NA
340	Pulse	55	19210000	334625	NA
340	Pulse	55	19220000	344625	NA
340	Pulse	55	19230000	354625	NA
340	Pulse	55	19240000	364625	NA
340	Pulse	55	19250000	374625	NA
340	Pulse	55	19260000	384625	NA
340	Pulse	55	19270000	394625	NA
340	Pulse	55	19280000	404625	NA
340	Pulse	55	19290000	414625	NA
340	Pulse	55	19300000	424625	NA
340	Pulse	55	19310000	434625	NA
340	Pulse	55	19320000	444625	NA
340	Pulse	55	19330000	454625	NA
340	Pulse	55	19340000	464625	NA
340	Pulse	55	19350000	474625	NA
340	Pulse	55	19360000	484625	NA
340	Pulse	55	19370000	494625	NA
340	Pulse	55	19380000	504625	NA
340	Pulse	55	19390000	514625	NA
340	Pulse	55	19400000	524625	NA
340	Pulse	55	19410000	534625	NA
340	Pulse	55	19420000	544625	NA
340	Pulse	55	19430000	554625	NA
340	Pulse	55	19440000	564625	NA
340	Pulse	55	19450000	574625	NA
340	Pulse	55	19460000	584625	NA
340	Pulse	55	19470000	594625	NA
340	Pulse	55	19480000	604625	NA
340	Pulse	55	19490000	614625	NA
340	Pulse	55	19500000	624625	NA
340	Pulse	55	19510000	634625	NA
340	Pulse	55	19520000	644625	NA
340	Pulse	55	19530000	654625	NA
340	Pulse	55	19540000	664625	NA
340	Pulse	55	19550000	674625	NA
340	Pulse	55	19560000	684625	NA
340	Pulse	55	19570000	694625	NA
340	Pulse	55	19580000	704625	NA
340	Pulse	55	19590000	714625	NA
340	Pulse	55	19600000	724625	NA
340	Pulse	55	19610000	734625	NA
340	Pulse	55	19620000	744625	NA
340	Pulse	55	19630000	754625	NA
340	Pulse	55	19640000	764625	NA
340	Pulse	55	19650000	774625	NA
340	Pulse	55	19660000	784625	NA
340	Pulse	55	19670000	794625	NA
340	Pulse	55	19680000	804625	NA
340	Pulse	55	19690000	814625	NA
340	Pulse	55	19700000	824625	NA
340	Pulse	55	19710000	834625	NA
340	Pulse	55	19720000	844625	NA
340	Pulse	55	19730000	854625	NA
340	Pulse	55	19740000	864625	NA
340	Pulse	55	19750000	874625	NA
340	Pulse	55	19760000	884625	NA
340	Pulse	55	19770000	894625	NA
340	Pulse	55	19780000	904625	NA
340	Pulse	55	19790000	914625	NA
340	Pulse	55	19800000	924625	NA
340	Pulse	55	19810000	934625	NA
340	Pulse	55	19820000	944625	NA
340	Pulse	55	19830000	954625	NA
340	Pulse	55	19840000	964625	NA
340	Pulse	55	19850000	974625	NA
340	Pulse	55	19860000	984625	NA
340	Pulse	55	19870000	994625	NA
340	Pulse	55	19880000	1004625	NA
340	Pulse	55	19890000	1014625	NA
340	Pulse	55	19900000	1024625	NA
340	Pulse	55	19910000	1034625	NA
340	Pulse	55	19920000	1044625	NA
340	Pulse	55	19930000	1054625	NA
340	Pulse	55	19940000	1064625	NA
340	Pulse	55	19950000	1074625	NA
340	Pulse	55	19960000	1084625	NA
340	Pulse	55	19970000	1094625	NA
340	Pulse	55	19980000	1104625	NA
340	Pulse	55	19990000	1114625	NA
340	Pulse	55	20000000	1124625	NA
340	Pulse	55	20010000	1134625	NA
340	Pulse	55	20020000	1144625	NA
340	Pulse	55	20030000	1154625	NA
340	Pulse	55	20040000	1164625	NA
340	Pulse	55	20050000	1174625	NA
340	Pulse	55	20060000	1184625	NA
340	Pulse	55	20070000	1194625	NA
340	Pulse	55	20080000	1204625	NA
340	Pulse	55	20090000	1214625	NA
340	Pulse	55	20100000	1224625	NA
340	Pulse	55	20110000	1234625	NA
340	Pulse	55	20120000	1244625	NA
340	Pulse	55	20130000	1254625	NA
340	Pulse	55	20140000	1264625	NA
340	Pulse	55	20150000	1274625	NA
340	Pulse	55	20160000	1284625	NA
340	Pulse	55	20170000	1294625	NA
340	Pulse	55	20180000	1304625	NA
340	Pulse	55	20190000	1314625	NA
340	Pulse	55	20200000	1324625	NA
340	Pulse	55	20210000	1334625	NA
340	Pulse	55	20220000	1344625	NA
340	Pulse	55	20230000	1354625	NA
340	Pulse	55	20240000	1364625	NA
340	Pulse	55	20250000	1374625	NA
340	Pulse	55	20260000	1384625	NA
340	Pulse	55	20270000	1394625	NA
340	Pulse	55	20280000	1404625	NA
340	Pulse	55	20290000	1414625	NA
340	Pulse	55	20300000	1424625	NA
340	Pulse	55	20310000	1434625	NA
340	Pulse	55	20320000	1444625	NA
340	Pulse	55	20330000	1454625	NA
340	Pulse	55	20340000	1464625	NA
340	Pulse	55	20350000	1474625	NA
340	Pulse	55	20360000	1484625	NA
340	Pulse	55	20370000	1494625	NA
340	Pulse	55	20380000	1504625	NA
340	Pulse	55	20390000	1514625	NA
340	Pulse	55	20400000	1524625	NA
340	Pulse	55	20410000	1534625	NA
340	Pulse	55	20420000	1544625	NA
340	Pulse	55	20430000	1554625	NA
340	Pulse	55	20440000	1564625	NA
340	Response	1	20444753	1569378	1
