Scenario - Slideshow_D2.sce
Logfile written - 11/10/2021 17:29:11

Trial	Event Type	Code	Time	TTime	Uncertainty	Duration	Uncertainty	ReqTime	ReqDur	Stim Type	Pair Index

0	Pulse	55	0	0	NA
1	Pulse	55	10000	9334	NA
1	Pulse	55	20000	19334	NA
1	Pulse	55	30000	29334	NA
1	Pulse	55	40000	39334	NA
2	Pulse	55	50000	8668	NA
2	Pulse	55	60000	18668	NA
2	Pulse	55	70000	28668	NA
2	Pulse	55	80000	38668	NA
3	Pulse	55	90000	8001	NA
3	Pulse	55	100000	18001	NA
3	Pulse	55	110000	28001	NA
3	Pulse	55	120000	38001	NA
4	Pulse	55	130000	7335	NA
4	Pulse	55	140000	17335	NA
4	Pulse	55	150000	27335	NA
4	Pulse	55	160000	37335	NA
5	Pulse	55	170000	6669	NA
5	Pulse	55	180000	16669	NA
5	Pulse	55	190000	26669	NA
5	Pulse	55	200000	36669	NA
6	Pulse	55	210000	6003	NA
6	Pulse	55	220000	16003	NA
6	Pulse	55	230000	26003	NA
6	Pulse	55	240000	36003	NA
7	Pulse	55	250000	5337	NA
7	Pulse	55	260000	15337	NA
7	Pulse	55	270000	25337	NA
7	Pulse	55	280000	35337	NA
8	Pulse	55	290000	4671	NA
8	Pulse	55	300000	14671	NA
8	Pulse	55	310000	24671	NA
8	Pulse	55	320000	34671	NA
9	Pulse	55	330000	4005	NA
9	Pulse	55	340000	14005	NA
9	Pulse	55	350000	24005	NA
9	Pulse	55	360000	34005	NA
10	Pulse	55	370000	3505	NA
10	Pulse	55	380000	13505	NA
10	Pulse	55	390000	23505	NA
10	Pulse	55	400000	33505	NA
11	Pulse	55	410000	2839	NA
11	Pulse	55	420000	12839	NA
11	Pulse	55	430000	22839	NA
11	Pulse	55	440000	32839	NA
12	Pulse	55	450000	2173	NA
12	Pulse	55	460000	12173	NA
12	Pulse	55	470000	22173	NA
12	Pulse	55	480000	32173	NA
13	Pulse	55	490000	1507	NA
13	Pulse	55	500000	11507	NA
13	Pulse	55	510000	21507	NA
13	Pulse	55	520000	31507	NA
14	Pulse	55	530000	841	NA
14	Pulse	55	540000	10841	NA
14	Pulse	55	550000	20841	NA
14	Pulse	55	560000	30841	NA
15	Pulse	55	570000	175	NA
15	Pulse	55	580000	10175	NA
15	Pulse	55	590000	20175	NA
15	Pulse	55	600000	30175	NA
15	Pulse	55	610000	40175	NA
16	Pulse	55	620000	9508	NA
16	Pulse	55	630000	19508	NA
16	Pulse	55	640000	29508	NA
16	Pulse	55	650000	39508	NA
17	Pulse	55	660000	8842	NA
17	Pulse	55	670000	18842	NA
17	Pulse	55	680000	28842	NA
17	Pulse	55	690000	38842	NA
18	Pulse	55	700000	8176	NA
18	Pulse	55	710000	18176	NA
18	Pulse	55	720000	28176	NA
18	Pulse	55	730000	38176	NA
19	Pulse	55	740000	7510	NA
19	Pulse	55	750000	17510	NA
19	Pulse	55	760000	27510	NA
19	Pulse	55	770000	37510	NA
20	Pulse	55	780000	6844	NA
20	Pulse	55	790000	16844	NA
20	Pulse	55	800000	26844	NA
20	Pulse	55	810000	36844	NA
21	Pulse	55	820000	6178	NA
21	Pulse	55	830000	16178	NA
21	Pulse	55	840000	26178	NA
21	Pulse	55	850000	36178	NA
22	Pulse	55	860000	5512	NA
22	Pulse	55	870000	15512	NA
22	Pulse	55	880000	25512	NA
22	Pulse	55	890000	35512	NA
23	Pulse	55	900000	4846	NA
23	Pulse	55	910000	14846	NA
23	Pulse	55	920000	24846	NA
23	Pulse	55	930000	34846	NA
24	Pulse	55	940000	4180	NA
24	Pulse	55	950000	14180	NA
24	Pulse	55	960000	24180	NA
24	Pulse	55	970000	34180	NA
25	Pulse	55	980000	3513	NA
25	Pulse	55	990000	13513	NA
25	Pulse	55	1000000	23513	NA
25	Pulse	55	1010000	33513	NA
26	Pulse	55	1020000	2847	NA
26	Pulse	55	1030000	12847	NA
26	Pulse	55	1040000	22847	NA
26	Pulse	55	1050000	32847	NA
27	Pulse	55	1060000	2181	NA
27	Pulse	55	1070000	12181	NA
27	Pulse	55	1080000	22181	NA
27	Pulse	55	1090000	32181	NA
28	Pulse	55	1100000	1515	NA
28	Pulse	55	1110000	11515	NA
28	Pulse	55	1120000	21515	NA
28	Pulse	55	1130000	31515	NA
29	Pulse	55	1140000	849	NA
29	Pulse	55	1150000	10849	NA
29	Pulse	55	1160000	20849	NA
29	Pulse	55	1170000	30849	NA
30	Pulse	55	1180000	183	NA
30	Pulse	55	1190000	10183	NA
30	Pulse	55	1200000	20183	NA
30	Pulse	55	1210000	30183	NA
30	Pulse	55	1220000	40183	NA
31	Pulse	55	1230000	9517	NA
31	Pulse	55	1240000	19517	NA
31	Pulse	55	1250000	29517	NA
31	Pulse	55	1260000	39517	NA
32	Pulse	55	1270000	8850	NA
32	Pulse	55	1280000	18850	NA
32	Pulse	55	1290000	28850	NA
32	Pulse	55	1300000	38850	NA
33	Pulse	55	1310000	8184	NA
33	Pulse	55	1320000	18184	NA
33	Pulse	55	1330000	28184	NA
33	Pulse	55	1340000	38184	NA
34	Pulse	55	1350000	7518	NA
34	Pulse	55	1360000	17518	NA
34	Pulse	55	1370000	27518	NA
34	Pulse	55	1380000	37518	NA
35	Pulse	55	1390000	6852	NA
35	Pulse	55	1400000	16852	NA
35	Pulse	55	1410000	26852	NA
35	Pulse	55	1420000	36852	NA
36	Pulse	55	1430000	6186	NA
36	Pulse	55	1440000	16186	NA
36	Pulse	55	1450000	26186	NA
36	Pulse	55	1460000	36186	NA
37	Pulse	55	1470000	5520	NA
37	Pulse	55	1480000	15520	NA
37	Pulse	55	1490000	25520	NA
37	Pulse	55	1500000	35520	NA
38	Pulse	55	1510000	4687	NA
38	Pulse	55	1520000	14687	NA
38	Pulse	55	1530000	24687	NA
38	Pulse	55	1540000	34687	NA
39	Pulse	55	1550000	4021	NA
39	Pulse	55	1560000	14021	NA
39	Pulse	55	1570000	24021	NA
39	Pulse	55	1580000	34021	NA
40	Pulse	55	1590000	3355	NA
40	Pulse	55	1600000	13355	NA
40	Pulse	55	1610000	23355	NA
40	Pulse	55	1620000	33355	NA
41	Pulse	55	1630000	2689	NA
41	Pulse	55	1640000	12689	NA
41	Pulse	55	1650000	22689	NA
41	Pulse	55	1660000	32689	NA
42	Pulse	55	1670000	2023	NA
42	Pulse	55	1680000	12023	NA
42	Pulse	55	1690000	22023	NA
42	Pulse	55	1700000	32023	NA
43	Pulse	55	1710000	1356	NA
43	Pulse	55	1720000	11356	NA
43	Pulse	55	1730000	21356	NA
43	Pulse	55	1740000	31356	NA
44	Pulse	55	1750000	690	NA
44	Pulse	55	1760000	10690	NA
44	Pulse	55	1770000	20690	NA
44	Pulse	55	1780000	30690	NA
45	Pulse	55	1790000	24	NA
45	Pulse	55	1800000	10024	NA
45	Pulse	55	1810000	20024	NA
45	Pulse	55	1820000	30024	NA
45	Pulse	55	1830000	40024	NA
46	Pulse	55	1840000	9191	NA
46	Pulse	55	1850000	19191	NA
46	Pulse	55	1860000	29191	NA
46	Pulse	55	1870000	39191	NA
47	Pulse	55	1880000	8525	NA
47	Pulse	55	1890000	18525	NA
47	Pulse	55	1900000	28525	NA
47	Pulse	55	1910000	38525	NA
48	Pulse	55	1920000	7859	NA
48	Pulse	55	1930000	17859	NA
48	Pulse	55	1940000	27859	NA
48	Pulse	55	1950000	37859	NA
49	Pulse	55	1960000	7193	NA
49	Pulse	55	1970000	17193	NA
49	Pulse	55	1980000	27193	NA
49	Pulse	55	1990000	37193	NA
50	Pulse	55	2000000	6527	NA
50	Pulse	55	2010000	16527	NA
50	Pulse	55	2020000	26527	NA
50	Pulse	55	2030000	36527	NA
51	Pulse	55	2040000	5861	NA
51	Pulse	55	2050000	15861	NA
51	Pulse	55	2060000	25861	NA
51	Pulse	55	2070000	35861	NA
52	Pulse	55	2080000	5195	NA
52	Pulse	55	2090000	15195	NA
52	Pulse	55	2100000	25195	NA
52	Pulse	55	2110000	35195	NA
53	Pulse	55	2120000	4529	NA
53	Pulse	55	2130000	14529	NA
53	Pulse	55	2140000	24529	NA
53	Pulse	55	2150000	34529	NA
54	Pulse	55	2160000	3862	NA
54	Pulse	55	2170000	13862	NA
54	Pulse	55	2180000	23862	NA
54	Pulse	55	2190000	33862	NA
55	Pulse	55	2200000	3196	NA
55	Pulse	55	2210000	13196	NA
55	Pulse	55	2220000	23196	NA
55	Pulse	55	2230000	33196	NA
56	Pulse	55	2240000	2364	NA
56	Pulse	55	2250000	12364	NA
56	Pulse	55	2260000	22364	NA
56	Pulse	55	2270000	32364	NA
57	Pulse	55	2280000	1697	NA
57	Pulse	55	2290000	11697	NA
57	Pulse	55	2300000	21697	NA
57	Pulse	55	2310000	31697	NA
58	Pulse	55	2320000	1031	NA
58	Pulse	55	2330000	11031	NA
58	Pulse	55	2340000	21031	NA
58	Pulse	55	2350000	31031	NA
59	Pulse	55	2360000	365	NA
59	Pulse	55	2370000	10365	NA
59	Pulse	55	2380000	20365	NA
59	Pulse	55	2390000	30365	NA
59	Pulse	55	2400000	40365	NA
60	Pulse	55	2410000	9699	NA
60	Pulse	55	2420000	19699	NA
60	Pulse	55	2430000	29699	NA
60	Pulse	55	2440000	39699	NA
61	Pulse	55	2450000	9033	NA
61	Pulse	55	2460000	19033	NA
61	Pulse	55	2470000	29033	NA
61	Pulse	55	2480000	39033	NA
62	Pulse	55	2490000	8367	NA
62	Pulse	55	2500000	18367	NA
62	Pulse	55	2510000	28367	NA
62	Pulse	55	2520000	38367	NA
63	Pulse	55	2530000	7701	NA
63	Pulse	55	2540000	17701	NA
63	Pulse	55	2550000	27701	NA
63	Pulse	55	2560000	37701	NA
64	Pulse	55	2570000	7034	NA
64	Pulse	55	2580000	17034	NA
64	Pulse	55	2590000	27034	NA
64	Pulse	55	2600000	37034	NA
65	Pulse	55	2610000	6202	NA
65	Pulse	55	2620000	16202	NA
65	Pulse	55	2630000	26202	NA
65	Pulse	55	2640000	36202	NA
66	Pulse	55	2650000	5536	NA
66	Pulse	55	2660000	15536	NA
66	Pulse	55	2670000	25536	NA
66	Pulse	55	2680000	35536	NA
67	Pulse	55	2690000	4869	NA
67	Pulse	55	2700000	14869	NA
67	Pulse	55	2710000	24869	NA
67	Pulse	55	2720000	34869	NA
68	Pulse	55	2730000	4203	NA
68	Pulse	55	2740000	14203	NA
68	Pulse	55	2750000	24203	NA
68	Pulse	55	2760000	34203	NA
69	Pulse	55	2770000	3537	NA
69	Pulse	55	2780000	13537	NA
69	Pulse	55	2790000	23537	NA
69	Pulse	55	2800000	33537	NA
70	Pulse	55	2810000	2871	NA
70	Pulse	55	2820000	12871	NA
70	Pulse	55	2830000	22871	NA
70	Pulse	55	2840000	32871	NA
71	Pulse	55	2850000	2205	NA
71	Pulse	55	2860000	12205	NA
71	Pulse	55	2870000	22205	NA
71	Pulse	55	2880000	32205	NA
72	Pulse	55	2890000	1539	NA
72	Pulse	55	2900000	11539	NA
72	Pulse	55	2910000	21539	NA
72	Pulse	55	2920000	31539	NA
73	Pulse	55	2930000	873	NA
73	Pulse	55	2940000	10873	NA
73	Pulse	55	2950000	20873	NA
73	Pulse	55	2960000	30873	NA
74	Pulse	55	2970000	207	NA
74	Pulse	55	2980000	10207	NA
74	Pulse	55	2990000	20207	NA
74	Pulse	55	3000000	30207	NA
74	Pulse	55	3010000	40207	NA
75	Pulse	55	3020000	9540	NA
75	Pulse	55	3030000	19540	NA
75	Pulse	55	3040000	29540	NA
75	Pulse	55	3050000	39540	NA
76	Pulse	55	3060000	8874	NA
76	Pulse	55	3070000	18874	NA
76	Pulse	55	3080000	28874	NA
76	Pulse	55	3090000	38874	NA
77	Pulse	55	3100000	8208	NA
77	Pulse	55	3110000	18208	NA
77	Pulse	55	3120000	28208	NA
77	Pulse	55	3130000	38208	NA
78	Pulse	55	3140000	7542	NA
78	Pulse	55	3150000	17542	NA
78	Pulse	55	3160000	27542	NA
78	Pulse	55	3170000	37542	NA
79	Pulse	55	3180000	6876	NA
79	Pulse	55	3190000	16876	NA
79	Pulse	55	3200000	26876	NA
79	Pulse	55	3210000	36876	NA
80	Pulse	55	3220000	6210	NA
80	Pulse	55	3230000	16210	NA
80	Pulse	55	3240000	26210	NA
80	Pulse	55	3250000	36210	NA
81	Pulse	55	3260000	5544	NA
81	Pulse	55	3270000	15544	NA
81	Pulse	55	3280000	25544	NA
81	Pulse	55	3290000	35544	NA
82	Pulse	55	3300000	4878	NA
82	Pulse	55	3310000	14878	NA
82	Pulse	55	3320000	24878	NA
82	Pulse	55	3330000	34878	NA
83	Pulse	55	3340000	4212	NA
83	Pulse	55	3350000	14212	NA
83	Pulse	55	3360000	24212	NA
83	Pulse	55	3370000	34212	NA
84	Pulse	55	3380000	3545	NA
84	Pulse	55	3390000	13545	NA
84	Pulse	55	3400000	23545	NA
84	Pulse	55	3410000	33545	NA
85	Pulse	55	3420000	2879	NA
85	Pulse	55	3430000	12879	NA
85	Pulse	55	3440000	22879	NA
85	Pulse	55	3450000	32879	NA
86	Pulse	55	3460000	2213	NA
86	Pulse	55	3470000	12213	NA
86	Pulse	55	3480000	22213	NA
86	Pulse	55	3490000	32213	NA
87	Pulse	55	3500000	1547	NA
87	Pulse	55	3510000	11547	NA
87	Pulse	55	3520000	21547	NA
87	Pulse	55	3530000	31547	NA
88	Pulse	55	3540000	881	NA
88	Pulse	55	3550000	10881	NA
88	Pulse	55	3560000	20881	NA
88	Pulse	55	3570000	30881	NA
89	Pulse	55	3580000	215	NA
89	Pulse	55	3590000	10215	NA
89	Pulse	55	3600000	20215	NA
89	Pulse	55	3610000	30215	NA
89	Pulse	55	3620000	40215	NA
90	Pulse	55	3630000	9549	NA
90	Pulse	55	3640000	19549	NA
90	Pulse	55	3650000	29549	NA
90	Pulse	55	3660000	39549	NA
91	Pulse	55	3670000	8883	NA
91	Pulse	55	3680000	18883	NA
91	Pulse	55	3690000	28883	NA
91	Pulse	55	3700000	38883	NA
92	Pulse	55	3710000	8216	NA
92	Pulse	55	3720000	18216	NA
92	Pulse	55	3730000	28216	NA
92	Pulse	55	3740000	38216	NA
93	Pulse	55	3750000	7550	NA
93	Pulse	55	3760000	17550	NA
93	Pulse	55	3770000	27550	NA
93	Pulse	55	3780000	37550	NA
94	Pulse	55	3790000	6884	NA
94	Pulse	55	3800000	16884	NA
94	Pulse	55	3810000	26884	NA
94	Pulse	55	3820000	36884	NA
95	Pulse	55	3830000	6218	NA
95	Pulse	55	3840000	16218	NA
95	Pulse	55	3850000	26218	NA
95	Pulse	55	3860000	36218	NA
96	Pulse	55	3870000	5552	NA
96	Pulse	55	3880000	15552	NA
96	Pulse	55	3890000	25552	NA
96	Pulse	55	3900000	35552	NA
97	Pulse	55	3910000	4886	NA
97	Pulse	55	3920000	14886	NA
97	Pulse	55	3930000	24886	NA
97	Pulse	55	3940000	34886	NA
98	Pulse	55	3950000	4220	NA
98	Pulse	55	3960000	14220	NA
98	Pulse	55	3970000	24220	NA
98	Pulse	55	3980000	34220	NA
99	Pulse	55	3990000	3554	NA
99	Pulse	55	4000000	13554	NA
99	Pulse	55	4010000	23554	NA
99	Pulse	55	4020000	33554	NA
100	Pulse	55	4030000	2887	NA
100	Pulse	55	4040000	12887	NA
100	Pulse	55	4050000	22887	NA
100	Pulse	55	4060000	32887	NA
101	Pulse	55	4070000	2221	NA
101	Pulse	55	4080000	12221	NA
101	Pulse	55	4090000	22221	NA
101	Pulse	55	4100000	32221	NA
102	Pulse	55	4110000	1555	NA
102	Pulse	55	4120000	11555	NA
102	Pulse	55	4130000	21555	NA
102	Pulse	55	4140000	31555	NA
103	Pulse	55	4150000	889	NA
103	Pulse	55	4160000	10889	NA
103	Pulse	55	4170000	20889	NA
103	Pulse	55	4180000	30889	NA
104	Pulse	55	4190000	223	NA
104	Pulse	55	4200000	10223	NA
104	Pulse	55	4210000	20223	NA
104	Pulse	55	4220000	30223	NA
104	Pulse	55	4230000	40223	NA
105	Pulse	55	4240000	9557	NA
105	Pulse	55	4250000	19557	NA
105	Pulse	55	4260000	29557	NA
105	Pulse	55	4270000	39557	NA
106	Pulse	55	4280000	8891	NA
106	Pulse	55	4290000	18891	NA
106	Pulse	55	4300000	28891	NA
106	Pulse	55	4310000	38891	NA
107	Pulse	55	4320000	8391	NA
107	Pulse	55	4330000	18391	NA
107	Pulse	55	4340000	28391	NA
107	Pulse	55	4350000	38391	NA
108	Pulse	55	4360000	7892	NA
108	Pulse	55	4370000	17892	NA
108	Pulse	55	4380000	27892	NA
108	Pulse	55	4390000	37892	NA
109	Pulse	55	4400000	7226	NA
109	Pulse	55	4410000	17226	NA
109	Pulse	55	4420000	27226	NA
109	Pulse	55	4430000	37226	NA
110	Pulse	55	4440000	6559	NA
110	Pulse	55	4450000	16559	NA
110	Pulse	55	4460000	26559	NA
110	Pulse	55	4470000	36559	NA
111	Pulse	55	4480000	5893	NA
111	Pulse	55	4490000	15893	NA
111	Pulse	55	4500000	25893	NA
111	Pulse	55	4510000	35893	NA
112	Pulse	55	4520000	5227	NA
112	Pulse	55	4530000	15227	NA
112	Pulse	55	4540000	25227	NA
112	Pulse	55	4550000	35227	NA
113	Pulse	55	4560000	4561	NA
113	Pulse	55	4570000	14561	NA
113	Pulse	55	4580000	24561	NA
113	Pulse	55	4590000	34561	NA
114	Pulse	55	4600000	3895	NA
114	Pulse	55	4610000	13895	NA
114	Pulse	55	4620000	23895	NA
114	Pulse	55	4630000	33895	NA
115	Pulse	55	4640000	3395	NA
115	Pulse	55	4650000	13395	NA
115	Pulse	55	4660000	23395	NA
115	Pulse	55	4670000	33395	NA
116	Pulse	55	4680000	2729	NA
116	Pulse	55	4690000	12729	NA
116	Pulse	55	4700000	22729	NA
116	Pulse	55	4710000	32729	NA
117	Pulse	55	4720000	2063	NA
117	Pulse	55	4730000	12063	NA
117	Pulse	55	4740000	22063	NA
117	Pulse	55	4750000	32063	NA
118	Pulse	55	4760000	1564	NA
118	Pulse	55	4770000	11564	NA
118	Pulse	55	4780000	21564	NA
118	Pulse	55	4790000	31564	NA
119	Pulse	55	4800000	898	NA
119	Pulse	55	4810000	10898	NA
119	Pulse	55	4820000	20898	NA
119	Pulse	55	4830000	30898	NA
120	Pulse	55	4840000	232	NA
120	Pulse	55	4850000	10232	NA
120	Pulse	55	4860000	20232	NA
120	Pulse	55	4870000	30232	NA
120	Pulse	55	4880000	40232	NA
121	Pulse	55	4890000	9732	NA
121	Pulse	55	4900000	19732	NA
121	Pulse	55	4910000	29732	NA
121	Pulse	55	4920000	39732	NA
122	Pulse	55	4930000	9066	NA
122	Pulse	55	4940000	19066	NA
122	Pulse	55	4950000	29066	NA
122	Pulse	55	4960000	39066	NA
123	Pulse	55	4970000	8567	NA
123	Pulse	55	4980000	18567	NA
123	Pulse	55	4990000	28567	NA
123	Pulse	55	5000000	38567	NA
124	Pulse	55	5010000	8067	NA
124	Pulse	55	5020000	18067	NA
124	Pulse	55	5030000	28067	NA
124	Pulse	55	5040000	38067	NA
125	Pulse	55	5050000	7568	NA
125	Pulse	55	5060000	17568	NA
125	Pulse	55	5070000	27568	NA
125	Pulse	55	5080000	37568	NA
126	Pulse	55	5090000	6901	NA
126	Pulse	55	5100000	16901	NA
126	Pulse	55	5110000	26901	NA
126	Pulse	55	5120000	36901	NA
127	Pulse	55	5130000	6235	NA
127	Pulse	55	5140000	16235	NA
127	Pulse	55	5150000	26235	NA
127	Pulse	55	5160000	36235	NA
128	Pulse	55	5170000	5569	NA
128	Pulse	55	5180000	15569	NA
128	Pulse	55	5190000	25569	NA
128	Pulse	55	5200000	35569	NA
129	Pulse	55	5210000	4903	NA
129	Pulse	55	5220000	14903	NA
129	Pulse	55	5230000	24903	NA
129	Pulse	55	5240000	34903	NA
130	Pulse	55	5250000	4237	NA
130	Pulse	55	5260000	14237	NA
130	Pulse	55	5270000	24237	NA
130	Pulse	55	5280000	34237	NA
131	Pulse	55	5290000	3571	NA
131	Pulse	55	5300000	13571	NA
131	Pulse	55	5310000	23571	NA
131	Pulse	55	5320000	33571	NA
132	Pulse	55	5330000	3071	NA
132	Pulse	55	5340000	13071	NA
132	Pulse	55	5350000	23071	NA
132	Pulse	55	5360000	33071	NA
133	Pulse	55	5370000	2405	NA
133	Pulse	55	5380000	12405	NA
133	Pulse	55	5390000	22405	NA
133	Pulse	55	5400000	32405	NA
134	Pulse	55	5410000	1739	NA
134	Pulse	55	5420000	11739	NA
134	Pulse	55	5430000	21739	NA
134	Pulse	55	5440000	31739	NA
135	Pulse	55	5450000	1073	NA
135	Pulse	55	5460000	11073	NA
135	Pulse	55	5470000	21073	NA
135	Pulse	55	5480000	31073	NA
136	Pulse	55	5490000	407	NA
136	Pulse	55	5500000	10407	NA
136	Pulse	55	5510000	20407	NA
136	Pulse	55	5520000	30407	NA
136	Pulse	55	5530000	40407	NA
137	Pulse	55	5540000	9741	NA
137	Pulse	55	5550000	19741	NA
137	Pulse	55	5560000	29741	NA
137	Pulse	55	5570000	39741	NA
138	Pulse	55	5580000	9241	NA
138	Pulse	55	5590000	19241	NA
138	Pulse	55	5600000	29241	NA
138	Pulse	55	5610000	39241	NA
139	Pulse	55	5620000	8575	NA
139	Pulse	55	5630000	18575	NA
139	Pulse	55	5640000	28575	NA
139	Pulse	55	5650000	38575	NA
140	Pulse	55	5660000	7909	NA
140	Pulse	55	5670000	17909	NA
140	Pulse	55	5680000	27909	NA
140	Pulse	55	5690000	37909	NA
141	Pulse	55	5700000	7410	NA
141	Pulse	55	5710000	17410	NA
141	Pulse	55	5720000	27410	NA
141	Pulse	55	5730000	37410	NA
142	Pulse	55	5740000	6744	NA
142	Pulse	55	5750000	16744	NA
142	Pulse	55	5760000	26744	NA
142	Pulse	55	5770000	36744	NA
143	Pulse	55	5780000	6077	NA
143	Pulse	55	5790000	16077	NA
143	Pulse	55	5800000	26077	NA
143	Pulse	55	5810000	36077	NA
144	Pulse	55	5820000	5578	NA
144	Pulse	55	5830000	15578	NA
144	Pulse	55	5840000	25578	NA
144	Pulse	55	5850000	35578	NA
145	Pulse	55	5860000	5078	NA
145	Pulse	55	5870000	15078	NA
145	Pulse	55	5880000	25078	NA
145	Pulse	55	5890000	35078	NA
146	Pulse	55	5900000	4412	NA
146	Pulse	55	5910000	14412	NA
146	Pulse	55	5920000	24412	NA
146	Pulse	55	5930000	34412	NA
147	Pulse	55	5940000	3746	NA
147	Pulse	55	5950000	13746	NA
147	Pulse	55	5960000	23746	NA
147	Pulse	55	5970000	33746	NA
148	Pulse	55	5980000	3080	NA
148	Pulse	55	5990000	13080	NA
148	Pulse	55	6000000	23080	NA
148	Pulse	55	6010000	33080	NA
149	Pulse	55	6020000	2414	NA
149	Pulse	55	6030000	12414	NA
149	Pulse	55	6040000	22414	NA
149	Pulse	55	6050000	32414	NA
150	Pulse	55	6060000	1748	NA
150	Pulse	55	6070000	11748	NA
150	Pulse	55	6080000	21748	NA
150	Pulse	55	6090000	31748	NA
151	Pulse	55	6100000	1082	NA
151	Pulse	55	6110000	11082	NA
151	Pulse	55	6120000	21082	NA
151	Pulse	55	6130000	31082	NA
152	Pulse	55	6140000	416	NA
152	Pulse	55	6150000	10416	NA
152	Pulse	55	6160000	20416	NA
152	Pulse	55	6170000	30416	NA
152	Pulse	55	6180000	40416	NA
153	Pulse	55	6190000	9916	NA
153	Pulse	55	6200000	19916	NA
153	Pulse	55	6210000	29916	NA
153	Pulse	55	6220000	39916	NA
154	Pulse	55	6230000	9417	NA
154	Pulse	55	6240000	19417	NA
154	Pulse	55	6250000	29417	NA
154	Pulse	55	6260000	39417	NA
155	Pulse	55	6270000	8917	NA
155	Pulse	55	6280000	18917	NA
155	Pulse	55	6290000	28917	NA
155	Pulse	55	6300000	38917	NA
156	Pulse	55	6310000	8418	NA
156	Pulse	55	6320000	18418	NA
156	Pulse	55	6330000	28418	NA
156	Pulse	55	6340000	38418	NA
157	Pulse	55	6350000	7752	NA
157	Pulse	55	6360000	17752	NA
157	Pulse	55	6370000	27752	NA
157	Pulse	55	6380000	37752	NA
158	Pulse	55	6390000	7252	NA
158	Pulse	55	6400000	17252	NA
158	Pulse	55	6410000	27252	NA
158	Pulse	55	6420000	37252	NA
159	Pulse	55	6430000	6586	NA
159	Pulse	55	6440000	16586	NA
159	Pulse	55	6450000	26586	NA
159	Pulse	55	6460000	36586	NA
160	Pulse	55	6470000	5920	NA
160	Pulse	55	6480000	15920	NA
160	Pulse	55	6490000	25920	NA
160	Pulse	55	6500000	35920	NA
161	Pulse	55	6510000	5254	NA
161	Pulse	55	6520000	15254	NA
161	Pulse	55	6530000	25254	NA
161	Pulse	55	6540000	35254	NA
162	Pulse	55	6550000	4754	NA
162	Pulse	55	6560000	14754	NA
162	Pulse	55	6570000	24754	NA
162	Pulse	55	6580000	34754	NA
163	Pulse	55	6590000	4088	NA
163	Pulse	55	6600000	14088	NA
163	Pulse	55	6610000	24088	NA
163	Pulse	55	6620000	34088	NA
164	Pulse	55	6630000	3422	NA
164	Pulse	55	6640000	13422	NA
164	Pulse	55	6650000	23422	NA
164	Pulse	55	6660000	33422	NA
165	Pulse	55	6670000	2756	NA
165	Pulse	55	6680000	12756	NA
165	Pulse	55	6690000	22756	NA
165	Pulse	55	6700000	32756	NA
166	Pulse	55	6710000	2090	NA
166	Pulse	55	6720000	12090	NA
166	Pulse	55	6730000	22090	NA
166	Pulse	55	6740000	32090	NA
167	Pulse	55	6750000	1424	NA
167	Pulse	55	6760000	11424	NA
167	Pulse	55	6770000	21424	NA
167	Pulse	55	6780000	31424	NA
168	Pulse	55	6790000	758	NA
168	Pulse	55	6800000	10758	NA
168	Pulse	55	6810000	20758	NA
168	Pulse	55	6820000	30758	NA
169	Pulse	55	6830000	258	NA
169	Pulse	55	6840000	10258	NA
169	Pulse	55	6850000	20258	NA
169	Pulse	55	6860000	30258	NA
169	Pulse	55	6870000	40258	NA
170	Pulse	55	6880000	9592	NA
170	Pulse	55	6890000	19592	NA
170	Pulse	55	6900000	29592	NA
170	Pulse	55	6910000	39592	NA
171	Pulse	55	6920000	9093	NA
171	Pulse	55	6930000	19093	NA
171	Pulse	55	6940000	29093	NA
171	Pulse	55	6950000	39093	NA
172	Pulse	55	6960000	8426	NA
172	Pulse	55	6970000	18426	NA
172	Pulse	55	6980000	28426	NA
172	Pulse	55	6990000	38426	NA
173	Pulse	55	7000000	7760	NA
173	Pulse	55	7010000	17760	NA
173	Pulse	55	7020000	27760	NA
173	Pulse	55	7030000	37760	NA
174	Pulse	55	7040000	7261	NA
174	Pulse	55	7050000	17261	NA
174	Pulse	55	7060000	27261	NA
174	Pulse	55	7070000	37261	NA
175	Pulse	55	7080000	6761	NA
175	Pulse	55	7090000	16761	NA
175	Pulse	55	7100000	26761	NA
175	Pulse	55	7110000	36761	NA
176	Pulse	55	7120000	6095	NA
176	Pulse	55	7130000	16095	NA
176	Pulse	55	7140000	26095	NA
176	Pulse	55	7150000	36095	NA
177	Pulse	55	7160000	5429	NA
177	Pulse	55	7170000	15429	NA
177	Pulse	55	7180000	25429	NA
177	Pulse	55	7190000	35429	NA
178	Pulse	55	7200000	4763	NA
178	Pulse	55	7210000	14763	NA
178	Pulse	55	7220000	24763	NA
178	Pulse	55	7230000	34763	NA
179	Pulse	55	7240000	4264	NA
179	Pulse	55	7250000	14264	NA
179	Pulse	55	7260000	24264	NA
179	Pulse	55	7270000	34264	NA
180	Pulse	55	7280000	3598	NA
180	Pulse	55	7290000	13598	NA
180	Pulse	55	7300000	23598	NA
180	Pulse	55	7310000	33598	NA
181	Pulse	55	7320000	2931	NA
181	Pulse	55	7330000	12931	NA
181	Pulse	55	7340000	22931	NA
181	Pulse	55	7350000	32931	NA
182	Pulse	55	7360000	2265	NA
182	Pulse	55	7370000	12265	NA
182	Pulse	55	7380000	22265	NA
182	Pulse	55	7390000	32265	NA
183	Pulse	55	7400000	1599	NA
183	Pulse	55	7410000	11599	NA
183	Pulse	55	7420000	21599	NA
183	Pulse	55	7430000	31599	NA
184	Pulse	55	7440000	933	NA
184	Pulse	55	7450000	10933	NA
184	Pulse	55	7460000	20933	NA
184	Pulse	55	7470000	30933	NA
185	Pulse	55	7480000	433	NA
185	Pulse	55	7490000	10433	NA
185	Pulse	55	7500000	20433	NA
185	Pulse	55	7510000	30433	NA
185	Pulse	55	7520000	40433	NA
186	Pulse	55	7530000	9767	NA
186	Pulse	55	7540000	19767	NA
186	Pulse	55	7550000	29767	NA
186	Pulse	55	7560000	39767	NA
187	Pulse	55	7570000	9101	NA
187	Pulse	55	7580000	19101	NA
187	Pulse	55	7590000	29101	NA
187	Pulse	55	7600000	39101	NA
188	Pulse	55	7610000	8435	NA
188	Pulse	55	7620000	18435	NA
188	Pulse	55	7630000	28435	NA
188	Pulse	55	7640000	38435	NA
189	Pulse	55	7650000	7769	NA
189	Pulse	55	7660000	17769	NA
189	Pulse	55	7670000	27769	NA
189	Pulse	55	7680000	37769	NA
190	Pulse	55	7690000	7103	NA
190	Pulse	55	7700000	17103	NA
190	Pulse	55	7710000	27103	NA
190	Pulse	55	7720000	37103	NA
191	Pulse	55	7730000	6437	NA
191	Pulse	55	7740000	16437	NA
191	Pulse	55	7750000	26437	NA
191	Pulse	55	7760000	36437	NA
192	Pulse	55	7770000	5771	NA
192	Pulse	55	7780000	15771	NA
192	Pulse	55	7790000	25771	NA
192	Pulse	55	7800000	35771	NA
193	Pulse	55	7810000	5105	NA
193	Pulse	55	7820000	15105	NA
193	Pulse	55	7830000	25105	NA
193	Pulse	55	7840000	35105	NA
194	Pulse	55	7850000	4438	NA
194	Pulse	55	7860000	14438	NA
194	Pulse	55	7870000	24438	NA
194	Pulse	55	7880000	34438	NA
195	Pulse	55	7890000	3772	NA
195	Pulse	55	7900000	13772	NA
195	Pulse	55	7910000	23772	NA
195	Pulse	55	7920000	33772	NA
196	Pulse	55	7930000	3106	NA
196	Pulse	55	7940000	13106	NA
196	Pulse	55	7950000	23106	NA
196	Pulse	55	7960000	33106	NA
197	Pulse	55	7970000	2440	NA
197	Pulse	55	7980000	12440	NA
197	Pulse	55	7990000	22440	NA
197	Pulse	55	8000000	32440	NA
198	Pulse	55	8010000	1941	NA
198	Pulse	55	8020000	11941	NA
198	Pulse	55	8030000	21941	NA
198	Pulse	55	8040000	31941	NA
199	Pulse	55	8050000	1274	NA
199	Pulse	55	8060000	11274	NA
199	Pulse	55	8070000	21274	NA
199	Pulse	55	8080000	31274	NA
200	Pulse	55	8090000	608	NA
200	Pulse	55	8100000	10608	NA
200	Pulse	55	8110000	20608	NA
200	Pulse	55	8120000	30608	NA
201	Pulse	55	8130000	109	NA
201	Pulse	55	8140000	10109	NA
201	Pulse	55	8150000	20109	NA
201	Pulse	55	8160000	30109	NA
201	Pulse	55	8170000	40109	NA
202	Pulse	55	8180000	9443	NA
202	Pulse	55	8190000	19443	NA
202	Pulse	55	8200000	29443	NA
202	Pulse	55	8210000	39443	NA
203	Pulse	55	8220000	8943	NA
203	Pulse	55	8230000	18943	NA
203	Pulse	55	8240000	28943	NA
203	Pulse	55	8250000	38943	NA
204	Pulse	55	8260000	8277	NA
204	Pulse	55	8270000	18277	NA
204	Pulse	55	8280000	28277	NA
204	Pulse	55	8290000	38277	NA
205	Pulse	55	8300000	7611	NA
205	Pulse	55	8310000	17611	NA
205	Pulse	55	8320000	27611	NA
205	Pulse	55	8330000	37611	NA
206	Pulse	55	8340000	6945	NA
206	Pulse	55	8350000	16945	NA
206	Pulse	55	8360000	26945	NA
206	Pulse	55	8370000	36945	NA
207	Pulse	55	8380000	6446	NA
207	Pulse	55	8390000	16446	NA
207	Pulse	55	8400000	26446	NA
207	Pulse	55	8410000	36446	NA
208	Pulse	55	8420000	5946	NA
208	Pulse	55	8430000	15946	NA
208	Pulse	55	8440000	25946	NA
208	Pulse	55	8450000	35946	NA
209	Pulse	55	8460000	5280	NA
209	Pulse	55	8470000	15280	NA
209	Pulse	55	8480000	25280	NA
209	Pulse	55	8490000	35280	NA
210	Pulse	55	8500000	4780	NA
210	Pulse	55	8510000	14780	NA
210	Pulse	55	8520000	24780	NA
210	Pulse	55	8530000	34780	NA
211	Pulse	55	8540000	4281	NA
211	Pulse	55	8550000	14281	NA
211	Pulse	55	8560000	24281	NA
211	Pulse	55	8570000	34281	NA
212	Pulse	55	8580000	3781	NA
212	Pulse	55	8590000	13781	NA
212	Pulse	55	8600000	23781	NA
212	Pulse	55	8610000	33781	NA
213	Pulse	55	8620000	3282	NA
213	Pulse	55	8630000	13282	NA
213	Pulse	55	8640000	23282	NA
213	Pulse	55	8650000	33282	NA
214	Pulse	55	8660000	2616	NA
214	Pulse	55	8670000	12616	NA
214	Pulse	55	8680000	22616	NA
214	Pulse	55	8690000	32616	NA
215	Pulse	55	8700000	1950	NA
215	Pulse	55	8710000	11950	NA
215	Pulse	55	8720000	21950	NA
215	Pulse	55	8730000	31950	NA
216	Pulse	55	8740000	1284	NA
216	Pulse	55	8750000	11284	NA
216	Pulse	55	8760000	21284	NA
216	Pulse	55	8770000	31284	NA
217	Pulse	55	8780000	951	NA
217	Pulse	55	8790000	10951	NA
217	Pulse	55	8800000	20951	NA
217	Pulse	55	8810000	30951	NA
218	Pulse	55	8820000	285	NA
218	Pulse	55	8830000	10285	NA
218	Pulse	55	8840000	20285	NA
218	Pulse	55	8850000	30285	NA
218	Pulse	55	8860000	40285	NA
219	Pulse	55	8870000	9785	NA
219	Pulse	55	8880000	19785	NA
219	Pulse	55	8890000	29785	NA
219	Pulse	55	8900000	39785	NA
220	Pulse	55	8910000	9119	NA
220	Pulse	55	8920000	19119	NA
220	Pulse	55	8930000	29119	NA
220	Pulse	55	8940000	39119	NA
221	Pulse	55	8950000	8453	NA
221	Pulse	55	8960000	18453	NA
221	Pulse	55	8970000	28453	NA
221	Pulse	55	8980000	38453	NA
222	Pulse	55	8990000	7954	NA
222	Pulse	55	9000000	17954	NA
222	Pulse	55	9010000	27954	NA
222	Pulse	55	9020000	37954	NA
223	Pulse	55	9030000	7288	NA
223	Pulse	55	9040000	17288	NA
223	Pulse	55	9050000	27288	NA
223	Pulse	55	9060000	37288	NA
224	Pulse	55	9070000	6621	NA
224	Pulse	55	9080000	16621	NA
224	Pulse	55	9090000	26621	NA
224	Pulse	55	9100000	36621	NA
225	Pulse	55	9110000	6122	NA
225	Pulse	55	9120000	16122	NA
225	Pulse	55	9130000	26122	NA
225	Pulse	55	9140000	36122	NA
226	Pulse	55	9150000	5623	NA
226	Pulse	55	9160000	15623	NA
226	Pulse	55	9170000	25623	NA
226	Pulse	55	9180000	35623	NA
227	Pulse	55	9190000	4956	NA
227	Pulse	55	9200000	14956	NA
227	Pulse	55	9210000	24956	NA
227	Pulse	55	9220000	34956	NA
228	Pulse	55	9230000	4290	NA
228	Pulse	55	9240000	14290	NA
228	Pulse	55	9250000	24290	NA
228	Pulse	55	9260000	34290	NA
229	Pulse	55	9270000	3624	NA
229	Pulse	55	9280000	13624	NA
229	Pulse	55	9290000	23624	NA
229	Pulse	55	9300000	33624	NA
230	Pulse	55	9310000	2958	NA
230	Pulse	55	9320000	12958	NA
230	Pulse	55	9330000	22958	NA
230	Pulse	55	9340000	32958	NA
231	Pulse	55	9350000	2459	NA
231	Pulse	55	9360000	12459	NA
231	Pulse	55	9370000	22459	NA
231	Pulse	55	9380000	32459	NA
232	Pulse	55	9390000	1792	NA
232	Pulse	55	9400000	11792	NA
232	Pulse	55	9410000	21792	NA
232	Pulse	55	9420000	31792	NA
233	Pulse	55	9430000	1126	NA
233	Pulse	55	9440000	11126	NA
233	Pulse	55	9450000	21126	NA
233	Pulse	55	9460000	31126	NA
234	Pulse	55	9470000	460	NA
234	Pulse	55	9480000	10460	NA
234	Pulse	55	9490000	20460	NA
234	Pulse	55	9500000	30460	NA
234	Pulse	55	9510000	40460	NA
235	Pulse	55	9520000	9794	NA
235	Pulse	55	9530000	19794	NA
235	Pulse	55	9540000	29794	NA
235	Pulse	55	9550000	39794	NA
236	Pulse	55	9560000	9128	NA
236	Pulse	55	9570000	19128	NA
236	Pulse	55	9580000	29128	NA
236	Pulse	55	9590000	39128	NA
237	Pulse	55	9600000	8462	NA
237	Pulse	55	9610000	18462	NA
237	Pulse	55	9620000	28462	NA
237	Pulse	55	9630000	38462	NA
238	Pulse	55	9640000	7796	NA
238	Pulse	55	9650000	17796	NA
238	Pulse	55	9660000	27796	NA
238	Pulse	55	9670000	37796	NA
239	Pulse	55	9680000	7129	NA
239	Pulse	55	9690000	17129	NA
239	Pulse	55	9700000	27129	NA
239	Pulse	55	9710000	37129	NA
240	Pulse	55	9720000	6463	NA
240	Pulse	55	9730000	16463	NA
240	Pulse	55	9740000	26463	NA
240	Pulse	55	9750000	36463	NA
241	Pulse	55	9760000	5797	NA
241	Pulse	55	9770000	15797	NA
241	Pulse	55	9780000	25797	NA
241	Pulse	55	9790000	35797	NA
242	Pulse	55	9800000	5131	NA
242	Pulse	55	9810000	15131	NA
242	Pulse	55	9820000	25131	NA
242	Pulse	55	9830000	35131	NA
243	Pulse	55	9840000	4465	NA
243	Pulse	55	9850000	14465	NA
243	Pulse	55	9860000	24465	NA
243	Pulse	55	9870000	34465	NA
244	Pulse	55	9880000	3799	NA
244	Pulse	55	9890000	13799	NA
244	Pulse	55	9900000	23799	NA
244	Pulse	55	9910000	33799	NA
245	Pulse	55	9920000	3299	NA
245	Pulse	55	9930000	13299	NA
245	Pulse	55	9940000	23299	NA
245	Pulse	55	9950000	33299	NA
246	Pulse	55	9960000	2633	NA
246	Pulse	55	9970000	12633	NA
246	Pulse	55	9980000	22633	NA
246	Pulse	55	9990000	32633	NA
247	Pulse	55	10000000	1967	NA
247	Pulse	55	10010000	11967	NA
247	Pulse	55	10020000	21967	NA
247	Pulse	55	10030000	31967	NA
248	Pulse	55	10040000	1301	NA
248	Pulse	55	10050000	11301	NA
248	Pulse	55	10060000	21301	NA
248	Pulse	55	10070000	31301	NA
249	Pulse	55	10080000	635	NA
249	Pulse	55	10090000	10635	NA
249	Pulse	55	10100000	20635	NA
249	Pulse	55	10110000	30635	NA
249	Pulse	55	10120000	40635	NA
250	Pulse	55	10130000	9969	NA
250	Pulse	55	10140000	19969	NA
250	Pulse	55	10150000	29969	NA
250	Pulse	55	10160000	39969	NA
251	Pulse	55	10170000	9303	NA
251	Pulse	55	10180000	19303	NA
251	Pulse	55	10190000	29303	NA
251	Pulse	55	10200000	39303	NA
252	Pulse	55	10210000	8637	NA
252	Pulse	55	10220000	18637	NA
252	Pulse	55	10230000	28637	NA
252	Pulse	55	10240000	38637	NA
253	Pulse	55	10250000	7970	NA
253	Pulse	55	10260000	17970	NA
253	Pulse	55	10270000	27970	NA
253	Pulse	55	10280000	37970	NA
254	Pulse	55	10290000	7304	NA
254	Pulse	55	10300000	17304	NA
254	Pulse	55	10310000	27304	NA
254	Pulse	55	10320000	37304	NA
255	Pulse	55	10330000	6805	NA
255	Pulse	55	10340000	16805	NA
255	Pulse	55	10350000	26805	NA
255	Pulse	55	10360000	36805	NA
256	Pulse	55	10370000	6305	NA
256	Pulse	55	10380000	16305	NA
256	Pulse	55	10390000	26305	NA
256	Pulse	55	10400000	36305	NA
257	Pulse	55	10410000	5639	NA
257	Pulse	55	10420000	15639	NA
257	Pulse	55	10430000	25639	NA
257	Pulse	55	10440000	35639	NA
258	Pulse	55	10450000	4973	NA
258	Pulse	55	10460000	14973	NA
258	Pulse	55	10470000	24973	NA
258	Pulse	55	10480000	34973	NA
259	Pulse	55	10490000	4307	NA
259	Pulse	55	10500000	14307	NA
259	Pulse	55	10510000	24307	NA
259	Pulse	55	10520000	34307	NA
260	Pulse	55	10530000	3641	NA
260	Pulse	55	10540000	13641	NA
260	Pulse	55	10550000	23641	NA
260	Pulse	55	10560000	33641	NA
261	Pulse	55	10570000	2975	NA
261	Pulse	55	10580000	12975	NA
261	Pulse	55	10590000	22975	NA
261	Pulse	55	10600000	32975	NA
262	Pulse	55	10610000	2309	NA
262	Pulse	55	10620000	12309	NA
262	Pulse	55	10630000	22309	NA
262	Pulse	55	10640000	32309	NA
263	Pulse	55	10650000	1642	NA
263	Pulse	55	10660000	11642	NA
263	Pulse	55	10670000	21642	NA
263	Pulse	55	10680000	31642	NA
264	Pulse	55	10690000	976	NA
264	Pulse	55	10700000	10976	NA
264	Pulse	55	10710000	20976	NA
264	Pulse	55	10720000	30976	NA
265	Pulse	55	10730000	310	NA
265	Pulse	55	10740000	10310	NA
265	Pulse	55	10750000	20310	NA
265	Pulse	55	10760000	30310	NA
265	Pulse	55	10770000	40310	NA
266	Pulse	55	10780000	9644	NA
266	Pulse	55	10790000	19644	NA
266	Pulse	55	10800000	29644	NA
266	Pulse	55	10810000	39644	NA
267	Pulse	55	10820000	8978	NA
267	Pulse	55	10830000	18978	NA
267	Pulse	55	10840000	28978	NA
267	Pulse	55	10850000	38978	NA
268	Pulse	55	10860000	8312	NA
268	Pulse	55	10870000	18312	NA
268	Pulse	55	10880000	28312	NA
268	Pulse	55	10890000	38312	NA
269	Pulse	55	10900000	7646	NA
269	Pulse	55	10910000	17646	NA
269	Pulse	55	10920000	27646	NA
269	Pulse	55	10930000	37646	NA
270	Pulse	55	10940000	6980	NA
270	Pulse	55	10950000	16980	NA
270	Pulse	55	10960000	26980	NA
270	Pulse	55	10970000	36980	NA
271	Pulse	55	10980000	6314	NA
271	Pulse	55	10990000	16314	NA
271	Pulse	55	11000000	26314	NA
271	Pulse	55	11010000	36314	NA
272	Pulse	55	11020000	5647	NA
272	Pulse	55	11030000	15647	NA
272	Pulse	55	11040000	25647	NA
272	Pulse	55	11050000	35647	NA
273	Pulse	55	11060000	4981	NA
273	Pulse	55	11070000	14981	NA
273	Pulse	55	11080000	24981	NA
273	Pulse	55	11090000	34981	NA
274	Pulse	55	11100000	4315	NA
274	Pulse	55	11110000	14315	NA
274	Pulse	55	11120000	24315	NA
274	Pulse	55	11130000	34315	NA
275	Pulse	55	11140000	3649	NA
275	Pulse	55	11150000	13649	NA
275	Pulse	55	11160000	23649	NA
275	Pulse	55	11170000	33649	NA
276	Pulse	55	11180000	2983	NA
276	Pulse	55	11190000	12983	NA
276	Pulse	55	11200000	22983	NA
276	Pulse	55	11210000	32983	NA
277	Pulse	55	11220000	2317	NA
277	Pulse	55	11230000	12317	NA
277	Pulse	55	11240000	22317	NA
277	Pulse	55	11250000	32317	NA
278	Pulse	55	11260000	1651	NA
278	Pulse	55	11270000	11651	NA
278	Pulse	55	11280000	21651	NA
278	Pulse	55	11290000	31651	NA
279	Pulse	55	11300000	985	NA
279	Pulse	55	11310000	10985	NA
279	Pulse	55	11320000	20985	NA
279	Pulse	55	11330000	30985	NA
280	Pulse	55	11340000	318	NA
280	Pulse	55	11350000	10318	NA
280	Pulse	55	11360000	20318	NA
280	Pulse	55	11370000	30318	NA
280	Pulse	55	11380000	40318	NA
281	Pulse	55	11390000	9652	NA
281	Pulse	55	11400000	19652	NA
281	Pulse	55	11410000	29652	NA
281	Pulse	55	11420000	39652	NA
282	Pulse	55	11430000	8986	NA
282	Pulse	55	11440000	18986	NA
282	Pulse	55	11450000	28986	NA
282	Pulse	55	11460000	38986	NA
283	Pulse	55	11470000	8153	NA
283	Pulse	55	11480000	18153	NA
283	Pulse	55	11490000	28153	NA
283	Pulse	55	11500000	38153	NA
284	Pulse	55	11510000	7487	NA
284	Pulse	55	11520000	17487	NA
284	Pulse	55	11530000	27487	NA
284	Pulse	55	11540000	37487	NA
285	Pulse	55	11550000	6821	NA
285	Pulse	55	11560000	16821	NA
285	Pulse	55	11570000	26821	NA
285	Pulse	55	11580000	36821	NA
286	Pulse	55	11590000	6155	NA
286	Pulse	55	11600000	16155	NA
286	Pulse	55	11610000	26155	NA
286	Pulse	55	11620000	36155	NA
287	Pulse	55	11630000	5489	NA
287	Pulse	55	11640000	15489	NA
287	Pulse	55	11650000	25489	NA
287	Pulse	55	11660000	35489	NA
288	Pulse	55	11670000	4823	NA
288	Pulse	55	11680000	14823	NA
288	Pulse	55	11690000	24823	NA
288	Pulse	55	11700000	34823	NA
289	Pulse	55	11710000	4157	NA
289	Pulse	55	11720000	14157	NA
289	Pulse	55	11730000	24157	NA
289	Pulse	55	11740000	34157	NA
290	Pulse	55	11750000	3490	NA
290	Pulse	55	11760000	13490	NA
290	Pulse	55	11770000	23490	NA
290	Pulse	55	11780000	33490	NA
291	Pulse	55	11790000	2824	NA
291	Pulse	55	11800000	12824	NA
291	Pulse	55	11810000	22824	NA
291	Pulse	55	11820000	32824	NA
292	Pulse	55	11830000	2158	NA
292	Pulse	55	11840000	12158	NA
292	Pulse	55	11850000	22158	NA
292	Pulse	55	11860000	32158	NA
293	Pulse	55	11870000	1492	NA
293	Pulse	55	11880000	11492	NA
293	Pulse	55	11890000	21492	NA
293	Pulse	55	11900000	31492	NA
294	Pulse	55	11910000	826	NA
294	Pulse	55	11920000	10826	NA
294	Pulse	55	11930000	20826	NA
294	Pulse	55	11940000	30826	NA
295	Pulse	55	11950000	160	NA
295	Pulse	55	11960000	10160	NA
295	Pulse	55	11970000	20160	NA
295	Pulse	55	11980000	30160	NA
295	Pulse	55	11990000	40160	NA
296	Pulse	55	12000000	9494	NA
296	Pulse	55	12010000	19494	NA
296	Pulse	55	12020000	29494	NA
296	Pulse	55	12030000	39494	NA
297	Pulse	55	12040000	8828	NA
297	Pulse	55	12050000	18828	NA
297	Pulse	55	12060000	28828	NA
297	Pulse	55	12070000	38828	NA
298	Pulse	55	12080000	8161	NA
298	Pulse	55	12090000	18161	NA
298	Pulse	55	12100000	28161	NA
298	Pulse	55	12110000	38161	NA
299	Pulse	55	12120000	7495	NA
299	Pulse	55	12130000	17495	NA
299	Pulse	55	12140000	27495	NA
299	Pulse	55	12150000	37495	NA
300	Pulse	55	12160000	6829	NA
300	Pulse	55	12170000	16829	NA
300	Pulse	55	12180000	26829	NA
300	Pulse	55	12190000	36829	NA
301	Pulse	55	12200000	5996	NA
301	Pulse	55	12210000	15996	NA
301	Pulse	55	12220000	25996	NA
301	Pulse	55	12230000	35996	NA
302	Pulse	55	12240000	5330	NA
302	Pulse	55	12250000	15330	NA
302	Pulse	55	12260000	25330	NA
302	Pulse	55	12270000	35330	NA
303	Pulse	55	12280000	4664	NA
303	Pulse	55	12290000	14664	NA
303	Pulse	55	12300000	24664	NA
303	Pulse	55	12310000	34664	NA
304	Pulse	55	12320000	3998	NA
304	Pulse	55	12330000	13998	NA
304	Pulse	55	12340000	23998	NA
304	Pulse	55	12350000	33998	NA
305	Pulse	55	12360000	3332	NA
305	Pulse	55	12370000	13332	NA
305	Pulse	55	12380000	23332	NA
305	Pulse	55	12390000	33332	NA
306	Pulse	55	12400000	2666	NA
306	Pulse	55	12410000	12666	NA
306	Pulse	55	12420000	22666	NA
306	Pulse	55	12430000	32666	NA
307	Pulse	55	12440000	2000	NA
307	Pulse	55	12450000	12000	NA
307	Pulse	55	12460000	22000	NA
307	Pulse	55	12470000	32000	NA
308	Pulse	55	12480000	1334	NA
308	Pulse	55	12490000	11334	NA
308	Pulse	55	12500000	21334	NA
308	Pulse	55	12510000	31334	NA
309	Pulse	55	12520000	667	NA
309	Pulse	55	12530000	10667	NA
309	Pulse	55	12540000	20667	NA
309	Pulse	55	12550000	30667	NA
310	Pulse	55	12560000	1	NA
310	Pulse	55	12570000	10001	NA
310	Pulse	55	12580000	20001	NA
310	Pulse	55	12590000	30001	NA
310	Pulse	55	12600000	40001	NA
311	Pulse	55	12610000	9335	NA
311	Pulse	55	12620000	19335	NA
311	Pulse	55	12630000	29335	NA
311	Pulse	55	12640000	39335	NA
312	Pulse	55	12650000	8669	NA
312	Pulse	55	12660000	18669	NA
312	Pulse	55	12670000	28669	NA
312	Pulse	55	12680000	38669	NA
313	Pulse	55	12690000	8003	NA
313	Pulse	55	12700000	18003	NA
313	Pulse	55	12710000	28003	NA
313	Pulse	55	12720000	38003	NA
314	Pulse	55	12730000	7337	NA
314	Pulse	55	12740000	17337	NA
314	Pulse	55	12750000	27337	NA
314	Pulse	55	12760000	37337	NA
315	Pulse	55	12770000	6671	NA
315	Pulse	55	12780000	16671	NA
315	Pulse	55	12790000	26671	NA
315	Pulse	55	12800000	36671	NA
316	Pulse	55	12810000	6005	NA
316	Pulse	55	12820000	16005	NA
316	Pulse	55	12830000	26005	NA
316	Pulse	55	12840000	36005	NA
317	Pulse	55	12850000	5338	NA
317	Pulse	55	12860000	15338	NA
317	Pulse	55	12870000	25338	NA
317	Pulse	55	12880000	35338	NA
318	Pulse	55	12890000	4672	NA
318	Pulse	55	12900000	14672	NA
318	Pulse	55	12910000	24672	NA
318	Pulse	55	12920000	34672	NA
319	Pulse	55	12930000	4006	NA
319	Pulse	55	12940000	14006	NA
319	Pulse	55	12950000	24006	NA
319	Pulse	55	12960000	34006	NA
320	Pulse	55	12970000	3340	NA
320	Pulse	55	12980000	13340	NA
320	Pulse	55	12990000	23340	NA
320	Pulse	55	13000000	33340	NA
321	Pulse	55	13010000	2674	NA
321	Pulse	55	13020000	12674	NA
321	Pulse	55	13030000	22674	NA
321	Pulse	55	13040000	32674	NA
322	Pulse	55	13050000	2008	NA
322	Pulse	55	13060000	12008	NA
322	Pulse	55	13070000	22008	NA
322	Pulse	55	13080000	32008	NA
323	Pulse	55	13090000	1342	NA
323	Pulse	55	13100000	11342	NA
323	Pulse	55	13110000	21342	NA
323	Pulse	55	13120000	31342	NA
324	Pulse	55	13130000	676	NA
324	Pulse	55	13140000	10676	NA
324	Pulse	55	13150000	20676	NA
324	Pulse	55	13160000	30676	NA
325	Pulse	55	13170000	9	NA
325	Pulse	55	13180000	10009	NA
325	Pulse	55	13190000	20009	NA
325	Pulse	55	13200000	30009	NA
325	Pulse	55	13210000	40009	NA
326	Pulse	55	13220000	9343	NA
326	Pulse	55	13230000	19343	NA
326	Pulse	55	13240000	29343	NA
326	Pulse	55	13250000	39343	NA
327	Pulse	55	13260000	8677	NA
327	Pulse	55	13270000	18677	NA
327	Pulse	55	13280000	28677	NA
327	Pulse	55	13290000	38677	NA
328	Pulse	55	13300000	8011	NA
328	Pulse	55	13310000	18011	NA
328	Pulse	55	13320000	28011	NA
328	Pulse	55	13330000	38011	NA
329	Pulse	55	13340000	7345	NA
329	Pulse	55	13350000	17345	NA
329	Pulse	55	13360000	27345	NA
329	Pulse	55	13370000	37345	NA
330	Pulse	55	13380000	6679	NA
330	Pulse	55	13390000	16679	NA
330	Pulse	55	13400000	26679	NA
330	Pulse	55	13410000	36679	NA
331	Pulse	55	13420000	6013	NA
331	Pulse	55	13430000	16013	NA
331	Pulse	55	13440000	26013	NA
331	Pulse	55	13450000	36013	NA
332	Pulse	55	13460000	5347	NA
332	Pulse	55	13470000	15347	NA
332	Pulse	55	13480000	25347	NA
332	Pulse	55	13490000	35347	NA
333	Pulse	55	13500000	4680	NA
333	Pulse	55	13510000	14680	NA
333	Pulse	55	13520000	24680	NA
333	Pulse	55	13530000	34680	NA
334	Pulse	55	13540000	4014	NA
334	Pulse	55	13550000	14014	NA
334	Pulse	55	13560000	24014	NA
334	Pulse	55	13570000	34014	NA
335	Pulse	55	13580000	3348	NA
335	Pulse	55	13590000	13348	NA
335	Pulse	55	13600000	23348	NA
335	Pulse	55	13610000	33348	NA
336	Pulse	55	13620000	2682	NA
336	Pulse	55	13630000	12682	NA
336	Pulse	55	13640000	22682	NA
336	Pulse	55	13650000	32682	NA
337	Pulse	55	13660000	2016	NA
337	Pulse	55	13670000	12016	NA
337	Pulse	55	13680000	22016	NA
337	Pulse	55	13690000	32016	NA
338	Pulse	55	13700000	1350	NA
338	Pulse	55	13710000	11350	NA
338	Pulse	55	13720000	21350	NA
338	Pulse	55	13730000	31350	NA
339	Pulse	55	13740000	684	NA
339	Pulse	55	13750000	10684	NA
339	Pulse	55	13760000	20684	NA
339	Pulse	55	13770000	30684	NA
340	Pulse	55	13780000	18	NA
340	Pulse	55	13790000	10018	NA
340	Pulse	55	13800000	20018	NA
340	Pulse	55	13810000	30018	NA
340	Pulse	55	13820000	40018	NA
341	Pulse	55	13830000	9352	NA
341	Pulse	55	13840000	19352	NA
341	Response	1	13843717	23068	1
341	Pulse	55	13850000	29352	NA
341	Pulse	55	13860000	39352	NA
342	Pulse	55	13870000	9185	NA
342	Pulse	55	13880000	19185	NA
343	Pulse	55	13890000	9019	NA
343	Pulse	55	13900000	19019	NA
343	Pulse	55	13910000	29019	NA
343	Pulse	55	13920000	39019	NA
343	Pulse	55	13930000	49019	NA
343	Pulse	55	13940000	59019	NA
343	Pulse	55	13950000	69019	NA
343	Pulse	55	13960000	79019	NA
343	Pulse	55	13970000	89019	NA
343	Pulse	55	13980000	99019	NA
343	Pulse	55	13990000	109019	NA
343	Pulse	55	14000000	119019	NA
343	Pulse	55	14010000	129019	NA
343	Pulse	55	14020000	139019	NA
343	Pulse	55	14030000	149019	NA
343	Pulse	55	14040000	159019	NA
343	Pulse	55	14050000	169019	NA
343	Pulse	55	14060000	179019	NA
343	Pulse	55	14070000	189019	NA
343	Pulse	55	14080000	199019	NA
343	Pulse	55	14090000	209019	NA
343	Pulse	55	14100000	219019	NA
343	Pulse	55	14110000	229019	NA
343	Pulse	55	14120000	239019	NA
343	Response	1	14126195	245214	1
343	Pulse	55	14130000	249019	NA
343	Pulse	55	14140000	259019	NA
344	Pulse	55	14150000	9856	NA
344	Pulse	55	14160000	19856	NA
344	Pulse	55	14170000	29856	NA
344	Pulse	55	14180000	39856	NA
344	Pulse	55	14190000	49856	NA
344	Pulse	55	14200000	59856	NA
344	Pulse	55	14210000	69856	NA
344	Pulse	55	14220000	79856	NA
344	Pulse	55	14230000	89856	NA
344	Pulse	55	14240000	99856	NA
344	Pulse	55	14250000	109856	NA
344	Pulse	55	14260000	119856	NA
344	Pulse	55	14270000	129856	NA
344	Pulse	55	14280000	139856	NA
344	Pulse	55	14290000	149856	NA
344	Pulse	55	14300000	159856	NA
344	Pulse	55	14310000	169856	NA
344	Pulse	55	14320000	179856	NA
344	Pulse	55	14330000	189856	NA
344	Pulse	55	14340000	199856	NA
344	Pulse	55	14350000	209856	NA
344	Pulse	55	14360000	219856	NA
344	Pulse	55	14370000	229856	NA
344	Pulse	55	14380000	239856	NA
344	Pulse	55	14390000	249856	NA
344	Pulse	55	14400000	259856	NA
344	Pulse	55	14410000	269856	NA
344	Pulse	55	14420000	279856	NA
344	Pulse	55	14430000	289856	NA
344	Pulse	55	14440000	299856	NA
344	Pulse	55	14450000	309856	NA
344	Pulse	55	14460000	319856	NA
344	Pulse	55	14470000	329856	NA
344	Pulse	55	14480000	339856	NA
344	Pulse	55	14490000	349856	NA
344	Pulse	55	14500000	359856	NA
344	Pulse	55	14510000	369856	NA
344	Pulse	55	14520000	379856	NA
344	Pulse	55	14530000	389856	NA
344	Pulse	55	14540000	399856	NA
344	Pulse	55	14550000	409856	NA
344	Pulse	55	14560000	419856	NA
344	Pulse	55	14570000	429856	NA
344	Pulse	55	14580000	439856	NA
344	Pulse	55	14590000	449856	NA
344	Pulse	55	14600000	459856	NA
344	Pulse	55	14610000	469856	NA
344	Pulse	55	14620000	479856	NA
344	Pulse	55	14630000	489856	NA
344	Pulse	55	14640000	499856	NA
344	Pulse	55	14650000	509856	NA
344	Pulse	55	14660000	519856	NA
344	Pulse	55	14670000	529856	NA
344	Pulse	55	14680000	539856	NA
344	Pulse	55	14690000	549856	NA
344	Pulse	55	14700000	559856	NA
344	Pulse	55	14710000	569856	NA
344	Pulse	55	14720000	579856	NA
344	Pulse	55	14730000	589856	NA
344	Pulse	55	14740000	599856	NA
344	Pulse	55	14750000	609856	NA
344	Pulse	55	14760000	619856	NA
344	Pulse	55	14770000	629856	NA
344	Pulse	55	14780000	639856	NA
344	Pulse	55	14790000	649856	NA
344	Pulse	55	14800000	659856	NA
344	Pulse	55	14810000	669856	NA
344	Pulse	55	14820000	679856	NA
344	Pulse	55	14830000	689856	NA
344	Pulse	55	14840000	699856	NA
344	Pulse	55	14850000	709856	NA
344	Pulse	55	14860000	719856	NA
344	Pulse	55	14870000	729856	NA
344	Pulse	55	14880000	739856	NA
344	Pulse	55	14890000	749856	NA
344	Pulse	55	14900000	759856	NA
344	Pulse	55	14910000	769856	NA
344	Pulse	55	14920000	779856	NA
344	Pulse	55	14930000	789856	NA
344	Pulse	55	14940000	799856	NA
344	Pulse	55	14950000	809856	NA
344	Pulse	55	14960000	819856	NA
344	Pulse	55	14970000	829856	NA
344	Pulse	55	14980000	839856	NA
344	Pulse	55	14990000	849856	NA
344	Pulse	55	15000000	859856	NA
344	Pulse	55	15010000	869856	NA
344	Pulse	55	15020000	879856	NA
344	Pulse	55	15030000	889856	NA
344	Pulse	55	15040000	899856	NA
344	Pulse	55	15050000	909856	NA
344	Pulse	55	15060000	919856	NA
344	Pulse	55	15070000	929856	NA
344	Pulse	55	15080000	939856	NA
344	Pulse	55	15090000	949856	NA
344	Pulse	55	15100000	959856	NA
344	Pulse	55	15110000	969856	NA
344	Pulse	55	15120000	979856	NA
344	Pulse	55	15130000	989856	NA
344	Pulse	55	15140000	999856	NA
344	Pulse	55	15150000	1009856	NA
344	Pulse	55	15160000	1019856	NA
344	Pulse	55	15170000	1029856	NA
344	Pulse	55	15180000	1039856	NA
344	Pulse	55	15190000	1049856	NA
344	Pulse	55	15200000	1059856	NA
344	Pulse	55	15210000	1069856	NA
344	Pulse	55	15220000	1079856	NA
344	Pulse	55	15230000	1089856	NA
344	Pulse	55	15240000	1099856	NA
344	Pulse	55	15250000	1109856	NA
344	Pulse	55	15260000	1119856	NA
344	Pulse	55	15270000	1129856	NA
344	Pulse	55	15280000	1139856	NA
344	Pulse	55	15290000	1149856	NA
344	Pulse	55	15300000	1159856	NA
344	Pulse	55	15310000	1169856	NA
344	Pulse	55	15320000	1179856	NA
344	Pulse	55	15330000	1189856	NA
344	Pulse	55	15340000	1199856	NA
344	Pulse	55	15350000	1209856	NA
344	Pulse	55	15360000	1219856	NA
344	Pulse	55	15370000	1229856	NA
344	Pulse	55	15380000	1239856	NA
344	Pulse	55	15390000	1249856	NA
344	Pulse	55	15400000	1259856	NA
344	Pulse	55	15410000	1269856	NA
344	Pulse	55	15420000	1279856	NA
344	Pulse	55	15430000	1289856	NA
344	Pulse	55	15440000	1299856	NA
344	Pulse	55	15450000	1309856	NA
344	Pulse	55	15460000	1319856	NA
344	Pulse	55	15470000	1329856	NA
344	Pulse	55	15480000	1339856	NA
344	Pulse	55	15490000	1349856	NA
344	Pulse	55	15500000	1359856	NA
344	Pulse	55	15510000	1369856	NA
344	Pulse	55	15520000	1379856	NA
344	Pulse	55	15530000	1389856	NA
344	Pulse	55	15540000	1399856	NA
344	Pulse	55	15550000	1409856	NA
344	Pulse	55	15560000	1419856	NA
344	Pulse	55	15570000	1429856	NA
344	Pulse	55	15580000	1439856	NA
344	Pulse	55	15590000	1449856	NA
344	Pulse	55	15600000	1459856	NA
344	Pulse	55	15610000	1469856	NA
344	Pulse	55	15620000	1479856	NA
344	Pulse	55	15630000	1489856	NA
344	Pulse	55	15640000	1499856	NA
344	Pulse	55	15650000	1509856	NA
344	Pulse	55	15660000	1519856	NA
344	Pulse	55	15670000	1529856	NA
344	Pulse	55	15680000	1539856	NA
344	Pulse	55	15690000	1549856	NA
344	Pulse	55	15700000	1559856	NA
344	Pulse	55	15710000	1569856	NA
344	Pulse	55	15720000	1579856	NA
344	Pulse	55	15730000	1589856	NA
344	Pulse	55	15740000	1599856	NA
344	Pulse	55	15750000	1609856	NA
344	Pulse	55	15760000	1619856	NA
344	Pulse	55	15770000	1629856	NA
344	Pulse	55	15780000	1639856	NA
344	Pulse	55	15790000	1649856	NA
344	Pulse	55	15800000	1659856	NA
344	Pulse	55	15810000	1669856	NA
344	Pulse	55	15820000	1679856	NA
344	Pulse	55	15830000	1689856	NA
344	Pulse	55	15840000	1699856	NA
344	Pulse	55	15850000	1709856	NA
344	Pulse	55	15860000	1719856	NA
344	Pulse	55	15870000	1729856	NA
344	Pulse	55	15880000	1739856	NA
344	Pulse	55	15890000	1749856	NA
344	Pulse	55	15900000	1759856	NA
344	Pulse	55	15910000	1769856	NA
344	Pulse	55	15920000	1779856	NA
344	Pulse	55	15930000	1789856	NA
344	Pulse	55	15940000	1799856	NA
344	Pulse	55	15950000	1809856	NA
344	Pulse	55	15960000	1819856	NA
344	Pulse	55	15970000	1829856	NA
344	Pulse	55	15980000	1839856	NA
344	Pulse	55	15990000	1849856	NA
344	Pulse	55	16000000	1859856	NA
344	Pulse	55	16010000	1869856	NA
344	Pulse	55	16020000	1879856	NA
344	Pulse	55	16030000	1889856	NA
344	Pulse	55	16040000	1899856	NA
344	Pulse	55	16050000	1909856	NA
344	Pulse	55	16060000	1919856	NA
344	Pulse	55	16070000	1929856	NA
344	Pulse	55	16080000	1939856	NA
344	Pulse	55	16090000	1949856	NA
344	Pulse	55	16100000	1959856	NA
344	Pulse	55	16110000	1969856	NA
344	Pulse	55	16120000	1979856	NA
344	Pulse	55	16130000	1989856	NA
344	Pulse	55	16140000	1999856	NA
344	Pulse	55	16150000	2009856	NA
344	Pulse	55	16160000	2019856	NA
344	Pulse	55	16170000	2029856	NA
344	Pulse	55	16180000	2039856	NA
344	Pulse	55	16190000	2049856	NA
344	Pulse	55	16200000	2059856	NA
344	Pulse	55	16210000	2069856	NA
344	Pulse	55	16220000	2079856	NA
344	Pulse	55	16230000	2089856	NA
344	Pulse	55	16240000	2099856	NA
344	Pulse	55	16250000	2109856	NA
344	Pulse	55	16260000	2119856	NA
344	Pulse	55	16270000	2129856	NA
344	Pulse	55	16280000	2139856	NA
344	Pulse	55	16290000	2149856	NA
344	Pulse	55	16300000	2159856	NA
344	Pulse	55	16310000	2169856	NA
344	Pulse	55	16320000	2179856	NA
344	Pulse	55	16330000	2189856	NA
344	Pulse	55	16340000	2199856	NA
344	Pulse	55	16350000	2209856	NA
344	Pulse	55	16360000	2219856	NA
344	Pulse	55	16370000	2229856	NA
344	Pulse	55	16380000	2239856	NA
344	Pulse	55	16390000	2249856	NA
344	Pulse	55	16400000	2259856	NA
344	Pulse	55	16410000	2269856	NA
344	Pulse	55	16420000	2279856	NA
344	Pulse	55	16430000	2289856	NA
344	Pulse	55	16440000	2299856	NA
344	Pulse	55	16450000	2309856	NA
344	Pulse	55	16460000	2319856	NA
344	Pulse	55	16470000	2329856	NA
344	Pulse	55	16480000	2339856	NA
344	Pulse	55	16490000	2349856	NA
344	Pulse	55	16500000	2359856	NA
344	Pulse	55	16510000	2369856	NA
344	Pulse	55	16520000	2379856	NA
344	Pulse	55	16530000	2389856	NA
344	Pulse	55	16540000	2399856	NA
344	Pulse	55	16550000	2409856	NA
344	Pulse	55	16560000	2419856	NA
344	Pulse	55	16570000	2429856	NA
344	Pulse	55	16580000	2439856	NA
344	Pulse	55	16590000	2449856	NA
344	Pulse	55	16600000	2459856	NA
344	Pulse	55	16610000	2469856	NA
344	Pulse	55	16620000	2479856	NA
344	Pulse	55	16630000	2489856	NA
344	Pulse	55	16640000	2499856	NA
344	Pulse	55	16650000	2509856	NA
344	Pulse	55	16660000	2519856	NA
344	Pulse	55	16670000	2529856	NA
344	Pulse	55	16680000	2539856	NA
344	Pulse	55	16690000	2549856	NA
344	Pulse	55	16700000	2559856	NA
344	Pulse	55	16710000	2569856	NA
344	Pulse	55	16720000	2579856	NA
344	Pulse	55	16730000	2589856	NA
344	Pulse	55	16740000	2599856	NA
344	Pulse	55	16750000	2609856	NA
344	Pulse	55	16760000	2619856	NA
344	Pulse	55	16770000	2629856	NA
344	Pulse	55	16780000	2639856	NA
344	Pulse	55	16790000	2649856	NA
344	Pulse	55	16800000	2659856	NA
344	Pulse	55	16810000	2669856	NA
344	Pulse	55	16820000	2679856	NA
344	Pulse	55	16830000	2689856	NA
344	Pulse	55	16840000	2699856	NA
344	Pulse	55	16850000	2709856	NA
344	Pulse	55	16860000	2719856	NA
344	Pulse	55	16870000	2729856	NA
344	Pulse	55	16880000	2739856	NA
344	Pulse	55	16890000	2749856	NA
344	Pulse	55	16900000	2759856	NA
344	Pulse	55	16910000	2769856	NA
344	Pulse	55	16920000	2779856	NA
344	Pulse	55	16930000	2789856	NA
344	Pulse	55	16940000	2799856	NA
344	Pulse	55	16950000	2809856	NA
344	Pulse	55	16960000	2819856	NA
344	Pulse	55	16970000	2829856	NA
344	Pulse	55	16980000	2839856	NA
344	Pulse	55	16990000	2849856	NA
344	Pulse	55	17000000	2859856	NA
344	Pulse	55	17010000	2869856	NA
344	Pulse	55	17020000	2879856	NA
344	Pulse	55	17030000	2889856	NA
344	Pulse	55	17040000	2899856	NA
344	Pulse	55	17050000	2909856	NA
344	Pulse	55	17060000	2919856	NA
344	Pulse	55	17070000	2929856	NA
344	Pulse	55	17080000	2939856	NA
344	Pulse	55	17090000	2949856	NA
344	Pulse	55	17100000	2959856	NA
344	Pulse	55	17110000	2969856	NA
344	Pulse	55	17120000	2979856	NA
344	Pulse	55	17130000	2989856	NA
344	Pulse	55	17140000	2999856	NA
344	Pulse	55	17150000	3009856	NA
344	Pulse	55	17160000	3019856	NA
344	Pulse	55	17170000	3029856	NA
344	Pulse	55	17180000	3039856	NA
344	Pulse	55	17190000	3049856	NA
344	Pulse	55	17200000	3059856	NA
344	Pulse	55	17210000	3069856	NA
344	Pulse	55	17220000	3079856	NA
344	Pulse	55	17230000	3089856	NA
344	Pulse	55	17240000	3099856	NA
344	Pulse	55	17250000	3109856	NA
344	Pulse	55	17260000	3119856	NA
344	Pulse	55	17270000	3129856	NA
344	Pulse	55	17280000	3139856	NA
344	Pulse	55	17290000	3149856	NA
344	Pulse	55	17300000	3159856	NA
344	Pulse	55	17310000	3169856	NA
344	Pulse	55	17320000	3179856	NA
344	Pulse	55	17330000	3189856	NA
344	Pulse	55	17340000	3199856	NA
344	Pulse	55	17350000	3209856	NA
344	Pulse	55	17360000	3219856	NA
344	Pulse	55	17370000	3229856	NA
344	Pulse	55	17380000	3239856	NA
344	Pulse	55	17390000	3249856	NA
344	Pulse	55	17400000	3259856	NA
344	Pulse	55	17410000	3269856	NA
344	Pulse	55	17420000	3279856	NA
344	Pulse	55	17430000	3289856	NA
344	Pulse	55	17440000	3299856	NA
344	Pulse	55	17450000	3309856	NA
344	Pulse	55	17460000	3319856	NA
344	Pulse	55	17470000	3329856	NA
344	Pulse	55	17480000	3339856	NA
344	Pulse	55	17490000	3349856	NA
344	Pulse	55	17500000	3359856	NA
344	Pulse	55	17510000	3369856	NA
344	Pulse	55	17520000	3379856	NA
344	Pulse	55	17530000	3389856	NA
344	Pulse	55	17540000	3399856	NA
344	Pulse	55	17550000	3409856	NA
344	Pulse	55	17560000	3419856	NA
344	Pulse	55	17570000	3429856	NA
344	Pulse	55	17580000	3439856	NA
344	Pulse	55	17590000	3449856	NA
344	Pulse	55	17600000	3459856	NA
344	Pulse	55	17610000	3469856	NA
344	Pulse	55	17620000	3479856	NA
344	Pulse	55	17630000	3489856	NA
344	Pulse	55	17640000	3499856	NA
344	Pulse	55	17650000	3509856	NA
344	Pulse	55	17660000	3519856	NA
344	Pulse	55	17670000	3529856	NA
344	Pulse	55	17680000	3539856	NA
344	Pulse	55	17690000	3549856	NA
344	Pulse	55	17700000	3559856	NA
344	Pulse	55	17710000	3569856	NA
344	Pulse	55	17720000	3579856	NA
344	Pulse	55	17730000	3589856	NA
344	Pulse	55	17740000	3599856	NA
344	Pulse	55	17750000	3609856	NA
344	Pulse	55	17760000	3619856	NA
344	Pulse	55	17770000	3629856	NA
344	Pulse	55	17780000	3639856	NA
344	Pulse	55	17790000	3649856	NA
344	Pulse	55	17800000	3659856	NA
344	Pulse	55	17810000	3669856	NA
344	Pulse	55	17820000	3679856	NA
344	Pulse	55	17830000	3689856	NA
344	Pulse	55	17840000	3699856	NA
344	Pulse	55	17850000	3709856	NA
344	Pulse	55	17860000	3719856	NA
344	Pulse	55	17870000	3729856	NA
344	Pulse	55	17880000	3739856	NA
344	Pulse	55	17890000	3749856	NA
344	Pulse	55	17900000	3759856	NA
344	Pulse	55	17910000	3769856	NA
344	Pulse	55	17920000	3779856	NA
344	Pulse	55	17930000	3789856	NA
344	Pulse	55	17940000	3799856	NA
344	Pulse	55	17950000	3809856	NA
344	Pulse	55	17960000	3819856	NA
344	Pulse	55	17970000	3829856	NA
344	Pulse	55	17980000	3839856	NA
344	Pulse	55	17990000	3849856	NA
344	Pulse	55	18000000	3859856	NA
344	Pulse	55	18010000	3869856	NA
344	Pulse	55	18020000	3879856	NA
344	Pulse	55	18030000	3889856	NA
344	Pulse	55	18040000	3899856	NA
344	Pulse	55	18050000	3909856	NA
344	Pulse	55	18060000	3919856	NA
344	Pulse	55	18070000	3929856	NA
344	Pulse	55	18080000	3939856	NA
344	Pulse	55	18090000	3949856	NA
344	Pulse	55	18100000	3959856	NA
344	Pulse	55	18110000	3969856	NA
344	Pulse	55	18120000	3979856	NA
344	Pulse	55	18130000	3989856	NA
344	Pulse	55	18140000	3999856	NA
344	Pulse	55	18150000	4009856	NA
344	Pulse	55	18160000	4019856	NA
344	Pulse	55	18170000	4029856	NA
344	Pulse	55	18180000	4039856	NA
344	Pulse	55	18190000	4049856	NA
344	Pulse	55	18200000	4059856	NA
344	Pulse	55	18210000	4069856	NA
344	Pulse	55	18220000	4079856	NA
344	Pulse	55	18230000	4089856	NA
344	Pulse	55	18240000	4099856	NA
344	Pulse	55	18250000	4109856	NA
344	Pulse	55	18260000	4119856	NA
344	Pulse	55	18270000	4129856	NA
344	Pulse	55	18280000	4139856	NA
344	Pulse	55	18290000	4149856	NA
344	Pulse	55	18300000	4159856	NA
344	Pulse	55	18310000	4169856	NA
344	Pulse	55	18320000	4179856	NA
344	Pulse	55	18330000	4189856	NA
344	Pulse	55	18340000	4199856	NA
344	Pulse	55	18350000	4209856	NA
344	Pulse	55	18360000	4219856	NA
344	Pulse	55	18370000	4229856	NA
344	Pulse	55	18380000	4239856	NA
344	Pulse	55	18390000	4249856	NA
344	Pulse	55	18400000	4259856	NA
344	Pulse	55	18410000	4269856	NA
344	Pulse	55	18420000	4279856	NA
344	Pulse	55	18430000	4289856	NA
344	Pulse	55	18440000	4299856	NA
344	Pulse	55	18450000	4309856	NA
344	Pulse	55	18460000	4319856	NA
344	Pulse	55	18470000	4329856	NA
344	Pulse	55	18480000	4339856	NA
344	Pulse	55	18490000	4349856	NA
344	Pulse	55	18500000	4359856	NA
344	Pulse	55	18510000	4369856	NA
344	Pulse	55	18520000	4379856	NA
344	Pulse	55	18530000	4389856	NA
344	Pulse	55	18540000	4399856	NA
344	Pulse	55	18550000	4409856	NA
344	Pulse	55	18560000	4419856	NA
344	Pulse	55	18570000	4429856	NA
344	Pulse	55	18580000	4439856	NA
344	Pulse	55	18590000	4449856	NA
344	Pulse	55	18600000	4459856	NA
344	Pulse	55	18610000	4469856	NA
344	Pulse	55	18620000	4479856	NA
344	Pulse	55	18630000	4489856	NA
344	Pulse	55	18640000	4499856	NA
344	Pulse	55	18650000	4509856	NA
344	Pulse	55	18660000	4519856	NA
344	Pulse	55	18670000	4529856	NA
344	Pulse	55	18680000	4539856	NA
344	Pulse	55	18690000	4549856	NA
344	Pulse	55	18700000	4559856	NA
344	Pulse	55	18710000	4569856	NA
344	Pulse	55	18720000	4579856	NA
344	Pulse	55	18730000	4589856	NA
344	Pulse	55	18740000	4599856	NA
344	Pulse	55	18750000	4609856	NA
344	Pulse	55	18760000	4619856	NA
344	Pulse	55	18770000	4629856	NA
344	Pulse	55	18780000	4639856	NA
344	Pulse	55	18790000	4649856	NA
344	Pulse	55	18800000	4659856	NA
344	Pulse	55	18810000	4669856	NA
344	Pulse	55	18820000	4679856	NA
344	Pulse	55	18830000	4689856	NA
344	Pulse	55	18840000	4699856	NA
344	Pulse	55	18850000	4709856	NA
344	Pulse	55	18860000	4719856	NA
344	Pulse	55	18870000	4729856	NA
344	Pulse	55	18880000	4739856	NA
344	Pulse	55	18890000	4749856	NA
344	Pulse	55	18900000	4759856	NA
344	Pulse	55	18910000	4769856	NA
344	Pulse	55	18920000	4779856	NA
344	Pulse	55	18930000	4789856	NA
344	Pulse	55	18940000	4799856	NA
344	Pulse	55	18950000	4809856	NA
344	Pulse	55	18960000	4819856	NA
344	Pulse	55	18970000	4829856	NA
344	Pulse	55	18980000	4839856	NA
344	Pulse	55	18990000	4849856	NA
344	Pulse	55	19000000	4859856	NA
344	Pulse	55	19010000	4869856	NA
344	Pulse	55	19020000	4879856	NA
344	Pulse	55	19030000	4889856	NA
344	Pulse	55	19040000	4899856	NA
344	Pulse	55	19050000	4909856	NA
344	Pulse	55	19060000	4919856	NA
344	Pulse	55	19070000	4929856	NA
344	Pulse	55	19080000	4939856	NA
344	Pulse	55	19090000	4949856	NA
344	Pulse	55	19100000	4959856	NA
344	Pulse	55	19110000	4969856	NA
344	Pulse	55	19120000	4979856	NA
344	Pulse	55	19130000	4989856	NA
344	Pulse	55	19140000	4999856	NA
344	Pulse	55	19150000	5009856	NA
344	Pulse	55	19160000	5019856	NA
344	Response	1	19163479	5023335	1
345	Pulse	55	19170000	6423	NA
345	Pulse	55	19180000	16423	NA
345	Pulse	55	19190000	26423	NA
345	Pulse	55	19200000	36423	NA
345	Pulse	55	19210000	46423	NA
345	Pulse	55	19220000	56423	NA
345	Pulse	55	19230000	66423	NA
345	Pulse	55	19240000	76423	NA
345	Pulse	55	19250000	86423	NA
345	Pulse	55	19260000	96423	NA
345	Pulse	55	19270000	106423	NA
345	Pulse	55	19280000	116423	NA
345	Pulse	55	19290000	126423	NA
345	Pulse	55	19300000	136423	NA
345	Pulse	55	19310000	146423	NA
345	Pulse	55	19320000	156423	NA
345	Pulse	55	19330000	166423	NA
345	Pulse	55	19340000	176423	NA
345	Pulse	55	19350000	186423	NA
345	Pulse	55	19360000	196423	NA
345	Pulse	55	19370000	206423	NA
345	Pulse	55	19380000	216423	NA
345	Pulse	55	19390000	226423	NA
345	Pulse	55	19400000	236423	NA
345	Pulse	55	19410000	246423	NA
345	Pulse	55	19420000	256423	NA
345	Pulse	55	19430000	266423	NA
345	Pulse	55	19440000	276423	NA
345	Pulse	55	19450000	286423	NA
345	Pulse	55	19460000	296423	NA
345	Pulse	55	19470000	306423	NA
345	Pulse	55	19480000	316423	NA
345	Pulse	55	19490000	326423	NA
345	Pulse	55	19500000	336423	NA
345	Pulse	55	19510000	346423	NA
345	Pulse	55	19520000	356423	NA
345	Pulse	55	19530000	366423	NA
345	Pulse	55	19540000	376423	NA
345	Pulse	55	19550000	386423	NA
345	Pulse	55	19560000	396423	NA
345	Pulse	55	19570000	406423	NA
345	Pulse	55	19580000	416423	NA
345	Pulse	55	19590000	426423	NA
345	Pulse	55	19600000	436423	NA
345	Pulse	55	19610000	446423	NA
345	Pulse	55	19620000	456423	NA
345	Pulse	55	19630000	466423	NA
345	Pulse	55	19640000	476423	NA
345	Pulse	55	19650000	486423	NA
345	Pulse	55	19660000	496423	NA
345	Pulse	55	19670000	506423	NA
345	Pulse	55	19680000	516423	NA
345	Pulse	55	19690000	526423	NA
345	Pulse	55	19700000	536423	NA
345	Pulse	55	19710000	546423	NA
345	Pulse	55	19720000	556423	NA
345	Pulse	55	19730000	566423	NA
345	Pulse	55	19740000	576423	NA
345	Pulse	55	19750000	586423	NA
345	Pulse	55	19760000	596423	NA
345	Pulse	55	19770000	606423	NA
345	Pulse	55	19780000	616423	NA
345	Pulse	55	19790000	626423	NA
345	Pulse	55	19800000	636423	NA
345	Pulse	55	19810000	646423	NA
345	Pulse	55	19820000	656423	NA
345	Pulse	55	19830000	666423	NA
345	Pulse	55	19840000	676423	NA
345	Pulse	55	19850000	686423	NA
345	Pulse	55	19860000	696423	NA
345	Pulse	55	19870000	706423	NA
345	Pulse	55	19880000	716423	NA
345	Pulse	55	19890000	726423	NA
345	Pulse	55	19900000	736423	NA
345	Pulse	55	19910000	746423	NA
345	Pulse	55	19920000	756423	NA
345	Pulse	55	19930000	766423	NA
345	Pulse	55	19940000	776423	NA
345	Pulse	55	19950000	786423	NA
345	Pulse	55	19960000	796423	NA
345	Pulse	55	19970000	806423	NA
345	Pulse	55	19980000	816423	NA
345	Pulse	55	19990000	826423	NA
345	Pulse	55	20000000	836423	NA
345	Pulse	55	20010000	846423	NA
345	Pulse	55	20020000	856423	NA
345	Pulse	55	20030000	866423	NA
345	Pulse	55	20040000	876423	NA
345	Pulse	55	20050000	886423	NA
345	Pulse	55	20060000	896423	NA
345	Pulse	55	20070000	906423	NA
345	Pulse	55	20080000	916423	NA
345	Pulse	55	20090000	926423	NA
345	Pulse	55	20100000	936423	NA
345	Pulse	55	20110000	946423	NA
345	Pulse	55	20120000	956423	NA
345	Pulse	55	20130000	966423	NA
345	Pulse	55	20140000	976423	NA
345	Pulse	55	20150000	986423	NA
345	Pulse	55	20160000	996423	NA
345	Pulse	55	20170000	1006423	NA
345	Pulse	55	20180000	1016423	NA
345	Response	1	20188197	1024620	1
