Scenario - Slideshow_D2.sce
Logfile written - 11/12/2021 11:28:12

Trial	Event Type	Code	Time	TTime	Uncertainty	Duration	Uncertainty	ReqTime	ReqDur	Stim Type	Pair Index

0	Pulse	55	0	0	NA
1	Pulse	55	10000	9334	NA
1	Pulse	55	20000	19334	NA
1	Pulse	55	30000	29334	NA
1	Pulse	55	40000	39334	NA
2	Pulse	55	50000	8668	NA
2	Pulse	55	60000	18668	NA
2	Pulse	55	70000	28668	NA
2	Pulse	55	80000	38668	NA
3	Pulse	55	90000	8002	NA
3	Pulse	55	100000	18002	NA
3	Pulse	55	110000	28002	NA
3	Pulse	55	120000	38002	NA
4	Pulse	55	130000	7335	NA
4	Pulse	55	140000	17335	NA
4	Pulse	55	150000	27335	NA
4	Pulse	55	160000	37335	NA
5	Pulse	55	170000	6669	NA
5	Pulse	55	180000	16669	NA
5	Pulse	55	190000	26669	NA
5	Pulse	55	200000	36669	NA
6	Pulse	55	210000	6003	NA
6	Pulse	55	220000	16003	NA
6	Pulse	55	230000	26003	NA
6	Pulse	55	240000	36003	NA
7	Pulse	55	250000	5337	NA
7	Pulse	55	260000	15337	NA
7	Pulse	55	270000	25337	NA
7	Pulse	55	280000	35337	NA
8	Pulse	55	290000	4671	NA
8	Pulse	55	300000	14671	NA
8	Pulse	55	310000	24671	NA
8	Pulse	55	320000	34671	NA
9	Pulse	55	330000	4005	NA
9	Pulse	55	340000	14005	NA
9	Pulse	55	350000	24005	NA
9	Pulse	55	360000	34005	NA
10	Pulse	55	370000	3506	NA
10	Pulse	55	380000	13506	NA
10	Pulse	55	390000	23506	NA
10	Pulse	55	400000	33506	NA
11	Pulse	55	410000	3007	NA
11	Pulse	55	420000	13007	NA
11	Pulse	55	430000	23007	NA
11	Pulse	55	440000	33007	NA
12	Pulse	55	450000	2340	NA
12	Pulse	55	460000	12340	NA
12	Pulse	55	470000	22340	NA
12	Pulse	55	480000	32340	NA
13	Pulse	55	490000	1674	NA
13	Pulse	55	500000	11674	NA
13	Pulse	55	510000	21674	NA
13	Pulse	55	520000	31674	NA
14	Pulse	55	530000	1008	NA
14	Pulse	55	540000	11008	NA
14	Pulse	55	550000	21008	NA
14	Pulse	55	560000	31008	NA
15	Pulse	55	570000	342	NA
15	Pulse	55	580000	10342	NA
15	Pulse	55	590000	20342	NA
15	Pulse	55	600000	30342	NA
15	Pulse	55	610000	40342	NA
16	Pulse	55	620000	9676	NA
16	Pulse	55	630000	19676	NA
16	Pulse	55	640000	29676	NA
16	Pulse	55	650000	39676	NA
17	Pulse	55	660000	9010	NA
17	Pulse	55	670000	19010	NA
17	Pulse	55	680000	29010	NA
17	Pulse	55	690000	39010	NA
18	Pulse	55	700000	8344	NA
18	Pulse	55	710000	18344	NA
18	Pulse	55	720000	28344	NA
18	Pulse	55	730000	38344	NA
19	Pulse	55	740000	7678	NA
19	Pulse	55	750000	17678	NA
19	Pulse	55	760000	27678	NA
19	Pulse	55	770000	37678	NA
20	Pulse	55	780000	7012	NA
20	Pulse	55	790000	17012	NA
20	Pulse	55	800000	27012	NA
20	Pulse	55	810000	37012	NA
21	Pulse	55	820000	6346	NA
21	Pulse	55	830000	16346	NA
21	Pulse	55	840000	26346	NA
21	Pulse	55	850000	36346	NA
22	Pulse	55	860000	5680	NA
22	Pulse	55	870000	15680	NA
22	Pulse	55	880000	25680	NA
22	Pulse	55	890000	35680	NA
23	Pulse	55	900000	5014	NA
23	Pulse	55	910000	15014	NA
23	Pulse	55	920000	25014	NA
23	Pulse	55	930000	35014	NA
24	Pulse	55	940000	4348	NA
24	Pulse	55	950000	14348	NA
24	Pulse	55	960000	24348	NA
24	Pulse	55	970000	34348	NA
25	Pulse	55	980000	3682	NA
25	Pulse	55	990000	13682	NA
25	Pulse	55	1000000	23682	NA
25	Pulse	55	1010000	33682	NA
26	Pulse	55	1020000	3016	NA
26	Pulse	55	1030000	13016	NA
26	Pulse	55	1040000	23016	NA
26	Pulse	55	1050000	33016	NA
27	Pulse	55	1060000	2350	NA
27	Pulse	55	1070000	12350	NA
27	Pulse	55	1080000	22350	NA
27	Pulse	55	1090000	32350	NA
28	Pulse	55	1100000	1684	NA
28	Pulse	55	1110000	11684	NA
28	Pulse	55	1120000	21684	NA
28	Pulse	55	1130000	31684	NA
29	Pulse	55	1140000	1018	NA
29	Pulse	55	1150000	11018	NA
29	Pulse	55	1160000	21018	NA
29	Pulse	55	1170000	31018	NA
30	Pulse	55	1180000	352	NA
30	Pulse	55	1190000	10352	NA
30	Pulse	55	1200000	20352	NA
30	Pulse	55	1210000	30352	NA
30	Pulse	55	1220000	40352	NA
31	Pulse	55	1230000	9686	NA
31	Pulse	55	1240000	19686	NA
31	Pulse	55	1250000	29686	NA
31	Pulse	55	1260000	39686	NA
32	Pulse	55	1270000	9020	NA
32	Pulse	55	1280000	19020	NA
32	Pulse	55	1290000	29020	NA
32	Pulse	55	1300000	39020	NA
33	Pulse	55	1310000	8354	NA
33	Pulse	55	1320000	18354	NA
33	Pulse	55	1330000	28354	NA
33	Pulse	55	1340000	38354	NA
34	Pulse	55	1350000	7688	NA
34	Pulse	55	1360000	17688	NA
34	Pulse	55	1370000	27688	NA
34	Pulse	55	1380000	37688	NA
35	Pulse	55	1390000	7022	NA
35	Pulse	55	1400000	17022	NA
35	Pulse	55	1410000	27022	NA
35	Pulse	55	1420000	37022	NA
36	Pulse	55	1430000	6356	NA
36	Pulse	55	1440000	16356	NA
36	Pulse	55	1450000	26356	NA
36	Pulse	55	1460000	36356	NA
37	Pulse	55	1470000	5690	NA
37	Pulse	55	1480000	15690	NA
37	Pulse	55	1490000	25690	NA
37	Pulse	55	1500000	35690	NA
38	Pulse	55	1510000	4857	NA
38	Pulse	55	1520000	14857	NA
38	Pulse	55	1530000	24857	NA
38	Pulse	55	1540000	34857	NA
39	Pulse	55	1550000	4191	NA
39	Pulse	55	1560000	14191	NA
39	Pulse	55	1570000	24191	NA
39	Pulse	55	1580000	34191	NA
40	Pulse	55	1590000	3525	NA
40	Pulse	55	1600000	13525	NA
40	Pulse	55	1610000	23525	NA
40	Pulse	55	1620000	33525	NA
41	Pulse	55	1630000	2859	NA
41	Pulse	55	1640000	12859	NA
41	Pulse	55	1650000	22859	NA
41	Pulse	55	1660000	32859	NA
42	Pulse	55	1670000	2193	NA
42	Pulse	55	1680000	12193	NA
42	Pulse	55	1690000	22193	NA
42	Pulse	55	1700000	32193	NA
43	Pulse	55	1710000	1527	NA
43	Pulse	55	1720000	11527	NA
43	Pulse	55	1730000	21527	NA
43	Pulse	55	1740000	31527	NA
44	Pulse	55	1750000	861	NA
44	Pulse	55	1760000	10861	NA
44	Pulse	55	1770000	20861	NA
44	Pulse	55	1780000	30861	NA
45	Pulse	55	1790000	195	NA
45	Pulse	55	1800000	10195	NA
45	Pulse	55	1810000	20195	NA
45	Pulse	55	1820000	30195	NA
45	Pulse	55	1830000	40195	NA
46	Pulse	55	1840000	9529	NA
46	Pulse	55	1850000	19529	NA
46	Pulse	55	1860000	29529	NA
46	Pulse	55	1870000	39529	NA
47	Pulse	55	1880000	8863	NA
47	Pulse	55	1890000	18863	NA
47	Pulse	55	1900000	28863	NA
47	Pulse	55	1910000	38863	NA
48	Pulse	55	1920000	8197	NA
48	Pulse	55	1930000	18197	NA
48	Pulse	55	1940000	28197	NA
48	Pulse	55	1950000	38197	NA
49	Pulse	55	1960000	7530	NA
49	Pulse	55	1970000	17530	NA
49	Pulse	55	1980000	27530	NA
49	Pulse	55	1990000	37530	NA
50	Pulse	55	2000000	6864	NA
50	Pulse	55	2010000	16864	NA
50	Pulse	55	2020000	26864	NA
50	Pulse	55	2030000	36864	NA
51	Pulse	55	2040000	6198	NA
51	Pulse	55	2050000	16198	NA
51	Pulse	55	2060000	26198	NA
51	Pulse	55	2070000	36198	NA
52	Pulse	55	2080000	5532	NA
52	Pulse	55	2090000	15532	NA
52	Pulse	55	2100000	25532	NA
52	Pulse	55	2110000	35532	NA
53	Pulse	55	2120000	4866	NA
53	Pulse	55	2130000	14866	NA
53	Pulse	55	2140000	24866	NA
53	Pulse	55	2150000	34866	NA
54	Pulse	55	2160000	4200	NA
54	Pulse	55	2170000	14200	NA
54	Pulse	55	2180000	24200	NA
54	Pulse	55	2190000	34200	NA
55	Pulse	55	2200000	3534	NA
55	Pulse	55	2210000	13534	NA
55	Pulse	55	2220000	23534	NA
55	Pulse	55	2230000	33534	NA
56	Pulse	55	2240000	2868	NA
56	Pulse	55	2250000	12868	NA
56	Pulse	55	2260000	22868	NA
56	Pulse	55	2270000	32868	NA
57	Pulse	55	2280000	2202	NA
57	Pulse	55	2290000	12202	NA
57	Pulse	55	2300000	22202	NA
57	Pulse	55	2310000	32202	NA
58	Pulse	55	2320000	1536	NA
58	Pulse	55	2330000	11536	NA
58	Pulse	55	2340000	21536	NA
58	Pulse	55	2350000	31536	NA
59	Pulse	55	2360000	870	NA
59	Pulse	55	2370000	10870	NA
59	Pulse	55	2380000	20870	NA
59	Pulse	55	2390000	30870	NA
60	Pulse	55	2400000	204	NA
60	Pulse	55	2410000	10204	NA
60	Pulse	55	2420000	20204	NA
60	Pulse	55	2430000	30204	NA
60	Pulse	55	2440000	40204	NA
61	Pulse	55	2450000	9538	NA
61	Pulse	55	2460000	19538	NA
61	Pulse	55	2470000	29538	NA
61	Pulse	55	2480000	39538	NA
62	Pulse	55	2490000	8872	NA
62	Pulse	55	2500000	18872	NA
62	Pulse	55	2510000	28872	NA
62	Pulse	55	2520000	38872	NA
63	Pulse	55	2530000	8206	NA
63	Pulse	55	2540000	18206	NA
63	Pulse	55	2550000	28206	NA
63	Pulse	55	2560000	38206	NA
64	Pulse	55	2570000	7540	NA
64	Pulse	55	2580000	17540	NA
64	Pulse	55	2590000	27540	NA
64	Pulse	55	2600000	37540	NA
65	Pulse	55	2610000	6874	NA
65	Pulse	55	2620000	16874	NA
65	Pulse	55	2630000	26874	NA
65	Pulse	55	2640000	36874	NA
66	Pulse	55	2650000	6208	NA
66	Pulse	55	2660000	16208	NA
66	Pulse	55	2670000	26208	NA
66	Pulse	55	2680000	36208	NA
67	Pulse	55	2690000	5542	NA
67	Pulse	55	2700000	15542	NA
67	Pulse	55	2710000	25542	NA
67	Pulse	55	2720000	35542	NA
68	Pulse	55	2730000	4876	NA
68	Pulse	55	2740000	14876	NA
68	Pulse	55	2750000	24876	NA
68	Pulse	55	2760000	34876	NA
69	Pulse	55	2770000	4210	NA
69	Pulse	55	2780000	14210	NA
69	Pulse	55	2790000	24210	NA
69	Pulse	55	2800000	34210	NA
70	Pulse	55	2810000	3544	NA
70	Pulse	55	2820000	13544	NA
70	Pulse	55	2830000	23544	NA
70	Pulse	55	2840000	33544	NA
71	Pulse	55	2850000	2878	NA
71	Pulse	55	2860000	12878	NA
71	Pulse	55	2870000	22878	NA
71	Pulse	55	2880000	32878	NA
72	Pulse	55	2890000	2212	NA
72	Pulse	55	2900000	12212	NA
72	Pulse	55	2910000	22212	NA
72	Pulse	55	2920000	32212	NA
73	Pulse	55	2930000	1546	NA
73	Pulse	55	2940000	11546	NA
73	Pulse	55	2950000	21546	NA
73	Pulse	55	2960000	31546	NA
74	Pulse	55	2970000	880	NA
74	Pulse	55	2980000	10880	NA
74	Pulse	55	2990000	20880	NA
74	Pulse	55	3000000	30880	NA
75	Pulse	55	3010000	214	NA
75	Pulse	55	3020000	10214	NA
75	Pulse	55	3030000	20214	NA
75	Pulse	55	3040000	30214	NA
75	Pulse	55	3050000	40214	NA
76	Pulse	55	3060000	9548	NA
76	Pulse	55	3070000	19548	NA
76	Pulse	55	3080000	29548	NA
76	Pulse	55	3090000	39548	NA
77	Pulse	55	3100000	8882	NA
77	Pulse	55	3110000	18882	NA
77	Pulse	55	3120000	28882	NA
77	Pulse	55	3130000	38882	NA
78	Pulse	55	3140000	8216	NA
78	Pulse	55	3150000	18216	NA
78	Pulse	55	3160000	28216	NA
78	Pulse	55	3170000	38216	NA
79	Pulse	55	3180000	7549	NA
79	Pulse	55	3190000	17549	NA
79	Pulse	55	3200000	27549	NA
79	Pulse	55	3210000	37549	NA
80	Pulse	55	3220000	6883	NA
80	Pulse	55	3230000	16883	NA
80	Pulse	55	3240000	26883	NA
80	Pulse	55	3250000	36883	NA
81	Pulse	55	3260000	6217	NA
81	Pulse	55	3270000	16217	NA
81	Pulse	55	3280000	26217	NA
81	Pulse	55	3290000	36217	NA
82	Pulse	55	3300000	5551	NA
82	Pulse	55	3310000	15551	NA
82	Pulse	55	3320000	25551	NA
82	Pulse	55	3330000	35551	NA
83	Pulse	55	3340000	4885	NA
83	Pulse	55	3350000	14885	NA
83	Pulse	55	3360000	24885	NA
83	Pulse	55	3370000	34885	NA
84	Pulse	55	3380000	4219	NA
84	Pulse	55	3390000	14219	NA
84	Pulse	55	3400000	24219	NA
84	Pulse	55	3410000	34219	NA
85	Pulse	55	3420000	3553	NA
85	Pulse	55	3430000	13553	NA
85	Pulse	55	3440000	23553	NA
85	Pulse	55	3450000	33553	NA
86	Pulse	55	3460000	2887	NA
86	Pulse	55	3470000	12887	NA
86	Pulse	55	3480000	22887	NA
86	Pulse	55	3490000	32887	NA
87	Pulse	55	3500000	2221	NA
87	Pulse	55	3510000	12221	NA
87	Pulse	55	3520000	22221	NA
87	Pulse	55	3530000	32221	NA
88	Pulse	55	3540000	1555	NA
88	Pulse	55	3550000	11555	NA
88	Pulse	55	3560000	21555	NA
88	Pulse	55	3570000	31555	NA
89	Pulse	55	3580000	889	NA
89	Pulse	55	3590000	10889	NA
89	Pulse	55	3600000	20889	NA
89	Pulse	55	3610000	30889	NA
90	Pulse	55	3620000	223	NA
90	Pulse	55	3630000	10223	NA
90	Pulse	55	3640000	20223	NA
90	Pulse	55	3650000	30223	NA
90	Pulse	55	3660000	40223	NA
91	Pulse	55	3670000	9557	NA
91	Pulse	55	3680000	19557	NA
91	Pulse	55	3690000	29557	NA
91	Pulse	55	3700000	39557	NA
92	Pulse	55	3710000	8891	NA
92	Pulse	55	3720000	18891	NA
92	Pulse	55	3730000	28891	NA
92	Pulse	55	3740000	38891	NA
93	Pulse	55	3750000	8225	NA
93	Pulse	55	3760000	18225	NA
93	Pulse	55	3770000	28225	NA
93	Pulse	55	3780000	38225	NA
94	Pulse	55	3790000	7559	NA
94	Pulse	55	3800000	17559	NA
94	Pulse	55	3810000	27559	NA
94	Pulse	55	3820000	37559	NA
95	Pulse	55	3830000	6893	NA
95	Pulse	55	3840000	16893	NA
95	Pulse	55	3850000	26893	NA
95	Pulse	55	3860000	36893	NA
96	Pulse	55	3870000	6227	NA
96	Pulse	55	3880000	16227	NA
96	Pulse	55	3890000	26227	NA
96	Pulse	55	3900000	36227	NA
97	Pulse	55	3910000	5561	NA
97	Pulse	55	3920000	15561	NA
97	Pulse	55	3930000	25561	NA
97	Pulse	55	3940000	35561	NA
98	Pulse	55	3950000	4895	NA
98	Pulse	55	3960000	14895	NA
98	Pulse	55	3970000	24895	NA
98	Pulse	55	3980000	34895	NA
99	Pulse	55	3990000	4229	NA
99	Pulse	55	4000000	14229	NA
99	Pulse	55	4010000	24229	NA
99	Pulse	55	4020000	34229	NA
100	Pulse	55	4030000	3563	NA
100	Pulse	55	4040000	13563	NA
100	Pulse	55	4050000	23563	NA
100	Pulse	55	4060000	33563	NA
101	Pulse	55	4070000	2897	NA
101	Pulse	55	4080000	12897	NA
101	Pulse	55	4090000	22897	NA
101	Pulse	55	4100000	32897	NA
102	Pulse	55	4110000	2230	NA
102	Pulse	55	4120000	12230	NA
102	Pulse	55	4130000	22230	NA
102	Pulse	55	4140000	32230	NA
103	Pulse	55	4150000	1564	NA
103	Pulse	55	4160000	11564	NA
103	Pulse	55	4170000	21564	NA
103	Pulse	55	4180000	31564	NA
104	Pulse	55	4190000	898	NA
104	Pulse	55	4200000	10898	NA
104	Pulse	55	4210000	20898	NA
104	Pulse	55	4220000	30898	NA
105	Pulse	55	4230000	232	NA
105	Pulse	55	4240000	10232	NA
105	Pulse	55	4250000	20232	NA
105	Pulse	55	4260000	30232	NA
105	Pulse	55	4270000	40232	NA
106	Pulse	55	4280000	9566	NA
106	Pulse	55	4290000	19566	NA
106	Pulse	55	4300000	29566	NA
106	Pulse	55	4310000	39566	NA
107	Pulse	55	4320000	9067	NA
107	Pulse	55	4330000	19067	NA
107	Pulse	55	4340000	29067	NA
107	Pulse	55	4350000	39067	NA
108	Pulse	55	4360000	8568	NA
108	Pulse	55	4370000	18568	NA
108	Pulse	55	4380000	28568	NA
108	Pulse	55	4390000	38568	NA
109	Pulse	55	4400000	7902	NA
109	Pulse	55	4410000	17902	NA
109	Pulse	55	4420000	27902	NA
109	Pulse	55	4430000	37902	NA
110	Pulse	55	4440000	7236	NA
110	Pulse	55	4450000	17236	NA
110	Pulse	55	4460000	27236	NA
110	Pulse	55	4470000	37236	NA
111	Pulse	55	4480000	6570	NA
111	Pulse	55	4490000	16570	NA
111	Pulse	55	4500000	26570	NA
111	Pulse	55	4510000	36570	NA
112	Pulse	55	4520000	5904	NA
112	Pulse	55	4530000	15904	NA
112	Pulse	55	4540000	25904	NA
112	Pulse	55	4550000	35904	NA
113	Pulse	55	4560000	5237	NA
113	Pulse	55	4570000	15237	NA
113	Pulse	55	4580000	25237	NA
113	Pulse	55	4590000	35237	NA
114	Pulse	55	4600000	4571	NA
114	Pulse	55	4610000	14571	NA
114	Pulse	55	4620000	24571	NA
114	Pulse	55	4630000	34571	NA
115	Pulse	55	4640000	4072	NA
115	Pulse	55	4650000	14072	NA
115	Pulse	55	4660000	24072	NA
115	Pulse	55	4670000	34072	NA
116	Pulse	55	4680000	3406	NA
116	Pulse	55	4690000	13406	NA
116	Pulse	55	4700000	23406	NA
116	Pulse	55	4710000	33406	NA
117	Pulse	55	4720000	2740	NA
117	Pulse	55	4730000	12740	NA
117	Pulse	55	4740000	22740	NA
117	Pulse	55	4750000	32740	NA
118	Pulse	55	4760000	2241	NA
118	Pulse	55	4770000	12241	NA
118	Pulse	55	4780000	22241	NA
118	Pulse	55	4790000	32241	NA
119	Pulse	55	4800000	1574	NA
119	Pulse	55	4810000	11574	NA
119	Pulse	55	4820000	21574	NA
119	Pulse	55	4830000	31574	NA
120	Pulse	55	4840000	909	NA
120	Pulse	55	4850000	10909	NA
120	Pulse	55	4860000	20909	NA
120	Pulse	55	4870000	30909	NA
121	Pulse	55	4880000	409	NA
121	Pulse	55	4890000	10409	NA
121	Pulse	55	4900000	20409	NA
121	Pulse	55	4910000	30409	NA
121	Pulse	55	4920000	40409	NA
122	Pulse	55	4930000	9743	NA
122	Pulse	55	4940000	19743	NA
122	Pulse	55	4950000	29743	NA
122	Pulse	55	4960000	39743	NA
123	Pulse	55	4970000	9244	NA
123	Pulse	55	4980000	19244	NA
123	Pulse	55	4990000	29244	NA
123	Pulse	55	5000000	39244	NA
124	Pulse	55	5010000	8744	NA
124	Pulse	55	5020000	18744	NA
124	Pulse	55	5030000	28744	NA
124	Pulse	55	5040000	38744	NA
125	Pulse	55	5050000	8245	NA
125	Pulse	55	5060000	18245	NA
125	Pulse	55	5070000	28245	NA
125	Pulse	55	5080000	38245	NA
126	Pulse	55	5090000	7579	NA
126	Pulse	55	5100000	17579	NA
126	Pulse	55	5110000	27579	NA
126	Pulse	55	5120000	37579	NA
127	Pulse	55	5130000	6913	NA
127	Pulse	55	5140000	16913	NA
127	Pulse	55	5150000	26913	NA
127	Pulse	55	5160000	36913	NA
128	Pulse	55	5170000	6247	NA
128	Pulse	55	5180000	16247	NA
128	Pulse	55	5190000	26247	NA
128	Pulse	55	5200000	36247	NA
129	Pulse	55	5210000	5581	NA
129	Pulse	55	5220000	15581	NA
129	Pulse	55	5230000	25581	NA
129	Pulse	55	5240000	35581	NA
130	Pulse	55	5250000	4915	NA
130	Pulse	55	5260000	14915	NA
130	Pulse	55	5270000	24915	NA
130	Pulse	55	5280000	34915	NA
131	Pulse	55	5290000	4249	NA
131	Pulse	55	5300000	14249	NA
131	Pulse	55	5310000	24249	NA
131	Pulse	55	5320000	34249	NA
132	Pulse	55	5330000	3750	NA
132	Pulse	55	5340000	13750	NA
132	Pulse	55	5350000	23750	NA
132	Pulse	55	5360000	33750	NA
133	Pulse	55	5370000	3083	NA
133	Pulse	55	5380000	13083	NA
133	Pulse	55	5390000	23083	NA
133	Pulse	55	5400000	33083	NA
134	Pulse	55	5410000	2417	NA
134	Pulse	55	5420000	12417	NA
134	Pulse	55	5430000	22417	NA
134	Pulse	55	5440000	32417	NA
135	Pulse	55	5450000	1751	NA
135	Pulse	55	5460000	11751	NA
135	Pulse	55	5470000	21751	NA
135	Pulse	55	5480000	31751	NA
136	Pulse	55	5490000	1085	NA
136	Pulse	55	5500000	11085	NA
136	Pulse	55	5510000	21085	NA
136	Pulse	55	5520000	31085	NA
137	Pulse	55	5530000	419	NA
137	Pulse	55	5540000	10419	NA
137	Pulse	55	5550000	20419	NA
137	Pulse	55	5560000	30419	NA
137	Pulse	55	5570000	40419	NA
138	Pulse	55	5580000	9920	NA
138	Pulse	55	5590000	19920	NA
138	Pulse	55	5600000	29920	NA
138	Pulse	55	5610000	39920	NA
139	Pulse	55	5620000	9254	NA
139	Pulse	55	5630000	19254	NA
139	Pulse	55	5640000	29254	NA
139	Pulse	55	5650000	39254	NA
140	Pulse	55	5660000	8588	NA
140	Pulse	55	5670000	18588	NA
140	Pulse	55	5680000	28588	NA
140	Pulse	55	5690000	38588	NA
141	Pulse	55	5700000	8088	NA
141	Pulse	55	5710000	18088	NA
141	Pulse	55	5720000	28088	NA
141	Pulse	55	5730000	38088	NA
142	Pulse	55	5740000	7422	NA
142	Pulse	55	5750000	17422	NA
142	Pulse	55	5760000	27422	NA
142	Pulse	55	5770000	37422	NA
143	Pulse	55	5780000	6756	NA
143	Pulse	55	5790000	16756	NA
143	Pulse	55	5800000	26756	NA
143	Pulse	55	5810000	36756	NA
144	Pulse	55	5820000	6257	NA
144	Pulse	55	5830000	16257	NA
144	Pulse	55	5840000	26257	NA
144	Pulse	55	5850000	36257	NA
145	Pulse	55	5860000	5758	NA
145	Pulse	55	5870000	15758	NA
145	Pulse	55	5880000	25758	NA
145	Pulse	55	5890000	35758	NA
146	Pulse	55	5900000	5091	NA
146	Pulse	55	5910000	15091	NA
146	Pulse	55	5920000	25091	NA
146	Pulse	55	5930000	35091	NA
147	Pulse	55	5940000	4425	NA
147	Pulse	55	5950000	14425	NA
147	Pulse	55	5960000	24425	NA
147	Pulse	55	5970000	34425	NA
148	Pulse	55	5980000	3759	NA
148	Pulse	55	5990000	13759	NA
148	Pulse	55	6000000	23759	NA
148	Pulse	55	6010000	33759	NA
149	Pulse	55	6020000	3093	NA
149	Pulse	55	6030000	13093	NA
149	Pulse	55	6040000	23093	NA
149	Pulse	55	6050000	33093	NA
150	Pulse	55	6060000	2427	NA
150	Pulse	55	6070000	12427	NA
150	Pulse	55	6080000	22427	NA
150	Pulse	55	6090000	32427	NA
151	Pulse	55	6100000	1761	NA
151	Pulse	55	6110000	11761	NA
151	Pulse	55	6120000	21761	NA
151	Pulse	55	6130000	31761	NA
152	Pulse	55	6140000	1095	NA
152	Pulse	55	6150000	11095	NA
152	Pulse	55	6160000	21095	NA
152	Pulse	55	6170000	31095	NA
153	Pulse	55	6180000	596	NA
153	Pulse	55	6190000	10596	NA
153	Pulse	55	6200000	20596	NA
153	Pulse	55	6210000	30596	NA
154	Pulse	55	6220000	97	NA
154	Pulse	55	6230000	10097	NA
154	Pulse	55	6240000	20097	NA
154	Pulse	55	6250000	30097	NA
154	Pulse	55	6260000	40097	NA
155	Pulse	55	6270000	9597	NA
155	Pulse	55	6280000	19597	NA
155	Pulse	55	6290000	29597	NA
155	Pulse	55	6300000	39597	NA
156	Pulse	55	6310000	9098	NA
156	Pulse	55	6320000	19098	NA
156	Pulse	55	6330000	29098	NA
156	Pulse	55	6340000	39098	NA
157	Pulse	55	6350000	8598	NA
157	Pulse	55	6360000	18598	NA
157	Pulse	55	6370000	28598	NA
157	Pulse	55	6380000	38598	NA
158	Pulse	55	6390000	8099	NA
158	Pulse	55	6400000	18099	NA
158	Pulse	55	6410000	28099	NA
158	Pulse	55	6420000	38099	NA
159	Pulse	55	6430000	7433	NA
159	Pulse	55	6440000	17433	NA
159	Pulse	55	6450000	27433	NA
159	Pulse	55	6460000	37433	NA
160	Pulse	55	6470000	6767	NA
160	Pulse	55	6480000	16767	NA
160	Pulse	55	6490000	26767	NA
160	Pulse	55	6500000	36767	NA
161	Pulse	55	6510000	6101	NA
161	Pulse	55	6520000	16101	NA
161	Pulse	55	6530000	26101	NA
161	Pulse	55	6540000	36101	NA
162	Pulse	55	6550000	5602	NA
162	Pulse	55	6560000	15602	NA
162	Pulse	55	6570000	25602	NA
162	Pulse	55	6580000	35602	NA
163	Pulse	55	6590000	4936	NA
163	Pulse	55	6600000	14936	NA
163	Pulse	55	6610000	24936	NA
163	Pulse	55	6620000	34936	NA
164	Pulse	55	6630000	4269	NA
164	Pulse	55	6640000	14269	NA
164	Pulse	55	6650000	24269	NA
164	Pulse	55	6660000	34269	NA
165	Pulse	55	6670000	3603	NA
165	Pulse	55	6680000	13603	NA
165	Pulse	55	6690000	23603	NA
165	Pulse	55	6700000	33603	NA
166	Pulse	55	6710000	2937	NA
166	Pulse	55	6720000	12937	NA
166	Pulse	55	6730000	22937	NA
166	Pulse	55	6740000	32937	NA
167	Pulse	55	6750000	2271	NA
167	Pulse	55	6760000	12271	NA
167	Pulse	55	6770000	22271	NA
167	Pulse	55	6780000	32271	NA
168	Pulse	55	6790000	1605	NA
168	Pulse	55	6800000	11605	NA
168	Pulse	55	6810000	21605	NA
168	Pulse	55	6820000	31605	NA
169	Pulse	55	6830000	1106	NA
169	Pulse	55	6840000	11106	NA
169	Pulse	55	6850000	21106	NA
169	Pulse	55	6860000	31106	NA
170	Pulse	55	6870000	440	NA
170	Pulse	55	6880000	10440	NA
170	Pulse	55	6890000	20440	NA
170	Pulse	55	6900000	30440	NA
170	Pulse	55	6910000	40440	NA
171	Pulse	55	6920000	9941	NA
171	Pulse	55	6930000	19941	NA
171	Pulse	55	6940000	29941	NA
171	Pulse	55	6950000	39941	NA
172	Pulse	55	6960000	9441	NA
172	Pulse	55	6970000	19441	NA
172	Pulse	55	6980000	29441	NA
172	Pulse	55	6990000	39441	NA
173	Pulse	55	7000000	8775	NA
173	Pulse	55	7010000	18775	NA
173	Pulse	55	7020000	28775	NA
173	Pulse	55	7030000	38775	NA
174	Pulse	55	7040000	8276	NA
174	Pulse	55	7050000	18276	NA
174	Pulse	55	7060000	28276	NA
174	Pulse	55	7070000	38276	NA
175	Pulse	55	7080000	7776	NA
175	Pulse	55	7090000	17776	NA
175	Pulse	55	7100000	27776	NA
175	Pulse	55	7110000	37776	NA
176	Pulse	55	7120000	7110	NA
176	Pulse	55	7130000	17110	NA
176	Pulse	55	7140000	27110	NA
176	Pulse	55	7150000	37110	NA
177	Pulse	55	7160000	6444	NA
177	Pulse	55	7170000	16444	NA
177	Pulse	55	7180000	26444	NA
177	Pulse	55	7190000	36444	NA
178	Pulse	55	7200000	5778	NA
178	Pulse	55	7210000	15778	NA
178	Pulse	55	7220000	25778	NA
178	Pulse	55	7230000	35778	NA
179	Pulse	55	7240000	5279	NA
179	Pulse	55	7250000	15279	NA
179	Pulse	55	7260000	25279	NA
179	Pulse	55	7270000	35279	NA
180	Pulse	55	7280000	4613	NA
180	Pulse	55	7290000	14613	NA
180	Pulse	55	7300000	24613	NA
180	Pulse	55	7310000	34613	NA
181	Pulse	55	7320000	3947	NA
181	Pulse	55	7330000	13947	NA
181	Pulse	55	7340000	23947	NA
181	Pulse	55	7350000	33947	NA
182	Pulse	55	7360000	3281	NA
182	Pulse	55	7370000	13281	NA
182	Pulse	55	7380000	23281	NA
182	Pulse	55	7390000	33281	NA
183	Pulse	55	7400000	2615	NA
183	Pulse	55	7410000	12615	NA
183	Pulse	55	7420000	22615	NA
183	Pulse	55	7430000	32615	NA
184	Pulse	55	7440000	1949	NA
184	Pulse	55	7450000	11949	NA
184	Pulse	55	7460000	21949	NA
184	Pulse	55	7470000	31949	NA
185	Pulse	55	7480000	1449	NA
185	Pulse	55	7490000	11449	NA
185	Pulse	55	7500000	21449	NA
185	Pulse	55	7510000	31449	NA
186	Pulse	55	7520000	783	NA
186	Pulse	55	7530000	10783	NA
186	Pulse	55	7540000	20783	NA
186	Pulse	55	7550000	30783	NA
187	Pulse	55	7560000	117	NA
187	Pulse	55	7570000	10117	NA
187	Pulse	55	7580000	20117	NA
187	Pulse	55	7590000	30117	NA
187	Pulse	55	7600000	40117	NA
188	Pulse	55	7610000	9451	NA
188	Pulse	55	7620000	19451	NA
188	Pulse	55	7630000	29451	NA
188	Pulse	55	7640000	39451	NA
189	Pulse	55	7650000	8785	NA
189	Pulse	55	7660000	18785	NA
189	Pulse	55	7670000	28785	NA
189	Pulse	55	7680000	38785	NA
190	Pulse	55	7690000	8119	NA
190	Pulse	55	7700000	18119	NA
190	Pulse	55	7710000	28119	NA
190	Pulse	55	7720000	38119	NA
191	Pulse	55	7730000	7453	NA
191	Pulse	55	7740000	17453	NA
191	Pulse	55	7750000	27453	NA
191	Pulse	55	7760000	37453	NA
192	Pulse	55	7770000	6787	NA
192	Pulse	55	7780000	16787	NA
192	Pulse	55	7790000	26787	NA
192	Pulse	55	7800000	36787	NA
193	Pulse	55	7810000	6121	NA
193	Pulse	55	7820000	16121	NA
193	Pulse	55	7830000	26121	NA
193	Pulse	55	7840000	36121	NA
194	Pulse	55	7850000	5455	NA
194	Pulse	55	7860000	15455	NA
194	Pulse	55	7870000	25455	NA
194	Pulse	55	7880000	35455	NA
195	Pulse	55	7890000	4789	NA
195	Pulse	55	7900000	14789	NA
195	Pulse	55	7910000	24789	NA
195	Pulse	55	7920000	34789	NA
196	Pulse	55	7930000	4123	NA
196	Pulse	55	7940000	14123	NA
196	Pulse	55	7950000	24123	NA
196	Pulse	55	7960000	34123	NA
197	Pulse	55	7970000	3623	NA
197	Pulse	55	7980000	13623	NA
197	Pulse	55	7990000	23623	NA
197	Pulse	55	8000000	33623	NA
198	Pulse	55	8010000	3124	NA
198	Pulse	55	8020000	13124	NA
198	Pulse	55	8030000	23124	NA
198	Pulse	55	8040000	33124	NA
199	Pulse	55	8050000	2458	NA
199	Pulse	55	8060000	12458	NA
199	Pulse	55	8070000	22458	NA
199	Pulse	55	8080000	32458	NA
200	Pulse	55	8090000	1792	NA
200	Pulse	55	8100000	11792	NA
200	Pulse	55	8110000	21792	NA
200	Pulse	55	8120000	31792	NA
201	Pulse	55	8130000	1293	NA
201	Pulse	55	8140000	11293	NA
201	Pulse	55	8150000	21293	NA
201	Pulse	55	8160000	31293	NA
202	Pulse	55	8170000	627	NA
202	Pulse	55	8180000	10627	NA
202	Pulse	55	8190000	20627	NA
202	Pulse	55	8200000	30627	NA
203	Pulse	55	8210000	127	NA
203	Pulse	55	8220000	10127	NA
203	Pulse	55	8230000	20127	NA
203	Pulse	55	8240000	30127	NA
203	Pulse	55	8250000	40127	NA
204	Pulse	55	8260000	9461	NA
204	Pulse	55	8270000	19461	NA
204	Pulse	55	8280000	29461	NA
204	Pulse	55	8290000	39461	NA
205	Pulse	55	8300000	8962	NA
205	Pulse	55	8310000	18962	NA
205	Pulse	55	8320000	28962	NA
205	Pulse	55	8330000	38962	NA
206	Pulse	55	8340000	8296	NA
206	Pulse	55	8350000	18296	NA
206	Pulse	55	8360000	28296	NA
206	Pulse	55	8370000	38296	NA
207	Pulse	55	8380000	7796	NA
207	Pulse	55	8390000	17796	NA
207	Pulse	55	8400000	27796	NA
207	Pulse	55	8410000	37796	NA
208	Pulse	55	8420000	7297	NA
208	Pulse	55	8430000	17297	NA
208	Pulse	55	8440000	27297	NA
208	Pulse	55	8450000	37297	NA
209	Pulse	55	8460000	6631	NA
209	Pulse	55	8470000	16631	NA
209	Pulse	55	8480000	26631	NA
209	Pulse	55	8490000	36631	NA
210	Pulse	55	8500000	6132	NA
210	Pulse	55	8510000	16132	NA
210	Pulse	55	8520000	26132	NA
210	Pulse	55	8530000	36132	NA
211	Pulse	55	8540000	5632	NA
211	Pulse	55	8550000	15632	NA
211	Pulse	55	8560000	25632	NA
211	Pulse	55	8570000	35632	NA
212	Pulse	55	8580000	5133	NA
212	Pulse	55	8590000	15133	NA
212	Pulse	55	8600000	25133	NA
212	Pulse	55	8610000	35133	NA
213	Pulse	55	8620000	4634	NA
213	Pulse	55	8630000	14634	NA
213	Pulse	55	8640000	24634	NA
213	Pulse	55	8650000	34634	NA
214	Pulse	55	8660000	3968	NA
214	Pulse	55	8670000	13968	NA
214	Pulse	55	8680000	23968	NA
214	Pulse	55	8690000	33968	NA
215	Pulse	55	8700000	3301	NA
215	Pulse	55	8710000	13301	NA
215	Pulse	55	8720000	23301	NA
215	Pulse	55	8730000	33301	NA
216	Pulse	55	8740000	2635	NA
216	Pulse	55	8750000	12635	NA
216	Pulse	55	8760000	22635	NA
216	Pulse	55	8770000	32635	NA
217	Pulse	55	8780000	2303	NA
217	Pulse	55	8790000	12303	NA
217	Pulse	55	8800000	22303	NA
217	Pulse	55	8810000	32303	NA
218	Pulse	55	8820000	1637	NA
218	Pulse	55	8830000	11637	NA
218	Pulse	55	8840000	21637	NA
218	Pulse	55	8850000	31637	NA
219	Pulse	55	8860000	1137	NA
219	Pulse	55	8870000	11137	NA
219	Pulse	55	8880000	21137	NA
219	Pulse	55	8890000	31137	NA
220	Pulse	55	8900000	471	NA
220	Pulse	55	8910000	10471	NA
220	Pulse	55	8920000	20471	NA
220	Pulse	55	8930000	30471	NA
220	Pulse	55	8940000	40471	NA
221	Pulse	55	8950000	9805	NA
221	Pulse	55	8960000	19805	NA
221	Pulse	55	8970000	29805	NA
221	Pulse	55	8980000	39805	NA
222	Pulse	55	8990000	9306	NA
222	Pulse	55	9000000	19306	NA
222	Pulse	55	9010000	29306	NA
222	Pulse	55	9020000	39306	NA
223	Pulse	55	9030000	8640	NA
223	Pulse	55	9040000	18640	NA
223	Pulse	55	9050000	28640	NA
223	Pulse	55	9060000	38640	NA
224	Pulse	55	9070000	7974	NA
224	Pulse	55	9080000	17974	NA
224	Pulse	55	9090000	27974	NA
224	Pulse	55	9100000	37974	NA
225	Pulse	55	9110000	7474	NA
225	Pulse	55	9120000	17474	NA
225	Pulse	55	9130000	27474	NA
225	Pulse	55	9140000	37474	NA
226	Pulse	55	9150000	6975	NA
226	Pulse	55	9160000	16975	NA
226	Pulse	55	9170000	26975	NA
226	Pulse	55	9180000	36975	NA
227	Pulse	55	9190000	6309	NA
227	Pulse	55	9200000	16309	NA
227	Pulse	55	9210000	26309	NA
227	Pulse	55	9220000	36309	NA
228	Pulse	55	9230000	5643	NA
228	Pulse	55	9240000	15643	NA
228	Pulse	55	9250000	25643	NA
228	Pulse	55	9260000	35643	NA
229	Pulse	55	9270000	4977	NA
229	Pulse	55	9280000	14977	NA
229	Pulse	55	9290000	24977	NA
229	Pulse	55	9300000	34977	NA
230	Pulse	55	9310000	4311	NA
230	Pulse	55	9320000	14311	NA
230	Pulse	55	9330000	24311	NA
230	Pulse	55	9340000	34311	NA
231	Pulse	55	9350000	3812	NA
231	Pulse	55	9360000	13812	NA
231	Pulse	55	9370000	23812	NA
231	Pulse	55	9380000	33812	NA
232	Pulse	55	9390000	3145	NA
232	Pulse	55	9400000	13145	NA
232	Pulse	55	9410000	23145	NA
232	Pulse	55	9420000	33145	NA
233	Pulse	55	9430000	2479	NA
233	Pulse	55	9440000	12479	NA
233	Pulse	55	9450000	22479	NA
233	Pulse	55	9460000	32479	NA
234	Pulse	55	9470000	1813	NA
234	Pulse	55	9480000	11813	NA
234	Pulse	55	9490000	21813	NA
234	Pulse	55	9500000	31813	NA
235	Pulse	55	9510000	1147	NA
235	Pulse	55	9520000	11147	NA
235	Pulse	55	9530000	21147	NA
235	Pulse	55	9540000	31147	NA
236	Pulse	55	9550000	481	NA
236	Pulse	55	9560000	10481	NA
236	Pulse	55	9570000	20481	NA
236	Pulse	55	9580000	30481	NA
236	Pulse	55	9590000	40481	NA
237	Pulse	55	9600000	9815	NA
237	Pulse	55	9610000	19815	NA
237	Pulse	55	9620000	29815	NA
237	Pulse	55	9630000	39815	NA
238	Pulse	55	9640000	9149	NA
238	Pulse	55	9650000	19149	NA
238	Pulse	55	9660000	29149	NA
238	Pulse	55	9670000	39149	NA
239	Pulse	55	9680000	8483	NA
239	Pulse	55	9690000	18483	NA
239	Pulse	55	9700000	28483	NA
239	Pulse	55	9710000	38483	NA
240	Pulse	55	9720000	7817	NA
240	Pulse	55	9730000	17817	NA
240	Pulse	55	9740000	27817	NA
240	Pulse	55	9750000	37817	NA
241	Pulse	55	9760000	7318	NA
241	Pulse	55	9770000	17318	NA
241	Pulse	55	9780000	27318	NA
241	Pulse	55	9790000	37318	NA
242	Pulse	55	9800000	6652	NA
242	Pulse	55	9810000	16652	NA
242	Pulse	55	9820000	26652	NA
242	Pulse	55	9830000	36652	NA
243	Pulse	55	9840000	5986	NA
243	Pulse	55	9850000	15986	NA
243	Pulse	55	9860000	25986	NA
243	Pulse	55	9870000	35986	NA
244	Pulse	55	9880000	5320	NA
244	Pulse	55	9890000	15320	NA
244	Pulse	55	9900000	25320	NA
244	Pulse	55	9910000	35320	NA
245	Pulse	55	9920000	4820	NA
245	Pulse	55	9930000	14820	NA
245	Pulse	55	9940000	24820	NA
245	Pulse	55	9950000	34820	NA
246	Pulse	55	9960000	4154	NA
246	Pulse	55	9970000	14154	NA
246	Pulse	55	9980000	24154	NA
246	Pulse	55	9990000	34154	NA
247	Pulse	55	10000000	3488	NA
247	Pulse	55	10010000	13488	NA
247	Pulse	55	10020000	23488	NA
247	Pulse	55	10030000	33488	NA
248	Pulse	55	10040000	2822	NA
248	Pulse	55	10050000	12822	NA
248	Pulse	55	10060000	22822	NA
248	Pulse	55	10070000	32822	NA
249	Pulse	55	10080000	2156	NA
249	Pulse	55	10090000	12156	NA
249	Pulse	55	10100000	22156	NA
249	Pulse	55	10110000	32156	NA
250	Pulse	55	10120000	1490	NA
250	Pulse	55	10130000	11490	NA
250	Pulse	55	10140000	21490	NA
250	Pulse	55	10150000	31490	NA
251	Pulse	55	10160000	824	NA
251	Pulse	55	10170000	10824	NA
251	Pulse	55	10180000	20824	NA
251	Pulse	55	10190000	30824	NA
252	Pulse	55	10200000	158	NA
252	Pulse	55	10210000	10158	NA
252	Pulse	55	10220000	20158	NA
252	Pulse	55	10230000	30158	NA
252	Pulse	55	10240000	40158	NA
253	Pulse	55	10250000	9492	NA
253	Pulse	55	10260000	19492	NA
253	Pulse	55	10270000	29492	NA
253	Pulse	55	10280000	39492	NA
254	Pulse	55	10290000	8826	NA
254	Pulse	55	10300000	18826	NA
254	Pulse	55	10310000	28826	NA
254	Pulse	55	10320000	38826	NA
255	Pulse	55	10330000	8326	NA
255	Pulse	55	10340000	18326	NA
255	Pulse	55	10350000	28326	NA
255	Pulse	55	10360000	38326	NA
256	Pulse	55	10370000	7827	NA
256	Pulse	55	10380000	17827	NA
256	Pulse	55	10390000	27827	NA
256	Pulse	55	10400000	37827	NA
257	Pulse	55	10410000	7328	NA
257	Pulse	55	10420000	17328	NA
257	Pulse	55	10430000	27328	NA
257	Pulse	55	10440000	37328	NA
258	Pulse	55	10450000	6662	NA
258	Pulse	55	10460000	16662	NA
258	Pulse	55	10470000	26662	NA
258	Pulse	55	10480000	36662	NA
259	Pulse	55	10490000	5996	NA
259	Pulse	55	10500000	15996	NA
259	Pulse	55	10510000	25996	NA
259	Pulse	55	10520000	35996	NA
260	Pulse	55	10530000	5330	NA
260	Pulse	55	10540000	15330	NA
260	Pulse	55	10550000	25330	NA
260	Pulse	55	10560000	35330	NA
261	Pulse	55	10570000	4664	NA
261	Pulse	55	10580000	14664	NA
261	Pulse	55	10590000	24664	NA
261	Pulse	55	10600000	34664	NA
262	Pulse	55	10610000	3997	NA
262	Pulse	55	10620000	13997	NA
262	Pulse	55	10630000	23997	NA
262	Pulse	55	10640000	33997	NA
263	Pulse	55	10650000	3332	NA
263	Pulse	55	10660000	13332	NA
263	Pulse	55	10670000	23332	NA
263	Pulse	55	10680000	33332	NA
264	Pulse	55	10690000	2665	NA
264	Pulse	55	10700000	12665	NA
264	Pulse	55	10710000	22665	NA
264	Pulse	55	10720000	32665	NA
265	Pulse	55	10730000	1999	NA
265	Pulse	55	10740000	11999	NA
265	Pulse	55	10750000	21999	NA
265	Pulse	55	10760000	31999	NA
266	Pulse	55	10770000	1333	NA
266	Pulse	55	10780000	11333	NA
266	Pulse	55	10790000	21333	NA
266	Pulse	55	10800000	31333	NA
267	Pulse	55	10810000	667	NA
267	Pulse	55	10820000	10667	NA
267	Pulse	55	10830000	20667	NA
267	Pulse	55	10840000	30667	NA
268	Pulse	55	10850000	1	NA
268	Pulse	55	10860000	10001	NA
268	Pulse	55	10870000	20001	NA
268	Pulse	55	10880000	30001	NA
268	Pulse	55	10890000	40001	NA
269	Pulse	55	10900000	9335	NA
269	Pulse	55	10910000	19335	NA
269	Pulse	55	10920000	29335	NA
269	Pulse	55	10930000	39335	NA
270	Pulse	55	10940000	8669	NA
270	Pulse	55	10950000	18669	NA
270	Pulse	55	10960000	28669	NA
270	Pulse	55	10970000	38669	NA
271	Pulse	55	10980000	8003	NA
271	Pulse	55	10990000	18003	NA
271	Pulse	55	11000000	28003	NA
271	Pulse	55	11010000	38003	NA
272	Pulse	55	11020000	7337	NA
272	Pulse	55	11030000	17337	NA
272	Pulse	55	11040000	27337	NA
272	Pulse	55	11050000	37337	NA
273	Pulse	55	11060000	6671	NA
273	Pulse	55	11070000	16671	NA
273	Pulse	55	11080000	26671	NA
273	Pulse	55	11090000	36671	NA
274	Pulse	55	11100000	6005	NA
274	Pulse	55	11110000	16005	NA
274	Pulse	55	11120000	26005	NA
274	Pulse	55	11130000	36005	NA
275	Pulse	55	11140000	5339	NA
275	Pulse	55	11150000	15339	NA
275	Pulse	55	11160000	25339	NA
275	Pulse	55	11170000	35339	NA
276	Pulse	55	11180000	4673	NA
276	Pulse	55	11190000	14673	NA
276	Pulse	55	11200000	24673	NA
276	Pulse	55	11210000	34673	NA
277	Pulse	55	11220000	4007	NA
277	Pulse	55	11230000	14007	NA
277	Pulse	55	11240000	24007	NA
277	Pulse	55	11250000	34007	NA
278	Pulse	55	11260000	3341	NA
278	Pulse	55	11270000	13341	NA
278	Pulse	55	11280000	23341	NA
278	Pulse	55	11290000	33341	NA
279	Pulse	55	11300000	2675	NA
279	Pulse	55	11310000	12675	NA
279	Pulse	55	11320000	22675	NA
279	Pulse	55	11330000	32675	NA
280	Pulse	55	11340000	2009	NA
280	Pulse	55	11350000	12009	NA
280	Pulse	55	11360000	22009	NA
280	Pulse	55	11370000	32009	NA
281	Pulse	55	11380000	1343	NA
281	Pulse	55	11390000	11343	NA
281	Pulse	55	11400000	21343	NA
281	Pulse	55	11410000	31343	NA
282	Pulse	55	11420000	677	NA
282	Pulse	55	11430000	10677	NA
282	Pulse	55	11440000	20677	NA
282	Pulse	55	11450000	30677	NA
282	Pulse	55	11460000	40677	NA
283	Pulse	55	11470000	9844	NA
283	Pulse	55	11480000	19844	NA
283	Pulse	55	11490000	29844	NA
283	Pulse	55	11500000	39844	NA
284	Pulse	55	11510000	9178	NA
284	Pulse	55	11520000	19178	NA
284	Pulse	55	11530000	29178	NA
284	Pulse	55	11540000	39178	NA
285	Pulse	55	11550000	8512	NA
285	Pulse	55	11560000	18512	NA
285	Pulse	55	11570000	28512	NA
285	Pulse	55	11580000	38512	NA
286	Pulse	55	11590000	7846	NA
286	Pulse	55	11600000	17846	NA
286	Pulse	55	11610000	27846	NA
286	Pulse	55	11620000	37846	NA
287	Pulse	55	11630000	7180	NA
287	Pulse	55	11640000	17180	NA
287	Pulse	55	11650000	27180	NA
287	Pulse	55	11660000	37180	NA
288	Pulse	55	11670000	6514	NA
288	Pulse	55	11680000	16514	NA
288	Pulse	55	11690000	26514	NA
288	Pulse	55	11700000	36514	NA
289	Pulse	55	11710000	5848	NA
289	Pulse	55	11720000	15848	NA
289	Pulse	55	11730000	25848	NA
289	Pulse	55	11740000	35848	NA
290	Pulse	55	11750000	5182	NA
290	Pulse	55	11760000	15182	NA
290	Pulse	55	11770000	25182	NA
290	Pulse	55	11780000	35182	NA
291	Pulse	55	11790000	4516	NA
291	Pulse	55	11800000	14516	NA
291	Pulse	55	11810000	24516	NA
291	Pulse	55	11820000	34516	NA
292	Pulse	55	11830000	3850	NA
292	Pulse	55	11840000	13850	NA
292	Pulse	55	11850000	23850	NA
292	Pulse	55	11860000	33850	NA
293	Pulse	55	11870000	3184	NA
293	Pulse	55	11880000	13184	NA
293	Pulse	55	11890000	23184	NA
293	Pulse	55	11900000	33184	NA
294	Pulse	55	11910000	2518	NA
294	Pulse	55	11920000	12518	NA
294	Pulse	55	11930000	22518	NA
294	Pulse	55	11940000	32518	NA
295	Pulse	55	11950000	1852	NA
295	Pulse	55	11960000	11852	NA
295	Pulse	55	11970000	21852	NA
295	Pulse	55	11980000	31852	NA
296	Pulse	55	11990000	1186	NA
296	Pulse	55	12000000	11186	NA
296	Pulse	55	12010000	21186	NA
296	Pulse	55	12020000	31186	NA
297	Pulse	55	12030000	520	NA
297	Pulse	55	12040000	10520	NA
297	Pulse	55	12050000	20520	NA
297	Pulse	55	12060000	30520	NA
297	Pulse	55	12070000	40520	NA
298	Pulse	55	12080000	9854	NA
298	Pulse	55	12090000	19854	NA
298	Pulse	55	12100000	29854	NA
298	Pulse	55	12110000	39854	NA
299	Pulse	55	12120000	9188	NA
299	Pulse	55	12130000	19188	NA
299	Pulse	55	12140000	29188	NA
299	Pulse	55	12150000	39188	NA
300	Pulse	55	12160000	8521	NA
300	Pulse	55	12170000	18521	NA
300	Pulse	55	12180000	28521	NA
300	Pulse	55	12190000	38521	NA
301	Pulse	55	12200000	7855	NA
301	Pulse	55	12210000	17855	NA
301	Pulse	55	12220000	27855	NA
301	Pulse	55	12230000	37855	NA
302	Pulse	55	12240000	7189	NA
302	Pulse	55	12250000	17189	NA
302	Pulse	55	12260000	27189	NA
302	Pulse	55	12270000	37189	NA
303	Pulse	55	12280000	6523	NA
303	Pulse	55	12290000	16523	NA
303	Pulse	55	12300000	26523	NA
303	Pulse	55	12310000	36523	NA
304	Pulse	55	12320000	5857	NA
304	Pulse	55	12330000	15857	NA
304	Pulse	55	12340000	25857	NA
304	Pulse	55	12350000	35857	NA
305	Pulse	55	12360000	5191	NA
305	Pulse	55	12370000	15191	NA
305	Pulse	55	12380000	25191	NA
305	Pulse	55	12390000	35191	NA
306	Pulse	55	12400000	4525	NA
306	Pulse	55	12410000	14525	NA
306	Pulse	55	12420000	24525	NA
306	Pulse	55	12430000	34525	NA
307	Pulse	55	12440000	3859	NA
307	Pulse	55	12450000	13859	NA
307	Pulse	55	12460000	23859	NA
307	Pulse	55	12470000	33859	NA
308	Pulse	55	12480000	3193	NA
308	Pulse	55	12490000	13193	NA
308	Pulse	55	12500000	23193	NA
308	Pulse	55	12510000	33193	NA
309	Pulse	55	12520000	2527	NA
309	Pulse	55	12530000	12527	NA
309	Pulse	55	12540000	22527	NA
309	Pulse	55	12550000	32527	NA
310	Pulse	55	12560000	1861	NA
310	Pulse	55	12570000	11861	NA
310	Pulse	55	12580000	21861	NA
310	Pulse	55	12590000	31861	NA
311	Pulse	55	12600000	1195	NA
311	Pulse	55	12610000	11195	NA
311	Pulse	55	12620000	21195	NA
311	Pulse	55	12630000	31195	NA
312	Pulse	55	12640000	529	NA
312	Pulse	55	12650000	10529	NA
312	Pulse	55	12660000	20529	NA
312	Pulse	55	12670000	30529	NA
312	Pulse	55	12680000	40529	NA
313	Pulse	55	12690000	9863	NA
313	Pulse	55	12700000	19863	NA
313	Pulse	55	12710000	29863	NA
313	Pulse	55	12720000	39863	NA
314	Pulse	55	12730000	9197	NA
314	Pulse	55	12740000	19197	NA
314	Pulse	55	12750000	29197	NA
314	Pulse	55	12760000	39197	NA
315	Pulse	55	12770000	8531	NA
315	Pulse	55	12780000	18531	NA
315	Pulse	55	12790000	28531	NA
315	Pulse	55	12800000	38531	NA
316	Pulse	55	12810000	7865	NA
316	Pulse	55	12820000	17865	NA
316	Pulse	55	12830000	27865	NA
316	Pulse	55	12840000	37865	NA
317	Pulse	55	12850000	7199	NA
317	Pulse	55	12860000	17199	NA
317	Pulse	55	12870000	27199	NA
317	Pulse	55	12880000	37199	NA
318	Pulse	55	12890000	6533	NA
318	Pulse	55	12900000	16533	NA
318	Pulse	55	12910000	26533	NA
318	Pulse	55	12920000	36533	NA
319	Pulse	55	12930000	5867	NA
319	Pulse	55	12940000	15867	NA
319	Pulse	55	12950000	25867	NA
319	Pulse	55	12960000	35867	NA
320	Pulse	55	12970000	5201	NA
320	Pulse	55	12980000	15201	NA
320	Pulse	55	12990000	25201	NA
320	Pulse	55	13000000	35201	NA
321	Pulse	55	13010000	4535	NA
321	Pulse	55	13020000	14535	NA
321	Pulse	55	13030000	24535	NA
321	Pulse	55	13040000	34535	NA
322	Pulse	55	13050000	3869	NA
322	Pulse	55	13060000	13869	NA
322	Pulse	55	13070000	23869	NA
322	Pulse	55	13080000	33869	NA
323	Pulse	55	13090000	3203	NA
323	Pulse	55	13100000	13203	NA
323	Pulse	55	13110000	23203	NA
323	Pulse	55	13120000	33203	NA
324	Pulse	55	13130000	2537	NA
324	Pulse	55	13140000	12537	NA
324	Pulse	55	13150000	22537	NA
324	Pulse	55	13160000	32537	NA
325	Pulse	55	13170000	1870	NA
325	Pulse	55	13180000	11870	NA
325	Pulse	55	13190000	21870	NA
325	Pulse	55	13200000	31870	NA
326	Pulse	55	13210000	1204	NA
326	Pulse	55	13220000	11204	NA
326	Pulse	55	13230000	21204	NA
326	Pulse	55	13240000	31204	NA
327	Pulse	55	13250000	538	NA
327	Pulse	55	13260000	10538	NA
327	Pulse	55	13270000	20538	NA
327	Pulse	55	13280000	30538	NA
327	Pulse	55	13290000	40538	NA
328	Pulse	55	13300000	9872	NA
328	Pulse	55	13310000	19872	NA
328	Pulse	55	13320000	29872	NA
328	Pulse	55	13330000	39872	NA
329	Pulse	55	13340000	9206	NA
329	Pulse	55	13350000	19206	NA
329	Pulse	55	13360000	29206	NA
329	Pulse	55	13370000	39206	NA
330	Pulse	55	13380000	8540	NA
330	Pulse	55	13390000	18540	NA
330	Pulse	55	13400000	28540	NA
330	Pulse	55	13410000	38540	NA
331	Pulse	55	13420000	7874	NA
331	Pulse	55	13430000	17874	NA
331	Pulse	55	13440000	27874	NA
331	Pulse	55	13450000	37874	NA
332	Pulse	55	13460000	7208	NA
332	Pulse	55	13470000	17208	NA
332	Pulse	55	13480000	27208	NA
332	Pulse	55	13490000	37208	NA
333	Pulse	55	13500000	6542	NA
333	Pulse	55	13510000	16542	NA
333	Pulse	55	13520000	26542	NA
333	Pulse	55	13530000	36542	NA
334	Pulse	55	13540000	5876	NA
334	Pulse	55	13550000	15876	NA
334	Pulse	55	13560000	25876	NA
334	Pulse	55	13570000	35876	NA
335	Pulse	55	13580000	5210	NA
335	Pulse	55	13590000	15210	NA
335	Pulse	55	13600000	25210	NA
335	Pulse	55	13610000	35210	NA
336	Pulse	55	13620000	4544	NA
336	Pulse	55	13630000	14544	NA
336	Pulse	55	13640000	24544	NA
336	Pulse	55	13650000	34544	NA
337	Pulse	55	13660000	3878	NA
337	Pulse	55	13670000	13878	NA
337	Pulse	55	13680000	23878	NA
337	Pulse	55	13690000	33878	NA
338	Pulse	55	13700000	3212	NA
338	Pulse	55	13710000	13212	NA
338	Pulse	55	13720000	23212	NA
338	Pulse	55	13730000	33212	NA
339	Pulse	55	13740000	2546	NA
339	Pulse	55	13750000	12546	NA
339	Pulse	55	13760000	22546	NA
339	Response	1	13762960	25506	1
339	Pulse	55	13770000	32546	NA
340	Pulse	55	13780000	2380	NA
340	Pulse	55	13790000	12380	NA
341	Pulse	55	13800000	2214	NA
341	Pulse	55	13810000	12214	NA
341	Pulse	55	13820000	22214	NA
341	Pulse	55	13830000	32214	NA
341	Pulse	55	13840000	42214	NA
341	Pulse	55	13850000	52214	NA
341	Pulse	55	13860000	62214	NA
341	Pulse	55	13870000	72214	NA
341	Pulse	55	13880000	82214	NA
341	Pulse	55	13890000	92214	NA
341	Pulse	55	13900000	102214	NA
341	Pulse	55	13910000	112214	NA
341	Pulse	55	13920000	122214	NA
341	Pulse	55	13930000	132214	NA
341	Pulse	55	13940000	142214	NA
341	Pulse	55	13950000	152214	NA
341	Pulse	55	13960000	162214	NA
341	Pulse	55	13970000	172214	NA
341	Pulse	55	13980000	182214	NA
341	Pulse	55	13990000	192214	NA
341	Pulse	55	14000000	202214	NA
341	Response	1	14008318	210532	1
341	Pulse	55	14010000	212214	NA
341	Pulse	55	14020000	222214	NA
342	Pulse	55	14030000	9884	NA
342	Pulse	55	14040000	19884	NA
342	Pulse	55	14050000	29884	NA
342	Pulse	55	14060000	39884	NA
342	Pulse	55	14070000	49884	NA
342	Pulse	55	14080000	59884	NA
342	Pulse	55	14090000	69884	NA
342	Pulse	55	14100000	79884	NA
342	Pulse	55	14110000	89884	NA
342	Pulse	55	14120000	99884	NA
342	Pulse	55	14130000	109884	NA
342	Pulse	55	14140000	119884	NA
342	Pulse	55	14150000	129884	NA
342	Pulse	55	14160000	139884	NA
342	Pulse	55	14170000	149884	NA
342	Pulse	55	14180000	159884	NA
342	Pulse	55	14190000	169884	NA
342	Pulse	55	14200000	179884	NA
342	Pulse	55	14210000	189884	NA
342	Pulse	55	14220000	199884	NA
342	Pulse	55	14230000	209884	NA
342	Pulse	55	14240000	219884	NA
342	Pulse	55	14250000	229884	NA
342	Pulse	55	14260000	239884	NA
342	Pulse	55	14270000	249884	NA
342	Pulse	55	14280000	259884	NA
342	Pulse	55	14290000	269884	NA
342	Pulse	55	14300000	279884	NA
342	Pulse	55	14310000	289884	NA
342	Pulse	55	14320000	299884	NA
342	Pulse	55	14330000	309884	NA
342	Pulse	55	14340000	319884	NA
342	Pulse	55	14350000	329884	NA
342	Pulse	55	14360000	339884	NA
342	Pulse	55	14370000	349884	NA
342	Pulse	55	14380000	359884	NA
342	Pulse	55	14390000	369884	NA
342	Pulse	55	14400000	379884	NA
342	Pulse	55	14410000	389884	NA
342	Pulse	55	14420000	399884	NA
342	Pulse	55	14430000	409884	NA
342	Pulse	55	14440000	419884	NA
342	Pulse	55	14450000	429884	NA
342	Pulse	55	14460000	439884	NA
342	Pulse	55	14470000	449884	NA
342	Pulse	55	14480000	459884	NA
342	Pulse	55	14490000	469884	NA
342	Pulse	55	14500000	479884	NA
342	Pulse	55	14510000	489884	NA
342	Pulse	55	14520000	499884	NA
342	Pulse	55	14530000	509884	NA
342	Pulse	55	14540000	519884	NA
342	Pulse	55	14550000	529884	NA
342	Pulse	55	14560000	539884	NA
342	Pulse	55	14570000	549884	NA
342	Pulse	55	14580000	559884	NA
342	Pulse	55	14590000	569884	NA
342	Pulse	55	14600000	579884	NA
342	Pulse	55	14610000	589884	NA
342	Pulse	55	14620000	599884	NA
342	Pulse	55	14630000	609884	NA
342	Pulse	55	14640000	619884	NA
342	Pulse	55	14650000	629884	NA
342	Pulse	55	14660000	639884	NA
342	Pulse	55	14670000	649884	NA
342	Pulse	55	14680000	659884	NA
342	Pulse	55	14690000	669884	NA
342	Pulse	55	14700000	679884	NA
342	Pulse	55	14710000	689884	NA
342	Pulse	55	14720000	699884	NA
342	Pulse	55	14730000	709884	NA
342	Pulse	55	14740000	719884	NA
342	Pulse	55	14750000	729884	NA
342	Pulse	55	14760000	739884	NA
342	Pulse	55	14770000	749884	NA
342	Pulse	55	14780000	759884	NA
342	Pulse	55	14790000	769884	NA
342	Pulse	55	14800000	779884	NA
342	Pulse	55	14810000	789884	NA
342	Pulse	55	14820000	799884	NA
342	Pulse	55	14830000	809884	NA
342	Pulse	55	14840000	819884	NA
342	Pulse	55	14850000	829884	NA
342	Pulse	55	14860000	839884	NA
342	Pulse	55	14870000	849884	NA
342	Pulse	55	14880000	859884	NA
342	Pulse	55	14890000	869884	NA
342	Pulse	55	14900000	879884	NA
342	Pulse	55	14910000	889884	NA
342	Pulse	55	14920000	899884	NA
342	Pulse	55	14930000	909884	NA
342	Pulse	55	14940000	919884	NA
342	Pulse	55	14950000	929884	NA
342	Pulse	55	14960000	939884	NA
342	Pulse	55	14970000	949884	NA
342	Pulse	55	14980000	959884	NA
342	Pulse	55	14990000	969884	NA
342	Pulse	55	15000000	979884	NA
342	Pulse	55	15010000	989884	NA
342	Pulse	55	15020000	999884	NA
342	Pulse	55	15030000	1009884	NA
342	Pulse	55	15040000	1019884	NA
342	Pulse	55	15050000	1029884	NA
342	Pulse	55	15060000	1039884	NA
342	Pulse	55	15070000	1049884	NA
342	Pulse	55	15080000	1059884	NA
342	Pulse	55	15090000	1069884	NA
342	Pulse	55	15100000	1079884	NA
342	Pulse	55	15110000	1089884	NA
342	Pulse	55	15120000	1099884	NA
342	Pulse	55	15130000	1109884	NA
342	Pulse	55	15140000	1119884	NA
342	Pulse	55	15150000	1129884	NA
342	Pulse	55	15160000	1139884	NA
342	Pulse	55	15170000	1149884	NA
342	Pulse	55	15180000	1159884	NA
342	Pulse	55	15190000	1169884	NA
342	Pulse	55	15200000	1179884	NA
342	Pulse	55	15210000	1189884	NA
342	Pulse	55	15220000	1199884	NA
342	Pulse	55	15230000	1209884	NA
342	Pulse	55	15240000	1219884	NA
342	Pulse	55	15250000	1229884	NA
342	Pulse	55	15260000	1239884	NA
342	Pulse	55	15270000	1249884	NA
342	Pulse	55	15280000	1259884	NA
342	Pulse	55	15290000	1269884	NA
342	Pulse	55	15300000	1279884	NA
342	Pulse	55	15310000	1289884	NA
342	Pulse	55	15320000	1299884	NA
342	Pulse	55	15330000	1309884	NA
342	Pulse	55	15340000	1319884	NA
342	Pulse	55	15350000	1329884	NA
342	Pulse	55	15360000	1339884	NA
342	Pulse	55	15370000	1349884	NA
342	Pulse	55	15380000	1359884	NA
342	Pulse	55	15390000	1369884	NA
342	Pulse	55	15400000	1379884	NA
342	Pulse	55	15410000	1389884	NA
342	Pulse	55	15420000	1399884	NA
342	Pulse	55	15430000	1409884	NA
342	Pulse	55	15440000	1419884	NA
342	Pulse	55	15450000	1429884	NA
342	Pulse	55	15460000	1439884	NA
342	Pulse	55	15470000	1449884	NA
342	Pulse	55	15480000	1459884	NA
342	Pulse	55	15490000	1469884	NA
342	Pulse	55	15500000	1479884	NA
342	Pulse	55	15510000	1489884	NA
342	Pulse	55	15520000	1499884	NA
342	Pulse	55	15530000	1509884	NA
342	Pulse	55	15540000	1519884	NA
342	Pulse	55	15550000	1529884	NA
342	Pulse	55	15560000	1539884	NA
342	Pulse	55	15570000	1549884	NA
342	Pulse	55	15580000	1559884	NA
342	Pulse	55	15590000	1569884	NA
342	Pulse	55	15600000	1579884	NA
342	Pulse	55	15610000	1589884	NA
342	Pulse	55	15620000	1599884	NA
342	Pulse	55	15630000	1609884	NA
342	Pulse	55	15640000	1619884	NA
342	Pulse	55	15650000	1629884	NA
342	Pulse	55	15660000	1639884	NA
342	Pulse	55	15670000	1649884	NA
342	Pulse	55	15680000	1659884	NA
342	Pulse	55	15690000	1669884	NA
342	Pulse	55	15700000	1679884	NA
342	Pulse	55	15710000	1689884	NA
342	Pulse	55	15720000	1699884	NA
342	Pulse	55	15730000	1709884	NA
342	Pulse	55	15740000	1719884	NA
342	Pulse	55	15750000	1729884	NA
342	Pulse	55	15760000	1739884	NA
342	Pulse	55	15770000	1749884	NA
342	Pulse	55	15780000	1759884	NA
342	Pulse	55	15790000	1769884	NA
342	Pulse	55	15800000	1779884	NA
342	Pulse	55	15810000	1789884	NA
342	Pulse	55	15820000	1799884	NA
342	Pulse	55	15830000	1809884	NA
342	Pulse	55	15840000	1819884	NA
342	Pulse	55	15850000	1829884	NA
342	Pulse	55	15860000	1839884	NA
342	Pulse	55	15870000	1849884	NA
342	Pulse	55	15880000	1859884	NA
342	Pulse	55	15890000	1869884	NA
342	Pulse	55	15900000	1879884	NA
342	Pulse	55	15910000	1889884	NA
342	Pulse	55	15920000	1899884	NA
342	Pulse	55	15930000	1909884	NA
342	Pulse	55	15940000	1919884	NA
342	Pulse	55	15950000	1929884	NA
342	Pulse	55	15960000	1939884	NA
342	Pulse	55	15970000	1949884	NA
342	Pulse	55	15980000	1959884	NA
342	Pulse	55	15990000	1969884	NA
342	Pulse	55	16000000	1979884	NA
342	Pulse	55	16010000	1989884	NA
342	Pulse	55	16020000	1999884	NA
342	Pulse	55	16030000	2009884	NA
342	Pulse	55	16040000	2019884	NA
342	Pulse	55	16050000	2029884	NA
342	Pulse	55	16060000	2039884	NA
342	Pulse	55	16070000	2049884	NA
342	Pulse	55	16080000	2059884	NA
342	Pulse	55	16090000	2069884	NA
342	Pulse	55	16100000	2079884	NA
342	Pulse	55	16110000	2089884	NA
342	Pulse	55	16120000	2099884	NA
342	Pulse	55	16130000	2109884	NA
342	Pulse	55	16140000	2119884	NA
342	Pulse	55	16150000	2129884	NA
342	Pulse	55	16160000	2139884	NA
342	Pulse	55	16170000	2149884	NA
342	Pulse	55	16180000	2159884	NA
342	Pulse	55	16190000	2169884	NA
342	Pulse	55	16200000	2179884	NA
342	Pulse	55	16210000	2189884	NA
342	Pulse	55	16220000	2199884	NA
342	Pulse	55	16230000	2209884	NA
342	Pulse	55	16240000	2219884	NA
342	Pulse	55	16250000	2229884	NA
342	Pulse	55	16260000	2239884	NA
342	Pulse	55	16270000	2249884	NA
342	Pulse	55	16280000	2259884	NA
342	Pulse	55	16290000	2269884	NA
342	Pulse	55	16300000	2279884	NA
342	Pulse	55	16310000	2289884	NA
342	Pulse	55	16320000	2299884	NA
342	Pulse	55	16330000	2309884	NA
342	Pulse	55	16340000	2319884	NA
342	Pulse	55	16350000	2329884	NA
342	Pulse	55	16360000	2339884	NA
342	Pulse	55	16370000	2349884	NA
342	Pulse	55	16380000	2359884	NA
342	Pulse	55	16390000	2369884	NA
342	Pulse	55	16400000	2379884	NA
342	Pulse	55	16410000	2389884	NA
342	Pulse	55	16420000	2399884	NA
342	Pulse	55	16430000	2409884	NA
342	Pulse	55	16440000	2419884	NA
342	Pulse	55	16450000	2429884	NA
342	Pulse	55	16460000	2439884	NA
342	Pulse	55	16470000	2449884	NA
342	Pulse	55	16480000	2459884	NA
342	Pulse	55	16490000	2469884	NA
342	Pulse	55	16500000	2479884	NA
342	Pulse	55	16510000	2489884	NA
342	Pulse	55	16520000	2499884	NA
342	Pulse	55	16530000	2509884	NA
342	Pulse	55	16540000	2519884	NA
342	Pulse	55	16550000	2529884	NA
342	Pulse	55	16560000	2539884	NA
342	Pulse	55	16570000	2549884	NA
342	Pulse	55	16580000	2559884	NA
342	Pulse	55	16590000	2569884	NA
342	Pulse	55	16600000	2579884	NA
342	Pulse	55	16610000	2589884	NA
342	Pulse	55	16620000	2599884	NA
342	Pulse	55	16630000	2609884	NA
342	Pulse	55	16640000	2619884	NA
342	Pulse	55	16650000	2629884	NA
342	Pulse	55	16660000	2639884	NA
342	Pulse	55	16670000	2649884	NA
342	Pulse	55	16680000	2659884	NA
342	Pulse	55	16690000	2669884	NA
342	Pulse	55	16700000	2679884	NA
342	Pulse	55	16710000	2689884	NA
342	Pulse	55	16720000	2699884	NA
342	Pulse	55	16730000	2709884	NA
342	Pulse	55	16740000	2719884	NA
342	Pulse	55	16750000	2729884	NA
342	Pulse	55	16760000	2739884	NA
342	Pulse	55	16770000	2749884	NA
342	Pulse	55	16780000	2759884	NA
342	Pulse	55	16790000	2769884	NA
342	Pulse	55	16800000	2779884	NA
342	Pulse	55	16810000	2789884	NA
342	Pulse	55	16820000	2799884	NA
342	Pulse	55	16830000	2809884	NA
342	Pulse	55	16840000	2819884	NA
342	Pulse	55	16850000	2829884	NA
342	Pulse	55	16860000	2839884	NA
342	Pulse	55	16870000	2849884	NA
342	Pulse	55	16880000	2859884	NA
342	Pulse	55	16890000	2869884	NA
342	Pulse	55	16900000	2879884	NA
342	Pulse	55	16910000	2889884	NA
342	Pulse	55	16920000	2899884	NA
342	Pulse	55	16930000	2909884	NA
342	Pulse	55	16940000	2919884	NA
342	Pulse	55	16950000	2929884	NA
342	Pulse	55	16960000	2939884	NA
342	Pulse	55	16970000	2949884	NA
342	Pulse	55	16980000	2959884	NA
342	Pulse	55	16990000	2969884	NA
342	Pulse	55	17000000	2979884	NA
342	Pulse	55	17010000	2989884	NA
342	Pulse	55	17020000	2999884	NA
342	Pulse	55	17030000	3009884	NA
342	Pulse	55	17040000	3019884	NA
342	Pulse	55	17050000	3029884	NA
342	Pulse	55	17060000	3039884	NA
342	Pulse	55	17070000	3049884	NA
342	Pulse	55	17080000	3059884	NA
342	Pulse	55	17090000	3069884	NA
342	Pulse	55	17100000	3079884	NA
342	Pulse	55	17110000	3089884	NA
342	Pulse	55	17120000	3099884	NA
342	Pulse	55	17130000	3109884	NA
342	Pulse	55	17140000	3119884	NA
342	Pulse	55	17150000	3129884	NA
342	Pulse	55	17160000	3139884	NA
342	Pulse	55	17170000	3149884	NA
342	Pulse	55	17180000	3159884	NA
342	Pulse	55	17190000	3169884	NA
342	Pulse	55	17200000	3179884	NA
342	Pulse	55	17210000	3189884	NA
342	Pulse	55	17220000	3199884	NA
342	Pulse	55	17230000	3209884	NA
342	Pulse	55	17240000	3219884	NA
342	Pulse	55	17250000	3229884	NA
342	Pulse	55	17260000	3239884	NA
342	Pulse	55	17270000	3249884	NA
342	Pulse	55	17280000	3259884	NA
342	Pulse	55	17290000	3269884	NA
342	Pulse	55	17300000	3279884	NA
342	Pulse	55	17310000	3289884	NA
342	Pulse	55	17320000	3299884	NA
342	Pulse	55	17330000	3309884	NA
342	Pulse	55	17340000	3319884	NA
342	Pulse	55	17350000	3329884	NA
342	Pulse	55	17360000	3339884	NA
342	Pulse	55	17370000	3349884	NA
342	Pulse	55	17380000	3359884	NA
342	Pulse	55	17390000	3369884	NA
342	Pulse	55	17400000	3379884	NA
342	Pulse	55	17410000	3389884	NA
342	Pulse	55	17420000	3399884	NA
342	Pulse	55	17430000	3409884	NA
342	Pulse	55	17440000	3419884	NA
342	Pulse	55	17450000	3429884	NA
342	Pulse	55	17460000	3439884	NA
342	Pulse	55	17470000	3449884	NA
342	Pulse	55	17480000	3459884	NA
342	Pulse	55	17490000	3469884	NA
342	Pulse	55	17500000	3479884	NA
342	Pulse	55	17510000	3489884	NA
342	Pulse	55	17520000	3499884	NA
342	Pulse	55	17530000	3509884	NA
342	Pulse	55	17540000	3519884	NA
342	Pulse	55	17550000	3529884	NA
342	Pulse	55	17560000	3539884	NA
342	Pulse	55	17570000	3549884	NA
342	Pulse	55	17580000	3559884	NA
342	Pulse	55	17590000	3569884	NA
342	Pulse	55	17600000	3579884	NA
342	Pulse	55	17610000	3589884	NA
342	Pulse	55	17620000	3599884	NA
342	Pulse	55	17630000	3609884	NA
342	Pulse	55	17640000	3619884	NA
342	Pulse	55	17650000	3629884	NA
342	Pulse	55	17660000	3639884	NA
342	Pulse	55	17670000	3649884	NA
342	Pulse	55	17680000	3659884	NA
342	Pulse	55	17690000	3669884	NA
342	Pulse	55	17700000	3679884	NA
342	Pulse	55	17710000	3689884	NA
342	Pulse	55	17720000	3699884	NA
342	Pulse	55	17730000	3709884	NA
342	Pulse	55	17740000	3719884	NA
342	Pulse	55	17750000	3729884	NA
342	Pulse	55	17760000	3739884	NA
342	Pulse	55	17770000	3749884	NA
342	Pulse	55	17780000	3759884	NA
342	Pulse	55	17790000	3769884	NA
342	Pulse	55	17800000	3779884	NA
342	Pulse	55	17810000	3789884	NA
342	Pulse	55	17820000	3799884	NA
342	Pulse	55	17830000	3809884	NA
342	Pulse	55	17840000	3819884	NA
342	Pulse	55	17850000	3829884	NA
342	Pulse	55	17860000	3839884	NA
342	Pulse	55	17870000	3849884	NA
342	Pulse	55	17880000	3859884	NA
342	Pulse	55	17890000	3869884	NA
342	Pulse	55	17900000	3879884	NA
342	Pulse	55	17910000	3889884	NA
342	Pulse	55	17920000	3899884	NA
342	Pulse	55	17930000	3909884	NA
342	Pulse	55	17940000	3919884	NA
342	Pulse	55	17950000	3929884	NA
342	Pulse	55	17960000	3939884	NA
342	Pulse	55	17970000	3949884	NA
342	Pulse	55	17980000	3959884	NA
342	Pulse	55	17990000	3969884	NA
342	Pulse	55	18000000	3979884	NA
342	Pulse	55	18010000	3989884	NA
342	Pulse	55	18020000	3999884	NA
342	Pulse	55	18030000	4009884	NA
342	Pulse	55	18040000	4019884	NA
342	Pulse	55	18050000	4029884	NA
342	Pulse	55	18060000	4039884	NA
342	Pulse	55	18070000	4049884	NA
342	Pulse	55	18080000	4059884	NA
342	Pulse	55	18090000	4069884	NA
342	Pulse	55	18100000	4079884	NA
342	Pulse	55	18110000	4089884	NA
342	Pulse	55	18120000	4099884	NA
342	Pulse	55	18130000	4109884	NA
342	Pulse	55	18140000	4119884	NA
342	Pulse	55	18150000	4129884	NA
342	Pulse	55	18160000	4139884	NA
342	Pulse	55	18170000	4149884	NA
342	Pulse	55	18180000	4159884	NA
342	Pulse	55	18190000	4169884	NA
342	Pulse	55	18200000	4179884	NA
342	Pulse	55	18210000	4189884	NA
342	Pulse	55	18220000	4199884	NA
342	Pulse	55	18230000	4209884	NA
342	Pulse	55	18240000	4219884	NA
342	Pulse	55	18250000	4229884	NA
342	Pulse	55	18260000	4239884	NA
342	Pulse	55	18270000	4249884	NA
342	Pulse	55	18280000	4259884	NA
342	Pulse	55	18290000	4269884	NA
342	Pulse	55	18300000	4279884	NA
342	Pulse	55	18310000	4289884	NA
342	Pulse	55	18320000	4299884	NA
342	Pulse	55	18330000	4309884	NA
342	Pulse	55	18340000	4319884	NA
342	Pulse	55	18350000	4329884	NA
342	Pulse	55	18360000	4339884	NA
342	Pulse	55	18370000	4349884	NA
342	Pulse	55	18380000	4359884	NA
342	Pulse	55	18390000	4369884	NA
342	Pulse	55	18400000	4379884	NA
342	Pulse	55	18410000	4389884	NA
342	Pulse	55	18420000	4399884	NA
342	Pulse	55	18430000	4409884	NA
342	Pulse	55	18440000	4419884	NA
342	Pulse	55	18450000	4429884	NA
342	Pulse	55	18460000	4439884	NA
342	Pulse	55	18470000	4449884	NA
342	Pulse	55	18480000	4459884	NA
342	Pulse	55	18490000	4469884	NA
342	Pulse	55	18500000	4479884	NA
342	Pulse	55	18510000	4489884	NA
342	Pulse	55	18520000	4499884	NA
342	Pulse	55	18530000	4509884	NA
342	Pulse	55	18540000	4519884	NA
342	Pulse	55	18550000	4529884	NA
342	Pulse	55	18560000	4539884	NA
342	Pulse	55	18570000	4549884	NA
342	Pulse	55	18580000	4559884	NA
342	Pulse	55	18590000	4569884	NA
342	Pulse	55	18600000	4579884	NA
342	Pulse	55	18610000	4589884	NA
342	Pulse	55	18620000	4599884	NA
342	Pulse	55	18630000	4609884	NA
342	Pulse	55	18640000	4619884	NA
342	Pulse	55	18650000	4629884	NA
342	Pulse	55	18660000	4639884	NA
342	Pulse	55	18670000	4649884	NA
342	Pulse	55	18680000	4659884	NA
342	Pulse	55	18690000	4669884	NA
342	Pulse	55	18700000	4679884	NA
342	Pulse	55	18710000	4689884	NA
342	Pulse	55	18720000	4699884	NA
342	Pulse	55	18730000	4709884	NA
342	Pulse	55	18740000	4719884	NA
342	Pulse	55	18750000	4729884	NA
342	Pulse	55	18760000	4739884	NA
342	Pulse	55	18770000	4749884	NA
342	Pulse	55	18780000	4759884	NA
342	Pulse	55	18790000	4769884	NA
342	Pulse	55	18800000	4779884	NA
342	Pulse	55	18810000	4789884	NA
342	Pulse	55	18820000	4799884	NA
342	Pulse	55	18830000	4809884	NA
342	Pulse	55	18840000	4819884	NA
342	Pulse	55	18850000	4829884	NA
342	Pulse	55	18860000	4839884	NA
342	Pulse	55	18870000	4849884	NA
342	Pulse	55	18880000	4859884	NA
342	Pulse	55	18890000	4869884	NA
342	Pulse	55	18900000	4879884	NA
342	Pulse	55	18910000	4889884	NA
342	Pulse	55	18920000	4899884	NA
342	Pulse	55	18930000	4909884	NA
342	Pulse	55	18940000	4919884	NA
342	Pulse	55	18950000	4929884	NA
342	Response	1	18958311	4938195	1
343	Pulse	55	18960000	1627	NA
343	Pulse	55	18970000	11627	NA
343	Pulse	55	18980000	21627	NA
343	Pulse	55	18990000	31627	NA
343	Pulse	55	19000000	41627	NA
343	Pulse	55	19010000	51627	NA
343	Pulse	55	19020000	61627	NA
343	Pulse	55	19030000	71627	NA
343	Pulse	55	19040000	81627	NA
343	Pulse	55	19050000	91627	NA
343	Pulse	55	19060000	101627	NA
343	Pulse	55	19070000	111627	NA
343	Pulse	55	19080000	121627	NA
343	Pulse	55	19090000	131627	NA
343	Pulse	55	19100000	141627	NA
343	Pulse	55	19110000	151627	NA
343	Pulse	55	19120000	161627	NA
343	Pulse	55	19130000	171627	NA
343	Pulse	55	19140000	181627	NA
343	Pulse	55	19150000	191627	NA
343	Pulse	55	19160000	201627	NA
343	Pulse	55	19170000	211627	NA
343	Pulse	55	19180000	221627	NA
343	Pulse	55	19190000	231627	NA
343	Pulse	55	19200000	241627	NA
343	Pulse	55	19210000	251627	NA
343	Pulse	55	19220000	261627	NA
343	Pulse	55	19230000	271627	NA
343	Pulse	55	19240000	281627	NA
343	Pulse	55	19250000	291627	NA
343	Pulse	55	19260000	301627	NA
343	Pulse	55	19270000	311627	NA
343	Pulse	55	19280000	321627	NA
343	Pulse	55	19290000	331627	NA
343	Pulse	55	19300000	341627	NA
343	Pulse	55	19310000	351627	NA
343	Pulse	55	19320000	361627	NA
343	Pulse	55	19330000	371627	NA
343	Pulse	55	19340000	381627	NA
343	Pulse	55	19350000	391627	NA
343	Pulse	55	19360000	401627	NA
343	Pulse	55	19370000	411627	NA
343	Pulse	55	19380000	421627	NA
343	Pulse	55	19390000	431627	NA
343	Pulse	55	19400000	441627	NA
343	Pulse	55	19410000	451627	NA
343	Pulse	55	19420000	461627	NA
343	Pulse	55	19430000	471627	NA
343	Pulse	55	19440000	481627	NA
343	Pulse	55	19450000	491627	NA
343	Pulse	55	19460000	501627	NA
343	Pulse	55	19470000	511627	NA
343	Pulse	55	19480000	521627	NA
343	Pulse	55	19490000	531627	NA
343	Pulse	55	19500000	541627	NA
343	Pulse	55	19510000	551627	NA
343	Pulse	55	19520000	561627	NA
343	Pulse	55	19530000	571627	NA
343	Pulse	55	19540000	581627	NA
343	Pulse	55	19550000	591627	NA
343	Pulse	55	19560000	601627	NA
343	Pulse	55	19570000	611627	NA
343	Pulse	55	19580000	621627	NA
343	Pulse	55	19590000	631627	NA
343	Pulse	55	19600000	641627	NA
343	Pulse	55	19610000	651627	NA
343	Pulse	55	19620000	661627	NA
343	Pulse	55	19630000	671627	NA
343	Pulse	55	19640000	681627	NA
343	Pulse	55	19650000	691627	NA
343	Pulse	55	19660000	701627	NA
343	Pulse	55	19670000	711627	NA
343	Pulse	55	19680000	721627	NA
343	Pulse	55	19690000	731627	NA
343	Pulse	55	19700000	741627	NA
343	Pulse	55	19710000	751627	NA
343	Pulse	55	19720000	761627	NA
343	Pulse	55	19730000	771627	NA
343	Pulse	55	19740000	781627	NA
343	Pulse	55	19750000	791627	NA
343	Pulse	55	19760000	801627	NA
343	Pulse	55	19770000	811627	NA
343	Pulse	55	19780000	821627	NA
343	Pulse	55	19790000	831627	NA
343	Pulse	55	19800000	841627	NA
343	Pulse	55	19810000	851627	NA
343	Pulse	55	19820000	861627	NA
343	Pulse	55	19830000	871627	NA
343	Pulse	55	19840000	881627	NA
343	Pulse	55	19850000	891627	NA
343	Pulse	55	19860000	901627	NA
343	Pulse	55	19870000	911627	NA
343	Pulse	55	19880000	921627	NA
343	Pulse	55	19890000	931627	NA
343	Pulse	55	19900000	941627	NA
343	Pulse	55	19910000	951627	NA
343	Pulse	55	19920000	961627	NA
343	Pulse	55	19930000	971627	NA
343	Pulse	55	19940000	981627	NA
343	Pulse	55	19950000	991627	NA
343	Pulse	55	19960000	1001627	NA
343	Pulse	55	19970000	1011627	NA
343	Pulse	55	19980000	1021627	NA
343	Pulse	55	19990000	1031627	NA
343	Pulse	55	20000000	1041627	NA
343	Pulse	55	20010000	1051627	NA
343	Pulse	55	20020000	1061627	NA
343	Pulse	55	20030000	1071627	NA
343	Pulse	55	20040000	1081627	NA
343	Pulse	55	20050000	1091627	NA
343	Pulse	55	20060000	1101627	NA
343	Pulse	55	20070000	1111627	NA
343	Pulse	55	20080000	1121627	NA
343	Pulse	55	20090000	1131627	NA
343	Pulse	55	20100000	1141627	NA
343	Pulse	55	20110000	1151627	NA
343	Pulse	55	20120000	1161627	NA
343	Pulse	55	20130000	1171627	NA
343	Pulse	55	20140000	1181627	NA
343	Pulse	55	20150000	1191627	NA
343	Pulse	55	20160000	1201627	NA
343	Pulse	55	20170000	1211627	NA
343	Pulse	55	20180000	1221627	NA
343	Pulse	55	20190000	1231627	NA
343	Pulse	55	20200000	1241627	NA
343	Pulse	55	20210000	1251627	NA
343	Pulse	55	20220000	1261627	NA
343	Pulse	55	20230000	1271627	NA
343	Pulse	55	20240000	1281627	NA
343	Pulse	55	20250000	1291627	NA
343	Pulse	55	20260000	1301627	NA
343	Pulse	55	20270000	1311627	NA
343	Pulse	55	20280000	1321627	NA
343	Pulse	55	20290000	1331627	NA
343	Pulse	55	20300000	1341627	NA
343	Pulse	55	20310000	1351627	NA
343	Pulse	55	20320000	1361627	NA
343	Pulse	55	20330000	1371627	NA
343	Pulse	55	20340000	1381627	NA
343	Pulse	55	20350000	1391627	NA
343	Pulse	55	20360000	1401627	NA
343	Pulse	55	20370000	1411627	NA
343	Pulse	55	20380000	1421627	NA
343	Pulse	55	20390000	1431627	NA
343	Pulse	55	20400000	1441627	NA
343	Pulse	55	20410000	1451627	NA
343	Pulse	55	20420000	1461627	NA
343	Pulse	55	20430000	1471627	NA
343	Pulse	55	20440000	1481627	NA
343	Pulse	55	20450000	1491627	NA
343	Pulse	55	20460000	1501627	NA
343	Pulse	55	20470000	1511627	NA
343	Pulse	55	20480000	1521627	NA
343	Pulse	55	20490000	1531627	NA
343	Pulse	55	20500000	1541627	NA
343	Pulse	55	20510000	1551627	NA
343	Pulse	55	20520000	1561627	NA
343	Pulse	55	20530000	1571627	NA
343	Pulse	55	20540000	1581627	NA
343	Pulse	55	20550000	1591627	NA
343	Pulse	55	20560000	1601627	NA
343	Pulse	55	20570000	1611627	NA
343	Pulse	55	20580000	1621627	NA
343	Pulse	55	20590000	1631627	NA
343	Pulse	55	20600000	1641627	NA
343	Pulse	55	20610000	1651627	NA
343	Pulse	55	20620000	1661627	NA
343	Pulse	55	20630000	1671627	NA
343	Pulse	55	20640000	1681627	NA
343	Pulse	55	20650000	1691627	NA
343	Pulse	55	20660000	1701627	NA
343	Pulse	55	20670000	1711627	NA
343	Pulse	55	20680000	1721627	NA
343	Pulse	55	20690000	1731627	NA
343	Pulse	55	20700000	1741627	NA
343	Pulse	55	20710000	1751627	NA
343	Pulse	55	20720000	1761627	NA
343	Pulse	55	20730000	1771627	NA
343	Pulse	55	20740000	1781627	NA
343	Pulse	55	20750000	1791627	NA
343	Pulse	55	20760000	1801627	NA
343	Pulse	55	20770000	1811627	NA
343	Pulse	55	20780000	1821627	NA
343	Pulse	55	20790000	1831627	NA
343	Pulse	55	20800000	1841627	NA
343	Pulse	55	20810000	1851627	NA
343	Pulse	55	20820000	1861627	NA
343	Pulse	55	20830000	1871627	NA
343	Pulse	55	20840000	1881627	NA
343	Pulse	55	20850000	1891627	NA
343	Pulse	55	20860000	1901627	NA
343	Pulse	55	20870000	1911627	NA
343	Pulse	55	20880000	1921627	NA
343	Pulse	55	20890000	1931627	NA
343	Pulse	55	20900000	1941627	NA
343	Pulse	55	20910000	1951627	NA
343	Pulse	55	20920000	1961627	NA
343	Pulse	55	20930000	1971627	NA
343	Pulse	55	20940000	1981627	NA
343	Pulse	55	20950000	1991627	NA
343	Pulse	55	20960000	2001627	NA
343	Pulse	55	20970000	2011627	NA
343	Pulse	55	20980000	2021627	NA
343	Pulse	55	20990000	2031627	NA
343	Pulse	55	21000000	2041627	NA
343	Pulse	55	21010000	2051627	NA
343	Pulse	55	21020000	2061627	NA
343	Pulse	55	21030000	2071627	NA
343	Pulse	55	21040000	2081627	NA
343	Pulse	55	21050000	2091627	NA
343	Pulse	55	21060000	2101627	NA
343	Pulse	55	21070000	2111627	NA
343	Pulse	55	21080000	2121627	NA
343	Pulse	55	21090000	2131627	NA
343	Pulse	55	21100000	2141627	NA
343	Response	1	21105986	2147612	1
