Scenario - Slideshow_D2.sce
Logfile written - 10/09/2021 14:11:25

Trial	Event Type	Code	Time	TTime	Uncertainty	Duration	Uncertainty	ReqTime	ReqDur	Stim Type	Pair Index

0	Pulse	55	0	0	NA
1	Pulse	55	10000	9333	NA
1	Pulse	55	20000	19333	NA
1	Pulse	55	30000	29333	NA
1	Pulse	55	40000	39333	NA
2	Pulse	55	50000	8737	NA
2	Pulse	55	60000	18737	NA
2	Pulse	55	70000	28737	NA
2	Pulse	55	80000	38737	NA
3	Pulse	55	90000	8140	NA
3	Pulse	55	100000	18140	NA
3	Pulse	55	110000	28140	NA
3	Pulse	55	120000	38140	NA
4	Pulse	55	130000	7543	NA
4	Pulse	55	140000	17543	NA
4	Pulse	55	150000	27543	NA
4	Pulse	55	160000	37543	NA
5	Pulse	55	170000	6946	NA
5	Pulse	55	180000	16946	NA
5	Pulse	55	190000	26946	NA
5	Pulse	55	200000	36946	NA
6	Pulse	55	210000	6349	NA
6	Pulse	55	220000	16349	NA
6	Pulse	55	230000	26349	NA
6	Pulse	55	240000	36349	NA
7	Pulse	55	250000	5753	NA
7	Pulse	55	260000	15753	NA
7	Pulse	55	270000	25753	NA
7	Pulse	55	280000	35753	NA
8	Pulse	55	290000	5156	NA
8	Pulse	55	300000	15156	NA
8	Pulse	55	310000	25156	NA
8	Pulse	55	320000	35156	NA
9	Pulse	55	330000	4559	NA
9	Pulse	55	340000	14559	NA
9	Pulse	55	350000	24559	NA
9	Pulse	55	360000	34559	NA
10	Pulse	55	370000	4046	NA
10	Pulse	55	380000	14046	NA
10	Pulse	55	390000	24046	NA
10	Pulse	55	400000	34046	NA
11	Pulse	55	410000	3532	NA
11	Pulse	55	420000	13532	NA
11	Pulse	55	430000	23532	NA
11	Pulse	55	440000	33532	NA
12	Pulse	55	450000	3019	NA
12	Pulse	55	460000	13019	NA
12	Pulse	55	470000	23019	NA
12	Pulse	55	480000	33019	NA
13	Pulse	55	490000	2422	NA
13	Pulse	55	500000	12422	NA
13	Pulse	55	510000	22422	NA
13	Pulse	55	520000	32422	NA
14	Pulse	55	530000	1825	NA
14	Pulse	55	540000	11825	NA
14	Pulse	55	550000	21825	NA
14	Pulse	55	560000	31825	NA
15	Pulse	55	570000	1229	NA
15	Pulse	55	580000	11229	NA
15	Pulse	55	590000	21229	NA
15	Pulse	55	600000	31229	NA
16	Pulse	55	610000	632	NA
16	Pulse	55	620000	10632	NA
16	Pulse	55	630000	20632	NA
16	Pulse	55	640000	30632	NA
17	Pulse	55	650000	35	NA
17	Pulse	55	660000	10035	NA
17	Pulse	55	670000	20035	NA
17	Pulse	55	680000	30035	NA
17	Pulse	55	690000	40035	NA
18	Pulse	55	700000	9438	NA
18	Pulse	55	710000	19438	NA
18	Pulse	55	720000	29438	NA
18	Pulse	55	730000	39438	NA
19	Pulse	55	740000	8841	NA
19	Pulse	55	750000	18841	NA
19	Pulse	55	760000	28841	NA
19	Pulse	55	770000	38841	NA
20	Pulse	55	780000	8245	NA
20	Pulse	55	790000	18245	NA
20	Pulse	55	800000	28245	NA
20	Pulse	55	810000	38245	NA
21	Pulse	55	820000	7648	NA
21	Pulse	55	830000	17648	NA
21	Pulse	55	840000	27648	NA
21	Pulse	55	850000	37648	NA
22	Pulse	55	860000	7051	NA
22	Pulse	55	870000	17051	NA
22	Pulse	55	880000	27051	NA
22	Pulse	55	890000	37051	NA
23	Pulse	55	900000	6454	NA
23	Pulse	55	910000	16454	NA
23	Pulse	55	920000	26454	NA
23	Pulse	55	930000	36454	NA
24	Pulse	55	940000	5858	NA
24	Pulse	55	950000	15858	NA
24	Pulse	55	960000	25858	NA
24	Pulse	55	970000	35858	NA
25	Pulse	55	980000	5261	NA
25	Pulse	55	990000	15261	NA
25	Pulse	55	1000000	25261	NA
25	Pulse	55	1010000	35261	NA
26	Pulse	55	1020000	4664	NA
26	Pulse	55	1030000	14664	NA
26	Pulse	55	1040000	24664	NA
26	Pulse	55	1050000	34664	NA
27	Pulse	55	1060000	4067	NA
27	Pulse	55	1070000	14067	NA
27	Pulse	55	1080000	24067	NA
27	Pulse	55	1090000	34067	NA
28	Pulse	55	1100000	3470	NA
28	Pulse	55	1110000	13470	NA
28	Pulse	55	1120000	23470	NA
28	Pulse	55	1130000	33470	NA
29	Pulse	55	1140000	2874	NA
29	Pulse	55	1150000	12874	NA
29	Pulse	55	1160000	22874	NA
29	Pulse	55	1170000	32874	NA
30	Pulse	55	1180000	2193	NA
30	Pulse	55	1190000	12193	NA
30	Pulse	55	1200000	22193	NA
30	Pulse	55	1210000	32193	NA
31	Pulse	55	1220000	1597	NA
31	Pulse	55	1230000	11597	NA
31	Pulse	55	1240000	21597	NA
31	Pulse	55	1250000	31597	NA
32	Pulse	55	1260000	1000	NA
32	Pulse	55	1270000	11000	NA
32	Pulse	55	1280000	21000	NA
32	Pulse	55	1290000	31000	NA
33	Pulse	55	1300000	403	NA
33	Pulse	55	1310000	10403	NA
33	Pulse	55	1320000	20403	NA
33	Pulse	55	1330000	30403	NA
33	Pulse	55	1340000	40403	NA
34	Pulse	55	1350000	9806	NA
34	Pulse	55	1360000	19806	NA
34	Pulse	55	1370000	29806	NA
34	Pulse	55	1380000	39806	NA
35	Pulse	55	1390000	9210	NA
35	Pulse	55	1400000	19210	NA
35	Pulse	55	1410000	29210	NA
35	Pulse	55	1420000	39210	NA
36	Pulse	55	1430000	8613	NA
36	Pulse	55	1440000	18613	NA
36	Pulse	55	1450000	28613	NA
36	Pulse	55	1460000	38613	NA
37	Pulse	55	1470000	8016	NA
37	Pulse	55	1480000	18016	NA
37	Pulse	55	1490000	28016	NA
37	Pulse	55	1500000	38016	NA
38	Pulse	55	1510000	7253	NA
38	Pulse	55	1520000	17253	NA
38	Pulse	55	1530000	27253	NA
38	Pulse	55	1540000	37253	NA
39	Pulse	55	1550000	6656	NA
39	Pulse	55	1560000	16656	NA
39	Pulse	55	1570000	26656	NA
39	Pulse	55	1580000	36656	NA
40	Pulse	55	1590000	6059	NA
40	Pulse	55	1600000	16059	NA
40	Pulse	55	1610000	26059	NA
40	Pulse	55	1620000	36059	NA
41	Pulse	55	1630000	5462	NA
41	Pulse	55	1640000	15462	NA
41	Pulse	55	1650000	25462	NA
41	Pulse	55	1660000	35462	NA
42	Pulse	55	1670000	4782	NA
42	Pulse	55	1680000	14782	NA
42	Pulse	55	1690000	24782	NA
42	Pulse	55	1700000	34782	NA
43	Pulse	55	1710000	4185	NA
43	Pulse	55	1720000	14185	NA
43	Pulse	55	1730000	24185	NA
43	Pulse	55	1740000	34185	NA
44	Pulse	55	1750000	3588	NA
44	Pulse	55	1760000	13588	NA
44	Pulse	55	1770000	23588	NA
44	Pulse	55	1780000	33588	NA
45	Pulse	55	1790000	2908	NA
45	Pulse	55	1800000	12908	NA
45	Pulse	55	1810000	22908	NA
45	Pulse	55	1820000	32908	NA
46	Pulse	55	1830000	2145	NA
46	Pulse	55	1840000	12145	NA
46	Pulse	55	1850000	22145	NA
46	Pulse	55	1860000	32145	NA
47	Pulse	55	1870000	1548	NA
47	Pulse	55	1880000	11548	NA
47	Pulse	55	1890000	21548	NA
47	Pulse	55	1900000	31548	NA
48	Pulse	55	1910000	951	NA
48	Pulse	55	1920000	10951	NA
48	Pulse	55	1930000	20951	NA
48	Pulse	55	1940000	30951	NA
49	Pulse	55	1950000	271	NA
49	Pulse	55	1960000	10271	NA
49	Pulse	55	1970000	20271	NA
49	Pulse	55	1980000	30271	NA
49	Pulse	55	1990000	40271	NA
50	Pulse	55	2000000	9674	NA
50	Pulse	55	2010000	19674	NA
50	Pulse	55	2020000	29674	NA
50	Pulse	55	2030000	39674	NA
51	Pulse	55	2040000	9078	NA
51	Pulse	55	2050000	19078	NA
51	Pulse	55	2060000	29078	NA
51	Pulse	55	2070000	39078	NA
52	Pulse	55	2080000	8481	NA
52	Pulse	55	2090000	18481	NA
52	Pulse	55	2100000	28481	NA
52	Pulse	55	2110000	38481	NA
53	Pulse	55	2120000	7717	NA
53	Pulse	55	2130000	17717	NA
53	Pulse	55	2140000	27717	NA
53	Pulse	55	2150000	37717	NA
54	Pulse	55	2160000	7037	NA
54	Pulse	55	2170000	17037	NA
54	Pulse	55	2180000	27037	NA
54	Pulse	55	2190000	37037	NA
55	Pulse	55	2200000	6440	NA
55	Pulse	55	2210000	16440	NA
55	Pulse	55	2220000	26440	NA
55	Pulse	55	2230000	36440	NA
56	Pulse	55	2240000	5677	NA
56	Pulse	55	2250000	15677	NA
56	Pulse	55	2260000	25677	NA
56	Pulse	55	2270000	35677	NA
57	Pulse	55	2280000	5080	NA
57	Pulse	55	2290000	15080	NA
57	Pulse	55	2300000	25080	NA
57	Pulse	55	2310000	35080	NA
58	Pulse	55	2320000	4483	NA
58	Pulse	55	2330000	14483	NA
58	Pulse	55	2340000	24483	NA
58	Pulse	55	2350000	34483	NA
59	Pulse	55	2360000	3887	NA
59	Pulse	55	2370000	13887	NA
59	Pulse	55	2380000	23887	NA
59	Pulse	55	2390000	33887	NA
60	Pulse	55	2400000	3290	NA
60	Pulse	55	2410000	13290	NA
60	Pulse	55	2420000	23290	NA
60	Pulse	55	2430000	33290	NA
61	Pulse	55	2440000	2610	NA
61	Pulse	55	2450000	12610	NA
61	Pulse	55	2460000	22610	NA
61	Pulse	55	2470000	32610	NA
62	Pulse	55	2480000	1930	NA
62	Pulse	55	2490000	11930	NA
62	Pulse	55	2500000	21930	NA
62	Pulse	55	2510000	31930	NA
63	Pulse	55	2520000	1249	NA
63	Pulse	55	2530000	11249	NA
63	Pulse	55	2540000	21249	NA
63	Pulse	55	2550000	31249	NA
64	Pulse	55	2560000	653	NA
64	Pulse	55	2570000	10653	NA
64	Pulse	55	2580000	20653	NA
64	Pulse	55	2590000	30653	NA
64	Pulse	55	2600000	40653	NA
65	Pulse	55	2610000	9972	NA
65	Pulse	55	2620000	19972	NA
65	Pulse	55	2630000	29972	NA
65	Pulse	55	2640000	39972	NA
66	Pulse	55	2650000	9376	NA
66	Pulse	55	2660000	19376	NA
66	Pulse	55	2670000	29376	NA
66	Pulse	55	2680000	39376	NA
67	Pulse	55	2690000	8696	NA
67	Pulse	55	2700000	18696	NA
67	Pulse	55	2710000	28696	NA
67	Pulse	55	2720000	38696	NA
68	Pulse	55	2730000	8099	NA
68	Pulse	55	2740000	18099	NA
68	Pulse	55	2750000	28099	NA
68	Pulse	55	2760000	38099	NA
69	Pulse	55	2770000	7502	NA
69	Pulse	55	2780000	17502	NA
69	Pulse	55	2790000	27502	NA
69	Pulse	55	2800000	37502	NA
70	Pulse	55	2810000	6905	NA
70	Pulse	55	2820000	16905	NA
70	Pulse	55	2830000	26905	NA
70	Pulse	55	2840000	36905	NA
71	Pulse	55	2850000	6308	NA
71	Pulse	55	2860000	16308	NA
71	Pulse	55	2870000	26308	NA
71	Pulse	55	2880000	36308	NA
72	Pulse	55	2890000	5712	NA
72	Pulse	55	2900000	15712	NA
72	Pulse	55	2910000	25712	NA
72	Pulse	55	2920000	35712	NA
73	Pulse	55	2930000	5032	NA
73	Pulse	55	2940000	15032	NA
73	Pulse	55	2950000	25032	NA
73	Pulse	55	2960000	35032	NA
74	Pulse	55	2970000	4435	NA
74	Pulse	55	2980000	14435	NA
74	Pulse	55	2990000	24435	NA
74	Pulse	55	3000000	34435	NA
75	Pulse	55	3010000	3838	NA
75	Pulse	55	3020000	13838	NA
75	Pulse	55	3030000	23838	NA
75	Pulse	55	3040000	33838	NA
76	Pulse	55	3050000	3241	NA
76	Pulse	55	3060000	13241	NA
76	Pulse	55	3070000	23241	NA
76	Pulse	55	3080000	33241	NA
77	Pulse	55	3090000	2561	NA
77	Pulse	55	3100000	12561	NA
77	Pulse	55	3110000	22561	NA
77	Pulse	55	3120000	32561	NA
78	Pulse	55	3130000	1881	NA
78	Pulse	55	3140000	11881	NA
78	Pulse	55	3150000	21881	NA
78	Pulse	55	3160000	31881	NA
79	Pulse	55	3170000	1284	NA
79	Pulse	55	3180000	11284	NA
79	Pulse	55	3190000	21284	NA
79	Pulse	55	3200000	31284	NA
80	Pulse	55	3210000	604	NA
80	Pulse	55	3220000	10604	NA
80	Pulse	55	3230000	20604	NA
80	Pulse	55	3240000	30604	NA
81	Pulse	55	3250000	7	NA
81	Pulse	55	3260000	10007	NA
81	Pulse	55	3270000	20007	NA
81	Pulse	55	3280000	30007	NA
81	Pulse	55	3290000	40007	NA
82	Pulse	55	3300000	9327	NA
82	Pulse	55	3310000	19327	NA
82	Pulse	55	3320000	29327	NA
82	Pulse	55	3330000	39327	NA
83	Pulse	55	3340000	8730	NA
83	Pulse	55	3350000	18730	NA
83	Pulse	55	3360000	28730	NA
83	Pulse	55	3370000	38730	NA
84	Pulse	55	3380000	8134	NA
84	Pulse	55	3390000	18134	NA
84	Pulse	55	3400000	28134	NA
84	Pulse	55	3410000	38134	NA
85	Pulse	55	3420000	7537	NA
85	Pulse	55	3430000	17537	NA
85	Pulse	55	3440000	27537	NA
85	Pulse	55	3450000	37537	NA
86	Pulse	55	3460000	6857	NA
86	Pulse	55	3470000	16857	NA
86	Pulse	55	3480000	26857	NA
86	Pulse	55	3490000	36857	NA
87	Pulse	55	3500000	6260	NA
87	Pulse	55	3510000	16260	NA
87	Pulse	55	3520000	26260	NA
87	Pulse	55	3530000	36260	NA
88	Pulse	55	3540000	5663	NA
88	Pulse	55	3550000	15663	NA
88	Pulse	55	3560000	25663	NA
88	Pulse	55	3570000	35663	NA
89	Pulse	55	3580000	5066	NA
89	Pulse	55	3590000	15066	NA
89	Pulse	55	3600000	25066	NA
89	Pulse	55	3610000	35066	NA
90	Pulse	55	3620000	4469	NA
90	Pulse	55	3630000	14469	NA
90	Pulse	55	3640000	24469	NA
90	Pulse	55	3650000	34469	NA
91	Pulse	55	3660000	3873	NA
91	Pulse	55	3670000	13873	NA
91	Pulse	55	3680000	23873	NA
91	Pulse	55	3690000	33873	NA
92	Pulse	55	3700000	3276	NA
92	Pulse	55	3710000	13276	NA
92	Pulse	55	3720000	23276	NA
92	Pulse	55	3730000	33276	NA
93	Pulse	55	3740000	2679	NA
93	Pulse	55	3750000	12679	NA
93	Pulse	55	3760000	22679	NA
93	Pulse	55	3770000	32679	NA
94	Pulse	55	3780000	2082	NA
94	Pulse	55	3790000	12082	NA
94	Pulse	55	3800000	22082	NA
94	Pulse	55	3810000	32082	NA
95	Pulse	55	3820000	1486	NA
95	Pulse	55	3830000	11486	NA
95	Pulse	55	3840000	21486	NA
95	Pulse	55	3850000	31486	NA
96	Pulse	55	3860000	889	NA
96	Pulse	55	3870000	10889	NA
96	Pulse	55	3880000	20889	NA
96	Pulse	55	3890000	30889	NA
97	Pulse	55	3900000	292	NA
97	Pulse	55	3910000	10292	NA
97	Pulse	55	3920000	20292	NA
97	Pulse	55	3930000	30292	NA
97	Pulse	55	3940000	40292	NA
98	Pulse	55	3950000	9695	NA
98	Pulse	55	3960000	19695	NA
98	Pulse	55	3970000	29695	NA
98	Pulse	55	3980000	39695	NA
99	Pulse	55	3990000	9098	NA
99	Pulse	55	4000000	19098	NA
99	Pulse	55	4010000	29098	NA
99	Pulse	55	4020000	39098	NA
100	Pulse	55	4030000	8502	NA
100	Pulse	55	4040000	18502	NA
100	Pulse	55	4050000	28502	NA
100	Pulse	55	4060000	38502	NA
101	Pulse	55	4070000	7905	NA
101	Pulse	55	4080000	17905	NA
101	Pulse	55	4090000	27905	NA
101	Pulse	55	4100000	37905	NA
102	Pulse	55	4110000	7308	NA
102	Pulse	55	4120000	17308	NA
102	Pulse	55	4130000	27308	NA
102	Pulse	55	4140000	37308	NA
103	Pulse	55	4150000	6711	NA
103	Pulse	55	4160000	16711	NA
103	Pulse	55	4170000	26711	NA
103	Pulse	55	4180000	36711	NA
104	Pulse	55	4190000	6115	NA
104	Pulse	55	4200000	16115	NA
104	Pulse	55	4210000	26115	NA
104	Pulse	55	4220000	36115	NA
105	Pulse	55	4230000	5518	NA
105	Pulse	55	4240000	15518	NA
105	Pulse	55	4250000	25518	NA
105	Pulse	55	4260000	35518	NA
106	Pulse	55	4270000	4921	NA
106	Pulse	55	4280000	14921	NA
106	Pulse	55	4290000	24921	NA
106	Pulse	55	4300000	34921	NA
107	Pulse	55	4310000	4408	NA
107	Pulse	55	4320000	14408	NA
107	Pulse	55	4330000	24408	NA
107	Pulse	55	4340000	34408	NA
108	Pulse	55	4350000	3894	NA
108	Pulse	55	4360000	13894	NA
108	Pulse	55	4370000	23894	NA
108	Pulse	55	4380000	33894	NA
109	Pulse	55	4390000	3297	NA
109	Pulse	55	4400000	13297	NA
109	Pulse	55	4410000	23297	NA
109	Pulse	55	4420000	33297	NA
110	Pulse	55	4430000	2701	NA
110	Pulse	55	4440000	12701	NA
110	Pulse	55	4450000	22701	NA
110	Pulse	55	4460000	32701	NA
111	Pulse	55	4470000	2104	NA
111	Pulse	55	4480000	12104	NA
111	Pulse	55	4490000	22104	NA
111	Pulse	55	4500000	32104	NA
112	Pulse	55	4510000	1507	NA
112	Pulse	55	4520000	11507	NA
112	Pulse	55	4530000	21507	NA
112	Pulse	55	4540000	31507	NA
113	Pulse	55	4550000	910	NA
113	Pulse	55	4560000	10910	NA
113	Pulse	55	4570000	20910	NA
113	Pulse	55	4580000	30910	NA
114	Pulse	55	4590000	314	NA
114	Pulse	55	4600000	10314	NA
114	Pulse	55	4610000	20314	NA
114	Pulse	55	4620000	30314	NA
114	Pulse	55	4630000	40314	NA
115	Pulse	55	4640000	9717	NA
115	Pulse	55	4650000	19717	NA
115	Pulse	55	4660000	29717	NA
115	Pulse	55	4670000	39717	NA
116	Pulse	55	4680000	9120	NA
116	Pulse	55	4690000	19120	NA
116	Pulse	55	4700000	29120	NA
116	Pulse	55	4710000	39120	NA
117	Pulse	55	4720000	8523	NA
117	Pulse	55	4730000	18523	NA
117	Pulse	55	4740000	28523	NA
117	Pulse	55	4750000	38523	NA
118	Pulse	55	4760000	8010	NA
118	Pulse	55	4770000	18010	NA
118	Pulse	55	4780000	28010	NA
118	Pulse	55	4790000	38010	NA
119	Pulse	55	4800000	7496	NA
119	Pulse	55	4810000	17496	NA
119	Pulse	55	4820000	27496	NA
119	Pulse	55	4830000	37496	NA
120	Pulse	55	4840000	6900	NA
120	Pulse	55	4850000	16900	NA
120	Pulse	55	4860000	26900	NA
120	Pulse	55	4870000	36900	NA
121	Pulse	55	4880000	6386	NA
121	Pulse	55	4890000	16386	NA
121	Pulse	55	4900000	26386	NA
121	Pulse	55	4910000	36386	NA
122	Pulse	55	4920000	5789	NA
122	Pulse	55	4930000	15789	NA
122	Pulse	55	4940000	25789	NA
122	Pulse	55	4950000	35789	NA
123	Pulse	55	4960000	5276	NA
123	Pulse	55	4970000	15276	NA
123	Pulse	55	4980000	25276	NA
123	Pulse	55	4990000	35276	NA
124	Pulse	55	5000000	4763	NA
124	Pulse	55	5010000	14763	NA
124	Pulse	55	5020000	24763	NA
124	Pulse	55	5030000	34763	NA
125	Pulse	55	5040000	4249	NA
125	Pulse	55	5050000	14249	NA
125	Pulse	55	5060000	24249	NA
125	Pulse	55	5070000	34249	NA
126	Pulse	55	5080000	3652	NA
126	Pulse	55	5090000	13652	NA
126	Pulse	55	5100000	23652	NA
126	Pulse	55	5110000	33652	NA
127	Pulse	55	5120000	3056	NA
127	Pulse	55	5130000	13056	NA
127	Pulse	55	5140000	23056	NA
127	Pulse	55	5150000	33056	NA
128	Pulse	55	5160000	2375	NA
128	Pulse	55	5170000	12375	NA
128	Pulse	55	5180000	22375	NA
128	Pulse	55	5190000	32375	NA
129	Pulse	55	5200000	1779	NA
129	Pulse	55	5210000	11779	NA
129	Pulse	55	5220000	21779	NA
129	Pulse	55	5230000	31779	NA
130	Pulse	55	5240000	1182	NA
130	Pulse	55	5250000	11182	NA
130	Pulse	55	5260000	21182	NA
130	Pulse	55	5270000	31182	NA
131	Pulse	55	5280000	585	NA
131	Pulse	55	5290000	10585	NA
131	Pulse	55	5300000	20585	NA
131	Pulse	55	5310000	30585	NA
132	Pulse	55	5320000	72	NA
132	Pulse	55	5330000	10072	NA
132	Pulse	55	5340000	20072	NA
132	Pulse	55	5350000	30072	NA
132	Pulse	55	5360000	40072	NA
133	Pulse	55	5370000	9475	NA
133	Pulse	55	5380000	19475	NA
133	Pulse	55	5390000	29475	NA
133	Pulse	55	5400000	39475	NA
134	Pulse	55	5410000	8878	NA
134	Pulse	55	5420000	18878	NA
134	Pulse	55	5430000	28878	NA
134	Pulse	55	5440000	38878	NA
135	Pulse	55	5450000	8365	NA
135	Pulse	55	5460000	18365	NA
135	Pulse	55	5470000	28365	NA
135	Pulse	55	5480000	38365	NA
136	Pulse	55	5490000	7768	NA
136	Pulse	55	5500000	17768	NA
136	Pulse	55	5510000	27768	NA
136	Pulse	55	5520000	37768	NA
137	Pulse	55	5530000	7171	NA
137	Pulse	55	5540000	17171	NA
137	Pulse	55	5550000	27171	NA
137	Pulse	55	5560000	37171	NA
138	Pulse	55	5570000	6658	NA
138	Pulse	55	5580000	16658	NA
138	Pulse	55	5590000	26658	NA
138	Pulse	55	5600000	36658	NA
139	Pulse	55	5610000	6061	NA
139	Pulse	55	5620000	16061	NA
139	Pulse	55	5630000	26061	NA
139	Pulse	55	5640000	36061	NA
140	Pulse	55	5650000	5464	NA
140	Pulse	55	5660000	15464	NA
140	Pulse	55	5670000	25464	NA
140	Pulse	55	5680000	35464	NA
141	Pulse	55	5690000	4951	NA
141	Pulse	55	5700000	14951	NA
141	Pulse	55	5710000	24951	NA
141	Pulse	55	5720000	34951	NA
142	Pulse	55	5730000	4354	NA
142	Pulse	55	5740000	14354	NA
142	Pulse	55	5750000	24354	NA
142	Pulse	55	5760000	34354	NA
143	Pulse	55	5770000	3757	NA
143	Pulse	55	5780000	13757	NA
143	Pulse	55	5790000	23757	NA
143	Pulse	55	5800000	33757	NA
144	Pulse	55	5810000	3244	NA
144	Pulse	55	5820000	13244	NA
144	Pulse	55	5830000	23244	NA
144	Pulse	55	5840000	33244	NA
145	Pulse	55	5850000	2730	NA
145	Pulse	55	5860000	12730	NA
145	Pulse	55	5870000	22730	NA
145	Pulse	55	5880000	32730	NA
146	Pulse	55	5890000	2134	NA
146	Pulse	55	5900000	12134	NA
146	Pulse	55	5910000	22134	NA
146	Pulse	55	5920000	32134	NA
147	Pulse	55	5930000	1537	NA
147	Pulse	55	5940000	11537	NA
147	Pulse	55	5950000	21537	NA
147	Pulse	55	5960000	31537	NA
148	Pulse	55	5970000	940	NA
148	Pulse	55	5980000	10940	NA
148	Pulse	55	5990000	20940	NA
148	Pulse	55	6000000	30940	NA
149	Pulse	55	6010000	343	NA
149	Pulse	55	6020000	10343	NA
149	Pulse	55	6030000	20343	NA
149	Pulse	55	6040000	30343	NA
149	Pulse	55	6050000	40343	NA
150	Pulse	55	6060000	9747	NA
150	Pulse	55	6070000	19747	NA
150	Pulse	55	6080000	29747	NA
150	Pulse	55	6090000	39747	NA
151	Pulse	55	6100000	9150	NA
151	Pulse	55	6110000	19150	NA
151	Pulse	55	6120000	29150	NA
151	Pulse	55	6130000	39150	NA
152	Pulse	55	6140000	8553	NA
152	Pulse	55	6150000	18553	NA
152	Pulse	55	6160000	28553	NA
152	Pulse	55	6170000	38553	NA
153	Pulse	55	6180000	8040	NA
153	Pulse	55	6190000	18040	NA
153	Pulse	55	6200000	28040	NA
153	Pulse	55	6210000	38040	NA
154	Pulse	55	6220000	7526	NA
154	Pulse	55	6230000	17526	NA
154	Pulse	55	6240000	27526	NA
154	Pulse	55	6250000	37526	NA
155	Pulse	55	6260000	7096	NA
155	Pulse	55	6270000	17096	NA
155	Pulse	55	6280000	27096	NA
155	Pulse	55	6290000	37096	NA
156	Pulse	55	6300000	6583	NA
156	Pulse	55	6310000	16583	NA
156	Pulse	55	6320000	26583	NA
156	Pulse	55	6330000	36583	NA
157	Pulse	55	6340000	6069	NA
157	Pulse	55	6350000	16069	NA
157	Pulse	55	6360000	26069	NA
157	Pulse	55	6370000	36069	NA
158	Pulse	55	6380000	5556	NA
158	Pulse	55	6390000	15556	NA
158	Pulse	55	6400000	25556	NA
158	Pulse	55	6410000	35556	NA
159	Pulse	55	6420000	4959	NA
159	Pulse	55	6430000	14959	NA
159	Pulse	55	6440000	24959	NA
159	Pulse	55	6450000	34959	NA
160	Pulse	55	6460000	4362	NA
160	Pulse	55	6470000	14362	NA
160	Pulse	55	6480000	24362	NA
160	Pulse	55	6490000	34362	NA
161	Pulse	55	6500000	3766	NA
161	Pulse	55	6510000	13766	NA
161	Pulse	55	6520000	23766	NA
161	Pulse	55	6530000	33766	NA
162	Pulse	55	6540000	3252	NA
162	Pulse	55	6550000	13252	NA
162	Pulse	55	6560000	23252	NA
162	Pulse	55	6570000	33252	NA
163	Pulse	55	6580000	2655	NA
163	Pulse	55	6590000	12655	NA
163	Pulse	55	6600000	22655	NA
163	Pulse	55	6610000	32655	NA
164	Pulse	55	6620000	2059	NA
164	Pulse	55	6630000	12059	NA
164	Pulse	55	6640000	22059	NA
164	Pulse	55	6650000	32059	NA
165	Pulse	55	6660000	1462	NA
165	Pulse	55	6670000	11462	NA
165	Pulse	55	6680000	21462	NA
165	Pulse	55	6690000	31462	NA
166	Pulse	55	6700000	865	NA
166	Pulse	55	6710000	10865	NA
166	Pulse	55	6720000	20865	NA
166	Pulse	55	6730000	30865	NA
167	Pulse	55	6740000	185	NA
167	Pulse	55	6750000	10185	NA
167	Pulse	55	6760000	20185	NA
167	Pulse	55	6770000	30185	NA
167	Pulse	55	6780000	40185	NA
168	Pulse	55	6790000	9588	NA
168	Pulse	55	6800000	19588	NA
168	Pulse	55	6810000	29588	NA
168	Pulse	55	6820000	39588	NA
169	Pulse	55	6830000	9075	NA
169	Pulse	55	6840000	19075	NA
169	Pulse	55	6850000	29075	NA
169	Pulse	55	6860000	39075	NA
170	Pulse	55	6870000	8478	NA
170	Pulse	55	6880000	18478	NA
170	Pulse	55	6890000	28478	NA
170	Pulse	55	6900000	38478	NA
171	Pulse	55	6910000	7965	NA
171	Pulse	55	6920000	17965	NA
171	Pulse	55	6930000	27965	NA
171	Pulse	55	6940000	37965	NA
172	Pulse	55	6950000	7451	NA
172	Pulse	55	6960000	17451	NA
172	Pulse	55	6970000	27451	NA
172	Pulse	55	6980000	37451	NA
173	Pulse	55	6990000	6854	NA
173	Pulse	55	7000000	16854	NA
173	Pulse	55	7010000	26854	NA
173	Pulse	55	7020000	36854	NA
174	Pulse	55	7030000	6424	NA
174	Pulse	55	7040000	16424	NA
174	Pulse	55	7050000	26424	NA
174	Pulse	55	7060000	36424	NA
175	Pulse	55	7070000	5911	NA
175	Pulse	55	7080000	15911	NA
175	Pulse	55	7090000	25911	NA
175	Pulse	55	7100000	35911	NA
176	Pulse	55	7110000	5314	NA
176	Pulse	55	7120000	15314	NA
176	Pulse	55	7130000	25314	NA
176	Pulse	55	7140000	35314	NA
177	Pulse	55	7150000	4717	NA
177	Pulse	55	7160000	14717	NA
177	Pulse	55	7170000	24717	NA
177	Pulse	55	7180000	34717	NA
178	Pulse	55	7190000	4204	NA
178	Pulse	55	7200000	14204	NA
178	Pulse	55	7210000	24204	NA
178	Pulse	55	7220000	34204	NA
179	Pulse	55	7230000	3690	NA
179	Pulse	55	7240000	13690	NA
179	Pulse	55	7250000	23690	NA
179	Pulse	55	7260000	33690	NA
180	Pulse	55	7270000	3094	NA
180	Pulse	55	7280000	13094	NA
180	Pulse	55	7290000	23094	NA
180	Pulse	55	7300000	33094	NA
181	Pulse	55	7310000	2414	NA
181	Pulse	55	7320000	12414	NA
181	Pulse	55	7330000	22414	NA
181	Pulse	55	7340000	32414	NA
182	Pulse	55	7350000	1817	NA
182	Pulse	55	7360000	11817	NA
182	Pulse	55	7370000	21817	NA
182	Pulse	55	7380000	31817	NA
183	Pulse	55	7390000	1220	NA
183	Pulse	55	7400000	11220	NA
183	Pulse	55	7410000	21220	NA
183	Pulse	55	7420000	31220	NA
184	Pulse	55	7430000	623	NA
184	Pulse	55	7440000	10623	NA
184	Pulse	55	7450000	20623	NA
184	Pulse	55	7460000	30623	NA
185	Pulse	55	7470000	110	NA
185	Pulse	55	7480000	10110	NA
185	Pulse	55	7490000	20110	NA
185	Pulse	55	7500000	30110	NA
185	Pulse	55	7510000	40110	NA
186	Pulse	55	7520000	9513	NA
186	Pulse	55	7530000	19513	NA
186	Pulse	55	7540000	29513	NA
186	Pulse	55	7550000	39513	NA
187	Pulse	55	7560000	8833	NA
187	Pulse	55	7570000	18833	NA
187	Pulse	55	7580000	28833	NA
187	Pulse	55	7590000	38833	NA
188	Pulse	55	7600000	8236	NA
188	Pulse	55	7610000	18236	NA
188	Pulse	55	7620000	28236	NA
188	Pulse	55	7630000	38236	NA
189	Pulse	55	7640000	7639	NA
189	Pulse	55	7650000	17639	NA
189	Pulse	55	7660000	27639	NA
189	Pulse	55	7670000	37639	NA
190	Pulse	55	7680000	7043	NA
190	Pulse	55	7690000	17043	NA
190	Pulse	55	7700000	27043	NA
190	Pulse	55	7710000	37043	NA
191	Pulse	55	7720000	6446	NA
191	Pulse	55	7730000	16446	NA
191	Pulse	55	7740000	26446	NA
191	Pulse	55	7750000	36446	NA
192	Pulse	55	7760000	5849	NA
192	Pulse	55	7770000	15849	NA
192	Pulse	55	7780000	25849	NA
192	Pulse	55	7790000	35849	NA
193	Pulse	55	7800000	5252	NA
193	Pulse	55	7810000	15252	NA
193	Pulse	55	7820000	25252	NA
193	Pulse	55	7830000	35252	NA
194	Pulse	55	7840000	4655	NA
194	Pulse	55	7850000	14655	NA
194	Pulse	55	7860000	24655	NA
194	Pulse	55	7870000	34655	NA
195	Pulse	55	7880000	4059	NA
195	Pulse	55	7890000	14059	NA
195	Pulse	55	7900000	24059	NA
195	Pulse	55	7910000	34059	NA
196	Pulse	55	7920000	3462	NA
196	Pulse	55	7930000	13462	NA
196	Pulse	55	7940000	23462	NA
196	Pulse	55	7950000	33462	NA
197	Pulse	55	7960000	2949	NA
197	Pulse	55	7970000	12949	NA
197	Pulse	55	7980000	22949	NA
197	Pulse	55	7990000	32949	NA
198	Pulse	55	8000000	2435	NA
198	Pulse	55	8010000	12435	NA
198	Pulse	55	8020000	22435	NA
198	Pulse	55	8030000	32435	NA
199	Pulse	55	8040000	1838	NA
199	Pulse	55	8050000	11838	NA
199	Pulse	55	8060000	21838	NA
199	Pulse	55	8070000	31838	NA
200	Pulse	55	8080000	1242	NA
200	Pulse	55	8090000	11242	NA
200	Pulse	55	8100000	21242	NA
200	Pulse	55	8110000	31242	NA
201	Pulse	55	8120000	728	NA
201	Pulse	55	8130000	10728	NA
201	Pulse	55	8140000	20728	NA
201	Pulse	55	8150000	30728	NA
202	Pulse	55	8160000	215	NA
202	Pulse	55	8170000	10215	NA
202	Pulse	55	8180000	20215	NA
202	Pulse	55	8190000	30215	NA
202	Pulse	55	8200000	40215	NA
203	Pulse	55	8210000	9701	NA
203	Pulse	55	8220000	19701	NA
203	Pulse	55	8230000	29701	NA
203	Pulse	55	8240000	39701	NA
204	Pulse	55	8250000	9105	NA
204	Pulse	55	8260000	19105	NA
204	Pulse	55	8270000	29105	NA
204	Pulse	55	8280000	39105	NA
205	Pulse	55	8290000	8591	NA
205	Pulse	55	8300000	18591	NA
205	Pulse	55	8310000	28591	NA
205	Pulse	55	8320000	38591	NA
206	Pulse	55	8330000	7994	NA
206	Pulse	55	8340000	17994	NA
206	Pulse	55	8350000	27994	NA
206	Pulse	55	8360000	37994	NA
207	Pulse	55	8370000	7481	NA
207	Pulse	55	8380000	17481	NA
207	Pulse	55	8390000	27481	NA
207	Pulse	55	8400000	37481	NA
208	Pulse	55	8410000	6968	NA
208	Pulse	55	8420000	16968	NA
208	Pulse	55	8430000	26968	NA
208	Pulse	55	8440000	36968	NA
209	Pulse	55	8450000	6454	NA
209	Pulse	55	8460000	16454	NA
209	Pulse	55	8470000	26454	NA
209	Pulse	55	8480000	36454	NA
210	Pulse	55	8490000	5941	NA
210	Pulse	55	8500000	15941	NA
210	Pulse	55	8510000	25941	NA
210	Pulse	55	8520000	35941	NA
211	Pulse	55	8530000	5427	NA
211	Pulse	55	8540000	15427	NA
211	Pulse	55	8550000	25427	NA
211	Pulse	55	8560000	35427	NA
212	Pulse	55	8570000	4831	NA
212	Pulse	55	8580000	14831	NA
212	Pulse	55	8590000	24831	NA
212	Pulse	55	8600000	34831	NA
213	Pulse	55	8610000	4234	NA
213	Pulse	55	8620000	14234	NA
213	Pulse	55	8630000	24234	NA
213	Pulse	55	8640000	34234	NA
214	Pulse	55	8650000	3637	NA
214	Pulse	55	8660000	13637	NA
214	Pulse	55	8670000	23637	NA
214	Pulse	55	8680000	33637	NA
215	Pulse	55	8690000	2957	NA
215	Pulse	55	8700000	12957	NA
215	Pulse	55	8710000	22957	NA
215	Pulse	55	8720000	32957	NA
216	Pulse	55	8730000	2360	NA
216	Pulse	55	8740000	12360	NA
216	Pulse	55	8750000	22360	NA
216	Pulse	55	8760000	32360	NA
217	Pulse	55	8770000	2013	NA
217	Pulse	55	8780000	12013	NA
217	Pulse	55	8790000	22013	NA
217	Pulse	55	8800000	32013	NA
218	Pulse	55	8810000	1417	NA
218	Pulse	55	8820000	11417	NA
218	Pulse	55	8830000	21417	NA
218	Pulse	55	8840000	31417	NA
219	Pulse	55	8850000	903	NA
219	Pulse	55	8860000	10903	NA
219	Pulse	55	8870000	20903	NA
219	Pulse	55	8880000	30903	NA
220	Pulse	55	8890000	306	NA
220	Pulse	55	8900000	10306	NA
220	Pulse	55	8910000	20306	NA
220	Pulse	55	8920000	30306	NA
220	Pulse	55	8930000	40306	NA
221	Pulse	55	8940000	9626	NA
221	Pulse	55	8950000	19626	NA
221	Pulse	55	8960000	29626	NA
221	Pulse	55	8970000	39626	NA
222	Pulse	55	8980000	9113	NA
222	Pulse	55	8990000	19113	NA
222	Pulse	55	9000000	29113	NA
222	Pulse	55	9010000	39113	NA
223	Pulse	55	9020000	8516	NA
223	Pulse	55	9030000	18516	NA
223	Pulse	55	9040000	28516	NA
223	Pulse	55	9050000	38516	NA
224	Pulse	55	9060000	7836	NA
224	Pulse	55	9070000	17836	NA
224	Pulse	55	9080000	27836	NA
224	Pulse	55	9090000	37836	NA
225	Pulse	55	9100000	7323	NA
225	Pulse	55	9110000	17323	NA
225	Pulse	55	9120000	27323	NA
225	Pulse	55	9130000	37323	NA
226	Pulse	55	9140000	6726	NA
226	Pulse	55	9150000	16726	NA
226	Pulse	55	9160000	26726	NA
226	Pulse	55	9170000	36726	NA
227	Pulse	55	9180000	6129	NA
227	Pulse	55	9190000	16129	NA
227	Pulse	55	9200000	26129	NA
227	Pulse	55	9210000	36129	NA
228	Pulse	55	9220000	5532	NA
228	Pulse	55	9230000	15532	NA
228	Pulse	55	9240000	25532	NA
228	Pulse	55	9250000	35532	NA
229	Pulse	55	9260000	4935	NA
229	Pulse	55	9270000	14935	NA
229	Pulse	55	9280000	24935	NA
229	Pulse	55	9290000	34935	NA
230	Pulse	55	9300000	4339	NA
230	Pulse	55	9310000	14339	NA
230	Pulse	55	9320000	24339	NA
230	Pulse	55	9330000	34339	NA
231	Pulse	55	9340000	3825	NA
231	Pulse	55	9350000	13825	NA
231	Pulse	55	9360000	23825	NA
231	Pulse	55	9370000	33825	NA
232	Pulse	55	9380000	3228	NA
232	Pulse	55	9390000	13228	NA
232	Pulse	55	9400000	23228	NA
232	Pulse	55	9410000	33228	NA
233	Pulse	55	9420000	2632	NA
233	Pulse	55	9430000	12632	NA
233	Pulse	55	9440000	22632	NA
233	Pulse	55	9450000	32632	NA
234	Pulse	55	9460000	2035	NA
234	Pulse	55	9470000	12035	NA
234	Pulse	55	9480000	22035	NA
234	Pulse	55	9490000	32035	NA
235	Pulse	55	9500000	1438	NA
235	Pulse	55	9510000	11438	NA
235	Pulse	55	9520000	21438	NA
235	Pulse	55	9530000	31438	NA
236	Pulse	55	9540000	841	NA
236	Pulse	55	9550000	10841	NA
236	Pulse	55	9560000	20841	NA
236	Pulse	55	9570000	30841	NA
237	Pulse	55	9580000	245	NA
237	Pulse	55	9590000	10245	NA
237	Pulse	55	9600000	20245	NA
237	Pulse	55	9610000	30245	NA
237	Pulse	55	9620000	40245	NA
238	Pulse	55	9630000	9648	NA
238	Pulse	55	9640000	19648	NA
238	Pulse	55	9650000	29648	NA
238	Pulse	55	9660000	39648	NA
239	Pulse	55	9670000	9134	NA
239	Pulse	55	9680000	19134	NA
239	Pulse	55	9690000	29134	NA
239	Pulse	55	9700000	39134	NA
240	Pulse	55	9710000	8538	NA
240	Pulse	55	9720000	18538	NA
240	Pulse	55	9730000	28538	NA
240	Pulse	55	9740000	38538	NA
241	Pulse	55	9750000	7941	NA
241	Pulse	55	9760000	17941	NA
241	Pulse	55	9770000	27941	NA
241	Pulse	55	9780000	37941	NA
242	Pulse	55	9790000	7344	NA
242	Pulse	55	9800000	17344	NA
242	Pulse	55	9810000	27344	NA
242	Pulse	55	9820000	37344	NA
243	Pulse	55	9830000	6664	NA
243	Pulse	55	9840000	16664	NA
243	Pulse	55	9850000	26664	NA
243	Pulse	55	9860000	36664	NA
244	Pulse	55	9870000	6067	NA
244	Pulse	55	9880000	16067	NA
244	Pulse	55	9890000	26067	NA
244	Pulse	55	9900000	36067	NA
245	Pulse	55	9910000	5554	NA
245	Pulse	55	9920000	15554	NA
245	Pulse	55	9930000	25554	NA
245	Pulse	55	9940000	35554	NA
246	Pulse	55	9950000	4957	NA
246	Pulse	55	9960000	14957	NA
246	Pulse	55	9970000	24957	NA
246	Pulse	55	9980000	34957	NA
247	Pulse	55	9990000	4360	NA
247	Pulse	55	10000000	14360	NA
247	Pulse	55	10010000	24360	NA
247	Pulse	55	10020000	34360	NA
248	Pulse	55	10030000	3763	NA
248	Pulse	55	10040000	13763	NA
248	Pulse	55	10050000	23763	NA
248	Pulse	55	10060000	33763	NA
249	Pulse	55	10070000	3167	NA
249	Pulse	55	10080000	13167	NA
249	Pulse	55	10090000	23167	NA
249	Pulse	55	10100000	33167	NA
250	Pulse	55	10110000	2570	NA
250	Pulse	55	10120000	12570	NA
250	Pulse	55	10130000	22570	NA
250	Pulse	55	10140000	32570	NA
251	Pulse	55	10150000	1973	NA
251	Pulse	55	10160000	11973	NA
251	Pulse	55	10170000	21973	NA
251	Pulse	55	10180000	31973	NA
252	Pulse	55	10190000	1376	NA
252	Pulse	55	10200000	11376	NA
252	Pulse	55	10210000	21376	NA
252	Pulse	55	10220000	31376	NA
253	Pulse	55	10230000	780	NA
253	Pulse	55	10240000	10780	NA
253	Pulse	55	10250000	20780	NA
253	Pulse	55	10260000	30780	NA
254	Pulse	55	10270000	183	NA
254	Pulse	55	10280000	10183	NA
254	Pulse	55	10290000	20183	NA
254	Pulse	55	10300000	30183	NA
254	Pulse	55	10310000	40183	NA
255	Pulse	55	10320000	9753	NA
255	Pulse	55	10330000	19753	NA
255	Pulse	55	10340000	29753	NA
255	Pulse	55	10350000	39753	NA
256	Pulse	55	10360000	9239	NA
256	Pulse	55	10370000	19239	NA
256	Pulse	55	10380000	29239	NA
256	Pulse	55	10390000	39239	NA
257	Pulse	55	10400000	8726	NA
257	Pulse	55	10410000	18726	NA
257	Pulse	55	10420000	28726	NA
257	Pulse	55	10430000	38726	NA
258	Pulse	55	10440000	8129	NA
258	Pulse	55	10450000	18129	NA
258	Pulse	55	10460000	28129	NA
258	Pulse	55	10470000	38129	NA
259	Pulse	55	10480000	7532	NA
259	Pulse	55	10490000	17532	NA
259	Pulse	55	10500000	27532	NA
259	Pulse	55	10510000	37532	NA
260	Pulse	55	10520000	6936	NA
260	Pulse	55	10530000	16936	NA
260	Pulse	55	10540000	26936	NA
260	Pulse	55	10550000	36936	NA
261	Pulse	55	10560000	6339	NA
261	Pulse	55	10570000	16339	NA
261	Pulse	55	10580000	26339	NA
261	Pulse	55	10590000	36339	NA
262	Pulse	55	10600000	5742	NA
262	Pulse	55	10610000	15742	NA
262	Pulse	55	10620000	25742	NA
262	Pulse	55	10630000	35742	NA
263	Pulse	55	10640000	5229	NA
263	Pulse	55	10650000	15229	NA
263	Pulse	55	10660000	25229	NA
263	Pulse	55	10670000	35229	NA
264	Pulse	55	10680000	4632	NA
264	Pulse	55	10690000	14632	NA
264	Pulse	55	10700000	24632	NA
264	Pulse	55	10710000	34632	NA
265	Pulse	55	10720000	4035	NA
265	Pulse	55	10730000	14035	NA
265	Pulse	55	10740000	24035	NA
265	Pulse	55	10750000	34035	NA
266	Pulse	55	10760000	3438	NA
266	Pulse	55	10770000	13438	NA
266	Pulse	55	10780000	23438	NA
266	Pulse	55	10790000	33438	NA
267	Pulse	55	10800000	2841	NA
267	Pulse	55	10810000	12841	NA
267	Pulse	55	10820000	22841	NA
267	Pulse	55	10830000	32841	NA
268	Pulse	55	10840000	2245	NA
268	Pulse	55	10850000	12245	NA
268	Pulse	55	10860000	22245	NA
268	Pulse	55	10870000	32245	NA
269	Pulse	55	10880000	1648	NA
269	Pulse	55	10890000	11648	NA
269	Pulse	55	10900000	21648	NA
269	Pulse	55	10910000	31648	NA
270	Pulse	55	10920000	1051	NA
270	Pulse	55	10930000	11051	NA
270	Pulse	55	10940000	21051	NA
270	Pulse	55	10950000	31051	NA
271	Pulse	55	10960000	454	NA
271	Pulse	55	10970000	10454	NA
271	Pulse	55	10980000	20454	NA
271	Pulse	55	10990000	30454	NA
271	Pulse	55	11000000	40454	NA
272	Pulse	55	11010000	9858	NA
272	Pulse	55	11020000	19858	NA
272	Pulse	55	11030000	29858	NA
272	Pulse	55	11040000	39858	NA
273	Pulse	55	11050000	9261	NA
273	Pulse	55	11060000	19261	NA
273	Pulse	55	11070000	29261	NA
273	Pulse	55	11080000	39261	NA
274	Pulse	55	11090000	8664	NA
274	Pulse	55	11100000	18664	NA
274	Pulse	55	11110000	28664	NA
274	Pulse	55	11120000	38664	NA
275	Pulse	55	11130000	8067	NA
275	Pulse	55	11140000	18067	NA
275	Pulse	55	11150000	28067	NA
275	Pulse	55	11160000	38067	NA
276	Pulse	55	11170000	7471	NA
276	Pulse	55	11180000	17471	NA
276	Pulse	55	11190000	27471	NA
276	Pulse	55	11200000	37471	NA
277	Pulse	55	11210000	6874	NA
277	Pulse	55	11220000	16874	NA
277	Pulse	55	11230000	26874	NA
277	Pulse	55	11240000	36874	NA
278	Pulse	55	11250000	6277	NA
278	Pulse	55	11260000	16277	NA
278	Pulse	55	11270000	26277	NA
278	Pulse	55	11280000	36277	NA
279	Pulse	55	11290000	5680	NA
279	Pulse	55	11300000	15680	NA
279	Pulse	55	11310000	25680	NA
279	Pulse	55	11320000	35680	NA
280	Pulse	55	11330000	5083	NA
280	Pulse	55	11340000	15083	NA
280	Pulse	55	11350000	25083	NA
280	Pulse	55	11360000	35083	NA
281	Pulse	55	11370000	4487	NA
281	Pulse	55	11380000	14487	NA
281	Pulse	55	11390000	24487	NA
281	Pulse	55	11400000	34487	NA
282	Pulse	55	11410000	3890	NA
282	Pulse	55	11420000	13890	NA
282	Pulse	55	11430000	23890	NA
282	Pulse	55	11440000	33890	NA
283	Pulse	55	11450000	3126	NA
283	Pulse	55	11460000	13126	NA
283	Pulse	55	11470000	23126	NA
283	Pulse	55	11480000	33126	NA
284	Pulse	55	11490000	2530	NA
284	Pulse	55	11500000	12530	NA
284	Pulse	55	11510000	22530	NA
284	Pulse	55	11520000	32530	NA
285	Pulse	55	11530000	1933	NA
285	Pulse	55	11540000	11933	NA
285	Pulse	55	11550000	21933	NA
285	Pulse	55	11560000	31933	NA
286	Pulse	55	11570000	1336	NA
286	Pulse	55	11580000	11336	NA
286	Pulse	55	11590000	21336	NA
286	Pulse	55	11600000	31336	NA
287	Pulse	55	11610000	656	NA
287	Pulse	55	11620000	10656	NA
287	Pulse	55	11630000	20656	NA
287	Pulse	55	11640000	30656	NA
288	Pulse	55	11650000	59	NA
288	Pulse	55	11660000	10059	NA
288	Pulse	55	11670000	20059	NA
288	Pulse	55	11680000	30059	NA
288	Pulse	55	11690000	40059	NA
289	Pulse	55	11700000	9462	NA
289	Pulse	55	11710000	19462	NA
289	Pulse	55	11720000	29462	NA
289	Pulse	55	11730000	39462	NA
290	Pulse	55	11740000	8866	NA
290	Pulse	55	11750000	18866	NA
290	Pulse	55	11760000	28866	NA
290	Pulse	55	11770000	38866	NA
291	Pulse	55	11780000	8185	NA
291	Pulse	55	11790000	18185	NA
291	Pulse	55	11800000	28185	NA
291	Pulse	55	11810000	38185	NA
292	Pulse	55	11820000	7589	NA
292	Pulse	55	11830000	17589	NA
292	Pulse	55	11840000	27589	NA
292	Pulse	55	11850000	37589	NA
293	Pulse	55	11860000	6992	NA
293	Pulse	55	11870000	16992	NA
293	Pulse	55	11880000	26992	NA
293	Pulse	55	11890000	36992	NA
294	Pulse	55	11900000	6312	NA
294	Pulse	55	11910000	16312	NA
294	Pulse	55	11920000	26312	NA
294	Pulse	55	11930000	36312	NA
295	Pulse	55	11940000	5715	NA
295	Pulse	55	11950000	15715	NA
295	Pulse	55	11960000	25715	NA
295	Pulse	55	11970000	35715	NA
296	Pulse	55	11980000	5118	NA
296	Pulse	55	11990000	15118	NA
296	Pulse	55	12000000	25118	NA
296	Pulse	55	12010000	35118	NA
297	Pulse	55	12020000	4522	NA
297	Pulse	55	12030000	14522	NA
297	Pulse	55	12040000	24522	NA
297	Pulse	55	12050000	34522	NA
298	Pulse	55	12060000	3841	NA
298	Pulse	55	12070000	13841	NA
298	Pulse	55	12080000	23841	NA
298	Pulse	55	12090000	33841	NA
299	Pulse	55	12100000	3245	NA
299	Pulse	55	12110000	13245	NA
299	Pulse	55	12120000	23245	NA
299	Pulse	55	12130000	33245	NA
300	Pulse	55	12140000	2648	NA
300	Pulse	55	12150000	12648	NA
300	Pulse	55	12160000	22648	NA
300	Pulse	55	12170000	32648	NA
301	Pulse	55	12180000	1884	NA
301	Pulse	55	12190000	11884	NA
301	Pulse	55	12200000	21884	NA
301	Pulse	55	12210000	31884	NA
302	Pulse	55	12220000	1288	NA
302	Pulse	55	12230000	11288	NA
302	Pulse	55	12240000	21288	NA
302	Pulse	55	12250000	31288	NA
303	Pulse	55	12260000	691	NA
303	Pulse	55	12270000	10691	NA
303	Pulse	55	12280000	20691	NA
303	Pulse	55	12290000	30691	NA
304	Pulse	55	12300000	94	NA
304	Pulse	55	12310000	10094	NA
304	Pulse	55	12320000	20094	NA
304	Pulse	55	12330000	30094	NA
304	Pulse	55	12340000	40094	NA
305	Pulse	55	12350000	9497	NA
305	Pulse	55	12360000	19497	NA
305	Pulse	55	12370000	29497	NA
305	Pulse	55	12380000	39497	NA
306	Pulse	55	12390000	8900	NA
306	Pulse	55	12400000	18900	NA
306	Pulse	55	12410000	28900	NA
306	Pulse	55	12420000	38900	NA
307	Pulse	55	12430000	8304	NA
307	Pulse	55	12440000	18304	NA
307	Pulse	55	12450000	28304	NA
307	Pulse	55	12460000	38304	NA
308	Pulse	55	12470000	7624	NA
308	Pulse	55	12480000	17624	NA
308	Pulse	55	12490000	27624	NA
308	Pulse	55	12500000	37624	NA
309	Pulse	55	12510000	7027	NA
309	Pulse	55	12520000	17027	NA
309	Pulse	55	12530000	27027	NA
309	Pulse	55	12540000	37027	NA
310	Pulse	55	12550000	6347	NA
310	Pulse	55	12560000	16347	NA
310	Pulse	55	12570000	26347	NA
310	Pulse	55	12580000	36347	NA
311	Pulse	55	12590000	5750	NA
311	Pulse	55	12600000	15750	NA
311	Pulse	55	12610000	25750	NA
311	Pulse	55	12620000	35750	NA
312	Pulse	55	12630000	5070	NA
312	Pulse	55	12640000	15070	NA
312	Pulse	55	12650000	25070	NA
312	Pulse	55	12660000	35070	NA
313	Pulse	55	12670000	4473	NA
313	Pulse	55	12680000	14473	NA
313	Pulse	55	12690000	24473	NA
313	Pulse	55	12700000	34473	NA
314	Pulse	55	12710000	3876	NA
314	Pulse	55	12720000	13876	NA
314	Pulse	55	12730000	23876	NA
314	Pulse	55	12740000	33876	NA
315	Pulse	55	12750000	3279	NA
315	Pulse	55	12760000	13279	NA
315	Pulse	55	12770000	23279	NA
315	Pulse	55	12780000	33279	NA
316	Pulse	55	12790000	2683	NA
316	Pulse	55	12800000	12683	NA
316	Pulse	55	12810000	22683	NA
316	Pulse	55	12820000	32683	NA
317	Pulse	55	12830000	2086	NA
317	Pulse	55	12840000	12086	NA
317	Pulse	55	12850000	22086	NA
317	Pulse	55	12860000	32086	NA
318	Pulse	55	12870000	1406	NA
318	Pulse	55	12880000	11406	NA
318	Pulse	55	12890000	21406	NA
318	Pulse	55	12900000	31406	NA
319	Pulse	55	12910000	809	NA
319	Pulse	55	12920000	10809	NA
319	Pulse	55	12930000	20809	NA
319	Pulse	55	12940000	30809	NA
320	Pulse	55	12950000	212	NA
320	Pulse	55	12960000	10212	NA
320	Pulse	55	12970000	20212	NA
320	Pulse	55	12980000	30212	NA
320	Pulse	55	12990000	40212	NA
321	Pulse	55	13000000	9615	NA
321	Pulse	55	13010000	19615	NA
321	Pulse	55	13020000	29615	NA
321	Pulse	55	13030000	39615	NA
322	Pulse	55	13040000	9019	NA
322	Pulse	55	13050000	19019	NA
322	Pulse	55	13060000	29019	NA
322	Pulse	55	13070000	39019	NA
323	Pulse	55	13080000	8422	NA
323	Pulse	55	13090000	18422	NA
323	Pulse	55	13100000	28422	NA
323	Pulse	55	13110000	38422	NA
324	Pulse	55	13120000	7825	NA
324	Pulse	55	13130000	17825	NA
324	Pulse	55	13140000	27825	NA
324	Pulse	55	13150000	37825	NA
325	Pulse	55	13160000	7228	NA
325	Pulse	55	13170000	17228	NA
325	Pulse	55	13180000	27228	NA
325	Pulse	55	13190000	37228	NA
326	Pulse	55	13200000	6632	NA
326	Pulse	55	13210000	16632	NA
326	Pulse	55	13220000	26632	NA
326	Pulse	55	13230000	36632	NA
327	Pulse	55	13240000	5951	NA
327	Pulse	55	13250000	15951	NA
327	Pulse	55	13260000	25951	NA
327	Pulse	55	13270000	35951	NA
328	Pulse	55	13280000	5355	NA
328	Response	1	13280260	5615	1
328	Pulse	55	13290000	15355	NA
328	Pulse	55	13300000	25355	NA
328	Pulse	55	13310000	35355	NA
329	Pulse	55	13320000	5258	NA
329	Pulse	55	13330000	15258	NA
330	Pulse	55	13340000	5168	NA
330	Pulse	55	13350000	15168	NA
330	Pulse	55	13360000	25168	NA
330	Pulse	55	13370000	35168	NA
330	Pulse	55	13380000	45168	NA
330	Pulse	55	13390000	55168	NA
330	Pulse	55	13400000	65168	NA
330	Pulse	55	13410000	75168	NA
330	Pulse	55	13420000	85168	NA
330	Pulse	55	13430000	95168	NA
330	Pulse	55	13440000	105168	NA
330	Pulse	55	13450000	115168	NA
330	Pulse	55	13460000	125168	NA
330	Pulse	55	13470000	135168	NA
330	Pulse	55	13480000	145168	NA
330	Pulse	55	13490000	155168	NA
330	Response	1	13498180	163348	1
330	Pulse	55	13500000	165168	NA
330	Pulse	55	13510000	175168	NA
331	Pulse	55	13520000	9943	NA
331	Pulse	55	13530000	19943	NA
331	Pulse	55	13540000	29943	NA
331	Pulse	55	13550000	39943	NA
331	Pulse	55	13560000	49943	NA
331	Pulse	55	13570000	59943	NA
331	Pulse	55	13580000	69943	NA
331	Pulse	55	13590000	79943	NA
331	Pulse	55	13600000	89943	NA
331	Pulse	55	13610000	99943	NA
331	Pulse	55	13620000	109943	NA
331	Pulse	55	13630000	119943	NA
331	Pulse	55	13640000	129943	NA
331	Pulse	55	13650000	139943	NA
331	Pulse	55	13660000	149943	NA
331	Pulse	55	13670000	159943	NA
331	Pulse	55	13680000	169943	NA
331	Pulse	55	13690000	179943	NA
331	Pulse	55	13700000	189943	NA
331	Pulse	55	13710000	199943	NA
331	Pulse	55	13720000	209943	NA
331	Pulse	55	13730000	219943	NA
331	Pulse	55	13740000	229943	NA
331	Pulse	55	13750000	239943	NA
331	Pulse	55	13760000	249943	NA
331	Pulse	55	13770000	259943	NA
331	Pulse	55	13780000	269943	NA
331	Pulse	55	13790000	279943	NA
331	Pulse	55	13800000	289943	NA
331	Pulse	55	13810000	299943	NA
331	Pulse	55	13820000	309943	NA
331	Pulse	55	13830000	319943	NA
331	Pulse	55	13840000	329943	NA
331	Pulse	55	13850000	339943	NA
331	Pulse	55	13860000	349943	NA
331	Pulse	55	13870000	359943	NA
331	Pulse	55	13880000	369943	NA
331	Pulse	55	13890000	379943	NA
331	Pulse	55	13900000	389943	NA
331	Pulse	55	13910000	399943	NA
331	Pulse	55	13920000	409943	NA
331	Pulse	55	13930000	419943	NA
331	Pulse	55	13940000	429943	NA
331	Pulse	55	13950000	439943	NA
331	Pulse	55	13960000	449943	NA
331	Pulse	55	13970000	459943	NA
331	Pulse	55	13980000	469943	NA
331	Pulse	55	13990000	479943	NA
331	Pulse	55	14000000	489943	NA
331	Pulse	55	14010000	499943	NA
331	Pulse	55	14020000	509943	NA
331	Pulse	55	14030000	519943	NA
331	Pulse	55	14040000	529943	NA
331	Pulse	55	14050000	539943	NA
331	Pulse	55	14060000	549943	NA
331	Pulse	55	14070000	559943	NA
331	Pulse	55	14080000	569943	NA
331	Pulse	55	14090000	579943	NA
331	Pulse	55	14100000	589943	NA
331	Pulse	55	14110000	599943	NA
331	Pulse	55	14120000	609943	NA
331	Pulse	55	14130000	619943	NA
331	Pulse	55	14140000	629943	NA
331	Pulse	55	14150000	639943	NA
331	Pulse	55	14160000	649943	NA
331	Pulse	55	14170000	659943	NA
331	Pulse	55	14180000	669943	NA
331	Pulse	55	14190000	679943	NA
331	Pulse	55	14200000	689943	NA
331	Pulse	55	14210000	699943	NA
331	Pulse	55	14220000	709943	NA
331	Pulse	55	14230000	719943	NA
331	Pulse	55	14240000	729943	NA
331	Pulse	55	14250000	739943	NA
331	Pulse	55	14260000	749943	NA
331	Pulse	55	14270000	759943	NA
331	Pulse	55	14280000	769943	NA
331	Pulse	55	14290000	779943	NA
331	Pulse	55	14300000	789943	NA
331	Pulse	55	14310000	799943	NA
331	Pulse	55	14320000	809943	NA
331	Pulse	55	14330000	819943	NA
331	Pulse	55	14340000	829943	NA
331	Pulse	55	14350000	839943	NA
331	Pulse	55	14360000	849943	NA
331	Pulse	55	14370000	859943	NA
331	Pulse	55	14380000	869943	NA
331	Pulse	55	14390000	879943	NA
331	Pulse	55	14400000	889943	NA
331	Pulse	55	14410000	899943	NA
331	Pulse	55	14420000	909943	NA
331	Pulse	55	14430000	919943	NA
331	Pulse	55	14440000	929943	NA
331	Pulse	55	14450000	939943	NA
331	Pulse	55	14460000	949943	NA
331	Pulse	55	14470000	959943	NA
331	Pulse	55	14480000	969943	NA
331	Pulse	55	14490000	979943	NA
331	Pulse	55	14500000	989943	NA
331	Pulse	55	14510000	999943	NA
331	Pulse	55	14520000	1009943	NA
331	Pulse	55	14530000	1019943	NA
331	Pulse	55	14540000	1029943	NA
331	Pulse	55	14550000	1039943	NA
331	Pulse	55	14560000	1049943	NA
331	Pulse	55	14570000	1059943	NA
331	Pulse	55	14580000	1069943	NA
331	Pulse	55	14590000	1079943	NA
331	Pulse	55	14600000	1089943	NA
331	Pulse	55	14610000	1099943	NA
331	Pulse	55	14620000	1109943	NA
331	Pulse	55	14630000	1119943	NA
331	Pulse	55	14640000	1129943	NA
331	Pulse	55	14650000	1139943	NA
331	Pulse	55	14660000	1149943	NA
331	Pulse	55	14670000	1159943	NA
331	Pulse	55	14680000	1169943	NA
331	Pulse	55	14690000	1179943	NA
331	Pulse	55	14700000	1189943	NA
331	Pulse	55	14710000	1199943	NA
331	Pulse	55	14720000	1209943	NA
331	Pulse	55	14730000	1219943	NA
331	Pulse	55	14740000	1229943	NA
331	Pulse	55	14750000	1239943	NA
331	Pulse	55	14760000	1249943	NA
331	Pulse	55	14770000	1259943	NA
331	Pulse	55	14780000	1269943	NA
331	Pulse	55	14790000	1279943	NA
331	Pulse	55	14800000	1289943	NA
331	Pulse	55	14810000	1299943	NA
331	Pulse	55	14820000	1309943	NA
331	Pulse	55	14830000	1319943	NA
331	Pulse	55	14840000	1329943	NA
331	Pulse	55	14850000	1339943	NA
331	Pulse	55	14860000	1349943	NA
331	Pulse	55	14870000	1359943	NA
331	Pulse	55	14880000	1369943	NA
331	Pulse	55	14890000	1379943	NA
331	Pulse	55	14900000	1389943	NA
331	Pulse	55	14910000	1399943	NA
331	Pulse	55	14920000	1409943	NA
331	Pulse	55	14930000	1419943	NA
331	Pulse	55	14940000	1429943	NA
331	Pulse	55	14950000	1439943	NA
331	Pulse	55	14960000	1449943	NA
331	Pulse	55	14970000	1459943	NA
331	Pulse	55	14980000	1469943	NA
331	Pulse	55	14990000	1479943	NA
331	Pulse	55	15000000	1489943	NA
331	Pulse	55	15010000	1499943	NA
331	Pulse	55	15020000	1509943	NA
331	Pulse	55	15030000	1519943	NA
331	Pulse	55	15040000	1529943	NA
331	Pulse	55	15050000	1539943	NA
331	Pulse	55	15060000	1549943	NA
331	Pulse	55	15070000	1559943	NA
331	Pulse	55	15080000	1569943	NA
331	Pulse	55	15090000	1579943	NA
331	Pulse	55	15100000	1589943	NA
331	Pulse	55	15110000	1599943	NA
331	Pulse	55	15120000	1609943	NA
331	Pulse	55	15130000	1619943	NA
331	Pulse	55	15140000	1629943	NA
331	Pulse	55	15150000	1639943	NA
331	Pulse	55	15160000	1649943	NA
331	Pulse	55	15170000	1659943	NA
331	Pulse	55	15180000	1669943	NA
331	Pulse	55	15190000	1679943	NA
331	Pulse	55	15200000	1689943	NA
331	Pulse	55	15210000	1699943	NA
331	Pulse	55	15220000	1709943	NA
331	Pulse	55	15230000	1719943	NA
331	Pulse	55	15240000	1729943	NA
331	Pulse	55	15250000	1739943	NA
331	Pulse	55	15260000	1749943	NA
331	Pulse	55	15270000	1759943	NA
331	Pulse	55	15280000	1769943	NA
331	Pulse	55	15290000	1779943	NA
331	Pulse	55	15300000	1789943	NA
331	Pulse	55	15310000	1799943	NA
331	Pulse	55	15320000	1809943	NA
331	Pulse	55	15330000	1819943	NA
331	Pulse	55	15340000	1829943	NA
331	Pulse	55	15350000	1839943	NA
331	Pulse	55	15360000	1849943	NA
331	Pulse	55	15370000	1859943	NA
331	Pulse	55	15380000	1869943	NA
331	Pulse	55	15390000	1879943	NA
331	Pulse	55	15400000	1889943	NA
331	Pulse	55	15410000	1899943	NA
331	Pulse	55	15420000	1909943	NA
331	Pulse	55	15430000	1919943	NA
331	Pulse	55	15440000	1929943	NA
331	Pulse	55	15450000	1939943	NA
331	Pulse	55	15460000	1949943	NA
331	Pulse	55	15470000	1959943	NA
331	Pulse	55	15480000	1969943	NA
331	Pulse	55	15490000	1979943	NA
331	Pulse	55	15500000	1989943	NA
331	Pulse	55	15510000	1999943	NA
331	Pulse	55	15520000	2009943	NA
331	Pulse	55	15530000	2019943	NA
331	Pulse	55	15540000	2029943	NA
331	Pulse	55	15550000	2039943	NA
331	Pulse	55	15560000	2049943	NA
331	Pulse	55	15570000	2059943	NA
331	Pulse	55	15580000	2069943	NA
331	Pulse	55	15590000	2079943	NA
331	Pulse	55	15600000	2089943	NA
331	Pulse	55	15610000	2099943	NA
331	Pulse	55	15620000	2109943	NA
331	Pulse	55	15630000	2119943	NA
331	Pulse	55	15640000	2129943	NA
331	Pulse	55	15650000	2139943	NA
331	Pulse	55	15660000	2149943	NA
331	Pulse	55	15670000	2159943	NA
331	Pulse	55	15680000	2169943	NA
331	Pulse	55	15690000	2179943	NA
331	Pulse	55	15700000	2189943	NA
331	Pulse	55	15710000	2199943	NA
331	Pulse	55	15720000	2209943	NA
331	Pulse	55	15730000	2219943	NA
331	Pulse	55	15740000	2229943	NA
331	Pulse	55	15750000	2239943	NA
331	Pulse	55	15760000	2249943	NA
331	Pulse	55	15770000	2259943	NA
331	Pulse	55	15780000	2269943	NA
331	Pulse	55	15790000	2279943	NA
331	Pulse	55	15800000	2289943	NA
331	Pulse	55	15810000	2299943	NA
331	Pulse	55	15820000	2309943	NA
331	Pulse	55	15830000	2319943	NA
331	Pulse	55	15840000	2329943	NA
331	Pulse	55	15850000	2339943	NA
331	Pulse	55	15860000	2349943	NA
331	Pulse	55	15870000	2359943	NA
331	Pulse	55	15880000	2369943	NA
331	Pulse	55	15890000	2379943	NA
331	Pulse	55	15900000	2389943	NA
331	Pulse	55	15910000	2399943	NA
331	Pulse	55	15920000	2409943	NA
331	Pulse	55	15930000	2419943	NA
331	Pulse	55	15940000	2429943	NA
331	Pulse	55	15950000	2439943	NA
331	Pulse	55	15960000	2449943	NA
331	Pulse	55	15970000	2459943	NA
331	Pulse	55	15980000	2469943	NA
331	Pulse	55	15990000	2479943	NA
331	Pulse	55	16000000	2489943	NA
331	Pulse	55	16010000	2499943	NA
331	Pulse	55	16020000	2509943	NA
331	Pulse	55	16030000	2519943	NA
331	Pulse	55	16040000	2529943	NA
331	Pulse	55	16050000	2539943	NA
331	Pulse	55	16060000	2549943	NA
331	Pulse	55	16070000	2559943	NA
331	Pulse	55	16080000	2569943	NA
331	Pulse	55	16090000	2579943	NA
331	Pulse	55	16100000	2589943	NA
331	Pulse	55	16110000	2599943	NA
331	Pulse	55	16120000	2609943	NA
331	Pulse	55	16130000	2619943	NA
331	Pulse	55	16140000	2629943	NA
331	Pulse	55	16150000	2639943	NA
331	Pulse	55	16160000	2649943	NA
331	Pulse	55	16170000	2659943	NA
331	Pulse	55	16180000	2669943	NA
331	Pulse	55	16190000	2679943	NA
331	Pulse	55	16200000	2689943	NA
331	Pulse	55	16210000	2699943	NA
331	Pulse	55	16220000	2709943	NA
331	Pulse	55	16230000	2719943	NA
331	Pulse	55	16240000	2729943	NA
331	Pulse	55	16250000	2739943	NA
331	Pulse	55	16260000	2749943	NA
331	Pulse	55	16270000	2759943	NA
331	Pulse	55	16280000	2769943	NA
331	Pulse	55	16290000	2779943	NA
331	Pulse	55	16300000	2789943	NA
331	Pulse	55	16310000	2799943	NA
331	Pulse	55	16320000	2809943	NA
331	Pulse	55	16330000	2819943	NA
331	Pulse	55	16340000	2829943	NA
331	Pulse	55	16350000	2839943	NA
331	Pulse	55	16360000	2849943	NA
331	Pulse	55	16370000	2859943	NA
331	Pulse	55	16380000	2869943	NA
331	Pulse	55	16390000	2879943	NA
331	Pulse	55	16400000	2889943	NA
331	Pulse	55	16410000	2899943	NA
331	Pulse	55	16420000	2909943	NA
331	Pulse	55	16430000	2919943	NA
331	Pulse	55	16440000	2929943	NA
331	Pulse	55	16450000	2939943	NA
331	Pulse	55	16460000	2949943	NA
331	Pulse	55	16470000	2959943	NA
331	Pulse	55	16480000	2969943	NA
331	Pulse	55	16490000	2979943	NA
331	Pulse	55	16500000	2989943	NA
331	Pulse	55	16510000	2999943	NA
331	Pulse	55	16520000	3009943	NA
331	Pulse	55	16530000	3019943	NA
331	Pulse	55	16540000	3029943	NA
331	Pulse	55	16550000	3039943	NA
331	Pulse	55	16560000	3049943	NA
331	Pulse	55	16570000	3059943	NA
331	Pulse	55	16580000	3069943	NA
331	Pulse	55	16590000	3079943	NA
331	Pulse	55	16600000	3089943	NA
331	Pulse	55	16610000	3099943	NA
331	Pulse	55	16620000	3109943	NA
331	Pulse	55	16630000	3119943	NA
331	Pulse	55	16640000	3129943	NA
331	Pulse	55	16650000	3139943	NA
331	Pulse	55	16660000	3149943	NA
331	Pulse	55	16670000	3159943	NA
331	Pulse	55	16680000	3169943	NA
331	Pulse	55	16690000	3179943	NA
331	Pulse	55	16700000	3189943	NA
331	Pulse	55	16710000	3199943	NA
331	Pulse	55	16720000	3209943	NA
331	Pulse	55	16730000	3219943	NA
331	Pulse	55	16740000	3229943	NA
331	Pulse	55	16750000	3239943	NA
331	Pulse	55	16760000	3249943	NA
331	Pulse	55	16770000	3259943	NA
331	Pulse	55	16780000	3269943	NA
331	Pulse	55	16790000	3279943	NA
331	Pulse	55	16800000	3289943	NA
331	Pulse	55	16810000	3299943	NA
331	Pulse	55	16820000	3309943	NA
331	Pulse	55	16830000	3319943	NA
331	Pulse	55	16840000	3329943	NA
331	Pulse	55	16850000	3339943	NA
331	Pulse	55	16860000	3349943	NA
331	Pulse	55	16870000	3359943	NA
331	Pulse	55	16880000	3369943	NA
331	Pulse	55	16890000	3379943	NA
331	Pulse	55	16900000	3389943	NA
331	Pulse	55	16910000	3399943	NA
331	Pulse	55	16920000	3409943	NA
331	Pulse	55	16930000	3419943	NA
331	Pulse	55	16940000	3429943	NA
331	Pulse	55	16950000	3439943	NA
331	Pulse	55	16960000	3449943	NA
331	Pulse	55	16970000	3459943	NA
331	Pulse	55	16980000	3469943	NA
331	Pulse	55	16990000	3479943	NA
331	Pulse	55	17000000	3489943	NA
331	Pulse	55	17010000	3499943	NA
331	Pulse	55	17020000	3509943	NA
331	Pulse	55	17030000	3519943	NA
331	Pulse	55	17040000	3529943	NA
331	Pulse	55	17050000	3539943	NA
331	Pulse	55	17060000	3549943	NA
331	Pulse	55	17070000	3559943	NA
331	Pulse	55	17080000	3569943	NA
331	Pulse	55	17090000	3579943	NA
331	Pulse	55	17100000	3589943	NA
331	Pulse	55	17110000	3599943	NA
331	Pulse	55	17120000	3609943	NA
331	Pulse	55	17130000	3619943	NA
331	Pulse	55	17140000	3629943	NA
331	Pulse	55	17150000	3639943	NA
331	Pulse	55	17160000	3649943	NA
331	Pulse	55	17170000	3659943	NA
331	Pulse	55	17180000	3669943	NA
331	Pulse	55	17190000	3679943	NA
331	Pulse	55	17200000	3689943	NA
331	Pulse	55	17210000	3699943	NA
331	Pulse	55	17220000	3709943	NA
331	Pulse	55	17230000	3719943	NA
331	Pulse	55	17240000	3729943	NA
331	Pulse	55	17250000	3739943	NA
331	Pulse	55	17260000	3749943	NA
331	Pulse	55	17270000	3759943	NA
331	Pulse	55	17280000	3769943	NA
331	Pulse	55	17290000	3779943	NA
331	Pulse	55	17300000	3789943	NA
331	Pulse	55	17310000	3799943	NA
331	Pulse	55	17320000	3809943	NA
331	Pulse	55	17330000	3819943	NA
331	Pulse	55	17340000	3829943	NA
331	Pulse	55	17350000	3839943	NA
331	Pulse	55	17360000	3849943	NA
331	Pulse	55	17370000	3859943	NA
331	Pulse	55	17380000	3869943	NA
331	Pulse	55	17390000	3879943	NA
331	Pulse	55	17400000	3889943	NA
331	Pulse	55	17410000	3899943	NA
331	Pulse	55	17420000	3909943	NA
331	Pulse	55	17430000	3919943	NA
331	Pulse	55	17440000	3929943	NA
331	Pulse	55	17450000	3939943	NA
331	Pulse	55	17460000	3949943	NA
331	Pulse	55	17470000	3959943	NA
331	Pulse	55	17480000	3969943	NA
331	Pulse	55	17490000	3979943	NA
331	Pulse	55	17500000	3989943	NA
331	Pulse	55	17510000	3999943	NA
331	Pulse	55	17520000	4009943	NA
331	Pulse	55	17530000	4019943	NA
331	Pulse	55	17540000	4029943	NA
331	Pulse	55	17550000	4039943	NA
331	Pulse	55	17560000	4049943	NA
331	Pulse	55	17570000	4059943	NA
331	Pulse	55	17580000	4069943	NA
331	Pulse	55	17590000	4079943	NA
331	Pulse	55	17600000	4089943	NA
331	Pulse	55	17610000	4099943	NA
331	Pulse	55	17620000	4109943	NA
331	Pulse	55	17630000	4119943	NA
331	Pulse	55	17640000	4129943	NA
331	Pulse	55	17650000	4139943	NA
331	Pulse	55	17660000	4149943	NA
331	Pulse	55	17670000	4159943	NA
331	Pulse	55	17680000	4169943	NA
331	Pulse	55	17690000	4179943	NA
331	Pulse	55	17700000	4189943	NA
331	Pulse	55	17710000	4199943	NA
331	Pulse	55	17720000	4209943	NA
331	Pulse	55	17730000	4219943	NA
331	Pulse	55	17740000	4229943	NA
331	Pulse	55	17750000	4239943	NA
331	Pulse	55	17760000	4249943	NA
331	Pulse	55	17770000	4259943	NA
331	Pulse	55	17780000	4269943	NA
331	Pulse	55	17790000	4279943	NA
331	Pulse	55	17800000	4289943	NA
331	Pulse	55	17810000	4299943	NA
331	Pulse	55	17820000	4309943	NA
331	Pulse	55	17830000	4319943	NA
331	Pulse	55	17840000	4329943	NA
331	Pulse	55	17850000	4339943	NA
331	Pulse	55	17860000	4349943	NA
331	Pulse	55	17870000	4359943	NA
331	Pulse	55	17880000	4369943	NA
331	Pulse	55	17890000	4379943	NA
331	Pulse	55	17900000	4389943	NA
331	Pulse	55	17910000	4399943	NA
331	Pulse	55	17920000	4409943	NA
331	Pulse	55	17930000	4419943	NA
331	Pulse	55	17940000	4429943	NA
331	Pulse	55	17950000	4439943	NA
331	Pulse	55	17960000	4449943	NA
331	Pulse	55	17970000	4459943	NA
331	Pulse	55	17980000	4469943	NA
331	Pulse	55	17990000	4479943	NA
331	Pulse	55	18000000	4489943	NA
331	Pulse	55	18010000	4499943	NA
331	Pulse	55	18020000	4509943	NA
331	Pulse	55	18030000	4519943	NA
331	Pulse	55	18040000	4529943	NA
331	Pulse	55	18050000	4539943	NA
331	Pulse	55	18060000	4549943	NA
331	Pulse	55	18070000	4559943	NA
331	Pulse	55	18080000	4569943	NA
331	Pulse	55	18090000	4579943	NA
331	Pulse	55	18100000	4589943	NA
331	Pulse	55	18110000	4599943	NA
331	Pulse	55	18120000	4609943	NA
331	Pulse	55	18130000	4619943	NA
331	Pulse	55	18140000	4629943	NA
331	Pulse	55	18150000	4639943	NA
331	Pulse	55	18160000	4649943	NA
331	Pulse	55	18170000	4659943	NA
331	Pulse	55	18180000	4669943	NA
331	Pulse	55	18190000	4679943	NA
331	Pulse	55	18200000	4689943	NA
331	Pulse	55	18210000	4699943	NA
331	Pulse	55	18220000	4709943	NA
331	Pulse	55	18230000	4719943	NA
331	Pulse	55	18240000	4729943	NA
331	Pulse	55	18250000	4739943	NA
331	Pulse	55	18260000	4749943	NA
331	Pulse	55	18270000	4759943	NA
331	Pulse	55	18280000	4769943	NA
331	Pulse	55	18290000	4779943	NA
331	Pulse	55	18300000	4789943	NA
331	Pulse	55	18310000	4799943	NA
331	Pulse	55	18320000	4809943	NA
331	Pulse	55	18330000	4819943	NA
331	Pulse	55	18340000	4829943	NA
331	Pulse	55	18350000	4839943	NA
331	Pulse	55	18360000	4849943	NA
331	Pulse	55	18370000	4859943	NA
331	Pulse	55	18380000	4869943	NA
331	Pulse	55	18390000	4879943	NA
331	Pulse	55	18400000	4889943	NA
331	Pulse	55	18410000	4899943	NA
331	Pulse	55	18420000	4909943	NA
331	Pulse	55	18430000	4919943	NA
331	Response	1	18436907	4926851	1
332	Pulse	55	18440000	2979	NA
332	Pulse	55	18450000	12979	NA
332	Pulse	55	18460000	22979	NA
332	Pulse	55	18470000	32979	NA
332	Pulse	55	18480000	42979	NA
332	Pulse	55	18490000	52979	NA
332	Pulse	55	18500000	62979	NA
332	Pulse	55	18510000	72979	NA
332	Pulse	55	18520000	82979	NA
332	Pulse	55	18530000	92979	NA
332	Pulse	55	18540000	102979	NA
332	Pulse	55	18550000	112979	NA
332	Pulse	55	18560000	122979	NA
332	Pulse	55	18570000	132979	NA
332	Pulse	55	18580000	142979	NA
332	Pulse	55	18590000	152979	NA
332	Pulse	55	18600000	162979	NA
332	Pulse	55	18610000	172979	NA
332	Pulse	55	18620000	182979	NA
332	Pulse	55	18630000	192979	NA
332	Pulse	55	18640000	202979	NA
332	Pulse	55	18650000	212979	NA
332	Pulse	55	18660000	222979	NA
332	Pulse	55	18670000	232979	NA
332	Pulse	55	18680000	242979	NA
332	Pulse	55	18690000	252979	NA
332	Pulse	55	18700000	262979	NA
332	Pulse	55	18710000	272979	NA
332	Pulse	55	18720000	282979	NA
332	Pulse	55	18730000	292979	NA
332	Pulse	55	18740000	302979	NA
332	Pulse	55	18750000	312979	NA
332	Pulse	55	18760000	322979	NA
332	Pulse	55	18770000	332979	NA
332	Pulse	55	18780000	342979	NA
332	Pulse	55	18790000	352979	NA
332	Pulse	55	18800000	362979	NA
332	Pulse	55	18810000	372979	NA
332	Pulse	55	18820000	382979	NA
332	Pulse	55	18830000	392979	NA
332	Pulse	55	18840000	402979	NA
332	Pulse	55	18850000	412979	NA
332	Pulse	55	18860000	422979	NA
332	Pulse	55	18870000	432979	NA
332	Pulse	55	18880000	442979	NA
332	Pulse	55	18890000	452979	NA
332	Pulse	55	18900000	462979	NA
332	Pulse	55	18910000	472979	NA
332	Pulse	55	18920000	482979	NA
332	Pulse	55	18930000	492979	NA
332	Pulse	55	18940000	502979	NA
332	Pulse	55	18950000	512979	NA
332	Pulse	55	18960000	522979	NA
332	Pulse	55	18970000	532979	NA
332	Pulse	55	18980000	542979	NA
332	Pulse	55	18990000	552979	NA
332	Pulse	55	19000000	562979	NA
332	Pulse	55	19010000	572979	NA
332	Pulse	55	19020000	582979	NA
332	Pulse	55	19030000	592979	NA
332	Pulse	55	19040000	602979	NA
332	Pulse	55	19050000	612979	NA
332	Pulse	55	19060000	622979	NA
332	Pulse	55	19070000	632979	NA
332	Pulse	55	19080000	642979	NA
332	Pulse	55	19090000	652979	NA
332	Pulse	55	19100000	662979	NA
332	Pulse	55	19110000	672979	NA
332	Pulse	55	19120000	682979	NA
332	Pulse	55	19130000	692979	NA
332	Pulse	55	19140000	702979	NA
332	Pulse	55	19150000	712979	NA
332	Pulse	55	19160000	722979	NA
332	Pulse	55	19170000	732979	NA
332	Pulse	55	19180000	742979	NA
332	Pulse	55	19190000	752979	NA
332	Pulse	55	19200000	762979	NA
332	Pulse	55	19210000	772979	NA
332	Pulse	55	19220000	782979	NA
332	Pulse	55	19230000	792979	NA
332	Pulse	55	19240000	802979	NA
332	Pulse	55	19250000	812979	NA
332	Pulse	55	19260000	822979	NA
332	Pulse	55	19270000	832979	NA
332	Pulse	55	19280000	842979	NA
332	Pulse	55	19290000	852979	NA
332	Pulse	55	19300000	862979	NA
332	Pulse	55	19310000	872979	NA
332	Pulse	55	19320000	882979	NA
332	Pulse	55	19330000	892979	NA
332	Pulse	55	19340000	902979	NA
332	Pulse	55	19350000	912979	NA
332	Pulse	55	19360000	922979	NA
332	Pulse	55	19370000	932979	NA
332	Pulse	55	19380000	942979	NA
332	Pulse	55	19390000	952979	NA
332	Pulse	55	19400000	962979	NA
332	Pulse	55	19410000	972979	NA
332	Pulse	55	19420000	982979	NA
332	Pulse	55	19430000	992979	NA
332	Pulse	55	19440000	1002979	NA
332	Pulse	55	19450000	1012979	NA
332	Pulse	55	19460000	1022979	NA
332	Pulse	55	19470000	1032979	NA
332	Pulse	55	19480000	1042979	NA
332	Pulse	55	19490000	1052979	NA
332	Pulse	55	19500000	1062979	NA
332	Pulse	55	19510000	1072979	NA
332	Pulse	55	19520000	1082979	NA
332	Pulse	55	19530000	1092979	NA
332	Pulse	55	19540000	1102979	NA
332	Pulse	55	19550000	1112979	NA
332	Pulse	55	19560000	1122979	NA
332	Pulse	55	19570000	1132979	NA
332	Pulse	55	19580000	1142979	NA
332	Pulse	55	19590000	1152979	NA
332	Pulse	55	19600000	1162979	NA
332	Pulse	55	19610000	1172979	NA
332	Pulse	55	19620000	1182979	NA
332	Pulse	55	19630000	1192979	NA
332	Pulse	55	19640000	1202979	NA
332	Pulse	55	19650000	1212979	NA
332	Response	1	19652107	1215086	1
