Scenario - Slideshow_D2.sce
Logfile written - 10/27/2021 17:38:08

Trial	Event Type	Code	Time	TTime	Uncertainty	Duration	Uncertainty	ReqTime	ReqDur	Stim Type	Pair Index

0	Pulse	55	0	0	NA
1	Pulse	55	10000	9417	NA
1	Pulse	55	20000	19417	NA
1	Pulse	55	30000	29417	NA
1	Pulse	55	40000	39417	NA
2	Pulse	55	50000	8820	NA
2	Pulse	55	60000	18820	NA
2	Pulse	55	70000	28820	NA
2	Pulse	55	80000	38820	NA
3	Pulse	55	90000	8223	NA
3	Pulse	55	100000	18223	NA
3	Pulse	55	110000	28223	NA
3	Pulse	55	120000	38223	NA
4	Pulse	55	130000	7627	NA
4	Pulse	55	140000	17627	NA
4	Pulse	55	150000	27627	NA
4	Pulse	55	160000	37627	NA
5	Pulse	55	170000	7030	NA
5	Pulse	55	180000	17030	NA
5	Pulse	55	190000	27030	NA
5	Pulse	55	200000	37030	NA
6	Pulse	55	210000	6433	NA
6	Pulse	55	220000	16433	NA
6	Pulse	55	230000	26433	NA
6	Pulse	55	240000	36433	NA
7	Pulse	55	250000	5836	NA
7	Pulse	55	260000	15836	NA
7	Pulse	55	270000	25836	NA
7	Pulse	55	280000	35836	NA
8	Pulse	55	290000	5239	NA
8	Pulse	55	300000	15239	NA
8	Pulse	55	310000	25239	NA
8	Pulse	55	320000	35239	NA
9	Pulse	55	330000	4643	NA
9	Pulse	55	340000	14643	NA
9	Pulse	55	350000	24643	NA
9	Pulse	55	360000	34643	NA
10	Pulse	55	370000	4129	NA
10	Pulse	55	380000	14129	NA
10	Pulse	55	390000	24129	NA
10	Pulse	55	400000	34129	NA
11	Pulse	55	410000	3616	NA
11	Pulse	55	420000	13616	NA
11	Pulse	55	430000	23616	NA
11	Pulse	55	440000	33616	NA
12	Pulse	55	450000	3103	NA
12	Pulse	55	460000	13103	NA
12	Pulse	55	470000	23103	NA
12	Pulse	55	480000	33103	NA
13	Pulse	55	490000	2506	NA
13	Pulse	55	500000	12506	NA
13	Pulse	55	510000	22506	NA
13	Pulse	55	520000	32506	NA
14	Pulse	55	530000	1909	NA
14	Pulse	55	540000	11909	NA
14	Pulse	55	550000	21909	NA
14	Pulse	55	560000	31909	NA
15	Pulse	55	570000	1312	NA
15	Pulse	55	580000	11312	NA
15	Pulse	55	590000	21312	NA
15	Pulse	55	600000	31312	NA
16	Pulse	55	610000	716	NA
16	Pulse	55	620000	10716	NA
16	Pulse	55	630000	20716	NA
16	Pulse	55	640000	30716	NA
17	Pulse	55	650000	119	NA
17	Pulse	55	660000	10119	NA
17	Pulse	55	670000	20119	NA
17	Pulse	55	680000	30119	NA
17	Pulse	55	690000	40119	NA
18	Pulse	55	700000	9522	NA
18	Pulse	55	710000	19522	NA
18	Pulse	55	720000	29522	NA
18	Pulse	55	730000	39522	NA
19	Pulse	55	740000	8925	NA
19	Pulse	55	750000	18925	NA
19	Pulse	55	760000	28925	NA
19	Pulse	55	770000	38925	NA
20	Pulse	55	780000	8329	NA
20	Pulse	55	790000	18329	NA
20	Pulse	55	800000	28329	NA
20	Pulse	55	810000	38329	NA
21	Pulse	55	820000	7732	NA
21	Pulse	55	830000	17732	NA
21	Pulse	55	840000	27732	NA
21	Pulse	55	850000	37732	NA
22	Pulse	55	860000	7135	NA
22	Pulse	55	870000	17135	NA
22	Pulse	55	880000	27135	NA
22	Pulse	55	890000	37135	NA
23	Pulse	55	900000	6538	NA
23	Pulse	55	910000	16538	NA
23	Pulse	55	920000	26538	NA
23	Pulse	55	930000	36538	NA
24	Pulse	55	940000	5942	NA
24	Pulse	55	950000	15942	NA
24	Pulse	55	960000	25942	NA
24	Pulse	55	970000	35942	NA
25	Pulse	55	980000	5345	NA
25	Pulse	55	990000	15345	NA
25	Pulse	55	1000000	25345	NA
25	Pulse	55	1010000	35345	NA
26	Pulse	55	1020000	4748	NA
26	Pulse	55	1030000	14748	NA
26	Pulse	55	1040000	24748	NA
26	Pulse	55	1050000	34748	NA
27	Pulse	55	1060000	4151	NA
27	Pulse	55	1070000	14151	NA
27	Pulse	55	1080000	24151	NA
27	Pulse	55	1090000	34151	NA
28	Pulse	55	1100000	3555	NA
28	Pulse	55	1110000	13555	NA
28	Pulse	55	1120000	23555	NA
28	Pulse	55	1130000	33555	NA
29	Pulse	55	1140000	2958	NA
29	Pulse	55	1150000	12958	NA
29	Pulse	55	1160000	22958	NA
29	Pulse	55	1170000	32958	NA
30	Pulse	55	1180000	2361	NA
30	Pulse	55	1190000	12361	NA
30	Pulse	55	1200000	22361	NA
30	Pulse	55	1210000	32361	NA
31	Pulse	55	1220000	1764	NA
31	Pulse	55	1230000	11764	NA
31	Pulse	55	1240000	21764	NA
31	Pulse	55	1250000	31764	NA
32	Pulse	55	1260000	1167	NA
32	Pulse	55	1270000	11167	NA
32	Pulse	55	1280000	21167	NA
32	Pulse	55	1290000	31167	NA
33	Pulse	55	1300000	571	NA
33	Pulse	55	1310000	10571	NA
33	Pulse	55	1320000	20571	NA
33	Pulse	55	1330000	30571	NA
33	Pulse	55	1340000	40571	NA
34	Pulse	55	1350000	9974	NA
34	Pulse	55	1360000	19974	NA
34	Pulse	55	1370000	29974	NA
34	Pulse	55	1380000	39974	NA
35	Pulse	55	1390000	9377	NA
35	Pulse	55	1400000	19377	NA
35	Pulse	55	1410000	29377	NA
35	Pulse	55	1420000	39377	NA
36	Pulse	55	1430000	8780	NA
36	Pulse	55	1440000	18780	NA
36	Pulse	55	1450000	28780	NA
36	Pulse	55	1460000	38780	NA
37	Pulse	55	1470000	8184	NA
37	Pulse	55	1480000	18184	NA
37	Pulse	55	1490000	28184	NA
37	Pulse	55	1500000	38184	NA
38	Pulse	55	1510000	7420	NA
38	Pulse	55	1520000	17420	NA
38	Pulse	55	1530000	27420	NA
38	Pulse	55	1540000	37420	NA
39	Pulse	55	1550000	6823	NA
39	Pulse	55	1560000	16823	NA
39	Pulse	55	1570000	26823	NA
39	Pulse	55	1580000	36823	NA
40	Pulse	55	1590000	6143	NA
40	Pulse	55	1600000	16143	NA
40	Pulse	55	1610000	26143	NA
40	Pulse	55	1620000	36143	NA
41	Pulse	55	1630000	5547	NA
41	Pulse	55	1640000	15547	NA
41	Pulse	55	1650000	25547	NA
41	Pulse	55	1660000	35547	NA
42	Pulse	55	1670000	4867	NA
42	Pulse	55	1680000	14867	NA
42	Pulse	55	1690000	24867	NA
42	Pulse	55	1700000	34867	NA
43	Pulse	55	1710000	4270	NA
43	Pulse	55	1720000	14270	NA
43	Pulse	55	1730000	24270	NA
43	Pulse	55	1740000	34270	NA
44	Pulse	55	1750000	3673	NA
44	Pulse	55	1760000	13673	NA
44	Pulse	55	1770000	23673	NA
44	Pulse	55	1780000	33673	NA
45	Pulse	55	1790000	3076	NA
45	Pulse	55	1800000	13076	NA
45	Pulse	55	1810000	23076	NA
45	Pulse	55	1820000	33076	NA
46	Pulse	55	1830000	2396	NA
46	Pulse	55	1840000	12396	NA
46	Pulse	55	1850000	22396	NA
46	Pulse	55	1860000	32396	NA
47	Pulse	55	1870000	1799	NA
47	Pulse	55	1880000	11799	NA
47	Pulse	55	1890000	21799	NA
47	Pulse	55	1900000	31799	NA
48	Pulse	55	1910000	1203	NA
48	Pulse	55	1920000	11203	NA
48	Pulse	55	1930000	21203	NA
48	Pulse	55	1940000	31203	NA
49	Pulse	55	1950000	523	NA
49	Pulse	55	1960000	10523	NA
49	Pulse	55	1970000	20523	NA
49	Pulse	55	1980000	30523	NA
49	Pulse	55	1990000	40523	NA
50	Pulse	55	2000000	9926	NA
50	Pulse	55	2010000	19926	NA
50	Pulse	55	2020000	29926	NA
50	Pulse	55	2030000	39926	NA
51	Pulse	55	2040000	9329	NA
51	Pulse	55	2050000	19329	NA
51	Pulse	55	2060000	29329	NA
51	Pulse	55	2070000	39329	NA
52	Pulse	55	2080000	8732	NA
52	Pulse	55	2090000	18732	NA
52	Pulse	55	2100000	28732	NA
52	Pulse	55	2110000	38732	NA
53	Pulse	55	2120000	8052	NA
53	Pulse	55	2130000	18052	NA
53	Pulse	55	2140000	28052	NA
53	Pulse	55	2150000	38052	NA
54	Pulse	55	2160000	7455	NA
54	Pulse	55	2170000	17455	NA
54	Pulse	55	2180000	27455	NA
54	Pulse	55	2190000	37455	NA
55	Pulse	55	2200000	6859	NA
55	Pulse	55	2210000	16859	NA
55	Pulse	55	2220000	26859	NA
55	Pulse	55	2230000	36859	NA
56	Pulse	55	2240000	6095	NA
56	Pulse	55	2250000	16095	NA
56	Pulse	55	2260000	26095	NA
56	Pulse	55	2270000	36095	NA
57	Pulse	55	2280000	5498	NA
57	Pulse	55	2290000	15498	NA
57	Pulse	55	2300000	25498	NA
57	Pulse	55	2310000	35498	NA
58	Pulse	55	2320000	4902	NA
58	Pulse	55	2330000	14902	NA
58	Pulse	55	2340000	24902	NA
58	Pulse	55	2350000	34902	NA
59	Pulse	55	2360000	4305	NA
59	Pulse	55	2370000	14305	NA
59	Pulse	55	2380000	24305	NA
59	Pulse	55	2390000	34305	NA
60	Pulse	55	2400000	3708	NA
60	Pulse	55	2410000	13708	NA
60	Pulse	55	2420000	23708	NA
60	Pulse	55	2430000	33708	NA
61	Pulse	55	2440000	3028	NA
61	Pulse	55	2450000	13028	NA
61	Pulse	55	2460000	23028	NA
61	Pulse	55	2470000	33028	NA
62	Pulse	55	2480000	2348	NA
62	Pulse	55	2490000	12348	NA
62	Pulse	55	2500000	22348	NA
62	Pulse	55	2510000	32348	NA
63	Pulse	55	2520000	1668	NA
63	Pulse	55	2530000	11668	NA
63	Pulse	55	2540000	21668	NA
63	Pulse	55	2550000	31668	NA
64	Pulse	55	2560000	1071	NA
64	Pulse	55	2570000	11071	NA
64	Pulse	55	2580000	21071	NA
64	Pulse	55	2590000	31071	NA
65	Pulse	55	2600000	391	NA
65	Pulse	55	2610000	10391	NA
65	Pulse	55	2620000	20391	NA
65	Pulse	55	2630000	30391	NA
65	Pulse	55	2640000	40391	NA
66	Pulse	55	2650000	9794	NA
66	Pulse	55	2660000	19794	NA
66	Pulse	55	2670000	29794	NA
66	Pulse	55	2680000	39794	NA
67	Pulse	55	2690000	9114	NA
67	Pulse	55	2700000	19114	NA
67	Pulse	55	2710000	29114	NA
67	Pulse	55	2720000	39114	NA
68	Pulse	55	2730000	8517	NA
68	Pulse	55	2740000	18517	NA
68	Pulse	55	2750000	28517	NA
68	Pulse	55	2760000	38517	NA
69	Pulse	55	2770000	7921	NA
69	Pulse	55	2780000	17921	NA
69	Pulse	55	2790000	27921	NA
69	Pulse	55	2800000	37921	NA
70	Pulse	55	2810000	7324	NA
70	Pulse	55	2820000	17324	NA
70	Pulse	55	2830000	27324	NA
70	Pulse	55	2840000	37324	NA
71	Pulse	55	2850000	6727	NA
71	Pulse	55	2860000	16727	NA
71	Pulse	55	2870000	26727	NA
71	Pulse	55	2880000	36727	NA
72	Pulse	55	2890000	6130	NA
72	Pulse	55	2900000	16130	NA
72	Pulse	55	2910000	26130	NA
72	Pulse	55	2920000	36130	NA
73	Pulse	55	2930000	5450	NA
73	Pulse	55	2940000	15450	NA
73	Pulse	55	2950000	25450	NA
73	Pulse	55	2960000	35450	NA
74	Pulse	55	2970000	4854	NA
74	Pulse	55	2980000	14854	NA
74	Pulse	55	2990000	24854	NA
74	Pulse	55	3000000	34854	NA
75	Pulse	55	3010000	4257	NA
75	Pulse	55	3020000	14257	NA
75	Pulse	55	3030000	24257	NA
75	Pulse	55	3040000	34257	NA
76	Pulse	55	3050000	3660	NA
76	Pulse	55	3060000	13660	NA
76	Pulse	55	3070000	23660	NA
76	Pulse	55	3080000	33660	NA
77	Pulse	55	3090000	3063	NA
77	Pulse	55	3100000	13063	NA
77	Pulse	55	3110000	23063	NA
77	Pulse	55	3120000	33063	NA
78	Pulse	55	3130000	2383	NA
78	Pulse	55	3140000	12383	NA
78	Pulse	55	3150000	22383	NA
78	Pulse	55	3160000	32383	NA
79	Pulse	55	3170000	1786	NA
79	Pulse	55	3180000	11786	NA
79	Pulse	55	3190000	21786	NA
79	Pulse	55	3200000	31786	NA
80	Pulse	55	3210000	1106	NA
80	Pulse	55	3220000	11106	NA
80	Pulse	55	3230000	21106	NA
80	Pulse	55	3240000	31106	NA
81	Pulse	55	3250000	510	NA
81	Pulse	55	3260000	10510	NA
81	Pulse	55	3270000	20510	NA
81	Pulse	55	3280000	30510	NA
81	Pulse	55	3290000	40510	NA
82	Pulse	55	3300000	9829	NA
82	Pulse	55	3310000	19829	NA
82	Pulse	55	3320000	29829	NA
82	Pulse	55	3330000	39829	NA
83	Pulse	55	3340000	9233	NA
83	Pulse	55	3350000	19233	NA
83	Pulse	55	3360000	29233	NA
83	Pulse	55	3370000	39233	NA
84	Pulse	55	3380000	8636	NA
84	Pulse	55	3390000	18636	NA
84	Pulse	55	3400000	28636	NA
84	Pulse	55	3410000	38636	NA
85	Pulse	55	3420000	8039	NA
85	Pulse	55	3430000	18039	NA
85	Pulse	55	3440000	28039	NA
85	Pulse	55	3450000	38039	NA
86	Pulse	55	3460000	7359	NA
86	Pulse	55	3470000	17359	NA
86	Pulse	55	3480000	27359	NA
86	Pulse	55	3490000	37359	NA
87	Pulse	55	3500000	6762	NA
87	Pulse	55	3510000	16762	NA
87	Pulse	55	3520000	26762	NA
87	Pulse	55	3530000	36762	NA
88	Pulse	55	3540000	6166	NA
88	Pulse	55	3550000	16166	NA
88	Pulse	55	3560000	26166	NA
88	Pulse	55	3570000	36166	NA
89	Pulse	55	3580000	5569	NA
89	Pulse	55	3590000	15569	NA
89	Pulse	55	3600000	25569	NA
89	Pulse	55	3610000	35569	NA
90	Pulse	55	3620000	4972	NA
90	Pulse	55	3630000	14972	NA
90	Pulse	55	3640000	24972	NA
90	Pulse	55	3650000	34972	NA
91	Pulse	55	3660000	4375	NA
91	Pulse	55	3670000	14375	NA
91	Pulse	55	3680000	24375	NA
91	Pulse	55	3690000	34375	NA
92	Pulse	55	3700000	3779	NA
92	Pulse	55	3710000	13779	NA
92	Pulse	55	3720000	23779	NA
92	Pulse	55	3730000	33779	NA
93	Pulse	55	3740000	3182	NA
93	Pulse	55	3750000	13182	NA
93	Pulse	55	3760000	23182	NA
93	Pulse	55	3770000	33182	NA
94	Pulse	55	3780000	2585	NA
94	Pulse	55	3790000	12585	NA
94	Pulse	55	3800000	22585	NA
94	Pulse	55	3810000	32585	NA
95	Pulse	55	3820000	1988	NA
95	Pulse	55	3830000	11988	NA
95	Pulse	55	3840000	21988	NA
95	Pulse	55	3850000	31988	NA
96	Pulse	55	3860000	1392	NA
96	Pulse	55	3870000	11392	NA
96	Pulse	55	3880000	21392	NA
96	Pulse	55	3890000	31392	NA
97	Pulse	55	3900000	795	NA
97	Pulse	55	3910000	10795	NA
97	Pulse	55	3920000	20795	NA
97	Pulse	55	3930000	30795	NA
98	Pulse	55	3940000	198	NA
98	Pulse	55	3950000	10198	NA
98	Pulse	55	3960000	20198	NA
98	Pulse	55	3970000	30198	NA
98	Pulse	55	3980000	40198	NA
99	Pulse	55	3990000	9601	NA
99	Pulse	55	4000000	19601	NA
99	Pulse	55	4010000	29601	NA
99	Pulse	55	4020000	39601	NA
100	Pulse	55	4030000	9005	NA
100	Pulse	55	4040000	19005	NA
100	Pulse	55	4050000	29005	NA
100	Pulse	55	4060000	39005	NA
101	Pulse	55	4070000	8408	NA
101	Pulse	55	4080000	18408	NA
101	Pulse	55	4090000	28408	NA
101	Pulse	55	4100000	38408	NA
102	Pulse	55	4110000	7811	NA
102	Pulse	55	4120000	17811	NA
102	Pulse	55	4130000	27811	NA
102	Pulse	55	4140000	37811	NA
103	Pulse	55	4150000	7214	NA
103	Pulse	55	4160000	17214	NA
103	Pulse	55	4170000	27214	NA
103	Pulse	55	4180000	37214	NA
104	Pulse	55	4190000	6618	NA
104	Pulse	55	4200000	16618	NA
104	Pulse	55	4210000	26618	NA
104	Pulse	55	4220000	36618	NA
105	Pulse	55	4230000	6021	NA
105	Pulse	55	4240000	16021	NA
105	Pulse	55	4250000	26021	NA
105	Pulse	55	4260000	36021	NA
106	Pulse	55	4270000	5424	NA
106	Pulse	55	4280000	15424	NA
106	Pulse	55	4290000	25424	NA
106	Pulse	55	4300000	35424	NA
107	Pulse	55	4310000	4911	NA
107	Pulse	55	4320000	14911	NA
107	Pulse	55	4330000	24911	NA
107	Pulse	55	4340000	34911	NA
108	Pulse	55	4350000	4397	NA
108	Pulse	55	4360000	14397	NA
108	Pulse	55	4370000	24397	NA
108	Pulse	55	4380000	34397	NA
109	Pulse	55	4390000	3801	NA
109	Pulse	55	4400000	13801	NA
109	Pulse	55	4410000	23801	NA
109	Pulse	55	4420000	33801	NA
110	Pulse	55	4430000	3204	NA
110	Pulse	55	4440000	13204	NA
110	Pulse	55	4450000	23204	NA
110	Pulse	55	4460000	33204	NA
111	Pulse	55	4470000	2607	NA
111	Pulse	55	4480000	12607	NA
111	Pulse	55	4490000	22607	NA
111	Pulse	55	4500000	32607	NA
112	Pulse	55	4510000	2010	NA
112	Pulse	55	4520000	12010	NA
112	Pulse	55	4530000	22010	NA
112	Pulse	55	4540000	32010	NA
113	Pulse	55	4550000	1414	NA
113	Pulse	55	4560000	11414	NA
113	Pulse	55	4570000	21414	NA
113	Pulse	55	4580000	31414	NA
114	Pulse	55	4590000	817	NA
114	Pulse	55	4600000	10817	NA
114	Pulse	55	4610000	20817	NA
114	Pulse	55	4620000	30817	NA
115	Pulse	55	4630000	304	NA
115	Pulse	55	4640000	10304	NA
115	Pulse	55	4650000	20304	NA
115	Pulse	55	4660000	30304	NA
115	Pulse	55	4670000	40304	NA
116	Pulse	55	4680000	9707	NA
116	Pulse	55	4690000	19707	NA
116	Pulse	55	4700000	29707	NA
116	Pulse	55	4710000	39707	NA
117	Pulse	55	4720000	9110	NA
117	Pulse	55	4730000	19110	NA
117	Pulse	55	4740000	29110	NA
117	Pulse	55	4750000	39110	NA
118	Pulse	55	4760000	8597	NA
118	Pulse	55	4770000	18597	NA
118	Pulse	55	4780000	28597	NA
118	Pulse	55	4790000	38597	NA
119	Pulse	55	4800000	8083	NA
119	Pulse	55	4810000	18083	NA
119	Pulse	55	4820000	28083	NA
119	Pulse	55	4830000	38083	NA
120	Pulse	55	4840000	7486	NA
120	Pulse	55	4850000	17486	NA
120	Pulse	55	4860000	27486	NA
120	Pulse	55	4870000	37486	NA
121	Pulse	55	4880000	6973	NA
121	Pulse	55	4890000	16973	NA
121	Pulse	55	4900000	26973	NA
121	Pulse	55	4910000	36973	NA
122	Pulse	55	4920000	6376	NA
122	Pulse	55	4930000	16376	NA
122	Pulse	55	4940000	26376	NA
122	Pulse	55	4950000	36376	NA
123	Pulse	55	4960000	5863	NA
123	Pulse	55	4970000	15863	NA
123	Pulse	55	4980000	25863	NA
123	Pulse	55	4990000	35863	NA
124	Pulse	55	5000000	5350	NA
124	Pulse	55	5010000	15350	NA
124	Pulse	55	5020000	25350	NA
124	Pulse	55	5030000	35350	NA
125	Pulse	55	5040000	4836	NA
125	Pulse	55	5050000	14836	NA
125	Pulse	55	5060000	24836	NA
125	Pulse	55	5070000	34836	NA
126	Pulse	55	5080000	4239	NA
126	Pulse	55	5090000	14239	NA
126	Pulse	55	5100000	24239	NA
126	Pulse	55	5110000	34239	NA
127	Pulse	55	5120000	3643	NA
127	Pulse	55	5130000	13643	NA
127	Pulse	55	5140000	23643	NA
127	Pulse	55	5150000	33643	NA
128	Pulse	55	5160000	3046	NA
128	Pulse	55	5170000	13046	NA
128	Pulse	55	5180000	23046	NA
128	Pulse	55	5190000	33046	NA
129	Pulse	55	5200000	2449	NA
129	Pulse	55	5210000	12449	NA
129	Pulse	55	5220000	22449	NA
129	Pulse	55	5230000	32449	NA
130	Pulse	55	5240000	1852	NA
130	Pulse	55	5250000	11852	NA
130	Pulse	55	5260000	21852	NA
130	Pulse	55	5270000	31852	NA
131	Pulse	55	5280000	1256	NA
131	Pulse	55	5290000	11256	NA
131	Pulse	55	5300000	21256	NA
131	Pulse	55	5310000	31256	NA
132	Pulse	55	5320000	742	NA
132	Pulse	55	5330000	10742	NA
132	Pulse	55	5340000	20742	NA
132	Pulse	55	5350000	30742	NA
133	Pulse	55	5360000	146	NA
133	Pulse	55	5370000	10146	NA
133	Pulse	55	5380000	20146	NA
133	Pulse	55	5390000	30146	NA
133	Pulse	55	5400000	40146	NA
134	Pulse	55	5410000	9549	NA
134	Pulse	55	5420000	19549	NA
134	Pulse	55	5430000	29549	NA
134	Pulse	55	5440000	39549	NA
135	Pulse	55	5450000	8952	NA
135	Pulse	55	5460000	18952	NA
135	Pulse	55	5470000	28952	NA
135	Pulse	55	5480000	38952	NA
136	Pulse	55	5490000	8355	NA
136	Pulse	55	5500000	18355	NA
136	Pulse	55	5510000	28355	NA
136	Pulse	55	5520000	38355	NA
137	Pulse	55	5530000	7759	NA
137	Pulse	55	5540000	17759	NA
137	Pulse	55	5550000	27759	NA
137	Pulse	55	5560000	37759	NA
138	Pulse	55	5570000	7245	NA
138	Pulse	55	5580000	17245	NA
138	Pulse	55	5590000	27245	NA
138	Pulse	55	5600000	37245	NA
139	Pulse	55	5610000	6648	NA
139	Pulse	55	5620000	16648	NA
139	Pulse	55	5630000	26648	NA
139	Pulse	55	5640000	36648	NA
140	Pulse	55	5650000	6052	NA
140	Pulse	55	5660000	16052	NA
140	Pulse	55	5670000	26052	NA
140	Pulse	55	5680000	36052	NA
141	Pulse	55	5690000	5538	NA
141	Pulse	55	5700000	15538	NA
141	Pulse	55	5710000	25538	NA
141	Pulse	55	5720000	35538	NA
142	Pulse	55	5730000	4942	NA
142	Pulse	55	5740000	14942	NA
142	Pulse	55	5750000	24942	NA
142	Pulse	55	5760000	34942	NA
143	Pulse	55	5770000	4345	NA
143	Pulse	55	5780000	14345	NA
143	Pulse	55	5790000	24345	NA
143	Pulse	55	5800000	34345	NA
144	Pulse	55	5810000	3831	NA
144	Pulse	55	5820000	13831	NA
144	Pulse	55	5830000	23831	NA
144	Pulse	55	5840000	33831	NA
145	Pulse	55	5850000	3318	NA
145	Pulse	55	5860000	13318	NA
145	Pulse	55	5870000	23318	NA
145	Pulse	55	5880000	33318	NA
146	Pulse	55	5890000	2721	NA
146	Pulse	55	5900000	12721	NA
146	Pulse	55	5910000	22721	NA
146	Pulse	55	5920000	32721	NA
147	Pulse	55	5930000	2125	NA
147	Pulse	55	5940000	12125	NA
147	Pulse	55	5950000	22125	NA
147	Pulse	55	5960000	32125	NA
148	Pulse	55	5970000	1528	NA
148	Pulse	55	5980000	11528	NA
148	Pulse	55	5990000	21528	NA
148	Pulse	55	6000000	31528	NA
149	Pulse	55	6010000	931	NA
149	Pulse	55	6020000	10931	NA
149	Pulse	55	6030000	20931	NA
149	Pulse	55	6040000	30931	NA
150	Pulse	55	6050000	334	NA
150	Pulse	55	6060000	10334	NA
150	Pulse	55	6070000	20334	NA
150	Pulse	55	6080000	30334	NA
150	Pulse	55	6090000	40334	NA
151	Pulse	55	6100000	9738	NA
151	Pulse	55	6110000	19738	NA
151	Pulse	55	6120000	29738	NA
151	Pulse	55	6130000	39738	NA
152	Pulse	55	6140000	9141	NA
152	Pulse	55	6150000	19141	NA
152	Pulse	55	6160000	29141	NA
152	Pulse	55	6170000	39141	NA
153	Pulse	55	6180000	8627	NA
153	Pulse	55	6190000	18627	NA
153	Pulse	55	6200000	28627	NA
153	Pulse	55	6210000	38627	NA
154	Pulse	55	6220000	8114	NA
154	Pulse	55	6230000	18114	NA
154	Pulse	55	6240000	28114	NA
154	Pulse	55	6250000	38114	NA
155	Pulse	55	6260000	7684	NA
155	Pulse	55	6270000	17684	NA
155	Pulse	55	6280000	27684	NA
155	Pulse	55	6290000	37684	NA
156	Pulse	55	6300000	7171	NA
156	Pulse	55	6310000	17171	NA
156	Pulse	55	6320000	27171	NA
156	Pulse	55	6330000	37171	NA
157	Pulse	55	6340000	6657	NA
157	Pulse	55	6350000	16657	NA
157	Pulse	55	6360000	26657	NA
157	Pulse	55	6370000	36657	NA
158	Pulse	55	6380000	6144	NA
158	Pulse	55	6390000	16144	NA
158	Pulse	55	6400000	26144	NA
158	Pulse	55	6410000	36144	NA
159	Pulse	55	6420000	5547	NA
159	Pulse	55	6430000	15547	NA
159	Pulse	55	6440000	25547	NA
159	Pulse	55	6450000	35547	NA
160	Pulse	55	6460000	4950	NA
160	Pulse	55	6470000	14950	NA
160	Pulse	55	6480000	24950	NA
160	Pulse	55	6490000	34950	NA
161	Pulse	55	6500000	4354	NA
161	Pulse	55	6510000	14354	NA
161	Pulse	55	6520000	24354	NA
161	Pulse	55	6530000	34354	NA
162	Pulse	55	6540000	3840	NA
162	Pulse	55	6550000	13840	NA
162	Pulse	55	6560000	23840	NA
162	Pulse	55	6570000	33840	NA
163	Pulse	55	6580000	3243	NA
163	Pulse	55	6590000	13243	NA
163	Pulse	55	6600000	23243	NA
163	Pulse	55	6610000	33243	NA
164	Pulse	55	6620000	2647	NA
164	Pulse	55	6630000	12647	NA
164	Pulse	55	6640000	22647	NA
164	Pulse	55	6650000	32647	NA
165	Pulse	55	6660000	2050	NA
165	Pulse	55	6670000	12050	NA
165	Pulse	55	6680000	22050	NA
165	Pulse	55	6690000	32050	NA
166	Pulse	55	6700000	1453	NA
166	Pulse	55	6710000	11453	NA
166	Pulse	55	6720000	21453	NA
166	Pulse	55	6730000	31453	NA
167	Pulse	55	6740000	773	NA
167	Pulse	55	6750000	10773	NA
167	Pulse	55	6760000	20773	NA
167	Pulse	55	6770000	30773	NA
168	Pulse	55	6780000	176	NA
168	Pulse	55	6790000	10176	NA
168	Pulse	55	6800000	20176	NA
168	Pulse	55	6810000	30176	NA
168	Pulse	55	6820000	40176	NA
169	Pulse	55	6830000	9663	NA
169	Pulse	55	6840000	19663	NA
169	Pulse	55	6850000	29663	NA
169	Pulse	55	6860000	39663	NA
170	Pulse	55	6870000	9066	NA
170	Pulse	55	6880000	19066	NA
170	Pulse	55	6890000	29066	NA
170	Pulse	55	6900000	39066	NA
171	Pulse	55	6910000	8553	NA
171	Pulse	55	6920000	18553	NA
171	Pulse	55	6930000	28553	NA
171	Pulse	55	6940000	38553	NA
172	Pulse	55	6950000	8039	NA
172	Pulse	55	6960000	18039	NA
172	Pulse	55	6970000	28039	NA
172	Pulse	55	6980000	38039	NA
173	Pulse	55	6990000	7443	NA
173	Pulse	55	7000000	17443	NA
173	Pulse	55	7010000	27443	NA
173	Pulse	55	7020000	37443	NA
174	Pulse	55	7030000	7013	NA
174	Pulse	55	7040000	17013	NA
174	Pulse	55	7050000	27013	NA
174	Pulse	55	7060000	37013	NA
175	Pulse	55	7070000	6499	NA
175	Pulse	55	7080000	16499	NA
175	Pulse	55	7090000	26499	NA
175	Pulse	55	7100000	36499	NA
176	Pulse	55	7110000	5902	NA
176	Pulse	55	7120000	15902	NA
176	Pulse	55	7130000	25902	NA
176	Pulse	55	7140000	35902	NA
177	Pulse	55	7150000	5306	NA
177	Pulse	55	7160000	15306	NA
177	Pulse	55	7170000	25306	NA
177	Pulse	55	7180000	35306	NA
178	Pulse	55	7190000	4709	NA
178	Pulse	55	7200000	14709	NA
178	Pulse	55	7210000	24709	NA
178	Pulse	55	7220000	34709	NA
179	Pulse	55	7230000	4195	NA
179	Pulse	55	7240000	14195	NA
179	Pulse	55	7250000	24195	NA
179	Pulse	55	7260000	34195	NA
180	Pulse	55	7270000	3599	NA
180	Pulse	55	7280000	13599	NA
180	Pulse	55	7290000	23599	NA
180	Pulse	55	7300000	33599	NA
181	Pulse	55	7310000	3002	NA
181	Pulse	55	7320000	13002	NA
181	Pulse	55	7330000	23002	NA
181	Pulse	55	7340000	33002	NA
182	Pulse	55	7350000	2405	NA
182	Pulse	55	7360000	12405	NA
182	Pulse	55	7370000	22405	NA
182	Pulse	55	7380000	32405	NA
183	Pulse	55	7390000	1808	NA
183	Pulse	55	7400000	11808	NA
183	Pulse	55	7410000	21808	NA
183	Pulse	55	7420000	31808	NA
184	Pulse	55	7430000	1212	NA
184	Pulse	55	7440000	11212	NA
184	Pulse	55	7450000	21212	NA
184	Pulse	55	7460000	31212	NA
185	Pulse	55	7470000	698	NA
185	Pulse	55	7480000	10698	NA
185	Pulse	55	7490000	20698	NA
185	Pulse	55	7500000	30698	NA
186	Pulse	55	7510000	102	NA
186	Pulse	55	7520000	10102	NA
186	Pulse	55	7530000	20102	NA
186	Pulse	55	7540000	30102	NA
186	Pulse	55	7550000	40102	NA
187	Pulse	55	7560000	9421	NA
187	Pulse	55	7570000	19421	NA
187	Pulse	55	7580000	29421	NA
187	Pulse	55	7590000	39421	NA
188	Pulse	55	7600000	8825	NA
188	Pulse	55	7610000	18825	NA
188	Pulse	55	7620000	28825	NA
188	Pulse	55	7630000	38825	NA
189	Pulse	55	7640000	8228	NA
189	Pulse	55	7650000	18228	NA
189	Pulse	55	7660000	28228	NA
189	Pulse	55	7670000	38228	NA
190	Pulse	55	7680000	7631	NA
190	Pulse	55	7690000	17631	NA
190	Pulse	55	7700000	27631	NA
190	Pulse	55	7710000	37631	NA
191	Pulse	55	7720000	7034	NA
191	Pulse	55	7730000	17034	NA
191	Pulse	55	7740000	27034	NA
191	Pulse	55	7750000	37034	NA
192	Pulse	55	7760000	6438	NA
192	Pulse	55	7770000	16438	NA
192	Pulse	55	7780000	26438	NA
192	Pulse	55	7790000	36438	NA
193	Pulse	55	7800000	5841	NA
193	Pulse	55	7810000	15841	NA
193	Pulse	55	7820000	25841	NA
193	Pulse	55	7830000	35841	NA
194	Pulse	55	7840000	5244	NA
194	Pulse	55	7850000	15244	NA
194	Pulse	55	7860000	25244	NA
194	Pulse	55	7870000	35244	NA
195	Pulse	55	7880000	4647	NA
195	Pulse	55	7890000	14647	NA
195	Pulse	55	7900000	24647	NA
195	Pulse	55	7910000	34647	NA
196	Pulse	55	7920000	4051	NA
196	Pulse	55	7930000	14051	NA
196	Pulse	55	7940000	24051	NA
196	Pulse	55	7950000	34051	NA
197	Pulse	55	7960000	3537	NA
197	Pulse	55	7970000	13537	NA
197	Pulse	55	7980000	23537	NA
197	Pulse	55	7990000	33537	NA
198	Pulse	55	8000000	3024	NA
198	Pulse	55	8010000	13024	NA
198	Pulse	55	8020000	23024	NA
198	Pulse	55	8030000	33024	NA
199	Pulse	55	8040000	2427	NA
199	Pulse	55	8050000	12427	NA
199	Pulse	55	8060000	22427	NA
199	Pulse	55	8070000	32427	NA
200	Pulse	55	8080000	1830	NA
200	Pulse	55	8090000	11830	NA
200	Pulse	55	8100000	21830	NA
200	Pulse	55	8110000	31830	NA
201	Pulse	55	8120000	1317	NA
201	Pulse	55	8130000	11317	NA
201	Pulse	55	8140000	21317	NA
201	Pulse	55	8150000	31317	NA
202	Pulse	55	8160000	804	NA
202	Pulse	55	8170000	10804	NA
202	Pulse	55	8180000	20804	NA
202	Pulse	55	8190000	30804	NA
203	Pulse	55	8200000	290	NA
203	Pulse	55	8210000	10290	NA
203	Pulse	55	8220000	20290	NA
203	Pulse	55	8230000	30290	NA
203	Pulse	55	8240000	40290	NA
204	Pulse	55	8250000	9694	NA
204	Pulse	55	8260000	19694	NA
204	Pulse	55	8270000	29694	NA
204	Pulse	55	8280000	39694	NA
205	Pulse	55	8290000	9097	NA
205	Pulse	55	8300000	19097	NA
205	Pulse	55	8310000	29097	NA
205	Pulse	55	8320000	39097	NA
206	Pulse	55	8330000	8500	NA
206	Pulse	55	8340000	18500	NA
206	Pulse	55	8350000	28500	NA
206	Pulse	55	8360000	38500	NA
207	Pulse	55	8370000	7987	NA
207	Pulse	55	8380000	17987	NA
207	Pulse	55	8390000	27987	NA
207	Pulse	55	8400000	37987	NA
208	Pulse	55	8410000	7473	NA
208	Pulse	55	8420000	17473	NA
208	Pulse	55	8430000	27473	NA
208	Pulse	55	8440000	37473	NA
209	Pulse	55	8450000	6877	NA
209	Pulse	55	8460000	16877	NA
209	Pulse	55	8470000	26877	NA
209	Pulse	55	8480000	36877	NA
210	Pulse	55	8490000	6363	NA
210	Pulse	55	8500000	16363	NA
210	Pulse	55	8510000	26363	NA
210	Pulse	55	8520000	36363	NA
211	Pulse	55	8530000	5933	NA
211	Pulse	55	8540000	15933	NA
211	Pulse	55	8550000	25933	NA
211	Pulse	55	8560000	35933	NA
212	Pulse	55	8570000	5420	NA
212	Pulse	55	8580000	15420	NA
212	Pulse	55	8590000	25420	NA
212	Pulse	55	8600000	35420	NA
213	Pulse	55	8610000	4906	NA
213	Pulse	55	8620000	14906	NA
213	Pulse	55	8630000	24906	NA
213	Pulse	55	8640000	34906	NA
214	Pulse	55	8650000	4310	NA
214	Pulse	55	8660000	14310	NA
214	Pulse	55	8670000	24310	NA
214	Pulse	55	8680000	34310	NA
215	Pulse	55	8690000	3713	NA
215	Pulse	55	8700000	13713	NA
215	Pulse	55	8710000	23713	NA
215	Pulse	55	8720000	33713	NA
216	Pulse	55	8730000	3199	NA
216	Pulse	55	8740000	13199	NA
216	Pulse	55	8750000	23199	NA
216	Pulse	55	8760000	33199	NA
217	Pulse	55	8770000	2853	NA
217	Pulse	55	8780000	12853	NA
217	Pulse	55	8790000	22853	NA
217	Pulse	55	8800000	32853	NA
218	Pulse	55	8810000	2256	NA
218	Pulse	55	8820000	12256	NA
218	Pulse	55	8830000	22256	NA
218	Pulse	55	8840000	32256	NA
219	Pulse	55	8850000	1743	NA
219	Pulse	55	8860000	11743	NA
219	Pulse	55	8870000	21743	NA
219	Pulse	55	8880000	31743	NA
220	Pulse	55	8890000	1146	NA
220	Pulse	55	8900000	11146	NA
220	Pulse	55	8910000	21146	NA
220	Pulse	55	8920000	31146	NA
221	Pulse	55	8930000	549	NA
221	Pulse	55	8940000	10549	NA
221	Pulse	55	8950000	20549	NA
221	Pulse	55	8960000	30549	NA
222	Pulse	55	8970000	119	NA
222	Pulse	55	8980000	10119	NA
222	Pulse	55	8990000	20119	NA
222	Pulse	55	9000000	30119	NA
222	Pulse	55	9010000	40119	NA
223	Pulse	55	9020000	9606	NA
223	Pulse	55	9030000	19606	NA
223	Pulse	55	9040000	29606	NA
223	Pulse	55	9050000	39606	NA
224	Pulse	55	9060000	9009	NA
224	Pulse	55	9070000	19009	NA
224	Pulse	55	9080000	29009	NA
224	Pulse	55	9090000	39009	NA
225	Pulse	55	9100000	8579	NA
225	Pulse	55	9110000	18579	NA
225	Pulse	55	9120000	28579	NA
225	Pulse	55	9130000	38579	NA
226	Pulse	55	9140000	8066	NA
226	Pulse	55	9150000	18066	NA
226	Pulse	55	9160000	28066	NA
226	Pulse	55	9170000	38066	NA
227	Pulse	55	9180000	7552	NA
227	Pulse	55	9190000	17552	NA
227	Pulse	55	9200000	27552	NA
227	Pulse	55	9210000	37552	NA
228	Pulse	55	9220000	6955	NA
228	Pulse	55	9230000	16955	NA
228	Pulse	55	9240000	26955	NA
228	Pulse	55	9250000	36955	NA
229	Pulse	55	9260000	6359	NA
229	Pulse	55	9270000	16359	NA
229	Pulse	55	9280000	26359	NA
229	Pulse	55	9290000	36359	NA
230	Pulse	55	9300000	5762	NA
230	Pulse	55	9310000	15762	NA
230	Pulse	55	9320000	25762	NA
230	Pulse	55	9330000	35762	NA
231	Pulse	55	9340000	5249	NA
231	Pulse	55	9350000	15249	NA
231	Pulse	55	9360000	25249	NA
231	Pulse	55	9370000	35249	NA
232	Pulse	55	9380000	4652	NA
232	Pulse	55	9390000	14652	NA
232	Pulse	55	9400000	24652	NA
232	Pulse	55	9410000	34652	NA
233	Pulse	55	9420000	4055	NA
233	Pulse	55	9430000	14055	NA
233	Pulse	55	9440000	24055	NA
233	Pulse	55	9450000	34055	NA
234	Pulse	55	9460000	3458	NA
234	Pulse	55	9470000	13458	NA
234	Pulse	55	9480000	23458	NA
234	Pulse	55	9490000	33458	NA
235	Pulse	55	9500000	2862	NA
235	Pulse	55	9510000	12862	NA
235	Pulse	55	9520000	22862	NA
235	Pulse	55	9530000	32862	NA
236	Pulse	55	9540000	2265	NA
236	Pulse	55	9550000	12265	NA
236	Pulse	55	9560000	22265	NA
236	Pulse	55	9570000	32265	NA
237	Pulse	55	9580000	1668	NA
237	Pulse	55	9590000	11668	NA
237	Pulse	55	9600000	21668	NA
237	Pulse	55	9610000	31668	NA
238	Pulse	55	9620000	1071	NA
238	Pulse	55	9630000	11071	NA
238	Pulse	55	9640000	21071	NA
238	Pulse	55	9650000	31071	NA
239	Pulse	55	9660000	558	NA
239	Pulse	55	9670000	10558	NA
239	Pulse	55	9680000	20558	NA
239	Pulse	55	9690000	30558	NA
239	Pulse	55	9700000	40558	NA
240	Pulse	55	9710000	9961	NA
240	Pulse	55	9720000	19961	NA
240	Pulse	55	9730000	29961	NA
240	Pulse	55	9740000	39961	NA
241	Pulse	55	9750000	9448	NA
241	Pulse	55	9760000	19448	NA
241	Pulse	55	9770000	29448	NA
241	Pulse	55	9780000	39448	NA
242	Pulse	55	9790000	8851	NA
242	Pulse	55	9800000	18851	NA
242	Pulse	55	9810000	28851	NA
242	Pulse	55	9820000	38851	NA
243	Pulse	55	9830000	8254	NA
243	Pulse	55	9840000	18254	NA
243	Pulse	55	9850000	28254	NA
243	Pulse	55	9860000	38254	NA
244	Pulse	55	9870000	7657	NA
244	Pulse	55	9880000	17657	NA
244	Pulse	55	9890000	27657	NA
244	Pulse	55	9900000	37657	NA
245	Pulse	55	9910000	7144	NA
245	Pulse	55	9920000	17144	NA
245	Pulse	55	9930000	27144	NA
245	Pulse	55	9940000	37144	NA
246	Pulse	55	9950000	6547	NA
246	Pulse	55	9960000	16547	NA
246	Pulse	55	9970000	26547	NA
246	Pulse	55	9980000	36547	NA
247	Pulse	55	9990000	5951	NA
247	Pulse	55	10000000	15951	NA
247	Pulse	55	10010000	25951	NA
247	Pulse	55	10020000	35951	NA
248	Pulse	55	10030000	5354	NA
248	Pulse	55	10040000	15354	NA
248	Pulse	55	10050000	25354	NA
248	Pulse	55	10060000	35354	NA
249	Pulse	55	10070000	4757	NA
249	Pulse	55	10080000	14757	NA
249	Pulse	55	10090000	24757	NA
249	Pulse	55	10100000	34757	NA
250	Pulse	55	10110000	4160	NA
250	Pulse	55	10120000	14160	NA
250	Pulse	55	10130000	24160	NA
250	Pulse	55	10140000	34160	NA
251	Pulse	55	10150000	3564	NA
251	Pulse	55	10160000	13564	NA
251	Pulse	55	10170000	23564	NA
251	Pulse	55	10180000	33564	NA
252	Pulse	55	10190000	2967	NA
252	Pulse	55	10200000	12967	NA
252	Pulse	55	10210000	22967	NA
252	Pulse	55	10220000	32967	NA
253	Pulse	55	10230000	2370	NA
253	Pulse	55	10240000	12370	NA
253	Pulse	55	10250000	22370	NA
253	Pulse	55	10260000	32370	NA
254	Pulse	55	10270000	1773	NA
254	Pulse	55	10280000	11773	NA
254	Pulse	55	10290000	21773	NA
254	Pulse	55	10300000	31773	NA
255	Pulse	55	10310000	1260	NA
255	Pulse	55	10320000	11260	NA
255	Pulse	55	10330000	21260	NA
255	Pulse	55	10340000	31260	NA
256	Pulse	55	10350000	747	NA
256	Pulse	55	10360000	10747	NA
256	Pulse	55	10370000	20747	NA
256	Pulse	55	10380000	30747	NA
257	Pulse	55	10390000	233	NA
257	Pulse	55	10400000	10233	NA
257	Pulse	55	10410000	20233	NA
257	Pulse	55	10420000	30233	NA
257	Pulse	55	10430000	40233	NA
258	Pulse	55	10440000	9636	NA
258	Pulse	55	10450000	19636	NA
258	Pulse	55	10460000	29636	NA
258	Pulse	55	10470000	39636	NA
259	Pulse	55	10480000	9040	NA
259	Pulse	55	10490000	19040	NA
259	Pulse	55	10500000	29040	NA
259	Pulse	55	10510000	39040	NA
260	Pulse	55	10520000	8443	NA
260	Pulse	55	10530000	18443	NA
260	Pulse	55	10540000	28443	NA
260	Pulse	55	10550000	38443	NA
261	Pulse	55	10560000	7846	NA
261	Pulse	55	10570000	17846	NA
261	Pulse	55	10580000	27846	NA
261	Pulse	55	10590000	37846	NA
262	Pulse	55	10600000	7249	NA
262	Pulse	55	10610000	17249	NA
262	Pulse	55	10620000	27249	NA
262	Pulse	55	10630000	37249	NA
263	Pulse	55	10640000	6736	NA
263	Pulse	55	10650000	16736	NA
263	Pulse	55	10660000	26736	NA
263	Pulse	55	10670000	36736	NA
264	Pulse	55	10680000	6139	NA
264	Pulse	55	10690000	16139	NA
264	Pulse	55	10700000	26139	NA
264	Pulse	55	10710000	36139	NA
265	Pulse	55	10720000	5543	NA
265	Pulse	55	10730000	15543	NA
265	Pulse	55	10740000	25543	NA
265	Pulse	55	10750000	35543	NA
266	Pulse	55	10760000	4946	NA
266	Pulse	55	10770000	14946	NA
266	Pulse	55	10780000	24946	NA
266	Pulse	55	10790000	34946	NA
267	Pulse	55	10800000	4432	NA
267	Pulse	55	10810000	14432	NA
267	Pulse	55	10820000	24432	NA
267	Pulse	55	10830000	34432	NA
268	Pulse	55	10840000	3836	NA
268	Pulse	55	10850000	13836	NA
268	Pulse	55	10860000	23836	NA
268	Pulse	55	10870000	33836	NA
269	Pulse	55	10880000	3239	NA
269	Pulse	55	10890000	13239	NA
269	Pulse	55	10900000	23239	NA
269	Pulse	55	10910000	33239	NA
270	Pulse	55	10920000	2642	NA
270	Pulse	55	10930000	12642	NA
270	Pulse	55	10940000	22642	NA
270	Pulse	55	10950000	32642	NA
271	Pulse	55	10960000	2045	NA
271	Pulse	55	10970000	12045	NA
271	Pulse	55	10980000	22045	NA
271	Pulse	55	10990000	32045	NA
272	Pulse	55	11000000	1449	NA
272	Pulse	55	11010000	11449	NA
272	Pulse	55	11020000	21449	NA
272	Pulse	55	11030000	31449	NA
273	Pulse	55	11040000	852	NA
273	Pulse	55	11050000	10852	NA
273	Pulse	55	11060000	20852	NA
273	Pulse	55	11070000	30852	NA
274	Pulse	55	11080000	255	NA
274	Pulse	55	11090000	10255	NA
274	Pulse	55	11100000	20255	NA
274	Pulse	55	11110000	30255	NA
274	Pulse	55	11120000	40255	NA
275	Pulse	55	11130000	9658	NA
275	Pulse	55	11140000	19658	NA
275	Pulse	55	11150000	29658	NA
275	Pulse	55	11160000	39658	NA
276	Pulse	55	11170000	9062	NA
276	Pulse	55	11180000	19062	NA
276	Pulse	55	11190000	29062	NA
276	Pulse	55	11200000	39062	NA
277	Pulse	55	11210000	8465	NA
277	Pulse	55	11220000	18465	NA
277	Pulse	55	11230000	28465	NA
277	Pulse	55	11240000	38465	NA
278	Pulse	55	11250000	7868	NA
278	Pulse	55	11260000	17868	NA
278	Pulse	55	11270000	27868	NA
278	Pulse	55	11280000	37868	NA
279	Pulse	55	11290000	7271	NA
279	Pulse	55	11300000	17271	NA
279	Pulse	55	11310000	27271	NA
279	Pulse	55	11320000	37271	NA
280	Pulse	55	11330000	6675	NA
280	Pulse	55	11340000	16675	NA
280	Pulse	55	11350000	26675	NA
280	Pulse	55	11360000	36675	NA
281	Pulse	55	11370000	6078	NA
281	Pulse	55	11380000	16078	NA
281	Pulse	55	11390000	26078	NA
281	Pulse	55	11400000	36078	NA
282	Pulse	55	11410000	5481	NA
282	Pulse	55	11420000	15481	NA
282	Pulse	55	11430000	25481	NA
282	Pulse	55	11440000	35481	NA
283	Pulse	55	11450000	4801	NA
283	Pulse	55	11460000	14801	NA
283	Pulse	55	11470000	24801	NA
283	Pulse	55	11480000	34801	NA
284	Pulse	55	11490000	4204	NA
284	Pulse	55	11500000	14204	NA
284	Pulse	55	11510000	24204	NA
284	Pulse	55	11520000	34204	NA
285	Pulse	55	11530000	3608	NA
285	Pulse	55	11540000	13608	NA
285	Pulse	55	11550000	23608	NA
285	Pulse	55	11560000	33608	NA
286	Pulse	55	11570000	3011	NA
286	Pulse	55	11580000	13011	NA
286	Pulse	55	11590000	23011	NA
286	Pulse	55	11600000	33011	NA
287	Pulse	55	11610000	2331	NA
287	Pulse	55	11620000	12331	NA
287	Pulse	55	11630000	22331	NA
287	Pulse	55	11640000	32331	NA
288	Pulse	55	11650000	1734	NA
288	Pulse	55	11660000	11734	NA
288	Pulse	55	11670000	21734	NA
288	Pulse	55	11680000	31734	NA
289	Pulse	55	11690000	1137	NA
289	Pulse	55	11700000	11137	NA
289	Pulse	55	11710000	21137	NA
289	Pulse	55	11720000	31137	NA
290	Pulse	55	11730000	540	NA
290	Pulse	55	11740000	10540	NA
290	Pulse	55	11750000	20540	NA
290	Pulse	55	11760000	30540	NA
290	Pulse	55	11770000	40540	NA
291	Pulse	55	11780000	9860	NA
291	Pulse	55	11790000	19860	NA
291	Pulse	55	11800000	29860	NA
291	Pulse	55	11810000	39860	NA
292	Pulse	55	11820000	9264	NA
292	Pulse	55	11830000	19264	NA
292	Pulse	55	11840000	29264	NA
292	Pulse	55	11850000	39264	NA
293	Pulse	55	11860000	8667	NA
293	Pulse	55	11870000	18667	NA
293	Pulse	55	11880000	28667	NA
293	Pulse	55	11890000	38667	NA
294	Pulse	55	11900000	7903	NA
294	Pulse	55	11910000	17903	NA
294	Pulse	55	11920000	27903	NA
294	Pulse	55	11930000	37903	NA
295	Pulse	55	11940000	7307	NA
295	Pulse	55	11950000	17307	NA
295	Pulse	55	11960000	27307	NA
295	Pulse	55	11970000	37307	NA
296	Pulse	55	11980000	6710	NA
296	Pulse	55	11990000	16710	NA
296	Pulse	55	12000000	26710	NA
296	Pulse	55	12010000	36710	NA
297	Pulse	55	12020000	6113	NA
297	Pulse	55	12030000	16113	NA
297	Pulse	55	12040000	26113	NA
297	Pulse	55	12050000	36113	NA
298	Pulse	55	12060000	5433	NA
298	Pulse	55	12070000	15433	NA
298	Pulse	55	12080000	25433	NA
298	Pulse	55	12090000	35433	NA
299	Pulse	55	12100000	4836	NA
299	Pulse	55	12110000	14836	NA
299	Pulse	55	12120000	24836	NA
299	Pulse	55	12130000	34836	NA
300	Pulse	55	12140000	4239	NA
300	Pulse	55	12150000	14239	NA
300	Pulse	55	12160000	24239	NA
300	Pulse	55	12170000	34239	NA
301	Pulse	55	12180000	3559	NA
301	Pulse	55	12190000	13559	NA
301	Pulse	55	12200000	23559	NA
301	Pulse	55	12210000	33559	NA
302	Pulse	55	12220000	2963	NA
302	Pulse	55	12230000	12963	NA
302	Pulse	55	12240000	22963	NA
302	Pulse	55	12250000	32963	NA
303	Pulse	55	12260000	2366	NA
303	Pulse	55	12270000	12366	NA
303	Pulse	55	12280000	22366	NA
303	Pulse	55	12290000	32366	NA
304	Pulse	55	12300000	1769	NA
304	Pulse	55	12310000	11769	NA
304	Pulse	55	12320000	21769	NA
304	Pulse	55	12330000	31769	NA
305	Pulse	55	12340000	1172	NA
305	Pulse	55	12350000	11172	NA
305	Pulse	55	12360000	21172	NA
305	Pulse	55	12370000	31172	NA
306	Pulse	55	12380000	576	NA
306	Pulse	55	12390000	10576	NA
306	Pulse	55	12400000	20576	NA
306	Pulse	55	12410000	30576	NA
306	Pulse	55	12420000	40576	NA
307	Pulse	55	12430000	9979	NA
307	Pulse	55	12440000	19979	NA
307	Pulse	55	12450000	29979	NA
307	Pulse	55	12460000	39979	NA
308	Pulse	55	12470000	9299	NA
308	Pulse	55	12480000	19299	NA
308	Pulse	55	12490000	29299	NA
308	Pulse	55	12500000	39299	NA
309	Pulse	55	12510000	8702	NA
309	Pulse	55	12520000	18702	NA
309	Pulse	55	12530000	28702	NA
309	Pulse	55	12540000	38702	NA
310	Pulse	55	12550000	8022	NA
310	Pulse	55	12560000	18022	NA
310	Pulse	55	12570000	28022	NA
310	Pulse	55	12580000	38022	NA
311	Pulse	55	12590000	7425	NA
311	Pulse	55	12600000	17425	NA
311	Pulse	55	12610000	27425	NA
311	Pulse	55	12620000	37425	NA
312	Pulse	55	12630000	6745	NA
312	Pulse	55	12640000	16745	NA
312	Pulse	55	12650000	26745	NA
312	Pulse	55	12660000	36745	NA
313	Pulse	55	12670000	6148	NA
313	Pulse	55	12680000	16148	NA
313	Pulse	55	12690000	26148	NA
313	Pulse	55	12700000	36148	NA
314	Pulse	55	12710000	5551	NA
314	Pulse	55	12720000	15551	NA
314	Pulse	55	12730000	25551	NA
314	Pulse	55	12740000	35551	NA
315	Pulse	55	12750000	4955	NA
315	Pulse	55	12760000	14955	NA
315	Pulse	55	12770000	24955	NA
315	Pulse	55	12780000	34955	NA
316	Pulse	55	12790000	4358	NA
316	Pulse	55	12800000	14358	NA
316	Pulse	55	12810000	24358	NA
316	Pulse	55	12820000	34358	NA
317	Pulse	55	12830000	3761	NA
317	Pulse	55	12840000	13761	NA
317	Pulse	55	12850000	23761	NA
317	Pulse	55	12860000	33761	NA
318	Pulse	55	12870000	3081	NA
318	Pulse	55	12880000	13081	NA
318	Pulse	55	12890000	23081	NA
318	Pulse	55	12900000	33081	NA
319	Pulse	55	12910000	2484	NA
319	Pulse	55	12920000	12484	NA
319	Pulse	55	12930000	22484	NA
319	Pulse	55	12940000	32484	NA
320	Pulse	55	12950000	1888	NA
320	Pulse	55	12960000	11888	NA
320	Pulse	55	12970000	21888	NA
320	Pulse	55	12980000	31888	NA
321	Pulse	55	12990000	1291	NA
321	Pulse	55	13000000	11291	NA
321	Pulse	55	13010000	21291	NA
321	Pulse	55	13020000	31291	NA
322	Pulse	55	13030000	694	NA
322	Pulse	55	13040000	10694	NA
322	Pulse	55	13050000	20694	NA
322	Pulse	55	13060000	30694	NA
323	Pulse	55	13070000	97	NA
323	Pulse	55	13080000	10097	NA
323	Pulse	55	13090000	20097	NA
323	Pulse	55	13100000	30097	NA
323	Pulse	55	13110000	40097	NA
324	Pulse	55	13120000	9501	NA
324	Pulse	55	13130000	19501	NA
324	Pulse	55	13140000	29501	NA
324	Pulse	55	13150000	39501	NA
325	Pulse	55	13160000	8904	NA
325	Pulse	55	13170000	18904	NA
325	Pulse	55	13180000	28904	NA
325	Pulse	55	13190000	38904	NA
326	Pulse	55	13200000	8307	NA
326	Pulse	55	13210000	18307	NA
326	Pulse	55	13220000	28307	NA
326	Pulse	55	13230000	38307	NA
327	Pulse	55	13240000	7627	NA
327	Pulse	55	13250000	17627	NA
327	Pulse	55	13260000	27627	NA
327	Pulse	55	13270000	37627	NA
328	Pulse	55	13280000	7030	NA
328	Pulse	55	13290000	17030	NA
328	Pulse	55	13300000	27030	NA
328	Pulse	55	13310000	37030	NA
329	Pulse	55	13320000	6433	NA
329	Pulse	55	13330000	16433	NA
329	Pulse	55	13340000	26433	NA
329	Pulse	55	13350000	36433	NA
330	Pulse	55	13360000	5837	NA
330	Pulse	55	13370000	15837	NA
330	Pulse	55	13380000	25837	NA
330	Pulse	55	13390000	35837	NA
331	Pulse	55	13400000	5240	NA
331	Pulse	55	13410000	15240	NA
331	Pulse	55	13420000	25240	NA
331	Pulse	55	13430000	35240	NA
332	Pulse	55	13440000	4643	NA
332	Pulse	55	13450000	14643	NA
332	Pulse	55	13460000	24643	NA
332	Pulse	55	13470000	34643	NA
333	Pulse	55	13480000	4047	NA
333	Pulse	55	13490000	14047	NA
333	Pulse	55	13500000	24047	NA
333	Pulse	55	13510000	34047	NA
334	Pulse	55	13520000	3450	NA
334	Pulse	55	13530000	13450	NA
334	Pulse	55	13540000	23450	NA
334	Pulse	55	13550000	33450	NA
335	Pulse	55	13560000	2853	NA
335	Pulse	55	13570000	12853	NA
335	Pulse	55	13580000	22853	NA
335	Pulse	55	13590000	32853	NA
336	Pulse	55	13600000	2256	NA
336	Pulse	55	13610000	12256	NA
336	Pulse	55	13620000	22256	NA
336	Pulse	55	13630000	32256	NA
337	Pulse	55	13640000	1660	NA
337	Pulse	55	13650000	11660	NA
337	Pulse	55	13660000	21660	NA
337	Pulse	55	13670000	31660	NA
338	Pulse	55	13680000	1063	NA
338	Pulse	55	13690000	11063	NA
338	Pulse	55	13700000	21063	NA
338	Pulse	55	13710000	31063	NA
339	Pulse	55	13720000	466	NA
339	Pulse	55	13730000	10466	NA
339	Pulse	55	13740000	20466	NA
339	Pulse	55	13750000	30466	NA
339	Pulse	55	13760000	40466	NA
340	Pulse	55	13770000	9869	NA
340	Pulse	55	13780000	19869	NA
340	Pulse	55	13790000	29869	NA
340	Pulse	55	13800000	39869	NA
341	Pulse	55	13810000	9273	NA
341	Pulse	55	13820000	19273	NA
341	Pulse	55	13830000	29273	NA
341	Pulse	55	13840000	39273	NA
342	Pulse	55	13850000	8676	NA
342	Pulse	55	13860000	18676	NA
342	Pulse	55	13870000	28676	NA
342	Pulse	55	13880000	38676	NA
343	Pulse	55	13890000	8079	NA
343	Pulse	55	13900000	18079	NA
343	Pulse	55	13910000	28079	NA
343	Response	1	13918345	36424	1
343	Pulse	55	13920000	38079	NA
344	Pulse	55	13930000	7982	NA
344	Pulse	55	13940000	17982	NA
345	Pulse	55	13950000	7892	NA
345	Pulse	55	13960000	17892	NA
345	Pulse	55	13970000	27892	NA
345	Pulse	55	13980000	37892	NA
345	Pulse	55	13990000	47892	NA
345	Pulse	55	14000000	57892	NA
345	Pulse	55	14010000	67892	NA
345	Pulse	55	14020000	77892	NA
345	Pulse	55	14030000	87892	NA
345	Pulse	55	14040000	97892	NA
345	Pulse	55	14050000	107892	NA
345	Pulse	55	14060000	117892	NA
345	Pulse	55	14070000	127892	NA
345	Pulse	55	14080000	137892	NA
345	Pulse	55	14090000	147892	NA
345	Pulse	55	14100000	157892	NA
345	Pulse	55	14110000	167892	NA
345	Pulse	55	14120000	177892	NA
345	Pulse	55	14130000	187892	NA
345	Pulse	55	14140000	197892	NA
345	Pulse	55	14150000	207892	NA
345	Pulse	55	14160000	217892	NA
345	Pulse	55	14170000	227892	NA
345	Pulse	55	14180000	237892	NA
345	Pulse	55	14190000	247892	NA
345	Pulse	55	14200000	257892	NA
345	Pulse	55	14210000	267892	NA
345	Response	1	14212744	270636	1
345	Pulse	55	14220000	277892	NA
345	Pulse	55	14230000	287892	NA
346	Pulse	55	14240000	9964	NA
346	Pulse	55	14250000	19964	NA
346	Pulse	55	14260000	29964	NA
346	Pulse	55	14270000	39964	NA
346	Pulse	55	14280000	49964	NA
346	Pulse	55	14290000	59964	NA
346	Pulse	55	14300000	69964	NA
346	Pulse	55	14310000	79964	NA
346	Pulse	55	14320000	89964	NA
346	Pulse	55	14330000	99964	NA
346	Pulse	55	14340000	109964	NA
346	Pulse	55	14350000	119964	NA
346	Pulse	55	14360000	129964	NA
346	Pulse	55	14370000	139964	NA
346	Pulse	55	14380000	149964	NA
346	Pulse	55	14390000	159964	NA
346	Pulse	55	14400000	169964	NA
346	Pulse	55	14410000	179964	NA
346	Pulse	55	14420000	189964	NA
346	Pulse	55	14430000	199964	NA
346	Pulse	55	14440000	209964	NA
346	Pulse	55	14450000	219964	NA
346	Pulse	55	14460000	229964	NA
346	Pulse	55	14470000	239964	NA
346	Pulse	55	14480000	249964	NA
346	Pulse	55	14490000	259964	NA
346	Pulse	55	14500000	269964	NA
346	Pulse	55	14510000	279964	NA
346	Pulse	55	14520000	289964	NA
346	Pulse	55	14530000	299964	NA
346	Pulse	55	14540000	309964	NA
346	Pulse	55	14550000	319964	NA
346	Pulse	55	14560000	329964	NA
346	Pulse	55	14570000	339964	NA
346	Pulse	55	14580000	349964	NA
346	Pulse	55	14590000	359964	NA
346	Pulse	55	14600000	369964	NA
346	Pulse	55	14610000	379964	NA
346	Pulse	55	14620000	389964	NA
346	Pulse	55	14630000	399964	NA
346	Pulse	55	14640000	409964	NA
346	Pulse	55	14650000	419964	NA
346	Pulse	55	14660000	429964	NA
346	Pulse	55	14670000	439964	NA
346	Pulse	55	14680000	449964	NA
346	Pulse	55	14690000	459964	NA
346	Pulse	55	14700000	469964	NA
346	Pulse	55	14710000	479964	NA
346	Pulse	55	14720000	489964	NA
346	Pulse	55	14730000	499964	NA
346	Pulse	55	14740000	509964	NA
346	Pulse	55	14750000	519964	NA
346	Pulse	55	14760000	529964	NA
346	Pulse	55	14770000	539964	NA
346	Pulse	55	14780000	549964	NA
346	Pulse	55	14790000	559964	NA
346	Pulse	55	14800000	569964	NA
346	Pulse	55	14810000	579964	NA
346	Pulse	55	14820000	589964	NA
346	Pulse	55	14830000	599964	NA
346	Pulse	55	14840000	609964	NA
346	Pulse	55	14850000	619964	NA
346	Pulse	55	14860000	629964	NA
346	Pulse	55	14870000	639964	NA
346	Pulse	55	14880000	649964	NA
346	Pulse	55	14890000	659964	NA
346	Pulse	55	14900000	669964	NA
346	Pulse	55	14910000	679964	NA
346	Pulse	55	14920000	689964	NA
346	Pulse	55	14930000	699964	NA
346	Pulse	55	14940000	709964	NA
346	Pulse	55	14950000	719964	NA
346	Pulse	55	14960000	729964	NA
346	Pulse	55	14970000	739964	NA
346	Pulse	55	14980000	749964	NA
346	Pulse	55	14990000	759964	NA
346	Pulse	55	15000000	769964	NA
346	Pulse	55	15010000	779964	NA
346	Pulse	55	15020000	789964	NA
346	Pulse	55	15030000	799964	NA
346	Pulse	55	15040000	809964	NA
346	Pulse	55	15050000	819964	NA
346	Pulse	55	15060000	829964	NA
346	Pulse	55	15070000	839964	NA
346	Pulse	55	15080000	849964	NA
346	Pulse	55	15090000	859964	NA
346	Pulse	55	15100000	869964	NA
346	Pulse	55	15110000	879964	NA
346	Pulse	55	15120000	889964	NA
346	Pulse	55	15130000	899964	NA
346	Pulse	55	15140000	909964	NA
346	Pulse	55	15150000	919964	NA
346	Pulse	55	15160000	929964	NA
346	Pulse	55	15170000	939964	NA
346	Pulse	55	15180000	949964	NA
346	Pulse	55	15190000	959964	NA
346	Pulse	55	15200000	969964	NA
346	Pulse	55	15210000	979964	NA
346	Pulse	55	15220000	989964	NA
346	Pulse	55	15230000	999964	NA
346	Pulse	55	15240000	1009964	NA
346	Pulse	55	15250000	1019964	NA
346	Pulse	55	15260000	1029964	NA
346	Pulse	55	15270000	1039964	NA
346	Pulse	55	15280000	1049964	NA
346	Pulse	55	15290000	1059964	NA
346	Pulse	55	15300000	1069964	NA
346	Pulse	55	15310000	1079964	NA
346	Pulse	55	15320000	1089964	NA
346	Pulse	55	15330000	1099964	NA
346	Pulse	55	15340000	1109964	NA
346	Pulse	55	15350000	1119964	NA
346	Pulse	55	15360000	1129964	NA
346	Pulse	55	15370000	1139964	NA
346	Pulse	55	15380000	1149964	NA
346	Pulse	55	15390000	1159964	NA
346	Pulse	55	15400000	1169964	NA
346	Pulse	55	15410000	1179964	NA
346	Pulse	55	15420000	1189964	NA
346	Pulse	55	15430000	1199964	NA
346	Pulse	55	15440000	1209964	NA
346	Pulse	55	15450000	1219964	NA
346	Pulse	55	15460000	1229964	NA
346	Pulse	55	15470000	1239964	NA
346	Pulse	55	15480000	1249964	NA
346	Pulse	55	15490000	1259964	NA
346	Pulse	55	15500000	1269964	NA
346	Pulse	55	15510000	1279964	NA
346	Pulse	55	15520000	1289964	NA
346	Pulse	55	15530000	1299964	NA
346	Pulse	55	15540000	1309964	NA
346	Pulse	55	15550000	1319964	NA
346	Pulse	55	15560000	1329964	NA
346	Pulse	55	15570000	1339964	NA
346	Pulse	55	15580000	1349964	NA
346	Pulse	55	15590000	1359964	NA
346	Pulse	55	15600000	1369964	NA
346	Pulse	55	15610000	1379964	NA
346	Pulse	55	15620000	1389964	NA
346	Pulse	55	15630000	1399964	NA
346	Pulse	55	15640000	1409964	NA
346	Pulse	55	15650000	1419964	NA
346	Pulse	55	15660000	1429964	NA
346	Pulse	55	15670000	1439964	NA
346	Pulse	55	15680000	1449964	NA
346	Pulse	55	15690000	1459964	NA
346	Pulse	55	15700000	1469964	NA
346	Pulse	55	15710000	1479964	NA
346	Pulse	55	15720000	1489964	NA
346	Pulse	55	15730000	1499964	NA
346	Pulse	55	15740000	1509964	NA
346	Pulse	55	15750000	1519964	NA
346	Pulse	55	15760000	1529964	NA
346	Pulse	55	15770000	1539964	NA
346	Pulse	55	15780000	1549964	NA
346	Pulse	55	15790000	1559964	NA
346	Pulse	55	15800000	1569964	NA
346	Pulse	55	15810000	1579964	NA
346	Pulse	55	15820000	1589964	NA
346	Pulse	55	15830000	1599964	NA
346	Pulse	55	15840000	1609964	NA
346	Pulse	55	15850000	1619964	NA
346	Pulse	55	15860000	1629964	NA
346	Pulse	55	15870000	1639964	NA
346	Pulse	55	15880000	1649964	NA
346	Pulse	55	15890000	1659964	NA
346	Pulse	55	15900000	1669964	NA
346	Pulse	55	15910000	1679964	NA
346	Pulse	55	15920000	1689964	NA
346	Pulse	55	15930000	1699964	NA
346	Pulse	55	15940000	1709964	NA
346	Pulse	55	15950000	1719964	NA
346	Pulse	55	15960000	1729964	NA
346	Pulse	55	15970000	1739964	NA
346	Pulse	55	15980000	1749964	NA
346	Pulse	55	15990000	1759964	NA
346	Pulse	55	16000000	1769964	NA
346	Pulse	55	16010000	1779964	NA
346	Pulse	55	16020000	1789964	NA
346	Pulse	55	16030000	1799964	NA
346	Pulse	55	16040000	1809964	NA
346	Pulse	55	16050000	1819964	NA
346	Pulse	55	16060000	1829964	NA
346	Pulse	55	16070000	1839964	NA
346	Pulse	55	16080000	1849964	NA
346	Pulse	55	16090000	1859964	NA
346	Pulse	55	16100000	1869964	NA
346	Pulse	55	16110000	1879964	NA
346	Pulse	55	16120000	1889964	NA
346	Pulse	55	16130000	1899964	NA
346	Pulse	55	16140000	1909964	NA
346	Pulse	55	16150000	1919964	NA
346	Pulse	55	16160000	1929964	NA
346	Pulse	55	16170000	1939964	NA
346	Pulse	55	16180000	1949964	NA
346	Pulse	55	16190000	1959964	NA
346	Pulse	55	16200000	1969964	NA
346	Pulse	55	16210000	1979964	NA
346	Pulse	55	16220000	1989964	NA
346	Pulse	55	16230000	1999964	NA
346	Pulse	55	16240000	2009964	NA
346	Pulse	55	16250000	2019964	NA
346	Pulse	55	16260000	2029964	NA
346	Pulse	55	16270000	2039964	NA
346	Pulse	55	16280000	2049964	NA
346	Pulse	55	16290000	2059964	NA
346	Pulse	55	16300000	2069964	NA
346	Pulse	55	16310000	2079964	NA
346	Pulse	55	16320000	2089964	NA
346	Pulse	55	16330000	2099964	NA
346	Pulse	55	16340000	2109964	NA
346	Pulse	55	16350000	2119964	NA
346	Pulse	55	16360000	2129964	NA
346	Pulse	55	16370000	2139964	NA
346	Pulse	55	16380000	2149964	NA
346	Pulse	55	16390000	2159964	NA
346	Pulse	55	16400000	2169964	NA
346	Pulse	55	16410000	2179964	NA
346	Pulse	55	16420000	2189964	NA
346	Pulse	55	16430000	2199964	NA
346	Pulse	55	16440000	2209964	NA
346	Pulse	55	16450000	2219964	NA
346	Pulse	55	16460000	2229964	NA
346	Pulse	55	16470000	2239964	NA
346	Pulse	55	16480000	2249964	NA
346	Pulse	55	16490000	2259964	NA
346	Pulse	55	16500000	2269964	NA
346	Pulse	55	16510000	2279964	NA
346	Pulse	55	16520000	2289964	NA
346	Pulse	55	16530000	2299964	NA
346	Pulse	55	16540000	2309964	NA
346	Pulse	55	16550000	2319964	NA
346	Pulse	55	16560000	2329964	NA
346	Pulse	55	16570000	2339964	NA
346	Pulse	55	16580000	2349964	NA
346	Pulse	55	16590000	2359964	NA
346	Pulse	55	16600000	2369964	NA
346	Pulse	55	16610000	2379964	NA
346	Pulse	55	16620000	2389964	NA
346	Pulse	55	16630000	2399964	NA
346	Pulse	55	16640000	2409964	NA
346	Pulse	55	16650000	2419964	NA
346	Pulse	55	16660000	2429964	NA
346	Pulse	55	16670000	2439964	NA
346	Pulse	55	16680000	2449964	NA
346	Pulse	55	16690000	2459964	NA
346	Pulse	55	16700000	2469964	NA
346	Pulse	55	16710000	2479964	NA
346	Pulse	55	16720000	2489964	NA
346	Pulse	55	16730000	2499964	NA
346	Pulse	55	16740000	2509964	NA
346	Pulse	55	16750000	2519964	NA
346	Pulse	55	16760000	2529964	NA
346	Pulse	55	16770000	2539964	NA
346	Pulse	55	16780000	2549964	NA
346	Pulse	55	16790000	2559964	NA
346	Pulse	55	16800000	2569964	NA
346	Pulse	55	16810000	2579964	NA
346	Pulse	55	16820000	2589964	NA
346	Pulse	55	16830000	2599964	NA
346	Pulse	55	16840000	2609964	NA
346	Pulse	55	16850000	2619964	NA
346	Pulse	55	16860000	2629964	NA
346	Pulse	55	16870000	2639964	NA
346	Pulse	55	16880000	2649964	NA
346	Pulse	55	16890000	2659964	NA
346	Pulse	55	16900000	2669964	NA
346	Pulse	55	16910000	2679964	NA
346	Pulse	55	16920000	2689964	NA
346	Pulse	55	16930000	2699964	NA
346	Pulse	55	16940000	2709964	NA
346	Pulse	55	16950000	2719964	NA
346	Pulse	55	16960000	2729964	NA
346	Pulse	55	16970000	2739964	NA
346	Pulse	55	16980000	2749964	NA
346	Pulse	55	16990000	2759964	NA
346	Pulse	55	17000000	2769964	NA
346	Pulse	55	17010000	2779964	NA
346	Pulse	55	17020000	2789964	NA
346	Pulse	55	17030000	2799964	NA
346	Pulse	55	17040000	2809964	NA
346	Pulse	55	17050000	2819964	NA
346	Pulse	55	17060000	2829964	NA
346	Pulse	55	17070000	2839964	NA
346	Pulse	55	17080000	2849964	NA
346	Pulse	55	17090000	2859964	NA
346	Pulse	55	17100000	2869964	NA
346	Pulse	55	17110000	2879964	NA
346	Pulse	55	17120000	2889964	NA
346	Pulse	55	17130000	2899964	NA
346	Pulse	55	17140000	2909964	NA
346	Pulse	55	17150000	2919964	NA
346	Pulse	55	17160000	2929964	NA
346	Pulse	55	17170000	2939964	NA
346	Pulse	55	17180000	2949964	NA
346	Pulse	55	17190000	2959964	NA
346	Pulse	55	17200000	2969964	NA
346	Pulse	55	17210000	2979964	NA
346	Pulse	55	17220000	2989964	NA
346	Pulse	55	17230000	2999964	NA
346	Pulse	55	17240000	3009964	NA
346	Pulse	55	17250000	3019964	NA
346	Pulse	55	17260000	3029964	NA
346	Pulse	55	17270000	3039964	NA
346	Pulse	55	17280000	3049964	NA
346	Pulse	55	17290000	3059964	NA
346	Pulse	55	17300000	3069964	NA
346	Pulse	55	17310000	3079964	NA
346	Pulse	55	17320000	3089964	NA
346	Pulse	55	17330000	3099964	NA
346	Pulse	55	17340000	3109964	NA
346	Pulse	55	17350000	3119964	NA
346	Pulse	55	17360000	3129964	NA
346	Pulse	55	17370000	3139964	NA
346	Pulse	55	17380000	3149964	NA
346	Pulse	55	17390000	3159964	NA
346	Pulse	55	17400000	3169964	NA
346	Pulse	55	17410000	3179964	NA
346	Pulse	55	17420000	3189964	NA
346	Pulse	55	17430000	3199964	NA
346	Pulse	55	17440000	3209964	NA
346	Pulse	55	17450000	3219964	NA
346	Pulse	55	17460000	3229964	NA
346	Pulse	55	17470000	3239964	NA
346	Pulse	55	17480000	3249964	NA
346	Pulse	55	17490000	3259964	NA
346	Pulse	55	17500000	3269964	NA
346	Pulse	55	17510000	3279964	NA
346	Pulse	55	17520000	3289964	NA
346	Pulse	55	17530000	3299964	NA
346	Pulse	55	17540000	3309964	NA
346	Pulse	55	17550000	3319964	NA
346	Pulse	55	17560000	3329964	NA
346	Pulse	55	17570000	3339964	NA
346	Pulse	55	17580000	3349964	NA
346	Pulse	55	17590000	3359964	NA
346	Pulse	55	17600000	3369964	NA
346	Pulse	55	17610000	3379964	NA
346	Pulse	55	17620000	3389964	NA
346	Pulse	55	17630000	3399964	NA
346	Pulse	55	17640000	3409964	NA
346	Pulse	55	17650000	3419964	NA
346	Pulse	55	17660000	3429964	NA
346	Pulse	55	17670000	3439964	NA
346	Pulse	55	17680000	3449964	NA
346	Pulse	55	17690000	3459964	NA
346	Pulse	55	17700000	3469964	NA
346	Pulse	55	17710000	3479964	NA
346	Pulse	55	17720000	3489964	NA
346	Pulse	55	17730000	3499964	NA
346	Pulse	55	17740000	3509964	NA
346	Pulse	55	17750000	3519964	NA
346	Pulse	55	17760000	3529964	NA
346	Pulse	55	17770000	3539964	NA
346	Pulse	55	17780000	3549964	NA
346	Pulse	55	17790000	3559964	NA
346	Pulse	55	17800000	3569964	NA
346	Pulse	55	17810000	3579964	NA
346	Pulse	55	17820000	3589964	NA
346	Pulse	55	17830000	3599964	NA
346	Pulse	55	17840000	3609964	NA
346	Pulse	55	17850000	3619964	NA
346	Pulse	55	17860000	3629964	NA
346	Pulse	55	17870000	3639964	NA
346	Pulse	55	17880000	3649964	NA
346	Pulse	55	17890000	3659964	NA
346	Pulse	55	17900000	3669964	NA
346	Pulse	55	17910000	3679964	NA
346	Pulse	55	17920000	3689964	NA
346	Pulse	55	17930000	3699964	NA
346	Pulse	55	17940000	3709964	NA
346	Pulse	55	17950000	3719964	NA
346	Pulse	55	17960000	3729964	NA
346	Pulse	55	17970000	3739964	NA
346	Pulse	55	17980000	3749964	NA
346	Pulse	55	17990000	3759964	NA
346	Pulse	55	18000000	3769964	NA
346	Pulse	55	18010000	3779964	NA
346	Pulse	55	18020000	3789964	NA
346	Pulse	55	18030000	3799964	NA
346	Pulse	55	18040000	3809964	NA
346	Pulse	55	18050000	3819964	NA
346	Pulse	55	18060000	3829964	NA
346	Pulse	55	18070000	3839964	NA
346	Pulse	55	18080000	3849964	NA
346	Pulse	55	18090000	3859964	NA
346	Pulse	55	18100000	3869964	NA
346	Pulse	55	18110000	3879964	NA
346	Pulse	55	18120000	3889964	NA
346	Pulse	55	18130000	3899964	NA
346	Pulse	55	18140000	3909964	NA
346	Pulse	55	18150000	3919964	NA
346	Pulse	55	18160000	3929964	NA
346	Pulse	55	18170000	3939964	NA
346	Pulse	55	18180000	3949964	NA
346	Pulse	55	18190000	3959964	NA
346	Pulse	55	18200000	3969964	NA
346	Pulse	55	18210000	3979964	NA
346	Pulse	55	18220000	3989964	NA
346	Pulse	55	18230000	3999964	NA
346	Pulse	55	18240000	4009964	NA
346	Pulse	55	18250000	4019964	NA
346	Pulse	55	18260000	4029964	NA
346	Pulse	55	18270000	4039964	NA
346	Pulse	55	18280000	4049964	NA
346	Pulse	55	18290000	4059964	NA
346	Pulse	55	18300000	4069964	NA
346	Pulse	55	18310000	4079964	NA
346	Pulse	55	18320000	4089964	NA
346	Pulse	55	18330000	4099964	NA
346	Pulse	55	18340000	4109964	NA
346	Pulse	55	18350000	4119964	NA
346	Pulse	55	18360000	4129964	NA
346	Pulse	55	18370000	4139964	NA
346	Pulse	55	18380000	4149964	NA
346	Pulse	55	18390000	4159964	NA
346	Pulse	55	18400000	4169964	NA
346	Pulse	55	18410000	4179964	NA
346	Pulse	55	18420000	4189964	NA
346	Pulse	55	18430000	4199964	NA
346	Pulse	55	18440000	4209964	NA
346	Pulse	55	18450000	4219964	NA
346	Pulse	55	18460000	4229964	NA
346	Pulse	55	18470000	4239964	NA
346	Pulse	55	18480000	4249964	NA
346	Pulse	55	18490000	4259964	NA
346	Pulse	55	18500000	4269964	NA
346	Pulse	55	18510000	4279964	NA
346	Pulse	55	18520000	4289964	NA
346	Pulse	55	18530000	4299964	NA
346	Pulse	55	18540000	4309964	NA
346	Pulse	55	18550000	4319964	NA
346	Pulse	55	18560000	4329964	NA
346	Pulse	55	18570000	4339964	NA
346	Pulse	55	18580000	4349964	NA
346	Pulse	55	18590000	4359964	NA
346	Pulse	55	18600000	4369964	NA
346	Pulse	55	18610000	4379964	NA
346	Pulse	55	18620000	4389964	NA
346	Pulse	55	18630000	4399964	NA
346	Pulse	55	18640000	4409964	NA
346	Pulse	55	18650000	4419964	NA
346	Pulse	55	18660000	4429964	NA
346	Pulse	55	18670000	4439964	NA
346	Pulse	55	18680000	4449964	NA
346	Pulse	55	18690000	4459964	NA
346	Pulse	55	18700000	4469964	NA
346	Pulse	55	18710000	4479964	NA
346	Pulse	55	18720000	4489964	NA
346	Pulse	55	18730000	4499964	NA
346	Pulse	55	18740000	4509964	NA
346	Pulse	55	18750000	4519964	NA
346	Pulse	55	18760000	4529964	NA
346	Pulse	55	18770000	4539964	NA
346	Pulse	55	18780000	4549964	NA
346	Pulse	55	18790000	4559964	NA
346	Pulse	55	18800000	4569964	NA
346	Pulse	55	18810000	4579964	NA
346	Pulse	55	18820000	4589964	NA
346	Pulse	55	18830000	4599964	NA
346	Pulse	55	18840000	4609964	NA
346	Pulse	55	18850000	4619964	NA
346	Pulse	55	18860000	4629964	NA
346	Pulse	55	18870000	4639964	NA
346	Pulse	55	18880000	4649964	NA
346	Pulse	55	18890000	4659964	NA
346	Pulse	55	18900000	4669964	NA
346	Pulse	55	18910000	4679964	NA
346	Pulse	55	18920000	4689964	NA
346	Pulse	55	18930000	4699964	NA
346	Pulse	55	18940000	4709964	NA
346	Pulse	55	18950000	4719964	NA
346	Pulse	55	18960000	4729964	NA
346	Pulse	55	18970000	4739964	NA
346	Pulse	55	18980000	4749964	NA
346	Pulse	55	18990000	4759964	NA
346	Pulse	55	19000000	4769964	NA
346	Pulse	55	19010000	4779964	NA
346	Pulse	55	19020000	4789964	NA
346	Pulse	55	19030000	4799964	NA
346	Pulse	55	19040000	4809964	NA
346	Pulse	55	19050000	4819964	NA
346	Pulse	55	19060000	4829964	NA
346	Pulse	55	19070000	4839964	NA
346	Pulse	55	19080000	4849964	NA
346	Pulse	55	19090000	4859964	NA
346	Pulse	55	19100000	4869964	NA
346	Pulse	55	19110000	4879964	NA
346	Pulse	55	19120000	4889964	NA
346	Pulse	55	19130000	4899964	NA
346	Pulse	55	19140000	4909964	NA
346	Pulse	55	19150000	4919964	NA
346	Pulse	55	19160000	4929964	NA
346	Pulse	55	19170000	4939964	NA
346	Pulse	55	19180000	4949964	NA
346	Pulse	55	19190000	4959964	NA
346	Pulse	55	19200000	4969964	NA
346	Pulse	55	19210000	4979964	NA
346	Pulse	55	19220000	4989964	NA
346	Response	1	19223308	4993272	1
347	Pulse	55	19230000	6647	NA
347	Pulse	55	19240000	16647	NA
347	Pulse	55	19250000	26647	NA
347	Pulse	55	19260000	36647	NA
347	Pulse	55	19270000	46647	NA
347	Pulse	55	19280000	56647	NA
347	Pulse	55	19290000	66647	NA
347	Pulse	55	19300000	76647	NA
347	Pulse	55	19310000	86647	NA
347	Pulse	55	19320000	96647	NA
347	Pulse	55	19330000	106647	NA
347	Pulse	55	19340000	116647	NA
347	Pulse	55	19350000	126647	NA
347	Pulse	55	19360000	136647	NA
347	Pulse	55	19370000	146647	NA
347	Pulse	55	19380000	156647	NA
347	Pulse	55	19390000	166647	NA
347	Pulse	55	19400000	176647	NA
347	Pulse	55	19410000	186647	NA
347	Pulse	55	19420000	196647	NA
347	Pulse	55	19430000	206647	NA
347	Pulse	55	19440000	216647	NA
347	Pulse	55	19450000	226647	NA
347	Pulse	55	19460000	236647	NA
347	Pulse	55	19470000	246647	NA
347	Pulse	55	19480000	256647	NA
347	Pulse	55	19490000	266647	NA
347	Pulse	55	19500000	276647	NA
347	Pulse	55	19510000	286647	NA
347	Response	1	19511386	288033	1
