Scenario - Slideshow_D2.sce
Logfile written - 09/10/2021 08:38:38

Trial	Event Type	Code	Time	TTime	Uncertainty	Duration	Uncertainty	ReqTime	ReqDur	Stim Type	Pair Index

0	Pulse	55	0	0	NA
1	Pulse	55	10000	9333	NA
1	Pulse	55	20000	19333	NA
1	Pulse	55	30000	29333	NA
1	Pulse	55	40000	39333	NA
2	Pulse	55	50000	8736	NA
2	Pulse	55	60000	18736	NA
2	Pulse	55	70000	28736	NA
2	Pulse	55	80000	38736	NA
3	Pulse	55	90000	8140	NA
3	Pulse	55	100000	18140	NA
3	Pulse	55	110000	28140	NA
3	Pulse	55	120000	38140	NA
4	Pulse	55	130000	7543	NA
4	Pulse	55	140000	17543	NA
4	Pulse	55	150000	27543	NA
4	Pulse	55	160000	37543	NA
5	Pulse	55	170000	6946	NA
5	Pulse	55	180000	16946	NA
5	Pulse	55	190000	26946	NA
5	Pulse	55	200000	36946	NA
6	Pulse	55	210000	6349	NA
6	Pulse	55	220000	16349	NA
6	Pulse	55	230000	26349	NA
6	Pulse	55	240000	36349	NA
7	Pulse	55	250000	5752	NA
7	Pulse	55	260000	15752	NA
7	Pulse	55	270000	25752	NA
7	Pulse	55	280000	35752	NA
8	Pulse	55	290000	5156	NA
8	Pulse	55	300000	15156	NA
8	Pulse	55	310000	25156	NA
8	Pulse	55	320000	35156	NA
9	Pulse	55	330000	4559	NA
9	Pulse	55	340000	14559	NA
9	Pulse	55	350000	24559	NA
9	Pulse	55	360000	34559	NA
10	Pulse	55	370000	4045	NA
10	Pulse	55	380000	14045	NA
10	Pulse	55	390000	24045	NA
10	Pulse	55	400000	34045	NA
11	Pulse	55	410000	3532	NA
11	Pulse	55	420000	13532	NA
11	Pulse	55	430000	23532	NA
11	Pulse	55	440000	33532	NA
12	Pulse	55	450000	2935	NA
12	Pulse	55	460000	12935	NA
12	Pulse	55	470000	22935	NA
12	Pulse	55	480000	32935	NA
13	Pulse	55	490000	2338	NA
13	Pulse	55	500000	12338	NA
13	Pulse	55	510000	22338	NA
13	Pulse	55	520000	32338	NA
14	Pulse	55	530000	1741	NA
14	Pulse	55	540000	11741	NA
14	Pulse	55	550000	21741	NA
14	Pulse	55	560000	31741	NA
15	Pulse	55	570000	1145	NA
15	Pulse	55	580000	11145	NA
15	Pulse	55	590000	21145	NA
15	Pulse	55	600000	31145	NA
16	Pulse	55	610000	548	NA
16	Pulse	55	620000	10548	NA
16	Pulse	55	630000	20548	NA
16	Pulse	55	640000	30548	NA
16	Pulse	55	650000	40548	NA
17	Pulse	55	660000	9951	NA
17	Pulse	55	670000	19951	NA
17	Pulse	55	680000	29951	NA
17	Pulse	55	690000	39951	NA
18	Pulse	55	700000	9354	NA
18	Pulse	55	710000	19354	NA
18	Pulse	55	720000	29354	NA
18	Pulse	55	730000	39354	NA
19	Pulse	55	740000	8757	NA
19	Pulse	55	750000	18757	NA
19	Pulse	55	760000	28757	NA
19	Pulse	55	770000	38757	NA
20	Pulse	55	780000	8161	NA
20	Pulse	55	790000	18161	NA
20	Pulse	55	800000	28161	NA
20	Pulse	55	810000	38161	NA
21	Pulse	55	820000	7564	NA
21	Pulse	55	830000	17564	NA
21	Pulse	55	840000	27564	NA
21	Pulse	55	850000	37564	NA
22	Pulse	55	860000	6967	NA
22	Pulse	55	870000	16967	NA
22	Pulse	55	880000	26967	NA
22	Pulse	55	890000	36967	NA
23	Pulse	55	900000	6370	NA
23	Pulse	55	910000	16370	NA
23	Pulse	55	920000	26370	NA
23	Pulse	55	930000	36370	NA
24	Pulse	55	940000	5773	NA
24	Pulse	55	950000	15773	NA
24	Pulse	55	960000	25773	NA
24	Pulse	55	970000	35773	NA
25	Pulse	55	980000	5177	NA
25	Pulse	55	990000	15177	NA
25	Pulse	55	1000000	25177	NA
25	Pulse	55	1010000	35177	NA
26	Pulse	55	1020000	4580	NA
26	Pulse	55	1030000	14580	NA
26	Pulse	55	1040000	24580	NA
26	Pulse	55	1050000	34580	NA
27	Pulse	55	1060000	3983	NA
27	Pulse	55	1070000	13983	NA
27	Pulse	55	1080000	23983	NA
27	Pulse	55	1090000	33983	NA
28	Pulse	55	1100000	3386	NA
28	Pulse	55	1110000	13386	NA
28	Pulse	55	1120000	23386	NA
28	Pulse	55	1130000	33386	NA
29	Pulse	55	1140000	2706	NA
29	Pulse	55	1150000	12706	NA
29	Pulse	55	1160000	22706	NA
29	Pulse	55	1170000	32706	NA
30	Pulse	55	1180000	2109	NA
30	Pulse	55	1190000	12109	NA
30	Pulse	55	1200000	22109	NA
30	Pulse	55	1210000	32109	NA
31	Pulse	55	1220000	1512	NA
31	Pulse	55	1230000	11512	NA
31	Pulse	55	1240000	21512	NA
31	Pulse	55	1250000	31512	NA
32	Pulse	55	1260000	916	NA
32	Pulse	55	1270000	10916	NA
32	Pulse	55	1280000	20916	NA
32	Pulse	55	1290000	30916	NA
33	Pulse	55	1300000	319	NA
33	Pulse	55	1310000	10319	NA
33	Pulse	55	1320000	20319	NA
33	Pulse	55	1330000	30319	NA
33	Pulse	55	1340000	40319	NA
34	Pulse	55	1350000	9722	NA
34	Pulse	55	1360000	19722	NA
34	Pulse	55	1370000	29722	NA
34	Pulse	55	1380000	39722	NA
35	Pulse	55	1390000	9125	NA
35	Pulse	55	1400000	19125	NA
35	Pulse	55	1410000	29125	NA
35	Pulse	55	1420000	39125	NA
36	Pulse	55	1430000	8528	NA
36	Pulse	55	1440000	18528	NA
36	Pulse	55	1450000	28528	NA
36	Pulse	55	1460000	38528	NA
37	Pulse	55	1470000	7932	NA
37	Pulse	55	1480000	17932	NA
37	Pulse	55	1490000	27932	NA
37	Pulse	55	1500000	37932	NA
38	Pulse	55	1510000	7168	NA
38	Pulse	55	1520000	17168	NA
38	Pulse	55	1530000	27168	NA
38	Pulse	55	1540000	37168	NA
39	Pulse	55	1550000	6571	NA
39	Pulse	55	1560000	16571	NA
39	Pulse	55	1570000	26571	NA
39	Pulse	55	1580000	36571	NA
40	Pulse	55	1590000	5974	NA
40	Pulse	55	1600000	15974	NA
40	Pulse	55	1610000	25974	NA
40	Pulse	55	1620000	35974	NA
41	Pulse	55	1630000	5294	NA
41	Pulse	55	1640000	15294	NA
41	Pulse	55	1650000	25294	NA
41	Pulse	55	1660000	35294	NA
42	Pulse	55	1670000	4614	NA
42	Pulse	55	1680000	14614	NA
42	Pulse	55	1690000	24614	NA
42	Pulse	55	1700000	34614	NA
43	Pulse	55	1710000	4017	NA
43	Pulse	55	1720000	14017	NA
43	Pulse	55	1730000	24017	NA
43	Pulse	55	1740000	34017	NA
44	Pulse	55	1750000	3337	NA
44	Pulse	55	1760000	13337	NA
44	Pulse	55	1770000	23337	NA
44	Pulse	55	1780000	33337	NA
45	Pulse	55	1790000	2740	NA
45	Pulse	55	1800000	12740	NA
45	Pulse	55	1810000	22740	NA
45	Pulse	55	1820000	32740	NA
46	Pulse	55	1830000	2060	NA
46	Pulse	55	1840000	12060	NA
46	Pulse	55	1850000	22060	NA
46	Pulse	55	1860000	32060	NA
47	Pulse	55	1870000	1463	NA
47	Pulse	55	1880000	11463	NA
47	Pulse	55	1890000	21463	NA
47	Pulse	55	1900000	31463	NA
48	Pulse	55	1910000	867	NA
48	Pulse	55	1920000	10867	NA
48	Pulse	55	1930000	20867	NA
48	Pulse	55	1940000	30867	NA
49	Pulse	55	1950000	186	NA
49	Pulse	55	1960000	10186	NA
49	Pulse	55	1970000	20186	NA
49	Pulse	55	1980000	30186	NA
49	Pulse	55	1990000	40186	NA
50	Pulse	55	2000000	9590	NA
50	Pulse	55	2010000	19590	NA
50	Pulse	55	2020000	29590	NA
50	Pulse	55	2030000	39590	NA
51	Pulse	55	2040000	8993	NA
51	Pulse	55	2050000	18993	NA
51	Pulse	55	2060000	28993	NA
51	Pulse	55	2070000	38993	NA
52	Pulse	55	2080000	8396	NA
52	Pulse	55	2090000	18396	NA
52	Pulse	55	2100000	28396	NA
52	Pulse	55	2110000	38396	NA
53	Pulse	55	2120000	7716	NA
53	Pulse	55	2130000	17716	NA
53	Pulse	55	2140000	27716	NA
53	Pulse	55	2150000	37716	NA
54	Pulse	55	2160000	7119	NA
54	Pulse	55	2170000	17119	NA
54	Pulse	55	2180000	27119	NA
54	Pulse	55	2190000	37119	NA
55	Pulse	55	2200000	6522	NA
55	Pulse	55	2210000	16522	NA
55	Pulse	55	2220000	26522	NA
55	Pulse	55	2230000	36522	NA
56	Pulse	55	2240000	5759	NA
56	Pulse	55	2250000	15759	NA
56	Pulse	55	2260000	25759	NA
56	Pulse	55	2270000	35759	NA
57	Pulse	55	2280000	5162	NA
57	Pulse	55	2290000	15162	NA
57	Pulse	55	2300000	25162	NA
57	Pulse	55	2310000	35162	NA
58	Pulse	55	2320000	4565	NA
58	Pulse	55	2330000	14565	NA
58	Pulse	55	2340000	24565	NA
58	Pulse	55	2350000	34565	NA
59	Pulse	55	2360000	3968	NA
59	Pulse	55	2370000	13968	NA
59	Pulse	55	2380000	23968	NA
59	Pulse	55	2390000	33968	NA
60	Pulse	55	2400000	3372	NA
60	Pulse	55	2410000	13372	NA
60	Pulse	55	2420000	23372	NA
60	Pulse	55	2430000	33372	NA
61	Pulse	55	2440000	2691	NA
61	Pulse	55	2450000	12691	NA
61	Pulse	55	2460000	22691	NA
61	Pulse	55	2470000	32691	NA
62	Pulse	55	2480000	2011	NA
62	Pulse	55	2490000	12011	NA
62	Pulse	55	2500000	22011	NA
62	Pulse	55	2510000	32011	NA
63	Pulse	55	2520000	1331	NA
63	Pulse	55	2530000	11331	NA
63	Pulse	55	2540000	21331	NA
63	Pulse	55	2550000	31331	NA
64	Pulse	55	2560000	651	NA
64	Pulse	55	2570000	10651	NA
64	Pulse	55	2580000	20651	NA
64	Pulse	55	2590000	30651	NA
64	Pulse	55	2600000	40651	NA
65	Pulse	55	2610000	9887	NA
65	Pulse	55	2620000	19887	NA
65	Pulse	55	2630000	29887	NA
65	Pulse	55	2640000	39887	NA
66	Pulse	55	2650000	9291	NA
66	Pulse	55	2660000	19291	NA
66	Pulse	55	2670000	29291	NA
66	Pulse	55	2680000	39291	NA
67	Pulse	55	2690000	8527	NA
67	Pulse	55	2700000	18527	NA
67	Pulse	55	2710000	28527	NA
67	Pulse	55	2720000	38527	NA
68	Pulse	55	2730000	7930	NA
68	Pulse	55	2740000	17930	NA
68	Pulse	55	2750000	27930	NA
68	Pulse	55	2760000	37930	NA
69	Pulse	55	2770000	7333	NA
69	Pulse	55	2780000	17333	NA
69	Pulse	55	2790000	27333	NA
69	Pulse	55	2800000	37333	NA
70	Pulse	55	2810000	6737	NA
70	Pulse	55	2820000	16737	NA
70	Pulse	55	2830000	26737	NA
70	Pulse	55	2840000	36737	NA
71	Pulse	55	2850000	6057	NA
71	Pulse	55	2860000	16057	NA
71	Pulse	55	2870000	26057	NA
71	Pulse	55	2880000	36057	NA
72	Pulse	55	2890000	5376	NA
72	Pulse	55	2900000	15376	NA
72	Pulse	55	2910000	25376	NA
72	Pulse	55	2920000	35376	NA
73	Pulse	55	2930000	4613	NA
73	Pulse	55	2940000	14613	NA
73	Pulse	55	2950000	24613	NA
73	Pulse	55	2960000	34613	NA
74	Pulse	55	2970000	4016	NA
74	Pulse	55	2980000	14016	NA
74	Pulse	55	2990000	24016	NA
74	Pulse	55	3000000	34016	NA
75	Pulse	55	3010000	3419	NA
75	Pulse	55	3020000	13419	NA
75	Pulse	55	3030000	23419	NA
75	Pulse	55	3040000	33419	NA
76	Pulse	55	3050000	2739	NA
76	Pulse	55	3060000	12739	NA
76	Pulse	55	3070000	22739	NA
76	Pulse	55	3080000	32739	NA
77	Pulse	55	3090000	2142	NA
77	Pulse	55	3100000	12142	NA
77	Pulse	55	3110000	22142	NA
77	Pulse	55	3120000	32142	NA
78	Pulse	55	3130000	1545	NA
78	Pulse	55	3140000	11545	NA
78	Pulse	55	3150000	21545	NA
78	Pulse	55	3160000	31545	NA
79	Pulse	55	3170000	949	NA
79	Pulse	55	3180000	10949	NA
79	Pulse	55	3190000	20949	NA
79	Pulse	55	3200000	30949	NA
80	Pulse	55	3210000	352	NA
80	Pulse	55	3220000	10352	NA
80	Pulse	55	3230000	20352	NA
80	Pulse	55	3240000	30352	NA
80	Pulse	55	3250000	40352	NA
81	Pulse	55	3260000	9672	NA
81	Pulse	55	3270000	19672	NA
81	Pulse	55	3280000	29672	NA
81	Pulse	55	3290000	39672	NA
82	Pulse	55	3300000	8992	NA
82	Pulse	55	3310000	18992	NA
82	Pulse	55	3320000	28992	NA
82	Pulse	55	3330000	38992	NA
83	Pulse	55	3340000	8395	NA
83	Pulse	55	3350000	18395	NA
83	Pulse	55	3360000	28395	NA
83	Pulse	55	3370000	38395	NA
84	Pulse	55	3380000	7798	NA
84	Pulse	55	3390000	17798	NA
84	Pulse	55	3400000	27798	NA
84	Pulse	55	3410000	37798	NA
85	Pulse	55	3420000	7118	NA
85	Pulse	55	3430000	17118	NA
85	Pulse	55	3440000	27118	NA
85	Pulse	55	3450000	37118	NA
86	Pulse	55	3460000	6354	NA
86	Pulse	55	3470000	16354	NA
86	Pulse	55	3480000	26354	NA
86	Pulse	55	3490000	36354	NA
87	Pulse	55	3500000	5674	NA
87	Pulse	55	3510000	15674	NA
87	Pulse	55	3520000	25674	NA
87	Pulse	55	3530000	35674	NA
88	Pulse	55	3540000	4994	NA
88	Pulse	55	3550000	14994	NA
88	Pulse	55	3560000	24994	NA
88	Pulse	55	3570000	34994	NA
89	Pulse	55	3580000	4314	NA
89	Pulse	55	3590000	14314	NA
89	Pulse	55	3600000	24314	NA
89	Pulse	55	3610000	34314	NA
90	Pulse	55	3620000	3717	NA
90	Pulse	55	3630000	13717	NA
90	Pulse	55	3640000	23717	NA
90	Pulse	55	3650000	33717	NA
91	Pulse	55	3660000	3037	NA
91	Pulse	55	3670000	13037	NA
91	Pulse	55	3680000	23037	NA
91	Pulse	55	3690000	33037	NA
92	Pulse	55	3700000	2357	NA
92	Pulse	55	3710000	12357	NA
92	Pulse	55	3720000	22357	NA
92	Pulse	55	3730000	32357	NA
93	Pulse	55	3740000	1677	NA
93	Pulse	55	3750000	11677	NA
93	Pulse	55	3760000	21677	NA
93	Pulse	55	3770000	31677	NA
94	Pulse	55	3780000	996	NA
94	Pulse	55	3790000	10996	NA
94	Pulse	55	3800000	20996	NA
94	Pulse	55	3810000	30996	NA
95	Pulse	55	3820000	316	NA
95	Pulse	55	3830000	10316	NA
95	Pulse	55	3840000	20316	NA
95	Pulse	55	3850000	30316	NA
95	Pulse	55	3860000	40316	NA
96	Pulse	55	3870000	9636	NA
96	Pulse	55	3880000	19636	NA
96	Pulse	55	3890000	29636	NA
96	Pulse	55	3900000	39636	NA
97	Pulse	55	3910000	9039	NA
97	Pulse	55	3920000	19039	NA
97	Pulse	55	3930000	29039	NA
97	Pulse	55	3940000	39039	NA
98	Pulse	55	3950000	8359	NA
98	Pulse	55	3960000	18359	NA
98	Pulse	55	3970000	28359	NA
98	Pulse	55	3980000	38359	NA
99	Pulse	55	3990000	7762	NA
99	Pulse	55	4000000	17762	NA
99	Pulse	55	4010000	27762	NA
99	Pulse	55	4020000	37762	NA
100	Pulse	55	4030000	7082	NA
100	Pulse	55	4040000	17082	NA
100	Pulse	55	4050000	27082	NA
100	Pulse	55	4060000	37082	NA
101	Pulse	55	4070000	6485	NA
101	Pulse	55	4080000	16485	NA
101	Pulse	55	4090000	26485	NA
101	Pulse	55	4100000	36485	NA
102	Pulse	55	4110000	5805	NA
102	Pulse	55	4120000	15805	NA
102	Pulse	55	4130000	25805	NA
102	Pulse	55	4140000	35805	NA
103	Pulse	55	4150000	5208	NA
103	Pulse	55	4160000	15208	NA
103	Pulse	55	4170000	25208	NA
103	Pulse	55	4180000	35208	NA
104	Pulse	55	4190000	4528	NA
104	Pulse	55	4200000	14528	NA
104	Pulse	55	4210000	24528	NA
104	Pulse	55	4220000	34528	NA
105	Pulse	55	4230000	3931	NA
105	Pulse	55	4240000	13931	NA
105	Pulse	55	4250000	23931	NA
105	Pulse	55	4260000	33931	NA
106	Pulse	55	4270000	3335	NA
106	Pulse	55	4280000	13335	NA
106	Pulse	55	4290000	23335	NA
106	Pulse	55	4300000	33335	NA
107	Pulse	55	4310000	2738	NA
107	Pulse	55	4320000	12738	NA
107	Pulse	55	4330000	22738	NA
107	Pulse	55	4340000	32738	NA
108	Pulse	55	4350000	2141	NA
108	Pulse	55	4360000	12141	NA
108	Pulse	55	4370000	22141	NA
108	Pulse	55	4380000	32141	NA
109	Pulse	55	4390000	1544	NA
109	Pulse	55	4400000	11544	NA
109	Pulse	55	4410000	21544	NA
109	Pulse	55	4420000	31544	NA
110	Pulse	55	4430000	947	NA
110	Pulse	55	4440000	10947	NA
110	Pulse	55	4450000	20947	NA
110	Pulse	55	4460000	30947	NA
111	Pulse	55	4470000	267	NA
111	Pulse	55	4480000	10267	NA
111	Pulse	55	4490000	20267	NA
111	Pulse	55	4500000	30267	NA
111	Pulse	55	4510000	40267	NA
112	Pulse	55	4520000	9670	NA
112	Pulse	55	4530000	19670	NA
112	Pulse	55	4540000	29670	NA
112	Pulse	55	4550000	39670	NA
113	Pulse	55	4560000	9074	NA
113	Pulse	55	4570000	19074	NA
113	Pulse	55	4580000	29074	NA
113	Pulse	55	4590000	39074	NA
114	Pulse	55	4600000	8394	NA
114	Pulse	55	4610000	18394	NA
114	Pulse	55	4620000	28394	NA
114	Pulse	55	4630000	38394	NA
115	Pulse	55	4640000	7797	NA
115	Pulse	55	4650000	17797	NA
115	Pulse	55	4660000	27797	NA
115	Pulse	55	4670000	37797	NA
116	Pulse	55	4680000	7117	NA
116	Pulse	55	4690000	17117	NA
116	Pulse	55	4700000	27117	NA
116	Pulse	55	4710000	37117	NA
117	Pulse	55	4720000	6520	NA
117	Pulse	55	4730000	16520	NA
117	Pulse	55	4740000	26520	NA
117	Pulse	55	4750000	36520	NA
118	Pulse	55	4760000	6006	NA
118	Pulse	55	4770000	16006	NA
118	Pulse	55	4780000	26006	NA
118	Pulse	55	4790000	36006	NA
119	Pulse	55	4800000	5409	NA
119	Pulse	55	4810000	15409	NA
119	Pulse	55	4820000	25409	NA
119	Pulse	55	4830000	35409	NA
120	Pulse	55	4840000	4729	NA
120	Pulse	55	4850000	14729	NA
120	Pulse	55	4860000	24729	NA
120	Pulse	55	4870000	34729	NA
121	Pulse	55	4880000	4216	NA
121	Pulse	55	4890000	14216	NA
121	Pulse	55	4900000	24216	NA
121	Pulse	55	4910000	34216	NA
122	Pulse	55	4920000	3619	NA
122	Pulse	55	4930000	13619	NA
122	Pulse	55	4940000	23619	NA
122	Pulse	55	4950000	33619	NA
123	Pulse	55	4960000	3106	NA
123	Pulse	55	4970000	13106	NA
123	Pulse	55	4980000	23106	NA
123	Pulse	55	4990000	33106	NA
124	Pulse	55	5000000	2592	NA
124	Pulse	55	5010000	12592	NA
124	Pulse	55	5020000	22592	NA
124	Pulse	55	5030000	32592	NA
125	Pulse	55	5040000	1995	NA
125	Pulse	55	5050000	11995	NA
125	Pulse	55	5060000	21995	NA
125	Pulse	55	5070000	31995	NA
126	Pulse	55	5080000	1399	NA
126	Pulse	55	5090000	11399	NA
126	Pulse	55	5100000	21399	NA
126	Pulse	55	5110000	31399	NA
127	Pulse	55	5120000	802	NA
127	Pulse	55	5130000	10802	NA
127	Pulse	55	5140000	20802	NA
127	Pulse	55	5150000	30802	NA
128	Pulse	55	5160000	122	NA
128	Pulse	55	5170000	10122	NA
128	Pulse	55	5180000	20122	NA
128	Pulse	55	5190000	30122	NA
128	Pulse	55	5200000	40122	NA
129	Pulse	55	5210000	9525	NA
129	Pulse	55	5220000	19525	NA
129	Pulse	55	5230000	29525	NA
129	Pulse	55	5240000	39525	NA
130	Pulse	55	5250000	8928	NA
130	Pulse	55	5260000	18928	NA
130	Pulse	55	5270000	28928	NA
130	Pulse	55	5280000	38928	NA
131	Pulse	55	5290000	8331	NA
131	Pulse	55	5300000	18331	NA
131	Pulse	55	5310000	28331	NA
131	Pulse	55	5320000	38331	NA
132	Pulse	55	5330000	7818	NA
132	Pulse	55	5340000	17818	NA
132	Pulse	55	5350000	27818	NA
132	Pulse	55	5360000	37818	NA
133	Pulse	55	5370000	7221	NA
133	Pulse	55	5380000	17221	NA
133	Pulse	55	5390000	27221	NA
133	Pulse	55	5400000	37221	NA
134	Pulse	55	5410000	6624	NA
134	Pulse	55	5420000	16624	NA
134	Pulse	55	5430000	26624	NA
134	Pulse	55	5440000	36624	NA
135	Pulse	55	5450000	6027	NA
135	Pulse	55	5460000	16027	NA
135	Pulse	55	5470000	26027	NA
135	Pulse	55	5480000	36027	NA
136	Pulse	55	5490000	5431	NA
136	Pulse	55	5500000	15431	NA
136	Pulse	55	5510000	25431	NA
136	Pulse	55	5520000	35431	NA
137	Pulse	55	5530000	4751	NA
137	Pulse	55	5540000	14751	NA
137	Pulse	55	5550000	24751	NA
137	Pulse	55	5560000	34751	NA
138	Pulse	55	5570000	4237	NA
138	Pulse	55	5580000	14237	NA
138	Pulse	55	5590000	24237	NA
138	Pulse	55	5600000	34237	NA
139	Pulse	55	5610000	3640	NA
139	Pulse	55	5620000	13640	NA
139	Pulse	55	5630000	23640	NA
139	Pulse	55	5640000	33640	NA
140	Pulse	55	5650000	3043	NA
140	Pulse	55	5660000	13043	NA
140	Pulse	55	5670000	23043	NA
140	Pulse	55	5680000	33043	NA
141	Pulse	55	5690000	2530	NA
141	Pulse	55	5700000	12530	NA
141	Pulse	55	5710000	22530	NA
141	Pulse	55	5720000	32530	NA
142	Pulse	55	5730000	1933	NA
142	Pulse	55	5740000	11933	NA
142	Pulse	55	5750000	21933	NA
142	Pulse	55	5760000	31933	NA
143	Pulse	55	5770000	1336	NA
143	Pulse	55	5780000	11336	NA
143	Pulse	55	5790000	21336	NA
143	Pulse	55	5800000	31336	NA
144	Pulse	55	5810000	823	NA
144	Pulse	55	5820000	10823	NA
144	Pulse	55	5830000	20823	NA
144	Pulse	55	5840000	30823	NA
145	Pulse	55	5850000	310	NA
145	Pulse	55	5860000	10310	NA
145	Pulse	55	5870000	20310	NA
145	Pulse	55	5880000	30310	NA
145	Pulse	55	5890000	40310	NA
146	Pulse	55	5900000	9713	NA
146	Pulse	55	5910000	19713	NA
146	Pulse	55	5920000	29713	NA
146	Pulse	55	5930000	39713	NA
147	Pulse	55	5940000	9116	NA
147	Pulse	55	5950000	19116	NA
147	Pulse	55	5960000	29116	NA
147	Pulse	55	5970000	39116	NA
148	Pulse	55	5980000	8519	NA
148	Pulse	55	5990000	18519	NA
148	Pulse	55	6000000	28519	NA
148	Pulse	55	6010000	38519	NA
149	Pulse	55	6020000	7922	NA
149	Pulse	55	6030000	17922	NA
149	Pulse	55	6040000	27922	NA
149	Pulse	55	6050000	37922	NA
150	Pulse	55	6060000	7326	NA
150	Pulse	55	6070000	17326	NA
150	Pulse	55	6080000	27326	NA
150	Pulse	55	6090000	37326	NA
151	Pulse	55	6100000	6729	NA
151	Pulse	55	6110000	16729	NA
151	Pulse	55	6120000	26729	NA
151	Pulse	55	6130000	36729	NA
152	Pulse	55	6140000	6132	NA
152	Pulse	55	6150000	16132	NA
152	Pulse	55	6160000	26132	NA
152	Pulse	55	6170000	36132	NA
153	Pulse	55	6180000	5619	NA
153	Pulse	55	6190000	15619	NA
153	Pulse	55	6200000	25619	NA
153	Pulse	55	6210000	35619	NA
154	Pulse	55	6220000	5105	NA
154	Pulse	55	6230000	15105	NA
154	Pulse	55	6240000	25105	NA
154	Pulse	55	6250000	35105	NA
155	Pulse	55	6260000	4675	NA
155	Pulse	55	6270000	14675	NA
155	Pulse	55	6280000	24675	NA
155	Pulse	55	6290000	34675	NA
156	Pulse	55	6300000	4162	NA
156	Pulse	55	6310000	14162	NA
156	Pulse	55	6320000	24162	NA
156	Pulse	55	6330000	34162	NA
157	Pulse	55	6340000	3648	NA
157	Pulse	55	6350000	13648	NA
157	Pulse	55	6360000	23648	NA
157	Pulse	55	6370000	33648	NA
158	Pulse	55	6380000	3135	NA
158	Pulse	55	6390000	13135	NA
158	Pulse	55	6400000	23135	NA
158	Pulse	55	6410000	33135	NA
159	Pulse	55	6420000	2538	NA
159	Pulse	55	6430000	12538	NA
159	Pulse	55	6440000	22538	NA
159	Pulse	55	6450000	32538	NA
160	Pulse	55	6460000	1941	NA
160	Pulse	55	6470000	11941	NA
160	Pulse	55	6480000	21941	NA
160	Pulse	55	6490000	31941	NA
161	Pulse	55	6500000	1261	NA
161	Pulse	55	6510000	11261	NA
161	Pulse	55	6520000	21261	NA
161	Pulse	55	6530000	31261	NA
162	Pulse	55	6540000	664	NA
162	Pulse	55	6550000	10664	NA
162	Pulse	55	6560000	20664	NA
162	Pulse	55	6570000	30664	NA
162	Pulse	55	6580000	40664	NA
163	Pulse	55	6590000	9984	NA
163	Pulse	55	6600000	19984	NA
163	Pulse	55	6610000	29984	NA
163	Pulse	55	6620000	39984	NA
164	Pulse	55	6630000	9387	NA
164	Pulse	55	6640000	19387	NA
164	Pulse	55	6650000	29387	NA
164	Pulse	55	6660000	39387	NA
165	Pulse	55	6670000	8790	NA
165	Pulse	55	6680000	18790	NA
165	Pulse	55	6690000	28790	NA
165	Pulse	55	6700000	38790	NA
166	Pulse	55	6710000	8194	NA
166	Pulse	55	6720000	18194	NA
166	Pulse	55	6730000	28194	NA
166	Pulse	55	6740000	38194	NA
167	Pulse	55	6750000	7514	NA
167	Pulse	55	6760000	17514	NA
167	Pulse	55	6770000	27514	NA
167	Pulse	55	6780000	37514	NA
168	Pulse	55	6790000	6833	NA
168	Pulse	55	6800000	16833	NA
168	Pulse	55	6810000	26833	NA
168	Pulse	55	6820000	36833	NA
169	Pulse	55	6830000	6237	NA
169	Pulse	55	6840000	16237	NA
169	Pulse	55	6850000	26237	NA
169	Pulse	55	6860000	36237	NA
170	Pulse	55	6870000	5640	NA
170	Pulse	55	6880000	15640	NA
170	Pulse	55	6890000	25640	NA
170	Pulse	55	6900000	35640	NA
171	Pulse	55	6910000	5126	NA
171	Pulse	55	6920000	15126	NA
171	Pulse	55	6930000	25126	NA
171	Pulse	55	6940000	35126	NA
172	Pulse	55	6950000	4530	NA
172	Pulse	55	6960000	14530	NA
172	Pulse	55	6970000	24530	NA
172	Pulse	55	6980000	34530	NA
173	Pulse	55	6990000	3933	NA
173	Pulse	55	7000000	13933	NA
173	Pulse	55	7010000	23933	NA
173	Pulse	55	7020000	33933	NA
174	Pulse	55	7030000	3419	NA
174	Pulse	55	7040000	13419	NA
174	Pulse	55	7050000	23419	NA
174	Pulse	55	7060000	33419	NA
175	Pulse	55	7070000	2822	NA
175	Pulse	55	7080000	12822	NA
175	Pulse	55	7090000	22822	NA
175	Pulse	55	7100000	32822	NA
176	Pulse	55	7110000	2226	NA
176	Pulse	55	7120000	12226	NA
176	Pulse	55	7130000	22226	NA
176	Pulse	55	7140000	32226	NA
177	Pulse	55	7150000	1629	NA
177	Pulse	55	7160000	11629	NA
177	Pulse	55	7170000	21629	NA
177	Pulse	55	7180000	31629	NA
178	Pulse	55	7190000	1032	NA
178	Pulse	55	7200000	11032	NA
178	Pulse	55	7210000	21032	NA
178	Pulse	55	7220000	31032	NA
179	Pulse	55	7230000	519	NA
179	Pulse	55	7240000	10519	NA
179	Pulse	55	7250000	20519	NA
179	Pulse	55	7260000	30519	NA
179	Pulse	55	7270000	40519	NA
180	Pulse	55	7280000	9922	NA
180	Pulse	55	7290000	19922	NA
180	Pulse	55	7300000	29922	NA
180	Pulse	55	7310000	39922	NA
181	Pulse	55	7320000	9242	NA
181	Pulse	55	7330000	19242	NA
181	Pulse	55	7340000	29242	NA
181	Pulse	55	7350000	39242	NA
182	Pulse	55	7360000	8645	NA
182	Pulse	55	7370000	18645	NA
182	Pulse	55	7380000	28645	NA
182	Pulse	55	7390000	38645	NA
183	Pulse	55	7400000	8048	NA
183	Pulse	55	7410000	18048	NA
183	Pulse	55	7420000	28048	NA
183	Pulse	55	7430000	38048	NA
184	Pulse	55	7440000	7451	NA
184	Pulse	55	7450000	17451	NA
184	Pulse	55	7460000	27451	NA
184	Pulse	55	7470000	37451	NA
185	Pulse	55	7480000	6855	NA
185	Pulse	55	7490000	16855	NA
185	Pulse	55	7500000	26855	NA
185	Pulse	55	7510000	36855	NA
186	Pulse	55	7520000	6258	NA
186	Pulse	55	7530000	16258	NA
186	Pulse	55	7540000	26258	NA
186	Pulse	55	7550000	36258	NA
187	Pulse	55	7560000	5578	NA
187	Pulse	55	7570000	15578	NA
187	Pulse	55	7580000	25578	NA
187	Pulse	55	7590000	35578	NA
188	Pulse	55	7600000	4981	NA
188	Pulse	55	7610000	14981	NA
188	Pulse	55	7620000	24981	NA
188	Pulse	55	7630000	34981	NA
189	Pulse	55	7640000	4384	NA
189	Pulse	55	7650000	14384	NA
189	Pulse	55	7660000	24384	NA
189	Pulse	55	7670000	34384	NA
190	Pulse	55	7680000	3787	NA
190	Pulse	55	7690000	13787	NA
190	Pulse	55	7700000	23787	NA
190	Pulse	55	7710000	33787	NA
191	Pulse	55	7720000	3190	NA
191	Pulse	55	7730000	13190	NA
191	Pulse	55	7740000	23190	NA
191	Pulse	55	7750000	33190	NA
192	Pulse	55	7760000	2594	NA
192	Pulse	55	7770000	12594	NA
192	Pulse	55	7780000	22594	NA
192	Pulse	55	7790000	32594	NA
193	Pulse	55	7800000	1997	NA
193	Pulse	55	7810000	11997	NA
193	Pulse	55	7820000	21997	NA
193	Pulse	55	7830000	31997	NA
194	Pulse	55	7840000	1400	NA
194	Pulse	55	7850000	11400	NA
194	Pulse	55	7860000	21400	NA
194	Pulse	55	7870000	31400	NA
195	Pulse	55	7880000	803	NA
195	Pulse	55	7890000	10803	NA
195	Pulse	55	7900000	20803	NA
195	Pulse	55	7910000	30803	NA
196	Pulse	55	7920000	123	NA
196	Pulse	55	7930000	10123	NA
196	Pulse	55	7940000	20123	NA
196	Pulse	55	7950000	30123	NA
196	Pulse	55	7960000	40123	NA
197	Pulse	55	7970000	9526	NA
197	Pulse	55	7980000	19526	NA
197	Pulse	55	7990000	29526	NA
197	Pulse	55	8000000	39526	NA
198	Pulse	55	8010000	9013	NA
198	Pulse	55	8020000	19013	NA
198	Pulse	55	8030000	29013	NA
198	Pulse	55	8040000	39013	NA
199	Pulse	55	8050000	8416	NA
199	Pulse	55	8060000	18416	NA
199	Pulse	55	8070000	28416	NA
199	Pulse	55	8080000	38416	NA
200	Pulse	55	8090000	7819	NA
200	Pulse	55	8100000	17819	NA
200	Pulse	55	8110000	27819	NA
200	Pulse	55	8120000	37819	NA
201	Pulse	55	8130000	7306	NA
201	Pulse	55	8140000	17306	NA
201	Pulse	55	8150000	27306	NA
201	Pulse	55	8160000	37306	NA
202	Pulse	55	8170000	6709	NA
202	Pulse	55	8180000	16709	NA
202	Pulse	55	8190000	26709	NA
202	Pulse	55	8200000	36709	NA
203	Pulse	55	8210000	6196	NA
203	Pulse	55	8220000	16196	NA
203	Pulse	55	8230000	26196	NA
203	Pulse	55	8240000	36196	NA
204	Pulse	55	8250000	5599	NA
204	Pulse	55	8260000	15599	NA
204	Pulse	55	8270000	25599	NA
204	Pulse	55	8280000	35599	NA
205	Pulse	55	8290000	5002	NA
205	Pulse	55	8300000	15002	NA
205	Pulse	55	8310000	25002	NA
205	Pulse	55	8320000	35002	NA
206	Pulse	55	8330000	4405	NA
206	Pulse	55	8340000	14405	NA
206	Pulse	55	8350000	24405	NA
206	Pulse	55	8360000	34405	NA
207	Pulse	55	8370000	3892	NA
207	Pulse	55	8380000	13892	NA
207	Pulse	55	8390000	23892	NA
207	Pulse	55	8400000	33892	NA
208	Pulse	55	8410000	3378	NA
208	Pulse	55	8420000	13378	NA
208	Pulse	55	8430000	23378	NA
208	Pulse	55	8440000	33378	NA
209	Pulse	55	8450000	2781	NA
209	Pulse	55	8460000	12781	NA
209	Pulse	55	8470000	22781	NA
209	Pulse	55	8480000	32781	NA
210	Pulse	55	8490000	2185	NA
210	Pulse	55	8500000	12185	NA
210	Pulse	55	8510000	22185	NA
210	Pulse	55	8520000	32185	NA
211	Pulse	55	8530000	1671	NA
211	Pulse	55	8540000	11671	NA
211	Pulse	55	8550000	21671	NA
211	Pulse	55	8560000	31671	NA
212	Pulse	55	8570000	1074	NA
212	Pulse	55	8580000	11074	NA
212	Pulse	55	8590000	21074	NA
212	Pulse	55	8600000	31074	NA
213	Pulse	55	8610000	478	NA
213	Pulse	55	8620000	10478	NA
213	Pulse	55	8630000	20478	NA
213	Pulse	55	8640000	30478	NA
213	Pulse	55	8650000	40478	NA
214	Pulse	55	8660000	9881	NA
214	Pulse	55	8670000	19881	NA
214	Pulse	55	8680000	29881	NA
214	Pulse	55	8690000	39881	NA
215	Pulse	55	8700000	9201	NA
215	Pulse	55	8710000	19201	NA
215	Pulse	55	8720000	29201	NA
215	Pulse	55	8730000	39201	NA
216	Pulse	55	8740000	8604	NA
216	Pulse	55	8750000	18604	NA
216	Pulse	55	8760000	28604	NA
216	Pulse	55	8770000	38604	NA
217	Pulse	55	8780000	8257	NA
217	Pulse	55	8790000	18257	NA
217	Pulse	55	8800000	28257	NA
217	Pulse	55	8810000	38257	NA
218	Pulse	55	8820000	7660	NA
218	Pulse	55	8830000	17660	NA
218	Pulse	55	8840000	27660	NA
218	Pulse	55	8850000	37660	NA
219	Pulse	55	8860000	7147	NA
219	Pulse	55	8870000	17147	NA
219	Pulse	55	8880000	27147	NA
219	Pulse	55	8890000	37147	NA
220	Pulse	55	8900000	6550	NA
220	Pulse	55	8910000	16550	NA
220	Pulse	55	8920000	26550	NA
220	Pulse	55	8930000	36550	NA
221	Pulse	55	8940000	5870	NA
221	Pulse	55	8950000	15870	NA
221	Pulse	55	8960000	25870	NA
221	Pulse	55	8970000	35870	NA
222	Pulse	55	8980000	5357	NA
222	Pulse	55	8990000	15357	NA
222	Pulse	55	9000000	25357	NA
222	Pulse	55	9010000	35357	NA
223	Pulse	55	9020000	4760	NA
223	Pulse	55	9030000	14760	NA
223	Pulse	55	9040000	24760	NA
223	Pulse	55	9050000	34760	NA
224	Pulse	55	9060000	4163	NA
224	Pulse	55	9070000	14163	NA
224	Pulse	55	9080000	24163	NA
224	Pulse	55	9090000	34163	NA
225	Pulse	55	9100000	3650	NA
225	Pulse	55	9110000	13650	NA
225	Pulse	55	9120000	23650	NA
225	Pulse	55	9130000	33650	NA
226	Pulse	55	9140000	3053	NA
226	Pulse	55	9150000	13053	NA
226	Pulse	55	9160000	23053	NA
226	Pulse	55	9170000	33053	NA
227	Pulse	55	9180000	2456	NA
227	Pulse	55	9190000	12456	NA
227	Pulse	55	9200000	22456	NA
227	Pulse	55	9210000	32456	NA
228	Pulse	55	9220000	1859	NA
228	Pulse	55	9230000	11859	NA
228	Pulse	55	9240000	21859	NA
228	Pulse	55	9250000	31859	NA
229	Pulse	55	9260000	1262	NA
229	Pulse	55	9270000	11262	NA
229	Pulse	55	9280000	21262	NA
229	Pulse	55	9290000	31262	NA
230	Pulse	55	9300000	666	NA
230	Pulse	55	9310000	10666	NA
230	Pulse	55	9320000	20666	NA
230	Pulse	55	9330000	30666	NA
231	Pulse	55	9340000	69	NA
231	Pulse	55	9350000	10069	NA
231	Pulse	55	9360000	20069	NA
231	Pulse	55	9370000	30069	NA
231	Pulse	55	9380000	40069	NA
232	Pulse	55	9390000	9472	NA
232	Pulse	55	9400000	19472	NA
232	Pulse	55	9410000	29472	NA
232	Pulse	55	9420000	39472	NA
233	Pulse	55	9430000	8875	NA
233	Pulse	55	9440000	18875	NA
233	Pulse	55	9450000	28875	NA
233	Pulse	55	9460000	38875	NA
234	Pulse	55	9470000	8278	NA
234	Pulse	55	9480000	18278	NA
234	Pulse	55	9490000	28278	NA
234	Pulse	55	9500000	38278	NA
235	Pulse	55	9510000	7682	NA
235	Pulse	55	9520000	17682	NA
235	Pulse	55	9530000	27682	NA
235	Pulse	55	9540000	37682	NA
236	Pulse	55	9550000	7085	NA
236	Pulse	55	9560000	17085	NA
236	Pulse	55	9570000	27085	NA
236	Pulse	55	9580000	37085	NA
237	Pulse	55	9590000	6488	NA
237	Pulse	55	9600000	16488	NA
237	Pulse	55	9610000	26488	NA
237	Pulse	55	9620000	36488	NA
238	Pulse	55	9630000	5891	NA
238	Pulse	55	9640000	15891	NA
238	Pulse	55	9650000	25891	NA
238	Pulse	55	9660000	35891	NA
239	Pulse	55	9670000	5294	NA
239	Pulse	55	9680000	15294	NA
239	Pulse	55	9690000	25294	NA
239	Pulse	55	9700000	35294	NA
240	Pulse	55	9710000	4698	NA
240	Pulse	55	9720000	14698	NA
240	Pulse	55	9730000	24698	NA
240	Pulse	55	9740000	34698	NA
241	Pulse	55	9750000	4101	NA
241	Pulse	55	9760000	14101	NA
241	Pulse	55	9770000	24101	NA
241	Pulse	55	9780000	34101	NA
242	Pulse	55	9790000	3504	NA
242	Pulse	55	9800000	13504	NA
242	Pulse	55	9810000	23504	NA
242	Pulse	55	9820000	33504	NA
243	Pulse	55	9830000	2907	NA
243	Pulse	55	9840000	12907	NA
243	Pulse	55	9850000	22907	NA
243	Pulse	55	9860000	32907	NA
244	Pulse	55	9870000	2310	NA
244	Pulse	55	9880000	12310	NA
244	Pulse	55	9890000	22310	NA
244	Pulse	55	9900000	32310	NA
245	Pulse	55	9910000	1714	NA
245	Pulse	55	9920000	11714	NA
245	Pulse	55	9930000	21714	NA
245	Pulse	55	9940000	31714	NA
246	Pulse	55	9950000	1117	NA
246	Pulse	55	9960000	11117	NA
246	Pulse	55	9970000	21117	NA
246	Pulse	55	9980000	31117	NA
247	Pulse	55	9990000	520	NA
247	Pulse	55	10000000	10520	NA
247	Pulse	55	10010000	20520	NA
247	Pulse	55	10020000	30520	NA
247	Pulse	55	10030000	40520	NA
248	Pulse	55	10040000	9923	NA
248	Pulse	55	10050000	19923	NA
248	Pulse	55	10060000	29923	NA
248	Pulse	55	10070000	39923	NA
249	Pulse	55	10080000	9326	NA
249	Pulse	55	10090000	19326	NA
249	Pulse	55	10100000	29326	NA
249	Pulse	55	10110000	39326	NA
250	Pulse	55	10120000	8730	NA
250	Pulse	55	10130000	18730	NA
250	Pulse	55	10140000	28730	NA
250	Pulse	55	10150000	38730	NA
251	Pulse	55	10160000	8133	NA
251	Pulse	55	10170000	18133	NA
251	Pulse	55	10180000	28133	NA
251	Pulse	55	10190000	38133	NA
252	Pulse	55	10200000	7536	NA
252	Pulse	55	10210000	17536	NA
252	Pulse	55	10220000	27536	NA
252	Pulse	55	10230000	37536	NA
253	Pulse	55	10240000	6939	NA
253	Pulse	55	10250000	16939	NA
253	Pulse	55	10260000	26939	NA
253	Pulse	55	10270000	36939	NA
254	Pulse	55	10280000	6342	NA
254	Pulse	55	10290000	16342	NA
254	Pulse	55	10300000	26342	NA
254	Pulse	55	10310000	36342	NA
255	Pulse	55	10320000	5829	NA
255	Pulse	55	10330000	15829	NA
255	Pulse	55	10340000	25829	NA
255	Pulse	55	10350000	35829	NA
256	Pulse	55	10360000	5316	NA
256	Pulse	55	10370000	15316	NA
256	Pulse	55	10380000	25316	NA
256	Pulse	55	10390000	35316	NA
257	Pulse	55	10400000	4802	NA
257	Pulse	55	10410000	14802	NA
257	Pulse	55	10420000	24802	NA
257	Pulse	55	10430000	34802	NA
258	Pulse	55	10440000	4205	NA
258	Pulse	55	10450000	14205	NA
258	Pulse	55	10460000	24205	NA
258	Pulse	55	10470000	34205	NA
259	Pulse	55	10480000	3609	NA
259	Pulse	55	10490000	13609	NA
259	Pulse	55	10500000	23609	NA
259	Pulse	55	10510000	33609	NA
260	Pulse	55	10520000	3012	NA
260	Pulse	55	10530000	13012	NA
260	Pulse	55	10540000	23012	NA
260	Pulse	55	10550000	33012	NA
261	Pulse	55	10560000	2415	NA
261	Pulse	55	10570000	12415	NA
261	Pulse	55	10580000	22415	NA
261	Pulse	55	10590000	32415	NA
262	Pulse	55	10600000	1818	NA
262	Pulse	55	10610000	11818	NA
262	Pulse	55	10620000	21818	NA
262	Pulse	55	10630000	31818	NA
263	Pulse	55	10640000	1305	NA
263	Pulse	55	10650000	11305	NA
263	Pulse	55	10660000	21305	NA
263	Pulse	55	10670000	31305	NA
264	Pulse	55	10680000	708	NA
264	Pulse	55	10690000	10708	NA
264	Pulse	55	10700000	20708	NA
264	Pulse	55	10710000	30708	NA
265	Pulse	55	10720000	111	NA
265	Pulse	55	10730000	10111	NA
265	Pulse	55	10740000	20111	NA
265	Pulse	55	10750000	30111	NA
265	Pulse	55	10760000	40111	NA
266	Pulse	55	10770000	9514	NA
266	Pulse	55	10780000	19514	NA
266	Pulse	55	10790000	29514	NA
266	Pulse	55	10800000	39514	NA
267	Pulse	55	10810000	8918	NA
267	Pulse	55	10820000	18918	NA
267	Pulse	55	10830000	28918	NA
267	Pulse	55	10840000	38918	NA
268	Pulse	55	10850000	8321	NA
268	Pulse	55	10860000	18321	NA
268	Pulse	55	10870000	28321	NA
268	Pulse	55	10880000	38321	NA
269	Pulse	55	10890000	7724	NA
269	Pulse	55	10900000	17724	NA
269	Pulse	55	10910000	27724	NA
269	Pulse	55	10920000	37724	NA
270	Pulse	55	10930000	7127	NA
270	Pulse	55	10940000	17127	NA
270	Pulse	55	10950000	27127	NA
270	Pulse	55	10960000	37127	NA
271	Pulse	55	10970000	6530	NA
271	Pulse	55	10980000	16530	NA
271	Pulse	55	10990000	26530	NA
271	Pulse	55	11000000	36530	NA
272	Pulse	55	11010000	5934	NA
272	Pulse	55	11020000	15934	NA
272	Pulse	55	11030000	25934	NA
272	Pulse	55	11040000	35934	NA
273	Pulse	55	11050000	5337	NA
273	Pulse	55	11060000	15337	NA
273	Pulse	55	11070000	25337	NA
273	Pulse	55	11080000	35337	NA
274	Pulse	55	11090000	4740	NA
274	Pulse	55	11100000	14740	NA
274	Pulse	55	11110000	24740	NA
274	Pulse	55	11120000	34740	NA
275	Pulse	55	11130000	4143	NA
275	Pulse	55	11140000	14143	NA
275	Pulse	55	11150000	24143	NA
275	Pulse	55	11160000	34143	NA
276	Pulse	55	11170000	3546	NA
276	Pulse	55	11180000	13546	NA
276	Pulse	55	11190000	23546	NA
276	Pulse	55	11200000	33546	NA
277	Pulse	55	11210000	2950	NA
277	Pulse	55	11220000	12950	NA
277	Pulse	55	11230000	22950	NA
277	Pulse	55	11240000	32950	NA
278	Pulse	55	11250000	2269	NA
278	Pulse	55	11260000	12269	NA
278	Pulse	55	11270000	22269	NA
278	Pulse	55	11280000	32269	NA
279	Pulse	55	11290000	1673	NA
279	Pulse	55	11300000	11673	NA
279	Pulse	55	11310000	21673	NA
279	Pulse	55	11320000	31673	NA
280	Pulse	55	11330000	1076	NA
280	Pulse	55	11340000	11076	NA
280	Pulse	55	11350000	21076	NA
280	Pulse	55	11360000	31076	NA
281	Pulse	55	11370000	479	NA
281	Pulse	55	11380000	10479	NA
281	Pulse	55	11390000	20479	NA
281	Pulse	55	11400000	30479	NA
281	Pulse	55	11410000	40479	NA
282	Pulse	55	11420000	9882	NA
282	Pulse	55	11430000	19882	NA
282	Pulse	55	11440000	29882	NA
282	Pulse	55	11450000	39882	NA
283	Pulse	55	11460000	9202	NA
283	Pulse	55	11470000	19202	NA
283	Pulse	55	11480000	29202	NA
283	Pulse	55	11490000	39202	NA
284	Pulse	55	11500000	8605	NA
284	Pulse	55	11510000	18605	NA
284	Pulse	55	11520000	28605	NA
284	Pulse	55	11530000	38605	NA
285	Pulse	55	11540000	8008	NA
285	Pulse	55	11550000	18008	NA
285	Pulse	55	11560000	28008	NA
285	Pulse	55	11570000	38008	NA
286	Pulse	55	11580000	7412	NA
286	Pulse	55	11590000	17412	NA
286	Pulse	55	11600000	27412	NA
286	Pulse	55	11610000	37412	NA
287	Pulse	55	11620000	6731	NA
287	Pulse	55	11630000	16731	NA
287	Pulse	55	11640000	26731	NA
287	Pulse	55	11650000	36731	NA
288	Pulse	55	11660000	6135	NA
288	Pulse	55	11670000	16135	NA
288	Pulse	55	11680000	26135	NA
288	Pulse	55	11690000	36135	NA
289	Pulse	55	11700000	5538	NA
289	Pulse	55	11710000	15538	NA
289	Pulse	55	11720000	25538	NA
289	Pulse	55	11730000	35538	NA
290	Pulse	55	11740000	4858	NA
290	Pulse	55	11750000	14858	NA
290	Pulse	55	11760000	24858	NA
290	Pulse	55	11770000	34858	NA
291	Pulse	55	11780000	4178	NA
291	Pulse	55	11790000	14178	NA
291	Pulse	55	11800000	24178	NA
291	Pulse	55	11810000	34178	NA
292	Pulse	55	11820000	3581	NA
292	Pulse	55	11830000	13581	NA
292	Pulse	55	11840000	23581	NA
292	Pulse	55	11850000	33581	NA
293	Pulse	55	11860000	2984	NA
293	Pulse	55	11870000	12984	NA
293	Pulse	55	11880000	22984	NA
293	Pulse	55	11890000	32984	NA
294	Pulse	55	11900000	2304	NA
294	Pulse	55	11910000	12304	NA
294	Pulse	55	11920000	22304	NA
294	Pulse	55	11930000	32304	NA
295	Pulse	55	11940000	1707	NA
295	Pulse	55	11950000	11707	NA
295	Pulse	55	11960000	21707	NA
295	Pulse	55	11970000	31707	NA
296	Pulse	55	11980000	1110	NA
296	Pulse	55	11990000	11110	NA
296	Pulse	55	12000000	21110	NA
296	Pulse	55	12010000	31110	NA
297	Pulse	55	12020000	513	NA
297	Pulse	55	12030000	10513	NA
297	Pulse	55	12040000	20513	NA
297	Pulse	55	12050000	30513	NA
297	Pulse	55	12060000	40513	NA
298	Pulse	55	12070000	9833	NA
298	Pulse	55	12080000	19833	NA
298	Pulse	55	12090000	29833	NA
298	Pulse	55	12100000	39833	NA
299	Pulse	55	12110000	9236	NA
299	Pulse	55	12120000	19236	NA
299	Pulse	55	12130000	29236	NA
299	Pulse	55	12140000	39236	NA
300	Pulse	55	12150000	8640	NA
300	Pulse	55	12160000	18640	NA
300	Pulse	55	12170000	28640	NA
300	Pulse	55	12180000	38640	NA
301	Pulse	55	12190000	7960	NA
301	Pulse	55	12200000	17960	NA
301	Pulse	55	12210000	27960	NA
301	Pulse	55	12220000	37960	NA
302	Pulse	55	12230000	7363	NA
302	Pulse	55	12240000	17363	NA
302	Pulse	55	12250000	27363	NA
302	Pulse	55	12260000	37363	NA
303	Pulse	55	12270000	6766	NA
303	Pulse	55	12280000	16766	NA
303	Pulse	55	12290000	26766	NA
303	Pulse	55	12300000	36766	NA
304	Pulse	55	12310000	6169	NA
304	Pulse	55	12320000	16169	NA
304	Pulse	55	12330000	26169	NA
304	Pulse	55	12340000	36169	NA
305	Pulse	55	12350000	5572	NA
305	Pulse	55	12360000	15572	NA
305	Pulse	55	12370000	25572	NA
305	Pulse	55	12380000	35572	NA
306	Pulse	55	12390000	4976	NA
306	Pulse	55	12400000	14976	NA
306	Pulse	55	12410000	24976	NA
306	Pulse	55	12420000	34976	NA
307	Pulse	55	12430000	4379	NA
307	Pulse	55	12440000	14379	NA
307	Pulse	55	12450000	24379	NA
307	Pulse	55	12460000	34379	NA
308	Pulse	55	12470000	3699	NA
308	Pulse	55	12480000	13699	NA
308	Pulse	55	12490000	23699	NA
308	Pulse	55	12500000	33699	NA
309	Pulse	55	12510000	3102	NA
309	Pulse	55	12520000	13102	NA
309	Pulse	55	12530000	23102	NA
309	Pulse	55	12540000	33102	NA
310	Pulse	55	12550000	2422	NA
310	Pulse	55	12560000	12422	NA
310	Pulse	55	12570000	22422	NA
310	Pulse	55	12580000	32422	NA
311	Pulse	55	12590000	1825	NA
311	Pulse	55	12600000	11825	NA
311	Pulse	55	12610000	21825	NA
311	Pulse	55	12620000	31825	NA
312	Pulse	55	12630000	1145	NA
312	Pulse	55	12640000	11145	NA
312	Pulse	55	12650000	21145	NA
312	Pulse	55	12660000	31145	NA
313	Pulse	55	12670000	548	NA
313	Pulse	55	12680000	10548	NA
313	Pulse	55	12690000	20548	NA
313	Pulse	55	12700000	30548	NA
313	Pulse	55	12710000	40548	NA
314	Pulse	55	12720000	9951	NA
314	Pulse	55	12730000	19951	NA
314	Pulse	55	12740000	29951	NA
314	Pulse	55	12750000	39951	NA
315	Pulse	55	12760000	9354	NA
315	Pulse	55	12770000	19354	NA
315	Pulse	55	12780000	29354	NA
315	Pulse	55	12790000	39354	NA
316	Pulse	55	12800000	8674	NA
316	Pulse	55	12810000	18674	NA
316	Pulse	55	12820000	28674	NA
316	Pulse	55	12830000	38674	NA
317	Pulse	55	12840000	8077	NA
317	Pulse	55	12850000	18077	NA
317	Pulse	55	12860000	28077	NA
317	Pulse	55	12870000	38077	NA
318	Pulse	55	12880000	7314	NA
318	Pulse	55	12890000	17314	NA
318	Pulse	55	12900000	27314	NA
318	Pulse	55	12910000	37314	NA
319	Pulse	55	12920000	6717	NA
319	Pulse	55	12930000	16717	NA
319	Pulse	55	12940000	26717	NA
319	Pulse	55	12950000	36717	NA
320	Pulse	55	12960000	6120	NA
320	Pulse	55	12970000	16120	NA
320	Pulse	55	12980000	26120	NA
320	Pulse	55	12990000	36120	NA
321	Pulse	55	13000000	5523	NA
321	Pulse	55	13010000	15523	NA
321	Pulse	55	13020000	25523	NA
321	Pulse	55	13030000	35523	NA
322	Pulse	55	13040000	4843	NA
322	Pulse	55	13050000	14843	NA
322	Pulse	55	13060000	24843	NA
322	Pulse	55	13070000	34843	NA
323	Pulse	55	13080000	4247	NA
323	Pulse	55	13090000	14247	NA
323	Pulse	55	13100000	24247	NA
323	Pulse	55	13110000	34247	NA
324	Pulse	55	13120000	3650	NA
324	Pulse	55	13130000	13650	NA
324	Pulse	55	13140000	23650	NA
324	Pulse	55	13150000	33650	NA
325	Pulse	55	13160000	3053	NA
325	Pulse	55	13170000	13053	NA
325	Pulse	55	13180000	23053	NA
325	Pulse	55	13190000	33053	NA
326	Pulse	55	13200000	2456	NA
326	Pulse	55	13210000	12456	NA
326	Pulse	55	13220000	22456	NA
326	Pulse	55	13230000	32456	NA
327	Pulse	55	13240000	1776	NA
327	Pulse	55	13250000	11776	NA
327	Pulse	55	13260000	21776	NA
327	Pulse	55	13270000	31776	NA
328	Pulse	55	13280000	1179	NA
328	Pulse	55	13290000	11179	NA
328	Pulse	55	13300000	21179	NA
328	Pulse	55	13310000	31179	NA
329	Pulse	55	13320000	582	NA
329	Pulse	55	13330000	10582	NA
329	Pulse	55	13340000	20582	NA
329	Pulse	55	13350000	30582	NA
329	Pulse	55	13360000	40582	NA
330	Pulse	55	13370000	9986	NA
330	Pulse	55	13380000	19986	NA
330	Pulse	55	13390000	29986	NA
330	Pulse	55	13400000	39986	NA
331	Pulse	55	13410000	9389	NA
331	Pulse	55	13420000	19389	NA
331	Pulse	55	13430000	29389	NA
331	Pulse	55	13440000	39389	NA
332	Pulse	55	13450000	8792	NA
332	Pulse	55	13460000	18792	NA
332	Pulse	55	13470000	28792	NA
332	Pulse	55	13480000	38792	NA
333	Pulse	55	13490000	8195	NA
333	Pulse	55	13500000	18195	NA
333	Pulse	55	13510000	28195	NA
333	Pulse	55	13520000	38195	NA
334	Pulse	55	13530000	7598	NA
334	Pulse	55	13540000	17598	NA
334	Pulse	55	13550000	27598	NA
334	Pulse	55	13560000	37598	NA
335	Pulse	55	13570000	7002	NA
335	Pulse	55	13580000	17002	NA
335	Pulse	55	13590000	27002	NA
335	Pulse	55	13600000	37002	NA
336	Pulse	55	13610000	6405	NA
336	Pulse	55	13620000	16405	NA
336	Pulse	55	13630000	26405	NA
336	Pulse	55	13640000	36405	NA
337	Pulse	55	13650000	5808	NA
337	Pulse	55	13660000	15808	NA
337	Pulse	55	13670000	25808	NA
337	Pulse	55	13680000	35808	NA
338	Pulse	55	13690000	5211	NA
338	Pulse	55	13700000	15211	NA
338	Pulse	55	13710000	25211	NA
338	Pulse	55	13720000	35211	NA
339	Pulse	55	13730000	4614	NA
339	Pulse	55	13740000	14614	NA
339	Pulse	55	13750000	24614	NA
339	Pulse	55	13760000	34614	NA
340	Pulse	55	13770000	4018	NA
340	Pulse	55	13780000	14018	NA
340	Pulse	55	13790000	24018	NA
340	Pulse	55	13800000	34018	NA
341	Pulse	55	13810000	3421	NA
341	Pulse	55	13820000	13421	NA
341	Pulse	55	13830000	23421	NA
341	Pulse	55	13840000	33421	NA
342	Pulse	55	13850000	2824	NA
342	Pulse	55	13860000	12824	NA
342	Pulse	55	13870000	22824	NA
342	Pulse	55	13880000	32824	NA
343	Pulse	55	13890000	2227	NA
343	Pulse	55	13900000	12227	NA
343	Pulse	55	13910000	22227	NA
343	Pulse	55	13920000	32227	NA
344	Pulse	55	13930000	1630	NA
344	Pulse	55	13940000	11630	NA
344	Pulse	55	13950000	21630	NA
344	Pulse	55	13960000	31630	NA
345	Pulse	55	13970000	1034	NA
345	Pulse	55	13980000	11034	NA
345	Pulse	55	13990000	21034	NA
345	Pulse	55	14000000	31034	NA
346	Pulse	55	14010000	437	NA
346	Pulse	55	14020000	10437	NA
346	Pulse	55	14030000	20437	NA
346	Pulse	55	14040000	30437	NA
346	Pulse	55	14050000	40437	NA
347	Pulse	55	14060000	9840	NA
347	Pulse	55	14070000	19840	NA
347	Pulse	55	14080000	29840	NA
347	Pulse	55	14090000	39840	NA
348	Pulse	55	14100000	9243	NA
348	Pulse	55	14110000	19243	NA
348	Pulse	55	14120000	29243	NA
348	Pulse	55	14130000	39243	NA
349	Pulse	55	14140000	8646	NA
349	Pulse	55	14150000	18646	NA
349	Pulse	55	14160000	28646	NA
349	Pulse	55	14170000	38646	NA
350	Pulse	55	14180000	8133	NA
350	Pulse	55	14190000	18133	NA
350	Pulse	55	14200000	28133	NA
350	Pulse	55	14210000	38133	NA
351	Pulse	55	14220000	7536	NA
351	Pulse	55	14230000	17536	NA
351	Pulse	55	14240000	27536	NA
351	Pulse	55	14250000	37536	NA
352	Pulse	55	14260000	7023	NA
352	Pulse	55	14270000	17023	NA
352	Pulse	55	14280000	27023	NA
352	Pulse	55	14290000	37023	NA
353	Pulse	55	14300000	6509	NA
353	Pulse	55	14310000	16509	NA
353	Pulse	55	14320000	26509	NA
353	Pulse	55	14330000	36509	NA
354	Pulse	55	14340000	5913	NA
354	Pulse	55	14350000	15913	NA
354	Pulse	55	14360000	25913	NA
354	Pulse	55	14370000	35913	NA
355	Pulse	55	14380000	5316	NA
355	Pulse	55	14390000	15316	NA
355	Pulse	55	14400000	25316	NA
355	Pulse	55	14410000	35316	NA
356	Pulse	55	14420000	4719	NA
356	Pulse	55	14430000	14719	NA
356	Pulse	55	14440000	24719	NA
356	Pulse	55	14450000	34719	NA
357	Pulse	55	14460000	4122	NA
357	Pulse	55	14470000	14122	NA
357	Pulse	55	14480000	24122	NA
357	Pulse	55	14490000	34122	NA
358	Pulse	55	14500000	3525	NA
358	Pulse	55	14510000	13525	NA
358	Pulse	55	14520000	23525	NA
358	Pulse	55	14530000	33525	NA
359	Pulse	55	14540000	2929	NA
359	Response	1	14545543	8471	1
359	Pulse	55	14550000	12929	NA
359	Pulse	55	14560000	22929	NA
359	Pulse	55	14570000	32929	NA
360	Pulse	55	14580000	2832	NA
360	Pulse	55	14590000	12832	NA
361	Pulse	55	14600000	2742	NA
361	Pulse	55	14610000	12742	NA
361	Pulse	55	14620000	22742	NA
361	Pulse	55	14630000	32742	NA
361	Pulse	55	14640000	42742	NA
361	Pulse	55	14650000	52742	NA
361	Pulse	55	14660000	62742	NA
361	Pulse	55	14670000	72742	NA
361	Pulse	55	14680000	82742	NA
361	Pulse	55	14690000	92742	NA
361	Pulse	55	14700000	102742	NA
361	Pulse	55	14710000	112742	NA
361	Pulse	55	14720000	122742	NA
361	Pulse	55	14730000	132742	NA
361	Pulse	55	14740000	142742	NA
361	Pulse	55	14750000	152742	NA
361	Pulse	55	14760000	162742	NA
361	Pulse	55	14770000	172742	NA
361	Pulse	55	14780000	182742	NA
361	Pulse	55	14790000	192742	NA
361	Pulse	55	14800000	202742	NA
361	Response	1	14804821	207563	1
361	Pulse	55	14810000	212742	NA
361	Pulse	55	14820000	222742	NA
362	Pulse	55	14830000	9918	NA
362	Pulse	55	14840000	19918	NA
362	Pulse	55	14850000	29918	NA
362	Pulse	55	14860000	39918	NA
362	Pulse	55	14870000	49918	NA
362	Pulse	55	14880000	59918	NA
362	Pulse	55	14890000	69918	NA
362	Pulse	55	14900000	79918	NA
362	Pulse	55	14910000	89918	NA
362	Pulse	55	14920000	99918	NA
362	Pulse	55	14930000	109918	NA
362	Pulse	55	14940000	119918	NA
362	Pulse	55	14950000	129918	NA
362	Pulse	55	14960000	139918	NA
362	Pulse	55	14970000	149918	NA
362	Pulse	55	14980000	159918	NA
362	Pulse	55	14990000	169918	NA
362	Pulse	55	15000000	179918	NA
362	Pulse	55	15010000	189918	NA
362	Pulse	55	15020000	199918	NA
362	Pulse	55	15030000	209918	NA
362	Pulse	55	15040000	219918	NA
362	Pulse	55	15050000	229918	NA
362	Pulse	55	15060000	239918	NA
362	Pulse	55	15070000	249918	NA
362	Pulse	55	15080000	259918	NA
362	Pulse	55	15090000	269918	NA
362	Pulse	55	15100000	279918	NA
362	Pulse	55	15110000	289918	NA
362	Pulse	55	15120000	299918	NA
362	Pulse	55	15130000	309918	NA
362	Pulse	55	15140000	319918	NA
362	Pulse	55	15150000	329918	NA
362	Pulse	55	15160000	339918	NA
362	Pulse	55	15170000	349918	NA
362	Pulse	55	15180000	359918	NA
362	Pulse	55	15190000	369918	NA
362	Pulse	55	15200000	379918	NA
362	Pulse	55	15210000	389918	NA
362	Pulse	55	15220000	399918	NA
362	Pulse	55	15230000	409918	NA
362	Pulse	55	15240000	419918	NA
362	Pulse	55	15250000	429918	NA
362	Pulse	55	15260000	439918	NA
362	Pulse	55	15270000	449918	NA
362	Pulse	55	15280000	459918	NA
362	Pulse	55	15290000	469918	NA
362	Pulse	55	15300000	479918	NA
362	Pulse	55	15310000	489918	NA
362	Pulse	55	15320000	499918	NA
362	Pulse	55	15330000	509918	NA
362	Pulse	55	15340000	519918	NA
362	Pulse	55	15350000	529918	NA
362	Pulse	55	15360000	539918	NA
362	Pulse	55	15370000	549918	NA
362	Pulse	55	15380000	559918	NA
362	Pulse	55	15390000	569918	NA
362	Pulse	55	15400000	579918	NA
362	Pulse	55	15410000	589918	NA
362	Pulse	55	15420000	599918	NA
362	Pulse	55	15430000	609918	NA
362	Pulse	55	15440000	619918	NA
362	Pulse	55	15450000	629918	NA
362	Pulse	55	15460000	639918	NA
362	Pulse	55	15470000	649918	NA
362	Pulse	55	15480000	659918	NA
362	Pulse	55	15490000	669918	NA
362	Pulse	55	15500000	679918	NA
362	Pulse	55	15510000	689918	NA
362	Pulse	55	15520000	699918	NA
362	Pulse	55	15530000	709918	NA
362	Pulse	55	15540000	719918	NA
362	Pulse	55	15550000	729918	NA
362	Pulse	55	15560000	739918	NA
362	Pulse	55	15570000	749918	NA
362	Pulse	55	15580000	759918	NA
362	Pulse	55	15590000	769918	NA
362	Pulse	55	15600000	779918	NA
362	Pulse	55	15610000	789918	NA
362	Pulse	55	15620000	799918	NA
362	Pulse	55	15630000	809918	NA
362	Pulse	55	15640000	819918	NA
362	Pulse	55	15650000	829918	NA
362	Pulse	55	15660000	839918	NA
362	Pulse	55	15670000	849918	NA
362	Pulse	55	15680000	859918	NA
362	Pulse	55	15690000	869918	NA
362	Pulse	55	15700000	879918	NA
362	Pulse	55	15710000	889918	NA
362	Pulse	55	15720000	899918	NA
362	Pulse	55	15730000	909918	NA
362	Pulse	55	15740000	919918	NA
362	Pulse	55	15750000	929918	NA
362	Pulse	55	15760000	939918	NA
362	Pulse	55	15770000	949918	NA
362	Pulse	55	15780000	959918	NA
362	Pulse	55	15790000	969918	NA
362	Pulse	55	15800000	979918	NA
362	Pulse	55	15810000	989918	NA
362	Pulse	55	15820000	999918	NA
362	Pulse	55	15830000	1009918	NA
362	Pulse	55	15840000	1019918	NA
362	Pulse	55	15850000	1029918	NA
362	Pulse	55	15860000	1039918	NA
362	Pulse	55	15870000	1049918	NA
362	Pulse	55	15880000	1059918	NA
362	Pulse	55	15890000	1069918	NA
362	Pulse	55	15900000	1079918	NA
362	Pulse	55	15910000	1089918	NA
362	Pulse	55	15920000	1099918	NA
362	Pulse	55	15930000	1109918	NA
362	Pulse	55	15940000	1119918	NA
362	Pulse	55	15950000	1129918	NA
362	Pulse	55	15960000	1139918	NA
362	Pulse	55	15970000	1149918	NA
362	Pulse	55	15980000	1159918	NA
362	Pulse	55	15990000	1169918	NA
362	Pulse	55	16000000	1179918	NA
362	Pulse	55	16010000	1189918	NA
362	Pulse	55	16020000	1199918	NA
362	Pulse	55	16030000	1209918	NA
362	Pulse	55	16040000	1219918	NA
362	Pulse	55	16050000	1229918	NA
362	Pulse	55	16060000	1239918	NA
362	Pulse	55	16070000	1249918	NA
362	Pulse	55	16080000	1259918	NA
362	Pulse	55	16090000	1269918	NA
362	Pulse	55	16100000	1279918	NA
362	Pulse	55	16110000	1289918	NA
362	Pulse	55	16120000	1299918	NA
362	Pulse	55	16130000	1309918	NA
362	Pulse	55	16140000	1319918	NA
362	Pulse	55	16150000	1329918	NA
362	Pulse	55	16160000	1339918	NA
362	Pulse	55	16170000	1349918	NA
362	Pulse	55	16180000	1359918	NA
362	Pulse	55	16190000	1369918	NA
362	Pulse	55	16200000	1379918	NA
362	Pulse	55	16210000	1389918	NA
362	Pulse	55	16220000	1399918	NA
362	Pulse	55	16230000	1409918	NA
362	Pulse	55	16240000	1419918	NA
362	Pulse	55	16250000	1429918	NA
362	Pulse	55	16260000	1439918	NA
362	Pulse	55	16270000	1449918	NA
362	Pulse	55	16280000	1459918	NA
362	Pulse	55	16290000	1469918	NA
362	Pulse	55	16300000	1479918	NA
362	Pulse	55	16310000	1489918	NA
362	Pulse	55	16320000	1499918	NA
362	Pulse	55	16330000	1509918	NA
362	Pulse	55	16340000	1519918	NA
362	Pulse	55	16350000	1529918	NA
362	Pulse	55	16360000	1539918	NA
362	Pulse	55	16370000	1549918	NA
362	Pulse	55	16380000	1559918	NA
362	Pulse	55	16390000	1569918	NA
362	Pulse	55	16400000	1579918	NA
362	Pulse	55	16410000	1589918	NA
362	Pulse	55	16420000	1599918	NA
362	Pulse	55	16430000	1609918	NA
362	Pulse	55	16440000	1619918	NA
362	Pulse	55	16450000	1629918	NA
362	Pulse	55	16460000	1639918	NA
362	Pulse	55	16470000	1649918	NA
362	Pulse	55	16480000	1659918	NA
362	Pulse	55	16490000	1669918	NA
362	Pulse	55	16500000	1679918	NA
362	Pulse	55	16510000	1689918	NA
362	Pulse	55	16520000	1699918	NA
362	Pulse	55	16530000	1709918	NA
362	Pulse	55	16540000	1719918	NA
362	Pulse	55	16550000	1729918	NA
362	Pulse	55	16560000	1739918	NA
362	Pulse	55	16570000	1749918	NA
362	Pulse	55	16580000	1759918	NA
362	Pulse	55	16590000	1769918	NA
362	Pulse	55	16600000	1779918	NA
362	Pulse	55	16610000	1789918	NA
362	Pulse	55	16620000	1799918	NA
362	Pulse	55	16630000	1809918	NA
362	Pulse	55	16640000	1819918	NA
362	Pulse	55	16650000	1829918	NA
362	Pulse	55	16660000	1839918	NA
362	Pulse	55	16670000	1849918	NA
362	Pulse	55	16680000	1859918	NA
362	Pulse	55	16690000	1869918	NA
362	Pulse	55	16700000	1879918	NA
362	Pulse	55	16710000	1889918	NA
362	Pulse	55	16720000	1899918	NA
362	Pulse	55	16730000	1909918	NA
362	Pulse	55	16740000	1919918	NA
362	Pulse	55	16750000	1929918	NA
362	Pulse	55	16760000	1939918	NA
362	Pulse	55	16770000	1949918	NA
362	Pulse	55	16780000	1959918	NA
362	Pulse	55	16790000	1969918	NA
362	Pulse	55	16800000	1979918	NA
362	Pulse	55	16810000	1989918	NA
362	Pulse	55	16820000	1999918	NA
362	Pulse	55	16830000	2009918	NA
362	Pulse	55	16840000	2019918	NA
362	Pulse	55	16850000	2029918	NA
362	Pulse	55	16860000	2039918	NA
362	Pulse	55	16870000	2049918	NA
362	Pulse	55	16880000	2059918	NA
362	Pulse	55	16890000	2069918	NA
362	Pulse	55	16900000	2079918	NA
362	Pulse	55	16910000	2089918	NA
362	Pulse	55	16920000	2099918	NA
362	Pulse	55	16930000	2109918	NA
362	Pulse	55	16940000	2119918	NA
362	Pulse	55	16950000	2129918	NA
362	Pulse	55	16960000	2139918	NA
362	Pulse	55	16970000	2149918	NA
362	Pulse	55	16980000	2159918	NA
362	Pulse	55	16990000	2169918	NA
362	Pulse	55	17000000	2179918	NA
362	Pulse	55	17010000	2189918	NA
362	Pulse	55	17020000	2199918	NA
362	Pulse	55	17030000	2209918	NA
362	Pulse	55	17040000	2219918	NA
362	Pulse	55	17050000	2229918	NA
362	Pulse	55	17060000	2239918	NA
362	Pulse	55	17070000	2249918	NA
362	Pulse	55	17080000	2259918	NA
362	Pulse	55	17090000	2269918	NA
362	Pulse	55	17100000	2279918	NA
362	Pulse	55	17110000	2289918	NA
362	Pulse	55	17120000	2299918	NA
362	Pulse	55	17130000	2309918	NA
362	Pulse	55	17140000	2319918	NA
362	Pulse	55	17150000	2329918	NA
362	Pulse	55	17160000	2339918	NA
362	Pulse	55	17170000	2349918	NA
362	Pulse	55	17180000	2359918	NA
362	Pulse	55	17190000	2369918	NA
362	Pulse	55	17200000	2379918	NA
362	Pulse	55	17210000	2389918	NA
362	Pulse	55	17220000	2399918	NA
362	Pulse	55	17230000	2409918	NA
362	Pulse	55	17240000	2419918	NA
362	Pulse	55	17250000	2429918	NA
362	Pulse	55	17260000	2439918	NA
362	Pulse	55	17270000	2449918	NA
362	Pulse	55	17280000	2459918	NA
362	Pulse	55	17290000	2469918	NA
362	Pulse	55	17300000	2479918	NA
362	Pulse	55	17310000	2489918	NA
362	Pulse	55	17320000	2499918	NA
362	Pulse	55	17330000	2509918	NA
362	Pulse	55	17340000	2519918	NA
362	Pulse	55	17350000	2529918	NA
362	Pulse	55	17360000	2539918	NA
362	Pulse	55	17370000	2549918	NA
362	Pulse	55	17380000	2559918	NA
362	Pulse	55	17390000	2569918	NA
362	Pulse	55	17400000	2579918	NA
362	Pulse	55	17410000	2589918	NA
362	Pulse	55	17420000	2599918	NA
362	Pulse	55	17430000	2609918	NA
362	Pulse	55	17440000	2619918	NA
362	Pulse	55	17450000	2629918	NA
362	Pulse	55	17460000	2639918	NA
362	Pulse	55	17470000	2649918	NA
362	Pulse	55	17480000	2659918	NA
362	Pulse	55	17490000	2669918	NA
362	Pulse	55	17500000	2679918	NA
362	Pulse	55	17510000	2689918	NA
362	Pulse	55	17520000	2699918	NA
362	Pulse	55	17530000	2709918	NA
362	Pulse	55	17540000	2719918	NA
362	Pulse	55	17550000	2729918	NA
362	Pulse	55	17560000	2739918	NA
362	Pulse	55	17570000	2749918	NA
362	Pulse	55	17580000	2759918	NA
362	Pulse	55	17590000	2769918	NA
362	Pulse	55	17600000	2779918	NA
362	Pulse	55	17610000	2789918	NA
362	Pulse	55	17620000	2799918	NA
362	Pulse	55	17630000	2809918	NA
362	Pulse	55	17640000	2819918	NA
362	Pulse	55	17650000	2829918	NA
362	Pulse	55	17660000	2839918	NA
362	Pulse	55	17670000	2849918	NA
362	Pulse	55	17680000	2859918	NA
362	Pulse	55	17690000	2869918	NA
362	Pulse	55	17700000	2879918	NA
362	Pulse	55	17710000	2889918	NA
362	Pulse	55	17720000	2899918	NA
362	Pulse	55	17730000	2909918	NA
362	Pulse	55	17740000	2919918	NA
362	Pulse	55	17750000	2929918	NA
362	Pulse	55	17760000	2939918	NA
362	Pulse	55	17770000	2949918	NA
362	Pulse	55	17780000	2959918	NA
362	Pulse	55	17790000	2969918	NA
362	Pulse	55	17800000	2979918	NA
362	Pulse	55	17810000	2989918	NA
362	Pulse	55	17820000	2999918	NA
362	Pulse	55	17830000	3009918	NA
362	Pulse	55	17840000	3019918	NA
362	Pulse	55	17850000	3029918	NA
362	Pulse	55	17860000	3039918	NA
362	Pulse	55	17870000	3049918	NA
362	Pulse	55	17880000	3059918	NA
362	Pulse	55	17890000	3069918	NA
362	Pulse	55	17900000	3079918	NA
362	Pulse	55	17910000	3089918	NA
362	Pulse	55	17920000	3099918	NA
362	Pulse	55	17930000	3109918	NA
362	Pulse	55	17940000	3119918	NA
362	Pulse	55	17950000	3129918	NA
362	Pulse	55	17960000	3139918	NA
362	Pulse	55	17970000	3149918	NA
362	Pulse	55	17980000	3159918	NA
362	Pulse	55	17990000	3169918	NA
362	Pulse	55	18000000	3179918	NA
362	Pulse	55	18010000	3189918	NA
362	Pulse	55	18020000	3199918	NA
362	Pulse	55	18030000	3209918	NA
362	Pulse	55	18040000	3219918	NA
362	Pulse	55	18050000	3229918	NA
362	Pulse	55	18060000	3239918	NA
362	Pulse	55	18070000	3249918	NA
362	Pulse	55	18080000	3259918	NA
362	Pulse	55	18090000	3269918	NA
362	Pulse	55	18100000	3279918	NA
362	Pulse	55	18110000	3289918	NA
362	Pulse	55	18120000	3299918	NA
362	Pulse	55	18130000	3309918	NA
362	Pulse	55	18140000	3319918	NA
362	Pulse	55	18150000	3329918	NA
362	Pulse	55	18160000	3339918	NA
362	Pulse	55	18170000	3349918	NA
362	Pulse	55	18180000	3359918	NA
362	Pulse	55	18190000	3369918	NA
362	Pulse	55	18200000	3379918	NA
362	Pulse	55	18210000	3389918	NA
362	Pulse	55	18220000	3399918	NA
362	Pulse	55	18230000	3409918	NA
362	Pulse	55	18240000	3419918	NA
362	Pulse	55	18250000	3429918	NA
362	Pulse	55	18260000	3439918	NA
362	Pulse	55	18270000	3449918	NA
362	Pulse	55	18280000	3459918	NA
362	Pulse	55	18290000	3469918	NA
362	Pulse	55	18300000	3479918	NA
362	Pulse	55	18310000	3489918	NA
362	Pulse	55	18320000	3499918	NA
362	Pulse	55	18330000	3509918	NA
362	Pulse	55	18340000	3519918	NA
362	Pulse	55	18350000	3529918	NA
362	Pulse	55	18360000	3539918	NA
362	Pulse	55	18370000	3549918	NA
362	Pulse	55	18380000	3559918	NA
362	Pulse	55	18390000	3569918	NA
362	Pulse	55	18400000	3579918	NA
362	Pulse	55	18410000	3589918	NA
362	Pulse	55	18420000	3599918	NA
362	Pulse	55	18430000	3609918	NA
362	Pulse	55	18440000	3619918	NA
362	Pulse	55	18450000	3629918	NA
362	Pulse	55	18460000	3639918	NA
362	Pulse	55	18470000	3649918	NA
362	Pulse	55	18480000	3659918	NA
362	Pulse	55	18490000	3669918	NA
362	Pulse	55	18500000	3679918	NA
362	Pulse	55	18510000	3689918	NA
362	Pulse	55	18520000	3699918	NA
362	Pulse	55	18530000	3709918	NA
362	Pulse	55	18540000	3719918	NA
362	Pulse	55	18550000	3729918	NA
362	Pulse	55	18560000	3739918	NA
362	Pulse	55	18570000	3749918	NA
362	Pulse	55	18580000	3759918	NA
362	Pulse	55	18590000	3769918	NA
362	Pulse	55	18600000	3779918	NA
362	Pulse	55	18610000	3789918	NA
362	Pulse	55	18620000	3799918	NA
362	Pulse	55	18630000	3809918	NA
362	Pulse	55	18640000	3819918	NA
362	Pulse	55	18650000	3829918	NA
362	Pulse	55	18660000	3839918	NA
362	Pulse	55	18670000	3849918	NA
362	Pulse	55	18680000	3859918	NA
362	Pulse	55	18690000	3869918	NA
362	Pulse	55	18700000	3879918	NA
362	Pulse	55	18710000	3889918	NA
362	Pulse	55	18720000	3899918	NA
362	Pulse	55	18730000	3909918	NA
362	Pulse	55	18740000	3919918	NA
362	Pulse	55	18750000	3929918	NA
362	Pulse	55	18760000	3939918	NA
362	Pulse	55	18770000	3949918	NA
362	Pulse	55	18780000	3959918	NA
362	Pulse	55	18790000	3969918	NA
362	Pulse	55	18800000	3979918	NA
362	Pulse	55	18810000	3989918	NA
362	Pulse	55	18820000	3999918	NA
362	Pulse	55	18830000	4009918	NA
362	Pulse	55	18840000	4019918	NA
362	Pulse	55	18850000	4029918	NA
362	Pulse	55	18860000	4039918	NA
362	Pulse	55	18870000	4049918	NA
362	Pulse	55	18880000	4059918	NA
362	Pulse	55	18890000	4069918	NA
362	Pulse	55	18900000	4079918	NA
362	Pulse	55	18910000	4089918	NA
362	Pulse	55	18920000	4099918	NA
362	Pulse	55	18930000	4109918	NA
362	Pulse	55	18940000	4119918	NA
362	Pulse	55	18950000	4129918	NA
362	Pulse	55	18960000	4139918	NA
362	Pulse	55	18970000	4149918	NA
362	Pulse	55	18980000	4159918	NA
362	Pulse	55	18990000	4169918	NA
362	Pulse	55	19000000	4179918	NA
362	Pulse	55	19010000	4189918	NA
362	Pulse	55	19020000	4199918	NA
362	Pulse	55	19030000	4209918	NA
362	Pulse	55	19040000	4219918	NA
362	Pulse	55	19050000	4229918	NA
362	Pulse	55	19060000	4239918	NA
362	Pulse	55	19070000	4249918	NA
362	Pulse	55	19080000	4259918	NA
362	Pulse	55	19090000	4269918	NA
362	Pulse	55	19100000	4279918	NA
362	Pulse	55	19110000	4289918	NA
362	Pulse	55	19120000	4299918	NA
362	Pulse	55	19130000	4309918	NA
362	Pulse	55	19140000	4319918	NA
362	Pulse	55	19150000	4329918	NA
362	Pulse	55	19160000	4339918	NA
362	Pulse	55	19170000	4349918	NA
362	Pulse	55	19180000	4359918	NA
362	Pulse	55	19190000	4369918	NA
362	Pulse	55	19200000	4379918	NA
362	Pulse	55	19210000	4389918	NA
362	Pulse	55	19220000	4399918	NA
362	Pulse	55	19230000	4409918	NA
362	Pulse	55	19240000	4419918	NA
362	Pulse	55	19250000	4429918	NA
362	Pulse	55	19260000	4439918	NA
362	Pulse	55	19270000	4449918	NA
362	Pulse	55	19280000	4459918	NA
362	Pulse	55	19290000	4469918	NA
362	Pulse	55	19300000	4479918	NA
362	Pulse	55	19310000	4489918	NA
362	Pulse	55	19320000	4499918	NA
362	Pulse	55	19330000	4509918	NA
362	Pulse	55	19340000	4519918	NA
362	Pulse	55	19350000	4529918	NA
362	Pulse	55	19360000	4539918	NA
362	Pulse	55	19370000	4549918	NA
362	Pulse	55	19380000	4559918	NA
362	Pulse	55	19390000	4569918	NA
362	Pulse	55	19400000	4579918	NA
362	Pulse	55	19410000	4589918	NA
362	Pulse	55	19420000	4599918	NA
362	Pulse	55	19430000	4609918	NA
362	Pulse	55	19440000	4619918	NA
362	Pulse	55	19450000	4629918	NA
362	Pulse	55	19460000	4639918	NA
362	Pulse	55	19470000	4649918	NA
362	Pulse	55	19480000	4659918	NA
362	Pulse	55	19490000	4669918	NA
362	Pulse	55	19500000	4679918	NA
362	Pulse	55	19510000	4689918	NA
362	Pulse	55	19520000	4699918	NA
362	Pulse	55	19530000	4709918	NA
362	Pulse	55	19540000	4719918	NA
362	Pulse	55	19550000	4729918	NA
362	Pulse	55	19560000	4739918	NA
362	Pulse	55	19570000	4749918	NA
362	Pulse	55	19580000	4759918	NA
362	Pulse	55	19590000	4769918	NA
362	Pulse	55	19600000	4779918	NA
362	Pulse	55	19610000	4789918	NA
362	Pulse	55	19620000	4799918	NA
362	Pulse	55	19630000	4809918	NA
362	Pulse	55	19640000	4819918	NA
362	Pulse	55	19650000	4829918	NA
362	Pulse	55	19660000	4839918	NA
362	Pulse	55	19670000	4849918	NA
362	Pulse	55	19680000	4859918	NA
362	Pulse	55	19690000	4869918	NA
362	Pulse	55	19700000	4879918	NA
362	Pulse	55	19710000	4889918	NA
362	Pulse	55	19720000	4899918	NA
362	Pulse	55	19730000	4909918	NA
362	Pulse	55	19740000	4919918	NA
362	Pulse	55	19750000	4929918	NA
362	Pulse	55	19760000	4939918	NA
362	Pulse	55	19770000	4949918	NA
362	Pulse	55	19780000	4959918	NA
362	Pulse	55	19790000	4969918	NA
362	Pulse	55	19800000	4979918	NA
362	Pulse	55	19810000	4989918	NA
362	Pulse	55	19820000	4999918	NA
362	Response	1	19827630	5007548	1
363	Pulse	55	19830000	2257	NA
363	Pulse	55	19840000	12257	NA
363	Pulse	55	19850000	22257	NA
363	Pulse	55	19860000	32257	NA
363	Pulse	55	19870000	42257	NA
363	Pulse	55	19880000	52257	NA
363	Pulse	55	19890000	62257	NA
363	Pulse	55	19900000	72257	NA
363	Pulse	55	19910000	82257	NA
363	Response	1	19918428	90685	1
