Scenario - Slideshow_D2.sce
Logfile written - 11/24/2021 16:49:29

Trial	Event Type	Code	Time	TTime	Uncertainty	Duration	Uncertainty	ReqTime	ReqDur	Stim Type	Pair Index

0	Pulse	55	0	0	NA
1	Pulse	55	10000	9334	NA
1	Pulse	55	20000	19334	NA
1	Pulse	55	30000	29334	NA
1	Pulse	55	40000	39334	NA
2	Pulse	55	50000	8668	NA
2	Pulse	55	60000	18668	NA
2	Pulse	55	70000	28668	NA
2	Pulse	55	80000	38668	NA
3	Pulse	55	90000	8002	NA
3	Pulse	55	100000	18002	NA
3	Pulse	55	110000	28002	NA
3	Pulse	55	120000	38002	NA
4	Pulse	55	130000	7336	NA
4	Pulse	55	140000	17336	NA
4	Pulse	55	150000	27336	NA
4	Pulse	55	160000	37336	NA
5	Pulse	55	170000	6670	NA
5	Pulse	55	180000	16670	NA
5	Pulse	55	190000	26670	NA
5	Pulse	55	200000	36670	NA
6	Pulse	55	210000	6004	NA
6	Pulse	55	220000	16004	NA
6	Pulse	55	230000	26004	NA
6	Pulse	55	240000	36004	NA
7	Pulse	55	250000	5338	NA
7	Pulse	55	260000	15338	NA
7	Pulse	55	270000	25338	NA
7	Pulse	55	280000	35338	NA
8	Pulse	55	290000	4672	NA
8	Pulse	55	300000	14672	NA
8	Pulse	55	310000	24672	NA
8	Pulse	55	320000	34672	NA
9	Pulse	55	330000	4006	NA
9	Pulse	55	340000	14006	NA
9	Pulse	55	350000	24006	NA
9	Pulse	55	360000	34006	NA
10	Pulse	55	370000	3506	NA
10	Pulse	55	380000	13506	NA
10	Pulse	55	390000	23506	NA
10	Pulse	55	400000	33506	NA
11	Pulse	55	410000	3007	NA
11	Pulse	55	420000	13007	NA
11	Pulse	55	430000	23007	NA
11	Pulse	55	440000	33007	NA
12	Pulse	55	450000	2341	NA
12	Pulse	55	460000	12341	NA
12	Pulse	55	470000	22341	NA
12	Pulse	55	480000	32341	NA
13	Pulse	55	490000	1675	NA
13	Pulse	55	500000	11675	NA
13	Pulse	55	510000	21675	NA
13	Pulse	55	520000	31675	NA
14	Pulse	55	530000	1009	NA
14	Pulse	55	540000	11009	NA
14	Pulse	55	550000	21009	NA
14	Pulse	55	560000	31009	NA
15	Pulse	55	570000	343	NA
15	Pulse	55	580000	10343	NA
15	Pulse	55	590000	20343	NA
15	Pulse	55	600000	30343	NA
15	Pulse	55	610000	40343	NA
16	Pulse	55	620000	9677	NA
16	Pulse	55	630000	19677	NA
16	Pulse	55	640000	29677	NA
16	Pulse	55	650000	39677	NA
17	Pulse	55	660000	9011	NA
17	Pulse	55	670000	19011	NA
17	Pulse	55	680000	29011	NA
17	Pulse	55	690000	39011	NA
18	Pulse	55	700000	8345	NA
18	Pulse	55	710000	18345	NA
18	Pulse	55	720000	28345	NA
18	Pulse	55	730000	38345	NA
19	Pulse	55	740000	7679	NA
19	Pulse	55	750000	17679	NA
19	Pulse	55	760000	27679	NA
19	Pulse	55	770000	37679	NA
20	Pulse	55	780000	7013	NA
20	Pulse	55	790000	17013	NA
20	Pulse	55	800000	27013	NA
20	Pulse	55	810000	37013	NA
21	Pulse	55	820000	6347	NA
21	Pulse	55	830000	16347	NA
21	Pulse	55	840000	26347	NA
21	Pulse	55	850000	36347	NA
22	Pulse	55	860000	5681	NA
22	Pulse	55	870000	15681	NA
22	Pulse	55	880000	25681	NA
22	Pulse	55	890000	35681	NA
23	Pulse	55	900000	5015	NA
23	Pulse	55	910000	15015	NA
23	Pulse	55	920000	25015	NA
23	Pulse	55	930000	35015	NA
24	Pulse	55	940000	4349	NA
24	Pulse	55	950000	14349	NA
24	Pulse	55	960000	24349	NA
24	Pulse	55	970000	34349	NA
25	Pulse	55	980000	3683	NA
25	Pulse	55	990000	13683	NA
25	Pulse	55	1000000	23683	NA
25	Pulse	55	1010000	33683	NA
26	Pulse	55	1020000	3017	NA
26	Pulse	55	1030000	13017	NA
26	Pulse	55	1040000	23017	NA
26	Pulse	55	1050000	33017	NA
27	Pulse	55	1060000	2351	NA
27	Pulse	55	1070000	12351	NA
27	Pulse	55	1080000	22351	NA
27	Pulse	55	1090000	32351	NA
28	Pulse	55	1100000	1685	NA
28	Pulse	55	1110000	11685	NA
28	Pulse	55	1120000	21685	NA
28	Pulse	55	1130000	31685	NA
29	Pulse	55	1140000	1019	NA
29	Pulse	55	1150000	11019	NA
29	Pulse	55	1160000	21019	NA
29	Pulse	55	1170000	31019	NA
30	Pulse	55	1180000	353	NA
30	Pulse	55	1190000	10353	NA
30	Pulse	55	1200000	20353	NA
30	Pulse	55	1210000	30353	NA
30	Pulse	55	1220000	40353	NA
31	Pulse	55	1230000	9687	NA
31	Pulse	55	1240000	19687	NA
31	Pulse	55	1250000	29687	NA
31	Pulse	55	1260000	39687	NA
32	Pulse	55	1270000	9021	NA
32	Pulse	55	1280000	19021	NA
32	Pulse	55	1290000	29021	NA
32	Pulse	55	1300000	39021	NA
33	Pulse	55	1310000	8355	NA
33	Pulse	55	1320000	18355	NA
33	Pulse	55	1330000	28355	NA
33	Pulse	55	1340000	38355	NA
34	Pulse	55	1350000	7689	NA
34	Pulse	55	1360000	17689	NA
34	Pulse	55	1370000	27689	NA
34	Pulse	55	1380000	37689	NA
35	Pulse	55	1390000	7023	NA
35	Pulse	55	1400000	17023	NA
35	Pulse	55	1410000	27023	NA
35	Pulse	55	1420000	37023	NA
36	Pulse	55	1430000	6357	NA
36	Pulse	55	1440000	16357	NA
36	Pulse	55	1450000	26357	NA
36	Pulse	55	1460000	36357	NA
37	Pulse	55	1470000	5691	NA
37	Pulse	55	1480000	15691	NA
37	Pulse	55	1490000	25691	NA
37	Pulse	55	1500000	35691	NA
38	Pulse	55	1510000	4858	NA
38	Pulse	55	1520000	14858	NA
38	Pulse	55	1530000	24858	NA
38	Pulse	55	1540000	34858	NA
39	Pulse	55	1550000	4192	NA
39	Pulse	55	1560000	14192	NA
39	Pulse	55	1570000	24192	NA
39	Pulse	55	1580000	34192	NA
40	Pulse	55	1590000	3526	NA
40	Pulse	55	1600000	13526	NA
40	Pulse	55	1610000	23526	NA
40	Pulse	55	1620000	33526	NA
41	Pulse	55	1630000	2860	NA
41	Pulse	55	1640000	12860	NA
41	Pulse	55	1650000	22860	NA
41	Pulse	55	1660000	32860	NA
42	Pulse	55	1670000	2194	NA
42	Pulse	55	1680000	12194	NA
42	Pulse	55	1690000	22194	NA
42	Pulse	55	1700000	32194	NA
43	Pulse	55	1710000	1528	NA
43	Pulse	55	1720000	11528	NA
43	Pulse	55	1730000	21528	NA
43	Pulse	55	1740000	31528	NA
44	Pulse	55	1750000	862	NA
44	Pulse	55	1760000	10862	NA
44	Pulse	55	1770000	20862	NA
44	Pulse	55	1780000	30862	NA
45	Pulse	55	1790000	196	NA
45	Pulse	55	1800000	10196	NA
45	Pulse	55	1810000	20196	NA
45	Pulse	55	1820000	30196	NA
45	Pulse	55	1830000	40196	NA
46	Pulse	55	1840000	9530	NA
46	Pulse	55	1850000	19530	NA
46	Pulse	55	1860000	29530	NA
46	Pulse	55	1870000	39530	NA
47	Pulse	55	1880000	8864	NA
47	Pulse	55	1890000	18864	NA
47	Pulse	55	1900000	28864	NA
47	Pulse	55	1910000	38864	NA
48	Pulse	55	1920000	8198	NA
48	Pulse	55	1930000	18198	NA
48	Pulse	55	1940000	28198	NA
48	Pulse	55	1950000	38198	NA
49	Pulse	55	1960000	7532	NA
49	Pulse	55	1970000	17532	NA
49	Pulse	55	1980000	27532	NA
49	Pulse	55	1990000	37532	NA
50	Pulse	55	2000000	6866	NA
50	Pulse	55	2010000	16866	NA
50	Pulse	55	2020000	26866	NA
50	Pulse	55	2030000	36866	NA
51	Pulse	55	2040000	6200	NA
51	Pulse	55	2050000	16200	NA
51	Pulse	55	2060000	26200	NA
51	Pulse	55	2070000	36200	NA
52	Pulse	55	2080000	5534	NA
52	Pulse	55	2090000	15534	NA
52	Pulse	55	2100000	25534	NA
52	Pulse	55	2110000	35534	NA
53	Pulse	55	2120000	4868	NA
53	Pulse	55	2130000	14868	NA
53	Pulse	55	2140000	24868	NA
53	Pulse	55	2150000	34868	NA
54	Pulse	55	2160000	4202	NA
54	Pulse	55	2170000	14202	NA
54	Pulse	55	2180000	24202	NA
54	Pulse	55	2190000	34202	NA
55	Pulse	55	2200000	3536	NA
55	Pulse	55	2210000	13536	NA
55	Pulse	55	2220000	23536	NA
55	Pulse	55	2230000	33536	NA
56	Pulse	55	2240000	2703	NA
56	Pulse	55	2250000	12703	NA
56	Pulse	55	2260000	22703	NA
56	Pulse	55	2270000	32703	NA
57	Pulse	55	2280000	2037	NA
57	Pulse	55	2290000	12037	NA
57	Pulse	55	2300000	22037	NA
57	Pulse	55	2310000	32037	NA
58	Pulse	55	2320000	1371	NA
58	Pulse	55	2330000	11371	NA
58	Pulse	55	2340000	21371	NA
58	Pulse	55	2350000	31371	NA
59	Pulse	55	2360000	705	NA
59	Pulse	55	2370000	10705	NA
59	Pulse	55	2380000	20705	NA
59	Pulse	55	2390000	30705	NA
60	Pulse	55	2400000	39	NA
60	Pulse	55	2410000	10039	NA
60	Pulse	55	2420000	20039	NA
60	Pulse	55	2430000	30039	NA
60	Pulse	55	2440000	40039	NA
61	Pulse	55	2450000	9373	NA
61	Pulse	55	2460000	19373	NA
61	Pulse	55	2470000	29373	NA
61	Pulse	55	2480000	39373	NA
62	Pulse	55	2490000	8707	NA
62	Pulse	55	2500000	18707	NA
62	Pulse	55	2510000	28707	NA
62	Pulse	55	2520000	38707	NA
63	Pulse	55	2530000	8041	NA
63	Pulse	55	2540000	18041	NA
63	Pulse	55	2550000	28041	NA
63	Pulse	55	2560000	38041	NA
64	Pulse	55	2570000	7375	NA
64	Pulse	55	2580000	17375	NA
64	Pulse	55	2590000	27375	NA
64	Pulse	55	2600000	37375	NA
65	Pulse	55	2610000	6709	NA
65	Pulse	55	2620000	16709	NA
65	Pulse	55	2630000	26709	NA
65	Pulse	55	2640000	36709	NA
66	Pulse	55	2650000	6043	NA
66	Pulse	55	2660000	16043	NA
66	Pulse	55	2670000	26043	NA
66	Pulse	55	2680000	36043	NA
67	Pulse	55	2690000	5377	NA
67	Pulse	55	2700000	15377	NA
67	Pulse	55	2710000	25377	NA
67	Pulse	55	2720000	35377	NA
68	Pulse	55	2730000	4711	NA
68	Pulse	55	2740000	14711	NA
68	Pulse	55	2750000	24711	NA
68	Pulse	55	2760000	34711	NA
69	Pulse	55	2770000	4045	NA
69	Pulse	55	2780000	14045	NA
69	Pulse	55	2790000	24045	NA
69	Pulse	55	2800000	34045	NA
70	Pulse	55	2810000	3379	NA
70	Pulse	55	2820000	13379	NA
70	Pulse	55	2830000	23379	NA
70	Pulse	55	2840000	33379	NA
71	Pulse	55	2850000	2713	NA
71	Pulse	55	2860000	12713	NA
71	Pulse	55	2870000	22713	NA
71	Pulse	55	2880000	32713	NA
72	Pulse	55	2890000	2047	NA
72	Pulse	55	2900000	12047	NA
72	Pulse	55	2910000	22047	NA
72	Pulse	55	2920000	32047	NA
73	Pulse	55	2930000	1381	NA
73	Pulse	55	2940000	11381	NA
73	Pulse	55	2950000	21381	NA
73	Pulse	55	2960000	31381	NA
74	Pulse	55	2970000	715	NA
74	Pulse	55	2980000	10715	NA
74	Pulse	55	2990000	20715	NA
74	Pulse	55	3000000	30715	NA
75	Pulse	55	3010000	49	NA
75	Pulse	55	3020000	10049	NA
75	Pulse	55	3030000	20049	NA
75	Pulse	55	3040000	30049	NA
75	Pulse	55	3050000	40049	NA
76	Pulse	55	3060000	9383	NA
76	Pulse	55	3070000	19383	NA
76	Pulse	55	3080000	29383	NA
76	Pulse	55	3090000	39383	NA
77	Pulse	55	3100000	8717	NA
77	Pulse	55	3110000	18717	NA
77	Pulse	55	3120000	28717	NA
77	Pulse	55	3130000	38717	NA
78	Pulse	55	3140000	8051	NA
78	Pulse	55	3150000	18051	NA
78	Pulse	55	3160000	28051	NA
78	Pulse	55	3170000	38051	NA
79	Pulse	55	3180000	7385	NA
79	Pulse	55	3190000	17385	NA
79	Pulse	55	3200000	27385	NA
79	Pulse	55	3210000	37385	NA
80	Pulse	55	3220000	6719	NA
80	Pulse	55	3230000	16719	NA
80	Pulse	55	3240000	26719	NA
80	Pulse	55	3250000	36719	NA
81	Pulse	55	3260000	6053	NA
81	Pulse	55	3270000	16053	NA
81	Pulse	55	3280000	26053	NA
81	Pulse	55	3290000	36053	NA
82	Pulse	55	3300000	5387	NA
82	Pulse	55	3310000	15387	NA
82	Pulse	55	3320000	25387	NA
82	Pulse	55	3330000	35387	NA
83	Pulse	55	3340000	4721	NA
83	Pulse	55	3350000	14721	NA
83	Pulse	55	3360000	24721	NA
83	Pulse	55	3370000	34721	NA
84	Pulse	55	3380000	4055	NA
84	Pulse	55	3390000	14055	NA
84	Pulse	55	3400000	24055	NA
84	Pulse	55	3410000	34055	NA
85	Pulse	55	3420000	3389	NA
85	Pulse	55	3430000	13389	NA
85	Pulse	55	3440000	23389	NA
85	Pulse	55	3450000	33389	NA
86	Pulse	55	3460000	2723	NA
86	Pulse	55	3470000	12723	NA
86	Pulse	55	3480000	22723	NA
86	Pulse	55	3490000	32723	NA
87	Pulse	55	3500000	2057	NA
87	Pulse	55	3510000	12057	NA
87	Pulse	55	3520000	22057	NA
87	Pulse	55	3530000	32057	NA
88	Pulse	55	3540000	1391	NA
88	Pulse	55	3550000	11391	NA
88	Pulse	55	3560000	21391	NA
88	Pulse	55	3570000	31391	NA
89	Pulse	55	3580000	725	NA
89	Pulse	55	3590000	10725	NA
89	Pulse	55	3600000	20725	NA
89	Pulse	55	3610000	30725	NA
90	Pulse	55	3620000	59	NA
90	Pulse	55	3630000	10059	NA
90	Pulse	55	3640000	20059	NA
90	Pulse	55	3650000	30059	NA
90	Pulse	55	3660000	40059	NA
91	Pulse	55	3670000	9393	NA
91	Pulse	55	3680000	19393	NA
91	Pulse	55	3690000	29393	NA
91	Pulse	55	3700000	39393	NA
92	Pulse	55	3710000	8727	NA
92	Pulse	55	3720000	18727	NA
92	Pulse	55	3730000	28727	NA
92	Pulse	55	3740000	38727	NA
93	Pulse	55	3750000	8061	NA
93	Pulse	55	3760000	18061	NA
93	Pulse	55	3770000	28061	NA
93	Pulse	55	3780000	38061	NA
94	Pulse	55	3790000	7395	NA
94	Pulse	55	3800000	17395	NA
94	Pulse	55	3810000	27395	NA
94	Pulse	55	3820000	37395	NA
95	Pulse	55	3830000	6728	NA
95	Pulse	55	3840000	16728	NA
95	Pulse	55	3850000	26728	NA
95	Pulse	55	3860000	36728	NA
96	Pulse	55	3870000	6062	NA
96	Pulse	55	3880000	16062	NA
96	Pulse	55	3890000	26062	NA
96	Pulse	55	3900000	36062	NA
97	Pulse	55	3910000	5396	NA
97	Pulse	55	3920000	15396	NA
97	Pulse	55	3930000	25396	NA
97	Pulse	55	3940000	35396	NA
98	Pulse	55	3950000	4731	NA
98	Pulse	55	3960000	14731	NA
98	Pulse	55	3970000	24731	NA
98	Pulse	55	3980000	34731	NA
99	Pulse	55	3990000	4065	NA
99	Pulse	55	4000000	14065	NA
99	Pulse	55	4010000	24065	NA
99	Pulse	55	4020000	34065	NA
100	Pulse	55	4030000	3398	NA
100	Pulse	55	4040000	13398	NA
100	Pulse	55	4050000	23398	NA
100	Pulse	55	4060000	33398	NA
101	Pulse	55	4070000	2732	NA
101	Pulse	55	4080000	12732	NA
101	Pulse	55	4090000	22732	NA
101	Pulse	55	4100000	32732	NA
102	Pulse	55	4110000	2066	NA
102	Pulse	55	4120000	12066	NA
102	Pulse	55	4130000	22066	NA
102	Pulse	55	4140000	32066	NA
103	Pulse	55	4150000	1400	NA
103	Pulse	55	4160000	11400	NA
103	Pulse	55	4170000	21400	NA
103	Pulse	55	4180000	31400	NA
104	Pulse	55	4190000	734	NA
104	Pulse	55	4200000	10734	NA
104	Pulse	55	4210000	20734	NA
104	Pulse	55	4220000	30734	NA
105	Pulse	55	4230000	68	NA
105	Pulse	55	4240000	10068	NA
105	Pulse	55	4250000	20068	NA
105	Pulse	55	4260000	30068	NA
105	Pulse	55	4270000	40068	NA
106	Pulse	55	4280000	9402	NA
106	Pulse	55	4290000	19402	NA
106	Pulse	55	4300000	29402	NA
106	Pulse	55	4310000	39402	NA
107	Pulse	55	4320000	8903	NA
107	Pulse	55	4330000	18903	NA
107	Pulse	55	4340000	28903	NA
107	Pulse	55	4350000	38903	NA
108	Pulse	55	4360000	8404	NA
108	Pulse	55	4370000	18404	NA
108	Pulse	55	4380000	28404	NA
108	Pulse	55	4390000	38404	NA
109	Pulse	55	4400000	7738	NA
109	Pulse	55	4410000	17738	NA
109	Pulse	55	4420000	27738	NA
109	Pulse	55	4430000	37738	NA
110	Pulse	55	4440000	7072	NA
110	Pulse	55	4450000	17072	NA
110	Pulse	55	4460000	27072	NA
110	Pulse	55	4470000	37072	NA
111	Pulse	55	4480000	6406	NA
111	Pulse	55	4490000	16406	NA
111	Pulse	55	4500000	26406	NA
111	Pulse	55	4510000	36406	NA
112	Pulse	55	4520000	5740	NA
112	Pulse	55	4530000	15740	NA
112	Pulse	55	4540000	25740	NA
112	Pulse	55	4550000	35740	NA
113	Pulse	55	4560000	5074	NA
113	Pulse	55	4570000	15074	NA
113	Pulse	55	4580000	25074	NA
113	Pulse	55	4590000	35074	NA
114	Pulse	55	4600000	4408	NA
114	Pulse	55	4610000	14408	NA
114	Pulse	55	4620000	24408	NA
114	Pulse	55	4630000	34408	NA
115	Pulse	55	4640000	3908	NA
115	Pulse	55	4650000	13908	NA
115	Pulse	55	4660000	23908	NA
115	Pulse	55	4670000	33908	NA
116	Pulse	55	4680000	3242	NA
116	Pulse	55	4690000	13242	NA
116	Pulse	55	4700000	23242	NA
116	Pulse	55	4710000	33242	NA
117	Pulse	55	4720000	2576	NA
117	Pulse	55	4730000	12576	NA
117	Pulse	55	4740000	22576	NA
117	Pulse	55	4750000	32576	NA
118	Pulse	55	4760000	2077	NA
118	Pulse	55	4770000	12077	NA
118	Pulse	55	4780000	22077	NA
118	Pulse	55	4790000	32077	NA
119	Pulse	55	4800000	1578	NA
119	Pulse	55	4810000	11578	NA
119	Pulse	55	4820000	21578	NA
119	Pulse	55	4830000	31578	NA
120	Pulse	55	4840000	912	NA
120	Pulse	55	4850000	10912	NA
120	Pulse	55	4860000	20912	NA
120	Pulse	55	4870000	30912	NA
121	Pulse	55	4880000	412	NA
121	Pulse	55	4890000	10412	NA
121	Pulse	55	4900000	20412	NA
121	Pulse	55	4910000	30412	NA
121	Pulse	55	4920000	40412	NA
122	Pulse	55	4930000	9746	NA
122	Pulse	55	4940000	19746	NA
122	Pulse	55	4950000	29746	NA
122	Pulse	55	4960000	39746	NA
123	Pulse	55	4970000	9247	NA
123	Pulse	55	4980000	19247	NA
123	Pulse	55	4990000	29247	NA
123	Pulse	55	5000000	39247	NA
124	Pulse	55	5010000	8748	NA
124	Pulse	55	5020000	18748	NA
124	Pulse	55	5030000	28748	NA
124	Pulse	55	5040000	38748	NA
125	Pulse	55	5050000	8248	NA
125	Pulse	55	5060000	18248	NA
125	Pulse	55	5070000	28248	NA
125	Pulse	55	5080000	38248	NA
126	Pulse	55	5090000	7582	NA
126	Pulse	55	5100000	17582	NA
126	Pulse	55	5110000	27582	NA
126	Pulse	55	5120000	37582	NA
127	Pulse	55	5130000	6916	NA
127	Pulse	55	5140000	16916	NA
127	Pulse	55	5150000	26916	NA
127	Pulse	55	5160000	36916	NA
128	Pulse	55	5170000	6250	NA
128	Pulse	55	5180000	16250	NA
128	Pulse	55	5190000	26250	NA
128	Pulse	55	5200000	36250	NA
129	Pulse	55	5210000	5584	NA
129	Pulse	55	5220000	15584	NA
129	Pulse	55	5230000	25584	NA
129	Pulse	55	5240000	35584	NA
130	Pulse	55	5250000	4918	NA
130	Pulse	55	5260000	14918	NA
130	Pulse	55	5270000	24918	NA
130	Pulse	55	5280000	34918	NA
131	Pulse	55	5290000	4252	NA
131	Pulse	55	5300000	14252	NA
131	Pulse	55	5310000	24252	NA
131	Pulse	55	5320000	34252	NA
132	Pulse	55	5330000	3753	NA
132	Pulse	55	5340000	13753	NA
132	Pulse	55	5350000	23753	NA
132	Pulse	55	5360000	33753	NA
133	Pulse	55	5370000	3087	NA
133	Pulse	55	5380000	13087	NA
133	Pulse	55	5390000	23087	NA
133	Pulse	55	5400000	33087	NA
134	Pulse	55	5410000	2421	NA
134	Pulse	55	5420000	12421	NA
134	Pulse	55	5430000	22421	NA
134	Pulse	55	5440000	32421	NA
135	Pulse	55	5450000	1755	NA
135	Pulse	55	5460000	11755	NA
135	Pulse	55	5470000	21755	NA
135	Pulse	55	5480000	31755	NA
136	Pulse	55	5490000	1089	NA
136	Pulse	55	5500000	11089	NA
136	Pulse	55	5510000	21089	NA
136	Pulse	55	5520000	31089	NA
137	Pulse	55	5530000	423	NA
137	Pulse	55	5540000	10423	NA
137	Pulse	55	5550000	20423	NA
137	Pulse	55	5560000	30423	NA
137	Pulse	55	5570000	40423	NA
138	Pulse	55	5580000	9923	NA
138	Pulse	55	5590000	19923	NA
138	Pulse	55	5600000	29923	NA
138	Pulse	55	5610000	39923	NA
139	Pulse	55	5620000	9257	NA
139	Pulse	55	5630000	19257	NA
139	Pulse	55	5640000	29257	NA
139	Pulse	55	5650000	39257	NA
140	Pulse	55	5660000	8591	NA
140	Pulse	55	5670000	18591	NA
140	Pulse	55	5680000	28591	NA
140	Pulse	55	5690000	38591	NA
141	Pulse	55	5700000	8092	NA
141	Pulse	55	5710000	18092	NA
141	Pulse	55	5720000	28092	NA
141	Pulse	55	5730000	38092	NA
142	Pulse	55	5740000	7426	NA
142	Pulse	55	5750000	17426	NA
142	Pulse	55	5760000	27426	NA
142	Pulse	55	5770000	37426	NA
143	Pulse	55	5780000	6760	NA
143	Pulse	55	5790000	16760	NA
143	Pulse	55	5800000	26760	NA
143	Pulse	55	5810000	36760	NA
144	Pulse	55	5820000	6261	NA
144	Pulse	55	5830000	16261	NA
144	Pulse	55	5840000	26261	NA
144	Pulse	55	5850000	36261	NA
145	Pulse	55	5860000	5761	NA
145	Pulse	55	5870000	15761	NA
145	Pulse	55	5880000	25761	NA
145	Pulse	55	5890000	35761	NA
146	Pulse	55	5900000	5095	NA
146	Pulse	55	5910000	15095	NA
146	Pulse	55	5920000	25095	NA
146	Pulse	55	5930000	35095	NA
147	Pulse	55	5940000	4429	NA
147	Pulse	55	5950000	14429	NA
147	Pulse	55	5960000	24429	NA
147	Pulse	55	5970000	34429	NA
148	Pulse	55	5980000	3763	NA
148	Pulse	55	5990000	13763	NA
148	Pulse	55	6000000	23763	NA
148	Pulse	55	6010000	33763	NA
149	Pulse	55	6020000	3097	NA
149	Pulse	55	6030000	13097	NA
149	Pulse	55	6040000	23097	NA
149	Pulse	55	6050000	33097	NA
150	Pulse	55	6060000	2431	NA
150	Pulse	55	6070000	12431	NA
150	Pulse	55	6080000	22431	NA
150	Pulse	55	6090000	32431	NA
151	Pulse	55	6100000	1765	NA
151	Pulse	55	6110000	11765	NA
151	Pulse	55	6120000	21765	NA
151	Pulse	55	6130000	31765	NA
152	Pulse	55	6140000	1099	NA
152	Pulse	55	6150000	11099	NA
152	Pulse	55	6160000	21099	NA
152	Pulse	55	6170000	31099	NA
153	Pulse	55	6180000	600	NA
153	Pulse	55	6190000	10600	NA
153	Pulse	55	6200000	20600	NA
153	Pulse	55	6210000	30600	NA
154	Pulse	55	6220000	100	NA
154	Pulse	55	6230000	10100	NA
154	Pulse	55	6240000	20100	NA
154	Pulse	55	6250000	30100	NA
154	Pulse	55	6260000	40100	NA
155	Pulse	55	6270000	9601	NA
155	Pulse	55	6280000	19601	NA
155	Pulse	55	6290000	29601	NA
155	Pulse	55	6300000	39601	NA
156	Pulse	55	6310000	9102	NA
156	Pulse	55	6320000	19102	NA
156	Pulse	55	6330000	29102	NA
156	Pulse	55	6340000	39102	NA
157	Pulse	55	6350000	8436	NA
157	Pulse	55	6360000	18436	NA
157	Pulse	55	6370000	28436	NA
157	Pulse	55	6380000	38436	NA
158	Pulse	55	6390000	7936	NA
158	Pulse	55	6400000	17936	NA
158	Pulse	55	6410000	27936	NA
158	Pulse	55	6420000	37936	NA
159	Pulse	55	6430000	7270	NA
159	Pulse	55	6440000	17270	NA
159	Pulse	55	6450000	27270	NA
159	Pulse	55	6460000	37270	NA
160	Pulse	55	6470000	6604	NA
160	Pulse	55	6480000	16604	NA
160	Pulse	55	6490000	26604	NA
160	Pulse	55	6500000	36604	NA
161	Pulse	55	6510000	5938	NA
161	Pulse	55	6520000	15938	NA
161	Pulse	55	6530000	25938	NA
161	Pulse	55	6540000	35938	NA
162	Pulse	55	6550000	5439	NA
162	Pulse	55	6560000	15439	NA
162	Pulse	55	6570000	25439	NA
162	Pulse	55	6580000	35439	NA
163	Pulse	55	6590000	4773	NA
163	Pulse	55	6600000	14773	NA
163	Pulse	55	6610000	24773	NA
163	Pulse	55	6620000	34773	NA
164	Pulse	55	6630000	4107	NA
164	Pulse	55	6640000	14107	NA
164	Pulse	55	6650000	24107	NA
164	Pulse	55	6660000	34107	NA
165	Pulse	55	6670000	3441	NA
165	Pulse	55	6680000	13441	NA
165	Pulse	55	6690000	23441	NA
165	Pulse	55	6700000	33441	NA
166	Pulse	55	6710000	2775	NA
166	Pulse	55	6720000	12775	NA
166	Pulse	55	6730000	22775	NA
166	Pulse	55	6740000	32775	NA
167	Pulse	55	6750000	2109	NA
167	Pulse	55	6760000	12109	NA
167	Pulse	55	6770000	22109	NA
167	Pulse	55	6780000	32109	NA
168	Pulse	55	6790000	1443	NA
168	Pulse	55	6800000	11443	NA
168	Pulse	55	6810000	21443	NA
168	Pulse	55	6820000	31443	NA
169	Pulse	55	6830000	944	NA
169	Pulse	55	6840000	10944	NA
169	Pulse	55	6850000	20944	NA
169	Pulse	55	6860000	30944	NA
170	Pulse	55	6870000	278	NA
170	Pulse	55	6880000	10278	NA
170	Pulse	55	6890000	20278	NA
170	Pulse	55	6900000	30278	NA
170	Pulse	55	6910000	40278	NA
171	Pulse	55	6920000	9778	NA
171	Pulse	55	6930000	19778	NA
171	Pulse	55	6940000	29778	NA
171	Pulse	55	6950000	39778	NA
172	Pulse	55	6960000	9279	NA
172	Pulse	55	6970000	19279	NA
172	Pulse	55	6980000	29279	NA
172	Pulse	55	6990000	39279	NA
173	Pulse	55	7000000	8613	NA
173	Pulse	55	7010000	18613	NA
173	Pulse	55	7020000	28613	NA
173	Pulse	55	7030000	38613	NA
174	Pulse	55	7040000	8114	NA
174	Pulse	55	7050000	18114	NA
174	Pulse	55	7060000	28114	NA
174	Pulse	55	7070000	38114	NA
175	Pulse	55	7080000	7614	NA
175	Pulse	55	7090000	17614	NA
175	Pulse	55	7100000	27614	NA
175	Pulse	55	7110000	37614	NA
176	Pulse	55	7120000	6948	NA
176	Pulse	55	7130000	16948	NA
176	Pulse	55	7140000	26948	NA
176	Pulse	55	7150000	36948	NA
177	Pulse	55	7160000	6282	NA
177	Pulse	55	7170000	16282	NA
177	Pulse	55	7180000	26282	NA
177	Pulse	55	7190000	36282	NA
178	Pulse	55	7200000	5783	NA
178	Pulse	55	7210000	15783	NA
178	Pulse	55	7220000	25783	NA
178	Pulse	55	7230000	35783	NA
179	Pulse	55	7240000	5283	NA
179	Pulse	55	7250000	15283	NA
179	Pulse	55	7260000	25283	NA
179	Pulse	55	7270000	35283	NA
180	Pulse	55	7280000	4617	NA
180	Pulse	55	7290000	14617	NA
180	Pulse	55	7300000	24617	NA
180	Pulse	55	7310000	34617	NA
181	Pulse	55	7320000	3951	NA
181	Pulse	55	7330000	13951	NA
181	Pulse	55	7340000	23951	NA
181	Pulse	55	7350000	33951	NA
182	Pulse	55	7360000	3285	NA
182	Pulse	55	7370000	13285	NA
182	Pulse	55	7380000	23285	NA
182	Pulse	55	7390000	33285	NA
183	Pulse	55	7400000	2619	NA
183	Pulse	55	7410000	12619	NA
183	Pulse	55	7420000	22619	NA
183	Pulse	55	7430000	32619	NA
184	Pulse	55	7440000	1953	NA
184	Pulse	55	7450000	11953	NA
184	Pulse	55	7460000	21953	NA
184	Pulse	55	7470000	31953	NA
185	Pulse	55	7480000	1454	NA
185	Pulse	55	7490000	11454	NA
185	Pulse	55	7500000	21454	NA
185	Pulse	55	7510000	31454	NA
186	Pulse	55	7520000	788	NA
186	Pulse	55	7530000	10788	NA
186	Pulse	55	7540000	20788	NA
186	Pulse	55	7550000	30788	NA
187	Pulse	55	7560000	122	NA
187	Pulse	55	7570000	10122	NA
187	Pulse	55	7580000	20122	NA
187	Pulse	55	7590000	30122	NA
187	Pulse	55	7600000	40122	NA
188	Pulse	55	7610000	9456	NA
188	Pulse	55	7620000	19456	NA
188	Pulse	55	7630000	29456	NA
188	Pulse	55	7640000	39456	NA
189	Pulse	55	7650000	8790	NA
189	Pulse	55	7660000	18790	NA
189	Pulse	55	7670000	28790	NA
189	Pulse	55	7680000	38790	NA
190	Pulse	55	7690000	8124	NA
190	Pulse	55	7700000	18124	NA
190	Pulse	55	7710000	28124	NA
190	Pulse	55	7720000	38124	NA
191	Pulse	55	7730000	7458	NA
191	Pulse	55	7740000	17458	NA
191	Pulse	55	7750000	27458	NA
191	Pulse	55	7760000	37458	NA
192	Pulse	55	7770000	6792	NA
192	Pulse	55	7780000	16792	NA
192	Pulse	55	7790000	26792	NA
192	Pulse	55	7800000	36792	NA
193	Pulse	55	7810000	6126	NA
193	Pulse	55	7820000	16126	NA
193	Pulse	55	7830000	26126	NA
193	Pulse	55	7840000	36126	NA
194	Pulse	55	7850000	5460	NA
194	Pulse	55	7860000	15460	NA
194	Pulse	55	7870000	25460	NA
194	Pulse	55	7880000	35460	NA
195	Pulse	55	7890000	4794	NA
195	Pulse	55	7900000	14794	NA
195	Pulse	55	7910000	24794	NA
195	Pulse	55	7920000	34794	NA
196	Pulse	55	7930000	4128	NA
196	Pulse	55	7940000	14128	NA
196	Pulse	55	7950000	24128	NA
196	Pulse	55	7960000	34128	NA
197	Pulse	55	7970000	3462	NA
197	Pulse	55	7980000	13462	NA
197	Pulse	55	7990000	23462	NA
197	Pulse	55	8000000	33462	NA
198	Pulse	55	8010000	2963	NA
198	Pulse	55	8020000	12963	NA
198	Pulse	55	8030000	22963	NA
198	Pulse	55	8040000	32963	NA
199	Pulse	55	8050000	2296	NA
199	Pulse	55	8060000	12296	NA
199	Pulse	55	8070000	22296	NA
199	Pulse	55	8080000	32296	NA
200	Pulse	55	8090000	1630	NA
200	Pulse	55	8100000	11630	NA
200	Pulse	55	8110000	21630	NA
200	Pulse	55	8120000	31630	NA
201	Pulse	55	8130000	1131	NA
201	Pulse	55	8140000	11131	NA
201	Pulse	55	8150000	21131	NA
201	Pulse	55	8160000	31131	NA
202	Pulse	55	8170000	632	NA
202	Pulse	55	8180000	10632	NA
202	Pulse	55	8190000	20632	NA
202	Pulse	55	8200000	30632	NA
203	Pulse	55	8210000	133	NA
203	Pulse	55	8220000	10133	NA
203	Pulse	55	8230000	20133	NA
203	Pulse	55	8240000	30133	NA
203	Pulse	55	8250000	40133	NA
204	Pulse	55	8260000	9466	NA
204	Pulse	55	8270000	19466	NA
204	Pulse	55	8280000	29466	NA
204	Pulse	55	8290000	39466	NA
205	Pulse	55	8300000	8967	NA
205	Pulse	55	8310000	18967	NA
205	Pulse	55	8320000	28967	NA
205	Pulse	55	8330000	38967	NA
206	Pulse	55	8340000	8301	NA
206	Pulse	55	8350000	18301	NA
206	Pulse	55	8360000	28301	NA
206	Pulse	55	8370000	38301	NA
207	Pulse	55	8380000	7802	NA
207	Pulse	55	8390000	17802	NA
207	Pulse	55	8400000	27802	NA
207	Pulse	55	8410000	37802	NA
208	Pulse	55	8420000	7302	NA
208	Pulse	55	8430000	17302	NA
208	Pulse	55	8440000	27302	NA
208	Pulse	55	8450000	37302	NA
209	Pulse	55	8460000	6636	NA
209	Pulse	55	8470000	16636	NA
209	Pulse	55	8480000	26636	NA
209	Pulse	55	8490000	36636	NA
210	Pulse	55	8500000	6137	NA
210	Pulse	55	8510000	16137	NA
210	Pulse	55	8520000	26137	NA
210	Pulse	55	8530000	36137	NA
211	Pulse	55	8540000	5638	NA
211	Pulse	55	8550000	15638	NA
211	Pulse	55	8560000	25638	NA
211	Pulse	55	8570000	35638	NA
212	Pulse	55	8580000	5138	NA
212	Pulse	55	8590000	15138	NA
212	Pulse	55	8600000	25138	NA
212	Pulse	55	8610000	35138	NA
213	Pulse	55	8620000	4639	NA
213	Pulse	55	8630000	14639	NA
213	Pulse	55	8640000	24639	NA
213	Pulse	55	8650000	34639	NA
214	Pulse	55	8660000	3973	NA
214	Pulse	55	8670000	13973	NA
214	Pulse	55	8680000	23973	NA
214	Pulse	55	8690000	33973	NA
215	Pulse	55	8700000	3307	NA
215	Pulse	55	8710000	13307	NA
215	Pulse	55	8720000	23307	NA
215	Pulse	55	8730000	33307	NA
216	Pulse	55	8740000	2641	NA
216	Pulse	55	8750000	12641	NA
216	Pulse	55	8760000	22641	NA
216	Pulse	55	8770000	32641	NA
217	Pulse	55	8780000	2308	NA
217	Pulse	55	8790000	12308	NA
217	Pulse	55	8800000	22308	NA
217	Pulse	55	8810000	32308	NA
218	Pulse	55	8820000	1642	NA
218	Pulse	55	8830000	11642	NA
218	Pulse	55	8840000	21642	NA
218	Pulse	55	8850000	31642	NA
219	Pulse	55	8860000	1143	NA
219	Pulse	55	8870000	11143	NA
219	Pulse	55	8880000	21143	NA
219	Pulse	55	8890000	31143	NA
220	Pulse	55	8900000	477	NA
220	Pulse	55	8910000	10477	NA
220	Pulse	55	8920000	20477	NA
220	Pulse	55	8930000	30477	NA
220	Pulse	55	8940000	40477	NA
221	Pulse	55	8950000	9811	NA
221	Pulse	55	8960000	19811	NA
221	Pulse	55	8970000	29811	NA
221	Pulse	55	8980000	39811	NA
222	Pulse	55	8990000	9312	NA
222	Pulse	55	9000000	19312	NA
222	Pulse	55	9010000	29312	NA
222	Pulse	55	9020000	39312	NA
223	Pulse	55	9030000	8645	NA
223	Pulse	55	9040000	18645	NA
223	Pulse	55	9050000	28645	NA
223	Pulse	55	9060000	38645	NA
224	Pulse	55	9070000	7979	NA
224	Pulse	55	9080000	17979	NA
224	Pulse	55	9090000	27979	NA
224	Pulse	55	9100000	37979	NA
225	Pulse	55	9110000	7480	NA
225	Pulse	55	9120000	17480	NA
225	Pulse	55	9130000	27480	NA
225	Pulse	55	9140000	37480	NA
226	Pulse	55	9150000	6981	NA
226	Pulse	55	9160000	16981	NA
226	Pulse	55	9170000	26981	NA
226	Pulse	55	9180000	36981	NA
227	Pulse	55	9190000	6315	NA
227	Pulse	55	9200000	16315	NA
227	Pulse	55	9210000	26315	NA
227	Pulse	55	9220000	36315	NA
228	Pulse	55	9230000	5649	NA
228	Pulse	55	9240000	15649	NA
228	Pulse	55	9250000	25649	NA
228	Pulse	55	9260000	35649	NA
229	Pulse	55	9270000	4983	NA
229	Pulse	55	9280000	14983	NA
229	Pulse	55	9290000	24983	NA
229	Pulse	55	9300000	34983	NA
230	Pulse	55	9310000	4317	NA
230	Pulse	55	9320000	14317	NA
230	Pulse	55	9330000	24317	NA
230	Pulse	55	9340000	34317	NA
231	Pulse	55	9350000	3817	NA
231	Pulse	55	9360000	13817	NA
231	Pulse	55	9370000	23817	NA
231	Pulse	55	9380000	33817	NA
232	Pulse	55	9390000	3151	NA
232	Pulse	55	9400000	13151	NA
232	Pulse	55	9410000	23151	NA
232	Pulse	55	9420000	33151	NA
233	Pulse	55	9430000	2485	NA
233	Pulse	55	9440000	12485	NA
233	Pulse	55	9450000	22485	NA
233	Pulse	55	9460000	32485	NA
234	Pulse	55	9470000	1819	NA
234	Pulse	55	9480000	11819	NA
234	Pulse	55	9490000	21819	NA
234	Pulse	55	9500000	31819	NA
235	Pulse	55	9510000	1153	NA
235	Pulse	55	9520000	11153	NA
235	Pulse	55	9530000	21153	NA
235	Pulse	55	9540000	31153	NA
236	Pulse	55	9550000	487	NA
236	Pulse	55	9560000	10487	NA
236	Pulse	55	9570000	20487	NA
236	Pulse	55	9580000	30487	NA
236	Pulse	55	9590000	40487	NA
237	Pulse	55	9600000	9821	NA
237	Pulse	55	9610000	19821	NA
237	Pulse	55	9620000	29821	NA
237	Pulse	55	9630000	39821	NA
238	Pulse	55	9640000	9155	NA
238	Pulse	55	9650000	19155	NA
238	Pulse	55	9660000	29155	NA
238	Pulse	55	9670000	39155	NA
239	Pulse	55	9680000	8489	NA
239	Pulse	55	9690000	18489	NA
239	Pulse	55	9700000	28489	NA
239	Pulse	55	9710000	38489	NA
240	Pulse	55	9720000	7823	NA
240	Pulse	55	9730000	17823	NA
240	Pulse	55	9740000	27823	NA
240	Pulse	55	9750000	37823	NA
241	Pulse	55	9760000	7157	NA
241	Pulse	55	9770000	17157	NA
241	Pulse	55	9780000	27157	NA
241	Pulse	55	9790000	37157	NA
242	Pulse	55	9800000	6491	NA
242	Pulse	55	9810000	16491	NA
242	Pulse	55	9820000	26491	NA
242	Pulse	55	9830000	36491	NA
243	Pulse	55	9840000	5825	NA
243	Pulse	55	9850000	15825	NA
243	Pulse	55	9860000	25825	NA
243	Pulse	55	9870000	35825	NA
244	Pulse	55	9880000	5159	NA
244	Pulse	55	9890000	15159	NA
244	Pulse	55	9900000	25159	NA
244	Pulse	55	9910000	35159	NA
245	Pulse	55	9920000	4660	NA
245	Pulse	55	9930000	14660	NA
245	Pulse	55	9940000	24660	NA
245	Pulse	55	9950000	34660	NA
246	Pulse	55	9960000	3994	NA
246	Pulse	55	9970000	13994	NA
246	Pulse	55	9980000	23994	NA
246	Pulse	55	9990000	33994	NA
247	Pulse	55	10000000	3328	NA
247	Pulse	55	10010000	13328	NA
247	Pulse	55	10020000	23328	NA
247	Pulse	55	10030000	33328	NA
248	Pulse	55	10040000	2662	NA
248	Pulse	55	10050000	12662	NA
248	Pulse	55	10060000	22662	NA
248	Pulse	55	10070000	32662	NA
249	Pulse	55	10080000	1996	NA
249	Pulse	55	10090000	11996	NA
249	Pulse	55	10100000	21996	NA
249	Pulse	55	10110000	31996	NA
250	Pulse	55	10120000	1330	NA
250	Pulse	55	10130000	11330	NA
250	Pulse	55	10140000	21330	NA
250	Pulse	55	10150000	31330	NA
251	Pulse	55	10160000	664	NA
251	Pulse	55	10170000	10664	NA
251	Pulse	55	10180000	20664	NA
251	Pulse	55	10190000	30664	NA
251	Pulse	55	10200000	40664	NA
252	Pulse	55	10210000	9998	NA
252	Pulse	55	10220000	19998	NA
252	Pulse	55	10230000	29998	NA
252	Pulse	55	10240000	39998	NA
253	Pulse	55	10250000	9332	NA
253	Pulse	55	10260000	19332	NA
253	Pulse	55	10270000	29332	NA
253	Pulse	55	10280000	39332	NA
254	Pulse	55	10290000	8666	NA
254	Pulse	55	10300000	18666	NA
254	Pulse	55	10310000	28666	NA
254	Pulse	55	10320000	38666	NA
255	Pulse	55	10330000	8166	NA
255	Pulse	55	10340000	18166	NA
255	Pulse	55	10350000	28166	NA
255	Pulse	55	10360000	38166	NA
256	Pulse	55	10370000	7667	NA
256	Pulse	55	10380000	17667	NA
256	Pulse	55	10390000	27667	NA
256	Pulse	55	10400000	37667	NA
257	Pulse	55	10410000	7168	NA
257	Pulse	55	10420000	17168	NA
257	Pulse	55	10430000	27168	NA
257	Pulse	55	10440000	37168	NA
258	Pulse	55	10450000	6502	NA
258	Pulse	55	10460000	16502	NA
258	Pulse	55	10470000	26502	NA
258	Pulse	55	10480000	36502	NA
259	Pulse	55	10490000	5836	NA
259	Pulse	55	10500000	15836	NA
259	Pulse	55	10510000	25836	NA
259	Pulse	55	10520000	35836	NA
260	Pulse	55	10530000	5170	NA
260	Pulse	55	10540000	15170	NA
260	Pulse	55	10550000	25170	NA
260	Pulse	55	10560000	35170	NA
261	Pulse	55	10570000	4504	NA
261	Pulse	55	10580000	14504	NA
261	Pulse	55	10590000	24504	NA
261	Pulse	55	10600000	34504	NA
262	Pulse	55	10610000	3838	NA
262	Pulse	55	10620000	13838	NA
262	Pulse	55	10630000	23838	NA
262	Pulse	55	10640000	33838	NA
263	Pulse	55	10650000	3172	NA
263	Pulse	55	10660000	13172	NA
263	Pulse	55	10670000	23172	NA
263	Pulse	55	10680000	33172	NA
264	Pulse	55	10690000	2506	NA
264	Pulse	55	10700000	12506	NA
264	Pulse	55	10710000	22506	NA
264	Pulse	55	10720000	32506	NA
265	Pulse	55	10730000	1840	NA
265	Pulse	55	10740000	11840	NA
265	Pulse	55	10750000	21840	NA
265	Pulse	55	10760000	31840	NA
266	Pulse	55	10770000	1174	NA
266	Pulse	55	10780000	11174	NA
266	Pulse	55	10790000	21174	NA
266	Pulse	55	10800000	31174	NA
267	Pulse	55	10810000	508	NA
267	Pulse	55	10820000	10508	NA
267	Pulse	55	10830000	20508	NA
267	Pulse	55	10840000	30508	NA
267	Pulse	55	10850000	40508	NA
268	Pulse	55	10860000	9842	NA
268	Pulse	55	10870000	19842	NA
268	Pulse	55	10880000	29842	NA
268	Pulse	55	10890000	39842	NA
269	Pulse	55	10900000	9176	NA
269	Pulse	55	10910000	19176	NA
269	Pulse	55	10920000	29176	NA
269	Pulse	55	10930000	39176	NA
270	Pulse	55	10940000	8510	NA
270	Pulse	55	10950000	18510	NA
270	Pulse	55	10960000	28510	NA
270	Pulse	55	10970000	38510	NA
271	Pulse	55	10980000	7844	NA
271	Pulse	55	10990000	17844	NA
271	Pulse	55	11000000	27844	NA
271	Pulse	55	11010000	37844	NA
272	Pulse	55	11020000	7178	NA
272	Pulse	55	11030000	17178	NA
272	Pulse	55	11040000	27178	NA
272	Pulse	55	11050000	37178	NA
273	Pulse	55	11060000	6512	NA
273	Pulse	55	11070000	16512	NA
273	Pulse	55	11080000	26512	NA
273	Pulse	55	11090000	36512	NA
274	Pulse	55	11100000	5846	NA
274	Pulse	55	11110000	15846	NA
274	Pulse	55	11120000	25846	NA
274	Pulse	55	11130000	35846	NA
275	Pulse	55	11140000	5180	NA
275	Pulse	55	11150000	15180	NA
275	Pulse	55	11160000	25180	NA
275	Pulse	55	11170000	35180	NA
276	Pulse	55	11180000	4514	NA
276	Pulse	55	11190000	14514	NA
276	Pulse	55	11200000	24514	NA
276	Pulse	55	11210000	34514	NA
277	Pulse	55	11220000	3848	NA
277	Pulse	55	11230000	13848	NA
277	Pulse	55	11240000	23848	NA
277	Pulse	55	11250000	33848	NA
278	Pulse	55	11260000	3181	NA
278	Pulse	55	11270000	13181	NA
278	Pulse	55	11280000	23181	NA
278	Pulse	55	11290000	33181	NA
279	Pulse	55	11300000	2516	NA
279	Pulse	55	11310000	12516	NA
279	Pulse	55	11320000	22516	NA
279	Pulse	55	11330000	32516	NA
280	Pulse	55	11340000	1850	NA
280	Pulse	55	11350000	11850	NA
280	Pulse	55	11360000	21850	NA
280	Pulse	55	11370000	31850	NA
281	Pulse	55	11380000	1184	NA
281	Pulse	55	11390000	11184	NA
281	Pulse	55	11400000	21184	NA
281	Pulse	55	11410000	31184	NA
282	Pulse	55	11420000	518	NA
282	Pulse	55	11430000	10518	NA
282	Pulse	55	11440000	20518	NA
282	Pulse	55	11450000	30518	NA
282	Pulse	55	11460000	40518	NA
283	Pulse	55	11470000	9685	NA
283	Pulse	55	11480000	19685	NA
283	Pulse	55	11490000	29685	NA
283	Pulse	55	11500000	39685	NA
284	Pulse	55	11510000	9019	NA
284	Pulse	55	11520000	19019	NA
284	Pulse	55	11530000	29019	NA
284	Pulse	55	11540000	39019	NA
285	Pulse	55	11550000	8353	NA
285	Pulse	55	11560000	18353	NA
285	Pulse	55	11570000	28353	NA
285	Pulse	55	11580000	38353	NA
286	Pulse	55	11590000	7687	NA
286	Pulse	55	11600000	17687	NA
286	Pulse	55	11610000	27687	NA
286	Pulse	55	11620000	37687	NA
287	Pulse	55	11630000	7021	NA
287	Pulse	55	11640000	17021	NA
287	Pulse	55	11650000	27021	NA
287	Pulse	55	11660000	37021	NA
288	Pulse	55	11670000	6355	NA
288	Pulse	55	11680000	16355	NA
288	Pulse	55	11690000	26355	NA
288	Pulse	55	11700000	36355	NA
289	Pulse	55	11710000	5689	NA
289	Pulse	55	11720000	15689	NA
289	Pulse	55	11730000	25689	NA
289	Pulse	55	11740000	35689	NA
290	Pulse	55	11750000	5023	NA
290	Pulse	55	11760000	15023	NA
290	Pulse	55	11770000	25023	NA
290	Pulse	55	11780000	35023	NA
291	Pulse	55	11790000	4357	NA
291	Pulse	55	11800000	14357	NA
291	Pulse	55	11810000	24357	NA
291	Pulse	55	11820000	34357	NA
292	Pulse	55	11830000	3691	NA
292	Pulse	55	11840000	13691	NA
292	Pulse	55	11850000	23691	NA
292	Pulse	55	11860000	33691	NA
293	Pulse	55	11870000	3025	NA
293	Pulse	55	11880000	13025	NA
293	Pulse	55	11890000	23025	NA
293	Pulse	55	11900000	33025	NA
294	Pulse	55	11910000	2359	NA
294	Pulse	55	11920000	12359	NA
294	Pulse	55	11930000	22359	NA
294	Pulse	55	11940000	32359	NA
295	Pulse	55	11950000	1693	NA
295	Pulse	55	11960000	11693	NA
295	Pulse	55	11970000	21693	NA
295	Pulse	55	11980000	31693	NA
296	Pulse	55	11990000	1027	NA
296	Pulse	55	12000000	11027	NA
296	Pulse	55	12010000	21027	NA
296	Pulse	55	12020000	31027	NA
297	Pulse	55	12030000	361	NA
297	Pulse	55	12040000	10361	NA
297	Pulse	55	12050000	20361	NA
297	Pulse	55	12060000	30361	NA
297	Pulse	55	12070000	40361	NA
298	Pulse	55	12080000	9695	NA
298	Pulse	55	12090000	19695	NA
298	Pulse	55	12100000	29695	NA
298	Pulse	55	12110000	39695	NA
299	Pulse	55	12120000	9029	NA
299	Pulse	55	12130000	19029	NA
299	Pulse	55	12140000	29029	NA
299	Pulse	55	12150000	39029	NA
300	Pulse	55	12160000	8363	NA
300	Pulse	55	12170000	18363	NA
300	Pulse	55	12180000	28363	NA
300	Pulse	55	12190000	38363	NA
301	Pulse	55	12200000	7530	NA
301	Pulse	55	12210000	17530	NA
301	Pulse	55	12220000	27530	NA
301	Pulse	55	12230000	37530	NA
302	Pulse	55	12240000	6864	NA
302	Pulse	55	12250000	16864	NA
302	Pulse	55	12260000	26864	NA
302	Pulse	55	12270000	36864	NA
303	Pulse	55	12280000	6198	NA
303	Pulse	55	12290000	16198	NA
303	Pulse	55	12300000	26198	NA
303	Pulse	55	12310000	36198	NA
304	Pulse	55	12320000	5532	NA
304	Pulse	55	12330000	15532	NA
304	Pulse	55	12340000	25532	NA
304	Pulse	55	12350000	35532	NA
305	Pulse	55	12360000	4866	NA
305	Pulse	55	12370000	14866	NA
305	Pulse	55	12380000	24866	NA
305	Pulse	55	12390000	34866	NA
306	Pulse	55	12400000	4200	NA
306	Pulse	55	12410000	14200	NA
306	Pulse	55	12420000	24200	NA
306	Pulse	55	12430000	34200	NA
307	Pulse	55	12440000	3534	NA
307	Pulse	55	12450000	13534	NA
307	Pulse	55	12460000	23534	NA
307	Pulse	55	12470000	33534	NA
308	Pulse	55	12480000	2868	NA
308	Pulse	55	12490000	12868	NA
308	Pulse	55	12500000	22868	NA
308	Pulse	55	12510000	32868	NA
309	Pulse	55	12520000	2202	NA
309	Pulse	55	12530000	12202	NA
309	Pulse	55	12540000	22202	NA
309	Pulse	55	12550000	32202	NA
310	Pulse	55	12560000	1536	NA
310	Pulse	55	12570000	11536	NA
310	Pulse	55	12580000	21536	NA
310	Pulse	55	12590000	31536	NA
311	Pulse	55	12600000	870	NA
311	Pulse	55	12610000	10870	NA
311	Pulse	55	12620000	20870	NA
311	Pulse	55	12630000	30870	NA
312	Pulse	55	12640000	204	NA
312	Pulse	55	12650000	10204	NA
312	Pulse	55	12660000	20204	NA
312	Pulse	55	12670000	30204	NA
312	Pulse	55	12680000	40204	NA
313	Pulse	55	12690000	9538	NA
313	Pulse	55	12700000	19538	NA
313	Pulse	55	12710000	29538	NA
313	Pulse	55	12720000	39538	NA
314	Pulse	55	12730000	8872	NA
314	Pulse	55	12740000	18872	NA
314	Pulse	55	12750000	28872	NA
314	Pulse	55	12760000	38872	NA
315	Pulse	55	12770000	8206	NA
315	Pulse	55	12780000	18206	NA
315	Pulse	55	12790000	28206	NA
315	Pulse	55	12800000	38206	NA
316	Pulse	55	12810000	7540	NA
316	Pulse	55	12820000	17540	NA
316	Pulse	55	12830000	27540	NA
316	Pulse	55	12840000	37540	NA
317	Pulse	55	12850000	6874	NA
317	Pulse	55	12860000	16874	NA
317	Pulse	55	12870000	26874	NA
317	Pulse	55	12880000	36874	NA
318	Pulse	55	12890000	6208	NA
318	Pulse	55	12900000	16208	NA
318	Pulse	55	12910000	26208	NA
318	Pulse	55	12920000	36208	NA
319	Pulse	55	12930000	5542	NA
319	Pulse	55	12940000	15542	NA
319	Pulse	55	12950000	25542	NA
319	Pulse	55	12960000	35542	NA
320	Pulse	55	12970000	4876	NA
320	Pulse	55	12980000	14876	NA
320	Pulse	55	12990000	24876	NA
320	Pulse	55	13000000	34876	NA
321	Pulse	55	13010000	4210	NA
321	Pulse	55	13020000	14210	NA
321	Pulse	55	13030000	24210	NA
321	Pulse	55	13040000	34210	NA
322	Pulse	55	13050000	3544	NA
322	Pulse	55	13060000	13544	NA
322	Pulse	55	13070000	23544	NA
322	Pulse	55	13080000	33544	NA
323	Pulse	55	13090000	2878	NA
323	Pulse	55	13100000	12878	NA
323	Pulse	55	13110000	22878	NA
323	Pulse	55	13120000	32878	NA
324	Pulse	55	13130000	2212	NA
324	Pulse	55	13140000	12212	NA
324	Pulse	55	13150000	22212	NA
324	Pulse	55	13160000	32212	NA
325	Pulse	55	13170000	1546	NA
325	Pulse	55	13180000	11546	NA
325	Pulse	55	13190000	21546	NA
325	Pulse	55	13200000	31546	NA
326	Pulse	55	13210000	880	NA
326	Pulse	55	13220000	10880	NA
326	Pulse	55	13230000	20880	NA
326	Pulse	55	13240000	30880	NA
326	Response	1	13248380	39260	1
327	Pulse	55	13250000	714	NA
327	Pulse	55	13260000	10714	NA
328	Pulse	55	13270000	547	NA
328	Pulse	55	13280000	10547	NA
328	Pulse	55	13290000	20547	NA
328	Pulse	55	13300000	30547	NA
328	Pulse	55	13310000	40547	NA
328	Pulse	55	13320000	50547	NA
328	Pulse	55	13330000	60547	NA
328	Pulse	55	13340000	70547	NA
328	Pulse	55	13350000	80547	NA
328	Pulse	55	13360000	90547	NA
328	Pulse	55	13370000	100547	NA
328	Pulse	55	13380000	110547	NA
328	Pulse	55	13390000	120547	NA
328	Pulse	55	13400000	130547	NA
328	Pulse	55	13410000	140547	NA
328	Pulse	55	13420000	150547	NA
328	Pulse	55	13430000	160547	NA
328	Pulse	55	13440000	170547	NA
328	Pulse	55	13450000	180547	NA
328	Pulse	55	13460000	190547	NA
328	Response	1	13465978	196525	1
328	Pulse	55	13470000	200547	NA
328	Pulse	55	13480000	210547	NA
329	Pulse	55	13490000	9884	NA
329	Pulse	55	13500000	19884	NA
329	Pulse	55	13510000	29884	NA
329	Pulse	55	13520000	39884	NA
329	Pulse	55	13530000	49884	NA
329	Pulse	55	13540000	59884	NA
329	Pulse	55	13550000	69884	NA
329	Pulse	55	13560000	79884	NA
329	Pulse	55	13570000	89884	NA
329	Pulse	55	13580000	99884	NA
329	Pulse	55	13590000	109884	NA
329	Pulse	55	13600000	119884	NA
329	Pulse	55	13610000	129884	NA
329	Pulse	55	13620000	139884	NA
329	Pulse	55	13630000	149884	NA
329	Pulse	55	13640000	159884	NA
329	Pulse	55	13650000	169884	NA
329	Pulse	55	13660000	179884	NA
329	Pulse	55	13670000	189884	NA
329	Pulse	55	13680000	199884	NA
329	Pulse	55	13690000	209884	NA
329	Pulse	55	13700000	219884	NA
329	Pulse	55	13710000	229884	NA
329	Pulse	55	13720000	239884	NA
329	Pulse	55	13730000	249884	NA
329	Pulse	55	13740000	259884	NA
329	Pulse	55	13750000	269884	NA
329	Pulse	55	13760000	279884	NA
329	Pulse	55	13770000	289884	NA
329	Pulse	55	13780000	299884	NA
329	Pulse	55	13790000	309884	NA
329	Pulse	55	13800000	319884	NA
329	Pulse	55	13810000	329884	NA
329	Pulse	55	13820000	339884	NA
329	Pulse	55	13830000	349884	NA
329	Pulse	55	13840000	359884	NA
329	Pulse	55	13850000	369884	NA
329	Pulse	55	13860000	379884	NA
329	Pulse	55	13870000	389884	NA
329	Pulse	55	13880000	399884	NA
329	Pulse	55	13890000	409884	NA
329	Pulse	55	13900000	419884	NA
329	Pulse	55	13910000	429884	NA
329	Pulse	55	13920000	439884	NA
329	Pulse	55	13930000	449884	NA
329	Pulse	55	13940000	459884	NA
329	Pulse	55	13950000	469884	NA
329	Pulse	55	13960000	479884	NA
329	Pulse	55	13970000	489884	NA
329	Pulse	55	13980000	499884	NA
329	Pulse	55	13990000	509884	NA
329	Pulse	55	14000000	519884	NA
329	Pulse	55	14010000	529884	NA
329	Pulse	55	14020000	539884	NA
329	Pulse	55	14030000	549884	NA
329	Pulse	55	14040000	559884	NA
329	Pulse	55	14050000	569884	NA
329	Pulse	55	14060000	579884	NA
329	Pulse	55	14070000	589884	NA
329	Pulse	55	14080000	599884	NA
329	Pulse	55	14090000	609884	NA
329	Pulse	55	14100000	619884	NA
329	Pulse	55	14110000	629884	NA
329	Pulse	55	14120000	639884	NA
329	Pulse	55	14130000	649884	NA
329	Pulse	55	14140000	659884	NA
329	Pulse	55	14150000	669884	NA
329	Pulse	55	14160000	679884	NA
329	Pulse	55	14170000	689884	NA
329	Pulse	55	14180000	699884	NA
329	Pulse	55	14190000	709884	NA
329	Pulse	55	14200000	719884	NA
329	Pulse	55	14210000	729884	NA
329	Pulse	55	14220000	739884	NA
329	Pulse	55	14230000	749884	NA
329	Pulse	55	14240000	759884	NA
329	Pulse	55	14250000	769884	NA
329	Pulse	55	14260000	779884	NA
329	Pulse	55	14270000	789884	NA
329	Pulse	55	14280000	799884	NA
329	Pulse	55	14290000	809884	NA
329	Pulse	55	14300000	819884	NA
329	Pulse	55	14310000	829884	NA
329	Pulse	55	14320000	839884	NA
329	Pulse	55	14330000	849884	NA
329	Pulse	55	14340000	859884	NA
329	Pulse	55	14350000	869884	NA
329	Pulse	55	14360000	879884	NA
329	Pulse	55	14370000	889884	NA
329	Pulse	55	14380000	899884	NA
329	Pulse	55	14390000	909884	NA
329	Pulse	55	14400000	919884	NA
329	Pulse	55	14410000	929884	NA
329	Pulse	55	14420000	939884	NA
329	Pulse	55	14430000	949884	NA
329	Pulse	55	14440000	959884	NA
329	Pulse	55	14450000	969884	NA
329	Pulse	55	14460000	979884	NA
329	Pulse	55	14470000	989884	NA
329	Pulse	55	14480000	999884	NA
329	Pulse	55	14490000	1009884	NA
329	Pulse	55	14500000	1019884	NA
329	Pulse	55	14510000	1029884	NA
329	Pulse	55	14520000	1039884	NA
329	Pulse	55	14530000	1049884	NA
329	Pulse	55	14540000	1059884	NA
329	Pulse	55	14550000	1069884	NA
329	Pulse	55	14560000	1079884	NA
329	Pulse	55	14570000	1089884	NA
329	Pulse	55	14580000	1099884	NA
329	Pulse	55	14590000	1109884	NA
329	Pulse	55	14600000	1119884	NA
329	Pulse	55	14610000	1129884	NA
329	Pulse	55	14620000	1139884	NA
329	Pulse	55	14630000	1149884	NA
329	Pulse	55	14640000	1159884	NA
329	Pulse	55	14650000	1169884	NA
329	Pulse	55	14660000	1179884	NA
329	Pulse	55	14670000	1189884	NA
329	Pulse	55	14680000	1199884	NA
329	Pulse	55	14690000	1209884	NA
329	Pulse	55	14700000	1219884	NA
329	Pulse	55	14710000	1229884	NA
329	Pulse	55	14720000	1239884	NA
329	Pulse	55	14730000	1249884	NA
329	Pulse	55	14740000	1259884	NA
329	Pulse	55	14750000	1269884	NA
329	Pulse	55	14760000	1279884	NA
329	Pulse	55	14770000	1289884	NA
329	Pulse	55	14780000	1299884	NA
329	Pulse	55	14790000	1309884	NA
329	Pulse	55	14800000	1319884	NA
329	Pulse	55	14810000	1329884	NA
329	Pulse	55	14820000	1339884	NA
329	Pulse	55	14830000	1349884	NA
329	Pulse	55	14840000	1359884	NA
329	Pulse	55	14850000	1369884	NA
329	Pulse	55	14860000	1379884	NA
329	Pulse	55	14870000	1389884	NA
329	Pulse	55	14880000	1399884	NA
329	Pulse	55	14890000	1409884	NA
329	Pulse	55	14900000	1419884	NA
329	Pulse	55	14910000	1429884	NA
329	Pulse	55	14920000	1439884	NA
329	Pulse	55	14930000	1449884	NA
329	Pulse	55	14940000	1459884	NA
329	Pulse	55	14950000	1469884	NA
329	Pulse	55	14960000	1479884	NA
329	Pulse	55	14970000	1489884	NA
329	Pulse	55	14980000	1499884	NA
329	Pulse	55	14990000	1509884	NA
329	Pulse	55	15000000	1519884	NA
329	Pulse	55	15010000	1529884	NA
329	Pulse	55	15020000	1539884	NA
329	Pulse	55	15030000	1549884	NA
329	Pulse	55	15040000	1559884	NA
329	Pulse	55	15050000	1569884	NA
329	Pulse	55	15060000	1579884	NA
329	Pulse	55	15070000	1589884	NA
329	Pulse	55	15080000	1599884	NA
329	Pulse	55	15090000	1609884	NA
329	Pulse	55	15100000	1619884	NA
329	Pulse	55	15110000	1629884	NA
329	Pulse	55	15120000	1639884	NA
329	Pulse	55	15130000	1649884	NA
329	Pulse	55	15140000	1659884	NA
329	Pulse	55	15150000	1669884	NA
329	Pulse	55	15160000	1679884	NA
329	Pulse	55	15170000	1689884	NA
329	Pulse	55	15180000	1699884	NA
329	Pulse	55	15190000	1709884	NA
329	Pulse	55	15200000	1719884	NA
329	Pulse	55	15210000	1729884	NA
329	Pulse	55	15220000	1739884	NA
329	Pulse	55	15230000	1749884	NA
329	Pulse	55	15240000	1759884	NA
329	Pulse	55	15250000	1769884	NA
329	Pulse	55	15260000	1779884	NA
329	Pulse	55	15270000	1789884	NA
329	Pulse	55	15280000	1799884	NA
329	Pulse	55	15290000	1809884	NA
329	Pulse	55	15300000	1819884	NA
329	Pulse	55	15310000	1829884	NA
329	Pulse	55	15320000	1839884	NA
329	Pulse	55	15330000	1849884	NA
329	Pulse	55	15340000	1859884	NA
329	Pulse	55	15350000	1869884	NA
329	Pulse	55	15360000	1879884	NA
329	Pulse	55	15370000	1889884	NA
329	Pulse	55	15380000	1899884	NA
329	Pulse	55	15390000	1909884	NA
329	Pulse	55	15400000	1919884	NA
329	Pulse	55	15410000	1929884	NA
329	Pulse	55	15420000	1939884	NA
329	Pulse	55	15430000	1949884	NA
329	Pulse	55	15440000	1959884	NA
329	Pulse	55	15450000	1969884	NA
329	Pulse	55	15460000	1979884	NA
329	Pulse	55	15470000	1989884	NA
329	Pulse	55	15480000	1999884	NA
329	Pulse	55	15490000	2009884	NA
329	Pulse	55	15500000	2019884	NA
329	Pulse	55	15510000	2029884	NA
329	Pulse	55	15520000	2039884	NA
329	Pulse	55	15530000	2049884	NA
329	Pulse	55	15540000	2059884	NA
329	Pulse	55	15550000	2069884	NA
329	Pulse	55	15560000	2079884	NA
329	Pulse	55	15570000	2089884	NA
329	Pulse	55	15580000	2099884	NA
329	Pulse	55	15590000	2109884	NA
329	Pulse	55	15600000	2119884	NA
329	Pulse	55	15610000	2129884	NA
329	Pulse	55	15620000	2139884	NA
329	Pulse	55	15630000	2149884	NA
329	Pulse	55	15640000	2159884	NA
329	Pulse	55	15650000	2169884	NA
329	Pulse	55	15660000	2179884	NA
329	Pulse	55	15670000	2189884	NA
329	Pulse	55	15680000	2199884	NA
329	Pulse	55	15690000	2209884	NA
329	Pulse	55	15700000	2219884	NA
329	Pulse	55	15710000	2229884	NA
329	Pulse	55	15720000	2239884	NA
329	Pulse	55	15730000	2249884	NA
329	Pulse	55	15740000	2259884	NA
329	Pulse	55	15750000	2269884	NA
329	Pulse	55	15760000	2279884	NA
329	Pulse	55	15770000	2289884	NA
329	Pulse	55	15780000	2299884	NA
329	Pulse	55	15790000	2309884	NA
329	Pulse	55	15800000	2319884	NA
329	Pulse	55	15810000	2329884	NA
329	Pulse	55	15820000	2339884	NA
329	Pulse	55	15830000	2349884	NA
329	Pulse	55	15840000	2359884	NA
329	Pulse	55	15850000	2369884	NA
329	Pulse	55	15860000	2379884	NA
329	Pulse	55	15870000	2389884	NA
329	Pulse	55	15880000	2399884	NA
329	Pulse	55	15890000	2409884	NA
329	Pulse	55	15900000	2419884	NA
329	Pulse	55	15910000	2429884	NA
329	Pulse	55	15920000	2439884	NA
329	Pulse	55	15930000	2449884	NA
329	Pulse	55	15940000	2459884	NA
329	Pulse	55	15950000	2469884	NA
329	Pulse	55	15960000	2479884	NA
329	Pulse	55	15970000	2489884	NA
329	Pulse	55	15980000	2499884	NA
329	Pulse	55	15990000	2509884	NA
329	Pulse	55	16000000	2519884	NA
329	Pulse	55	16010000	2529884	NA
329	Pulse	55	16020000	2539884	NA
329	Pulse	55	16030000	2549884	NA
329	Pulse	55	16040000	2559884	NA
329	Pulse	55	16050000	2569884	NA
329	Pulse	55	16060000	2579884	NA
329	Pulse	55	16070000	2589884	NA
329	Pulse	55	16080000	2599884	NA
329	Pulse	55	16090000	2609884	NA
329	Pulse	55	16100000	2619884	NA
329	Pulse	55	16110000	2629884	NA
329	Pulse	55	16120000	2639884	NA
329	Pulse	55	16130000	2649884	NA
329	Pulse	55	16140000	2659884	NA
329	Pulse	55	16150000	2669884	NA
329	Pulse	55	16160000	2679884	NA
329	Pulse	55	16170000	2689884	NA
329	Pulse	55	16180000	2699884	NA
329	Pulse	55	16190000	2709884	NA
329	Pulse	55	16200000	2719884	NA
329	Pulse	55	16210000	2729884	NA
329	Pulse	55	16220000	2739884	NA
329	Pulse	55	16230000	2749884	NA
329	Pulse	55	16240000	2759884	NA
329	Pulse	55	16250000	2769884	NA
329	Pulse	55	16260000	2779884	NA
329	Pulse	55	16270000	2789884	NA
329	Pulse	55	16280000	2799884	NA
329	Pulse	55	16290000	2809884	NA
329	Pulse	55	16300000	2819884	NA
329	Pulse	55	16310000	2829884	NA
329	Pulse	55	16320000	2839884	NA
329	Pulse	55	16330000	2849884	NA
329	Pulse	55	16340000	2859884	NA
329	Pulse	55	16350000	2869884	NA
329	Pulse	55	16360000	2879884	NA
329	Pulse	55	16370000	2889884	NA
329	Pulse	55	16380000	2899884	NA
329	Pulse	55	16390000	2909884	NA
329	Pulse	55	16400000	2919884	NA
329	Pulse	55	16410000	2929884	NA
329	Pulse	55	16420000	2939884	NA
329	Pulse	55	16430000	2949884	NA
329	Pulse	55	16440000	2959884	NA
329	Pulse	55	16450000	2969884	NA
329	Pulse	55	16460000	2979884	NA
329	Pulse	55	16470000	2989884	NA
329	Pulse	55	16480000	2999884	NA
329	Pulse	55	16490000	3009884	NA
329	Pulse	55	16500000	3019884	NA
329	Pulse	55	16510000	3029884	NA
329	Pulse	55	16520000	3039884	NA
329	Pulse	55	16530000	3049884	NA
329	Pulse	55	16540000	3059884	NA
329	Pulse	55	16550000	3069884	NA
329	Pulse	55	16560000	3079884	NA
329	Pulse	55	16570000	3089884	NA
329	Pulse	55	16580000	3099884	NA
329	Pulse	55	16590000	3109884	NA
329	Pulse	55	16600000	3119884	NA
329	Pulse	55	16610000	3129884	NA
329	Pulse	55	16620000	3139884	NA
329	Pulse	55	16630000	3149884	NA
329	Pulse	55	16640000	3159884	NA
329	Pulse	55	16650000	3169884	NA
329	Pulse	55	16660000	3179884	NA
329	Pulse	55	16670000	3189884	NA
329	Pulse	55	16680000	3199884	NA
329	Pulse	55	16690000	3209884	NA
329	Pulse	55	16700000	3219884	NA
329	Pulse	55	16710000	3229884	NA
329	Pulse	55	16720000	3239884	NA
329	Pulse	55	16730000	3249884	NA
329	Pulse	55	16740000	3259884	NA
329	Pulse	55	16750000	3269884	NA
329	Pulse	55	16760000	3279884	NA
329	Pulse	55	16770000	3289884	NA
329	Pulse	55	16780000	3299884	NA
329	Pulse	55	16790000	3309884	NA
329	Pulse	55	16800000	3319884	NA
329	Pulse	55	16810000	3329884	NA
329	Pulse	55	16820000	3339884	NA
329	Pulse	55	16830000	3349884	NA
329	Pulse	55	16840000	3359884	NA
329	Pulse	55	16850000	3369884	NA
329	Pulse	55	16860000	3379884	NA
329	Pulse	55	16870000	3389884	NA
329	Pulse	55	16880000	3399884	NA
329	Pulse	55	16890000	3409884	NA
329	Pulse	55	16900000	3419884	NA
329	Pulse	55	16910000	3429884	NA
329	Pulse	55	16920000	3439884	NA
329	Pulse	55	16930000	3449884	NA
329	Pulse	55	16940000	3459884	NA
329	Pulse	55	16950000	3469884	NA
329	Pulse	55	16960000	3479884	NA
329	Pulse	55	16970000	3489884	NA
329	Pulse	55	16980000	3499884	NA
329	Pulse	55	16990000	3509884	NA
329	Pulse	55	17000000	3519884	NA
329	Pulse	55	17010000	3529884	NA
329	Pulse	55	17020000	3539884	NA
329	Pulse	55	17030000	3549884	NA
329	Pulse	55	17040000	3559884	NA
329	Pulse	55	17050000	3569884	NA
329	Pulse	55	17060000	3579884	NA
329	Pulse	55	17070000	3589884	NA
329	Pulse	55	17080000	3599884	NA
329	Pulse	55	17090000	3609884	NA
329	Pulse	55	17100000	3619884	NA
329	Pulse	55	17110000	3629884	NA
329	Pulse	55	17120000	3639884	NA
329	Pulse	55	17130000	3649884	NA
329	Pulse	55	17140000	3659884	NA
329	Pulse	55	17150000	3669884	NA
329	Pulse	55	17160000	3679884	NA
329	Pulse	55	17170000	3689884	NA
329	Pulse	55	17180000	3699884	NA
329	Pulse	55	17190000	3709884	NA
329	Pulse	55	17200000	3719884	NA
329	Pulse	55	17210000	3729884	NA
329	Pulse	55	17220000	3739884	NA
329	Pulse	55	17230000	3749884	NA
329	Pulse	55	17240000	3759884	NA
329	Pulse	55	17250000	3769884	NA
329	Pulse	55	17260000	3779884	NA
329	Pulse	55	17270000	3789884	NA
329	Pulse	55	17280000	3799884	NA
329	Pulse	55	17290000	3809884	NA
329	Pulse	55	17300000	3819884	NA
329	Pulse	55	17310000	3829884	NA
329	Pulse	55	17320000	3839884	NA
329	Pulse	55	17330000	3849884	NA
329	Pulse	55	17340000	3859884	NA
329	Pulse	55	17350000	3869884	NA
329	Pulse	55	17360000	3879884	NA
329	Pulse	55	17370000	3889884	NA
329	Pulse	55	17380000	3899884	NA
329	Pulse	55	17390000	3909884	NA
329	Pulse	55	17400000	3919884	NA
329	Pulse	55	17410000	3929884	NA
329	Pulse	55	17420000	3939884	NA
329	Pulse	55	17430000	3949884	NA
329	Pulse	55	17440000	3959884	NA
329	Pulse	55	17450000	3969884	NA
329	Pulse	55	17460000	3979884	NA
329	Pulse	55	17470000	3989884	NA
329	Pulse	55	17480000	3999884	NA
329	Pulse	55	17490000	4009884	NA
329	Pulse	55	17500000	4019884	NA
329	Pulse	55	17510000	4029884	NA
329	Pulse	55	17520000	4039884	NA
329	Pulse	55	17530000	4049884	NA
329	Pulse	55	17540000	4059884	NA
329	Pulse	55	17550000	4069884	NA
329	Pulse	55	17560000	4079884	NA
329	Pulse	55	17570000	4089884	NA
329	Pulse	55	17580000	4099884	NA
329	Pulse	55	17590000	4109884	NA
329	Pulse	55	17600000	4119884	NA
329	Pulse	55	17610000	4129884	NA
329	Pulse	55	17620000	4139884	NA
329	Pulse	55	17630000	4149884	NA
329	Pulse	55	17640000	4159884	NA
329	Pulse	55	17650000	4169884	NA
329	Pulse	55	17660000	4179884	NA
329	Pulse	55	17670000	4189884	NA
329	Pulse	55	17680000	4199884	NA
329	Pulse	55	17690000	4209884	NA
329	Pulse	55	17700000	4219884	NA
329	Pulse	55	17710000	4229884	NA
329	Pulse	55	17720000	4239884	NA
329	Pulse	55	17730000	4249884	NA
329	Pulse	55	17740000	4259884	NA
329	Pulse	55	17750000	4269884	NA
329	Pulse	55	17760000	4279884	NA
329	Pulse	55	17770000	4289884	NA
329	Pulse	55	17780000	4299884	NA
329	Pulse	55	17790000	4309884	NA
329	Pulse	55	17800000	4319884	NA
329	Pulse	55	17810000	4329884	NA
329	Pulse	55	17820000	4339884	NA
329	Pulse	55	17830000	4349884	NA
329	Pulse	55	17840000	4359884	NA
329	Pulse	55	17850000	4369884	NA
329	Pulse	55	17860000	4379884	NA
329	Pulse	55	17870000	4389884	NA
329	Pulse	55	17880000	4399884	NA
329	Pulse	55	17890000	4409884	NA
329	Pulse	55	17900000	4419884	NA
329	Pulse	55	17910000	4429884	NA
329	Pulse	55	17920000	4439884	NA
329	Pulse	55	17930000	4449884	NA
329	Pulse	55	17940000	4459884	NA
329	Pulse	55	17950000	4469884	NA
329	Pulse	55	17960000	4479884	NA
329	Pulse	55	17970000	4489884	NA
329	Pulse	55	17980000	4499884	NA
329	Pulse	55	17990000	4509884	NA
329	Pulse	55	18000000	4519884	NA
329	Pulse	55	18010000	4529884	NA
329	Pulse	55	18020000	4539884	NA
329	Pulse	55	18030000	4549884	NA
329	Pulse	55	18040000	4559884	NA
329	Pulse	55	18050000	4569884	NA
329	Pulse	55	18060000	4579884	NA
329	Pulse	55	18070000	4589884	NA
329	Pulse	55	18080000	4599884	NA
329	Pulse	55	18090000	4609884	NA
329	Pulse	55	18100000	4619884	NA
329	Pulse	55	18110000	4629884	NA
329	Pulse	55	18120000	4639884	NA
329	Pulse	55	18130000	4649884	NA
329	Pulse	55	18140000	4659884	NA
329	Pulse	55	18150000	4669884	NA
329	Pulse	55	18160000	4679884	NA
329	Pulse	55	18170000	4689884	NA
329	Pulse	55	18180000	4699884	NA
329	Pulse	55	18190000	4709884	NA
329	Pulse	55	18200000	4719884	NA
329	Pulse	55	18210000	4729884	NA
329	Pulse	55	18220000	4739884	NA
329	Pulse	55	18230000	4749884	NA
329	Pulse	55	18240000	4759884	NA
329	Pulse	55	18250000	4769884	NA
329	Pulse	55	18260000	4779884	NA
329	Pulse	55	18270000	4789884	NA
329	Pulse	55	18280000	4799884	NA
329	Pulse	55	18290000	4809884	NA
329	Pulse	55	18300000	4819884	NA
329	Pulse	55	18310000	4829884	NA
329	Pulse	55	18320000	4839884	NA
329	Pulse	55	18330000	4849884	NA
329	Pulse	55	18340000	4859884	NA
329	Pulse	55	18350000	4869884	NA
329	Pulse	55	18360000	4879884	NA
329	Pulse	55	18370000	4889884	NA
329	Pulse	55	18380000	4899884	NA
329	Pulse	55	18390000	4909884	NA
329	Pulse	55	18400000	4919884	NA
329	Pulse	55	18410000	4929884	NA
329	Pulse	55	18420000	4939884	NA
329	Response	1	18425328	4945212	1
330	Pulse	55	18430000	4630	NA
330	Pulse	55	18440000	14630	NA
330	Pulse	55	18450000	24630	NA
330	Pulse	55	18460000	34630	NA
330	Pulse	55	18470000	44630	NA
330	Pulse	55	18480000	54630	NA
330	Pulse	55	18490000	64630	NA
330	Pulse	55	18500000	74630	NA
330	Pulse	55	18510000	84630	NA
330	Pulse	55	18520000	94630	NA
330	Pulse	55	18530000	104630	NA
330	Pulse	55	18540000	114630	NA
330	Pulse	55	18550000	124630	NA
330	Pulse	55	18560000	134630	NA
330	Pulse	55	18570000	144630	NA
330	Pulse	55	18580000	154630	NA
330	Pulse	55	18590000	164630	NA
330	Pulse	55	18600000	174630	NA
330	Pulse	55	18610000	184630	NA
330	Pulse	55	18620000	194630	NA
330	Pulse	55	18630000	204630	NA
330	Pulse	55	18640000	214630	NA
330	Pulse	55	18650000	224630	NA
330	Pulse	55	18660000	234630	NA
330	Pulse	55	18670000	244630	NA
330	Pulse	55	18680000	254630	NA
330	Pulse	55	18690000	264630	NA
330	Pulse	55	18700000	274630	NA
330	Pulse	55	18710000	284630	NA
330	Pulse	55	18720000	294630	NA
330	Pulse	55	18730000	304630	NA
330	Pulse	55	18740000	314630	NA
330	Pulse	55	18750000	324630	NA
330	Pulse	55	18760000	334630	NA
330	Pulse	55	18770000	344630	NA
330	Pulse	55	18780000	354630	NA
330	Pulse	55	18790000	364630	NA
330	Pulse	55	18800000	374630	NA
330	Pulse	55	18810000	384630	NA
330	Pulse	55	18820000	394630	NA
330	Pulse	55	18830000	404630	NA
330	Pulse	55	18840000	414630	NA
330	Pulse	55	18850000	424630	NA
330	Pulse	55	18860000	434630	NA
330	Pulse	55	18870000	444630	NA
330	Pulse	55	18880000	454630	NA
330	Pulse	55	18890000	464630	NA
330	Pulse	55	18900000	474630	NA
330	Pulse	55	18910000	484630	NA
330	Pulse	55	18920000	494630	NA
330	Pulse	55	18930000	504630	NA
330	Pulse	55	18940000	514630	NA
330	Pulse	55	18950000	524630	NA
330	Pulse	55	18960000	534630	NA
330	Pulse	55	18970000	544630	NA
330	Pulse	55	18980000	554630	NA
330	Pulse	55	18990000	564630	NA
330	Pulse	55	19000000	574630	NA
330	Pulse	55	19010000	584630	NA
330	Pulse	55	19020000	594630	NA
330	Pulse	55	19030000	604630	NA
330	Pulse	55	19040000	614630	NA
330	Pulse	55	19050000	624630	NA
330	Pulse	55	19060000	634630	NA
330	Pulse	55	19070000	644630	NA
330	Pulse	55	19080000	654630	NA
330	Pulse	55	19090000	664630	NA
330	Pulse	55	19100000	674630	NA
330	Pulse	55	19110000	684630	NA
330	Pulse	55	19120000	694630	NA
330	Pulse	55	19130000	704630	NA
330	Pulse	55	19140000	714630	NA
330	Pulse	55	19150000	724630	NA
330	Pulse	55	19160000	734630	NA
330	Pulse	55	19170000	744630	NA
330	Pulse	55	19180000	754630	NA
330	Pulse	55	19190000	764630	NA
330	Pulse	55	19200000	774630	NA
330	Pulse	55	19210000	784630	NA
330	Pulse	55	19220000	794630	NA
330	Pulse	55	19230000	804630	NA
330	Pulse	55	19240000	814630	NA
330	Pulse	55	19250000	824630	NA
330	Pulse	55	19260000	834630	NA
330	Pulse	55	19270000	844630	NA
330	Pulse	55	19280000	854630	NA
330	Pulse	55	19290000	864630	NA
330	Pulse	55	19300000	874630	NA
330	Pulse	55	19310000	884630	NA
330	Pulse	55	19320000	894630	NA
330	Pulse	55	19330000	904630	NA
330	Pulse	55	19340000	914630	NA
330	Pulse	55	19350000	924630	NA
330	Pulse	55	19360000	934630	NA
330	Pulse	55	19370000	944630	NA
330	Pulse	55	19380000	954630	NA
330	Pulse	55	19390000	964630	NA
330	Pulse	55	19400000	974630	NA
330	Pulse	55	19410000	984630	NA
330	Pulse	55	19420000	994630	NA
330	Pulse	55	19430000	1004630	NA
330	Pulse	55	19440000	1014630	NA
330	Pulse	55	19450000	1024630	NA
330	Pulse	55	19460000	1034630	NA
330	Pulse	55	19470000	1044630	NA
330	Pulse	55	19480000	1054630	NA
330	Pulse	55	19490000	1064630	NA
330	Pulse	55	19500000	1074630	NA
330	Pulse	55	19510000	1084630	NA
330	Pulse	55	19520000	1094630	NA
330	Pulse	55	19530000	1104630	NA
330	Pulse	55	19540000	1114630	NA
330	Pulse	55	19550000	1124630	NA
330	Pulse	55	19560000	1134630	NA
330	Pulse	55	19570000	1144630	NA
330	Pulse	55	19580000	1154630	NA
330	Pulse	55	19590000	1164630	NA
330	Pulse	55	19600000	1174630	NA
330	Pulse	55	19610000	1184630	NA
330	Pulse	55	19620000	1194630	NA
330	Pulse	55	19630000	1204630	NA
330	Pulse	55	19640000	1214630	NA
330	Pulse	55	19650000	1224630	NA
330	Pulse	55	19660000	1234630	NA
330	Pulse	55	19670000	1244630	NA
330	Pulse	55	19680000	1254630	NA
330	Pulse	55	19690000	1264630	NA
330	Pulse	55	19700000	1274630	NA
330	Pulse	55	19710000	1284630	NA
330	Pulse	55	19720000	1294630	NA
330	Pulse	55	19730000	1304630	NA
330	Pulse	55	19740000	1314630	NA
330	Pulse	55	19750000	1324630	NA
330	Pulse	55	19760000	1334630	NA
330	Pulse	55	19770000	1344630	NA
330	Pulse	55	19780000	1354630	NA
330	Pulse	55	19790000	1364630	NA
330	Pulse	55	19800000	1374630	NA
330	Pulse	55	19810000	1384630	NA
330	Pulse	55	19820000	1394630	NA
330	Pulse	55	19830000	1404630	NA
330	Pulse	55	19840000	1414630	NA
330	Pulse	55	19850000	1424630	NA
330	Pulse	55	19860000	1434630	NA
330	Pulse	55	19870000	1444630	NA
330	Pulse	55	19880000	1454630	NA
330	Pulse	55	19890000	1464630	NA
330	Pulse	55	19900000	1474630	NA
330	Pulse	55	19910000	1484630	NA
330	Pulse	55	19920000	1494630	NA
330	Pulse	55	19930000	1504630	NA
330	Pulse	55	19940000	1514630	NA
330	Pulse	55	19950000	1524630	NA
330	Pulse	55	19960000	1534630	NA
330	Pulse	55	19970000	1544630	NA
330	Pulse	55	19980000	1554630	NA
330	Pulse	55	19990000	1564630	NA
330	Pulse	55	20000000	1574630	NA
330	Pulse	55	20010000	1584630	NA
330	Pulse	55	20020000	1594630	NA
330	Pulse	55	20030000	1604630	NA
330	Pulse	55	20040000	1614630	NA
330	Pulse	55	20050000	1624630	NA
330	Pulse	55	20060000	1634630	NA
330	Pulse	55	20070000	1644630	NA
330	Pulse	55	20080000	1654630	NA
330	Pulse	55	20090000	1664630	NA
330	Pulse	55	20100000	1674630	NA
330	Pulse	55	20110000	1684630	NA
330	Pulse	55	20120000	1694630	NA
330	Pulse	55	20130000	1704630	NA
330	Response	1	20131242	1705873	1
