Scenario - Slideshow_D2.sce
Logfile written - 11/24/2021 15:44:46

Trial	Event Type	Code	Time	TTime	Uncertainty	Duration	Uncertainty	ReqTime	ReqDur	Stim Type	Pair Index

0	Pulse	55	0	0	NA
1	Pulse	55	10000	9167	NA
1	Pulse	55	20000	19167	NA
1	Pulse	55	30000	29167	NA
1	Pulse	55	40000	39167	NA
2	Pulse	55	50000	8501	NA
2	Pulse	55	60000	18501	NA
2	Pulse	55	70000	28501	NA
2	Pulse	55	80000	38501	NA
3	Pulse	55	90000	7835	NA
3	Pulse	55	100000	17835	NA
3	Pulse	55	110000	27835	NA
3	Pulse	55	120000	37835	NA
4	Pulse	55	130000	7169	NA
4	Pulse	55	140000	17169	NA
4	Pulse	55	150000	27169	NA
4	Pulse	55	160000	37169	NA
5	Pulse	55	170000	6503	NA
5	Pulse	55	180000	16503	NA
5	Pulse	55	190000	26503	NA
5	Pulse	55	200000	36503	NA
6	Pulse	55	210000	5837	NA
6	Pulse	55	220000	15837	NA
6	Pulse	55	230000	25837	NA
6	Pulse	55	240000	35837	NA
7	Pulse	55	250000	5171	NA
7	Pulse	55	260000	15171	NA
7	Pulse	55	270000	25171	NA
7	Pulse	55	280000	35171	NA
8	Pulse	55	290000	4505	NA
8	Pulse	55	300000	14505	NA
8	Pulse	55	310000	24505	NA
8	Pulse	55	320000	34505	NA
9	Pulse	55	330000	3839	NA
9	Pulse	55	340000	13839	NA
9	Pulse	55	350000	23839	NA
9	Pulse	55	360000	33839	NA
10	Pulse	55	370000	3340	NA
10	Pulse	55	380000	13340	NA
10	Pulse	55	390000	23340	NA
10	Pulse	55	400000	33340	NA
11	Pulse	55	410000	2674	NA
11	Pulse	55	420000	12674	NA
11	Pulse	55	430000	22674	NA
11	Pulse	55	440000	32674	NA
12	Pulse	55	450000	2008	NA
12	Pulse	55	460000	12008	NA
12	Pulse	55	470000	22008	NA
12	Pulse	55	480000	32008	NA
13	Pulse	55	490000	1342	NA
13	Pulse	55	500000	11342	NA
13	Pulse	55	510000	21342	NA
13	Pulse	55	520000	31342	NA
14	Pulse	55	530000	675	NA
14	Pulse	55	540000	10675	NA
14	Pulse	55	550000	20675	NA
14	Pulse	55	560000	30675	NA
15	Pulse	55	570000	10	NA
15	Pulse	55	580000	10010	NA
15	Pulse	55	590000	20010	NA
15	Pulse	55	600000	30010	NA
15	Pulse	55	610000	40010	NA
16	Pulse	55	620000	9344	NA
16	Pulse	55	630000	19344	NA
16	Pulse	55	640000	29344	NA
16	Pulse	55	650000	39344	NA
17	Pulse	55	660000	8678	NA
17	Pulse	55	670000	18678	NA
17	Pulse	55	680000	28678	NA
17	Pulse	55	690000	38678	NA
18	Pulse	55	700000	8011	NA
18	Pulse	55	710000	18011	NA
18	Pulse	55	720000	28011	NA
18	Pulse	55	730000	38011	NA
19	Pulse	55	740000	7346	NA
19	Pulse	55	750000	17346	NA
19	Pulse	55	760000	27346	NA
19	Pulse	55	770000	37346	NA
20	Pulse	55	780000	6679	NA
20	Pulse	55	790000	16679	NA
20	Pulse	55	800000	26679	NA
20	Pulse	55	810000	36679	NA
21	Pulse	55	820000	6013	NA
21	Pulse	55	830000	16013	NA
21	Pulse	55	840000	26013	NA
21	Pulse	55	850000	36013	NA
22	Pulse	55	860000	5347	NA
22	Pulse	55	870000	15347	NA
22	Pulse	55	880000	25347	NA
22	Pulse	55	890000	35347	NA
23	Pulse	55	900000	4681	NA
23	Pulse	55	910000	14681	NA
23	Pulse	55	920000	24681	NA
23	Pulse	55	930000	34681	NA
24	Pulse	55	940000	4015	NA
24	Pulse	55	950000	14015	NA
24	Pulse	55	960000	24015	NA
24	Pulse	55	970000	34015	NA
25	Pulse	55	980000	3349	NA
25	Pulse	55	990000	13349	NA
25	Pulse	55	1000000	23349	NA
25	Pulse	55	1010000	33349	NA
26	Pulse	55	1020000	2683	NA
26	Pulse	55	1030000	12683	NA
26	Pulse	55	1040000	22683	NA
26	Pulse	55	1050000	32683	NA
27	Pulse	55	1060000	2017	NA
27	Pulse	55	1070000	12017	NA
27	Pulse	55	1080000	22017	NA
27	Pulse	55	1090000	32017	NA
28	Pulse	55	1100000	1351	NA
28	Pulse	55	1110000	11351	NA
28	Pulse	55	1120000	21351	NA
28	Pulse	55	1130000	31351	NA
29	Pulse	55	1140000	685	NA
29	Pulse	55	1150000	10685	NA
29	Pulse	55	1160000	20685	NA
29	Pulse	55	1170000	30685	NA
30	Pulse	55	1180000	19	NA
30	Pulse	55	1190000	10019	NA
30	Pulse	55	1200000	20019	NA
30	Pulse	55	1210000	30019	NA
30	Pulse	55	1220000	40019	NA
31	Pulse	55	1230000	9353	NA
31	Pulse	55	1240000	19353	NA
31	Pulse	55	1250000	29353	NA
31	Pulse	55	1260000	39353	NA
32	Pulse	55	1270000	8687	NA
32	Pulse	55	1280000	18687	NA
32	Pulse	55	1290000	28687	NA
32	Pulse	55	1300000	38687	NA
33	Pulse	55	1310000	8021	NA
33	Pulse	55	1320000	18021	NA
33	Pulse	55	1330000	28021	NA
33	Pulse	55	1340000	38021	NA
34	Pulse	55	1350000	7355	NA
34	Pulse	55	1360000	17355	NA
34	Pulse	55	1370000	27355	NA
34	Pulse	55	1380000	37355	NA
35	Pulse	55	1390000	6689	NA
35	Pulse	55	1400000	16689	NA
35	Pulse	55	1410000	26689	NA
35	Pulse	55	1420000	36689	NA
36	Pulse	55	1430000	6023	NA
36	Pulse	55	1440000	16023	NA
36	Pulse	55	1450000	26023	NA
36	Pulse	55	1460000	36023	NA
37	Pulse	55	1470000	5357	NA
37	Pulse	55	1480000	15357	NA
37	Pulse	55	1490000	25357	NA
37	Pulse	55	1500000	35357	NA
38	Pulse	55	1510000	4525	NA
38	Pulse	55	1520000	14525	NA
38	Pulse	55	1530000	24525	NA
38	Pulse	55	1540000	34525	NA
39	Pulse	55	1550000	3859	NA
39	Pulse	55	1560000	13859	NA
39	Pulse	55	1570000	23859	NA
39	Pulse	55	1580000	33859	NA
40	Pulse	55	1590000	3193	NA
40	Pulse	55	1600000	13193	NA
40	Pulse	55	1610000	23193	NA
40	Pulse	55	1620000	33193	NA
41	Pulse	55	1630000	2527	NA
41	Pulse	55	1640000	12527	NA
41	Pulse	55	1650000	22527	NA
41	Pulse	55	1660000	32527	NA
42	Pulse	55	1670000	1694	NA
42	Pulse	55	1680000	11694	NA
42	Pulse	55	1690000	21694	NA
42	Pulse	55	1700000	31694	NA
43	Pulse	55	1710000	1028	NA
43	Pulse	55	1720000	11028	NA
43	Pulse	55	1730000	21028	NA
43	Pulse	55	1740000	31028	NA
44	Pulse	55	1750000	362	NA
44	Pulse	55	1760000	10362	NA
44	Pulse	55	1770000	20362	NA
44	Pulse	55	1780000	30362	NA
44	Pulse	55	1790000	40362	NA
45	Pulse	55	1800000	9696	NA
45	Pulse	55	1810000	19696	NA
45	Pulse	55	1820000	29696	NA
45	Pulse	55	1830000	39696	NA
46	Pulse	55	1840000	8863	NA
46	Pulse	55	1850000	18863	NA
46	Pulse	55	1860000	28863	NA
46	Pulse	55	1870000	38863	NA
47	Pulse	55	1880000	8197	NA
47	Pulse	55	1890000	18197	NA
47	Pulse	55	1900000	28197	NA
47	Pulse	55	1910000	38197	NA
48	Pulse	55	1920000	7531	NA
48	Pulse	55	1930000	17531	NA
48	Pulse	55	1940000	27531	NA
48	Pulse	55	1950000	37531	NA
49	Pulse	55	1960000	6865	NA
49	Pulse	55	1970000	16865	NA
49	Pulse	55	1980000	26865	NA
49	Pulse	55	1990000	36865	NA
50	Pulse	55	2000000	6199	NA
50	Pulse	55	2010000	16199	NA
50	Pulse	55	2020000	26199	NA
50	Pulse	55	2030000	36199	NA
51	Pulse	55	2040000	5533	NA
51	Pulse	55	2050000	15533	NA
51	Pulse	55	2060000	25533	NA
51	Pulse	55	2070000	35533	NA
52	Pulse	55	2080000	4867	NA
52	Pulse	55	2090000	14867	NA
52	Pulse	55	2100000	24867	NA
52	Pulse	55	2110000	34867	NA
53	Pulse	55	2120000	4201	NA
53	Pulse	55	2130000	14201	NA
53	Pulse	55	2140000	24201	NA
53	Pulse	55	2150000	34201	NA
54	Pulse	55	2160000	3535	NA
54	Pulse	55	2170000	13535	NA
54	Pulse	55	2180000	23535	NA
54	Pulse	55	2190000	33535	NA
55	Pulse	55	2200000	2869	NA
55	Pulse	55	2210000	12869	NA
55	Pulse	55	2220000	22869	NA
55	Pulse	55	2230000	32869	NA
56	Pulse	55	2240000	2036	NA
56	Pulse	55	2250000	12036	NA
56	Pulse	55	2260000	22036	NA
56	Pulse	55	2270000	32036	NA
57	Pulse	55	2280000	1370	NA
57	Pulse	55	2290000	11370	NA
57	Pulse	55	2300000	21370	NA
57	Pulse	55	2310000	31370	NA
58	Pulse	55	2320000	704	NA
58	Pulse	55	2330000	10704	NA
58	Pulse	55	2340000	20704	NA
58	Pulse	55	2350000	30704	NA
59	Pulse	55	2360000	38	NA
59	Pulse	55	2370000	10038	NA
59	Pulse	55	2380000	20038	NA
59	Pulse	55	2390000	30038	NA
59	Pulse	55	2400000	40038	NA
60	Pulse	55	2410000	9372	NA
60	Pulse	55	2420000	19372	NA
60	Pulse	55	2430000	29372	NA
60	Pulse	55	2440000	39372	NA
61	Pulse	55	2450000	8706	NA
61	Pulse	55	2460000	18706	NA
61	Pulse	55	2470000	28706	NA
61	Pulse	55	2480000	38706	NA
62	Pulse	55	2490000	8040	NA
62	Pulse	55	2500000	18040	NA
62	Pulse	55	2510000	28040	NA
62	Pulse	55	2520000	38040	NA
63	Pulse	55	2530000	7374	NA
63	Pulse	55	2540000	17374	NA
63	Pulse	55	2550000	27374	NA
63	Pulse	55	2560000	37374	NA
64	Pulse	55	2570000	6708	NA
64	Pulse	55	2580000	16708	NA
64	Pulse	55	2590000	26708	NA
64	Pulse	55	2600000	36708	NA
65	Pulse	55	2610000	6042	NA
65	Pulse	55	2620000	16042	NA
65	Pulse	55	2630000	26042	NA
65	Pulse	55	2640000	36042	NA
66	Pulse	55	2650000	5376	NA
66	Pulse	55	2660000	15376	NA
66	Pulse	55	2670000	25376	NA
66	Pulse	55	2680000	35376	NA
67	Pulse	55	2690000	4710	NA
67	Pulse	55	2700000	14710	NA
67	Pulse	55	2710000	24710	NA
67	Pulse	55	2720000	34710	NA
68	Pulse	55	2730000	4044	NA
68	Pulse	55	2740000	14044	NA
68	Pulse	55	2750000	24044	NA
68	Pulse	55	2760000	34044	NA
69	Pulse	55	2770000	3378	NA
69	Pulse	55	2780000	13378	NA
69	Pulse	55	2790000	23378	NA
69	Pulse	55	2800000	33378	NA
70	Pulse	55	2810000	2712	NA
70	Pulse	55	2820000	12712	NA
70	Pulse	55	2830000	22712	NA
70	Pulse	55	2840000	32712	NA
71	Pulse	55	2850000	2046	NA
71	Pulse	55	2860000	12046	NA
71	Pulse	55	2870000	22046	NA
71	Pulse	55	2880000	32046	NA
72	Pulse	55	2890000	1380	NA
72	Pulse	55	2900000	11380	NA
72	Pulse	55	2910000	21380	NA
72	Pulse	55	2920000	31380	NA
73	Pulse	55	2930000	714	NA
73	Pulse	55	2940000	10714	NA
73	Pulse	55	2950000	20714	NA
73	Pulse	55	2960000	30714	NA
74	Pulse	55	2970000	48	NA
74	Pulse	55	2980000	10048	NA
74	Pulse	55	2990000	20048	NA
74	Pulse	55	3000000	30048	NA
74	Pulse	55	3010000	40048	NA
75	Pulse	55	3020000	9382	NA
75	Pulse	55	3030000	19382	NA
75	Pulse	55	3040000	29382	NA
75	Pulse	55	3050000	39382	NA
76	Pulse	55	3060000	8716	NA
76	Pulse	55	3070000	18716	NA
76	Pulse	55	3080000	28716	NA
76	Pulse	55	3090000	38716	NA
77	Pulse	55	3100000	8050	NA
77	Pulse	55	3110000	18050	NA
77	Pulse	55	3120000	28050	NA
77	Pulse	55	3130000	38050	NA
78	Pulse	55	3140000	7384	NA
78	Pulse	55	3150000	17384	NA
78	Pulse	55	3160000	27384	NA
78	Pulse	55	3170000	37384	NA
79	Pulse	55	3180000	6718	NA
79	Pulse	55	3190000	16718	NA
79	Pulse	55	3200000	26718	NA
79	Pulse	55	3210000	36718	NA
80	Pulse	55	3220000	6052	NA
80	Pulse	55	3230000	16052	NA
80	Pulse	55	3240000	26052	NA
80	Pulse	55	3250000	36052	NA
81	Pulse	55	3260000	5386	NA
81	Pulse	55	3270000	15386	NA
81	Pulse	55	3280000	25386	NA
81	Pulse	55	3290000	35386	NA
82	Pulse	55	3300000	4720	NA
82	Pulse	55	3310000	14720	NA
82	Pulse	55	3320000	24720	NA
82	Pulse	55	3330000	34720	NA
83	Pulse	55	3340000	4054	NA
83	Pulse	55	3350000	14054	NA
83	Pulse	55	3360000	24054	NA
83	Pulse	55	3370000	34054	NA
84	Pulse	55	3380000	3388	NA
84	Pulse	55	3390000	13388	NA
84	Pulse	55	3400000	23388	NA
84	Pulse	55	3410000	33388	NA
85	Pulse	55	3420000	2722	NA
85	Pulse	55	3430000	12722	NA
85	Pulse	55	3440000	22722	NA
85	Pulse	55	3450000	32722	NA
86	Pulse	55	3460000	2056	NA
86	Pulse	55	3470000	12056	NA
86	Pulse	55	3480000	22056	NA
86	Pulse	55	3490000	32056	NA
87	Pulse	55	3500000	1390	NA
87	Pulse	55	3510000	11390	NA
87	Pulse	55	3520000	21390	NA
87	Pulse	55	3530000	31390	NA
88	Pulse	55	3540000	724	NA
88	Pulse	55	3550000	10724	NA
88	Pulse	55	3560000	20724	NA
88	Pulse	55	3570000	30724	NA
89	Pulse	55	3580000	58	NA
89	Pulse	55	3590000	10058	NA
89	Pulse	55	3600000	20058	NA
89	Pulse	55	3610000	30058	NA
89	Pulse	55	3620000	40058	NA
90	Pulse	55	3630000	9392	NA
90	Pulse	55	3640000	19392	NA
90	Pulse	55	3650000	29392	NA
90	Pulse	55	3660000	39392	NA
91	Pulse	55	3670000	8726	NA
91	Pulse	55	3680000	18726	NA
91	Pulse	55	3690000	28726	NA
91	Pulse	55	3700000	38726	NA
92	Pulse	55	3710000	8060	NA
92	Pulse	55	3720000	18060	NA
92	Pulse	55	3730000	28060	NA
92	Pulse	55	3740000	38060	NA
93	Pulse	55	3750000	7394	NA
93	Pulse	55	3760000	17394	NA
93	Pulse	55	3770000	27394	NA
93	Pulse	55	3780000	37394	NA
94	Pulse	55	3790000	6728	NA
94	Pulse	55	3800000	16728	NA
94	Pulse	55	3810000	26728	NA
94	Pulse	55	3820000	36728	NA
95	Pulse	55	3830000	6062	NA
95	Pulse	55	3840000	16062	NA
95	Pulse	55	3850000	26062	NA
95	Pulse	55	3860000	36062	NA
96	Pulse	55	3870000	5396	NA
96	Pulse	55	3880000	15396	NA
96	Pulse	55	3890000	25396	NA
96	Pulse	55	3900000	35396	NA
97	Pulse	55	3910000	4730	NA
97	Pulse	55	3920000	14730	NA
97	Pulse	55	3930000	24730	NA
97	Pulse	55	3940000	34730	NA
98	Pulse	55	3950000	4064	NA
98	Pulse	55	3960000	14064	NA
98	Pulse	55	3970000	24064	NA
98	Pulse	55	3980000	34064	NA
99	Pulse	55	3990000	3398	NA
99	Pulse	55	4000000	13398	NA
99	Pulse	55	4010000	23398	NA
99	Pulse	55	4020000	33398	NA
100	Pulse	55	4030000	2732	NA
100	Pulse	55	4040000	12732	NA
100	Pulse	55	4050000	22732	NA
100	Pulse	55	4060000	32732	NA
101	Pulse	55	4070000	2066	NA
101	Pulse	55	4080000	12066	NA
101	Pulse	55	4090000	22066	NA
101	Pulse	55	4100000	32066	NA
102	Pulse	55	4110000	1400	NA
102	Pulse	55	4120000	11400	NA
102	Pulse	55	4130000	21400	NA
102	Pulse	55	4140000	31400	NA
103	Pulse	55	4150000	734	NA
103	Pulse	55	4160000	10734	NA
103	Pulse	55	4170000	20734	NA
103	Pulse	55	4180000	30734	NA
104	Pulse	55	4190000	68	NA
104	Pulse	55	4200000	10068	NA
104	Pulse	55	4210000	20068	NA
104	Pulse	55	4220000	30068	NA
104	Pulse	55	4230000	40068	NA
105	Pulse	55	4240000	9402	NA
105	Pulse	55	4250000	19402	NA
105	Pulse	55	4260000	29402	NA
105	Pulse	55	4270000	39402	NA
106	Pulse	55	4280000	8736	NA
106	Pulse	55	4290000	18736	NA
106	Pulse	55	4300000	28736	NA
106	Pulse	55	4310000	38736	NA
107	Pulse	55	4320000	8236	NA
107	Pulse	55	4330000	18236	NA
107	Pulse	55	4340000	28236	NA
107	Pulse	55	4350000	38236	NA
108	Pulse	55	4360000	7570	NA
108	Pulse	55	4370000	17570	NA
108	Pulse	55	4380000	27570	NA
108	Pulse	55	4390000	37570	NA
109	Pulse	55	4400000	6904	NA
109	Pulse	55	4410000	16904	NA
109	Pulse	55	4420000	26904	NA
109	Pulse	55	4430000	36904	NA
110	Pulse	55	4440000	6238	NA
110	Pulse	55	4450000	16238	NA
110	Pulse	55	4460000	26238	NA
110	Pulse	55	4470000	36238	NA
111	Pulse	55	4480000	5572	NA
111	Pulse	55	4490000	15572	NA
111	Pulse	55	4500000	25572	NA
111	Pulse	55	4510000	35572	NA
112	Pulse	55	4520000	4906	NA
112	Pulse	55	4530000	14906	NA
112	Pulse	55	4540000	24906	NA
112	Pulse	55	4550000	34906	NA
113	Pulse	55	4560000	4240	NA
113	Pulse	55	4570000	14240	NA
113	Pulse	55	4580000	24240	NA
113	Pulse	55	4590000	34240	NA
114	Pulse	55	4600000	3574	NA
114	Pulse	55	4610000	13574	NA
114	Pulse	55	4620000	23574	NA
114	Pulse	55	4630000	33574	NA
115	Pulse	55	4640000	2908	NA
115	Pulse	55	4650000	12908	NA
115	Pulse	55	4660000	22908	NA
115	Pulse	55	4670000	32908	NA
116	Pulse	55	4680000	2242	NA
116	Pulse	55	4690000	12242	NA
116	Pulse	55	4700000	22242	NA
116	Pulse	55	4710000	32242	NA
117	Pulse	55	4720000	1576	NA
117	Pulse	55	4730000	11576	NA
117	Pulse	55	4740000	21576	NA
117	Pulse	55	4750000	31576	NA
118	Pulse	55	4760000	910	NA
118	Pulse	55	4770000	10910	NA
118	Pulse	55	4780000	20910	NA
118	Pulse	55	4790000	30910	NA
119	Pulse	55	4800000	244	NA
119	Pulse	55	4810000	10244	NA
119	Pulse	55	4820000	20244	NA
119	Pulse	55	4830000	30244	NA
119	Pulse	55	4840000	40244	NA
120	Pulse	55	4850000	9578	NA
120	Pulse	55	4860000	19578	NA
120	Pulse	55	4870000	29578	NA
120	Pulse	55	4880000	39578	NA
121	Pulse	55	4890000	9079	NA
121	Pulse	55	4900000	19079	NA
121	Pulse	55	4910000	29079	NA
121	Pulse	55	4920000	39079	NA
122	Pulse	55	4930000	8413	NA
122	Pulse	55	4940000	18413	NA
122	Pulse	55	4950000	28413	NA
122	Pulse	55	4960000	38413	NA
123	Pulse	55	4970000	7914	NA
123	Pulse	55	4980000	17914	NA
123	Pulse	55	4990000	27914	NA
123	Pulse	55	5000000	37914	NA
124	Pulse	55	5010000	7414	NA
124	Pulse	55	5020000	17414	NA
124	Pulse	55	5030000	27414	NA
124	Pulse	55	5040000	37414	NA
125	Pulse	55	5050000	6915	NA
125	Pulse	55	5060000	16915	NA
125	Pulse	55	5070000	26915	NA
125	Pulse	55	5080000	36915	NA
126	Pulse	55	5090000	6249	NA
126	Pulse	55	5100000	16249	NA
126	Pulse	55	5110000	26249	NA
126	Pulse	55	5120000	36249	NA
127	Pulse	55	5130000	5583	NA
127	Pulse	55	5140000	15583	NA
127	Pulse	55	5150000	25583	NA
127	Pulse	55	5160000	35583	NA
128	Pulse	55	5170000	4917	NA
128	Pulse	55	5180000	14917	NA
128	Pulse	55	5190000	24917	NA
128	Pulse	55	5200000	34917	NA
129	Pulse	55	5210000	4251	NA
129	Pulse	55	5220000	14251	NA
129	Pulse	55	5230000	24251	NA
129	Pulse	55	5240000	34251	NA
130	Pulse	55	5250000	3585	NA
130	Pulse	55	5260000	13585	NA
130	Pulse	55	5270000	23585	NA
130	Pulse	55	5280000	33585	NA
131	Pulse	55	5290000	2919	NA
131	Pulse	55	5300000	12919	NA
131	Pulse	55	5310000	22919	NA
131	Pulse	55	5320000	32919	NA
132	Pulse	55	5330000	2419	NA
132	Pulse	55	5340000	12419	NA
132	Pulse	55	5350000	22419	NA
132	Pulse	55	5360000	32419	NA
133	Pulse	55	5370000	1753	NA
133	Pulse	55	5380000	11753	NA
133	Pulse	55	5390000	21753	NA
133	Pulse	55	5400000	31753	NA
134	Pulse	55	5410000	1087	NA
134	Pulse	55	5420000	11087	NA
134	Pulse	55	5430000	21087	NA
134	Pulse	55	5440000	31087	NA
135	Pulse	55	5450000	421	NA
135	Pulse	55	5460000	10421	NA
135	Pulse	55	5470000	20421	NA
135	Pulse	55	5480000	30421	NA
135	Pulse	55	5490000	40421	NA
136	Pulse	55	5500000	9755	NA
136	Pulse	55	5510000	19755	NA
136	Pulse	55	5520000	29755	NA
136	Pulse	55	5530000	39755	NA
137	Pulse	55	5540000	9089	NA
137	Pulse	55	5550000	19089	NA
137	Pulse	55	5560000	29089	NA
137	Pulse	55	5570000	39089	NA
138	Pulse	55	5580000	8590	NA
138	Pulse	55	5590000	18590	NA
138	Pulse	55	5600000	28590	NA
138	Pulse	55	5610000	38590	NA
139	Pulse	55	5620000	7924	NA
139	Pulse	55	5630000	17924	NA
139	Pulse	55	5640000	27924	NA
139	Pulse	55	5650000	37924	NA
140	Pulse	55	5660000	7258	NA
140	Pulse	55	5670000	17258	NA
140	Pulse	55	5680000	27258	NA
140	Pulse	55	5690000	37258	NA
141	Pulse	55	5700000	6759	NA
141	Pulse	55	5710000	16759	NA
141	Pulse	55	5720000	26759	NA
141	Pulse	55	5730000	36759	NA
142	Pulse	55	5740000	6092	NA
142	Pulse	55	5750000	16092	NA
142	Pulse	55	5760000	26092	NA
142	Pulse	55	5770000	36092	NA
143	Pulse	55	5780000	5427	NA
143	Pulse	55	5790000	15427	NA
143	Pulse	55	5800000	25427	NA
143	Pulse	55	5810000	35427	NA
144	Pulse	55	5820000	4927	NA
144	Pulse	55	5830000	14927	NA
144	Pulse	55	5840000	24927	NA
144	Pulse	55	5850000	34927	NA
145	Pulse	55	5860000	4428	NA
145	Pulse	55	5870000	14428	NA
145	Pulse	55	5880000	24428	NA
145	Pulse	55	5890000	34428	NA
146	Pulse	55	5900000	3762	NA
146	Pulse	55	5910000	13762	NA
146	Pulse	55	5920000	23762	NA
146	Pulse	55	5930000	33762	NA
147	Pulse	55	5940000	3096	NA
147	Pulse	55	5950000	13096	NA
147	Pulse	55	5960000	23096	NA
147	Pulse	55	5970000	33096	NA
148	Pulse	55	5980000	2430	NA
148	Pulse	55	5990000	12430	NA
148	Pulse	55	6000000	22430	NA
148	Pulse	55	6010000	32430	NA
149	Pulse	55	6020000	1764	NA
149	Pulse	55	6030000	11764	NA
149	Pulse	55	6040000	21764	NA
149	Pulse	55	6050000	31764	NA
150	Pulse	55	6060000	1098	NA
150	Pulse	55	6070000	11098	NA
150	Pulse	55	6080000	21098	NA
150	Pulse	55	6090000	31098	NA
151	Pulse	55	6100000	432	NA
151	Pulse	55	6110000	10432	NA
151	Pulse	55	6120000	20432	NA
151	Pulse	55	6130000	30432	NA
151	Pulse	55	6140000	40432	NA
152	Pulse	55	6150000	9766	NA
152	Pulse	55	6160000	19766	NA
152	Pulse	55	6170000	29766	NA
152	Pulse	55	6180000	39766	NA
153	Pulse	55	6190000	9266	NA
153	Pulse	55	6200000	19266	NA
153	Pulse	55	6210000	29266	NA
153	Pulse	55	6220000	39266	NA
154	Pulse	55	6230000	8767	NA
154	Pulse	55	6240000	18767	NA
154	Pulse	55	6250000	28767	NA
154	Pulse	55	6260000	38767	NA
155	Pulse	55	6270000	8268	NA
155	Pulse	55	6280000	18268	NA
155	Pulse	55	6290000	28268	NA
155	Pulse	55	6300000	38268	NA
156	Pulse	55	6310000	7768	NA
156	Pulse	55	6320000	17768	NA
156	Pulse	55	6330000	27768	NA
156	Pulse	55	6340000	37768	NA
157	Pulse	55	6350000	7102	NA
157	Pulse	55	6360000	17102	NA
157	Pulse	55	6370000	27102	NA
157	Pulse	55	6380000	37102	NA
158	Pulse	55	6390000	6603	NA
158	Pulse	55	6400000	16603	NA
158	Pulse	55	6410000	26603	NA
158	Pulse	55	6420000	36603	NA
159	Pulse	55	6430000	5937	NA
159	Pulse	55	6440000	15937	NA
159	Pulse	55	6450000	25937	NA
159	Pulse	55	6460000	35937	NA
160	Pulse	55	6470000	5271	NA
160	Pulse	55	6480000	15271	NA
160	Pulse	55	6490000	25271	NA
160	Pulse	55	6500000	35271	NA
161	Pulse	55	6510000	4605	NA
161	Pulse	55	6520000	14605	NA
161	Pulse	55	6530000	24605	NA
161	Pulse	55	6540000	34605	NA
162	Pulse	55	6550000	4106	NA
162	Pulse	55	6560000	14106	NA
162	Pulse	55	6570000	24106	NA
162	Pulse	55	6580000	34106	NA
163	Pulse	55	6590000	3440	NA
163	Pulse	55	6600000	13440	NA
163	Pulse	55	6610000	23440	NA
163	Pulse	55	6620000	33440	NA
164	Pulse	55	6630000	2774	NA
164	Pulse	55	6640000	12774	NA
164	Pulse	55	6650000	22774	NA
164	Pulse	55	6660000	32774	NA
165	Pulse	55	6670000	2108	NA
165	Pulse	55	6680000	12108	NA
165	Pulse	55	6690000	22108	NA
165	Pulse	55	6700000	32108	NA
166	Pulse	55	6710000	1441	NA
166	Pulse	55	6720000	11441	NA
166	Pulse	55	6730000	21441	NA
166	Pulse	55	6740000	31441	NA
167	Pulse	55	6750000	776	NA
167	Pulse	55	6760000	10776	NA
167	Pulse	55	6770000	20776	NA
167	Pulse	55	6780000	30776	NA
168	Pulse	55	6790000	109	NA
168	Pulse	55	6800000	10109	NA
168	Pulse	55	6810000	20109	NA
168	Pulse	55	6820000	30109	NA
168	Pulse	55	6830000	40109	NA
169	Pulse	55	6840000	9610	NA
169	Pulse	55	6850000	19610	NA
169	Pulse	55	6860000	29610	NA
169	Pulse	55	6870000	39610	NA
170	Pulse	55	6880000	8944	NA
170	Pulse	55	6890000	18944	NA
170	Pulse	55	6900000	28944	NA
170	Pulse	55	6910000	38944	NA
171	Pulse	55	6920000	8445	NA
171	Pulse	55	6930000	18445	NA
171	Pulse	55	6940000	28445	NA
171	Pulse	55	6950000	38445	NA
172	Pulse	55	6960000	7779	NA
172	Pulse	55	6970000	17779	NA
172	Pulse	55	6980000	27779	NA
172	Pulse	55	6990000	37779	NA
173	Pulse	55	7000000	7113	NA
173	Pulse	55	7010000	17113	NA
173	Pulse	55	7020000	27113	NA
173	Pulse	55	7030000	37113	NA
174	Pulse	55	7040000	6613	NA
174	Pulse	55	7050000	16613	NA
174	Pulse	55	7060000	26613	NA
174	Pulse	55	7070000	36613	NA
175	Pulse	55	7080000	6114	NA
175	Pulse	55	7090000	16114	NA
175	Pulse	55	7100000	26114	NA
175	Pulse	55	7110000	36114	NA
176	Pulse	55	7120000	5448	NA
176	Pulse	55	7130000	15448	NA
176	Pulse	55	7140000	25448	NA
176	Pulse	55	7150000	35448	NA
177	Pulse	55	7160000	4782	NA
177	Pulse	55	7170000	14782	NA
177	Pulse	55	7180000	24782	NA
177	Pulse	55	7190000	34782	NA
178	Pulse	55	7200000	4116	NA
178	Pulse	55	7210000	14116	NA
178	Pulse	55	7220000	24116	NA
178	Pulse	55	7230000	34116	NA
179	Pulse	55	7240000	3617	NA
179	Pulse	55	7250000	13617	NA
179	Pulse	55	7260000	23617	NA
179	Pulse	55	7270000	33617	NA
180	Pulse	55	7280000	2951	NA
180	Pulse	55	7290000	12951	NA
180	Pulse	55	7300000	22951	NA
180	Pulse	55	7310000	32951	NA
181	Pulse	55	7320000	2285	NA
181	Pulse	55	7330000	12285	NA
181	Pulse	55	7340000	22285	NA
181	Pulse	55	7350000	32285	NA
182	Pulse	55	7360000	1618	NA
182	Pulse	55	7370000	11618	NA
182	Pulse	55	7380000	21618	NA
182	Pulse	55	7390000	31618	NA
183	Pulse	55	7400000	952	NA
183	Pulse	55	7410000	10952	NA
183	Pulse	55	7420000	20952	NA
183	Pulse	55	7430000	30952	NA
184	Pulse	55	7440000	287	NA
184	Pulse	55	7450000	10287	NA
184	Pulse	55	7460000	20287	NA
184	Pulse	55	7470000	30287	NA
184	Pulse	55	7480000	40287	NA
185	Pulse	55	7490000	9787	NA
185	Pulse	55	7500000	19787	NA
185	Pulse	55	7510000	29787	NA
185	Pulse	55	7520000	39787	NA
186	Pulse	55	7530000	9121	NA
186	Pulse	55	7540000	19121	NA
186	Pulse	55	7550000	29121	NA
186	Pulse	55	7560000	39121	NA
187	Pulse	55	7570000	8455	NA
187	Pulse	55	7580000	18455	NA
187	Pulse	55	7590000	28455	NA
187	Pulse	55	7600000	38455	NA
188	Pulse	55	7610000	7789	NA
188	Pulse	55	7620000	17789	NA
188	Pulse	55	7630000	27789	NA
188	Pulse	55	7640000	37789	NA
189	Pulse	55	7650000	7123	NA
189	Pulse	55	7660000	17123	NA
189	Pulse	55	7670000	27123	NA
189	Pulse	55	7680000	37123	NA
190	Pulse	55	7690000	6457	NA
190	Pulse	55	7700000	16457	NA
190	Pulse	55	7710000	26457	NA
190	Pulse	55	7720000	36457	NA
191	Pulse	55	7730000	5791	NA
191	Pulse	55	7740000	15791	NA
191	Pulse	55	7750000	25791	NA
191	Pulse	55	7760000	35791	NA
192	Pulse	55	7770000	5125	NA
192	Pulse	55	7780000	15125	NA
192	Pulse	55	7790000	25125	NA
192	Pulse	55	7800000	35125	NA
193	Pulse	55	7810000	4459	NA
193	Pulse	55	7820000	14459	NA
193	Pulse	55	7830000	24459	NA
193	Pulse	55	7840000	34459	NA
194	Pulse	55	7850000	3793	NA
194	Pulse	55	7860000	13793	NA
194	Pulse	55	7870000	23793	NA
194	Pulse	55	7880000	33793	NA
195	Pulse	55	7890000	3127	NA
195	Pulse	55	7900000	13127	NA
195	Pulse	55	7910000	23127	NA
195	Pulse	55	7920000	33127	NA
196	Pulse	55	7930000	2461	NA
196	Pulse	55	7940000	12461	NA
196	Pulse	55	7950000	22461	NA
196	Pulse	55	7960000	32461	NA
197	Pulse	55	7970000	1795	NA
197	Pulse	55	7980000	11795	NA
197	Pulse	55	7990000	21795	NA
197	Pulse	55	8000000	31795	NA
198	Pulse	55	8010000	1296	NA
198	Pulse	55	8020000	11296	NA
198	Pulse	55	8030000	21296	NA
198	Pulse	55	8040000	31296	NA
199	Pulse	55	8050000	630	NA
199	Pulse	55	8060000	10630	NA
199	Pulse	55	8070000	20630	NA
199	Pulse	55	8080000	30630	NA
199	Pulse	55	8090000	40630	NA
200	Pulse	55	8100000	9964	NA
200	Pulse	55	8110000	19964	NA
200	Pulse	55	8120000	29964	NA
200	Pulse	55	8130000	39964	NA
201	Pulse	55	8140000	9464	NA
201	Pulse	55	8150000	19464	NA
201	Pulse	55	8160000	29464	NA
201	Pulse	55	8170000	39464	NA
202	Pulse	55	8180000	8798	NA
202	Pulse	55	8190000	18798	NA
202	Pulse	55	8200000	28798	NA
202	Pulse	55	8210000	38798	NA
203	Pulse	55	8220000	8299	NA
203	Pulse	55	8230000	18299	NA
203	Pulse	55	8240000	28299	NA
203	Pulse	55	8250000	38299	NA
204	Pulse	55	8260000	7633	NA
204	Pulse	55	8270000	17633	NA
204	Pulse	55	8280000	27633	NA
204	Pulse	55	8290000	37633	NA
205	Pulse	55	8300000	6967	NA
205	Pulse	55	8310000	16967	NA
205	Pulse	55	8320000	26967	NA
205	Pulse	55	8330000	36967	NA
206	Pulse	55	8340000	6301	NA
206	Pulse	55	8350000	16301	NA
206	Pulse	55	8360000	26301	NA
206	Pulse	55	8370000	36301	NA
207	Pulse	55	8380000	5802	NA
207	Pulse	55	8390000	15802	NA
207	Pulse	55	8400000	25802	NA
207	Pulse	55	8410000	35802	NA
208	Pulse	55	8420000	5302	NA
208	Pulse	55	8430000	15302	NA
208	Pulse	55	8440000	25302	NA
208	Pulse	55	8450000	35302	NA
209	Pulse	55	8460000	4636	NA
209	Pulse	55	8470000	14636	NA
209	Pulse	55	8480000	24636	NA
209	Pulse	55	8490000	34636	NA
210	Pulse	55	8500000	3970	NA
210	Pulse	55	8510000	13970	NA
210	Pulse	55	8520000	23970	NA
210	Pulse	55	8530000	33970	NA
211	Pulse	55	8540000	3471	NA
211	Pulse	55	8550000	13471	NA
211	Pulse	55	8560000	23471	NA
211	Pulse	55	8570000	33471	NA
212	Pulse	55	8580000	2971	NA
212	Pulse	55	8590000	12971	NA
212	Pulse	55	8600000	22971	NA
212	Pulse	55	8610000	32971	NA
213	Pulse	55	8620000	2472	NA
213	Pulse	55	8630000	12472	NA
213	Pulse	55	8640000	22472	NA
213	Pulse	55	8650000	32472	NA
214	Pulse	55	8660000	1806	NA
214	Pulse	55	8670000	11806	NA
214	Pulse	55	8680000	21806	NA
214	Pulse	55	8690000	31806	NA
215	Pulse	55	8700000	1140	NA
215	Pulse	55	8710000	11140	NA
215	Pulse	55	8720000	21140	NA
215	Pulse	55	8730000	31140	NA
216	Pulse	55	8740000	474	NA
216	Pulse	55	8750000	10474	NA
216	Pulse	55	8760000	20474	NA
216	Pulse	55	8770000	30474	NA
217	Pulse	55	8780000	141	NA
217	Pulse	55	8790000	10141	NA
217	Pulse	55	8800000	20141	NA
217	Pulse	55	8810000	30141	NA
217	Pulse	55	8820000	40141	NA
218	Pulse	55	8830000	9475	NA
218	Pulse	55	8840000	19475	NA
218	Pulse	55	8850000	29475	NA
218	Pulse	55	8860000	39475	NA
219	Pulse	55	8870000	8976	NA
219	Pulse	55	8880000	18976	NA
219	Pulse	55	8890000	28976	NA
219	Pulse	55	8900000	38976	NA
220	Pulse	55	8910000	8310	NA
220	Pulse	55	8920000	18310	NA
220	Pulse	55	8930000	28310	NA
220	Pulse	55	8940000	38310	NA
221	Pulse	55	8950000	7644	NA
221	Pulse	55	8960000	17644	NA
221	Pulse	55	8970000	27644	NA
221	Pulse	55	8980000	37644	NA
222	Pulse	55	8990000	7145	NA
222	Pulse	55	9000000	17145	NA
222	Pulse	55	9010000	27145	NA
222	Pulse	55	9020000	37145	NA
223	Pulse	55	9030000	6479	NA
223	Pulse	55	9040000	16479	NA
223	Pulse	55	9050000	26479	NA
223	Pulse	55	9060000	36479	NA
224	Pulse	55	9070000	5813	NA
224	Pulse	55	9080000	15813	NA
224	Pulse	55	9090000	25813	NA
224	Pulse	55	9100000	35813	NA
225	Pulse	55	9110000	5313	NA
225	Pulse	55	9120000	15313	NA
225	Pulse	55	9130000	25313	NA
225	Pulse	55	9140000	35313	NA
226	Pulse	55	9150000	4814	NA
226	Pulse	55	9160000	14814	NA
226	Pulse	55	9170000	24814	NA
226	Pulse	55	9180000	34814	NA
227	Pulse	55	9190000	4148	NA
227	Pulse	55	9200000	14148	NA
227	Pulse	55	9210000	24148	NA
227	Pulse	55	9220000	34148	NA
228	Pulse	55	9230000	3482	NA
228	Pulse	55	9240000	13482	NA
228	Pulse	55	9250000	23482	NA
228	Pulse	55	9260000	33482	NA
229	Pulse	55	9270000	2816	NA
229	Pulse	55	9280000	12816	NA
229	Pulse	55	9290000	22816	NA
229	Pulse	55	9300000	32816	NA
230	Pulse	55	9310000	2150	NA
230	Pulse	55	9320000	12150	NA
230	Pulse	55	9330000	22150	NA
230	Pulse	55	9340000	32150	NA
231	Pulse	55	9350000	1651	NA
231	Pulse	55	9360000	11651	NA
231	Pulse	55	9370000	21651	NA
231	Pulse	55	9380000	31651	NA
232	Pulse	55	9390000	984	NA
232	Pulse	55	9400000	10984	NA
232	Pulse	55	9410000	20984	NA
232	Pulse	55	9420000	30984	NA
233	Pulse	55	9430000	318	NA
233	Pulse	55	9440000	10318	NA
233	Pulse	55	9450000	20318	NA
233	Pulse	55	9460000	30318	NA
233	Pulse	55	9470000	40318	NA
234	Pulse	55	9480000	9653	NA
234	Pulse	55	9490000	19653	NA
234	Pulse	55	9500000	29653	NA
234	Pulse	55	9510000	39653	NA
235	Pulse	55	9520000	8987	NA
235	Pulse	55	9530000	18987	NA
235	Pulse	55	9540000	28987	NA
235	Pulse	55	9550000	38987	NA
236	Pulse	55	9560000	8321	NA
236	Pulse	55	9570000	18321	NA
236	Pulse	55	9580000	28321	NA
236	Pulse	55	9590000	38321	NA
237	Pulse	55	9600000	7655	NA
237	Pulse	55	9610000	17655	NA
237	Pulse	55	9620000	27655	NA
237	Pulse	55	9630000	37655	NA
238	Pulse	55	9640000	6988	NA
238	Pulse	55	9650000	16988	NA
238	Pulse	55	9660000	26988	NA
238	Pulse	55	9670000	36988	NA
239	Pulse	55	9680000	6323	NA
239	Pulse	55	9690000	16323	NA
239	Pulse	55	9700000	26323	NA
239	Pulse	55	9710000	36323	NA
240	Pulse	55	9720000	5656	NA
240	Pulse	55	9730000	15656	NA
240	Pulse	55	9740000	25656	NA
240	Pulse	55	9750000	35656	NA
241	Pulse	55	9760000	4990	NA
241	Pulse	55	9770000	14990	NA
241	Pulse	55	9780000	24990	NA
241	Pulse	55	9790000	34990	NA
242	Pulse	55	9800000	4324	NA
242	Pulse	55	9810000	14324	NA
242	Pulse	55	9820000	24324	NA
242	Pulse	55	9830000	34324	NA
243	Pulse	55	9840000	3658	NA
243	Pulse	55	9850000	13658	NA
243	Pulse	55	9860000	23658	NA
243	Pulse	55	9870000	33658	NA
244	Pulse	55	9880000	2992	NA
244	Pulse	55	9890000	12992	NA
244	Pulse	55	9900000	22992	NA
244	Pulse	55	9910000	32992	NA
245	Pulse	55	9920000	2493	NA
245	Pulse	55	9930000	12493	NA
245	Pulse	55	9940000	22493	NA
245	Pulse	55	9950000	32493	NA
246	Pulse	55	9960000	1827	NA
246	Pulse	55	9970000	11827	NA
246	Pulse	55	9980000	21827	NA
246	Pulse	55	9990000	31827	NA
247	Pulse	55	10000000	1161	NA
247	Pulse	55	10010000	11161	NA
247	Pulse	55	10020000	21161	NA
247	Pulse	55	10030000	31161	NA
248	Pulse	55	10040000	495	NA
248	Pulse	55	10050000	10495	NA
248	Pulse	55	10060000	20495	NA
248	Pulse	55	10070000	30495	NA
248	Pulse	55	10080000	40495	NA
249	Pulse	55	10090000	9829	NA
249	Pulse	55	10100000	19829	NA
249	Pulse	55	10110000	29829	NA
249	Pulse	55	10120000	39829	NA
250	Pulse	55	10130000	9163	NA
250	Pulse	55	10140000	19163	NA
250	Pulse	55	10150000	29163	NA
250	Pulse	55	10160000	39163	NA
251	Pulse	55	10170000	8497	NA
251	Pulse	55	10180000	18497	NA
251	Pulse	55	10190000	28497	NA
251	Pulse	55	10200000	38497	NA
252	Pulse	55	10210000	7831	NA
252	Pulse	55	10220000	17831	NA
252	Pulse	55	10230000	27831	NA
252	Pulse	55	10240000	37831	NA
253	Pulse	55	10250000	7165	NA
253	Pulse	55	10260000	17165	NA
253	Pulse	55	10270000	27165	NA
253	Pulse	55	10280000	37165	NA
254	Pulse	55	10290000	6499	NA
254	Pulse	55	10300000	16499	NA
254	Pulse	55	10310000	26499	NA
254	Pulse	55	10320000	36499	NA
255	Pulse	55	10330000	5999	NA
255	Pulse	55	10340000	15999	NA
255	Pulse	55	10350000	25999	NA
255	Pulse	55	10360000	35999	NA
256	Pulse	55	10370000	5500	NA
256	Pulse	55	10380000	15500	NA
256	Pulse	55	10390000	25500	NA
256	Pulse	55	10400000	35500	NA
257	Pulse	55	10410000	5001	NA
257	Pulse	55	10420000	15001	NA
257	Pulse	55	10430000	25001	NA
257	Pulse	55	10440000	35001	NA
258	Pulse	55	10450000	4335	NA
258	Pulse	55	10460000	14335	NA
258	Pulse	55	10470000	24335	NA
258	Pulse	55	10480000	34335	NA
259	Pulse	55	10490000	3669	NA
259	Pulse	55	10500000	13669	NA
259	Pulse	55	10510000	23669	NA
259	Pulse	55	10520000	33669	NA
260	Pulse	55	10530000	3003	NA
260	Pulse	55	10540000	13003	NA
260	Pulse	55	10550000	23003	NA
260	Pulse	55	10560000	33003	NA
261	Pulse	55	10570000	2337	NA
261	Pulse	55	10580000	12337	NA
261	Pulse	55	10590000	22337	NA
261	Pulse	55	10600000	32337	NA
262	Pulse	55	10610000	1671	NA
262	Pulse	55	10620000	11671	NA
262	Pulse	55	10630000	21671	NA
262	Pulse	55	10640000	31671	NA
263	Pulse	55	10650000	1005	NA
263	Pulse	55	10660000	11005	NA
263	Pulse	55	10670000	21005	NA
263	Pulse	55	10680000	31005	NA
264	Pulse	55	10690000	339	NA
264	Pulse	55	10700000	10339	NA
264	Pulse	55	10710000	20339	NA
264	Pulse	55	10720000	30339	NA
264	Pulse	55	10730000	40339	NA
265	Pulse	55	10740000	9673	NA
265	Pulse	55	10750000	19673	NA
265	Pulse	55	10760000	29673	NA
265	Pulse	55	10770000	39673	NA
266	Pulse	55	10780000	9007	NA
266	Pulse	55	10790000	19007	NA
266	Pulse	55	10800000	29007	NA
266	Pulse	55	10810000	39007	NA
267	Pulse	55	10820000	8341	NA
267	Pulse	55	10830000	18341	NA
267	Pulse	55	10840000	28341	NA
267	Pulse	55	10850000	38341	NA
268	Pulse	55	10860000	7675	NA
268	Pulse	55	10870000	17675	NA
268	Pulse	55	10880000	27675	NA
268	Pulse	55	10890000	37675	NA
269	Pulse	55	10900000	7009	NA
269	Pulse	55	10910000	17009	NA
269	Pulse	55	10920000	27009	NA
269	Pulse	55	10930000	37009	NA
270	Pulse	55	10940000	6343	NA
270	Pulse	55	10950000	16343	NA
270	Pulse	55	10960000	26343	NA
270	Pulse	55	10970000	36343	NA
271	Pulse	55	10980000	5677	NA
271	Pulse	55	10990000	15677	NA
271	Pulse	55	11000000	25677	NA
271	Pulse	55	11010000	35677	NA
272	Pulse	55	11020000	5011	NA
272	Pulse	55	11030000	15011	NA
272	Pulse	55	11040000	25011	NA
272	Pulse	55	11050000	35011	NA
273	Pulse	55	11060000	4345	NA
273	Pulse	55	11070000	14345	NA
273	Pulse	55	11080000	24345	NA
273	Pulse	55	11090000	34345	NA
274	Pulse	55	11100000	3679	NA
274	Pulse	55	11110000	13679	NA
274	Pulse	55	11120000	23679	NA
274	Pulse	55	11130000	33679	NA
275	Pulse	55	11140000	3013	NA
275	Pulse	55	11150000	13013	NA
275	Pulse	55	11160000	23013	NA
275	Pulse	55	11170000	33013	NA
276	Pulse	55	11180000	2347	NA
276	Pulse	55	11190000	12347	NA
276	Pulse	55	11200000	22347	NA
276	Pulse	55	11210000	32347	NA
277	Pulse	55	11220000	1681	NA
277	Pulse	55	11230000	11681	NA
277	Pulse	55	11240000	21681	NA
277	Pulse	55	11250000	31681	NA
278	Pulse	55	11260000	1015	NA
278	Pulse	55	11270000	11015	NA
278	Pulse	55	11280000	21015	NA
278	Pulse	55	11290000	31015	NA
279	Pulse	55	11300000	348	NA
279	Pulse	55	11310000	10348	NA
279	Pulse	55	11320000	20348	NA
279	Pulse	55	11330000	30348	NA
279	Pulse	55	11340000	40348	NA
280	Pulse	55	11350000	9683	NA
280	Pulse	55	11360000	19683	NA
280	Pulse	55	11370000	29683	NA
280	Pulse	55	11380000	39683	NA
281	Pulse	55	11390000	9017	NA
281	Pulse	55	11400000	19017	NA
281	Pulse	55	11410000	29017	NA
281	Pulse	55	11420000	39017	NA
282	Pulse	55	11430000	8350	NA
282	Pulse	55	11440000	18350	NA
282	Pulse	55	11450000	28350	NA
282	Pulse	55	11460000	38350	NA
283	Pulse	55	11470000	7518	NA
283	Pulse	55	11480000	17518	NA
283	Pulse	55	11490000	27518	NA
283	Pulse	55	11500000	37518	NA
284	Pulse	55	11510000	6852	NA
284	Pulse	55	11520000	16852	NA
284	Pulse	55	11530000	26852	NA
284	Pulse	55	11540000	36852	NA
285	Pulse	55	11550000	6186	NA
285	Pulse	55	11560000	16186	NA
285	Pulse	55	11570000	26186	NA
285	Pulse	55	11580000	36186	NA
286	Pulse	55	11590000	5520	NA
286	Pulse	55	11600000	15520	NA
286	Pulse	55	11610000	25520	NA
286	Pulse	55	11620000	35520	NA
287	Pulse	55	11630000	4854	NA
287	Pulse	55	11640000	14854	NA
287	Pulse	55	11650000	24854	NA
287	Pulse	55	11660000	34854	NA
288	Pulse	55	11670000	4188	NA
288	Pulse	55	11680000	14188	NA
288	Pulse	55	11690000	24188	NA
288	Pulse	55	11700000	34188	NA
289	Pulse	55	11710000	3522	NA
289	Pulse	55	11720000	13522	NA
289	Pulse	55	11730000	23522	NA
289	Pulse	55	11740000	33522	NA
290	Pulse	55	11750000	2856	NA
290	Pulse	55	11760000	12856	NA
290	Pulse	55	11770000	22856	NA
290	Pulse	55	11780000	32856	NA
291	Pulse	55	11790000	2190	NA
291	Pulse	55	11800000	12190	NA
291	Pulse	55	11810000	22190	NA
291	Pulse	55	11820000	32190	NA
292	Pulse	55	11830000	1524	NA
292	Pulse	55	11840000	11524	NA
292	Pulse	55	11850000	21524	NA
292	Pulse	55	11860000	31524	NA
293	Pulse	55	11870000	858	NA
293	Pulse	55	11880000	10858	NA
293	Pulse	55	11890000	20858	NA
293	Pulse	55	11900000	30858	NA
294	Pulse	55	11910000	192	NA
294	Pulse	55	11920000	10192	NA
294	Pulse	55	11930000	20192	NA
294	Pulse	55	11940000	30192	NA
294	Pulse	55	11950000	40192	NA
295	Pulse	55	11960000	9526	NA
295	Pulse	55	11970000	19526	NA
295	Pulse	55	11980000	29526	NA
295	Pulse	55	11990000	39526	NA
296	Pulse	55	12000000	8860	NA
296	Pulse	55	12010000	18860	NA
296	Pulse	55	12020000	28860	NA
296	Pulse	55	12030000	38860	NA
297	Pulse	55	12040000	8194	NA
297	Pulse	55	12050000	18194	NA
297	Pulse	55	12060000	28194	NA
297	Pulse	55	12070000	38194	NA
298	Pulse	55	12080000	7528	NA
298	Pulse	55	12090000	17528	NA
298	Pulse	55	12100000	27528	NA
298	Pulse	55	12110000	37528	NA
299	Pulse	55	12120000	6862	NA
299	Pulse	55	12130000	16862	NA
299	Pulse	55	12140000	26862	NA
299	Pulse	55	12150000	36862	NA
300	Pulse	55	12160000	6196	NA
300	Pulse	55	12170000	16196	NA
300	Pulse	55	12180000	26196	NA
300	Pulse	55	12190000	36196	NA
301	Pulse	55	12200000	5530	NA
301	Pulse	55	12210000	15530	NA
301	Pulse	55	12220000	25530	NA
301	Pulse	55	12230000	35530	NA
302	Pulse	55	12240000	4864	NA
302	Pulse	55	12250000	14864	NA
302	Pulse	55	12260000	24864	NA
302	Pulse	55	12270000	34864	NA
303	Pulse	55	12280000	4198	NA
303	Pulse	55	12290000	14198	NA
303	Pulse	55	12300000	24198	NA
303	Pulse	55	12310000	34198	NA
304	Pulse	55	12320000	3532	NA
304	Pulse	55	12330000	13532	NA
304	Pulse	55	12340000	23532	NA
304	Pulse	55	12350000	33532	NA
305	Pulse	55	12360000	2866	NA
305	Pulse	55	12370000	12866	NA
305	Pulse	55	12380000	22866	NA
305	Pulse	55	12390000	32866	NA
306	Pulse	55	12400000	2199	NA
306	Pulse	55	12410000	12199	NA
306	Pulse	55	12420000	22199	NA
306	Pulse	55	12430000	32199	NA
307	Pulse	55	12440000	1534	NA
307	Pulse	55	12450000	11534	NA
307	Pulse	55	12460000	21534	NA
307	Pulse	55	12470000	31534	NA
308	Pulse	55	12480000	867	NA
308	Pulse	55	12490000	10867	NA
308	Pulse	55	12500000	20867	NA
308	Pulse	55	12510000	30867	NA
309	Pulse	55	12520000	202	NA
309	Pulse	55	12530000	10202	NA
309	Pulse	55	12540000	20202	NA
309	Pulse	55	12550000	30202	NA
309	Pulse	55	12560000	40202	NA
310	Pulse	55	12570000	9536	NA
310	Pulse	55	12580000	19536	NA
310	Pulse	55	12590000	29536	NA
310	Pulse	55	12600000	39536	NA
311	Pulse	55	12610000	8869	NA
311	Pulse	55	12620000	18869	NA
311	Pulse	55	12630000	28869	NA
311	Pulse	55	12640000	38869	NA
312	Pulse	55	12650000	8203	NA
312	Pulse	55	12660000	18203	NA
312	Pulse	55	12670000	28203	NA
312	Pulse	55	12680000	38203	NA
313	Pulse	55	12690000	7537	NA
313	Pulse	55	12700000	17537	NA
313	Pulse	55	12710000	27537	NA
313	Pulse	55	12720000	37537	NA
314	Pulse	55	12730000	6871	NA
314	Pulse	55	12740000	16871	NA
314	Pulse	55	12750000	26871	NA
314	Pulse	55	12760000	36871	NA
315	Pulse	55	12770000	6205	NA
315	Pulse	55	12780000	16205	NA
315	Pulse	55	12790000	26205	NA
315	Pulse	55	12800000	36205	NA
316	Pulse	55	12810000	5539	NA
316	Pulse	55	12820000	15539	NA
316	Pulse	55	12830000	25539	NA
316	Pulse	55	12840000	35539	NA
317	Pulse	55	12850000	4873	NA
317	Pulse	55	12860000	14873	NA
317	Pulse	55	12870000	24873	NA
317	Pulse	55	12880000	34873	NA
318	Pulse	55	12890000	4207	NA
318	Pulse	55	12900000	14207	NA
318	Pulse	55	12910000	24207	NA
318	Pulse	55	12920000	34207	NA
319	Pulse	55	12930000	3541	NA
319	Pulse	55	12940000	13541	NA
319	Pulse	55	12950000	23541	NA
319	Pulse	55	12960000	33541	NA
320	Pulse	55	12970000	2875	NA
320	Pulse	55	12980000	12875	NA
320	Pulse	55	12990000	22875	NA
320	Pulse	55	13000000	32875	NA
321	Pulse	55	13010000	2209	NA
321	Pulse	55	13020000	12209	NA
321	Pulse	55	13030000	22209	NA
321	Pulse	55	13040000	32209	NA
322	Pulse	55	13050000	1543	NA
322	Pulse	55	13060000	11543	NA
322	Pulse	55	13070000	21543	NA
322	Pulse	55	13080000	31543	NA
323	Pulse	55	13090000	877	NA
323	Pulse	55	13100000	10877	NA
323	Pulse	55	13110000	20877	NA
323	Pulse	55	13120000	30877	NA
324	Pulse	55	13130000	211	NA
324	Pulse	55	13140000	10211	NA
324	Pulse	55	13150000	20211	NA
324	Pulse	55	13160000	30211	NA
324	Pulse	55	13170000	40211	NA
325	Pulse	55	13180000	9545	NA
325	Pulse	55	13190000	19545	NA
325	Pulse	55	13200000	29545	NA
325	Pulse	55	13210000	39545	NA
326	Pulse	55	13220000	8879	NA
326	Pulse	55	13230000	18879	NA
326	Pulse	55	13240000	28879	NA
326	Pulse	55	13250000	38879	NA
327	Pulse	55	13260000	8213	NA
327	Pulse	55	13270000	18213	NA
327	Pulse	55	13280000	28213	NA
327	Pulse	55	13290000	38213	NA
328	Pulse	55	13300000	7547	NA
328	Pulse	55	13310000	17547	NA
328	Pulse	55	13320000	27547	NA
328	Pulse	55	13330000	37547	NA
329	Pulse	55	13340000	6881	NA
329	Pulse	55	13350000	16881	NA
329	Pulse	55	13360000	26881	NA
329	Pulse	55	13370000	36881	NA
330	Pulse	55	13380000	6215	NA
330	Pulse	55	13390000	16215	NA
330	Pulse	55	13400000	26215	NA
330	Pulse	55	13410000	36215	NA
331	Pulse	55	13420000	5549	NA
331	Pulse	55	13430000	15549	NA
331	Pulse	55	13440000	25549	NA
331	Pulse	55	13450000	35549	NA
332	Pulse	55	13460000	4883	NA
332	Pulse	55	13470000	14883	NA
332	Pulse	55	13480000	24883	NA
332	Pulse	55	13490000	34883	NA
333	Pulse	55	13500000	4217	NA
333	Pulse	55	13510000	14217	NA
333	Pulse	55	13520000	24217	NA
333	Pulse	55	13530000	34217	NA
334	Pulse	55	13540000	3551	NA
334	Pulse	55	13550000	13551	NA
334	Pulse	55	13560000	23551	NA
334	Pulse	55	13570000	33551	NA
335	Pulse	55	13580000	2885	NA
335	Pulse	55	13590000	12885	NA
335	Pulse	55	13600000	22885	NA
335	Pulse	55	13610000	32885	NA
336	Pulse	55	13620000	2219	NA
336	Pulse	55	13630000	12219	NA
336	Pulse	55	13640000	22219	NA
336	Pulse	55	13650000	32219	NA
337	Pulse	55	13660000	1553	NA
337	Pulse	55	13670000	11553	NA
337	Pulse	55	13680000	21553	NA
337	Pulse	55	13690000	31553	NA
338	Pulse	55	13700000	887	NA
338	Pulse	55	13710000	10887	NA
338	Pulse	55	13720000	20887	NA
338	Pulse	55	13730000	30887	NA
339	Pulse	55	13740000	221	NA
339	Pulse	55	13750000	10221	NA
339	Pulse	55	13760000	20221	NA
339	Pulse	55	13770000	30221	NA
339	Pulse	55	13780000	40221	NA
340	Pulse	55	13790000	9555	NA
340	Pulse	55	13800000	19555	NA
340	Response	1	13803724	23279	1
340	Pulse	55	13810000	29555	NA
340	Pulse	55	13820000	39555	NA
341	Pulse	55	13830000	9389	NA
341	Pulse	55	13840000	19389	NA
342	Pulse	55	13850000	9223	NA
342	Pulse	55	13860000	19223	NA
342	Pulse	55	13870000	29223	NA
342	Pulse	55	13880000	39223	NA
342	Pulse	55	13890000	49223	NA
342	Pulse	55	13900000	59223	NA
342	Pulse	55	13910000	69223	NA
342	Pulse	55	13920000	79223	NA
342	Pulse	55	13930000	89223	NA
342	Pulse	55	13940000	99223	NA
342	Pulse	55	13950000	109223	NA
342	Pulse	55	13960000	119223	NA
342	Pulse	55	13970000	129223	NA
342	Pulse	55	13980000	139223	NA
342	Pulse	55	13990000	149223	NA
342	Pulse	55	14000000	159223	NA
342	Pulse	55	14010000	169223	NA
342	Pulse	55	14020000	179223	NA
342	Response	1	14020921	180144	1
342	Pulse	55	14030000	189223	NA
342	Pulse	55	14040000	199223	NA
343	Pulse	55	14050000	9893	NA
343	Pulse	55	14060000	19893	NA
343	Pulse	55	14070000	29893	NA
343	Pulse	55	14080000	39893	NA
343	Pulse	55	14090000	49893	NA
343	Pulse	55	14100000	59893	NA
343	Pulse	55	14110000	69893	NA
343	Pulse	55	14120000	79893	NA
343	Pulse	55	14130000	89893	NA
343	Pulse	55	14140000	99893	NA
343	Pulse	55	14150000	109893	NA
343	Pulse	55	14160000	119893	NA
343	Pulse	55	14170000	129893	NA
343	Pulse	55	14180000	139893	NA
343	Pulse	55	14190000	149893	NA
343	Pulse	55	14200000	159893	NA
343	Pulse	55	14210000	169893	NA
343	Pulse	55	14220000	179893	NA
343	Pulse	55	14230000	189893	NA
343	Pulse	55	14240000	199893	NA
343	Pulse	55	14250000	209893	NA
343	Pulse	55	14260000	219893	NA
343	Pulse	55	14270000	229893	NA
343	Pulse	55	14280000	239893	NA
343	Pulse	55	14290000	249893	NA
343	Pulse	55	14300000	259893	NA
343	Pulse	55	14310000	269893	NA
343	Pulse	55	14320000	279893	NA
343	Pulse	55	14330000	289893	NA
343	Pulse	55	14340000	299893	NA
343	Pulse	55	14350000	309893	NA
343	Pulse	55	14360000	319893	NA
343	Pulse	55	14370000	329893	NA
343	Pulse	55	14380000	339893	NA
343	Pulse	55	14390000	349893	NA
343	Pulse	55	14400000	359893	NA
343	Pulse	55	14410000	369893	NA
343	Pulse	55	14420000	379893	NA
343	Pulse	55	14430000	389893	NA
343	Pulse	55	14440000	399893	NA
343	Pulse	55	14450000	409893	NA
343	Pulse	55	14460000	419893	NA
343	Pulse	55	14470000	429893	NA
343	Pulse	55	14480000	439893	NA
343	Pulse	55	14490000	449893	NA
343	Pulse	55	14500000	459893	NA
343	Pulse	55	14510000	469893	NA
343	Pulse	55	14520000	479893	NA
343	Pulse	55	14530000	489893	NA
343	Pulse	55	14540000	499893	NA
343	Pulse	55	14550000	509893	NA
343	Pulse	55	14560000	519893	NA
343	Pulse	55	14570000	529893	NA
343	Pulse	55	14580000	539893	NA
343	Pulse	55	14590000	549893	NA
343	Pulse	55	14600000	559893	NA
343	Pulse	55	14610000	569893	NA
343	Pulse	55	14620000	579893	NA
343	Pulse	55	14630000	589893	NA
343	Pulse	55	14640000	599893	NA
343	Pulse	55	14650000	609893	NA
343	Pulse	55	14660000	619893	NA
343	Pulse	55	14670000	629893	NA
343	Pulse	55	14680000	639893	NA
343	Pulse	55	14690000	649893	NA
343	Pulse	55	14700000	659893	NA
343	Pulse	55	14710000	669893	NA
343	Pulse	55	14720000	679893	NA
343	Pulse	55	14730000	689893	NA
343	Pulse	55	14740000	699893	NA
343	Pulse	55	14750000	709893	NA
343	Pulse	55	14760000	719893	NA
343	Pulse	55	14770000	729893	NA
343	Pulse	55	14780000	739893	NA
343	Pulse	55	14790000	749893	NA
343	Pulse	55	14800000	759893	NA
343	Pulse	55	14810000	769893	NA
343	Pulse	55	14820000	779893	NA
343	Pulse	55	14830000	789893	NA
343	Pulse	55	14840000	799893	NA
343	Pulse	55	14850000	809893	NA
343	Pulse	55	14860000	819893	NA
343	Pulse	55	14870000	829893	NA
343	Pulse	55	14880000	839893	NA
343	Pulse	55	14890000	849893	NA
343	Pulse	55	14900000	859893	NA
343	Pulse	55	14910000	869893	NA
343	Pulse	55	14920000	879893	NA
343	Pulse	55	14930000	889893	NA
343	Pulse	55	14940000	899893	NA
343	Pulse	55	14950000	909893	NA
343	Pulse	55	14960000	919893	NA
343	Pulse	55	14970000	929893	NA
343	Pulse	55	14980000	939893	NA
343	Pulse	55	14990000	949893	NA
343	Pulse	55	15000000	959893	NA
343	Pulse	55	15010000	969893	NA
343	Pulse	55	15020000	979893	NA
343	Pulse	55	15030000	989893	NA
343	Pulse	55	15040000	999893	NA
343	Pulse	55	15050000	1009893	NA
343	Pulse	55	15060000	1019893	NA
343	Pulse	55	15070000	1029893	NA
343	Pulse	55	15080000	1039893	NA
343	Pulse	55	15090000	1049893	NA
343	Pulse	55	15100000	1059893	NA
343	Pulse	55	15110000	1069893	NA
343	Pulse	55	15120000	1079893	NA
343	Pulse	55	15130000	1089893	NA
343	Pulse	55	15140000	1099893	NA
343	Pulse	55	15150000	1109893	NA
343	Pulse	55	15160000	1119893	NA
343	Pulse	55	15170000	1129893	NA
343	Pulse	55	15180000	1139893	NA
343	Pulse	55	15190000	1149893	NA
343	Pulse	55	15200000	1159893	NA
343	Pulse	55	15210000	1169893	NA
343	Pulse	55	15220000	1179893	NA
343	Pulse	55	15230000	1189893	NA
343	Pulse	55	15240000	1199893	NA
343	Pulse	55	15250000	1209893	NA
343	Pulse	55	15260000	1219893	NA
343	Pulse	55	15270000	1229893	NA
343	Pulse	55	15280000	1239893	NA
343	Pulse	55	15290000	1249893	NA
343	Pulse	55	15300000	1259893	NA
343	Pulse	55	15310000	1269893	NA
343	Pulse	55	15320000	1279893	NA
343	Pulse	55	15330000	1289893	NA
343	Pulse	55	15340000	1299893	NA
343	Pulse	55	15350000	1309893	NA
343	Pulse	55	15360000	1319893	NA
343	Pulse	55	15370000	1329893	NA
343	Pulse	55	15380000	1339893	NA
343	Pulse	55	15390000	1349893	NA
343	Pulse	55	15400000	1359893	NA
343	Pulse	55	15410000	1369893	NA
343	Pulse	55	15420000	1379893	NA
343	Pulse	55	15430000	1389893	NA
343	Pulse	55	15440000	1399893	NA
343	Pulse	55	15450000	1409893	NA
343	Pulse	55	15460000	1419893	NA
343	Pulse	55	15470000	1429893	NA
343	Pulse	55	15480000	1439893	NA
343	Pulse	55	15490000	1449893	NA
343	Pulse	55	15500000	1459893	NA
343	Pulse	55	15510000	1469893	NA
343	Pulse	55	15520000	1479893	NA
343	Pulse	55	15530000	1489893	NA
343	Pulse	55	15540000	1499893	NA
343	Pulse	55	15550000	1509893	NA
343	Pulse	55	15560000	1519893	NA
343	Pulse	55	15570000	1529893	NA
343	Pulse	55	15580000	1539893	NA
343	Pulse	55	15590000	1549893	NA
343	Pulse	55	15600000	1559893	NA
343	Pulse	55	15610000	1569893	NA
343	Pulse	55	15620000	1579893	NA
343	Pulse	55	15630000	1589893	NA
343	Pulse	55	15640000	1599893	NA
343	Pulse	55	15650000	1609893	NA
343	Pulse	55	15660000	1619893	NA
343	Pulse	55	15670000	1629893	NA
343	Pulse	55	15680000	1639893	NA
343	Pulse	55	15690000	1649893	NA
343	Pulse	55	15700000	1659893	NA
343	Pulse	55	15710000	1669893	NA
343	Pulse	55	15720000	1679893	NA
343	Pulse	55	15730000	1689893	NA
343	Pulse	55	15740000	1699893	NA
343	Pulse	55	15750000	1709893	NA
343	Pulse	55	15760000	1719893	NA
343	Pulse	55	15770000	1729893	NA
343	Pulse	55	15780000	1739893	NA
343	Pulse	55	15790000	1749893	NA
343	Pulse	55	15800000	1759893	NA
343	Pulse	55	15810000	1769893	NA
343	Pulse	55	15820000	1779893	NA
343	Pulse	55	15830000	1789893	NA
343	Pulse	55	15840000	1799893	NA
343	Pulse	55	15850000	1809893	NA
343	Pulse	55	15860000	1819893	NA
343	Pulse	55	15870000	1829893	NA
343	Pulse	55	15880000	1839893	NA
343	Pulse	55	15890000	1849893	NA
343	Pulse	55	15900000	1859893	NA
343	Pulse	55	15910000	1869893	NA
343	Pulse	55	15920000	1879893	NA
343	Pulse	55	15930000	1889893	NA
343	Pulse	55	15940000	1899893	NA
343	Pulse	55	15950000	1909893	NA
343	Pulse	55	15960000	1919893	NA
343	Pulse	55	15970000	1929893	NA
343	Pulse	55	15980000	1939893	NA
343	Pulse	55	15990000	1949893	NA
343	Pulse	55	16000000	1959893	NA
343	Pulse	55	16010000	1969893	NA
343	Pulse	55	16020000	1979893	NA
343	Pulse	55	16030000	1989893	NA
343	Pulse	55	16040000	1999893	NA
343	Pulse	55	16050000	2009893	NA
343	Pulse	55	16060000	2019893	NA
343	Pulse	55	16070000	2029893	NA
343	Pulse	55	16080000	2039893	NA
343	Pulse	55	16090000	2049893	NA
343	Pulse	55	16100000	2059893	NA
343	Pulse	55	16110000	2069893	NA
343	Pulse	55	16120000	2079893	NA
343	Pulse	55	16130000	2089893	NA
343	Pulse	55	16140000	2099893	NA
343	Pulse	55	16150000	2109893	NA
343	Pulse	55	16160000	2119893	NA
343	Pulse	55	16170000	2129893	NA
343	Pulse	55	16180000	2139893	NA
343	Pulse	55	16190000	2149893	NA
343	Pulse	55	16200000	2159893	NA
343	Pulse	55	16210000	2169893	NA
343	Pulse	55	16220000	2179893	NA
343	Pulse	55	16230000	2189893	NA
343	Pulse	55	16240000	2199893	NA
343	Pulse	55	16250000	2209893	NA
343	Pulse	55	16260000	2219893	NA
343	Pulse	55	16270000	2229893	NA
343	Pulse	55	16280000	2239893	NA
343	Pulse	55	16290000	2249893	NA
343	Pulse	55	16300000	2259893	NA
343	Pulse	55	16310000	2269893	NA
343	Pulse	55	16320000	2279893	NA
343	Pulse	55	16330000	2289893	NA
343	Pulse	55	16340000	2299893	NA
343	Pulse	55	16350000	2309893	NA
343	Pulse	55	16360000	2319893	NA
343	Pulse	55	16370000	2329893	NA
343	Pulse	55	16380000	2339893	NA
343	Pulse	55	16390000	2349893	NA
343	Pulse	55	16400000	2359893	NA
343	Pulse	55	16410000	2369893	NA
343	Pulse	55	16420000	2379893	NA
343	Pulse	55	16430000	2389893	NA
343	Pulse	55	16440000	2399893	NA
343	Pulse	55	16450000	2409893	NA
343	Pulse	55	16460000	2419893	NA
343	Pulse	55	16470000	2429893	NA
343	Pulse	55	16480000	2439893	NA
343	Pulse	55	16490000	2449893	NA
343	Pulse	55	16500000	2459893	NA
343	Pulse	55	16510000	2469893	NA
343	Pulse	55	16520000	2479893	NA
343	Pulse	55	16530000	2489893	NA
343	Pulse	55	16540000	2499893	NA
343	Pulse	55	16550000	2509893	NA
343	Pulse	55	16560000	2519893	NA
343	Pulse	55	16570000	2529893	NA
343	Pulse	55	16580000	2539893	NA
343	Pulse	55	16590000	2549893	NA
343	Pulse	55	16600000	2559893	NA
343	Pulse	55	16610000	2569893	NA
343	Pulse	55	16620000	2579893	NA
343	Pulse	55	16630000	2589893	NA
343	Pulse	55	16640000	2599893	NA
343	Pulse	55	16650000	2609893	NA
343	Pulse	55	16660000	2619893	NA
343	Pulse	55	16670000	2629893	NA
343	Pulse	55	16680000	2639893	NA
343	Pulse	55	16690000	2649893	NA
343	Pulse	55	16700000	2659893	NA
343	Pulse	55	16710000	2669893	NA
343	Pulse	55	16720000	2679893	NA
343	Pulse	55	16730000	2689893	NA
343	Pulse	55	16740000	2699893	NA
343	Pulse	55	16750000	2709893	NA
343	Pulse	55	16760000	2719893	NA
343	Pulse	55	16770000	2729893	NA
343	Pulse	55	16780000	2739893	NA
343	Pulse	55	16790000	2749893	NA
343	Pulse	55	16800000	2759893	NA
343	Pulse	55	16810000	2769893	NA
343	Pulse	55	16820000	2779893	NA
343	Pulse	55	16830000	2789893	NA
343	Pulse	55	16840000	2799893	NA
343	Pulse	55	16850000	2809893	NA
343	Pulse	55	16860000	2819893	NA
343	Pulse	55	16870000	2829893	NA
343	Pulse	55	16880000	2839893	NA
343	Pulse	55	16890000	2849893	NA
343	Pulse	55	16900000	2859893	NA
343	Pulse	55	16910000	2869893	NA
343	Pulse	55	16920000	2879893	NA
343	Pulse	55	16930000	2889893	NA
343	Pulse	55	16940000	2899893	NA
343	Pulse	55	16950000	2909893	NA
343	Pulse	55	16960000	2919893	NA
343	Pulse	55	16970000	2929893	NA
343	Pulse	55	16980000	2939893	NA
343	Pulse	55	16990000	2949893	NA
343	Pulse	55	17000000	2959893	NA
343	Pulse	55	17010000	2969893	NA
343	Pulse	55	17020000	2979893	NA
343	Pulse	55	17030000	2989893	NA
343	Pulse	55	17040000	2999893	NA
343	Pulse	55	17050000	3009893	NA
343	Pulse	55	17060000	3019893	NA
343	Pulse	55	17070000	3029893	NA
343	Pulse	55	17080000	3039893	NA
343	Pulse	55	17090000	3049893	NA
343	Pulse	55	17100000	3059893	NA
343	Pulse	55	17110000	3069893	NA
343	Pulse	55	17120000	3079893	NA
343	Pulse	55	17130000	3089893	NA
343	Pulse	55	17140000	3099893	NA
343	Pulse	55	17150000	3109893	NA
343	Pulse	55	17160000	3119893	NA
343	Pulse	55	17170000	3129893	NA
343	Pulse	55	17180000	3139893	NA
343	Pulse	55	17190000	3149893	NA
343	Pulse	55	17200000	3159893	NA
343	Pulse	55	17210000	3169893	NA
343	Pulse	55	17220000	3179893	NA
343	Pulse	55	17230000	3189893	NA
343	Pulse	55	17240000	3199893	NA
343	Pulse	55	17250000	3209893	NA
343	Pulse	55	17260000	3219893	NA
343	Pulse	55	17270000	3229893	NA
343	Pulse	55	17280000	3239893	NA
343	Pulse	55	17290000	3249893	NA
343	Pulse	55	17300000	3259893	NA
343	Pulse	55	17310000	3269893	NA
343	Pulse	55	17320000	3279893	NA
343	Pulse	55	17330000	3289893	NA
343	Pulse	55	17340000	3299893	NA
343	Pulse	55	17350000	3309893	NA
343	Pulse	55	17360000	3319893	NA
343	Pulse	55	17370000	3329893	NA
343	Pulse	55	17380000	3339893	NA
343	Pulse	55	17390000	3349893	NA
343	Pulse	55	17400000	3359893	NA
343	Pulse	55	17410000	3369893	NA
343	Pulse	55	17420000	3379893	NA
343	Pulse	55	17430000	3389893	NA
343	Pulse	55	17440000	3399893	NA
343	Pulse	55	17450000	3409893	NA
343	Pulse	55	17460000	3419893	NA
343	Pulse	55	17470000	3429893	NA
343	Pulse	55	17480000	3439893	NA
343	Pulse	55	17490000	3449893	NA
343	Pulse	55	17500000	3459893	NA
343	Pulse	55	17510000	3469893	NA
343	Pulse	55	17520000	3479893	NA
343	Pulse	55	17530000	3489893	NA
343	Pulse	55	17540000	3499893	NA
343	Pulse	55	17550000	3509893	NA
343	Pulse	55	17560000	3519893	NA
343	Pulse	55	17570000	3529893	NA
343	Pulse	55	17580000	3539893	NA
343	Pulse	55	17590000	3549893	NA
343	Pulse	55	17600000	3559893	NA
343	Pulse	55	17610000	3569893	NA
343	Pulse	55	17620000	3579893	NA
343	Pulse	55	17630000	3589893	NA
343	Pulse	55	17640000	3599893	NA
343	Pulse	55	17650000	3609893	NA
343	Pulse	55	17660000	3619893	NA
343	Pulse	55	17670000	3629893	NA
343	Pulse	55	17680000	3639893	NA
343	Pulse	55	17690000	3649893	NA
343	Pulse	55	17700000	3659893	NA
343	Pulse	55	17710000	3669893	NA
343	Pulse	55	17720000	3679893	NA
343	Pulse	55	17730000	3689893	NA
343	Pulse	55	17740000	3699893	NA
343	Pulse	55	17750000	3709893	NA
343	Pulse	55	17760000	3719893	NA
343	Pulse	55	17770000	3729893	NA
343	Pulse	55	17780000	3739893	NA
343	Pulse	55	17790000	3749893	NA
343	Pulse	55	17800000	3759893	NA
343	Pulse	55	17810000	3769893	NA
343	Pulse	55	17820000	3779893	NA
343	Pulse	55	17830000	3789893	NA
343	Pulse	55	17840000	3799893	NA
343	Pulse	55	17850000	3809893	NA
343	Pulse	55	17860000	3819893	NA
343	Pulse	55	17870000	3829893	NA
343	Pulse	55	17880000	3839893	NA
343	Pulse	55	17890000	3849893	NA
343	Pulse	55	17900000	3859893	NA
343	Pulse	55	17910000	3869893	NA
343	Pulse	55	17920000	3879893	NA
343	Pulse	55	17930000	3889893	NA
343	Pulse	55	17940000	3899893	NA
343	Pulse	55	17950000	3909893	NA
343	Pulse	55	17960000	3919893	NA
343	Pulse	55	17970000	3929893	NA
343	Pulse	55	17980000	3939893	NA
343	Pulse	55	17990000	3949893	NA
343	Pulse	55	18000000	3959893	NA
343	Pulse	55	18010000	3969893	NA
343	Pulse	55	18020000	3979893	NA
343	Pulse	55	18030000	3989893	NA
343	Pulse	55	18040000	3999893	NA
343	Pulse	55	18050000	4009893	NA
343	Pulse	55	18060000	4019893	NA
343	Pulse	55	18070000	4029893	NA
343	Pulse	55	18080000	4039893	NA
343	Pulse	55	18090000	4049893	NA
343	Pulse	55	18100000	4059893	NA
343	Pulse	55	18110000	4069893	NA
343	Pulse	55	18120000	4079893	NA
343	Pulse	55	18130000	4089893	NA
343	Pulse	55	18140000	4099893	NA
343	Pulse	55	18150000	4109893	NA
343	Pulse	55	18160000	4119893	NA
343	Pulse	55	18170000	4129893	NA
343	Pulse	55	18180000	4139893	NA
343	Pulse	55	18190000	4149893	NA
343	Pulse	55	18200000	4159893	NA
343	Pulse	55	18210000	4169893	NA
343	Pulse	55	18220000	4179893	NA
343	Pulse	55	18230000	4189893	NA
343	Pulse	55	18240000	4199893	NA
343	Pulse	55	18250000	4209893	NA
343	Pulse	55	18260000	4219893	NA
343	Pulse	55	18270000	4229893	NA
343	Pulse	55	18280000	4239893	NA
343	Pulse	55	18290000	4249893	NA
343	Pulse	55	18300000	4259893	NA
343	Pulse	55	18310000	4269893	NA
343	Pulse	55	18320000	4279893	NA
343	Pulse	55	18330000	4289893	NA
343	Pulse	55	18340000	4299893	NA
343	Pulse	55	18350000	4309893	NA
343	Pulse	55	18360000	4319893	NA
343	Pulse	55	18370000	4329893	NA
343	Pulse	55	18380000	4339893	NA
343	Pulse	55	18390000	4349893	NA
343	Pulse	55	18400000	4359893	NA
343	Pulse	55	18410000	4369893	NA
343	Pulse	55	18420000	4379893	NA
343	Pulse	55	18430000	4389893	NA
343	Pulse	55	18440000	4399893	NA
343	Pulse	55	18450000	4409893	NA
343	Pulse	55	18460000	4419893	NA
343	Pulse	55	18470000	4429893	NA
343	Pulse	55	18480000	4439893	NA
343	Pulse	55	18490000	4449893	NA
343	Pulse	55	18500000	4459893	NA
343	Pulse	55	18510000	4469893	NA
343	Pulse	55	18520000	4479893	NA
343	Pulse	55	18530000	4489893	NA
343	Pulse	55	18540000	4499893	NA
343	Pulse	55	18550000	4509893	NA
343	Pulse	55	18560000	4519893	NA
343	Pulse	55	18570000	4529893	NA
343	Pulse	55	18580000	4539893	NA
343	Pulse	55	18590000	4549893	NA
343	Pulse	55	18600000	4559893	NA
343	Pulse	55	18610000	4569893	NA
343	Pulse	55	18620000	4579893	NA
343	Pulse	55	18630000	4589893	NA
343	Pulse	55	18640000	4599893	NA
343	Pulse	55	18650000	4609893	NA
343	Pulse	55	18660000	4619893	NA
343	Pulse	55	18670000	4629893	NA
343	Pulse	55	18680000	4639893	NA
343	Pulse	55	18690000	4649893	NA
343	Pulse	55	18700000	4659893	NA
343	Pulse	55	18710000	4669893	NA
343	Pulse	55	18720000	4679893	NA
343	Pulse	55	18730000	4689893	NA
343	Pulse	55	18740000	4699893	NA
343	Pulse	55	18750000	4709893	NA
343	Pulse	55	18760000	4719893	NA
343	Pulse	55	18770000	4729893	NA
343	Pulse	55	18780000	4739893	NA
343	Pulse	55	18790000	4749893	NA
343	Pulse	55	18800000	4759893	NA
343	Pulse	55	18810000	4769893	NA
343	Pulse	55	18820000	4779893	NA
343	Pulse	55	18830000	4789893	NA
343	Pulse	55	18840000	4799893	NA
343	Pulse	55	18850000	4809893	NA
343	Pulse	55	18860000	4819893	NA
343	Pulse	55	18870000	4829893	NA
343	Pulse	55	18880000	4839893	NA
343	Pulse	55	18890000	4849893	NA
343	Pulse	55	18900000	4859893	NA
343	Pulse	55	18910000	4869893	NA
343	Pulse	55	18920000	4879893	NA
343	Pulse	55	18930000	4889893	NA
343	Pulse	55	18940000	4899893	NA
343	Pulse	55	18950000	4909893	NA
343	Pulse	55	18960000	4919893	NA
343	Pulse	55	18970000	4929893	NA
343	Pulse	55	18980000	4939893	NA
343	Pulse	55	18990000	4949893	NA
343	Pulse	55	19000000	4959893	NA
343	Response	1	19005472	4965364	1
344	Pulse	55	19010000	4472	NA
344	Pulse	55	19020000	14472	NA
344	Pulse	55	19030000	24472	NA
344	Pulse	55	19040000	34472	NA
344	Pulse	55	19050000	44472	NA
344	Pulse	55	19060000	54472	NA
344	Pulse	55	19070000	64472	NA
344	Pulse	55	19080000	74472	NA
344	Pulse	55	19090000	84472	NA
344	Pulse	55	19100000	94472	NA
344	Pulse	55	19110000	104472	NA
344	Pulse	55	19120000	114472	NA
344	Pulse	55	19130000	124472	NA
344	Pulse	55	19140000	134472	NA
344	Pulse	55	19150000	144472	NA
344	Pulse	55	19160000	154472	NA
344	Pulse	55	19170000	164472	NA
344	Pulse	55	19180000	174472	NA
344	Pulse	55	19190000	184472	NA
344	Pulse	55	19200000	194472	NA
344	Pulse	55	19210000	204472	NA
344	Pulse	55	19220000	214472	NA
344	Pulse	55	19230000	224472	NA
344	Pulse	55	19240000	234472	NA
344	Pulse	55	19250000	244472	NA
344	Pulse	55	19260000	254472	NA
344	Pulse	55	19270000	264472	NA
344	Pulse	55	19280000	274472	NA
344	Pulse	55	19290000	284472	NA
344	Pulse	55	19300000	294472	NA
344	Pulse	55	19310000	304472	NA
344	Pulse	55	19320000	314472	NA
344	Pulse	55	19330000	324472	NA
344	Pulse	55	19340000	334472	NA
344	Pulse	55	19350000	344472	NA
344	Pulse	55	19360000	354472	NA
344	Pulse	55	19370000	364472	NA
344	Pulse	55	19380000	374472	NA
344	Pulse	55	19390000	384472	NA
344	Pulse	55	19400000	394472	NA
344	Pulse	55	19410000	404472	NA
344	Pulse	55	19420000	414472	NA
344	Pulse	55	19430000	424472	NA
344	Pulse	55	19440000	434472	NA
344	Pulse	55	19450000	444472	NA
344	Pulse	55	19460000	454472	NA
344	Pulse	55	19470000	464472	NA
344	Pulse	55	19480000	474472	NA
344	Pulse	55	19490000	484472	NA
344	Pulse	55	19500000	494472	NA
344	Pulse	55	19510000	504472	NA
344	Pulse	55	19520000	514472	NA
344	Pulse	55	19530000	524472	NA
344	Pulse	55	19540000	534472	NA
344	Pulse	55	19550000	544472	NA
344	Pulse	55	19560000	554472	NA
344	Pulse	55	19570000	564472	NA
344	Pulse	55	19580000	574472	NA
344	Pulse	55	19590000	584472	NA
344	Pulse	55	19600000	594472	NA
344	Pulse	55	19610000	604472	NA
344	Pulse	55	19620000	614472	NA
344	Pulse	55	19630000	624472	NA
344	Pulse	55	19640000	634472	NA
344	Pulse	55	19650000	644472	NA
344	Pulse	55	19660000	654472	NA
344	Pulse	55	19670000	664472	NA
344	Pulse	55	19680000	674472	NA
344	Pulse	55	19690000	684472	NA
344	Pulse	55	19700000	694472	NA
344	Pulse	55	19710000	704472	NA
344	Pulse	55	19720000	714472	NA
344	Pulse	55	19730000	724472	NA
344	Pulse	55	19740000	734472	NA
344	Pulse	55	19750000	744472	NA
344	Pulse	55	19760000	754472	NA
344	Pulse	55	19770000	764472	NA
344	Pulse	55	19780000	774472	NA
344	Pulse	55	19790000	784472	NA
344	Pulse	55	19800000	794472	NA
344	Pulse	55	19810000	804472	NA
344	Pulse	55	19820000	814472	NA
344	Pulse	55	19830000	824472	NA
344	Pulse	55	19840000	834472	NA
344	Pulse	55	19850000	844472	NA
344	Pulse	55	19860000	854472	NA
344	Pulse	55	19870000	864472	NA
344	Pulse	55	19880000	874472	NA
344	Pulse	55	19890000	884472	NA
344	Pulse	55	19900000	894472	NA
344	Pulse	55	19910000	904472	NA
344	Pulse	55	19920000	914472	NA
344	Pulse	55	19930000	924472	NA
344	Pulse	55	19940000	934472	NA
344	Pulse	55	19950000	944472	NA
344	Pulse	55	19960000	954472	NA
344	Pulse	55	19970000	964472	NA
344	Pulse	55	19980000	974472	NA
344	Pulse	55	19990000	984472	NA
344	Pulse	55	20000000	994472	NA
344	Pulse	55	20010000	1004472	NA
344	Pulse	55	20020000	1014472	NA
344	Pulse	55	20030000	1024472	NA
344	Pulse	55	20040000	1034472	NA
344	Pulse	55	20050000	1044472	NA
344	Pulse	55	20060000	1054472	NA
344	Pulse	55	20070000	1064472	NA
344	Pulse	55	20080000	1074472	NA
344	Pulse	55	20090000	1084472	NA
344	Pulse	55	20100000	1094472	NA
344	Pulse	55	20110000	1104472	NA
344	Pulse	55	20120000	1114472	NA
344	Pulse	55	20130000	1124472	NA
344	Pulse	55	20140000	1134472	NA
344	Pulse	55	20150000	1144472	NA
344	Pulse	55	20160000	1154472	NA
344	Pulse	55	20170000	1164472	NA
344	Pulse	55	20180000	1174472	NA
344	Pulse	55	20190000	1184472	NA
344	Pulse	55	20200000	1194472	NA
344	Pulse	55	20210000	1204472	NA
344	Pulse	55	20220000	1214472	NA
344	Pulse	55	20230000	1224472	NA
344	Pulse	55	20240000	1234472	NA
344	Pulse	55	20250000	1244472	NA
344	Pulse	55	20260000	1254472	NA
344	Pulse	55	20270000	1264472	NA
344	Pulse	55	20280000	1274472	NA
344	Pulse	55	20290000	1284472	NA
344	Pulse	55	20300000	1294472	NA
344	Pulse	55	20310000	1304472	NA
344	Response	1	20315067	1309539	1
