Scenario - Slideshow_D2.sce
Logfile written - 10/15/2021 12:47:09

Trial	Event Type	Code	Time	TTime	Uncertainty	Duration	Uncertainty	ReqTime	ReqDur	Stim Type	Pair Index

0	Pulse	55	0	0	NA
1	Pulse	55	10000	9417	NA
1	Pulse	55	20000	19417	NA
1	Pulse	55	30000	29417	NA
1	Pulse	55	40000	39417	NA
2	Pulse	55	50000	8820	NA
2	Pulse	55	60000	18820	NA
2	Pulse	55	70000	28820	NA
2	Pulse	55	80000	38820	NA
3	Pulse	55	90000	8223	NA
3	Pulse	55	100000	18223	NA
3	Pulse	55	110000	28223	NA
3	Pulse	55	120000	38223	NA
4	Pulse	55	130000	7627	NA
4	Pulse	55	140000	17627	NA
4	Pulse	55	150000	27627	NA
4	Pulse	55	160000	37627	NA
5	Pulse	55	170000	7030	NA
5	Pulse	55	180000	17030	NA
5	Pulse	55	190000	27030	NA
5	Pulse	55	200000	37030	NA
6	Pulse	55	210000	6433	NA
6	Pulse	55	220000	16433	NA
6	Pulse	55	230000	26433	NA
6	Pulse	55	240000	36433	NA
7	Pulse	55	250000	5836	NA
7	Pulse	55	260000	15836	NA
7	Pulse	55	270000	25836	NA
7	Pulse	55	280000	35836	NA
8	Pulse	55	290000	5240	NA
8	Pulse	55	300000	15240	NA
8	Pulse	55	310000	25240	NA
8	Pulse	55	320000	35240	NA
9	Pulse	55	330000	4643	NA
9	Pulse	55	340000	14643	NA
9	Pulse	55	350000	24643	NA
9	Pulse	55	360000	34643	NA
10	Pulse	55	370000	4213	NA
10	Pulse	55	380000	14213	NA
10	Pulse	55	390000	24213	NA
10	Pulse	55	400000	34213	NA
11	Pulse	55	410000	3699	NA
11	Pulse	55	420000	13699	NA
11	Pulse	55	430000	23699	NA
11	Pulse	55	440000	33699	NA
12	Pulse	55	450000	3186	NA
12	Pulse	55	460000	13186	NA
12	Pulse	55	470000	23186	NA
12	Pulse	55	480000	33186	NA
13	Pulse	55	490000	2589	NA
13	Pulse	55	500000	12589	NA
13	Pulse	55	510000	22589	NA
13	Pulse	55	520000	32589	NA
14	Pulse	55	530000	1992	NA
14	Pulse	55	540000	11992	NA
14	Pulse	55	550000	21992	NA
14	Pulse	55	560000	31992	NA
15	Pulse	55	570000	1396	NA
15	Pulse	55	580000	11396	NA
15	Pulse	55	590000	21396	NA
15	Pulse	55	600000	31396	NA
16	Pulse	55	610000	799	NA
16	Pulse	55	620000	10799	NA
16	Pulse	55	630000	20799	NA
16	Pulse	55	640000	30799	NA
17	Pulse	55	650000	286	NA
17	Pulse	55	660000	10286	NA
17	Pulse	55	670000	20286	NA
17	Pulse	55	680000	30286	NA
17	Pulse	55	690000	40286	NA
18	Pulse	55	700000	9772	NA
18	Pulse	55	710000	19772	NA
18	Pulse	55	720000	29772	NA
18	Pulse	55	730000	39772	NA
19	Pulse	55	740000	9175	NA
19	Pulse	55	750000	19175	NA
19	Pulse	55	760000	29175	NA
19	Pulse	55	770000	39175	NA
20	Pulse	55	780000	8579	NA
20	Pulse	55	790000	18579	NA
20	Pulse	55	800000	28579	NA
20	Pulse	55	810000	38579	NA
21	Pulse	55	820000	7982	NA
21	Pulse	55	830000	17982	NA
21	Pulse	55	840000	27982	NA
21	Pulse	55	850000	37982	NA
22	Pulse	55	860000	7385	NA
22	Pulse	55	870000	17385	NA
22	Pulse	55	880000	27385	NA
22	Pulse	55	890000	37385	NA
23	Pulse	55	900000	6788	NA
23	Pulse	55	910000	16788	NA
23	Pulse	55	920000	26788	NA
23	Pulse	55	930000	36788	NA
24	Pulse	55	940000	6192	NA
24	Pulse	55	950000	16192	NA
24	Pulse	55	960000	26192	NA
24	Pulse	55	970000	36192	NA
25	Pulse	55	980000	5595	NA
25	Pulse	55	990000	15595	NA
25	Pulse	55	1000000	25595	NA
25	Pulse	55	1010000	35595	NA
26	Pulse	55	1020000	4998	NA
26	Pulse	55	1030000	14998	NA
26	Pulse	55	1040000	24998	NA
26	Pulse	55	1050000	34998	NA
27	Pulse	55	1060000	4485	NA
27	Pulse	55	1070000	14485	NA
27	Pulse	55	1080000	24485	NA
27	Pulse	55	1090000	34485	NA
28	Pulse	55	1100000	3888	NA
28	Pulse	55	1110000	13888	NA
28	Pulse	55	1120000	23888	NA
28	Pulse	55	1130000	33888	NA
29	Pulse	55	1140000	3291	NA
29	Pulse	55	1150000	13291	NA
29	Pulse	55	1160000	23291	NA
29	Pulse	55	1170000	33291	NA
30	Pulse	55	1180000	2695	NA
30	Pulse	55	1190000	12695	NA
30	Pulse	55	1200000	22695	NA
30	Pulse	55	1210000	32695	NA
31	Pulse	55	1220000	2098	NA
31	Pulse	55	1230000	12098	NA
31	Pulse	55	1240000	22098	NA
31	Pulse	55	1250000	32098	NA
32	Pulse	55	1260000	1501	NA
32	Pulse	55	1270000	11501	NA
32	Pulse	55	1280000	21501	NA
32	Pulse	55	1290000	31501	NA
33	Pulse	55	1300000	904	NA
33	Pulse	55	1310000	10904	NA
33	Pulse	55	1320000	20904	NA
33	Pulse	55	1330000	30904	NA
34	Pulse	55	1340000	308	NA
34	Pulse	55	1350000	10308	NA
34	Pulse	55	1360000	20308	NA
34	Pulse	55	1370000	30308	NA
34	Pulse	55	1380000	40308	NA
35	Pulse	55	1390000	9711	NA
35	Pulse	55	1400000	19711	NA
35	Pulse	55	1410000	29711	NA
35	Pulse	55	1420000	39711	NA
36	Pulse	55	1430000	9114	NA
36	Pulse	55	1440000	19114	NA
36	Pulse	55	1450000	29114	NA
36	Pulse	55	1460000	39114	NA
37	Pulse	55	1470000	8517	NA
37	Pulse	55	1480000	18517	NA
37	Pulse	55	1490000	28517	NA
37	Pulse	55	1500000	38517	NA
38	Pulse	55	1510000	7754	NA
38	Pulse	55	1520000	17754	NA
38	Pulse	55	1530000	27754	NA
38	Pulse	55	1540000	37754	NA
39	Pulse	55	1550000	7157	NA
39	Pulse	55	1560000	17157	NA
39	Pulse	55	1570000	27157	NA
39	Pulse	55	1580000	37157	NA
40	Pulse	55	1590000	6560	NA
40	Pulse	55	1600000	16560	NA
40	Pulse	55	1610000	26560	NA
40	Pulse	55	1620000	36560	NA
41	Pulse	55	1630000	5964	NA
41	Pulse	55	1640000	15964	NA
41	Pulse	55	1650000	25964	NA
41	Pulse	55	1660000	35964	NA
42	Pulse	55	1670000	5283	NA
42	Pulse	55	1680000	15283	NA
42	Pulse	55	1690000	25283	NA
42	Pulse	55	1700000	35283	NA
43	Pulse	55	1710000	4687	NA
43	Pulse	55	1720000	14687	NA
43	Pulse	55	1730000	24687	NA
43	Pulse	55	1740000	34687	NA
44	Pulse	55	1750000	4090	NA
44	Pulse	55	1760000	14090	NA
44	Pulse	55	1770000	24090	NA
44	Pulse	55	1780000	34090	NA
45	Pulse	55	1790000	3493	NA
45	Pulse	55	1800000	13493	NA
45	Pulse	55	1810000	23493	NA
45	Pulse	55	1820000	33493	NA
46	Pulse	55	1830000	2813	NA
46	Pulse	55	1840000	12813	NA
46	Pulse	55	1850000	22813	NA
46	Pulse	55	1860000	32813	NA
47	Pulse	55	1870000	2216	NA
47	Pulse	55	1880000	12216	NA
47	Pulse	55	1890000	22216	NA
47	Pulse	55	1900000	32216	NA
48	Pulse	55	1910000	1620	NA
48	Pulse	55	1920000	11620	NA
48	Pulse	55	1930000	21620	NA
48	Pulse	55	1940000	31620	NA
49	Pulse	55	1950000	940	NA
49	Pulse	55	1960000	10940	NA
49	Pulse	55	1970000	20940	NA
49	Pulse	55	1980000	30940	NA
50	Pulse	55	1990000	343	NA
50	Pulse	55	2000000	10343	NA
50	Pulse	55	2010000	20343	NA
50	Pulse	55	2020000	30343	NA
50	Pulse	55	2030000	40343	NA
51	Pulse	55	2040000	9746	NA
51	Pulse	55	2050000	19746	NA
51	Pulse	55	2060000	29746	NA
51	Pulse	55	2070000	39746	NA
52	Pulse	55	2080000	9149	NA
52	Pulse	55	2090000	19149	NA
52	Pulse	55	2100000	29149	NA
52	Pulse	55	2110000	39149	NA
53	Pulse	55	2120000	8469	NA
53	Pulse	55	2130000	18469	NA
53	Pulse	55	2140000	28469	NA
53	Pulse	55	2150000	38469	NA
54	Pulse	55	2160000	7872	NA
54	Pulse	55	2170000	17872	NA
54	Pulse	55	2180000	27872	NA
54	Pulse	55	2190000	37872	NA
55	Pulse	55	2200000	7276	NA
55	Pulse	55	2210000	17276	NA
55	Pulse	55	2220000	27276	NA
55	Pulse	55	2230000	37276	NA
56	Pulse	55	2240000	6596	NA
56	Pulse	55	2250000	16596	NA
56	Pulse	55	2260000	26596	NA
56	Pulse	55	2270000	36596	NA
57	Pulse	55	2280000	5999	NA
57	Pulse	55	2290000	15999	NA
57	Pulse	55	2300000	25999	NA
57	Pulse	55	2310000	35999	NA
58	Pulse	55	2320000	5402	NA
58	Pulse	55	2330000	15402	NA
58	Pulse	55	2340000	25402	NA
58	Pulse	55	2350000	35402	NA
59	Pulse	55	2360000	4805	NA
59	Pulse	55	2370000	14805	NA
59	Pulse	55	2380000	24805	NA
59	Pulse	55	2390000	34805	NA
60	Pulse	55	2400000	4209	NA
60	Pulse	55	2410000	14209	NA
60	Pulse	55	2420000	24209	NA
60	Pulse	55	2430000	34209	NA
61	Pulse	55	2440000	3612	NA
61	Pulse	55	2450000	13612	NA
61	Pulse	55	2460000	23612	NA
61	Pulse	55	2470000	33612	NA
62	Pulse	55	2480000	3015	NA
62	Pulse	55	2490000	13015	NA
62	Pulse	55	2500000	23015	NA
62	Pulse	55	2510000	33015	NA
63	Pulse	55	2520000	2335	NA
63	Pulse	55	2530000	12335	NA
63	Pulse	55	2540000	22335	NA
63	Pulse	55	2550000	32335	NA
64	Pulse	55	2560000	1738	NA
64	Pulse	55	2570000	11738	NA
64	Pulse	55	2580000	21738	NA
64	Pulse	55	2590000	31738	NA
65	Pulse	55	2600000	1058	NA
65	Pulse	55	2610000	11058	NA
65	Pulse	55	2620000	21058	NA
65	Pulse	55	2630000	31058	NA
66	Pulse	55	2640000	461	NA
66	Pulse	55	2650000	10461	NA
66	Pulse	55	2660000	20461	NA
66	Pulse	55	2670000	30461	NA
66	Pulse	55	2680000	40461	NA
67	Pulse	55	2690000	9781	NA
67	Pulse	55	2700000	19781	NA
67	Pulse	55	2710000	29781	NA
67	Pulse	55	2720000	39781	NA
68	Pulse	55	2730000	9185	NA
68	Pulse	55	2740000	19185	NA
68	Pulse	55	2750000	29185	NA
68	Pulse	55	2760000	39185	NA
69	Pulse	55	2770000	8588	NA
69	Pulse	55	2780000	18588	NA
69	Pulse	55	2790000	28588	NA
69	Pulse	55	2800000	38588	NA
70	Pulse	55	2810000	7991	NA
70	Pulse	55	2820000	17991	NA
70	Pulse	55	2830000	27991	NA
70	Pulse	55	2840000	37991	NA
71	Pulse	55	2850000	7394	NA
71	Pulse	55	2860000	17394	NA
71	Pulse	55	2870000	27394	NA
71	Pulse	55	2880000	37394	NA
72	Pulse	55	2890000	6798	NA
72	Pulse	55	2900000	16798	NA
72	Pulse	55	2910000	26798	NA
72	Pulse	55	2920000	36798	NA
73	Pulse	55	2930000	6117	NA
73	Pulse	55	2940000	16117	NA
73	Pulse	55	2950000	26117	NA
73	Pulse	55	2960000	36117	NA
74	Pulse	55	2970000	5521	NA
74	Pulse	55	2980000	15521	NA
74	Pulse	55	2990000	25521	NA
74	Pulse	55	3000000	35521	NA
75	Pulse	55	3010000	4924	NA
75	Pulse	55	3020000	14924	NA
75	Pulse	55	3030000	24924	NA
75	Pulse	55	3040000	34924	NA
76	Pulse	55	3050000	4327	NA
76	Pulse	55	3060000	14327	NA
76	Pulse	55	3070000	24327	NA
76	Pulse	55	3080000	34327	NA
77	Pulse	55	3090000	3730	NA
77	Pulse	55	3100000	13730	NA
77	Pulse	55	3110000	23730	NA
77	Pulse	55	3120000	33730	NA
78	Pulse	55	3130000	3134	NA
78	Pulse	55	3140000	13134	NA
78	Pulse	55	3150000	23134	NA
78	Pulse	55	3160000	33134	NA
79	Pulse	55	3170000	2537	NA
79	Pulse	55	3180000	12537	NA
79	Pulse	55	3190000	22537	NA
79	Pulse	55	3200000	32537	NA
80	Pulse	55	3210000	1940	NA
80	Pulse	55	3220000	11940	NA
80	Pulse	55	3230000	21940	NA
80	Pulse	55	3240000	31940	NA
81	Pulse	55	3250000	1343	NA
81	Pulse	55	3260000	11343	NA
81	Pulse	55	3270000	21343	NA
81	Pulse	55	3280000	31343	NA
82	Pulse	55	3290000	663	NA
82	Pulse	55	3300000	10663	NA
82	Pulse	55	3310000	20663	NA
82	Pulse	55	3320000	30663	NA
83	Pulse	55	3330000	67	NA
83	Pulse	55	3340000	10067	NA
83	Pulse	55	3350000	20067	NA
83	Pulse	55	3360000	30067	NA
83	Pulse	55	3370000	40067	NA
84	Pulse	55	3380000	9470	NA
84	Pulse	55	3390000	19470	NA
84	Pulse	55	3400000	29470	NA
84	Pulse	55	3410000	39470	NA
85	Pulse	55	3420000	8873	NA
85	Pulse	55	3430000	18873	NA
85	Pulse	55	3440000	28873	NA
85	Pulse	55	3450000	38873	NA
86	Pulse	55	3460000	8276	NA
86	Pulse	55	3470000	18276	NA
86	Pulse	55	3480000	28276	NA
86	Pulse	55	3490000	38276	NA
87	Pulse	55	3500000	7680	NA
87	Pulse	55	3510000	17680	NA
87	Pulse	55	3520000	27680	NA
87	Pulse	55	3530000	37680	NA
88	Pulse	55	3540000	7083	NA
88	Pulse	55	3550000	17083	NA
88	Pulse	55	3560000	27083	NA
88	Pulse	55	3570000	37083	NA
89	Pulse	55	3580000	6486	NA
89	Pulse	55	3590000	16486	NA
89	Pulse	55	3600000	26486	NA
89	Pulse	55	3610000	36486	NA
90	Pulse	55	3620000	5889	NA
90	Pulse	55	3630000	15889	NA
90	Pulse	55	3640000	25889	NA
90	Pulse	55	3650000	35889	NA
91	Pulse	55	3660000	5293	NA
91	Pulse	55	3670000	15293	NA
91	Pulse	55	3680000	25293	NA
91	Pulse	55	3690000	35293	NA
92	Pulse	55	3700000	4696	NA
92	Pulse	55	3710000	14696	NA
92	Pulse	55	3720000	24696	NA
92	Pulse	55	3730000	34696	NA
93	Pulse	55	3740000	4099	NA
93	Pulse	55	3750000	14099	NA
93	Pulse	55	3760000	24099	NA
93	Pulse	55	3770000	34099	NA
94	Pulse	55	3780000	3502	NA
94	Pulse	55	3790000	13502	NA
94	Pulse	55	3800000	23502	NA
94	Pulse	55	3810000	33502	NA
95	Pulse	55	3820000	2906	NA
95	Pulse	55	3830000	12906	NA
95	Pulse	55	3840000	22906	NA
95	Pulse	55	3850000	32906	NA
96	Pulse	55	3860000	2309	NA
96	Pulse	55	3870000	12309	NA
96	Pulse	55	3880000	22309	NA
96	Pulse	55	3890000	32309	NA
97	Pulse	55	3900000	1712	NA
97	Pulse	55	3910000	11712	NA
97	Pulse	55	3920000	21712	NA
97	Pulse	55	3930000	31712	NA
98	Pulse	55	3940000	1115	NA
98	Pulse	55	3950000	11115	NA
98	Pulse	55	3960000	21115	NA
98	Pulse	55	3970000	31115	NA
99	Pulse	55	3980000	519	NA
99	Pulse	55	3990000	10519	NA
99	Pulse	55	4000000	20519	NA
99	Pulse	55	4010000	30519	NA
99	Pulse	55	4020000	40519	NA
100	Pulse	55	4030000	9922	NA
100	Pulse	55	4040000	19922	NA
100	Pulse	55	4050000	29922	NA
100	Pulse	55	4060000	39922	NA
101	Pulse	55	4070000	9325	NA
101	Pulse	55	4080000	19325	NA
101	Pulse	55	4090000	29325	NA
101	Pulse	55	4100000	39325	NA
102	Pulse	55	4110000	8728	NA
102	Pulse	55	4120000	18728	NA
102	Pulse	55	4130000	28728	NA
102	Pulse	55	4140000	38728	NA
103	Pulse	55	4150000	8132	NA
103	Pulse	55	4160000	18132	NA
103	Pulse	55	4170000	28132	NA
103	Pulse	55	4180000	38132	NA
104	Pulse	55	4190000	7535	NA
104	Pulse	55	4200000	17535	NA
104	Pulse	55	4210000	27535	NA
104	Pulse	55	4220000	37535	NA
105	Pulse	55	4230000	7022	NA
105	Pulse	55	4240000	17022	NA
105	Pulse	55	4250000	27022	NA
105	Pulse	55	4260000	37022	NA
106	Pulse	55	4270000	6425	NA
106	Pulse	55	4280000	16425	NA
106	Pulse	55	4290000	26425	NA
106	Pulse	55	4300000	36425	NA
107	Pulse	55	4310000	5911	NA
107	Pulse	55	4320000	15911	NA
107	Pulse	55	4330000	25911	NA
107	Pulse	55	4340000	35911	NA
108	Pulse	55	4350000	5398	NA
108	Pulse	55	4360000	15398	NA
108	Pulse	55	4370000	25398	NA
108	Pulse	55	4380000	35398	NA
109	Pulse	55	4390000	4801	NA
109	Pulse	55	4400000	14801	NA
109	Pulse	55	4410000	24801	NA
109	Pulse	55	4420000	34801	NA
110	Pulse	55	4430000	4205	NA
110	Pulse	55	4440000	14205	NA
110	Pulse	55	4450000	24205	NA
110	Pulse	55	4460000	34205	NA
111	Pulse	55	4470000	3608	NA
111	Pulse	55	4480000	13608	NA
111	Pulse	55	4490000	23608	NA
111	Pulse	55	4500000	33608	NA
112	Pulse	55	4510000	3011	NA
112	Pulse	55	4520000	13011	NA
112	Pulse	55	4530000	23011	NA
112	Pulse	55	4540000	33011	NA
113	Pulse	55	4550000	2414	NA
113	Pulse	55	4560000	12414	NA
113	Pulse	55	4570000	22414	NA
113	Pulse	55	4580000	32414	NA
114	Pulse	55	4590000	1818	NA
114	Pulse	55	4600000	11818	NA
114	Pulse	55	4610000	21818	NA
114	Pulse	55	4620000	31818	NA
115	Pulse	55	4630000	1304	NA
115	Pulse	55	4640000	11304	NA
115	Pulse	55	4650000	21304	NA
115	Pulse	55	4660000	31304	NA
116	Pulse	55	4670000	707	NA
116	Pulse	55	4680000	10707	NA
116	Pulse	55	4690000	20707	NA
116	Pulse	55	4700000	30707	NA
117	Pulse	55	4710000	111	NA
117	Pulse	55	4720000	10111	NA
117	Pulse	55	4730000	20111	NA
117	Pulse	55	4740000	30111	NA
117	Pulse	55	4750000	40111	NA
118	Pulse	55	4760000	9597	NA
118	Pulse	55	4770000	19597	NA
118	Pulse	55	4780000	29597	NA
118	Pulse	55	4790000	39597	NA
119	Pulse	55	4800000	9084	NA
119	Pulse	55	4810000	19084	NA
119	Pulse	55	4820000	29084	NA
119	Pulse	55	4830000	39084	NA
120	Pulse	55	4840000	8487	NA
120	Pulse	55	4850000	18487	NA
120	Pulse	55	4860000	28487	NA
120	Pulse	55	4870000	38487	NA
121	Pulse	55	4880000	7974	NA
121	Pulse	55	4890000	17974	NA
121	Pulse	55	4900000	27974	NA
121	Pulse	55	4910000	37974	NA
122	Pulse	55	4920000	7377	NA
122	Pulse	55	4930000	17377	NA
122	Pulse	55	4940000	27377	NA
122	Pulse	55	4950000	37377	NA
123	Pulse	55	4960000	6864	NA
123	Pulse	55	4970000	16864	NA
123	Pulse	55	4980000	26864	NA
123	Pulse	55	4990000	36864	NA
124	Pulse	55	5000000	6350	NA
124	Pulse	55	5010000	16350	NA
124	Pulse	55	5020000	26350	NA
124	Pulse	55	5030000	36350	NA
125	Pulse	55	5040000	5837	NA
125	Pulse	55	5050000	15837	NA
125	Pulse	55	5060000	25837	NA
125	Pulse	55	5070000	35837	NA
126	Pulse	55	5080000	5240	NA
126	Pulse	55	5090000	15240	NA
126	Pulse	55	5100000	25240	NA
126	Pulse	55	5110000	35240	NA
127	Pulse	55	5120000	4643	NA
127	Pulse	55	5130000	14643	NA
127	Pulse	55	5140000	24643	NA
127	Pulse	55	5150000	34643	NA
128	Pulse	55	5160000	4047	NA
128	Pulse	55	5170000	14047	NA
128	Pulse	55	5180000	24047	NA
128	Pulse	55	5190000	34047	NA
129	Pulse	55	5200000	3450	NA
129	Pulse	55	5210000	13450	NA
129	Pulse	55	5220000	23450	NA
129	Pulse	55	5230000	33450	NA
130	Pulse	55	5240000	2853	NA
130	Pulse	55	5250000	12853	NA
130	Pulse	55	5260000	22853	NA
130	Pulse	55	5270000	32853	NA
131	Pulse	55	5280000	2256	NA
131	Pulse	55	5290000	12256	NA
131	Pulse	55	5300000	22256	NA
131	Pulse	55	5310000	32256	NA
132	Pulse	55	5320000	1743	NA
132	Pulse	55	5330000	11743	NA
132	Pulse	55	5340000	21743	NA
132	Pulse	55	5350000	31743	NA
133	Pulse	55	5360000	1146	NA
133	Pulse	55	5370000	11146	NA
133	Pulse	55	5380000	21146	NA
133	Pulse	55	5390000	31146	NA
134	Pulse	55	5400000	550	NA
134	Pulse	55	5410000	10550	NA
134	Pulse	55	5420000	20550	NA
134	Pulse	55	5430000	30550	NA
135	Pulse	55	5440000	36	NA
135	Pulse	55	5450000	10036	NA
135	Pulse	55	5460000	20036	NA
135	Pulse	55	5470000	30036	NA
135	Pulse	55	5480000	40036	NA
136	Pulse	55	5490000	9439	NA
136	Pulse	55	5500000	19439	NA
136	Pulse	55	5510000	29439	NA
136	Pulse	55	5520000	39439	NA
137	Pulse	55	5530000	8843	NA
137	Pulse	55	5540000	18843	NA
137	Pulse	55	5550000	28843	NA
137	Pulse	55	5560000	38843	NA
138	Pulse	55	5570000	8329	NA
138	Pulse	55	5580000	18329	NA
138	Pulse	55	5590000	28329	NA
138	Pulse	55	5600000	38329	NA
139	Pulse	55	5610000	7733	NA
139	Pulse	55	5620000	17733	NA
139	Pulse	55	5630000	27733	NA
139	Pulse	55	5640000	37733	NA
140	Pulse	55	5650000	7136	NA
140	Pulse	55	5660000	17136	NA
140	Pulse	55	5670000	27136	NA
140	Pulse	55	5680000	37136	NA
141	Pulse	55	5690000	6622	NA
141	Pulse	55	5700000	16622	NA
141	Pulse	55	5710000	26622	NA
141	Pulse	55	5720000	36622	NA
142	Pulse	55	5730000	6026	NA
142	Pulse	55	5740000	16026	NA
142	Pulse	55	5750000	26026	NA
142	Pulse	55	5760000	36026	NA
143	Pulse	55	5770000	5429	NA
143	Pulse	55	5780000	15429	NA
143	Pulse	55	5790000	25429	NA
143	Pulse	55	5800000	35429	NA
144	Pulse	55	5810000	4915	NA
144	Pulse	55	5820000	14915	NA
144	Pulse	55	5830000	24915	NA
144	Pulse	55	5840000	34915	NA
145	Pulse	55	5850000	4402	NA
145	Pulse	55	5860000	14402	NA
145	Pulse	55	5870000	24402	NA
145	Pulse	55	5880000	34402	NA
146	Pulse	55	5890000	3805	NA
146	Pulse	55	5900000	13805	NA
146	Pulse	55	5910000	23805	NA
146	Pulse	55	5920000	33805	NA
147	Pulse	55	5930000	3209	NA
147	Pulse	55	5940000	13209	NA
147	Pulse	55	5950000	23209	NA
147	Pulse	55	5960000	33209	NA
148	Pulse	55	5970000	2612	NA
148	Pulse	55	5980000	12612	NA
148	Pulse	55	5990000	22612	NA
148	Pulse	55	6000000	32612	NA
149	Pulse	55	6010000	2015	NA
149	Pulse	55	6020000	12015	NA
149	Pulse	55	6030000	22015	NA
149	Pulse	55	6040000	32015	NA
150	Pulse	55	6050000	1418	NA
150	Pulse	55	6060000	11418	NA
150	Pulse	55	6070000	21418	NA
150	Pulse	55	6080000	31418	NA
151	Pulse	55	6090000	822	NA
151	Pulse	55	6100000	10822	NA
151	Pulse	55	6110000	20822	NA
151	Pulse	55	6120000	30822	NA
152	Pulse	55	6130000	225	NA
152	Pulse	55	6140000	10225	NA
152	Pulse	55	6150000	20225	NA
152	Pulse	55	6160000	30225	NA
152	Pulse	55	6170000	40225	NA
153	Pulse	55	6180000	9712	NA
153	Pulse	55	6190000	19712	NA
153	Pulse	55	6200000	29712	NA
153	Pulse	55	6210000	39712	NA
154	Pulse	55	6220000	9198	NA
154	Pulse	55	6230000	19198	NA
154	Pulse	55	6240000	29198	NA
154	Pulse	55	6250000	39198	NA
155	Pulse	55	6260000	8768	NA
155	Pulse	55	6270000	18768	NA
155	Pulse	55	6280000	28768	NA
155	Pulse	55	6290000	38768	NA
156	Pulse	55	6300000	8255	NA
156	Pulse	55	6310000	18255	NA
156	Pulse	55	6320000	28255	NA
156	Pulse	55	6330000	38255	NA
157	Pulse	55	6340000	7741	NA
157	Pulse	55	6350000	17741	NA
157	Pulse	55	6360000	27741	NA
157	Pulse	55	6370000	37741	NA
158	Pulse	55	6380000	7228	NA
158	Pulse	55	6390000	17228	NA
158	Pulse	55	6400000	27228	NA
158	Pulse	55	6410000	37228	NA
159	Pulse	55	6420000	6631	NA
159	Pulse	55	6430000	16631	NA
159	Pulse	55	6440000	26631	NA
159	Pulse	55	6450000	36631	NA
160	Pulse	55	6460000	6034	NA
160	Pulse	55	6470000	16034	NA
160	Pulse	55	6480000	26034	NA
160	Pulse	55	6490000	36034	NA
161	Pulse	55	6500000	5438	NA
161	Pulse	55	6510000	15438	NA
161	Pulse	55	6520000	25438	NA
161	Pulse	55	6530000	35438	NA
162	Pulse	55	6540000	4924	NA
162	Pulse	55	6550000	14924	NA
162	Pulse	55	6560000	24924	NA
162	Pulse	55	6570000	34924	NA
163	Pulse	55	6580000	4328	NA
163	Pulse	55	6590000	14328	NA
163	Pulse	55	6600000	24328	NA
163	Pulse	55	6610000	34328	NA
164	Pulse	55	6620000	3731	NA
164	Pulse	55	6630000	13731	NA
164	Pulse	55	6640000	23731	NA
164	Pulse	55	6650000	33731	NA
165	Pulse	55	6660000	3134	NA
165	Pulse	55	6670000	13134	NA
165	Pulse	55	6680000	23134	NA
165	Pulse	55	6690000	33134	NA
166	Pulse	55	6700000	2537	NA
166	Pulse	55	6710000	12537	NA
166	Pulse	55	6720000	22537	NA
166	Pulse	55	6730000	32537	NA
167	Pulse	55	6740000	1857	NA
167	Pulse	55	6750000	11857	NA
167	Pulse	55	6760000	21857	NA
167	Pulse	55	6770000	31857	NA
168	Pulse	55	6780000	1261	NA
168	Pulse	55	6790000	11261	NA
168	Pulse	55	6800000	21261	NA
168	Pulse	55	6810000	31261	NA
169	Pulse	55	6820000	747	NA
169	Pulse	55	6830000	10747	NA
169	Pulse	55	6840000	20747	NA
169	Pulse	55	6850000	30747	NA
170	Pulse	55	6860000	150	NA
170	Pulse	55	6870000	10150	NA
170	Pulse	55	6880000	20150	NA
170	Pulse	55	6890000	30150	NA
170	Pulse	55	6900000	40150	NA
171	Pulse	55	6910000	9637	NA
171	Pulse	55	6920000	19637	NA
171	Pulse	55	6930000	29637	NA
171	Pulse	55	6940000	39637	NA
172	Pulse	55	6950000	9124	NA
172	Pulse	55	6960000	19124	NA
172	Pulse	55	6970000	29124	NA
172	Pulse	55	6980000	39124	NA
173	Pulse	55	6990000	8527	NA
173	Pulse	55	7000000	18527	NA
173	Pulse	55	7010000	28527	NA
173	Pulse	55	7020000	38527	NA
174	Pulse	55	7030000	8097	NA
174	Pulse	55	7040000	18097	NA
174	Pulse	55	7050000	28097	NA
174	Pulse	55	7060000	38097	NA
175	Pulse	55	7070000	7583	NA
175	Pulse	55	7080000	17583	NA
175	Pulse	55	7090000	27583	NA
175	Pulse	55	7100000	37583	NA
176	Pulse	55	7110000	6987	NA
176	Pulse	55	7120000	16987	NA
176	Pulse	55	7130000	26987	NA
176	Pulse	55	7140000	36987	NA
177	Pulse	55	7150000	6473	NA
177	Pulse	55	7160000	16473	NA
177	Pulse	55	7170000	26473	NA
177	Pulse	55	7180000	36473	NA
178	Pulse	55	7190000	5960	NA
178	Pulse	55	7200000	15960	NA
178	Pulse	55	7210000	25960	NA
178	Pulse	55	7220000	35960	NA
179	Pulse	55	7230000	5447	NA
179	Pulse	55	7240000	15447	NA
179	Pulse	55	7250000	25447	NA
179	Pulse	55	7260000	35447	NA
180	Pulse	55	7270000	4850	NA
180	Pulse	55	7280000	14850	NA
180	Pulse	55	7290000	24850	NA
180	Pulse	55	7300000	34850	NA
181	Pulse	55	7310000	4253	NA
181	Pulse	55	7320000	14253	NA
181	Pulse	55	7330000	24253	NA
181	Pulse	55	7340000	34253	NA
182	Pulse	55	7350000	3656	NA
182	Pulse	55	7360000	13656	NA
182	Pulse	55	7370000	23656	NA
182	Pulse	55	7380000	33656	NA
183	Pulse	55	7390000	3060	NA
183	Pulse	55	7400000	13060	NA
183	Pulse	55	7410000	23060	NA
183	Pulse	55	7420000	33060	NA
184	Pulse	55	7430000	2463	NA
184	Pulse	55	7440000	12463	NA
184	Pulse	55	7450000	22463	NA
184	Pulse	55	7460000	32463	NA
185	Pulse	55	7470000	1949	NA
185	Pulse	55	7480000	11949	NA
185	Pulse	55	7490000	21949	NA
185	Pulse	55	7500000	31949	NA
186	Pulse	55	7510000	1353	NA
186	Pulse	55	7520000	11353	NA
186	Pulse	55	7530000	21353	NA
186	Pulse	55	7540000	31353	NA
187	Pulse	55	7550000	756	NA
187	Pulse	55	7560000	10756	NA
187	Pulse	55	7570000	20756	NA
187	Pulse	55	7580000	30756	NA
188	Pulse	55	7590000	159	NA
188	Pulse	55	7600000	10159	NA
188	Pulse	55	7610000	20159	NA
188	Pulse	55	7620000	30159	NA
188	Pulse	55	7630000	40159	NA
189	Pulse	55	7640000	9562	NA
189	Pulse	55	7650000	19562	NA
189	Pulse	55	7660000	29562	NA
189	Pulse	55	7670000	39562	NA
190	Pulse	55	7680000	8966	NA
190	Pulse	55	7690000	18966	NA
190	Pulse	55	7700000	28966	NA
190	Pulse	55	7710000	38966	NA
191	Pulse	55	7720000	8369	NA
191	Pulse	55	7730000	18369	NA
191	Pulse	55	7740000	28369	NA
191	Pulse	55	7750000	38369	NA
192	Pulse	55	7760000	7772	NA
192	Pulse	55	7770000	17772	NA
192	Pulse	55	7780000	27772	NA
192	Pulse	55	7790000	37772	NA
193	Pulse	55	7800000	7175	NA
193	Pulse	55	7810000	17175	NA
193	Pulse	55	7820000	27175	NA
193	Pulse	55	7830000	37175	NA
194	Pulse	55	7840000	6579	NA
194	Pulse	55	7850000	16579	NA
194	Pulse	55	7860000	26579	NA
194	Pulse	55	7870000	36579	NA
195	Pulse	55	7880000	5982	NA
195	Pulse	55	7890000	15982	NA
195	Pulse	55	7900000	25982	NA
195	Pulse	55	7910000	35982	NA
196	Pulse	55	7920000	5385	NA
196	Pulse	55	7930000	15385	NA
196	Pulse	55	7940000	25385	NA
196	Pulse	55	7950000	35385	NA
197	Pulse	55	7960000	4872	NA
197	Pulse	55	7970000	14872	NA
197	Pulse	55	7980000	24872	NA
197	Pulse	55	7990000	34872	NA
198	Pulse	55	8000000	4358	NA
198	Pulse	55	8010000	14358	NA
198	Pulse	55	8020000	24358	NA
198	Pulse	55	8030000	34358	NA
199	Pulse	55	8040000	3762	NA
199	Pulse	55	8050000	13762	NA
199	Pulse	55	8060000	23762	NA
199	Pulse	55	8070000	33762	NA
200	Pulse	55	8080000	3165	NA
200	Pulse	55	8090000	13165	NA
200	Pulse	55	8100000	23165	NA
200	Pulse	55	8110000	33165	NA
201	Pulse	55	8120000	2735	NA
201	Pulse	55	8130000	12735	NA
201	Pulse	55	8140000	22735	NA
201	Pulse	55	8150000	32735	NA
202	Pulse	55	8160000	2222	NA
202	Pulse	55	8170000	12222	NA
202	Pulse	55	8180000	22222	NA
202	Pulse	55	8190000	32222	NA
203	Pulse	55	8200000	1708	NA
203	Pulse	55	8210000	11708	NA
203	Pulse	55	8220000	21708	NA
203	Pulse	55	8230000	31708	NA
204	Pulse	55	8240000	1111	NA
204	Pulse	55	8250000	11111	NA
204	Pulse	55	8260000	21111	NA
204	Pulse	55	8270000	31111	NA
205	Pulse	55	8280000	598	NA
205	Pulse	55	8290000	10598	NA
205	Pulse	55	8300000	20598	NA
205	Pulse	55	8310000	30598	NA
206	Pulse	55	8320000	1	NA
206	Pulse	55	8330000	10001	NA
206	Pulse	55	8340000	20001	NA
206	Pulse	55	8350000	30001	NA
206	Pulse	55	8360000	40001	NA
207	Pulse	55	8370000	9488	NA
207	Pulse	55	8380000	19488	NA
207	Pulse	55	8390000	29488	NA
207	Pulse	55	8400000	39488	NA
208	Pulse	55	8410000	8975	NA
208	Pulse	55	8420000	18975	NA
208	Pulse	55	8430000	28975	NA
208	Pulse	55	8440000	38975	NA
209	Pulse	55	8450000	8461	NA
209	Pulse	55	8460000	18461	NA
209	Pulse	55	8470000	28461	NA
209	Pulse	55	8480000	38461	NA
210	Pulse	55	8490000	7948	NA
210	Pulse	55	8500000	17948	NA
210	Pulse	55	8510000	27948	NA
210	Pulse	55	8520000	37948	NA
211	Pulse	55	8530000	7518	NA
211	Pulse	55	8540000	17518	NA
211	Pulse	55	8550000	27518	NA
211	Pulse	55	8560000	37518	NA
212	Pulse	55	8570000	7004	NA
212	Pulse	55	8580000	17004	NA
212	Pulse	55	8590000	27004	NA
212	Pulse	55	8600000	37004	NA
213	Pulse	55	8610000	6491	NA
213	Pulse	55	8620000	16491	NA
213	Pulse	55	8630000	26491	NA
213	Pulse	55	8640000	36491	NA
214	Pulse	55	8650000	5978	NA
214	Pulse	55	8660000	15978	NA
214	Pulse	55	8670000	25978	NA
214	Pulse	55	8680000	35978	NA
215	Pulse	55	8690000	5381	NA
215	Pulse	55	8700000	15381	NA
215	Pulse	55	8710000	25381	NA
215	Pulse	55	8720000	35381	NA
216	Pulse	55	8730000	4867	NA
216	Pulse	55	8740000	14867	NA
216	Pulse	55	8750000	24867	NA
216	Pulse	55	8760000	34867	NA
217	Pulse	55	8770000	4521	NA
217	Pulse	55	8780000	14521	NA
217	Pulse	55	8790000	24521	NA
217	Pulse	55	8800000	34521	NA
218	Pulse	55	8810000	4007	NA
218	Pulse	55	8820000	14007	NA
218	Pulse	55	8830000	24007	NA
218	Pulse	55	8840000	34007	NA
219	Pulse	55	8850000	3494	NA
219	Pulse	55	8860000	13494	NA
219	Pulse	55	8870000	23494	NA
219	Pulse	55	8880000	33494	NA
220	Pulse	55	8890000	2897	NA
220	Pulse	55	8900000	12897	NA
220	Pulse	55	8910000	22897	NA
220	Pulse	55	8920000	32897	NA
221	Pulse	55	8930000	2301	NA
221	Pulse	55	8940000	12301	NA
221	Pulse	55	8950000	22301	NA
221	Pulse	55	8960000	32301	NA
222	Pulse	55	8970000	1871	NA
222	Pulse	55	8980000	11871	NA
222	Pulse	55	8990000	21871	NA
222	Pulse	55	9000000	31871	NA
223	Pulse	55	9010000	1357	NA
223	Pulse	55	9020000	11357	NA
223	Pulse	55	9030000	21357	NA
223	Pulse	55	9040000	31357	NA
224	Pulse	55	9050000	760	NA
224	Pulse	55	9060000	10760	NA
224	Pulse	55	9070000	20760	NA
224	Pulse	55	9080000	30760	NA
225	Pulse	55	9090000	330	NA
225	Pulse	55	9100000	10330	NA
225	Pulse	55	9110000	20330	NA
225	Pulse	55	9120000	30330	NA
225	Pulse	55	9130000	40330	NA
226	Pulse	55	9140000	9817	NA
226	Pulse	55	9150000	19817	NA
226	Pulse	55	9160000	29817	NA
226	Pulse	55	9170000	39817	NA
227	Pulse	55	9180000	9304	NA
227	Pulse	55	9190000	19304	NA
227	Pulse	55	9200000	29304	NA
227	Pulse	55	9210000	39304	NA
228	Pulse	55	9220000	8790	NA
228	Pulse	55	9230000	18790	NA
228	Pulse	55	9240000	28790	NA
228	Pulse	55	9250000	38790	NA
229	Pulse	55	9260000	8194	NA
229	Pulse	55	9270000	18194	NA
229	Pulse	55	9280000	28194	NA
229	Pulse	55	9290000	38194	NA
230	Pulse	55	9300000	7680	NA
230	Pulse	55	9310000	17680	NA
230	Pulse	55	9320000	27680	NA
230	Pulse	55	9330000	37680	NA
231	Pulse	55	9340000	7167	NA
231	Pulse	55	9350000	17167	NA
231	Pulse	55	9360000	27167	NA
231	Pulse	55	9370000	37167	NA
232	Pulse	55	9380000	6570	NA
232	Pulse	55	9390000	16570	NA
232	Pulse	55	9400000	26570	NA
232	Pulse	55	9410000	36570	NA
233	Pulse	55	9420000	5973	NA
233	Pulse	55	9430000	15973	NA
233	Pulse	55	9440000	25973	NA
233	Pulse	55	9450000	35973	NA
234	Pulse	55	9460000	5377	NA
234	Pulse	55	9470000	15377	NA
234	Pulse	55	9480000	25377	NA
234	Pulse	55	9490000	35377	NA
235	Pulse	55	9500000	4780	NA
235	Pulse	55	9510000	14780	NA
235	Pulse	55	9520000	24780	NA
235	Pulse	55	9530000	34780	NA
236	Pulse	55	9540000	4183	NA
236	Pulse	55	9550000	14183	NA
236	Pulse	55	9560000	24183	NA
236	Pulse	55	9570000	34183	NA
237	Pulse	55	9580000	3586	NA
237	Pulse	55	9590000	13586	NA
237	Pulse	55	9600000	23586	NA
237	Pulse	55	9610000	33586	NA
238	Pulse	55	9620000	3073	NA
238	Pulse	55	9630000	13073	NA
238	Pulse	55	9640000	23073	NA
238	Pulse	55	9650000	33073	NA
239	Pulse	55	9660000	2559	NA
239	Pulse	55	9670000	12559	NA
239	Pulse	55	9680000	22559	NA
239	Pulse	55	9690000	32559	NA
240	Pulse	55	9700000	1963	NA
240	Pulse	55	9710000	11963	NA
240	Pulse	55	9720000	21963	NA
240	Pulse	55	9730000	31963	NA
241	Pulse	55	9740000	1449	NA
241	Pulse	55	9750000	11449	NA
241	Pulse	55	9760000	21449	NA
241	Pulse	55	9770000	31449	NA
242	Pulse	55	9780000	853	NA
242	Pulse	55	9790000	10853	NA
242	Pulse	55	9800000	20853	NA
242	Pulse	55	9810000	30853	NA
243	Pulse	55	9820000	256	NA
243	Pulse	55	9830000	10256	NA
243	Pulse	55	9840000	20256	NA
243	Pulse	55	9850000	30256	NA
243	Pulse	55	9860000	40256	NA
244	Pulse	55	9870000	9659	NA
244	Pulse	55	9880000	19659	NA
244	Pulse	55	9890000	29659	NA
244	Pulse	55	9900000	39659	NA
245	Pulse	55	9910000	9146	NA
245	Pulse	55	9920000	19146	NA
245	Pulse	55	9930000	29146	NA
245	Pulse	55	9940000	39146	NA
246	Pulse	55	9950000	8549	NA
246	Pulse	55	9960000	18549	NA
246	Pulse	55	9970000	28549	NA
246	Pulse	55	9980000	38549	NA
247	Pulse	55	9990000	7952	NA
247	Pulse	55	10000000	17952	NA
247	Pulse	55	10010000	27952	NA
247	Pulse	55	10020000	37952	NA
248	Pulse	55	10030000	7355	NA
248	Pulse	55	10040000	17355	NA
248	Pulse	55	10050000	27355	NA
248	Pulse	55	10060000	37355	NA
249	Pulse	55	10070000	6759	NA
249	Pulse	55	10080000	16759	NA
249	Pulse	55	10090000	26759	NA
249	Pulse	55	10100000	36759	NA
250	Pulse	55	10110000	6162	NA
250	Pulse	55	10120000	16162	NA
250	Pulse	55	10130000	26162	NA
250	Pulse	55	10140000	36162	NA
251	Pulse	55	10150000	5565	NA
251	Pulse	55	10160000	15565	NA
251	Pulse	55	10170000	25565	NA
251	Pulse	55	10180000	35565	NA
252	Pulse	55	10190000	4969	NA
252	Pulse	55	10200000	14969	NA
252	Pulse	55	10210000	24969	NA
252	Pulse	55	10220000	34969	NA
253	Pulse	55	10230000	4372	NA
253	Pulse	55	10240000	14372	NA
253	Pulse	55	10250000	24372	NA
253	Pulse	55	10260000	34372	NA
254	Pulse	55	10270000	3775	NA
254	Pulse	55	10280000	13775	NA
254	Pulse	55	10290000	23775	NA
254	Pulse	55	10300000	33775	NA
255	Pulse	55	10310000	3345	NA
255	Pulse	55	10320000	13345	NA
255	Pulse	55	10330000	23345	NA
255	Pulse	55	10340000	33345	NA
256	Pulse	55	10350000	2832	NA
256	Pulse	55	10360000	12832	NA
256	Pulse	55	10370000	22832	NA
256	Pulse	55	10380000	32832	NA
257	Pulse	55	10390000	2318	NA
257	Pulse	55	10400000	12318	NA
257	Pulse	55	10410000	22318	NA
257	Pulse	55	10420000	32318	NA
258	Pulse	55	10430000	1722	NA
258	Pulse	55	10440000	11722	NA
258	Pulse	55	10450000	21722	NA
258	Pulse	55	10460000	31722	NA
259	Pulse	55	10470000	1125	NA
259	Pulse	55	10480000	11125	NA
259	Pulse	55	10490000	21125	NA
259	Pulse	55	10500000	31125	NA
260	Pulse	55	10510000	528	NA
260	Pulse	55	10520000	10528	NA
260	Pulse	55	10530000	20528	NA
260	Pulse	55	10540000	30528	NA
260	Pulse	55	10550000	40528	NA
261	Pulse	55	10560000	9931	NA
261	Pulse	55	10570000	19931	NA
261	Pulse	55	10580000	29931	NA
261	Pulse	55	10590000	39931	NA
262	Pulse	55	10600000	9418	NA
262	Pulse	55	10610000	19418	NA
262	Pulse	55	10620000	29418	NA
262	Pulse	55	10630000	39418	NA
263	Pulse	55	10640000	8905	NA
263	Pulse	55	10650000	18905	NA
263	Pulse	55	10660000	28905	NA
263	Pulse	55	10670000	38905	NA
264	Pulse	55	10680000	8308	NA
264	Pulse	55	10690000	18308	NA
264	Pulse	55	10700000	28308	NA
264	Pulse	55	10710000	38308	NA
265	Pulse	55	10720000	7711	NA
265	Pulse	55	10730000	17711	NA
265	Pulse	55	10740000	27711	NA
265	Pulse	55	10750000	37711	NA
266	Pulse	55	10760000	7114	NA
266	Pulse	55	10770000	17114	NA
266	Pulse	55	10780000	27114	NA
266	Pulse	55	10790000	37114	NA
267	Pulse	55	10800000	6517	NA
267	Pulse	55	10810000	16517	NA
267	Pulse	55	10820000	26517	NA
267	Pulse	55	10830000	36517	NA
268	Pulse	55	10840000	5921	NA
268	Pulse	55	10850000	15921	NA
268	Pulse	55	10860000	25921	NA
268	Pulse	55	10870000	35921	NA
269	Pulse	55	10880000	5324	NA
269	Pulse	55	10890000	15324	NA
269	Pulse	55	10900000	25324	NA
269	Pulse	55	10910000	35324	NA
270	Pulse	55	10920000	4727	NA
270	Pulse	55	10930000	14727	NA
270	Pulse	55	10940000	24727	NA
270	Pulse	55	10950000	34727	NA
271	Pulse	55	10960000	4131	NA
271	Pulse	55	10970000	14131	NA
271	Pulse	55	10980000	24131	NA
271	Pulse	55	10990000	34131	NA
272	Pulse	55	11000000	3617	NA
272	Pulse	55	11010000	13617	NA
272	Pulse	55	11020000	23617	NA
272	Pulse	55	11030000	33617	NA
273	Pulse	55	11040000	3020	NA
273	Pulse	55	11050000	13020	NA
273	Pulse	55	11060000	23020	NA
273	Pulse	55	11070000	33020	NA
274	Pulse	55	11080000	2424	NA
274	Pulse	55	11090000	12424	NA
274	Pulse	55	11100000	22424	NA
274	Pulse	55	11110000	32424	NA
275	Pulse	55	11120000	1827	NA
275	Pulse	55	11130000	11827	NA
275	Pulse	55	11140000	21827	NA
275	Pulse	55	11150000	31827	NA
276	Pulse	55	11160000	1230	NA
276	Pulse	55	11170000	11230	NA
276	Pulse	55	11180000	21230	NA
276	Pulse	55	11190000	31230	NA
277	Pulse	55	11200000	633	NA
277	Pulse	55	11210000	10633	NA
277	Pulse	55	11220000	20633	NA
277	Pulse	55	11230000	30633	NA
278	Pulse	55	11240000	37	NA
278	Pulse	55	11250000	10037	NA
278	Pulse	55	11260000	20037	NA
278	Pulse	55	11270000	30037	NA
278	Pulse	55	11280000	40037	NA
279	Pulse	55	11290000	9440	NA
279	Pulse	55	11300000	19440	NA
279	Pulse	55	11310000	29440	NA
279	Pulse	55	11320000	39440	NA
280	Pulse	55	11330000	8843	NA
280	Pulse	55	11340000	18843	NA
280	Pulse	55	11350000	28843	NA
280	Pulse	55	11360000	38843	NA
281	Pulse	55	11370000	8246	NA
281	Pulse	55	11380000	18246	NA
281	Pulse	55	11390000	28246	NA
281	Pulse	55	11400000	38246	NA
282	Pulse	55	11410000	7650	NA
282	Pulse	55	11420000	17650	NA
282	Pulse	55	11430000	27650	NA
282	Pulse	55	11440000	37650	NA
283	Pulse	55	11450000	6886	NA
283	Pulse	55	11460000	16886	NA
283	Pulse	55	11470000	26886	NA
283	Pulse	55	11480000	36886	NA
284	Pulse	55	11490000	6289	NA
284	Pulse	55	11500000	16289	NA
284	Pulse	55	11510000	26289	NA
284	Pulse	55	11520000	36289	NA
285	Pulse	55	11530000	5693	NA
285	Pulse	55	11540000	15693	NA
285	Pulse	55	11550000	25693	NA
285	Pulse	55	11560000	35693	NA
286	Pulse	55	11570000	5096	NA
286	Pulse	55	11580000	15096	NA
286	Pulse	55	11590000	25096	NA
286	Pulse	55	11600000	35096	NA
287	Pulse	55	11610000	4416	NA
287	Pulse	55	11620000	14416	NA
287	Pulse	55	11630000	24416	NA
287	Pulse	55	11640000	34416	NA
288	Pulse	55	11650000	3819	NA
288	Pulse	55	11660000	13819	NA
288	Pulse	55	11670000	23819	NA
288	Pulse	55	11680000	33819	NA
289	Pulse	55	11690000	3222	NA
289	Pulse	55	11700000	13222	NA
289	Pulse	55	11710000	23222	NA
289	Pulse	55	11720000	33222	NA
290	Pulse	55	11730000	2626	NA
290	Pulse	55	11740000	12626	NA
290	Pulse	55	11750000	22626	NA
290	Pulse	55	11760000	32626	NA
291	Pulse	55	11770000	1946	NA
291	Pulse	55	11780000	11946	NA
291	Pulse	55	11790000	21946	NA
291	Pulse	55	11800000	31946	NA
292	Pulse	55	11810000	1349	NA
292	Pulse	55	11820000	11349	NA
292	Pulse	55	11830000	21349	NA
292	Pulse	55	11840000	31349	NA
293	Pulse	55	11850000	752	NA
293	Pulse	55	11860000	10752	NA
293	Pulse	55	11870000	20752	NA
293	Pulse	55	11880000	30752	NA
294	Pulse	55	11890000	72	NA
294	Pulse	55	11900000	10072	NA
294	Pulse	55	11910000	20072	NA
294	Pulse	55	11920000	30072	NA
294	Pulse	55	11930000	40072	NA
295	Pulse	55	11940000	9475	NA
295	Pulse	55	11950000	19475	NA
295	Pulse	55	11960000	29475	NA
295	Pulse	55	11970000	39475	NA
296	Pulse	55	11980000	8878	NA
296	Pulse	55	11990000	18878	NA
296	Pulse	55	12000000	28878	NA
296	Pulse	55	12010000	38878	NA
297	Pulse	55	12020000	8282	NA
297	Pulse	55	12030000	18282	NA
297	Pulse	55	12040000	28282	NA
297	Pulse	55	12050000	38282	NA
298	Pulse	55	12060000	7602	NA
298	Pulse	55	12070000	17602	NA
298	Pulse	55	12080000	27602	NA
298	Pulse	55	12090000	37602	NA
299	Pulse	55	12100000	7005	NA
299	Pulse	55	12110000	17005	NA
299	Pulse	55	12120000	27005	NA
299	Pulse	55	12130000	37005	NA
300	Pulse	55	12140000	6408	NA
300	Pulse	55	12150000	16408	NA
300	Pulse	55	12160000	26408	NA
300	Pulse	55	12170000	36408	NA
301	Pulse	55	12180000	5728	NA
301	Pulse	55	12190000	15728	NA
301	Pulse	55	12200000	25728	NA
301	Pulse	55	12210000	35728	NA
302	Pulse	55	12220000	5131	NA
302	Pulse	55	12230000	15131	NA
302	Pulse	55	12240000	25131	NA
302	Pulse	55	12250000	35131	NA
303	Pulse	55	12260000	4534	NA
303	Pulse	55	12270000	14534	NA
303	Pulse	55	12280000	24534	NA
303	Pulse	55	12290000	34534	NA
304	Pulse	55	12300000	3938	NA
304	Pulse	55	12310000	13938	NA
304	Pulse	55	12320000	23938	NA
304	Pulse	55	12330000	33938	NA
305	Pulse	55	12340000	3341	NA
305	Pulse	55	12350000	13341	NA
305	Pulse	55	12360000	23341	NA
305	Pulse	55	12370000	33341	NA
306	Pulse	55	12380000	2744	NA
306	Pulse	55	12390000	12744	NA
306	Pulse	55	12400000	22744	NA
306	Pulse	55	12410000	32744	NA
307	Pulse	55	12420000	2148	NA
307	Pulse	55	12430000	12148	NA
307	Pulse	55	12440000	22148	NA
307	Pulse	55	12450000	32148	NA
308	Pulse	55	12460000	1467	NA
308	Pulse	55	12470000	11467	NA
308	Pulse	55	12480000	21467	NA
308	Pulse	55	12490000	31467	NA
309	Pulse	55	12500000	871	NA
309	Pulse	55	12510000	10871	NA
309	Pulse	55	12520000	20871	NA
309	Pulse	55	12530000	30871	NA
310	Pulse	55	12540000	191	NA
310	Pulse	55	12550000	10191	NA
310	Pulse	55	12560000	20191	NA
310	Pulse	55	12570000	30191	NA
310	Pulse	55	12580000	40191	NA
311	Pulse	55	12590000	9594	NA
311	Pulse	55	12600000	19594	NA
311	Pulse	55	12610000	29594	NA
311	Pulse	55	12620000	39594	NA
312	Pulse	55	12630000	8914	NA
312	Pulse	55	12640000	18914	NA
312	Pulse	55	12650000	28914	NA
312	Pulse	55	12660000	38914	NA
313	Pulse	55	12670000	8317	NA
313	Pulse	55	12680000	18317	NA
313	Pulse	55	12690000	28317	NA
313	Pulse	55	12700000	38317	NA
314	Pulse	55	12710000	7720	NA
314	Pulse	55	12720000	17720	NA
314	Pulse	55	12730000	27720	NA
314	Pulse	55	12740000	37720	NA
315	Pulse	55	12750000	7123	NA
315	Pulse	55	12760000	17123	NA
315	Pulse	55	12770000	27123	NA
315	Pulse	55	12780000	37123	NA
316	Pulse	55	12790000	6527	NA
316	Pulse	55	12800000	16527	NA
316	Pulse	55	12810000	26527	NA
316	Pulse	55	12820000	36527	NA
317	Pulse	55	12830000	5930	NA
317	Pulse	55	12840000	15930	NA
317	Pulse	55	12850000	25930	NA
317	Pulse	55	12860000	35930	NA
318	Pulse	55	12870000	5250	NA
318	Pulse	55	12880000	15250	NA
318	Pulse	55	12890000	25250	NA
318	Pulse	55	12900000	35250	NA
319	Pulse	55	12910000	4653	NA
319	Pulse	55	12920000	14653	NA
319	Pulse	55	12930000	24653	NA
319	Pulse	55	12940000	34653	NA
320	Pulse	55	12950000	4056	NA
320	Pulse	55	12960000	14056	NA
320	Pulse	55	12970000	24056	NA
320	Pulse	55	12980000	34056	NA
321	Pulse	55	12990000	3460	NA
321	Pulse	55	13000000	13460	NA
321	Pulse	55	13010000	23460	NA
321	Pulse	55	13020000	33460	NA
322	Pulse	55	13030000	2863	NA
322	Pulse	55	13040000	12863	NA
322	Pulse	55	13050000	22863	NA
322	Pulse	55	13060000	32863	NA
323	Pulse	55	13070000	2266	NA
323	Pulse	55	13080000	12266	NA
323	Pulse	55	13090000	22266	NA
323	Pulse	55	13100000	32266	NA
324	Pulse	55	13110000	1669	NA
324	Pulse	55	13120000	11669	NA
324	Pulse	55	13130000	21669	NA
324	Pulse	55	13140000	31669	NA
325	Pulse	55	13150000	1073	NA
325	Pulse	55	13160000	11073	NA
325	Pulse	55	13170000	21073	NA
325	Pulse	55	13180000	31073	NA
326	Pulse	55	13190000	476	NA
326	Pulse	55	13200000	10476	NA
326	Pulse	55	13210000	20476	NA
326	Pulse	55	13220000	30476	NA
326	Pulse	55	13230000	40476	NA
327	Pulse	55	13240000	9879	NA
327	Pulse	55	13250000	19879	NA
327	Pulse	55	13260000	29879	NA
327	Pulse	55	13270000	39879	NA
328	Pulse	55	13280000	9282	NA
328	Pulse	55	13290000	19282	NA
328	Pulse	55	13300000	29282	NA
328	Pulse	55	13310000	39282	NA
329	Pulse	55	13320000	8686	NA
329	Response	1	13320379	9065	1
329	Pulse	55	13330000	18686	NA
329	Pulse	55	13340000	28686	NA
329	Pulse	55	13350000	38686	NA
330	Pulse	55	13360000	8589	NA
330	Pulse	55	13370000	18589	NA
331	Pulse	55	13380000	8499	NA
331	Pulse	55	13390000	18499	NA
331	Pulse	55	13400000	28499	NA
331	Pulse	55	13410000	38499	NA
331	Pulse	55	13420000	48499	NA
331	Pulse	55	13430000	58499	NA
331	Pulse	55	13440000	68499	NA
331	Pulse	55	13450000	78499	NA
331	Pulse	55	13460000	88499	NA
331	Pulse	55	13470000	98499	NA
331	Pulse	55	13480000	108499	NA
331	Pulse	55	13490000	118499	NA
331	Pulse	55	13500000	128499	NA
331	Pulse	55	13510000	138499	NA
331	Pulse	55	13520000	148499	NA
331	Pulse	55	13530000	158499	NA
331	Pulse	55	13540000	168499	NA
331	Response	1	13548378	176877	1
331	Pulse	55	13550000	178499	NA
331	Pulse	55	13560000	188499	NA
332	Pulse	55	13570000	9937	NA
332	Pulse	55	13580000	19937	NA
332	Pulse	55	13590000	29937	NA
332	Pulse	55	13600000	39937	NA
332	Pulse	55	13610000	49937	NA
332	Pulse	55	13620000	59937	NA
332	Pulse	55	13630000	69937	NA
332	Pulse	55	13640000	79937	NA
332	Pulse	55	13650000	89937	NA
332	Pulse	55	13660000	99937	NA
332	Pulse	55	13670000	109937	NA
332	Pulse	55	13680000	119937	NA
332	Pulse	55	13690000	129937	NA
332	Pulse	55	13700000	139937	NA
332	Pulse	55	13710000	149937	NA
332	Pulse	55	13720000	159937	NA
332	Pulse	55	13730000	169937	NA
332	Pulse	55	13740000	179937	NA
332	Pulse	55	13750000	189937	NA
332	Pulse	55	13760000	199937	NA
332	Pulse	55	13770000	209937	NA
332	Pulse	55	13780000	219937	NA
332	Pulse	55	13790000	229937	NA
332	Pulse	55	13800000	239937	NA
332	Pulse	55	13810000	249937	NA
332	Pulse	55	13820000	259937	NA
332	Pulse	55	13830000	269937	NA
332	Pulse	55	13840000	279937	NA
332	Pulse	55	13850000	289937	NA
332	Pulse	55	13860000	299937	NA
332	Pulse	55	13870000	309937	NA
332	Pulse	55	13880000	319937	NA
332	Pulse	55	13890000	329937	NA
332	Pulse	55	13900000	339937	NA
332	Pulse	55	13910000	349937	NA
332	Pulse	55	13920000	359937	NA
332	Pulse	55	13930000	369937	NA
332	Pulse	55	13940000	379937	NA
332	Pulse	55	13950000	389937	NA
332	Pulse	55	13960000	399937	NA
332	Pulse	55	13970000	409937	NA
332	Pulse	55	13980000	419937	NA
332	Pulse	55	13990000	429937	NA
332	Pulse	55	14000000	439937	NA
332	Pulse	55	14010000	449937	NA
332	Pulse	55	14020000	459937	NA
332	Pulse	55	14030000	469937	NA
332	Pulse	55	14040000	479937	NA
332	Pulse	55	14050000	489937	NA
332	Pulse	55	14060000	499937	NA
332	Pulse	55	14070000	509937	NA
332	Pulse	55	14080000	519937	NA
332	Pulse	55	14090000	529937	NA
332	Pulse	55	14100000	539937	NA
332	Pulse	55	14110000	549937	NA
332	Pulse	55	14120000	559937	NA
332	Pulse	55	14130000	569937	NA
332	Pulse	55	14140000	579937	NA
332	Pulse	55	14150000	589937	NA
332	Pulse	55	14160000	599937	NA
332	Pulse	55	14170000	609937	NA
332	Pulse	55	14180000	619937	NA
332	Pulse	55	14190000	629937	NA
332	Pulse	55	14200000	639937	NA
332	Pulse	55	14210000	649937	NA
332	Pulse	55	14220000	659937	NA
332	Pulse	55	14230000	669937	NA
332	Pulse	55	14240000	679937	NA
332	Pulse	55	14250000	689937	NA
332	Pulse	55	14260000	699937	NA
332	Pulse	55	14270000	709937	NA
332	Pulse	55	14280000	719937	NA
332	Pulse	55	14290000	729937	NA
332	Pulse	55	14300000	739937	NA
332	Pulse	55	14310000	749937	NA
332	Pulse	55	14320000	759937	NA
332	Pulse	55	14330000	769937	NA
332	Pulse	55	14340000	779937	NA
332	Pulse	55	14350000	789937	NA
332	Pulse	55	14360000	799937	NA
332	Pulse	55	14370000	809937	NA
332	Pulse	55	14380000	819937	NA
332	Pulse	55	14390000	829937	NA
332	Pulse	55	14400000	839937	NA
332	Pulse	55	14410000	849937	NA
332	Pulse	55	14420000	859937	NA
332	Pulse	55	14430000	869937	NA
332	Pulse	55	14440000	879937	NA
332	Pulse	55	14450000	889937	NA
332	Pulse	55	14460000	899937	NA
332	Pulse	55	14470000	909937	NA
332	Pulse	55	14480000	919937	NA
332	Pulse	55	14490000	929937	NA
332	Pulse	55	14500000	939937	NA
332	Pulse	55	14510000	949937	NA
332	Pulse	55	14520000	959937	NA
332	Pulse	55	14530000	969937	NA
332	Pulse	55	14540000	979937	NA
332	Pulse	55	14550000	989937	NA
332	Pulse	55	14560000	999937	NA
332	Pulse	55	14570000	1009937	NA
332	Pulse	55	14580000	1019937	NA
332	Pulse	55	14590000	1029937	NA
332	Pulse	55	14600000	1039937	NA
332	Pulse	55	14610000	1049937	NA
332	Pulse	55	14620000	1059937	NA
332	Pulse	55	14630000	1069937	NA
332	Pulse	55	14640000	1079937	NA
332	Pulse	55	14650000	1089937	NA
332	Pulse	55	14660000	1099937	NA
332	Pulse	55	14670000	1109937	NA
332	Pulse	55	14680000	1119937	NA
332	Pulse	55	14690000	1129937	NA
332	Pulse	55	14700000	1139937	NA
332	Pulse	55	14710000	1149937	NA
332	Pulse	55	14720000	1159937	NA
332	Pulse	55	14730000	1169937	NA
332	Pulse	55	14740000	1179937	NA
332	Pulse	55	14750000	1189937	NA
332	Pulse	55	14760000	1199937	NA
332	Pulse	55	14770000	1209937	NA
332	Pulse	55	14780000	1219937	NA
332	Pulse	55	14790000	1229937	NA
332	Pulse	55	14800000	1239937	NA
332	Pulse	55	14810000	1249937	NA
332	Pulse	55	14820000	1259937	NA
332	Pulse	55	14830000	1269937	NA
332	Pulse	55	14840000	1279937	NA
332	Pulse	55	14850000	1289937	NA
332	Pulse	55	14860000	1299937	NA
332	Pulse	55	14870000	1309937	NA
332	Pulse	55	14880000	1319937	NA
332	Pulse	55	14890000	1329937	NA
332	Pulse	55	14900000	1339937	NA
332	Pulse	55	14910000	1349937	NA
332	Pulse	55	14920000	1359937	NA
332	Pulse	55	14930000	1369937	NA
332	Pulse	55	14940000	1379937	NA
332	Pulse	55	14950000	1389937	NA
332	Pulse	55	14960000	1399937	NA
332	Pulse	55	14970000	1409937	NA
332	Pulse	55	14980000	1419937	NA
332	Pulse	55	14990000	1429937	NA
332	Pulse	55	15000000	1439937	NA
332	Pulse	55	15010000	1449937	NA
332	Pulse	55	15020000	1459937	NA
332	Pulse	55	15030000	1469937	NA
332	Pulse	55	15040000	1479937	NA
332	Pulse	55	15050000	1489937	NA
332	Pulse	55	15060000	1499937	NA
332	Pulse	55	15070000	1509937	NA
332	Pulse	55	15080000	1519937	NA
332	Pulse	55	15090000	1529937	NA
332	Pulse	55	15100000	1539937	NA
332	Pulse	55	15110000	1549937	NA
332	Pulse	55	15120000	1559937	NA
332	Pulse	55	15130000	1569937	NA
332	Pulse	55	15140000	1579937	NA
332	Pulse	55	15150000	1589937	NA
332	Pulse	55	15160000	1599937	NA
332	Pulse	55	15170000	1609937	NA
332	Pulse	55	15180000	1619937	NA
332	Pulse	55	15190000	1629937	NA
332	Pulse	55	15200000	1639937	NA
332	Pulse	55	15210000	1649937	NA
332	Pulse	55	15220000	1659937	NA
332	Pulse	55	15230000	1669937	NA
332	Pulse	55	15240000	1679937	NA
332	Pulse	55	15250000	1689937	NA
332	Pulse	55	15260000	1699937	NA
332	Pulse	55	15270000	1709937	NA
332	Pulse	55	15280000	1719937	NA
332	Pulse	55	15290000	1729937	NA
332	Pulse	55	15300000	1739937	NA
332	Pulse	55	15310000	1749937	NA
332	Pulse	55	15320000	1759937	NA
332	Pulse	55	15330000	1769937	NA
332	Pulse	55	15340000	1779937	NA
332	Pulse	55	15350000	1789937	NA
332	Pulse	55	15360000	1799937	NA
332	Pulse	55	15370000	1809937	NA
332	Pulse	55	15380000	1819937	NA
332	Pulse	55	15390000	1829937	NA
332	Pulse	55	15400000	1839937	NA
332	Pulse	55	15410000	1849937	NA
332	Pulse	55	15420000	1859937	NA
332	Pulse	55	15430000	1869937	NA
332	Pulse	55	15440000	1879937	NA
332	Pulse	55	15450000	1889937	NA
332	Pulse	55	15460000	1899937	NA
332	Pulse	55	15470000	1909937	NA
332	Pulse	55	15480000	1919937	NA
332	Pulse	55	15490000	1929937	NA
332	Pulse	55	15500000	1939937	NA
332	Pulse	55	15510000	1949937	NA
332	Pulse	55	15520000	1959937	NA
332	Pulse	55	15530000	1969937	NA
332	Pulse	55	15540000	1979937	NA
332	Pulse	55	15550000	1989937	NA
332	Pulse	55	15560000	1999937	NA
332	Pulse	55	15570000	2009937	NA
332	Pulse	55	15580000	2019937	NA
332	Pulse	55	15590000	2029937	NA
332	Pulse	55	15600000	2039937	NA
332	Pulse	55	15610000	2049937	NA
332	Pulse	55	15620000	2059937	NA
332	Pulse	55	15630000	2069937	NA
332	Pulse	55	15640000	2079937	NA
332	Pulse	55	15650000	2089937	NA
332	Pulse	55	15660000	2099937	NA
332	Pulse	55	15670000	2109937	NA
332	Pulse	55	15680000	2119937	NA
332	Pulse	55	15690000	2129937	NA
332	Pulse	55	15700000	2139937	NA
332	Pulse	55	15710000	2149937	NA
332	Pulse	55	15720000	2159937	NA
332	Pulse	55	15730000	2169937	NA
332	Pulse	55	15740000	2179937	NA
332	Pulse	55	15750000	2189937	NA
332	Pulse	55	15760000	2199937	NA
332	Pulse	55	15770000	2209937	NA
332	Pulse	55	15780000	2219937	NA
332	Pulse	55	15790000	2229937	NA
332	Pulse	55	15800000	2239937	NA
332	Pulse	55	15810000	2249937	NA
332	Pulse	55	15820000	2259937	NA
332	Pulse	55	15830000	2269937	NA
332	Pulse	55	15840000	2279937	NA
332	Pulse	55	15850000	2289937	NA
332	Pulse	55	15860000	2299937	NA
332	Pulse	55	15870000	2309937	NA
332	Pulse	55	15880000	2319937	NA
332	Pulse	55	15890000	2329937	NA
332	Pulse	55	15900000	2339937	NA
332	Pulse	55	15910000	2349937	NA
332	Pulse	55	15920000	2359937	NA
332	Pulse	55	15930000	2369937	NA
332	Pulse	55	15940000	2379937	NA
332	Pulse	55	15950000	2389937	NA
332	Pulse	55	15960000	2399937	NA
332	Pulse	55	15970000	2409937	NA
332	Pulse	55	15980000	2419937	NA
332	Pulse	55	15990000	2429937	NA
332	Pulse	55	16000000	2439937	NA
332	Pulse	55	16010000	2449937	NA
332	Pulse	55	16020000	2459937	NA
332	Pulse	55	16030000	2469937	NA
332	Pulse	55	16040000	2479937	NA
332	Pulse	55	16050000	2489937	NA
332	Pulse	55	16060000	2499937	NA
332	Pulse	55	16070000	2509937	NA
332	Pulse	55	16080000	2519937	NA
332	Pulse	55	16090000	2529937	NA
332	Pulse	55	16100000	2539937	NA
332	Pulse	55	16110000	2549937	NA
332	Pulse	55	16120000	2559937	NA
332	Pulse	55	16130000	2569937	NA
332	Pulse	55	16140000	2579937	NA
332	Pulse	55	16150000	2589937	NA
332	Pulse	55	16160000	2599937	NA
332	Pulse	55	16170000	2609937	NA
332	Pulse	55	16180000	2619937	NA
332	Pulse	55	16190000	2629937	NA
332	Pulse	55	16200000	2639937	NA
332	Pulse	55	16210000	2649937	NA
332	Pulse	55	16220000	2659937	NA
332	Pulse	55	16230000	2669937	NA
332	Pulse	55	16240000	2679937	NA
332	Pulse	55	16250000	2689937	NA
332	Pulse	55	16260000	2699937	NA
332	Pulse	55	16270000	2709937	NA
332	Pulse	55	16280000	2719937	NA
332	Pulse	55	16290000	2729937	NA
332	Pulse	55	16300000	2739937	NA
332	Pulse	55	16310000	2749937	NA
332	Pulse	55	16320000	2759937	NA
332	Pulse	55	16330000	2769937	NA
332	Pulse	55	16340000	2779937	NA
332	Pulse	55	16350000	2789937	NA
332	Pulse	55	16360000	2799937	NA
332	Pulse	55	16370000	2809937	NA
332	Pulse	55	16380000	2819937	NA
332	Pulse	55	16390000	2829937	NA
332	Pulse	55	16400000	2839937	NA
332	Pulse	55	16410000	2849937	NA
332	Pulse	55	16420000	2859937	NA
332	Pulse	55	16430000	2869937	NA
332	Pulse	55	16440000	2879937	NA
332	Pulse	55	16450000	2889937	NA
332	Pulse	55	16460000	2899937	NA
332	Pulse	55	16470000	2909937	NA
332	Pulse	55	16480000	2919937	NA
332	Pulse	55	16490000	2929937	NA
332	Pulse	55	16500000	2939937	NA
332	Pulse	55	16510000	2949937	NA
332	Pulse	55	16520000	2959937	NA
332	Pulse	55	16530000	2969937	NA
332	Pulse	55	16540000	2979937	NA
332	Pulse	55	16550000	2989937	NA
332	Pulse	55	16560000	2999937	NA
332	Pulse	55	16570000	3009937	NA
332	Pulse	55	16580000	3019937	NA
332	Pulse	55	16590000	3029937	NA
332	Pulse	55	16600000	3039937	NA
332	Pulse	55	16610000	3049937	NA
332	Pulse	55	16620000	3059937	NA
332	Pulse	55	16630000	3069937	NA
332	Pulse	55	16640000	3079937	NA
332	Pulse	55	16650000	3089937	NA
332	Pulse	55	16660000	3099937	NA
332	Pulse	55	16670000	3109937	NA
332	Pulse	55	16680000	3119937	NA
332	Pulse	55	16690000	3129937	NA
332	Pulse	55	16700000	3139937	NA
332	Pulse	55	16710000	3149937	NA
332	Pulse	55	16720000	3159937	NA
332	Pulse	55	16730000	3169937	NA
332	Pulse	55	16740000	3179937	NA
332	Pulse	55	16750000	3189937	NA
332	Pulse	55	16760000	3199937	NA
332	Pulse	55	16770000	3209937	NA
332	Pulse	55	16780000	3219937	NA
332	Pulse	55	16790000	3229937	NA
332	Pulse	55	16800000	3239937	NA
332	Pulse	55	16810000	3249937	NA
332	Pulse	55	16820000	3259937	NA
332	Pulse	55	16830000	3269937	NA
332	Pulse	55	16840000	3279937	NA
332	Pulse	55	16850000	3289937	NA
332	Pulse	55	16860000	3299937	NA
332	Pulse	55	16870000	3309937	NA
332	Pulse	55	16880000	3319937	NA
332	Pulse	55	16890000	3329937	NA
332	Pulse	55	16900000	3339937	NA
332	Pulse	55	16910000	3349937	NA
332	Pulse	55	16920000	3359937	NA
332	Pulse	55	16930000	3369937	NA
332	Pulse	55	16940000	3379937	NA
332	Pulse	55	16950000	3389937	NA
332	Pulse	55	16960000	3399937	NA
332	Pulse	55	16970000	3409937	NA
332	Pulse	55	16980000	3419937	NA
332	Pulse	55	16990000	3429937	NA
332	Pulse	55	17000000	3439937	NA
332	Pulse	55	17010000	3449937	NA
332	Pulse	55	17020000	3459937	NA
332	Pulse	55	17030000	3469937	NA
332	Pulse	55	17040000	3479937	NA
332	Pulse	55	17050000	3489937	NA
332	Pulse	55	17060000	3499937	NA
332	Pulse	55	17070000	3509937	NA
332	Pulse	55	17080000	3519937	NA
332	Pulse	55	17090000	3529937	NA
332	Pulse	55	17100000	3539937	NA
332	Pulse	55	17110000	3549937	NA
332	Pulse	55	17120000	3559937	NA
332	Pulse	55	17130000	3569937	NA
332	Pulse	55	17140000	3579937	NA
332	Pulse	55	17150000	3589937	NA
332	Pulse	55	17160000	3599937	NA
332	Pulse	55	17170000	3609937	NA
332	Pulse	55	17180000	3619937	NA
332	Pulse	55	17190000	3629937	NA
332	Pulse	55	17200000	3639937	NA
332	Pulse	55	17210000	3649937	NA
332	Pulse	55	17220000	3659937	NA
332	Pulse	55	17230000	3669937	NA
332	Pulse	55	17240000	3679937	NA
332	Pulse	55	17250000	3689937	NA
332	Pulse	55	17260000	3699937	NA
332	Pulse	55	17270000	3709937	NA
332	Pulse	55	17280000	3719937	NA
332	Pulse	55	17290000	3729937	NA
332	Pulse	55	17300000	3739937	NA
332	Pulse	55	17310000	3749937	NA
332	Pulse	55	17320000	3759937	NA
332	Pulse	55	17330000	3769937	NA
332	Pulse	55	17340000	3779937	NA
332	Pulse	55	17350000	3789937	NA
332	Pulse	55	17360000	3799937	NA
332	Pulse	55	17370000	3809937	NA
332	Pulse	55	17380000	3819937	NA
332	Pulse	55	17390000	3829937	NA
332	Pulse	55	17400000	3839937	NA
332	Pulse	55	17410000	3849937	NA
332	Pulse	55	17420000	3859937	NA
332	Pulse	55	17430000	3869937	NA
332	Pulse	55	17440000	3879937	NA
332	Pulse	55	17450000	3889937	NA
332	Pulse	55	17460000	3899937	NA
332	Pulse	55	17470000	3909937	NA
332	Pulse	55	17480000	3919937	NA
332	Pulse	55	17490000	3929937	NA
332	Pulse	55	17500000	3939937	NA
332	Pulse	55	17510000	3949937	NA
332	Pulse	55	17520000	3959937	NA
332	Pulse	55	17530000	3969937	NA
332	Pulse	55	17540000	3979937	NA
332	Pulse	55	17550000	3989937	NA
332	Pulse	55	17560000	3999937	NA
332	Pulse	55	17570000	4009937	NA
332	Pulse	55	17580000	4019937	NA
332	Pulse	55	17590000	4029937	NA
332	Pulse	55	17600000	4039937	NA
332	Pulse	55	17610000	4049937	NA
332	Pulse	55	17620000	4059937	NA
332	Pulse	55	17630000	4069937	NA
332	Pulse	55	17640000	4079937	NA
332	Pulse	55	17650000	4089937	NA
332	Pulse	55	17660000	4099937	NA
332	Pulse	55	17670000	4109937	NA
332	Pulse	55	17680000	4119937	NA
332	Pulse	55	17690000	4129937	NA
332	Pulse	55	17700000	4139937	NA
332	Pulse	55	17710000	4149937	NA
332	Pulse	55	17720000	4159937	NA
332	Pulse	55	17730000	4169937	NA
332	Pulse	55	17740000	4179937	NA
332	Pulse	55	17750000	4189937	NA
332	Pulse	55	17760000	4199937	NA
332	Pulse	55	17770000	4209937	NA
332	Pulse	55	17780000	4219937	NA
332	Pulse	55	17790000	4229937	NA
332	Pulse	55	17800000	4239937	NA
332	Pulse	55	17810000	4249937	NA
332	Pulse	55	17820000	4259937	NA
332	Pulse	55	17830000	4269937	NA
332	Pulse	55	17840000	4279937	NA
332	Pulse	55	17850000	4289937	NA
332	Pulse	55	17860000	4299937	NA
332	Pulse	55	17870000	4309937	NA
332	Pulse	55	17880000	4319937	NA
332	Pulse	55	17890000	4329937	NA
332	Pulse	55	17900000	4339937	NA
332	Pulse	55	17910000	4349937	NA
332	Pulse	55	17920000	4359937	NA
332	Pulse	55	17930000	4369937	NA
332	Pulse	55	17940000	4379937	NA
332	Pulse	55	17950000	4389937	NA
332	Pulse	55	17960000	4399937	NA
332	Pulse	55	17970000	4409937	NA
332	Pulse	55	17980000	4419937	NA
332	Pulse	55	17990000	4429937	NA
332	Pulse	55	18000000	4439937	NA
332	Pulse	55	18010000	4449937	NA
332	Pulse	55	18020000	4459937	NA
332	Pulse	55	18030000	4469937	NA
332	Pulse	55	18040000	4479937	NA
332	Pulse	55	18050000	4489937	NA
332	Pulse	55	18060000	4499937	NA
332	Pulse	55	18070000	4509937	NA
332	Pulse	55	18080000	4519937	NA
332	Pulse	55	18090000	4529937	NA
332	Pulse	55	18100000	4539937	NA
332	Pulse	55	18110000	4549937	NA
332	Pulse	55	18120000	4559937	NA
332	Pulse	55	18130000	4569937	NA
332	Pulse	55	18140000	4579937	NA
332	Pulse	55	18150000	4589937	NA
332	Pulse	55	18160000	4599937	NA
332	Pulse	55	18170000	4609937	NA
332	Pulse	55	18180000	4619937	NA
332	Pulse	55	18190000	4629937	NA
332	Pulse	55	18200000	4639937	NA
332	Pulse	55	18210000	4649937	NA
332	Pulse	55	18220000	4659937	NA
332	Pulse	55	18230000	4669937	NA
332	Pulse	55	18240000	4679937	NA
332	Pulse	55	18250000	4689937	NA
332	Pulse	55	18260000	4699937	NA
332	Pulse	55	18270000	4709937	NA
332	Pulse	55	18280000	4719937	NA
332	Pulse	55	18290000	4729937	NA
332	Pulse	55	18300000	4739937	NA
332	Pulse	55	18310000	4749937	NA
332	Pulse	55	18320000	4759937	NA
332	Pulse	55	18330000	4769937	NA
332	Pulse	55	18340000	4779937	NA
332	Pulse	55	18350000	4789937	NA
332	Pulse	55	18360000	4799937	NA
332	Pulse	55	18370000	4809937	NA
332	Pulse	55	18380000	4819937	NA
332	Pulse	55	18390000	4829937	NA
332	Pulse	55	18400000	4839937	NA
332	Pulse	55	18410000	4849937	NA
332	Pulse	55	18420000	4859937	NA
332	Pulse	55	18430000	4869937	NA
332	Pulse	55	18440000	4879937	NA
332	Pulse	55	18450000	4889937	NA
332	Pulse	55	18460000	4899937	NA
332	Pulse	55	18470000	4909937	NA
332	Pulse	55	18480000	4919937	NA
332	Response	1	18487662	4927599	1
333	Pulse	55	18490000	2225	NA
333	Pulse	55	18500000	12225	NA
333	Pulse	55	18510000	22225	NA
333	Pulse	55	18520000	32225	NA
333	Pulse	55	18530000	42225	NA
333	Pulse	55	18540000	52225	NA
333	Pulse	55	18550000	62225	NA
333	Pulse	55	18560000	72225	NA
333	Pulse	55	18570000	82225	NA
333	Pulse	55	18580000	92225	NA
333	Pulse	55	18590000	102225	NA
333	Pulse	55	18600000	112225	NA
333	Pulse	55	18610000	122225	NA
333	Pulse	55	18620000	132225	NA
333	Pulse	55	18630000	142225	NA
333	Pulse	55	18640000	152225	NA
333	Pulse	55	18650000	162225	NA
333	Pulse	55	18660000	172225	NA
333	Pulse	55	18670000	182225	NA
333	Pulse	55	18680000	192225	NA
333	Pulse	55	18690000	202225	NA
333	Pulse	55	18700000	212225	NA
333	Pulse	55	18710000	222225	NA
333	Pulse	55	18720000	232225	NA
333	Pulse	55	18730000	242225	NA
333	Pulse	55	18740000	252225	NA
333	Pulse	55	18750000	262225	NA
333	Pulse	55	18760000	272225	NA
333	Pulse	55	18770000	282225	NA
333	Pulse	55	18780000	292225	NA
333	Pulse	55	18790000	302225	NA
333	Pulse	55	18800000	312225	NA
333	Pulse	55	18810000	322225	NA
333	Pulse	55	18820000	332225	NA
333	Pulse	55	18830000	342225	NA
333	Pulse	55	18840000	352225	NA
333	Pulse	55	18850000	362225	NA
333	Pulse	55	18860000	372225	NA
333	Pulse	55	18870000	382225	NA
333	Pulse	55	18880000	392225	NA
333	Pulse	55	18890000	402225	NA
333	Pulse	55	18900000	412225	NA
333	Pulse	55	18910000	422225	NA
333	Pulse	55	18920000	432225	NA
333	Pulse	55	18930000	442225	NA
333	Pulse	55	18940000	452225	NA
333	Pulse	55	18950000	462225	NA
333	Pulse	55	18960000	472225	NA
333	Pulse	55	18970000	482225	NA
333	Pulse	55	18980000	492225	NA
333	Pulse	55	18990000	502225	NA
333	Pulse	55	19000000	512225	NA
333	Pulse	55	19010000	522225	NA
333	Pulse	55	19020000	532225	NA
333	Pulse	55	19030000	542225	NA
333	Pulse	55	19040000	552225	NA
333	Pulse	55	19050000	562225	NA
333	Pulse	55	19060000	572225	NA
333	Pulse	55	19070000	582225	NA
333	Pulse	55	19080000	592225	NA
333	Pulse	55	19090000	602225	NA
333	Pulse	55	19100000	612225	NA
333	Pulse	55	19110000	622225	NA
333	Pulse	55	19120000	632225	NA
333	Pulse	55	19130000	642225	NA
333	Pulse	55	19140000	652225	NA
333	Pulse	55	19150000	662225	NA
333	Pulse	55	19160000	672225	NA
333	Pulse	55	19170000	682225	NA
333	Pulse	55	19180000	692225	NA
333	Pulse	55	19190000	702225	NA
333	Pulse	55	19200000	712225	NA
333	Pulse	55	19210000	722225	NA
333	Pulse	55	19220000	732225	NA
333	Pulse	55	19230000	742225	NA
333	Pulse	55	19240000	752225	NA
333	Pulse	55	19250000	762225	NA
333	Pulse	55	19260000	772225	NA
333	Pulse	55	19270000	782225	NA
333	Pulse	55	19280000	792225	NA
333	Pulse	55	19290000	802225	NA
333	Pulse	55	19300000	812225	NA
333	Pulse	55	19310000	822225	NA
333	Pulse	55	19320000	832225	NA
333	Pulse	55	19330000	842225	NA
333	Pulse	55	19340000	852225	NA
333	Pulse	55	19350000	862225	NA
333	Pulse	55	19360000	872225	NA
333	Pulse	55	19370000	882225	NA
333	Pulse	55	19380000	892225	NA
333	Pulse	55	19390000	902225	NA
333	Pulse	55	19400000	912225	NA
333	Pulse	55	19410000	922225	NA
333	Pulse	55	19420000	932225	NA
333	Pulse	55	19430000	942225	NA
333	Pulse	55	19440000	952225	NA
333	Pulse	55	19450000	962225	NA
333	Pulse	55	19460000	972225	NA
333	Pulse	55	19470000	982225	NA
333	Pulse	55	19480000	992225	NA
333	Pulse	55	19490000	1002225	NA
333	Response	1	19498860	1011085	1
