Scenario - Slideshow_D2.sce
Logfile written - 11/17/2021 18:07:31

Trial	Event Type	Code	Time	TTime	Uncertainty	Duration	Uncertainty	ReqTime	ReqDur	Stim Type	Pair Index

0	Pulse	55	0	0	NA
1	Pulse	55	10000	9334	NA
1	Pulse	55	20000	19334	NA
1	Pulse	55	30000	29334	NA
1	Pulse	55	40000	39334	NA
2	Pulse	55	50000	8668	NA
2	Pulse	55	60000	18668	NA
2	Pulse	55	70000	28668	NA
2	Pulse	55	80000	38668	NA
3	Pulse	55	90000	8001	NA
3	Pulse	55	100000	18001	NA
3	Pulse	55	110000	28001	NA
3	Pulse	55	120000	38001	NA
4	Pulse	55	130000	7335	NA
4	Pulse	55	140000	17335	NA
4	Pulse	55	150000	27335	NA
4	Pulse	55	160000	37335	NA
5	Pulse	55	170000	6669	NA
5	Pulse	55	180000	16669	NA
5	Pulse	55	190000	26669	NA
5	Pulse	55	200000	36669	NA
6	Pulse	55	210000	6003	NA
6	Pulse	55	220000	16003	NA
6	Pulse	55	230000	26003	NA
6	Pulse	55	240000	36003	NA
7	Pulse	55	250000	5337	NA
7	Pulse	55	260000	15337	NA
7	Pulse	55	270000	25337	NA
7	Pulse	55	280000	35337	NA
8	Pulse	55	290000	4671	NA
8	Pulse	55	300000	14671	NA
8	Pulse	55	310000	24671	NA
8	Pulse	55	320000	34671	NA
9	Pulse	55	330000	4005	NA
9	Pulse	55	340000	14005	NA
9	Pulse	55	350000	24005	NA
9	Pulse	55	360000	34005	NA
10	Pulse	55	370000	3506	NA
10	Pulse	55	380000	13506	NA
10	Pulse	55	390000	23506	NA
10	Pulse	55	400000	33506	NA
11	Pulse	55	410000	3006	NA
11	Pulse	55	420000	13006	NA
11	Pulse	55	430000	23006	NA
11	Pulse	55	440000	33006	NA
12	Pulse	55	450000	2340	NA
12	Pulse	55	460000	12340	NA
12	Pulse	55	470000	22340	NA
12	Pulse	55	480000	32340	NA
13	Pulse	55	490000	1674	NA
13	Pulse	55	500000	11674	NA
13	Pulse	55	510000	21674	NA
13	Pulse	55	520000	31674	NA
14	Pulse	55	530000	1008	NA
14	Pulse	55	540000	11008	NA
14	Pulse	55	550000	21008	NA
14	Pulse	55	560000	31008	NA
15	Pulse	55	570000	342	NA
15	Pulse	55	580000	10342	NA
15	Pulse	55	590000	20342	NA
15	Pulse	55	600000	30342	NA
15	Pulse	55	610000	40342	NA
16	Pulse	55	620000	9676	NA
16	Pulse	55	630000	19676	NA
16	Pulse	55	640000	29676	NA
16	Pulse	55	650000	39676	NA
17	Pulse	55	660000	9010	NA
17	Pulse	55	670000	19010	NA
17	Pulse	55	680000	29010	NA
17	Pulse	55	690000	39010	NA
18	Pulse	55	700000	8344	NA
18	Pulse	55	710000	18344	NA
18	Pulse	55	720000	28344	NA
18	Pulse	55	730000	38344	NA
19	Pulse	55	740000	7678	NA
19	Pulse	55	750000	17678	NA
19	Pulse	55	760000	27678	NA
19	Pulse	55	770000	37678	NA
20	Pulse	55	780000	7012	NA
20	Pulse	55	790000	17012	NA
20	Pulse	55	800000	27012	NA
20	Pulse	55	810000	37012	NA
21	Pulse	55	820000	6346	NA
21	Pulse	55	830000	16346	NA
21	Pulse	55	840000	26346	NA
21	Pulse	55	850000	36346	NA
22	Pulse	55	860000	5680	NA
22	Pulse	55	870000	15680	NA
22	Pulse	55	880000	25680	NA
22	Pulse	55	890000	35680	NA
23	Pulse	55	900000	5013	NA
23	Pulse	55	910000	15013	NA
23	Pulse	55	920000	25013	NA
23	Pulse	55	930000	35013	NA
24	Pulse	55	940000	4347	NA
24	Pulse	55	950000	14347	NA
24	Pulse	55	960000	24347	NA
24	Pulse	55	970000	34347	NA
25	Pulse	55	980000	3681	NA
25	Pulse	55	990000	13681	NA
25	Pulse	55	1000000	23681	NA
25	Pulse	55	1010000	33681	NA
26	Pulse	55	1020000	3015	NA
26	Pulse	55	1030000	13015	NA
26	Pulse	55	1040000	23015	NA
26	Pulse	55	1050000	33015	NA
27	Pulse	55	1060000	2349	NA
27	Pulse	55	1070000	12349	NA
27	Pulse	55	1080000	22349	NA
27	Pulse	55	1090000	32349	NA
28	Pulse	55	1100000	1683	NA
28	Pulse	55	1110000	11683	NA
28	Pulse	55	1120000	21683	NA
28	Pulse	55	1130000	31683	NA
29	Pulse	55	1140000	1017	NA
29	Pulse	55	1150000	11017	NA
29	Pulse	55	1160000	21017	NA
29	Pulse	55	1170000	31017	NA
30	Pulse	55	1180000	351	NA
30	Pulse	55	1190000	10351	NA
30	Pulse	55	1200000	20351	NA
30	Pulse	55	1210000	30351	NA
30	Pulse	55	1220000	40351	NA
31	Pulse	55	1230000	9685	NA
31	Pulse	55	1240000	19685	NA
31	Pulse	55	1250000	29685	NA
31	Pulse	55	1260000	39685	NA
32	Pulse	55	1270000	9019	NA
32	Pulse	55	1280000	19019	NA
32	Pulse	55	1290000	29019	NA
32	Pulse	55	1300000	39019	NA
33	Pulse	55	1310000	8353	NA
33	Pulse	55	1320000	18353	NA
33	Pulse	55	1330000	28353	NA
33	Pulse	55	1340000	38353	NA
34	Pulse	55	1350000	7687	NA
34	Pulse	55	1360000	17687	NA
34	Pulse	55	1370000	27687	NA
34	Pulse	55	1380000	37687	NA
35	Pulse	55	1390000	7021	NA
35	Pulse	55	1400000	17021	NA
35	Pulse	55	1410000	27021	NA
35	Pulse	55	1420000	37021	NA
36	Pulse	55	1430000	6355	NA
36	Pulse	55	1440000	16355	NA
36	Pulse	55	1450000	26355	NA
36	Pulse	55	1460000	36355	NA
37	Pulse	55	1470000	5688	NA
37	Pulse	55	1480000	15688	NA
37	Pulse	55	1490000	25688	NA
37	Pulse	55	1500000	35688	NA
38	Pulse	55	1510000	4856	NA
38	Pulse	55	1520000	14856	NA
38	Pulse	55	1530000	24856	NA
38	Pulse	55	1540000	34856	NA
39	Pulse	55	1550000	4190	NA
39	Pulse	55	1560000	14190	NA
39	Pulse	55	1570000	24190	NA
39	Pulse	55	1580000	34190	NA
40	Pulse	55	1590000	3524	NA
40	Pulse	55	1600000	13524	NA
40	Pulse	55	1610000	23524	NA
40	Pulse	55	1620000	33524	NA
41	Pulse	55	1630000	2858	NA
41	Pulse	55	1640000	12858	NA
41	Pulse	55	1650000	22858	NA
41	Pulse	55	1660000	32858	NA
42	Pulse	55	1670000	2192	NA
42	Pulse	55	1680000	12192	NA
42	Pulse	55	1690000	22192	NA
42	Pulse	55	1700000	32192	NA
43	Pulse	55	1710000	1526	NA
43	Pulse	55	1720000	11526	NA
43	Pulse	55	1730000	21526	NA
43	Pulse	55	1740000	31526	NA
44	Pulse	55	1750000	859	NA
44	Pulse	55	1760000	10859	NA
44	Pulse	55	1770000	20859	NA
44	Pulse	55	1780000	30859	NA
45	Pulse	55	1790000	193	NA
45	Pulse	55	1800000	10193	NA
45	Pulse	55	1810000	20193	NA
45	Pulse	55	1820000	30193	NA
45	Pulse	55	1830000	40193	NA
46	Pulse	55	1840000	9527	NA
46	Pulse	55	1850000	19527	NA
46	Pulse	55	1860000	29527	NA
46	Pulse	55	1870000	39527	NA
47	Pulse	55	1880000	8861	NA
47	Pulse	55	1890000	18861	NA
47	Pulse	55	1900000	28861	NA
47	Pulse	55	1910000	38861	NA
48	Pulse	55	1920000	8195	NA
48	Pulse	55	1930000	18195	NA
48	Pulse	55	1940000	28195	NA
48	Pulse	55	1950000	38195	NA
49	Pulse	55	1960000	7529	NA
49	Pulse	55	1970000	17529	NA
49	Pulse	55	1980000	27529	NA
49	Pulse	55	1990000	37529	NA
50	Pulse	55	2000000	6863	NA
50	Pulse	55	2010000	16863	NA
50	Pulse	55	2020000	26863	NA
50	Pulse	55	2030000	36863	NA
51	Pulse	55	2040000	6197	NA
51	Pulse	55	2050000	16197	NA
51	Pulse	55	2060000	26197	NA
51	Pulse	55	2070000	36197	NA
52	Pulse	55	2080000	5531	NA
52	Pulse	55	2090000	15531	NA
52	Pulse	55	2100000	25531	NA
52	Pulse	55	2110000	35531	NA
53	Pulse	55	2120000	4865	NA
53	Pulse	55	2130000	14865	NA
53	Pulse	55	2140000	24865	NA
53	Pulse	55	2150000	34865	NA
54	Pulse	55	2160000	4199	NA
54	Pulse	55	2170000	14199	NA
54	Pulse	55	2180000	24199	NA
54	Pulse	55	2190000	34199	NA
55	Pulse	55	2200000	3533	NA
55	Pulse	55	2210000	13533	NA
55	Pulse	55	2220000	23533	NA
55	Pulse	55	2230000	33533	NA
56	Pulse	55	2240000	2700	NA
56	Pulse	55	2250000	12700	NA
56	Pulse	55	2260000	22700	NA
56	Pulse	55	2270000	32700	NA
57	Pulse	55	2280000	2034	NA
57	Pulse	55	2290000	12034	NA
57	Pulse	55	2300000	22034	NA
57	Pulse	55	2310000	32034	NA
58	Pulse	55	2320000	1368	NA
58	Pulse	55	2330000	11368	NA
58	Pulse	55	2340000	21368	NA
58	Pulse	55	2350000	31368	NA
59	Pulse	55	2360000	702	NA
59	Pulse	55	2370000	10702	NA
59	Pulse	55	2380000	20702	NA
59	Pulse	55	2390000	30702	NA
60	Pulse	55	2400000	36	NA
60	Pulse	55	2410000	10036	NA
60	Pulse	55	2420000	20036	NA
60	Pulse	55	2430000	30036	NA
60	Pulse	55	2440000	40036	NA
61	Pulse	55	2450000	9370	NA
61	Pulse	55	2460000	19370	NA
61	Pulse	55	2470000	29370	NA
61	Pulse	55	2480000	39370	NA
62	Pulse	55	2490000	8704	NA
62	Pulse	55	2500000	18704	NA
62	Pulse	55	2510000	28704	NA
62	Pulse	55	2520000	38704	NA
63	Pulse	55	2530000	8038	NA
63	Pulse	55	2540000	18038	NA
63	Pulse	55	2550000	28038	NA
63	Pulse	55	2560000	38038	NA
64	Pulse	55	2570000	7372	NA
64	Pulse	55	2580000	17372	NA
64	Pulse	55	2590000	27372	NA
64	Pulse	55	2600000	37372	NA
65	Pulse	55	2610000	6706	NA
65	Pulse	55	2620000	16706	NA
65	Pulse	55	2630000	26706	NA
65	Pulse	55	2640000	36706	NA
66	Pulse	55	2650000	6039	NA
66	Pulse	55	2660000	16039	NA
66	Pulse	55	2670000	26039	NA
66	Pulse	55	2680000	36039	NA
67	Pulse	55	2690000	5373	NA
67	Pulse	55	2700000	15373	NA
67	Pulse	55	2710000	25373	NA
67	Pulse	55	2720000	35373	NA
68	Pulse	55	2730000	4707	NA
68	Pulse	55	2740000	14707	NA
68	Pulse	55	2750000	24707	NA
68	Pulse	55	2760000	34707	NA
69	Pulse	55	2770000	4041	NA
69	Pulse	55	2780000	14041	NA
69	Pulse	55	2790000	24041	NA
69	Pulse	55	2800000	34041	NA
70	Pulse	55	2810000	3375	NA
70	Pulse	55	2820000	13375	NA
70	Pulse	55	2830000	23375	NA
70	Pulse	55	2840000	33375	NA
71	Pulse	55	2850000	2709	NA
71	Pulse	55	2860000	12709	NA
71	Pulse	55	2870000	22709	NA
71	Pulse	55	2880000	32709	NA
72	Pulse	55	2890000	2043	NA
72	Pulse	55	2900000	12043	NA
72	Pulse	55	2910000	22043	NA
72	Pulse	55	2920000	32043	NA
73	Pulse	55	2930000	1377	NA
73	Pulse	55	2940000	11377	NA
73	Pulse	55	2950000	21377	NA
73	Pulse	55	2960000	31377	NA
74	Pulse	55	2970000	711	NA
74	Pulse	55	2980000	10711	NA
74	Pulse	55	2990000	20711	NA
74	Pulse	55	3000000	30711	NA
75	Pulse	55	3010000	45	NA
75	Pulse	55	3020000	10045	NA
75	Pulse	55	3030000	20045	NA
75	Pulse	55	3040000	30045	NA
75	Pulse	55	3050000	40045	NA
76	Pulse	55	3060000	9379	NA
76	Pulse	55	3070000	19379	NA
76	Pulse	55	3080000	29379	NA
76	Pulse	55	3090000	39379	NA
77	Pulse	55	3100000	8713	NA
77	Pulse	55	3110000	18713	NA
77	Pulse	55	3120000	28713	NA
77	Pulse	55	3130000	38713	NA
78	Pulse	55	3140000	8047	NA
78	Pulse	55	3150000	18047	NA
78	Pulse	55	3160000	28047	NA
78	Pulse	55	3170000	38047	NA
79	Pulse	55	3180000	7381	NA
79	Pulse	55	3190000	17381	NA
79	Pulse	55	3200000	27381	NA
79	Pulse	55	3210000	37381	NA
80	Pulse	55	3220000	6715	NA
80	Pulse	55	3230000	16715	NA
80	Pulse	55	3240000	26715	NA
80	Pulse	55	3250000	36715	NA
81	Pulse	55	3260000	6048	NA
81	Pulse	55	3270000	16048	NA
81	Pulse	55	3280000	26048	NA
81	Pulse	55	3290000	36048	NA
82	Pulse	55	3300000	5382	NA
82	Pulse	55	3310000	15382	NA
82	Pulse	55	3320000	25382	NA
82	Pulse	55	3330000	35382	NA
83	Pulse	55	3340000	4716	NA
83	Pulse	55	3350000	14716	NA
83	Pulse	55	3360000	24716	NA
83	Pulse	55	3370000	34716	NA
84	Pulse	55	3380000	4050	NA
84	Pulse	55	3390000	14050	NA
84	Pulse	55	3400000	24050	NA
84	Pulse	55	3410000	34050	NA
85	Pulse	55	3420000	3384	NA
85	Pulse	55	3430000	13384	NA
85	Pulse	55	3440000	23384	NA
85	Pulse	55	3450000	33384	NA
86	Pulse	55	3460000	2718	NA
86	Pulse	55	3470000	12718	NA
86	Pulse	55	3480000	22718	NA
86	Pulse	55	3490000	32718	NA
87	Pulse	55	3500000	2052	NA
87	Pulse	55	3510000	12052	NA
87	Pulse	55	3520000	22052	NA
87	Pulse	55	3530000	32052	NA
88	Pulse	55	3540000	1386	NA
88	Pulse	55	3550000	11386	NA
88	Pulse	55	3560000	21386	NA
88	Pulse	55	3570000	31386	NA
89	Pulse	55	3580000	720	NA
89	Pulse	55	3590000	10720	NA
89	Pulse	55	3600000	20720	NA
89	Pulse	55	3610000	30720	NA
90	Pulse	55	3620000	54	NA
90	Pulse	55	3630000	10054	NA
90	Pulse	55	3640000	20054	NA
90	Pulse	55	3650000	30054	NA
90	Pulse	55	3660000	40054	NA
91	Pulse	55	3670000	9388	NA
91	Pulse	55	3680000	19388	NA
91	Pulse	55	3690000	29388	NA
91	Pulse	55	3700000	39388	NA
92	Pulse	55	3710000	8722	NA
92	Pulse	55	3720000	18722	NA
92	Pulse	55	3730000	28722	NA
92	Pulse	55	3740000	38722	NA
93	Pulse	55	3750000	8056	NA
93	Pulse	55	3760000	18056	NA
93	Pulse	55	3770000	28056	NA
93	Pulse	55	3780000	38056	NA
94	Pulse	55	3790000	7389	NA
94	Pulse	55	3800000	17389	NA
94	Pulse	55	3810000	27389	NA
94	Pulse	55	3820000	37389	NA
95	Pulse	55	3830000	6724	NA
95	Pulse	55	3840000	16724	NA
95	Pulse	55	3850000	26724	NA
95	Pulse	55	3860000	36724	NA
96	Pulse	55	3870000	6058	NA
96	Pulse	55	3880000	16058	NA
96	Pulse	55	3890000	26058	NA
96	Pulse	55	3900000	36058	NA
97	Pulse	55	3910000	5391	NA
97	Pulse	55	3920000	15391	NA
97	Pulse	55	3930000	25391	NA
97	Pulse	55	3940000	35391	NA
98	Pulse	55	3950000	4725	NA
98	Pulse	55	3960000	14725	NA
98	Pulse	55	3970000	24725	NA
98	Pulse	55	3980000	34725	NA
99	Pulse	55	3990000	4059	NA
99	Pulse	55	4000000	14059	NA
99	Pulse	55	4010000	24059	NA
99	Pulse	55	4020000	34059	NA
100	Pulse	55	4030000	3393	NA
100	Pulse	55	4040000	13393	NA
100	Pulse	55	4050000	23393	NA
100	Pulse	55	4060000	33393	NA
101	Pulse	55	4070000	2727	NA
101	Pulse	55	4080000	12727	NA
101	Pulse	55	4090000	22727	NA
101	Pulse	55	4100000	32727	NA
102	Pulse	55	4110000	2061	NA
102	Pulse	55	4120000	12061	NA
102	Pulse	55	4130000	22061	NA
102	Pulse	55	4140000	32061	NA
103	Pulse	55	4150000	1395	NA
103	Pulse	55	4160000	11395	NA
103	Pulse	55	4170000	21395	NA
103	Pulse	55	4180000	31395	NA
104	Pulse	55	4190000	729	NA
104	Pulse	55	4200000	10729	NA
104	Pulse	55	4210000	20729	NA
104	Pulse	55	4220000	30729	NA
105	Pulse	55	4230000	63	NA
105	Pulse	55	4240000	10063	NA
105	Pulse	55	4250000	20063	NA
105	Pulse	55	4260000	30063	NA
105	Pulse	55	4270000	40063	NA
106	Pulse	55	4280000	9397	NA
106	Pulse	55	4290000	19397	NA
106	Pulse	55	4300000	29397	NA
106	Pulse	55	4310000	39397	NA
107	Pulse	55	4320000	8897	NA
107	Pulse	55	4330000	18897	NA
107	Pulse	55	4340000	28897	NA
107	Pulse	55	4350000	38897	NA
108	Pulse	55	4360000	8398	NA
108	Pulse	55	4370000	18398	NA
108	Pulse	55	4380000	28398	NA
108	Pulse	55	4390000	38398	NA
109	Pulse	55	4400000	7732	NA
109	Pulse	55	4410000	17732	NA
109	Pulse	55	4420000	27732	NA
109	Pulse	55	4430000	37732	NA
110	Pulse	55	4440000	7066	NA
110	Pulse	55	4450000	17066	NA
110	Pulse	55	4460000	27066	NA
110	Pulse	55	4470000	37066	NA
111	Pulse	55	4480000	6400	NA
111	Pulse	55	4490000	16400	NA
111	Pulse	55	4500000	26400	NA
111	Pulse	55	4510000	36400	NA
112	Pulse	55	4520000	5734	NA
112	Pulse	55	4530000	15734	NA
112	Pulse	55	4540000	25734	NA
112	Pulse	55	4550000	35734	NA
113	Pulse	55	4560000	5068	NA
113	Pulse	55	4570000	15068	NA
113	Pulse	55	4580000	25068	NA
113	Pulse	55	4590000	35068	NA
114	Pulse	55	4600000	4402	NA
114	Pulse	55	4610000	14402	NA
114	Pulse	55	4620000	24402	NA
114	Pulse	55	4630000	34402	NA
115	Pulse	55	4640000	3902	NA
115	Pulse	55	4650000	13902	NA
115	Pulse	55	4660000	23902	NA
115	Pulse	55	4670000	33902	NA
116	Pulse	55	4680000	3236	NA
116	Pulse	55	4690000	13236	NA
116	Pulse	55	4700000	23236	NA
116	Pulse	55	4710000	33236	NA
117	Pulse	55	4720000	2570	NA
117	Pulse	55	4730000	12570	NA
117	Pulse	55	4740000	22570	NA
117	Pulse	55	4750000	32570	NA
118	Pulse	55	4760000	2071	NA
118	Pulse	55	4770000	12071	NA
118	Pulse	55	4780000	22071	NA
118	Pulse	55	4790000	32071	NA
119	Pulse	55	4800000	1571	NA
119	Pulse	55	4810000	11571	NA
119	Pulse	55	4820000	21571	NA
119	Pulse	55	4830000	31571	NA
120	Pulse	55	4840000	905	NA
120	Pulse	55	4850000	10905	NA
120	Pulse	55	4860000	20905	NA
120	Pulse	55	4870000	30905	NA
121	Pulse	55	4880000	406	NA
121	Pulse	55	4890000	10406	NA
121	Pulse	55	4900000	20406	NA
121	Pulse	55	4910000	30406	NA
121	Pulse	55	4920000	40406	NA
122	Pulse	55	4930000	9740	NA
122	Pulse	55	4940000	19740	NA
122	Pulse	55	4950000	29740	NA
122	Pulse	55	4960000	39740	NA
123	Pulse	55	4970000	9240	NA
123	Pulse	55	4980000	19240	NA
123	Pulse	55	4990000	29240	NA
123	Pulse	55	5000000	39240	NA
124	Pulse	55	5010000	8741	NA
124	Pulse	55	5020000	18741	NA
124	Pulse	55	5030000	28741	NA
124	Pulse	55	5040000	38741	NA
125	Pulse	55	5050000	8241	NA
125	Pulse	55	5060000	18241	NA
125	Pulse	55	5070000	28241	NA
125	Pulse	55	5080000	38241	NA
126	Pulse	55	5090000	7576	NA
126	Pulse	55	5100000	17576	NA
126	Pulse	55	5110000	27576	NA
126	Pulse	55	5120000	37576	NA
127	Pulse	55	5130000	6909	NA
127	Pulse	55	5140000	16909	NA
127	Pulse	55	5150000	26909	NA
127	Pulse	55	5160000	36909	NA
128	Pulse	55	5170000	6243	NA
128	Pulse	55	5180000	16243	NA
128	Pulse	55	5190000	26243	NA
128	Pulse	55	5200000	36243	NA
129	Pulse	55	5210000	5577	NA
129	Pulse	55	5220000	15577	NA
129	Pulse	55	5230000	25577	NA
129	Pulse	55	5240000	35577	NA
130	Pulse	55	5250000	4911	NA
130	Pulse	55	5260000	14911	NA
130	Pulse	55	5270000	24911	NA
130	Pulse	55	5280000	34911	NA
131	Pulse	55	5290000	4245	NA
131	Pulse	55	5300000	14245	NA
131	Pulse	55	5310000	24245	NA
131	Pulse	55	5320000	34245	NA
132	Pulse	55	5330000	3746	NA
132	Pulse	55	5340000	13746	NA
132	Pulse	55	5350000	23746	NA
132	Pulse	55	5360000	33746	NA
133	Pulse	55	5370000	3080	NA
133	Pulse	55	5380000	13080	NA
133	Pulse	55	5390000	23080	NA
133	Pulse	55	5400000	33080	NA
134	Pulse	55	5410000	2414	NA
134	Pulse	55	5420000	12414	NA
134	Pulse	55	5430000	22414	NA
134	Pulse	55	5440000	32414	NA
135	Pulse	55	5450000	1748	NA
135	Pulse	55	5460000	11748	NA
135	Pulse	55	5470000	21748	NA
135	Pulse	55	5480000	31748	NA
136	Pulse	55	5490000	1082	NA
136	Pulse	55	5500000	11082	NA
136	Pulse	55	5510000	21082	NA
136	Pulse	55	5520000	31082	NA
137	Pulse	55	5530000	415	NA
137	Pulse	55	5540000	10415	NA
137	Pulse	55	5550000	20415	NA
137	Pulse	55	5560000	30415	NA
137	Pulse	55	5570000	40415	NA
138	Pulse	55	5580000	9916	NA
138	Pulse	55	5590000	19916	NA
138	Pulse	55	5600000	29916	NA
138	Pulse	55	5610000	39916	NA
139	Pulse	55	5620000	9250	NA
139	Pulse	55	5630000	19250	NA
139	Pulse	55	5640000	29250	NA
139	Pulse	55	5650000	39250	NA
140	Pulse	55	5660000	8584	NA
140	Pulse	55	5670000	18584	NA
140	Pulse	55	5680000	28584	NA
140	Pulse	55	5690000	38584	NA
141	Pulse	55	5700000	8085	NA
141	Pulse	55	5710000	18085	NA
141	Pulse	55	5720000	28085	NA
141	Pulse	55	5730000	38085	NA
142	Pulse	55	5740000	7418	NA
142	Pulse	55	5750000	17418	NA
142	Pulse	55	5760000	27418	NA
142	Pulse	55	5770000	37418	NA
143	Pulse	55	5780000	6752	NA
143	Pulse	55	5790000	16752	NA
143	Pulse	55	5800000	26752	NA
143	Pulse	55	5810000	36752	NA
144	Pulse	55	5820000	6253	NA
144	Pulse	55	5830000	16253	NA
144	Pulse	55	5840000	26253	NA
144	Pulse	55	5850000	36253	NA
145	Pulse	55	5860000	5754	NA
145	Pulse	55	5870000	15754	NA
145	Pulse	55	5880000	25754	NA
145	Pulse	55	5890000	35754	NA
146	Pulse	55	5900000	5088	NA
146	Pulse	55	5910000	15088	NA
146	Pulse	55	5920000	25088	NA
146	Pulse	55	5930000	35088	NA
147	Pulse	55	5940000	4421	NA
147	Pulse	55	5950000	14421	NA
147	Pulse	55	5960000	24421	NA
147	Pulse	55	5970000	34421	NA
148	Pulse	55	5980000	3755	NA
148	Pulse	55	5990000	13755	NA
148	Pulse	55	6000000	23755	NA
148	Pulse	55	6010000	33755	NA
149	Pulse	55	6020000	3089	NA
149	Pulse	55	6030000	13089	NA
149	Pulse	55	6040000	23089	NA
149	Pulse	55	6050000	33089	NA
150	Pulse	55	6060000	2423	NA
150	Pulse	55	6070000	12423	NA
150	Pulse	55	6080000	22423	NA
150	Pulse	55	6090000	32423	NA
151	Pulse	55	6100000	1757	NA
151	Pulse	55	6110000	11757	NA
151	Pulse	55	6120000	21757	NA
151	Pulse	55	6130000	31757	NA
152	Pulse	55	6140000	1091	NA
152	Pulse	55	6150000	11091	NA
152	Pulse	55	6160000	21091	NA
152	Pulse	55	6170000	31091	NA
153	Pulse	55	6180000	592	NA
153	Pulse	55	6190000	10592	NA
153	Pulse	55	6200000	20592	NA
153	Pulse	55	6210000	30592	NA
154	Pulse	55	6220000	92	NA
154	Pulse	55	6230000	10092	NA
154	Pulse	55	6240000	20092	NA
154	Pulse	55	6250000	30092	NA
154	Pulse	55	6260000	40092	NA
155	Pulse	55	6270000	9593	NA
155	Pulse	55	6280000	19593	NA
155	Pulse	55	6290000	29593	NA
155	Pulse	55	6300000	39593	NA
156	Pulse	55	6310000	9094	NA
156	Pulse	55	6320000	19094	NA
156	Pulse	55	6330000	29094	NA
156	Pulse	55	6340000	39094	NA
157	Pulse	55	6350000	8594	NA
157	Pulse	55	6360000	18594	NA
157	Pulse	55	6370000	28594	NA
157	Pulse	55	6380000	38594	NA
158	Pulse	55	6390000	8095	NA
158	Pulse	55	6400000	18095	NA
158	Pulse	55	6410000	28095	NA
158	Pulse	55	6420000	38095	NA
159	Pulse	55	6430000	7429	NA
159	Pulse	55	6440000	17429	NA
159	Pulse	55	6450000	27429	NA
159	Pulse	55	6460000	37429	NA
160	Pulse	55	6470000	6762	NA
160	Pulse	55	6480000	16762	NA
160	Pulse	55	6490000	26762	NA
160	Pulse	55	6500000	36762	NA
161	Pulse	55	6510000	6096	NA
161	Pulse	55	6520000	16096	NA
161	Pulse	55	6530000	26096	NA
161	Pulse	55	6540000	36096	NA
162	Pulse	55	6550000	5597	NA
162	Pulse	55	6560000	15597	NA
162	Pulse	55	6570000	25597	NA
162	Pulse	55	6580000	35597	NA
163	Pulse	55	6590000	4931	NA
163	Pulse	55	6600000	14931	NA
163	Pulse	55	6610000	24931	NA
163	Pulse	55	6620000	34931	NA
164	Pulse	55	6630000	4265	NA
164	Pulse	55	6640000	14265	NA
164	Pulse	55	6650000	24265	NA
164	Pulse	55	6660000	34265	NA
165	Pulse	55	6670000	3599	NA
165	Pulse	55	6680000	13599	NA
165	Pulse	55	6690000	23599	NA
165	Pulse	55	6700000	33599	NA
166	Pulse	55	6710000	2933	NA
166	Pulse	55	6720000	12933	NA
166	Pulse	55	6730000	22933	NA
166	Pulse	55	6740000	32933	NA
167	Pulse	55	6750000	2267	NA
167	Pulse	55	6760000	12267	NA
167	Pulse	55	6770000	22267	NA
167	Pulse	55	6780000	32267	NA
168	Pulse	55	6790000	1601	NA
168	Pulse	55	6800000	11601	NA
168	Pulse	55	6810000	21601	NA
168	Pulse	55	6820000	31601	NA
169	Pulse	55	6830000	1101	NA
169	Pulse	55	6840000	11101	NA
169	Pulse	55	6850000	21101	NA
169	Pulse	55	6860000	31101	NA
170	Pulse	55	6870000	435	NA
170	Pulse	55	6880000	10435	NA
170	Pulse	55	6890000	20435	NA
170	Pulse	55	6900000	30435	NA
170	Pulse	55	6910000	40435	NA
171	Pulse	55	6920000	9936	NA
171	Pulse	55	6930000	19936	NA
171	Pulse	55	6940000	29936	NA
171	Pulse	55	6950000	39936	NA
172	Pulse	55	6960000	9436	NA
172	Pulse	55	6970000	19436	NA
172	Pulse	55	6980000	29436	NA
172	Pulse	55	6990000	39436	NA
173	Pulse	55	7000000	8770	NA
173	Pulse	55	7010000	18770	NA
173	Pulse	55	7020000	28770	NA
173	Pulse	55	7030000	38770	NA
174	Pulse	55	7040000	8271	NA
174	Pulse	55	7050000	18271	NA
174	Pulse	55	7060000	28271	NA
174	Pulse	55	7070000	38271	NA
175	Pulse	55	7080000	7772	NA
175	Pulse	55	7090000	17772	NA
175	Pulse	55	7100000	27772	NA
175	Pulse	55	7110000	37772	NA
176	Pulse	55	7120000	7105	NA
176	Pulse	55	7130000	17105	NA
176	Pulse	55	7140000	27105	NA
176	Pulse	55	7150000	37105	NA
177	Pulse	55	7160000	6439	NA
177	Pulse	55	7170000	16439	NA
177	Pulse	55	7180000	26439	NA
177	Pulse	55	7190000	36439	NA
178	Pulse	55	7200000	5940	NA
178	Pulse	55	7210000	15940	NA
178	Pulse	55	7220000	25940	NA
178	Pulse	55	7230000	35940	NA
179	Pulse	55	7240000	5441	NA
179	Pulse	55	7250000	15441	NA
179	Pulse	55	7260000	25441	NA
179	Pulse	55	7270000	35441	NA
180	Pulse	55	7280000	4775	NA
180	Pulse	55	7290000	14775	NA
180	Pulse	55	7300000	24775	NA
180	Pulse	55	7310000	34775	NA
181	Pulse	55	7320000	4108	NA
181	Pulse	55	7330000	14108	NA
181	Pulse	55	7340000	24108	NA
181	Pulse	55	7350000	34108	NA
182	Pulse	55	7360000	3442	NA
182	Pulse	55	7370000	13442	NA
182	Pulse	55	7380000	23442	NA
182	Pulse	55	7390000	33442	NA
183	Pulse	55	7400000	2776	NA
183	Pulse	55	7410000	12776	NA
183	Pulse	55	7420000	22776	NA
183	Pulse	55	7430000	32776	NA
184	Pulse	55	7440000	2110	NA
184	Pulse	55	7450000	12110	NA
184	Pulse	55	7460000	22110	NA
184	Pulse	55	7470000	32110	NA
185	Pulse	55	7480000	1611	NA
185	Pulse	55	7490000	11611	NA
185	Pulse	55	7500000	21611	NA
185	Pulse	55	7510000	31611	NA
186	Pulse	55	7520000	945	NA
186	Pulse	55	7530000	10945	NA
186	Pulse	55	7540000	20945	NA
186	Pulse	55	7550000	30945	NA
187	Pulse	55	7560000	279	NA
187	Pulse	55	7570000	10279	NA
187	Pulse	55	7580000	20279	NA
187	Pulse	55	7590000	30279	NA
187	Pulse	55	7600000	40279	NA
188	Pulse	55	7610000	9613	NA
188	Pulse	55	7620000	19613	NA
188	Pulse	55	7630000	29613	NA
188	Pulse	55	7640000	39613	NA
189	Pulse	55	7650000	8947	NA
189	Pulse	55	7660000	18947	NA
189	Pulse	55	7670000	28947	NA
189	Pulse	55	7680000	38947	NA
190	Pulse	55	7690000	8281	NA
190	Pulse	55	7700000	18281	NA
190	Pulse	55	7710000	28281	NA
190	Pulse	55	7720000	38281	NA
191	Pulse	55	7730000	7615	NA
191	Pulse	55	7740000	17615	NA
191	Pulse	55	7750000	27615	NA
191	Pulse	55	7760000	37615	NA
192	Pulse	55	7770000	6948	NA
192	Pulse	55	7780000	16948	NA
192	Pulse	55	7790000	26948	NA
192	Pulse	55	7800000	36948	NA
193	Pulse	55	7810000	6282	NA
193	Pulse	55	7820000	16282	NA
193	Pulse	55	7830000	26282	NA
193	Pulse	55	7840000	36282	NA
194	Pulse	55	7850000	5616	NA
194	Pulse	55	7860000	15616	NA
194	Pulse	55	7870000	25616	NA
194	Pulse	55	7880000	35616	NA
195	Pulse	55	7890000	4950	NA
195	Pulse	55	7900000	14950	NA
195	Pulse	55	7910000	24950	NA
195	Pulse	55	7920000	34950	NA
196	Pulse	55	7930000	4284	NA
196	Pulse	55	7940000	14284	NA
196	Pulse	55	7950000	24284	NA
196	Pulse	55	7960000	34284	NA
197	Pulse	55	7970000	3785	NA
197	Pulse	55	7980000	13785	NA
197	Pulse	55	7990000	23785	NA
197	Pulse	55	8000000	33785	NA
198	Pulse	55	8010000	3285	NA
198	Pulse	55	8020000	13285	NA
198	Pulse	55	8030000	23285	NA
198	Pulse	55	8040000	33285	NA
199	Pulse	55	8050000	2619	NA
199	Pulse	55	8060000	12619	NA
199	Pulse	55	8070000	22619	NA
199	Pulse	55	8080000	32619	NA
200	Pulse	55	8090000	1953	NA
200	Pulse	55	8100000	11953	NA
200	Pulse	55	8110000	21953	NA
200	Pulse	55	8120000	31953	NA
201	Pulse	55	8130000	1454	NA
201	Pulse	55	8140000	11454	NA
201	Pulse	55	8150000	21454	NA
201	Pulse	55	8160000	31454	NA
202	Pulse	55	8170000	788	NA
202	Pulse	55	8180000	10788	NA
202	Pulse	55	8190000	20788	NA
202	Pulse	55	8200000	30788	NA
203	Pulse	55	8210000	288	NA
203	Pulse	55	8220000	10288	NA
203	Pulse	55	8230000	20288	NA
203	Pulse	55	8240000	30288	NA
203	Pulse	55	8250000	40288	NA
204	Pulse	55	8260000	9622	NA
204	Pulse	55	8270000	19622	NA
204	Pulse	55	8280000	29622	NA
204	Pulse	55	8290000	39622	NA
205	Pulse	55	8300000	9123	NA
205	Pulse	55	8310000	19123	NA
205	Pulse	55	8320000	29123	NA
205	Pulse	55	8330000	39123	NA
206	Pulse	55	8340000	8457	NA
206	Pulse	55	8350000	18457	NA
206	Pulse	55	8360000	28457	NA
206	Pulse	55	8370000	38457	NA
207	Pulse	55	8380000	7957	NA
207	Pulse	55	8390000	17957	NA
207	Pulse	55	8400000	27957	NA
207	Pulse	55	8410000	37957	NA
208	Pulse	55	8420000	7458	NA
208	Pulse	55	8430000	17458	NA
208	Pulse	55	8440000	27458	NA
208	Pulse	55	8450000	37458	NA
209	Pulse	55	8460000	6792	NA
209	Pulse	55	8470000	16792	NA
209	Pulse	55	8480000	26792	NA
209	Pulse	55	8490000	36792	NA
210	Pulse	55	8500000	6292	NA
210	Pulse	55	8510000	16292	NA
210	Pulse	55	8520000	26292	NA
210	Pulse	55	8530000	36292	NA
211	Pulse	55	8540000	5793	NA
211	Pulse	55	8550000	15793	NA
211	Pulse	55	8560000	25793	NA
211	Pulse	55	8570000	35793	NA
212	Pulse	55	8580000	5294	NA
212	Pulse	55	8590000	15294	NA
212	Pulse	55	8600000	25294	NA
212	Pulse	55	8610000	35294	NA
213	Pulse	55	8620000	4794	NA
213	Pulse	55	8630000	14794	NA
213	Pulse	55	8640000	24794	NA
213	Pulse	55	8650000	34794	NA
214	Pulse	55	8660000	4128	NA
214	Pulse	55	8670000	14128	NA
214	Pulse	55	8680000	24128	NA
214	Pulse	55	8690000	34128	NA
215	Pulse	55	8700000	3462	NA
215	Pulse	55	8710000	13462	NA
215	Pulse	55	8720000	23462	NA
215	Pulse	55	8730000	33462	NA
216	Pulse	55	8740000	2796	NA
216	Pulse	55	8750000	12796	NA
216	Pulse	55	8760000	22796	NA
216	Pulse	55	8770000	32796	NA
217	Pulse	55	8780000	2463	NA
217	Pulse	55	8790000	12463	NA
217	Pulse	55	8800000	22463	NA
217	Pulse	55	8810000	32463	NA
218	Pulse	55	8820000	1797	NA
218	Pulse	55	8830000	11797	NA
218	Pulse	55	8840000	21797	NA
218	Pulse	55	8850000	31797	NA
219	Pulse	55	8860000	1298	NA
219	Pulse	55	8870000	11298	NA
219	Pulse	55	8880000	21298	NA
219	Pulse	55	8890000	31298	NA
220	Pulse	55	8900000	632	NA
220	Pulse	55	8910000	10632	NA
220	Pulse	55	8920000	20632	NA
220	Pulse	55	8930000	30632	NA
220	Pulse	55	8940000	40632	NA
221	Pulse	55	8950000	9966	NA
221	Pulse	55	8960000	19966	NA
221	Pulse	55	8970000	29966	NA
221	Pulse	55	8980000	39966	NA
222	Pulse	55	8990000	9466	NA
222	Pulse	55	9000000	19466	NA
222	Pulse	55	9010000	29466	NA
222	Pulse	55	9020000	39466	NA
223	Pulse	55	9030000	8800	NA
223	Pulse	55	9040000	18800	NA
223	Pulse	55	9050000	28800	NA
223	Pulse	55	9060000	38800	NA
224	Pulse	55	9070000	8134	NA
224	Pulse	55	9080000	18134	NA
224	Pulse	55	9090000	28134	NA
224	Pulse	55	9100000	38134	NA
225	Pulse	55	9110000	7635	NA
225	Pulse	55	9120000	17635	NA
225	Pulse	55	9130000	27635	NA
225	Pulse	55	9140000	37635	NA
226	Pulse	55	9150000	7135	NA
226	Pulse	55	9160000	17135	NA
226	Pulse	55	9170000	27135	NA
226	Pulse	55	9180000	37135	NA
227	Pulse	55	9190000	6469	NA
227	Pulse	55	9200000	16469	NA
227	Pulse	55	9210000	26469	NA
227	Pulse	55	9220000	36469	NA
228	Pulse	55	9230000	5803	NA
228	Pulse	55	9240000	15803	NA
228	Pulse	55	9250000	25803	NA
228	Pulse	55	9260000	35803	NA
229	Pulse	55	9270000	5137	NA
229	Pulse	55	9280000	15137	NA
229	Pulse	55	9290000	25137	NA
229	Pulse	55	9300000	35137	NA
230	Pulse	55	9310000	4471	NA
230	Pulse	55	9320000	14471	NA
230	Pulse	55	9330000	24471	NA
230	Pulse	55	9340000	34471	NA
231	Pulse	55	9350000	3972	NA
231	Pulse	55	9360000	13972	NA
231	Pulse	55	9370000	23972	NA
231	Pulse	55	9380000	33972	NA
232	Pulse	55	9390000	3306	NA
232	Pulse	55	9400000	13306	NA
232	Pulse	55	9410000	23306	NA
232	Pulse	55	9420000	33306	NA
233	Pulse	55	9430000	2640	NA
233	Pulse	55	9440000	12640	NA
233	Pulse	55	9450000	22640	NA
233	Pulse	55	9460000	32640	NA
234	Pulse	55	9470000	1974	NA
234	Pulse	55	9480000	11974	NA
234	Pulse	55	9490000	21974	NA
234	Pulse	55	9500000	31974	NA
235	Pulse	55	9510000	1308	NA
235	Pulse	55	9520000	11308	NA
235	Pulse	55	9530000	21308	NA
235	Pulse	55	9540000	31308	NA
236	Pulse	55	9550000	641	NA
236	Pulse	55	9560000	10641	NA
236	Pulse	55	9570000	20641	NA
236	Pulse	55	9580000	30641	NA
236	Pulse	55	9590000	40641	NA
237	Pulse	55	9600000	9975	NA
237	Pulse	55	9610000	19975	NA
237	Pulse	55	9620000	29975	NA
237	Pulse	55	9630000	39975	NA
238	Pulse	55	9640000	9309	NA
238	Pulse	55	9650000	19309	NA
238	Pulse	55	9660000	29309	NA
238	Pulse	55	9670000	39309	NA
239	Pulse	55	9680000	8643	NA
239	Pulse	55	9690000	18643	NA
239	Pulse	55	9700000	28643	NA
239	Pulse	55	9710000	38643	NA
240	Pulse	55	9720000	7977	NA
240	Pulse	55	9730000	17977	NA
240	Pulse	55	9740000	27977	NA
240	Pulse	55	9750000	37977	NA
241	Pulse	55	9760000	7478	NA
241	Pulse	55	9770000	17478	NA
241	Pulse	55	9780000	27478	NA
241	Pulse	55	9790000	37478	NA
242	Pulse	55	9800000	6812	NA
242	Pulse	55	9810000	16812	NA
242	Pulse	55	9820000	26812	NA
242	Pulse	55	9830000	36812	NA
243	Pulse	55	9840000	6146	NA
243	Pulse	55	9850000	16146	NA
243	Pulse	55	9860000	26146	NA
243	Pulse	55	9870000	36146	NA
244	Pulse	55	9880000	5480	NA
244	Pulse	55	9890000	15480	NA
244	Pulse	55	9900000	25480	NA
244	Pulse	55	9910000	35480	NA
245	Pulse	55	9920000	4980	NA
245	Pulse	55	9930000	14980	NA
245	Pulse	55	9940000	24980	NA
245	Pulse	55	9950000	34980	NA
246	Pulse	55	9960000	4314	NA
246	Pulse	55	9970000	14314	NA
246	Pulse	55	9980000	24314	NA
246	Pulse	55	9990000	34314	NA
247	Pulse	55	10000000	3648	NA
247	Pulse	55	10010000	13648	NA
247	Pulse	55	10020000	23648	NA
247	Pulse	55	10030000	33648	NA
248	Pulse	55	10040000	2982	NA
248	Pulse	55	10050000	12982	NA
248	Pulse	55	10060000	22982	NA
248	Pulse	55	10070000	32982	NA
249	Pulse	55	10080000	2316	NA
249	Pulse	55	10090000	12316	NA
249	Pulse	55	10100000	22316	NA
249	Pulse	55	10110000	32316	NA
250	Pulse	55	10120000	1650	NA
250	Pulse	55	10130000	11650	NA
250	Pulse	55	10140000	21650	NA
250	Pulse	55	10150000	31650	NA
251	Pulse	55	10160000	984	NA
251	Pulse	55	10170000	10984	NA
251	Pulse	55	10180000	20984	NA
251	Pulse	55	10190000	30984	NA
252	Pulse	55	10200000	318	NA
252	Pulse	55	10210000	10318	NA
252	Pulse	55	10220000	20318	NA
252	Pulse	55	10230000	30318	NA
252	Pulse	55	10240000	40318	NA
253	Pulse	55	10250000	9652	NA
253	Pulse	55	10260000	19652	NA
253	Pulse	55	10270000	29652	NA
253	Pulse	55	10280000	39652	NA
254	Pulse	55	10290000	8986	NA
254	Pulse	55	10300000	18986	NA
254	Pulse	55	10310000	28986	NA
254	Pulse	55	10320000	38986	NA
255	Pulse	55	10330000	8486	NA
255	Pulse	55	10340000	18486	NA
255	Pulse	55	10350000	28486	NA
255	Pulse	55	10360000	38486	NA
256	Pulse	55	10370000	7987	NA
256	Pulse	55	10380000	17987	NA
256	Pulse	55	10390000	27987	NA
256	Pulse	55	10400000	37987	NA
257	Pulse	55	10410000	7488	NA
257	Pulse	55	10420000	17488	NA
257	Pulse	55	10430000	27488	NA
257	Pulse	55	10440000	37488	NA
258	Pulse	55	10450000	6821	NA
258	Pulse	55	10460000	16821	NA
258	Pulse	55	10470000	26821	NA
258	Pulse	55	10480000	36821	NA
259	Pulse	55	10490000	6155	NA
259	Pulse	55	10500000	16155	NA
259	Pulse	55	10510000	26155	NA
259	Pulse	55	10520000	36155	NA
260	Pulse	55	10530000	5489	NA
260	Pulse	55	10540000	15489	NA
260	Pulse	55	10550000	25489	NA
260	Pulse	55	10560000	35489	NA
261	Pulse	55	10570000	4823	NA
261	Pulse	55	10580000	14823	NA
261	Pulse	55	10590000	24823	NA
261	Pulse	55	10600000	34823	NA
262	Pulse	55	10610000	4157	NA
262	Pulse	55	10620000	14157	NA
262	Pulse	55	10630000	24157	NA
262	Pulse	55	10640000	34157	NA
263	Pulse	55	10650000	3491	NA
263	Pulse	55	10660000	13491	NA
263	Pulse	55	10670000	23491	NA
263	Pulse	55	10680000	33491	NA
264	Pulse	55	10690000	2825	NA
264	Pulse	55	10700000	12825	NA
264	Pulse	55	10710000	22825	NA
264	Pulse	55	10720000	32825	NA
265	Pulse	55	10730000	2159	NA
265	Pulse	55	10740000	12159	NA
265	Pulse	55	10750000	22159	NA
265	Pulse	55	10760000	32159	NA
266	Pulse	55	10770000	1493	NA
266	Pulse	55	10780000	11493	NA
266	Pulse	55	10790000	21493	NA
266	Pulse	55	10800000	31493	NA
267	Pulse	55	10810000	827	NA
267	Pulse	55	10820000	10827	NA
267	Pulse	55	10830000	20827	NA
267	Pulse	55	10840000	30827	NA
268	Pulse	55	10850000	161	NA
268	Pulse	55	10860000	10161	NA
268	Pulse	55	10870000	20161	NA
268	Pulse	55	10880000	30161	NA
268	Pulse	55	10890000	40161	NA
269	Pulse	55	10900000	9495	NA
269	Pulse	55	10910000	19495	NA
269	Pulse	55	10920000	29495	NA
269	Pulse	55	10930000	39495	NA
270	Pulse	55	10940000	8829	NA
270	Pulse	55	10950000	18829	NA
270	Pulse	55	10960000	28829	NA
270	Pulse	55	10970000	38829	NA
271	Pulse	55	10980000	8163	NA
271	Pulse	55	10990000	18163	NA
271	Pulse	55	11000000	28163	NA
271	Pulse	55	11010000	38163	NA
272	Pulse	55	11020000	7496	NA
272	Pulse	55	11030000	17496	NA
272	Pulse	55	11040000	27496	NA
272	Pulse	55	11050000	37496	NA
273	Pulse	55	11060000	6830	NA
273	Pulse	55	11070000	16830	NA
273	Pulse	55	11080000	26830	NA
273	Pulse	55	11090000	36830	NA
274	Pulse	55	11100000	6164	NA
274	Pulse	55	11110000	16164	NA
274	Pulse	55	11120000	26164	NA
274	Pulse	55	11130000	36164	NA
275	Pulse	55	11140000	5498	NA
275	Pulse	55	11150000	15498	NA
275	Pulse	55	11160000	25498	NA
275	Pulse	55	11170000	35498	NA
276	Pulse	55	11180000	4832	NA
276	Pulse	55	11190000	14832	NA
276	Pulse	55	11200000	24832	NA
276	Pulse	55	11210000	34832	NA
277	Pulse	55	11220000	4166	NA
277	Pulse	55	11230000	14166	NA
277	Pulse	55	11240000	24166	NA
277	Pulse	55	11250000	34166	NA
278	Pulse	55	11260000	3500	NA
278	Pulse	55	11270000	13500	NA
278	Pulse	55	11280000	23500	NA
278	Pulse	55	11290000	33500	NA
279	Pulse	55	11300000	2834	NA
279	Pulse	55	11310000	12834	NA
279	Pulse	55	11320000	22834	NA
279	Pulse	55	11330000	32834	NA
280	Pulse	55	11340000	2168	NA
280	Pulse	55	11350000	12168	NA
280	Pulse	55	11360000	22168	NA
280	Pulse	55	11370000	32168	NA
281	Pulse	55	11380000	1502	NA
281	Pulse	55	11390000	11502	NA
281	Pulse	55	11400000	21502	NA
281	Pulse	55	11410000	31502	NA
282	Pulse	55	11420000	836	NA
282	Pulse	55	11430000	10836	NA
282	Pulse	55	11440000	20836	NA
282	Pulse	55	11450000	30836	NA
283	Pulse	55	11460000	3	NA
283	Pulse	55	11470000	10003	NA
283	Pulse	55	11480000	20003	NA
283	Pulse	55	11490000	30003	NA
283	Pulse	55	11500000	40003	NA
284	Pulse	55	11510000	9337	NA
284	Pulse	55	11520000	19337	NA
284	Pulse	55	11530000	29337	NA
284	Pulse	55	11540000	39337	NA
285	Pulse	55	11550000	8671	NA
285	Pulse	55	11560000	18671	NA
285	Pulse	55	11570000	28671	NA
285	Pulse	55	11580000	38671	NA
286	Pulse	55	11590000	8005	NA
286	Pulse	55	11600000	18005	NA
286	Pulse	55	11610000	28005	NA
286	Pulse	55	11620000	38005	NA
287	Pulse	55	11630000	7339	NA
287	Pulse	55	11640000	17339	NA
287	Pulse	55	11650000	27339	NA
287	Pulse	55	11660000	37339	NA
288	Pulse	55	11670000	6673	NA
288	Pulse	55	11680000	16673	NA
288	Pulse	55	11690000	26673	NA
288	Pulse	55	11700000	36673	NA
289	Pulse	55	11710000	6007	NA
289	Pulse	55	11720000	16007	NA
289	Pulse	55	11730000	26007	NA
289	Pulse	55	11740000	36007	NA
290	Pulse	55	11750000	5341	NA
290	Pulse	55	11760000	15341	NA
290	Pulse	55	11770000	25341	NA
290	Pulse	55	11780000	35341	NA
291	Pulse	55	11790000	4674	NA
291	Pulse	55	11800000	14674	NA
291	Pulse	55	11810000	24674	NA
291	Pulse	55	11820000	34674	NA
292	Pulse	55	11830000	4008	NA
292	Pulse	55	11840000	14008	NA
292	Pulse	55	11850000	24008	NA
292	Pulse	55	11860000	34008	NA
293	Pulse	55	11870000	3342	NA
293	Pulse	55	11880000	13342	NA
293	Pulse	55	11890000	23342	NA
293	Pulse	55	11900000	33342	NA
294	Pulse	55	11910000	2676	NA
294	Pulse	55	11920000	12676	NA
294	Pulse	55	11930000	22676	NA
294	Pulse	55	11940000	32676	NA
295	Pulse	55	11950000	2010	NA
295	Pulse	55	11960000	12010	NA
295	Pulse	55	11970000	22010	NA
295	Pulse	55	11980000	32010	NA
296	Pulse	55	11990000	1344	NA
296	Pulse	55	12000000	11344	NA
296	Pulse	55	12010000	21344	NA
296	Pulse	55	12020000	31344	NA
297	Pulse	55	12030000	678	NA
297	Pulse	55	12040000	10678	NA
297	Pulse	55	12050000	20678	NA
297	Pulse	55	12060000	30678	NA
298	Pulse	55	12070000	12	NA
298	Pulse	55	12080000	10012	NA
298	Pulse	55	12090000	20012	NA
298	Pulse	55	12100000	30012	NA
298	Pulse	55	12110000	40012	NA
299	Pulse	55	12120000	9346	NA
299	Pulse	55	12130000	19346	NA
299	Pulse	55	12140000	29346	NA
299	Pulse	55	12150000	39346	NA
300	Pulse	55	12160000	8680	NA
300	Pulse	55	12170000	18680	NA
300	Pulse	55	12180000	28680	NA
300	Pulse	55	12190000	38680	NA
301	Pulse	55	12200000	8014	NA
301	Pulse	55	12210000	18014	NA
301	Pulse	55	12220000	28014	NA
301	Pulse	55	12230000	38014	NA
302	Pulse	55	12240000	7348	NA
302	Pulse	55	12250000	17348	NA
302	Pulse	55	12260000	27348	NA
302	Pulse	55	12270000	37348	NA
303	Pulse	55	12280000	6682	NA
303	Pulse	55	12290000	16682	NA
303	Pulse	55	12300000	26682	NA
303	Pulse	55	12310000	36682	NA
304	Pulse	55	12320000	6016	NA
304	Pulse	55	12330000	16016	NA
304	Pulse	55	12340000	26016	NA
304	Pulse	55	12350000	36016	NA
305	Pulse	55	12360000	5350	NA
305	Pulse	55	12370000	15350	NA
305	Pulse	55	12380000	25350	NA
305	Pulse	55	12390000	35350	NA
306	Pulse	55	12400000	4684	NA
306	Pulse	55	12410000	14684	NA
306	Pulse	55	12420000	24684	NA
306	Pulse	55	12430000	34684	NA
307	Pulse	55	12440000	4018	NA
307	Pulse	55	12450000	14018	NA
307	Pulse	55	12460000	24018	NA
307	Pulse	55	12470000	34018	NA
308	Pulse	55	12480000	3351	NA
308	Pulse	55	12490000	13351	NA
308	Pulse	55	12500000	23351	NA
308	Pulse	55	12510000	33351	NA
309	Pulse	55	12520000	2685	NA
309	Pulse	55	12530000	12685	NA
309	Pulse	55	12540000	22685	NA
309	Pulse	55	12550000	32685	NA
310	Pulse	55	12560000	2019	NA
310	Pulse	55	12570000	12019	NA
310	Pulse	55	12580000	22019	NA
310	Pulse	55	12590000	32019	NA
311	Pulse	55	12600000	1353	NA
311	Pulse	55	12610000	11353	NA
311	Pulse	55	12620000	21353	NA
311	Pulse	55	12630000	31353	NA
312	Pulse	55	12640000	687	NA
312	Pulse	55	12650000	10687	NA
312	Pulse	55	12660000	20687	NA
312	Pulse	55	12670000	30687	NA
313	Pulse	55	12680000	21	NA
313	Pulse	55	12690000	10021	NA
313	Pulse	55	12700000	20021	NA
313	Pulse	55	12710000	30021	NA
313	Pulse	55	12720000	40021	NA
314	Pulse	55	12730000	9355	NA
314	Pulse	55	12740000	19355	NA
314	Pulse	55	12750000	29355	NA
314	Pulse	55	12760000	39355	NA
315	Pulse	55	12770000	8689	NA
315	Pulse	55	12780000	18689	NA
315	Pulse	55	12790000	28689	NA
315	Pulse	55	12800000	38689	NA
316	Pulse	55	12810000	8023	NA
316	Pulse	55	12820000	18023	NA
316	Pulse	55	12830000	28023	NA
316	Pulse	55	12840000	38023	NA
317	Pulse	55	12850000	7357	NA
317	Pulse	55	12860000	17357	NA
317	Pulse	55	12870000	27357	NA
317	Pulse	55	12880000	37357	NA
318	Pulse	55	12890000	6691	NA
318	Pulse	55	12900000	16691	NA
318	Pulse	55	12910000	26691	NA
318	Pulse	55	12920000	36691	NA
319	Pulse	55	12930000	6025	NA
319	Pulse	55	12940000	16025	NA
319	Pulse	55	12950000	26025	NA
319	Pulse	55	12960000	36025	NA
320	Pulse	55	12970000	5359	NA
320	Pulse	55	12980000	15359	NA
320	Pulse	55	12990000	25359	NA
320	Pulse	55	13000000	35359	NA
321	Pulse	55	13010000	4692	NA
321	Pulse	55	13020000	14692	NA
321	Pulse	55	13030000	24692	NA
321	Pulse	55	13040000	34692	NA
322	Pulse	55	13050000	4026	NA
322	Pulse	55	13060000	14026	NA
322	Pulse	55	13070000	24026	NA
322	Pulse	55	13080000	34026	NA
323	Pulse	55	13090000	3360	NA
323	Pulse	55	13100000	13360	NA
323	Pulse	55	13110000	23360	NA
323	Pulse	55	13120000	33360	NA
324	Pulse	55	13130000	2694	NA
324	Pulse	55	13140000	12694	NA
324	Pulse	55	13150000	22694	NA
324	Pulse	55	13160000	32694	NA
325	Pulse	55	13170000	2028	NA
325	Pulse	55	13180000	12028	NA
325	Pulse	55	13190000	22028	NA
325	Pulse	55	13200000	32028	NA
326	Pulse	55	13210000	1362	NA
326	Pulse	55	13220000	11362	NA
326	Pulse	55	13230000	21362	NA
326	Pulse	55	13240000	31362	NA
327	Pulse	55	13250000	696	NA
327	Pulse	55	13260000	10696	NA
327	Pulse	55	13270000	20696	NA
327	Pulse	55	13280000	30696	NA
328	Pulse	55	13290000	30	NA
328	Pulse	55	13300000	10030	NA
328	Pulse	55	13310000	20030	NA
328	Pulse	55	13320000	30030	NA
328	Pulse	55	13330000	40030	NA
329	Pulse	55	13340000	9364	NA
329	Pulse	55	13350000	19364	NA
329	Pulse	55	13360000	29364	NA
329	Pulse	55	13370000	39364	NA
330	Pulse	55	13380000	8698	NA
330	Pulse	55	13390000	18698	NA
330	Pulse	55	13400000	28698	NA
330	Pulse	55	13410000	38698	NA
331	Pulse	55	13420000	8032	NA
331	Pulse	55	13430000	18032	NA
331	Pulse	55	13440000	28032	NA
331	Pulse	55	13450000	38032	NA
332	Pulse	55	13460000	7366	NA
332	Pulse	55	13470000	17366	NA
332	Pulse	55	13480000	27366	NA
332	Pulse	55	13490000	37366	NA
333	Pulse	55	13500000	6700	NA
333	Pulse	55	13510000	16700	NA
333	Pulse	55	13520000	26700	NA
333	Pulse	55	13530000	36700	NA
334	Pulse	55	13540000	6034	NA
334	Pulse	55	13550000	16034	NA
334	Pulse	55	13560000	26034	NA
334	Pulse	55	13570000	36034	NA
335	Pulse	55	13580000	5368	NA
335	Pulse	55	13590000	15368	NA
335	Pulse	55	13600000	25368	NA
335	Pulse	55	13610000	35368	NA
336	Pulse	55	13620000	4702	NA
336	Pulse	55	13630000	14702	NA
336	Pulse	55	13640000	24702	NA
336	Pulse	55	13650000	34702	NA
337	Pulse	55	13660000	4035	NA
337	Pulse	55	13670000	14035	NA
337	Pulse	55	13680000	24035	NA
337	Pulse	55	13690000	34035	NA
338	Pulse	55	13700000	3369	NA
338	Pulse	55	13710000	13369	NA
338	Pulse	55	13720000	23369	NA
338	Pulse	55	13730000	33369	NA
339	Pulse	55	13740000	2703	NA
339	Pulse	55	13750000	12703	NA
339	Pulse	55	13760000	22703	NA
339	Response	1	13767976	30679	1
339	Pulse	55	13770000	32703	NA
340	Pulse	55	13780000	2537	NA
340	Pulse	55	13790000	12537	NA
341	Pulse	55	13800000	2371	NA
341	Pulse	55	13810000	12371	NA
341	Pulse	55	13820000	22371	NA
341	Pulse	55	13830000	32371	NA
341	Pulse	55	13840000	42371	NA
341	Pulse	55	13850000	52371	NA
341	Pulse	55	13860000	62371	NA
341	Pulse	55	13870000	72371	NA
341	Pulse	55	13880000	82371	NA
341	Pulse	55	13890000	92371	NA
341	Pulse	55	13900000	102371	NA
341	Pulse	55	13910000	112371	NA
341	Pulse	55	13920000	122371	NA
341	Pulse	55	13930000	132371	NA
341	Pulse	55	13940000	142371	NA
341	Pulse	55	13950000	152371	NA
341	Pulse	55	13960000	162371	NA
341	Pulse	55	13970000	172371	NA
341	Pulse	55	13980000	182371	NA
341	Pulse	55	13990000	192371	NA
341	Pulse	55	14000000	202371	NA
341	Pulse	55	14010000	212371	NA
341	Pulse	55	14020000	222371	NA
341	Pulse	55	14030000	232371	NA
341	Pulse	55	14040000	242371	NA
341	Pulse	55	14050000	252371	NA
341	Pulse	55	14060000	262371	NA
341	Response	1	14062454	264825	1
341	Pulse	55	14070000	272371	NA
341	Pulse	55	14080000	282371	NA
342	Pulse	55	14090000	9875	NA
342	Pulse	55	14100000	19875	NA
342	Pulse	55	14110000	29875	NA
342	Pulse	55	14120000	39875	NA
342	Pulse	55	14130000	49875	NA
342	Pulse	55	14140000	59875	NA
342	Pulse	55	14150000	69875	NA
342	Pulse	55	14160000	79875	NA
342	Pulse	55	14170000	89875	NA
342	Pulse	55	14180000	99875	NA
342	Pulse	55	14190000	109875	NA
342	Pulse	55	14200000	119875	NA
342	Pulse	55	14210000	129875	NA
342	Pulse	55	14220000	139875	NA
342	Pulse	55	14230000	149875	NA
342	Pulse	55	14240000	159875	NA
342	Pulse	55	14250000	169875	NA
342	Pulse	55	14260000	179875	NA
342	Pulse	55	14270000	189875	NA
342	Pulse	55	14280000	199875	NA
342	Pulse	55	14290000	209875	NA
342	Pulse	55	14300000	219875	NA
342	Pulse	55	14310000	229875	NA
342	Pulse	55	14320000	239875	NA
342	Pulse	55	14330000	249875	NA
342	Pulse	55	14340000	259875	NA
342	Pulse	55	14350000	269875	NA
342	Pulse	55	14360000	279875	NA
342	Pulse	55	14370000	289875	NA
342	Pulse	55	14380000	299875	NA
342	Pulse	55	14390000	309875	NA
342	Pulse	55	14400000	319875	NA
342	Pulse	55	14410000	329875	NA
342	Pulse	55	14420000	339875	NA
342	Pulse	55	14430000	349875	NA
342	Pulse	55	14440000	359875	NA
342	Pulse	55	14450000	369875	NA
342	Pulse	55	14460000	379875	NA
342	Pulse	55	14470000	389875	NA
342	Pulse	55	14480000	399875	NA
342	Pulse	55	14490000	409875	NA
342	Pulse	55	14500000	419875	NA
342	Pulse	55	14510000	429875	NA
342	Pulse	55	14520000	439875	NA
342	Pulse	55	14530000	449875	NA
342	Pulse	55	14540000	459875	NA
342	Pulse	55	14550000	469875	NA
342	Pulse	55	14560000	479875	NA
342	Pulse	55	14570000	489875	NA
342	Pulse	55	14580000	499875	NA
342	Pulse	55	14590000	509875	NA
342	Pulse	55	14600000	519875	NA
342	Pulse	55	14610000	529875	NA
342	Pulse	55	14620000	539875	NA
342	Pulse	55	14630000	549875	NA
342	Pulse	55	14640000	559875	NA
342	Pulse	55	14650000	569875	NA
342	Pulse	55	14660000	579875	NA
342	Pulse	55	14670000	589875	NA
342	Pulse	55	14680000	599875	NA
342	Pulse	55	14690000	609875	NA
342	Pulse	55	14700000	619875	NA
342	Pulse	55	14710000	629875	NA
342	Pulse	55	14720000	639875	NA
342	Pulse	55	14730000	649875	NA
342	Pulse	55	14740000	659875	NA
342	Pulse	55	14750000	669875	NA
342	Pulse	55	14760000	679875	NA
342	Pulse	55	14770000	689875	NA
342	Pulse	55	14780000	699875	NA
342	Pulse	55	14790000	709875	NA
342	Pulse	55	14800000	719875	NA
342	Pulse	55	14810000	729875	NA
342	Pulse	55	14820000	739875	NA
342	Pulse	55	14830000	749875	NA
342	Pulse	55	14840000	759875	NA
342	Pulse	55	14850000	769875	NA
342	Pulse	55	14860000	779875	NA
342	Pulse	55	14870000	789875	NA
342	Pulse	55	14880000	799875	NA
342	Pulse	55	14890000	809875	NA
342	Pulse	55	14900000	819875	NA
342	Pulse	55	14910000	829875	NA
342	Pulse	55	14920000	839875	NA
342	Pulse	55	14930000	849875	NA
342	Pulse	55	14940000	859875	NA
342	Pulse	55	14950000	869875	NA
342	Pulse	55	14960000	879875	NA
342	Pulse	55	14970000	889875	NA
342	Pulse	55	14980000	899875	NA
342	Pulse	55	14990000	909875	NA
342	Pulse	55	15000000	919875	NA
342	Pulse	55	15010000	929875	NA
342	Pulse	55	15020000	939875	NA
342	Pulse	55	15030000	949875	NA
342	Pulse	55	15040000	959875	NA
342	Pulse	55	15050000	969875	NA
342	Pulse	55	15060000	979875	NA
342	Pulse	55	15070000	989875	NA
342	Pulse	55	15080000	999875	NA
342	Pulse	55	15090000	1009875	NA
342	Pulse	55	15100000	1019875	NA
342	Pulse	55	15110000	1029875	NA
342	Pulse	55	15120000	1039875	NA
342	Pulse	55	15130000	1049875	NA
342	Pulse	55	15140000	1059875	NA
342	Pulse	55	15150000	1069875	NA
342	Pulse	55	15160000	1079875	NA
342	Pulse	55	15170000	1089875	NA
342	Pulse	55	15180000	1099875	NA
342	Pulse	55	15190000	1109875	NA
342	Pulse	55	15200000	1119875	NA
342	Pulse	55	15210000	1129875	NA
342	Pulse	55	15220000	1139875	NA
342	Pulse	55	15230000	1149875	NA
342	Pulse	55	15240000	1159875	NA
342	Pulse	55	15250000	1169875	NA
342	Pulse	55	15260000	1179875	NA
342	Pulse	55	15270000	1189875	NA
342	Pulse	55	15280000	1199875	NA
342	Pulse	55	15290000	1209875	NA
342	Pulse	55	15300000	1219875	NA
342	Pulse	55	15310000	1229875	NA
342	Pulse	55	15320000	1239875	NA
342	Pulse	55	15330000	1249875	NA
342	Pulse	55	15340000	1259875	NA
342	Pulse	55	15350000	1269875	NA
342	Pulse	55	15360000	1279875	NA
342	Pulse	55	15370000	1289875	NA
342	Pulse	55	15380000	1299875	NA
342	Pulse	55	15390000	1309875	NA
342	Pulse	55	15400000	1319875	NA
342	Pulse	55	15410000	1329875	NA
342	Pulse	55	15420000	1339875	NA
342	Pulse	55	15430000	1349875	NA
342	Pulse	55	15440000	1359875	NA
342	Pulse	55	15450000	1369875	NA
342	Pulse	55	15460000	1379875	NA
342	Pulse	55	15470000	1389875	NA
342	Pulse	55	15480000	1399875	NA
342	Pulse	55	15490000	1409875	NA
342	Pulse	55	15500000	1419875	NA
342	Pulse	55	15510000	1429875	NA
342	Pulse	55	15520000	1439875	NA
342	Pulse	55	15530000	1449875	NA
342	Pulse	55	15540000	1459875	NA
342	Pulse	55	15550000	1469875	NA
342	Pulse	55	15560000	1479875	NA
342	Pulse	55	15570000	1489875	NA
342	Pulse	55	15580000	1499875	NA
342	Pulse	55	15590000	1509875	NA
342	Pulse	55	15600000	1519875	NA
342	Pulse	55	15610000	1529875	NA
342	Pulse	55	15620000	1539875	NA
342	Pulse	55	15630000	1549875	NA
342	Pulse	55	15640000	1559875	NA
342	Pulse	55	15650000	1569875	NA
342	Pulse	55	15660000	1579875	NA
342	Pulse	55	15670000	1589875	NA
342	Pulse	55	15680000	1599875	NA
342	Pulse	55	15690000	1609875	NA
342	Pulse	55	15700000	1619875	NA
342	Pulse	55	15710000	1629875	NA
342	Pulse	55	15720000	1639875	NA
342	Pulse	55	15730000	1649875	NA
342	Pulse	55	15740000	1659875	NA
342	Pulse	55	15750000	1669875	NA
342	Pulse	55	15760000	1679875	NA
342	Pulse	55	15770000	1689875	NA
342	Pulse	55	15780000	1699875	NA
342	Pulse	55	15790000	1709875	NA
342	Pulse	55	15800000	1719875	NA
342	Pulse	55	15810000	1729875	NA
342	Pulse	55	15820000	1739875	NA
342	Pulse	55	15830000	1749875	NA
342	Pulse	55	15840000	1759875	NA
342	Pulse	55	15850000	1769875	NA
342	Pulse	55	15860000	1779875	NA
342	Pulse	55	15870000	1789875	NA
342	Pulse	55	15880000	1799875	NA
342	Pulse	55	15890000	1809875	NA
342	Pulse	55	15900000	1819875	NA
342	Pulse	55	15910000	1829875	NA
342	Pulse	55	15920000	1839875	NA
342	Pulse	55	15930000	1849875	NA
342	Pulse	55	15940000	1859875	NA
342	Pulse	55	15950000	1869875	NA
342	Pulse	55	15960000	1879875	NA
342	Pulse	55	15970000	1889875	NA
342	Pulse	55	15980000	1899875	NA
342	Pulse	55	15990000	1909875	NA
342	Pulse	55	16000000	1919875	NA
342	Pulse	55	16010000	1929875	NA
342	Pulse	55	16020000	1939875	NA
342	Pulse	55	16030000	1949875	NA
342	Pulse	55	16040000	1959875	NA
342	Pulse	55	16050000	1969875	NA
342	Pulse	55	16060000	1979875	NA
342	Pulse	55	16070000	1989875	NA
342	Pulse	55	16080000	1999875	NA
342	Pulse	55	16090000	2009875	NA
342	Pulse	55	16100000	2019875	NA
342	Pulse	55	16110000	2029875	NA
342	Pulse	55	16120000	2039875	NA
342	Pulse	55	16130000	2049875	NA
342	Pulse	55	16140000	2059875	NA
342	Pulse	55	16150000	2069875	NA
342	Pulse	55	16160000	2079875	NA
342	Pulse	55	16170000	2089875	NA
342	Pulse	55	16180000	2099875	NA
342	Pulse	55	16190000	2109875	NA
342	Pulse	55	16200000	2119875	NA
342	Pulse	55	16210000	2129875	NA
342	Pulse	55	16220000	2139875	NA
342	Pulse	55	16230000	2149875	NA
342	Pulse	55	16240000	2159875	NA
342	Pulse	55	16250000	2169875	NA
342	Pulse	55	16260000	2179875	NA
342	Pulse	55	16270000	2189875	NA
342	Pulse	55	16280000	2199875	NA
342	Pulse	55	16290000	2209875	NA
342	Pulse	55	16300000	2219875	NA
342	Pulse	55	16310000	2229875	NA
342	Pulse	55	16320000	2239875	NA
342	Pulse	55	16330000	2249875	NA
342	Pulse	55	16340000	2259875	NA
342	Pulse	55	16350000	2269875	NA
342	Pulse	55	16360000	2279875	NA
342	Pulse	55	16370000	2289875	NA
342	Pulse	55	16380000	2299875	NA
342	Pulse	55	16390000	2309875	NA
342	Pulse	55	16400000	2319875	NA
342	Pulse	55	16410000	2329875	NA
342	Pulse	55	16420000	2339875	NA
342	Pulse	55	16430000	2349875	NA
342	Pulse	55	16440000	2359875	NA
342	Pulse	55	16450000	2369875	NA
342	Pulse	55	16460000	2379875	NA
342	Pulse	55	16470000	2389875	NA
342	Pulse	55	16480000	2399875	NA
342	Pulse	55	16490000	2409875	NA
342	Pulse	55	16500000	2419875	NA
342	Pulse	55	16510000	2429875	NA
342	Pulse	55	16520000	2439875	NA
342	Pulse	55	16530000	2449875	NA
342	Pulse	55	16540000	2459875	NA
342	Pulse	55	16550000	2469875	NA
342	Pulse	55	16560000	2479875	NA
342	Pulse	55	16570000	2489875	NA
342	Pulse	55	16580000	2499875	NA
342	Pulse	55	16590000	2509875	NA
342	Pulse	55	16600000	2519875	NA
342	Pulse	55	16610000	2529875	NA
342	Pulse	55	16620000	2539875	NA
342	Pulse	55	16630000	2549875	NA
342	Pulse	55	16640000	2559875	NA
342	Pulse	55	16650000	2569875	NA
342	Pulse	55	16660000	2579875	NA
342	Pulse	55	16670000	2589875	NA
342	Pulse	55	16680000	2599875	NA
342	Pulse	55	16690000	2609875	NA
342	Pulse	55	16700000	2619875	NA
342	Pulse	55	16710000	2629875	NA
342	Pulse	55	16720000	2639875	NA
342	Pulse	55	16730000	2649875	NA
342	Pulse	55	16740000	2659875	NA
342	Pulse	55	16750000	2669875	NA
342	Pulse	55	16760000	2679875	NA
342	Pulse	55	16770000	2689875	NA
342	Pulse	55	16780000	2699875	NA
342	Pulse	55	16790000	2709875	NA
342	Pulse	55	16800000	2719875	NA
342	Pulse	55	16810000	2729875	NA
342	Pulse	55	16820000	2739875	NA
342	Pulse	55	16830000	2749875	NA
342	Pulse	55	16840000	2759875	NA
342	Pulse	55	16850000	2769875	NA
342	Pulse	55	16860000	2779875	NA
342	Pulse	55	16870000	2789875	NA
342	Pulse	55	16880000	2799875	NA
342	Pulse	55	16890000	2809875	NA
342	Pulse	55	16900000	2819875	NA
342	Pulse	55	16910000	2829875	NA
342	Pulse	55	16920000	2839875	NA
342	Pulse	55	16930000	2849875	NA
342	Pulse	55	16940000	2859875	NA
342	Pulse	55	16950000	2869875	NA
342	Pulse	55	16960000	2879875	NA
342	Pulse	55	16970000	2889875	NA
342	Pulse	55	16980000	2899875	NA
342	Pulse	55	16990000	2909875	NA
342	Pulse	55	17000000	2919875	NA
342	Pulse	55	17010000	2929875	NA
342	Pulse	55	17020000	2939875	NA
342	Pulse	55	17030000	2949875	NA
342	Pulse	55	17040000	2959875	NA
342	Pulse	55	17050000	2969875	NA
342	Pulse	55	17060000	2979875	NA
342	Pulse	55	17070000	2989875	NA
342	Pulse	55	17080000	2999875	NA
342	Pulse	55	17090000	3009875	NA
342	Pulse	55	17100000	3019875	NA
342	Pulse	55	17110000	3029875	NA
342	Pulse	55	17120000	3039875	NA
342	Pulse	55	17130000	3049875	NA
342	Pulse	55	17140000	3059875	NA
342	Pulse	55	17150000	3069875	NA
342	Pulse	55	17160000	3079875	NA
342	Pulse	55	17170000	3089875	NA
342	Pulse	55	17180000	3099875	NA
342	Pulse	55	17190000	3109875	NA
342	Pulse	55	17200000	3119875	NA
342	Pulse	55	17210000	3129875	NA
342	Pulse	55	17220000	3139875	NA
342	Pulse	55	17230000	3149875	NA
342	Pulse	55	17240000	3159875	NA
342	Pulse	55	17250000	3169875	NA
342	Pulse	55	17260000	3179875	NA
342	Pulse	55	17270000	3189875	NA
342	Pulse	55	17280000	3199875	NA
342	Pulse	55	17290000	3209875	NA
342	Pulse	55	17300000	3219875	NA
342	Pulse	55	17310000	3229875	NA
342	Pulse	55	17320000	3239875	NA
342	Pulse	55	17330000	3249875	NA
342	Pulse	55	17340000	3259875	NA
342	Pulse	55	17350000	3269875	NA
342	Pulse	55	17360000	3279875	NA
342	Pulse	55	17370000	3289875	NA
342	Pulse	55	17380000	3299875	NA
342	Pulse	55	17390000	3309875	NA
342	Pulse	55	17400000	3319875	NA
342	Pulse	55	17410000	3329875	NA
342	Pulse	55	17420000	3339875	NA
342	Pulse	55	17430000	3349875	NA
342	Pulse	55	17440000	3359875	NA
342	Pulse	55	17450000	3369875	NA
342	Pulse	55	17460000	3379875	NA
342	Pulse	55	17470000	3389875	NA
342	Pulse	55	17480000	3399875	NA
342	Pulse	55	17490000	3409875	NA
342	Pulse	55	17500000	3419875	NA
342	Pulse	55	17510000	3429875	NA
342	Pulse	55	17520000	3439875	NA
342	Pulse	55	17530000	3449875	NA
342	Pulse	55	17540000	3459875	NA
342	Pulse	55	17550000	3469875	NA
342	Pulse	55	17560000	3479875	NA
342	Pulse	55	17570000	3489875	NA
342	Pulse	55	17580000	3499875	NA
342	Pulse	55	17590000	3509875	NA
342	Pulse	55	17600000	3519875	NA
342	Pulse	55	17610000	3529875	NA
342	Pulse	55	17620000	3539875	NA
342	Pulse	55	17630000	3549875	NA
342	Pulse	55	17640000	3559875	NA
342	Pulse	55	17650000	3569875	NA
342	Pulse	55	17660000	3579875	NA
342	Pulse	55	17670000	3589875	NA
342	Pulse	55	17680000	3599875	NA
342	Pulse	55	17690000	3609875	NA
342	Pulse	55	17700000	3619875	NA
342	Pulse	55	17710000	3629875	NA
342	Pulse	55	17720000	3639875	NA
342	Pulse	55	17730000	3649875	NA
342	Pulse	55	17740000	3659875	NA
342	Pulse	55	17750000	3669875	NA
342	Pulse	55	17760000	3679875	NA
342	Pulse	55	17770000	3689875	NA
342	Pulse	55	17780000	3699875	NA
342	Pulse	55	17790000	3709875	NA
342	Pulse	55	17800000	3719875	NA
342	Pulse	55	17810000	3729875	NA
342	Pulse	55	17820000	3739875	NA
342	Pulse	55	17830000	3749875	NA
342	Pulse	55	17840000	3759875	NA
342	Pulse	55	17850000	3769875	NA
342	Pulse	55	17860000	3779875	NA
342	Pulse	55	17870000	3789875	NA
342	Pulse	55	17880000	3799875	NA
342	Pulse	55	17890000	3809875	NA
342	Pulse	55	17900000	3819875	NA
342	Pulse	55	17910000	3829875	NA
342	Pulse	55	17920000	3839875	NA
342	Pulse	55	17930000	3849875	NA
342	Pulse	55	17940000	3859875	NA
342	Pulse	55	17950000	3869875	NA
342	Pulse	55	17960000	3879875	NA
342	Pulse	55	17970000	3889875	NA
342	Pulse	55	17980000	3899875	NA
342	Pulse	55	17990000	3909875	NA
342	Pulse	55	18000000	3919875	NA
342	Pulse	55	18010000	3929875	NA
342	Pulse	55	18020000	3939875	NA
342	Pulse	55	18030000	3949875	NA
342	Pulse	55	18040000	3959875	NA
342	Pulse	55	18050000	3969875	NA
342	Pulse	55	18060000	3979875	NA
342	Pulse	55	18070000	3989875	NA
342	Pulse	55	18080000	3999875	NA
342	Pulse	55	18090000	4009875	NA
342	Pulse	55	18100000	4019875	NA
342	Pulse	55	18110000	4029875	NA
342	Pulse	55	18120000	4039875	NA
342	Pulse	55	18130000	4049875	NA
342	Pulse	55	18140000	4059875	NA
342	Pulse	55	18150000	4069875	NA
342	Pulse	55	18160000	4079875	NA
342	Pulse	55	18170000	4089875	NA
342	Pulse	55	18180000	4099875	NA
342	Pulse	55	18190000	4109875	NA
342	Pulse	55	18200000	4119875	NA
342	Pulse	55	18210000	4129875	NA
342	Pulse	55	18220000	4139875	NA
342	Pulse	55	18230000	4149875	NA
342	Pulse	55	18240000	4159875	NA
342	Pulse	55	18250000	4169875	NA
342	Pulse	55	18260000	4179875	NA
342	Pulse	55	18270000	4189875	NA
342	Pulse	55	18280000	4199875	NA
342	Pulse	55	18290000	4209875	NA
342	Pulse	55	18300000	4219875	NA
342	Pulse	55	18310000	4229875	NA
342	Pulse	55	18320000	4239875	NA
342	Pulse	55	18330000	4249875	NA
342	Pulse	55	18340000	4259875	NA
342	Pulse	55	18350000	4269875	NA
342	Pulse	55	18360000	4279875	NA
342	Pulse	55	18370000	4289875	NA
342	Pulse	55	18380000	4299875	NA
342	Pulse	55	18390000	4309875	NA
342	Pulse	55	18400000	4319875	NA
342	Pulse	55	18410000	4329875	NA
342	Pulse	55	18420000	4339875	NA
342	Pulse	55	18430000	4349875	NA
342	Pulse	55	18440000	4359875	NA
342	Pulse	55	18450000	4369875	NA
342	Pulse	55	18460000	4379875	NA
342	Pulse	55	18470000	4389875	NA
342	Pulse	55	18480000	4399875	NA
342	Pulse	55	18490000	4409875	NA
342	Pulse	55	18500000	4419875	NA
342	Pulse	55	18510000	4429875	NA
342	Pulse	55	18520000	4439875	NA
342	Pulse	55	18530000	4449875	NA
342	Pulse	55	18540000	4459875	NA
342	Pulse	55	18550000	4469875	NA
342	Pulse	55	18560000	4479875	NA
342	Pulse	55	18570000	4489875	NA
342	Pulse	55	18580000	4499875	NA
342	Pulse	55	18590000	4509875	NA
342	Pulse	55	18600000	4519875	NA
342	Pulse	55	18610000	4529875	NA
342	Pulse	55	18620000	4539875	NA
342	Pulse	55	18630000	4549875	NA
342	Pulse	55	18640000	4559875	NA
342	Pulse	55	18650000	4569875	NA
342	Pulse	55	18660000	4579875	NA
342	Pulse	55	18670000	4589875	NA
342	Pulse	55	18680000	4599875	NA
342	Pulse	55	18690000	4609875	NA
342	Pulse	55	18700000	4619875	NA
342	Pulse	55	18710000	4629875	NA
342	Pulse	55	18720000	4639875	NA
342	Pulse	55	18730000	4649875	NA
342	Pulse	55	18740000	4659875	NA
342	Pulse	55	18750000	4669875	NA
342	Pulse	55	18760000	4679875	NA
342	Pulse	55	18770000	4689875	NA
342	Pulse	55	18780000	4699875	NA
342	Pulse	55	18790000	4709875	NA
342	Pulse	55	18800000	4719875	NA
342	Pulse	55	18810000	4729875	NA
342	Pulse	55	18820000	4739875	NA
342	Pulse	55	18830000	4749875	NA
342	Pulse	55	18840000	4759875	NA
342	Pulse	55	18850000	4769875	NA
342	Pulse	55	18860000	4779875	NA
342	Pulse	55	18870000	4789875	NA
342	Pulse	55	18880000	4799875	NA
342	Pulse	55	18890000	4809875	NA
342	Pulse	55	18900000	4819875	NA
342	Pulse	55	18910000	4829875	NA
342	Pulse	55	18920000	4839875	NA
342	Pulse	55	18930000	4849875	NA
342	Pulse	55	18940000	4859875	NA
342	Pulse	55	18950000	4869875	NA
342	Pulse	55	18960000	4879875	NA
342	Pulse	55	18970000	4889875	NA
342	Pulse	55	18980000	4899875	NA
342	Pulse	55	18990000	4909875	NA
342	Pulse	55	19000000	4919875	NA
342	Pulse	55	19010000	4929875	NA
342	Pulse	55	19020000	4939875	NA
342	Pulse	55	19030000	4949875	NA
342	Pulse	55	19040000	4959875	NA
342	Pulse	55	19050000	4969875	NA
342	Pulse	55	19060000	4979875	NA
342	Pulse	55	19070000	4989875	NA
342	Pulse	55	19080000	4999875	NA
342	Pulse	55	19090000	5009875	NA
342	Response	1	19090691	5010566	1
343	Pulse	55	19100000	9116	NA
343	Pulse	55	19110000	19116	NA
343	Pulse	55	19120000	29116	NA
343	Pulse	55	19130000	39116	NA
343	Pulse	55	19140000	49116	NA
343	Pulse	55	19150000	59116	NA
343	Pulse	55	19160000	69116	NA
343	Pulse	55	19170000	79116	NA
343	Pulse	55	19180000	89116	NA
343	Pulse	55	19190000	99116	NA
343	Pulse	55	19200000	109116	NA
343	Pulse	55	19210000	119116	NA
343	Pulse	55	19220000	129116	NA
343	Pulse	55	19230000	139116	NA
343	Pulse	55	19240000	149116	NA
343	Pulse	55	19250000	159116	NA
343	Pulse	55	19260000	169116	NA
343	Pulse	55	19270000	179116	NA
343	Pulse	55	19280000	189116	NA
343	Pulse	55	19290000	199116	NA
343	Pulse	55	19300000	209116	NA
343	Pulse	55	19310000	219116	NA
343	Pulse	55	19320000	229116	NA
343	Pulse	55	19330000	239116	NA
343	Pulse	55	19340000	249116	NA
343	Pulse	55	19350000	259116	NA
343	Pulse	55	19360000	269116	NA
343	Pulse	55	19370000	279116	NA
343	Pulse	55	19380000	289116	NA
343	Pulse	55	19390000	299116	NA
343	Pulse	55	19400000	309116	NA
343	Pulse	55	19410000	319116	NA
343	Pulse	55	19420000	329116	NA
343	Pulse	55	19430000	339116	NA
343	Pulse	55	19440000	349116	NA
343	Pulse	55	19450000	359116	NA
343	Pulse	55	19460000	369116	NA
343	Pulse	55	19470000	379116	NA
343	Pulse	55	19480000	389116	NA
343	Pulse	55	19490000	399116	NA
343	Pulse	55	19500000	409116	NA
343	Pulse	55	19510000	419116	NA
343	Pulse	55	19520000	429116	NA
343	Pulse	55	19530000	439116	NA
343	Pulse	55	19540000	449116	NA
343	Pulse	55	19550000	459116	NA
343	Pulse	55	19560000	469116	NA
343	Pulse	55	19570000	479116	NA
343	Pulse	55	19580000	489116	NA
343	Pulse	55	19590000	499116	NA
343	Pulse	55	19600000	509116	NA
343	Pulse	55	19610000	519116	NA
343	Pulse	55	19620000	529116	NA
343	Pulse	55	19630000	539116	NA
343	Pulse	55	19640000	549116	NA
343	Pulse	55	19650000	559116	NA
343	Pulse	55	19660000	569116	NA
343	Pulse	55	19670000	579116	NA
343	Pulse	55	19680000	589116	NA
343	Pulse	55	19690000	599116	NA
343	Pulse	55	19700000	609116	NA
343	Pulse	55	19710000	619116	NA
343	Pulse	55	19720000	629116	NA
343	Pulse	55	19730000	639116	NA
343	Pulse	55	19740000	649116	NA
343	Pulse	55	19750000	659116	NA
343	Pulse	55	19760000	669116	NA
343	Pulse	55	19770000	679116	NA
343	Pulse	55	19780000	689116	NA
343	Pulse	55	19790000	699116	NA
343	Pulse	55	19800000	709116	NA
343	Pulse	55	19810000	719116	NA
343	Pulse	55	19820000	729116	NA
343	Pulse	55	19830000	739116	NA
343	Pulse	55	19840000	749116	NA
343	Pulse	55	19850000	759116	NA
343	Pulse	55	19860000	769116	NA
343	Pulse	55	19870000	779116	NA
343	Pulse	55	19880000	789116	NA
343	Pulse	55	19890000	799116	NA
343	Pulse	55	19900000	809116	NA
343	Pulse	55	19910000	819116	NA
343	Pulse	55	19920000	829116	NA
343	Pulse	55	19930000	839116	NA
343	Pulse	55	19940000	849116	NA
343	Pulse	55	19950000	859116	NA
343	Pulse	55	19960000	869116	NA
343	Pulse	55	19970000	879116	NA
343	Pulse	55	19980000	889116	NA
343	Pulse	55	19990000	899116	NA
343	Pulse	55	20000000	909116	NA
343	Pulse	55	20010000	919116	NA
343	Pulse	55	20020000	929116	NA
343	Pulse	55	20030000	939116	NA
343	Pulse	55	20040000	949116	NA
343	Pulse	55	20050000	959116	NA
343	Pulse	55	20060000	969116	NA
343	Pulse	55	20070000	979116	NA
343	Pulse	55	20080000	989116	NA
343	Pulse	55	20090000	999116	NA
343	Pulse	55	20100000	1009116	NA
343	Pulse	55	20110000	1019116	NA
343	Pulse	55	20120000	1029116	NA
343	Pulse	55	20130000	1039116	NA
343	Pulse	55	20140000	1049116	NA
343	Pulse	55	20150000	1059116	NA
343	Pulse	55	20160000	1069116	NA
343	Pulse	55	20170000	1079116	NA
343	Pulse	55	20180000	1089116	NA
343	Pulse	55	20190000	1099116	NA
343	Pulse	55	20200000	1109116	NA
343	Pulse	55	20210000	1119116	NA
343	Pulse	55	20220000	1129116	NA
343	Pulse	55	20230000	1139116	NA
343	Pulse	55	20240000	1149116	NA
343	Pulse	55	20250000	1159116	NA
343	Pulse	55	20260000	1169116	NA
343	Pulse	55	20270000	1179116	NA
343	Pulse	55	20280000	1189116	NA
343	Pulse	55	20290000	1199116	NA
343	Pulse	55	20300000	1209116	NA
343	Pulse	55	20310000	1219116	NA
343	Pulse	55	20320000	1229116	NA
343	Pulse	55	20330000	1239116	NA
343	Pulse	55	20340000	1249116	NA
343	Pulse	55	20350000	1259116	NA
343	Pulse	55	20360000	1269116	NA
343	Pulse	55	20370000	1279116	NA
343	Pulse	55	20380000	1289116	NA
343	Pulse	55	20390000	1299116	NA
343	Pulse	55	20400000	1309116	NA
343	Pulse	55	20410000	1319116	NA
343	Pulse	55	20420000	1329116	NA
343	Pulse	55	20430000	1339116	NA
343	Pulse	55	20440000	1349116	NA
343	Pulse	55	20450000	1359116	NA
343	Pulse	55	20460000	1369116	NA
343	Pulse	55	20470000	1379116	NA
343	Pulse	55	20480000	1389116	NA
343	Pulse	55	20490000	1399116	NA
343	Pulse	55	20500000	1409116	NA
343	Pulse	55	20510000	1419116	NA
343	Pulse	55	20520000	1429116	NA
343	Pulse	55	20530000	1439116	NA
343	Pulse	55	20540000	1449116	NA
343	Pulse	55	20550000	1459116	NA
343	Pulse	55	20560000	1469116	NA
343	Pulse	55	20570000	1479116	NA
343	Pulse	55	20580000	1489116	NA
343	Pulse	55	20590000	1499116	NA
343	Pulse	55	20600000	1509116	NA
343	Pulse	55	20610000	1519116	NA
343	Pulse	55	20620000	1529116	NA
343	Pulse	55	20630000	1539116	NA
343	Pulse	55	20640000	1549116	NA
343	Pulse	55	20650000	1559116	NA
343	Pulse	55	20660000	1569116	NA
343	Pulse	55	20670000	1579116	NA
343	Pulse	55	20680000	1589116	NA
343	Pulse	55	20690000	1599116	NA
343	Pulse	55	20700000	1609116	NA
343	Pulse	55	20710000	1619116	NA
343	Pulse	55	20720000	1629116	NA
343	Pulse	55	20730000	1639116	NA
343	Pulse	55	20740000	1649116	NA
343	Pulse	55	20750000	1659116	NA
343	Pulse	55	20760000	1669116	NA
343	Pulse	55	20770000	1679116	NA
343	Pulse	55	20780000	1689116	NA
343	Pulse	55	20790000	1699116	NA
343	Pulse	55	20800000	1709116	NA
343	Pulse	55	20810000	1719116	NA
343	Pulse	55	20820000	1729116	NA
343	Pulse	55	20830000	1739116	NA
343	Pulse	55	20840000	1749116	NA
343	Pulse	55	20850000	1759116	NA
343	Pulse	55	20860000	1769116	NA
343	Pulse	55	20870000	1779116	NA
343	Pulse	55	20880000	1789116	NA
343	Pulse	55	20890000	1799116	NA
343	Pulse	55	20900000	1809116	NA
343	Pulse	55	20910000	1819116	NA
343	Response	1	20913087	1822203	1
