Scenario - Slideshow_D2.sce
Logfile written - 12/01/2021 19:13:58

Trial	Event Type	Code	Time	TTime	Uncertainty	Duration	Uncertainty	ReqTime	ReqDur	Stim Type	Pair Index

0	Pulse	55	0	0	NA
1	Pulse	55	10000	9333	NA
1	Pulse	55	20000	19333	NA
1	Pulse	55	30000	29333	NA
1	Pulse	55	40000	39333	NA
2	Pulse	55	50000	8737	NA
2	Pulse	55	60000	18737	NA
2	Pulse	55	70000	28737	NA
2	Pulse	55	80000	38737	NA
3	Pulse	55	90000	8140	NA
3	Pulse	55	100000	18140	NA
3	Pulse	55	110000	28140	NA
3	Pulse	55	120000	38140	NA
4	Pulse	55	130000	7543	NA
4	Pulse	55	140000	17543	NA
4	Pulse	55	150000	27543	NA
4	Pulse	55	160000	37543	NA
5	Pulse	55	170000	6947	NA
5	Pulse	55	180000	16947	NA
5	Pulse	55	190000	26947	NA
5	Pulse	55	200000	36947	NA
6	Pulse	55	210000	6350	NA
6	Pulse	55	220000	16350	NA
6	Pulse	55	230000	26350	NA
6	Pulse	55	240000	36350	NA
7	Pulse	55	250000	5753	NA
7	Pulse	55	260000	15753	NA
7	Pulse	55	270000	25753	NA
7	Pulse	55	280000	35753	NA
8	Pulse	55	290000	5157	NA
8	Pulse	55	300000	15157	NA
8	Pulse	55	310000	25157	NA
8	Pulse	55	320000	35157	NA
9	Pulse	55	330000	4560	NA
9	Pulse	55	340000	14560	NA
9	Pulse	55	350000	24560	NA
9	Pulse	55	360000	34560	NA
10	Pulse	55	370000	4047	NA
10	Pulse	55	380000	14047	NA
10	Pulse	55	390000	24047	NA
10	Pulse	55	400000	34047	NA
11	Pulse	55	410000	3533	NA
11	Pulse	55	420000	13533	NA
11	Pulse	55	430000	23533	NA
11	Pulse	55	440000	33533	NA
12	Pulse	55	450000	3020	NA
12	Pulse	55	460000	13020	NA
12	Pulse	55	470000	23020	NA
12	Pulse	55	480000	33020	NA
13	Pulse	55	490000	2423	NA
13	Pulse	55	500000	12423	NA
13	Pulse	55	510000	22423	NA
13	Pulse	55	520000	32423	NA
14	Pulse	55	530000	1827	NA
14	Pulse	55	540000	11827	NA
14	Pulse	55	550000	21827	NA
14	Pulse	55	560000	31827	NA
15	Pulse	55	570000	1230	NA
15	Pulse	55	580000	11230	NA
15	Pulse	55	590000	21230	NA
15	Pulse	55	600000	31230	NA
16	Pulse	55	610000	633	NA
16	Pulse	55	620000	10633	NA
16	Pulse	55	630000	20633	NA
16	Pulse	55	640000	30633	NA
17	Pulse	55	650000	37	NA
17	Pulse	55	660000	10037	NA
17	Pulse	55	670000	20037	NA
17	Pulse	55	680000	30037	NA
17	Pulse	55	690000	40037	NA
18	Pulse	55	700000	9440	NA
18	Pulse	55	710000	19440	NA
18	Pulse	55	720000	29440	NA
18	Pulse	55	730000	39440	NA
19	Pulse	55	740000	8843	NA
19	Pulse	55	750000	18843	NA
19	Pulse	55	760000	28843	NA
19	Pulse	55	770000	38843	NA
20	Pulse	55	780000	8246	NA
20	Pulse	55	790000	18246	NA
20	Pulse	55	800000	28246	NA
20	Pulse	55	810000	38246	NA
21	Pulse	55	820000	7650	NA
21	Pulse	55	830000	17650	NA
21	Pulse	55	840000	27650	NA
21	Pulse	55	850000	37650	NA
22	Pulse	55	860000	7053	NA
22	Pulse	55	870000	17053	NA
22	Pulse	55	880000	27053	NA
22	Pulse	55	890000	37053	NA
23	Pulse	55	900000	6456	NA
23	Pulse	55	910000	16456	NA
23	Pulse	55	920000	26456	NA
23	Pulse	55	930000	36456	NA
24	Pulse	55	940000	5860	NA
24	Pulse	55	950000	15860	NA
24	Pulse	55	960000	25860	NA
24	Pulse	55	970000	35860	NA
25	Pulse	55	980000	5263	NA
25	Pulse	55	990000	15263	NA
25	Pulse	55	1000000	25263	NA
25	Pulse	55	1010000	35263	NA
26	Pulse	55	1020000	4666	NA
26	Pulse	55	1030000	14666	NA
26	Pulse	55	1040000	24666	NA
26	Pulse	55	1050000	34666	NA
27	Pulse	55	1060000	4070	NA
27	Pulse	55	1070000	14070	NA
27	Pulse	55	1080000	24070	NA
27	Pulse	55	1090000	34070	NA
28	Pulse	55	1100000	3473	NA
28	Pulse	55	1110000	13473	NA
28	Pulse	55	1120000	23473	NA
28	Pulse	55	1130000	33473	NA
29	Pulse	55	1140000	2876	NA
29	Pulse	55	1150000	12876	NA
29	Pulse	55	1160000	22876	NA
29	Pulse	55	1170000	32876	NA
30	Pulse	55	1180000	2280	NA
30	Pulse	55	1190000	12280	NA
30	Pulse	55	1200000	22280	NA
30	Pulse	55	1210000	32280	NA
31	Pulse	55	1220000	1683	NA
31	Pulse	55	1230000	11683	NA
31	Pulse	55	1240000	21683	NA
31	Pulse	55	1250000	31683	NA
32	Pulse	55	1260000	1086	NA
32	Pulse	55	1270000	11086	NA
32	Pulse	55	1280000	21086	NA
32	Pulse	55	1290000	31086	NA
33	Pulse	55	1300000	490	NA
33	Pulse	55	1310000	10490	NA
33	Pulse	55	1320000	20490	NA
33	Pulse	55	1330000	30490	NA
33	Pulse	55	1340000	40490	NA
34	Pulse	55	1350000	9893	NA
34	Pulse	55	1360000	19893	NA
34	Pulse	55	1370000	29893	NA
34	Pulse	55	1380000	39893	NA
35	Pulse	55	1390000	9296	NA
35	Pulse	55	1400000	19296	NA
35	Pulse	55	1410000	29296	NA
35	Pulse	55	1420000	39296	NA
36	Pulse	55	1430000	8700	NA
36	Pulse	55	1440000	18700	NA
36	Pulse	55	1450000	28700	NA
36	Pulse	55	1460000	38700	NA
37	Pulse	55	1470000	8103	NA
37	Pulse	55	1480000	18103	NA
37	Pulse	55	1490000	28103	NA
37	Pulse	55	1500000	38103	NA
38	Pulse	55	1510000	7340	NA
38	Pulse	55	1520000	17340	NA
38	Pulse	55	1530000	27340	NA
38	Pulse	55	1540000	37340	NA
39	Pulse	55	1550000	6743	NA
39	Pulse	55	1560000	16743	NA
39	Pulse	55	1570000	26743	NA
39	Pulse	55	1580000	36743	NA
40	Pulse	55	1590000	6146	NA
40	Pulse	55	1600000	16146	NA
40	Pulse	55	1610000	26146	NA
40	Pulse	55	1620000	36146	NA
41	Pulse	55	1630000	5550	NA
41	Pulse	55	1640000	15550	NA
41	Pulse	55	1650000	25550	NA
41	Pulse	55	1660000	35550	NA
42	Pulse	55	1670000	4870	NA
42	Pulse	55	1680000	14870	NA
42	Pulse	55	1690000	24870	NA
42	Pulse	55	1700000	34870	NA
43	Pulse	55	1710000	4273	NA
43	Pulse	55	1720000	14273	NA
43	Pulse	55	1730000	24273	NA
43	Pulse	55	1740000	34273	NA
44	Pulse	55	1750000	3676	NA
44	Pulse	55	1760000	13676	NA
44	Pulse	55	1770000	23676	NA
44	Pulse	55	1780000	33676	NA
45	Pulse	55	1790000	3080	NA
45	Pulse	55	1800000	13080	NA
45	Pulse	55	1810000	23080	NA
45	Pulse	55	1820000	33080	NA
46	Pulse	55	1830000	2400	NA
46	Pulse	55	1840000	12400	NA
46	Pulse	55	1850000	22400	NA
46	Pulse	55	1860000	32400	NA
47	Pulse	55	1870000	1803	NA
47	Pulse	55	1880000	11803	NA
47	Pulse	55	1890000	21803	NA
47	Pulse	55	1900000	31803	NA
48	Pulse	55	1910000	1206	NA
48	Pulse	55	1920000	11206	NA
48	Pulse	55	1930000	21206	NA
48	Pulse	55	1940000	31206	NA
49	Pulse	55	1950000	526	NA
49	Pulse	55	1960000	10526	NA
49	Pulse	55	1970000	20526	NA
49	Pulse	55	1980000	30526	NA
49	Pulse	55	1990000	40526	NA
50	Pulse	55	2000000	9929	NA
50	Pulse	55	2010000	19929	NA
50	Pulse	55	2020000	29929	NA
50	Pulse	55	2030000	39929	NA
51	Pulse	55	2040000	9333	NA
51	Pulse	55	2050000	19333	NA
51	Pulse	55	2060000	29333	NA
51	Pulse	55	2070000	39333	NA
52	Pulse	55	2080000	8736	NA
52	Pulse	55	2090000	18736	NA
52	Pulse	55	2100000	28736	NA
52	Pulse	55	2110000	38736	NA
53	Pulse	55	2120000	8056	NA
53	Pulse	55	2130000	18056	NA
53	Pulse	55	2140000	28056	NA
53	Pulse	55	2150000	38056	NA
54	Pulse	55	2160000	7459	NA
54	Pulse	55	2170000	17459	NA
54	Pulse	55	2180000	27459	NA
54	Pulse	55	2190000	37459	NA
55	Pulse	55	2200000	6863	NA
55	Pulse	55	2210000	16863	NA
55	Pulse	55	2220000	26863	NA
55	Pulse	55	2230000	36863	NA
56	Pulse	55	2240000	6183	NA
56	Pulse	55	2250000	16183	NA
56	Pulse	55	2260000	26183	NA
56	Pulse	55	2270000	36183	NA
57	Pulse	55	2280000	5586	NA
57	Pulse	55	2290000	15586	NA
57	Pulse	55	2300000	25586	NA
57	Pulse	55	2310000	35586	NA
58	Pulse	55	2320000	4989	NA
58	Pulse	55	2330000	14989	NA
58	Pulse	55	2340000	24989	NA
58	Pulse	55	2350000	34989	NA
59	Pulse	55	2360000	4393	NA
59	Pulse	55	2370000	14393	NA
59	Pulse	55	2380000	24393	NA
59	Pulse	55	2390000	34393	NA
60	Pulse	55	2400000	3796	NA
60	Pulse	55	2410000	13796	NA
60	Pulse	55	2420000	23796	NA
60	Pulse	55	2430000	33796	NA
61	Pulse	55	2440000	3116	NA
61	Pulse	55	2450000	13116	NA
61	Pulse	55	2460000	23116	NA
61	Pulse	55	2470000	33116	NA
62	Pulse	55	2480000	2519	NA
62	Pulse	55	2490000	12519	NA
62	Pulse	55	2500000	22519	NA
62	Pulse	55	2510000	32519	NA
63	Pulse	55	2520000	1839	NA
63	Pulse	55	2530000	11839	NA
63	Pulse	55	2540000	21839	NA
63	Pulse	55	2550000	31839	NA
64	Pulse	55	2560000	1242	NA
64	Pulse	55	2570000	11242	NA
64	Pulse	55	2580000	21242	NA
64	Pulse	55	2590000	31242	NA
65	Pulse	55	2600000	562	NA
65	Pulse	55	2610000	10562	NA
65	Pulse	55	2620000	20562	NA
65	Pulse	55	2630000	30562	NA
65	Pulse	55	2640000	40562	NA
66	Pulse	55	2650000	9966	NA
66	Pulse	55	2660000	19966	NA
66	Pulse	55	2670000	29966	NA
66	Pulse	55	2680000	39966	NA
67	Pulse	55	2690000	9286	NA
67	Pulse	55	2700000	19286	NA
67	Pulse	55	2710000	29286	NA
67	Pulse	55	2720000	39286	NA
68	Pulse	55	2730000	8689	NA
68	Pulse	55	2740000	18689	NA
68	Pulse	55	2750000	28689	NA
68	Pulse	55	2760000	38689	NA
69	Pulse	55	2770000	8092	NA
69	Pulse	55	2780000	18092	NA
69	Pulse	55	2790000	28092	NA
69	Pulse	55	2800000	38092	NA
70	Pulse	55	2810000	7496	NA
70	Pulse	55	2820000	17496	NA
70	Pulse	55	2830000	27496	NA
70	Pulse	55	2840000	37496	NA
71	Pulse	55	2850000	6899	NA
71	Pulse	55	2860000	16899	NA
71	Pulse	55	2870000	26899	NA
71	Pulse	55	2880000	36899	NA
72	Pulse	55	2890000	6302	NA
72	Pulse	55	2900000	16302	NA
72	Pulse	55	2910000	26302	NA
72	Pulse	55	2920000	36302	NA
73	Pulse	55	2930000	5622	NA
73	Pulse	55	2940000	15622	NA
73	Pulse	55	2950000	25622	NA
73	Pulse	55	2960000	35622	NA
74	Pulse	55	2970000	5026	NA
74	Pulse	55	2980000	15026	NA
74	Pulse	55	2990000	25026	NA
74	Pulse	55	3000000	35026	NA
75	Pulse	55	3010000	4429	NA
75	Pulse	55	3020000	14429	NA
75	Pulse	55	3030000	24429	NA
75	Pulse	55	3040000	34429	NA
76	Pulse	55	3050000	3832	NA
76	Pulse	55	3060000	13832	NA
76	Pulse	55	3070000	23832	NA
76	Pulse	55	3080000	33832	NA
77	Pulse	55	3090000	3236	NA
77	Pulse	55	3100000	13236	NA
77	Pulse	55	3110000	23236	NA
77	Pulse	55	3120000	33236	NA
78	Pulse	55	3130000	2639	NA
78	Pulse	55	3140000	12639	NA
78	Pulse	55	3150000	22639	NA
78	Pulse	55	3160000	32639	NA
79	Pulse	55	3170000	2042	NA
79	Pulse	55	3180000	12042	NA
79	Pulse	55	3190000	22042	NA
79	Pulse	55	3200000	32042	NA
80	Pulse	55	3210000	1446	NA
80	Pulse	55	3220000	11446	NA
80	Pulse	55	3230000	21446	NA
80	Pulse	55	3240000	31446	NA
81	Pulse	55	3250000	849	NA
81	Pulse	55	3260000	10849	NA
81	Pulse	55	3270000	20849	NA
81	Pulse	55	3280000	30849	NA
82	Pulse	55	3290000	169	NA
82	Pulse	55	3300000	10169	NA
82	Pulse	55	3310000	20169	NA
82	Pulse	55	3320000	30169	NA
82	Pulse	55	3330000	40169	NA
83	Pulse	55	3340000	9572	NA
83	Pulse	55	3350000	19572	NA
83	Pulse	55	3360000	29572	NA
83	Pulse	55	3370000	39572	NA
84	Pulse	55	3380000	8975	NA
84	Pulse	55	3390000	18975	NA
84	Pulse	55	3400000	28975	NA
84	Pulse	55	3410000	38975	NA
85	Pulse	55	3420000	8379	NA
85	Pulse	55	3430000	18379	NA
85	Pulse	55	3440000	28379	NA
85	Pulse	55	3450000	38379	NA
86	Pulse	55	3460000	7782	NA
86	Pulse	55	3470000	17782	NA
86	Pulse	55	3480000	27782	NA
86	Pulse	55	3490000	37782	NA
87	Pulse	55	3500000	7185	NA
87	Pulse	55	3510000	17185	NA
87	Pulse	55	3520000	27185	NA
87	Pulse	55	3530000	37185	NA
88	Pulse	55	3540000	6589	NA
88	Pulse	55	3550000	16589	NA
88	Pulse	55	3560000	26589	NA
88	Pulse	55	3570000	36589	NA
89	Pulse	55	3580000	5992	NA
89	Pulse	55	3590000	15992	NA
89	Pulse	55	3600000	25992	NA
89	Pulse	55	3610000	35992	NA
90	Pulse	55	3620000	5395	NA
90	Pulse	55	3630000	15395	NA
90	Pulse	55	3640000	25395	NA
90	Pulse	55	3650000	35395	NA
91	Pulse	55	3660000	4799	NA
91	Pulse	55	3670000	14799	NA
91	Pulse	55	3680000	24799	NA
91	Pulse	55	3690000	34799	NA
92	Pulse	55	3700000	4202	NA
92	Pulse	55	3710000	14202	NA
92	Pulse	55	3720000	24202	NA
92	Pulse	55	3730000	34202	NA
93	Pulse	55	3740000	3605	NA
93	Pulse	55	3750000	13605	NA
93	Pulse	55	3760000	23605	NA
93	Pulse	55	3770000	33605	NA
94	Pulse	55	3780000	3009	NA
94	Pulse	55	3790000	13009	NA
94	Pulse	55	3800000	23009	NA
94	Pulse	55	3810000	33009	NA
95	Pulse	55	3820000	2412	NA
95	Pulse	55	3830000	12412	NA
95	Pulse	55	3840000	22412	NA
95	Pulse	55	3850000	32412	NA
96	Pulse	55	3860000	1815	NA
96	Pulse	55	3870000	11815	NA
96	Pulse	55	3880000	21815	NA
96	Pulse	55	3890000	31815	NA
97	Pulse	55	3900000	1219	NA
97	Pulse	55	3910000	11219	NA
97	Pulse	55	3920000	21219	NA
97	Pulse	55	3930000	31219	NA
98	Pulse	55	3940000	622	NA
98	Pulse	55	3950000	10622	NA
98	Pulse	55	3960000	20622	NA
98	Pulse	55	3970000	30622	NA
99	Pulse	55	3980000	25	NA
99	Pulse	55	3990000	10025	NA
99	Pulse	55	4000000	20025	NA
99	Pulse	55	4010000	30025	NA
99	Pulse	55	4020000	40025	NA
100	Pulse	55	4030000	9429	NA
100	Pulse	55	4040000	19429	NA
100	Pulse	55	4050000	29429	NA
100	Pulse	55	4060000	39429	NA
101	Pulse	55	4070000	8832	NA
101	Pulse	55	4080000	18832	NA
101	Pulse	55	4090000	28832	NA
101	Pulse	55	4100000	38832	NA
102	Pulse	55	4110000	8235	NA
102	Pulse	55	4120000	18235	NA
102	Pulse	55	4130000	28235	NA
102	Pulse	55	4140000	38235	NA
103	Pulse	55	4150000	7639	NA
103	Pulse	55	4160000	17639	NA
103	Pulse	55	4170000	27639	NA
103	Pulse	55	4180000	37639	NA
104	Pulse	55	4190000	7042	NA
104	Pulse	55	4200000	17042	NA
104	Pulse	55	4210000	27042	NA
104	Pulse	55	4220000	37042	NA
105	Pulse	55	4230000	6445	NA
105	Pulse	55	4240000	16445	NA
105	Pulse	55	4250000	26445	NA
105	Pulse	55	4260000	36445	NA
106	Pulse	55	4270000	5849	NA
106	Pulse	55	4280000	15849	NA
106	Pulse	55	4290000	25849	NA
106	Pulse	55	4300000	35849	NA
107	Pulse	55	4310000	5335	NA
107	Pulse	55	4320000	15335	NA
107	Pulse	55	4330000	25335	NA
107	Pulse	55	4340000	35335	NA
108	Pulse	55	4350000	4822	NA
108	Pulse	55	4360000	14822	NA
108	Pulse	55	4370000	24822	NA
108	Pulse	55	4380000	34822	NA
109	Pulse	55	4390000	4225	NA
109	Pulse	55	4400000	14225	NA
109	Pulse	55	4410000	24225	NA
109	Pulse	55	4420000	34225	NA
110	Pulse	55	4430000	3629	NA
110	Pulse	55	4440000	13629	NA
110	Pulse	55	4450000	23629	NA
110	Pulse	55	4460000	33629	NA
111	Pulse	55	4470000	3032	NA
111	Pulse	55	4480000	13032	NA
111	Pulse	55	4490000	23032	NA
111	Pulse	55	4500000	33032	NA
112	Pulse	55	4510000	2435	NA
112	Pulse	55	4520000	12435	NA
112	Pulse	55	4530000	22435	NA
112	Pulse	55	4540000	32435	NA
113	Pulse	55	4550000	1838	NA
113	Pulse	55	4560000	11838	NA
113	Pulse	55	4570000	21838	NA
113	Pulse	55	4580000	31838	NA
114	Pulse	55	4590000	1242	NA
114	Pulse	55	4600000	11242	NA
114	Pulse	55	4610000	21242	NA
114	Pulse	55	4620000	31242	NA
115	Pulse	55	4630000	729	NA
115	Pulse	55	4640000	10729	NA
115	Pulse	55	4650000	20729	NA
115	Pulse	55	4660000	30729	NA
116	Pulse	55	4670000	132	NA
116	Pulse	55	4680000	10132	NA
116	Pulse	55	4690000	20132	NA
116	Pulse	55	4700000	30132	NA
116	Pulse	55	4710000	40132	NA
117	Pulse	55	4720000	9535	NA
117	Pulse	55	4730000	19535	NA
117	Pulse	55	4740000	29535	NA
117	Pulse	55	4750000	39535	NA
118	Pulse	55	4760000	9022	NA
118	Pulse	55	4770000	19022	NA
118	Pulse	55	4780000	29022	NA
118	Pulse	55	4790000	39022	NA
119	Pulse	55	4800000	8509	NA
119	Pulse	55	4810000	18509	NA
119	Pulse	55	4820000	28509	NA
119	Pulse	55	4830000	38509	NA
120	Pulse	55	4840000	7912	NA
120	Pulse	55	4850000	17912	NA
120	Pulse	55	4860000	27912	NA
120	Pulse	55	4870000	37912	NA
121	Pulse	55	4880000	7399	NA
121	Pulse	55	4890000	17399	NA
121	Pulse	55	4900000	27399	NA
121	Pulse	55	4910000	37399	NA
122	Pulse	55	4920000	6802	NA
122	Pulse	55	4930000	16802	NA
122	Pulse	55	4940000	26802	NA
122	Pulse	55	4950000	36802	NA
123	Pulse	55	4960000	6289	NA
123	Pulse	55	4970000	16289	NA
123	Pulse	55	4980000	26289	NA
123	Pulse	55	4990000	36289	NA
124	Pulse	55	5000000	5775	NA
124	Pulse	55	5010000	15775	NA
124	Pulse	55	5020000	25775	NA
124	Pulse	55	5030000	35775	NA
125	Pulse	55	5040000	5262	NA
125	Pulse	55	5050000	15262	NA
125	Pulse	55	5060000	25262	NA
125	Pulse	55	5070000	35262	NA
126	Pulse	55	5080000	4665	NA
126	Pulse	55	5090000	14665	NA
126	Pulse	55	5100000	24665	NA
126	Pulse	55	5110000	34665	NA
127	Pulse	55	5120000	4069	NA
127	Pulse	55	5130000	14069	NA
127	Pulse	55	5140000	24069	NA
127	Pulse	55	5150000	34069	NA
128	Pulse	55	5160000	3472	NA
128	Pulse	55	5170000	13472	NA
128	Pulse	55	5180000	23472	NA
128	Pulse	55	5190000	33472	NA
129	Pulse	55	5200000	2875	NA
129	Pulse	55	5210000	12875	NA
129	Pulse	55	5220000	22875	NA
129	Pulse	55	5230000	32875	NA
130	Pulse	55	5240000	2279	NA
130	Pulse	55	5250000	12279	NA
130	Pulse	55	5260000	22279	NA
130	Pulse	55	5270000	32279	NA
131	Pulse	55	5280000	1682	NA
131	Pulse	55	5290000	11682	NA
131	Pulse	55	5300000	21682	NA
131	Pulse	55	5310000	31682	NA
132	Pulse	55	5320000	1169	NA
132	Pulse	55	5330000	11169	NA
132	Pulse	55	5340000	21169	NA
132	Pulse	55	5350000	31169	NA
133	Pulse	55	5360000	572	NA
133	Pulse	55	5370000	10572	NA
133	Pulse	55	5380000	20572	NA
133	Pulse	55	5390000	30572	NA
133	Pulse	55	5400000	40572	NA
134	Pulse	55	5410000	9975	NA
134	Pulse	55	5420000	19975	NA
134	Pulse	55	5430000	29975	NA
134	Pulse	55	5440000	39975	NA
135	Pulse	55	5450000	9378	NA
135	Pulse	55	5460000	19378	NA
135	Pulse	55	5470000	29378	NA
135	Pulse	55	5480000	39378	NA
136	Pulse	55	5490000	8782	NA
136	Pulse	55	5500000	18782	NA
136	Pulse	55	5510000	28782	NA
136	Pulse	55	5520000	38782	NA
137	Pulse	55	5530000	8185	NA
137	Pulse	55	5540000	18185	NA
137	Pulse	55	5550000	28185	NA
137	Pulse	55	5560000	38185	NA
138	Pulse	55	5570000	7672	NA
138	Pulse	55	5580000	17672	NA
138	Pulse	55	5590000	27672	NA
138	Pulse	55	5600000	37672	NA
139	Pulse	55	5610000	7075	NA
139	Pulse	55	5620000	17075	NA
139	Pulse	55	5630000	27075	NA
139	Pulse	55	5640000	37075	NA
140	Pulse	55	5650000	6478	NA
140	Pulse	55	5660000	16478	NA
140	Pulse	55	5670000	26478	NA
140	Pulse	55	5680000	36478	NA
141	Pulse	55	5690000	5965	NA
141	Pulse	55	5700000	15965	NA
141	Pulse	55	5710000	25965	NA
141	Pulse	55	5720000	35965	NA
142	Pulse	55	5730000	5368	NA
142	Pulse	55	5740000	15368	NA
142	Pulse	55	5750000	25368	NA
142	Pulse	55	5760000	35368	NA
143	Pulse	55	5770000	4772	NA
143	Pulse	55	5780000	14772	NA
143	Pulse	55	5790000	24772	NA
143	Pulse	55	5800000	34772	NA
144	Pulse	55	5810000	4258	NA
144	Pulse	55	5820000	14258	NA
144	Pulse	55	5830000	24258	NA
144	Pulse	55	5840000	34258	NA
145	Pulse	55	5850000	3745	NA
145	Pulse	55	5860000	13745	NA
145	Pulse	55	5870000	23745	NA
145	Pulse	55	5880000	33745	NA
146	Pulse	55	5890000	3148	NA
146	Pulse	55	5900000	13148	NA
146	Pulse	55	5910000	23148	NA
146	Pulse	55	5920000	33148	NA
147	Pulse	55	5930000	2552	NA
147	Pulse	55	5940000	12552	NA
147	Pulse	55	5950000	22552	NA
147	Pulse	55	5960000	32552	NA
148	Pulse	55	5970000	1955	NA
148	Pulse	55	5980000	11955	NA
148	Pulse	55	5990000	21955	NA
148	Pulse	55	6000000	31955	NA
149	Pulse	55	6010000	1358	NA
149	Pulse	55	6020000	11358	NA
149	Pulse	55	6030000	21358	NA
149	Pulse	55	6040000	31358	NA
150	Pulse	55	6050000	762	NA
150	Pulse	55	6060000	10762	NA
150	Pulse	55	6070000	20762	NA
150	Pulse	55	6080000	30762	NA
151	Pulse	55	6090000	165	NA
151	Pulse	55	6100000	10165	NA
151	Pulse	55	6110000	20165	NA
151	Pulse	55	6120000	30165	NA
151	Pulse	55	6130000	40165	NA
152	Pulse	55	6140000	9568	NA
152	Pulse	55	6150000	19568	NA
152	Pulse	55	6160000	29568	NA
152	Pulse	55	6170000	39568	NA
153	Pulse	55	6180000	9055	NA
153	Pulse	55	6190000	19055	NA
153	Pulse	55	6200000	29055	NA
153	Pulse	55	6210000	39055	NA
154	Pulse	55	6220000	8542	NA
154	Pulse	55	6230000	18542	NA
154	Pulse	55	6240000	28542	NA
154	Pulse	55	6250000	38542	NA
155	Pulse	55	6260000	8112	NA
155	Pulse	55	6270000	18112	NA
155	Pulse	55	6280000	28112	NA
155	Pulse	55	6290000	38112	NA
156	Pulse	55	6300000	7598	NA
156	Pulse	55	6310000	17598	NA
156	Pulse	55	6320000	27598	NA
156	Pulse	55	6330000	37598	NA
157	Pulse	55	6340000	7085	NA
157	Pulse	55	6350000	17085	NA
157	Pulse	55	6360000	27085	NA
157	Pulse	55	6370000	37085	NA
158	Pulse	55	6380000	6572	NA
158	Pulse	55	6390000	16572	NA
158	Pulse	55	6400000	26572	NA
158	Pulse	55	6410000	36572	NA
159	Pulse	55	6420000	5975	NA
159	Pulse	55	6430000	15975	NA
159	Pulse	55	6440000	25975	NA
159	Pulse	55	6450000	35975	NA
160	Pulse	55	6460000	5378	NA
160	Pulse	55	6470000	15378	NA
160	Pulse	55	6480000	25378	NA
160	Pulse	55	6490000	35378	NA
161	Pulse	55	6500000	4782	NA
161	Pulse	55	6510000	14782	NA
161	Pulse	55	6520000	24782	NA
161	Pulse	55	6530000	34782	NA
162	Pulse	55	6540000	4268	NA
162	Pulse	55	6550000	14268	NA
162	Pulse	55	6560000	24268	NA
162	Pulse	55	6570000	34268	NA
163	Pulse	55	6580000	3672	NA
163	Pulse	55	6590000	13672	NA
163	Pulse	55	6600000	23672	NA
163	Pulse	55	6610000	33672	NA
164	Pulse	55	6620000	3075	NA
164	Pulse	55	6630000	13075	NA
164	Pulse	55	6640000	23075	NA
164	Pulse	55	6650000	33075	NA
165	Pulse	55	6660000	2478	NA
165	Pulse	55	6670000	12478	NA
165	Pulse	55	6680000	22478	NA
165	Pulse	55	6690000	32478	NA
166	Pulse	55	6700000	1882	NA
166	Pulse	55	6710000	11882	NA
166	Pulse	55	6720000	21882	NA
166	Pulse	55	6730000	31882	NA
167	Pulse	55	6740000	1202	NA
167	Pulse	55	6750000	11202	NA
167	Pulse	55	6760000	21202	NA
167	Pulse	55	6770000	31202	NA
168	Pulse	55	6780000	605	NA
168	Pulse	55	6790000	10605	NA
168	Pulse	55	6800000	20605	NA
168	Pulse	55	6810000	30605	NA
169	Pulse	55	6820000	92	NA
169	Pulse	55	6830000	10092	NA
169	Pulse	55	6840000	20092	NA
169	Pulse	55	6850000	30092	NA
169	Pulse	55	6860000	40092	NA
170	Pulse	55	6870000	9495	NA
170	Pulse	55	6880000	19495	NA
170	Pulse	55	6890000	29495	NA
170	Pulse	55	6900000	39495	NA
171	Pulse	55	6910000	8982	NA
171	Pulse	55	6920000	18982	NA
171	Pulse	55	6930000	28982	NA
171	Pulse	55	6940000	38982	NA
172	Pulse	55	6950000	8468	NA
172	Pulse	55	6960000	18468	NA
172	Pulse	55	6970000	28468	NA
172	Pulse	55	6980000	38468	NA
173	Pulse	55	6990000	7872	NA
173	Pulse	55	7000000	17872	NA
173	Pulse	55	7010000	27872	NA
173	Pulse	55	7020000	37872	NA
174	Pulse	55	7030000	7442	NA
174	Pulse	55	7040000	17442	NA
174	Pulse	55	7050000	27442	NA
174	Pulse	55	7060000	37442	NA
175	Pulse	55	7070000	6928	NA
175	Pulse	55	7080000	16928	NA
175	Pulse	55	7090000	26928	NA
175	Pulse	55	7100000	36928	NA
176	Pulse	55	7110000	6332	NA
176	Pulse	55	7120000	16332	NA
176	Pulse	55	7130000	26332	NA
176	Pulse	55	7140000	36332	NA
177	Pulse	55	7150000	5735	NA
177	Pulse	55	7160000	15735	NA
177	Pulse	55	7170000	25735	NA
177	Pulse	55	7180000	35735	NA
178	Pulse	55	7190000	5222	NA
178	Pulse	55	7200000	15222	NA
178	Pulse	55	7210000	25222	NA
178	Pulse	55	7220000	35222	NA
179	Pulse	55	7230000	4708	NA
179	Pulse	55	7240000	14708	NA
179	Pulse	55	7250000	24708	NA
179	Pulse	55	7260000	34708	NA
180	Pulse	55	7270000	4112	NA
180	Pulse	55	7280000	14112	NA
180	Pulse	55	7290000	24112	NA
180	Pulse	55	7300000	34112	NA
181	Pulse	55	7310000	3515	NA
181	Pulse	55	7320000	13515	NA
181	Pulse	55	7330000	23515	NA
181	Pulse	55	7340000	33515	NA
182	Pulse	55	7350000	2918	NA
182	Pulse	55	7360000	12918	NA
182	Pulse	55	7370000	22918	NA
182	Pulse	55	7380000	32918	NA
183	Pulse	55	7390000	2322	NA
183	Pulse	55	7400000	12322	NA
183	Pulse	55	7410000	22322	NA
183	Pulse	55	7420000	32322	NA
184	Pulse	55	7430000	1725	NA
184	Pulse	55	7440000	11725	NA
184	Pulse	55	7450000	21725	NA
184	Pulse	55	7460000	31725	NA
185	Pulse	55	7470000	1212	NA
185	Pulse	55	7480000	11212	NA
185	Pulse	55	7490000	21212	NA
185	Pulse	55	7500000	31212	NA
186	Pulse	55	7510000	615	NA
186	Pulse	55	7520000	10615	NA
186	Pulse	55	7530000	20615	NA
186	Pulse	55	7540000	30615	NA
186	Pulse	55	7550000	40615	NA
187	Pulse	55	7560000	9935	NA
187	Pulse	55	7570000	19935	NA
187	Pulse	55	7580000	29935	NA
187	Pulse	55	7590000	39935	NA
188	Pulse	55	7600000	9338	NA
188	Pulse	55	7610000	19338	NA
188	Pulse	55	7620000	29338	NA
188	Pulse	55	7630000	39338	NA
189	Pulse	55	7640000	8742	NA
189	Pulse	55	7650000	18742	NA
189	Pulse	55	7660000	28742	NA
189	Pulse	55	7670000	38742	NA
190	Pulse	55	7680000	8145	NA
190	Pulse	55	7690000	18145	NA
190	Pulse	55	7700000	28145	NA
190	Pulse	55	7710000	38145	NA
191	Pulse	55	7720000	7548	NA
191	Pulse	55	7730000	17548	NA
191	Pulse	55	7740000	27548	NA
191	Pulse	55	7750000	37548	NA
192	Pulse	55	7760000	6952	NA
192	Pulse	55	7770000	16952	NA
192	Pulse	55	7780000	26952	NA
192	Pulse	55	7790000	36952	NA
193	Pulse	55	7800000	6355	NA
193	Pulse	55	7810000	16355	NA
193	Pulse	55	7820000	26355	NA
193	Pulse	55	7830000	36355	NA
194	Pulse	55	7840000	5758	NA
194	Pulse	55	7850000	15758	NA
194	Pulse	55	7860000	25758	NA
194	Pulse	55	7870000	35758	NA
195	Pulse	55	7880000	5162	NA
195	Pulse	55	7890000	15162	NA
195	Pulse	55	7900000	25162	NA
195	Pulse	55	7910000	35162	NA
196	Pulse	55	7920000	4565	NA
196	Pulse	55	7930000	14565	NA
196	Pulse	55	7940000	24565	NA
196	Pulse	55	7950000	34565	NA
197	Pulse	55	7960000	4052	NA
197	Pulse	55	7970000	14052	NA
197	Pulse	55	7980000	24052	NA
197	Pulse	55	7990000	34052	NA
198	Pulse	55	8000000	3538	NA
198	Pulse	55	8010000	13538	NA
198	Pulse	55	8020000	23538	NA
198	Pulse	55	8030000	33538	NA
199	Pulse	55	8040000	2942	NA
199	Pulse	55	8050000	12942	NA
199	Pulse	55	8060000	22942	NA
199	Pulse	55	8070000	32942	NA
200	Pulse	55	8080000	2345	NA
200	Pulse	55	8090000	12345	NA
200	Pulse	55	8100000	22345	NA
200	Pulse	55	8110000	32345	NA
201	Pulse	55	8120000	1832	NA
201	Pulse	55	8130000	11832	NA
201	Pulse	55	8140000	21832	NA
201	Pulse	55	8150000	31832	NA
202	Pulse	55	8160000	1318	NA
202	Pulse	55	8170000	11318	NA
202	Pulse	55	8180000	21318	NA
202	Pulse	55	8190000	31318	NA
203	Pulse	55	8200000	805	NA
203	Pulse	55	8210000	10805	NA
203	Pulse	55	8220000	20805	NA
203	Pulse	55	8230000	30805	NA
204	Pulse	55	8240000	208	NA
204	Pulse	55	8250000	10208	NA
204	Pulse	55	8260000	20208	NA
204	Pulse	55	8270000	30208	NA
204	Pulse	55	8280000	40208	NA
205	Pulse	55	8290000	9695	NA
205	Pulse	55	8300000	19695	NA
205	Pulse	55	8310000	29695	NA
205	Pulse	55	8320000	39695	NA
206	Pulse	55	8330000	9098	NA
206	Pulse	55	8340000	19098	NA
206	Pulse	55	8350000	29098	NA
206	Pulse	55	8360000	39098	NA
207	Pulse	55	8370000	8585	NA
207	Pulse	55	8380000	18585	NA
207	Pulse	55	8390000	28585	NA
207	Pulse	55	8400000	38585	NA
208	Pulse	55	8410000	8072	NA
208	Pulse	55	8420000	18072	NA
208	Pulse	55	8430000	28072	NA
208	Pulse	55	8440000	38072	NA
209	Pulse	55	8450000	7475	NA
209	Pulse	55	8460000	17475	NA
209	Pulse	55	8470000	27475	NA
209	Pulse	55	8480000	37475	NA
210	Pulse	55	8490000	6962	NA
210	Pulse	55	8500000	16962	NA
210	Pulse	55	8510000	26962	NA
210	Pulse	55	8520000	36962	NA
211	Pulse	55	8530000	6448	NA
211	Pulse	55	8540000	16448	NA
211	Pulse	55	8550000	26448	NA
211	Pulse	55	8560000	36448	NA
212	Pulse	55	8570000	5935	NA
212	Pulse	55	8580000	15935	NA
212	Pulse	55	8590000	25935	NA
212	Pulse	55	8600000	35935	NA
213	Pulse	55	8610000	5422	NA
213	Pulse	55	8620000	15422	NA
213	Pulse	55	8630000	25422	NA
213	Pulse	55	8640000	35422	NA
214	Pulse	55	8650000	4825	NA
214	Pulse	55	8660000	14825	NA
214	Pulse	55	8670000	24825	NA
214	Pulse	55	8680000	34825	NA
215	Pulse	55	8690000	4228	NA
215	Pulse	55	8700000	14228	NA
215	Pulse	55	8710000	24228	NA
215	Pulse	55	8720000	34228	NA
216	Pulse	55	8730000	3632	NA
216	Pulse	55	8740000	13632	NA
216	Pulse	55	8750000	23632	NA
216	Pulse	55	8760000	33632	NA
217	Pulse	55	8770000	3285	NA
217	Pulse	55	8780000	13285	NA
217	Pulse	55	8790000	23285	NA
217	Pulse	55	8800000	33285	NA
218	Pulse	55	8810000	2688	NA
218	Pulse	55	8820000	12688	NA
218	Pulse	55	8830000	22688	NA
218	Pulse	55	8840000	32688	NA
219	Pulse	55	8850000	2175	NA
219	Pulse	55	8860000	12175	NA
219	Pulse	55	8870000	22175	NA
219	Pulse	55	8880000	32175	NA
220	Pulse	55	8890000	1578	NA
220	Pulse	55	8900000	11578	NA
220	Pulse	55	8910000	21578	NA
220	Pulse	55	8920000	31578	NA
221	Pulse	55	8930000	982	NA
221	Pulse	55	8940000	10982	NA
221	Pulse	55	8950000	20982	NA
221	Pulse	55	8960000	30982	NA
222	Pulse	55	8970000	552	NA
222	Pulse	55	8980000	10552	NA
222	Pulse	55	8990000	20552	NA
222	Pulse	55	9000000	30552	NA
222	Pulse	55	9010000	40552	NA
223	Pulse	55	9020000	9955	NA
223	Pulse	55	9030000	19955	NA
223	Pulse	55	9040000	29955	NA
223	Pulse	55	9050000	39955	NA
224	Pulse	55	9060000	9358	NA
224	Pulse	55	9070000	19358	NA
224	Pulse	55	9080000	29358	NA
224	Pulse	55	9090000	39358	NA
225	Pulse	55	9100000	8928	NA
225	Pulse	55	9110000	18928	NA
225	Pulse	55	9120000	28928	NA
225	Pulse	55	9130000	38928	NA
226	Pulse	55	9140000	8415	NA
226	Pulse	55	9150000	18415	NA
226	Pulse	55	9160000	28415	NA
226	Pulse	55	9170000	38415	NA
227	Pulse	55	9180000	7818	NA
227	Pulse	55	9190000	17818	NA
227	Pulse	55	9200000	27818	NA
227	Pulse	55	9210000	37818	NA
228	Pulse	55	9220000	7222	NA
228	Pulse	55	9230000	17222	NA
228	Pulse	55	9240000	27222	NA
228	Pulse	55	9250000	37222	NA
229	Pulse	55	9260000	6625	NA
229	Pulse	55	9270000	16625	NA
229	Pulse	55	9280000	26625	NA
229	Pulse	55	9290000	36625	NA
230	Pulse	55	9300000	6028	NA
230	Pulse	55	9310000	16028	NA
230	Pulse	55	9320000	26028	NA
230	Pulse	55	9330000	36028	NA
231	Pulse	55	9340000	5515	NA
231	Pulse	55	9350000	15515	NA
231	Pulse	55	9360000	25515	NA
231	Pulse	55	9370000	35515	NA
232	Pulse	55	9380000	4918	NA
232	Pulse	55	9390000	14918	NA
232	Pulse	55	9400000	24918	NA
232	Pulse	55	9410000	34918	NA
233	Pulse	55	9420000	4322	NA
233	Pulse	55	9430000	14322	NA
233	Pulse	55	9440000	24322	NA
233	Pulse	55	9450000	34322	NA
234	Pulse	55	9460000	3725	NA
234	Pulse	55	9470000	13725	NA
234	Pulse	55	9480000	23725	NA
234	Pulse	55	9490000	33725	NA
235	Pulse	55	9500000	3128	NA
235	Pulse	55	9510000	13128	NA
235	Pulse	55	9520000	23128	NA
235	Pulse	55	9530000	33128	NA
236	Pulse	55	9540000	2532	NA
236	Pulse	55	9550000	12532	NA
236	Pulse	55	9560000	22532	NA
236	Pulse	55	9570000	32532	NA
237	Pulse	55	9580000	1935	NA
237	Pulse	55	9590000	11935	NA
237	Pulse	55	9600000	21935	NA
237	Pulse	55	9610000	31935	NA
238	Pulse	55	9620000	1338	NA
238	Pulse	55	9630000	11338	NA
238	Pulse	55	9640000	21338	NA
238	Pulse	55	9650000	31338	NA
239	Pulse	55	9660000	825	NA
239	Pulse	55	9670000	10825	NA
239	Pulse	55	9680000	20825	NA
239	Pulse	55	9690000	30825	NA
240	Pulse	55	9700000	228	NA
240	Pulse	55	9710000	10228	NA
240	Pulse	55	9720000	20228	NA
240	Pulse	55	9730000	30228	NA
240	Pulse	55	9740000	40228	NA
241	Pulse	55	9750000	9715	NA
241	Pulse	55	9760000	19715	NA
241	Pulse	55	9770000	29715	NA
241	Pulse	55	9780000	39715	NA
242	Pulse	55	9790000	9118	NA
242	Pulse	55	9800000	19118	NA
242	Pulse	55	9810000	29118	NA
242	Pulse	55	9820000	39118	NA
243	Pulse	55	9830000	8522	NA
243	Pulse	55	9840000	18522	NA
243	Pulse	55	9850000	28522	NA
243	Pulse	55	9860000	38522	NA
244	Pulse	55	9870000	7925	NA
244	Pulse	55	9880000	17925	NA
244	Pulse	55	9890000	27925	NA
244	Pulse	55	9900000	37925	NA
245	Pulse	55	9910000	7412	NA
245	Pulse	55	9920000	17412	NA
245	Pulse	55	9930000	27412	NA
245	Pulse	55	9940000	37412	NA
246	Pulse	55	9950000	6815	NA
246	Pulse	55	9960000	16815	NA
246	Pulse	55	9970000	26815	NA
246	Pulse	55	9980000	36815	NA
247	Pulse	55	9990000	6218	NA
247	Pulse	55	10000000	16218	NA
247	Pulse	55	10010000	26218	NA
247	Pulse	55	10020000	36218	NA
248	Pulse	55	10030000	5622	NA
248	Pulse	55	10040000	15622	NA
248	Pulse	55	10050000	25622	NA
248	Pulse	55	10060000	35622	NA
249	Pulse	55	10070000	5025	NA
249	Pulse	55	10080000	15025	NA
249	Pulse	55	10090000	25025	NA
249	Pulse	55	10100000	35025	NA
250	Pulse	55	10110000	4428	NA
250	Pulse	55	10120000	14428	NA
250	Pulse	55	10130000	24428	NA
250	Pulse	55	10140000	34428	NA
251	Pulse	55	10150000	3832	NA
251	Pulse	55	10160000	13832	NA
251	Pulse	55	10170000	23832	NA
251	Pulse	55	10180000	33832	NA
252	Pulse	55	10190000	3235	NA
252	Pulse	55	10200000	13235	NA
252	Pulse	55	10210000	23235	NA
252	Pulse	55	10220000	33235	NA
253	Pulse	55	10230000	2638	NA
253	Pulse	55	10240000	12638	NA
253	Pulse	55	10250000	22638	NA
253	Pulse	55	10260000	32638	NA
254	Pulse	55	10270000	2041	NA
254	Pulse	55	10280000	12041	NA
254	Pulse	55	10290000	22041	NA
254	Pulse	55	10300000	32041	NA
255	Pulse	55	10310000	1612	NA
255	Pulse	55	10320000	11612	NA
255	Pulse	55	10330000	21612	NA
255	Pulse	55	10340000	31612	NA
256	Pulse	55	10350000	1098	NA
256	Pulse	55	10360000	11098	NA
256	Pulse	55	10370000	21098	NA
256	Pulse	55	10380000	31098	NA
257	Pulse	55	10390000	585	NA
257	Pulse	55	10400000	10585	NA
257	Pulse	55	10410000	20585	NA
257	Pulse	55	10420000	30585	NA
257	Pulse	55	10430000	40585	NA
258	Pulse	55	10440000	9988	NA
258	Pulse	55	10450000	19988	NA
258	Pulse	55	10460000	29988	NA
258	Pulse	55	10470000	39988	NA
259	Pulse	55	10480000	9392	NA
259	Pulse	55	10490000	19392	NA
259	Pulse	55	10500000	29392	NA
259	Pulse	55	10510000	39392	NA
260	Pulse	55	10520000	8795	NA
260	Pulse	55	10530000	18795	NA
260	Pulse	55	10540000	28795	NA
260	Pulse	55	10550000	38795	NA
261	Pulse	55	10560000	8198	NA
261	Pulse	55	10570000	18198	NA
261	Pulse	55	10580000	28198	NA
261	Pulse	55	10590000	38198	NA
262	Pulse	55	10600000	7685	NA
262	Pulse	55	10610000	17685	NA
262	Pulse	55	10620000	27685	NA
262	Pulse	55	10630000	37685	NA
263	Pulse	55	10640000	7171	NA
263	Pulse	55	10650000	17171	NA
263	Pulse	55	10660000	27171	NA
263	Pulse	55	10670000	37171	NA
264	Pulse	55	10680000	6575	NA
264	Pulse	55	10690000	16575	NA
264	Pulse	55	10700000	26575	NA
264	Pulse	55	10710000	36575	NA
265	Pulse	55	10720000	5978	NA
265	Pulse	55	10730000	15978	NA
265	Pulse	55	10740000	25978	NA
265	Pulse	55	10750000	35978	NA
266	Pulse	55	10760000	5382	NA
266	Pulse	55	10770000	15382	NA
266	Pulse	55	10780000	25382	NA
266	Pulse	55	10790000	35382	NA
267	Pulse	55	10800000	4785	NA
267	Pulse	55	10810000	14785	NA
267	Pulse	55	10820000	24785	NA
267	Pulse	55	10830000	34785	NA
268	Pulse	55	10840000	4188	NA
268	Pulse	55	10850000	14188	NA
268	Pulse	55	10860000	24188	NA
268	Pulse	55	10870000	34188	NA
269	Pulse	55	10880000	3591	NA
269	Pulse	55	10890000	13591	NA
269	Pulse	55	10900000	23591	NA
269	Pulse	55	10910000	33591	NA
270	Pulse	55	10920000	2995	NA
270	Pulse	55	10930000	12995	NA
270	Pulse	55	10940000	22995	NA
270	Pulse	55	10950000	32995	NA
271	Pulse	55	10960000	2398	NA
271	Pulse	55	10970000	12398	NA
271	Pulse	55	10980000	22398	NA
271	Pulse	55	10990000	32398	NA
272	Pulse	55	11000000	1801	NA
272	Pulse	55	11010000	11801	NA
272	Pulse	55	11020000	21801	NA
272	Pulse	55	11030000	31801	NA
273	Pulse	55	11040000	1205	NA
273	Pulse	55	11050000	11205	NA
273	Pulse	55	11060000	21205	NA
273	Pulse	55	11070000	31205	NA
274	Pulse	55	11080000	608	NA
274	Pulse	55	11090000	10608	NA
274	Pulse	55	11100000	20608	NA
274	Pulse	55	11110000	30608	NA
275	Pulse	55	11120000	11	NA
275	Pulse	55	11130000	10011	NA
275	Pulse	55	11140000	20011	NA
275	Pulse	55	11150000	30011	NA
275	Pulse	55	11160000	40011	NA
276	Pulse	55	11170000	9415	NA
276	Pulse	55	11180000	19415	NA
276	Pulse	55	11190000	29415	NA
276	Pulse	55	11200000	39415	NA
277	Pulse	55	11210000	8818	NA
277	Pulse	55	11220000	18818	NA
277	Pulse	55	11230000	28818	NA
277	Pulse	55	11240000	38818	NA
278	Pulse	55	11250000	8221	NA
278	Pulse	55	11260000	18221	NA
278	Pulse	55	11270000	28221	NA
278	Pulse	55	11280000	38221	NA
279	Pulse	55	11290000	7625	NA
279	Pulse	55	11300000	17625	NA
279	Pulse	55	11310000	27625	NA
279	Pulse	55	11320000	37625	NA
280	Pulse	55	11330000	7028	NA
280	Pulse	55	11340000	17028	NA
280	Pulse	55	11350000	27028	NA
280	Pulse	55	11360000	37028	NA
281	Pulse	55	11370000	6431	NA
281	Pulse	55	11380000	16431	NA
281	Pulse	55	11390000	26431	NA
281	Pulse	55	11400000	36431	NA
282	Pulse	55	11410000	5835	NA
282	Pulse	55	11420000	15835	NA
282	Pulse	55	11430000	25835	NA
282	Pulse	55	11440000	35835	NA
283	Pulse	55	11450000	5155	NA
283	Pulse	55	11460000	15155	NA
283	Pulse	55	11470000	25155	NA
283	Pulse	55	11480000	35155	NA
284	Pulse	55	11490000	4558	NA
284	Pulse	55	11500000	14558	NA
284	Pulse	55	11510000	24558	NA
284	Pulse	55	11520000	34558	NA
285	Pulse	55	11530000	3961	NA
285	Pulse	55	11540000	13961	NA
285	Pulse	55	11550000	23961	NA
285	Pulse	55	11560000	33961	NA
286	Pulse	55	11570000	3365	NA
286	Pulse	55	11580000	13365	NA
286	Pulse	55	11590000	23365	NA
286	Pulse	55	11600000	33365	NA
287	Pulse	55	11610000	2601	NA
287	Pulse	55	11620000	12601	NA
287	Pulse	55	11630000	22601	NA
287	Pulse	55	11640000	32601	NA
288	Pulse	55	11650000	2005	NA
288	Pulse	55	11660000	12005	NA
288	Pulse	55	11670000	22005	NA
288	Pulse	55	11680000	32005	NA
289	Pulse	55	11690000	1408	NA
289	Pulse	55	11700000	11408	NA
289	Pulse	55	11710000	21408	NA
289	Pulse	55	11720000	31408	NA
290	Pulse	55	11730000	811	NA
290	Pulse	55	11740000	10811	NA
290	Pulse	55	11750000	20811	NA
290	Pulse	55	11760000	30811	NA
291	Pulse	55	11770000	131	NA
291	Pulse	55	11780000	10131	NA
291	Pulse	55	11790000	20131	NA
291	Pulse	55	11800000	30131	NA
291	Pulse	55	11810000	40131	NA
292	Pulse	55	11820000	9534	NA
292	Pulse	55	11830000	19534	NA
292	Pulse	55	11840000	29534	NA
292	Pulse	55	11850000	39534	NA
293	Pulse	55	11860000	8938	NA
293	Pulse	55	11870000	18938	NA
293	Pulse	55	11880000	28938	NA
293	Pulse	55	11890000	38938	NA
294	Pulse	55	11900000	8258	NA
294	Pulse	55	11910000	18258	NA
294	Pulse	55	11920000	28258	NA
294	Pulse	55	11930000	38258	NA
295	Pulse	55	11940000	7661	NA
295	Pulse	55	11950000	17661	NA
295	Pulse	55	11960000	27661	NA
295	Pulse	55	11970000	37661	NA
296	Pulse	55	11980000	7064	NA
296	Pulse	55	11990000	17064	NA
296	Pulse	55	12000000	27064	NA
296	Pulse	55	12010000	37064	NA
297	Pulse	55	12020000	6468	NA
297	Pulse	55	12030000	16468	NA
297	Pulse	55	12040000	26468	NA
297	Pulse	55	12050000	36468	NA
298	Pulse	55	12060000	5788	NA
298	Pulse	55	12070000	15788	NA
298	Pulse	55	12080000	25788	NA
298	Pulse	55	12090000	35788	NA
299	Pulse	55	12100000	5191	NA
299	Pulse	55	12110000	15191	NA
299	Pulse	55	12120000	25191	NA
299	Pulse	55	12130000	35191	NA
300	Pulse	55	12140000	4594	NA
300	Pulse	55	12150000	14594	NA
300	Pulse	55	12160000	24594	NA
300	Pulse	55	12170000	34594	NA
301	Pulse	55	12180000	3914	NA
301	Pulse	55	12190000	13914	NA
301	Pulse	55	12200000	23914	NA
301	Pulse	55	12210000	33914	NA
302	Pulse	55	12220000	3317	NA
302	Pulse	55	12230000	13317	NA
302	Pulse	55	12240000	23317	NA
302	Pulse	55	12250000	33317	NA
303	Pulse	55	12260000	2721	NA
303	Pulse	55	12270000	12721	NA
303	Pulse	55	12280000	22721	NA
303	Pulse	55	12290000	32721	NA
304	Pulse	55	12300000	2124	NA
304	Pulse	55	12310000	12124	NA
304	Pulse	55	12320000	22124	NA
304	Pulse	55	12330000	32124	NA
305	Pulse	55	12340000	1527	NA
305	Pulse	55	12350000	11527	NA
305	Pulse	55	12360000	21527	NA
305	Pulse	55	12370000	31527	NA
306	Pulse	55	12380000	931	NA
306	Pulse	55	12390000	10931	NA
306	Pulse	55	12400000	20931	NA
306	Pulse	55	12410000	30931	NA
307	Pulse	55	12420000	334	NA
307	Pulse	55	12430000	10334	NA
307	Pulse	55	12440000	20334	NA
307	Pulse	55	12450000	30334	NA
307	Pulse	55	12460000	40334	NA
308	Pulse	55	12470000	9654	NA
308	Pulse	55	12480000	19654	NA
308	Pulse	55	12490000	29654	NA
308	Pulse	55	12500000	39654	NA
309	Pulse	55	12510000	9057	NA
309	Pulse	55	12520000	19057	NA
309	Pulse	55	12530000	29057	NA
309	Pulse	55	12540000	39057	NA
310	Pulse	55	12550000	8377	NA
310	Pulse	55	12560000	18377	NA
310	Pulse	55	12570000	28377	NA
310	Pulse	55	12580000	38377	NA
311	Pulse	55	12590000	7781	NA
311	Pulse	55	12600000	17781	NA
311	Pulse	55	12610000	27781	NA
311	Pulse	55	12620000	37781	NA
312	Pulse	55	12630000	7101	NA
312	Pulse	55	12640000	17101	NA
312	Pulse	55	12650000	27101	NA
312	Pulse	55	12660000	37101	NA
313	Pulse	55	12670000	6504	NA
313	Pulse	55	12680000	16504	NA
313	Pulse	55	12690000	26504	NA
313	Pulse	55	12700000	36504	NA
314	Pulse	55	12710000	5907	NA
314	Pulse	55	12720000	15907	NA
314	Pulse	55	12730000	25907	NA
314	Pulse	55	12740000	35907	NA
315	Pulse	55	12750000	5311	NA
315	Pulse	55	12760000	15311	NA
315	Pulse	55	12770000	25311	NA
315	Pulse	55	12780000	35311	NA
316	Pulse	55	12790000	4714	NA
316	Pulse	55	12800000	14714	NA
316	Pulse	55	12810000	24714	NA
316	Pulse	55	12820000	34714	NA
317	Pulse	55	12830000	4117	NA
317	Pulse	55	12840000	14117	NA
317	Pulse	55	12850000	24117	NA
317	Pulse	55	12860000	34117	NA
318	Pulse	55	12870000	3437	NA
318	Pulse	55	12880000	13437	NA
318	Pulse	55	12890000	23437	NA
318	Pulse	55	12900000	33437	NA
319	Pulse	55	12910000	2841	NA
319	Pulse	55	12920000	12841	NA
319	Pulse	55	12930000	22841	NA
319	Pulse	55	12940000	32841	NA
320	Pulse	55	12950000	2244	NA
320	Pulse	55	12960000	12244	NA
320	Pulse	55	12970000	22244	NA
320	Pulse	55	12980000	32244	NA
321	Pulse	55	12990000	1647	NA
321	Pulse	55	13000000	11647	NA
321	Pulse	55	13010000	21647	NA
321	Pulse	55	13020000	31647	NA
322	Pulse	55	13030000	1051	NA
322	Pulse	55	13040000	11051	NA
322	Pulse	55	13050000	21051	NA
322	Pulse	55	13060000	31051	NA
323	Pulse	55	13070000	454	NA
323	Pulse	55	13080000	10454	NA
323	Pulse	55	13090000	20454	NA
323	Response	1	13090670	21123	1
323	Pulse	55	13100000	30454	NA
324	Pulse	55	13110000	357	NA
324	Pulse	55	13120000	10357	NA
325	Pulse	55	13130000	267	NA
325	Pulse	55	13140000	10267	NA
325	Pulse	55	13150000	20267	NA
325	Pulse	55	13160000	30267	NA
325	Pulse	55	13170000	40267	NA
325	Pulse	55	13180000	50267	NA
325	Pulse	55	13190000	60267	NA
325	Pulse	55	13200000	70267	NA
325	Pulse	55	13210000	80267	NA
325	Pulse	55	13220000	90267	NA
325	Pulse	55	13230000	100267	NA
325	Pulse	55	13240000	110267	NA
325	Pulse	55	13250000	120267	NA
325	Pulse	55	13260000	130267	NA
325	Pulse	55	13270000	140267	NA
325	Pulse	55	13280000	150267	NA
325	Pulse	55	13290000	160267	NA
325	Pulse	55	13300000	170267	NA
325	Pulse	55	13310000	180267	NA
325	Pulse	55	13320000	190267	NA
325	Pulse	55	13330000	200267	NA
325	Pulse	55	13340000	210267	NA
325	Response	1	13343628	213895	1
325	Pulse	55	13350000	220267	NA
325	Pulse	55	13360000	230267	NA
326	Pulse	55	13370000	9942	NA
326	Pulse	55	13380000	19942	NA
326	Pulse	55	13390000	29942	NA
326	Pulse	55	13400000	39942	NA
326	Pulse	55	13410000	49942	NA
326	Pulse	55	13420000	59942	NA
326	Pulse	55	13430000	69942	NA
326	Pulse	55	13440000	79942	NA
326	Pulse	55	13450000	89942	NA
326	Pulse	55	13460000	99942	NA
326	Pulse	55	13470000	109942	NA
326	Pulse	55	13480000	119942	NA
326	Pulse	55	13490000	129942	NA
326	Pulse	55	13500000	139942	NA
326	Pulse	55	13510000	149942	NA
326	Pulse	55	13520000	159942	NA
326	Pulse	55	13530000	169942	NA
326	Pulse	55	13540000	179942	NA
326	Pulse	55	13550000	189942	NA
326	Pulse	55	13560000	199942	NA
326	Pulse	55	13570000	209942	NA
326	Pulse	55	13580000	219942	NA
326	Pulse	55	13590000	229942	NA
326	Pulse	55	13600000	239942	NA
326	Pulse	55	13610000	249942	NA
326	Pulse	55	13620000	259942	NA
326	Pulse	55	13630000	269942	NA
326	Pulse	55	13640000	279942	NA
326	Pulse	55	13650000	289942	NA
326	Pulse	55	13660000	299942	NA
326	Pulse	55	13670000	309942	NA
326	Pulse	55	13680000	319942	NA
326	Pulse	55	13690000	329942	NA
326	Pulse	55	13700000	339942	NA
326	Pulse	55	13710000	349942	NA
326	Pulse	55	13720000	359942	NA
326	Pulse	55	13730000	369942	NA
326	Pulse	55	13740000	379942	NA
326	Pulse	55	13750000	389942	NA
326	Pulse	55	13760000	399942	NA
326	Pulse	55	13770000	409942	NA
326	Pulse	55	13780000	419942	NA
326	Pulse	55	13790000	429942	NA
326	Pulse	55	13800000	439942	NA
326	Pulse	55	13810000	449942	NA
326	Pulse	55	13820000	459942	NA
326	Pulse	55	13830000	469942	NA
326	Pulse	55	13840000	479942	NA
326	Pulse	55	13850000	489942	NA
326	Pulse	55	13860000	499942	NA
326	Pulse	55	13870000	509942	NA
326	Pulse	55	13880000	519942	NA
326	Pulse	55	13890000	529942	NA
326	Pulse	55	13900000	539942	NA
326	Pulse	55	13910000	549942	NA
326	Pulse	55	13920000	559942	NA
326	Pulse	55	13930000	569942	NA
326	Pulse	55	13940000	579942	NA
326	Pulse	55	13950000	589942	NA
326	Pulse	55	13960000	599942	NA
326	Pulse	55	13970000	609942	NA
326	Pulse	55	13980000	619942	NA
326	Pulse	55	13990000	629942	NA
326	Pulse	55	14000000	639942	NA
326	Pulse	55	14010000	649942	NA
326	Pulse	55	14020000	659942	NA
326	Pulse	55	14030000	669942	NA
326	Pulse	55	14040000	679942	NA
326	Pulse	55	14050000	689942	NA
326	Pulse	55	14060000	699942	NA
326	Pulse	55	14070000	709942	NA
326	Pulse	55	14080000	719942	NA
326	Pulse	55	14090000	729942	NA
326	Pulse	55	14100000	739942	NA
326	Pulse	55	14110000	749942	NA
326	Pulse	55	14120000	759942	NA
326	Pulse	55	14130000	769942	NA
326	Pulse	55	14140000	779942	NA
326	Pulse	55	14150000	789942	NA
326	Pulse	55	14160000	799942	NA
326	Pulse	55	14170000	809942	NA
326	Pulse	55	14180000	819942	NA
326	Pulse	55	14190000	829942	NA
326	Pulse	55	14200000	839942	NA
326	Pulse	55	14210000	849942	NA
326	Pulse	55	14220000	859942	NA
326	Pulse	55	14230000	869942	NA
326	Pulse	55	14240000	879942	NA
326	Pulse	55	14250000	889942	NA
326	Pulse	55	14260000	899942	NA
326	Pulse	55	14270000	909942	NA
326	Pulse	55	14280000	919942	NA
326	Pulse	55	14290000	929942	NA
326	Pulse	55	14300000	939942	NA
326	Pulse	55	14310000	949942	NA
326	Pulse	55	14320000	959942	NA
326	Pulse	55	14330000	969942	NA
326	Pulse	55	14340000	979942	NA
326	Pulse	55	14350000	989942	NA
326	Pulse	55	14360000	999942	NA
326	Pulse	55	14370000	1009942	NA
326	Pulse	55	14380000	1019942	NA
326	Pulse	55	14390000	1029942	NA
326	Pulse	55	14400000	1039942	NA
326	Pulse	55	14410000	1049942	NA
326	Pulse	55	14420000	1059942	NA
326	Pulse	55	14430000	1069942	NA
326	Pulse	55	14440000	1079942	NA
326	Pulse	55	14450000	1089942	NA
326	Pulse	55	14460000	1099942	NA
326	Pulse	55	14470000	1109942	NA
326	Pulse	55	14480000	1119942	NA
326	Pulse	55	14490000	1129942	NA
326	Pulse	55	14500000	1139942	NA
326	Pulse	55	14510000	1149942	NA
326	Pulse	55	14520000	1159942	NA
326	Pulse	55	14530000	1169942	NA
326	Pulse	55	14540000	1179942	NA
326	Pulse	55	14550000	1189942	NA
326	Pulse	55	14560000	1199942	NA
326	Pulse	55	14570000	1209942	NA
326	Pulse	55	14580000	1219942	NA
326	Pulse	55	14590000	1229942	NA
326	Pulse	55	14600000	1239942	NA
326	Pulse	55	14610000	1249942	NA
326	Pulse	55	14620000	1259942	NA
326	Pulse	55	14630000	1269942	NA
326	Pulse	55	14640000	1279942	NA
326	Pulse	55	14650000	1289942	NA
326	Pulse	55	14660000	1299942	NA
326	Pulse	55	14670000	1309942	NA
326	Pulse	55	14680000	1319942	NA
326	Pulse	55	14690000	1329942	NA
326	Pulse	55	14700000	1339942	NA
326	Pulse	55	14710000	1349942	NA
326	Pulse	55	14720000	1359942	NA
326	Pulse	55	14730000	1369942	NA
326	Pulse	55	14740000	1379942	NA
326	Pulse	55	14750000	1389942	NA
326	Pulse	55	14760000	1399942	NA
326	Pulse	55	14770000	1409942	NA
326	Pulse	55	14780000	1419942	NA
326	Pulse	55	14790000	1429942	NA
326	Pulse	55	14800000	1439942	NA
326	Pulse	55	14810000	1449942	NA
326	Pulse	55	14820000	1459942	NA
326	Pulse	55	14830000	1469942	NA
326	Pulse	55	14840000	1479942	NA
326	Pulse	55	14850000	1489942	NA
326	Pulse	55	14860000	1499942	NA
326	Pulse	55	14870000	1509942	NA
326	Pulse	55	14880000	1519942	NA
326	Pulse	55	14890000	1529942	NA
326	Pulse	55	14900000	1539942	NA
326	Pulse	55	14910000	1549942	NA
326	Pulse	55	14920000	1559942	NA
326	Pulse	55	14930000	1569942	NA
326	Pulse	55	14940000	1579942	NA
326	Pulse	55	14950000	1589942	NA
326	Pulse	55	14960000	1599942	NA
326	Pulse	55	14970000	1609942	NA
326	Pulse	55	14980000	1619942	NA
326	Pulse	55	14990000	1629942	NA
326	Pulse	55	15000000	1639942	NA
326	Pulse	55	15010000	1649942	NA
326	Pulse	55	15020000	1659942	NA
326	Pulse	55	15030000	1669942	NA
326	Pulse	55	15040000	1679942	NA
326	Pulse	55	15050000	1689942	NA
326	Pulse	55	15060000	1699942	NA
326	Pulse	55	15070000	1709942	NA
326	Pulse	55	15080000	1719942	NA
326	Pulse	55	15090000	1729942	NA
326	Pulse	55	15100000	1739942	NA
326	Pulse	55	15110000	1749942	NA
326	Pulse	55	15120000	1759942	NA
326	Pulse	55	15130000	1769942	NA
326	Pulse	55	15140000	1779942	NA
326	Pulse	55	15150000	1789942	NA
326	Pulse	55	15160000	1799942	NA
326	Pulse	55	15170000	1809942	NA
326	Pulse	55	15180000	1819942	NA
326	Pulse	55	15190000	1829942	NA
326	Pulse	55	15200000	1839942	NA
326	Pulse	55	15210000	1849942	NA
326	Pulse	55	15220000	1859942	NA
326	Pulse	55	15230000	1869942	NA
326	Pulse	55	15240000	1879942	NA
326	Pulse	55	15250000	1889942	NA
326	Pulse	55	15260000	1899942	NA
326	Pulse	55	15270000	1909942	NA
326	Pulse	55	15280000	1919942	NA
326	Pulse	55	15290000	1929942	NA
326	Pulse	55	15300000	1939942	NA
326	Pulse	55	15310000	1949942	NA
326	Pulse	55	15320000	1959942	NA
326	Pulse	55	15330000	1969942	NA
326	Pulse	55	15340000	1979942	NA
326	Pulse	55	15350000	1989942	NA
326	Pulse	55	15360000	1999942	NA
326	Pulse	55	15370000	2009942	NA
326	Pulse	55	15380000	2019942	NA
326	Pulse	55	15390000	2029942	NA
326	Pulse	55	15400000	2039942	NA
326	Pulse	55	15410000	2049942	NA
326	Pulse	55	15420000	2059942	NA
326	Pulse	55	15430000	2069942	NA
326	Pulse	55	15440000	2079942	NA
326	Pulse	55	15450000	2089942	NA
326	Pulse	55	15460000	2099942	NA
326	Pulse	55	15470000	2109942	NA
326	Pulse	55	15480000	2119942	NA
326	Pulse	55	15490000	2129942	NA
326	Pulse	55	15500000	2139942	NA
326	Pulse	55	15510000	2149942	NA
326	Pulse	55	15520000	2159942	NA
326	Pulse	55	15530000	2169942	NA
326	Pulse	55	15540000	2179942	NA
326	Pulse	55	15550000	2189942	NA
326	Pulse	55	15560000	2199942	NA
326	Pulse	55	15570000	2209942	NA
326	Pulse	55	15580000	2219942	NA
326	Pulse	55	15590000	2229942	NA
326	Pulse	55	15600000	2239942	NA
326	Pulse	55	15610000	2249942	NA
326	Pulse	55	15620000	2259942	NA
326	Pulse	55	15630000	2269942	NA
326	Pulse	55	15640000	2279942	NA
326	Pulse	55	15650000	2289942	NA
326	Pulse	55	15660000	2299942	NA
326	Pulse	55	15670000	2309942	NA
326	Pulse	55	15680000	2319942	NA
326	Pulse	55	15690000	2329942	NA
326	Pulse	55	15700000	2339942	NA
326	Pulse	55	15710000	2349942	NA
326	Pulse	55	15720000	2359942	NA
326	Pulse	55	15730000	2369942	NA
326	Pulse	55	15740000	2379942	NA
326	Pulse	55	15750000	2389942	NA
326	Pulse	55	15760000	2399942	NA
326	Pulse	55	15770000	2409942	NA
326	Pulse	55	15780000	2419942	NA
326	Pulse	55	15790000	2429942	NA
326	Pulse	55	15800000	2439942	NA
326	Pulse	55	15810000	2449942	NA
326	Pulse	55	15820000	2459942	NA
326	Pulse	55	15830000	2469942	NA
326	Pulse	55	15840000	2479942	NA
326	Pulse	55	15850000	2489942	NA
326	Pulse	55	15860000	2499942	NA
326	Pulse	55	15870000	2509942	NA
326	Pulse	55	15880000	2519942	NA
326	Pulse	55	15890000	2529942	NA
326	Pulse	55	15900000	2539942	NA
326	Pulse	55	15910000	2549942	NA
326	Pulse	55	15920000	2559942	NA
326	Pulse	55	15930000	2569942	NA
326	Pulse	55	15940000	2579942	NA
326	Pulse	55	15950000	2589942	NA
326	Pulse	55	15960000	2599942	NA
326	Pulse	55	15970000	2609942	NA
326	Pulse	55	15980000	2619942	NA
326	Pulse	55	15990000	2629942	NA
326	Pulse	55	16000000	2639942	NA
326	Pulse	55	16010000	2649942	NA
326	Pulse	55	16020000	2659942	NA
326	Pulse	55	16030000	2669942	NA
326	Pulse	55	16040000	2679942	NA
326	Pulse	55	16050000	2689942	NA
326	Pulse	55	16060000	2699942	NA
326	Pulse	55	16070000	2709942	NA
326	Pulse	55	16080000	2719942	NA
326	Pulse	55	16090000	2729942	NA
326	Pulse	55	16100000	2739942	NA
326	Pulse	55	16110000	2749942	NA
326	Pulse	55	16120000	2759942	NA
326	Pulse	55	16130000	2769942	NA
326	Pulse	55	16140000	2779942	NA
326	Pulse	55	16150000	2789942	NA
326	Pulse	55	16160000	2799942	NA
326	Pulse	55	16170000	2809942	NA
326	Pulse	55	16180000	2819942	NA
326	Pulse	55	16190000	2829942	NA
326	Pulse	55	16200000	2839942	NA
326	Pulse	55	16210000	2849942	NA
326	Pulse	55	16220000	2859942	NA
326	Pulse	55	16230000	2869942	NA
326	Pulse	55	16240000	2879942	NA
326	Pulse	55	16250000	2889942	NA
326	Pulse	55	16260000	2899942	NA
326	Pulse	55	16270000	2909942	NA
326	Pulse	55	16280000	2919942	NA
326	Pulse	55	16290000	2929942	NA
326	Pulse	55	16300000	2939942	NA
326	Pulse	55	16310000	2949942	NA
326	Pulse	55	16320000	2959942	NA
326	Pulse	55	16330000	2969942	NA
326	Pulse	55	16340000	2979942	NA
326	Pulse	55	16350000	2989942	NA
326	Pulse	55	16360000	2999942	NA
326	Pulse	55	16370000	3009942	NA
326	Pulse	55	16380000	3019942	NA
326	Pulse	55	16390000	3029942	NA
326	Pulse	55	16400000	3039942	NA
326	Pulse	55	16410000	3049942	NA
326	Pulse	55	16420000	3059942	NA
326	Pulse	55	16430000	3069942	NA
326	Pulse	55	16440000	3079942	NA
326	Pulse	55	16450000	3089942	NA
326	Pulse	55	16460000	3099942	NA
326	Pulse	55	16470000	3109942	NA
326	Pulse	55	16480000	3119942	NA
326	Pulse	55	16490000	3129942	NA
326	Pulse	55	16500000	3139942	NA
326	Pulse	55	16510000	3149942	NA
326	Pulse	55	16520000	3159942	NA
326	Pulse	55	16530000	3169942	NA
326	Pulse	55	16540000	3179942	NA
326	Pulse	55	16550000	3189942	NA
326	Pulse	55	16560000	3199942	NA
326	Pulse	55	16570000	3209942	NA
326	Pulse	55	16580000	3219942	NA
326	Pulse	55	16590000	3229942	NA
326	Pulse	55	16600000	3239942	NA
326	Pulse	55	16610000	3249942	NA
326	Pulse	55	16620000	3259942	NA
326	Pulse	55	16630000	3269942	NA
326	Pulse	55	16640000	3279942	NA
326	Pulse	55	16650000	3289942	NA
326	Pulse	55	16660000	3299942	NA
326	Pulse	55	16670000	3309942	NA
326	Pulse	55	16680000	3319942	NA
326	Pulse	55	16690000	3329942	NA
326	Pulse	55	16700000	3339942	NA
326	Pulse	55	16710000	3349942	NA
326	Pulse	55	16720000	3359942	NA
326	Pulse	55	16730000	3369942	NA
326	Pulse	55	16740000	3379942	NA
326	Pulse	55	16750000	3389942	NA
326	Pulse	55	16760000	3399942	NA
326	Pulse	55	16770000	3409942	NA
326	Pulse	55	16780000	3419942	NA
326	Pulse	55	16790000	3429942	NA
326	Pulse	55	16800000	3439942	NA
326	Pulse	55	16810000	3449942	NA
326	Pulse	55	16820000	3459942	NA
326	Pulse	55	16830000	3469942	NA
326	Pulse	55	16840000	3479942	NA
326	Pulse	55	16850000	3489942	NA
326	Pulse	55	16860000	3499942	NA
326	Pulse	55	16870000	3509942	NA
326	Pulse	55	16880000	3519942	NA
326	Pulse	55	16890000	3529942	NA
326	Pulse	55	16900000	3539942	NA
326	Pulse	55	16910000	3549942	NA
326	Pulse	55	16920000	3559942	NA
326	Pulse	55	16930000	3569942	NA
326	Pulse	55	16940000	3579942	NA
326	Pulse	55	16950000	3589942	NA
326	Pulse	55	16960000	3599942	NA
326	Pulse	55	16970000	3609942	NA
326	Pulse	55	16980000	3619942	NA
326	Pulse	55	16990000	3629942	NA
326	Pulse	55	17000000	3639942	NA
326	Pulse	55	17010000	3649942	NA
326	Pulse	55	17020000	3659942	NA
326	Pulse	55	17030000	3669942	NA
326	Pulse	55	17040000	3679942	NA
326	Pulse	55	17050000	3689942	NA
326	Pulse	55	17060000	3699942	NA
326	Pulse	55	17070000	3709942	NA
326	Pulse	55	17080000	3719942	NA
326	Pulse	55	17090000	3729942	NA
326	Pulse	55	17100000	3739942	NA
326	Pulse	55	17110000	3749942	NA
326	Pulse	55	17120000	3759942	NA
326	Pulse	55	17130000	3769942	NA
326	Pulse	55	17140000	3779942	NA
326	Pulse	55	17150000	3789942	NA
326	Pulse	55	17160000	3799942	NA
326	Pulse	55	17170000	3809942	NA
326	Pulse	55	17180000	3819942	NA
326	Pulse	55	17190000	3829942	NA
326	Pulse	55	17200000	3839942	NA
326	Pulse	55	17210000	3849942	NA
326	Pulse	55	17220000	3859942	NA
326	Pulse	55	17230000	3869942	NA
326	Pulse	55	17240000	3879942	NA
326	Pulse	55	17250000	3889942	NA
326	Pulse	55	17260000	3899942	NA
326	Pulse	55	17270000	3909942	NA
326	Pulse	55	17280000	3919942	NA
326	Pulse	55	17290000	3929942	NA
326	Pulse	55	17300000	3939942	NA
326	Pulse	55	17310000	3949942	NA
326	Pulse	55	17320000	3959942	NA
326	Pulse	55	17330000	3969942	NA
326	Pulse	55	17340000	3979942	NA
326	Pulse	55	17350000	3989942	NA
326	Pulse	55	17360000	3999942	NA
326	Pulse	55	17370000	4009942	NA
326	Pulse	55	17380000	4019942	NA
326	Pulse	55	17390000	4029942	NA
326	Pulse	55	17400000	4039942	NA
326	Pulse	55	17410000	4049942	NA
326	Pulse	55	17420000	4059942	NA
326	Pulse	55	17430000	4069942	NA
326	Pulse	55	17440000	4079942	NA
326	Pulse	55	17450000	4089942	NA
326	Pulse	55	17460000	4099942	NA
326	Pulse	55	17470000	4109942	NA
326	Pulse	55	17480000	4119942	NA
326	Pulse	55	17490000	4129942	NA
326	Pulse	55	17500000	4139942	NA
326	Pulse	55	17510000	4149942	NA
326	Pulse	55	17520000	4159942	NA
326	Pulse	55	17530000	4169942	NA
326	Pulse	55	17540000	4179942	NA
326	Pulse	55	17550000	4189942	NA
326	Pulse	55	17560000	4199942	NA
326	Pulse	55	17570000	4209942	NA
326	Pulse	55	17580000	4219942	NA
326	Pulse	55	17590000	4229942	NA
326	Pulse	55	17600000	4239942	NA
326	Pulse	55	17610000	4249942	NA
326	Pulse	55	17620000	4259942	NA
326	Pulse	55	17630000	4269942	NA
326	Pulse	55	17640000	4279942	NA
326	Pulse	55	17650000	4289942	NA
326	Pulse	55	17660000	4299942	NA
326	Pulse	55	17670000	4309942	NA
326	Pulse	55	17680000	4319942	NA
326	Pulse	55	17690000	4329942	NA
326	Pulse	55	17700000	4339942	NA
326	Pulse	55	17710000	4349942	NA
326	Pulse	55	17720000	4359942	NA
326	Pulse	55	17730000	4369942	NA
326	Pulse	55	17740000	4379942	NA
326	Pulse	55	17750000	4389942	NA
326	Pulse	55	17760000	4399942	NA
326	Pulse	55	17770000	4409942	NA
326	Pulse	55	17780000	4419942	NA
326	Pulse	55	17790000	4429942	NA
326	Pulse	55	17800000	4439942	NA
326	Pulse	55	17810000	4449942	NA
326	Pulse	55	17820000	4459942	NA
326	Pulse	55	17830000	4469942	NA
326	Pulse	55	17840000	4479942	NA
326	Pulse	55	17850000	4489942	NA
326	Pulse	55	17860000	4499942	NA
326	Pulse	55	17870000	4509942	NA
326	Pulse	55	17880000	4519942	NA
326	Pulse	55	17890000	4529942	NA
326	Pulse	55	17900000	4539942	NA
326	Pulse	55	17910000	4549942	NA
326	Pulse	55	17920000	4559942	NA
326	Pulse	55	17930000	4569942	NA
326	Pulse	55	17940000	4579942	NA
326	Pulse	55	17950000	4589942	NA
326	Pulse	55	17960000	4599942	NA
326	Pulse	55	17970000	4609942	NA
326	Pulse	55	17980000	4619942	NA
326	Pulse	55	17990000	4629942	NA
326	Pulse	55	18000000	4639942	NA
326	Pulse	55	18010000	4649942	NA
326	Pulse	55	18020000	4659942	NA
326	Pulse	55	18030000	4669942	NA
326	Pulse	55	18040000	4679942	NA
326	Pulse	55	18050000	4689942	NA
326	Pulse	55	18060000	4699942	NA
326	Pulse	55	18070000	4709942	NA
326	Pulse	55	18080000	4719942	NA
326	Pulse	55	18090000	4729942	NA
326	Pulse	55	18100000	4739942	NA
326	Pulse	55	18110000	4749942	NA
326	Pulse	55	18120000	4759942	NA
326	Pulse	55	18130000	4769942	NA
326	Pulse	55	18140000	4779942	NA
326	Pulse	55	18150000	4789942	NA
326	Pulse	55	18160000	4799942	NA
326	Pulse	55	18170000	4809942	NA
326	Pulse	55	18180000	4819942	NA
326	Pulse	55	18190000	4829942	NA
326	Pulse	55	18200000	4839942	NA
326	Pulse	55	18210000	4849942	NA
326	Pulse	55	18220000	4859942	NA
326	Pulse	55	18230000	4869942	NA
326	Pulse	55	18240000	4879942	NA
326	Pulse	55	18250000	4889942	NA
326	Pulse	55	18260000	4899942	NA
326	Response	1	18263143	4903085	1
327	Pulse	55	18270000	6746	NA
327	Pulse	55	18280000	16746	NA
327	Pulse	55	18290000	26746	NA
327	Pulse	55	18300000	36746	NA
327	Pulse	55	18310000	46746	NA
327	Pulse	55	18320000	56746	NA
327	Pulse	55	18330000	66746	NA
327	Pulse	55	18340000	76746	NA
327	Pulse	55	18350000	86746	NA
327	Pulse	55	18360000	96746	NA
327	Pulse	55	18370000	106746	NA
327	Pulse	55	18380000	116746	NA
327	Pulse	55	18390000	126746	NA
327	Pulse	55	18400000	136746	NA
327	Pulse	55	18410000	146746	NA
327	Pulse	55	18420000	156746	NA
327	Pulse	55	18430000	166746	NA
327	Pulse	55	18440000	176746	NA
327	Pulse	55	18450000	186746	NA
327	Pulse	55	18460000	196746	NA
327	Pulse	55	18470000	206746	NA
327	Pulse	55	18480000	216746	NA
327	Pulse	55	18490000	226746	NA
327	Pulse	55	18500000	236746	NA
327	Pulse	55	18510000	246746	NA
327	Pulse	55	18520000	256746	NA
327	Pulse	55	18530000	266746	NA
327	Pulse	55	18540000	276746	NA
327	Pulse	55	18550000	286746	NA
327	Pulse	55	18560000	296746	NA
327	Pulse	55	18570000	306746	NA
327	Pulse	55	18580000	316746	NA
327	Pulse	55	18590000	326746	NA
327	Pulse	55	18600000	336746	NA
327	Pulse	55	18610000	346746	NA
327	Pulse	55	18620000	356746	NA
327	Pulse	55	18630000	366746	NA
327	Pulse	55	18640000	376746	NA
327	Pulse	55	18650000	386746	NA
327	Pulse	55	18660000	396746	NA
327	Pulse	55	18670000	406746	NA
327	Pulse	55	18680000	416746	NA
327	Pulse	55	18690000	426746	NA
327	Pulse	55	18700000	436746	NA
327	Pulse	55	18710000	446746	NA
327	Pulse	55	18720000	456746	NA
327	Pulse	55	18730000	466746	NA
327	Pulse	55	18740000	476746	NA
327	Pulse	55	18750000	486746	NA
327	Pulse	55	18760000	496746	NA
327	Pulse	55	18770000	506746	NA
327	Pulse	55	18780000	516746	NA
327	Pulse	55	18790000	526746	NA
327	Pulse	55	18800000	536746	NA
327	Pulse	55	18810000	546746	NA
327	Pulse	55	18820000	556746	NA
327	Pulse	55	18830000	566746	NA
327	Pulse	55	18840000	576746	NA
327	Pulse	55	18850000	586746	NA
327	Pulse	55	18860000	596746	NA
327	Pulse	55	18870000	606746	NA
327	Pulse	55	18880000	616746	NA
327	Pulse	55	18890000	626746	NA
327	Pulse	55	18900000	636746	NA
327	Pulse	55	18910000	646746	NA
327	Pulse	55	18920000	656746	NA
327	Pulse	55	18930000	666746	NA
327	Pulse	55	18940000	676746	NA
327	Pulse	55	18950000	686746	NA
327	Pulse	55	18960000	696746	NA
327	Pulse	55	18970000	706746	NA
327	Pulse	55	18980000	716746	NA
327	Pulse	55	18990000	726746	NA
327	Pulse	55	19000000	736746	NA
327	Pulse	55	19010000	746746	NA
327	Pulse	55	19020000	756746	NA
327	Pulse	55	19030000	766746	NA
327	Pulse	55	19040000	776746	NA
327	Pulse	55	19050000	786746	NA
327	Pulse	55	19060000	796746	NA
327	Pulse	55	19070000	806746	NA
327	Pulse	55	19080000	816746	NA
327	Pulse	55	19090000	826746	NA
327	Pulse	55	19100000	836746	NA
327	Pulse	55	19110000	846746	NA
327	Pulse	55	19120000	856746	NA
327	Pulse	55	19130000	866746	NA
327	Pulse	55	19140000	876746	NA
327	Pulse	55	19150000	886746	NA
327	Pulse	55	19160000	896746	NA
327	Pulse	55	19170000	906746	NA
327	Pulse	55	19180000	916746	NA
327	Pulse	55	19190000	926746	NA
327	Response	1	19190820	927566	1
