Scenario - Slideshow_D2.sce
Logfile written - 10/06/2021 17:44:11

Trial	Event Type	Code	Time	TTime	Uncertainty	Duration	Uncertainty	ReqTime	ReqDur	Stim Type	Pair Index

0	Pulse	55	0	0	NA
1	Pulse	55	10000	9333	NA
1	Pulse	55	20000	19333	NA
1	Pulse	55	30000	29333	NA
1	Pulse	55	40000	39333	NA
2	Pulse	55	50000	8737	NA
2	Pulse	55	60000	18737	NA
2	Pulse	55	70000	28737	NA
2	Pulse	55	80000	38737	NA
3	Pulse	55	90000	8140	NA
3	Pulse	55	100000	18140	NA
3	Pulse	55	110000	28140	NA
3	Pulse	55	120000	38140	NA
4	Pulse	55	130000	7543	NA
4	Pulse	55	140000	17543	NA
4	Pulse	55	150000	27543	NA
4	Pulse	55	160000	37543	NA
5	Pulse	55	170000	6946	NA
5	Pulse	55	180000	16946	NA
5	Pulse	55	190000	26946	NA
5	Pulse	55	200000	36946	NA
6	Pulse	55	210000	6349	NA
6	Pulse	55	220000	16349	NA
6	Pulse	55	230000	26349	NA
6	Pulse	55	240000	36349	NA
7	Pulse	55	250000	5753	NA
7	Pulse	55	260000	15753	NA
7	Pulse	55	270000	25753	NA
7	Pulse	55	280000	35753	NA
8	Pulse	55	290000	5156	NA
8	Pulse	55	300000	15156	NA
8	Pulse	55	310000	25156	NA
8	Pulse	55	320000	35156	NA
9	Pulse	55	330000	4476	NA
9	Pulse	55	340000	14476	NA
9	Pulse	55	350000	24476	NA
9	Pulse	55	360000	34476	NA
10	Pulse	55	370000	3962	NA
10	Pulse	55	380000	13962	NA
10	Pulse	55	390000	23962	NA
10	Pulse	55	400000	33962	NA
11	Pulse	55	410000	3449	NA
11	Pulse	55	420000	13449	NA
11	Pulse	55	430000	23449	NA
11	Pulse	55	440000	33449	NA
12	Pulse	55	450000	2935	NA
12	Pulse	55	460000	12935	NA
12	Pulse	55	470000	22935	NA
12	Pulse	55	480000	32935	NA
13	Pulse	55	490000	2339	NA
13	Pulse	55	500000	12339	NA
13	Pulse	55	510000	22339	NA
13	Pulse	55	520000	32339	NA
14	Pulse	55	530000	1742	NA
14	Pulse	55	540000	11742	NA
14	Pulse	55	550000	21742	NA
14	Pulse	55	560000	31742	NA
15	Pulse	55	570000	1145	NA
15	Pulse	55	580000	11145	NA
15	Pulse	55	590000	21145	NA
15	Pulse	55	600000	31145	NA
16	Pulse	55	610000	548	NA
16	Pulse	55	620000	10548	NA
16	Pulse	55	630000	20548	NA
16	Pulse	55	640000	30548	NA
16	Pulse	55	650000	40548	NA
17	Pulse	55	660000	9951	NA
17	Pulse	55	670000	19951	NA
17	Pulse	55	680000	29951	NA
17	Pulse	55	690000	39951	NA
18	Pulse	55	700000	9355	NA
18	Pulse	55	710000	19355	NA
18	Pulse	55	720000	29355	NA
18	Pulse	55	730000	39355	NA
19	Pulse	55	740000	8758	NA
19	Pulse	55	750000	18758	NA
19	Pulse	55	760000	28758	NA
19	Pulse	55	770000	38758	NA
20	Pulse	55	780000	8078	NA
20	Pulse	55	790000	18078	NA
20	Pulse	55	800000	28078	NA
20	Pulse	55	810000	38078	NA
21	Pulse	55	820000	7398	NA
21	Pulse	55	830000	17398	NA
21	Pulse	55	840000	27398	NA
21	Pulse	55	850000	37398	NA
22	Pulse	55	860000	6801	NA
22	Pulse	55	870000	16801	NA
22	Pulse	55	880000	26801	NA
22	Pulse	55	890000	36801	NA
23	Pulse	55	900000	6204	NA
23	Pulse	55	910000	16204	NA
23	Pulse	55	920000	26204	NA
23	Pulse	55	930000	36204	NA
24	Pulse	55	940000	5607	NA
24	Pulse	55	950000	15607	NA
24	Pulse	55	960000	25607	NA
24	Pulse	55	970000	35607	NA
25	Pulse	55	980000	5010	NA
25	Pulse	55	990000	15010	NA
25	Pulse	55	1000000	25010	NA
25	Pulse	55	1010000	35010	NA
26	Pulse	55	1020000	4414	NA
26	Pulse	55	1030000	14414	NA
26	Pulse	55	1040000	24414	NA
26	Pulse	55	1050000	34414	NA
27	Pulse	55	1060000	3817	NA
27	Pulse	55	1070000	13817	NA
27	Pulse	55	1080000	23817	NA
27	Pulse	55	1090000	33817	NA
28	Pulse	55	1100000	3220	NA
28	Pulse	55	1110000	13220	NA
28	Pulse	55	1120000	23220	NA
28	Pulse	55	1130000	33220	NA
29	Pulse	55	1140000	2623	NA
29	Pulse	55	1150000	12623	NA
29	Pulse	55	1160000	22623	NA
29	Pulse	55	1170000	32623	NA
30	Pulse	55	1180000	1943	NA
30	Pulse	55	1190000	11943	NA
30	Pulse	55	1200000	21943	NA
30	Pulse	55	1210000	31943	NA
31	Pulse	55	1220000	1346	NA
31	Pulse	55	1230000	11346	NA
31	Pulse	55	1240000	21346	NA
31	Pulse	55	1250000	31346	NA
32	Pulse	55	1260000	750	NA
32	Pulse	55	1270000	10750	NA
32	Pulse	55	1280000	20750	NA
32	Pulse	55	1290000	30750	NA
33	Pulse	55	1300000	70	NA
33	Pulse	55	1310000	10070	NA
33	Pulse	55	1320000	20070	NA
33	Pulse	55	1330000	30070	NA
33	Pulse	55	1340000	40070	NA
34	Pulse	55	1350000	9473	NA
34	Pulse	55	1360000	19473	NA
34	Pulse	55	1370000	29473	NA
34	Pulse	55	1380000	39473	NA
35	Pulse	55	1390000	8876	NA
35	Pulse	55	1400000	18876	NA
35	Pulse	55	1410000	28876	NA
35	Pulse	55	1420000	38876	NA
36	Pulse	55	1430000	8279	NA
36	Pulse	55	1440000	18279	NA
36	Pulse	55	1450000	28279	NA
36	Pulse	55	1460000	38279	NA
37	Pulse	55	1470000	7682	NA
37	Pulse	55	1480000	17682	NA
37	Pulse	55	1490000	27682	NA
37	Pulse	55	1500000	37682	NA
38	Pulse	55	1510000	6919	NA
38	Pulse	55	1520000	16919	NA
38	Pulse	55	1530000	26919	NA
38	Pulse	55	1540000	36919	NA
39	Pulse	55	1550000	6322	NA
39	Pulse	55	1560000	16322	NA
39	Pulse	55	1570000	26322	NA
39	Pulse	55	1580000	36322	NA
40	Pulse	55	1590000	5725	NA
40	Pulse	55	1600000	15725	NA
40	Pulse	55	1610000	25725	NA
40	Pulse	55	1620000	35725	NA
41	Pulse	55	1630000	5045	NA
41	Pulse	55	1640000	15045	NA
41	Pulse	55	1650000	25045	NA
41	Pulse	55	1660000	35045	NA
42	Pulse	55	1670000	4282	NA
42	Pulse	55	1680000	14282	NA
42	Pulse	55	1690000	24282	NA
42	Pulse	55	1700000	34282	NA
43	Pulse	55	1710000	3685	NA
43	Pulse	55	1720000	13685	NA
43	Pulse	55	1730000	23685	NA
43	Pulse	55	1740000	33685	NA
44	Pulse	55	1750000	3088	NA
44	Pulse	55	1760000	13088	NA
44	Pulse	55	1770000	23088	NA
44	Pulse	55	1780000	33088	NA
45	Pulse	55	1790000	2408	NA
45	Pulse	55	1800000	12408	NA
45	Pulse	55	1810000	22408	NA
45	Pulse	55	1820000	32408	NA
46	Pulse	55	1830000	1644	NA
46	Pulse	55	1840000	11644	NA
46	Pulse	55	1850000	21644	NA
46	Pulse	55	1860000	31644	NA
47	Pulse	55	1870000	1048	NA
47	Pulse	55	1880000	11048	NA
47	Pulse	55	1890000	21048	NA
47	Pulse	55	1900000	31048	NA
48	Pulse	55	1910000	368	NA
48	Pulse	55	1920000	10368	NA
48	Pulse	55	1930000	20368	NA
48	Pulse	55	1940000	30368	NA
48	Pulse	55	1950000	40368	NA
49	Pulse	55	1960000	9687	NA
49	Pulse	55	1970000	19687	NA
49	Pulse	55	1980000	29687	NA
49	Pulse	55	1990000	39687	NA
50	Pulse	55	2000000	9091	NA
50	Pulse	55	2010000	19091	NA
50	Pulse	55	2020000	29091	NA
50	Pulse	55	2030000	39091	NA
51	Pulse	55	2040000	8494	NA
51	Pulse	55	2050000	18494	NA
51	Pulse	55	2060000	28494	NA
51	Pulse	55	2070000	38494	NA
52	Pulse	55	2080000	7897	NA
52	Pulse	55	2090000	17897	NA
52	Pulse	55	2100000	27897	NA
52	Pulse	55	2110000	37897	NA
53	Pulse	55	2120000	7217	NA
53	Pulse	55	2130000	17217	NA
53	Pulse	55	2140000	27217	NA
53	Pulse	55	2150000	37217	NA
54	Pulse	55	2160000	6620	NA
54	Pulse	55	2170000	16620	NA
54	Pulse	55	2180000	26620	NA
54	Pulse	55	2190000	36620	NA
55	Pulse	55	2200000	6023	NA
55	Pulse	55	2210000	16023	NA
55	Pulse	55	2220000	26023	NA
55	Pulse	55	2230000	36023	NA
56	Pulse	55	2240000	5177	NA
56	Pulse	55	2250000	15177	NA
56	Pulse	55	2260000	25177	NA
56	Pulse	55	2270000	35177	NA
57	Pulse	55	2280000	4580	NA
57	Pulse	55	2290000	14580	NA
57	Pulse	55	2300000	24580	NA
57	Pulse	55	2310000	34580	NA
58	Pulse	55	2320000	3900	NA
58	Pulse	55	2330000	13900	NA
58	Pulse	55	2340000	23900	NA
58	Pulse	55	2350000	33900	NA
59	Pulse	55	2360000	3303	NA
59	Pulse	55	2370000	13303	NA
59	Pulse	55	2380000	23303	NA
59	Pulse	55	2390000	33303	NA
60	Pulse	55	2400000	2706	NA
60	Pulse	55	2410000	12706	NA
60	Pulse	55	2420000	22706	NA
60	Pulse	55	2430000	32706	NA
61	Pulse	55	2440000	2026	NA
61	Pulse	55	2450000	12026	NA
61	Pulse	55	2460000	22026	NA
61	Pulse	55	2470000	32026	NA
62	Pulse	55	2480000	1346	NA
62	Pulse	55	2490000	11346	NA
62	Pulse	55	2500000	21346	NA
62	Pulse	55	2510000	31346	NA
63	Pulse	55	2520000	666	NA
63	Pulse	55	2530000	10666	NA
63	Pulse	55	2540000	20666	NA
63	Pulse	55	2550000	30666	NA
63	Pulse	55	2560000	40666	NA
64	Pulse	55	2570000	9985	NA
64	Pulse	55	2580000	19985	NA
64	Pulse	55	2590000	29985	NA
64	Pulse	55	2600000	39985	NA
65	Pulse	55	2610000	9305	NA
65	Pulse	55	2620000	19305	NA
65	Pulse	55	2630000	29305	NA
65	Pulse	55	2640000	39305	NA
66	Pulse	55	2650000	8709	NA
66	Pulse	55	2660000	18709	NA
66	Pulse	55	2670000	28709	NA
66	Pulse	55	2680000	38709	NA
67	Pulse	55	2690000	8028	NA
67	Pulse	55	2700000	18028	NA
67	Pulse	55	2710000	28028	NA
67	Pulse	55	2720000	38028	NA
68	Pulse	55	2730000	7432	NA
68	Pulse	55	2740000	17432	NA
68	Pulse	55	2750000	27432	NA
68	Pulse	55	2760000	37432	NA
69	Pulse	55	2770000	6835	NA
69	Pulse	55	2780000	16835	NA
69	Pulse	55	2790000	26835	NA
69	Pulse	55	2800000	36835	NA
70	Pulse	55	2810000	6238	NA
70	Pulse	55	2820000	16238	NA
70	Pulse	55	2830000	26238	NA
70	Pulse	55	2840000	36238	NA
71	Pulse	55	2850000	5641	NA
71	Pulse	55	2860000	15641	NA
71	Pulse	55	2870000	25641	NA
71	Pulse	55	2880000	35641	NA
72	Pulse	55	2890000	4961	NA
72	Pulse	55	2900000	14961	NA
72	Pulse	55	2910000	24961	NA
72	Pulse	55	2920000	34961	NA
73	Pulse	55	2930000	4198	NA
73	Pulse	55	2940000	14198	NA
73	Pulse	55	2950000	24198	NA
73	Pulse	55	2960000	34198	NA
74	Pulse	55	2970000	3601	NA
74	Pulse	55	2980000	13601	NA
74	Pulse	55	2990000	23601	NA
74	Pulse	55	3000000	33601	NA
75	Pulse	55	3010000	3004	NA
75	Pulse	55	3020000	13004	NA
75	Pulse	55	3030000	23004	NA
75	Pulse	55	3040000	33004	NA
76	Pulse	55	3050000	2407	NA
76	Pulse	55	3060000	12407	NA
76	Pulse	55	3070000	22407	NA
76	Pulse	55	3080000	32407	NA
77	Pulse	55	3090000	1811	NA
77	Pulse	55	3100000	11811	NA
77	Pulse	55	3110000	21811	NA
77	Pulse	55	3120000	31811	NA
78	Pulse	55	3130000	1130	NA
78	Pulse	55	3140000	11130	NA
78	Pulse	55	3150000	21130	NA
78	Pulse	55	3160000	31130	NA
79	Pulse	55	3170000	450	NA
79	Pulse	55	3180000	10450	NA
79	Pulse	55	3190000	20450	NA
79	Pulse	55	3200000	30450	NA
79	Pulse	55	3210000	40450	NA
80	Pulse	55	3220000	9770	NA
80	Pulse	55	3230000	19770	NA
80	Pulse	55	3240000	29770	NA
80	Pulse	55	3250000	39770	NA
81	Pulse	55	3260000	9090	NA
81	Pulse	55	3270000	19090	NA
81	Pulse	55	3280000	29090	NA
81	Pulse	55	3290000	39090	NA
82	Pulse	55	3300000	8410	NA
82	Pulse	55	3310000	18410	NA
82	Pulse	55	3320000	28410	NA
82	Pulse	55	3330000	38410	NA
83	Pulse	55	3340000	7813	NA
83	Pulse	55	3350000	17813	NA
83	Pulse	55	3360000	27813	NA
83	Pulse	55	3370000	37813	NA
84	Pulse	55	3380000	7216	NA
84	Pulse	55	3390000	17216	NA
84	Pulse	55	3400000	27216	NA
84	Pulse	55	3410000	37216	NA
85	Pulse	55	3420000	6619	NA
85	Pulse	55	3430000	16619	NA
85	Pulse	55	3440000	26619	NA
85	Pulse	55	3450000	36619	NA
86	Pulse	55	3460000	5939	NA
86	Pulse	55	3470000	15939	NA
86	Pulse	55	3480000	25939	NA
86	Pulse	55	3490000	35939	NA
87	Pulse	55	3500000	5343	NA
87	Pulse	55	3510000	15343	NA
87	Pulse	55	3520000	25343	NA
87	Pulse	55	3530000	35343	NA
88	Pulse	55	3540000	4662	NA
88	Pulse	55	3550000	14662	NA
88	Pulse	55	3560000	24662	NA
88	Pulse	55	3570000	34662	NA
89	Pulse	55	3580000	4066	NA
89	Pulse	55	3590000	14066	NA
89	Pulse	55	3600000	24066	NA
89	Pulse	55	3610000	34066	NA
90	Pulse	55	3620000	3386	NA
90	Pulse	55	3630000	13386	NA
90	Pulse	55	3640000	23386	NA
90	Pulse	55	3650000	33386	NA
91	Pulse	55	3660000	2789	NA
91	Pulse	55	3670000	12789	NA
91	Pulse	55	3680000	22789	NA
91	Pulse	55	3690000	32789	NA
92	Pulse	55	3700000	2192	NA
92	Pulse	55	3710000	12192	NA
92	Pulse	55	3720000	22192	NA
92	Pulse	55	3730000	32192	NA
93	Pulse	55	3740000	1595	NA
93	Pulse	55	3750000	11595	NA
93	Pulse	55	3760000	21595	NA
93	Pulse	55	3770000	31595	NA
94	Pulse	55	3780000	998	NA
94	Pulse	55	3790000	10998	NA
94	Pulse	55	3800000	20998	NA
94	Pulse	55	3810000	30998	NA
95	Pulse	55	3820000	402	NA
95	Pulse	55	3830000	10402	NA
95	Pulse	55	3840000	20402	NA
95	Pulse	55	3850000	30402	NA
95	Pulse	55	3860000	40402	NA
96	Pulse	55	3870000	9805	NA
96	Pulse	55	3880000	19805	NA
96	Pulse	55	3890000	29805	NA
96	Pulse	55	3900000	39805	NA
97	Pulse	55	3910000	9208	NA
97	Pulse	55	3920000	19208	NA
97	Pulse	55	3930000	29208	NA
97	Pulse	55	3940000	39208	NA
98	Pulse	55	3950000	8528	NA
98	Pulse	55	3960000	18528	NA
98	Pulse	55	3970000	28528	NA
98	Pulse	55	3980000	38528	NA
99	Pulse	55	3990000	7931	NA
99	Pulse	55	4000000	17931	NA
99	Pulse	55	4010000	27931	NA
99	Pulse	55	4020000	37931	NA
100	Pulse	55	4030000	7334	NA
100	Pulse	55	4040000	17334	NA
100	Pulse	55	4050000	27334	NA
100	Pulse	55	4060000	37334	NA
101	Pulse	55	4070000	6738	NA
101	Pulse	55	4080000	16738	NA
101	Pulse	55	4090000	26738	NA
101	Pulse	55	4100000	36738	NA
102	Pulse	55	4110000	6141	NA
102	Pulse	55	4120000	16141	NA
102	Pulse	55	4130000	26141	NA
102	Pulse	55	4140000	36141	NA
103	Pulse	55	4150000	5544	NA
103	Pulse	55	4160000	15544	NA
103	Pulse	55	4170000	25544	NA
103	Pulse	55	4180000	35544	NA
104	Pulse	55	4190000	4864	NA
104	Pulse	55	4200000	14864	NA
104	Pulse	55	4210000	24864	NA
104	Pulse	55	4220000	34864	NA
105	Pulse	55	4230000	4267	NA
105	Pulse	55	4240000	14267	NA
105	Pulse	55	4250000	24267	NA
105	Pulse	55	4260000	34267	NA
106	Pulse	55	4270000	3670	NA
106	Pulse	55	4280000	13670	NA
106	Pulse	55	4290000	23670	NA
106	Pulse	55	4300000	33670	NA
107	Pulse	55	4310000	3157	NA
107	Pulse	55	4320000	13157	NA
107	Pulse	55	4330000	23157	NA
107	Pulse	55	4340000	33157	NA
108	Pulse	55	4350000	2644	NA
108	Pulse	55	4360000	12644	NA
108	Pulse	55	4370000	22644	NA
108	Pulse	55	4380000	32644	NA
109	Pulse	55	4390000	2047	NA
109	Pulse	55	4400000	12047	NA
109	Pulse	55	4410000	22047	NA
109	Pulse	55	4420000	32047	NA
110	Pulse	55	4430000	1450	NA
110	Pulse	55	4440000	11450	NA
110	Pulse	55	4450000	21450	NA
110	Pulse	55	4460000	31450	NA
111	Pulse	55	4470000	853	NA
111	Pulse	55	4480000	10853	NA
111	Pulse	55	4490000	20853	NA
111	Pulse	55	4500000	30853	NA
112	Pulse	55	4510000	256	NA
112	Pulse	55	4520000	10256	NA
112	Pulse	55	4530000	20256	NA
112	Pulse	55	4540000	30256	NA
112	Pulse	55	4550000	40256	NA
113	Pulse	55	4560000	9660	NA
113	Pulse	55	4570000	19660	NA
113	Pulse	55	4580000	29660	NA
113	Pulse	55	4590000	39660	NA
114	Pulse	55	4600000	9063	NA
114	Pulse	55	4610000	19063	NA
114	Pulse	55	4620000	29063	NA
114	Pulse	55	4630000	39063	NA
115	Pulse	55	4640000	8549	NA
115	Pulse	55	4650000	18549	NA
115	Pulse	55	4660000	28549	NA
115	Pulse	55	4670000	38549	NA
116	Pulse	55	4680000	7953	NA
116	Pulse	55	4690000	17953	NA
116	Pulse	55	4700000	27953	NA
116	Pulse	55	4710000	37953	NA
117	Pulse	55	4720000	7356	NA
117	Pulse	55	4730000	17356	NA
117	Pulse	55	4740000	27356	NA
117	Pulse	55	4750000	37356	NA
118	Pulse	55	4760000	6759	NA
118	Pulse	55	4770000	16759	NA
118	Pulse	55	4780000	26759	NA
118	Pulse	55	4790000	36759	NA
119	Pulse	55	4800000	6162	NA
119	Pulse	55	4810000	16162	NA
119	Pulse	55	4820000	26162	NA
119	Pulse	55	4830000	36162	NA
120	Pulse	55	4840000	5566	NA
120	Pulse	55	4850000	15566	NA
120	Pulse	55	4860000	25566	NA
120	Pulse	55	4870000	35566	NA
121	Pulse	55	4880000	5052	NA
121	Pulse	55	4890000	15052	NA
121	Pulse	55	4900000	25052	NA
121	Pulse	55	4910000	35052	NA
122	Pulse	55	4920000	4455	NA
122	Pulse	55	4930000	14455	NA
122	Pulse	55	4940000	24455	NA
122	Pulse	55	4950000	34455	NA
123	Pulse	55	4960000	3942	NA
123	Pulse	55	4970000	13942	NA
123	Pulse	55	4980000	23942	NA
123	Pulse	55	4990000	33942	NA
124	Pulse	55	5000000	3428	NA
124	Pulse	55	5010000	13428	NA
124	Pulse	55	5020000	23428	NA
124	Pulse	55	5030000	33428	NA
125	Pulse	55	5040000	2915	NA
125	Pulse	55	5050000	12915	NA
125	Pulse	55	5060000	22915	NA
125	Pulse	55	5070000	32915	NA
126	Pulse	55	5080000	2318	NA
126	Pulse	55	5090000	12318	NA
126	Pulse	55	5100000	22318	NA
126	Pulse	55	5110000	32318	NA
127	Pulse	55	5120000	1722	NA
127	Pulse	55	5130000	11722	NA
127	Pulse	55	5140000	21722	NA
127	Pulse	55	5150000	31722	NA
128	Pulse	55	5160000	1041	NA
128	Pulse	55	5170000	11041	NA
128	Pulse	55	5180000	21041	NA
128	Pulse	55	5190000	31041	NA
129	Pulse	55	5200000	445	NA
129	Pulse	55	5210000	10445	NA
129	Pulse	55	5220000	20445	NA
129	Pulse	55	5230000	30445	NA
129	Pulse	55	5240000	40445	NA
130	Pulse	55	5250000	9848	NA
130	Pulse	55	5260000	19848	NA
130	Pulse	55	5270000	29848	NA
130	Pulse	55	5280000	39848	NA
131	Pulse	55	5290000	9251	NA
131	Pulse	55	5300000	19251	NA
131	Pulse	55	5310000	29251	NA
131	Pulse	55	5320000	39251	NA
132	Pulse	55	5330000	8738	NA
132	Pulse	55	5340000	18738	NA
132	Pulse	55	5350000	28738	NA
132	Pulse	55	5360000	38738	NA
133	Pulse	55	5370000	8141	NA
133	Pulse	55	5380000	18141	NA
133	Pulse	55	5390000	28141	NA
133	Pulse	55	5400000	38141	NA
134	Pulse	55	5410000	7461	NA
134	Pulse	55	5420000	17461	NA
134	Pulse	55	5430000	27461	NA
134	Pulse	55	5440000	37461	NA
135	Pulse	55	5450000	6864	NA
135	Pulse	55	5460000	16864	NA
135	Pulse	55	5470000	26864	NA
135	Pulse	55	5480000	36864	NA
136	Pulse	55	5490000	6267	NA
136	Pulse	55	5500000	16267	NA
136	Pulse	55	5510000	26267	NA
136	Pulse	55	5520000	36267	NA
137	Pulse	55	5530000	5587	NA
137	Pulse	55	5540000	15587	NA
137	Pulse	55	5550000	25587	NA
137	Pulse	55	5560000	35587	NA
138	Pulse	55	5570000	5074	NA
138	Pulse	55	5580000	15074	NA
138	Pulse	55	5590000	25074	NA
138	Pulse	55	5600000	35074	NA
139	Pulse	55	5610000	4477	NA
139	Pulse	55	5620000	14477	NA
139	Pulse	55	5630000	24477	NA
139	Pulse	55	5640000	34477	NA
140	Pulse	55	5650000	3880	NA
140	Pulse	55	5660000	13880	NA
140	Pulse	55	5670000	23880	NA
140	Pulse	55	5680000	33880	NA
141	Pulse	55	5690000	3367	NA
141	Pulse	55	5700000	13367	NA
141	Pulse	55	5710000	23367	NA
141	Pulse	55	5720000	33367	NA
142	Pulse	55	5730000	2770	NA
142	Pulse	55	5740000	12770	NA
142	Pulse	55	5750000	22770	NA
142	Pulse	55	5760000	32770	NA
143	Pulse	55	5770000	2173	NA
143	Pulse	55	5780000	12173	NA
143	Pulse	55	5790000	22173	NA
143	Pulse	55	5800000	32173	NA
144	Pulse	55	5810000	1660	NA
144	Pulse	55	5820000	11660	NA
144	Pulse	55	5830000	21660	NA
144	Pulse	55	5840000	31660	NA
145	Pulse	55	5850000	1146	NA
145	Pulse	55	5860000	11146	NA
145	Pulse	55	5870000	21146	NA
145	Pulse	55	5880000	31146	NA
146	Pulse	55	5890000	549	NA
146	Pulse	55	5900000	10549	NA
146	Pulse	55	5910000	20549	NA
146	Pulse	55	5920000	30549	NA
146	Pulse	55	5930000	40549	NA
147	Pulse	55	5940000	9953	NA
147	Pulse	55	5950000	19953	NA
147	Pulse	55	5960000	29953	NA
147	Pulse	55	5970000	39953	NA
148	Pulse	55	5980000	9356	NA
148	Pulse	55	5990000	19356	NA
148	Pulse	55	6000000	29356	NA
148	Pulse	55	6010000	39356	NA
149	Pulse	55	6020000	8759	NA
149	Pulse	55	6030000	18759	NA
149	Pulse	55	6040000	28759	NA
149	Pulse	55	6050000	38759	NA
150	Pulse	55	6060000	8163	NA
150	Pulse	55	6070000	18163	NA
150	Pulse	55	6080000	28163	NA
150	Pulse	55	6090000	38163	NA
151	Pulse	55	6100000	7566	NA
151	Pulse	55	6110000	17566	NA
151	Pulse	55	6120000	27566	NA
151	Pulse	55	6130000	37566	NA
152	Pulse	55	6140000	6969	NA
152	Pulse	55	6150000	16969	NA
152	Pulse	55	6160000	26969	NA
152	Pulse	55	6170000	36969	NA
153	Pulse	55	6180000	6455	NA
153	Pulse	55	6190000	16455	NA
153	Pulse	55	6200000	26455	NA
153	Pulse	55	6210000	36455	NA
154	Pulse	55	6220000	5942	NA
154	Pulse	55	6230000	15942	NA
154	Pulse	55	6240000	25942	NA
154	Pulse	55	6250000	35942	NA
155	Pulse	55	6260000	5512	NA
155	Pulse	55	6270000	15512	NA
155	Pulse	55	6280000	25512	NA
155	Pulse	55	6290000	35512	NA
156	Pulse	55	6300000	4915	NA
156	Pulse	55	6310000	14915	NA
156	Pulse	55	6320000	24915	NA
156	Pulse	55	6330000	34915	NA
157	Pulse	55	6340000	4318	NA
157	Pulse	55	6350000	14318	NA
157	Pulse	55	6360000	24318	NA
157	Pulse	55	6370000	34318	NA
158	Pulse	55	6380000	3805	NA
158	Pulse	55	6390000	13805	NA
158	Pulse	55	6400000	23805	NA
158	Pulse	55	6410000	33805	NA
159	Pulse	55	6420000	3208	NA
159	Pulse	55	6430000	13208	NA
159	Pulse	55	6440000	23208	NA
159	Pulse	55	6450000	33208	NA
160	Pulse	55	6460000	2611	NA
160	Pulse	55	6470000	12611	NA
160	Pulse	55	6480000	22611	NA
160	Pulse	55	6490000	32611	NA
161	Pulse	55	6500000	2015	NA
161	Pulse	55	6510000	12015	NA
161	Pulse	55	6520000	22015	NA
161	Pulse	55	6530000	32015	NA
162	Pulse	55	6540000	1501	NA
162	Pulse	55	6550000	11501	NA
162	Pulse	55	6560000	21501	NA
162	Pulse	55	6570000	31501	NA
163	Pulse	55	6580000	904	NA
163	Pulse	55	6590000	10904	NA
163	Pulse	55	6600000	20904	NA
163	Pulse	55	6610000	30904	NA
164	Pulse	55	6620000	308	NA
164	Pulse	55	6630000	10308	NA
164	Pulse	55	6640000	20308	NA
164	Pulse	55	6650000	30308	NA
164	Pulse	55	6660000	40308	NA
165	Pulse	55	6670000	9711	NA
165	Pulse	55	6680000	19711	NA
165	Pulse	55	6690000	29711	NA
165	Pulse	55	6700000	39711	NA
166	Pulse	55	6710000	9114	NA
166	Pulse	55	6720000	19114	NA
166	Pulse	55	6730000	29114	NA
166	Pulse	55	6740000	39114	NA
167	Pulse	55	6750000	8434	NA
167	Pulse	55	6760000	18434	NA
167	Pulse	55	6770000	28434	NA
167	Pulse	55	6780000	38434	NA
168	Pulse	55	6790000	7837	NA
168	Pulse	55	6800000	17837	NA
168	Pulse	55	6810000	27837	NA
168	Pulse	55	6820000	37837	NA
169	Pulse	55	6830000	7324	NA
169	Pulse	55	6840000	17324	NA
169	Pulse	55	6850000	27324	NA
169	Pulse	55	6860000	37324	NA
170	Pulse	55	6870000	6727	NA
170	Pulse	55	6880000	16727	NA
170	Pulse	55	6890000	26727	NA
170	Pulse	55	6900000	36727	NA
171	Pulse	55	6910000	6214	NA
171	Pulse	55	6920000	16214	NA
171	Pulse	55	6930000	26214	NA
171	Pulse	55	6940000	36214	NA
172	Pulse	55	6950000	5617	NA
172	Pulse	55	6960000	15617	NA
172	Pulse	55	6970000	25617	NA
172	Pulse	55	6980000	35617	NA
173	Pulse	55	6990000	5020	NA
173	Pulse	55	7000000	15020	NA
173	Pulse	55	7010000	25020	NA
173	Pulse	55	7020000	35020	NA
174	Pulse	55	7030000	4590	NA
174	Pulse	55	7040000	14590	NA
174	Pulse	55	7050000	24590	NA
174	Pulse	55	7060000	34590	NA
175	Pulse	55	7070000	4076	NA
175	Pulse	55	7080000	14076	NA
175	Pulse	55	7090000	24076	NA
175	Pulse	55	7100000	34076	NA
176	Pulse	55	7110000	3480	NA
176	Pulse	55	7120000	13480	NA
176	Pulse	55	7130000	23480	NA
176	Pulse	55	7140000	33480	NA
177	Pulse	55	7150000	2883	NA
177	Pulse	55	7160000	12883	NA
177	Pulse	55	7170000	22883	NA
177	Pulse	55	7180000	32883	NA
178	Pulse	55	7190000	2369	NA
178	Pulse	55	7200000	12369	NA
178	Pulse	55	7210000	22369	NA
178	Pulse	55	7220000	32369	NA
179	Pulse	55	7230000	1856	NA
179	Pulse	55	7240000	11856	NA
179	Pulse	55	7250000	21856	NA
179	Pulse	55	7260000	31856	NA
180	Pulse	55	7270000	1260	NA
180	Pulse	55	7280000	11260	NA
180	Pulse	55	7290000	21260	NA
180	Pulse	55	7300000	31260	NA
181	Pulse	55	7310000	579	NA
181	Pulse	55	7320000	10579	NA
181	Pulse	55	7330000	20579	NA
181	Pulse	55	7340000	30579	NA
181	Pulse	55	7350000	40579	NA
182	Pulse	55	7360000	9982	NA
182	Pulse	55	7370000	19982	NA
182	Pulse	55	7380000	29982	NA
182	Pulse	55	7390000	39982	NA
183	Pulse	55	7400000	9386	NA
183	Pulse	55	7410000	19386	NA
183	Pulse	55	7420000	29386	NA
183	Pulse	55	7430000	39386	NA
184	Pulse	55	7440000	8789	NA
184	Pulse	55	7450000	18789	NA
184	Pulse	55	7460000	28789	NA
184	Pulse	55	7470000	38789	NA
185	Pulse	55	7480000	8275	NA
185	Pulse	55	7490000	18275	NA
185	Pulse	55	7500000	28275	NA
185	Pulse	55	7510000	38275	NA
186	Pulse	55	7520000	7679	NA
186	Pulse	55	7530000	17679	NA
186	Pulse	55	7540000	27679	NA
186	Pulse	55	7550000	37679	NA
187	Pulse	55	7560000	6999	NA
187	Pulse	55	7570000	16999	NA
187	Pulse	55	7580000	26999	NA
187	Pulse	55	7590000	36999	NA
188	Pulse	55	7600000	6402	NA
188	Pulse	55	7610000	16402	NA
188	Pulse	55	7620000	26402	NA
188	Pulse	55	7630000	36402	NA
189	Pulse	55	7640000	5722	NA
189	Pulse	55	7650000	15722	NA
189	Pulse	55	7660000	25722	NA
189	Pulse	55	7670000	35722	NA
190	Pulse	55	7680000	5125	NA
190	Pulse	55	7690000	15125	NA
190	Pulse	55	7700000	25125	NA
190	Pulse	55	7710000	35125	NA
191	Pulse	55	7720000	4528	NA
191	Pulse	55	7730000	14528	NA
191	Pulse	55	7740000	24528	NA
191	Pulse	55	7750000	34528	NA
192	Pulse	55	7760000	3931	NA
192	Pulse	55	7770000	13931	NA
192	Pulse	55	7780000	23931	NA
192	Pulse	55	7790000	33931	NA
193	Pulse	55	7800000	3334	NA
193	Pulse	55	7810000	13334	NA
193	Pulse	55	7820000	23334	NA
193	Pulse	55	7830000	33334	NA
194	Pulse	55	7840000	2738	NA
194	Pulse	55	7850000	12738	NA
194	Pulse	55	7860000	22738	NA
194	Pulse	55	7870000	32738	NA
195	Pulse	55	7880000	2141	NA
195	Pulse	55	7890000	12141	NA
195	Pulse	55	7900000	22141	NA
195	Pulse	55	7910000	32141	NA
196	Pulse	55	7920000	1461	NA
196	Pulse	55	7930000	11461	NA
196	Pulse	55	7940000	21461	NA
196	Pulse	55	7950000	31461	NA
197	Pulse	55	7960000	864	NA
197	Pulse	55	7970000	10864	NA
197	Pulse	55	7980000	20864	NA
197	Pulse	55	7990000	30864	NA
198	Pulse	55	8000000	351	NA
198	Pulse	55	8010000	10351	NA
198	Pulse	55	8020000	20351	NA
198	Pulse	55	8030000	30351	NA
198	Pulse	55	8040000	40351	NA
199	Pulse	55	8050000	9754	NA
199	Pulse	55	8060000	19754	NA
199	Pulse	55	8070000	29754	NA
199	Pulse	55	8080000	39754	NA
200	Pulse	55	8090000	9157	NA
200	Pulse	55	8100000	19157	NA
200	Pulse	55	8110000	29157	NA
200	Pulse	55	8120000	39157	NA
201	Pulse	55	8130000	8644	NA
201	Pulse	55	8140000	18644	NA
201	Pulse	55	8150000	28644	NA
201	Pulse	55	8160000	38644	NA
202	Pulse	55	8170000	8047	NA
202	Pulse	55	8180000	18047	NA
202	Pulse	55	8190000	28047	NA
202	Pulse	55	8200000	38047	NA
203	Pulse	55	8210000	7533	NA
203	Pulse	55	8220000	17533	NA
203	Pulse	55	8230000	27533	NA
203	Pulse	55	8240000	37533	NA
204	Pulse	55	8250000	6937	NA
204	Pulse	55	8260000	16937	NA
204	Pulse	55	8270000	26937	NA
204	Pulse	55	8280000	36937	NA
205	Pulse	55	8290000	6423	NA
205	Pulse	55	8300000	16423	NA
205	Pulse	55	8310000	26423	NA
205	Pulse	55	8320000	36423	NA
206	Pulse	55	8330000	5826	NA
206	Pulse	55	8340000	15826	NA
206	Pulse	55	8350000	25826	NA
206	Pulse	55	8360000	35826	NA
207	Pulse	55	8370000	5313	NA
207	Pulse	55	8380000	15313	NA
207	Pulse	55	8390000	25313	NA
207	Pulse	55	8400000	35313	NA
208	Pulse	55	8410000	4800	NA
208	Pulse	55	8420000	14800	NA
208	Pulse	55	8430000	24800	NA
208	Pulse	55	8440000	34800	NA
209	Pulse	55	8450000	4203	NA
209	Pulse	55	8460000	14203	NA
209	Pulse	55	8470000	24203	NA
209	Pulse	55	8480000	34203	NA
210	Pulse	55	8490000	3689	NA
210	Pulse	55	8500000	13689	NA
210	Pulse	55	8510000	23689	NA
210	Pulse	55	8520000	33689	NA
211	Pulse	55	8530000	3176	NA
211	Pulse	55	8540000	13176	NA
211	Pulse	55	8550000	23176	NA
211	Pulse	55	8560000	33176	NA
212	Pulse	55	8570000	2663	NA
212	Pulse	55	8580000	12663	NA
212	Pulse	55	8590000	22663	NA
212	Pulse	55	8600000	32663	NA
213	Pulse	55	8610000	2149	NA
213	Pulse	55	8620000	12149	NA
213	Pulse	55	8630000	22149	NA
213	Pulse	55	8640000	32149	NA
214	Pulse	55	8650000	1552	NA
214	Pulse	55	8660000	11552	NA
214	Pulse	55	8670000	21552	NA
214	Pulse	55	8680000	31552	NA
215	Pulse	55	8690000	956	NA
215	Pulse	55	8700000	10956	NA
215	Pulse	55	8710000	20956	NA
215	Pulse	55	8720000	30956	NA
216	Pulse	55	8730000	359	NA
216	Pulse	55	8740000	10359	NA
216	Pulse	55	8750000	20359	NA
216	Pulse	55	8760000	30359	NA
217	Pulse	55	8770000	12	NA
217	Pulse	55	8780000	10012	NA
217	Pulse	55	8790000	20012	NA
217	Pulse	55	8800000	30012	NA
217	Pulse	55	8810000	40012	NA
218	Pulse	55	8820000	9415	NA
218	Pulse	55	8830000	19415	NA
218	Pulse	55	8840000	29415	NA
218	Pulse	55	8850000	39415	NA
219	Pulse	55	8860000	8902	NA
219	Pulse	55	8870000	18902	NA
219	Pulse	55	8880000	28902	NA
219	Pulse	55	8890000	38902	NA
220	Pulse	55	8900000	8305	NA
220	Pulse	55	8910000	18305	NA
220	Pulse	55	8920000	28305	NA
220	Pulse	55	8930000	38305	NA
221	Pulse	55	8940000	7625	NA
221	Pulse	55	8950000	17625	NA
221	Pulse	55	8960000	27625	NA
221	Pulse	55	8970000	37625	NA
222	Pulse	55	8980000	7112	NA
222	Pulse	55	8990000	17112	NA
222	Pulse	55	9000000	27112	NA
222	Pulse	55	9010000	37112	NA
223	Pulse	55	9020000	6515	NA
223	Pulse	55	9030000	16515	NA
223	Pulse	55	9040000	26515	NA
223	Pulse	55	9050000	36515	NA
224	Pulse	55	9060000	5918	NA
224	Pulse	55	9070000	15918	NA
224	Pulse	55	9080000	25918	NA
224	Pulse	55	9090000	35918	NA
225	Pulse	55	9100000	5405	NA
225	Pulse	55	9110000	15405	NA
225	Pulse	55	9120000	25405	NA
225	Pulse	55	9130000	35405	NA
226	Pulse	55	9140000	4891	NA
226	Pulse	55	9150000	14891	NA
226	Pulse	55	9160000	24891	NA
226	Pulse	55	9170000	34891	NA
227	Pulse	55	9180000	4294	NA
227	Pulse	55	9190000	14294	NA
227	Pulse	55	9200000	24294	NA
227	Pulse	55	9210000	34294	NA
228	Pulse	55	9220000	3698	NA
228	Pulse	55	9230000	13698	NA
228	Pulse	55	9240000	23698	NA
228	Pulse	55	9250000	33698	NA
229	Pulse	55	9260000	3101	NA
229	Pulse	55	9270000	13101	NA
229	Pulse	55	9280000	23101	NA
229	Pulse	55	9290000	33101	NA
230	Pulse	55	9300000	2504	NA
230	Pulse	55	9310000	12504	NA
230	Pulse	55	9320000	22504	NA
230	Pulse	55	9330000	32504	NA
231	Pulse	55	9340000	1991	NA
231	Pulse	55	9350000	11991	NA
231	Pulse	55	9360000	21991	NA
231	Pulse	55	9370000	31991	NA
232	Pulse	55	9380000	1394	NA
232	Pulse	55	9390000	11394	NA
232	Pulse	55	9400000	21394	NA
232	Pulse	55	9410000	31394	NA
233	Pulse	55	9420000	797	NA
233	Pulse	55	9430000	10797	NA
233	Pulse	55	9440000	20797	NA
233	Pulse	55	9450000	30797	NA
234	Pulse	55	9460000	200	NA
234	Pulse	55	9470000	10200	NA
234	Pulse	55	9480000	20200	NA
234	Pulse	55	9490000	30200	NA
234	Pulse	55	9500000	40200	NA
235	Pulse	55	9510000	9604	NA
235	Pulse	55	9520000	19604	NA
235	Pulse	55	9530000	29604	NA
235	Pulse	55	9540000	39604	NA
236	Pulse	55	9550000	9007	NA
236	Pulse	55	9560000	19007	NA
236	Pulse	55	9570000	29007	NA
236	Pulse	55	9580000	39007	NA
237	Pulse	55	9590000	8410	NA
237	Pulse	55	9600000	18410	NA
237	Pulse	55	9610000	28410	NA
237	Pulse	55	9620000	38410	NA
238	Pulse	55	9630000	7813	NA
238	Pulse	55	9640000	17813	NA
238	Pulse	55	9650000	27813	NA
238	Pulse	55	9660000	37813	NA
239	Pulse	55	9670000	7300	NA
239	Pulse	55	9680000	17300	NA
239	Pulse	55	9690000	27300	NA
239	Pulse	55	9700000	37300	NA
240	Pulse	55	9710000	6703	NA
240	Pulse	55	9720000	16703	NA
240	Pulse	55	9730000	26703	NA
240	Pulse	55	9740000	36703	NA
241	Pulse	55	9750000	6106	NA
241	Pulse	55	9760000	16106	NA
241	Pulse	55	9770000	26106	NA
241	Pulse	55	9780000	36106	NA
242	Pulse	55	9790000	5509	NA
242	Pulse	55	9800000	15509	NA
242	Pulse	55	9810000	25509	NA
242	Pulse	55	9820000	35509	NA
243	Pulse	55	9830000	4913	NA
243	Pulse	55	9840000	14913	NA
243	Pulse	55	9850000	24913	NA
243	Pulse	55	9860000	34913	NA
244	Pulse	55	9870000	4316	NA
244	Pulse	55	9880000	14316	NA
244	Pulse	55	9890000	24316	NA
244	Pulse	55	9900000	34316	NA
245	Pulse	55	9910000	3803	NA
245	Pulse	55	9920000	13803	NA
245	Pulse	55	9930000	23803	NA
245	Pulse	55	9940000	33803	NA
246	Pulse	55	9950000	3206	NA
246	Pulse	55	9960000	13206	NA
246	Pulse	55	9970000	23206	NA
246	Pulse	55	9980000	33206	NA
247	Pulse	55	9990000	2609	NA
247	Pulse	55	10000000	12609	NA
247	Pulse	55	10010000	22609	NA
247	Pulse	55	10020000	32609	NA
248	Pulse	55	10030000	2012	NA
248	Pulse	55	10040000	12012	NA
248	Pulse	55	10050000	22012	NA
248	Pulse	55	10060000	32012	NA
249	Pulse	55	10070000	1415	NA
249	Pulse	55	10080000	11415	NA
249	Pulse	55	10090000	21415	NA
249	Pulse	55	10100000	31415	NA
250	Pulse	55	10110000	819	NA
250	Pulse	55	10120000	10819	NA
250	Pulse	55	10130000	20819	NA
250	Pulse	55	10140000	30819	NA
251	Pulse	55	10150000	222	NA
251	Pulse	55	10160000	10222	NA
251	Pulse	55	10170000	20222	NA
251	Pulse	55	10180000	30222	NA
251	Pulse	55	10190000	40222	NA
252	Pulse	55	10200000	9625	NA
252	Pulse	55	10210000	19625	NA
252	Pulse	55	10220000	29625	NA
252	Pulse	55	10230000	39625	NA
253	Pulse	55	10240000	9028	NA
253	Pulse	55	10250000	19028	NA
253	Pulse	55	10260000	29028	NA
253	Pulse	55	10270000	39028	NA
254	Pulse	55	10280000	8432	NA
254	Pulse	55	10290000	18432	NA
254	Pulse	55	10300000	28432	NA
254	Pulse	55	10310000	38432	NA
255	Pulse	55	10320000	7918	NA
255	Pulse	55	10330000	17918	NA
255	Pulse	55	10340000	27918	NA
255	Pulse	55	10350000	37918	NA
256	Pulse	55	10360000	7405	NA
256	Pulse	55	10370000	17405	NA
256	Pulse	55	10380000	27405	NA
256	Pulse	55	10390000	37405	NA
257	Pulse	55	10400000	6891	NA
257	Pulse	55	10410000	16891	NA
257	Pulse	55	10420000	26891	NA
257	Pulse	55	10430000	36891	NA
258	Pulse	55	10440000	6295	NA
258	Pulse	55	10450000	16295	NA
258	Pulse	55	10460000	26295	NA
258	Pulse	55	10470000	36295	NA
259	Pulse	55	10480000	5698	NA
259	Pulse	55	10490000	15698	NA
259	Pulse	55	10500000	25698	NA
259	Pulse	55	10510000	35698	NA
260	Pulse	55	10520000	5101	NA
260	Pulse	55	10530000	15101	NA
260	Pulse	55	10540000	25101	NA
260	Pulse	55	10550000	35101	NA
261	Pulse	55	10560000	4504	NA
261	Pulse	55	10570000	14504	NA
261	Pulse	55	10580000	24504	NA
261	Pulse	55	10590000	34504	NA
262	Pulse	55	10600000	3907	NA
262	Pulse	55	10610000	13907	NA
262	Pulse	55	10620000	23907	NA
262	Pulse	55	10630000	33907	NA
263	Pulse	55	10640000	3311	NA
263	Pulse	55	10650000	13311	NA
263	Pulse	55	10660000	23311	NA
263	Pulse	55	10670000	33311	NA
264	Pulse	55	10680000	2714	NA
264	Pulse	55	10690000	12714	NA
264	Pulse	55	10700000	22714	NA
264	Pulse	55	10710000	32714	NA
265	Pulse	55	10720000	2117	NA
265	Pulse	55	10730000	12117	NA
265	Pulse	55	10740000	22117	NA
265	Pulse	55	10750000	32117	NA
266	Pulse	55	10760000	1520	NA
266	Pulse	55	10770000	11520	NA
266	Pulse	55	10780000	21520	NA
266	Pulse	55	10790000	31520	NA
267	Pulse	55	10800000	924	NA
267	Pulse	55	10810000	10924	NA
267	Pulse	55	10820000	20924	NA
267	Pulse	55	10830000	30924	NA
268	Pulse	55	10840000	327	NA
268	Pulse	55	10850000	10327	NA
268	Pulse	55	10860000	20327	NA
268	Pulse	55	10870000	30327	NA
268	Pulse	55	10880000	40327	NA
269	Pulse	55	10890000	9730	NA
269	Pulse	55	10900000	19730	NA
269	Pulse	55	10910000	29730	NA
269	Pulse	55	10920000	39730	NA
270	Pulse	55	10930000	9133	NA
270	Pulse	55	10940000	19133	NA
270	Pulse	55	10950000	29133	NA
270	Pulse	55	10960000	39133	NA
271	Pulse	55	10970000	8536	NA
271	Pulse	55	10980000	18536	NA
271	Pulse	55	10990000	28536	NA
271	Pulse	55	11000000	38536	NA
272	Pulse	55	11010000	7940	NA
272	Pulse	55	11020000	17940	NA
272	Pulse	55	11030000	27940	NA
272	Pulse	55	11040000	37940	NA
273	Pulse	55	11050000	7343	NA
273	Pulse	55	11060000	17343	NA
273	Pulse	55	11070000	27343	NA
273	Pulse	55	11080000	37343	NA
274	Pulse	55	11090000	6746	NA
274	Pulse	55	11100000	16746	NA
274	Pulse	55	11110000	26746	NA
274	Pulse	55	11120000	36746	NA
275	Pulse	55	11130000	6149	NA
275	Pulse	55	11140000	16149	NA
275	Pulse	55	11150000	26149	NA
275	Pulse	55	11160000	36149	NA
276	Pulse	55	11170000	5552	NA
276	Pulse	55	11180000	15552	NA
276	Pulse	55	11190000	25552	NA
276	Pulse	55	11200000	35552	NA
277	Pulse	55	11210000	4956	NA
277	Pulse	55	11220000	14956	NA
277	Pulse	55	11230000	24956	NA
277	Pulse	55	11240000	34956	NA
278	Pulse	55	11250000	4359	NA
278	Pulse	55	11260000	14359	NA
278	Pulse	55	11270000	24359	NA
278	Pulse	55	11280000	34359	NA
279	Pulse	55	11290000	3762	NA
279	Pulse	55	11300000	13762	NA
279	Pulse	55	11310000	23762	NA
279	Pulse	55	11320000	33762	NA
280	Pulse	55	11330000	3165	NA
280	Pulse	55	11340000	13165	NA
280	Pulse	55	11350000	23165	NA
280	Pulse	55	11360000	33165	NA
281	Pulse	55	11370000	2569	NA
281	Pulse	55	11380000	12569	NA
281	Pulse	55	11390000	22569	NA
281	Pulse	55	11400000	32569	NA
282	Pulse	55	11410000	1972	NA
282	Pulse	55	11420000	11972	NA
282	Pulse	55	11430000	21972	NA
282	Pulse	55	11440000	31972	NA
283	Pulse	55	11450000	1208	NA
283	Pulse	55	11460000	11208	NA
283	Pulse	55	11470000	21208	NA
283	Pulse	55	11480000	31208	NA
284	Pulse	55	11490000	612	NA
284	Pulse	55	11500000	10612	NA
284	Pulse	55	11510000	20612	NA
284	Pulse	55	11520000	30612	NA
285	Pulse	55	11530000	15	NA
285	Pulse	55	11540000	10015	NA
285	Pulse	55	11550000	20015	NA
285	Pulse	55	11560000	30015	NA
285	Pulse	55	11570000	40015	NA
286	Pulse	55	11580000	9418	NA
286	Pulse	55	11590000	19418	NA
286	Pulse	55	11600000	29418	NA
286	Pulse	55	11610000	39418	NA
287	Pulse	55	11620000	8738	NA
287	Pulse	55	11630000	18738	NA
287	Pulse	55	11640000	28738	NA
287	Pulse	55	11650000	38738	NA
288	Pulse	55	11660000	8141	NA
288	Pulse	55	11670000	18141	NA
288	Pulse	55	11680000	28141	NA
288	Pulse	55	11690000	38141	NA
289	Pulse	55	11700000	7544	NA
289	Pulse	55	11710000	17544	NA
289	Pulse	55	11720000	27544	NA
289	Pulse	55	11730000	37544	NA
290	Pulse	55	11740000	6948	NA
290	Pulse	55	11750000	16948	NA
290	Pulse	55	11760000	26948	NA
290	Pulse	55	11770000	36948	NA
291	Pulse	55	11780000	6267	NA
291	Pulse	55	11790000	16267	NA
291	Pulse	55	11800000	26267	NA
291	Pulse	55	11810000	36267	NA
292	Pulse	55	11820000	5671	NA
292	Pulse	55	11830000	15671	NA
292	Pulse	55	11840000	25671	NA
292	Pulse	55	11850000	35671	NA
293	Pulse	55	11860000	5074	NA
293	Pulse	55	11870000	15074	NA
293	Pulse	55	11880000	25074	NA
293	Pulse	55	11890000	35074	NA
294	Pulse	55	11900000	4394	NA
294	Pulse	55	11910000	14394	NA
294	Pulse	55	11920000	24394	NA
294	Pulse	55	11930000	34394	NA
295	Pulse	55	11940000	3797	NA
295	Pulse	55	11950000	13797	NA
295	Pulse	55	11960000	23797	NA
295	Pulse	55	11970000	33797	NA
296	Pulse	55	11980000	3200	NA
296	Pulse	55	11990000	13200	NA
296	Pulse	55	12000000	23200	NA
296	Pulse	55	12010000	33200	NA
297	Pulse	55	12020000	2603	NA
297	Pulse	55	12030000	12603	NA
297	Pulse	55	12040000	22603	NA
297	Pulse	55	12050000	32603	NA
298	Pulse	55	12060000	1923	NA
298	Pulse	55	12070000	11923	NA
298	Pulse	55	12080000	21923	NA
298	Pulse	55	12090000	31923	NA
299	Pulse	55	12100000	1326	NA
299	Pulse	55	12110000	11326	NA
299	Pulse	55	12120000	21326	NA
299	Pulse	55	12130000	31326	NA
300	Pulse	55	12140000	730	NA
300	Pulse	55	12150000	10730	NA
300	Pulse	55	12160000	20730	NA
300	Pulse	55	12170000	30730	NA
301	Pulse	55	12180000	50	NA
301	Pulse	55	12190000	10050	NA
301	Pulse	55	12200000	20050	NA
301	Pulse	55	12210000	30050	NA
301	Pulse	55	12220000	40050	NA
302	Pulse	55	12230000	9453	NA
302	Pulse	55	12240000	19453	NA
302	Pulse	55	12250000	29453	NA
302	Pulse	55	12260000	39453	NA
303	Pulse	55	12270000	8856	NA
303	Pulse	55	12280000	18856	NA
303	Pulse	55	12290000	28856	NA
303	Pulse	55	12300000	38856	NA
304	Pulse	55	12310000	8259	NA
304	Pulse	55	12320000	18259	NA
304	Pulse	55	12330000	28259	NA
304	Pulse	55	12340000	38259	NA
305	Pulse	55	12350000	7662	NA
305	Pulse	55	12360000	17662	NA
305	Pulse	55	12370000	27662	NA
305	Pulse	55	12380000	37662	NA
306	Pulse	55	12390000	6982	NA
306	Pulse	55	12400000	16982	NA
306	Pulse	55	12410000	26982	NA
306	Pulse	55	12420000	36982	NA
307	Pulse	55	12430000	6302	NA
307	Pulse	55	12440000	16302	NA
307	Pulse	55	12450000	26302	NA
307	Pulse	55	12460000	36302	NA
308	Pulse	55	12470000	5622	NA
308	Pulse	55	12480000	15622	NA
308	Pulse	55	12490000	25622	NA
308	Pulse	55	12500000	35622	NA
309	Pulse	55	12510000	5025	NA
309	Pulse	55	12520000	15025	NA
309	Pulse	55	12530000	25025	NA
309	Pulse	55	12540000	35025	NA
310	Pulse	55	12550000	4345	NA
310	Pulse	55	12560000	14345	NA
310	Pulse	55	12570000	24345	NA
310	Pulse	55	12580000	34345	NA
311	Pulse	55	12590000	3748	NA
311	Pulse	55	12600000	13748	NA
311	Pulse	55	12610000	23748	NA
311	Pulse	55	12620000	33748	NA
312	Pulse	55	12630000	3068	NA
312	Pulse	55	12640000	13068	NA
312	Pulse	55	12650000	23068	NA
312	Pulse	55	12660000	33068	NA
313	Pulse	55	12670000	2471	NA
313	Pulse	55	12680000	12471	NA
313	Pulse	55	12690000	22471	NA
313	Pulse	55	12700000	32471	NA
314	Pulse	55	12710000	1875	NA
314	Pulse	55	12720000	11875	NA
314	Pulse	55	12730000	21875	NA
314	Pulse	55	12740000	31875	NA
315	Pulse	55	12750000	1278	NA
315	Pulse	55	12760000	11278	NA
315	Pulse	55	12770000	21278	NA
315	Pulse	55	12780000	31278	NA
316	Pulse	55	12790000	681	NA
316	Pulse	55	12800000	10681	NA
316	Pulse	55	12810000	20681	NA
316	Pulse	55	12820000	30681	NA
317	Pulse	55	12830000	84	NA
317	Pulse	55	12840000	10084	NA
317	Pulse	55	12850000	20084	NA
317	Pulse	55	12860000	30084	NA
317	Pulse	55	12870000	40084	NA
318	Pulse	55	12880000	9404	NA
318	Pulse	55	12890000	19404	NA
318	Pulse	55	12900000	29404	NA
318	Pulse	55	12910000	39404	NA
319	Pulse	55	12920000	8807	NA
319	Pulse	55	12930000	18807	NA
319	Pulse	55	12940000	28807	NA
319	Pulse	55	12950000	38807	NA
320	Pulse	55	12960000	8211	NA
320	Pulse	55	12970000	18211	NA
320	Pulse	55	12980000	28211	NA
320	Pulse	55	12990000	38211	NA
321	Pulse	55	13000000	7614	NA
321	Pulse	55	13010000	17614	NA
321	Pulse	55	13020000	27614	NA
321	Pulse	55	13030000	37614	NA
322	Pulse	55	13040000	7017	NA
322	Pulse	55	13050000	17017	NA
322	Pulse	55	13060000	27017	NA
322	Pulse	55	13070000	37017	NA
323	Pulse	55	13080000	6420	NA
323	Pulse	55	13090000	16420	NA
323	Pulse	55	13100000	26420	NA
323	Pulse	55	13110000	36420	NA
324	Pulse	55	13120000	5740	NA
324	Pulse	55	13130000	15740	NA
324	Pulse	55	13140000	25740	NA
324	Pulse	55	13150000	35740	NA
325	Pulse	55	13160000	5143	NA
325	Pulse	55	13170000	15143	NA
325	Pulse	55	13180000	25143	NA
325	Pulse	55	13190000	35143	NA
326	Pulse	55	13200000	4547	NA
326	Pulse	55	13210000	14547	NA
326	Pulse	55	13220000	24547	NA
326	Pulse	55	13230000	34547	NA
327	Pulse	55	13240000	3866	NA
327	Pulse	55	13250000	13866	NA
327	Pulse	55	13260000	23866	NA
327	Pulse	55	13270000	33866	NA
328	Pulse	55	13280000	3270	NA
328	Pulse	55	13290000	13270	NA
328	Pulse	55	13300000	23270	NA
328	Pulse	55	13310000	33270	NA
329	Pulse	55	13320000	2673	NA
329	Pulse	55	13330000	12673	NA
329	Pulse	55	13340000	22673	NA
329	Pulse	55	13350000	32673	NA
330	Pulse	55	13360000	2076	NA
330	Pulse	55	13370000	12076	NA
330	Pulse	55	13380000	22076	NA
330	Pulse	55	13390000	32076	NA
331	Pulse	55	13400000	1479	NA
331	Pulse	55	13410000	11479	NA
331	Pulse	55	13420000	21479	NA
331	Response	1	13425137	26616	1
331	Pulse	55	13430000	31479	NA
332	Pulse	55	13440000	1383	NA
332	Pulse	55	13450000	11383	NA
333	Pulse	55	13460000	1293	NA
333	Pulse	55	13470000	11293	NA
333	Pulse	55	13480000	21293	NA
333	Pulse	55	13490000	31293	NA
333	Pulse	55	13500000	41293	NA
333	Pulse	55	13510000	51293	NA
333	Pulse	55	13520000	61293	NA
333	Pulse	55	13530000	71293	NA
333	Pulse	55	13540000	81293	NA
333	Pulse	55	13550000	91293	NA
333	Pulse	55	13560000	101293	NA
333	Pulse	55	13570000	111293	NA
333	Pulse	55	13580000	121293	NA
333	Pulse	55	13590000	131293	NA
333	Pulse	55	13600000	141293	NA
333	Pulse	55	13610000	151293	NA
333	Pulse	55	13620000	161293	NA
333	Pulse	55	13630000	171293	NA
333	Pulse	55	13640000	181293	NA
333	Pulse	55	13650000	191293	NA
333	Pulse	55	13660000	201293	NA
333	Pulse	55	13670000	211293	NA
333	Pulse	55	13680000	221293	NA
333	Pulse	55	13690000	231293	NA
333	Pulse	55	13700000	241293	NA
333	Pulse	55	13710000	251293	NA
333	Pulse	55	13720000	261293	NA
333	Response	1	13729775	271068	1
333	Pulse	55	13730000	271293	NA
333	Pulse	55	13740000	281293	NA
334	Pulse	55	13750000	9950	NA
334	Pulse	55	13760000	19950	NA
334	Pulse	55	13770000	29950	NA
334	Pulse	55	13780000	39950	NA
334	Pulse	55	13790000	49950	NA
334	Pulse	55	13800000	59950	NA
334	Pulse	55	13810000	69950	NA
334	Pulse	55	13820000	79950	NA
334	Pulse	55	13830000	89950	NA
334	Pulse	55	13840000	99950	NA
334	Pulse	55	13850000	109950	NA
334	Pulse	55	13860000	119950	NA
334	Pulse	55	13870000	129950	NA
334	Pulse	55	13880000	139950	NA
334	Pulse	55	13890000	149950	NA
334	Pulse	55	13900000	159950	NA
334	Pulse	55	13910000	169950	NA
334	Pulse	55	13920000	179950	NA
334	Pulse	55	13930000	189950	NA
334	Pulse	55	13940000	199950	NA
334	Pulse	55	13950000	209950	NA
334	Pulse	55	13960000	219950	NA
334	Pulse	55	13970000	229950	NA
334	Pulse	55	13980000	239950	NA
334	Pulse	55	13990000	249950	NA
334	Pulse	55	14000000	259950	NA
334	Pulse	55	14010000	269950	NA
334	Pulse	55	14020000	279950	NA
334	Pulse	55	14030000	289950	NA
334	Pulse	55	14040000	299950	NA
334	Pulse	55	14050000	309950	NA
334	Pulse	55	14060000	319950	NA
334	Pulse	55	14070000	329950	NA
334	Pulse	55	14080000	339950	NA
334	Pulse	55	14090000	349950	NA
334	Pulse	55	14100000	359950	NA
334	Pulse	55	14110000	369950	NA
334	Pulse	55	14120000	379950	NA
334	Pulse	55	14130000	389950	NA
334	Pulse	55	14140000	399950	NA
334	Pulse	55	14150000	409950	NA
334	Pulse	55	14160000	419950	NA
334	Pulse	55	14170000	429950	NA
334	Pulse	55	14180000	439950	NA
334	Pulse	55	14190000	449950	NA
334	Pulse	55	14200000	459950	NA
334	Pulse	55	14210000	469950	NA
334	Pulse	55	14220000	479950	NA
334	Pulse	55	14230000	489950	NA
334	Pulse	55	14240000	499950	NA
334	Pulse	55	14250000	509950	NA
334	Pulse	55	14260000	519950	NA
334	Pulse	55	14270000	529950	NA
334	Pulse	55	14280000	539950	NA
334	Pulse	55	14290000	549950	NA
334	Pulse	55	14300000	559950	NA
334	Pulse	55	14310000	569950	NA
334	Pulse	55	14320000	579950	NA
334	Pulse	55	14330000	589950	NA
334	Pulse	55	14340000	599950	NA
334	Pulse	55	14350000	609950	NA
334	Pulse	55	14360000	619950	NA
334	Pulse	55	14370000	629950	NA
334	Pulse	55	14380000	639950	NA
334	Pulse	55	14390000	649950	NA
334	Pulse	55	14400000	659950	NA
334	Pulse	55	14410000	669950	NA
334	Pulse	55	14420000	679950	NA
334	Pulse	55	14430000	689950	NA
334	Pulse	55	14440000	699950	NA
334	Pulse	55	14450000	709950	NA
334	Pulse	55	14460000	719950	NA
334	Pulse	55	14470000	729950	NA
334	Pulse	55	14480000	739950	NA
334	Pulse	55	14490000	749950	NA
334	Pulse	55	14500000	759950	NA
334	Pulse	55	14510000	769950	NA
334	Pulse	55	14520000	779950	NA
334	Pulse	55	14530000	789950	NA
334	Pulse	55	14540000	799950	NA
334	Pulse	55	14550000	809950	NA
334	Pulse	55	14560000	819950	NA
334	Pulse	55	14570000	829950	NA
334	Pulse	55	14580000	839950	NA
334	Pulse	55	14590000	849950	NA
334	Pulse	55	14600000	859950	NA
334	Pulse	55	14610000	869950	NA
334	Pulse	55	14620000	879950	NA
334	Pulse	55	14630000	889950	NA
334	Pulse	55	14640000	899950	NA
334	Pulse	55	14650000	909950	NA
334	Pulse	55	14660000	919950	NA
334	Pulse	55	14670000	929950	NA
334	Pulse	55	14680000	939950	NA
334	Pulse	55	14690000	949950	NA
334	Pulse	55	14700000	959950	NA
334	Pulse	55	14710000	969950	NA
334	Pulse	55	14720000	979950	NA
334	Pulse	55	14730000	989950	NA
334	Pulse	55	14740000	999950	NA
334	Pulse	55	14750000	1009950	NA
334	Pulse	55	14760000	1019950	NA
334	Pulse	55	14770000	1029950	NA
334	Pulse	55	14780000	1039950	NA
334	Pulse	55	14790000	1049950	NA
334	Pulse	55	14800000	1059950	NA
334	Pulse	55	14810000	1069950	NA
334	Pulse	55	14820000	1079950	NA
334	Pulse	55	14830000	1089950	NA
334	Pulse	55	14840000	1099950	NA
334	Pulse	55	14850000	1109950	NA
334	Pulse	55	14860000	1119950	NA
334	Pulse	55	14870000	1129950	NA
334	Pulse	55	14880000	1139950	NA
334	Pulse	55	14890000	1149950	NA
334	Pulse	55	14900000	1159950	NA
334	Pulse	55	14910000	1169950	NA
334	Pulse	55	14920000	1179950	NA
334	Pulse	55	14930000	1189950	NA
334	Pulse	55	14940000	1199950	NA
334	Pulse	55	14950000	1209950	NA
334	Pulse	55	14960000	1219950	NA
334	Pulse	55	14970000	1229950	NA
334	Pulse	55	14980000	1239950	NA
334	Pulse	55	14990000	1249950	NA
334	Pulse	55	15000000	1259950	NA
334	Pulse	55	15010000	1269950	NA
334	Pulse	55	15020000	1279950	NA
334	Pulse	55	15030000	1289950	NA
334	Pulse	55	15040000	1299950	NA
334	Pulse	55	15050000	1309950	NA
334	Pulse	55	15060000	1319950	NA
334	Pulse	55	15070000	1329950	NA
334	Pulse	55	15080000	1339950	NA
334	Pulse	55	15090000	1349950	NA
334	Pulse	55	15100000	1359950	NA
334	Pulse	55	15110000	1369950	NA
334	Pulse	55	15120000	1379950	NA
334	Pulse	55	15130000	1389950	NA
334	Pulse	55	15140000	1399950	NA
334	Pulse	55	15150000	1409950	NA
334	Pulse	55	15160000	1419950	NA
334	Pulse	55	15170000	1429950	NA
334	Pulse	55	15180000	1439950	NA
334	Pulse	55	15190000	1449950	NA
334	Pulse	55	15200000	1459950	NA
334	Pulse	55	15210000	1469950	NA
334	Pulse	55	15220000	1479950	NA
334	Pulse	55	15230000	1489950	NA
334	Pulse	55	15240000	1499950	NA
334	Pulse	55	15250000	1509950	NA
334	Pulse	55	15260000	1519950	NA
334	Pulse	55	15270000	1529950	NA
334	Pulse	55	15280000	1539950	NA
334	Pulse	55	15290000	1549950	NA
334	Pulse	55	15300000	1559950	NA
334	Pulse	55	15310000	1569950	NA
334	Pulse	55	15320000	1579950	NA
334	Pulse	55	15330000	1589950	NA
334	Pulse	55	15340000	1599950	NA
334	Pulse	55	15350000	1609950	NA
334	Pulse	55	15360000	1619950	NA
334	Pulse	55	15370000	1629950	NA
334	Pulse	55	15380000	1639950	NA
334	Pulse	55	15390000	1649950	NA
334	Pulse	55	15400000	1659950	NA
334	Pulse	55	15410000	1669950	NA
334	Pulse	55	15420000	1679950	NA
334	Pulse	55	15430000	1689950	NA
334	Pulse	55	15440000	1699950	NA
334	Pulse	55	15450000	1709950	NA
334	Pulse	55	15460000	1719950	NA
334	Pulse	55	15470000	1729950	NA
334	Pulse	55	15480000	1739950	NA
334	Pulse	55	15490000	1749950	NA
334	Pulse	55	15500000	1759950	NA
334	Pulse	55	15510000	1769950	NA
334	Pulse	55	15520000	1779950	NA
334	Pulse	55	15530000	1789950	NA
334	Pulse	55	15540000	1799950	NA
334	Pulse	55	15550000	1809950	NA
334	Pulse	55	15560000	1819950	NA
334	Pulse	55	15570000	1829950	NA
334	Pulse	55	15580000	1839950	NA
334	Pulse	55	15590000	1849950	NA
334	Pulse	55	15600000	1859950	NA
334	Pulse	55	15610000	1869950	NA
334	Pulse	55	15620000	1879950	NA
334	Pulse	55	15630000	1889950	NA
334	Pulse	55	15640000	1899950	NA
334	Pulse	55	15650000	1909950	NA
334	Pulse	55	15660000	1919950	NA
334	Pulse	55	15670000	1929950	NA
334	Pulse	55	15680000	1939950	NA
334	Pulse	55	15690000	1949950	NA
334	Pulse	55	15700000	1959950	NA
334	Pulse	55	15710000	1969950	NA
334	Pulse	55	15720000	1979950	NA
334	Pulse	55	15730000	1989950	NA
334	Pulse	55	15740000	1999950	NA
334	Pulse	55	15750000	2009950	NA
334	Pulse	55	15760000	2019950	NA
334	Pulse	55	15770000	2029950	NA
334	Pulse	55	15780000	2039950	NA
334	Pulse	55	15790000	2049950	NA
334	Pulse	55	15800000	2059950	NA
334	Pulse	55	15810000	2069950	NA
334	Pulse	55	15820000	2079950	NA
334	Pulse	55	15830000	2089950	NA
334	Pulse	55	15840000	2099950	NA
334	Pulse	55	15850000	2109950	NA
334	Pulse	55	15860000	2119950	NA
334	Pulse	55	15870000	2129950	NA
334	Pulse	55	15880000	2139950	NA
334	Pulse	55	15890000	2149950	NA
334	Pulse	55	15900000	2159950	NA
334	Pulse	55	15910000	2169950	NA
334	Pulse	55	15920000	2179950	NA
334	Pulse	55	15930000	2189950	NA
334	Pulse	55	15940000	2199950	NA
334	Pulse	55	15950000	2209950	NA
334	Pulse	55	15960000	2219950	NA
334	Pulse	55	15970000	2229950	NA
334	Pulse	55	15980000	2239950	NA
334	Pulse	55	15990000	2249950	NA
334	Pulse	55	16000000	2259950	NA
334	Pulse	55	16010000	2269950	NA
334	Pulse	55	16020000	2279950	NA
334	Pulse	55	16030000	2289950	NA
334	Pulse	55	16040000	2299950	NA
334	Pulse	55	16050000	2309950	NA
334	Pulse	55	16060000	2319950	NA
334	Pulse	55	16070000	2329950	NA
334	Pulse	55	16080000	2339950	NA
334	Pulse	55	16090000	2349950	NA
334	Pulse	55	16100000	2359950	NA
334	Pulse	55	16110000	2369950	NA
334	Pulse	55	16120000	2379950	NA
334	Pulse	55	16130000	2389950	NA
334	Pulse	55	16140000	2399950	NA
334	Pulse	55	16150000	2409950	NA
334	Pulse	55	16160000	2419950	NA
334	Pulse	55	16170000	2429950	NA
334	Pulse	55	16180000	2439950	NA
334	Pulse	55	16190000	2449950	NA
334	Pulse	55	16200000	2459950	NA
334	Pulse	55	16210000	2469950	NA
334	Pulse	55	16220000	2479950	NA
334	Pulse	55	16230000	2489950	NA
334	Pulse	55	16240000	2499950	NA
334	Pulse	55	16250000	2509950	NA
334	Pulse	55	16260000	2519950	NA
334	Pulse	55	16270000	2529950	NA
334	Pulse	55	16280000	2539950	NA
334	Pulse	55	16290000	2549950	NA
334	Pulse	55	16300000	2559950	NA
334	Pulse	55	16310000	2569950	NA
334	Pulse	55	16320000	2579950	NA
334	Pulse	55	16330000	2589950	NA
334	Pulse	55	16340000	2599950	NA
334	Pulse	55	16350000	2609950	NA
334	Pulse	55	16360000	2619950	NA
334	Pulse	55	16370000	2629950	NA
334	Pulse	55	16380000	2639950	NA
334	Pulse	55	16390000	2649950	NA
334	Pulse	55	16400000	2659950	NA
334	Pulse	55	16410000	2669950	NA
334	Pulse	55	16420000	2679950	NA
334	Pulse	55	16430000	2689950	NA
334	Pulse	55	16440000	2699950	NA
334	Pulse	55	16450000	2709950	NA
334	Pulse	55	16460000	2719950	NA
334	Pulse	55	16470000	2729950	NA
334	Pulse	55	16480000	2739950	NA
334	Pulse	55	16490000	2749950	NA
334	Pulse	55	16500000	2759950	NA
334	Pulse	55	16510000	2769950	NA
334	Pulse	55	16520000	2779950	NA
334	Pulse	55	16530000	2789950	NA
334	Pulse	55	16540000	2799950	NA
334	Pulse	55	16550000	2809950	NA
334	Pulse	55	16560000	2819950	NA
334	Pulse	55	16570000	2829950	NA
334	Pulse	55	16580000	2839950	NA
334	Pulse	55	16590000	2849950	NA
334	Pulse	55	16600000	2859950	NA
334	Pulse	55	16610000	2869950	NA
334	Pulse	55	16620000	2879950	NA
334	Pulse	55	16630000	2889950	NA
334	Pulse	55	16640000	2899950	NA
334	Pulse	55	16650000	2909950	NA
334	Pulse	55	16660000	2919950	NA
334	Pulse	55	16670000	2929950	NA
334	Pulse	55	16680000	2939950	NA
334	Pulse	55	16690000	2949950	NA
334	Pulse	55	16700000	2959950	NA
334	Pulse	55	16710000	2969950	NA
334	Pulse	55	16720000	2979950	NA
334	Pulse	55	16730000	2989950	NA
334	Pulse	55	16740000	2999950	NA
334	Pulse	55	16750000	3009950	NA
334	Pulse	55	16760000	3019950	NA
334	Pulse	55	16770000	3029950	NA
334	Pulse	55	16780000	3039950	NA
334	Pulse	55	16790000	3049950	NA
334	Pulse	55	16800000	3059950	NA
334	Pulse	55	16810000	3069950	NA
334	Pulse	55	16820000	3079950	NA
334	Pulse	55	16830000	3089950	NA
334	Pulse	55	16840000	3099950	NA
334	Pulse	55	16850000	3109950	NA
334	Pulse	55	16860000	3119950	NA
334	Pulse	55	16870000	3129950	NA
334	Pulse	55	16880000	3139950	NA
334	Pulse	55	16890000	3149950	NA
334	Pulse	55	16900000	3159950	NA
334	Pulse	55	16910000	3169950	NA
334	Pulse	55	16920000	3179950	NA
334	Pulse	55	16930000	3189950	NA
334	Pulse	55	16940000	3199950	NA
334	Pulse	55	16950000	3209950	NA
334	Pulse	55	16960000	3219950	NA
334	Pulse	55	16970000	3229950	NA
334	Pulse	55	16980000	3239950	NA
334	Pulse	55	16990000	3249950	NA
334	Pulse	55	17000000	3259950	NA
334	Pulse	55	17010000	3269950	NA
334	Pulse	55	17020000	3279950	NA
334	Pulse	55	17030000	3289950	NA
334	Pulse	55	17040000	3299950	NA
334	Pulse	55	17050000	3309950	NA
334	Pulse	55	17060000	3319950	NA
334	Pulse	55	17070000	3329950	NA
334	Pulse	55	17080000	3339950	NA
334	Pulse	55	17090000	3349950	NA
334	Pulse	55	17100000	3359950	NA
334	Pulse	55	17110000	3369950	NA
334	Pulse	55	17120000	3379950	NA
334	Pulse	55	17130000	3389950	NA
334	Pulse	55	17140000	3399950	NA
334	Pulse	55	17150000	3409950	NA
334	Pulse	55	17160000	3419950	NA
334	Pulse	55	17170000	3429950	NA
334	Pulse	55	17180000	3439950	NA
334	Pulse	55	17190000	3449950	NA
334	Pulse	55	17200000	3459950	NA
334	Pulse	55	17210000	3469950	NA
334	Pulse	55	17220000	3479950	NA
334	Pulse	55	17230000	3489950	NA
334	Pulse	55	17240000	3499950	NA
334	Pulse	55	17250000	3509950	NA
334	Pulse	55	17260000	3519950	NA
334	Pulse	55	17270000	3529950	NA
334	Pulse	55	17280000	3539950	NA
334	Pulse	55	17290000	3549950	NA
334	Pulse	55	17300000	3559950	NA
334	Pulse	55	17310000	3569950	NA
334	Pulse	55	17320000	3579950	NA
334	Pulse	55	17330000	3589950	NA
334	Pulse	55	17340000	3599950	NA
334	Pulse	55	17350000	3609950	NA
334	Pulse	55	17360000	3619950	NA
334	Pulse	55	17370000	3629950	NA
334	Pulse	55	17380000	3639950	NA
334	Pulse	55	17390000	3649950	NA
334	Pulse	55	17400000	3659950	NA
334	Pulse	55	17410000	3669950	NA
334	Pulse	55	17420000	3679950	NA
334	Pulse	55	17430000	3689950	NA
334	Pulse	55	17440000	3699950	NA
334	Pulse	55	17450000	3709950	NA
334	Pulse	55	17460000	3719950	NA
334	Pulse	55	17470000	3729950	NA
334	Pulse	55	17480000	3739950	NA
334	Pulse	55	17490000	3749950	NA
334	Pulse	55	17500000	3759950	NA
334	Pulse	55	17510000	3769950	NA
334	Pulse	55	17520000	3779950	NA
334	Pulse	55	17530000	3789950	NA
334	Pulse	55	17540000	3799950	NA
334	Pulse	55	17550000	3809950	NA
334	Pulse	55	17560000	3819950	NA
334	Pulse	55	17570000	3829950	NA
334	Pulse	55	17580000	3839950	NA
334	Pulse	55	17590000	3849950	NA
334	Pulse	55	17600000	3859950	NA
334	Pulse	55	17610000	3869950	NA
334	Pulse	55	17620000	3879950	NA
334	Pulse	55	17630000	3889950	NA
334	Pulse	55	17640000	3899950	NA
334	Pulse	55	17650000	3909950	NA
334	Pulse	55	17660000	3919950	NA
334	Pulse	55	17670000	3929950	NA
334	Pulse	55	17680000	3939950	NA
334	Pulse	55	17690000	3949950	NA
334	Pulse	55	17700000	3959950	NA
334	Pulse	55	17710000	3969950	NA
334	Pulse	55	17720000	3979950	NA
334	Pulse	55	17730000	3989950	NA
334	Pulse	55	17740000	3999950	NA
334	Pulse	55	17750000	4009950	NA
334	Pulse	55	17760000	4019950	NA
334	Pulse	55	17770000	4029950	NA
334	Pulse	55	17780000	4039950	NA
334	Pulse	55	17790000	4049950	NA
334	Pulse	55	17800000	4059950	NA
334	Pulse	55	17810000	4069950	NA
334	Pulse	55	17820000	4079950	NA
334	Pulse	55	17830000	4089950	NA
334	Pulse	55	17840000	4099950	NA
334	Pulse	55	17850000	4109950	NA
334	Pulse	55	17860000	4119950	NA
334	Pulse	55	17870000	4129950	NA
334	Pulse	55	17880000	4139950	NA
334	Pulse	55	17890000	4149950	NA
334	Pulse	55	17900000	4159950	NA
334	Pulse	55	17910000	4169950	NA
334	Pulse	55	17920000	4179950	NA
334	Pulse	55	17930000	4189950	NA
334	Pulse	55	17940000	4199950	NA
334	Pulse	55	17950000	4209950	NA
334	Pulse	55	17960000	4219950	NA
334	Pulse	55	17970000	4229950	NA
334	Pulse	55	17980000	4239950	NA
334	Pulse	55	17990000	4249950	NA
334	Pulse	55	18000000	4259950	NA
334	Pulse	55	18010000	4269950	NA
334	Pulse	55	18020000	4279950	NA
334	Pulse	55	18030000	4289950	NA
334	Pulse	55	18040000	4299950	NA
334	Pulse	55	18050000	4309950	NA
334	Pulse	55	18060000	4319950	NA
334	Pulse	55	18070000	4329950	NA
334	Pulse	55	18080000	4339950	NA
334	Pulse	55	18090000	4349950	NA
334	Pulse	55	18100000	4359950	NA
334	Pulse	55	18110000	4369950	NA
334	Pulse	55	18120000	4379950	NA
334	Pulse	55	18130000	4389950	NA
334	Pulse	55	18140000	4399950	NA
334	Pulse	55	18150000	4409950	NA
334	Pulse	55	18160000	4419950	NA
334	Pulse	55	18170000	4429950	NA
334	Pulse	55	18180000	4439950	NA
334	Pulse	55	18190000	4449950	NA
334	Pulse	55	18200000	4459950	NA
334	Pulse	55	18210000	4469950	NA
334	Pulse	55	18220000	4479950	NA
334	Pulse	55	18230000	4489950	NA
334	Pulse	55	18240000	4499950	NA
334	Pulse	55	18250000	4509950	NA
334	Pulse	55	18260000	4519950	NA
334	Pulse	55	18270000	4529950	NA
334	Pulse	55	18280000	4539950	NA
334	Pulse	55	18290000	4549950	NA
334	Pulse	55	18300000	4559950	NA
334	Pulse	55	18310000	4569950	NA
334	Pulse	55	18320000	4579950	NA
334	Pulse	55	18330000	4589950	NA
334	Pulse	55	18340000	4599950	NA
334	Pulse	55	18350000	4609950	NA
334	Pulse	55	18360000	4619950	NA
334	Pulse	55	18370000	4629950	NA
334	Pulse	55	18380000	4639950	NA
334	Pulse	55	18390000	4649950	NA
334	Pulse	55	18400000	4659950	NA
334	Pulse	55	18410000	4669950	NA
334	Pulse	55	18420000	4679950	NA
334	Pulse	55	18430000	4689950	NA
334	Pulse	55	18440000	4699950	NA
334	Pulse	55	18450000	4709950	NA
334	Pulse	55	18460000	4719950	NA
334	Pulse	55	18470000	4729950	NA
334	Pulse	55	18480000	4739950	NA
334	Pulse	55	18490000	4749950	NA
334	Pulse	55	18500000	4759950	NA
334	Pulse	55	18510000	4769950	NA
334	Pulse	55	18520000	4779950	NA
334	Pulse	55	18530000	4789950	NA
334	Pulse	55	18540000	4799950	NA
334	Pulse	55	18550000	4809950	NA
334	Pulse	55	18560000	4819950	NA
334	Pulse	55	18570000	4829950	NA
334	Pulse	55	18580000	4839950	NA
334	Pulse	55	18590000	4849950	NA
334	Pulse	55	18600000	4859950	NA
334	Pulse	55	18610000	4869950	NA
334	Pulse	55	18620000	4879950	NA
334	Pulse	55	18630000	4889950	NA
334	Pulse	55	18640000	4899950	NA
334	Pulse	55	18650000	4909950	NA
334	Pulse	55	18660000	4919950	NA
334	Pulse	55	18670000	4929950	NA
334	Pulse	55	18680000	4939950	NA
334	Response	1	18681702	4941652	1
335	Pulse	55	18690000	8230	NA
335	Pulse	55	18700000	18230	NA
335	Pulse	55	18710000	28230	NA
335	Pulse	55	18720000	38230	NA
335	Pulse	55	18730000	48230	NA
335	Pulse	55	18740000	58230	NA
335	Pulse	55	18750000	68230	NA
335	Pulse	55	18760000	78230	NA
335	Pulse	55	18770000	88230	NA
335	Pulse	55	18780000	98230	NA
335	Pulse	55	18790000	108230	NA
335	Pulse	55	18800000	118230	NA
335	Pulse	55	18810000	128230	NA
335	Pulse	55	18820000	138230	NA
335	Pulse	55	18830000	148230	NA
335	Pulse	55	18840000	158230	NA
335	Pulse	55	18850000	168230	NA
335	Pulse	55	18860000	178230	NA
335	Pulse	55	18870000	188230	NA
335	Pulse	55	18880000	198230	NA
335	Pulse	55	18890000	208230	NA
335	Pulse	55	18900000	218230	NA
335	Pulse	55	18910000	228230	NA
335	Pulse	55	18920000	238230	NA
335	Pulse	55	18930000	248230	NA
335	Pulse	55	18940000	258230	NA
335	Pulse	55	18950000	268230	NA
335	Pulse	55	18960000	278230	NA
335	Pulse	55	18970000	288230	NA
335	Pulse	55	18980000	298230	NA
335	Pulse	55	18990000	308230	NA
335	Pulse	55	19000000	318230	NA
335	Pulse	55	19010000	328230	NA
335	Pulse	55	19020000	338230	NA
335	Pulse	55	19030000	348230	NA
335	Pulse	55	19040000	358230	NA
335	Pulse	55	19050000	368230	NA
335	Pulse	55	19060000	378230	NA
335	Pulse	55	19070000	388230	NA
335	Pulse	55	19080000	398230	NA
335	Pulse	55	19090000	408230	NA
335	Pulse	55	19100000	418230	NA
335	Pulse	55	19110000	428230	NA
335	Pulse	55	19120000	438230	NA
335	Pulse	55	19130000	448230	NA
335	Pulse	55	19140000	458230	NA
335	Pulse	55	19150000	468230	NA
335	Pulse	55	19160000	478230	NA
335	Pulse	55	19170000	488230	NA
335	Pulse	55	19180000	498230	NA
335	Pulse	55	19190000	508230	NA
335	Pulse	55	19200000	518230	NA
335	Pulse	55	19210000	528230	NA
335	Pulse	55	19220000	538230	NA
335	Pulse	55	19230000	548230	NA
335	Pulse	55	19240000	558230	NA
335	Pulse	55	19250000	568230	NA
335	Pulse	55	19260000	578230	NA
335	Pulse	55	19270000	588230	NA
335	Pulse	55	19280000	598230	NA
335	Pulse	55	19290000	608230	NA
335	Pulse	55	19300000	618230	NA
335	Pulse	55	19310000	628230	NA
335	Pulse	55	19320000	638230	NA
335	Pulse	55	19330000	648230	NA
335	Pulse	55	19340000	658230	NA
335	Pulse	55	19350000	668230	NA
335	Pulse	55	19360000	678230	NA
335	Pulse	55	19370000	688230	NA
335	Pulse	55	19380000	698230	NA
335	Pulse	55	19390000	708230	NA
335	Pulse	55	19400000	718230	NA
335	Pulse	55	19410000	728230	NA
335	Pulse	55	19420000	738230	NA
335	Pulse	55	19430000	748230	NA
335	Pulse	55	19440000	758230	NA
335	Pulse	55	19450000	768230	NA
335	Pulse	55	19460000	778230	NA
335	Pulse	55	19470000	788230	NA
335	Pulse	55	19480000	798230	NA
335	Pulse	55	19490000	808230	NA
335	Pulse	55	19500000	818230	NA
335	Pulse	55	19510000	828230	NA
335	Pulse	55	19520000	838230	NA
335	Pulse	55	19530000	848230	NA
335	Pulse	55	19540000	858230	NA
335	Pulse	55	19550000	868230	NA
335	Pulse	55	19560000	878230	NA
335	Pulse	55	19570000	888230	NA
335	Pulse	55	19580000	898230	NA
335	Pulse	55	19590000	908230	NA
335	Pulse	55	19600000	918230	NA
335	Pulse	55	19610000	928230	NA
335	Pulse	55	19620000	938230	NA
335	Pulse	55	19630000	948230	NA
335	Response	1	19639221	957451	1
