Scenario - Slideshow_D2.sce
Logfile written - 11/12/2021 12:11:42

Trial	Event Type	Code	Time	TTime	Uncertainty	Duration	Uncertainty	ReqTime	ReqDur	Stim Type	Pair Index

0	Pulse	55	0	0	NA
1	Pulse	55	10000	9334	NA
1	Pulse	55	20000	19334	NA
1	Pulse	55	30000	29334	NA
1	Pulse	55	40000	39334	NA
2	Pulse	55	50000	8668	NA
2	Pulse	55	60000	18668	NA
2	Pulse	55	70000	28668	NA
2	Pulse	55	80000	38668	NA
3	Pulse	55	90000	8001	NA
3	Pulse	55	100000	18001	NA
3	Pulse	55	110000	28001	NA
3	Pulse	55	120000	38001	NA
4	Pulse	55	130000	7335	NA
4	Pulse	55	140000	17335	NA
4	Pulse	55	150000	27335	NA
4	Pulse	55	160000	37335	NA
5	Pulse	55	170000	6669	NA
5	Pulse	55	180000	16669	NA
5	Pulse	55	190000	26669	NA
5	Pulse	55	200000	36669	NA
6	Pulse	55	210000	6003	NA
6	Pulse	55	220000	16003	NA
6	Pulse	55	230000	26003	NA
6	Pulse	55	240000	36003	NA
7	Pulse	55	250000	5337	NA
7	Pulse	55	260000	15337	NA
7	Pulse	55	270000	25337	NA
7	Pulse	55	280000	35337	NA
8	Pulse	55	290000	4671	NA
8	Pulse	55	300000	14671	NA
8	Pulse	55	310000	24671	NA
8	Pulse	55	320000	34671	NA
9	Pulse	55	330000	4005	NA
9	Pulse	55	340000	14005	NA
9	Pulse	55	350000	24005	NA
9	Pulse	55	360000	34005	NA
10	Pulse	55	370000	3506	NA
10	Pulse	55	380000	13506	NA
10	Pulse	55	390000	23506	NA
10	Pulse	55	400000	33506	NA
11	Pulse	55	410000	3007	NA
11	Pulse	55	420000	13007	NA
11	Pulse	55	430000	23007	NA
11	Pulse	55	440000	33007	NA
12	Pulse	55	450000	2340	NA
12	Pulse	55	460000	12340	NA
12	Pulse	55	470000	22340	NA
12	Pulse	55	480000	32340	NA
13	Pulse	55	490000	1674	NA
13	Pulse	55	500000	11674	NA
13	Pulse	55	510000	21674	NA
13	Pulse	55	520000	31674	NA
14	Pulse	55	530000	1008	NA
14	Pulse	55	540000	11008	NA
14	Pulse	55	550000	21008	NA
14	Pulse	55	560000	31008	NA
15	Pulse	55	570000	342	NA
15	Pulse	55	580000	10342	NA
15	Pulse	55	590000	20342	NA
15	Pulse	55	600000	30342	NA
15	Pulse	55	610000	40342	NA
16	Pulse	55	620000	9676	NA
16	Pulse	55	630000	19676	NA
16	Pulse	55	640000	29676	NA
16	Pulse	55	650000	39676	NA
17	Pulse	55	660000	9010	NA
17	Pulse	55	670000	19010	NA
17	Pulse	55	680000	29010	NA
17	Pulse	55	690000	39010	NA
18	Pulse	55	700000	8344	NA
18	Pulse	55	710000	18344	NA
18	Pulse	55	720000	28344	NA
18	Pulse	55	730000	38344	NA
19	Pulse	55	740000	7678	NA
19	Pulse	55	750000	17678	NA
19	Pulse	55	760000	27678	NA
19	Pulse	55	770000	37678	NA
20	Pulse	55	780000	7012	NA
20	Pulse	55	790000	17012	NA
20	Pulse	55	800000	27012	NA
20	Pulse	55	810000	37012	NA
21	Pulse	55	820000	6346	NA
21	Pulse	55	830000	16346	NA
21	Pulse	55	840000	26346	NA
21	Pulse	55	850000	36346	NA
22	Pulse	55	860000	5680	NA
22	Pulse	55	870000	15680	NA
22	Pulse	55	880000	25680	NA
22	Pulse	55	890000	35680	NA
23	Pulse	55	900000	5014	NA
23	Pulse	55	910000	15014	NA
23	Pulse	55	920000	25014	NA
23	Pulse	55	930000	35014	NA
24	Pulse	55	940000	4348	NA
24	Pulse	55	950000	14348	NA
24	Pulse	55	960000	24348	NA
24	Pulse	55	970000	34348	NA
25	Pulse	55	980000	3682	NA
25	Pulse	55	990000	13682	NA
25	Pulse	55	1000000	23682	NA
25	Pulse	55	1010000	33682	NA
26	Pulse	55	1020000	3016	NA
26	Pulse	55	1030000	13016	NA
26	Pulse	55	1040000	23016	NA
26	Pulse	55	1050000	33016	NA
27	Pulse	55	1060000	2350	NA
27	Pulse	55	1070000	12350	NA
27	Pulse	55	1080000	22350	NA
27	Pulse	55	1090000	32350	NA
28	Pulse	55	1100000	1684	NA
28	Pulse	55	1110000	11684	NA
28	Pulse	55	1120000	21684	NA
28	Pulse	55	1130000	31684	NA
29	Pulse	55	1140000	1018	NA
29	Pulse	55	1150000	11018	NA
29	Pulse	55	1160000	21018	NA
29	Pulse	55	1170000	31018	NA
30	Pulse	55	1180000	352	NA
30	Pulse	55	1190000	10352	NA
30	Pulse	55	1200000	20352	NA
30	Pulse	55	1210000	30352	NA
30	Pulse	55	1220000	40352	NA
31	Pulse	55	1230000	9686	NA
31	Pulse	55	1240000	19686	NA
31	Pulse	55	1250000	29686	NA
31	Pulse	55	1260000	39686	NA
32	Pulse	55	1270000	9020	NA
32	Pulse	55	1280000	19020	NA
32	Pulse	55	1290000	29020	NA
32	Pulse	55	1300000	39020	NA
33	Pulse	55	1310000	8354	NA
33	Pulse	55	1320000	18354	NA
33	Pulse	55	1330000	28354	NA
33	Pulse	55	1340000	38354	NA
34	Pulse	55	1350000	7688	NA
34	Pulse	55	1360000	17688	NA
34	Pulse	55	1370000	27688	NA
34	Pulse	55	1380000	37688	NA
35	Pulse	55	1390000	7022	NA
35	Pulse	55	1400000	17022	NA
35	Pulse	55	1410000	27022	NA
35	Pulse	55	1420000	37022	NA
36	Pulse	55	1430000	6356	NA
36	Pulse	55	1440000	16356	NA
36	Pulse	55	1450000	26356	NA
36	Pulse	55	1460000	36356	NA
37	Pulse	55	1470000	5689	NA
37	Pulse	55	1480000	15689	NA
37	Pulse	55	1490000	25689	NA
37	Pulse	55	1500000	35689	NA
38	Pulse	55	1510000	4857	NA
38	Pulse	55	1520000	14857	NA
38	Pulse	55	1530000	24857	NA
38	Pulse	55	1540000	34857	NA
39	Pulse	55	1550000	4191	NA
39	Pulse	55	1560000	14191	NA
39	Pulse	55	1570000	24191	NA
39	Pulse	55	1580000	34191	NA
40	Pulse	55	1590000	3525	NA
40	Pulse	55	1600000	13525	NA
40	Pulse	55	1610000	23525	NA
40	Pulse	55	1620000	33525	NA
41	Pulse	55	1630000	2859	NA
41	Pulse	55	1640000	12859	NA
41	Pulse	55	1650000	22859	NA
41	Pulse	55	1660000	32859	NA
42	Pulse	55	1670000	2026	NA
42	Pulse	55	1680000	12026	NA
42	Pulse	55	1690000	22026	NA
42	Pulse	55	1700000	32026	NA
43	Pulse	55	1710000	1360	NA
43	Pulse	55	1720000	11360	NA
43	Pulse	55	1730000	21360	NA
43	Pulse	55	1740000	31360	NA
44	Pulse	55	1750000	694	NA
44	Pulse	55	1760000	10694	NA
44	Pulse	55	1770000	20694	NA
44	Pulse	55	1780000	30694	NA
45	Pulse	55	1790000	28	NA
45	Pulse	55	1800000	10028	NA
45	Pulse	55	1810000	20028	NA
45	Pulse	55	1820000	30028	NA
45	Pulse	55	1830000	40028	NA
46	Pulse	55	1840000	9362	NA
46	Pulse	55	1850000	19362	NA
46	Pulse	55	1860000	29362	NA
46	Pulse	55	1870000	39362	NA
47	Pulse	55	1880000	8696	NA
47	Pulse	55	1890000	18696	NA
47	Pulse	55	1900000	28696	NA
47	Pulse	55	1910000	38696	NA
48	Pulse	55	1920000	8030	NA
48	Pulse	55	1930000	18030	NA
48	Pulse	55	1940000	28030	NA
48	Pulse	55	1950000	38030	NA
49	Pulse	55	1960000	7364	NA
49	Pulse	55	1970000	17364	NA
49	Pulse	55	1980000	27364	NA
49	Pulse	55	1990000	37364	NA
50	Pulse	55	2000000	6698	NA
50	Pulse	55	2010000	16698	NA
50	Pulse	55	2020000	26698	NA
50	Pulse	55	2030000	36698	NA
51	Pulse	55	2040000	6032	NA
51	Pulse	55	2050000	16032	NA
51	Pulse	55	2060000	26032	NA
51	Pulse	55	2070000	36032	NA
52	Pulse	55	2080000	5366	NA
52	Pulse	55	2090000	15366	NA
52	Pulse	55	2100000	25366	NA
52	Pulse	55	2110000	35366	NA
53	Pulse	55	2120000	4700	NA
53	Pulse	55	2130000	14700	NA
53	Pulse	55	2140000	24700	NA
53	Pulse	55	2150000	34700	NA
54	Pulse	55	2160000	4034	NA
54	Pulse	55	2170000	14034	NA
54	Pulse	55	2180000	24034	NA
54	Pulse	55	2190000	34034	NA
55	Pulse	55	2200000	3367	NA
55	Pulse	55	2210000	13367	NA
55	Pulse	55	2220000	23367	NA
55	Pulse	55	2230000	33367	NA
56	Pulse	55	2240000	2535	NA
56	Pulse	55	2250000	12535	NA
56	Pulse	55	2260000	22535	NA
56	Pulse	55	2270000	32535	NA
57	Pulse	55	2280000	1869	NA
57	Pulse	55	2290000	11869	NA
57	Pulse	55	2300000	21869	NA
57	Pulse	55	2310000	31869	NA
58	Pulse	55	2320000	1203	NA
58	Pulse	55	2330000	11203	NA
58	Pulse	55	2340000	21203	NA
58	Pulse	55	2350000	31203	NA
59	Pulse	55	2360000	537	NA
59	Pulse	55	2370000	10537	NA
59	Pulse	55	2380000	20537	NA
59	Pulse	55	2390000	30537	NA
59	Pulse	55	2400000	40537	NA
60	Pulse	55	2410000	9871	NA
60	Pulse	55	2420000	19871	NA
60	Pulse	55	2430000	29871	NA
60	Pulse	55	2440000	39871	NA
61	Pulse	55	2450000	9205	NA
61	Pulse	55	2460000	19205	NA
61	Pulse	55	2470000	29205	NA
61	Pulse	55	2480000	39205	NA
62	Pulse	55	2490000	8539	NA
62	Pulse	55	2500000	18539	NA
62	Pulse	55	2510000	28539	NA
62	Pulse	55	2520000	38539	NA
63	Pulse	55	2530000	7873	NA
63	Pulse	55	2540000	17873	NA
63	Pulse	55	2550000	27873	NA
63	Pulse	55	2560000	37873	NA
64	Pulse	55	2570000	7207	NA
64	Pulse	55	2580000	17207	NA
64	Pulse	55	2590000	27207	NA
64	Pulse	55	2600000	37207	NA
65	Pulse	55	2610000	6541	NA
65	Pulse	55	2620000	16541	NA
65	Pulse	55	2630000	26541	NA
65	Pulse	55	2640000	36541	NA
66	Pulse	55	2650000	5874	NA
66	Pulse	55	2660000	15874	NA
66	Pulse	55	2670000	25874	NA
66	Pulse	55	2680000	35874	NA
67	Pulse	55	2690000	5208	NA
67	Pulse	55	2700000	15208	NA
67	Pulse	55	2710000	25208	NA
67	Pulse	55	2720000	35208	NA
68	Pulse	55	2730000	4542	NA
68	Pulse	55	2740000	14542	NA
68	Pulse	55	2750000	24542	NA
68	Pulse	55	2760000	34542	NA
69	Pulse	55	2770000	3876	NA
69	Pulse	55	2780000	13876	NA
69	Pulse	55	2790000	23876	NA
69	Pulse	55	2800000	33876	NA
70	Pulse	55	2810000	3210	NA
70	Pulse	55	2820000	13210	NA
70	Pulse	55	2830000	23210	NA
70	Pulse	55	2840000	33210	NA
71	Pulse	55	2850000	2544	NA
71	Pulse	55	2860000	12544	NA
71	Pulse	55	2870000	22544	NA
71	Pulse	55	2880000	32544	NA
72	Pulse	55	2890000	1878	NA
72	Pulse	55	2900000	11878	NA
72	Pulse	55	2910000	21878	NA
72	Pulse	55	2920000	31878	NA
73	Pulse	55	2930000	1212	NA
73	Pulse	55	2940000	11212	NA
73	Pulse	55	2950000	21212	NA
73	Pulse	55	2960000	31212	NA
74	Pulse	55	2970000	546	NA
74	Pulse	55	2980000	10546	NA
74	Pulse	55	2990000	20546	NA
74	Pulse	55	3000000	30546	NA
74	Pulse	55	3010000	40546	NA
75	Pulse	55	3020000	9880	NA
75	Pulse	55	3030000	19880	NA
75	Pulse	55	3040000	29880	NA
75	Pulse	55	3050000	39880	NA
76	Pulse	55	3060000	9214	NA
76	Pulse	55	3070000	19214	NA
76	Pulse	55	3080000	29214	NA
76	Pulse	55	3090000	39214	NA
77	Pulse	55	3100000	8548	NA
77	Pulse	55	3110000	18548	NA
77	Pulse	55	3120000	28548	NA
77	Pulse	55	3130000	38548	NA
78	Pulse	55	3140000	7882	NA
78	Pulse	55	3150000	17882	NA
78	Pulse	55	3160000	27882	NA
78	Pulse	55	3170000	37882	NA
79	Pulse	55	3180000	7216	NA
79	Pulse	55	3190000	17216	NA
79	Pulse	55	3200000	27216	NA
79	Pulse	55	3210000	37216	NA
80	Pulse	55	3220000	6550	NA
80	Pulse	55	3230000	16550	NA
80	Pulse	55	3240000	26550	NA
80	Pulse	55	3250000	36550	NA
81	Pulse	55	3260000	5884	NA
81	Pulse	55	3270000	15884	NA
81	Pulse	55	3280000	25884	NA
81	Pulse	55	3290000	35884	NA
82	Pulse	55	3300000	5218	NA
82	Pulse	55	3310000	15218	NA
82	Pulse	55	3320000	25218	NA
82	Pulse	55	3330000	35218	NA
83	Pulse	55	3340000	4552	NA
83	Pulse	55	3350000	14552	NA
83	Pulse	55	3360000	24552	NA
83	Pulse	55	3370000	34552	NA
84	Pulse	55	3380000	3886	NA
84	Pulse	55	3390000	13886	NA
84	Pulse	55	3400000	23886	NA
84	Pulse	55	3410000	33886	NA
85	Pulse	55	3420000	3220	NA
85	Pulse	55	3430000	13220	NA
85	Pulse	55	3440000	23220	NA
85	Pulse	55	3450000	33220	NA
86	Pulse	55	3460000	2554	NA
86	Pulse	55	3470000	12554	NA
86	Pulse	55	3480000	22554	NA
86	Pulse	55	3490000	32554	NA
87	Pulse	55	3500000	1888	NA
87	Pulse	55	3510000	11888	NA
87	Pulse	55	3520000	21888	NA
87	Pulse	55	3530000	31888	NA
88	Pulse	55	3540000	1222	NA
88	Pulse	55	3550000	11222	NA
88	Pulse	55	3560000	21222	NA
88	Pulse	55	3570000	31222	NA
89	Pulse	55	3580000	556	NA
89	Pulse	55	3590000	10556	NA
89	Pulse	55	3600000	20556	NA
89	Pulse	55	3610000	30556	NA
89	Pulse	55	3620000	40556	NA
90	Pulse	55	3630000	9890	NA
90	Pulse	55	3640000	19890	NA
90	Pulse	55	3650000	29890	NA
90	Pulse	55	3660000	39890	NA
91	Pulse	55	3670000	9224	NA
91	Pulse	55	3680000	19224	NA
91	Pulse	55	3690000	29224	NA
91	Pulse	55	3700000	39224	NA
92	Pulse	55	3710000	8557	NA
92	Pulse	55	3720000	18557	NA
92	Pulse	55	3730000	28557	NA
92	Pulse	55	3740000	38557	NA
93	Pulse	55	3750000	7891	NA
93	Pulse	55	3760000	17891	NA
93	Pulse	55	3770000	27891	NA
93	Pulse	55	3780000	37891	NA
94	Pulse	55	3790000	7225	NA
94	Pulse	55	3800000	17225	NA
94	Pulse	55	3810000	27225	NA
94	Pulse	55	3820000	37225	NA
95	Pulse	55	3830000	6559	NA
95	Pulse	55	3840000	16559	NA
95	Pulse	55	3850000	26559	NA
95	Pulse	55	3860000	36559	NA
96	Pulse	55	3870000	5893	NA
96	Pulse	55	3880000	15893	NA
96	Pulse	55	3890000	25893	NA
96	Pulse	55	3900000	35893	NA
97	Pulse	55	3910000	5227	NA
97	Pulse	55	3920000	15227	NA
97	Pulse	55	3930000	25227	NA
97	Pulse	55	3940000	35227	NA
98	Pulse	55	3950000	4561	NA
98	Pulse	55	3960000	14561	NA
98	Pulse	55	3970000	24561	NA
98	Pulse	55	3980000	34561	NA
99	Pulse	55	3990000	3895	NA
99	Pulse	55	4000000	13895	NA
99	Pulse	55	4010000	23895	NA
99	Pulse	55	4020000	33895	NA
100	Pulse	55	4030000	3229	NA
100	Pulse	55	4040000	13229	NA
100	Pulse	55	4050000	23229	NA
100	Pulse	55	4060000	33229	NA
101	Pulse	55	4070000	2563	NA
101	Pulse	55	4080000	12563	NA
101	Pulse	55	4090000	22563	NA
101	Pulse	55	4100000	32563	NA
102	Pulse	55	4110000	1897	NA
102	Pulse	55	4120000	11897	NA
102	Pulse	55	4130000	21897	NA
102	Pulse	55	4140000	31897	NA
103	Pulse	55	4150000	1231	NA
103	Pulse	55	4160000	11231	NA
103	Pulse	55	4170000	21231	NA
103	Pulse	55	4180000	31231	NA
104	Pulse	55	4190000	565	NA
104	Pulse	55	4200000	10565	NA
104	Pulse	55	4210000	20565	NA
104	Pulse	55	4220000	30565	NA
104	Pulse	55	4230000	40565	NA
105	Pulse	55	4240000	9899	NA
105	Pulse	55	4250000	19899	NA
105	Pulse	55	4260000	29899	NA
105	Pulse	55	4270000	39899	NA
106	Pulse	55	4280000	9233	NA
106	Pulse	55	4290000	19233	NA
106	Pulse	55	4300000	29233	NA
106	Pulse	55	4310000	39233	NA
107	Pulse	55	4320000	8734	NA
107	Pulse	55	4330000	18734	NA
107	Pulse	55	4340000	28734	NA
107	Pulse	55	4350000	38734	NA
108	Pulse	55	4360000	8234	NA
108	Pulse	55	4370000	18234	NA
108	Pulse	55	4380000	28234	NA
108	Pulse	55	4390000	38234	NA
109	Pulse	55	4400000	7568	NA
109	Pulse	55	4410000	17568	NA
109	Pulse	55	4420000	27568	NA
109	Pulse	55	4430000	37568	NA
110	Pulse	55	4440000	6902	NA
110	Pulse	55	4450000	16902	NA
110	Pulse	55	4460000	26902	NA
110	Pulse	55	4470000	36902	NA
111	Pulse	55	4480000	6236	NA
111	Pulse	55	4490000	16236	NA
111	Pulse	55	4500000	26236	NA
111	Pulse	55	4510000	36236	NA
112	Pulse	55	4520000	5570	NA
112	Pulse	55	4530000	15570	NA
112	Pulse	55	4540000	25570	NA
112	Pulse	55	4550000	35570	NA
113	Pulse	55	4560000	4904	NA
113	Pulse	55	4570000	14904	NA
113	Pulse	55	4580000	24904	NA
113	Pulse	55	4590000	34904	NA
114	Pulse	55	4600000	4238	NA
114	Pulse	55	4610000	14238	NA
114	Pulse	55	4620000	24238	NA
114	Pulse	55	4630000	34238	NA
115	Pulse	55	4640000	3739	NA
115	Pulse	55	4650000	13739	NA
115	Pulse	55	4660000	23739	NA
115	Pulse	55	4670000	33739	NA
116	Pulse	55	4680000	3073	NA
116	Pulse	55	4690000	13073	NA
116	Pulse	55	4700000	23073	NA
116	Pulse	55	4710000	33073	NA
117	Pulse	55	4720000	2407	NA
117	Pulse	55	4730000	12407	NA
117	Pulse	55	4740000	22407	NA
117	Pulse	55	4750000	32407	NA
118	Pulse	55	4760000	1907	NA
118	Pulse	55	4770000	11907	NA
118	Pulse	55	4780000	21907	NA
118	Pulse	55	4790000	31907	NA
119	Pulse	55	4800000	1408	NA
119	Pulse	55	4810000	11408	NA
119	Pulse	55	4820000	21408	NA
119	Pulse	55	4830000	31408	NA
120	Pulse	55	4840000	742	NA
120	Pulse	55	4850000	10742	NA
120	Pulse	55	4860000	20742	NA
120	Pulse	55	4870000	30742	NA
121	Pulse	55	4880000	242	NA
121	Pulse	55	4890000	10242	NA
121	Pulse	55	4900000	20242	NA
121	Pulse	55	4910000	30242	NA
121	Pulse	55	4920000	40242	NA
122	Pulse	55	4930000	9576	NA
122	Pulse	55	4940000	19576	NA
122	Pulse	55	4950000	29576	NA
122	Pulse	55	4960000	39576	NA
123	Pulse	55	4970000	9077	NA
123	Pulse	55	4980000	19077	NA
123	Pulse	55	4990000	29077	NA
123	Pulse	55	5000000	39077	NA
124	Pulse	55	5010000	8578	NA
124	Pulse	55	5020000	18578	NA
124	Pulse	55	5030000	28578	NA
124	Pulse	55	5040000	38578	NA
125	Pulse	55	5050000	8078	NA
125	Pulse	55	5060000	18078	NA
125	Pulse	55	5070000	28078	NA
125	Pulse	55	5080000	38078	NA
126	Pulse	55	5090000	7412	NA
126	Pulse	55	5100000	17412	NA
126	Pulse	55	5110000	27412	NA
126	Pulse	55	5120000	37412	NA
127	Pulse	55	5130000	6746	NA
127	Pulse	55	5140000	16746	NA
127	Pulse	55	5150000	26746	NA
127	Pulse	55	5160000	36746	NA
128	Pulse	55	5170000	6080	NA
128	Pulse	55	5180000	16080	NA
128	Pulse	55	5190000	26080	NA
128	Pulse	55	5200000	36080	NA
129	Pulse	55	5210000	5414	NA
129	Pulse	55	5220000	15414	NA
129	Pulse	55	5230000	25414	NA
129	Pulse	55	5240000	35414	NA
130	Pulse	55	5250000	4748	NA
130	Pulse	55	5260000	14748	NA
130	Pulse	55	5270000	24748	NA
130	Pulse	55	5280000	34748	NA
131	Pulse	55	5290000	4082	NA
131	Pulse	55	5300000	14082	NA
131	Pulse	55	5310000	24082	NA
131	Pulse	55	5320000	34082	NA
132	Pulse	55	5330000	3583	NA
132	Pulse	55	5340000	13583	NA
132	Pulse	55	5350000	23583	NA
132	Pulse	55	5360000	33583	NA
133	Pulse	55	5370000	2917	NA
133	Pulse	55	5380000	12917	NA
133	Pulse	55	5390000	22917	NA
133	Pulse	55	5400000	32917	NA
134	Pulse	55	5410000	2250	NA
134	Pulse	55	5420000	12250	NA
134	Pulse	55	5430000	22250	NA
134	Pulse	55	5440000	32250	NA
135	Pulse	55	5450000	1584	NA
135	Pulse	55	5460000	11584	NA
135	Pulse	55	5470000	21584	NA
135	Pulse	55	5480000	31584	NA
136	Pulse	55	5490000	919	NA
136	Pulse	55	5500000	10919	NA
136	Pulse	55	5510000	20919	NA
136	Pulse	55	5520000	30919	NA
137	Pulse	55	5530000	252	NA
137	Pulse	55	5540000	10252	NA
137	Pulse	55	5550000	20252	NA
137	Pulse	55	5560000	30252	NA
137	Pulse	55	5570000	40252	NA
138	Pulse	55	5580000	9753	NA
138	Pulse	55	5590000	19753	NA
138	Pulse	55	5600000	29753	NA
138	Pulse	55	5610000	39753	NA
139	Pulse	55	5620000	9087	NA
139	Pulse	55	5630000	19087	NA
139	Pulse	55	5640000	29087	NA
139	Pulse	55	5650000	39087	NA
140	Pulse	55	5660000	8421	NA
140	Pulse	55	5670000	18421	NA
140	Pulse	55	5680000	28421	NA
140	Pulse	55	5690000	38421	NA
141	Pulse	55	5700000	7922	NA
141	Pulse	55	5710000	17922	NA
141	Pulse	55	5720000	27922	NA
141	Pulse	55	5730000	37922	NA
142	Pulse	55	5740000	7256	NA
142	Pulse	55	5750000	17256	NA
142	Pulse	55	5760000	27256	NA
142	Pulse	55	5770000	37256	NA
143	Pulse	55	5780000	6589	NA
143	Pulse	55	5790000	16589	NA
143	Pulse	55	5800000	26589	NA
143	Pulse	55	5810000	36589	NA
144	Pulse	55	5820000	6090	NA
144	Pulse	55	5830000	16090	NA
144	Pulse	55	5840000	26090	NA
144	Pulse	55	5850000	36090	NA
145	Pulse	55	5860000	5591	NA
145	Pulse	55	5870000	15591	NA
145	Pulse	55	5880000	25591	NA
145	Pulse	55	5890000	35591	NA
146	Pulse	55	5900000	4925	NA
146	Pulse	55	5910000	14925	NA
146	Pulse	55	5920000	24925	NA
146	Pulse	55	5930000	34925	NA
147	Pulse	55	5940000	4259	NA
147	Pulse	55	5950000	14259	NA
147	Pulse	55	5960000	24259	NA
147	Pulse	55	5970000	34259	NA
148	Pulse	55	5980000	3593	NA
148	Pulse	55	5990000	13593	NA
148	Pulse	55	6000000	23593	NA
148	Pulse	55	6010000	33593	NA
149	Pulse	55	6020000	2927	NA
149	Pulse	55	6030000	12927	NA
149	Pulse	55	6040000	22927	NA
149	Pulse	55	6050000	32927	NA
150	Pulse	55	6060000	2261	NA
150	Pulse	55	6070000	12261	NA
150	Pulse	55	6080000	22261	NA
150	Pulse	55	6090000	32261	NA
151	Pulse	55	6100000	1595	NA
151	Pulse	55	6110000	11595	NA
151	Pulse	55	6120000	21595	NA
151	Pulse	55	6130000	31595	NA
152	Pulse	55	6140000	929	NA
152	Pulse	55	6150000	10929	NA
152	Pulse	55	6160000	20929	NA
152	Pulse	55	6170000	30929	NA
153	Pulse	55	6180000	429	NA
153	Pulse	55	6190000	10429	NA
153	Pulse	55	6200000	20429	NA
153	Pulse	55	6210000	30429	NA
153	Pulse	55	6220000	40429	NA
154	Pulse	55	6230000	9930	NA
154	Pulse	55	6240000	19930	NA
154	Pulse	55	6250000	29930	NA
154	Pulse	55	6260000	39930	NA
155	Pulse	55	6270000	9430	NA
155	Pulse	55	6280000	19430	NA
155	Pulse	55	6290000	29430	NA
155	Pulse	55	6300000	39430	NA
156	Pulse	55	6310000	8931	NA
156	Pulse	55	6320000	18931	NA
156	Pulse	55	6330000	28931	NA
156	Pulse	55	6340000	38931	NA
157	Pulse	55	6350000	8432	NA
157	Pulse	55	6360000	18432	NA
157	Pulse	55	6370000	28432	NA
157	Pulse	55	6380000	38432	NA
158	Pulse	55	6390000	7932	NA
158	Pulse	55	6400000	17932	NA
158	Pulse	55	6410000	27932	NA
158	Pulse	55	6420000	37932	NA
159	Pulse	55	6430000	7266	NA
159	Pulse	55	6440000	17266	NA
159	Pulse	55	6450000	27266	NA
159	Pulse	55	6460000	37266	NA
160	Pulse	55	6470000	6600	NA
160	Pulse	55	6480000	16600	NA
160	Pulse	55	6490000	26600	NA
160	Pulse	55	6500000	36600	NA
161	Pulse	55	6510000	5934	NA
161	Pulse	55	6520000	15934	NA
161	Pulse	55	6530000	25934	NA
161	Pulse	55	6540000	35934	NA
162	Pulse	55	6550000	5435	NA
162	Pulse	55	6560000	15435	NA
162	Pulse	55	6570000	25435	NA
162	Pulse	55	6580000	35435	NA
163	Pulse	55	6590000	4769	NA
163	Pulse	55	6600000	14769	NA
163	Pulse	55	6610000	24769	NA
163	Pulse	55	6620000	34769	NA
164	Pulse	55	6630000	4103	NA
164	Pulse	55	6640000	14103	NA
164	Pulse	55	6650000	24103	NA
164	Pulse	55	6660000	34103	NA
165	Pulse	55	6670000	3437	NA
165	Pulse	55	6680000	13437	NA
165	Pulse	55	6690000	23437	NA
165	Pulse	55	6700000	33437	NA
166	Pulse	55	6710000	2771	NA
166	Pulse	55	6720000	12771	NA
166	Pulse	55	6730000	22771	NA
166	Pulse	55	6740000	32771	NA
167	Pulse	55	6750000	2105	NA
167	Pulse	55	6760000	12105	NA
167	Pulse	55	6770000	22105	NA
167	Pulse	55	6780000	32105	NA
168	Pulse	55	6790000	1439	NA
168	Pulse	55	6800000	11439	NA
168	Pulse	55	6810000	21439	NA
168	Pulse	55	6820000	31439	NA
169	Pulse	55	6830000	939	NA
169	Pulse	55	6840000	10939	NA
169	Pulse	55	6850000	20939	NA
169	Pulse	55	6860000	30939	NA
170	Pulse	55	6870000	273	NA
170	Pulse	55	6880000	10273	NA
170	Pulse	55	6890000	20273	NA
170	Pulse	55	6900000	30273	NA
170	Pulse	55	6910000	40273	NA
171	Pulse	55	6920000	9774	NA
171	Pulse	55	6930000	19774	NA
171	Pulse	55	6940000	29774	NA
171	Pulse	55	6950000	39774	NA
172	Pulse	55	6960000	9274	NA
172	Pulse	55	6970000	19274	NA
172	Pulse	55	6980000	29274	NA
172	Pulse	55	6990000	39274	NA
173	Pulse	55	7000000	8608	NA
173	Pulse	55	7010000	18608	NA
173	Pulse	55	7020000	28608	NA
173	Pulse	55	7030000	38608	NA
174	Pulse	55	7040000	8109	NA
174	Pulse	55	7050000	18109	NA
174	Pulse	55	7060000	28109	NA
174	Pulse	55	7070000	38109	NA
175	Pulse	55	7080000	7610	NA
175	Pulse	55	7090000	17610	NA
175	Pulse	55	7100000	27610	NA
175	Pulse	55	7110000	37610	NA
176	Pulse	55	7120000	6944	NA
176	Pulse	55	7130000	16944	NA
176	Pulse	55	7140000	26944	NA
176	Pulse	55	7150000	36944	NA
177	Pulse	55	7160000	6278	NA
177	Pulse	55	7170000	16278	NA
177	Pulse	55	7180000	26278	NA
177	Pulse	55	7190000	36278	NA
178	Pulse	55	7200000	5778	NA
178	Pulse	55	7210000	15778	NA
178	Pulse	55	7220000	25778	NA
178	Pulse	55	7230000	35778	NA
179	Pulse	55	7240000	5279	NA
179	Pulse	55	7250000	15279	NA
179	Pulse	55	7260000	25279	NA
179	Pulse	55	7270000	35279	NA
180	Pulse	55	7280000	4613	NA
180	Pulse	55	7290000	14613	NA
180	Pulse	55	7300000	24613	NA
180	Pulse	55	7310000	34613	NA
181	Pulse	55	7320000	3947	NA
181	Pulse	55	7330000	13947	NA
181	Pulse	55	7340000	23947	NA
181	Pulse	55	7350000	33947	NA
182	Pulse	55	7360000	3281	NA
182	Pulse	55	7370000	13281	NA
182	Pulse	55	7380000	23281	NA
182	Pulse	55	7390000	33281	NA
183	Pulse	55	7400000	2615	NA
183	Pulse	55	7410000	12615	NA
183	Pulse	55	7420000	22615	NA
183	Pulse	55	7430000	32615	NA
184	Pulse	55	7440000	1949	NA
184	Pulse	55	7450000	11949	NA
184	Pulse	55	7460000	21949	NA
184	Pulse	55	7470000	31949	NA
185	Pulse	55	7480000	1449	NA
185	Pulse	55	7490000	11449	NA
185	Pulse	55	7500000	21449	NA
185	Pulse	55	7510000	31449	NA
186	Pulse	55	7520000	783	NA
186	Pulse	55	7530000	10783	NA
186	Pulse	55	7540000	20783	NA
186	Pulse	55	7550000	30783	NA
187	Pulse	55	7560000	117	NA
187	Pulse	55	7570000	10117	NA
187	Pulse	55	7580000	20117	NA
187	Pulse	55	7590000	30117	NA
187	Pulse	55	7600000	40117	NA
188	Pulse	55	7610000	9451	NA
188	Pulse	55	7620000	19451	NA
188	Pulse	55	7630000	29451	NA
188	Pulse	55	7640000	39451	NA
189	Pulse	55	7650000	8785	NA
189	Pulse	55	7660000	18785	NA
189	Pulse	55	7670000	28785	NA
189	Pulse	55	7680000	38785	NA
190	Pulse	55	7690000	8119	NA
190	Pulse	55	7700000	18119	NA
190	Pulse	55	7710000	28119	NA
190	Pulse	55	7720000	38119	NA
191	Pulse	55	7730000	7453	NA
191	Pulse	55	7740000	17453	NA
191	Pulse	55	7750000	27453	NA
191	Pulse	55	7760000	37453	NA
192	Pulse	55	7770000	6787	NA
192	Pulse	55	7780000	16787	NA
192	Pulse	55	7790000	26787	NA
192	Pulse	55	7800000	36787	NA
193	Pulse	55	7810000	6121	NA
193	Pulse	55	7820000	16121	NA
193	Pulse	55	7830000	26121	NA
193	Pulse	55	7840000	36121	NA
194	Pulse	55	7850000	5455	NA
194	Pulse	55	7860000	15455	NA
194	Pulse	55	7870000	25455	NA
194	Pulse	55	7880000	35455	NA
195	Pulse	55	7890000	4789	NA
195	Pulse	55	7900000	14789	NA
195	Pulse	55	7910000	24789	NA
195	Pulse	55	7920000	34789	NA
196	Pulse	55	7930000	4123	NA
196	Pulse	55	7940000	14123	NA
196	Pulse	55	7950000	24123	NA
196	Pulse	55	7960000	34123	NA
197	Pulse	55	7970000	3623	NA
197	Pulse	55	7980000	13623	NA
197	Pulse	55	7990000	23623	NA
197	Pulse	55	8000000	33623	NA
198	Pulse	55	8010000	3124	NA
198	Pulse	55	8020000	13124	NA
198	Pulse	55	8030000	23124	NA
198	Pulse	55	8040000	33124	NA
199	Pulse	55	8050000	2458	NA
199	Pulse	55	8060000	12458	NA
199	Pulse	55	8070000	22458	NA
199	Pulse	55	8080000	32458	NA
200	Pulse	55	8090000	1792	NA
200	Pulse	55	8100000	11792	NA
200	Pulse	55	8110000	21792	NA
200	Pulse	55	8120000	31792	NA
201	Pulse	55	8130000	1293	NA
201	Pulse	55	8140000	11293	NA
201	Pulse	55	8150000	21293	NA
201	Pulse	55	8160000	31293	NA
202	Pulse	55	8170000	627	NA
202	Pulse	55	8180000	10627	NA
202	Pulse	55	8190000	20627	NA
202	Pulse	55	8200000	30627	NA
203	Pulse	55	8210000	127	NA
203	Pulse	55	8220000	10127	NA
203	Pulse	55	8230000	20127	NA
203	Pulse	55	8240000	30127	NA
203	Pulse	55	8250000	40127	NA
204	Pulse	55	8260000	9461	NA
204	Pulse	55	8270000	19461	NA
204	Pulse	55	8280000	29461	NA
204	Pulse	55	8290000	39461	NA
205	Pulse	55	8300000	8962	NA
205	Pulse	55	8310000	18962	NA
205	Pulse	55	8320000	28962	NA
205	Pulse	55	8330000	38962	NA
206	Pulse	55	8340000	8296	NA
206	Pulse	55	8350000	18296	NA
206	Pulse	55	8360000	28296	NA
206	Pulse	55	8370000	38296	NA
207	Pulse	55	8380000	7796	NA
207	Pulse	55	8390000	17796	NA
207	Pulse	55	8400000	27796	NA
207	Pulse	55	8410000	37796	NA
208	Pulse	55	8420000	7297	NA
208	Pulse	55	8430000	17297	NA
208	Pulse	55	8440000	27297	NA
208	Pulse	55	8450000	37297	NA
209	Pulse	55	8460000	6631	NA
209	Pulse	55	8470000	16631	NA
209	Pulse	55	8480000	26631	NA
209	Pulse	55	8490000	36631	NA
210	Pulse	55	8500000	6132	NA
210	Pulse	55	8510000	16132	NA
210	Pulse	55	8520000	26132	NA
210	Pulse	55	8530000	36132	NA
211	Pulse	55	8540000	5632	NA
211	Pulse	55	8550000	15632	NA
211	Pulse	55	8560000	25632	NA
211	Pulse	55	8570000	35632	NA
212	Pulse	55	8580000	5133	NA
212	Pulse	55	8590000	15133	NA
212	Pulse	55	8600000	25133	NA
212	Pulse	55	8610000	35133	NA
213	Pulse	55	8620000	4634	NA
213	Pulse	55	8630000	14634	NA
213	Pulse	55	8640000	24634	NA
213	Pulse	55	8650000	34634	NA
214	Pulse	55	8660000	3968	NA
214	Pulse	55	8670000	13968	NA
214	Pulse	55	8680000	23968	NA
214	Pulse	55	8690000	33968	NA
215	Pulse	55	8700000	3301	NA
215	Pulse	55	8710000	13301	NA
215	Pulse	55	8720000	23301	NA
215	Pulse	55	8730000	33301	NA
216	Pulse	55	8740000	2636	NA
216	Pulse	55	8750000	12636	NA
216	Pulse	55	8760000	22636	NA
216	Pulse	55	8770000	32636	NA
217	Pulse	55	8780000	2303	NA
217	Pulse	55	8790000	12303	NA
217	Pulse	55	8800000	22303	NA
217	Pulse	55	8810000	32303	NA
218	Pulse	55	8820000	1637	NA
218	Pulse	55	8830000	11637	NA
218	Pulse	55	8840000	21637	NA
218	Pulse	55	8850000	31637	NA
219	Pulse	55	8860000	1137	NA
219	Pulse	55	8870000	11137	NA
219	Pulse	55	8880000	21137	NA
219	Pulse	55	8890000	31137	NA
220	Pulse	55	8900000	471	NA
220	Pulse	55	8910000	10471	NA
220	Pulse	55	8920000	20471	NA
220	Pulse	55	8930000	30471	NA
220	Pulse	55	8940000	40471	NA
221	Pulse	55	8950000	9805	NA
221	Pulse	55	8960000	19805	NA
221	Pulse	55	8970000	29805	NA
221	Pulse	55	8980000	39805	NA
222	Pulse	55	8990000	9306	NA
222	Pulse	55	9000000	19306	NA
222	Pulse	55	9010000	29306	NA
222	Pulse	55	9020000	39306	NA
223	Pulse	55	9030000	8640	NA
223	Pulse	55	9040000	18640	NA
223	Pulse	55	9050000	28640	NA
223	Pulse	55	9060000	38640	NA
224	Pulse	55	9070000	7974	NA
224	Pulse	55	9080000	17974	NA
224	Pulse	55	9090000	27974	NA
224	Pulse	55	9100000	37974	NA
225	Pulse	55	9110000	7474	NA
225	Pulse	55	9120000	17474	NA
225	Pulse	55	9130000	27474	NA
225	Pulse	55	9140000	37474	NA
226	Pulse	55	9150000	6975	NA
226	Pulse	55	9160000	16975	NA
226	Pulse	55	9170000	26975	NA
226	Pulse	55	9180000	36975	NA
227	Pulse	55	9190000	6309	NA
227	Pulse	55	9200000	16309	NA
227	Pulse	55	9210000	26309	NA
227	Pulse	55	9220000	36309	NA
228	Pulse	55	9230000	5643	NA
228	Pulse	55	9240000	15643	NA
228	Pulse	55	9250000	25643	NA
228	Pulse	55	9260000	35643	NA
229	Pulse	55	9270000	4977	NA
229	Pulse	55	9280000	14977	NA
229	Pulse	55	9290000	24977	NA
229	Pulse	55	9300000	34977	NA
230	Pulse	55	9310000	4311	NA
230	Pulse	55	9320000	14311	NA
230	Pulse	55	9330000	24311	NA
230	Pulse	55	9340000	34311	NA
231	Pulse	55	9350000	3812	NA
231	Pulse	55	9360000	13812	NA
231	Pulse	55	9370000	23812	NA
231	Pulse	55	9380000	33812	NA
232	Pulse	55	9390000	3146	NA
232	Pulse	55	9400000	13146	NA
232	Pulse	55	9410000	23146	NA
232	Pulse	55	9420000	33146	NA
233	Pulse	55	9430000	2480	NA
233	Pulse	55	9440000	12480	NA
233	Pulse	55	9450000	22480	NA
233	Pulse	55	9460000	32480	NA
234	Pulse	55	9470000	1813	NA
234	Pulse	55	9480000	11813	NA
234	Pulse	55	9490000	21813	NA
234	Pulse	55	9500000	31813	NA
235	Pulse	55	9510000	1147	NA
235	Pulse	55	9520000	11147	NA
235	Pulse	55	9530000	21147	NA
235	Pulse	55	9540000	31147	NA
236	Pulse	55	9550000	481	NA
236	Pulse	55	9560000	10481	NA
236	Pulse	55	9570000	20481	NA
236	Pulse	55	9580000	30481	NA
236	Pulse	55	9590000	40481	NA
237	Pulse	55	9600000	9815	NA
237	Pulse	55	9610000	19815	NA
237	Pulse	55	9620000	29815	NA
237	Pulse	55	9630000	39815	NA
238	Pulse	55	9640000	9149	NA
238	Pulse	55	9650000	19149	NA
238	Pulse	55	9660000	29149	NA
238	Pulse	55	9670000	39149	NA
239	Pulse	55	9680000	8650	NA
239	Pulse	55	9690000	18650	NA
239	Pulse	55	9700000	28650	NA
239	Pulse	55	9710000	38650	NA
240	Pulse	55	9720000	7984	NA
240	Pulse	55	9730000	17984	NA
240	Pulse	55	9740000	27984	NA
240	Pulse	55	9750000	37984	NA
241	Pulse	55	9760000	7318	NA
241	Pulse	55	9770000	17318	NA
241	Pulse	55	9780000	27318	NA
241	Pulse	55	9790000	37318	NA
242	Pulse	55	9800000	6652	NA
242	Pulse	55	9810000	16652	NA
242	Pulse	55	9820000	26652	NA
242	Pulse	55	9830000	36652	NA
243	Pulse	55	9840000	5986	NA
243	Pulse	55	9850000	15986	NA
243	Pulse	55	9860000	25986	NA
243	Pulse	55	9870000	35986	NA
244	Pulse	55	9880000	5320	NA
244	Pulse	55	9890000	15320	NA
244	Pulse	55	9900000	25320	NA
244	Pulse	55	9910000	35320	NA
245	Pulse	55	9920000	4820	NA
245	Pulse	55	9930000	14820	NA
245	Pulse	55	9940000	24820	NA
245	Pulse	55	9950000	34820	NA
246	Pulse	55	9960000	4154	NA
246	Pulse	55	9970000	14154	NA
246	Pulse	55	9980000	24154	NA
246	Pulse	55	9990000	34154	NA
247	Pulse	55	10000000	3488	NA
247	Pulse	55	10010000	13488	NA
247	Pulse	55	10020000	23488	NA
247	Pulse	55	10030000	33488	NA
248	Pulse	55	10040000	2822	NA
248	Pulse	55	10050000	12822	NA
248	Pulse	55	10060000	22822	NA
248	Pulse	55	10070000	32822	NA
249	Pulse	55	10080000	2156	NA
249	Pulse	55	10090000	12156	NA
249	Pulse	55	10100000	22156	NA
249	Pulse	55	10110000	32156	NA
250	Pulse	55	10120000	1490	NA
250	Pulse	55	10130000	11490	NA
250	Pulse	55	10140000	21490	NA
250	Pulse	55	10150000	31490	NA
251	Pulse	55	10160000	824	NA
251	Pulse	55	10170000	10824	NA
251	Pulse	55	10180000	20824	NA
251	Pulse	55	10190000	30824	NA
252	Pulse	55	10200000	158	NA
252	Pulse	55	10210000	10158	NA
252	Pulse	55	10220000	20158	NA
252	Pulse	55	10230000	30158	NA
252	Pulse	55	10240000	40158	NA
253	Pulse	55	10250000	9492	NA
253	Pulse	55	10260000	19492	NA
253	Pulse	55	10270000	29492	NA
253	Pulse	55	10280000	39492	NA
254	Pulse	55	10290000	8826	NA
254	Pulse	55	10300000	18826	NA
254	Pulse	55	10310000	28826	NA
254	Pulse	55	10320000	38826	NA
255	Pulse	55	10330000	8327	NA
255	Pulse	55	10340000	18327	NA
255	Pulse	55	10350000	28327	NA
255	Pulse	55	10360000	38327	NA
256	Pulse	55	10370000	7827	NA
256	Pulse	55	10380000	17827	NA
256	Pulse	55	10390000	27827	NA
256	Pulse	55	10400000	37827	NA
257	Pulse	55	10410000	7161	NA
257	Pulse	55	10420000	17161	NA
257	Pulse	55	10430000	27161	NA
257	Pulse	55	10440000	37161	NA
258	Pulse	55	10450000	6495	NA
258	Pulse	55	10460000	16495	NA
258	Pulse	55	10470000	26495	NA
258	Pulse	55	10480000	36495	NA
259	Pulse	55	10490000	5829	NA
259	Pulse	55	10500000	15829	NA
259	Pulse	55	10510000	25829	NA
259	Pulse	55	10520000	35829	NA
260	Pulse	55	10530000	5163	NA
260	Pulse	55	10540000	15163	NA
260	Pulse	55	10550000	25163	NA
260	Pulse	55	10560000	35163	NA
261	Pulse	55	10570000	4497	NA
261	Pulse	55	10580000	14497	NA
261	Pulse	55	10590000	24497	NA
261	Pulse	55	10600000	34497	NA
262	Pulse	55	10610000	3831	NA
262	Pulse	55	10620000	13831	NA
262	Pulse	55	10630000	23831	NA
262	Pulse	55	10640000	33831	NA
263	Pulse	55	10650000	3165	NA
263	Pulse	55	10660000	13165	NA
263	Pulse	55	10670000	23165	NA
263	Pulse	55	10680000	33165	NA
264	Pulse	55	10690000	2499	NA
264	Pulse	55	10700000	12499	NA
264	Pulse	55	10710000	22499	NA
264	Pulse	55	10720000	32499	NA
265	Pulse	55	10730000	1833	NA
265	Pulse	55	10740000	11833	NA
265	Pulse	55	10750000	21833	NA
265	Pulse	55	10760000	31833	NA
266	Pulse	55	10770000	1167	NA
266	Pulse	55	10780000	11167	NA
266	Pulse	55	10790000	21167	NA
266	Pulse	55	10800000	31167	NA
267	Pulse	55	10810000	501	NA
267	Pulse	55	10820000	10501	NA
267	Pulse	55	10830000	20501	NA
267	Pulse	55	10840000	30501	NA
267	Pulse	55	10850000	40501	NA
268	Pulse	55	10860000	9835	NA
268	Pulse	55	10870000	19835	NA
268	Pulse	55	10880000	29835	NA
268	Pulse	55	10890000	39835	NA
269	Pulse	55	10900000	9169	NA
269	Pulse	55	10910000	19169	NA
269	Pulse	55	10920000	29169	NA
269	Pulse	55	10930000	39169	NA
270	Pulse	55	10940000	8503	NA
270	Pulse	55	10950000	18503	NA
270	Pulse	55	10960000	28503	NA
270	Pulse	55	10970000	38503	NA
271	Pulse	55	10980000	7837	NA
271	Pulse	55	10990000	17837	NA
271	Pulse	55	11000000	27837	NA
271	Pulse	55	11010000	37837	NA
272	Pulse	55	11020000	7171	NA
272	Pulse	55	11030000	17171	NA
272	Pulse	55	11040000	27171	NA
272	Pulse	55	11050000	37171	NA
273	Pulse	55	11060000	6504	NA
273	Pulse	55	11070000	16504	NA
273	Pulse	55	11080000	26504	NA
273	Pulse	55	11090000	36504	NA
274	Pulse	55	11100000	5839	NA
274	Pulse	55	11110000	15839	NA
274	Pulse	55	11120000	25839	NA
274	Pulse	55	11130000	35839	NA
275	Pulse	55	11140000	5172	NA
275	Pulse	55	11150000	15172	NA
275	Pulse	55	11160000	25172	NA
275	Pulse	55	11170000	35172	NA
276	Pulse	55	11180000	4506	NA
276	Pulse	55	11190000	14506	NA
276	Pulse	55	11200000	24506	NA
276	Pulse	55	11210000	34506	NA
277	Pulse	55	11220000	3840	NA
277	Pulse	55	11230000	13840	NA
277	Pulse	55	11240000	23840	NA
277	Pulse	55	11250000	33840	NA
278	Pulse	55	11260000	3174	NA
278	Pulse	55	11270000	13174	NA
278	Pulse	55	11280000	23174	NA
278	Pulse	55	11290000	33174	NA
279	Pulse	55	11300000	2508	NA
279	Pulse	55	11310000	12508	NA
279	Pulse	55	11320000	22508	NA
279	Pulse	55	11330000	32508	NA
280	Pulse	55	11340000	1842	NA
280	Pulse	55	11350000	11842	NA
280	Pulse	55	11360000	21842	NA
280	Pulse	55	11370000	31842	NA
281	Pulse	55	11380000	1176	NA
281	Pulse	55	11390000	11176	NA
281	Pulse	55	11400000	21176	NA
281	Pulse	55	11410000	31176	NA
282	Pulse	55	11420000	510	NA
282	Pulse	55	11430000	10510	NA
282	Pulse	55	11440000	20510	NA
282	Pulse	55	11450000	30510	NA
282	Pulse	55	11460000	40510	NA
283	Pulse	55	11470000	9678	NA
283	Pulse	55	11480000	19678	NA
283	Pulse	55	11490000	29678	NA
283	Pulse	55	11500000	39678	NA
284	Pulse	55	11510000	9011	NA
284	Pulse	55	11520000	19011	NA
284	Pulse	55	11530000	29011	NA
284	Pulse	55	11540000	39011	NA
285	Pulse	55	11550000	8345	NA
285	Pulse	55	11560000	18345	NA
285	Pulse	55	11570000	28345	NA
285	Pulse	55	11580000	38345	NA
286	Pulse	55	11590000	7680	NA
286	Pulse	55	11600000	17680	NA
286	Pulse	55	11610000	27680	NA
286	Pulse	55	11620000	37680	NA
287	Pulse	55	11630000	7013	NA
287	Pulse	55	11640000	17013	NA
287	Pulse	55	11650000	27013	NA
287	Pulse	55	11660000	37013	NA
288	Pulse	55	11670000	6347	NA
288	Pulse	55	11680000	16347	NA
288	Pulse	55	11690000	26347	NA
288	Pulse	55	11700000	36347	NA
289	Pulse	55	11710000	5681	NA
289	Pulse	55	11720000	15681	NA
289	Pulse	55	11730000	25681	NA
289	Pulse	55	11740000	35681	NA
290	Pulse	55	11750000	5015	NA
290	Pulse	55	11760000	15015	NA
290	Pulse	55	11770000	25015	NA
290	Pulse	55	11780000	35015	NA
291	Pulse	55	11790000	4349	NA
291	Pulse	55	11800000	14349	NA
291	Pulse	55	11810000	24349	NA
291	Pulse	55	11820000	34349	NA
292	Pulse	55	11830000	3683	NA
292	Pulse	55	11840000	13683	NA
292	Pulse	55	11850000	23683	NA
292	Pulse	55	11860000	33683	NA
293	Pulse	55	11870000	3017	NA
293	Pulse	55	11880000	13017	NA
293	Pulse	55	11890000	23017	NA
293	Pulse	55	11900000	33017	NA
294	Pulse	55	11910000	2351	NA
294	Pulse	55	11920000	12351	NA
294	Pulse	55	11930000	22351	NA
294	Pulse	55	11940000	32351	NA
295	Pulse	55	11950000	1685	NA
295	Pulse	55	11960000	11685	NA
295	Pulse	55	11970000	21685	NA
295	Pulse	55	11980000	31685	NA
296	Pulse	55	11990000	1019	NA
296	Pulse	55	12000000	11019	NA
296	Pulse	55	12010000	21019	NA
296	Pulse	55	12020000	31019	NA
297	Pulse	55	12030000	353	NA
297	Pulse	55	12040000	10353	NA
297	Pulse	55	12050000	20353	NA
297	Pulse	55	12060000	30353	NA
297	Pulse	55	12070000	40353	NA
298	Pulse	55	12080000	9687	NA
298	Pulse	55	12090000	19687	NA
298	Pulse	55	12100000	29687	NA
298	Pulse	55	12110000	39687	NA
299	Pulse	55	12120000	9021	NA
299	Pulse	55	12130000	19021	NA
299	Pulse	55	12140000	29021	NA
299	Pulse	55	12150000	39021	NA
300	Pulse	55	12160000	8355	NA
300	Pulse	55	12170000	18355	NA
300	Pulse	55	12180000	28355	NA
300	Pulse	55	12190000	38355	NA
301	Pulse	55	12200000	7522	NA
301	Pulse	55	12210000	17522	NA
301	Pulse	55	12220000	27522	NA
301	Pulse	55	12230000	37522	NA
302	Pulse	55	12240000	6856	NA
302	Pulse	55	12250000	16856	NA
302	Pulse	55	12260000	26856	NA
302	Pulse	55	12270000	36856	NA
303	Pulse	55	12280000	6190	NA
303	Pulse	55	12290000	16190	NA
303	Pulse	55	12300000	26190	NA
303	Pulse	55	12310000	36190	NA
304	Pulse	55	12320000	5524	NA
304	Pulse	55	12330000	15524	NA
304	Pulse	55	12340000	25524	NA
304	Pulse	55	12350000	35524	NA
305	Pulse	55	12360000	4858	NA
305	Pulse	55	12370000	14858	NA
305	Pulse	55	12380000	24858	NA
305	Pulse	55	12390000	34858	NA
306	Pulse	55	12400000	4192	NA
306	Pulse	55	12410000	14192	NA
306	Pulse	55	12420000	24192	NA
306	Pulse	55	12430000	34192	NA
307	Pulse	55	12440000	3526	NA
307	Pulse	55	12450000	13526	NA
307	Pulse	55	12460000	23526	NA
307	Pulse	55	12470000	33526	NA
308	Pulse	55	12480000	2860	NA
308	Pulse	55	12490000	12860	NA
308	Pulse	55	12500000	22860	NA
308	Pulse	55	12510000	32860	NA
309	Pulse	55	12520000	2194	NA
309	Pulse	55	12530000	12194	NA
309	Pulse	55	12540000	22194	NA
309	Pulse	55	12550000	32194	NA
310	Pulse	55	12560000	1528	NA
310	Pulse	55	12570000	11528	NA
310	Pulse	55	12580000	21528	NA
310	Pulse	55	12590000	31528	NA
311	Pulse	55	12600000	862	NA
311	Pulse	55	12610000	10862	NA
311	Pulse	55	12620000	20862	NA
311	Pulse	55	12630000	30862	NA
312	Pulse	55	12640000	196	NA
312	Pulse	55	12650000	10196	NA
312	Pulse	55	12660000	20196	NA
312	Pulse	55	12670000	30196	NA
312	Pulse	55	12680000	40196	NA
313	Pulse	55	12690000	9530	NA
313	Pulse	55	12700000	19530	NA
313	Pulse	55	12710000	29530	NA
313	Pulse	55	12720000	39530	NA
314	Pulse	55	12730000	8864	NA
314	Pulse	55	12740000	18864	NA
314	Pulse	55	12750000	28864	NA
314	Pulse	55	12760000	38864	NA
315	Pulse	55	12770000	8198	NA
315	Pulse	55	12780000	18198	NA
315	Pulse	55	12790000	28198	NA
315	Pulse	55	12800000	38198	NA
316	Pulse	55	12810000	7532	NA
316	Pulse	55	12820000	17532	NA
316	Pulse	55	12830000	27532	NA
316	Pulse	55	12840000	37532	NA
317	Pulse	55	12850000	6866	NA
317	Pulse	55	12860000	16866	NA
317	Pulse	55	12870000	26866	NA
317	Pulse	55	12880000	36866	NA
318	Pulse	55	12890000	6200	NA
318	Pulse	55	12900000	16200	NA
318	Pulse	55	12910000	26200	NA
318	Pulse	55	12920000	36200	NA
319	Pulse	55	12930000	5534	NA
319	Pulse	55	12940000	15534	NA
319	Pulse	55	12950000	25534	NA
319	Pulse	55	12960000	35534	NA
320	Pulse	55	12970000	4868	NA
320	Pulse	55	12980000	14868	NA
320	Pulse	55	12990000	24868	NA
320	Pulse	55	13000000	34868	NA
321	Pulse	55	13010000	4201	NA
321	Pulse	55	13020000	14201	NA
321	Pulse	55	13030000	24201	NA
321	Pulse	55	13040000	34201	NA
322	Pulse	55	13050000	3535	NA
322	Pulse	55	13060000	13535	NA
322	Pulse	55	13070000	23535	NA
322	Pulse	55	13080000	33535	NA
323	Pulse	55	13090000	2869	NA
323	Pulse	55	13100000	12869	NA
323	Pulse	55	13110000	22869	NA
323	Pulse	55	13120000	32869	NA
324	Pulse	55	13130000	2203	NA
324	Pulse	55	13140000	12203	NA
324	Pulse	55	13150000	22203	NA
324	Pulse	55	13160000	32203	NA
325	Pulse	55	13170000	1537	NA
325	Pulse	55	13180000	11537	NA
325	Pulse	55	13190000	21537	NA
325	Pulse	55	13200000	31537	NA
326	Pulse	55	13210000	871	NA
326	Pulse	55	13220000	10871	NA
326	Pulse	55	13230000	20871	NA
326	Pulse	55	13240000	30871	NA
327	Pulse	55	13250000	205	NA
327	Pulse	55	13260000	10205	NA
327	Pulse	55	13270000	20205	NA
327	Pulse	55	13280000	30205	NA
327	Pulse	55	13290000	40205	NA
328	Pulse	55	13300000	9539	NA
328	Response	1	13302941	12480	1
328	Pulse	55	13310000	19539	NA
328	Pulse	55	13320000	29539	NA
328	Pulse	55	13330000	39539	NA
329	Pulse	55	13340000	9373	NA
329	Pulse	55	13350000	19373	NA
330	Pulse	55	13360000	9207	NA
330	Pulse	55	13370000	19207	NA
330	Pulse	55	13380000	29207	NA
330	Pulse	55	13390000	39207	NA
330	Pulse	55	13400000	49207	NA
330	Pulse	55	13410000	59207	NA
330	Pulse	55	13420000	69207	NA
330	Pulse	55	13430000	79207	NA
330	Pulse	55	13440000	89207	NA
330	Pulse	55	13450000	99207	NA
330	Pulse	55	13460000	109207	NA
330	Pulse	55	13470000	119207	NA
330	Pulse	55	13480000	129207	NA
330	Pulse	55	13490000	139207	NA
330	Pulse	55	13500000	149207	NA
330	Pulse	55	13510000	159207	NA
330	Pulse	55	13520000	169207	NA
330	Response	1	13527419	176625	1
330	Pulse	55	13530000	179207	NA
330	Pulse	55	13540000	189207	NA
331	Pulse	55	13550000	9876	NA
331	Pulse	55	13560000	19876	NA
331	Pulse	55	13570000	29876	NA
331	Pulse	55	13580000	39876	NA
331	Pulse	55	13590000	49876	NA
331	Pulse	55	13600000	59876	NA
331	Pulse	55	13610000	69876	NA
331	Pulse	55	13620000	79876	NA
331	Pulse	55	13630000	89876	NA
331	Pulse	55	13640000	99876	NA
331	Pulse	55	13650000	109876	NA
331	Pulse	55	13660000	119876	NA
331	Pulse	55	13670000	129876	NA
331	Pulse	55	13680000	139876	NA
331	Pulse	55	13690000	149876	NA
331	Pulse	55	13700000	159876	NA
331	Pulse	55	13710000	169876	NA
331	Pulse	55	13720000	179876	NA
331	Pulse	55	13730000	189876	NA
331	Pulse	55	13740000	199876	NA
331	Pulse	55	13750000	209876	NA
331	Pulse	55	13760000	219876	NA
331	Pulse	55	13770000	229876	NA
331	Pulse	55	13780000	239876	NA
331	Pulse	55	13790000	249876	NA
331	Pulse	55	13800000	259876	NA
331	Pulse	55	13810000	269876	NA
331	Pulse	55	13820000	279876	NA
331	Pulse	55	13830000	289876	NA
331	Pulse	55	13840000	299876	NA
331	Pulse	55	13850000	309876	NA
331	Pulse	55	13860000	319876	NA
331	Pulse	55	13870000	329876	NA
331	Pulse	55	13880000	339876	NA
331	Pulse	55	13890000	349876	NA
331	Pulse	55	13900000	359876	NA
331	Pulse	55	13910000	369876	NA
331	Pulse	55	13920000	379876	NA
331	Pulse	55	13930000	389876	NA
331	Pulse	55	13940000	399876	NA
331	Pulse	55	13950000	409876	NA
331	Pulse	55	13960000	419876	NA
331	Pulse	55	13970000	429876	NA
331	Pulse	55	13980000	439876	NA
331	Pulse	55	13990000	449876	NA
331	Pulse	55	14000000	459876	NA
331	Pulse	55	14010000	469876	NA
331	Pulse	55	14020000	479876	NA
331	Pulse	55	14030000	489876	NA
331	Pulse	55	14040000	499876	NA
331	Pulse	55	14050000	509876	NA
331	Pulse	55	14060000	519876	NA
331	Pulse	55	14070000	529876	NA
331	Pulse	55	14080000	539876	NA
331	Pulse	55	14090000	549876	NA
331	Pulse	55	14100000	559876	NA
331	Pulse	55	14110000	569876	NA
331	Pulse	55	14120000	579876	NA
331	Pulse	55	14130000	589876	NA
331	Pulse	55	14140000	599876	NA
331	Pulse	55	14150000	609876	NA
331	Pulse	55	14160000	619876	NA
331	Pulse	55	14170000	629876	NA
331	Pulse	55	14180000	639876	NA
331	Pulse	55	14190000	649876	NA
331	Pulse	55	14200000	659876	NA
331	Pulse	55	14210000	669876	NA
331	Pulse	55	14220000	679876	NA
331	Pulse	55	14230000	689876	NA
331	Pulse	55	14240000	699876	NA
331	Pulse	55	14250000	709876	NA
331	Pulse	55	14260000	719876	NA
331	Pulse	55	14270000	729876	NA
331	Pulse	55	14280000	739876	NA
331	Pulse	55	14290000	749876	NA
331	Pulse	55	14300000	759876	NA
331	Pulse	55	14310000	769876	NA
331	Pulse	55	14320000	779876	NA
331	Pulse	55	14330000	789876	NA
331	Pulse	55	14340000	799876	NA
331	Pulse	55	14350000	809876	NA
331	Pulse	55	14360000	819876	NA
331	Pulse	55	14370000	829876	NA
331	Pulse	55	14380000	839876	NA
331	Pulse	55	14390000	849876	NA
331	Pulse	55	14400000	859876	NA
331	Pulse	55	14410000	869876	NA
331	Pulse	55	14420000	879876	NA
331	Pulse	55	14430000	889876	NA
331	Pulse	55	14440000	899876	NA
331	Pulse	55	14450000	909876	NA
331	Pulse	55	14460000	919876	NA
331	Pulse	55	14470000	929876	NA
331	Pulse	55	14480000	939876	NA
331	Pulse	55	14490000	949876	NA
331	Pulse	55	14500000	959876	NA
331	Pulse	55	14510000	969876	NA
331	Pulse	55	14520000	979876	NA
331	Pulse	55	14530000	989876	NA
331	Pulse	55	14540000	999876	NA
331	Pulse	55	14550000	1009876	NA
331	Pulse	55	14560000	1019876	NA
331	Pulse	55	14570000	1029876	NA
331	Pulse	55	14580000	1039876	NA
331	Pulse	55	14590000	1049876	NA
331	Pulse	55	14600000	1059876	NA
331	Pulse	55	14610000	1069876	NA
331	Pulse	55	14620000	1079876	NA
331	Pulse	55	14630000	1089876	NA
331	Pulse	55	14640000	1099876	NA
331	Pulse	55	14650000	1109876	NA
331	Pulse	55	14660000	1119876	NA
331	Pulse	55	14670000	1129876	NA
331	Pulse	55	14680000	1139876	NA
331	Pulse	55	14690000	1149876	NA
331	Pulse	55	14700000	1159876	NA
331	Pulse	55	14710000	1169876	NA
331	Pulse	55	14720000	1179876	NA
331	Pulse	55	14730000	1189876	NA
331	Pulse	55	14740000	1199876	NA
331	Pulse	55	14750000	1209876	NA
331	Pulse	55	14760000	1219876	NA
331	Pulse	55	14770000	1229876	NA
331	Pulse	55	14780000	1239876	NA
331	Pulse	55	14790000	1249876	NA
331	Pulse	55	14800000	1259876	NA
331	Pulse	55	14810000	1269876	NA
331	Pulse	55	14820000	1279876	NA
331	Pulse	55	14830000	1289876	NA
331	Pulse	55	14840000	1299876	NA
331	Pulse	55	14850000	1309876	NA
331	Pulse	55	14860000	1319876	NA
331	Pulse	55	14870000	1329876	NA
331	Pulse	55	14880000	1339876	NA
331	Pulse	55	14890000	1349876	NA
331	Pulse	55	14900000	1359876	NA
331	Pulse	55	14910000	1369876	NA
331	Pulse	55	14920000	1379876	NA
331	Pulse	55	14930000	1389876	NA
331	Pulse	55	14940000	1399876	NA
331	Pulse	55	14950000	1409876	NA
331	Pulse	55	14960000	1419876	NA
331	Pulse	55	14970000	1429876	NA
331	Pulse	55	14980000	1439876	NA
331	Pulse	55	14990000	1449876	NA
331	Pulse	55	15000000	1459876	NA
331	Pulse	55	15010000	1469876	NA
331	Pulse	55	15020000	1479876	NA
331	Pulse	55	15030000	1489876	NA
331	Pulse	55	15040000	1499876	NA
331	Pulse	55	15050000	1509876	NA
331	Pulse	55	15060000	1519876	NA
331	Pulse	55	15070000	1529876	NA
331	Pulse	55	15080000	1539876	NA
331	Pulse	55	15090000	1549876	NA
331	Pulse	55	15100000	1559876	NA
331	Pulse	55	15110000	1569876	NA
331	Pulse	55	15120000	1579876	NA
331	Pulse	55	15130000	1589876	NA
331	Pulse	55	15140000	1599876	NA
331	Pulse	55	15150000	1609876	NA
331	Pulse	55	15160000	1619876	NA
331	Pulse	55	15170000	1629876	NA
331	Pulse	55	15180000	1639876	NA
331	Pulse	55	15190000	1649876	NA
331	Pulse	55	15200000	1659876	NA
331	Pulse	55	15210000	1669876	NA
331	Pulse	55	15220000	1679876	NA
331	Pulse	55	15230000	1689876	NA
331	Pulse	55	15240000	1699876	NA
331	Pulse	55	15250000	1709876	NA
331	Pulse	55	15260000	1719876	NA
331	Pulse	55	15270000	1729876	NA
331	Pulse	55	15280000	1739876	NA
331	Pulse	55	15290000	1749876	NA
331	Pulse	55	15300000	1759876	NA
331	Pulse	55	15310000	1769876	NA
331	Pulse	55	15320000	1779876	NA
331	Pulse	55	15330000	1789876	NA
331	Pulse	55	15340000	1799876	NA
331	Pulse	55	15350000	1809876	NA
331	Pulse	55	15360000	1819876	NA
331	Pulse	55	15370000	1829876	NA
331	Pulse	55	15380000	1839876	NA
331	Pulse	55	15390000	1849876	NA
331	Pulse	55	15400000	1859876	NA
331	Pulse	55	15410000	1869876	NA
331	Pulse	55	15420000	1879876	NA
331	Pulse	55	15430000	1889876	NA
331	Pulse	55	15440000	1899876	NA
331	Pulse	55	15450000	1909876	NA
331	Pulse	55	15460000	1919876	NA
331	Pulse	55	15470000	1929876	NA
331	Pulse	55	15480000	1939876	NA
331	Pulse	55	15490000	1949876	NA
331	Pulse	55	15500000	1959876	NA
331	Pulse	55	15510000	1969876	NA
331	Pulse	55	15520000	1979876	NA
331	Pulse	55	15530000	1989876	NA
331	Pulse	55	15540000	1999876	NA
331	Pulse	55	15550000	2009876	NA
331	Pulse	55	15560000	2019876	NA
331	Pulse	55	15570000	2029876	NA
331	Pulse	55	15580000	2039876	NA
331	Pulse	55	15590000	2049876	NA
331	Pulse	55	15600000	2059876	NA
331	Pulse	55	15610000	2069876	NA
331	Pulse	55	15620000	2079876	NA
331	Pulse	55	15630000	2089876	NA
331	Pulse	55	15640000	2099876	NA
331	Pulse	55	15650000	2109876	NA
331	Pulse	55	15660000	2119876	NA
331	Pulse	55	15670000	2129876	NA
331	Pulse	55	15680000	2139876	NA
331	Pulse	55	15690000	2149876	NA
331	Pulse	55	15700000	2159876	NA
331	Pulse	55	15710000	2169876	NA
331	Pulse	55	15720000	2179876	NA
331	Pulse	55	15730000	2189876	NA
331	Pulse	55	15740000	2199876	NA
331	Pulse	55	15750000	2209876	NA
331	Pulse	55	15760000	2219876	NA
331	Pulse	55	15770000	2229876	NA
331	Pulse	55	15780000	2239876	NA
331	Pulse	55	15790000	2249876	NA
331	Pulse	55	15800000	2259876	NA
331	Pulse	55	15810000	2269876	NA
331	Pulse	55	15820000	2279876	NA
331	Pulse	55	15830000	2289876	NA
331	Pulse	55	15840000	2299876	NA
331	Pulse	55	15850000	2309876	NA
331	Pulse	55	15860000	2319876	NA
331	Pulse	55	15870000	2329876	NA
331	Pulse	55	15880000	2339876	NA
331	Pulse	55	15890000	2349876	NA
331	Pulse	55	15900000	2359876	NA
331	Pulse	55	15910000	2369876	NA
331	Pulse	55	15920000	2379876	NA
331	Pulse	55	15930000	2389876	NA
331	Pulse	55	15940000	2399876	NA
331	Pulse	55	15950000	2409876	NA
331	Pulse	55	15960000	2419876	NA
331	Pulse	55	15970000	2429876	NA
331	Pulse	55	15980000	2439876	NA
331	Pulse	55	15990000	2449876	NA
331	Pulse	55	16000000	2459876	NA
331	Pulse	55	16010000	2469876	NA
331	Pulse	55	16020000	2479876	NA
331	Pulse	55	16030000	2489876	NA
331	Pulse	55	16040000	2499876	NA
331	Pulse	55	16050000	2509876	NA
331	Pulse	55	16060000	2519876	NA
331	Pulse	55	16070000	2529876	NA
331	Pulse	55	16080000	2539876	NA
331	Pulse	55	16090000	2549876	NA
331	Pulse	55	16100000	2559876	NA
331	Pulse	55	16110000	2569876	NA
331	Pulse	55	16120000	2579876	NA
331	Pulse	55	16130000	2589876	NA
331	Pulse	55	16140000	2599876	NA
331	Pulse	55	16150000	2609876	NA
331	Pulse	55	16160000	2619876	NA
331	Pulse	55	16170000	2629876	NA
331	Pulse	55	16180000	2639876	NA
331	Pulse	55	16190000	2649876	NA
331	Pulse	55	16200000	2659876	NA
331	Pulse	55	16210000	2669876	NA
331	Pulse	55	16220000	2679876	NA
331	Pulse	55	16230000	2689876	NA
331	Pulse	55	16240000	2699876	NA
331	Pulse	55	16250000	2709876	NA
331	Pulse	55	16260000	2719876	NA
331	Pulse	55	16270000	2729876	NA
331	Pulse	55	16280000	2739876	NA
331	Pulse	55	16290000	2749876	NA
331	Pulse	55	16300000	2759876	NA
331	Pulse	55	16310000	2769876	NA
331	Pulse	55	16320000	2779876	NA
331	Pulse	55	16330000	2789876	NA
331	Pulse	55	16340000	2799876	NA
331	Pulse	55	16350000	2809876	NA
331	Pulse	55	16360000	2819876	NA
331	Pulse	55	16370000	2829876	NA
331	Pulse	55	16380000	2839876	NA
331	Pulse	55	16390000	2849876	NA
331	Pulse	55	16400000	2859876	NA
331	Pulse	55	16410000	2869876	NA
331	Pulse	55	16420000	2879876	NA
331	Pulse	55	16430000	2889876	NA
331	Pulse	55	16440000	2899876	NA
331	Pulse	55	16450000	2909876	NA
331	Pulse	55	16460000	2919876	NA
331	Pulse	55	16470000	2929876	NA
331	Pulse	55	16480000	2939876	NA
331	Pulse	55	16490000	2949876	NA
331	Pulse	55	16500000	2959876	NA
331	Pulse	55	16510000	2969876	NA
331	Pulse	55	16520000	2979876	NA
331	Pulse	55	16530000	2989876	NA
331	Pulse	55	16540000	2999876	NA
331	Pulse	55	16550000	3009876	NA
331	Pulse	55	16560000	3019876	NA
331	Pulse	55	16570000	3029876	NA
331	Pulse	55	16580000	3039876	NA
331	Pulse	55	16590000	3049876	NA
331	Pulse	55	16600000	3059876	NA
331	Pulse	55	16610000	3069876	NA
331	Pulse	55	16620000	3079876	NA
331	Pulse	55	16630000	3089876	NA
331	Pulse	55	16640000	3099876	NA
331	Pulse	55	16650000	3109876	NA
331	Pulse	55	16660000	3119876	NA
331	Pulse	55	16670000	3129876	NA
331	Pulse	55	16680000	3139876	NA
331	Pulse	55	16690000	3149876	NA
331	Pulse	55	16700000	3159876	NA
331	Pulse	55	16710000	3169876	NA
331	Pulse	55	16720000	3179876	NA
331	Pulse	55	16730000	3189876	NA
331	Pulse	55	16740000	3199876	NA
331	Pulse	55	16750000	3209876	NA
331	Pulse	55	16760000	3219876	NA
331	Pulse	55	16770000	3229876	NA
331	Pulse	55	16780000	3239876	NA
331	Pulse	55	16790000	3249876	NA
331	Pulse	55	16800000	3259876	NA
331	Pulse	55	16810000	3269876	NA
331	Pulse	55	16820000	3279876	NA
331	Pulse	55	16830000	3289876	NA
331	Pulse	55	16840000	3299876	NA
331	Pulse	55	16850000	3309876	NA
331	Pulse	55	16860000	3319876	NA
331	Pulse	55	16870000	3329876	NA
331	Pulse	55	16880000	3339876	NA
331	Pulse	55	16890000	3349876	NA
331	Pulse	55	16900000	3359876	NA
331	Pulse	55	16910000	3369876	NA
331	Pulse	55	16920000	3379876	NA
331	Pulse	55	16930000	3389876	NA
331	Pulse	55	16940000	3399876	NA
331	Pulse	55	16950000	3409876	NA
331	Pulse	55	16960000	3419876	NA
331	Pulse	55	16970000	3429876	NA
331	Pulse	55	16980000	3439876	NA
331	Pulse	55	16990000	3449876	NA
331	Pulse	55	17000000	3459876	NA
331	Pulse	55	17010000	3469876	NA
331	Pulse	55	17020000	3479876	NA
331	Pulse	55	17030000	3489876	NA
331	Pulse	55	17040000	3499876	NA
331	Pulse	55	17050000	3509876	NA
331	Pulse	55	17060000	3519876	NA
331	Pulse	55	17070000	3529876	NA
331	Pulse	55	17080000	3539876	NA
331	Pulse	55	17090000	3549876	NA
331	Pulse	55	17100000	3559876	NA
331	Pulse	55	17110000	3569876	NA
331	Pulse	55	17120000	3579876	NA
331	Pulse	55	17130000	3589876	NA
331	Pulse	55	17140000	3599876	NA
331	Pulse	55	17150000	3609876	NA
331	Pulse	55	17160000	3619876	NA
331	Pulse	55	17170000	3629876	NA
331	Pulse	55	17180000	3639876	NA
331	Pulse	55	17190000	3649876	NA
331	Pulse	55	17200000	3659876	NA
331	Pulse	55	17210000	3669876	NA
331	Pulse	55	17220000	3679876	NA
331	Pulse	55	17230000	3689876	NA
331	Pulse	55	17240000	3699876	NA
331	Pulse	55	17250000	3709876	NA
331	Pulse	55	17260000	3719876	NA
331	Pulse	55	17270000	3729876	NA
331	Pulse	55	17280000	3739876	NA
331	Pulse	55	17290000	3749876	NA
331	Pulse	55	17300000	3759876	NA
331	Pulse	55	17310000	3769876	NA
331	Pulse	55	17320000	3779876	NA
331	Pulse	55	17330000	3789876	NA
331	Pulse	55	17340000	3799876	NA
331	Pulse	55	17350000	3809876	NA
331	Pulse	55	17360000	3819876	NA
331	Pulse	55	17370000	3829876	NA
331	Pulse	55	17380000	3839876	NA
331	Pulse	55	17390000	3849876	NA
331	Pulse	55	17400000	3859876	NA
331	Pulse	55	17410000	3869876	NA
331	Pulse	55	17420000	3879876	NA
331	Pulse	55	17430000	3889876	NA
331	Pulse	55	17440000	3899876	NA
331	Pulse	55	17450000	3909876	NA
331	Pulse	55	17460000	3919876	NA
331	Pulse	55	17470000	3929876	NA
331	Pulse	55	17480000	3939876	NA
331	Pulse	55	17490000	3949876	NA
331	Pulse	55	17500000	3959876	NA
331	Pulse	55	17510000	3969876	NA
331	Pulse	55	17520000	3979876	NA
331	Pulse	55	17530000	3989876	NA
331	Pulse	55	17540000	3999876	NA
331	Pulse	55	17550000	4009876	NA
331	Pulse	55	17560000	4019876	NA
331	Pulse	55	17570000	4029876	NA
331	Pulse	55	17580000	4039876	NA
331	Pulse	55	17590000	4049876	NA
331	Pulse	55	17600000	4059876	NA
331	Pulse	55	17610000	4069876	NA
331	Pulse	55	17620000	4079876	NA
331	Pulse	55	17630000	4089876	NA
331	Pulse	55	17640000	4099876	NA
331	Pulse	55	17650000	4109876	NA
331	Pulse	55	17660000	4119876	NA
331	Pulse	55	17670000	4129876	NA
331	Pulse	55	17680000	4139876	NA
331	Pulse	55	17690000	4149876	NA
331	Pulse	55	17700000	4159876	NA
331	Pulse	55	17710000	4169876	NA
331	Pulse	55	17720000	4179876	NA
331	Pulse	55	17730000	4189876	NA
331	Pulse	55	17740000	4199876	NA
331	Pulse	55	17750000	4209876	NA
331	Pulse	55	17760000	4219876	NA
331	Pulse	55	17770000	4229876	NA
331	Pulse	55	17780000	4239876	NA
331	Pulse	55	17790000	4249876	NA
331	Pulse	55	17800000	4259876	NA
331	Pulse	55	17810000	4269876	NA
331	Pulse	55	17820000	4279876	NA
331	Pulse	55	17830000	4289876	NA
331	Pulse	55	17840000	4299876	NA
331	Pulse	55	17850000	4309876	NA
331	Pulse	55	17860000	4319876	NA
331	Pulse	55	17870000	4329876	NA
331	Pulse	55	17880000	4339876	NA
331	Pulse	55	17890000	4349876	NA
331	Pulse	55	17900000	4359876	NA
331	Pulse	55	17910000	4369876	NA
331	Pulse	55	17920000	4379876	NA
331	Pulse	55	17930000	4389876	NA
331	Pulse	55	17940000	4399876	NA
331	Pulse	55	17950000	4409876	NA
331	Pulse	55	17960000	4419876	NA
331	Pulse	55	17970000	4429876	NA
331	Pulse	55	17980000	4439876	NA
331	Pulse	55	17990000	4449876	NA
331	Pulse	55	18000000	4459876	NA
331	Pulse	55	18010000	4469876	NA
331	Pulse	55	18020000	4479876	NA
331	Pulse	55	18030000	4489876	NA
331	Pulse	55	18040000	4499876	NA
331	Pulse	55	18050000	4509876	NA
331	Pulse	55	18060000	4519876	NA
331	Pulse	55	18070000	4529876	NA
331	Pulse	55	18080000	4539876	NA
331	Pulse	55	18090000	4549876	NA
331	Pulse	55	18100000	4559876	NA
331	Pulse	55	18110000	4569876	NA
331	Pulse	55	18120000	4579876	NA
331	Pulse	55	18130000	4589876	NA
331	Pulse	55	18140000	4599876	NA
331	Pulse	55	18150000	4609876	NA
331	Pulse	55	18160000	4619876	NA
331	Pulse	55	18170000	4629876	NA
331	Pulse	55	18180000	4639876	NA
331	Pulse	55	18190000	4649876	NA
331	Pulse	55	18200000	4659876	NA
331	Pulse	55	18210000	4669876	NA
331	Pulse	55	18220000	4679876	NA
331	Pulse	55	18230000	4689876	NA
331	Pulse	55	18240000	4699876	NA
331	Pulse	55	18250000	4709876	NA
331	Pulse	55	18260000	4719876	NA
331	Pulse	55	18270000	4729876	NA
331	Pulse	55	18280000	4739876	NA
331	Pulse	55	18290000	4749876	NA
331	Pulse	55	18300000	4759876	NA
331	Pulse	55	18310000	4769876	NA
331	Pulse	55	18320000	4779876	NA
331	Pulse	55	18330000	4789876	NA
331	Pulse	55	18340000	4799876	NA
331	Pulse	55	18350000	4809876	NA
331	Pulse	55	18360000	4819876	NA
331	Pulse	55	18370000	4829876	NA
331	Pulse	55	18380000	4839876	NA
331	Pulse	55	18390000	4849876	NA
331	Pulse	55	18400000	4859876	NA
331	Pulse	55	18410000	4869876	NA
331	Pulse	55	18420000	4879876	NA
331	Pulse	55	18430000	4889876	NA
331	Pulse	55	18440000	4899876	NA
331	Pulse	55	18450000	4909876	NA
331	Pulse	55	18460000	4919876	NA
331	Pulse	55	18470000	4929876	NA
331	Pulse	55	18480000	4939876	NA
331	Pulse	55	18490000	4949876	NA
331	Pulse	55	18500000	4959876	NA
331	Pulse	55	18510000	4969876	NA
331	Pulse	55	18520000	4979876	NA
331	Pulse	55	18530000	4989876	NA
331	Pulse	55	18540000	4999876	NA
331	Pulse	55	18550000	5009876	NA
331	Pulse	55	18560000	5019876	NA
331	Pulse	55	18570000	5029876	NA
331	Pulse	55	18580000	5039876	NA
331	Pulse	55	18590000	5049876	NA
331	Pulse	55	18600000	5059876	NA
331	Pulse	55	18610000	5069876	NA
331	Pulse	55	18620000	5079876	NA
331	Pulse	55	18630000	5089876	NA
331	Pulse	55	18640000	5099876	NA
331	Pulse	55	18650000	5109876	NA
331	Pulse	55	18660000	5119876	NA
331	Pulse	55	18670000	5129876	NA
331	Pulse	55	18680000	5139876	NA
331	Pulse	55	18690000	5149876	NA
331	Pulse	55	18700000	5159876	NA
331	Pulse	55	18710000	5169876	NA
331	Pulse	55	18720000	5179876	NA
331	Pulse	55	18730000	5189876	NA
331	Pulse	55	18740000	5199876	NA
331	Pulse	55	18750000	5209876	NA
331	Pulse	55	18760000	5219876	NA
331	Pulse	55	18770000	5229876	NA
331	Pulse	55	18780000	5239876	NA
331	Pulse	55	18790000	5249876	NA
331	Pulse	55	18800000	5259876	NA
331	Pulse	55	18810000	5269876	NA
331	Pulse	55	18820000	5279876	NA
331	Pulse	55	18830000	5289876	NA
331	Pulse	55	18840000	5299876	NA
331	Pulse	55	18850000	5309876	NA
331	Pulse	55	18860000	5319876	NA
331	Pulse	55	18870000	5329876	NA
331	Pulse	55	18880000	5339876	NA
331	Pulse	55	18890000	5349876	NA
331	Pulse	55	18900000	5359876	NA
331	Pulse	55	18910000	5369876	NA
331	Pulse	55	18920000	5379876	NA
331	Pulse	55	18930000	5389876	NA
331	Pulse	55	18940000	5399876	NA
331	Pulse	55	18950000	5409876	NA
331	Pulse	55	18960000	5419876	NA
331	Pulse	55	18970000	5429876	NA
331	Pulse	55	18980000	5439876	NA
331	Pulse	55	18990000	5449876	NA
331	Pulse	55	19000000	5459876	NA
331	Pulse	55	19010000	5469876	NA
331	Pulse	55	19020000	5479876	NA
331	Pulse	55	19030000	5489876	NA
331	Pulse	55	19040000	5499876	NA
331	Pulse	55	19050000	5509876	NA
331	Pulse	55	19060000	5519876	NA
331	Pulse	55	19070000	5529876	NA
331	Response	1	19075811	5535688	1
332	Pulse	55	19080000	4129	NA
332	Pulse	55	19090000	14129	NA
332	Pulse	55	19100000	24129	NA
332	Pulse	55	19110000	34129	NA
332	Pulse	55	19120000	44129	NA
332	Pulse	55	19130000	54129	NA
332	Pulse	55	19140000	64129	NA
332	Pulse	55	19150000	74129	NA
332	Pulse	55	19160000	84129	NA
332	Pulse	55	19170000	94129	NA
332	Pulse	55	19180000	104129	NA
332	Pulse	55	19190000	114129	NA
332	Pulse	55	19200000	124129	NA
332	Pulse	55	19210000	134129	NA
332	Pulse	55	19220000	144129	NA
332	Pulse	55	19230000	154129	NA
332	Pulse	55	19240000	164129	NA
332	Pulse	55	19250000	174129	NA
332	Pulse	55	19260000	184129	NA
332	Pulse	55	19270000	194129	NA
332	Pulse	55	19280000	204129	NA
332	Pulse	55	19290000	214129	NA
332	Pulse	55	19300000	224129	NA
332	Pulse	55	19310000	234129	NA
332	Pulse	55	19320000	244129	NA
332	Pulse	55	19330000	254129	NA
332	Pulse	55	19340000	264129	NA
332	Pulse	55	19350000	274129	NA
332	Pulse	55	19360000	284129	NA
332	Pulse	55	19370000	294129	NA
332	Pulse	55	19380000	304129	NA
332	Pulse	55	19390000	314129	NA
332	Pulse	55	19400000	324129	NA
332	Pulse	55	19410000	334129	NA
332	Pulse	55	19420000	344129	NA
332	Pulse	55	19430000	354129	NA
332	Pulse	55	19440000	364129	NA
332	Pulse	55	19450000	374129	NA
332	Pulse	55	19460000	384129	NA
332	Pulse	55	19470000	394129	NA
332	Pulse	55	19480000	404129	NA
332	Pulse	55	19490000	414129	NA
332	Pulse	55	19500000	424129	NA
332	Pulse	55	19510000	434129	NA
332	Pulse	55	19520000	444129	NA
332	Pulse	55	19530000	454129	NA
332	Pulse	55	19540000	464129	NA
332	Pulse	55	19550000	474129	NA
332	Pulse	55	19560000	484129	NA
332	Pulse	55	19570000	494129	NA
332	Pulse	55	19580000	504129	NA
332	Pulse	55	19590000	514129	NA
332	Pulse	55	19600000	524129	NA
332	Pulse	55	19610000	534129	NA
332	Pulse	55	19620000	544129	NA
332	Pulse	55	19630000	554129	NA
332	Pulse	55	19640000	564129	NA
332	Pulse	55	19650000	574129	NA
332	Pulse	55	19660000	584129	NA
332	Pulse	55	19670000	594129	NA
332	Pulse	55	19680000	604129	NA
332	Pulse	55	19690000	614129	NA
332	Pulse	55	19700000	624129	NA
332	Pulse	55	19710000	634129	NA
332	Pulse	55	19720000	644129	NA
332	Pulse	55	19730000	654129	NA
332	Pulse	55	19740000	664129	NA
332	Pulse	55	19750000	674129	NA
332	Pulse	55	19760000	684129	NA
332	Pulse	55	19770000	694129	NA
332	Pulse	55	19780000	704129	NA
332	Pulse	55	19790000	714129	NA
332	Pulse	55	19800000	724129	NA
332	Pulse	55	19810000	734129	NA
332	Pulse	55	19820000	744129	NA
332	Pulse	55	19830000	754129	NA
332	Pulse	55	19840000	764129	NA
332	Pulse	55	19850000	774129	NA
332	Pulse	55	19860000	784129	NA
332	Pulse	55	19870000	794129	NA
332	Pulse	55	19880000	804129	NA
332	Pulse	55	19890000	814129	NA
332	Pulse	55	19900000	824129	NA
332	Pulse	55	19910000	834129	NA
332	Pulse	55	19920000	844129	NA
332	Pulse	55	19930000	854129	NA
332	Pulse	55	19940000	864129	NA
332	Pulse	55	19950000	874129	NA
332	Pulse	55	19960000	884129	NA
332	Pulse	55	19970000	894129	NA
332	Pulse	55	19980000	904129	NA
332	Pulse	55	19990000	914129	NA
332	Pulse	55	20000000	924129	NA
332	Pulse	55	20010000	934129	NA
332	Pulse	55	20020000	944129	NA
332	Pulse	55	20030000	954129	NA
332	Pulse	55	20040000	964129	NA
332	Pulse	55	20050000	974129	NA
332	Pulse	55	20060000	984129	NA
332	Pulse	55	20070000	994129	NA
332	Pulse	55	20080000	1004129	NA
332	Pulse	55	20090000	1014129	NA
332	Pulse	55	20100000	1024129	NA
332	Pulse	55	20110000	1034129	NA
332	Pulse	55	20120000	1044129	NA
332	Pulse	55	20130000	1054129	NA
332	Pulse	55	20140000	1064129	NA
332	Pulse	55	20150000	1074129	NA
332	Pulse	55	20160000	1084129	NA
332	Pulse	55	20170000	1094129	NA
332	Pulse	55	20180000	1104129	NA
332	Pulse	55	20190000	1114129	NA
332	Pulse	55	20200000	1124129	NA
332	Pulse	55	20210000	1134129	NA
332	Pulse	55	20220000	1144129	NA
332	Pulse	55	20230000	1154129	NA
332	Pulse	55	20240000	1164129	NA
332	Pulse	55	20250000	1174129	NA
332	Pulse	55	20260000	1184129	NA
332	Pulse	55	20270000	1194129	NA
332	Pulse	55	20280000	1204129	NA
332	Pulse	55	20290000	1214129	NA
332	Pulse	55	20300000	1224129	NA
332	Pulse	55	20310000	1234129	NA
332	Pulse	55	20320000	1244129	NA
332	Pulse	55	20330000	1254129	NA
332	Pulse	55	20340000	1264129	NA
332	Pulse	55	20350000	1274129	NA
332	Pulse	55	20360000	1284129	NA
332	Pulse	55	20370000	1294129	NA
332	Pulse	55	20380000	1304129	NA
332	Pulse	55	20390000	1314129	NA
332	Pulse	55	20400000	1324129	NA
332	Pulse	55	20410000	1334129	NA
332	Pulse	55	20420000	1344129	NA
332	Pulse	55	20430000	1354129	NA
332	Pulse	55	20440000	1364129	NA
332	Pulse	55	20450000	1374129	NA
332	Pulse	55	20460000	1384129	NA
332	Pulse	55	20470000	1394129	NA
332	Pulse	55	20480000	1404129	NA
332	Pulse	55	20490000	1414129	NA
332	Pulse	55	20500000	1424129	NA
332	Pulse	55	20510000	1434129	NA
332	Pulse	55	20520000	1444129	NA
332	Pulse	55	20530000	1454129	NA
332	Pulse	55	20540000	1464129	NA
332	Pulse	55	20550000	1474129	NA
332	Pulse	55	20560000	1484129	NA
332	Pulse	55	20570000	1494129	NA
332	Pulse	55	20580000	1504129	NA
332	Pulse	55	20590000	1514129	NA
332	Pulse	55	20600000	1524129	NA
332	Pulse	55	20610000	1534129	NA
332	Pulse	55	20620000	1544129	NA
332	Pulse	55	20630000	1554129	NA
332	Pulse	55	20640000	1564129	NA
332	Pulse	55	20650000	1574129	NA
332	Pulse	55	20660000	1584129	NA
332	Pulse	55	20670000	1594129	NA
332	Pulse	55	20680000	1604129	NA
332	Pulse	55	20690000	1614129	NA
332	Pulse	55	20700000	1624129	NA
332	Pulse	55	20710000	1634129	NA
332	Pulse	55	20720000	1644129	NA
332	Pulse	55	20730000	1654129	NA
332	Pulse	55	20740000	1664129	NA
332	Pulse	55	20750000	1674129	NA
332	Pulse	55	20760000	1684129	NA
332	Pulse	55	20770000	1694129	NA
332	Pulse	55	20780000	1704129	NA
332	Pulse	55	20790000	1714129	NA
332	Pulse	55	20800000	1724129	NA
332	Pulse	55	20810000	1734129	NA
332	Pulse	55	20820000	1744129	NA
332	Pulse	55	20830000	1754129	NA
332	Pulse	55	20840000	1764129	NA
332	Pulse	55	20850000	1774129	NA
332	Pulse	55	20860000	1784129	NA
332	Pulse	55	20870000	1794129	NA
332	Pulse	55	20880000	1804129	NA
332	Pulse	55	20890000	1814129	NA
332	Pulse	55	20900000	1824129	NA
332	Pulse	55	20910000	1834129	NA
332	Pulse	55	20920000	1844129	NA
332	Pulse	55	20930000	1854129	NA
332	Pulse	55	20940000	1864129	NA
332	Pulse	55	20950000	1874129	NA
332	Pulse	55	20960000	1884129	NA
332	Pulse	55	20970000	1894129	NA
332	Pulse	55	20980000	1904129	NA
332	Pulse	55	20990000	1914129	NA
332	Pulse	55	21000000	1924129	NA
332	Pulse	55	21010000	1934129	NA
332	Pulse	55	21020000	1944129	NA
332	Pulse	55	21030000	1954129	NA
332	Pulse	55	21040000	1964129	NA
332	Pulse	55	21050000	1974129	NA
332	Pulse	55	21060000	1984129	NA
332	Pulse	55	21070000	1994129	NA
332	Pulse	55	21080000	2004129	NA
332	Pulse	55	21090000	2014129	NA
332	Pulse	55	21100000	2024129	NA
332	Pulse	55	21110000	2034129	NA
332	Pulse	55	21120000	2044129	NA
332	Pulse	55	21130000	2054129	NA
332	Pulse	55	21140000	2064129	NA
332	Pulse	55	21150000	2074129	NA
332	Pulse	55	21160000	2084129	NA
332	Pulse	55	21170000	2094129	NA
332	Pulse	55	21180000	2104129	NA
332	Pulse	55	21190000	2114129	NA
332	Pulse	55	21200000	2124129	NA
332	Pulse	55	21210000	2134129	NA
332	Pulse	55	21220000	2144129	NA
332	Pulse	55	21230000	2154129	NA
332	Pulse	55	21240000	2164129	NA
332	Pulse	55	21250000	2174129	NA
332	Pulse	55	21260000	2184129	NA
332	Pulse	55	21270000	2194129	NA
332	Pulse	55	21280000	2204129	NA
332	Pulse	55	21290000	2214129	NA
332	Pulse	55	21300000	2224129	NA
332	Pulse	55	21310000	2234129	NA
332	Pulse	55	21320000	2244129	NA
332	Pulse	55	21330000	2254129	NA
332	Pulse	55	21340000	2264129	NA
332	Pulse	55	21350000	2274129	NA
332	Pulse	55	21360000	2284129	NA
332	Pulse	55	21370000	2294129	NA
332	Pulse	55	21380000	2304129	NA
332	Pulse	55	21390000	2314129	NA
332	Pulse	55	21400000	2324129	NA
332	Pulse	55	21410000	2334129	NA
332	Pulse	55	21420000	2344129	NA
332	Pulse	55	21430000	2354129	NA
332	Pulse	55	21440000	2364129	NA
332	Pulse	55	21450000	2374129	NA
332	Pulse	55	21460000	2384129	NA
332	Pulse	55	21470000	2394129	NA
332	Pulse	55	21480000	2404129	NA
332	Pulse	55	21490000	2414129	NA
332	Pulse	55	21500000	2424129	NA
332	Pulse	55	21510000	2434129	NA
332	Pulse	55	21520000	2444129	NA
332	Pulse	55	21530000	2454129	NA
332	Pulse	55	21540000	2464129	NA
332	Pulse	55	21550000	2474129	NA
332	Pulse	55	21560000	2484129	NA
332	Pulse	55	21570000	2494129	NA
332	Pulse	55	21580000	2504129	NA
332	Pulse	55	21590000	2514129	NA
332	Pulse	55	21600000	2524129	NA
332	Pulse	55	21610000	2534129	NA
332	Pulse	55	21620000	2544129	NA
332	Pulse	55	21630000	2554129	NA
332	Pulse	55	21640000	2564129	NA
332	Pulse	55	21650000	2574129	NA
332	Pulse	55	21660000	2584129	NA
332	Pulse	55	21670000	2594129	NA
332	Pulse	55	21680000	2604129	NA
332	Pulse	55	21690000	2614129	NA
332	Pulse	55	21700000	2624129	NA
332	Pulse	55	21710000	2634129	NA
332	Pulse	55	21720000	2644129	NA
332	Pulse	55	21730000	2654129	NA
332	Pulse	55	21740000	2664129	NA
332	Pulse	55	21750000	2674129	NA
332	Pulse	55	21760000	2684129	NA
332	Pulse	55	21770000	2694129	NA
332	Pulse	55	21780000	2704129	NA
332	Pulse	55	21790000	2714129	NA
332	Pulse	55	21800000	2724129	NA
332	Pulse	55	21810000	2734129	NA
332	Pulse	55	21820000	2744129	NA
332	Pulse	55	21830000	2754129	NA
332	Pulse	55	21840000	2764129	NA
332	Pulse	55	21850000	2774129	NA
332	Pulse	55	21860000	2784129	NA
332	Pulse	55	21870000	2794129	NA
332	Pulse	55	21880000	2804129	NA
332	Pulse	55	21890000	2814129	NA
332	Pulse	55	21900000	2824129	NA
332	Pulse	55	21910000	2834129	NA
332	Pulse	55	21920000	2844129	NA
332	Pulse	55	21930000	2854129	NA
332	Pulse	55	21940000	2864129	NA
332	Pulse	55	21950000	2874129	NA
332	Pulse	55	21960000	2884129	NA
332	Pulse	55	21970000	2894129	NA
332	Pulse	55	21980000	2904129	NA
332	Pulse	55	21990000	2914129	NA
332	Pulse	55	22000000	2924129	NA
332	Pulse	55	22010000	2934129	NA
332	Pulse	55	22020000	2944129	NA
332	Pulse	55	22030000	2954129	NA
332	Pulse	55	22040000	2964129	NA
332	Pulse	55	22050000	2974129	NA
332	Pulse	55	22060000	2984129	NA
332	Pulse	55	22070000	2994129	NA
332	Pulse	55	22080000	3004129	NA
332	Pulse	55	22090000	3014129	NA
332	Pulse	55	22100000	3024129	NA
332	Pulse	55	22110000	3034129	NA
332	Pulse	55	22120000	3044129	NA
332	Pulse	55	22130000	3054129	NA
332	Pulse	55	22140000	3064129	NA
332	Pulse	55	22150000	3074129	NA
332	Pulse	55	22160000	3084129	NA
332	Pulse	55	22170000	3094129	NA
332	Pulse	55	22180000	3104129	NA
332	Pulse	55	22190000	3114129	NA
332	Pulse	55	22200000	3124129	NA
332	Pulse	55	22210000	3134129	NA
332	Pulse	55	22220000	3144129	NA
332	Pulse	55	22230000	3154129	NA
332	Pulse	55	22240000	3164129	NA
332	Pulse	55	22250000	3174129	NA
332	Pulse	55	22260000	3184129	NA
332	Pulse	55	22270000	3194129	NA
332	Pulse	55	22280000	3204129	NA
332	Pulse	55	22290000	3214129	NA
332	Pulse	55	22300000	3224129	NA
332	Pulse	55	22310000	3234129	NA
332	Pulse	55	22320000	3244129	NA
332	Pulse	55	22330000	3254129	NA
332	Pulse	55	22340000	3264129	NA
332	Pulse	55	22350000	3274129	NA
332	Pulse	55	22360000	3284129	NA
332	Pulse	55	22370000	3294129	NA
332	Pulse	55	22380000	3304129	NA
332	Pulse	55	22390000	3314129	NA
332	Pulse	55	22400000	3324129	NA
332	Pulse	55	22410000	3334129	NA
332	Pulse	55	22420000	3344129	NA
332	Pulse	55	22430000	3354129	NA
332	Response	1	22433725	3357854	1
