Scenario - Slideshow_D2.sce
Logfile written - 11/03/2021 17:17:09

Trial	Event Type	Code	Time	TTime	Uncertainty	Duration	Uncertainty	ReqTime	ReqDur	Stim Type	Pair Index

0	Pulse	55	0	0	NA
1	Pulse	55	10000	9417	NA
1	Pulse	55	20000	19417	NA
1	Pulse	55	30000	29417	NA
1	Pulse	55	40000	39417	NA
2	Pulse	55	50000	8820	NA
2	Pulse	55	60000	18820	NA
2	Pulse	55	70000	28820	NA
2	Pulse	55	80000	38820	NA
3	Pulse	55	90000	8223	NA
3	Pulse	55	100000	18223	NA
3	Pulse	55	110000	28223	NA
3	Pulse	55	120000	38223	NA
4	Pulse	55	130000	7627	NA
4	Pulse	55	140000	17627	NA
4	Pulse	55	150000	27627	NA
4	Pulse	55	160000	37627	NA
5	Pulse	55	170000	7030	NA
5	Pulse	55	180000	17030	NA
5	Pulse	55	190000	27030	NA
5	Pulse	55	200000	37030	NA
6	Pulse	55	210000	6433	NA
6	Pulse	55	220000	16433	NA
6	Pulse	55	230000	26433	NA
6	Pulse	55	240000	36433	NA
7	Pulse	55	250000	5837	NA
7	Pulse	55	260000	15837	NA
7	Pulse	55	270000	25837	NA
7	Pulse	55	280000	35837	NA
8	Pulse	55	290000	5240	NA
8	Pulse	55	300000	15240	NA
8	Pulse	55	310000	25240	NA
8	Pulse	55	320000	35240	NA
9	Pulse	55	330000	4643	NA
9	Pulse	55	340000	14643	NA
9	Pulse	55	350000	24643	NA
9	Pulse	55	360000	34643	NA
10	Pulse	55	370000	4213	NA
10	Pulse	55	380000	14213	NA
10	Pulse	55	390000	24213	NA
10	Pulse	55	400000	34213	NA
11	Pulse	55	410000	3700	NA
11	Pulse	55	420000	13700	NA
11	Pulse	55	430000	23700	NA
11	Pulse	55	440000	33700	NA
12	Pulse	55	450000	3187	NA
12	Pulse	55	460000	13187	NA
12	Pulse	55	470000	23187	NA
12	Pulse	55	480000	33187	NA
13	Pulse	55	490000	2590	NA
13	Pulse	55	500000	12590	NA
13	Pulse	55	510000	22590	NA
13	Pulse	55	520000	32590	NA
14	Pulse	55	530000	1993	NA
14	Pulse	55	540000	11993	NA
14	Pulse	55	550000	21993	NA
14	Pulse	55	560000	31993	NA
15	Pulse	55	570000	1397	NA
15	Pulse	55	580000	11397	NA
15	Pulse	55	590000	21397	NA
15	Pulse	55	600000	31397	NA
16	Pulse	55	610000	800	NA
16	Pulse	55	620000	10800	NA
16	Pulse	55	630000	20800	NA
16	Pulse	55	640000	30800	NA
17	Pulse	55	650000	203	NA
17	Pulse	55	660000	10203	NA
17	Pulse	55	670000	20203	NA
17	Pulse	55	680000	30203	NA
17	Pulse	55	690000	40203	NA
18	Pulse	55	700000	9690	NA
18	Pulse	55	710000	19690	NA
18	Pulse	55	720000	29690	NA
18	Pulse	55	730000	39690	NA
19	Pulse	55	740000	9093	NA
19	Pulse	55	750000	19093	NA
19	Pulse	55	760000	29093	NA
19	Pulse	55	770000	39093	NA
20	Pulse	55	780000	8497	NA
20	Pulse	55	790000	18497	NA
20	Pulse	55	800000	28497	NA
20	Pulse	55	810000	38497	NA
21	Pulse	55	820000	7900	NA
21	Pulse	55	830000	17900	NA
21	Pulse	55	840000	27900	NA
21	Pulse	55	850000	37900	NA
22	Pulse	55	860000	7303	NA
22	Pulse	55	870000	17303	NA
22	Pulse	55	880000	27303	NA
22	Pulse	55	890000	37303	NA
23	Pulse	55	900000	6707	NA
23	Pulse	55	910000	16707	NA
23	Pulse	55	920000	26707	NA
23	Pulse	55	930000	36707	NA
24	Pulse	55	940000	6110	NA
24	Pulse	55	950000	16110	NA
24	Pulse	55	960000	26110	NA
24	Pulse	55	970000	36110	NA
25	Pulse	55	980000	5513	NA
25	Pulse	55	990000	15513	NA
25	Pulse	55	1000000	25513	NA
25	Pulse	55	1010000	35513	NA
26	Pulse	55	1020000	4917	NA
26	Pulse	55	1030000	14917	NA
26	Pulse	55	1040000	24917	NA
26	Pulse	55	1050000	34917	NA
27	Pulse	55	1060000	4403	NA
27	Pulse	55	1070000	14403	NA
27	Pulse	55	1080000	24403	NA
27	Pulse	55	1090000	34403	NA
28	Pulse	55	1100000	3807	NA
28	Pulse	55	1110000	13807	NA
28	Pulse	55	1120000	23807	NA
28	Pulse	55	1130000	33807	NA
29	Pulse	55	1140000	3210	NA
29	Pulse	55	1150000	13210	NA
29	Pulse	55	1160000	23210	NA
29	Pulse	55	1170000	33210	NA
30	Pulse	55	1180000	2613	NA
30	Pulse	55	1190000	12613	NA
30	Pulse	55	1200000	22613	NA
30	Pulse	55	1210000	32613	NA
31	Pulse	55	1220000	2017	NA
31	Pulse	55	1230000	12017	NA
31	Pulse	55	1240000	22017	NA
31	Pulse	55	1250000	32017	NA
32	Pulse	55	1260000	1420	NA
32	Pulse	55	1270000	11420	NA
32	Pulse	55	1280000	21420	NA
32	Pulse	55	1290000	31420	NA
33	Pulse	55	1300000	823	NA
33	Pulse	55	1310000	10823	NA
33	Pulse	55	1320000	20823	NA
33	Pulse	55	1330000	30823	NA
34	Pulse	55	1340000	226	NA
34	Pulse	55	1350000	10226	NA
34	Pulse	55	1360000	20226	NA
34	Pulse	55	1370000	30226	NA
34	Pulse	55	1380000	40226	NA
35	Pulse	55	1390000	9630	NA
35	Pulse	55	1400000	19630	NA
35	Pulse	55	1410000	29630	NA
35	Pulse	55	1420000	39630	NA
36	Pulse	55	1430000	9033	NA
36	Pulse	55	1440000	19033	NA
36	Pulse	55	1450000	29033	NA
36	Pulse	55	1460000	39033	NA
37	Pulse	55	1470000	8436	NA
37	Pulse	55	1480000	18436	NA
37	Pulse	55	1490000	28436	NA
37	Pulse	55	1500000	38436	NA
38	Pulse	55	1510000	7756	NA
38	Pulse	55	1520000	17756	NA
38	Pulse	55	1530000	27756	NA
38	Pulse	55	1540000	37756	NA
39	Pulse	55	1550000	7160	NA
39	Pulse	55	1560000	17160	NA
39	Pulse	55	1570000	27160	NA
39	Pulse	55	1580000	37160	NA
40	Pulse	55	1590000	6563	NA
40	Pulse	55	1600000	16563	NA
40	Pulse	55	1610000	26563	NA
40	Pulse	55	1620000	36563	NA
41	Pulse	55	1630000	5966	NA
41	Pulse	55	1640000	15966	NA
41	Pulse	55	1650000	25966	NA
41	Pulse	55	1660000	35966	NA
42	Pulse	55	1670000	5286	NA
42	Pulse	55	1680000	15286	NA
42	Pulse	55	1690000	25286	NA
42	Pulse	55	1700000	35286	NA
43	Pulse	55	1710000	4690	NA
43	Pulse	55	1720000	14690	NA
43	Pulse	55	1730000	24690	NA
43	Pulse	55	1740000	34690	NA
44	Pulse	55	1750000	4093	NA
44	Pulse	55	1760000	14093	NA
44	Pulse	55	1770000	24093	NA
44	Pulse	55	1780000	34093	NA
45	Pulse	55	1790000	3496	NA
45	Pulse	55	1800000	13496	NA
45	Pulse	55	1810000	23496	NA
45	Pulse	55	1820000	33496	NA
46	Pulse	55	1830000	2816	NA
46	Pulse	55	1840000	12816	NA
46	Pulse	55	1850000	22816	NA
46	Pulse	55	1860000	32816	NA
47	Pulse	55	1870000	2220	NA
47	Pulse	55	1880000	12220	NA
47	Pulse	55	1890000	22220	NA
47	Pulse	55	1900000	32220	NA
48	Pulse	55	1910000	1623	NA
48	Pulse	55	1920000	11623	NA
48	Pulse	55	1930000	21623	NA
48	Pulse	55	1940000	31623	NA
49	Pulse	55	1950000	943	NA
49	Pulse	55	1960000	10943	NA
49	Pulse	55	1970000	20943	NA
49	Pulse	55	1980000	30943	NA
50	Pulse	55	1990000	346	NA
50	Pulse	55	2000000	10346	NA
50	Pulse	55	2010000	20346	NA
50	Pulse	55	2020000	30346	NA
50	Pulse	55	2030000	40346	NA
51	Pulse	55	2040000	9750	NA
51	Pulse	55	2050000	19750	NA
51	Pulse	55	2060000	29750	NA
51	Pulse	55	2070000	39750	NA
52	Pulse	55	2080000	9153	NA
52	Pulse	55	2090000	19153	NA
52	Pulse	55	2100000	29153	NA
52	Pulse	55	2110000	39153	NA
53	Pulse	55	2120000	8473	NA
53	Pulse	55	2130000	18473	NA
53	Pulse	55	2140000	28473	NA
53	Pulse	55	2150000	38473	NA
54	Pulse	55	2160000	7876	NA
54	Pulse	55	2170000	17876	NA
54	Pulse	55	2180000	27876	NA
54	Pulse	55	2190000	37876	NA
55	Pulse	55	2200000	7279	NA
55	Pulse	55	2210000	17279	NA
55	Pulse	55	2220000	27279	NA
55	Pulse	55	2230000	37279	NA
56	Pulse	55	2240000	6599	NA
56	Pulse	55	2250000	16599	NA
56	Pulse	55	2260000	26599	NA
56	Pulse	55	2270000	36599	NA
57	Pulse	55	2280000	6003	NA
57	Pulse	55	2290000	16003	NA
57	Pulse	55	2300000	26003	NA
57	Pulse	55	2310000	36003	NA
58	Pulse	55	2320000	5406	NA
58	Pulse	55	2330000	15406	NA
58	Pulse	55	2340000	25406	NA
58	Pulse	55	2350000	35406	NA
59	Pulse	55	2360000	4809	NA
59	Pulse	55	2370000	14809	NA
59	Pulse	55	2380000	24809	NA
59	Pulse	55	2390000	34809	NA
60	Pulse	55	2400000	4213	NA
60	Pulse	55	2410000	14213	NA
60	Pulse	55	2420000	24213	NA
60	Pulse	55	2430000	34213	NA
61	Pulse	55	2440000	3533	NA
61	Pulse	55	2450000	13533	NA
61	Pulse	55	2460000	23533	NA
61	Pulse	55	2470000	33533	NA
62	Pulse	55	2480000	2936	NA
62	Pulse	55	2490000	12936	NA
62	Pulse	55	2500000	22936	NA
62	Pulse	55	2510000	32936	NA
63	Pulse	55	2520000	2256	NA
63	Pulse	55	2530000	12256	NA
63	Pulse	55	2540000	22256	NA
63	Pulse	55	2550000	32256	NA
64	Pulse	55	2560000	1659	NA
64	Pulse	55	2570000	11659	NA
64	Pulse	55	2580000	21659	NA
64	Pulse	55	2590000	31659	NA
65	Pulse	55	2600000	979	NA
65	Pulse	55	2610000	10979	NA
65	Pulse	55	2620000	20979	NA
65	Pulse	55	2630000	30979	NA
66	Pulse	55	2640000	383	NA
66	Pulse	55	2650000	10383	NA
66	Pulse	55	2660000	20383	NA
66	Pulse	55	2670000	30383	NA
66	Pulse	55	2680000	40383	NA
67	Pulse	55	2690000	9703	NA
67	Pulse	55	2700000	19703	NA
67	Pulse	55	2710000	29703	NA
67	Pulse	55	2720000	39703	NA
68	Pulse	55	2730000	9106	NA
68	Pulse	55	2740000	19106	NA
68	Pulse	55	2750000	29106	NA
68	Pulse	55	2760000	39106	NA
69	Pulse	55	2770000	8509	NA
69	Pulse	55	2780000	18509	NA
69	Pulse	55	2790000	28509	NA
69	Pulse	55	2800000	38509	NA
70	Pulse	55	2810000	7913	NA
70	Pulse	55	2820000	17913	NA
70	Pulse	55	2830000	27913	NA
70	Pulse	55	2840000	37913	NA
71	Pulse	55	2850000	7316	NA
71	Pulse	55	2860000	17316	NA
71	Pulse	55	2870000	27316	NA
71	Pulse	55	2880000	37316	NA
72	Pulse	55	2890000	6719	NA
72	Pulse	55	2900000	16719	NA
72	Pulse	55	2910000	26719	NA
72	Pulse	55	2920000	36719	NA
73	Pulse	55	2930000	6039	NA
73	Pulse	55	2940000	16039	NA
73	Pulse	55	2950000	26039	NA
73	Pulse	55	2960000	36039	NA
74	Pulse	55	2970000	5442	NA
74	Pulse	55	2980000	15442	NA
74	Pulse	55	2990000	25442	NA
74	Pulse	55	3000000	35442	NA
75	Pulse	55	3010000	4846	NA
75	Pulse	55	3020000	14846	NA
75	Pulse	55	3030000	24846	NA
75	Pulse	55	3040000	34846	NA
76	Pulse	55	3050000	4166	NA
76	Pulse	55	3060000	14166	NA
76	Pulse	55	3070000	24166	NA
76	Pulse	55	3080000	34166	NA
77	Pulse	55	3090000	3569	NA
77	Pulse	55	3100000	13569	NA
77	Pulse	55	3110000	23569	NA
77	Pulse	55	3120000	33569	NA
78	Pulse	55	3130000	2972	NA
78	Pulse	55	3140000	12972	NA
78	Pulse	55	3150000	22972	NA
78	Pulse	55	3160000	32972	NA
79	Pulse	55	3170000	2376	NA
79	Pulse	55	3180000	12376	NA
79	Pulse	55	3190000	22376	NA
79	Pulse	55	3200000	32376	NA
80	Pulse	55	3210000	1696	NA
80	Pulse	55	3220000	11696	NA
80	Pulse	55	3230000	21696	NA
80	Pulse	55	3240000	31696	NA
81	Pulse	55	3250000	1099	NA
81	Pulse	55	3260000	11099	NA
81	Pulse	55	3270000	21099	NA
81	Pulse	55	3280000	31099	NA
82	Pulse	55	3290000	419	NA
82	Pulse	55	3300000	10419	NA
82	Pulse	55	3310000	20419	NA
82	Pulse	55	3320000	30419	NA
82	Pulse	55	3330000	40419	NA
83	Pulse	55	3340000	9822	NA
83	Pulse	55	3350000	19822	NA
83	Pulse	55	3360000	29822	NA
83	Pulse	55	3370000	39822	NA
84	Pulse	55	3380000	9226	NA
84	Pulse	55	3390000	19226	NA
84	Pulse	55	3400000	29226	NA
84	Pulse	55	3410000	39226	NA
85	Pulse	55	3420000	8629	NA
85	Pulse	55	3430000	18629	NA
85	Pulse	55	3440000	28629	NA
85	Pulse	55	3450000	38629	NA
86	Pulse	55	3460000	8032	NA
86	Pulse	55	3470000	18032	NA
86	Pulse	55	3480000	28032	NA
86	Pulse	55	3490000	38032	NA
87	Pulse	55	3500000	7436	NA
87	Pulse	55	3510000	17436	NA
87	Pulse	55	3520000	27436	NA
87	Pulse	55	3530000	37436	NA
88	Pulse	55	3540000	6839	NA
88	Pulse	55	3550000	16839	NA
88	Pulse	55	3560000	26839	NA
88	Pulse	55	3570000	36839	NA
89	Pulse	55	3580000	6242	NA
89	Pulse	55	3590000	16242	NA
89	Pulse	55	3600000	26242	NA
89	Pulse	55	3610000	36242	NA
90	Pulse	55	3620000	5646	NA
90	Pulse	55	3630000	15646	NA
90	Pulse	55	3640000	25646	NA
90	Pulse	55	3650000	35646	NA
91	Pulse	55	3660000	5049	NA
91	Pulse	55	3670000	15049	NA
91	Pulse	55	3680000	25049	NA
91	Pulse	55	3690000	35049	NA
92	Pulse	55	3700000	4452	NA
92	Pulse	55	3710000	14452	NA
92	Pulse	55	3720000	24452	NA
92	Pulse	55	3730000	34452	NA
93	Pulse	55	3740000	3856	NA
93	Pulse	55	3750000	13856	NA
93	Pulse	55	3760000	23856	NA
93	Pulse	55	3770000	33856	NA
94	Pulse	55	3780000	3259	NA
94	Pulse	55	3790000	13259	NA
94	Pulse	55	3800000	23259	NA
94	Pulse	55	3810000	33259	NA
95	Pulse	55	3820000	2662	NA
95	Pulse	55	3830000	12662	NA
95	Pulse	55	3840000	22662	NA
95	Pulse	55	3850000	32662	NA
96	Pulse	55	3860000	2066	NA
96	Pulse	55	3870000	12066	NA
96	Pulse	55	3880000	22066	NA
96	Pulse	55	3890000	32066	NA
97	Pulse	55	3900000	1469	NA
97	Pulse	55	3910000	11469	NA
97	Pulse	55	3920000	21469	NA
97	Pulse	55	3930000	31469	NA
98	Pulse	55	3940000	872	NA
98	Pulse	55	3950000	10872	NA
98	Pulse	55	3960000	20872	NA
98	Pulse	55	3970000	30872	NA
99	Pulse	55	3980000	276	NA
99	Pulse	55	3990000	10276	NA
99	Pulse	55	4000000	20276	NA
99	Pulse	55	4010000	30276	NA
99	Pulse	55	4020000	40276	NA
100	Pulse	55	4030000	9679	NA
100	Pulse	55	4040000	19679	NA
100	Pulse	55	4050000	29679	NA
100	Pulse	55	4060000	39679	NA
101	Pulse	55	4070000	9082	NA
101	Pulse	55	4080000	19082	NA
101	Pulse	55	4090000	29082	NA
101	Pulse	55	4100000	39082	NA
102	Pulse	55	4110000	8486	NA
102	Pulse	55	4120000	18486	NA
102	Pulse	55	4130000	28486	NA
102	Pulse	55	4140000	38486	NA
103	Pulse	55	4150000	7889	NA
103	Pulse	55	4160000	17889	NA
103	Pulse	55	4170000	27889	NA
103	Pulse	55	4180000	37889	NA
104	Pulse	55	4190000	7292	NA
104	Pulse	55	4200000	17292	NA
104	Pulse	55	4210000	27292	NA
104	Pulse	55	4220000	37292	NA
105	Pulse	55	4230000	6779	NA
105	Pulse	55	4240000	16779	NA
105	Pulse	55	4250000	26779	NA
105	Pulse	55	4260000	36779	NA
106	Pulse	55	4270000	6182	NA
106	Pulse	55	4280000	16182	NA
106	Pulse	55	4290000	26182	NA
106	Pulse	55	4300000	36182	NA
107	Pulse	55	4310000	5669	NA
107	Pulse	55	4320000	15669	NA
107	Pulse	55	4330000	25669	NA
107	Pulse	55	4340000	35669	NA
108	Pulse	55	4350000	5156	NA
108	Pulse	55	4360000	15156	NA
108	Pulse	55	4370000	25156	NA
108	Pulse	55	4380000	35156	NA
109	Pulse	55	4390000	4559	NA
109	Pulse	55	4400000	14559	NA
109	Pulse	55	4410000	24559	NA
109	Pulse	55	4420000	34559	NA
110	Pulse	55	4430000	3962	NA
110	Pulse	55	4440000	13962	NA
110	Pulse	55	4450000	23962	NA
110	Pulse	55	4460000	33962	NA
111	Pulse	55	4470000	3366	NA
111	Pulse	55	4480000	13366	NA
111	Pulse	55	4490000	23366	NA
111	Pulse	55	4500000	33366	NA
112	Pulse	55	4510000	2769	NA
112	Pulse	55	4520000	12769	NA
112	Pulse	55	4530000	22769	NA
112	Pulse	55	4540000	32769	NA
113	Pulse	55	4550000	2172	NA
113	Pulse	55	4560000	12172	NA
113	Pulse	55	4570000	22172	NA
113	Pulse	55	4580000	32172	NA
114	Pulse	55	4590000	1576	NA
114	Pulse	55	4600000	11576	NA
114	Pulse	55	4610000	21576	NA
114	Pulse	55	4620000	31576	NA
115	Pulse	55	4630000	1062	NA
115	Pulse	55	4640000	11062	NA
115	Pulse	55	4650000	21062	NA
115	Pulse	55	4660000	31062	NA
116	Pulse	55	4670000	466	NA
116	Pulse	55	4680000	10466	NA
116	Pulse	55	4690000	20466	NA
116	Pulse	55	4700000	30466	NA
116	Pulse	55	4710000	40466	NA
117	Pulse	55	4720000	9869	NA
117	Pulse	55	4730000	19869	NA
117	Pulse	55	4740000	29869	NA
117	Pulse	55	4750000	39869	NA
118	Pulse	55	4760000	9355	NA
118	Pulse	55	4770000	19355	NA
118	Pulse	55	4780000	29355	NA
118	Pulse	55	4790000	39355	NA
119	Pulse	55	4800000	8842	NA
119	Pulse	55	4810000	18842	NA
119	Pulse	55	4820000	28842	NA
119	Pulse	55	4830000	38842	NA
120	Pulse	55	4840000	8246	NA
120	Pulse	55	4850000	18246	NA
120	Pulse	55	4860000	28246	NA
120	Pulse	55	4870000	38246	NA
121	Pulse	55	4880000	7732	NA
121	Pulse	55	4890000	17732	NA
121	Pulse	55	4900000	27732	NA
121	Pulse	55	4910000	37732	NA
122	Pulse	55	4920000	7136	NA
122	Pulse	55	4930000	17136	NA
122	Pulse	55	4940000	27136	NA
122	Pulse	55	4950000	37136	NA
123	Pulse	55	4960000	6622	NA
123	Pulse	55	4970000	16622	NA
123	Pulse	55	4980000	26622	NA
123	Pulse	55	4990000	36622	NA
124	Pulse	55	5000000	6109	NA
124	Pulse	55	5010000	16109	NA
124	Pulse	55	5020000	26109	NA
124	Pulse	55	5030000	36109	NA
125	Pulse	55	5040000	5596	NA
125	Pulse	55	5050000	15596	NA
125	Pulse	55	5060000	25596	NA
125	Pulse	55	5070000	35596	NA
126	Pulse	55	5080000	4999	NA
126	Pulse	55	5090000	14999	NA
126	Pulse	55	5100000	24999	NA
126	Pulse	55	5110000	34999	NA
127	Pulse	55	5120000	4402	NA
127	Pulse	55	5130000	14402	NA
127	Pulse	55	5140000	24402	NA
127	Pulse	55	5150000	34402	NA
128	Pulse	55	5160000	3806	NA
128	Pulse	55	5170000	13806	NA
128	Pulse	55	5180000	23806	NA
128	Pulse	55	5190000	33806	NA
129	Pulse	55	5200000	3209	NA
129	Pulse	55	5210000	13209	NA
129	Pulse	55	5220000	23209	NA
129	Pulse	55	5230000	33209	NA
130	Pulse	55	5240000	2612	NA
130	Pulse	55	5250000	12612	NA
130	Pulse	55	5260000	22612	NA
130	Pulse	55	5270000	32612	NA
131	Pulse	55	5280000	2016	NA
131	Pulse	55	5290000	12016	NA
131	Pulse	55	5300000	22016	NA
131	Pulse	55	5310000	32016	NA
132	Pulse	55	5320000	1502	NA
132	Pulse	55	5330000	11502	NA
132	Pulse	55	5340000	21502	NA
132	Pulse	55	5350000	31502	NA
133	Pulse	55	5360000	906	NA
133	Pulse	55	5370000	10906	NA
133	Pulse	55	5380000	20906	NA
133	Pulse	55	5390000	30906	NA
134	Pulse	55	5400000	309	NA
134	Pulse	55	5410000	10309	NA
134	Pulse	55	5420000	20309	NA
134	Pulse	55	5430000	30309	NA
134	Pulse	55	5440000	40309	NA
135	Pulse	55	5450000	9796	NA
135	Pulse	55	5460000	19796	NA
135	Pulse	55	5470000	29796	NA
135	Pulse	55	5480000	39796	NA
136	Pulse	55	5490000	9199	NA
136	Pulse	55	5500000	19199	NA
136	Pulse	55	5510000	29199	NA
136	Pulse	55	5520000	39199	NA
137	Pulse	55	5530000	8602	NA
137	Pulse	55	5540000	18602	NA
137	Pulse	55	5550000	28602	NA
137	Pulse	55	5560000	38602	NA
138	Pulse	55	5570000	8089	NA
138	Pulse	55	5580000	18089	NA
138	Pulse	55	5590000	28089	NA
138	Pulse	55	5600000	38089	NA
139	Pulse	55	5610000	7492	NA
139	Pulse	55	5620000	17492	NA
139	Pulse	55	5630000	27492	NA
139	Pulse	55	5640000	37492	NA
140	Pulse	55	5650000	6896	NA
140	Pulse	55	5660000	16896	NA
140	Pulse	55	5670000	26896	NA
140	Pulse	55	5680000	36896	NA
141	Pulse	55	5690000	6382	NA
141	Pulse	55	5700000	16382	NA
141	Pulse	55	5710000	26382	NA
141	Pulse	55	5720000	36382	NA
142	Pulse	55	5730000	5786	NA
142	Pulse	55	5740000	15786	NA
142	Pulse	55	5750000	25786	NA
142	Pulse	55	5760000	35786	NA
143	Pulse	55	5770000	5189	NA
143	Pulse	55	5780000	15189	NA
143	Pulse	55	5790000	25189	NA
143	Pulse	55	5800000	35189	NA
144	Pulse	55	5810000	4676	NA
144	Pulse	55	5820000	14676	NA
144	Pulse	55	5830000	24676	NA
144	Pulse	55	5840000	34676	NA
145	Pulse	55	5850000	4162	NA
145	Pulse	55	5860000	14162	NA
145	Pulse	55	5870000	24162	NA
145	Pulse	55	5880000	34162	NA
146	Pulse	55	5890000	3566	NA
146	Pulse	55	5900000	13566	NA
146	Pulse	55	5910000	23566	NA
146	Pulse	55	5920000	33566	NA
147	Pulse	55	5930000	2969	NA
147	Pulse	55	5940000	12969	NA
147	Pulse	55	5950000	22969	NA
147	Pulse	55	5960000	32969	NA
148	Pulse	55	5970000	2372	NA
148	Pulse	55	5980000	12372	NA
148	Pulse	55	5990000	22372	NA
148	Pulse	55	6000000	32372	NA
149	Pulse	55	6010000	1776	NA
149	Pulse	55	6020000	11776	NA
149	Pulse	55	6030000	21776	NA
149	Pulse	55	6040000	31776	NA
150	Pulse	55	6050000	1179	NA
150	Pulse	55	6060000	11179	NA
150	Pulse	55	6070000	21179	NA
150	Pulse	55	6080000	31179	NA
151	Pulse	55	6090000	582	NA
151	Pulse	55	6100000	10582	NA
151	Pulse	55	6110000	20582	NA
151	Pulse	55	6120000	30582	NA
151	Pulse	55	6130000	40582	NA
152	Pulse	55	6140000	9986	NA
152	Pulse	55	6150000	19986	NA
152	Pulse	55	6160000	29986	NA
152	Pulse	55	6170000	39986	NA
153	Pulse	55	6180000	9472	NA
153	Pulse	55	6190000	19472	NA
153	Pulse	55	6200000	29472	NA
153	Pulse	55	6210000	39472	NA
154	Pulse	55	6220000	8959	NA
154	Pulse	55	6230000	18959	NA
154	Pulse	55	6240000	28959	NA
154	Pulse	55	6250000	38959	NA
155	Pulse	55	6260000	8529	NA
155	Pulse	55	6270000	18529	NA
155	Pulse	55	6280000	28529	NA
155	Pulse	55	6290000	38529	NA
156	Pulse	55	6300000	8016	NA
156	Pulse	55	6310000	18016	NA
156	Pulse	55	6320000	28016	NA
156	Pulse	55	6330000	38016	NA
157	Pulse	55	6340000	7502	NA
157	Pulse	55	6350000	17502	NA
157	Pulse	55	6360000	27502	NA
157	Pulse	55	6370000	37502	NA
158	Pulse	55	6380000	6989	NA
158	Pulse	55	6390000	16989	NA
158	Pulse	55	6400000	26989	NA
158	Pulse	55	6410000	36989	NA
159	Pulse	55	6420000	6392	NA
159	Pulse	55	6430000	16392	NA
159	Pulse	55	6440000	26392	NA
159	Pulse	55	6450000	36392	NA
160	Pulse	55	6460000	5796	NA
160	Pulse	55	6470000	15796	NA
160	Pulse	55	6480000	25796	NA
160	Pulse	55	6490000	35796	NA
161	Pulse	55	6500000	5199	NA
161	Pulse	55	6510000	15199	NA
161	Pulse	55	6520000	25199	NA
161	Pulse	55	6530000	35199	NA
162	Pulse	55	6540000	4686	NA
162	Pulse	55	6550000	14686	NA
162	Pulse	55	6560000	24686	NA
162	Pulse	55	6570000	34686	NA
163	Pulse	55	6580000	4089	NA
163	Pulse	55	6590000	14089	NA
163	Pulse	55	6600000	24089	NA
163	Pulse	55	6610000	34089	NA
164	Pulse	55	6620000	3492	NA
164	Pulse	55	6630000	13492	NA
164	Pulse	55	6640000	23492	NA
164	Pulse	55	6650000	33492	NA
165	Pulse	55	6660000	2896	NA
165	Pulse	55	6670000	12896	NA
165	Pulse	55	6680000	22896	NA
165	Pulse	55	6690000	32896	NA
166	Pulse	55	6700000	2299	NA
166	Pulse	55	6710000	12299	NA
166	Pulse	55	6720000	22299	NA
166	Pulse	55	6730000	32299	NA
167	Pulse	55	6740000	1702	NA
167	Pulse	55	6750000	11702	NA
167	Pulse	55	6760000	21702	NA
167	Pulse	55	6770000	31702	NA
168	Pulse	55	6780000	1106	NA
168	Pulse	55	6790000	11106	NA
168	Pulse	55	6800000	21106	NA
168	Pulse	55	6810000	31106	NA
169	Pulse	55	6820000	592	NA
169	Pulse	55	6830000	10592	NA
169	Pulse	55	6840000	20592	NA
169	Pulse	55	6850000	30592	NA
169	Pulse	55	6860000	40592	NA
170	Pulse	55	6870000	9996	NA
170	Pulse	55	6880000	19996	NA
170	Pulse	55	6890000	29996	NA
170	Pulse	55	6900000	39996	NA
171	Pulse	55	6910000	9482	NA
171	Pulse	55	6920000	19482	NA
171	Pulse	55	6930000	29482	NA
171	Pulse	55	6940000	39482	NA
172	Pulse	55	6950000	8969	NA
172	Pulse	55	6960000	18969	NA
172	Pulse	55	6970000	28969	NA
172	Pulse	55	6980000	38969	NA
173	Pulse	55	6990000	8372	NA
173	Pulse	55	7000000	18372	NA
173	Pulse	55	7010000	28372	NA
173	Pulse	55	7020000	38372	NA
174	Pulse	55	7030000	7942	NA
174	Pulse	55	7040000	17942	NA
174	Pulse	55	7050000	27942	NA
174	Pulse	55	7060000	37942	NA
175	Pulse	55	7070000	7429	NA
175	Pulse	55	7080000	17429	NA
175	Pulse	55	7090000	27429	NA
175	Pulse	55	7100000	37429	NA
176	Pulse	55	7110000	6832	NA
176	Pulse	55	7120000	16832	NA
176	Pulse	55	7130000	26832	NA
176	Pulse	55	7140000	36832	NA
177	Pulse	55	7150000	6319	NA
177	Pulse	55	7160000	16319	NA
177	Pulse	55	7170000	26319	NA
177	Pulse	55	7180000	36319	NA
178	Pulse	55	7190000	5806	NA
178	Pulse	55	7200000	15806	NA
178	Pulse	55	7210000	25806	NA
178	Pulse	55	7220000	35806	NA
179	Pulse	55	7230000	5292	NA
179	Pulse	55	7240000	15292	NA
179	Pulse	55	7250000	25292	NA
179	Pulse	55	7260000	35292	NA
180	Pulse	55	7270000	4696	NA
180	Pulse	55	7280000	14696	NA
180	Pulse	55	7290000	24696	NA
180	Pulse	55	7300000	34696	NA
181	Pulse	55	7310000	4099	NA
181	Pulse	55	7320000	14099	NA
181	Pulse	55	7330000	24099	NA
181	Pulse	55	7340000	34099	NA
182	Pulse	55	7350000	3502	NA
182	Pulse	55	7360000	13502	NA
182	Pulse	55	7370000	23502	NA
182	Pulse	55	7380000	33502	NA
183	Pulse	55	7390000	2906	NA
183	Pulse	55	7400000	12906	NA
183	Pulse	55	7410000	22906	NA
183	Pulse	55	7420000	32906	NA
184	Pulse	55	7430000	2309	NA
184	Pulse	55	7440000	12309	NA
184	Pulse	55	7450000	22309	NA
184	Pulse	55	7460000	32309	NA
185	Pulse	55	7470000	1796	NA
185	Pulse	55	7480000	11796	NA
185	Pulse	55	7490000	21796	NA
185	Pulse	55	7500000	31796	NA
186	Pulse	55	7510000	1199	NA
186	Pulse	55	7520000	11199	NA
186	Pulse	55	7530000	21199	NA
186	Pulse	55	7540000	31199	NA
187	Pulse	55	7550000	602	NA
187	Pulse	55	7560000	10602	NA
187	Pulse	55	7570000	20602	NA
187	Pulse	55	7580000	30602	NA
188	Pulse	55	7590000	6	NA
188	Pulse	55	7600000	10006	NA
188	Pulse	55	7610000	20006	NA
188	Pulse	55	7620000	30006	NA
188	Pulse	55	7630000	40006	NA
189	Pulse	55	7640000	9409	NA
189	Pulse	55	7650000	19409	NA
189	Pulse	55	7660000	29409	NA
189	Pulse	55	7670000	39409	NA
190	Pulse	55	7680000	8812	NA
190	Pulse	55	7690000	18812	NA
190	Pulse	55	7700000	28812	NA
190	Pulse	55	7710000	38812	NA
191	Pulse	55	7720000	8216	NA
191	Pulse	55	7730000	18216	NA
191	Pulse	55	7740000	28216	NA
191	Pulse	55	7750000	38216	NA
192	Pulse	55	7760000	7619	NA
192	Pulse	55	7770000	17619	NA
192	Pulse	55	7780000	27619	NA
192	Pulse	55	7790000	37619	NA
193	Pulse	55	7800000	7022	NA
193	Pulse	55	7810000	17022	NA
193	Pulse	55	7820000	27022	NA
193	Pulse	55	7830000	37022	NA
194	Pulse	55	7840000	6426	NA
194	Pulse	55	7850000	16426	NA
194	Pulse	55	7860000	26426	NA
194	Pulse	55	7870000	36426	NA
195	Pulse	55	7880000	5829	NA
195	Pulse	55	7890000	15829	NA
195	Pulse	55	7900000	25829	NA
195	Pulse	55	7910000	35829	NA
196	Pulse	55	7920000	5232	NA
196	Pulse	55	7930000	15232	NA
196	Pulse	55	7940000	25232	NA
196	Pulse	55	7950000	35232	NA
197	Pulse	55	7960000	4719	NA
197	Pulse	55	7970000	14719	NA
197	Pulse	55	7980000	24719	NA
197	Pulse	55	7990000	34719	NA
198	Pulse	55	8000000	4206	NA
198	Pulse	55	8010000	14206	NA
198	Pulse	55	8020000	24206	NA
198	Pulse	55	8030000	34206	NA
199	Pulse	55	8040000	3609	NA
199	Pulse	55	8050000	13609	NA
199	Pulse	55	8060000	23609	NA
199	Pulse	55	8070000	33609	NA
200	Pulse	55	8080000	3012	NA
200	Pulse	55	8090000	13012	NA
200	Pulse	55	8100000	23012	NA
200	Pulse	55	8110000	33012	NA
201	Pulse	55	8120000	2582	NA
201	Pulse	55	8130000	12582	NA
201	Pulse	55	8140000	22582	NA
201	Pulse	55	8150000	32582	NA
202	Pulse	55	8160000	2069	NA
202	Pulse	55	8170000	12069	NA
202	Pulse	55	8180000	22069	NA
202	Pulse	55	8190000	32069	NA
203	Pulse	55	8200000	1556	NA
203	Pulse	55	8210000	11556	NA
203	Pulse	55	8220000	21556	NA
203	Pulse	55	8230000	31556	NA
204	Pulse	55	8240000	959	NA
204	Pulse	55	8250000	10959	NA
204	Pulse	55	8260000	20959	NA
204	Pulse	55	8270000	30959	NA
205	Pulse	55	8280000	446	NA
205	Pulse	55	8290000	10446	NA
205	Pulse	55	8300000	20446	NA
205	Pulse	55	8310000	30446	NA
205	Pulse	55	8320000	40446	NA
206	Pulse	55	8330000	9849	NA
206	Pulse	55	8340000	19849	NA
206	Pulse	55	8350000	29849	NA
206	Pulse	55	8360000	39849	NA
207	Pulse	55	8370000	9336	NA
207	Pulse	55	8380000	19336	NA
207	Pulse	55	8390000	29336	NA
207	Pulse	55	8400000	39336	NA
208	Pulse	55	8410000	8822	NA
208	Pulse	55	8420000	18822	NA
208	Pulse	55	8430000	28822	NA
208	Pulse	55	8440000	38822	NA
209	Pulse	55	8450000	8309	NA
209	Pulse	55	8460000	18309	NA
209	Pulse	55	8470000	28309	NA
209	Pulse	55	8480000	38309	NA
210	Pulse	55	8490000	7796	NA
210	Pulse	55	8500000	17796	NA
210	Pulse	55	8510000	27796	NA
210	Pulse	55	8520000	37796	NA
211	Pulse	55	8530000	7366	NA
211	Pulse	55	8540000	17366	NA
211	Pulse	55	8550000	27366	NA
211	Pulse	55	8560000	37366	NA
212	Pulse	55	8570000	6853	NA
212	Pulse	55	8580000	16853	NA
212	Pulse	55	8590000	26853	NA
212	Pulse	55	8600000	36853	NA
213	Pulse	55	8610000	6339	NA
213	Pulse	55	8620000	16339	NA
213	Pulse	55	8630000	26339	NA
213	Pulse	55	8640000	36339	NA
214	Pulse	55	8650000	5743	NA
214	Pulse	55	8660000	15743	NA
214	Pulse	55	8670000	25743	NA
214	Pulse	55	8680000	35743	NA
215	Pulse	55	8690000	5146	NA
215	Pulse	55	8700000	15146	NA
215	Pulse	55	8710000	25146	NA
215	Pulse	55	8720000	35146	NA
216	Pulse	55	8730000	4549	NA
216	Pulse	55	8740000	14549	NA
216	Pulse	55	8750000	24549	NA
216	Pulse	55	8760000	34549	NA
217	Pulse	55	8770000	4203	NA
217	Pulse	55	8780000	14203	NA
217	Pulse	55	8790000	24203	NA
217	Pulse	55	8800000	34203	NA
218	Pulse	55	8810000	3606	NA
218	Pulse	55	8820000	13606	NA
218	Pulse	55	8830000	23606	NA
218	Pulse	55	8840000	33606	NA
219	Pulse	55	8850000	3093	NA
219	Pulse	55	8860000	13093	NA
219	Pulse	55	8870000	23093	NA
219	Pulse	55	8880000	33093	NA
220	Pulse	55	8890000	2496	NA
220	Pulse	55	8900000	12496	NA
220	Pulse	55	8910000	22496	NA
220	Pulse	55	8920000	32496	NA
221	Pulse	55	8930000	1899	NA
221	Pulse	55	8940000	11899	NA
221	Pulse	55	8950000	21899	NA
221	Pulse	55	8960000	31899	NA
222	Pulse	55	8970000	1469	NA
222	Pulse	55	8980000	11469	NA
222	Pulse	55	8990000	21469	NA
222	Pulse	55	9000000	31469	NA
223	Pulse	55	9010000	956	NA
223	Pulse	55	9020000	10956	NA
223	Pulse	55	9030000	20956	NA
223	Pulse	55	9040000	30956	NA
224	Pulse	55	9050000	359	NA
224	Pulse	55	9060000	10359	NA
224	Pulse	55	9070000	20359	NA
224	Pulse	55	9080000	30359	NA
224	Pulse	55	9090000	40359	NA
225	Pulse	55	9100000	9929	NA
225	Pulse	55	9110000	19929	NA
225	Pulse	55	9120000	29929	NA
225	Pulse	55	9130000	39929	NA
226	Pulse	55	9140000	9416	NA
226	Pulse	55	9150000	19416	NA
226	Pulse	55	9160000	29416	NA
226	Pulse	55	9170000	39416	NA
227	Pulse	55	9180000	8819	NA
227	Pulse	55	9190000	18819	NA
227	Pulse	55	9200000	28819	NA
227	Pulse	55	9210000	38819	NA
228	Pulse	55	9220000	8306	NA
228	Pulse	55	9230000	18306	NA
228	Pulse	55	9240000	28306	NA
228	Pulse	55	9250000	38306	NA
229	Pulse	55	9260000	7709	NA
229	Pulse	55	9270000	17709	NA
229	Pulse	55	9280000	27709	NA
229	Pulse	55	9290000	37709	NA
230	Pulse	55	9300000	7196	NA
230	Pulse	55	9310000	17196	NA
230	Pulse	55	9320000	27196	NA
230	Pulse	55	9330000	37196	NA
231	Pulse	55	9340000	6683	NA
231	Pulse	55	9350000	16683	NA
231	Pulse	55	9360000	26683	NA
231	Pulse	55	9370000	36683	NA
232	Pulse	55	9380000	6086	NA
232	Pulse	55	9390000	16086	NA
232	Pulse	55	9400000	26086	NA
232	Pulse	55	9410000	36086	NA
233	Pulse	55	9420000	5489	NA
233	Pulse	55	9430000	15489	NA
233	Pulse	55	9440000	25489	NA
233	Pulse	55	9450000	35489	NA
234	Pulse	55	9460000	4893	NA
234	Pulse	55	9470000	14893	NA
234	Pulse	55	9480000	24893	NA
234	Pulse	55	9490000	34893	NA
235	Pulse	55	9500000	4296	NA
235	Pulse	55	9510000	14296	NA
235	Pulse	55	9520000	24296	NA
235	Pulse	55	9530000	34296	NA
236	Pulse	55	9540000	3699	NA
236	Pulse	55	9550000	13699	NA
236	Pulse	55	9560000	23699	NA
236	Pulse	55	9570000	33699	NA
237	Pulse	55	9580000	3103	NA
237	Pulse	55	9590000	13103	NA
237	Pulse	55	9600000	23103	NA
237	Pulse	55	9610000	33103	NA
238	Pulse	55	9620000	2589	NA
238	Pulse	55	9630000	12589	NA
238	Pulse	55	9640000	22589	NA
238	Pulse	55	9650000	32589	NA
239	Pulse	55	9660000	2076	NA
239	Pulse	55	9670000	12076	NA
239	Pulse	55	9680000	22076	NA
239	Pulse	55	9690000	32076	NA
240	Pulse	55	9700000	1479	NA
240	Pulse	55	9710000	11479	NA
240	Pulse	55	9720000	21479	NA
240	Pulse	55	9730000	31479	NA
241	Pulse	55	9740000	966	NA
241	Pulse	55	9750000	10966	NA
241	Pulse	55	9760000	20966	NA
241	Pulse	55	9770000	30966	NA
242	Pulse	55	9780000	369	NA
242	Pulse	55	9790000	10369	NA
242	Pulse	55	9800000	20369	NA
242	Pulse	55	9810000	30369	NA
242	Pulse	55	9820000	40369	NA
243	Pulse	55	9830000	9773	NA
243	Pulse	55	9840000	19773	NA
243	Pulse	55	9850000	29773	NA
243	Pulse	55	9860000	39773	NA
244	Pulse	55	9870000	9176	NA
244	Pulse	55	9880000	19176	NA
244	Pulse	55	9890000	29176	NA
244	Pulse	55	9900000	39176	NA
245	Pulse	55	9910000	8663	NA
245	Pulse	55	9920000	18663	NA
245	Pulse	55	9930000	28663	NA
245	Pulse	55	9940000	38663	NA
246	Pulse	55	9950000	8066	NA
246	Pulse	55	9960000	18066	NA
246	Pulse	55	9970000	28066	NA
246	Pulse	55	9980000	38066	NA
247	Pulse	55	9990000	7469	NA
247	Pulse	55	10000000	17469	NA
247	Pulse	55	10010000	27469	NA
247	Pulse	55	10020000	37469	NA
248	Pulse	55	10030000	6873	NA
248	Pulse	55	10040000	16873	NA
248	Pulse	55	10050000	26873	NA
248	Pulse	55	10060000	36873	NA
249	Pulse	55	10070000	6276	NA
249	Pulse	55	10080000	16276	NA
249	Pulse	55	10090000	26276	NA
249	Pulse	55	10100000	36276	NA
250	Pulse	55	10110000	5679	NA
250	Pulse	55	10120000	15679	NA
250	Pulse	55	10130000	25679	NA
250	Pulse	55	10140000	35679	NA
251	Pulse	55	10150000	5083	NA
251	Pulse	55	10160000	15083	NA
251	Pulse	55	10170000	25083	NA
251	Pulse	55	10180000	35083	NA
252	Pulse	55	10190000	4486	NA
252	Pulse	55	10200000	14486	NA
252	Pulse	55	10210000	24486	NA
252	Pulse	55	10220000	34486	NA
253	Pulse	55	10230000	3889	NA
253	Pulse	55	10240000	13889	NA
253	Pulse	55	10250000	23889	NA
253	Pulse	55	10260000	33889	NA
254	Pulse	55	10270000	3293	NA
254	Pulse	55	10280000	13293	NA
254	Pulse	55	10290000	23293	NA
254	Pulse	55	10300000	33293	NA
255	Pulse	55	10310000	2863	NA
255	Pulse	55	10320000	12863	NA
255	Pulse	55	10330000	22863	NA
255	Pulse	55	10340000	32863	NA
256	Pulse	55	10350000	2349	NA
256	Pulse	55	10360000	12349	NA
256	Pulse	55	10370000	22349	NA
256	Pulse	55	10380000	32349	NA
257	Pulse	55	10390000	1836	NA
257	Pulse	55	10400000	11836	NA
257	Pulse	55	10410000	21836	NA
257	Pulse	55	10420000	31836	NA
258	Pulse	55	10430000	1239	NA
258	Pulse	55	10440000	11239	NA
258	Pulse	55	10450000	21239	NA
258	Pulse	55	10460000	31239	NA
259	Pulse	55	10470000	643	NA
259	Pulse	55	10480000	10643	NA
259	Pulse	55	10490000	20643	NA
259	Pulse	55	10500000	30643	NA
260	Pulse	55	10510000	46	NA
260	Pulse	55	10520000	10046	NA
260	Pulse	55	10530000	20046	NA
260	Pulse	55	10540000	30046	NA
260	Pulse	55	10550000	40046	NA
261	Pulse	55	10560000	9449	NA
261	Pulse	55	10570000	19449	NA
261	Pulse	55	10580000	29449	NA
261	Pulse	55	10590000	39449	NA
262	Pulse	55	10600000	8853	NA
262	Pulse	55	10610000	18853	NA
262	Pulse	55	10620000	28853	NA
262	Pulse	55	10630000	38853	NA
263	Pulse	55	10640000	8339	NA
263	Pulse	55	10650000	18339	NA
263	Pulse	55	10660000	28339	NA
263	Pulse	55	10670000	38339	NA
264	Pulse	55	10680000	7743	NA
264	Pulse	55	10690000	17743	NA
264	Pulse	55	10700000	27743	NA
264	Pulse	55	10710000	37743	NA
265	Pulse	55	10720000	7146	NA
265	Pulse	55	10730000	17146	NA
265	Pulse	55	10740000	27146	NA
265	Pulse	55	10750000	37146	NA
266	Pulse	55	10760000	6549	NA
266	Pulse	55	10770000	16549	NA
266	Pulse	55	10780000	26549	NA
266	Pulse	55	10790000	36549	NA
267	Pulse	55	10800000	5953	NA
267	Pulse	55	10810000	15953	NA
267	Pulse	55	10820000	25953	NA
267	Pulse	55	10830000	35953	NA
268	Pulse	55	10840000	5356	NA
268	Pulse	55	10850000	15356	NA
268	Pulse	55	10860000	25356	NA
268	Pulse	55	10870000	35356	NA
269	Pulse	55	10880000	4759	NA
269	Pulse	55	10890000	14759	NA
269	Pulse	55	10900000	24759	NA
269	Pulse	55	10910000	34759	NA
270	Pulse	55	10920000	4163	NA
270	Pulse	55	10930000	14163	NA
270	Pulse	55	10940000	24163	NA
270	Pulse	55	10950000	34163	NA
271	Pulse	55	10960000	3566	NA
271	Pulse	55	10970000	13566	NA
271	Pulse	55	10980000	23566	NA
271	Pulse	55	10990000	33566	NA
272	Pulse	55	11000000	3053	NA
272	Pulse	55	11010000	13053	NA
272	Pulse	55	11020000	23053	NA
272	Pulse	55	11030000	33053	NA
273	Pulse	55	11040000	2456	NA
273	Pulse	55	11050000	12456	NA
273	Pulse	55	11060000	22456	NA
273	Pulse	55	11070000	32456	NA
274	Pulse	55	11080000	1859	NA
274	Pulse	55	11090000	11859	NA
274	Pulse	55	11100000	21859	NA
274	Pulse	55	11110000	31859	NA
275	Pulse	55	11120000	1263	NA
275	Pulse	55	11130000	11263	NA
275	Pulse	55	11140000	21263	NA
275	Pulse	55	11150000	31263	NA
276	Pulse	55	11160000	666	NA
276	Pulse	55	11170000	10666	NA
276	Pulse	55	11180000	20666	NA
276	Pulse	55	11190000	30666	NA
277	Pulse	55	11200000	69	NA
277	Pulse	55	11210000	10069	NA
277	Pulse	55	11220000	20069	NA
277	Pulse	55	11230000	30069	NA
277	Pulse	55	11240000	40069	NA
278	Pulse	55	11250000	9473	NA
278	Pulse	55	11260000	19473	NA
278	Pulse	55	11270000	29473	NA
278	Pulse	55	11280000	39473	NA
279	Pulse	55	11290000	8876	NA
279	Pulse	55	11300000	18876	NA
279	Pulse	55	11310000	28876	NA
279	Pulse	55	11320000	38876	NA
280	Pulse	55	11330000	8279	NA
280	Pulse	55	11340000	18279	NA
280	Pulse	55	11350000	28279	NA
280	Pulse	55	11360000	38279	NA
281	Pulse	55	11370000	7683	NA
281	Pulse	55	11380000	17683	NA
281	Pulse	55	11390000	27683	NA
281	Pulse	55	11400000	37683	NA
282	Pulse	55	11410000	7086	NA
282	Pulse	55	11420000	17086	NA
282	Pulse	55	11430000	27086	NA
282	Pulse	55	11440000	37086	NA
283	Pulse	55	11450000	6406	NA
283	Pulse	55	11460000	16406	NA
283	Pulse	55	11470000	26406	NA
283	Pulse	55	11480000	36406	NA
284	Pulse	55	11490000	5809	NA
284	Pulse	55	11500000	15809	NA
284	Pulse	55	11510000	25809	NA
284	Pulse	55	11520000	35809	NA
285	Pulse	55	11530000	5212	NA
285	Pulse	55	11540000	15212	NA
285	Pulse	55	11550000	25212	NA
285	Pulse	55	11560000	35212	NA
286	Pulse	55	11570000	4616	NA
286	Pulse	55	11580000	14616	NA
286	Pulse	55	11590000	24616	NA
286	Pulse	55	11600000	34616	NA
287	Pulse	55	11610000	3936	NA
287	Pulse	55	11620000	13936	NA
287	Pulse	55	11630000	23936	NA
287	Pulse	55	11640000	33936	NA
288	Pulse	55	11650000	3339	NA
288	Pulse	55	11660000	13339	NA
288	Pulse	55	11670000	23339	NA
288	Pulse	55	11680000	33339	NA
289	Pulse	55	11690000	2742	NA
289	Pulse	55	11700000	12742	NA
289	Pulse	55	11710000	22742	NA
289	Pulse	55	11720000	32742	NA
290	Pulse	55	11730000	2146	NA
290	Pulse	55	11740000	12146	NA
290	Pulse	55	11750000	22146	NA
290	Pulse	55	11760000	32146	NA
291	Pulse	55	11770000	1466	NA
291	Pulse	55	11780000	11466	NA
291	Pulse	55	11790000	21466	NA
291	Pulse	55	11800000	31466	NA
292	Pulse	55	11810000	869	NA
292	Pulse	55	11820000	10869	NA
292	Pulse	55	11830000	20869	NA
292	Pulse	55	11840000	30869	NA
293	Pulse	55	11850000	272	NA
293	Pulse	55	11860000	10272	NA
293	Pulse	55	11870000	20272	NA
293	Pulse	55	11880000	30272	NA
293	Pulse	55	11890000	40272	NA
294	Pulse	55	11900000	9592	NA
294	Pulse	55	11910000	19592	NA
294	Pulse	55	11920000	29592	NA
294	Pulse	55	11930000	39592	NA
295	Pulse	55	11940000	8996	NA
295	Pulse	55	11950000	18996	NA
295	Pulse	55	11960000	28996	NA
295	Pulse	55	11970000	38996	NA
296	Pulse	55	11980000	8399	NA
296	Pulse	55	11990000	18399	NA
296	Pulse	55	12000000	28399	NA
296	Pulse	55	12010000	38399	NA
297	Pulse	55	12020000	7802	NA
297	Pulse	55	12030000	17802	NA
297	Pulse	55	12040000	27802	NA
297	Pulse	55	12050000	37802	NA
298	Pulse	55	12060000	7122	NA
298	Pulse	55	12070000	17122	NA
298	Pulse	55	12080000	27122	NA
298	Pulse	55	12090000	37122	NA
299	Pulse	55	12100000	6526	NA
299	Pulse	55	12110000	16526	NA
299	Pulse	55	12120000	26526	NA
299	Pulse	55	12130000	36526	NA
300	Pulse	55	12140000	5929	NA
300	Pulse	55	12150000	15929	NA
300	Pulse	55	12160000	25929	NA
300	Pulse	55	12170000	35929	NA
301	Pulse	55	12180000	5249	NA
301	Pulse	55	12190000	15249	NA
301	Pulse	55	12200000	25249	NA
301	Pulse	55	12210000	35249	NA
302	Pulse	55	12220000	4652	NA
302	Pulse	55	12230000	14652	NA
302	Pulse	55	12240000	24652	NA
302	Pulse	55	12250000	34652	NA
303	Pulse	55	12260000	4056	NA
303	Pulse	55	12270000	14056	NA
303	Pulse	55	12280000	24056	NA
303	Pulse	55	12290000	34056	NA
304	Pulse	55	12300000	3459	NA
304	Pulse	55	12310000	13459	NA
304	Pulse	55	12320000	23459	NA
304	Pulse	55	12330000	33459	NA
305	Pulse	55	12340000	2862	NA
305	Pulse	55	12350000	12862	NA
305	Pulse	55	12360000	22862	NA
305	Pulse	55	12370000	32862	NA
306	Pulse	55	12380000	2265	NA
306	Pulse	55	12390000	12265	NA
306	Pulse	55	12400000	22265	NA
306	Pulse	55	12410000	32265	NA
307	Pulse	55	12420000	1669	NA
307	Pulse	55	12430000	11669	NA
307	Pulse	55	12440000	21669	NA
307	Pulse	55	12450000	31669	NA
308	Pulse	55	12460000	989	NA
308	Pulse	55	12470000	10989	NA
308	Pulse	55	12480000	20989	NA
308	Pulse	55	12490000	30989	NA
309	Pulse	55	12500000	309	NA
309	Pulse	55	12510000	10309	NA
309	Pulse	55	12520000	20309	NA
309	Pulse	55	12530000	30309	NA
309	Pulse	55	12540000	40309	NA
310	Pulse	55	12550000	9629	NA
310	Pulse	55	12560000	19629	NA
310	Pulse	55	12570000	29629	NA
310	Pulse	55	12580000	39629	NA
311	Pulse	55	12590000	9032	NA
311	Pulse	55	12600000	19032	NA
311	Pulse	55	12610000	29032	NA
311	Pulse	55	12620000	39032	NA
312	Pulse	55	12630000	8352	NA
312	Pulse	55	12640000	18352	NA
312	Pulse	55	12650000	28352	NA
312	Pulse	55	12660000	38352	NA
313	Pulse	55	12670000	7755	NA
313	Pulse	55	12680000	17755	NA
313	Pulse	55	12690000	27755	NA
313	Pulse	55	12700000	37755	NA
314	Pulse	55	12710000	7159	NA
314	Pulse	55	12720000	17159	NA
314	Pulse	55	12730000	27159	NA
314	Pulse	55	12740000	37159	NA
315	Pulse	55	12750000	6562	NA
315	Pulse	55	12760000	16562	NA
315	Pulse	55	12770000	26562	NA
315	Pulse	55	12780000	36562	NA
316	Pulse	55	12790000	5965	NA
316	Pulse	55	12800000	15965	NA
316	Pulse	55	12810000	25965	NA
316	Pulse	55	12820000	35965	NA
317	Pulse	55	12830000	5369	NA
317	Pulse	55	12840000	15369	NA
317	Pulse	55	12850000	25369	NA
317	Pulse	55	12860000	35369	NA
318	Pulse	55	12870000	4689	NA
318	Pulse	55	12880000	14689	NA
318	Pulse	55	12890000	24689	NA
318	Pulse	55	12900000	34689	NA
319	Pulse	55	12910000	4092	NA
319	Pulse	55	12920000	14092	NA
319	Pulse	55	12930000	24092	NA
319	Pulse	55	12940000	34092	NA
320	Pulse	55	12950000	3495	NA
320	Pulse	55	12960000	13495	NA
320	Pulse	55	12970000	23495	NA
320	Pulse	55	12980000	33495	NA
321	Pulse	55	12990000	2899	NA
321	Pulse	55	13000000	12899	NA
321	Pulse	55	13010000	22899	NA
321	Pulse	55	13020000	32899	NA
322	Pulse	55	13030000	2302	NA
322	Pulse	55	13040000	12302	NA
322	Pulse	55	13050000	22302	NA
322	Pulse	55	13060000	32302	NA
323	Pulse	55	13070000	1705	NA
323	Pulse	55	13080000	11705	NA
323	Pulse	55	13090000	21705	NA
323	Pulse	55	13100000	31705	NA
324	Pulse	55	13110000	1109	NA
324	Pulse	55	13120000	11109	NA
324	Pulse	55	13130000	21109	NA
324	Pulse	55	13140000	31109	NA
325	Pulse	55	13150000	512	NA
325	Pulse	55	13160000	10512	NA
325	Pulse	55	13170000	20512	NA
325	Pulse	55	13180000	30512	NA
325	Pulse	55	13190000	40512	NA
326	Pulse	55	13200000	9915	NA
326	Pulse	55	13210000	19915	NA
326	Pulse	55	13220000	29915	NA
326	Pulse	55	13230000	39915	NA
327	Pulse	55	13240000	9235	NA
327	Pulse	55	13250000	19235	NA
327	Pulse	55	13260000	29235	NA
327	Pulse	55	13270000	39235	NA
328	Pulse	55	13280000	8638	NA
328	Response	1	13289234	17872	1
328	Pulse	55	13290000	18638	NA
328	Pulse	55	13300000	28638	NA
328	Pulse	55	13310000	38638	NA
329	Pulse	55	13320000	8542	NA
329	Pulse	55	13330000	18542	NA
330	Pulse	55	13340000	8452	NA
330	Pulse	55	13350000	18452	NA
330	Pulse	55	13360000	28452	NA
330	Pulse	55	13370000	38452	NA
330	Pulse	55	13380000	48452	NA
330	Pulse	55	13390000	58452	NA
330	Pulse	55	13400000	68452	NA
330	Pulse	55	13410000	78452	NA
330	Pulse	55	13420000	88452	NA
330	Pulse	55	13430000	98452	NA
330	Pulse	55	13440000	108452	NA
330	Pulse	55	13450000	118452	NA
330	Pulse	55	13460000	128452	NA
330	Pulse	55	13470000	138452	NA
330	Pulse	55	13480000	148452	NA
330	Response	1	13489152	157604	1
330	Pulse	55	13490000	158452	NA
330	Pulse	55	13500000	168452	NA
331	Pulse	55	13510000	9897	NA
331	Pulse	55	13520000	19897	NA
331	Pulse	55	13530000	29897	NA
331	Pulse	55	13540000	39897	NA
331	Pulse	55	13550000	49897	NA
331	Pulse	55	13560000	59897	NA
331	Pulse	55	13570000	69897	NA
331	Pulse	55	13580000	79897	NA
331	Pulse	55	13590000	89897	NA
331	Pulse	55	13600000	99897	NA
331	Pulse	55	13610000	109897	NA
331	Pulse	55	13620000	119897	NA
331	Pulse	55	13630000	129897	NA
331	Pulse	55	13640000	139897	NA
331	Pulse	55	13650000	149897	NA
331	Pulse	55	13660000	159897	NA
331	Pulse	55	13670000	169897	NA
331	Pulse	55	13680000	179897	NA
331	Pulse	55	13690000	189897	NA
331	Pulse	55	13700000	199897	NA
331	Pulse	55	13710000	209897	NA
331	Pulse	55	13720000	219897	NA
331	Pulse	55	13730000	229897	NA
331	Pulse	55	13740000	239897	NA
331	Pulse	55	13750000	249897	NA
331	Pulse	55	13760000	259897	NA
331	Pulse	55	13770000	269897	NA
331	Pulse	55	13780000	279897	NA
331	Pulse	55	13790000	289897	NA
331	Pulse	55	13800000	299897	NA
331	Pulse	55	13810000	309897	NA
331	Pulse	55	13820000	319897	NA
331	Pulse	55	13830000	329897	NA
331	Pulse	55	13840000	339897	NA
331	Pulse	55	13850000	349897	NA
331	Pulse	55	13860000	359897	NA
331	Pulse	55	13870000	369897	NA
331	Pulse	55	13880000	379897	NA
331	Pulse	55	13890000	389897	NA
331	Pulse	55	13900000	399897	NA
331	Pulse	55	13910000	409897	NA
331	Pulse	55	13920000	419897	NA
331	Pulse	55	13930000	429897	NA
331	Pulse	55	13940000	439897	NA
331	Pulse	55	13950000	449897	NA
331	Pulse	55	13960000	459897	NA
331	Pulse	55	13970000	469897	NA
331	Pulse	55	13980000	479897	NA
331	Pulse	55	13990000	489897	NA
331	Pulse	55	14000000	499897	NA
331	Pulse	55	14010000	509897	NA
331	Pulse	55	14020000	519897	NA
331	Pulse	55	14030000	529897	NA
331	Pulse	55	14040000	539897	NA
331	Pulse	55	14050000	549897	NA
331	Pulse	55	14060000	559897	NA
331	Pulse	55	14070000	569897	NA
331	Pulse	55	14080000	579897	NA
331	Pulse	55	14090000	589897	NA
331	Pulse	55	14100000	599897	NA
331	Pulse	55	14110000	609897	NA
331	Pulse	55	14120000	619897	NA
331	Pulse	55	14130000	629897	NA
331	Pulse	55	14140000	639897	NA
331	Pulse	55	14150000	649897	NA
331	Pulse	55	14160000	659897	NA
331	Pulse	55	14170000	669897	NA
331	Pulse	55	14180000	679897	NA
331	Pulse	55	14190000	689897	NA
331	Pulse	55	14200000	699897	NA
331	Pulse	55	14210000	709897	NA
331	Pulse	55	14220000	719897	NA
331	Pulse	55	14230000	729897	NA
331	Pulse	55	14240000	739897	NA
331	Pulse	55	14250000	749897	NA
331	Pulse	55	14260000	759897	NA
331	Pulse	55	14270000	769897	NA
331	Pulse	55	14280000	779897	NA
331	Pulse	55	14290000	789897	NA
331	Pulse	55	14300000	799897	NA
331	Pulse	55	14310000	809897	NA
331	Pulse	55	14320000	819897	NA
331	Pulse	55	14330000	829897	NA
331	Pulse	55	14340000	839897	NA
331	Pulse	55	14350000	849897	NA
331	Pulse	55	14360000	859897	NA
331	Pulse	55	14370000	869897	NA
331	Pulse	55	14380000	879897	NA
331	Pulse	55	14390000	889897	NA
331	Pulse	55	14400000	899897	NA
331	Pulse	55	14410000	909897	NA
331	Pulse	55	14420000	919897	NA
331	Pulse	55	14430000	929897	NA
331	Pulse	55	14440000	939897	NA
331	Pulse	55	14450000	949897	NA
331	Pulse	55	14460000	959897	NA
331	Pulse	55	14470000	969897	NA
331	Pulse	55	14480000	979897	NA
331	Pulse	55	14490000	989897	NA
331	Pulse	55	14500000	999897	NA
331	Pulse	55	14510000	1009897	NA
331	Pulse	55	14520000	1019897	NA
331	Pulse	55	14530000	1029897	NA
331	Pulse	55	14540000	1039897	NA
331	Pulse	55	14550000	1049897	NA
331	Pulse	55	14560000	1059897	NA
331	Pulse	55	14570000	1069897	NA
331	Pulse	55	14580000	1079897	NA
331	Pulse	55	14590000	1089897	NA
331	Pulse	55	14600000	1099897	NA
331	Pulse	55	14610000	1109897	NA
331	Pulse	55	14620000	1119897	NA
331	Pulse	55	14630000	1129897	NA
331	Pulse	55	14640000	1139897	NA
331	Pulse	55	14650000	1149897	NA
331	Pulse	55	14660000	1159897	NA
331	Pulse	55	14670000	1169897	NA
331	Pulse	55	14680000	1179897	NA
331	Pulse	55	14690000	1189897	NA
331	Pulse	55	14700000	1199897	NA
331	Pulse	55	14710000	1209897	NA
331	Pulse	55	14720000	1219897	NA
331	Pulse	55	14730000	1229897	NA
331	Pulse	55	14740000	1239897	NA
331	Pulse	55	14750000	1249897	NA
331	Pulse	55	14760000	1259897	NA
331	Pulse	55	14770000	1269897	NA
331	Pulse	55	14780000	1279897	NA
331	Pulse	55	14790000	1289897	NA
331	Pulse	55	14800000	1299897	NA
331	Pulse	55	14810000	1309897	NA
331	Pulse	55	14820000	1319897	NA
331	Pulse	55	14830000	1329897	NA
331	Pulse	55	14840000	1339897	NA
331	Pulse	55	14850000	1349897	NA
331	Pulse	55	14860000	1359897	NA
331	Pulse	55	14870000	1369897	NA
331	Pulse	55	14880000	1379897	NA
331	Pulse	55	14890000	1389897	NA
331	Pulse	55	14900000	1399897	NA
331	Pulse	55	14910000	1409897	NA
331	Pulse	55	14920000	1419897	NA
331	Pulse	55	14930000	1429897	NA
331	Pulse	55	14940000	1439897	NA
331	Pulse	55	14950000	1449897	NA
331	Pulse	55	14960000	1459897	NA
331	Pulse	55	14970000	1469897	NA
331	Pulse	55	14980000	1479897	NA
331	Pulse	55	14990000	1489897	NA
331	Pulse	55	15000000	1499897	NA
331	Pulse	55	15010000	1509897	NA
331	Pulse	55	15020000	1519897	NA
331	Pulse	55	15030000	1529897	NA
331	Pulse	55	15040000	1539897	NA
331	Pulse	55	15050000	1549897	NA
331	Pulse	55	15060000	1559897	NA
331	Pulse	55	15070000	1569897	NA
331	Pulse	55	15080000	1579897	NA
331	Pulse	55	15090000	1589897	NA
331	Pulse	55	15100000	1599897	NA
331	Pulse	55	15110000	1609897	NA
331	Pulse	55	15120000	1619897	NA
331	Pulse	55	15130000	1629897	NA
331	Pulse	55	15140000	1639897	NA
331	Pulse	55	15150000	1649897	NA
331	Pulse	55	15160000	1659897	NA
331	Pulse	55	15170000	1669897	NA
331	Pulse	55	15180000	1679897	NA
331	Pulse	55	15190000	1689897	NA
331	Pulse	55	15200000	1699897	NA
331	Pulse	55	15210000	1709897	NA
331	Pulse	55	15220000	1719897	NA
331	Pulse	55	15230000	1729897	NA
331	Pulse	55	15240000	1739897	NA
331	Pulse	55	15250000	1749897	NA
331	Pulse	55	15260000	1759897	NA
331	Pulse	55	15270000	1769897	NA
331	Pulse	55	15280000	1779897	NA
331	Pulse	55	15290000	1789897	NA
331	Pulse	55	15300000	1799897	NA
331	Pulse	55	15310000	1809897	NA
331	Pulse	55	15320000	1819897	NA
331	Pulse	55	15330000	1829897	NA
331	Pulse	55	15340000	1839897	NA
331	Pulse	55	15350000	1849897	NA
331	Pulse	55	15360000	1859897	NA
331	Pulse	55	15370000	1869897	NA
331	Pulse	55	15380000	1879897	NA
331	Pulse	55	15390000	1889897	NA
331	Pulse	55	15400000	1899897	NA
331	Pulse	55	15410000	1909897	NA
331	Pulse	55	15420000	1919897	NA
331	Pulse	55	15430000	1929897	NA
331	Pulse	55	15440000	1939897	NA
331	Pulse	55	15450000	1949897	NA
331	Pulse	55	15460000	1959897	NA
331	Pulse	55	15470000	1969897	NA
331	Pulse	55	15480000	1979897	NA
331	Pulse	55	15490000	1989897	NA
331	Pulse	55	15500000	1999897	NA
331	Pulse	55	15510000	2009897	NA
331	Pulse	55	15520000	2019897	NA
331	Pulse	55	15530000	2029897	NA
331	Pulse	55	15540000	2039897	NA
331	Pulse	55	15550000	2049897	NA
331	Pulse	55	15560000	2059897	NA
331	Pulse	55	15570000	2069897	NA
331	Pulse	55	15580000	2079897	NA
331	Pulse	55	15590000	2089897	NA
331	Pulse	55	15600000	2099897	NA
331	Pulse	55	15610000	2109897	NA
331	Pulse	55	15620000	2119897	NA
331	Pulse	55	15630000	2129897	NA
331	Pulse	55	15640000	2139897	NA
331	Pulse	55	15650000	2149897	NA
331	Pulse	55	15660000	2159897	NA
331	Pulse	55	15670000	2169897	NA
331	Pulse	55	15680000	2179897	NA
331	Pulse	55	15690000	2189897	NA
331	Pulse	55	15700000	2199897	NA
331	Pulse	55	15710000	2209897	NA
331	Pulse	55	15720000	2219897	NA
331	Pulse	55	15730000	2229897	NA
331	Pulse	55	15740000	2239897	NA
331	Pulse	55	15750000	2249897	NA
331	Pulse	55	15760000	2259897	NA
331	Pulse	55	15770000	2269897	NA
331	Pulse	55	15780000	2279897	NA
331	Pulse	55	15790000	2289897	NA
331	Pulse	55	15800000	2299897	NA
331	Pulse	55	15810000	2309897	NA
331	Pulse	55	15820000	2319897	NA
331	Pulse	55	15830000	2329897	NA
331	Pulse	55	15840000	2339897	NA
331	Pulse	55	15850000	2349897	NA
331	Pulse	55	15860000	2359897	NA
331	Pulse	55	15870000	2369897	NA
331	Pulse	55	15880000	2379897	NA
331	Pulse	55	15890000	2389897	NA
331	Pulse	55	15900000	2399897	NA
331	Pulse	55	15910000	2409897	NA
331	Pulse	55	15920000	2419897	NA
331	Pulse	55	15930000	2429897	NA
331	Pulse	55	15940000	2439897	NA
331	Pulse	55	15950000	2449897	NA
331	Pulse	55	15960000	2459897	NA
331	Pulse	55	15970000	2469897	NA
331	Pulse	55	15980000	2479897	NA
331	Pulse	55	15990000	2489897	NA
331	Pulse	55	16000000	2499897	NA
331	Pulse	55	16010000	2509897	NA
331	Pulse	55	16020000	2519897	NA
331	Pulse	55	16030000	2529897	NA
331	Pulse	55	16040000	2539897	NA
331	Pulse	55	16050000	2549897	NA
331	Pulse	55	16060000	2559897	NA
331	Pulse	55	16070000	2569897	NA
331	Pulse	55	16080000	2579897	NA
331	Pulse	55	16090000	2589897	NA
331	Pulse	55	16100000	2599897	NA
331	Pulse	55	16110000	2609897	NA
331	Pulse	55	16120000	2619897	NA
331	Pulse	55	16130000	2629897	NA
331	Pulse	55	16140000	2639897	NA
331	Pulse	55	16150000	2649897	NA
331	Pulse	55	16160000	2659897	NA
331	Pulse	55	16170000	2669897	NA
331	Pulse	55	16180000	2679897	NA
331	Pulse	55	16190000	2689897	NA
331	Pulse	55	16200000	2699897	NA
331	Pulse	55	16210000	2709897	NA
331	Pulse	55	16220000	2719897	NA
331	Pulse	55	16230000	2729897	NA
331	Pulse	55	16240000	2739897	NA
331	Pulse	55	16250000	2749897	NA
331	Pulse	55	16260000	2759897	NA
331	Pulse	55	16270000	2769897	NA
331	Pulse	55	16280000	2779897	NA
331	Pulse	55	16290000	2789897	NA
331	Pulse	55	16300000	2799897	NA
331	Pulse	55	16310000	2809897	NA
331	Pulse	55	16320000	2819897	NA
331	Pulse	55	16330000	2829897	NA
331	Pulse	55	16340000	2839897	NA
331	Pulse	55	16350000	2849897	NA
331	Pulse	55	16360000	2859897	NA
331	Pulse	55	16370000	2869897	NA
331	Pulse	55	16380000	2879897	NA
331	Pulse	55	16390000	2889897	NA
331	Pulse	55	16400000	2899897	NA
331	Pulse	55	16410000	2909897	NA
331	Pulse	55	16420000	2919897	NA
331	Pulse	55	16430000	2929897	NA
331	Pulse	55	16440000	2939897	NA
331	Pulse	55	16450000	2949897	NA
331	Pulse	55	16460000	2959897	NA
331	Pulse	55	16470000	2969897	NA
331	Pulse	55	16480000	2979897	NA
331	Pulse	55	16490000	2989897	NA
331	Pulse	55	16500000	2999897	NA
331	Pulse	55	16510000	3009897	NA
331	Pulse	55	16520000	3019897	NA
331	Pulse	55	16530000	3029897	NA
331	Pulse	55	16540000	3039897	NA
331	Pulse	55	16550000	3049897	NA
331	Pulse	55	16560000	3059897	NA
331	Pulse	55	16570000	3069897	NA
331	Pulse	55	16580000	3079897	NA
331	Pulse	55	16590000	3089897	NA
331	Pulse	55	16600000	3099897	NA
331	Pulse	55	16610000	3109897	NA
331	Pulse	55	16620000	3119897	NA
331	Pulse	55	16630000	3129897	NA
331	Pulse	55	16640000	3139897	NA
331	Pulse	55	16650000	3149897	NA
331	Pulse	55	16660000	3159897	NA
331	Pulse	55	16670000	3169897	NA
331	Pulse	55	16680000	3179897	NA
331	Pulse	55	16690000	3189897	NA
331	Pulse	55	16700000	3199897	NA
331	Pulse	55	16710000	3209897	NA
331	Pulse	55	16720000	3219897	NA
331	Pulse	55	16730000	3229897	NA
331	Pulse	55	16740000	3239897	NA
331	Pulse	55	16750000	3249897	NA
331	Pulse	55	16760000	3259897	NA
331	Pulse	55	16770000	3269897	NA
331	Pulse	55	16780000	3279897	NA
331	Pulse	55	16790000	3289897	NA
331	Pulse	55	16800000	3299897	NA
331	Pulse	55	16810000	3309897	NA
331	Pulse	55	16820000	3319897	NA
331	Pulse	55	16830000	3329897	NA
331	Pulse	55	16840000	3339897	NA
331	Pulse	55	16850000	3349897	NA
331	Pulse	55	16860000	3359897	NA
331	Pulse	55	16870000	3369897	NA
331	Pulse	55	16880000	3379897	NA
331	Pulse	55	16890000	3389897	NA
331	Pulse	55	16900000	3399897	NA
331	Pulse	55	16910000	3409897	NA
331	Pulse	55	16920000	3419897	NA
331	Pulse	55	16930000	3429897	NA
331	Pulse	55	16940000	3439897	NA
331	Pulse	55	16950000	3449897	NA
331	Pulse	55	16960000	3459897	NA
331	Pulse	55	16970000	3469897	NA
331	Pulse	55	16980000	3479897	NA
331	Pulse	55	16990000	3489897	NA
331	Pulse	55	17000000	3499897	NA
331	Pulse	55	17010000	3509897	NA
331	Pulse	55	17020000	3519897	NA
331	Pulse	55	17030000	3529897	NA
331	Pulse	55	17040000	3539897	NA
331	Pulse	55	17050000	3549897	NA
331	Pulse	55	17060000	3559897	NA
331	Pulse	55	17070000	3569897	NA
331	Pulse	55	17080000	3579897	NA
331	Pulse	55	17090000	3589897	NA
331	Pulse	55	17100000	3599897	NA
331	Pulse	55	17110000	3609897	NA
331	Pulse	55	17120000	3619897	NA
331	Pulse	55	17130000	3629897	NA
331	Pulse	55	17140000	3639897	NA
331	Pulse	55	17150000	3649897	NA
331	Pulse	55	17160000	3659897	NA
331	Pulse	55	17170000	3669897	NA
331	Pulse	55	17180000	3679897	NA
331	Pulse	55	17190000	3689897	NA
331	Pulse	55	17200000	3699897	NA
331	Pulse	55	17210000	3709897	NA
331	Pulse	55	17220000	3719897	NA
331	Pulse	55	17230000	3729897	NA
331	Pulse	55	17240000	3739897	NA
331	Pulse	55	17250000	3749897	NA
331	Pulse	55	17260000	3759897	NA
331	Pulse	55	17270000	3769897	NA
331	Pulse	55	17280000	3779897	NA
331	Pulse	55	17290000	3789897	NA
331	Pulse	55	17300000	3799897	NA
331	Pulse	55	17310000	3809897	NA
331	Pulse	55	17320000	3819897	NA
331	Pulse	55	17330000	3829897	NA
331	Pulse	55	17340000	3839897	NA
331	Pulse	55	17350000	3849897	NA
331	Pulse	55	17360000	3859897	NA
331	Pulse	55	17370000	3869897	NA
331	Pulse	55	17380000	3879897	NA
331	Pulse	55	17390000	3889897	NA
331	Pulse	55	17400000	3899897	NA
331	Pulse	55	17410000	3909897	NA
331	Pulse	55	17420000	3919897	NA
331	Pulse	55	17430000	3929897	NA
331	Pulse	55	17440000	3939897	NA
331	Pulse	55	17450000	3949897	NA
331	Pulse	55	17460000	3959897	NA
331	Pulse	55	17470000	3969897	NA
331	Pulse	55	17480000	3979897	NA
331	Pulse	55	17490000	3989897	NA
331	Pulse	55	17500000	3999897	NA
331	Pulse	55	17510000	4009897	NA
331	Pulse	55	17520000	4019897	NA
331	Pulse	55	17530000	4029897	NA
331	Pulse	55	17540000	4039897	NA
331	Pulse	55	17550000	4049897	NA
331	Pulse	55	17560000	4059897	NA
331	Pulse	55	17570000	4069897	NA
331	Pulse	55	17580000	4079897	NA
331	Pulse	55	17590000	4089897	NA
331	Pulse	55	17600000	4099897	NA
331	Pulse	55	17610000	4109897	NA
331	Pulse	55	17620000	4119897	NA
331	Pulse	55	17630000	4129897	NA
331	Pulse	55	17640000	4139897	NA
331	Pulse	55	17650000	4149897	NA
331	Pulse	55	17660000	4159897	NA
331	Pulse	55	17670000	4169897	NA
331	Pulse	55	17680000	4179897	NA
331	Pulse	55	17690000	4189897	NA
331	Pulse	55	17700000	4199897	NA
331	Pulse	55	17710000	4209897	NA
331	Pulse	55	17720000	4219897	NA
331	Pulse	55	17730000	4229897	NA
331	Pulse	55	17740000	4239897	NA
331	Pulse	55	17750000	4249897	NA
331	Pulse	55	17760000	4259897	NA
331	Pulse	55	17770000	4269897	NA
331	Pulse	55	17780000	4279897	NA
331	Pulse	55	17790000	4289897	NA
331	Pulse	55	17800000	4299897	NA
331	Pulse	55	17810000	4309897	NA
331	Pulse	55	17820000	4319897	NA
331	Pulse	55	17830000	4329897	NA
331	Pulse	55	17840000	4339897	NA
331	Pulse	55	17850000	4349897	NA
331	Pulse	55	17860000	4359897	NA
331	Pulse	55	17870000	4369897	NA
331	Pulse	55	17880000	4379897	NA
331	Pulse	55	17890000	4389897	NA
331	Pulse	55	17900000	4399897	NA
331	Pulse	55	17910000	4409897	NA
331	Pulse	55	17920000	4419897	NA
331	Pulse	55	17930000	4429897	NA
331	Pulse	55	17940000	4439897	NA
331	Pulse	55	17950000	4449897	NA
331	Pulse	55	17960000	4459897	NA
331	Pulse	55	17970000	4469897	NA
331	Pulse	55	17980000	4479897	NA
331	Pulse	55	17990000	4489897	NA
331	Pulse	55	18000000	4499897	NA
331	Pulse	55	18010000	4509897	NA
331	Pulse	55	18020000	4519897	NA
331	Pulse	55	18030000	4529897	NA
331	Pulse	55	18040000	4539897	NA
331	Pulse	55	18050000	4549897	NA
331	Pulse	55	18060000	4559897	NA
331	Pulse	55	18070000	4569897	NA
331	Pulse	55	18080000	4579897	NA
331	Pulse	55	18090000	4589897	NA
331	Pulse	55	18100000	4599897	NA
331	Pulse	55	18110000	4609897	NA
331	Pulse	55	18120000	4619897	NA
331	Pulse	55	18130000	4629897	NA
331	Pulse	55	18140000	4639897	NA
331	Pulse	55	18150000	4649897	NA
331	Pulse	55	18160000	4659897	NA
331	Pulse	55	18170000	4669897	NA
331	Pulse	55	18180000	4679897	NA
331	Pulse	55	18190000	4689897	NA
331	Pulse	55	18200000	4699897	NA
331	Pulse	55	18210000	4709897	NA
331	Pulse	55	18220000	4719897	NA
331	Pulse	55	18230000	4729897	NA
331	Pulse	55	18240000	4739897	NA
331	Pulse	55	18250000	4749897	NA
331	Pulse	55	18260000	4759897	NA
331	Pulse	55	18270000	4769897	NA
331	Pulse	55	18280000	4779897	NA
331	Pulse	55	18290000	4789897	NA
331	Pulse	55	18300000	4799897	NA
331	Pulse	55	18310000	4809897	NA
331	Pulse	55	18320000	4819897	NA
331	Pulse	55	18330000	4829897	NA
331	Pulse	55	18340000	4839897	NA
331	Pulse	55	18350000	4849897	NA
331	Pulse	55	18360000	4859897	NA
331	Pulse	55	18370000	4869897	NA
331	Pulse	55	18380000	4879897	NA
331	Pulse	55	18390000	4889897	NA
331	Pulse	55	18400000	4899897	NA
331	Pulse	55	18410000	4909897	NA
331	Pulse	55	18420000	4919897	NA
331	Response	1	18429547	4929443	1
332	Pulse	55	18430000	360	NA
332	Pulse	55	18440000	10360	NA
332	Pulse	55	18450000	20360	NA
332	Pulse	55	18460000	30360	NA
332	Pulse	55	18470000	40360	NA
332	Pulse	55	18480000	50360	NA
332	Pulse	55	18490000	60360	NA
332	Pulse	55	18500000	70360	NA
332	Pulse	55	18510000	80360	NA
332	Pulse	55	18520000	90360	NA
332	Pulse	55	18530000	100360	NA
332	Pulse	55	18540000	110360	NA
332	Pulse	55	18550000	120360	NA
332	Pulse	55	18560000	130360	NA
332	Pulse	55	18570000	140360	NA
332	Pulse	55	18580000	150360	NA
332	Pulse	55	18590000	160360	NA
332	Pulse	55	18600000	170360	NA
332	Pulse	55	18610000	180360	NA
332	Pulse	55	18620000	190360	NA
332	Pulse	55	18630000	200360	NA
332	Pulse	55	18640000	210360	NA
332	Pulse	55	18650000	220360	NA
332	Pulse	55	18660000	230360	NA
332	Pulse	55	18670000	240360	NA
332	Pulse	55	18680000	250360	NA
332	Pulse	55	18690000	260360	NA
332	Pulse	55	18700000	270360	NA
332	Pulse	55	18710000	280360	NA
332	Pulse	55	18720000	290360	NA
332	Pulse	55	18730000	300360	NA
332	Pulse	55	18740000	310360	NA
332	Pulse	55	18750000	320360	NA
332	Pulse	55	18760000	330360	NA
332	Pulse	55	18770000	340360	NA
332	Pulse	55	18780000	350360	NA
332	Pulse	55	18790000	360360	NA
332	Pulse	55	18800000	370360	NA
332	Pulse	55	18810000	380360	NA
332	Pulse	55	18820000	390360	NA
332	Pulse	55	18830000	400360	NA
332	Pulse	55	18840000	410360	NA
332	Pulse	55	18850000	420360	NA
332	Pulse	55	18860000	430360	NA
332	Pulse	55	18870000	440360	NA
332	Pulse	55	18880000	450360	NA
332	Pulse	55	18890000	460360	NA
332	Pulse	55	18900000	470360	NA
332	Pulse	55	18910000	480360	NA
332	Pulse	55	18920000	490360	NA
332	Pulse	55	18930000	500360	NA
332	Pulse	55	18940000	510360	NA
332	Pulse	55	18950000	520360	NA
332	Pulse	55	18960000	530360	NA
332	Pulse	55	18970000	540360	NA
332	Pulse	55	18980000	550360	NA
332	Pulse	55	18990000	560360	NA
332	Pulse	55	19000000	570360	NA
332	Pulse	55	19010000	580360	NA
332	Pulse	55	19020000	590360	NA
332	Pulse	55	19030000	600360	NA
332	Pulse	55	19040000	610360	NA
332	Pulse	55	19050000	620360	NA
332	Pulse	55	19060000	630360	NA
332	Pulse	55	19070000	640360	NA
332	Pulse	55	19080000	650360	NA
332	Pulse	55	19090000	660360	NA
332	Pulse	55	19100000	670360	NA
332	Pulse	55	19110000	680360	NA
332	Pulse	55	19120000	690360	NA
332	Pulse	55	19130000	700360	NA
332	Pulse	55	19140000	710360	NA
332	Pulse	55	19150000	720360	NA
332	Pulse	55	19160000	730360	NA
332	Pulse	55	19170000	740360	NA
332	Pulse	55	19180000	750360	NA
332	Pulse	55	19190000	760360	NA
332	Pulse	55	19200000	770360	NA
332	Pulse	55	19210000	780360	NA
332	Pulse	55	19220000	790360	NA
332	Pulse	55	19230000	800360	NA
332	Pulse	55	19240000	810360	NA
332	Pulse	55	19250000	820360	NA
332	Pulse	55	19260000	830360	NA
332	Pulse	55	19270000	840360	NA
332	Pulse	55	19280000	850360	NA
332	Pulse	55	19290000	860360	NA
332	Pulse	55	19300000	870360	NA
332	Pulse	55	19310000	880360	NA
332	Pulse	55	19320000	890360	NA
332	Pulse	55	19330000	900360	NA
332	Pulse	55	19340000	910360	NA
332	Pulse	55	19350000	920360	NA
332	Pulse	55	19360000	930360	NA
332	Pulse	55	19370000	940360	NA
332	Pulse	55	19380000	950360	NA
332	Pulse	55	19390000	960360	NA
332	Pulse	55	19400000	970360	NA
332	Pulse	55	19410000	980360	NA
332	Pulse	55	19420000	990360	NA
332	Pulse	55	19430000	1000360	NA
332	Pulse	55	19440000	1010360	NA
332	Pulse	55	19450000	1020360	NA
332	Pulse	55	19460000	1030360	NA
332	Pulse	55	19470000	1040360	NA
332	Pulse	55	19480000	1050360	NA
332	Pulse	55	19490000	1060360	NA
332	Pulse	55	19500000	1070360	NA
332	Pulse	55	19510000	1080360	NA
332	Pulse	55	19520000	1090360	NA
332	Pulse	55	19530000	1100360	NA
332	Pulse	55	19540000	1110360	NA
332	Pulse	55	19550000	1120360	NA
332	Pulse	55	19560000	1130360	NA
332	Pulse	55	19570000	1140360	NA
332	Pulse	55	19580000	1150360	NA
332	Pulse	55	19590000	1160360	NA
332	Pulse	55	19600000	1170360	NA
332	Pulse	55	19610000	1180360	NA
332	Pulse	55	19620000	1190360	NA
332	Pulse	55	19630000	1200360	NA
332	Pulse	55	19640000	1210360	NA
332	Pulse	55	19650000	1220360	NA
332	Pulse	55	19660000	1230360	NA
332	Pulse	55	19670000	1240360	NA
332	Pulse	55	19680000	1250360	NA
332	Pulse	55	19690000	1260360	NA
332	Pulse	55	19700000	1270360	NA
332	Pulse	55	19710000	1280360	NA
332	Pulse	55	19720000	1290360	NA
332	Pulse	55	19730000	1300360	NA
332	Pulse	55	19740000	1310360	NA
332	Pulse	55	19750000	1320360	NA
332	Pulse	55	19760000	1330360	NA
332	Pulse	55	19770000	1340360	NA
332	Pulse	55	19780000	1350360	NA
332	Pulse	55	19790000	1360360	NA
332	Pulse	55	19800000	1370360	NA
332	Pulse	55	19810000	1380360	NA
332	Pulse	55	19820000	1390360	NA
332	Pulse	55	19830000	1400360	NA
332	Pulse	55	19840000	1410360	NA
332	Pulse	55	19850000	1420360	NA
332	Pulse	55	19860000	1430360	NA
332	Pulse	55	19870000	1440360	NA
332	Pulse	55	19880000	1450360	NA
332	Pulse	55	19890000	1460360	NA
332	Pulse	55	19900000	1470360	NA
332	Pulse	55	19910000	1480360	NA
332	Pulse	55	19920000	1490360	NA
332	Pulse	55	19930000	1500360	NA
332	Pulse	55	19940000	1510360	NA
332	Pulse	55	19950000	1520360	NA
332	Pulse	55	19960000	1530360	NA
332	Pulse	55	19970000	1540360	NA
332	Pulse	55	19980000	1550360	NA
332	Pulse	55	19990000	1560360	NA
332	Pulse	55	20000000	1570360	NA
332	Pulse	55	20010000	1580360	NA
332	Pulse	55	20020000	1590360	NA
332	Pulse	55	20030000	1600360	NA
332	Pulse	55	20040000	1610360	NA
332	Pulse	55	20050000	1620360	NA
332	Pulse	55	20060000	1630360	NA
332	Pulse	55	20070000	1640360	NA
332	Pulse	55	20080000	1650360	NA
332	Pulse	55	20090000	1660360	NA
332	Pulse	55	20100000	1670360	NA
332	Pulse	55	20110000	1680360	NA
332	Pulse	55	20120000	1690360	NA
332	Pulse	55	20130000	1700360	NA
332	Pulse	55	20140000	1710360	NA
332	Pulse	55	20150000	1720360	NA
332	Pulse	55	20160000	1730360	NA
332	Pulse	55	20170000	1740360	NA
332	Pulse	55	20180000	1750360	NA
332	Pulse	55	20190000	1760360	NA
332	Pulse	55	20200000	1770360	NA
332	Response	1	20203624	1773984	1
