Scenario - Slideshow_D2.sce
Logfile written - 10/08/2021 09:12:01

Trial	Event Type	Code	Time	TTime	Uncertainty	Duration	Uncertainty	ReqTime	ReqDur	Stim Type	Pair Index

0	Pulse	55	0	0	NA
1	Pulse	55	10000	9333	NA
1	Pulse	55	20000	19333	NA
1	Pulse	55	30000	29333	NA
1	Pulse	55	40000	39333	NA
2	Pulse	55	50000	8737	NA
2	Pulse	55	60000	18737	NA
2	Pulse	55	70000	28737	NA
2	Pulse	55	80000	38737	NA
3	Pulse	55	90000	8140	NA
3	Pulse	55	100000	18140	NA
3	Pulse	55	110000	28140	NA
3	Pulse	55	120000	38140	NA
4	Pulse	55	130000	7543	NA
4	Pulse	55	140000	17543	NA
4	Pulse	55	150000	27543	NA
4	Pulse	55	160000	37543	NA
5	Pulse	55	170000	6946	NA
5	Pulse	55	180000	16946	NA
5	Pulse	55	190000	26946	NA
5	Pulse	55	200000	36946	NA
6	Pulse	55	210000	6349	NA
6	Pulse	55	220000	16349	NA
6	Pulse	55	230000	26349	NA
6	Pulse	55	240000	36349	NA
7	Pulse	55	250000	5753	NA
7	Pulse	55	260000	15753	NA
7	Pulse	55	270000	25753	NA
7	Pulse	55	280000	35753	NA
8	Pulse	55	290000	5156	NA
8	Pulse	55	300000	15156	NA
8	Pulse	55	310000	25156	NA
8	Pulse	55	320000	35156	NA
9	Pulse	55	330000	4559	NA
9	Pulse	55	340000	14559	NA
9	Pulse	55	350000	24559	NA
9	Pulse	55	360000	34559	NA
10	Pulse	55	370000	4129	NA
10	Pulse	55	380000	14129	NA
10	Pulse	55	390000	24129	NA
10	Pulse	55	400000	34129	NA
11	Pulse	55	410000	3616	NA
11	Pulse	55	420000	13616	NA
11	Pulse	55	430000	23616	NA
11	Pulse	55	440000	33616	NA
12	Pulse	55	450000	3102	NA
12	Pulse	55	460000	13102	NA
12	Pulse	55	470000	23102	NA
12	Pulse	55	480000	33102	NA
13	Pulse	55	490000	2505	NA
13	Pulse	55	500000	12505	NA
13	Pulse	55	510000	22505	NA
13	Pulse	55	520000	32505	NA
14	Pulse	55	530000	1909	NA
14	Pulse	55	540000	11909	NA
14	Pulse	55	550000	21909	NA
14	Pulse	55	560000	31909	NA
15	Pulse	55	570000	1312	NA
15	Pulse	55	580000	11312	NA
15	Pulse	55	590000	21312	NA
15	Pulse	55	600000	31312	NA
16	Pulse	55	610000	715	NA
16	Pulse	55	620000	10715	NA
16	Pulse	55	630000	20715	NA
16	Pulse	55	640000	30715	NA
17	Pulse	55	650000	118	NA
17	Pulse	55	660000	10118	NA
17	Pulse	55	670000	20118	NA
17	Pulse	55	680000	30118	NA
17	Pulse	55	690000	40118	NA
18	Pulse	55	700000	9605	NA
18	Pulse	55	710000	19605	NA
18	Pulse	55	720000	29605	NA
18	Pulse	55	730000	39605	NA
19	Pulse	55	740000	9008	NA
19	Pulse	55	750000	19008	NA
19	Pulse	55	760000	29008	NA
19	Pulse	55	770000	39008	NA
20	Pulse	55	780000	8411	NA
20	Pulse	55	790000	18411	NA
20	Pulse	55	800000	28411	NA
20	Pulse	55	810000	38411	NA
21	Pulse	55	820000	7814	NA
21	Pulse	55	830000	17814	NA
21	Pulse	55	840000	27814	NA
21	Pulse	55	850000	37814	NA
22	Pulse	55	860000	7301	NA
22	Pulse	55	870000	17301	NA
22	Pulse	55	880000	27301	NA
22	Pulse	55	890000	37301	NA
23	Pulse	55	900000	6704	NA
23	Pulse	55	910000	16704	NA
23	Pulse	55	920000	26704	NA
23	Pulse	55	930000	36704	NA
24	Pulse	55	940000	6107	NA
24	Pulse	55	950000	16107	NA
24	Pulse	55	960000	26107	NA
24	Pulse	55	970000	36107	NA
25	Pulse	55	980000	5511	NA
25	Pulse	55	990000	15511	NA
25	Pulse	55	1000000	25511	NA
25	Pulse	55	1010000	35511	NA
26	Pulse	55	1020000	4914	NA
26	Pulse	55	1030000	14914	NA
26	Pulse	55	1040000	24914	NA
26	Pulse	55	1050000	34914	NA
27	Pulse	55	1060000	4400	NA
27	Pulse	55	1070000	14400	NA
27	Pulse	55	1080000	24400	NA
27	Pulse	55	1090000	34400	NA
28	Pulse	55	1100000	3804	NA
28	Pulse	55	1110000	13804	NA
28	Pulse	55	1120000	23804	NA
28	Pulse	55	1130000	33804	NA
29	Pulse	55	1140000	3207	NA
29	Pulse	55	1150000	13207	NA
29	Pulse	55	1160000	23207	NA
29	Pulse	55	1170000	33207	NA
30	Pulse	55	1180000	2610	NA
30	Pulse	55	1190000	12610	NA
30	Pulse	55	1200000	22610	NA
30	Pulse	55	1210000	32610	NA
31	Pulse	55	1220000	2013	NA
31	Pulse	55	1230000	12013	NA
31	Pulse	55	1240000	22013	NA
31	Pulse	55	1250000	32013	NA
32	Pulse	55	1260000	1417	NA
32	Pulse	55	1270000	11417	NA
32	Pulse	55	1280000	21417	NA
32	Pulse	55	1290000	31417	NA
33	Pulse	55	1300000	820	NA
33	Pulse	55	1310000	10820	NA
33	Pulse	55	1320000	20820	NA
33	Pulse	55	1330000	30820	NA
34	Pulse	55	1340000	223	NA
34	Pulse	55	1350000	10223	NA
34	Pulse	55	1360000	20223	NA
34	Pulse	55	1370000	30223	NA
34	Pulse	55	1380000	40223	NA
35	Pulse	55	1390000	9626	NA
35	Pulse	55	1400000	19626	NA
35	Pulse	55	1410000	29626	NA
35	Pulse	55	1420000	39626	NA
36	Pulse	55	1430000	9029	NA
36	Pulse	55	1440000	19029	NA
36	Pulse	55	1450000	29029	NA
36	Pulse	55	1460000	39029	NA
37	Pulse	55	1470000	8433	NA
37	Pulse	55	1480000	18433	NA
37	Pulse	55	1490000	28433	NA
37	Pulse	55	1500000	38433	NA
38	Pulse	55	1510000	7752	NA
38	Pulse	55	1520000	17752	NA
38	Pulse	55	1530000	27752	NA
38	Pulse	55	1540000	37752	NA
39	Pulse	55	1550000	7156	NA
39	Pulse	55	1560000	17156	NA
39	Pulse	55	1570000	27156	NA
39	Pulse	55	1580000	37156	NA
40	Pulse	55	1590000	6559	NA
40	Pulse	55	1600000	16559	NA
40	Pulse	55	1610000	26559	NA
40	Pulse	55	1620000	36559	NA
41	Pulse	55	1630000	5962	NA
41	Pulse	55	1640000	15962	NA
41	Pulse	55	1650000	25962	NA
41	Pulse	55	1660000	35962	NA
42	Pulse	55	1670000	5282	NA
42	Pulse	55	1680000	15282	NA
42	Pulse	55	1690000	25282	NA
42	Pulse	55	1700000	35282	NA
43	Pulse	55	1710000	4685	NA
43	Pulse	55	1720000	14685	NA
43	Pulse	55	1730000	24685	NA
43	Pulse	55	1740000	34685	NA
44	Pulse	55	1750000	4088	NA
44	Pulse	55	1760000	14088	NA
44	Pulse	55	1770000	24088	NA
44	Pulse	55	1780000	34088	NA
45	Pulse	55	1790000	3492	NA
45	Pulse	55	1800000	13492	NA
45	Pulse	55	1810000	23492	NA
45	Pulse	55	1820000	33492	NA
46	Pulse	55	1830000	2812	NA
46	Pulse	55	1840000	12812	NA
46	Pulse	55	1850000	22812	NA
46	Pulse	55	1860000	32812	NA
47	Pulse	55	1870000	2215	NA
47	Pulse	55	1880000	12215	NA
47	Pulse	55	1890000	22215	NA
47	Pulse	55	1900000	32215	NA
48	Pulse	55	1910000	1618	NA
48	Pulse	55	1920000	11618	NA
48	Pulse	55	1930000	21618	NA
48	Pulse	55	1940000	31618	NA
49	Pulse	55	1950000	938	NA
49	Pulse	55	1960000	10938	NA
49	Pulse	55	1970000	20938	NA
49	Pulse	55	1980000	30938	NA
50	Pulse	55	1990000	341	NA
50	Pulse	55	2000000	10341	NA
50	Pulse	55	2010000	20341	NA
50	Pulse	55	2020000	30341	NA
50	Pulse	55	2030000	40341	NA
51	Pulse	55	2040000	9744	NA
51	Pulse	55	2050000	19744	NA
51	Pulse	55	2060000	29744	NA
51	Pulse	55	2070000	39744	NA
52	Pulse	55	2080000	9147	NA
52	Pulse	55	2090000	19147	NA
52	Pulse	55	2100000	29147	NA
52	Pulse	55	2110000	39147	NA
53	Pulse	55	2120000	8467	NA
53	Pulse	55	2130000	18467	NA
53	Pulse	55	2140000	28467	NA
53	Pulse	55	2150000	38467	NA
54	Pulse	55	2160000	7870	NA
54	Pulse	55	2170000	17870	NA
54	Pulse	55	2180000	27870	NA
54	Pulse	55	2190000	37870	NA
55	Pulse	55	2200000	7274	NA
55	Pulse	55	2210000	17274	NA
55	Pulse	55	2220000	27274	NA
55	Pulse	55	2230000	37274	NA
56	Pulse	55	2240000	6594	NA
56	Pulse	55	2250000	16594	NA
56	Pulse	55	2260000	26594	NA
56	Pulse	55	2270000	36594	NA
57	Pulse	55	2280000	5997	NA
57	Pulse	55	2290000	15997	NA
57	Pulse	55	2300000	25997	NA
57	Pulse	55	2310000	35997	NA
58	Pulse	55	2320000	5400	NA
58	Pulse	55	2330000	15400	NA
58	Pulse	55	2340000	25400	NA
58	Pulse	55	2350000	35400	NA
59	Pulse	55	2360000	4803	NA
59	Pulse	55	2370000	14803	NA
59	Pulse	55	2380000	24803	NA
59	Pulse	55	2390000	34803	NA
60	Pulse	55	2400000	4206	NA
60	Pulse	55	2410000	14206	NA
60	Pulse	55	2420000	24206	NA
60	Pulse	55	2430000	34206	NA
61	Pulse	55	2440000	3526	NA
61	Pulse	55	2450000	13526	NA
61	Pulse	55	2460000	23526	NA
61	Pulse	55	2470000	33526	NA
62	Pulse	55	2480000	2930	NA
62	Pulse	55	2490000	12930	NA
62	Pulse	55	2500000	22930	NA
62	Pulse	55	2510000	32930	NA
63	Pulse	55	2520000	2249	NA
63	Pulse	55	2530000	12249	NA
63	Pulse	55	2540000	22249	NA
63	Pulse	55	2550000	32249	NA
64	Pulse	55	2560000	1569	NA
64	Pulse	55	2570000	11569	NA
64	Pulse	55	2580000	21569	NA
64	Pulse	55	2590000	31569	NA
65	Pulse	55	2600000	889	NA
65	Pulse	55	2610000	10889	NA
65	Pulse	55	2620000	20889	NA
65	Pulse	55	2630000	30889	NA
66	Pulse	55	2640000	292	NA
66	Pulse	55	2650000	10292	NA
66	Pulse	55	2660000	20292	NA
66	Pulse	55	2670000	30292	NA
66	Pulse	55	2680000	40292	NA
67	Pulse	55	2690000	9612	NA
67	Pulse	55	2700000	19612	NA
67	Pulse	55	2710000	29612	NA
67	Pulse	55	2720000	39612	NA
68	Pulse	55	2730000	9015	NA
68	Pulse	55	2740000	19015	NA
68	Pulse	55	2750000	29015	NA
68	Pulse	55	2760000	39015	NA
69	Pulse	55	2770000	8419	NA
69	Pulse	55	2780000	18419	NA
69	Pulse	55	2790000	28419	NA
69	Pulse	55	2800000	38419	NA
70	Pulse	55	2810000	7822	NA
70	Pulse	55	2820000	17822	NA
70	Pulse	55	2830000	27822	NA
70	Pulse	55	2840000	37822	NA
71	Pulse	55	2850000	7225	NA
71	Pulse	55	2860000	17225	NA
71	Pulse	55	2870000	27225	NA
71	Pulse	55	2880000	37225	NA
72	Pulse	55	2890000	6628	NA
72	Pulse	55	2900000	16628	NA
72	Pulse	55	2910000	26628	NA
72	Pulse	55	2920000	36628	NA
73	Pulse	55	2930000	5948	NA
73	Pulse	55	2940000	15948	NA
73	Pulse	55	2950000	25948	NA
73	Pulse	55	2960000	35948	NA
74	Pulse	55	2970000	5351	NA
74	Pulse	55	2980000	15351	NA
74	Pulse	55	2990000	25351	NA
74	Pulse	55	3000000	35351	NA
75	Pulse	55	3010000	4755	NA
75	Pulse	55	3020000	14755	NA
75	Pulse	55	3030000	24755	NA
75	Pulse	55	3040000	34755	NA
76	Pulse	55	3050000	4158	NA
76	Pulse	55	3060000	14158	NA
76	Pulse	55	3070000	24158	NA
76	Pulse	55	3080000	34158	NA
77	Pulse	55	3090000	3561	NA
77	Pulse	55	3100000	13561	NA
77	Pulse	55	3110000	23561	NA
77	Pulse	55	3120000	33561	NA
78	Pulse	55	3130000	2964	NA
78	Pulse	55	3140000	12964	NA
78	Pulse	55	3150000	22964	NA
78	Pulse	55	3160000	32964	NA
79	Pulse	55	3170000	2367	NA
79	Pulse	55	3180000	12367	NA
79	Pulse	55	3190000	22367	NA
79	Pulse	55	3200000	32367	NA
80	Pulse	55	3210000	1687	NA
80	Pulse	55	3220000	11687	NA
80	Pulse	55	3230000	21687	NA
80	Pulse	55	3240000	31687	NA
81	Pulse	55	3250000	1007	NA
81	Pulse	55	3260000	11007	NA
81	Pulse	55	3270000	21007	NA
81	Pulse	55	3280000	31007	NA
82	Pulse	55	3290000	327	NA
82	Pulse	55	3300000	10327	NA
82	Pulse	55	3310000	20327	NA
82	Pulse	55	3320000	30327	NA
82	Pulse	55	3330000	40327	NA
83	Pulse	55	3340000	9730	NA
83	Pulse	55	3350000	19730	NA
83	Pulse	55	3360000	29730	NA
83	Pulse	55	3370000	39730	NA
84	Pulse	55	3380000	9133	NA
84	Pulse	55	3390000	19133	NA
84	Pulse	55	3400000	29133	NA
84	Pulse	55	3410000	39133	NA
85	Pulse	55	3420000	8537	NA
85	Pulse	55	3430000	18537	NA
85	Pulse	55	3440000	28537	NA
85	Pulse	55	3450000	38537	NA
86	Pulse	55	3460000	7940	NA
86	Pulse	55	3470000	17940	NA
86	Pulse	55	3480000	27940	NA
86	Pulse	55	3490000	37940	NA
87	Pulse	55	3500000	7343	NA
87	Pulse	55	3510000	17343	NA
87	Pulse	55	3520000	27343	NA
87	Pulse	55	3530000	37343	NA
88	Pulse	55	3540000	6746	NA
88	Pulse	55	3550000	16746	NA
88	Pulse	55	3560000	26746	NA
88	Pulse	55	3570000	36746	NA
89	Pulse	55	3580000	6150	NA
89	Pulse	55	3590000	16150	NA
89	Pulse	55	3600000	26150	NA
89	Pulse	55	3610000	36150	NA
90	Pulse	55	3620000	5553	NA
90	Pulse	55	3630000	15553	NA
90	Pulse	55	3640000	25553	NA
90	Pulse	55	3650000	35553	NA
91	Pulse	55	3660000	4956	NA
91	Pulse	55	3670000	14956	NA
91	Pulse	55	3680000	24956	NA
91	Pulse	55	3690000	34956	NA
92	Pulse	55	3700000	4359	NA
92	Pulse	55	3710000	14359	NA
92	Pulse	55	3720000	24359	NA
92	Pulse	55	3730000	34359	NA
93	Pulse	55	3740000	3762	NA
93	Pulse	55	3750000	13762	NA
93	Pulse	55	3760000	23762	NA
93	Pulse	55	3770000	33762	NA
94	Pulse	55	3780000	3166	NA
94	Pulse	55	3790000	13166	NA
94	Pulse	55	3800000	23166	NA
94	Pulse	55	3810000	33166	NA
95	Pulse	55	3820000	2569	NA
95	Pulse	55	3830000	12569	NA
95	Pulse	55	3840000	22569	NA
95	Pulse	55	3850000	32569	NA
96	Pulse	55	3860000	1972	NA
96	Pulse	55	3870000	11972	NA
96	Pulse	55	3880000	21972	NA
96	Pulse	55	3890000	31972	NA
97	Pulse	55	3900000	1375	NA
97	Pulse	55	3910000	11375	NA
97	Pulse	55	3920000	21375	NA
97	Pulse	55	3930000	31375	NA
98	Pulse	55	3940000	778	NA
98	Pulse	55	3950000	10778	NA
98	Pulse	55	3960000	20778	NA
98	Pulse	55	3970000	30778	NA
99	Pulse	55	3980000	182	NA
99	Pulse	55	3990000	10182	NA
99	Pulse	55	4000000	20182	NA
99	Pulse	55	4010000	30182	NA
99	Pulse	55	4020000	40182	NA
100	Pulse	55	4030000	9585	NA
100	Pulse	55	4040000	19585	NA
100	Pulse	55	4050000	29585	NA
100	Pulse	55	4060000	39585	NA
101	Pulse	55	4070000	8988	NA
101	Pulse	55	4080000	18988	NA
101	Pulse	55	4090000	28988	NA
101	Pulse	55	4100000	38988	NA
102	Pulse	55	4110000	8475	NA
102	Pulse	55	4120000	18475	NA
102	Pulse	55	4130000	28475	NA
102	Pulse	55	4140000	38475	NA
103	Pulse	55	4150000	7878	NA
103	Pulse	55	4160000	17878	NA
103	Pulse	55	4170000	27878	NA
103	Pulse	55	4180000	37878	NA
104	Pulse	55	4190000	7281	NA
104	Pulse	55	4200000	17281	NA
104	Pulse	55	4210000	27281	NA
104	Pulse	55	4220000	37281	NA
105	Pulse	55	4230000	6768	NA
105	Pulse	55	4240000	16768	NA
105	Pulse	55	4250000	26768	NA
105	Pulse	55	4260000	36768	NA
106	Pulse	55	4270000	6171	NA
106	Pulse	55	4280000	16171	NA
106	Pulse	55	4290000	26171	NA
106	Pulse	55	4300000	36171	NA
107	Pulse	55	4310000	5657	NA
107	Pulse	55	4320000	15657	NA
107	Pulse	55	4330000	25657	NA
107	Pulse	55	4340000	35657	NA
108	Pulse	55	4350000	5144	NA
108	Pulse	55	4360000	15144	NA
108	Pulse	55	4370000	25144	NA
108	Pulse	55	4380000	35144	NA
109	Pulse	55	4390000	4547	NA
109	Pulse	55	4400000	14547	NA
109	Pulse	55	4410000	24547	NA
109	Pulse	55	4420000	34547	NA
110	Pulse	55	4430000	3951	NA
110	Pulse	55	4440000	13951	NA
110	Pulse	55	4450000	23951	NA
110	Pulse	55	4460000	33951	NA
111	Pulse	55	4470000	3354	NA
111	Pulse	55	4480000	13354	NA
111	Pulse	55	4490000	23354	NA
111	Pulse	55	4500000	33354	NA
112	Pulse	55	4510000	2757	NA
112	Pulse	55	4520000	12757	NA
112	Pulse	55	4530000	22757	NA
112	Pulse	55	4540000	32757	NA
113	Pulse	55	4550000	2160	NA
113	Pulse	55	4560000	12160	NA
113	Pulse	55	4570000	22160	NA
113	Pulse	55	4580000	32160	NA
114	Pulse	55	4590000	1563	NA
114	Pulse	55	4600000	11563	NA
114	Pulse	55	4610000	21563	NA
114	Pulse	55	4620000	31563	NA
115	Pulse	55	4630000	1050	NA
115	Pulse	55	4640000	11050	NA
115	Pulse	55	4650000	21050	NA
115	Pulse	55	4660000	31050	NA
116	Pulse	55	4670000	453	NA
116	Pulse	55	4680000	10453	NA
116	Pulse	55	4690000	20453	NA
116	Pulse	55	4700000	30453	NA
116	Pulse	55	4710000	40453	NA
117	Pulse	55	4720000	9856	NA
117	Pulse	55	4730000	19856	NA
117	Pulse	55	4740000	29856	NA
117	Pulse	55	4750000	39856	NA
118	Pulse	55	4760000	9343	NA
118	Pulse	55	4770000	19343	NA
118	Pulse	55	4780000	29343	NA
118	Pulse	55	4790000	39343	NA
119	Pulse	55	4800000	8830	NA
119	Pulse	55	4810000	18830	NA
119	Pulse	55	4820000	28830	NA
119	Pulse	55	4830000	38830	NA
120	Pulse	55	4840000	8233	NA
120	Pulse	55	4850000	18233	NA
120	Pulse	55	4860000	28233	NA
120	Pulse	55	4870000	38233	NA
121	Pulse	55	4880000	7719	NA
121	Pulse	55	4890000	17719	NA
121	Pulse	55	4900000	27719	NA
121	Pulse	55	4910000	37719	NA
122	Pulse	55	4920000	7123	NA
122	Pulse	55	4930000	17123	NA
122	Pulse	55	4940000	27123	NA
122	Pulse	55	4950000	37123	NA
123	Pulse	55	4960000	6609	NA
123	Pulse	55	4970000	16609	NA
123	Pulse	55	4980000	26609	NA
123	Pulse	55	4990000	36609	NA
124	Pulse	55	5000000	6096	NA
124	Pulse	55	5010000	16096	NA
124	Pulse	55	5020000	26096	NA
124	Pulse	55	5030000	36096	NA
125	Pulse	55	5040000	5582	NA
125	Pulse	55	5050000	15582	NA
125	Pulse	55	5060000	25582	NA
125	Pulse	55	5070000	35582	NA
126	Pulse	55	5080000	4986	NA
126	Pulse	55	5090000	14986	NA
126	Pulse	55	5100000	24986	NA
126	Pulse	55	5110000	34986	NA
127	Pulse	55	5120000	4389	NA
127	Pulse	55	5130000	14389	NA
127	Pulse	55	5140000	24389	NA
127	Pulse	55	5150000	34389	NA
128	Pulse	55	5160000	3792	NA
128	Pulse	55	5170000	13792	NA
128	Pulse	55	5180000	23792	NA
128	Pulse	55	5190000	33792	NA
129	Pulse	55	5200000	3195	NA
129	Pulse	55	5210000	13195	NA
129	Pulse	55	5220000	23195	NA
129	Pulse	55	5230000	33195	NA
130	Pulse	55	5240000	2598	NA
130	Pulse	55	5250000	12598	NA
130	Pulse	55	5260000	22598	NA
130	Pulse	55	5270000	32598	NA
131	Pulse	55	5280000	2002	NA
131	Pulse	55	5290000	12002	NA
131	Pulse	55	5300000	22002	NA
131	Pulse	55	5310000	32002	NA
132	Pulse	55	5320000	1488	NA
132	Pulse	55	5330000	11488	NA
132	Pulse	55	5340000	21488	NA
132	Pulse	55	5350000	31488	NA
133	Pulse	55	5360000	891	NA
133	Pulse	55	5370000	10891	NA
133	Pulse	55	5380000	20891	NA
133	Pulse	55	5390000	30891	NA
134	Pulse	55	5400000	295	NA
134	Pulse	55	5410000	10295	NA
134	Pulse	55	5420000	20295	NA
134	Pulse	55	5430000	30295	NA
134	Pulse	55	5440000	40295	NA
135	Pulse	55	5450000	9781	NA
135	Pulse	55	5460000	19781	NA
135	Pulse	55	5470000	29781	NA
135	Pulse	55	5480000	39781	NA
136	Pulse	55	5490000	9184	NA
136	Pulse	55	5500000	19184	NA
136	Pulse	55	5510000	29184	NA
136	Pulse	55	5520000	39184	NA
137	Pulse	55	5530000	8588	NA
137	Pulse	55	5540000	18588	NA
137	Pulse	55	5550000	28588	NA
137	Pulse	55	5560000	38588	NA
138	Pulse	55	5570000	8074	NA
138	Pulse	55	5580000	18074	NA
138	Pulse	55	5590000	28074	NA
138	Pulse	55	5600000	38074	NA
139	Pulse	55	5610000	7477	NA
139	Pulse	55	5620000	17477	NA
139	Pulse	55	5630000	27477	NA
139	Pulse	55	5640000	37477	NA
140	Pulse	55	5650000	6881	NA
140	Pulse	55	5660000	16881	NA
140	Pulse	55	5670000	26881	NA
140	Pulse	55	5680000	36881	NA
141	Pulse	55	5690000	6367	NA
141	Pulse	55	5700000	16367	NA
141	Pulse	55	5710000	26367	NA
141	Pulse	55	5720000	36367	NA
142	Pulse	55	5730000	5770	NA
142	Pulse	55	5740000	15770	NA
142	Pulse	55	5750000	25770	NA
142	Pulse	55	5760000	35770	NA
143	Pulse	55	5770000	5174	NA
143	Pulse	55	5780000	15174	NA
143	Pulse	55	5790000	25174	NA
143	Pulse	55	5800000	35174	NA
144	Pulse	55	5810000	4660	NA
144	Pulse	55	5820000	14660	NA
144	Pulse	55	5830000	24660	NA
144	Pulse	55	5840000	34660	NA
145	Pulse	55	5850000	4147	NA
145	Pulse	55	5860000	14147	NA
145	Pulse	55	5870000	24147	NA
145	Pulse	55	5880000	34147	NA
146	Pulse	55	5890000	3550	NA
146	Pulse	55	5900000	13550	NA
146	Pulse	55	5910000	23550	NA
146	Pulse	55	5920000	33550	NA
147	Pulse	55	5930000	2953	NA
147	Pulse	55	5940000	12953	NA
147	Pulse	55	5950000	22953	NA
147	Pulse	55	5960000	32953	NA
148	Pulse	55	5970000	2356	NA
148	Pulse	55	5980000	12356	NA
148	Pulse	55	5990000	22356	NA
148	Pulse	55	6000000	32356	NA
149	Pulse	55	6010000	1760	NA
149	Pulse	55	6020000	11760	NA
149	Pulse	55	6030000	21760	NA
149	Pulse	55	6040000	31760	NA
150	Pulse	55	6050000	1163	NA
150	Pulse	55	6060000	11163	NA
150	Pulse	55	6070000	21163	NA
150	Pulse	55	6080000	31163	NA
151	Pulse	55	6090000	566	NA
151	Pulse	55	6100000	10566	NA
151	Pulse	55	6110000	20566	NA
151	Pulse	55	6120000	30566	NA
151	Pulse	55	6130000	40566	NA
152	Pulse	55	6140000	9969	NA
152	Pulse	55	6150000	19969	NA
152	Pulse	55	6160000	29969	NA
152	Pulse	55	6170000	39969	NA
153	Pulse	55	6180000	9456	NA
153	Pulse	55	6190000	19456	NA
153	Pulse	55	6200000	29456	NA
153	Pulse	55	6210000	39456	NA
154	Pulse	55	6220000	8943	NA
154	Pulse	55	6230000	18943	NA
154	Pulse	55	6240000	28943	NA
154	Pulse	55	6250000	38943	NA
155	Pulse	55	6260000	8512	NA
155	Pulse	55	6270000	18512	NA
155	Pulse	55	6280000	28512	NA
155	Pulse	55	6290000	38512	NA
156	Pulse	55	6300000	7999	NA
156	Pulse	55	6310000	17999	NA
156	Pulse	55	6320000	27999	NA
156	Pulse	55	6330000	37999	NA
157	Pulse	55	6340000	7486	NA
157	Pulse	55	6350000	17486	NA
157	Pulse	55	6360000	27486	NA
157	Pulse	55	6370000	37486	NA
158	Pulse	55	6380000	6972	NA
158	Pulse	55	6390000	16972	NA
158	Pulse	55	6400000	26972	NA
158	Pulse	55	6410000	36972	NA
159	Pulse	55	6420000	6375	NA
159	Pulse	55	6430000	16375	NA
159	Pulse	55	6440000	26375	NA
159	Pulse	55	6450000	36375	NA
160	Pulse	55	6460000	5779	NA
160	Pulse	55	6470000	15779	NA
160	Pulse	55	6480000	25779	NA
160	Pulse	55	6490000	35779	NA
161	Pulse	55	6500000	5182	NA
161	Pulse	55	6510000	15182	NA
161	Pulse	55	6520000	25182	NA
161	Pulse	55	6530000	35182	NA
162	Pulse	55	6540000	4668	NA
162	Pulse	55	6550000	14668	NA
162	Pulse	55	6560000	24668	NA
162	Pulse	55	6570000	34668	NA
163	Pulse	55	6580000	4072	NA
163	Pulse	55	6590000	14072	NA
163	Pulse	55	6600000	24072	NA
163	Pulse	55	6610000	34072	NA
164	Pulse	55	6620000	3475	NA
164	Pulse	55	6630000	13475	NA
164	Pulse	55	6640000	23475	NA
164	Pulse	55	6650000	33475	NA
165	Pulse	55	6660000	2878	NA
165	Pulse	55	6670000	12878	NA
165	Pulse	55	6680000	22878	NA
165	Pulse	55	6690000	32878	NA
166	Pulse	55	6700000	2281	NA
166	Pulse	55	6710000	12281	NA
166	Pulse	55	6720000	22281	NA
166	Pulse	55	6730000	32281	NA
167	Pulse	55	6740000	1601	NA
167	Pulse	55	6750000	11601	NA
167	Pulse	55	6760000	21601	NA
167	Pulse	55	6770000	31601	NA
168	Pulse	55	6780000	1004	NA
168	Pulse	55	6790000	11004	NA
168	Pulse	55	6800000	21004	NA
168	Pulse	55	6810000	31004	NA
169	Pulse	55	6820000	491	NA
169	Pulse	55	6830000	10491	NA
169	Pulse	55	6840000	20491	NA
169	Pulse	55	6850000	30491	NA
169	Pulse	55	6860000	40491	NA
170	Pulse	55	6870000	9894	NA
170	Pulse	55	6880000	19894	NA
170	Pulse	55	6890000	29894	NA
170	Pulse	55	6900000	39894	NA
171	Pulse	55	6910000	9381	NA
171	Pulse	55	6920000	19381	NA
171	Pulse	55	6930000	29381	NA
171	Pulse	55	6940000	39381	NA
172	Pulse	55	6950000	8867	NA
172	Pulse	55	6960000	18867	NA
172	Pulse	55	6970000	28867	NA
172	Pulse	55	6980000	38867	NA
173	Pulse	55	6990000	8271	NA
173	Pulse	55	7000000	18271	NA
173	Pulse	55	7010000	28271	NA
173	Pulse	55	7020000	38271	NA
174	Pulse	55	7030000	7841	NA
174	Pulse	55	7040000	17841	NA
174	Pulse	55	7050000	27841	NA
174	Pulse	55	7060000	37841	NA
175	Pulse	55	7070000	7327	NA
175	Pulse	55	7080000	17327	NA
175	Pulse	55	7090000	27327	NA
175	Pulse	55	7100000	37327	NA
176	Pulse	55	7110000	6730	NA
176	Pulse	55	7120000	16730	NA
176	Pulse	55	7130000	26730	NA
176	Pulse	55	7140000	36730	NA
177	Pulse	55	7150000	6217	NA
177	Pulse	55	7160000	16217	NA
177	Pulse	55	7170000	26217	NA
177	Pulse	55	7180000	36217	NA
178	Pulse	55	7190000	5703	NA
178	Pulse	55	7200000	15703	NA
178	Pulse	55	7210000	25703	NA
178	Pulse	55	7220000	35703	NA
179	Pulse	55	7230000	5190	NA
179	Pulse	55	7240000	15190	NA
179	Pulse	55	7250000	25190	NA
179	Pulse	55	7260000	35190	NA
180	Pulse	55	7270000	4593	NA
180	Pulse	55	7280000	14593	NA
180	Pulse	55	7290000	24593	NA
180	Pulse	55	7300000	34593	NA
181	Pulse	55	7310000	3997	NA
181	Pulse	55	7320000	13997	NA
181	Pulse	55	7330000	23997	NA
181	Pulse	55	7340000	33997	NA
182	Pulse	55	7350000	3400	NA
182	Pulse	55	7360000	13400	NA
182	Pulse	55	7370000	23400	NA
182	Pulse	55	7380000	33400	NA
183	Pulse	55	7390000	2803	NA
183	Pulse	55	7400000	12803	NA
183	Pulse	55	7410000	22803	NA
183	Pulse	55	7420000	32803	NA
184	Pulse	55	7430000	2206	NA
184	Pulse	55	7440000	12206	NA
184	Pulse	55	7450000	22206	NA
184	Pulse	55	7460000	32206	NA
185	Pulse	55	7470000	1693	NA
185	Pulse	55	7480000	11693	NA
185	Pulse	55	7490000	21693	NA
185	Pulse	55	7500000	31693	NA
186	Pulse	55	7510000	1096	NA
186	Pulse	55	7520000	11096	NA
186	Pulse	55	7530000	21096	NA
186	Pulse	55	7540000	31096	NA
187	Pulse	55	7550000	499	NA
187	Pulse	55	7560000	10499	NA
187	Pulse	55	7570000	20499	NA
187	Pulse	55	7580000	30499	NA
187	Pulse	55	7590000	40499	NA
188	Pulse	55	7600000	9902	NA
188	Pulse	55	7610000	19902	NA
188	Pulse	55	7620000	29902	NA
188	Pulse	55	7630000	39902	NA
189	Pulse	55	7640000	9306	NA
189	Pulse	55	7650000	19306	NA
189	Pulse	55	7660000	29306	NA
189	Pulse	55	7670000	39306	NA
190	Pulse	55	7680000	8709	NA
190	Pulse	55	7690000	18709	NA
190	Pulse	55	7700000	28709	NA
190	Pulse	55	7710000	38709	NA
191	Pulse	55	7720000	8112	NA
191	Pulse	55	7730000	18112	NA
191	Pulse	55	7740000	28112	NA
191	Pulse	55	7750000	38112	NA
192	Pulse	55	7760000	7515	NA
192	Pulse	55	7770000	17515	NA
192	Pulse	55	7780000	27515	NA
192	Pulse	55	7790000	37515	NA
193	Pulse	55	7800000	6918	NA
193	Pulse	55	7810000	16918	NA
193	Pulse	55	7820000	26918	NA
193	Pulse	55	7830000	36918	NA
194	Pulse	55	7840000	6322	NA
194	Pulse	55	7850000	16322	NA
194	Pulse	55	7860000	26322	NA
194	Pulse	55	7870000	36322	NA
195	Pulse	55	7880000	5725	NA
195	Pulse	55	7890000	15725	NA
195	Pulse	55	7900000	25725	NA
195	Pulse	55	7910000	35725	NA
196	Pulse	55	7920000	5128	NA
196	Pulse	55	7930000	15128	NA
196	Pulse	55	7940000	25128	NA
196	Pulse	55	7950000	35128	NA
197	Pulse	55	7960000	4615	NA
197	Pulse	55	7970000	14615	NA
197	Pulse	55	7980000	24615	NA
197	Pulse	55	7990000	34615	NA
198	Pulse	55	8000000	4101	NA
198	Pulse	55	8010000	14101	NA
198	Pulse	55	8020000	24101	NA
198	Pulse	55	8030000	34101	NA
199	Pulse	55	8040000	3504	NA
199	Pulse	55	8050000	13504	NA
199	Pulse	55	8060000	23504	NA
199	Pulse	55	8070000	33504	NA
200	Pulse	55	8080000	2908	NA
200	Pulse	55	8090000	12908	NA
200	Pulse	55	8100000	22908	NA
200	Pulse	55	8110000	32908	NA
201	Pulse	55	8120000	2478	NA
201	Pulse	55	8130000	12478	NA
201	Pulse	55	8140000	22478	NA
201	Pulse	55	8150000	32478	NA
202	Pulse	55	8160000	1964	NA
202	Pulse	55	8170000	11964	NA
202	Pulse	55	8180000	21964	NA
202	Pulse	55	8190000	31964	NA
203	Pulse	55	8200000	1451	NA
203	Pulse	55	8210000	11451	NA
203	Pulse	55	8220000	21451	NA
203	Pulse	55	8230000	31451	NA
204	Pulse	55	8240000	854	NA
204	Pulse	55	8250000	10854	NA
204	Pulse	55	8260000	20854	NA
204	Pulse	55	8270000	30854	NA
205	Pulse	55	8280000	341	NA
205	Pulse	55	8290000	10341	NA
205	Pulse	55	8300000	20341	NA
205	Pulse	55	8310000	30341	NA
205	Pulse	55	8320000	40341	NA
206	Pulse	55	8330000	9744	NA
206	Pulse	55	8340000	19744	NA
206	Pulse	55	8350000	29744	NA
206	Pulse	55	8360000	39744	NA
207	Pulse	55	8370000	9230	NA
207	Pulse	55	8380000	19230	NA
207	Pulse	55	8390000	29230	NA
207	Pulse	55	8400000	39230	NA
208	Pulse	55	8410000	8717	NA
208	Pulse	55	8420000	18717	NA
208	Pulse	55	8430000	28717	NA
208	Pulse	55	8440000	38717	NA
209	Pulse	55	8450000	8204	NA
209	Pulse	55	8460000	18204	NA
209	Pulse	55	8470000	28204	NA
209	Pulse	55	8480000	38204	NA
210	Pulse	55	8490000	7690	NA
210	Pulse	55	8500000	17690	NA
210	Pulse	55	8510000	27690	NA
210	Pulse	55	8520000	37690	NA
211	Pulse	55	8530000	7260	NA
211	Pulse	55	8540000	17260	NA
211	Pulse	55	8550000	27260	NA
211	Pulse	55	8560000	37260	NA
212	Pulse	55	8570000	6747	NA
212	Pulse	55	8580000	16747	NA
212	Pulse	55	8590000	26747	NA
212	Pulse	55	8600000	36747	NA
213	Pulse	55	8610000	6233	NA
213	Pulse	55	8620000	16233	NA
213	Pulse	55	8630000	26233	NA
213	Pulse	55	8640000	36233	NA
214	Pulse	55	8650000	5720	NA
214	Pulse	55	8660000	15720	NA
214	Pulse	55	8670000	25720	NA
214	Pulse	55	8680000	35720	NA
215	Pulse	55	8690000	5123	NA
215	Pulse	55	8700000	15123	NA
215	Pulse	55	8710000	25123	NA
215	Pulse	55	8720000	35123	NA
216	Pulse	55	8730000	4610	NA
216	Pulse	55	8740000	14610	NA
216	Pulse	55	8750000	24610	NA
216	Pulse	55	8760000	34610	NA
217	Pulse	55	8770000	4263	NA
217	Pulse	55	8780000	14263	NA
217	Pulse	55	8790000	24263	NA
217	Pulse	55	8800000	34263	NA
218	Pulse	55	8810000	3750	NA
218	Pulse	55	8820000	13750	NA
218	Pulse	55	8830000	23750	NA
218	Pulse	55	8840000	33750	NA
219	Pulse	55	8850000	3236	NA
219	Pulse	55	8860000	13236	NA
219	Pulse	55	8870000	23236	NA
219	Pulse	55	8880000	33236	NA
220	Pulse	55	8890000	2639	NA
220	Pulse	55	8900000	12639	NA
220	Pulse	55	8910000	22639	NA
220	Pulse	55	8920000	32639	NA
221	Pulse	55	8930000	2043	NA
221	Pulse	55	8940000	12043	NA
221	Pulse	55	8950000	22043	NA
221	Pulse	55	8960000	32043	NA
222	Pulse	55	8970000	1612	NA
222	Pulse	55	8980000	11612	NA
222	Pulse	55	8990000	21612	NA
222	Pulse	55	9000000	31612	NA
223	Pulse	55	9010000	1016	NA
223	Pulse	55	9020000	11016	NA
223	Pulse	55	9030000	21016	NA
223	Pulse	55	9040000	31016	NA
224	Pulse	55	9050000	419	NA
224	Pulse	55	9060000	10419	NA
224	Pulse	55	9070000	20419	NA
224	Pulse	55	9080000	30419	NA
224	Pulse	55	9090000	40419	NA
225	Pulse	55	9100000	9989	NA
225	Pulse	55	9110000	19989	NA
225	Pulse	55	9120000	29989	NA
225	Pulse	55	9130000	39989	NA
226	Pulse	55	9140000	9475	NA
226	Pulse	55	9150000	19475	NA
226	Pulse	55	9160000	29475	NA
226	Pulse	55	9170000	39475	NA
227	Pulse	55	9180000	8962	NA
227	Pulse	55	9190000	18962	NA
227	Pulse	55	9200000	28962	NA
227	Pulse	55	9210000	38962	NA
228	Pulse	55	9220000	8449	NA
228	Pulse	55	9230000	18449	NA
228	Pulse	55	9240000	28449	NA
228	Pulse	55	9250000	38449	NA
229	Pulse	55	9260000	7935	NA
229	Pulse	55	9270000	17935	NA
229	Pulse	55	9280000	27935	NA
229	Pulse	55	9290000	37935	NA
230	Pulse	55	9300000	7422	NA
230	Pulse	55	9310000	17422	NA
230	Pulse	55	9320000	27422	NA
230	Pulse	55	9330000	37422	NA
231	Pulse	55	9340000	6908	NA
231	Pulse	55	9350000	16908	NA
231	Pulse	55	9360000	26908	NA
231	Pulse	55	9370000	36908	NA
232	Pulse	55	9380000	6312	NA
232	Pulse	55	9390000	16312	NA
232	Pulse	55	9400000	26312	NA
232	Pulse	55	9410000	36312	NA
233	Pulse	55	9420000	5715	NA
233	Pulse	55	9430000	15715	NA
233	Pulse	55	9440000	25715	NA
233	Pulse	55	9450000	35715	NA
234	Pulse	55	9460000	5118	NA
234	Pulse	55	9470000	15118	NA
234	Pulse	55	9480000	25118	NA
234	Pulse	55	9490000	35118	NA
235	Pulse	55	9500000	4521	NA
235	Pulse	55	9510000	14521	NA
235	Pulse	55	9520000	24521	NA
235	Pulse	55	9530000	34521	NA
236	Pulse	55	9540000	3924	NA
236	Pulse	55	9550000	13924	NA
236	Pulse	55	9560000	23924	NA
236	Pulse	55	9570000	33924	NA
237	Pulse	55	9580000	3328	NA
237	Pulse	55	9590000	13328	NA
237	Pulse	55	9600000	23328	NA
237	Pulse	55	9610000	33328	NA
238	Pulse	55	9620000	2814	NA
238	Pulse	55	9630000	12814	NA
238	Pulse	55	9640000	22814	NA
238	Pulse	55	9650000	32814	NA
239	Pulse	55	9660000	2301	NA
239	Pulse	55	9670000	12301	NA
239	Pulse	55	9680000	22301	NA
239	Pulse	55	9690000	32301	NA
240	Pulse	55	9700000	1704	NA
240	Pulse	55	9710000	11704	NA
240	Pulse	55	9720000	21704	NA
240	Pulse	55	9730000	31704	NA
241	Pulse	55	9740000	1191	NA
241	Pulse	55	9750000	11191	NA
241	Pulse	55	9760000	21191	NA
241	Pulse	55	9770000	31191	NA
242	Pulse	55	9780000	594	NA
242	Pulse	55	9790000	10594	NA
242	Pulse	55	9800000	20594	NA
242	Pulse	55	9810000	30594	NA
242	Pulse	55	9820000	40594	NA
243	Pulse	55	9830000	9997	NA
243	Pulse	55	9840000	19997	NA
243	Pulse	55	9850000	29997	NA
243	Pulse	55	9860000	39997	NA
244	Pulse	55	9870000	9400	NA
244	Pulse	55	9880000	19400	NA
244	Pulse	55	9890000	29400	NA
244	Pulse	55	9900000	39400	NA
245	Pulse	55	9910000	8887	NA
245	Pulse	55	9920000	18887	NA
245	Pulse	55	9930000	28887	NA
245	Pulse	55	9940000	38887	NA
246	Pulse	55	9950000	8290	NA
246	Pulse	55	9960000	18290	NA
246	Pulse	55	9970000	28290	NA
246	Pulse	55	9980000	38290	NA
247	Pulse	55	9990000	7693	NA
247	Pulse	55	10000000	17693	NA
247	Pulse	55	10010000	27693	NA
247	Pulse	55	10020000	37693	NA
248	Pulse	55	10030000	7097	NA
248	Pulse	55	10040000	17097	NA
248	Pulse	55	10050000	27097	NA
248	Pulse	55	10060000	37097	NA
249	Pulse	55	10070000	6500	NA
249	Pulse	55	10080000	16500	NA
249	Pulse	55	10090000	26500	NA
249	Pulse	55	10100000	36500	NA
250	Pulse	55	10110000	5903	NA
250	Pulse	55	10120000	15903	NA
250	Pulse	55	10130000	25903	NA
250	Pulse	55	10140000	35903	NA
251	Pulse	55	10150000	5306	NA
251	Pulse	55	10160000	15306	NA
251	Pulse	55	10170000	25306	NA
251	Pulse	55	10180000	35306	NA
252	Pulse	55	10190000	4709	NA
252	Pulse	55	10200000	14709	NA
252	Pulse	55	10210000	24709	NA
252	Pulse	55	10220000	34709	NA
253	Pulse	55	10230000	4113	NA
253	Pulse	55	10240000	14113	NA
253	Pulse	55	10250000	24113	NA
253	Pulse	55	10260000	34113	NA
254	Pulse	55	10270000	3516	NA
254	Pulse	55	10280000	13516	NA
254	Pulse	55	10290000	23516	NA
254	Pulse	55	10300000	33516	NA
255	Pulse	55	10310000	3086	NA
255	Pulse	55	10320000	13086	NA
255	Pulse	55	10330000	23086	NA
255	Pulse	55	10340000	33086	NA
256	Pulse	55	10350000	2572	NA
256	Pulse	55	10360000	12572	NA
256	Pulse	55	10370000	22572	NA
256	Pulse	55	10380000	32572	NA
257	Pulse	55	10390000	2059	NA
257	Pulse	55	10400000	12059	NA
257	Pulse	55	10410000	22059	NA
257	Pulse	55	10420000	32059	NA
258	Pulse	55	10430000	1462	NA
258	Pulse	55	10440000	11462	NA
258	Pulse	55	10450000	21462	NA
258	Pulse	55	10460000	31462	NA
259	Pulse	55	10470000	865	NA
259	Pulse	55	10480000	10865	NA
259	Pulse	55	10490000	20865	NA
259	Pulse	55	10500000	30865	NA
260	Pulse	55	10510000	269	NA
260	Pulse	55	10520000	10269	NA
260	Pulse	55	10530000	20269	NA
260	Pulse	55	10540000	30269	NA
260	Pulse	55	10550000	40269	NA
261	Pulse	55	10560000	9672	NA
261	Pulse	55	10570000	19672	NA
261	Pulse	55	10580000	29672	NA
261	Pulse	55	10590000	39672	NA
262	Pulse	55	10600000	9075	NA
262	Pulse	55	10610000	19075	NA
262	Pulse	55	10620000	29075	NA
262	Pulse	55	10630000	39075	NA
263	Pulse	55	10640000	8562	NA
263	Pulse	55	10650000	18562	NA
263	Pulse	55	10660000	28562	NA
263	Pulse	55	10670000	38562	NA
264	Pulse	55	10680000	7965	NA
264	Pulse	55	10690000	17965	NA
264	Pulse	55	10700000	27965	NA
264	Pulse	55	10710000	37965	NA
265	Pulse	55	10720000	7368	NA
265	Pulse	55	10730000	17368	NA
265	Pulse	55	10740000	27368	NA
265	Pulse	55	10750000	37368	NA
266	Pulse	55	10760000	6771	NA
266	Pulse	55	10770000	16771	NA
266	Pulse	55	10780000	26771	NA
266	Pulse	55	10790000	36771	NA
267	Pulse	55	10800000	6175	NA
267	Pulse	55	10810000	16175	NA
267	Pulse	55	10820000	26175	NA
267	Pulse	55	10830000	36175	NA
268	Pulse	55	10840000	5578	NA
268	Pulse	55	10850000	15578	NA
268	Pulse	55	10860000	25578	NA
268	Pulse	55	10870000	35578	NA
269	Pulse	55	10880000	4981	NA
269	Pulse	55	10890000	14981	NA
269	Pulse	55	10900000	24981	NA
269	Pulse	55	10910000	34981	NA
270	Pulse	55	10920000	4384	NA
270	Pulse	55	10930000	14384	NA
270	Pulse	55	10940000	24384	NA
270	Pulse	55	10950000	34384	NA
271	Pulse	55	10960000	3787	NA
271	Pulse	55	10970000	13787	NA
271	Pulse	55	10980000	23787	NA
271	Pulse	55	10990000	33787	NA
272	Pulse	55	11000000	3191	NA
272	Pulse	55	11010000	13191	NA
272	Pulse	55	11020000	23191	NA
272	Pulse	55	11030000	33191	NA
273	Pulse	55	11040000	2594	NA
273	Pulse	55	11050000	12594	NA
273	Pulse	55	11060000	22594	NA
273	Pulse	55	11070000	32594	NA
274	Pulse	55	11080000	1997	NA
274	Pulse	55	11090000	11997	NA
274	Pulse	55	11100000	21997	NA
274	Pulse	55	11110000	31997	NA
275	Pulse	55	11120000	1400	NA
275	Pulse	55	11130000	11400	NA
275	Pulse	55	11140000	21400	NA
275	Pulse	55	11150000	31400	NA
276	Pulse	55	11160000	804	NA
276	Pulse	55	11170000	10804	NA
276	Pulse	55	11180000	20804	NA
276	Pulse	55	11190000	30804	NA
277	Pulse	55	11200000	207	NA
277	Pulse	55	11210000	10207	NA
277	Pulse	55	11220000	20207	NA
277	Pulse	55	11230000	30207	NA
277	Pulse	55	11240000	40207	NA
278	Pulse	55	11250000	9610	NA
278	Pulse	55	11260000	19610	NA
278	Pulse	55	11270000	29610	NA
278	Pulse	55	11280000	39610	NA
279	Pulse	55	11290000	9013	NA
279	Pulse	55	11300000	19013	NA
279	Pulse	55	11310000	29013	NA
279	Pulse	55	11320000	39013	NA
280	Pulse	55	11330000	8416	NA
280	Pulse	55	11340000	18416	NA
280	Pulse	55	11350000	28416	NA
280	Pulse	55	11360000	38416	NA
281	Pulse	55	11370000	7820	NA
281	Pulse	55	11380000	17820	NA
281	Pulse	55	11390000	27820	NA
281	Pulse	55	11400000	37820	NA
282	Pulse	55	11410000	7223	NA
282	Pulse	55	11420000	17223	NA
282	Pulse	55	11430000	27223	NA
282	Pulse	55	11440000	37223	NA
283	Pulse	55	11450000	6543	NA
283	Pulse	55	11460000	16543	NA
283	Pulse	55	11470000	26543	NA
283	Pulse	55	11480000	36543	NA
284	Pulse	55	11490000	5946	NA
284	Pulse	55	11500000	15946	NA
284	Pulse	55	11510000	25946	NA
284	Pulse	55	11520000	35946	NA
285	Pulse	55	11530000	5349	NA
285	Pulse	55	11540000	15349	NA
285	Pulse	55	11550000	25349	NA
285	Pulse	55	11560000	35349	NA
286	Pulse	55	11570000	4752	NA
286	Pulse	55	11580000	14752	NA
286	Pulse	55	11590000	24752	NA
286	Pulse	55	11600000	34752	NA
287	Pulse	55	11610000	4072	NA
287	Pulse	55	11620000	14072	NA
287	Pulse	55	11630000	24072	NA
287	Pulse	55	11640000	34072	NA
288	Pulse	55	11650000	3475	NA
288	Pulse	55	11660000	13475	NA
288	Pulse	55	11670000	23475	NA
288	Pulse	55	11680000	33475	NA
289	Pulse	55	11690000	2879	NA
289	Pulse	55	11700000	12879	NA
289	Pulse	55	11710000	22879	NA
289	Pulse	55	11720000	32879	NA
290	Pulse	55	11730000	2282	NA
290	Pulse	55	11740000	12282	NA
290	Pulse	55	11750000	22282	NA
290	Pulse	55	11760000	32282	NA
291	Pulse	55	11770000	1602	NA
291	Pulse	55	11780000	11602	NA
291	Pulse	55	11790000	21602	NA
291	Pulse	55	11800000	31602	NA
292	Pulse	55	11810000	1005	NA
292	Pulse	55	11820000	11005	NA
292	Pulse	55	11830000	21005	NA
292	Pulse	55	11840000	31005	NA
293	Pulse	55	11850000	408	NA
293	Pulse	55	11860000	10408	NA
293	Pulse	55	11870000	20408	NA
293	Pulse	55	11880000	30408	NA
293	Pulse	55	11890000	40408	NA
294	Pulse	55	11900000	9728	NA
294	Pulse	55	11910000	19728	NA
294	Pulse	55	11920000	29728	NA
294	Pulse	55	11930000	39728	NA
295	Pulse	55	11940000	9131	NA
295	Pulse	55	11950000	19131	NA
295	Pulse	55	11960000	29131	NA
295	Pulse	55	11970000	39131	NA
296	Pulse	55	11980000	8534	NA
296	Pulse	55	11990000	18534	NA
296	Pulse	55	12000000	28534	NA
296	Pulse	55	12010000	38534	NA
297	Pulse	55	12020000	7938	NA
297	Pulse	55	12030000	17938	NA
297	Pulse	55	12040000	27938	NA
297	Pulse	55	12050000	37938	NA
298	Pulse	55	12060000	7258	NA
298	Pulse	55	12070000	17258	NA
298	Pulse	55	12080000	27258	NA
298	Pulse	55	12090000	37258	NA
299	Pulse	55	12100000	6661	NA
299	Pulse	55	12110000	16661	NA
299	Pulse	55	12120000	26661	NA
299	Pulse	55	12130000	36661	NA
300	Pulse	55	12140000	6064	NA
300	Pulse	55	12150000	16064	NA
300	Pulse	55	12160000	26064	NA
300	Pulse	55	12170000	36064	NA
301	Pulse	55	12180000	5384	NA
301	Pulse	55	12190000	15384	NA
301	Pulse	55	12200000	25384	NA
301	Pulse	55	12210000	35384	NA
302	Pulse	55	12220000	4787	NA
302	Pulse	55	12230000	14787	NA
302	Pulse	55	12240000	24787	NA
302	Pulse	55	12250000	34787	NA
303	Pulse	55	12260000	4190	NA
303	Pulse	55	12270000	14190	NA
303	Pulse	55	12280000	24190	NA
303	Pulse	55	12290000	34190	NA
304	Pulse	55	12300000	3594	NA
304	Pulse	55	12310000	13594	NA
304	Pulse	55	12320000	23594	NA
304	Pulse	55	12330000	33594	NA
305	Pulse	55	12340000	2997	NA
305	Pulse	55	12350000	12997	NA
305	Pulse	55	12360000	22997	NA
305	Pulse	55	12370000	32997	NA
306	Pulse	55	12380000	2400	NA
306	Pulse	55	12390000	12400	NA
306	Pulse	55	12400000	22400	NA
306	Pulse	55	12410000	32400	NA
307	Pulse	55	12420000	1803	NA
307	Pulse	55	12430000	11803	NA
307	Pulse	55	12440000	21803	NA
307	Pulse	55	12450000	31803	NA
308	Pulse	55	12460000	1123	NA
308	Pulse	55	12470000	11123	NA
308	Pulse	55	12480000	21123	NA
308	Pulse	55	12490000	31123	NA
309	Pulse	55	12500000	526	NA
309	Pulse	55	12510000	10526	NA
309	Pulse	55	12520000	20526	NA
309	Pulse	55	12530000	30526	NA
309	Pulse	55	12540000	40526	NA
310	Pulse	55	12550000	9846	NA
310	Pulse	55	12560000	19846	NA
310	Pulse	55	12570000	29846	NA
310	Pulse	55	12580000	39846	NA
311	Pulse	55	12590000	9249	NA
311	Pulse	55	12600000	19249	NA
311	Pulse	55	12610000	29249	NA
311	Pulse	55	12620000	39249	NA
312	Pulse	55	12630000	8569	NA
312	Pulse	55	12640000	18569	NA
312	Pulse	55	12650000	28569	NA
312	Pulse	55	12660000	38569	NA
313	Pulse	55	12670000	7972	NA
313	Pulse	55	12680000	17972	NA
313	Pulse	55	12690000	27972	NA
313	Pulse	55	12700000	37972	NA
314	Pulse	55	12710000	7376	NA
314	Pulse	55	12720000	17376	NA
314	Pulse	55	12730000	27376	NA
314	Pulse	55	12740000	37376	NA
315	Pulse	55	12750000	6779	NA
315	Pulse	55	12760000	16779	NA
315	Pulse	55	12770000	26779	NA
315	Pulse	55	12780000	36779	NA
316	Pulse	55	12790000	6182	NA
316	Pulse	55	12800000	16182	NA
316	Pulse	55	12810000	26182	NA
316	Pulse	55	12820000	36182	NA
317	Pulse	55	12830000	5585	NA
317	Pulse	55	12840000	15585	NA
317	Pulse	55	12850000	25585	NA
317	Pulse	55	12860000	35585	NA
318	Pulse	55	12870000	4905	NA
318	Pulse	55	12880000	14905	NA
318	Pulse	55	12890000	24905	NA
318	Pulse	55	12900000	34905	NA
319	Pulse	55	12910000	4308	NA
319	Pulse	55	12920000	14308	NA
319	Pulse	55	12930000	24308	NA
319	Pulse	55	12940000	34308	NA
320	Pulse	55	12950000	3712	NA
320	Pulse	55	12960000	13712	NA
320	Pulse	55	12970000	23712	NA
320	Pulse	55	12980000	33712	NA
321	Pulse	55	12990000	3115	NA
321	Pulse	55	13000000	13115	NA
321	Pulse	55	13010000	23115	NA
321	Pulse	55	13020000	33115	NA
322	Pulse	55	13030000	2518	NA
322	Pulse	55	13040000	12518	NA
322	Pulse	55	13050000	22518	NA
322	Pulse	55	13060000	32518	NA
323	Pulse	55	13070000	1921	NA
323	Pulse	55	13080000	11921	NA
323	Pulse	55	13090000	21921	NA
323	Pulse	55	13100000	31921	NA
324	Pulse	55	13110000	1324	NA
324	Pulse	55	13120000	11324	NA
324	Pulse	55	13130000	21324	NA
324	Pulse	55	13140000	31324	NA
325	Pulse	55	13150000	728	NA
325	Pulse	55	13160000	10728	NA
325	Pulse	55	13170000	20728	NA
325	Response	1	13172350	23078	1
325	Pulse	55	13180000	30728	NA
326	Pulse	55	13190000	631	NA
326	Pulse	55	13200000	10631	NA
327	Pulse	55	13210000	541	NA
327	Pulse	55	13220000	10541	NA
327	Pulse	55	13230000	20541	NA
327	Pulse	55	13240000	30541	NA
327	Pulse	55	13250000	40541	NA
327	Pulse	55	13260000	50541	NA
327	Pulse	55	13270000	60541	NA
327	Pulse	55	13280000	70541	NA
327	Pulse	55	13290000	80541	NA
327	Pulse	55	13300000	90541	NA
327	Pulse	55	13310000	100541	NA
327	Pulse	55	13320000	110541	NA
327	Pulse	55	13330000	120541	NA
327	Pulse	55	13340000	130541	NA
327	Pulse	55	13350000	140541	NA
327	Pulse	55	13360000	150541	NA
327	Pulse	55	13370000	160541	NA
327	Pulse	55	13380000	170541	NA
327	Pulse	55	13390000	180541	NA
327	Pulse	55	13400000	190541	NA
327	Pulse	55	13410000	200541	NA
327	Pulse	55	13420000	210541	NA
327	Pulse	55	13430000	220541	NA
327	Pulse	55	13440000	230541	NA
327	Pulse	55	13450000	240541	NA
327	Pulse	55	13460000	250541	NA
327	Pulse	55	13470000	260541	NA
327	Pulse	55	13480000	270541	NA
327	Response	1	13489308	279849	1
327	Pulse	55	13490000	280541	NA
327	Pulse	55	13500000	290541	NA
328	Pulse	55	13510000	9945	NA
328	Pulse	55	13520000	19945	NA
328	Pulse	55	13530000	29945	NA
328	Pulse	55	13540000	39945	NA
328	Pulse	55	13550000	49945	NA
328	Pulse	55	13560000	59945	NA
328	Pulse	55	13570000	69945	NA
328	Pulse	55	13580000	79945	NA
328	Pulse	55	13590000	89945	NA
328	Pulse	55	13600000	99945	NA
328	Pulse	55	13610000	109945	NA
328	Pulse	55	13620000	119945	NA
328	Pulse	55	13630000	129945	NA
328	Pulse	55	13640000	139945	NA
328	Pulse	55	13650000	149945	NA
328	Pulse	55	13660000	159945	NA
328	Pulse	55	13670000	169945	NA
328	Pulse	55	13680000	179945	NA
328	Pulse	55	13690000	189945	NA
328	Pulse	55	13700000	199945	NA
328	Pulse	55	13710000	209945	NA
328	Pulse	55	13720000	219945	NA
328	Pulse	55	13730000	229945	NA
328	Pulse	55	13740000	239945	NA
328	Pulse	55	13750000	249945	NA
328	Pulse	55	13760000	259945	NA
328	Pulse	55	13770000	269945	NA
328	Pulse	55	13780000	279945	NA
328	Pulse	55	13790000	289945	NA
328	Pulse	55	13800000	299945	NA
328	Pulse	55	13810000	309945	NA
328	Pulse	55	13820000	319945	NA
328	Pulse	55	13830000	329945	NA
328	Pulse	55	13840000	339945	NA
328	Pulse	55	13850000	349945	NA
328	Pulse	55	13860000	359945	NA
328	Pulse	55	13870000	369945	NA
328	Pulse	55	13880000	379945	NA
328	Pulse	55	13890000	389945	NA
328	Pulse	55	13900000	399945	NA
328	Pulse	55	13910000	409945	NA
328	Pulse	55	13920000	419945	NA
328	Pulse	55	13930000	429945	NA
328	Pulse	55	13940000	439945	NA
328	Pulse	55	13950000	449945	NA
328	Pulse	55	13960000	459945	NA
328	Pulse	55	13970000	469945	NA
328	Pulse	55	13980000	479945	NA
328	Pulse	55	13990000	489945	NA
328	Pulse	55	14000000	499945	NA
328	Pulse	55	14010000	509945	NA
328	Pulse	55	14020000	519945	NA
328	Pulse	55	14030000	529945	NA
328	Pulse	55	14040000	539945	NA
328	Pulse	55	14050000	549945	NA
328	Pulse	55	14060000	559945	NA
328	Pulse	55	14070000	569945	NA
328	Pulse	55	14080000	579945	NA
328	Pulse	55	14090000	589945	NA
328	Pulse	55	14100000	599945	NA
328	Pulse	55	14110000	609945	NA
328	Pulse	55	14120000	619945	NA
328	Pulse	55	14130000	629945	NA
328	Pulse	55	14140000	639945	NA
328	Pulse	55	14150000	649945	NA
328	Pulse	55	14160000	659945	NA
328	Pulse	55	14170000	669945	NA
328	Pulse	55	14180000	679945	NA
328	Pulse	55	14190000	689945	NA
328	Pulse	55	14200000	699945	NA
328	Pulse	55	14210000	709945	NA
328	Pulse	55	14220000	719945	NA
328	Pulse	55	14230000	729945	NA
328	Pulse	55	14240000	739945	NA
328	Pulse	55	14250000	749945	NA
328	Pulse	55	14260000	759945	NA
328	Pulse	55	14270000	769945	NA
328	Pulse	55	14280000	779945	NA
328	Pulse	55	14290000	789945	NA
328	Pulse	55	14300000	799945	NA
328	Pulse	55	14310000	809945	NA
328	Pulse	55	14320000	819945	NA
328	Pulse	55	14330000	829945	NA
328	Pulse	55	14340000	839945	NA
328	Pulse	55	14350000	849945	NA
328	Pulse	55	14360000	859945	NA
328	Pulse	55	14370000	869945	NA
328	Pulse	55	14380000	879945	NA
328	Pulse	55	14390000	889945	NA
328	Pulse	55	14400000	899945	NA
328	Pulse	55	14410000	909945	NA
328	Pulse	55	14420000	919945	NA
328	Pulse	55	14430000	929945	NA
328	Pulse	55	14440000	939945	NA
328	Pulse	55	14450000	949945	NA
328	Pulse	55	14460000	959945	NA
328	Pulse	55	14470000	969945	NA
328	Pulse	55	14480000	979945	NA
328	Pulse	55	14490000	989945	NA
328	Pulse	55	14500000	999945	NA
328	Pulse	55	14510000	1009945	NA
328	Pulse	55	14520000	1019945	NA
328	Pulse	55	14530000	1029945	NA
328	Pulse	55	14540000	1039945	NA
328	Pulse	55	14550000	1049945	NA
328	Pulse	55	14560000	1059945	NA
328	Pulse	55	14570000	1069945	NA
328	Pulse	55	14580000	1079945	NA
328	Pulse	55	14590000	1089945	NA
328	Pulse	55	14600000	1099945	NA
328	Pulse	55	14610000	1109945	NA
328	Pulse	55	14620000	1119945	NA
328	Pulse	55	14630000	1129945	NA
328	Pulse	55	14640000	1139945	NA
328	Pulse	55	14650000	1149945	NA
328	Pulse	55	14660000	1159945	NA
328	Pulse	55	14670000	1169945	NA
328	Pulse	55	14680000	1179945	NA
328	Pulse	55	14690000	1189945	NA
328	Pulse	55	14700000	1199945	NA
328	Pulse	55	14710000	1209945	NA
328	Pulse	55	14720000	1219945	NA
328	Pulse	55	14730000	1229945	NA
328	Pulse	55	14740000	1239945	NA
328	Pulse	55	14750000	1249945	NA
328	Pulse	55	14760000	1259945	NA
328	Pulse	55	14770000	1269945	NA
328	Pulse	55	14780000	1279945	NA
328	Pulse	55	14790000	1289945	NA
328	Pulse	55	14800000	1299945	NA
328	Pulse	55	14810000	1309945	NA
328	Pulse	55	14820000	1319945	NA
328	Pulse	55	14830000	1329945	NA
328	Pulse	55	14840000	1339945	NA
328	Pulse	55	14850000	1349945	NA
328	Pulse	55	14860000	1359945	NA
328	Pulse	55	14870000	1369945	NA
328	Pulse	55	14880000	1379945	NA
328	Pulse	55	14890000	1389945	NA
328	Pulse	55	14900000	1399945	NA
328	Pulse	55	14910000	1409945	NA
328	Pulse	55	14920000	1419945	NA
328	Pulse	55	14930000	1429945	NA
328	Pulse	55	14940000	1439945	NA
328	Pulse	55	14950000	1449945	NA
328	Pulse	55	14960000	1459945	NA
328	Pulse	55	14970000	1469945	NA
328	Pulse	55	14980000	1479945	NA
328	Pulse	55	14990000	1489945	NA
328	Pulse	55	15000000	1499945	NA
328	Pulse	55	15010000	1509945	NA
328	Pulse	55	15020000	1519945	NA
328	Pulse	55	15030000	1529945	NA
328	Pulse	55	15040000	1539945	NA
328	Pulse	55	15050000	1549945	NA
328	Pulse	55	15060000	1559945	NA
328	Pulse	55	15070000	1569945	NA
328	Pulse	55	15080000	1579945	NA
328	Pulse	55	15090000	1589945	NA
328	Pulse	55	15100000	1599945	NA
328	Pulse	55	15110000	1609945	NA
328	Pulse	55	15120000	1619945	NA
328	Pulse	55	15130000	1629945	NA
328	Pulse	55	15140000	1639945	NA
328	Pulse	55	15150000	1649945	NA
328	Pulse	55	15160000	1659945	NA
328	Pulse	55	15170000	1669945	NA
328	Pulse	55	15180000	1679945	NA
328	Pulse	55	15190000	1689945	NA
328	Pulse	55	15200000	1699945	NA
328	Pulse	55	15210000	1709945	NA
328	Pulse	55	15220000	1719945	NA
328	Pulse	55	15230000	1729945	NA
328	Pulse	55	15240000	1739945	NA
328	Pulse	55	15250000	1749945	NA
328	Pulse	55	15260000	1759945	NA
328	Pulse	55	15270000	1769945	NA
328	Pulse	55	15280000	1779945	NA
328	Pulse	55	15290000	1789945	NA
328	Pulse	55	15300000	1799945	NA
328	Pulse	55	15310000	1809945	NA
328	Pulse	55	15320000	1819945	NA
328	Pulse	55	15330000	1829945	NA
328	Pulse	55	15340000	1839945	NA
328	Pulse	55	15350000	1849945	NA
328	Pulse	55	15360000	1859945	NA
328	Pulse	55	15370000	1869945	NA
328	Pulse	55	15380000	1879945	NA
328	Pulse	55	15390000	1889945	NA
328	Pulse	55	15400000	1899945	NA
328	Pulse	55	15410000	1909945	NA
328	Pulse	55	15420000	1919945	NA
328	Pulse	55	15430000	1929945	NA
328	Pulse	55	15440000	1939945	NA
328	Pulse	55	15450000	1949945	NA
328	Pulse	55	15460000	1959945	NA
328	Pulse	55	15470000	1969945	NA
328	Pulse	55	15480000	1979945	NA
328	Pulse	55	15490000	1989945	NA
328	Pulse	55	15500000	1999945	NA
328	Pulse	55	15510000	2009945	NA
328	Pulse	55	15520000	2019945	NA
328	Pulse	55	15530000	2029945	NA
328	Pulse	55	15540000	2039945	NA
328	Pulse	55	15550000	2049945	NA
328	Pulse	55	15560000	2059945	NA
328	Pulse	55	15570000	2069945	NA
328	Pulse	55	15580000	2079945	NA
328	Pulse	55	15590000	2089945	NA
328	Pulse	55	15600000	2099945	NA
328	Pulse	55	15610000	2109945	NA
328	Pulse	55	15620000	2119945	NA
328	Pulse	55	15630000	2129945	NA
328	Pulse	55	15640000	2139945	NA
328	Pulse	55	15650000	2149945	NA
328	Pulse	55	15660000	2159945	NA
328	Pulse	55	15670000	2169945	NA
328	Pulse	55	15680000	2179945	NA
328	Pulse	55	15690000	2189945	NA
328	Pulse	55	15700000	2199945	NA
328	Pulse	55	15710000	2209945	NA
328	Pulse	55	15720000	2219945	NA
328	Pulse	55	15730000	2229945	NA
328	Pulse	55	15740000	2239945	NA
328	Pulse	55	15750000	2249945	NA
328	Pulse	55	15760000	2259945	NA
328	Pulse	55	15770000	2269945	NA
328	Pulse	55	15780000	2279945	NA
328	Pulse	55	15790000	2289945	NA
328	Pulse	55	15800000	2299945	NA
328	Pulse	55	15810000	2309945	NA
328	Pulse	55	15820000	2319945	NA
328	Pulse	55	15830000	2329945	NA
328	Pulse	55	15840000	2339945	NA
328	Pulse	55	15850000	2349945	NA
328	Pulse	55	15860000	2359945	NA
328	Pulse	55	15870000	2369945	NA
328	Pulse	55	15880000	2379945	NA
328	Pulse	55	15890000	2389945	NA
328	Pulse	55	15900000	2399945	NA
328	Pulse	55	15910000	2409945	NA
328	Pulse	55	15920000	2419945	NA
328	Pulse	55	15930000	2429945	NA
328	Pulse	55	15940000	2439945	NA
328	Pulse	55	15950000	2449945	NA
328	Pulse	55	15960000	2459945	NA
328	Pulse	55	15970000	2469945	NA
328	Pulse	55	15980000	2479945	NA
328	Pulse	55	15990000	2489945	NA
328	Pulse	55	16000000	2499945	NA
328	Pulse	55	16010000	2509945	NA
328	Pulse	55	16020000	2519945	NA
328	Pulse	55	16030000	2529945	NA
328	Pulse	55	16040000	2539945	NA
328	Pulse	55	16050000	2549945	NA
328	Pulse	55	16060000	2559945	NA
328	Pulse	55	16070000	2569945	NA
328	Pulse	55	16080000	2579945	NA
328	Pulse	55	16090000	2589945	NA
328	Pulse	55	16100000	2599945	NA
328	Pulse	55	16110000	2609945	NA
328	Pulse	55	16120000	2619945	NA
328	Pulse	55	16130000	2629945	NA
328	Pulse	55	16140000	2639945	NA
328	Pulse	55	16150000	2649945	NA
328	Pulse	55	16160000	2659945	NA
328	Pulse	55	16170000	2669945	NA
328	Pulse	55	16180000	2679945	NA
328	Pulse	55	16190000	2689945	NA
328	Pulse	55	16200000	2699945	NA
328	Pulse	55	16210000	2709945	NA
328	Pulse	55	16220000	2719945	NA
328	Pulse	55	16230000	2729945	NA
328	Pulse	55	16240000	2739945	NA
328	Pulse	55	16250000	2749945	NA
328	Pulse	55	16260000	2759945	NA
328	Pulse	55	16270000	2769945	NA
328	Pulse	55	16280000	2779945	NA
328	Pulse	55	16290000	2789945	NA
328	Pulse	55	16300000	2799945	NA
328	Pulse	55	16310000	2809945	NA
328	Pulse	55	16320000	2819945	NA
328	Pulse	55	16330000	2829945	NA
328	Pulse	55	16340000	2839945	NA
328	Pulse	55	16350000	2849945	NA
328	Pulse	55	16360000	2859945	NA
328	Pulse	55	16370000	2869945	NA
328	Pulse	55	16380000	2879945	NA
328	Pulse	55	16390000	2889945	NA
328	Pulse	55	16400000	2899945	NA
328	Pulse	55	16410000	2909945	NA
328	Pulse	55	16420000	2919945	NA
328	Pulse	55	16430000	2929945	NA
328	Pulse	55	16440000	2939945	NA
328	Pulse	55	16450000	2949945	NA
328	Pulse	55	16460000	2959945	NA
328	Pulse	55	16470000	2969945	NA
328	Pulse	55	16480000	2979945	NA
328	Pulse	55	16490000	2989945	NA
328	Pulse	55	16500000	2999945	NA
328	Pulse	55	16510000	3009945	NA
328	Pulse	55	16520000	3019945	NA
328	Pulse	55	16530000	3029945	NA
328	Pulse	55	16540000	3039945	NA
328	Pulse	55	16550000	3049945	NA
328	Pulse	55	16560000	3059945	NA
328	Pulse	55	16570000	3069945	NA
328	Pulse	55	16580000	3079945	NA
328	Pulse	55	16590000	3089945	NA
328	Pulse	55	16600000	3099945	NA
328	Pulse	55	16610000	3109945	NA
328	Pulse	55	16620000	3119945	NA
328	Pulse	55	16630000	3129945	NA
328	Pulse	55	16640000	3139945	NA
328	Pulse	55	16650000	3149945	NA
328	Pulse	55	16660000	3159945	NA
328	Pulse	55	16670000	3169945	NA
328	Pulse	55	16680000	3179945	NA
328	Pulse	55	16690000	3189945	NA
328	Pulse	55	16700000	3199945	NA
328	Pulse	55	16710000	3209945	NA
328	Pulse	55	16720000	3219945	NA
328	Pulse	55	16730000	3229945	NA
328	Pulse	55	16740000	3239945	NA
328	Pulse	55	16750000	3249945	NA
328	Pulse	55	16760000	3259945	NA
328	Pulse	55	16770000	3269945	NA
328	Pulse	55	16780000	3279945	NA
328	Pulse	55	16790000	3289945	NA
328	Pulse	55	16800000	3299945	NA
328	Pulse	55	16810000	3309945	NA
328	Pulse	55	16820000	3319945	NA
328	Pulse	55	16830000	3329945	NA
328	Pulse	55	16840000	3339945	NA
328	Pulse	55	16850000	3349945	NA
328	Pulse	55	16860000	3359945	NA
328	Pulse	55	16870000	3369945	NA
328	Pulse	55	16880000	3379945	NA
328	Pulse	55	16890000	3389945	NA
328	Pulse	55	16900000	3399945	NA
328	Pulse	55	16910000	3409945	NA
328	Pulse	55	16920000	3419945	NA
328	Pulse	55	16930000	3429945	NA
328	Pulse	55	16940000	3439945	NA
328	Pulse	55	16950000	3449945	NA
328	Pulse	55	16960000	3459945	NA
328	Pulse	55	16970000	3469945	NA
328	Pulse	55	16980000	3479945	NA
328	Pulse	55	16990000	3489945	NA
328	Pulse	55	17000000	3499945	NA
328	Pulse	55	17010000	3509945	NA
328	Pulse	55	17020000	3519945	NA
328	Pulse	55	17030000	3529945	NA
328	Pulse	55	17040000	3539945	NA
328	Pulse	55	17050000	3549945	NA
328	Pulse	55	17060000	3559945	NA
328	Pulse	55	17070000	3569945	NA
328	Pulse	55	17080000	3579945	NA
328	Pulse	55	17090000	3589945	NA
328	Pulse	55	17100000	3599945	NA
328	Pulse	55	17110000	3609945	NA
328	Pulse	55	17120000	3619945	NA
328	Pulse	55	17130000	3629945	NA
328	Pulse	55	17140000	3639945	NA
328	Pulse	55	17150000	3649945	NA
328	Pulse	55	17160000	3659945	NA
328	Pulse	55	17170000	3669945	NA
328	Pulse	55	17180000	3679945	NA
328	Pulse	55	17190000	3689945	NA
328	Pulse	55	17200000	3699945	NA
328	Pulse	55	17210000	3709945	NA
328	Pulse	55	17220000	3719945	NA
328	Pulse	55	17230000	3729945	NA
328	Pulse	55	17240000	3739945	NA
328	Pulse	55	17250000	3749945	NA
328	Pulse	55	17260000	3759945	NA
328	Pulse	55	17270000	3769945	NA
328	Pulse	55	17280000	3779945	NA
328	Pulse	55	17290000	3789945	NA
328	Pulse	55	17300000	3799945	NA
328	Pulse	55	17310000	3809945	NA
328	Pulse	55	17320000	3819945	NA
328	Pulse	55	17330000	3829945	NA
328	Pulse	55	17340000	3839945	NA
328	Pulse	55	17350000	3849945	NA
328	Pulse	55	17360000	3859945	NA
328	Pulse	55	17370000	3869945	NA
328	Pulse	55	17380000	3879945	NA
328	Pulse	55	17390000	3889945	NA
328	Pulse	55	17400000	3899945	NA
328	Pulse	55	17410000	3909945	NA
328	Pulse	55	17420000	3919945	NA
328	Pulse	55	17430000	3929945	NA
328	Pulse	55	17440000	3939945	NA
328	Pulse	55	17450000	3949945	NA
328	Pulse	55	17460000	3959945	NA
328	Pulse	55	17470000	3969945	NA
328	Pulse	55	17480000	3979945	NA
328	Pulse	55	17490000	3989945	NA
328	Pulse	55	17500000	3999945	NA
328	Pulse	55	17510000	4009945	NA
328	Pulse	55	17520000	4019945	NA
328	Pulse	55	17530000	4029945	NA
328	Pulse	55	17540000	4039945	NA
328	Pulse	55	17550000	4049945	NA
328	Pulse	55	17560000	4059945	NA
328	Pulse	55	17570000	4069945	NA
328	Pulse	55	17580000	4079945	NA
328	Pulse	55	17590000	4089945	NA
328	Pulse	55	17600000	4099945	NA
328	Pulse	55	17610000	4109945	NA
328	Pulse	55	17620000	4119945	NA
328	Pulse	55	17630000	4129945	NA
328	Pulse	55	17640000	4139945	NA
328	Pulse	55	17650000	4149945	NA
328	Pulse	55	17660000	4159945	NA
328	Pulse	55	17670000	4169945	NA
328	Pulse	55	17680000	4179945	NA
328	Pulse	55	17690000	4189945	NA
328	Pulse	55	17700000	4199945	NA
328	Pulse	55	17710000	4209945	NA
328	Pulse	55	17720000	4219945	NA
328	Pulse	55	17730000	4229945	NA
328	Pulse	55	17740000	4239945	NA
328	Pulse	55	17750000	4249945	NA
328	Pulse	55	17760000	4259945	NA
328	Pulse	55	17770000	4269945	NA
328	Pulse	55	17780000	4279945	NA
328	Pulse	55	17790000	4289945	NA
328	Pulse	55	17800000	4299945	NA
328	Pulse	55	17810000	4309945	NA
328	Pulse	55	17820000	4319945	NA
328	Pulse	55	17830000	4329945	NA
328	Pulse	55	17840000	4339945	NA
328	Pulse	55	17850000	4349945	NA
328	Pulse	55	17860000	4359945	NA
328	Pulse	55	17870000	4369945	NA
328	Pulse	55	17880000	4379945	NA
328	Pulse	55	17890000	4389945	NA
328	Pulse	55	17900000	4399945	NA
328	Pulse	55	17910000	4409945	NA
328	Pulse	55	17920000	4419945	NA
328	Pulse	55	17930000	4429945	NA
328	Pulse	55	17940000	4439945	NA
328	Pulse	55	17950000	4449945	NA
328	Pulse	55	17960000	4459945	NA
328	Pulse	55	17970000	4469945	NA
328	Pulse	55	17980000	4479945	NA
328	Pulse	55	17990000	4489945	NA
328	Pulse	55	18000000	4499945	NA
328	Pulse	55	18010000	4509945	NA
328	Pulse	55	18020000	4519945	NA
328	Pulse	55	18030000	4529945	NA
328	Pulse	55	18040000	4539945	NA
328	Pulse	55	18050000	4549945	NA
328	Pulse	55	18060000	4559945	NA
328	Pulse	55	18070000	4569945	NA
328	Pulse	55	18080000	4579945	NA
328	Pulse	55	18090000	4589945	NA
328	Pulse	55	18100000	4599945	NA
328	Pulse	55	18110000	4609945	NA
328	Pulse	55	18120000	4619945	NA
328	Pulse	55	18130000	4629945	NA
328	Pulse	55	18140000	4639945	NA
328	Pulse	55	18150000	4649945	NA
328	Pulse	55	18160000	4659945	NA
328	Pulse	55	18170000	4669945	NA
328	Pulse	55	18180000	4679945	NA
328	Pulse	55	18190000	4689945	NA
328	Pulse	55	18200000	4699945	NA
328	Pulse	55	18210000	4709945	NA
328	Pulse	55	18220000	4719945	NA
328	Pulse	55	18230000	4729945	NA
328	Pulse	55	18240000	4739945	NA
328	Pulse	55	18250000	4749945	NA
328	Pulse	55	18260000	4759945	NA
328	Pulse	55	18270000	4769945	NA
328	Pulse	55	18280000	4779945	NA
328	Pulse	55	18290000	4789945	NA
328	Pulse	55	18300000	4799945	NA
328	Pulse	55	18310000	4809945	NA
328	Pulse	55	18320000	4819945	NA
328	Pulse	55	18330000	4829945	NA
328	Pulse	55	18340000	4839945	NA
328	Pulse	55	18350000	4849945	NA
328	Pulse	55	18360000	4859945	NA
328	Pulse	55	18370000	4869945	NA
328	Pulse	55	18380000	4879945	NA
328	Pulse	55	18390000	4889945	NA
328	Pulse	55	18400000	4899945	NA
328	Pulse	55	18410000	4909945	NA
328	Pulse	55	18420000	4919945	NA
328	Pulse	55	18430000	4929945	NA
328	Response	1	18436036	4935981	1
329	Pulse	55	18440000	3893	NA
329	Pulse	55	18450000	13893	NA
329	Pulse	55	18460000	23893	NA
329	Pulse	55	18470000	33893	NA
329	Pulse	55	18480000	43893	NA
329	Pulse	55	18490000	53893	NA
329	Pulse	55	18500000	63893	NA
329	Pulse	55	18510000	73893	NA
329	Pulse	55	18520000	83893	NA
329	Pulse	55	18530000	93893	NA
329	Pulse	55	18540000	103893	NA
329	Pulse	55	18550000	113893	NA
329	Pulse	55	18560000	123893	NA
329	Pulse	55	18570000	133893	NA
329	Pulse	55	18580000	143893	NA
329	Pulse	55	18590000	153893	NA
329	Pulse	55	18600000	163893	NA
329	Pulse	55	18610000	173893	NA
329	Pulse	55	18620000	183893	NA
329	Pulse	55	18630000	193893	NA
329	Pulse	55	18640000	203893	NA
329	Pulse	55	18650000	213893	NA
329	Pulse	55	18660000	223893	NA
329	Pulse	55	18670000	233893	NA
329	Pulse	55	18680000	243893	NA
329	Pulse	55	18690000	253893	NA
329	Pulse	55	18700000	263893	NA
329	Pulse	55	18710000	273893	NA
329	Pulse	55	18720000	283893	NA
329	Pulse	55	18730000	293893	NA
329	Pulse	55	18740000	303893	NA
329	Pulse	55	18750000	313893	NA
329	Pulse	55	18760000	323893	NA
329	Pulse	55	18770000	333893	NA
329	Pulse	55	18780000	343893	NA
329	Pulse	55	18790000	353893	NA
329	Pulse	55	18800000	363893	NA
329	Pulse	55	18810000	373893	NA
329	Pulse	55	18820000	383893	NA
329	Pulse	55	18830000	393893	NA
329	Pulse	55	18840000	403893	NA
329	Pulse	55	18850000	413893	NA
329	Pulse	55	18860000	423893	NA
329	Pulse	55	18870000	433893	NA
329	Pulse	55	18880000	443893	NA
329	Pulse	55	18890000	453893	NA
329	Pulse	55	18900000	463893	NA
329	Pulse	55	18910000	473893	NA
329	Pulse	55	18920000	483893	NA
329	Pulse	55	18930000	493893	NA
329	Pulse	55	18940000	503893	NA
329	Pulse	55	18950000	513893	NA
329	Pulse	55	18960000	523893	NA
329	Pulse	55	18970000	533893	NA
329	Pulse	55	18980000	543893	NA
329	Pulse	55	18990000	553893	NA
329	Pulse	55	19000000	563893	NA
329	Pulse	55	19010000	573893	NA
329	Pulse	55	19020000	583893	NA
329	Pulse	55	19030000	593893	NA
329	Pulse	55	19040000	603893	NA
329	Pulse	55	19050000	613893	NA
329	Pulse	55	19060000	623893	NA
329	Pulse	55	19070000	633893	NA
329	Pulse	55	19080000	643893	NA
329	Pulse	55	19090000	653893	NA
329	Pulse	55	19100000	663893	NA
329	Pulse	55	19110000	673893	NA
329	Pulse	55	19120000	683893	NA
329	Pulse	55	19130000	693893	NA
329	Pulse	55	19140000	703893	NA
329	Pulse	55	19150000	713893	NA
329	Pulse	55	19160000	723893	NA
329	Pulse	55	19170000	733893	NA
329	Pulse	55	19180000	743893	NA
329	Pulse	55	19190000	753893	NA
329	Pulse	55	19200000	763893	NA
329	Pulse	55	19210000	773893	NA
329	Pulse	55	19220000	783893	NA
329	Pulse	55	19230000	793893	NA
329	Pulse	55	19240000	803893	NA
329	Pulse	55	19250000	813893	NA
329	Pulse	55	19260000	823893	NA
329	Pulse	55	19270000	833893	NA
329	Pulse	55	19280000	843893	NA
329	Pulse	55	19290000	853893	NA
329	Pulse	55	19300000	863893	NA
329	Pulse	55	19310000	873893	NA
329	Pulse	55	19320000	883893	NA
329	Pulse	55	19330000	893893	NA
329	Pulse	55	19340000	903893	NA
329	Pulse	55	19350000	913893	NA
329	Pulse	55	19360000	923893	NA
329	Pulse	55	19370000	933893	NA
329	Pulse	55	19380000	943893	NA
329	Pulse	55	19390000	953893	NA
329	Pulse	55	19400000	963893	NA
329	Pulse	55	19410000	973893	NA
329	Pulse	55	19420000	983893	NA
329	Pulse	55	19430000	993893	NA
329	Pulse	55	19440000	1003893	NA
329	Pulse	55	19450000	1013893	NA
329	Pulse	55	19460000	1023893	NA
329	Pulse	55	19470000	1033893	NA
329	Pulse	55	19480000	1043893	NA
329	Pulse	55	19490000	1053893	NA
329	Pulse	55	19500000	1063893	NA
329	Pulse	55	19510000	1073893	NA
329	Pulse	55	19520000	1083893	NA
329	Pulse	55	19530000	1093893	NA
329	Pulse	55	19540000	1103893	NA
329	Pulse	55	19550000	1113893	NA
329	Pulse	55	19560000	1123893	NA
329	Pulse	55	19570000	1133893	NA
329	Pulse	55	19580000	1143893	NA
329	Pulse	55	19590000	1153893	NA
329	Pulse	55	19600000	1163893	NA
329	Pulse	55	19610000	1173893	NA
329	Pulse	55	19620000	1183893	NA
329	Pulse	55	19630000	1193893	NA
329	Pulse	55	19640000	1203893	NA
329	Pulse	55	19650000	1213893	NA
329	Pulse	55	19660000	1223893	NA
329	Pulse	55	19670000	1233893	NA
329	Pulse	55	19680000	1243893	NA
329	Pulse	55	19690000	1253893	NA
329	Pulse	55	19700000	1263893	NA
329	Pulse	55	19710000	1273893	NA
329	Pulse	55	19720000	1283893	NA
329	Pulse	55	19730000	1293893	NA
329	Pulse	55	19740000	1303893	NA
329	Pulse	55	19750000	1313893	NA
329	Pulse	55	19760000	1323893	NA
329	Pulse	55	19770000	1333893	NA
329	Pulse	55	19780000	1343893	NA
329	Pulse	55	19790000	1353893	NA
329	Pulse	55	19800000	1363893	NA
329	Pulse	55	19810000	1373893	NA
329	Pulse	55	19820000	1383893	NA
329	Pulse	55	19830000	1393893	NA
329	Pulse	55	19840000	1403893	NA
329	Pulse	55	19850000	1413893	NA
329	Pulse	55	19860000	1423893	NA
329	Pulse	55	19870000	1433893	NA
329	Pulse	55	19880000	1443893	NA
329	Pulse	55	19890000	1453893	NA
329	Pulse	55	19900000	1463893	NA
329	Pulse	55	19910000	1473893	NA
329	Pulse	55	19920000	1483893	NA
329	Response	1	19926676	1490569	1
