Scenario - Slideshow_D2.sce
Logfile written - 11/03/2021 20:24:00

Trial	Event Type	Code	Time	TTime	Uncertainty	Duration	Uncertainty	ReqTime	ReqDur	Stim Type	Pair Index

0	Pulse	55	0	0	NA
1	Pulse	55	10000	9417	NA
1	Pulse	55	20000	19417	NA
1	Pulse	55	30000	29417	NA
1	Pulse	55	40000	39417	NA
2	Pulse	55	50000	8820	NA
2	Pulse	55	60000	18820	NA
2	Pulse	55	70000	28820	NA
2	Pulse	55	80000	38820	NA
3	Pulse	55	90000	8223	NA
3	Pulse	55	100000	18223	NA
3	Pulse	55	110000	28223	NA
3	Pulse	55	120000	38223	NA
4	Pulse	55	130000	7627	NA
4	Pulse	55	140000	17627	NA
4	Pulse	55	150000	27627	NA
4	Pulse	55	160000	37627	NA
5	Pulse	55	170000	7030	NA
5	Pulse	55	180000	17030	NA
5	Pulse	55	190000	27030	NA
5	Pulse	55	200000	37030	NA
6	Pulse	55	210000	6433	NA
6	Pulse	55	220000	16433	NA
6	Pulse	55	230000	26433	NA
6	Pulse	55	240000	36433	NA
7	Pulse	55	250000	5837	NA
7	Pulse	55	260000	15837	NA
7	Pulse	55	270000	25837	NA
7	Pulse	55	280000	35837	NA
8	Pulse	55	290000	5240	NA
8	Pulse	55	300000	15240	NA
8	Pulse	55	310000	25240	NA
8	Pulse	55	320000	35240	NA
9	Pulse	55	330000	4643	NA
9	Pulse	55	340000	14643	NA
9	Pulse	55	350000	24643	NA
9	Pulse	55	360000	34643	NA
10	Pulse	55	370000	4213	NA
10	Pulse	55	380000	14213	NA
10	Pulse	55	390000	24213	NA
10	Pulse	55	400000	34213	NA
11	Pulse	55	410000	3700	NA
11	Pulse	55	420000	13700	NA
11	Pulse	55	430000	23700	NA
11	Pulse	55	440000	33700	NA
12	Pulse	55	450000	3187	NA
12	Pulse	55	460000	13187	NA
12	Pulse	55	470000	23187	NA
12	Pulse	55	480000	33187	NA
13	Pulse	55	490000	2590	NA
13	Pulse	55	500000	12590	NA
13	Pulse	55	510000	22590	NA
13	Pulse	55	520000	32590	NA
14	Pulse	55	530000	1993	NA
14	Pulse	55	540000	11993	NA
14	Pulse	55	550000	21993	NA
14	Pulse	55	560000	31993	NA
15	Pulse	55	570000	1397	NA
15	Pulse	55	580000	11397	NA
15	Pulse	55	590000	21397	NA
15	Pulse	55	600000	31397	NA
16	Pulse	55	610000	800	NA
16	Pulse	55	620000	10800	NA
16	Pulse	55	630000	20800	NA
16	Pulse	55	640000	30800	NA
17	Pulse	55	650000	203	NA
17	Pulse	55	660000	10203	NA
17	Pulse	55	670000	20203	NA
17	Pulse	55	680000	30203	NA
17	Pulse	55	690000	40203	NA
18	Pulse	55	700000	9690	NA
18	Pulse	55	710000	19690	NA
18	Pulse	55	720000	29690	NA
18	Pulse	55	730000	39690	NA
19	Pulse	55	740000	9093	NA
19	Pulse	55	750000	19093	NA
19	Pulse	55	760000	29093	NA
19	Pulse	55	770000	39093	NA
20	Pulse	55	780000	8497	NA
20	Pulse	55	790000	18497	NA
20	Pulse	55	800000	28497	NA
20	Pulse	55	810000	38497	NA
21	Pulse	55	820000	7900	NA
21	Pulse	55	830000	17900	NA
21	Pulse	55	840000	27900	NA
21	Pulse	55	850000	37900	NA
22	Pulse	55	860000	7303	NA
22	Pulse	55	870000	17303	NA
22	Pulse	55	880000	27303	NA
22	Pulse	55	890000	37303	NA
23	Pulse	55	900000	6707	NA
23	Pulse	55	910000	16707	NA
23	Pulse	55	920000	26707	NA
23	Pulse	55	930000	36707	NA
24	Pulse	55	940000	6110	NA
24	Pulse	55	950000	16110	NA
24	Pulse	55	960000	26110	NA
24	Pulse	55	970000	36110	NA
25	Pulse	55	980000	5513	NA
25	Pulse	55	990000	15513	NA
25	Pulse	55	1000000	25513	NA
25	Pulse	55	1010000	35513	NA
26	Pulse	55	1020000	4917	NA
26	Pulse	55	1030000	14917	NA
26	Pulse	55	1040000	24917	NA
26	Pulse	55	1050000	34917	NA
27	Pulse	55	1060000	4403	NA
27	Pulse	55	1070000	14403	NA
27	Pulse	55	1080000	24403	NA
27	Pulse	55	1090000	34403	NA
28	Pulse	55	1100000	3807	NA
28	Pulse	55	1110000	13807	NA
28	Pulse	55	1120000	23807	NA
28	Pulse	55	1130000	33807	NA
29	Pulse	55	1140000	3210	NA
29	Pulse	55	1150000	13210	NA
29	Pulse	55	1160000	23210	NA
29	Pulse	55	1170000	33210	NA
30	Pulse	55	1180000	2613	NA
30	Pulse	55	1190000	12613	NA
30	Pulse	55	1200000	22613	NA
30	Pulse	55	1210000	32613	NA
31	Pulse	55	1220000	2017	NA
31	Pulse	55	1230000	12017	NA
31	Pulse	55	1240000	22017	NA
31	Pulse	55	1250000	32017	NA
32	Pulse	55	1260000	1420	NA
32	Pulse	55	1270000	11420	NA
32	Pulse	55	1280000	21420	NA
32	Pulse	55	1290000	31420	NA
33	Pulse	55	1300000	823	NA
33	Pulse	55	1310000	10823	NA
33	Pulse	55	1320000	20823	NA
33	Pulse	55	1330000	30823	NA
34	Pulse	55	1340000	227	NA
34	Pulse	55	1350000	10227	NA
34	Pulse	55	1360000	20227	NA
34	Pulse	55	1370000	30227	NA
34	Pulse	55	1380000	40227	NA
35	Pulse	55	1390000	9630	NA
35	Pulse	55	1400000	19630	NA
35	Pulse	55	1410000	29630	NA
35	Pulse	55	1420000	39630	NA
36	Pulse	55	1430000	9033	NA
36	Pulse	55	1440000	19033	NA
36	Pulse	55	1450000	29033	NA
36	Pulse	55	1460000	39033	NA
37	Pulse	55	1470000	8436	NA
37	Pulse	55	1480000	18436	NA
37	Pulse	55	1490000	28436	NA
37	Pulse	55	1500000	38436	NA
38	Pulse	55	1510000	7673	NA
38	Pulse	55	1520000	17673	NA
38	Pulse	55	1530000	27673	NA
38	Pulse	55	1540000	37673	NA
39	Pulse	55	1550000	7076	NA
39	Pulse	55	1560000	17076	NA
39	Pulse	55	1570000	27076	NA
39	Pulse	55	1580000	37076	NA
40	Pulse	55	1590000	6480	NA
40	Pulse	55	1600000	16480	NA
40	Pulse	55	1610000	26480	NA
40	Pulse	55	1620000	36480	NA
41	Pulse	55	1630000	5883	NA
41	Pulse	55	1640000	15883	NA
41	Pulse	55	1650000	25883	NA
41	Pulse	55	1660000	35883	NA
42	Pulse	55	1670000	5203	NA
42	Pulse	55	1680000	15203	NA
42	Pulse	55	1690000	25203	NA
42	Pulse	55	1700000	35203	NA
43	Pulse	55	1710000	4606	NA
43	Pulse	55	1720000	14606	NA
43	Pulse	55	1730000	24606	NA
43	Pulse	55	1740000	34606	NA
44	Pulse	55	1750000	4010	NA
44	Pulse	55	1760000	14010	NA
44	Pulse	55	1770000	24010	NA
44	Pulse	55	1780000	34010	NA
45	Pulse	55	1790000	3413	NA
45	Pulse	55	1800000	13413	NA
45	Pulse	55	1810000	23413	NA
45	Pulse	55	1820000	33413	NA
46	Pulse	55	1830000	2733	NA
46	Pulse	55	1840000	12733	NA
46	Pulse	55	1850000	22733	NA
46	Pulse	55	1860000	32733	NA
47	Pulse	55	1870000	2136	NA
47	Pulse	55	1880000	12136	NA
47	Pulse	55	1890000	22136	NA
47	Pulse	55	1900000	32136	NA
48	Pulse	55	1910000	1540	NA
48	Pulse	55	1920000	11540	NA
48	Pulse	55	1930000	21540	NA
48	Pulse	55	1940000	31540	NA
49	Pulse	55	1950000	860	NA
49	Pulse	55	1960000	10860	NA
49	Pulse	55	1970000	20860	NA
49	Pulse	55	1980000	30860	NA
50	Pulse	55	1990000	263	NA
50	Pulse	55	2000000	10263	NA
50	Pulse	55	2010000	20263	NA
50	Pulse	55	2020000	30263	NA
50	Pulse	55	2030000	40263	NA
51	Pulse	55	2040000	9666	NA
51	Pulse	55	2050000	19666	NA
51	Pulse	55	2060000	29666	NA
51	Pulse	55	2070000	39666	NA
52	Pulse	55	2080000	9070	NA
52	Pulse	55	2090000	19070	NA
52	Pulse	55	2100000	29070	NA
52	Pulse	55	2110000	39070	NA
53	Pulse	55	2120000	8390	NA
53	Pulse	55	2130000	18390	NA
53	Pulse	55	2140000	28390	NA
53	Pulse	55	2150000	38390	NA
54	Pulse	55	2160000	7793	NA
54	Pulse	55	2170000	17793	NA
54	Pulse	55	2180000	27793	NA
54	Pulse	55	2190000	37793	NA
55	Pulse	55	2200000	7196	NA
55	Pulse	55	2210000	17196	NA
55	Pulse	55	2220000	27196	NA
55	Pulse	55	2230000	37196	NA
56	Pulse	55	2240000	6516	NA
56	Pulse	55	2250000	16516	NA
56	Pulse	55	2260000	26516	NA
56	Pulse	55	2270000	36516	NA
57	Pulse	55	2280000	5919	NA
57	Pulse	55	2290000	15919	NA
57	Pulse	55	2300000	25919	NA
57	Pulse	55	2310000	35919	NA
58	Pulse	55	2320000	5323	NA
58	Pulse	55	2330000	15323	NA
58	Pulse	55	2340000	25323	NA
58	Pulse	55	2350000	35323	NA
59	Pulse	55	2360000	4726	NA
59	Pulse	55	2370000	14726	NA
59	Pulse	55	2380000	24726	NA
59	Pulse	55	2390000	34726	NA
60	Pulse	55	2400000	4129	NA
60	Pulse	55	2410000	14129	NA
60	Pulse	55	2420000	24129	NA
60	Pulse	55	2430000	34129	NA
61	Pulse	55	2440000	3449	NA
61	Pulse	55	2450000	13449	NA
61	Pulse	55	2460000	23449	NA
61	Pulse	55	2470000	33449	NA
62	Pulse	55	2480000	2853	NA
62	Pulse	55	2490000	12853	NA
62	Pulse	55	2500000	22853	NA
62	Pulse	55	2510000	32853	NA
63	Pulse	55	2520000	2173	NA
63	Pulse	55	2530000	12173	NA
63	Pulse	55	2540000	22173	NA
63	Pulse	55	2550000	32173	NA
64	Pulse	55	2560000	1576	NA
64	Pulse	55	2570000	11576	NA
64	Pulse	55	2580000	21576	NA
64	Pulse	55	2590000	31576	NA
65	Pulse	55	2600000	896	NA
65	Pulse	55	2610000	10896	NA
65	Pulse	55	2620000	20896	NA
65	Pulse	55	2630000	30896	NA
66	Pulse	55	2640000	299	NA
66	Pulse	55	2650000	10299	NA
66	Pulse	55	2660000	20299	NA
66	Pulse	55	2670000	30299	NA
66	Pulse	55	2680000	40299	NA
67	Pulse	55	2690000	9619	NA
67	Pulse	55	2700000	19619	NA
67	Pulse	55	2710000	29619	NA
67	Pulse	55	2720000	39619	NA
68	Pulse	55	2730000	9023	NA
68	Pulse	55	2740000	19023	NA
68	Pulse	55	2750000	29023	NA
68	Pulse	55	2760000	39023	NA
69	Pulse	55	2770000	8426	NA
69	Pulse	55	2780000	18426	NA
69	Pulse	55	2790000	28426	NA
69	Pulse	55	2800000	38426	NA
70	Pulse	55	2810000	7829	NA
70	Pulse	55	2820000	17829	NA
70	Pulse	55	2830000	27829	NA
70	Pulse	55	2840000	37829	NA
71	Pulse	55	2850000	7233	NA
71	Pulse	55	2860000	17233	NA
71	Pulse	55	2870000	27233	NA
71	Pulse	55	2880000	37233	NA
72	Pulse	55	2890000	6636	NA
72	Pulse	55	2900000	16636	NA
72	Pulse	55	2910000	26636	NA
72	Pulse	55	2920000	36636	NA
73	Pulse	55	2930000	5956	NA
73	Pulse	55	2940000	15956	NA
73	Pulse	55	2950000	25956	NA
73	Pulse	55	2960000	35956	NA
74	Pulse	55	2970000	5359	NA
74	Pulse	55	2980000	15359	NA
74	Pulse	55	2990000	25359	NA
74	Pulse	55	3000000	35359	NA
75	Pulse	55	3010000	4762	NA
75	Pulse	55	3020000	14762	NA
75	Pulse	55	3030000	24762	NA
75	Pulse	55	3040000	34762	NA
76	Pulse	55	3050000	4166	NA
76	Pulse	55	3060000	14166	NA
76	Pulse	55	3070000	24166	NA
76	Pulse	55	3080000	34166	NA
77	Pulse	55	3090000	3569	NA
77	Pulse	55	3100000	13569	NA
77	Pulse	55	3110000	23569	NA
77	Pulse	55	3120000	33569	NA
78	Pulse	55	3130000	2972	NA
78	Pulse	55	3140000	12972	NA
78	Pulse	55	3150000	22972	NA
78	Pulse	55	3160000	32972	NA
79	Pulse	55	3170000	2376	NA
79	Pulse	55	3180000	12376	NA
79	Pulse	55	3190000	22376	NA
79	Pulse	55	3200000	32376	NA
80	Pulse	55	3210000	1779	NA
80	Pulse	55	3220000	11779	NA
80	Pulse	55	3230000	21779	NA
80	Pulse	55	3240000	31779	NA
81	Pulse	55	3250000	1182	NA
81	Pulse	55	3260000	11182	NA
81	Pulse	55	3270000	21182	NA
81	Pulse	55	3280000	31182	NA
82	Pulse	55	3290000	502	NA
82	Pulse	55	3300000	10502	NA
82	Pulse	55	3310000	20502	NA
82	Pulse	55	3320000	30502	NA
82	Pulse	55	3330000	40502	NA
83	Pulse	55	3340000	9906	NA
83	Pulse	55	3350000	19906	NA
83	Pulse	55	3360000	29906	NA
83	Pulse	55	3370000	39906	NA
84	Pulse	55	3380000	9309	NA
84	Pulse	55	3390000	19309	NA
84	Pulse	55	3400000	29309	NA
84	Pulse	55	3410000	39309	NA
85	Pulse	55	3420000	8712	NA
85	Pulse	55	3430000	18712	NA
85	Pulse	55	3440000	28712	NA
85	Pulse	55	3450000	38712	NA
86	Pulse	55	3460000	8116	NA
86	Pulse	55	3470000	18116	NA
86	Pulse	55	3480000	28116	NA
86	Pulse	55	3490000	38116	NA
87	Pulse	55	3500000	7519	NA
87	Pulse	55	3510000	17519	NA
87	Pulse	55	3520000	27519	NA
87	Pulse	55	3530000	37519	NA
88	Pulse	55	3540000	6922	NA
88	Pulse	55	3550000	16922	NA
88	Pulse	55	3560000	26922	NA
88	Pulse	55	3570000	36922	NA
89	Pulse	55	3580000	6326	NA
89	Pulse	55	3590000	16326	NA
89	Pulse	55	3600000	26326	NA
89	Pulse	55	3610000	36326	NA
90	Pulse	55	3620000	5729	NA
90	Pulse	55	3630000	15729	NA
90	Pulse	55	3640000	25729	NA
90	Pulse	55	3650000	35729	NA
91	Pulse	55	3660000	5132	NA
91	Pulse	55	3670000	15132	NA
91	Pulse	55	3680000	25132	NA
91	Pulse	55	3690000	35132	NA
92	Pulse	55	3700000	4536	NA
92	Pulse	55	3710000	14536	NA
92	Pulse	55	3720000	24536	NA
92	Pulse	55	3730000	34536	NA
93	Pulse	55	3740000	3939	NA
93	Pulse	55	3750000	13939	NA
93	Pulse	55	3760000	23939	NA
93	Pulse	55	3770000	33939	NA
94	Pulse	55	3780000	3342	NA
94	Pulse	55	3790000	13342	NA
94	Pulse	55	3800000	23342	NA
94	Pulse	55	3810000	33342	NA
95	Pulse	55	3820000	2746	NA
95	Pulse	55	3830000	12746	NA
95	Pulse	55	3840000	22746	NA
95	Pulse	55	3850000	32746	NA
96	Pulse	55	3860000	2149	NA
96	Pulse	55	3870000	12149	NA
96	Pulse	55	3880000	22149	NA
96	Pulse	55	3890000	32149	NA
97	Pulse	55	3900000	1552	NA
97	Pulse	55	3910000	11552	NA
97	Pulse	55	3920000	21552	NA
97	Pulse	55	3930000	31552	NA
98	Pulse	55	3940000	956	NA
98	Pulse	55	3950000	10956	NA
98	Pulse	55	3960000	20956	NA
98	Pulse	55	3970000	30956	NA
99	Pulse	55	3980000	359	NA
99	Pulse	55	3990000	10359	NA
99	Pulse	55	4000000	20359	NA
99	Pulse	55	4010000	30359	NA
99	Pulse	55	4020000	40359	NA
100	Pulse	55	4030000	9762	NA
100	Pulse	55	4040000	19762	NA
100	Pulse	55	4050000	29762	NA
100	Pulse	55	4060000	39762	NA
101	Pulse	55	4070000	9166	NA
101	Pulse	55	4080000	19166	NA
101	Pulse	55	4090000	29166	NA
101	Pulse	55	4100000	39166	NA
102	Pulse	55	4110000	8652	NA
102	Pulse	55	4120000	18652	NA
102	Pulse	55	4130000	28652	NA
102	Pulse	55	4140000	38652	NA
103	Pulse	55	4150000	8056	NA
103	Pulse	55	4160000	18056	NA
103	Pulse	55	4170000	28056	NA
103	Pulse	55	4180000	38056	NA
104	Pulse	55	4190000	7459	NA
104	Pulse	55	4200000	17459	NA
104	Pulse	55	4210000	27459	NA
104	Pulse	55	4220000	37459	NA
105	Pulse	55	4230000	6946	NA
105	Pulse	55	4240000	16946	NA
105	Pulse	55	4250000	26946	NA
105	Pulse	55	4260000	36946	NA
106	Pulse	55	4270000	6349	NA
106	Pulse	55	4280000	16349	NA
106	Pulse	55	4290000	26349	NA
106	Pulse	55	4300000	36349	NA
107	Pulse	55	4310000	5836	NA
107	Pulse	55	4320000	15836	NA
107	Pulse	55	4330000	25836	NA
107	Pulse	55	4340000	35836	NA
108	Pulse	55	4350000	5322	NA
108	Pulse	55	4360000	15322	NA
108	Pulse	55	4370000	25322	NA
108	Pulse	55	4380000	35322	NA
109	Pulse	55	4390000	4726	NA
109	Pulse	55	4400000	14726	NA
109	Pulse	55	4410000	24726	NA
109	Pulse	55	4420000	34726	NA
110	Pulse	55	4430000	4129	NA
110	Pulse	55	4440000	14129	NA
110	Pulse	55	4450000	24129	NA
110	Pulse	55	4460000	34129	NA
111	Pulse	55	4470000	3532	NA
111	Pulse	55	4480000	13532	NA
111	Pulse	55	4490000	23532	NA
111	Pulse	55	4500000	33532	NA
112	Pulse	55	4510000	2936	NA
112	Pulse	55	4520000	12936	NA
112	Pulse	55	4530000	22936	NA
112	Pulse	55	4540000	32936	NA
113	Pulse	55	4550000	2339	NA
113	Pulse	55	4560000	12339	NA
113	Pulse	55	4570000	22339	NA
113	Pulse	55	4580000	32339	NA
114	Pulse	55	4590000	1742	NA
114	Pulse	55	4600000	11742	NA
114	Pulse	55	4610000	21742	NA
114	Pulse	55	4620000	31742	NA
115	Pulse	55	4630000	1229	NA
115	Pulse	55	4640000	11229	NA
115	Pulse	55	4650000	21229	NA
115	Pulse	55	4660000	31229	NA
116	Pulse	55	4670000	632	NA
116	Pulse	55	4680000	10632	NA
116	Pulse	55	4690000	20632	NA
116	Pulse	55	4700000	30632	NA
117	Pulse	55	4710000	36	NA
117	Pulse	55	4720000	10036	NA
117	Pulse	55	4730000	20036	NA
117	Pulse	55	4740000	30036	NA
117	Pulse	55	4750000	40036	NA
118	Pulse	55	4760000	9522	NA
118	Pulse	55	4770000	19522	NA
118	Pulse	55	4780000	29522	NA
118	Pulse	55	4790000	39522	NA
119	Pulse	55	4800000	9009	NA
119	Pulse	55	4810000	19009	NA
119	Pulse	55	4820000	29009	NA
119	Pulse	55	4830000	39009	NA
120	Pulse	55	4840000	8413	NA
120	Pulse	55	4850000	18413	NA
120	Pulse	55	4860000	28413	NA
120	Pulse	55	4870000	38413	NA
121	Pulse	55	4880000	7899	NA
121	Pulse	55	4890000	17899	NA
121	Pulse	55	4900000	27899	NA
121	Pulse	55	4910000	37899	NA
122	Pulse	55	4920000	7302	NA
122	Pulse	55	4930000	17302	NA
122	Pulse	55	4940000	27302	NA
122	Pulse	55	4950000	37302	NA
123	Pulse	55	4960000	6789	NA
123	Pulse	55	4970000	16789	NA
123	Pulse	55	4980000	26789	NA
123	Pulse	55	4990000	36789	NA
124	Pulse	55	5000000	6276	NA
124	Pulse	55	5010000	16276	NA
124	Pulse	55	5020000	26276	NA
124	Pulse	55	5030000	36276	NA
125	Pulse	55	5040000	5762	NA
125	Pulse	55	5050000	15762	NA
125	Pulse	55	5060000	25762	NA
125	Pulse	55	5070000	35762	NA
126	Pulse	55	5080000	5166	NA
126	Pulse	55	5090000	15166	NA
126	Pulse	55	5100000	25166	NA
126	Pulse	55	5110000	35166	NA
127	Pulse	55	5120000	4569	NA
127	Pulse	55	5130000	14569	NA
127	Pulse	55	5140000	24569	NA
127	Pulse	55	5150000	34569	NA
128	Pulse	55	5160000	3972	NA
128	Pulse	55	5170000	13972	NA
128	Pulse	55	5180000	23972	NA
128	Pulse	55	5190000	33972	NA
129	Pulse	55	5200000	3376	NA
129	Pulse	55	5210000	13376	NA
129	Pulse	55	5220000	23376	NA
129	Pulse	55	5230000	33376	NA
130	Pulse	55	5240000	2779	NA
130	Pulse	55	5250000	12779	NA
130	Pulse	55	5260000	22779	NA
130	Pulse	55	5270000	32779	NA
131	Pulse	55	5280000	2182	NA
131	Pulse	55	5290000	12182	NA
131	Pulse	55	5300000	22182	NA
131	Pulse	55	5310000	32182	NA
132	Pulse	55	5320000	1669	NA
132	Pulse	55	5330000	11669	NA
132	Pulse	55	5340000	21669	NA
132	Pulse	55	5350000	31669	NA
133	Pulse	55	5360000	1072	NA
133	Pulse	55	5370000	11072	NA
133	Pulse	55	5380000	21072	NA
133	Pulse	55	5390000	31072	NA
134	Pulse	55	5400000	476	NA
134	Pulse	55	5410000	10476	NA
134	Pulse	55	5420000	20476	NA
134	Pulse	55	5430000	30476	NA
134	Pulse	55	5440000	40476	NA
135	Pulse	55	5450000	9963	NA
135	Pulse	55	5460000	19963	NA
135	Pulse	55	5470000	29963	NA
135	Pulse	55	5480000	39963	NA
136	Pulse	55	5490000	9366	NA
136	Pulse	55	5500000	19366	NA
136	Pulse	55	5510000	29366	NA
136	Pulse	55	5520000	39366	NA
137	Pulse	55	5530000	8769	NA
137	Pulse	55	5540000	18769	NA
137	Pulse	55	5550000	28769	NA
137	Pulse	55	5560000	38769	NA
138	Pulse	55	5570000	8256	NA
138	Pulse	55	5580000	18256	NA
138	Pulse	55	5590000	28256	NA
138	Pulse	55	5600000	38256	NA
139	Pulse	55	5610000	7659	NA
139	Pulse	55	5620000	17659	NA
139	Pulse	55	5630000	27659	NA
139	Pulse	55	5640000	37659	NA
140	Pulse	55	5650000	7062	NA
140	Pulse	55	5660000	17062	NA
140	Pulse	55	5670000	27062	NA
140	Pulse	55	5680000	37062	NA
141	Pulse	55	5690000	6549	NA
141	Pulse	55	5700000	16549	NA
141	Pulse	55	5710000	26549	NA
141	Pulse	55	5720000	36549	NA
142	Pulse	55	5730000	5952	NA
142	Pulse	55	5740000	15952	NA
142	Pulse	55	5750000	25952	NA
142	Pulse	55	5760000	35952	NA
143	Pulse	55	5770000	5356	NA
143	Pulse	55	5780000	15356	NA
143	Pulse	55	5790000	25356	NA
143	Pulse	55	5800000	35356	NA
144	Pulse	55	5810000	4842	NA
144	Pulse	55	5820000	14842	NA
144	Pulse	55	5830000	24842	NA
144	Pulse	55	5840000	34842	NA
145	Pulse	55	5850000	4329	NA
145	Pulse	55	5860000	14329	NA
145	Pulse	55	5870000	24329	NA
145	Pulse	55	5880000	34329	NA
146	Pulse	55	5890000	3732	NA
146	Pulse	55	5900000	13732	NA
146	Pulse	55	5910000	23732	NA
146	Pulse	55	5920000	33732	NA
147	Pulse	55	5930000	3136	NA
147	Pulse	55	5940000	13136	NA
147	Pulse	55	5950000	23136	NA
147	Pulse	55	5960000	33136	NA
148	Pulse	55	5970000	2539	NA
148	Pulse	55	5980000	12539	NA
148	Pulse	55	5990000	22539	NA
148	Pulse	55	6000000	32539	NA
149	Pulse	55	6010000	1942	NA
149	Pulse	55	6020000	11942	NA
149	Pulse	55	6030000	21942	NA
149	Pulse	55	6040000	31942	NA
150	Pulse	55	6050000	1346	NA
150	Pulse	55	6060000	11346	NA
150	Pulse	55	6070000	21346	NA
150	Pulse	55	6080000	31346	NA
151	Pulse	55	6090000	749	NA
151	Pulse	55	6100000	10749	NA
151	Pulse	55	6110000	20749	NA
151	Pulse	55	6120000	30749	NA
152	Pulse	55	6130000	152	NA
152	Pulse	55	6140000	10152	NA
152	Pulse	55	6150000	20152	NA
152	Pulse	55	6160000	30152	NA
152	Pulse	55	6170000	40152	NA
153	Pulse	55	6180000	9639	NA
153	Pulse	55	6190000	19639	NA
153	Pulse	55	6200000	29639	NA
153	Pulse	55	6210000	39639	NA
154	Pulse	55	6220000	9126	NA
154	Pulse	55	6230000	19126	NA
154	Pulse	55	6240000	29126	NA
154	Pulse	55	6250000	39126	NA
155	Pulse	55	6260000	8696	NA
155	Pulse	55	6270000	18696	NA
155	Pulse	55	6280000	28696	NA
155	Pulse	55	6290000	38696	NA
156	Pulse	55	6300000	8182	NA
156	Pulse	55	6310000	18182	NA
156	Pulse	55	6320000	28182	NA
156	Pulse	55	6330000	38182	NA
157	Pulse	55	6340000	7669	NA
157	Pulse	55	6350000	17669	NA
157	Pulse	55	6360000	27669	NA
157	Pulse	55	6370000	37669	NA
158	Pulse	55	6380000	7156	NA
158	Pulse	55	6390000	17156	NA
158	Pulse	55	6400000	27156	NA
158	Pulse	55	6410000	37156	NA
159	Pulse	55	6420000	6559	NA
159	Pulse	55	6430000	16559	NA
159	Pulse	55	6440000	26559	NA
159	Pulse	55	6450000	36559	NA
160	Pulse	55	6460000	5962	NA
160	Pulse	55	6470000	15962	NA
160	Pulse	55	6480000	25962	NA
160	Pulse	55	6490000	35962	NA
161	Pulse	55	6500000	5366	NA
161	Pulse	55	6510000	15366	NA
161	Pulse	55	6520000	25366	NA
161	Pulse	55	6530000	35366	NA
162	Pulse	55	6540000	4852	NA
162	Pulse	55	6550000	14852	NA
162	Pulse	55	6560000	24852	NA
162	Pulse	55	6570000	34852	NA
163	Pulse	55	6580000	4256	NA
163	Pulse	55	6590000	14256	NA
163	Pulse	55	6600000	24256	NA
163	Pulse	55	6610000	34256	NA
164	Pulse	55	6620000	3659	NA
164	Pulse	55	6630000	13659	NA
164	Pulse	55	6640000	23659	NA
164	Pulse	55	6650000	33659	NA
165	Pulse	55	6660000	3062	NA
165	Pulse	55	6670000	13062	NA
165	Pulse	55	6680000	23062	NA
165	Pulse	55	6690000	33062	NA
166	Pulse	55	6700000	2466	NA
166	Pulse	55	6710000	12466	NA
166	Pulse	55	6720000	22466	NA
166	Pulse	55	6730000	32466	NA
167	Pulse	55	6740000	1869	NA
167	Pulse	55	6750000	11869	NA
167	Pulse	55	6760000	21869	NA
167	Pulse	55	6770000	31869	NA
168	Pulse	55	6780000	1272	NA
168	Pulse	55	6790000	11272	NA
168	Pulse	55	6800000	21272	NA
168	Pulse	55	6810000	31272	NA
169	Pulse	55	6820000	759	NA
169	Pulse	55	6830000	10759	NA
169	Pulse	55	6840000	20759	NA
169	Pulse	55	6850000	30759	NA
170	Pulse	55	6860000	162	NA
170	Pulse	55	6870000	10162	NA
170	Pulse	55	6880000	20162	NA
170	Pulse	55	6890000	30162	NA
170	Pulse	55	6900000	40162	NA
171	Pulse	55	6910000	9649	NA
171	Pulse	55	6920000	19649	NA
171	Pulse	55	6930000	29649	NA
171	Pulse	55	6940000	39649	NA
172	Pulse	55	6950000	9136	NA
172	Pulse	55	6960000	19136	NA
172	Pulse	55	6970000	29136	NA
172	Pulse	55	6980000	39136	NA
173	Pulse	55	6990000	8539	NA
173	Pulse	55	7000000	18539	NA
173	Pulse	55	7010000	28539	NA
173	Pulse	55	7020000	38539	NA
174	Pulse	55	7030000	8109	NA
174	Pulse	55	7040000	18109	NA
174	Pulse	55	7050000	28109	NA
174	Pulse	55	7060000	38109	NA
175	Pulse	55	7070000	7596	NA
175	Pulse	55	7080000	17596	NA
175	Pulse	55	7090000	27596	NA
175	Pulse	55	7100000	37596	NA
176	Pulse	55	7110000	6999	NA
176	Pulse	55	7120000	16999	NA
176	Pulse	55	7130000	26999	NA
176	Pulse	55	7140000	36999	NA
177	Pulse	55	7150000	6486	NA
177	Pulse	55	7160000	16486	NA
177	Pulse	55	7170000	26486	NA
177	Pulse	55	7180000	36486	NA
178	Pulse	55	7190000	5972	NA
178	Pulse	55	7200000	15972	NA
178	Pulse	55	7210000	25972	NA
178	Pulse	55	7220000	35972	NA
179	Pulse	55	7230000	5459	NA
179	Pulse	55	7240000	15459	NA
179	Pulse	55	7250000	25459	NA
179	Pulse	55	7260000	35459	NA
180	Pulse	55	7270000	4862	NA
180	Pulse	55	7280000	14862	NA
180	Pulse	55	7290000	24862	NA
180	Pulse	55	7300000	34862	NA
181	Pulse	55	7310000	4266	NA
181	Pulse	55	7320000	14266	NA
181	Pulse	55	7330000	24266	NA
181	Pulse	55	7340000	34266	NA
182	Pulse	55	7350000	3669	NA
182	Pulse	55	7360000	13669	NA
182	Pulse	55	7370000	23669	NA
182	Pulse	55	7380000	33669	NA
183	Pulse	55	7390000	3072	NA
183	Pulse	55	7400000	13072	NA
183	Pulse	55	7410000	23072	NA
183	Pulse	55	7420000	33072	NA
184	Pulse	55	7430000	2476	NA
184	Pulse	55	7440000	12476	NA
184	Pulse	55	7450000	22476	NA
184	Pulse	55	7460000	32476	NA
185	Pulse	55	7470000	1962	NA
185	Pulse	55	7480000	11962	NA
185	Pulse	55	7490000	21962	NA
185	Pulse	55	7500000	31962	NA
186	Pulse	55	7510000	1366	NA
186	Pulse	55	7520000	11366	NA
186	Pulse	55	7530000	21366	NA
186	Pulse	55	7540000	31366	NA
187	Pulse	55	7550000	769	NA
187	Pulse	55	7560000	10769	NA
187	Pulse	55	7570000	20769	NA
187	Pulse	55	7580000	30769	NA
188	Pulse	55	7590000	172	NA
188	Pulse	55	7600000	10172	NA
188	Pulse	55	7610000	20172	NA
188	Pulse	55	7620000	30172	NA
188	Pulse	55	7630000	40172	NA
189	Pulse	55	7640000	9576	NA
189	Pulse	55	7650000	19576	NA
189	Pulse	55	7660000	29576	NA
189	Pulse	55	7670000	39576	NA
190	Pulse	55	7680000	8979	NA
190	Pulse	55	7690000	18979	NA
190	Pulse	55	7700000	28979	NA
190	Pulse	55	7710000	38979	NA
191	Pulse	55	7720000	8382	NA
191	Pulse	55	7730000	18382	NA
191	Pulse	55	7740000	28382	NA
191	Pulse	55	7750000	38382	NA
192	Pulse	55	7760000	7786	NA
192	Pulse	55	7770000	17786	NA
192	Pulse	55	7780000	27786	NA
192	Pulse	55	7790000	37786	NA
193	Pulse	55	7800000	7189	NA
193	Pulse	55	7810000	17189	NA
193	Pulse	55	7820000	27189	NA
193	Pulse	55	7830000	37189	NA
194	Pulse	55	7840000	6592	NA
194	Pulse	55	7850000	16592	NA
194	Pulse	55	7860000	26592	NA
194	Pulse	55	7870000	36592	NA
195	Pulse	55	7880000	5996	NA
195	Pulse	55	7890000	15996	NA
195	Pulse	55	7900000	25996	NA
195	Pulse	55	7910000	35996	NA
196	Pulse	55	7920000	5399	NA
196	Pulse	55	7930000	15399	NA
196	Pulse	55	7940000	25399	NA
196	Pulse	55	7950000	35399	NA
197	Pulse	55	7960000	4886	NA
197	Pulse	55	7970000	14886	NA
197	Pulse	55	7980000	24886	NA
197	Pulse	55	7990000	34886	NA
198	Pulse	55	8000000	4372	NA
198	Pulse	55	8010000	14372	NA
198	Pulse	55	8020000	24372	NA
198	Pulse	55	8030000	34372	NA
199	Pulse	55	8040000	3776	NA
199	Pulse	55	8050000	13776	NA
199	Pulse	55	8060000	23776	NA
199	Pulse	55	8070000	33776	NA
200	Pulse	55	8080000	3179	NA
200	Pulse	55	8090000	13179	NA
200	Pulse	55	8100000	23179	NA
200	Pulse	55	8110000	33179	NA
201	Pulse	55	8120000	2749	NA
201	Pulse	55	8130000	12749	NA
201	Pulse	55	8140000	22749	NA
201	Pulse	55	8150000	32749	NA
202	Pulse	55	8160000	2236	NA
202	Pulse	55	8170000	12236	NA
202	Pulse	55	8180000	22236	NA
202	Pulse	55	8190000	32236	NA
203	Pulse	55	8200000	1722	NA
203	Pulse	55	8210000	11722	NA
203	Pulse	55	8220000	21722	NA
203	Pulse	55	8230000	31722	NA
204	Pulse	55	8240000	1126	NA
204	Pulse	55	8250000	11126	NA
204	Pulse	55	8260000	21126	NA
204	Pulse	55	8270000	31126	NA
205	Pulse	55	8280000	612	NA
205	Pulse	55	8290000	10612	NA
205	Pulse	55	8300000	20612	NA
205	Pulse	55	8310000	30612	NA
206	Pulse	55	8320000	16	NA
206	Pulse	55	8330000	10016	NA
206	Pulse	55	8340000	20016	NA
206	Pulse	55	8350000	30016	NA
206	Pulse	55	8360000	40016	NA
207	Pulse	55	8370000	9502	NA
207	Pulse	55	8380000	19502	NA
207	Pulse	55	8390000	29502	NA
207	Pulse	55	8400000	39502	NA
208	Pulse	55	8410000	8989	NA
208	Pulse	55	8420000	18989	NA
208	Pulse	55	8430000	28989	NA
208	Pulse	55	8440000	38989	NA
209	Pulse	55	8450000	8476	NA
209	Pulse	55	8460000	18476	NA
209	Pulse	55	8470000	28476	NA
209	Pulse	55	8480000	38476	NA
210	Pulse	55	8490000	7962	NA
210	Pulse	55	8500000	17962	NA
210	Pulse	55	8510000	27962	NA
210	Pulse	55	8520000	37962	NA
211	Pulse	55	8530000	7533	NA
211	Pulse	55	8540000	17533	NA
211	Pulse	55	8550000	27533	NA
211	Pulse	55	8560000	37533	NA
212	Pulse	55	8570000	7019	NA
212	Pulse	55	8580000	17019	NA
212	Pulse	55	8590000	27019	NA
212	Pulse	55	8600000	37019	NA
213	Pulse	55	8610000	6506	NA
213	Pulse	55	8620000	16506	NA
213	Pulse	55	8630000	26506	NA
213	Pulse	55	8640000	36506	NA
214	Pulse	55	8650000	5993	NA
214	Pulse	55	8660000	15993	NA
214	Pulse	55	8670000	25993	NA
214	Pulse	55	8680000	35993	NA
215	Pulse	55	8690000	5396	NA
215	Pulse	55	8700000	15396	NA
215	Pulse	55	8710000	25396	NA
215	Pulse	55	8720000	35396	NA
216	Pulse	55	8730000	4883	NA
216	Pulse	55	8740000	14883	NA
216	Pulse	55	8750000	24883	NA
216	Pulse	55	8760000	34883	NA
217	Pulse	55	8770000	4536	NA
217	Pulse	55	8780000	14536	NA
217	Pulse	55	8790000	24536	NA
217	Pulse	55	8800000	34536	NA
218	Pulse	55	8810000	4023	NA
218	Pulse	55	8820000	14023	NA
218	Pulse	55	8830000	24023	NA
218	Pulse	55	8840000	34023	NA
219	Pulse	55	8850000	3509	NA
219	Pulse	55	8860000	13509	NA
219	Pulse	55	8870000	23509	NA
219	Pulse	55	8880000	33509	NA
220	Pulse	55	8890000	2913	NA
220	Pulse	55	8900000	12913	NA
220	Pulse	55	8910000	22913	NA
220	Pulse	55	8920000	32913	NA
221	Pulse	55	8930000	2316	NA
221	Pulse	55	8940000	12316	NA
221	Pulse	55	8950000	22316	NA
221	Pulse	55	8960000	32316	NA
222	Pulse	55	8970000	1886	NA
222	Pulse	55	8980000	11886	NA
222	Pulse	55	8990000	21886	NA
222	Pulse	55	9000000	31886	NA
223	Pulse	55	9010000	1373	NA
223	Pulse	55	9020000	11373	NA
223	Pulse	55	9030000	21373	NA
223	Pulse	55	9040000	31373	NA
224	Pulse	55	9050000	776	NA
224	Pulse	55	9060000	10776	NA
224	Pulse	55	9070000	20776	NA
224	Pulse	55	9080000	30776	NA
225	Pulse	55	9090000	346	NA
225	Pulse	55	9100000	10346	NA
225	Pulse	55	9110000	20346	NA
225	Pulse	55	9120000	30346	NA
225	Pulse	55	9130000	40346	NA
226	Pulse	55	9140000	9833	NA
226	Pulse	55	9150000	19833	NA
226	Pulse	55	9160000	29833	NA
226	Pulse	55	9170000	39833	NA
227	Pulse	55	9180000	9319	NA
227	Pulse	55	9190000	19319	NA
227	Pulse	55	9200000	29319	NA
227	Pulse	55	9210000	39319	NA
228	Pulse	55	9220000	8806	NA
228	Pulse	55	9230000	18806	NA
228	Pulse	55	9240000	28806	NA
228	Pulse	55	9250000	38806	NA
229	Pulse	55	9260000	8209	NA
229	Pulse	55	9270000	18209	NA
229	Pulse	55	9280000	28209	NA
229	Pulse	55	9290000	38209	NA
230	Pulse	55	9300000	7696	NA
230	Pulse	55	9310000	17696	NA
230	Pulse	55	9320000	27696	NA
230	Pulse	55	9330000	37696	NA
231	Pulse	55	9340000	7183	NA
231	Pulse	55	9350000	17183	NA
231	Pulse	55	9360000	27183	NA
231	Pulse	55	9370000	37183	NA
232	Pulse	55	9380000	6586	NA
232	Pulse	55	9390000	16586	NA
232	Pulse	55	9400000	26586	NA
232	Pulse	55	9410000	36586	NA
233	Pulse	55	9420000	5989	NA
233	Pulse	55	9430000	15989	NA
233	Pulse	55	9440000	25989	NA
233	Pulse	55	9450000	35989	NA
234	Pulse	55	9460000	5393	NA
234	Pulse	55	9470000	15393	NA
234	Pulse	55	9480000	25393	NA
234	Pulse	55	9490000	35393	NA
235	Pulse	55	9500000	4796	NA
235	Pulse	55	9510000	14796	NA
235	Pulse	55	9520000	24796	NA
235	Pulse	55	9530000	34796	NA
236	Pulse	55	9540000	4199	NA
236	Pulse	55	9550000	14199	NA
236	Pulse	55	9560000	24199	NA
236	Pulse	55	9570000	34199	NA
237	Pulse	55	9580000	3603	NA
237	Pulse	55	9590000	13603	NA
237	Pulse	55	9600000	23603	NA
237	Pulse	55	9610000	33603	NA
238	Pulse	55	9620000	3089	NA
238	Pulse	55	9630000	13089	NA
238	Pulse	55	9640000	23089	NA
238	Pulse	55	9650000	33089	NA
239	Pulse	55	9660000	2576	NA
239	Pulse	55	9670000	12576	NA
239	Pulse	55	9680000	22576	NA
239	Pulse	55	9690000	32576	NA
240	Pulse	55	9700000	1979	NA
240	Pulse	55	9710000	11979	NA
240	Pulse	55	9720000	21979	NA
240	Pulse	55	9730000	31979	NA
241	Pulse	55	9740000	1466	NA
241	Pulse	55	9750000	11466	NA
241	Pulse	55	9760000	21466	NA
241	Pulse	55	9770000	31466	NA
242	Pulse	55	9780000	869	NA
242	Pulse	55	9790000	10869	NA
242	Pulse	55	9800000	20869	NA
242	Pulse	55	9810000	30869	NA
243	Pulse	55	9820000	273	NA
243	Pulse	55	9830000	10273	NA
243	Pulse	55	9840000	20273	NA
243	Pulse	55	9850000	30273	NA
243	Pulse	55	9860000	40273	NA
244	Pulse	55	9870000	9676	NA
244	Pulse	55	9880000	19676	NA
244	Pulse	55	9890000	29676	NA
244	Pulse	55	9900000	39676	NA
245	Pulse	55	9910000	9163	NA
245	Pulse	55	9920000	19163	NA
245	Pulse	55	9930000	29163	NA
245	Pulse	55	9940000	39163	NA
246	Pulse	55	9950000	8566	NA
246	Pulse	55	9960000	18566	NA
246	Pulse	55	9970000	28566	NA
246	Pulse	55	9980000	38566	NA
247	Pulse	55	9990000	7969	NA
247	Pulse	55	10000000	17969	NA
247	Pulse	55	10010000	27969	NA
247	Pulse	55	10020000	37969	NA
248	Pulse	55	10030000	7373	NA
248	Pulse	55	10040000	17373	NA
248	Pulse	55	10050000	27373	NA
248	Pulse	55	10060000	37373	NA
249	Pulse	55	10070000	6776	NA
249	Pulse	55	10080000	16776	NA
249	Pulse	55	10090000	26776	NA
249	Pulse	55	10100000	36776	NA
250	Pulse	55	10110000	6179	NA
250	Pulse	55	10120000	16179	NA
250	Pulse	55	10130000	26179	NA
250	Pulse	55	10140000	36179	NA
251	Pulse	55	10150000	5583	NA
251	Pulse	55	10160000	15583	NA
251	Pulse	55	10170000	25583	NA
251	Pulse	55	10180000	35583	NA
252	Pulse	55	10190000	4986	NA
252	Pulse	55	10200000	14986	NA
252	Pulse	55	10210000	24986	NA
252	Pulse	55	10220000	34986	NA
253	Pulse	55	10230000	4389	NA
253	Pulse	55	10240000	14389	NA
253	Pulse	55	10250000	24389	NA
253	Pulse	55	10260000	34389	NA
254	Pulse	55	10270000	3793	NA
254	Pulse	55	10280000	13793	NA
254	Pulse	55	10290000	23793	NA
254	Pulse	55	10300000	33793	NA
255	Pulse	55	10310000	3363	NA
255	Pulse	55	10320000	13363	NA
255	Pulse	55	10330000	23363	NA
255	Pulse	55	10340000	33363	NA
256	Pulse	55	10350000	2849	NA
256	Pulse	55	10360000	12849	NA
256	Pulse	55	10370000	22849	NA
256	Pulse	55	10380000	32849	NA
257	Pulse	55	10390000	2336	NA
257	Pulse	55	10400000	12336	NA
257	Pulse	55	10410000	22336	NA
257	Pulse	55	10420000	32336	NA
258	Pulse	55	10430000	1739	NA
258	Pulse	55	10440000	11739	NA
258	Pulse	55	10450000	21739	NA
258	Pulse	55	10460000	31739	NA
259	Pulse	55	10470000	1143	NA
259	Pulse	55	10480000	11143	NA
259	Pulse	55	10490000	21143	NA
259	Pulse	55	10500000	31143	NA
260	Pulse	55	10510000	546	NA
260	Pulse	55	10520000	10546	NA
260	Pulse	55	10530000	20546	NA
260	Pulse	55	10540000	30546	NA
260	Pulse	55	10550000	40546	NA
261	Pulse	55	10560000	9949	NA
261	Pulse	55	10570000	19949	NA
261	Pulse	55	10580000	29949	NA
261	Pulse	55	10590000	39949	NA
262	Pulse	55	10600000	9353	NA
262	Pulse	55	10610000	19353	NA
262	Pulse	55	10620000	29353	NA
262	Pulse	55	10630000	39353	NA
263	Pulse	55	10640000	8839	NA
263	Pulse	55	10650000	18839	NA
263	Pulse	55	10660000	28839	NA
263	Pulse	55	10670000	38839	NA
264	Pulse	55	10680000	8243	NA
264	Pulse	55	10690000	18243	NA
264	Pulse	55	10700000	28243	NA
264	Pulse	55	10710000	38243	NA
265	Pulse	55	10720000	7646	NA
265	Pulse	55	10730000	17646	NA
265	Pulse	55	10740000	27646	NA
265	Pulse	55	10750000	37646	NA
266	Pulse	55	10760000	7049	NA
266	Pulse	55	10770000	17049	NA
266	Pulse	55	10780000	27049	NA
266	Pulse	55	10790000	37049	NA
267	Pulse	55	10800000	6453	NA
267	Pulse	55	10810000	16453	NA
267	Pulse	55	10820000	26453	NA
267	Pulse	55	10830000	36453	NA
268	Pulse	55	10840000	5856	NA
268	Pulse	55	10850000	15856	NA
268	Pulse	55	10860000	25856	NA
268	Pulse	55	10870000	35856	NA
269	Pulse	55	10880000	5259	NA
269	Pulse	55	10890000	15259	NA
269	Pulse	55	10900000	25259	NA
269	Pulse	55	10910000	35259	NA
270	Pulse	55	10920000	4663	NA
270	Pulse	55	10930000	14663	NA
270	Pulse	55	10940000	24663	NA
270	Pulse	55	10950000	34663	NA
271	Pulse	55	10960000	4066	NA
271	Pulse	55	10970000	14066	NA
271	Pulse	55	10980000	24066	NA
271	Pulse	55	10990000	34066	NA
272	Pulse	55	11000000	3553	NA
272	Pulse	55	11010000	13553	NA
272	Pulse	55	11020000	23553	NA
272	Pulse	55	11030000	33553	NA
273	Pulse	55	11040000	2956	NA
273	Pulse	55	11050000	12956	NA
273	Pulse	55	11060000	22956	NA
273	Pulse	55	11070000	32956	NA
274	Pulse	55	11080000	2359	NA
274	Pulse	55	11090000	12359	NA
274	Pulse	55	11100000	22359	NA
274	Pulse	55	11110000	32359	NA
275	Pulse	55	11120000	1763	NA
275	Pulse	55	11130000	11763	NA
275	Pulse	55	11140000	21763	NA
275	Pulse	55	11150000	31763	NA
276	Pulse	55	11160000	1166	NA
276	Pulse	55	11170000	11166	NA
276	Pulse	55	11180000	21166	NA
276	Pulse	55	11190000	31166	NA
277	Pulse	55	11200000	569	NA
277	Pulse	55	11210000	10569	NA
277	Pulse	55	11220000	20569	NA
277	Pulse	55	11230000	30569	NA
277	Pulse	55	11240000	40569	NA
278	Pulse	55	11250000	9973	NA
278	Pulse	55	11260000	19973	NA
278	Pulse	55	11270000	29973	NA
278	Pulse	55	11280000	39973	NA
279	Pulse	55	11290000	9376	NA
279	Pulse	55	11300000	19376	NA
279	Pulse	55	11310000	29376	NA
279	Pulse	55	11320000	39376	NA
280	Pulse	55	11330000	8779	NA
280	Pulse	55	11340000	18779	NA
280	Pulse	55	11350000	28779	NA
280	Pulse	55	11360000	38779	NA
281	Pulse	55	11370000	8183	NA
281	Pulse	55	11380000	18183	NA
281	Pulse	55	11390000	28183	NA
281	Pulse	55	11400000	38183	NA
282	Pulse	55	11410000	7586	NA
282	Pulse	55	11420000	17586	NA
282	Pulse	55	11430000	27586	NA
282	Pulse	55	11440000	37586	NA
283	Pulse	55	11450000	6822	NA
283	Pulse	55	11460000	16822	NA
283	Pulse	55	11470000	26822	NA
283	Pulse	55	11480000	36822	NA
284	Pulse	55	11490000	6226	NA
284	Pulse	55	11500000	16226	NA
284	Pulse	55	11510000	26226	NA
284	Pulse	55	11520000	36226	NA
285	Pulse	55	11530000	5629	NA
285	Pulse	55	11540000	15629	NA
285	Pulse	55	11550000	25629	NA
285	Pulse	55	11560000	35629	NA
286	Pulse	55	11570000	5032	NA
286	Pulse	55	11580000	15032	NA
286	Pulse	55	11590000	25032	NA
286	Pulse	55	11600000	35032	NA
287	Pulse	55	11610000	4352	NA
287	Pulse	55	11620000	14352	NA
287	Pulse	55	11630000	24352	NA
287	Pulse	55	11640000	34352	NA
288	Pulse	55	11650000	3756	NA
288	Pulse	55	11660000	13756	NA
288	Pulse	55	11670000	23756	NA
288	Pulse	55	11680000	33756	NA
289	Pulse	55	11690000	3159	NA
289	Pulse	55	11700000	13159	NA
289	Pulse	55	11710000	23159	NA
289	Pulse	55	11720000	33159	NA
290	Pulse	55	11730000	2562	NA
290	Pulse	55	11740000	12562	NA
290	Pulse	55	11750000	22562	NA
290	Pulse	55	11760000	32562	NA
291	Pulse	55	11770000	1882	NA
291	Pulse	55	11780000	11882	NA
291	Pulse	55	11790000	21882	NA
291	Pulse	55	11800000	31882	NA
292	Pulse	55	11810000	1286	NA
292	Pulse	55	11820000	11286	NA
292	Pulse	55	11830000	21286	NA
292	Pulse	55	11840000	31286	NA
293	Pulse	55	11850000	689	NA
293	Pulse	55	11860000	10689	NA
293	Pulse	55	11870000	20689	NA
293	Pulse	55	11880000	30689	NA
294	Pulse	55	11890000	9	NA
294	Pulse	55	11900000	10009	NA
294	Pulse	55	11910000	20009	NA
294	Pulse	55	11920000	30009	NA
294	Pulse	55	11930000	40009	NA
295	Pulse	55	11940000	9412	NA
295	Pulse	55	11950000	19412	NA
295	Pulse	55	11960000	29412	NA
295	Pulse	55	11970000	39412	NA
296	Pulse	55	11980000	8816	NA
296	Pulse	55	11990000	18816	NA
296	Pulse	55	12000000	28816	NA
296	Pulse	55	12010000	38816	NA
297	Pulse	55	12020000	8219	NA
297	Pulse	55	12030000	18219	NA
297	Pulse	55	12040000	28219	NA
297	Pulse	55	12050000	38219	NA
298	Pulse	55	12060000	7539	NA
298	Pulse	55	12070000	17539	NA
298	Pulse	55	12080000	27539	NA
298	Pulse	55	12090000	37539	NA
299	Pulse	55	12100000	6942	NA
299	Pulse	55	12110000	16942	NA
299	Pulse	55	12120000	26942	NA
299	Pulse	55	12130000	36942	NA
300	Pulse	55	12140000	6345	NA
300	Pulse	55	12150000	16345	NA
300	Pulse	55	12160000	26345	NA
300	Pulse	55	12170000	36345	NA
301	Pulse	55	12180000	5665	NA
301	Pulse	55	12190000	15665	NA
301	Pulse	55	12200000	25665	NA
301	Pulse	55	12210000	35665	NA
302	Pulse	55	12220000	5069	NA
302	Pulse	55	12230000	15069	NA
302	Pulse	55	12240000	25069	NA
302	Pulse	55	12250000	35069	NA
303	Pulse	55	12260000	4472	NA
303	Pulse	55	12270000	14472	NA
303	Pulse	55	12280000	24472	NA
303	Pulse	55	12290000	34472	NA
304	Pulse	55	12300000	3875	NA
304	Pulse	55	12310000	13875	NA
304	Pulse	55	12320000	23875	NA
304	Pulse	55	12330000	33875	NA
305	Pulse	55	12340000	3279	NA
305	Pulse	55	12350000	13279	NA
305	Pulse	55	12360000	23279	NA
305	Pulse	55	12370000	33279	NA
306	Pulse	55	12380000	2682	NA
306	Pulse	55	12390000	12682	NA
306	Pulse	55	12400000	22682	NA
306	Pulse	55	12410000	32682	NA
307	Pulse	55	12420000	2085	NA
307	Pulse	55	12430000	12085	NA
307	Pulse	55	12440000	22085	NA
307	Pulse	55	12450000	32085	NA
308	Pulse	55	12460000	1405	NA
308	Pulse	55	12470000	11405	NA
308	Pulse	55	12480000	21405	NA
308	Pulse	55	12490000	31405	NA
309	Pulse	55	12500000	809	NA
309	Pulse	55	12510000	10809	NA
309	Pulse	55	12520000	20809	NA
309	Pulse	55	12530000	30809	NA
310	Pulse	55	12540000	129	NA
310	Pulse	55	12550000	10129	NA
310	Pulse	55	12560000	20129	NA
310	Pulse	55	12570000	30129	NA
310	Pulse	55	12580000	40129	NA
311	Pulse	55	12590000	9532	NA
311	Pulse	55	12600000	19532	NA
311	Pulse	55	12610000	29532	NA
311	Pulse	55	12620000	39532	NA
312	Pulse	55	12630000	8852	NA
312	Pulse	55	12640000	18852	NA
312	Pulse	55	12650000	28852	NA
312	Pulse	55	12660000	38852	NA
313	Pulse	55	12670000	8255	NA
313	Pulse	55	12680000	18255	NA
313	Pulse	55	12690000	28255	NA
313	Pulse	55	12700000	38255	NA
314	Pulse	55	12710000	7659	NA
314	Pulse	55	12720000	17659	NA
314	Pulse	55	12730000	27659	NA
314	Pulse	55	12740000	37659	NA
315	Pulse	55	12750000	7062	NA
315	Pulse	55	12760000	17062	NA
315	Pulse	55	12770000	27062	NA
315	Pulse	55	12780000	37062	NA
316	Pulse	55	12790000	6465	NA
316	Pulse	55	12800000	16465	NA
316	Pulse	55	12810000	26465	NA
316	Pulse	55	12820000	36465	NA
317	Pulse	55	12830000	5869	NA
317	Pulse	55	12840000	15869	NA
317	Pulse	55	12850000	25869	NA
317	Pulse	55	12860000	35869	NA
318	Pulse	55	12870000	5189	NA
318	Pulse	55	12880000	15189	NA
318	Pulse	55	12890000	25189	NA
318	Pulse	55	12900000	35189	NA
319	Pulse	55	12910000	4592	NA
319	Pulse	55	12920000	14592	NA
319	Pulse	55	12930000	24592	NA
319	Pulse	55	12940000	34592	NA
320	Pulse	55	12950000	3995	NA
320	Pulse	55	12960000	13995	NA
320	Pulse	55	12970000	23995	NA
320	Pulse	55	12980000	33995	NA
321	Pulse	55	12990000	3398	NA
321	Pulse	55	13000000	13398	NA
321	Pulse	55	13010000	23398	NA
321	Pulse	55	13020000	33398	NA
322	Pulse	55	13030000	2802	NA
322	Pulse	55	13040000	12802	NA
322	Pulse	55	13050000	22802	NA
322	Pulse	55	13060000	32802	NA
323	Pulse	55	13070000	2205	NA
323	Pulse	55	13080000	12205	NA
323	Pulse	55	13090000	22205	NA
323	Pulse	55	13100000	32205	NA
324	Pulse	55	13110000	1608	NA
324	Pulse	55	13120000	11608	NA
324	Pulse	55	13130000	21608	NA
324	Pulse	55	13140000	31608	NA
325	Pulse	55	13150000	1012	NA
325	Pulse	55	13160000	11012	NA
325	Pulse	55	13170000	21012	NA
325	Pulse	55	13180000	31012	NA
326	Pulse	55	13190000	415	NA
326	Pulse	55	13200000	10415	NA
326	Pulse	55	13210000	20415	NA
326	Pulse	55	13220000	30415	NA
326	Pulse	55	13230000	40415	NA
327	Pulse	55	13240000	9735	NA
327	Response	1	13245513	15248	1
327	Pulse	55	13250000	19735	NA
327	Pulse	55	13260000	29735	NA
327	Pulse	55	13270000	39735	NA
328	Pulse	55	13280000	9639	NA
328	Pulse	55	13290000	19639	NA
329	Pulse	55	13300000	9549	NA
329	Pulse	55	13310000	19549	NA
329	Pulse	55	13320000	29549	NA
329	Pulse	55	13330000	39549	NA
329	Pulse	55	13340000	49549	NA
329	Pulse	55	13350000	59549	NA
329	Pulse	55	13360000	69549	NA
329	Pulse	55	13370000	79549	NA
329	Pulse	55	13380000	89549	NA
329	Pulse	55	13390000	99549	NA
329	Pulse	55	13400000	109549	NA
329	Pulse	55	13410000	119549	NA
329	Pulse	55	13420000	129549	NA
329	Pulse	55	13430000	139549	NA
329	Pulse	55	13440000	149549	NA
329	Pulse	55	13450000	159549	NA
329	Pulse	55	13460000	169549	NA
329	Pulse	55	13470000	179549	NA
329	Pulse	55	13480000	189549	NA
329	Pulse	55	13490000	199549	NA
329	Pulse	55	13500000	209549	NA
329	Response	1	13503191	212740	1
329	Pulse	55	13510000	219549	NA
329	Pulse	55	13520000	229549	NA
330	Pulse	55	13530000	9890	NA
330	Pulse	55	13540000	19890	NA
330	Pulse	55	13550000	29890	NA
330	Pulse	55	13560000	39890	NA
330	Pulse	55	13570000	49890	NA
330	Pulse	55	13580000	59890	NA
330	Pulse	55	13590000	69890	NA
330	Pulse	55	13600000	79890	NA
330	Pulse	55	13610000	89890	NA
330	Pulse	55	13620000	99890	NA
330	Pulse	55	13630000	109890	NA
330	Pulse	55	13640000	119890	NA
330	Pulse	55	13650000	129890	NA
330	Pulse	55	13660000	139890	NA
330	Pulse	55	13670000	149890	NA
330	Pulse	55	13680000	159890	NA
330	Pulse	55	13690000	169890	NA
330	Pulse	55	13700000	179890	NA
330	Pulse	55	13710000	189890	NA
330	Pulse	55	13720000	199890	NA
330	Pulse	55	13730000	209890	NA
330	Pulse	55	13740000	219890	NA
330	Pulse	55	13750000	229890	NA
330	Pulse	55	13760000	239890	NA
330	Pulse	55	13770000	249890	NA
330	Pulse	55	13780000	259890	NA
330	Pulse	55	13790000	269890	NA
330	Pulse	55	13800000	279890	NA
330	Pulse	55	13810000	289890	NA
330	Pulse	55	13820000	299890	NA
330	Pulse	55	13830000	309890	NA
330	Pulse	55	13840000	319890	NA
330	Pulse	55	13850000	329890	NA
330	Pulse	55	13860000	339890	NA
330	Pulse	55	13870000	349890	NA
330	Pulse	55	13880000	359890	NA
330	Pulse	55	13890000	369890	NA
330	Pulse	55	13900000	379890	NA
330	Pulse	55	13910000	389890	NA
330	Pulse	55	13920000	399890	NA
330	Pulse	55	13930000	409890	NA
330	Pulse	55	13940000	419890	NA
330	Pulse	55	13950000	429890	NA
330	Pulse	55	13960000	439890	NA
330	Pulse	55	13970000	449890	NA
330	Pulse	55	13980000	459890	NA
330	Pulse	55	13990000	469890	NA
330	Pulse	55	14000000	479890	NA
330	Pulse	55	14010000	489890	NA
330	Pulse	55	14020000	499890	NA
330	Pulse	55	14030000	509890	NA
330	Pulse	55	14040000	519890	NA
330	Pulse	55	14050000	529890	NA
330	Pulse	55	14060000	539890	NA
330	Pulse	55	14070000	549890	NA
330	Pulse	55	14080000	559890	NA
330	Pulse	55	14090000	569890	NA
330	Pulse	55	14100000	579890	NA
330	Pulse	55	14110000	589890	NA
330	Pulse	55	14120000	599890	NA
330	Pulse	55	14130000	609890	NA
330	Pulse	55	14140000	619890	NA
330	Pulse	55	14150000	629890	NA
330	Pulse	55	14160000	639890	NA
330	Pulse	55	14170000	649890	NA
330	Pulse	55	14180000	659890	NA
330	Pulse	55	14190000	669890	NA
330	Pulse	55	14200000	679890	NA
330	Pulse	55	14210000	689890	NA
330	Pulse	55	14220000	699890	NA
330	Pulse	55	14230000	709890	NA
330	Pulse	55	14240000	719890	NA
330	Pulse	55	14250000	729890	NA
330	Pulse	55	14260000	739890	NA
330	Pulse	55	14270000	749890	NA
330	Pulse	55	14280000	759890	NA
330	Pulse	55	14290000	769890	NA
330	Pulse	55	14300000	779890	NA
330	Pulse	55	14310000	789890	NA
330	Pulse	55	14320000	799890	NA
330	Pulse	55	14330000	809890	NA
330	Pulse	55	14340000	819890	NA
330	Pulse	55	14350000	829890	NA
330	Pulse	55	14360000	839890	NA
330	Pulse	55	14370000	849890	NA
330	Pulse	55	14380000	859890	NA
330	Pulse	55	14390000	869890	NA
330	Pulse	55	14400000	879890	NA
330	Pulse	55	14410000	889890	NA
330	Pulse	55	14420000	899890	NA
330	Pulse	55	14430000	909890	NA
330	Pulse	55	14440000	919890	NA
330	Pulse	55	14450000	929890	NA
330	Pulse	55	14460000	939890	NA
330	Pulse	55	14470000	949890	NA
330	Pulse	55	14480000	959890	NA
330	Pulse	55	14490000	969890	NA
330	Pulse	55	14500000	979890	NA
330	Pulse	55	14510000	989890	NA
330	Pulse	55	14520000	999890	NA
330	Pulse	55	14530000	1009890	NA
330	Pulse	55	14540000	1019890	NA
330	Pulse	55	14550000	1029890	NA
330	Pulse	55	14560000	1039890	NA
330	Pulse	55	14570000	1049890	NA
330	Pulse	55	14580000	1059890	NA
330	Pulse	55	14590000	1069890	NA
330	Pulse	55	14600000	1079890	NA
330	Pulse	55	14610000	1089890	NA
330	Pulse	55	14620000	1099890	NA
330	Pulse	55	14630000	1109890	NA
330	Pulse	55	14640000	1119890	NA
330	Pulse	55	14650000	1129890	NA
330	Pulse	55	14660000	1139890	NA
330	Pulse	55	14670000	1149890	NA
330	Pulse	55	14680000	1159890	NA
330	Pulse	55	14690000	1169890	NA
330	Pulse	55	14700000	1179890	NA
330	Pulse	55	14710000	1189890	NA
330	Pulse	55	14720000	1199890	NA
330	Pulse	55	14730000	1209890	NA
330	Pulse	55	14740000	1219890	NA
330	Pulse	55	14750000	1229890	NA
330	Pulse	55	14760000	1239890	NA
330	Pulse	55	14770000	1249890	NA
330	Pulse	55	14780000	1259890	NA
330	Pulse	55	14790000	1269890	NA
330	Pulse	55	14800000	1279890	NA
330	Pulse	55	14810000	1289890	NA
330	Pulse	55	14820000	1299890	NA
330	Pulse	55	14830000	1309890	NA
330	Pulse	55	14840000	1319890	NA
330	Pulse	55	14850000	1329890	NA
330	Pulse	55	14860000	1339890	NA
330	Pulse	55	14870000	1349890	NA
330	Pulse	55	14880000	1359890	NA
330	Pulse	55	14890000	1369890	NA
330	Pulse	55	14900000	1379890	NA
330	Pulse	55	14910000	1389890	NA
330	Pulse	55	14920000	1399890	NA
330	Pulse	55	14930000	1409890	NA
330	Pulse	55	14940000	1419890	NA
330	Pulse	55	14950000	1429890	NA
330	Pulse	55	14960000	1439890	NA
330	Pulse	55	14970000	1449890	NA
330	Pulse	55	14980000	1459890	NA
330	Pulse	55	14990000	1469890	NA
330	Pulse	55	15000000	1479890	NA
330	Pulse	55	15010000	1489890	NA
330	Pulse	55	15020000	1499890	NA
330	Pulse	55	15030000	1509890	NA
330	Pulse	55	15040000	1519890	NA
330	Pulse	55	15050000	1529890	NA
330	Pulse	55	15060000	1539890	NA
330	Pulse	55	15070000	1549890	NA
330	Pulse	55	15080000	1559890	NA
330	Pulse	55	15090000	1569890	NA
330	Pulse	55	15100000	1579890	NA
330	Pulse	55	15110000	1589890	NA
330	Pulse	55	15120000	1599890	NA
330	Pulse	55	15130000	1609890	NA
330	Pulse	55	15140000	1619890	NA
330	Pulse	55	15150000	1629890	NA
330	Pulse	55	15160000	1639890	NA
330	Pulse	55	15170000	1649890	NA
330	Pulse	55	15180000	1659890	NA
330	Pulse	55	15190000	1669890	NA
330	Pulse	55	15200000	1679890	NA
330	Pulse	55	15210000	1689890	NA
330	Pulse	55	15220000	1699890	NA
330	Pulse	55	15230000	1709890	NA
330	Pulse	55	15240000	1719890	NA
330	Pulse	55	15250000	1729890	NA
330	Pulse	55	15260000	1739890	NA
330	Pulse	55	15270000	1749890	NA
330	Pulse	55	15280000	1759890	NA
330	Pulse	55	15290000	1769890	NA
330	Pulse	55	15300000	1779890	NA
330	Pulse	55	15310000	1789890	NA
330	Pulse	55	15320000	1799890	NA
330	Pulse	55	15330000	1809890	NA
330	Pulse	55	15340000	1819890	NA
330	Pulse	55	15350000	1829890	NA
330	Pulse	55	15360000	1839890	NA
330	Pulse	55	15370000	1849890	NA
330	Pulse	55	15380000	1859890	NA
330	Pulse	55	15390000	1869890	NA
330	Pulse	55	15400000	1879890	NA
330	Pulse	55	15410000	1889890	NA
330	Pulse	55	15420000	1899890	NA
330	Pulse	55	15430000	1909890	NA
330	Pulse	55	15440000	1919890	NA
330	Pulse	55	15450000	1929890	NA
330	Pulse	55	15460000	1939890	NA
330	Pulse	55	15470000	1949890	NA
330	Pulse	55	15480000	1959890	NA
330	Pulse	55	15490000	1969890	NA
330	Pulse	55	15500000	1979890	NA
330	Pulse	55	15510000	1989890	NA
330	Pulse	55	15520000	1999890	NA
330	Pulse	55	15530000	2009890	NA
330	Pulse	55	15540000	2019890	NA
330	Pulse	55	15550000	2029890	NA
330	Pulse	55	15560000	2039890	NA
330	Pulse	55	15570000	2049890	NA
330	Pulse	55	15580000	2059890	NA
330	Pulse	55	15590000	2069890	NA
330	Pulse	55	15600000	2079890	NA
330	Pulse	55	15610000	2089890	NA
330	Pulse	55	15620000	2099890	NA
330	Pulse	55	15630000	2109890	NA
330	Pulse	55	15640000	2119890	NA
330	Pulse	55	15650000	2129890	NA
330	Pulse	55	15660000	2139890	NA
330	Pulse	55	15670000	2149890	NA
330	Pulse	55	15680000	2159890	NA
330	Pulse	55	15690000	2169890	NA
330	Pulse	55	15700000	2179890	NA
330	Pulse	55	15710000	2189890	NA
330	Pulse	55	15720000	2199890	NA
330	Pulse	55	15730000	2209890	NA
330	Pulse	55	15740000	2219890	NA
330	Pulse	55	15750000	2229890	NA
330	Pulse	55	15760000	2239890	NA
330	Pulse	55	15770000	2249890	NA
330	Pulse	55	15780000	2259890	NA
330	Pulse	55	15790000	2269890	NA
330	Pulse	55	15800000	2279890	NA
330	Pulse	55	15810000	2289890	NA
330	Pulse	55	15820000	2299890	NA
330	Pulse	55	15830000	2309890	NA
330	Pulse	55	15840000	2319890	NA
330	Pulse	55	15850000	2329890	NA
330	Pulse	55	15860000	2339890	NA
330	Pulse	55	15870000	2349890	NA
330	Pulse	55	15880000	2359890	NA
330	Pulse	55	15890000	2369890	NA
330	Pulse	55	15900000	2379890	NA
330	Pulse	55	15910000	2389890	NA
330	Pulse	55	15920000	2399890	NA
330	Pulse	55	15930000	2409890	NA
330	Pulse	55	15940000	2419890	NA
330	Pulse	55	15950000	2429890	NA
330	Pulse	55	15960000	2439890	NA
330	Pulse	55	15970000	2449890	NA
330	Pulse	55	15980000	2459890	NA
330	Pulse	55	15990000	2469890	NA
330	Pulse	55	16000000	2479890	NA
330	Pulse	55	16010000	2489890	NA
330	Pulse	55	16020000	2499890	NA
330	Pulse	55	16030000	2509890	NA
330	Pulse	55	16040000	2519890	NA
330	Pulse	55	16050000	2529890	NA
330	Pulse	55	16060000	2539890	NA
330	Pulse	55	16070000	2549890	NA
330	Pulse	55	16080000	2559890	NA
330	Pulse	55	16090000	2569890	NA
330	Pulse	55	16100000	2579890	NA
330	Pulse	55	16110000	2589890	NA
330	Pulse	55	16120000	2599890	NA
330	Pulse	55	16130000	2609890	NA
330	Pulse	55	16140000	2619890	NA
330	Pulse	55	16150000	2629890	NA
330	Pulse	55	16160000	2639890	NA
330	Pulse	55	16170000	2649890	NA
330	Pulse	55	16180000	2659890	NA
330	Pulse	55	16190000	2669890	NA
330	Pulse	55	16200000	2679890	NA
330	Pulse	55	16210000	2689890	NA
330	Pulse	55	16220000	2699890	NA
330	Pulse	55	16230000	2709890	NA
330	Pulse	55	16240000	2719890	NA
330	Pulse	55	16250000	2729890	NA
330	Pulse	55	16260000	2739890	NA
330	Pulse	55	16270000	2749890	NA
330	Pulse	55	16280000	2759890	NA
330	Pulse	55	16290000	2769890	NA
330	Pulse	55	16300000	2779890	NA
330	Pulse	55	16310000	2789890	NA
330	Pulse	55	16320000	2799890	NA
330	Pulse	55	16330000	2809890	NA
330	Pulse	55	16340000	2819890	NA
330	Pulse	55	16350000	2829890	NA
330	Pulse	55	16360000	2839890	NA
330	Pulse	55	16370000	2849890	NA
330	Pulse	55	16380000	2859890	NA
330	Pulse	55	16390000	2869890	NA
330	Pulse	55	16400000	2879890	NA
330	Pulse	55	16410000	2889890	NA
330	Pulse	55	16420000	2899890	NA
330	Pulse	55	16430000	2909890	NA
330	Pulse	55	16440000	2919890	NA
330	Pulse	55	16450000	2929890	NA
330	Pulse	55	16460000	2939890	NA
330	Pulse	55	16470000	2949890	NA
330	Pulse	55	16480000	2959890	NA
330	Pulse	55	16490000	2969890	NA
330	Pulse	55	16500000	2979890	NA
330	Pulse	55	16510000	2989890	NA
330	Pulse	55	16520000	2999890	NA
330	Pulse	55	16530000	3009890	NA
330	Pulse	55	16540000	3019890	NA
330	Pulse	55	16550000	3029890	NA
330	Pulse	55	16560000	3039890	NA
330	Pulse	55	16570000	3049890	NA
330	Pulse	55	16580000	3059890	NA
330	Pulse	55	16590000	3069890	NA
330	Pulse	55	16600000	3079890	NA
330	Pulse	55	16610000	3089890	NA
330	Pulse	55	16620000	3099890	NA
330	Pulse	55	16630000	3109890	NA
330	Pulse	55	16640000	3119890	NA
330	Pulse	55	16650000	3129890	NA
330	Pulse	55	16660000	3139890	NA
330	Pulse	55	16670000	3149890	NA
330	Pulse	55	16680000	3159890	NA
330	Pulse	55	16690000	3169890	NA
330	Pulse	55	16700000	3179890	NA
330	Pulse	55	16710000	3189890	NA
330	Pulse	55	16720000	3199890	NA
330	Pulse	55	16730000	3209890	NA
330	Pulse	55	16740000	3219890	NA
330	Pulse	55	16750000	3229890	NA
330	Pulse	55	16760000	3239890	NA
330	Pulse	55	16770000	3249890	NA
330	Pulse	55	16780000	3259890	NA
330	Pulse	55	16790000	3269890	NA
330	Pulse	55	16800000	3279890	NA
330	Pulse	55	16810000	3289890	NA
330	Pulse	55	16820000	3299890	NA
330	Pulse	55	16830000	3309890	NA
330	Pulse	55	16840000	3319890	NA
330	Pulse	55	16850000	3329890	NA
330	Pulse	55	16860000	3339890	NA
330	Pulse	55	16870000	3349890	NA
330	Pulse	55	16880000	3359890	NA
330	Pulse	55	16890000	3369890	NA
330	Pulse	55	16900000	3379890	NA
330	Pulse	55	16910000	3389890	NA
330	Pulse	55	16920000	3399890	NA
330	Pulse	55	16930000	3409890	NA
330	Pulse	55	16940000	3419890	NA
330	Pulse	55	16950000	3429890	NA
330	Pulse	55	16960000	3439890	NA
330	Pulse	55	16970000	3449890	NA
330	Pulse	55	16980000	3459890	NA
330	Pulse	55	16990000	3469890	NA
330	Pulse	55	17000000	3479890	NA
330	Pulse	55	17010000	3489890	NA
330	Pulse	55	17020000	3499890	NA
330	Pulse	55	17030000	3509890	NA
330	Pulse	55	17040000	3519890	NA
330	Pulse	55	17050000	3529890	NA
330	Pulse	55	17060000	3539890	NA
330	Pulse	55	17070000	3549890	NA
330	Pulse	55	17080000	3559890	NA
330	Pulse	55	17090000	3569890	NA
330	Pulse	55	17100000	3579890	NA
330	Pulse	55	17110000	3589890	NA
330	Pulse	55	17120000	3599890	NA
330	Pulse	55	17130000	3609890	NA
330	Pulse	55	17140000	3619890	NA
330	Pulse	55	17150000	3629890	NA
330	Pulse	55	17160000	3639890	NA
330	Pulse	55	17170000	3649890	NA
330	Pulse	55	17180000	3659890	NA
330	Pulse	55	17190000	3669890	NA
330	Pulse	55	17200000	3679890	NA
330	Pulse	55	17210000	3689890	NA
330	Pulse	55	17220000	3699890	NA
330	Pulse	55	17230000	3709890	NA
330	Pulse	55	17240000	3719890	NA
330	Pulse	55	17250000	3729890	NA
330	Pulse	55	17260000	3739890	NA
330	Pulse	55	17270000	3749890	NA
330	Pulse	55	17280000	3759890	NA
330	Pulse	55	17290000	3769890	NA
330	Pulse	55	17300000	3779890	NA
330	Pulse	55	17310000	3789890	NA
330	Pulse	55	17320000	3799890	NA
330	Pulse	55	17330000	3809890	NA
330	Pulse	55	17340000	3819890	NA
330	Pulse	55	17350000	3829890	NA
330	Pulse	55	17360000	3839890	NA
330	Pulse	55	17370000	3849890	NA
330	Pulse	55	17380000	3859890	NA
330	Pulse	55	17390000	3869890	NA
330	Pulse	55	17400000	3879890	NA
330	Pulse	55	17410000	3889890	NA
330	Pulse	55	17420000	3899890	NA
330	Pulse	55	17430000	3909890	NA
330	Pulse	55	17440000	3919890	NA
330	Pulse	55	17450000	3929890	NA
330	Pulse	55	17460000	3939890	NA
330	Pulse	55	17470000	3949890	NA
330	Pulse	55	17480000	3959890	NA
330	Pulse	55	17490000	3969890	NA
330	Pulse	55	17500000	3979890	NA
330	Pulse	55	17510000	3989890	NA
330	Pulse	55	17520000	3999890	NA
330	Pulse	55	17530000	4009890	NA
330	Pulse	55	17540000	4019890	NA
330	Pulse	55	17550000	4029890	NA
330	Pulse	55	17560000	4039890	NA
330	Pulse	55	17570000	4049890	NA
330	Pulse	55	17580000	4059890	NA
330	Pulse	55	17590000	4069890	NA
330	Pulse	55	17600000	4079890	NA
330	Pulse	55	17610000	4089890	NA
330	Pulse	55	17620000	4099890	NA
330	Pulse	55	17630000	4109890	NA
330	Pulse	55	17640000	4119890	NA
330	Pulse	55	17650000	4129890	NA
330	Pulse	55	17660000	4139890	NA
330	Pulse	55	17670000	4149890	NA
330	Pulse	55	17680000	4159890	NA
330	Pulse	55	17690000	4169890	NA
330	Pulse	55	17700000	4179890	NA
330	Pulse	55	17710000	4189890	NA
330	Pulse	55	17720000	4199890	NA
330	Pulse	55	17730000	4209890	NA
330	Pulse	55	17740000	4219890	NA
330	Pulse	55	17750000	4229890	NA
330	Pulse	55	17760000	4239890	NA
330	Pulse	55	17770000	4249890	NA
330	Pulse	55	17780000	4259890	NA
330	Pulse	55	17790000	4269890	NA
330	Pulse	55	17800000	4279890	NA
330	Pulse	55	17810000	4289890	NA
330	Pulse	55	17820000	4299890	NA
330	Pulse	55	17830000	4309890	NA
330	Pulse	55	17840000	4319890	NA
330	Pulse	55	17850000	4329890	NA
330	Pulse	55	17860000	4339890	NA
330	Pulse	55	17870000	4349890	NA
330	Pulse	55	17880000	4359890	NA
330	Pulse	55	17890000	4369890	NA
330	Pulse	55	17900000	4379890	NA
330	Pulse	55	17910000	4389890	NA
330	Pulse	55	17920000	4399890	NA
330	Pulse	55	17930000	4409890	NA
330	Pulse	55	17940000	4419890	NA
330	Pulse	55	17950000	4429890	NA
330	Pulse	55	17960000	4439890	NA
330	Pulse	55	17970000	4449890	NA
330	Pulse	55	17980000	4459890	NA
330	Pulse	55	17990000	4469890	NA
330	Pulse	55	18000000	4479890	NA
330	Pulse	55	18010000	4489890	NA
330	Pulse	55	18020000	4499890	NA
330	Pulse	55	18030000	4509890	NA
330	Pulse	55	18040000	4519890	NA
330	Pulse	55	18050000	4529890	NA
330	Pulse	55	18060000	4539890	NA
330	Pulse	55	18070000	4549890	NA
330	Pulse	55	18080000	4559890	NA
330	Pulse	55	18090000	4569890	NA
330	Pulse	55	18100000	4579890	NA
330	Pulse	55	18110000	4589890	NA
330	Pulse	55	18120000	4599890	NA
330	Pulse	55	18130000	4609890	NA
330	Pulse	55	18140000	4619890	NA
330	Pulse	55	18150000	4629890	NA
330	Pulse	55	18160000	4639890	NA
330	Pulse	55	18170000	4649890	NA
330	Pulse	55	18180000	4659890	NA
330	Pulse	55	18190000	4669890	NA
330	Pulse	55	18200000	4679890	NA
330	Pulse	55	18210000	4689890	NA
330	Pulse	55	18220000	4699890	NA
330	Pulse	55	18230000	4709890	NA
330	Pulse	55	18240000	4719890	NA
330	Pulse	55	18250000	4729890	NA
330	Pulse	55	18260000	4739890	NA
330	Pulse	55	18270000	4749890	NA
330	Pulse	55	18280000	4759890	NA
330	Pulse	55	18290000	4769890	NA
330	Pulse	55	18300000	4779890	NA
330	Pulse	55	18310000	4789890	NA
330	Pulse	55	18320000	4799890	NA
330	Pulse	55	18330000	4809890	NA
330	Pulse	55	18340000	4819890	NA
330	Pulse	55	18350000	4829890	NA
330	Pulse	55	18360000	4839890	NA
330	Pulse	55	18370000	4849890	NA
330	Pulse	55	18380000	4859890	NA
330	Pulse	55	18390000	4869890	NA
330	Pulse	55	18400000	4879890	NA
330	Pulse	55	18410000	4889890	NA
330	Pulse	55	18420000	4899890	NA
330	Pulse	55	18430000	4909890	NA
330	Pulse	55	18440000	4919890	NA
330	Pulse	55	18450000	4929890	NA
330	Pulse	55	18460000	4939890	NA
330	Pulse	55	18470000	4949890	NA
330	Pulse	55	18480000	4959890	NA
330	Pulse	55	18490000	4969890	NA
330	Pulse	55	18500000	4979890	NA
330	Pulse	55	18510000	4989890	NA
330	Pulse	55	18520000	4999890	NA
330	Pulse	55	18530000	5009890	NA
330	Pulse	55	18540000	5019890	NA
330	Pulse	55	18550000	5029890	NA
330	Pulse	55	18560000	5039890	NA
330	Pulse	55	18570000	5049890	NA
330	Response	1	18572787	5052676	1
331	Pulse	55	18580000	7146	NA
331	Pulse	55	18590000	17146	NA
331	Pulse	55	18600000	27146	NA
331	Pulse	55	18610000	37146	NA
331	Pulse	55	18620000	47146	NA
331	Response	1	18621984	49130	1
