Scenario - Slideshow_D2.sce
Logfile written - 10/20/2021 17:32:01

Trial	Event Type	Code	Time	TTime	Uncertainty	Duration	Uncertainty	ReqTime	ReqDur	Stim Type	Pair Index

0	Pulse	55	0	0	NA
1	Pulse	55	10000	9333	NA
1	Pulse	55	20000	19333	NA
1	Pulse	55	30000	29333	NA
1	Pulse	55	40000	39333	NA
2	Pulse	55	50000	8737	NA
2	Pulse	55	60000	18737	NA
2	Pulse	55	70000	28737	NA
2	Pulse	55	80000	38737	NA
3	Pulse	55	90000	8140	NA
3	Pulse	55	100000	18140	NA
3	Pulse	55	110000	28140	NA
3	Pulse	55	120000	38140	NA
4	Pulse	55	130000	7543	NA
4	Pulse	55	140000	17543	NA
4	Pulse	55	150000	27543	NA
4	Pulse	55	160000	37543	NA
5	Pulse	55	170000	6946	NA
5	Pulse	55	180000	16946	NA
5	Pulse	55	190000	26946	NA
5	Pulse	55	200000	36946	NA
6	Pulse	55	210000	6350	NA
6	Pulse	55	220000	16350	NA
6	Pulse	55	230000	26350	NA
6	Pulse	55	240000	36350	NA
7	Pulse	55	250000	5753	NA
7	Pulse	55	260000	15753	NA
7	Pulse	55	270000	25753	NA
7	Pulse	55	280000	35753	NA
8	Pulse	55	290000	5073	NA
8	Pulse	55	300000	15073	NA
8	Pulse	55	310000	25073	NA
8	Pulse	55	320000	35073	NA
9	Pulse	55	330000	4476	NA
9	Pulse	55	340000	14476	NA
9	Pulse	55	350000	24476	NA
9	Pulse	55	360000	34476	NA
10	Pulse	55	370000	3962	NA
10	Pulse	55	380000	13962	NA
10	Pulse	55	390000	23962	NA
10	Pulse	55	400000	33962	NA
11	Pulse	55	410000	3449	NA
11	Pulse	55	420000	13449	NA
11	Pulse	55	430000	23449	NA
11	Pulse	55	440000	33449	NA
12	Pulse	55	450000	2852	NA
12	Pulse	55	460000	12852	NA
12	Pulse	55	470000	22852	NA
12	Pulse	55	480000	32852	NA
13	Pulse	55	490000	2256	NA
13	Pulse	55	500000	12256	NA
13	Pulse	55	510000	22256	NA
13	Pulse	55	520000	32256	NA
14	Pulse	55	530000	1659	NA
14	Pulse	55	540000	11659	NA
14	Pulse	55	550000	21659	NA
14	Pulse	55	560000	31659	NA
15	Pulse	55	570000	1062	NA
15	Pulse	55	580000	11062	NA
15	Pulse	55	590000	21062	NA
15	Pulse	55	600000	31062	NA
16	Pulse	55	610000	465	NA
16	Pulse	55	620000	10465	NA
16	Pulse	55	630000	20465	NA
16	Pulse	55	640000	30465	NA
16	Pulse	55	650000	40465	NA
17	Pulse	55	660000	9868	NA
17	Pulse	55	670000	19868	NA
17	Pulse	55	680000	29868	NA
17	Pulse	55	690000	39868	NA
18	Pulse	55	700000	9272	NA
18	Pulse	55	710000	19272	NA
18	Pulse	55	720000	29272	NA
18	Pulse	55	730000	39272	NA
19	Pulse	55	740000	8675	NA
19	Pulse	55	750000	18675	NA
19	Pulse	55	760000	28675	NA
19	Pulse	55	770000	38675	NA
20	Pulse	55	780000	7995	NA
20	Pulse	55	790000	17995	NA
20	Pulse	55	800000	27995	NA
20	Pulse	55	810000	37995	NA
21	Pulse	55	820000	7398	NA
21	Pulse	55	830000	17398	NA
21	Pulse	55	840000	27398	NA
21	Pulse	55	850000	37398	NA
22	Pulse	55	860000	6801	NA
22	Pulse	55	870000	16801	NA
22	Pulse	55	880000	26801	NA
22	Pulse	55	890000	36801	NA
23	Pulse	55	900000	6204	NA
23	Pulse	55	910000	16204	NA
23	Pulse	55	920000	26204	NA
23	Pulse	55	930000	36204	NA
24	Pulse	55	940000	5608	NA
24	Pulse	55	950000	15608	NA
24	Pulse	55	960000	25608	NA
24	Pulse	55	970000	35608	NA
25	Pulse	55	980000	5011	NA
25	Pulse	55	990000	15011	NA
25	Pulse	55	1000000	25011	NA
25	Pulse	55	1010000	35011	NA
26	Pulse	55	1020000	4414	NA
26	Pulse	55	1030000	14414	NA
26	Pulse	55	1040000	24414	NA
26	Pulse	55	1050000	34414	NA
27	Pulse	55	1060000	3817	NA
27	Pulse	55	1070000	13817	NA
27	Pulse	55	1080000	23817	NA
27	Pulse	55	1090000	33817	NA
28	Pulse	55	1100000	3221	NA
28	Pulse	55	1110000	13221	NA
28	Pulse	55	1120000	23221	NA
28	Pulse	55	1130000	33221	NA
29	Pulse	55	1140000	2541	NA
29	Pulse	55	1150000	12541	NA
29	Pulse	55	1160000	22541	NA
29	Pulse	55	1170000	32541	NA
30	Pulse	55	1180000	1944	NA
30	Pulse	55	1190000	11944	NA
30	Pulse	55	1200000	21944	NA
30	Pulse	55	1210000	31944	NA
31	Pulse	55	1220000	1347	NA
31	Pulse	55	1230000	11347	NA
31	Pulse	55	1240000	21347	NA
31	Pulse	55	1250000	31347	NA
32	Pulse	55	1260000	750	NA
32	Pulse	55	1270000	10750	NA
32	Pulse	55	1280000	20750	NA
32	Pulse	55	1290000	30750	NA
33	Pulse	55	1300000	70	NA
33	Pulse	55	1310000	10070	NA
33	Pulse	55	1320000	20070	NA
33	Pulse	55	1330000	30070	NA
33	Pulse	55	1340000	40070	NA
34	Pulse	55	1350000	9473	NA
34	Pulse	55	1360000	19473	NA
34	Pulse	55	1370000	29473	NA
34	Pulse	55	1380000	39473	NA
35	Pulse	55	1390000	8877	NA
35	Pulse	55	1400000	18877	NA
35	Pulse	55	1410000	28877	NA
35	Pulse	55	1420000	38877	NA
36	Pulse	55	1430000	8280	NA
36	Pulse	55	1440000	18280	NA
36	Pulse	55	1450000	28280	NA
36	Pulse	55	1460000	38280	NA
37	Pulse	55	1470000	7683	NA
37	Pulse	55	1480000	17683	NA
37	Pulse	55	1490000	27683	NA
37	Pulse	55	1500000	37683	NA
38	Pulse	55	1510000	6836	NA
38	Pulse	55	1520000	16836	NA
38	Pulse	55	1530000	26836	NA
38	Pulse	55	1540000	36836	NA
39	Pulse	55	1550000	6239	NA
39	Pulse	55	1560000	16239	NA
39	Pulse	55	1570000	26239	NA
39	Pulse	55	1580000	36239	NA
40	Pulse	55	1590000	5643	NA
40	Pulse	55	1600000	15643	NA
40	Pulse	55	1610000	25643	NA
40	Pulse	55	1620000	35643	NA
41	Pulse	55	1630000	4963	NA
41	Pulse	55	1640000	14963	NA
41	Pulse	55	1650000	24963	NA
41	Pulse	55	1660000	34963	NA
42	Pulse	55	1670000	4116	NA
42	Pulse	55	1680000	14116	NA
42	Pulse	55	1690000	24116	NA
42	Pulse	55	1700000	34116	NA
43	Pulse	55	1710000	3519	NA
43	Pulse	55	1720000	13519	NA
43	Pulse	55	1730000	23519	NA
43	Pulse	55	1740000	33519	NA
44	Pulse	55	1750000	2922	NA
44	Pulse	55	1760000	12922	NA
44	Pulse	55	1770000	22922	NA
44	Pulse	55	1780000	32922	NA
45	Pulse	55	1790000	2242	NA
45	Pulse	55	1800000	12242	NA
45	Pulse	55	1810000	22242	NA
45	Pulse	55	1820000	32242	NA
46	Pulse	55	1830000	1479	NA
46	Pulse	55	1840000	11479	NA
46	Pulse	55	1850000	21479	NA
46	Pulse	55	1860000	31479	NA
47	Pulse	55	1870000	882	NA
47	Pulse	55	1880000	10882	NA
47	Pulse	55	1890000	20882	NA
47	Pulse	55	1900000	30882	NA
48	Pulse	55	1910000	285	NA
48	Pulse	55	1920000	10285	NA
48	Pulse	55	1930000	20285	NA
48	Pulse	55	1940000	30285	NA
48	Pulse	55	1950000	40285	NA
49	Pulse	55	1960000	9605	NA
49	Pulse	55	1970000	19605	NA
49	Pulse	55	1980000	29605	NA
49	Pulse	55	1990000	39605	NA
50	Pulse	55	2000000	9008	NA
50	Pulse	55	2010000	19008	NA
50	Pulse	55	2020000	29008	NA
50	Pulse	55	2030000	39008	NA
51	Pulse	55	2040000	8328	NA
51	Pulse	55	2050000	18328	NA
51	Pulse	55	2060000	28328	NA
51	Pulse	55	2070000	38328	NA
52	Pulse	55	2080000	7648	NA
52	Pulse	55	2090000	17648	NA
52	Pulse	55	2100000	27648	NA
52	Pulse	55	2110000	37648	NA
53	Pulse	55	2120000	6884	NA
53	Pulse	55	2130000	16884	NA
53	Pulse	55	2140000	26884	NA
53	Pulse	55	2150000	36884	NA
54	Pulse	55	2160000	6288	NA
54	Pulse	55	2170000	16288	NA
54	Pulse	55	2180000	26288	NA
54	Pulse	55	2190000	36288	NA
55	Pulse	55	2200000	5691	NA
55	Pulse	55	2210000	15691	NA
55	Pulse	55	2220000	25691	NA
55	Pulse	55	2230000	35691	NA
56	Pulse	55	2240000	4844	NA
56	Pulse	55	2250000	14844	NA
56	Pulse	55	2260000	24844	NA
56	Pulse	55	2270000	34844	NA
57	Pulse	55	2280000	4247	NA
57	Pulse	55	2290000	14247	NA
57	Pulse	55	2300000	24247	NA
57	Pulse	55	2310000	34247	NA
58	Pulse	55	2320000	3567	NA
58	Pulse	55	2330000	13567	NA
58	Pulse	55	2340000	23567	NA
58	Pulse	55	2350000	33567	NA
59	Pulse	55	2360000	2970	NA
59	Pulse	55	2370000	12970	NA
59	Pulse	55	2380000	22970	NA
59	Pulse	55	2390000	32970	NA
60	Pulse	55	2400000	2374	NA
60	Pulse	55	2410000	12374	NA
60	Pulse	55	2420000	22374	NA
60	Pulse	55	2430000	32374	NA
61	Pulse	55	2440000	1693	NA
61	Pulse	55	2450000	11693	NA
61	Pulse	55	2460000	21693	NA
61	Pulse	55	2470000	31693	NA
62	Pulse	55	2480000	1013	NA
62	Pulse	55	2490000	11013	NA
62	Pulse	55	2500000	21013	NA
62	Pulse	55	2510000	31013	NA
63	Pulse	55	2520000	333	NA
63	Pulse	55	2530000	10333	NA
63	Pulse	55	2540000	20333	NA
63	Pulse	55	2550000	30333	NA
63	Pulse	55	2560000	40333	NA
64	Pulse	55	2570000	9653	NA
64	Pulse	55	2580000	19653	NA
64	Pulse	55	2590000	29653	NA
64	Pulse	55	2600000	39653	NA
65	Pulse	55	2610000	8973	NA
65	Pulse	55	2620000	18973	NA
65	Pulse	55	2630000	28973	NA
65	Pulse	55	2640000	38973	NA
66	Pulse	55	2650000	8376	NA
66	Pulse	55	2660000	18376	NA
66	Pulse	55	2670000	28376	NA
66	Pulse	55	2680000	38376	NA
67	Pulse	55	2690000	7613	NA
67	Pulse	55	2700000	17613	NA
67	Pulse	55	2710000	27613	NA
67	Pulse	55	2720000	37613	NA
68	Pulse	55	2730000	7016	NA
68	Pulse	55	2740000	17016	NA
68	Pulse	55	2750000	27016	NA
68	Pulse	55	2760000	37016	NA
69	Pulse	55	2770000	6419	NA
69	Pulse	55	2780000	16419	NA
69	Pulse	55	2790000	26419	NA
69	Pulse	55	2800000	36419	NA
70	Pulse	55	2810000	5822	NA
70	Pulse	55	2820000	15822	NA
70	Pulse	55	2830000	25822	NA
70	Pulse	55	2840000	35822	NA
71	Pulse	55	2850000	5226	NA
71	Pulse	55	2860000	15226	NA
71	Pulse	55	2870000	25226	NA
71	Pulse	55	2880000	35226	NA
72	Pulse	55	2890000	4629	NA
72	Pulse	55	2900000	14629	NA
72	Pulse	55	2910000	24629	NA
72	Pulse	55	2920000	34629	NA
73	Pulse	55	2930000	3865	NA
73	Pulse	55	2940000	13865	NA
73	Pulse	55	2950000	23865	NA
73	Pulse	55	2960000	33865	NA
74	Pulse	55	2970000	3269	NA
74	Pulse	55	2980000	13269	NA
74	Pulse	55	2990000	23269	NA
74	Pulse	55	3000000	33269	NA
75	Pulse	55	3010000	2672	NA
75	Pulse	55	3020000	12672	NA
75	Pulse	55	3030000	22672	NA
75	Pulse	55	3040000	32672	NA
76	Pulse	55	3050000	1992	NA
76	Pulse	55	3060000	11992	NA
76	Pulse	55	3070000	21992	NA
76	Pulse	55	3080000	31992	NA
77	Pulse	55	3090000	1395	NA
77	Pulse	55	3100000	11395	NA
77	Pulse	55	3110000	21395	NA
77	Pulse	55	3120000	31395	NA
78	Pulse	55	3130000	715	NA
78	Pulse	55	3140000	10715	NA
78	Pulse	55	3150000	20715	NA
78	Pulse	55	3160000	30715	NA
79	Pulse	55	3170000	35	NA
79	Pulse	55	3180000	10035	NA
79	Pulse	55	3190000	20035	NA
79	Pulse	55	3200000	30035	NA
79	Pulse	55	3210000	40035	NA
80	Pulse	55	3220000	9355	NA
80	Pulse	55	3230000	19355	NA
80	Pulse	55	3240000	29355	NA
80	Pulse	55	3250000	39355	NA
81	Pulse	55	3260000	8758	NA
81	Pulse	55	3270000	18758	NA
81	Pulse	55	3280000	28758	NA
81	Pulse	55	3290000	38758	NA
82	Pulse	55	3300000	8078	NA
82	Pulse	55	3310000	18078	NA
82	Pulse	55	3320000	28078	NA
82	Pulse	55	3330000	38078	NA
83	Pulse	55	3340000	7481	NA
83	Pulse	55	3350000	17481	NA
83	Pulse	55	3360000	27481	NA
83	Pulse	55	3370000	37481	NA
84	Pulse	55	3380000	6884	NA
84	Pulse	55	3390000	16884	NA
84	Pulse	55	3400000	26884	NA
84	Pulse	55	3410000	36884	NA
85	Pulse	55	3420000	6204	NA
85	Pulse	55	3430000	16204	NA
85	Pulse	55	3440000	26204	NA
85	Pulse	55	3450000	36204	NA
86	Pulse	55	3460000	5524	NA
86	Pulse	55	3470000	15524	NA
86	Pulse	55	3480000	25524	NA
86	Pulse	55	3490000	35524	NA
87	Pulse	55	3500000	4927	NA
87	Pulse	55	3510000	14927	NA
87	Pulse	55	3520000	24927	NA
87	Pulse	55	3530000	34927	NA
88	Pulse	55	3540000	4330	NA
88	Pulse	55	3550000	14330	NA
88	Pulse	55	3560000	24330	NA
88	Pulse	55	3570000	34330	NA
89	Pulse	55	3580000	3734	NA
89	Pulse	55	3590000	13734	NA
89	Pulse	55	3600000	23734	NA
89	Pulse	55	3610000	33734	NA
90	Pulse	55	3620000	3054	NA
90	Pulse	55	3630000	13054	NA
90	Pulse	55	3640000	23054	NA
90	Pulse	55	3650000	33054	NA
91	Pulse	55	3660000	2457	NA
91	Pulse	55	3670000	12457	NA
91	Pulse	55	3680000	22457	NA
91	Pulse	55	3690000	32457	NA
92	Pulse	55	3700000	1860	NA
92	Pulse	55	3710000	11860	NA
92	Pulse	55	3720000	21860	NA
92	Pulse	55	3730000	31860	NA
93	Pulse	55	3740000	1263	NA
93	Pulse	55	3750000	11263	NA
93	Pulse	55	3760000	21263	NA
93	Pulse	55	3770000	31263	NA
94	Pulse	55	3780000	667	NA
94	Pulse	55	3790000	10667	NA
94	Pulse	55	3800000	20667	NA
94	Pulse	55	3810000	30667	NA
95	Pulse	55	3820000	70	NA
95	Pulse	55	3830000	10070	NA
95	Pulse	55	3840000	20070	NA
95	Pulse	55	3850000	30070	NA
95	Pulse	55	3860000	40070	NA
96	Pulse	55	3870000	9473	NA
96	Pulse	55	3880000	19473	NA
96	Pulse	55	3890000	29473	NA
96	Pulse	55	3900000	39473	NA
97	Pulse	55	3910000	8876	NA
97	Pulse	55	3920000	18876	NA
97	Pulse	55	3930000	28876	NA
97	Pulse	55	3940000	38876	NA
98	Pulse	55	3950000	8196	NA
98	Pulse	55	3960000	18196	NA
98	Pulse	55	3970000	28196	NA
98	Pulse	55	3980000	38196	NA
99	Pulse	55	3990000	7599	NA
99	Pulse	55	4000000	17599	NA
99	Pulse	55	4010000	27599	NA
99	Pulse	55	4020000	37599	NA
100	Pulse	55	4030000	7003	NA
100	Pulse	55	4040000	17003	NA
100	Pulse	55	4050000	27003	NA
100	Pulse	55	4060000	37003	NA
101	Pulse	55	4070000	6406	NA
101	Pulse	55	4080000	16406	NA
101	Pulse	55	4090000	26406	NA
101	Pulse	55	4100000	36406	NA
102	Pulse	55	4110000	5809	NA
102	Pulse	55	4120000	15809	NA
102	Pulse	55	4130000	25809	NA
102	Pulse	55	4140000	35809	NA
103	Pulse	55	4150000	5212	NA
103	Pulse	55	4160000	15212	NA
103	Pulse	55	4170000	25212	NA
103	Pulse	55	4180000	35212	NA
104	Pulse	55	4190000	4532	NA
104	Pulse	55	4200000	14532	NA
104	Pulse	55	4210000	24532	NA
104	Pulse	55	4220000	34532	NA
105	Pulse	55	4230000	3935	NA
105	Pulse	55	4240000	13935	NA
105	Pulse	55	4250000	23935	NA
105	Pulse	55	4260000	33935	NA
106	Pulse	55	4270000	3339	NA
106	Pulse	55	4280000	13339	NA
106	Pulse	55	4290000	23339	NA
106	Pulse	55	4300000	33339	NA
107	Pulse	55	4310000	2825	NA
107	Pulse	55	4320000	12825	NA
107	Pulse	55	4330000	22825	NA
107	Pulse	55	4340000	32825	NA
108	Pulse	55	4350000	2312	NA
108	Pulse	55	4360000	12312	NA
108	Pulse	55	4370000	22312	NA
108	Pulse	55	4380000	32312	NA
109	Pulse	55	4390000	1715	NA
109	Pulse	55	4400000	11715	NA
109	Pulse	55	4410000	21715	NA
109	Pulse	55	4420000	31715	NA
110	Pulse	55	4430000	1118	NA
110	Pulse	55	4440000	11118	NA
110	Pulse	55	4450000	21118	NA
110	Pulse	55	4460000	31118	NA
111	Pulse	55	4470000	522	NA
111	Pulse	55	4480000	10522	NA
111	Pulse	55	4490000	20522	NA
111	Pulse	55	4500000	30522	NA
111	Pulse	55	4510000	40522	NA
112	Pulse	55	4520000	9925	NA
112	Pulse	55	4530000	19925	NA
112	Pulse	55	4540000	29925	NA
112	Pulse	55	4550000	39925	NA
113	Pulse	55	4560000	9328	NA
113	Pulse	55	4570000	19328	NA
113	Pulse	55	4580000	29328	NA
113	Pulse	55	4590000	39328	NA
114	Pulse	55	4600000	8731	NA
114	Pulse	55	4610000	18731	NA
114	Pulse	55	4620000	28731	NA
114	Pulse	55	4630000	38731	NA
115	Pulse	55	4640000	8134	NA
115	Pulse	55	4650000	18134	NA
115	Pulse	55	4660000	28134	NA
115	Pulse	55	4670000	38134	NA
116	Pulse	55	4680000	7538	NA
116	Pulse	55	4690000	17538	NA
116	Pulse	55	4700000	27538	NA
116	Pulse	55	4710000	37538	NA
117	Pulse	55	4720000	6858	NA
117	Pulse	55	4730000	16858	NA
117	Pulse	55	4740000	26858	NA
117	Pulse	55	4750000	36858	NA
118	Pulse	55	4760000	6344	NA
118	Pulse	55	4770000	16344	NA
118	Pulse	55	4780000	26344	NA
118	Pulse	55	4790000	36344	NA
119	Pulse	55	4800000	5747	NA
119	Pulse	55	4810000	15747	NA
119	Pulse	55	4820000	25747	NA
119	Pulse	55	4830000	35747	NA
120	Pulse	55	4840000	5151	NA
120	Pulse	55	4850000	15151	NA
120	Pulse	55	4860000	25151	NA
120	Pulse	55	4870000	35151	NA
121	Pulse	55	4880000	4637	NA
121	Pulse	55	4890000	14637	NA
121	Pulse	55	4900000	24637	NA
121	Pulse	55	4910000	34637	NA
122	Pulse	55	4920000	4041	NA
122	Pulse	55	4930000	14041	NA
122	Pulse	55	4940000	24041	NA
122	Pulse	55	4950000	34041	NA
123	Pulse	55	4960000	3527	NA
123	Pulse	55	4970000	13527	NA
123	Pulse	55	4980000	23527	NA
123	Pulse	55	4990000	33527	NA
124	Pulse	55	5000000	3014	NA
124	Pulse	55	5010000	13014	NA
124	Pulse	55	5020000	23014	NA
124	Pulse	55	5030000	33014	NA
125	Pulse	55	5040000	2500	NA
125	Pulse	55	5050000	12500	NA
125	Pulse	55	5060000	22500	NA
125	Pulse	55	5070000	32500	NA
126	Pulse	55	5080000	1904	NA
126	Pulse	55	5090000	11904	NA
126	Pulse	55	5100000	21904	NA
126	Pulse	55	5110000	31904	NA
127	Pulse	55	5120000	1307	NA
127	Pulse	55	5130000	11307	NA
127	Pulse	55	5140000	21307	NA
127	Pulse	55	5150000	31307	NA
128	Pulse	55	5160000	627	NA
128	Pulse	55	5170000	10627	NA
128	Pulse	55	5180000	20627	NA
128	Pulse	55	5190000	30627	NA
129	Pulse	55	5200000	30	NA
129	Pulse	55	5210000	10030	NA
129	Pulse	55	5220000	20030	NA
129	Pulse	55	5230000	30030	NA
129	Pulse	55	5240000	40030	NA
130	Pulse	55	5250000	9433	NA
130	Pulse	55	5260000	19433	NA
130	Pulse	55	5270000	29433	NA
130	Pulse	55	5280000	39433	NA
131	Pulse	55	5290000	8836	NA
131	Pulse	55	5300000	18836	NA
131	Pulse	55	5310000	28836	NA
131	Pulse	55	5320000	38836	NA
132	Pulse	55	5330000	8323	NA
132	Pulse	55	5340000	18323	NA
132	Pulse	55	5350000	28323	NA
132	Pulse	55	5360000	38323	NA
133	Pulse	55	5370000	7726	NA
133	Pulse	55	5380000	17726	NA
133	Pulse	55	5390000	27726	NA
133	Pulse	55	5400000	37726	NA
134	Pulse	55	5410000	7046	NA
134	Pulse	55	5420000	17046	NA
134	Pulse	55	5430000	27046	NA
134	Pulse	55	5440000	37046	NA
135	Pulse	55	5450000	6449	NA
135	Pulse	55	5460000	16449	NA
135	Pulse	55	5470000	26449	NA
135	Pulse	55	5480000	36449	NA
136	Pulse	55	5490000	5853	NA
136	Pulse	55	5500000	15853	NA
136	Pulse	55	5510000	25853	NA
136	Pulse	55	5520000	35853	NA
137	Pulse	55	5530000	5172	NA
137	Pulse	55	5540000	15172	NA
137	Pulse	55	5550000	25172	NA
137	Pulse	55	5560000	35172	NA
138	Pulse	55	5570000	4659	NA
138	Pulse	55	5580000	14659	NA
138	Pulse	55	5590000	24659	NA
138	Pulse	55	5600000	34659	NA
139	Pulse	55	5610000	4062	NA
139	Pulse	55	5620000	14062	NA
139	Pulse	55	5630000	24062	NA
139	Pulse	55	5640000	34062	NA
140	Pulse	55	5650000	3465	NA
140	Pulse	55	5660000	13465	NA
140	Pulse	55	5670000	23465	NA
140	Pulse	55	5680000	33465	NA
141	Pulse	55	5690000	2952	NA
141	Pulse	55	5700000	12952	NA
141	Pulse	55	5710000	22952	NA
141	Pulse	55	5720000	32952	NA
142	Pulse	55	5730000	2355	NA
142	Pulse	55	5740000	12355	NA
142	Pulse	55	5750000	22355	NA
142	Pulse	55	5760000	32355	NA
143	Pulse	55	5770000	1759	NA
143	Pulse	55	5780000	11759	NA
143	Pulse	55	5790000	21759	NA
143	Pulse	55	5800000	31759	NA
144	Pulse	55	5810000	1245	NA
144	Pulse	55	5820000	11245	NA
144	Pulse	55	5830000	21245	NA
144	Pulse	55	5840000	31245	NA
145	Pulse	55	5850000	732	NA
145	Pulse	55	5860000	10732	NA
145	Pulse	55	5870000	20732	NA
145	Pulse	55	5880000	30732	NA
146	Pulse	55	5890000	135	NA
146	Pulse	55	5900000	10135	NA
146	Pulse	55	5910000	20135	NA
146	Pulse	55	5920000	30135	NA
146	Pulse	55	5930000	40135	NA
147	Pulse	55	5940000	9538	NA
147	Pulse	55	5950000	19538	NA
147	Pulse	55	5960000	29538	NA
147	Pulse	55	5970000	39538	NA
148	Pulse	55	5980000	8941	NA
148	Pulse	55	5990000	18941	NA
148	Pulse	55	6000000	28941	NA
148	Pulse	55	6010000	38941	NA
149	Pulse	55	6020000	8345	NA
149	Pulse	55	6030000	18345	NA
149	Pulse	55	6040000	28345	NA
149	Pulse	55	6050000	38345	NA
150	Pulse	55	6060000	7748	NA
150	Pulse	55	6070000	17748	NA
150	Pulse	55	6080000	27748	NA
150	Pulse	55	6090000	37748	NA
151	Pulse	55	6100000	7151	NA
151	Pulse	55	6110000	17151	NA
151	Pulse	55	6120000	27151	NA
151	Pulse	55	6130000	37151	NA
152	Pulse	55	6140000	6554	NA
152	Pulse	55	6150000	16554	NA
152	Pulse	55	6160000	26554	NA
152	Pulse	55	6170000	36554	NA
153	Pulse	55	6180000	6041	NA
153	Pulse	55	6190000	16041	NA
153	Pulse	55	6200000	26041	NA
153	Pulse	55	6210000	36041	NA
154	Pulse	55	6220000	5528	NA
154	Pulse	55	6230000	15528	NA
154	Pulse	55	6240000	25528	NA
154	Pulse	55	6250000	35528	NA
155	Pulse	55	6260000	5098	NA
155	Pulse	55	6270000	15098	NA
155	Pulse	55	6280000	25098	NA
155	Pulse	55	6290000	35098	NA
156	Pulse	55	6300000	4584	NA
156	Pulse	55	6310000	14584	NA
156	Pulse	55	6320000	24584	NA
156	Pulse	55	6330000	34584	NA
157	Pulse	55	6340000	3987	NA
157	Pulse	55	6350000	13987	NA
157	Pulse	55	6360000	23987	NA
157	Pulse	55	6370000	33987	NA
158	Pulse	55	6380000	3474	NA
158	Pulse	55	6390000	13474	NA
158	Pulse	55	6400000	23474	NA
158	Pulse	55	6410000	33474	NA
159	Pulse	55	6420000	2877	NA
159	Pulse	55	6430000	12877	NA
159	Pulse	55	6440000	22877	NA
159	Pulse	55	6450000	32877	NA
160	Pulse	55	6460000	2280	NA
160	Pulse	55	6470000	12280	NA
160	Pulse	55	6480000	22280	NA
160	Pulse	55	6490000	32280	NA
161	Pulse	55	6500000	1684	NA
161	Pulse	55	6510000	11684	NA
161	Pulse	55	6520000	21684	NA
161	Pulse	55	6530000	31684	NA
162	Pulse	55	6540000	1170	NA
162	Pulse	55	6550000	11170	NA
162	Pulse	55	6560000	21170	NA
162	Pulse	55	6570000	31170	NA
163	Pulse	55	6580000	574	NA
163	Pulse	55	6590000	10574	NA
163	Pulse	55	6600000	20574	NA
163	Pulse	55	6610000	30574	NA
163	Pulse	55	6620000	40574	NA
164	Pulse	55	6630000	9977	NA
164	Pulse	55	6640000	19977	NA
164	Pulse	55	6650000	29977	NA
164	Pulse	55	6660000	39977	NA
165	Pulse	55	6670000	9380	NA
165	Pulse	55	6680000	19380	NA
165	Pulse	55	6690000	29380	NA
165	Pulse	55	6700000	39380	NA
166	Pulse	55	6710000	8783	NA
166	Pulse	55	6720000	18783	NA
166	Pulse	55	6730000	28783	NA
166	Pulse	55	6740000	38783	NA
167	Pulse	55	6750000	8103	NA
167	Pulse	55	6760000	18103	NA
167	Pulse	55	6770000	28103	NA
167	Pulse	55	6780000	38103	NA
168	Pulse	55	6790000	7506	NA
168	Pulse	55	6800000	17506	NA
168	Pulse	55	6810000	27506	NA
168	Pulse	55	6820000	37506	NA
169	Pulse	55	6830000	6993	NA
169	Pulse	55	6840000	16993	NA
169	Pulse	55	6850000	26993	NA
169	Pulse	55	6860000	36993	NA
170	Pulse	55	6870000	6396	NA
170	Pulse	55	6880000	16396	NA
170	Pulse	55	6890000	26396	NA
170	Pulse	55	6900000	36396	NA
171	Pulse	55	6910000	5883	NA
171	Pulse	55	6920000	15883	NA
171	Pulse	55	6930000	25883	NA
171	Pulse	55	6940000	35883	NA
172	Pulse	55	6950000	5369	NA
172	Pulse	55	6960000	15369	NA
172	Pulse	55	6970000	25369	NA
172	Pulse	55	6980000	35369	NA
173	Pulse	55	6990000	4773	NA
173	Pulse	55	7000000	14773	NA
173	Pulse	55	7010000	24773	NA
173	Pulse	55	7020000	34773	NA
174	Pulse	55	7030000	4343	NA
174	Pulse	55	7040000	14343	NA
174	Pulse	55	7050000	24343	NA
174	Pulse	55	7060000	34343	NA
175	Pulse	55	7070000	3829	NA
175	Pulse	55	7080000	13829	NA
175	Pulse	55	7090000	23829	NA
175	Pulse	55	7100000	33829	NA
176	Pulse	55	7110000	3232	NA
176	Pulse	55	7120000	13232	NA
176	Pulse	55	7130000	23232	NA
176	Pulse	55	7140000	33232	NA
177	Pulse	55	7150000	2719	NA
177	Pulse	55	7160000	12719	NA
177	Pulse	55	7170000	22719	NA
177	Pulse	55	7180000	32719	NA
178	Pulse	55	7190000	2206	NA
178	Pulse	55	7200000	12206	NA
178	Pulse	55	7210000	22206	NA
178	Pulse	55	7220000	32206	NA
179	Pulse	55	7230000	1692	NA
179	Pulse	55	7240000	11692	NA
179	Pulse	55	7250000	21692	NA
179	Pulse	55	7260000	31692	NA
180	Pulse	55	7270000	1095	NA
180	Pulse	55	7280000	11095	NA
180	Pulse	55	7290000	21095	NA
180	Pulse	55	7300000	31095	NA
181	Pulse	55	7310000	415	NA
181	Pulse	55	7320000	10415	NA
181	Pulse	55	7330000	20415	NA
181	Pulse	55	7340000	30415	NA
181	Pulse	55	7350000	40415	NA
182	Pulse	55	7360000	9819	NA
182	Pulse	55	7370000	19819	NA
182	Pulse	55	7380000	29819	NA
182	Pulse	55	7390000	39819	NA
183	Pulse	55	7400000	9222	NA
183	Pulse	55	7410000	19222	NA
183	Pulse	55	7420000	29222	NA
183	Pulse	55	7430000	39222	NA
184	Pulse	55	7440000	8625	NA
184	Pulse	55	7450000	18625	NA
184	Pulse	55	7460000	28625	NA
184	Pulse	55	7470000	38625	NA
185	Pulse	55	7480000	8112	NA
185	Pulse	55	7490000	18112	NA
185	Pulse	55	7500000	28112	NA
185	Pulse	55	7510000	38112	NA
186	Pulse	55	7520000	7515	NA
186	Pulse	55	7530000	17515	NA
186	Pulse	55	7540000	27515	NA
186	Pulse	55	7550000	37515	NA
187	Pulse	55	7560000	6835	NA
187	Pulse	55	7570000	16835	NA
187	Pulse	55	7580000	26835	NA
187	Pulse	55	7590000	36835	NA
188	Pulse	55	7600000	6238	NA
188	Pulse	55	7610000	16238	NA
188	Pulse	55	7620000	26238	NA
188	Pulse	55	7630000	36238	NA
189	Pulse	55	7640000	5558	NA
189	Pulse	55	7650000	15558	NA
189	Pulse	55	7660000	25558	NA
189	Pulse	55	7670000	35558	NA
190	Pulse	55	7680000	4961	NA
190	Pulse	55	7690000	14961	NA
190	Pulse	55	7700000	24961	NA
190	Pulse	55	7710000	34961	NA
191	Pulse	55	7720000	4364	NA
191	Pulse	55	7730000	14364	NA
191	Pulse	55	7740000	24364	NA
191	Pulse	55	7750000	34364	NA
192	Pulse	55	7760000	3768	NA
192	Pulse	55	7770000	13768	NA
192	Pulse	55	7780000	23768	NA
192	Pulse	55	7790000	33768	NA
193	Pulse	55	7800000	3171	NA
193	Pulse	55	7810000	13171	NA
193	Pulse	55	7820000	23171	NA
193	Pulse	55	7830000	33171	NA
194	Pulse	55	7840000	2574	NA
194	Pulse	55	7850000	12574	NA
194	Pulse	55	7860000	22574	NA
194	Pulse	55	7870000	32574	NA
195	Pulse	55	7880000	1977	NA
195	Pulse	55	7890000	11977	NA
195	Pulse	55	7900000	21977	NA
195	Pulse	55	7910000	31977	NA
196	Pulse	55	7920000	1380	NA
196	Pulse	55	7930000	11380	NA
196	Pulse	55	7940000	21380	NA
196	Pulse	55	7950000	31380	NA
197	Pulse	55	7960000	784	NA
197	Pulse	55	7970000	10784	NA
197	Pulse	55	7980000	20784	NA
197	Pulse	55	7990000	30784	NA
198	Pulse	55	8000000	270	NA
198	Pulse	55	8010000	10270	NA
198	Pulse	55	8020000	20270	NA
198	Pulse	55	8030000	30270	NA
198	Pulse	55	8040000	40270	NA
199	Pulse	55	8050000	9674	NA
199	Pulse	55	8060000	19674	NA
199	Pulse	55	8070000	29674	NA
199	Pulse	55	8080000	39674	NA
200	Pulse	55	8090000	9077	NA
200	Pulse	55	8100000	19077	NA
200	Pulse	55	8110000	29077	NA
200	Pulse	55	8120000	39077	NA
201	Pulse	55	8130000	8563	NA
201	Pulse	55	8140000	18563	NA
201	Pulse	55	8150000	28563	NA
201	Pulse	55	8160000	38563	NA
202	Pulse	55	8170000	7967	NA
202	Pulse	55	8180000	17967	NA
202	Pulse	55	8190000	27967	NA
202	Pulse	55	8200000	37967	NA
203	Pulse	55	8210000	7453	NA
203	Pulse	55	8220000	17453	NA
203	Pulse	55	8230000	27453	NA
203	Pulse	55	8240000	37453	NA
204	Pulse	55	8250000	6856	NA
204	Pulse	55	8260000	16856	NA
204	Pulse	55	8270000	26856	NA
204	Pulse	55	8280000	36856	NA
205	Pulse	55	8290000	6260	NA
205	Pulse	55	8300000	16260	NA
205	Pulse	55	8310000	26260	NA
205	Pulse	55	8320000	36260	NA
206	Pulse	55	8330000	5663	NA
206	Pulse	55	8340000	15663	NA
206	Pulse	55	8350000	25663	NA
206	Pulse	55	8360000	35663	NA
207	Pulse	55	8370000	5150	NA
207	Pulse	55	8380000	15150	NA
207	Pulse	55	8390000	25150	NA
207	Pulse	55	8400000	35150	NA
208	Pulse	55	8410000	4636	NA
208	Pulse	55	8420000	14636	NA
208	Pulse	55	8430000	24636	NA
208	Pulse	55	8440000	34636	NA
209	Pulse	55	8450000	4039	NA
209	Pulse	55	8460000	14039	NA
209	Pulse	55	8470000	24039	NA
209	Pulse	55	8480000	34039	NA
210	Pulse	55	8490000	3526	NA
210	Pulse	55	8500000	13526	NA
210	Pulse	55	8510000	23526	NA
210	Pulse	55	8520000	33526	NA
211	Pulse	55	8530000	3012	NA
211	Pulse	55	8540000	13012	NA
211	Pulse	55	8550000	23012	NA
211	Pulse	55	8560000	33012	NA
212	Pulse	55	8570000	2499	NA
212	Pulse	55	8580000	12499	NA
212	Pulse	55	8590000	22499	NA
212	Pulse	55	8600000	32499	NA
213	Pulse	55	8610000	1986	NA
213	Pulse	55	8620000	11986	NA
213	Pulse	55	8630000	21986	NA
213	Pulse	55	8640000	31986	NA
214	Pulse	55	8650000	1389	NA
214	Pulse	55	8660000	11389	NA
214	Pulse	55	8670000	21389	NA
214	Pulse	55	8680000	31389	NA
215	Pulse	55	8690000	792	NA
215	Pulse	55	8700000	10792	NA
215	Pulse	55	8710000	20792	NA
215	Pulse	55	8720000	30792	NA
216	Pulse	55	8730000	195	NA
216	Pulse	55	8740000	10195	NA
216	Pulse	55	8750000	20195	NA
216	Pulse	55	8760000	30195	NA
216	Pulse	55	8770000	40195	NA
217	Pulse	55	8780000	9849	NA
217	Pulse	55	8790000	19849	NA
217	Pulse	55	8800000	29849	NA
217	Pulse	55	8810000	39849	NA
218	Pulse	55	8820000	9252	NA
218	Pulse	55	8830000	19252	NA
218	Pulse	55	8840000	29252	NA
218	Pulse	55	8850000	39252	NA
219	Pulse	55	8860000	8739	NA
219	Pulse	55	8870000	18739	NA
219	Pulse	55	8880000	28739	NA
219	Pulse	55	8890000	38739	NA
220	Pulse	55	8900000	8142	NA
220	Pulse	55	8910000	18142	NA
220	Pulse	55	8920000	28142	NA
220	Pulse	55	8930000	38142	NA
221	Pulse	55	8940000	7462	NA
221	Pulse	55	8950000	17462	NA
221	Pulse	55	8960000	27462	NA
221	Pulse	55	8970000	37462	NA
222	Pulse	55	8980000	6948	NA
222	Pulse	55	8990000	16948	NA
222	Pulse	55	9000000	26948	NA
222	Pulse	55	9010000	36948	NA
223	Pulse	55	9020000	6352	NA
223	Pulse	55	9030000	16352	NA
223	Pulse	55	9040000	26352	NA
223	Pulse	55	9050000	36352	NA
224	Pulse	55	9060000	5755	NA
224	Pulse	55	9070000	15755	NA
224	Pulse	55	9080000	25755	NA
224	Pulse	55	9090000	35755	NA
225	Pulse	55	9100000	5241	NA
225	Pulse	55	9110000	15241	NA
225	Pulse	55	9120000	25241	NA
225	Pulse	55	9130000	35241	NA
226	Pulse	55	9140000	4728	NA
226	Pulse	55	9150000	14728	NA
226	Pulse	55	9160000	24728	NA
226	Pulse	55	9170000	34728	NA
227	Pulse	55	9180000	4215	NA
227	Pulse	55	9190000	14215	NA
227	Pulse	55	9200000	24215	NA
227	Pulse	55	9210000	34215	NA
228	Pulse	55	9220000	3618	NA
228	Pulse	55	9230000	13618	NA
228	Pulse	55	9240000	23618	NA
228	Pulse	55	9250000	33618	NA
229	Pulse	55	9260000	3021	NA
229	Pulse	55	9270000	13021	NA
229	Pulse	55	9280000	23021	NA
229	Pulse	55	9290000	33021	NA
230	Pulse	55	9300000	2424	NA
230	Pulse	55	9310000	12424	NA
230	Pulse	55	9320000	22424	NA
230	Pulse	55	9330000	32424	NA
231	Pulse	55	9340000	1911	NA
231	Pulse	55	9350000	11911	NA
231	Pulse	55	9360000	21911	NA
231	Pulse	55	9370000	31911	NA
232	Pulse	55	9380000	1314	NA
232	Pulse	55	9390000	11314	NA
232	Pulse	55	9400000	21314	NA
232	Pulse	55	9410000	31314	NA
233	Pulse	55	9420000	717	NA
233	Pulse	55	9430000	10717	NA
233	Pulse	55	9440000	20717	NA
233	Pulse	55	9450000	30717	NA
234	Pulse	55	9460000	121	NA
234	Pulse	55	9470000	10121	NA
234	Pulse	55	9480000	20121	NA
234	Pulse	55	9490000	30121	NA
234	Pulse	55	9500000	40121	NA
235	Pulse	55	9510000	9524	NA
235	Pulse	55	9520000	19524	NA
235	Pulse	55	9530000	29524	NA
235	Pulse	55	9540000	39524	NA
236	Pulse	55	9550000	8927	NA
236	Pulse	55	9560000	18927	NA
236	Pulse	55	9570000	28927	NA
236	Pulse	55	9580000	38927	NA
237	Pulse	55	9590000	8330	NA
237	Pulse	55	9600000	18330	NA
237	Pulse	55	9610000	28330	NA
237	Pulse	55	9620000	38330	NA
238	Pulse	55	9630000	7734	NA
238	Pulse	55	9640000	17734	NA
238	Pulse	55	9650000	27734	NA
238	Pulse	55	9660000	37734	NA
239	Pulse	55	9670000	7137	NA
239	Pulse	55	9680000	17137	NA
239	Pulse	55	9690000	27137	NA
239	Pulse	55	9700000	37137	NA
240	Pulse	55	9710000	6540	NA
240	Pulse	55	9720000	16540	NA
240	Pulse	55	9730000	26540	NA
240	Pulse	55	9740000	36540	NA
241	Pulse	55	9750000	5943	NA
241	Pulse	55	9760000	15943	NA
241	Pulse	55	9770000	25943	NA
241	Pulse	55	9780000	35943	NA
242	Pulse	55	9790000	5346	NA
242	Pulse	55	9800000	15346	NA
242	Pulse	55	9810000	25346	NA
242	Pulse	55	9820000	35346	NA
243	Pulse	55	9830000	4750	NA
243	Pulse	55	9840000	14750	NA
243	Pulse	55	9850000	24750	NA
243	Pulse	55	9860000	34750	NA
244	Pulse	55	9870000	4153	NA
244	Pulse	55	9880000	14153	NA
244	Pulse	55	9890000	24153	NA
244	Pulse	55	9900000	34153	NA
245	Pulse	55	9910000	3639	NA
245	Pulse	55	9920000	13639	NA
245	Pulse	55	9930000	23639	NA
245	Pulse	55	9940000	33639	NA
246	Pulse	55	9950000	3043	NA
246	Pulse	55	9960000	13043	NA
246	Pulse	55	9970000	23043	NA
246	Pulse	55	9980000	33043	NA
247	Pulse	55	9990000	2446	NA
247	Pulse	55	10000000	12446	NA
247	Pulse	55	10010000	22446	NA
247	Pulse	55	10020000	32446	NA
248	Pulse	55	10030000	1849	NA
248	Pulse	55	10040000	11849	NA
248	Pulse	55	10050000	21849	NA
248	Pulse	55	10060000	31849	NA
249	Pulse	55	10070000	1252	NA
249	Pulse	55	10080000	11252	NA
249	Pulse	55	10090000	21252	NA
249	Pulse	55	10100000	31252	NA
250	Pulse	55	10110000	656	NA
250	Pulse	55	10120000	10656	NA
250	Pulse	55	10130000	20656	NA
250	Pulse	55	10140000	30656	NA
251	Pulse	55	10150000	59	NA
251	Pulse	55	10160000	10059	NA
251	Pulse	55	10170000	20059	NA
251	Pulse	55	10180000	30059	NA
251	Pulse	55	10190000	40059	NA
252	Pulse	55	10200000	9462	NA
252	Pulse	55	10210000	19462	NA
252	Pulse	55	10220000	29462	NA
252	Pulse	55	10230000	39462	NA
253	Pulse	55	10240000	8865	NA
253	Pulse	55	10250000	18865	NA
253	Pulse	55	10260000	28865	NA
253	Pulse	55	10270000	38865	NA
254	Pulse	55	10280000	8269	NA
254	Pulse	55	10290000	18269	NA
254	Pulse	55	10300000	28269	NA
254	Pulse	55	10310000	38269	NA
255	Pulse	55	10320000	7755	NA
255	Pulse	55	10330000	17755	NA
255	Pulse	55	10340000	27755	NA
255	Pulse	55	10350000	37755	NA
256	Pulse	55	10360000	7242	NA
256	Pulse	55	10370000	17242	NA
256	Pulse	55	10380000	27242	NA
256	Pulse	55	10390000	37242	NA
257	Pulse	55	10400000	6728	NA
257	Pulse	55	10410000	16728	NA
257	Pulse	55	10420000	26728	NA
257	Pulse	55	10430000	36728	NA
258	Pulse	55	10440000	6132	NA
258	Pulse	55	10450000	16132	NA
258	Pulse	55	10460000	26132	NA
258	Pulse	55	10470000	36132	NA
259	Pulse	55	10480000	5535	NA
259	Pulse	55	10490000	15535	NA
259	Pulse	55	10500000	25535	NA
259	Pulse	55	10510000	35535	NA
260	Pulse	55	10520000	4938	NA
260	Pulse	55	10530000	14938	NA
260	Pulse	55	10540000	24938	NA
260	Pulse	55	10550000	34938	NA
261	Pulse	55	10560000	4341	NA
261	Pulse	55	10570000	14341	NA
261	Pulse	55	10580000	24341	NA
261	Pulse	55	10590000	34341	NA
262	Pulse	55	10600000	3745	NA
262	Pulse	55	10610000	13745	NA
262	Pulse	55	10620000	23745	NA
262	Pulse	55	10630000	33745	NA
263	Pulse	55	10640000	3231	NA
263	Pulse	55	10650000	13231	NA
263	Pulse	55	10660000	23231	NA
263	Pulse	55	10670000	33231	NA
264	Pulse	55	10680000	2634	NA
264	Pulse	55	10690000	12634	NA
264	Pulse	55	10700000	22634	NA
264	Pulse	55	10710000	32634	NA
265	Pulse	55	10720000	2038	NA
265	Pulse	55	10730000	12038	NA
265	Pulse	55	10740000	22038	NA
265	Pulse	55	10750000	32038	NA
266	Pulse	55	10760000	1358	NA
266	Pulse	55	10770000	11358	NA
266	Pulse	55	10780000	21358	NA
266	Pulse	55	10790000	31358	NA
267	Pulse	55	10800000	761	NA
267	Pulse	55	10810000	10761	NA
267	Pulse	55	10820000	20761	NA
267	Pulse	55	10830000	30761	NA
268	Pulse	55	10840000	164	NA
268	Pulse	55	10850000	10164	NA
268	Pulse	55	10860000	20164	NA
268	Pulse	55	10870000	30164	NA
268	Pulse	55	10880000	40164	NA
269	Pulse	55	10890000	9567	NA
269	Pulse	55	10900000	19567	NA
269	Pulse	55	10910000	29567	NA
269	Pulse	55	10920000	39567	NA
270	Pulse	55	10930000	8970	NA
270	Pulse	55	10940000	18970	NA
270	Pulse	55	10950000	28970	NA
270	Pulse	55	10960000	38970	NA
271	Pulse	55	10970000	8374	NA
271	Pulse	55	10980000	18374	NA
271	Pulse	55	10990000	28374	NA
271	Pulse	55	11000000	38374	NA
272	Pulse	55	11010000	7777	NA
272	Pulse	55	11020000	17777	NA
272	Pulse	55	11030000	27777	NA
272	Pulse	55	11040000	37777	NA
273	Pulse	55	11050000	7180	NA
273	Pulse	55	11060000	17180	NA
273	Pulse	55	11070000	27180	NA
273	Pulse	55	11080000	37180	NA
274	Pulse	55	11090000	6583	NA
274	Pulse	55	11100000	16583	NA
274	Pulse	55	11110000	26583	NA
274	Pulse	55	11120000	36583	NA
275	Pulse	55	11130000	5987	NA
275	Pulse	55	11140000	15987	NA
275	Pulse	55	11150000	25987	NA
275	Pulse	55	11160000	35987	NA
276	Pulse	55	11170000	5390	NA
276	Pulse	55	11180000	15390	NA
276	Pulse	55	11190000	25390	NA
276	Pulse	55	11200000	35390	NA
277	Pulse	55	11210000	4793	NA
277	Pulse	55	11220000	14793	NA
277	Pulse	55	11230000	24793	NA
277	Pulse	55	11240000	34793	NA
278	Pulse	55	11250000	4196	NA
278	Pulse	55	11260000	14196	NA
278	Pulse	55	11270000	24196	NA
278	Pulse	55	11280000	34196	NA
279	Pulse	55	11290000	3600	NA
279	Pulse	55	11300000	13600	NA
279	Pulse	55	11310000	23600	NA
279	Pulse	55	11320000	33600	NA
280	Pulse	55	11330000	3003	NA
280	Pulse	55	11340000	13003	NA
280	Pulse	55	11350000	23003	NA
280	Pulse	55	11360000	33003	NA
281	Pulse	55	11370000	2406	NA
281	Pulse	55	11380000	12406	NA
281	Pulse	55	11390000	22406	NA
281	Pulse	55	11400000	32406	NA
282	Pulse	55	11410000	1809	NA
282	Pulse	55	11420000	11809	NA
282	Pulse	55	11430000	21809	NA
282	Pulse	55	11440000	31809	NA
283	Pulse	55	11450000	1046	NA
283	Pulse	55	11460000	11046	NA
283	Pulse	55	11470000	21046	NA
283	Pulse	55	11480000	31046	NA
284	Pulse	55	11490000	449	NA
284	Pulse	55	11500000	10449	NA
284	Pulse	55	11510000	20449	NA
284	Pulse	55	11520000	30449	NA
284	Pulse	55	11530000	40449	NA
285	Pulse	55	11540000	9852	NA
285	Pulse	55	11550000	19852	NA
285	Pulse	55	11560000	29852	NA
285	Pulse	55	11570000	39852	NA
286	Pulse	55	11580000	9255	NA
286	Pulse	55	11590000	19255	NA
286	Pulse	55	11600000	29255	NA
286	Pulse	55	11610000	39255	NA
287	Pulse	55	11620000	8492	NA
287	Pulse	55	11630000	18492	NA
287	Pulse	55	11640000	28492	NA
287	Pulse	55	11650000	38492	NA
288	Pulse	55	11660000	7895	NA
288	Pulse	55	11670000	17895	NA
288	Pulse	55	11680000	27895	NA
288	Pulse	55	11690000	37895	NA
289	Pulse	55	11700000	7298	NA
289	Pulse	55	11710000	17298	NA
289	Pulse	55	11720000	27298	NA
289	Pulse	55	11730000	37298	NA
290	Pulse	55	11740000	6702	NA
290	Pulse	55	11750000	16702	NA
290	Pulse	55	11760000	26702	NA
290	Pulse	55	11770000	36702	NA
291	Pulse	55	11780000	5938	NA
291	Pulse	55	11790000	15938	NA
291	Pulse	55	11800000	25938	NA
291	Pulse	55	11810000	35938	NA
292	Pulse	55	11820000	5341	NA
292	Pulse	55	11830000	15341	NA
292	Pulse	55	11840000	25341	NA
292	Pulse	55	11850000	35341	NA
293	Pulse	55	11860000	4745	NA
293	Pulse	55	11870000	14745	NA
293	Pulse	55	11880000	24745	NA
293	Pulse	55	11890000	34745	NA
294	Pulse	55	11900000	3981	NA
294	Pulse	55	11910000	13981	NA
294	Pulse	55	11920000	23981	NA
294	Pulse	55	11930000	33981	NA
295	Pulse	55	11940000	3384	NA
295	Pulse	55	11950000	13384	NA
295	Pulse	55	11960000	23384	NA
295	Pulse	55	11970000	33384	NA
296	Pulse	55	11980000	2788	NA
296	Pulse	55	11990000	12788	NA
296	Pulse	55	12000000	22788	NA
296	Pulse	55	12010000	32788	NA
297	Pulse	55	12020000	2191	NA
297	Pulse	55	12030000	12191	NA
297	Pulse	55	12040000	22191	NA
297	Pulse	55	12050000	32191	NA
298	Pulse	55	12060000	1427	NA
298	Pulse	55	12070000	11427	NA
298	Pulse	55	12080000	21427	NA
298	Pulse	55	12090000	31427	NA
299	Pulse	55	12100000	831	NA
299	Pulse	55	12110000	10831	NA
299	Pulse	55	12120000	20831	NA
299	Pulse	55	12130000	30831	NA
300	Pulse	55	12140000	234	NA
300	Pulse	55	12150000	10234	NA
300	Pulse	55	12160000	20234	NA
300	Pulse	55	12170000	30234	NA
300	Pulse	55	12180000	40234	NA
301	Pulse	55	12190000	9470	NA
301	Pulse	55	12200000	19470	NA
301	Pulse	55	12210000	29470	NA
301	Pulse	55	12220000	39470	NA
302	Pulse	55	12230000	8874	NA
302	Pulse	55	12240000	18874	NA
302	Pulse	55	12250000	28874	NA
302	Pulse	55	12260000	38874	NA
303	Pulse	55	12270000	8194	NA
303	Pulse	55	12280000	18194	NA
303	Pulse	55	12290000	28194	NA
303	Pulse	55	12300000	38194	NA
304	Pulse	55	12310000	7597	NA
304	Pulse	55	12320000	17597	NA
304	Pulse	55	12330000	27597	NA
304	Pulse	55	12340000	37597	NA
305	Pulse	55	12350000	7000	NA
305	Pulse	55	12360000	17000	NA
305	Pulse	55	12370000	27000	NA
305	Pulse	55	12380000	37000	NA
306	Pulse	55	12390000	6320	NA
306	Pulse	55	12400000	16320	NA
306	Pulse	55	12410000	26320	NA
306	Pulse	55	12420000	36320	NA
307	Pulse	55	12430000	5640	NA
307	Pulse	55	12440000	15640	NA
307	Pulse	55	12450000	25640	NA
307	Pulse	55	12460000	35640	NA
308	Pulse	55	12470000	4960	NA
308	Pulse	55	12480000	14960	NA
308	Pulse	55	12490000	24960	NA
308	Pulse	55	12500000	34960	NA
309	Pulse	55	12510000	4363	NA
309	Pulse	55	12520000	14363	NA
309	Pulse	55	12530000	24363	NA
309	Pulse	55	12540000	34363	NA
310	Pulse	55	12550000	3599	NA
310	Pulse	55	12560000	13599	NA
310	Pulse	55	12570000	23599	NA
310	Pulse	55	12580000	33599	NA
311	Pulse	55	12590000	3003	NA
311	Pulse	55	12600000	13003	NA
311	Pulse	55	12610000	23003	NA
311	Pulse	55	12620000	33003	NA
312	Pulse	55	12630000	2322	NA
312	Pulse	55	12640000	12322	NA
312	Pulse	55	12650000	22322	NA
312	Pulse	55	12660000	32322	NA
313	Pulse	55	12670000	1726	NA
313	Pulse	55	12680000	11726	NA
313	Pulse	55	12690000	21726	NA
313	Pulse	55	12700000	31726	NA
314	Pulse	55	12710000	1129	NA
314	Pulse	55	12720000	11129	NA
314	Pulse	55	12730000	21129	NA
314	Pulse	55	12740000	31129	NA
315	Pulse	55	12750000	532	NA
315	Pulse	55	12760000	10532	NA
315	Pulse	55	12770000	20532	NA
315	Pulse	55	12780000	30532	NA
315	Pulse	55	12790000	40532	NA
316	Pulse	55	12800000	9935	NA
316	Pulse	55	12810000	19935	NA
316	Pulse	55	12820000	29935	NA
316	Pulse	55	12830000	39935	NA
317	Pulse	55	12840000	9339	NA
317	Pulse	55	12850000	19339	NA
317	Pulse	55	12860000	29339	NA
317	Pulse	55	12870000	39339	NA
318	Pulse	55	12880000	8575	NA
318	Pulse	55	12890000	18575	NA
318	Pulse	55	12900000	28575	NA
318	Pulse	55	12910000	38575	NA
319	Pulse	55	12920000	7978	NA
319	Pulse	55	12930000	17978	NA
319	Pulse	55	12940000	27978	NA
319	Pulse	55	12950000	37978	NA
320	Pulse	55	12960000	7382	NA
320	Pulse	55	12970000	17382	NA
320	Pulse	55	12980000	27382	NA
320	Pulse	55	12990000	37382	NA
321	Pulse	55	13000000	6785	NA
321	Pulse	55	13010000	16785	NA
321	Pulse	55	13020000	26785	NA
321	Pulse	55	13030000	36785	NA
322	Pulse	55	13040000	6188	NA
322	Pulse	55	13050000	16188	NA
322	Pulse	55	13060000	26188	NA
322	Pulse	55	13070000	36188	NA
323	Pulse	55	13080000	5508	NA
323	Pulse	55	13090000	15508	NA
323	Pulse	55	13100000	25508	NA
323	Pulse	55	13110000	35508	NA
324	Pulse	55	13120000	4911	NA
324	Pulse	55	13130000	14911	NA
324	Pulse	55	13140000	24911	NA
324	Pulse	55	13150000	34911	NA
325	Pulse	55	13160000	4231	NA
325	Pulse	55	13170000	14231	NA
325	Pulse	55	13180000	24231	NA
325	Pulse	55	13190000	34231	NA
326	Pulse	55	13200000	3551	NA
326	Pulse	55	13210000	13551	NA
326	Pulse	55	13220000	23551	NA
326	Pulse	55	13230000	33551	NA
327	Pulse	55	13240000	2871	NA
327	Pulse	55	13250000	12871	NA
327	Pulse	55	13260000	22871	NA
327	Pulse	55	13270000	32871	NA
328	Pulse	55	13280000	2274	NA
328	Pulse	55	13290000	12274	NA
328	Pulse	55	13300000	22274	NA
328	Pulse	55	13310000	32274	NA
329	Pulse	55	13320000	1677	NA
329	Pulse	55	13330000	11677	NA
329	Pulse	55	13340000	21677	NA
329	Pulse	55	13350000	31677	NA
330	Pulse	55	13360000	1081	NA
330	Pulse	55	13370000	11081	NA
330	Pulse	55	13380000	21081	NA
330	Pulse	55	13390000	31081	NA
331	Pulse	55	13400000	400	NA
331	Pulse	55	13410000	10400	NA
331	Pulse	55	13420000	20400	NA
331	Pulse	55	13430000	30400	NA
331	Pulse	55	13440000	40400	NA
332	Response	1	13440428	232	1
332	Pulse	55	13450000	9804	NA
332	Pulse	55	13460000	19804	NA
332	Pulse	55	13470000	29804	NA
332	Pulse	55	13480000	39804	NA
333	Pulse	55	13490000	9707	NA
333	Pulse	55	13500000	19707	NA
334	Pulse	55	13510000	9617	NA
334	Pulse	55	13520000	19617	NA
334	Pulse	55	13530000	29617	NA
334	Pulse	55	13540000	39617	NA
334	Pulse	55	13550000	49617	NA
334	Pulse	55	13560000	59617	NA
334	Pulse	55	13570000	69617	NA
334	Pulse	55	13580000	79617	NA
334	Pulse	55	13590000	89617	NA
334	Pulse	55	13600000	99617	NA
334	Pulse	55	13610000	109617	NA
334	Pulse	55	13620000	119617	NA
334	Pulse	55	13630000	129617	NA
334	Pulse	55	13640000	139617	NA
334	Pulse	55	13650000	149617	NA
334	Pulse	55	13660000	159617	NA
334	Pulse	55	13670000	169617	NA
334	Pulse	55	13680000	179617	NA
334	Pulse	55	13690000	189617	NA
334	Pulse	55	13700000	199617	NA
334	Pulse	55	13710000	209617	NA
334	Pulse	55	13720000	219617	NA
334	Pulse	55	13730000	229617	NA
334	Pulse	55	13740000	239617	NA
334	Pulse	55	13750000	249617	NA
334	Pulse	55	13760000	259617	NA
334	Pulse	55	13770000	269617	NA
334	Pulse	55	13780000	279617	NA
334	Response	1	13780747	280364	1
334	Pulse	55	13790000	289617	NA
334	Pulse	55	13800000	299617	NA
335	Pulse	55	13810000	9935	NA
335	Pulse	55	13820000	19935	NA
335	Pulse	55	13830000	29935	NA
335	Pulse	55	13840000	39935	NA
335	Pulse	55	13850000	49935	NA
335	Pulse	55	13860000	59935	NA
335	Pulse	55	13870000	69935	NA
335	Pulse	55	13880000	79935	NA
335	Pulse	55	13890000	89935	NA
335	Pulse	55	13900000	99935	NA
335	Pulse	55	13910000	109935	NA
335	Pulse	55	13920000	119935	NA
335	Pulse	55	13930000	129935	NA
335	Pulse	55	13940000	139935	NA
335	Pulse	55	13950000	149935	NA
335	Pulse	55	13960000	159935	NA
335	Pulse	55	13970000	169935	NA
335	Pulse	55	13980000	179935	NA
335	Pulse	55	13990000	189935	NA
335	Pulse	55	14000000	199935	NA
335	Pulse	55	14010000	209935	NA
335	Pulse	55	14020000	219935	NA
335	Pulse	55	14030000	229935	NA
335	Pulse	55	14040000	239935	NA
335	Pulse	55	14050000	249935	NA
335	Pulse	55	14060000	259935	NA
335	Pulse	55	14070000	269935	NA
335	Pulse	55	14080000	279935	NA
335	Pulse	55	14090000	289935	NA
335	Pulse	55	14100000	299935	NA
335	Pulse	55	14110000	309935	NA
335	Pulse	55	14120000	319935	NA
335	Pulse	55	14130000	329935	NA
335	Pulse	55	14140000	339935	NA
335	Pulse	55	14150000	349935	NA
335	Pulse	55	14160000	359935	NA
335	Pulse	55	14170000	369935	NA
335	Pulse	55	14180000	379935	NA
335	Pulse	55	14190000	389935	NA
335	Pulse	55	14200000	399935	NA
335	Pulse	55	14210000	409935	NA
335	Pulse	55	14220000	419935	NA
335	Pulse	55	14230000	429935	NA
335	Pulse	55	14240000	439935	NA
335	Pulse	55	14250000	449935	NA
335	Pulse	55	14260000	459935	NA
335	Pulse	55	14270000	469935	NA
335	Pulse	55	14280000	479935	NA
335	Pulse	55	14290000	489935	NA
335	Pulse	55	14300000	499935	NA
335	Pulse	55	14310000	509935	NA
335	Pulse	55	14320000	519935	NA
335	Pulse	55	14330000	529935	NA
335	Pulse	55	14340000	539935	NA
335	Pulse	55	14350000	549935	NA
335	Pulse	55	14360000	559935	NA
335	Pulse	55	14370000	569935	NA
335	Pulse	55	14380000	579935	NA
335	Pulse	55	14390000	589935	NA
335	Pulse	55	14400000	599935	NA
335	Pulse	55	14410000	609935	NA
335	Pulse	55	14420000	619935	NA
335	Pulse	55	14430000	629935	NA
335	Pulse	55	14440000	639935	NA
335	Pulse	55	14450000	649935	NA
335	Pulse	55	14460000	659935	NA
335	Pulse	55	14470000	669935	NA
335	Pulse	55	14480000	679935	NA
335	Pulse	55	14490000	689935	NA
335	Pulse	55	14500000	699935	NA
335	Pulse	55	14510000	709935	NA
335	Pulse	55	14520000	719935	NA
335	Pulse	55	14530000	729935	NA
335	Pulse	55	14540000	739935	NA
335	Pulse	55	14550000	749935	NA
335	Pulse	55	14560000	759935	NA
335	Pulse	55	14570000	769935	NA
335	Pulse	55	14580000	779935	NA
335	Pulse	55	14590000	789935	NA
335	Pulse	55	14600000	799935	NA
335	Pulse	55	14610000	809935	NA
335	Pulse	55	14620000	819935	NA
335	Pulse	55	14630000	829935	NA
335	Pulse	55	14640000	839935	NA
335	Pulse	55	14650000	849935	NA
335	Pulse	55	14660000	859935	NA
335	Pulse	55	14670000	869935	NA
335	Pulse	55	14680000	879935	NA
335	Pulse	55	14690000	889935	NA
335	Pulse	55	14700000	899935	NA
335	Pulse	55	14710000	909935	NA
335	Pulse	55	14720000	919935	NA
335	Pulse	55	14730000	929935	NA
335	Pulse	55	14740000	939935	NA
335	Pulse	55	14750000	949935	NA
335	Pulse	55	14760000	959935	NA
335	Pulse	55	14770000	969935	NA
335	Pulse	55	14780000	979935	NA
335	Pulse	55	14790000	989935	NA
335	Pulse	55	14800000	999935	NA
335	Pulse	55	14810000	1009935	NA
335	Pulse	55	14820000	1019935	NA
335	Pulse	55	14830000	1029935	NA
335	Pulse	55	14840000	1039935	NA
335	Pulse	55	14850000	1049935	NA
335	Pulse	55	14860000	1059935	NA
335	Pulse	55	14870000	1069935	NA
335	Pulse	55	14880000	1079935	NA
335	Pulse	55	14890000	1089935	NA
335	Pulse	55	14900000	1099935	NA
335	Pulse	55	14910000	1109935	NA
335	Pulse	55	14920000	1119935	NA
335	Pulse	55	14930000	1129935	NA
335	Pulse	55	14940000	1139935	NA
335	Pulse	55	14950000	1149935	NA
335	Pulse	55	14960000	1159935	NA
335	Pulse	55	14970000	1169935	NA
335	Pulse	55	14980000	1179935	NA
335	Pulse	55	14990000	1189935	NA
335	Pulse	55	15000000	1199935	NA
335	Pulse	55	15010000	1209935	NA
335	Pulse	55	15020000	1219935	NA
335	Pulse	55	15030000	1229935	NA
335	Pulse	55	15040000	1239935	NA
335	Pulse	55	15050000	1249935	NA
335	Pulse	55	15060000	1259935	NA
335	Pulse	55	15070000	1269935	NA
335	Pulse	55	15080000	1279935	NA
335	Pulse	55	15090000	1289935	NA
335	Pulse	55	15100000	1299935	NA
335	Pulse	55	15110000	1309935	NA
335	Pulse	55	15120000	1319935	NA
335	Pulse	55	15130000	1329935	NA
335	Pulse	55	15140000	1339935	NA
335	Pulse	55	15150000	1349935	NA
335	Pulse	55	15160000	1359935	NA
335	Pulse	55	15170000	1369935	NA
335	Pulse	55	15180000	1379935	NA
335	Pulse	55	15190000	1389935	NA
335	Pulse	55	15200000	1399935	NA
335	Pulse	55	15210000	1409935	NA
335	Pulse	55	15220000	1419935	NA
335	Pulse	55	15230000	1429935	NA
335	Pulse	55	15240000	1439935	NA
335	Pulse	55	15250000	1449935	NA
335	Pulse	55	15260000	1459935	NA
335	Pulse	55	15270000	1469935	NA
335	Pulse	55	15280000	1479935	NA
335	Pulse	55	15290000	1489935	NA
335	Pulse	55	15300000	1499935	NA
335	Pulse	55	15310000	1509935	NA
335	Pulse	55	15320000	1519935	NA
335	Pulse	55	15330000	1529935	NA
335	Pulse	55	15340000	1539935	NA
335	Pulse	55	15350000	1549935	NA
335	Pulse	55	15360000	1559935	NA
335	Pulse	55	15370000	1569935	NA
335	Pulse	55	15380000	1579935	NA
335	Pulse	55	15390000	1589935	NA
335	Pulse	55	15400000	1599935	NA
335	Pulse	55	15410000	1609935	NA
335	Pulse	55	15420000	1619935	NA
335	Pulse	55	15430000	1629935	NA
335	Pulse	55	15440000	1639935	NA
335	Pulse	55	15450000	1649935	NA
335	Pulse	55	15460000	1659935	NA
335	Pulse	55	15470000	1669935	NA
335	Pulse	55	15480000	1679935	NA
335	Pulse	55	15490000	1689935	NA
335	Pulse	55	15500000	1699935	NA
335	Pulse	55	15510000	1709935	NA
335	Pulse	55	15520000	1719935	NA
335	Pulse	55	15530000	1729935	NA
335	Pulse	55	15540000	1739935	NA
335	Pulse	55	15550000	1749935	NA
335	Pulse	55	15560000	1759935	NA
335	Pulse	55	15570000	1769935	NA
335	Pulse	55	15580000	1779935	NA
335	Pulse	55	15590000	1789935	NA
335	Pulse	55	15600000	1799935	NA
335	Pulse	55	15610000	1809935	NA
335	Pulse	55	15620000	1819935	NA
335	Pulse	55	15630000	1829935	NA
335	Pulse	55	15640000	1839935	NA
335	Pulse	55	15650000	1849935	NA
335	Pulse	55	15660000	1859935	NA
335	Pulse	55	15670000	1869935	NA
335	Pulse	55	15680000	1879935	NA
335	Pulse	55	15690000	1889935	NA
335	Pulse	55	15700000	1899935	NA
335	Pulse	55	15710000	1909935	NA
335	Pulse	55	15720000	1919935	NA
335	Pulse	55	15730000	1929935	NA
335	Pulse	55	15740000	1939935	NA
335	Pulse	55	15750000	1949935	NA
335	Pulse	55	15760000	1959935	NA
335	Pulse	55	15770000	1969935	NA
335	Pulse	55	15780000	1979935	NA
335	Pulse	55	15790000	1989935	NA
335	Pulse	55	15800000	1999935	NA
335	Pulse	55	15810000	2009935	NA
335	Pulse	55	15820000	2019935	NA
335	Pulse	55	15830000	2029935	NA
335	Pulse	55	15840000	2039935	NA
335	Pulse	55	15850000	2049935	NA
335	Pulse	55	15860000	2059935	NA
335	Pulse	55	15870000	2069935	NA
335	Pulse	55	15880000	2079935	NA
335	Pulse	55	15890000	2089935	NA
335	Pulse	55	15900000	2099935	NA
335	Pulse	55	15910000	2109935	NA
335	Pulse	55	15920000	2119935	NA
335	Pulse	55	15930000	2129935	NA
335	Pulse	55	15940000	2139935	NA
335	Pulse	55	15950000	2149935	NA
335	Pulse	55	15960000	2159935	NA
335	Pulse	55	15970000	2169935	NA
335	Pulse	55	15980000	2179935	NA
335	Pulse	55	15990000	2189935	NA
335	Pulse	55	16000000	2199935	NA
335	Pulse	55	16010000	2209935	NA
335	Pulse	55	16020000	2219935	NA
335	Pulse	55	16030000	2229935	NA
335	Pulse	55	16040000	2239935	NA
335	Pulse	55	16050000	2249935	NA
335	Pulse	55	16060000	2259935	NA
335	Pulse	55	16070000	2269935	NA
335	Pulse	55	16080000	2279935	NA
335	Pulse	55	16090000	2289935	NA
335	Pulse	55	16100000	2299935	NA
335	Pulse	55	16110000	2309935	NA
335	Pulse	55	16120000	2319935	NA
335	Pulse	55	16130000	2329935	NA
335	Pulse	55	16140000	2339935	NA
335	Pulse	55	16150000	2349935	NA
335	Pulse	55	16160000	2359935	NA
335	Pulse	55	16170000	2369935	NA
335	Pulse	55	16180000	2379935	NA
335	Pulse	55	16190000	2389935	NA
335	Pulse	55	16200000	2399935	NA
335	Pulse	55	16210000	2409935	NA
335	Pulse	55	16220000	2419935	NA
335	Pulse	55	16230000	2429935	NA
335	Pulse	55	16240000	2439935	NA
335	Pulse	55	16250000	2449935	NA
335	Pulse	55	16260000	2459935	NA
335	Pulse	55	16270000	2469935	NA
335	Pulse	55	16280000	2479935	NA
335	Pulse	55	16290000	2489935	NA
335	Pulse	55	16300000	2499935	NA
335	Pulse	55	16310000	2509935	NA
335	Pulse	55	16320000	2519935	NA
335	Pulse	55	16330000	2529935	NA
335	Pulse	55	16340000	2539935	NA
335	Pulse	55	16350000	2549935	NA
335	Pulse	55	16360000	2559935	NA
335	Pulse	55	16370000	2569935	NA
335	Pulse	55	16380000	2579935	NA
335	Pulse	55	16390000	2589935	NA
335	Pulse	55	16400000	2599935	NA
335	Pulse	55	16410000	2609935	NA
335	Pulse	55	16420000	2619935	NA
335	Pulse	55	16430000	2629935	NA
335	Pulse	55	16440000	2639935	NA
335	Pulse	55	16450000	2649935	NA
335	Pulse	55	16460000	2659935	NA
335	Pulse	55	16470000	2669935	NA
335	Pulse	55	16480000	2679935	NA
335	Pulse	55	16490000	2689935	NA
335	Pulse	55	16500000	2699935	NA
335	Pulse	55	16510000	2709935	NA
335	Pulse	55	16520000	2719935	NA
335	Pulse	55	16530000	2729935	NA
335	Pulse	55	16540000	2739935	NA
335	Pulse	55	16550000	2749935	NA
335	Pulse	55	16560000	2759935	NA
335	Pulse	55	16570000	2769935	NA
335	Pulse	55	16580000	2779935	NA
335	Pulse	55	16590000	2789935	NA
335	Pulse	55	16600000	2799935	NA
335	Pulse	55	16610000	2809935	NA
335	Pulse	55	16620000	2819935	NA
335	Pulse	55	16630000	2829935	NA
335	Pulse	55	16640000	2839935	NA
335	Pulse	55	16650000	2849935	NA
335	Pulse	55	16660000	2859935	NA
335	Pulse	55	16670000	2869935	NA
335	Pulse	55	16680000	2879935	NA
335	Pulse	55	16690000	2889935	NA
335	Pulse	55	16700000	2899935	NA
335	Pulse	55	16710000	2909935	NA
335	Pulse	55	16720000	2919935	NA
335	Pulse	55	16730000	2929935	NA
335	Pulse	55	16740000	2939935	NA
335	Pulse	55	16750000	2949935	NA
335	Pulse	55	16760000	2959935	NA
335	Pulse	55	16770000	2969935	NA
335	Pulse	55	16780000	2979935	NA
335	Pulse	55	16790000	2989935	NA
335	Pulse	55	16800000	2999935	NA
335	Pulse	55	16810000	3009935	NA
335	Pulse	55	16820000	3019935	NA
335	Pulse	55	16830000	3029935	NA
335	Pulse	55	16840000	3039935	NA
335	Pulse	55	16850000	3049935	NA
335	Pulse	55	16860000	3059935	NA
335	Pulse	55	16870000	3069935	NA
335	Pulse	55	16880000	3079935	NA
335	Pulse	55	16890000	3089935	NA
335	Pulse	55	16900000	3099935	NA
335	Pulse	55	16910000	3109935	NA
335	Pulse	55	16920000	3119935	NA
335	Pulse	55	16930000	3129935	NA
335	Pulse	55	16940000	3139935	NA
335	Pulse	55	16950000	3149935	NA
335	Pulse	55	16960000	3159935	NA
335	Pulse	55	16970000	3169935	NA
335	Pulse	55	16980000	3179935	NA
335	Pulse	55	16990000	3189935	NA
335	Pulse	55	17000000	3199935	NA
335	Pulse	55	17010000	3209935	NA
335	Pulse	55	17020000	3219935	NA
335	Pulse	55	17030000	3229935	NA
335	Pulse	55	17040000	3239935	NA
335	Pulse	55	17050000	3249935	NA
335	Pulse	55	17060000	3259935	NA
335	Pulse	55	17070000	3269935	NA
335	Pulse	55	17080000	3279935	NA
335	Pulse	55	17090000	3289935	NA
335	Pulse	55	17100000	3299935	NA
335	Pulse	55	17110000	3309935	NA
335	Pulse	55	17120000	3319935	NA
335	Pulse	55	17130000	3329935	NA
335	Pulse	55	17140000	3339935	NA
335	Pulse	55	17150000	3349935	NA
335	Pulse	55	17160000	3359935	NA
335	Pulse	55	17170000	3369935	NA
335	Pulse	55	17180000	3379935	NA
335	Pulse	55	17190000	3389935	NA
335	Pulse	55	17200000	3399935	NA
335	Pulse	55	17210000	3409935	NA
335	Pulse	55	17220000	3419935	NA
335	Pulse	55	17230000	3429935	NA
335	Pulse	55	17240000	3439935	NA
335	Pulse	55	17250000	3449935	NA
335	Pulse	55	17260000	3459935	NA
335	Pulse	55	17270000	3469935	NA
335	Pulse	55	17280000	3479935	NA
335	Pulse	55	17290000	3489935	NA
335	Pulse	55	17300000	3499935	NA
335	Pulse	55	17310000	3509935	NA
335	Pulse	55	17320000	3519935	NA
335	Pulse	55	17330000	3529935	NA
335	Pulse	55	17340000	3539935	NA
335	Pulse	55	17350000	3549935	NA
335	Pulse	55	17360000	3559935	NA
335	Pulse	55	17370000	3569935	NA
335	Pulse	55	17380000	3579935	NA
335	Pulse	55	17390000	3589935	NA
335	Pulse	55	17400000	3599935	NA
335	Pulse	55	17410000	3609935	NA
335	Pulse	55	17420000	3619935	NA
335	Pulse	55	17430000	3629935	NA
335	Pulse	55	17440000	3639935	NA
335	Pulse	55	17450000	3649935	NA
335	Pulse	55	17460000	3659935	NA
335	Pulse	55	17470000	3669935	NA
335	Pulse	55	17480000	3679935	NA
335	Pulse	55	17490000	3689935	NA
335	Pulse	55	17500000	3699935	NA
335	Pulse	55	17510000	3709935	NA
335	Pulse	55	17520000	3719935	NA
335	Pulse	55	17530000	3729935	NA
335	Pulse	55	17540000	3739935	NA
335	Pulse	55	17550000	3749935	NA
335	Pulse	55	17560000	3759935	NA
335	Pulse	55	17570000	3769935	NA
335	Pulse	55	17580000	3779935	NA
335	Pulse	55	17590000	3789935	NA
335	Pulse	55	17600000	3799935	NA
335	Pulse	55	17610000	3809935	NA
335	Pulse	55	17620000	3819935	NA
335	Pulse	55	17630000	3829935	NA
335	Pulse	55	17640000	3839935	NA
335	Pulse	55	17650000	3849935	NA
335	Pulse	55	17660000	3859935	NA
335	Pulse	55	17670000	3869935	NA
335	Pulse	55	17680000	3879935	NA
335	Pulse	55	17690000	3889935	NA
335	Pulse	55	17700000	3899935	NA
335	Pulse	55	17710000	3909935	NA
335	Pulse	55	17720000	3919935	NA
335	Pulse	55	17730000	3929935	NA
335	Pulse	55	17740000	3939935	NA
335	Pulse	55	17750000	3949935	NA
335	Pulse	55	17760000	3959935	NA
335	Pulse	55	17770000	3969935	NA
335	Pulse	55	17780000	3979935	NA
335	Pulse	55	17790000	3989935	NA
335	Pulse	55	17800000	3999935	NA
335	Pulse	55	17810000	4009935	NA
335	Pulse	55	17820000	4019935	NA
335	Pulse	55	17830000	4029935	NA
335	Pulse	55	17840000	4039935	NA
335	Pulse	55	17850000	4049935	NA
335	Pulse	55	17860000	4059935	NA
335	Pulse	55	17870000	4069935	NA
335	Pulse	55	17880000	4079935	NA
335	Pulse	55	17890000	4089935	NA
335	Pulse	55	17900000	4099935	NA
335	Pulse	55	17910000	4109935	NA
335	Pulse	55	17920000	4119935	NA
335	Pulse	55	17930000	4129935	NA
335	Pulse	55	17940000	4139935	NA
335	Pulse	55	17950000	4149935	NA
335	Pulse	55	17960000	4159935	NA
335	Pulse	55	17970000	4169935	NA
335	Pulse	55	17980000	4179935	NA
335	Pulse	55	17990000	4189935	NA
335	Pulse	55	18000000	4199935	NA
335	Pulse	55	18010000	4209935	NA
335	Pulse	55	18020000	4219935	NA
335	Pulse	55	18030000	4229935	NA
335	Pulse	55	18040000	4239935	NA
335	Pulse	55	18050000	4249935	NA
335	Pulse	55	18060000	4259935	NA
335	Pulse	55	18070000	4269935	NA
335	Pulse	55	18080000	4279935	NA
335	Pulse	55	18090000	4289935	NA
335	Pulse	55	18100000	4299935	NA
335	Pulse	55	18110000	4309935	NA
335	Pulse	55	18120000	4319935	NA
335	Pulse	55	18130000	4329935	NA
335	Pulse	55	18140000	4339935	NA
335	Pulse	55	18150000	4349935	NA
335	Pulse	55	18160000	4359935	NA
335	Pulse	55	18170000	4369935	NA
335	Pulse	55	18180000	4379935	NA
335	Pulse	55	18190000	4389935	NA
335	Pulse	55	18200000	4399935	NA
335	Pulse	55	18210000	4409935	NA
335	Pulse	55	18220000	4419935	NA
335	Pulse	55	18230000	4429935	NA
335	Pulse	55	18240000	4439935	NA
335	Pulse	55	18250000	4449935	NA
335	Pulse	55	18260000	4459935	NA
335	Pulse	55	18270000	4469935	NA
335	Pulse	55	18280000	4479935	NA
335	Pulse	55	18290000	4489935	NA
335	Pulse	55	18300000	4499935	NA
335	Pulse	55	18310000	4509935	NA
335	Pulse	55	18320000	4519935	NA
335	Pulse	55	18330000	4529935	NA
335	Pulse	55	18340000	4539935	NA
335	Pulse	55	18350000	4549935	NA
335	Pulse	55	18360000	4559935	NA
335	Pulse	55	18370000	4569935	NA
335	Pulse	55	18380000	4579935	NA
335	Pulse	55	18390000	4589935	NA
335	Pulse	55	18400000	4599935	NA
335	Pulse	55	18410000	4609935	NA
335	Pulse	55	18420000	4619935	NA
335	Pulse	55	18430000	4629935	NA
335	Pulse	55	18440000	4639935	NA
335	Pulse	55	18450000	4649935	NA
335	Pulse	55	18460000	4659935	NA
335	Pulse	55	18470000	4669935	NA
335	Pulse	55	18480000	4679935	NA
335	Pulse	55	18490000	4689935	NA
335	Pulse	55	18500000	4699935	NA
335	Pulse	55	18510000	4709935	NA
335	Pulse	55	18520000	4719935	NA
335	Pulse	55	18530000	4729935	NA
335	Pulse	55	18540000	4739935	NA
335	Pulse	55	18550000	4749935	NA
335	Pulse	55	18560000	4759935	NA
335	Pulse	55	18570000	4769935	NA
335	Pulse	55	18580000	4779935	NA
335	Pulse	55	18590000	4789935	NA
335	Pulse	55	18600000	4799935	NA
335	Pulse	55	18610000	4809935	NA
335	Pulse	55	18620000	4819935	NA
335	Pulse	55	18630000	4829935	NA
335	Pulse	55	18640000	4839935	NA
335	Pulse	55	18650000	4849935	NA
335	Pulse	55	18660000	4859935	NA
335	Pulse	55	18670000	4869935	NA
335	Pulse	55	18680000	4879935	NA
335	Pulse	55	18690000	4889935	NA
335	Pulse	55	18700000	4899935	NA
335	Pulse	55	18710000	4909935	NA
335	Pulse	55	18720000	4919935	NA
335	Pulse	55	18730000	4929935	NA
335	Pulse	55	18740000	4939935	NA
335	Pulse	55	18750000	4949935	NA
335	Response	1	18751312	4951247	1
336	Pulse	55	18760000	8630	NA
336	Pulse	55	18770000	18630	NA
336	Pulse	55	18780000	28630	NA
336	Pulse	55	18790000	38630	NA
336	Pulse	55	18800000	48630	NA
336	Pulse	55	18810000	58630	NA
336	Pulse	55	18820000	68630	NA
336	Pulse	55	18830000	78630	NA
336	Pulse	55	18840000	88630	NA
336	Pulse	55	18850000	98630	NA
336	Pulse	55	18860000	108630	NA
336	Pulse	55	18870000	118630	NA
336	Response	1	18873310	121940	1
