Scenario - Slideshow_D2.sce
Logfile written - 11/17/2021 16:56:48

Trial	Event Type	Code	Time	TTime	Uncertainty	Duration	Uncertainty	ReqTime	ReqDur	Stim Type	Pair Index

0	Pulse	55	0	0	NA
1	Pulse	55	10000	9333	NA
1	Pulse	55	20000	19333	NA
1	Pulse	55	30000	29333	NA
1	Pulse	55	40000	39333	NA
2	Pulse	55	50000	8667	NA
2	Pulse	55	60000	18667	NA
2	Pulse	55	70000	28667	NA
2	Pulse	55	80000	38667	NA
3	Pulse	55	90000	8001	NA
3	Pulse	55	100000	18001	NA
3	Pulse	55	110000	28001	NA
3	Pulse	55	120000	38001	NA
4	Pulse	55	130000	7335	NA
4	Pulse	55	140000	17335	NA
4	Pulse	55	150000	27335	NA
4	Pulse	55	160000	37335	NA
5	Pulse	55	170000	6669	NA
5	Pulse	55	180000	16669	NA
5	Pulse	55	190000	26669	NA
5	Pulse	55	200000	36669	NA
6	Pulse	55	210000	6003	NA
6	Pulse	55	220000	16003	NA
6	Pulse	55	230000	26003	NA
6	Pulse	55	240000	36003	NA
7	Pulse	55	250000	5337	NA
7	Pulse	55	260000	15337	NA
7	Pulse	55	270000	25337	NA
7	Pulse	55	280000	35337	NA
8	Pulse	55	290000	4671	NA
8	Pulse	55	300000	14671	NA
8	Pulse	55	310000	24671	NA
8	Pulse	55	320000	34671	NA
9	Pulse	55	330000	4005	NA
9	Pulse	55	340000	14005	NA
9	Pulse	55	350000	24005	NA
9	Pulse	55	360000	34005	NA
10	Pulse	55	370000	3506	NA
10	Pulse	55	380000	13506	NA
10	Pulse	55	390000	23506	NA
10	Pulse	55	400000	33506	NA
11	Pulse	55	410000	2840	NA
11	Pulse	55	420000	12840	NA
11	Pulse	55	430000	22840	NA
11	Pulse	55	440000	32840	NA
12	Pulse	55	450000	2174	NA
12	Pulse	55	460000	12174	NA
12	Pulse	55	470000	22174	NA
12	Pulse	55	480000	32174	NA
13	Pulse	55	490000	1507	NA
13	Pulse	55	500000	11507	NA
13	Pulse	55	510000	21507	NA
13	Pulse	55	520000	31507	NA
14	Pulse	55	530000	841	NA
14	Pulse	55	540000	10841	NA
14	Pulse	55	550000	20841	NA
14	Pulse	55	560000	30841	NA
15	Pulse	55	570000	175	NA
15	Pulse	55	580000	10175	NA
15	Pulse	55	590000	20175	NA
15	Pulse	55	600000	30175	NA
15	Pulse	55	610000	40175	NA
16	Pulse	55	620000	9509	NA
16	Pulse	55	630000	19509	NA
16	Pulse	55	640000	29509	NA
16	Pulse	55	650000	39509	NA
17	Pulse	55	660000	8843	NA
17	Pulse	55	670000	18843	NA
17	Pulse	55	680000	28843	NA
17	Pulse	55	690000	38843	NA
18	Pulse	55	700000	8177	NA
18	Pulse	55	710000	18177	NA
18	Pulse	55	720000	28177	NA
18	Pulse	55	730000	38177	NA
19	Pulse	55	740000	7511	NA
19	Pulse	55	750000	17511	NA
19	Pulse	55	760000	27511	NA
19	Pulse	55	770000	37511	NA
20	Pulse	55	780000	6845	NA
20	Pulse	55	790000	16845	NA
20	Pulse	55	800000	26845	NA
20	Pulse	55	810000	36845	NA
21	Pulse	55	820000	6179	NA
21	Pulse	55	830000	16179	NA
21	Pulse	55	840000	26179	NA
21	Pulse	55	850000	36179	NA
22	Pulse	55	860000	5513	NA
22	Pulse	55	870000	15513	NA
22	Pulse	55	880000	25513	NA
22	Pulse	55	890000	35513	NA
23	Pulse	55	900000	4847	NA
23	Pulse	55	910000	14847	NA
23	Pulse	55	920000	24847	NA
23	Pulse	55	930000	34847	NA
24	Pulse	55	940000	4181	NA
24	Pulse	55	950000	14181	NA
24	Pulse	55	960000	24181	NA
24	Pulse	55	970000	34181	NA
25	Pulse	55	980000	3515	NA
25	Pulse	55	990000	13515	NA
25	Pulse	55	1000000	23515	NA
25	Pulse	55	1010000	33515	NA
26	Pulse	55	1020000	2849	NA
26	Pulse	55	1030000	12849	NA
26	Pulse	55	1040000	22849	NA
26	Pulse	55	1050000	32849	NA
27	Pulse	55	1060000	2183	NA
27	Pulse	55	1070000	12183	NA
27	Pulse	55	1080000	22183	NA
27	Pulse	55	1090000	32183	NA
28	Pulse	55	1100000	1516	NA
28	Pulse	55	1110000	11516	NA
28	Pulse	55	1120000	21516	NA
28	Pulse	55	1130000	31516	NA
29	Pulse	55	1140000	850	NA
29	Pulse	55	1150000	10850	NA
29	Pulse	55	1160000	20850	NA
29	Pulse	55	1170000	30850	NA
30	Pulse	55	1180000	184	NA
30	Pulse	55	1190000	10184	NA
30	Pulse	55	1200000	20184	NA
30	Pulse	55	1210000	30184	NA
30	Pulse	55	1220000	40184	NA
31	Pulse	55	1230000	9518	NA
31	Pulse	55	1240000	19518	NA
31	Pulse	55	1250000	29518	NA
31	Pulse	55	1260000	39518	NA
32	Pulse	55	1270000	8852	NA
32	Pulse	55	1280000	18852	NA
32	Pulse	55	1290000	28852	NA
32	Pulse	55	1300000	38852	NA
33	Pulse	55	1310000	8186	NA
33	Pulse	55	1320000	18186	NA
33	Pulse	55	1330000	28186	NA
33	Pulse	55	1340000	38186	NA
34	Pulse	55	1350000	7520	NA
34	Pulse	55	1360000	17520	NA
34	Pulse	55	1370000	27520	NA
34	Pulse	55	1380000	37520	NA
35	Pulse	55	1390000	6854	NA
35	Pulse	55	1400000	16854	NA
35	Pulse	55	1410000	26854	NA
35	Pulse	55	1420000	36854	NA
36	Pulse	55	1430000	6188	NA
36	Pulse	55	1440000	16188	NA
36	Pulse	55	1450000	26188	NA
36	Pulse	55	1460000	36188	NA
37	Pulse	55	1470000	5522	NA
37	Pulse	55	1480000	15522	NA
37	Pulse	55	1490000	25522	NA
37	Pulse	55	1500000	35522	NA
38	Pulse	55	1510000	4689	NA
38	Pulse	55	1520000	14689	NA
38	Pulse	55	1530000	24689	NA
38	Pulse	55	1540000	34689	NA
39	Pulse	55	1550000	4023	NA
39	Pulse	55	1560000	14023	NA
39	Pulse	55	1570000	24023	NA
39	Pulse	55	1580000	34023	NA
40	Pulse	55	1590000	3357	NA
40	Pulse	55	1600000	13357	NA
40	Pulse	55	1610000	23357	NA
40	Pulse	55	1620000	33357	NA
41	Pulse	55	1630000	2691	NA
41	Pulse	55	1640000	12691	NA
41	Pulse	55	1650000	22691	NA
41	Pulse	55	1660000	32691	NA
42	Pulse	55	1670000	2025	NA
42	Pulse	55	1680000	12025	NA
42	Pulse	55	1690000	22025	NA
42	Pulse	55	1700000	32025	NA
43	Pulse	55	1710000	1359	NA
43	Pulse	55	1720000	11359	NA
43	Pulse	55	1730000	21359	NA
43	Pulse	55	1740000	31359	NA
44	Pulse	55	1750000	693	NA
44	Pulse	55	1760000	10693	NA
44	Pulse	55	1770000	20693	NA
44	Pulse	55	1780000	30693	NA
45	Pulse	55	1790000	27	NA
45	Pulse	55	1800000	10027	NA
45	Pulse	55	1810000	20027	NA
45	Pulse	55	1820000	30027	NA
45	Pulse	55	1830000	40027	NA
46	Pulse	55	1840000	9361	NA
46	Pulse	55	1850000	19361	NA
46	Pulse	55	1860000	29361	NA
46	Pulse	55	1870000	39361	NA
47	Pulse	55	1880000	8695	NA
47	Pulse	55	1890000	18695	NA
47	Pulse	55	1900000	28695	NA
47	Pulse	55	1910000	38695	NA
48	Pulse	55	1920000	8029	NA
48	Pulse	55	1930000	18029	NA
48	Pulse	55	1940000	28029	NA
48	Pulse	55	1950000	38029	NA
49	Pulse	55	1960000	7196	NA
49	Pulse	55	1970000	17196	NA
49	Pulse	55	1980000	27196	NA
49	Pulse	55	1990000	37196	NA
50	Pulse	55	2000000	6530	NA
50	Pulse	55	2010000	16530	NA
50	Pulse	55	2020000	26530	NA
50	Pulse	55	2030000	36530	NA
51	Pulse	55	2040000	5864	NA
51	Pulse	55	2050000	15864	NA
51	Pulse	55	2060000	25864	NA
51	Pulse	55	2070000	35864	NA
52	Pulse	55	2080000	5197	NA
52	Pulse	55	2090000	15197	NA
52	Pulse	55	2100000	25197	NA
52	Pulse	55	2110000	35197	NA
53	Pulse	55	2120000	4531	NA
53	Pulse	55	2130000	14531	NA
53	Pulse	55	2140000	24531	NA
53	Pulse	55	2150000	34531	NA
54	Pulse	55	2160000	3865	NA
54	Pulse	55	2170000	13865	NA
54	Pulse	55	2180000	23865	NA
54	Pulse	55	2190000	33865	NA
55	Pulse	55	2200000	3199	NA
55	Pulse	55	2210000	13199	NA
55	Pulse	55	2220000	23199	NA
55	Pulse	55	2230000	33199	NA
56	Pulse	55	2240000	2367	NA
56	Pulse	55	2250000	12367	NA
56	Pulse	55	2260000	22367	NA
56	Pulse	55	2270000	32367	NA
57	Pulse	55	2280000	1701	NA
57	Pulse	55	2290000	11701	NA
57	Pulse	55	2300000	21701	NA
57	Pulse	55	2310000	31701	NA
58	Pulse	55	2320000	1035	NA
58	Pulse	55	2330000	11035	NA
58	Pulse	55	2340000	21035	NA
58	Pulse	55	2350000	31035	NA
59	Pulse	55	2360000	368	NA
59	Pulse	55	2370000	10368	NA
59	Pulse	55	2380000	20368	NA
59	Pulse	55	2390000	30368	NA
59	Pulse	55	2400000	40368	NA
60	Pulse	55	2410000	9702	NA
60	Pulse	55	2420000	19702	NA
60	Pulse	55	2430000	29702	NA
60	Pulse	55	2440000	39702	NA
61	Pulse	55	2450000	9036	NA
61	Pulse	55	2460000	19036	NA
61	Pulse	55	2470000	29036	NA
61	Pulse	55	2480000	39036	NA
62	Pulse	55	2490000	8370	NA
62	Pulse	55	2500000	18370	NA
62	Pulse	55	2510000	28370	NA
62	Pulse	55	2520000	38370	NA
63	Pulse	55	2530000	7704	NA
63	Pulse	55	2540000	17704	NA
63	Pulse	55	2550000	27704	NA
63	Pulse	55	2560000	37704	NA
64	Pulse	55	2570000	7038	NA
64	Pulse	55	2580000	17038	NA
64	Pulse	55	2590000	27038	NA
64	Pulse	55	2600000	37038	NA
65	Pulse	55	2610000	6372	NA
65	Pulse	55	2620000	16372	NA
65	Pulse	55	2630000	26372	NA
65	Pulse	55	2640000	36372	NA
66	Pulse	55	2650000	5706	NA
66	Pulse	55	2660000	15706	NA
66	Pulse	55	2670000	25706	NA
66	Pulse	55	2680000	35706	NA
67	Pulse	55	2690000	5040	NA
67	Pulse	55	2700000	15040	NA
67	Pulse	55	2710000	25040	NA
67	Pulse	55	2720000	35040	NA
68	Pulse	55	2730000	4374	NA
68	Pulse	55	2740000	14374	NA
68	Pulse	55	2750000	24374	NA
68	Pulse	55	2760000	34374	NA
69	Pulse	55	2770000	3708	NA
69	Pulse	55	2780000	13708	NA
69	Pulse	55	2790000	23708	NA
69	Pulse	55	2800000	33708	NA
70	Pulse	55	2810000	3042	NA
70	Pulse	55	2820000	13042	NA
70	Pulse	55	2830000	23042	NA
70	Pulse	55	2840000	33042	NA
71	Pulse	55	2850000	2376	NA
71	Pulse	55	2860000	12376	NA
71	Pulse	55	2870000	22376	NA
71	Pulse	55	2880000	32376	NA
72	Pulse	55	2890000	1710	NA
72	Pulse	55	2900000	11710	NA
72	Pulse	55	2910000	21710	NA
72	Pulse	55	2920000	31710	NA
73	Pulse	55	2930000	1044	NA
73	Pulse	55	2940000	11044	NA
73	Pulse	55	2950000	21044	NA
73	Pulse	55	2960000	31044	NA
74	Pulse	55	2970000	377	NA
74	Pulse	55	2980000	10377	NA
74	Pulse	55	2990000	20377	NA
74	Pulse	55	3000000	30377	NA
74	Pulse	55	3010000	40377	NA
75	Pulse	55	3020000	9711	NA
75	Pulse	55	3030000	19711	NA
75	Pulse	55	3040000	29711	NA
75	Pulse	55	3050000	39711	NA
76	Pulse	55	3060000	9045	NA
76	Pulse	55	3070000	19045	NA
76	Pulse	55	3080000	29045	NA
76	Pulse	55	3090000	39045	NA
77	Pulse	55	3100000	8379	NA
77	Pulse	55	3110000	18379	NA
77	Pulse	55	3120000	28379	NA
77	Pulse	55	3130000	38379	NA
78	Pulse	55	3140000	7713	NA
78	Pulse	55	3150000	17713	NA
78	Pulse	55	3160000	27713	NA
78	Pulse	55	3170000	37713	NA
79	Pulse	55	3180000	7047	NA
79	Pulse	55	3190000	17047	NA
79	Pulse	55	3200000	27047	NA
79	Pulse	55	3210000	37047	NA
80	Pulse	55	3220000	6381	NA
80	Pulse	55	3230000	16381	NA
80	Pulse	55	3240000	26381	NA
80	Pulse	55	3250000	36381	NA
81	Pulse	55	3260000	5715	NA
81	Pulse	55	3270000	15715	NA
81	Pulse	55	3280000	25715	NA
81	Pulse	55	3290000	35715	NA
82	Pulse	55	3300000	5049	NA
82	Pulse	55	3310000	15049	NA
82	Pulse	55	3320000	25049	NA
82	Pulse	55	3330000	35049	NA
83	Pulse	55	3340000	4383	NA
83	Pulse	55	3350000	14383	NA
83	Pulse	55	3360000	24383	NA
83	Pulse	55	3370000	34383	NA
84	Pulse	55	3380000	3717	NA
84	Pulse	55	3390000	13717	NA
84	Pulse	55	3400000	23717	NA
84	Pulse	55	3410000	33717	NA
85	Pulse	55	3420000	3051	NA
85	Pulse	55	3430000	13051	NA
85	Pulse	55	3440000	23051	NA
85	Pulse	55	3450000	33051	NA
86	Pulse	55	3460000	2385	NA
86	Pulse	55	3470000	12385	NA
86	Pulse	55	3480000	22385	NA
86	Pulse	55	3490000	32385	NA
87	Pulse	55	3500000	1719	NA
87	Pulse	55	3510000	11719	NA
87	Pulse	55	3520000	21719	NA
87	Pulse	55	3530000	31719	NA
88	Pulse	55	3540000	1052	NA
88	Pulse	55	3550000	11052	NA
88	Pulse	55	3560000	21052	NA
88	Pulse	55	3570000	31052	NA
89	Pulse	55	3580000	387	NA
89	Pulse	55	3590000	10387	NA
89	Pulse	55	3600000	20387	NA
89	Pulse	55	3610000	30387	NA
89	Pulse	55	3620000	40387	NA
90	Pulse	55	3630000	9720	NA
90	Pulse	55	3640000	19720	NA
90	Pulse	55	3650000	29720	NA
90	Pulse	55	3660000	39720	NA
91	Pulse	55	3670000	9054	NA
91	Pulse	55	3680000	19054	NA
91	Pulse	55	3690000	29054	NA
91	Pulse	55	3700000	39054	NA
92	Pulse	55	3710000	8388	NA
92	Pulse	55	3720000	18388	NA
92	Pulse	55	3730000	28388	NA
92	Pulse	55	3740000	38388	NA
93	Pulse	55	3750000	7722	NA
93	Pulse	55	3760000	17722	NA
93	Pulse	55	3770000	27722	NA
93	Pulse	55	3780000	37722	NA
94	Pulse	55	3790000	7056	NA
94	Pulse	55	3800000	17056	NA
94	Pulse	55	3810000	27056	NA
94	Pulse	55	3820000	37056	NA
95	Pulse	55	3830000	6390	NA
95	Pulse	55	3840000	16390	NA
95	Pulse	55	3850000	26390	NA
95	Pulse	55	3860000	36390	NA
96	Pulse	55	3870000	5724	NA
96	Pulse	55	3880000	15724	NA
96	Pulse	55	3890000	25724	NA
96	Pulse	55	3900000	35724	NA
97	Pulse	55	3910000	5058	NA
97	Pulse	55	3920000	15058	NA
97	Pulse	55	3930000	25058	NA
97	Pulse	55	3940000	35058	NA
98	Pulse	55	3950000	4392	NA
98	Pulse	55	3960000	14392	NA
98	Pulse	55	3970000	24392	NA
98	Pulse	55	3980000	34392	NA
99	Pulse	55	3990000	3726	NA
99	Pulse	55	4000000	13726	NA
99	Pulse	55	4010000	23726	NA
99	Pulse	55	4020000	33726	NA
100	Pulse	55	4030000	3060	NA
100	Pulse	55	4040000	13060	NA
100	Pulse	55	4050000	23060	NA
100	Pulse	55	4060000	33060	NA
101	Pulse	55	4070000	2394	NA
101	Pulse	55	4080000	12394	NA
101	Pulse	55	4090000	22394	NA
101	Pulse	55	4100000	32394	NA
102	Pulse	55	4110000	1728	NA
102	Pulse	55	4120000	11728	NA
102	Pulse	55	4130000	21728	NA
102	Pulse	55	4140000	31728	NA
103	Pulse	55	4150000	1062	NA
103	Pulse	55	4160000	11062	NA
103	Pulse	55	4170000	21062	NA
103	Pulse	55	4180000	31062	NA
104	Pulse	55	4190000	395	NA
104	Pulse	55	4200000	10395	NA
104	Pulse	55	4210000	20395	NA
104	Pulse	55	4220000	30395	NA
104	Pulse	55	4230000	40395	NA
105	Pulse	55	4240000	9729	NA
105	Pulse	55	4250000	19729	NA
105	Pulse	55	4260000	29729	NA
105	Pulse	55	4270000	39729	NA
106	Pulse	55	4280000	9063	NA
106	Pulse	55	4290000	19063	NA
106	Pulse	55	4300000	29063	NA
106	Pulse	55	4310000	39063	NA
107	Pulse	55	4320000	8564	NA
107	Pulse	55	4330000	18564	NA
107	Pulse	55	4340000	28564	NA
107	Pulse	55	4350000	38564	NA
108	Pulse	55	4360000	8065	NA
108	Pulse	55	4370000	18065	NA
108	Pulse	55	4380000	28065	NA
108	Pulse	55	4390000	38065	NA
109	Pulse	55	4400000	7399	NA
109	Pulse	55	4410000	17399	NA
109	Pulse	55	4420000	27399	NA
109	Pulse	55	4430000	37399	NA
110	Pulse	55	4440000	6732	NA
110	Pulse	55	4450000	16732	NA
110	Pulse	55	4460000	26732	NA
110	Pulse	55	4470000	36732	NA
111	Pulse	55	4480000	6066	NA
111	Pulse	55	4490000	16066	NA
111	Pulse	55	4500000	26066	NA
111	Pulse	55	4510000	36066	NA
112	Pulse	55	4520000	5400	NA
112	Pulse	55	4530000	15400	NA
112	Pulse	55	4540000	25400	NA
112	Pulse	55	4550000	35400	NA
113	Pulse	55	4560000	4734	NA
113	Pulse	55	4570000	14734	NA
113	Pulse	55	4580000	24734	NA
113	Pulse	55	4590000	34734	NA
114	Pulse	55	4600000	4068	NA
114	Pulse	55	4610000	14068	NA
114	Pulse	55	4620000	24068	NA
114	Pulse	55	4630000	34068	NA
115	Pulse	55	4640000	3402	NA
115	Pulse	55	4650000	13402	NA
115	Pulse	55	4660000	23402	NA
115	Pulse	55	4670000	33402	NA
116	Pulse	55	4680000	2736	NA
116	Pulse	55	4690000	12736	NA
116	Pulse	55	4700000	22736	NA
116	Pulse	55	4710000	32736	NA
117	Pulse	55	4720000	2070	NA
117	Pulse	55	4730000	12070	NA
117	Pulse	55	4740000	22070	NA
117	Pulse	55	4750000	32070	NA
118	Pulse	55	4760000	1571	NA
118	Pulse	55	4770000	11571	NA
118	Pulse	55	4780000	21571	NA
118	Pulse	55	4790000	31571	NA
119	Pulse	55	4800000	905	NA
119	Pulse	55	4810000	10905	NA
119	Pulse	55	4820000	20905	NA
119	Pulse	55	4830000	30905	NA
120	Pulse	55	4840000	238	NA
120	Pulse	55	4850000	10238	NA
120	Pulse	55	4860000	20238	NA
120	Pulse	55	4870000	30238	NA
120	Pulse	55	4880000	40238	NA
121	Pulse	55	4890000	9739	NA
121	Pulse	55	4900000	19739	NA
121	Pulse	55	4910000	29739	NA
121	Pulse	55	4920000	39739	NA
122	Pulse	55	4930000	9073	NA
122	Pulse	55	4940000	19073	NA
122	Pulse	55	4950000	29073	NA
122	Pulse	55	4960000	39073	NA
123	Pulse	55	4970000	8574	NA
123	Pulse	55	4980000	18574	NA
123	Pulse	55	4990000	28574	NA
123	Pulse	55	5000000	38574	NA
124	Pulse	55	5010000	8074	NA
124	Pulse	55	5020000	18074	NA
124	Pulse	55	5030000	28074	NA
124	Pulse	55	5040000	38074	NA
125	Pulse	55	5050000	7575	NA
125	Pulse	55	5060000	17575	NA
125	Pulse	55	5070000	27575	NA
125	Pulse	55	5080000	37575	NA
126	Pulse	55	5090000	6909	NA
126	Pulse	55	5100000	16909	NA
126	Pulse	55	5110000	26909	NA
126	Pulse	55	5120000	36909	NA
127	Pulse	55	5130000	6243	NA
127	Pulse	55	5140000	16243	NA
127	Pulse	55	5150000	26243	NA
127	Pulse	55	5160000	36243	NA
128	Pulse	55	5170000	5577	NA
128	Pulse	55	5180000	15577	NA
128	Pulse	55	5190000	25577	NA
128	Pulse	55	5200000	35577	NA
129	Pulse	55	5210000	4911	NA
129	Pulse	55	5220000	14911	NA
129	Pulse	55	5230000	24911	NA
129	Pulse	55	5240000	34911	NA
130	Pulse	55	5250000	4245	NA
130	Pulse	55	5260000	14245	NA
130	Pulse	55	5270000	24245	NA
130	Pulse	55	5280000	34245	NA
131	Pulse	55	5290000	3578	NA
131	Pulse	55	5300000	13578	NA
131	Pulse	55	5310000	23578	NA
131	Pulse	55	5320000	33578	NA
132	Pulse	55	5330000	3079	NA
132	Pulse	55	5340000	13079	NA
132	Pulse	55	5350000	23079	NA
132	Pulse	55	5360000	33079	NA
133	Pulse	55	5370000	2413	NA
133	Pulse	55	5380000	12413	NA
133	Pulse	55	5390000	22413	NA
133	Pulse	55	5400000	32413	NA
134	Pulse	55	5410000	1747	NA
134	Pulse	55	5420000	11747	NA
134	Pulse	55	5430000	21747	NA
134	Pulse	55	5440000	31747	NA
135	Pulse	55	5450000	1081	NA
135	Pulse	55	5460000	11081	NA
135	Pulse	55	5470000	21081	NA
135	Pulse	55	5480000	31081	NA
136	Pulse	55	5490000	415	NA
136	Pulse	55	5500000	10415	NA
136	Pulse	55	5510000	20415	NA
136	Pulse	55	5520000	30415	NA
136	Pulse	55	5530000	40415	NA
137	Pulse	55	5540000	9749	NA
137	Pulse	55	5550000	19749	NA
137	Pulse	55	5560000	29749	NA
137	Pulse	55	5570000	39749	NA
138	Pulse	55	5580000	9249	NA
138	Pulse	55	5590000	19249	NA
138	Pulse	55	5600000	29249	NA
138	Pulse	55	5610000	39249	NA
139	Pulse	55	5620000	8583	NA
139	Pulse	55	5630000	18583	NA
139	Pulse	55	5640000	28583	NA
139	Pulse	55	5650000	38583	NA
140	Pulse	55	5660000	7917	NA
140	Pulse	55	5670000	17917	NA
140	Pulse	55	5680000	27917	NA
140	Pulse	55	5690000	37917	NA
141	Pulse	55	5700000	7418	NA
141	Pulse	55	5710000	17418	NA
141	Pulse	55	5720000	27418	NA
141	Pulse	55	5730000	37418	NA
142	Pulse	55	5740000	6752	NA
142	Pulse	55	5750000	16752	NA
142	Pulse	55	5760000	26752	NA
142	Pulse	55	5770000	36752	NA
143	Pulse	55	5780000	6086	NA
143	Pulse	55	5790000	16086	NA
143	Pulse	55	5800000	26086	NA
143	Pulse	55	5810000	36086	NA
144	Pulse	55	5820000	5586	NA
144	Pulse	55	5830000	15586	NA
144	Pulse	55	5840000	25586	NA
144	Pulse	55	5850000	35586	NA
145	Pulse	55	5860000	5087	NA
145	Pulse	55	5870000	15087	NA
145	Pulse	55	5880000	25087	NA
145	Pulse	55	5890000	35087	NA
146	Pulse	55	5900000	4421	NA
146	Pulse	55	5910000	14421	NA
146	Pulse	55	5920000	24421	NA
146	Pulse	55	5930000	34421	NA
147	Pulse	55	5940000	3755	NA
147	Pulse	55	5950000	13755	NA
147	Pulse	55	5960000	23755	NA
147	Pulse	55	5970000	33755	NA
148	Pulse	55	5980000	3089	NA
148	Pulse	55	5990000	13089	NA
148	Pulse	55	6000000	23089	NA
148	Pulse	55	6010000	33089	NA
149	Pulse	55	6020000	2423	NA
149	Pulse	55	6030000	12423	NA
149	Pulse	55	6040000	22423	NA
149	Pulse	55	6050000	32423	NA
150	Pulse	55	6060000	1757	NA
150	Pulse	55	6070000	11757	NA
150	Pulse	55	6080000	21757	NA
150	Pulse	55	6090000	31757	NA
151	Pulse	55	6100000	1090	NA
151	Pulse	55	6110000	11090	NA
151	Pulse	55	6120000	21090	NA
151	Pulse	55	6130000	31090	NA
152	Pulse	55	6140000	424	NA
152	Pulse	55	6150000	10424	NA
152	Pulse	55	6160000	20424	NA
152	Pulse	55	6170000	30424	NA
152	Pulse	55	6180000	40424	NA
153	Pulse	55	6190000	9925	NA
153	Pulse	55	6200000	19925	NA
153	Pulse	55	6210000	29925	NA
153	Pulse	55	6220000	39925	NA
154	Pulse	55	6230000	9426	NA
154	Pulse	55	6240000	19426	NA
154	Pulse	55	6250000	29426	NA
154	Pulse	55	6260000	39426	NA
155	Pulse	55	6270000	8926	NA
155	Pulse	55	6280000	18926	NA
155	Pulse	55	6290000	28926	NA
155	Pulse	55	6300000	38926	NA
156	Pulse	55	6310000	8427	NA
156	Pulse	55	6320000	18427	NA
156	Pulse	55	6330000	28427	NA
156	Pulse	55	6340000	38427	NA
157	Pulse	55	6350000	7761	NA
157	Pulse	55	6360000	17761	NA
157	Pulse	55	6370000	27761	NA
157	Pulse	55	6380000	37761	NA
158	Pulse	55	6390000	7261	NA
158	Pulse	55	6400000	17261	NA
158	Pulse	55	6410000	27261	NA
158	Pulse	55	6420000	37261	NA
159	Pulse	55	6430000	6595	NA
159	Pulse	55	6440000	16595	NA
159	Pulse	55	6450000	26595	NA
159	Pulse	55	6460000	36595	NA
160	Pulse	55	6470000	5929	NA
160	Pulse	55	6480000	15929	NA
160	Pulse	55	6490000	25929	NA
160	Pulse	55	6500000	35929	NA
161	Pulse	55	6510000	5263	NA
161	Pulse	55	6520000	15263	NA
161	Pulse	55	6530000	25263	NA
161	Pulse	55	6540000	35263	NA
162	Pulse	55	6550000	4764	NA
162	Pulse	55	6560000	14764	NA
162	Pulse	55	6570000	24764	NA
162	Pulse	55	6580000	34764	NA
163	Pulse	55	6590000	4098	NA
163	Pulse	55	6600000	14098	NA
163	Pulse	55	6610000	24098	NA
163	Pulse	55	6620000	34098	NA
164	Pulse	55	6630000	3432	NA
164	Pulse	55	6640000	13432	NA
164	Pulse	55	6650000	23432	NA
164	Pulse	55	6660000	33432	NA
165	Pulse	55	6670000	2765	NA
165	Pulse	55	6680000	12765	NA
165	Pulse	55	6690000	22765	NA
165	Pulse	55	6700000	32765	NA
166	Pulse	55	6710000	2099	NA
166	Pulse	55	6720000	12099	NA
166	Pulse	55	6730000	22099	NA
166	Pulse	55	6740000	32099	NA
167	Pulse	55	6750000	1433	NA
167	Pulse	55	6760000	11433	NA
167	Pulse	55	6770000	21433	NA
167	Pulse	55	6780000	31433	NA
168	Pulse	55	6790000	767	NA
168	Pulse	55	6800000	10767	NA
168	Pulse	55	6810000	20767	NA
168	Pulse	55	6820000	30767	NA
169	Pulse	55	6830000	268	NA
169	Pulse	55	6840000	10268	NA
169	Pulse	55	6850000	20268	NA
169	Pulse	55	6860000	30268	NA
169	Pulse	55	6870000	40268	NA
170	Pulse	55	6880000	9602	NA
170	Pulse	55	6890000	19602	NA
170	Pulse	55	6900000	29602	NA
170	Pulse	55	6910000	39602	NA
171	Pulse	55	6920000	9102	NA
171	Pulse	55	6930000	19102	NA
171	Pulse	55	6940000	29102	NA
171	Pulse	55	6950000	39102	NA
172	Pulse	55	6960000	8436	NA
172	Pulse	55	6970000	18436	NA
172	Pulse	55	6980000	28436	NA
172	Pulse	55	6990000	38436	NA
173	Pulse	55	7000000	7770	NA
173	Pulse	55	7010000	17770	NA
173	Pulse	55	7020000	27770	NA
173	Pulse	55	7030000	37770	NA
174	Pulse	55	7040000	7271	NA
174	Pulse	55	7050000	17271	NA
174	Pulse	55	7060000	27271	NA
174	Pulse	55	7070000	37271	NA
175	Pulse	55	7080000	6772	NA
175	Pulse	55	7090000	16772	NA
175	Pulse	55	7100000	26772	NA
175	Pulse	55	7110000	36772	NA
176	Pulse	55	7120000	6105	NA
176	Pulse	55	7130000	16105	NA
176	Pulse	55	7140000	26105	NA
176	Pulse	55	7150000	36105	NA
177	Pulse	55	7160000	5439	NA
177	Pulse	55	7170000	15439	NA
177	Pulse	55	7180000	25439	NA
177	Pulse	55	7190000	35439	NA
178	Pulse	55	7200000	4773	NA
178	Pulse	55	7210000	14773	NA
178	Pulse	55	7220000	24773	NA
178	Pulse	55	7230000	34773	NA
179	Pulse	55	7240000	4274	NA
179	Pulse	55	7250000	14274	NA
179	Pulse	55	7260000	24274	NA
179	Pulse	55	7270000	34274	NA
180	Pulse	55	7280000	3608	NA
180	Pulse	55	7290000	13608	NA
180	Pulse	55	7300000	23608	NA
180	Pulse	55	7310000	33608	NA
181	Pulse	55	7320000	2942	NA
181	Pulse	55	7330000	12942	NA
181	Pulse	55	7340000	22942	NA
181	Pulse	55	7350000	32942	NA
182	Pulse	55	7360000	2276	NA
182	Pulse	55	7370000	12276	NA
182	Pulse	55	7380000	22276	NA
182	Pulse	55	7390000	32276	NA
183	Pulse	55	7400000	1610	NA
183	Pulse	55	7410000	11610	NA
183	Pulse	55	7420000	21610	NA
183	Pulse	55	7430000	31610	NA
184	Pulse	55	7440000	944	NA
184	Pulse	55	7450000	10944	NA
184	Pulse	55	7460000	20944	NA
184	Pulse	55	7470000	30944	NA
185	Pulse	55	7480000	444	NA
185	Pulse	55	7490000	10444	NA
185	Pulse	55	7500000	20444	NA
185	Pulse	55	7510000	30444	NA
185	Pulse	55	7520000	40444	NA
186	Pulse	55	7530000	9778	NA
186	Pulse	55	7540000	19778	NA
186	Pulse	55	7550000	29778	NA
186	Pulse	55	7560000	39778	NA
187	Pulse	55	7570000	9112	NA
187	Pulse	55	7580000	19112	NA
187	Pulse	55	7590000	29112	NA
187	Pulse	55	7600000	39112	NA
188	Pulse	55	7610000	8446	NA
188	Pulse	55	7620000	18446	NA
188	Pulse	55	7630000	28446	NA
188	Pulse	55	7640000	38446	NA
189	Pulse	55	7650000	7780	NA
189	Pulse	55	7660000	17780	NA
189	Pulse	55	7670000	27780	NA
189	Pulse	55	7680000	37780	NA
190	Pulse	55	7690000	7114	NA
190	Pulse	55	7700000	17114	NA
190	Pulse	55	7710000	27114	NA
190	Pulse	55	7720000	37114	NA
191	Pulse	55	7730000	6448	NA
191	Pulse	55	7740000	16448	NA
191	Pulse	55	7750000	26448	NA
191	Pulse	55	7760000	36448	NA
192	Pulse	55	7770000	5782	NA
192	Pulse	55	7780000	15782	NA
192	Pulse	55	7790000	25782	NA
192	Pulse	55	7800000	35782	NA
193	Pulse	55	7810000	5116	NA
193	Pulse	55	7820000	15116	NA
193	Pulse	55	7830000	25116	NA
193	Pulse	55	7840000	35116	NA
194	Pulse	55	7850000	4450	NA
194	Pulse	55	7860000	14450	NA
194	Pulse	55	7870000	24450	NA
194	Pulse	55	7880000	34450	NA
195	Pulse	55	7890000	3784	NA
195	Pulse	55	7900000	13784	NA
195	Pulse	55	7910000	23784	NA
195	Pulse	55	7920000	33784	NA
196	Pulse	55	7930000	3117	NA
196	Pulse	55	7940000	13117	NA
196	Pulse	55	7950000	23117	NA
196	Pulse	55	7960000	33117	NA
197	Pulse	55	7970000	2451	NA
197	Pulse	55	7980000	12451	NA
197	Pulse	55	7990000	22451	NA
197	Pulse	55	8000000	32451	NA
198	Pulse	55	8010000	1952	NA
198	Pulse	55	8020000	11952	NA
198	Pulse	55	8030000	21952	NA
198	Pulse	55	8040000	31952	NA
199	Pulse	55	8050000	1286	NA
199	Pulse	55	8060000	11286	NA
199	Pulse	55	8070000	21286	NA
199	Pulse	55	8080000	31286	NA
200	Pulse	55	8090000	620	NA
200	Pulse	55	8100000	10620	NA
200	Pulse	55	8110000	20620	NA
200	Pulse	55	8120000	30620	NA
201	Pulse	55	8130000	121	NA
201	Pulse	55	8140000	10121	NA
201	Pulse	55	8150000	20121	NA
201	Pulse	55	8160000	30121	NA
201	Pulse	55	8170000	40121	NA
202	Pulse	55	8180000	9455	NA
202	Pulse	55	8190000	19455	NA
202	Pulse	55	8200000	29455	NA
202	Pulse	55	8210000	39455	NA
203	Pulse	55	8220000	8955	NA
203	Pulse	55	8230000	18955	NA
203	Pulse	55	8240000	28955	NA
203	Pulse	55	8250000	38955	NA
204	Pulse	55	8260000	8289	NA
204	Pulse	55	8270000	18289	NA
204	Pulse	55	8280000	28289	NA
204	Pulse	55	8290000	38289	NA
205	Pulse	55	8300000	7623	NA
205	Pulse	55	8310000	17623	NA
205	Pulse	55	8320000	27623	NA
205	Pulse	55	8330000	37623	NA
206	Pulse	55	8340000	6957	NA
206	Pulse	55	8350000	16957	NA
206	Pulse	55	8360000	26957	NA
206	Pulse	55	8370000	36957	NA
207	Pulse	55	8380000	6458	NA
207	Pulse	55	8390000	16458	NA
207	Pulse	55	8400000	26458	NA
207	Pulse	55	8410000	36458	NA
208	Pulse	55	8420000	5958	NA
208	Pulse	55	8430000	15958	NA
208	Pulse	55	8440000	25958	NA
208	Pulse	55	8450000	35958	NA
209	Pulse	55	8460000	5292	NA
209	Pulse	55	8470000	15292	NA
209	Pulse	55	8480000	25292	NA
209	Pulse	55	8490000	35292	NA
210	Pulse	55	8500000	4793	NA
210	Pulse	55	8510000	14793	NA
210	Pulse	55	8520000	24793	NA
210	Pulse	55	8530000	34793	NA
211	Pulse	55	8540000	4293	NA
211	Pulse	55	8550000	14293	NA
211	Pulse	55	8560000	24293	NA
211	Pulse	55	8570000	34293	NA
212	Pulse	55	8580000	3794	NA
212	Pulse	55	8590000	13794	NA
212	Pulse	55	8600000	23794	NA
212	Pulse	55	8610000	33794	NA
213	Pulse	55	8620000	3294	NA
213	Pulse	55	8630000	13294	NA
213	Pulse	55	8640000	23294	NA
213	Pulse	55	8650000	33294	NA
214	Pulse	55	8660000	2628	NA
214	Pulse	55	8670000	12628	NA
214	Pulse	55	8680000	22628	NA
214	Pulse	55	8690000	32628	NA
215	Pulse	55	8700000	1962	NA
215	Pulse	55	8710000	11962	NA
215	Pulse	55	8720000	21962	NA
215	Pulse	55	8730000	31962	NA
216	Pulse	55	8740000	1296	NA
216	Pulse	55	8750000	11296	NA
216	Pulse	55	8760000	21296	NA
216	Pulse	55	8770000	31296	NA
217	Pulse	55	8780000	963	NA
217	Pulse	55	8790000	10963	NA
217	Pulse	55	8800000	20963	NA
217	Pulse	55	8810000	30963	NA
218	Pulse	55	8820000	297	NA
218	Pulse	55	8830000	10297	NA
218	Pulse	55	8840000	20297	NA
218	Pulse	55	8850000	30297	NA
218	Pulse	55	8860000	40297	NA
219	Pulse	55	8870000	9798	NA
219	Pulse	55	8880000	19798	NA
219	Pulse	55	8890000	29798	NA
219	Pulse	55	8900000	39798	NA
220	Pulse	55	8910000	9132	NA
220	Pulse	55	8920000	19132	NA
220	Pulse	55	8930000	29132	NA
220	Pulse	55	8940000	39132	NA
221	Pulse	55	8950000	8466	NA
221	Pulse	55	8960000	18466	NA
221	Pulse	55	8970000	28466	NA
221	Pulse	55	8980000	38466	NA
222	Pulse	55	8990000	7966	NA
222	Pulse	55	9000000	17966	NA
222	Pulse	55	9010000	27966	NA
222	Pulse	55	9020000	37966	NA
223	Pulse	55	9030000	7300	NA
223	Pulse	55	9040000	17300	NA
223	Pulse	55	9050000	27300	NA
223	Pulse	55	9060000	37300	NA
224	Pulse	55	9070000	6634	NA
224	Pulse	55	9080000	16634	NA
224	Pulse	55	9090000	26634	NA
224	Pulse	55	9100000	36634	NA
225	Pulse	55	9110000	6135	NA
225	Pulse	55	9120000	16135	NA
225	Pulse	55	9130000	26135	NA
225	Pulse	55	9140000	36135	NA
226	Pulse	55	9150000	5635	NA
226	Pulse	55	9160000	15635	NA
226	Pulse	55	9170000	25635	NA
226	Pulse	55	9180000	35635	NA
227	Pulse	55	9190000	4969	NA
227	Pulse	55	9200000	14969	NA
227	Pulse	55	9210000	24969	NA
227	Pulse	55	9220000	34969	NA
228	Pulse	55	9230000	4303	NA
228	Pulse	55	9240000	14303	NA
228	Pulse	55	9250000	24303	NA
228	Pulse	55	9260000	34303	NA
229	Pulse	55	9270000	3637	NA
229	Pulse	55	9280000	13637	NA
229	Pulse	55	9290000	23637	NA
229	Pulse	55	9300000	33637	NA
230	Pulse	55	9310000	2971	NA
230	Pulse	55	9320000	12971	NA
230	Pulse	55	9330000	22971	NA
230	Pulse	55	9340000	32971	NA
231	Pulse	55	9350000	2472	NA
231	Pulse	55	9360000	12472	NA
231	Pulse	55	9370000	22472	NA
231	Pulse	55	9380000	32472	NA
232	Pulse	55	9390000	1806	NA
232	Pulse	55	9400000	11806	NA
232	Pulse	55	9410000	21806	NA
232	Pulse	55	9420000	31806	NA
233	Pulse	55	9430000	1140	NA
233	Pulse	55	9440000	11140	NA
233	Pulse	55	9450000	21140	NA
233	Pulse	55	9460000	31140	NA
234	Pulse	55	9470000	474	NA
234	Pulse	55	9480000	10474	NA
234	Pulse	55	9490000	20474	NA
234	Pulse	55	9500000	30474	NA
234	Pulse	55	9510000	40474	NA
235	Pulse	55	9520000	9808	NA
235	Pulse	55	9530000	19808	NA
235	Pulse	55	9540000	29808	NA
235	Pulse	55	9550000	39808	NA
236	Pulse	55	9560000	9141	NA
236	Pulse	55	9570000	19141	NA
236	Pulse	55	9580000	29141	NA
236	Pulse	55	9590000	39141	NA
237	Pulse	55	9600000	8475	NA
237	Pulse	55	9610000	18475	NA
237	Pulse	55	9620000	28475	NA
237	Pulse	55	9630000	38475	NA
238	Pulse	55	9640000	7809	NA
238	Pulse	55	9650000	17809	NA
238	Pulse	55	9660000	27809	NA
238	Pulse	55	9670000	37809	NA
239	Pulse	55	9680000	7143	NA
239	Pulse	55	9690000	17143	NA
239	Pulse	55	9700000	27143	NA
239	Pulse	55	9710000	37143	NA
240	Pulse	55	9720000	6477	NA
240	Pulse	55	9730000	16477	NA
240	Pulse	55	9740000	26477	NA
240	Pulse	55	9750000	36477	NA
241	Pulse	55	9760000	5811	NA
241	Pulse	55	9770000	15811	NA
241	Pulse	55	9780000	25811	NA
241	Pulse	55	9790000	35811	NA
242	Pulse	55	9800000	5145	NA
242	Pulse	55	9810000	15145	NA
242	Pulse	55	9820000	25145	NA
242	Pulse	55	9830000	35145	NA
243	Pulse	55	9840000	4479	NA
243	Pulse	55	9850000	14479	NA
243	Pulse	55	9860000	24479	NA
243	Pulse	55	9870000	34479	NA
244	Pulse	55	9880000	3813	NA
244	Pulse	55	9890000	13813	NA
244	Pulse	55	9900000	23813	NA
244	Pulse	55	9910000	33813	NA
245	Pulse	55	9920000	3314	NA
245	Pulse	55	9930000	13314	NA
245	Pulse	55	9940000	23314	NA
245	Pulse	55	9950000	33314	NA
246	Pulse	55	9960000	2648	NA
246	Pulse	55	9970000	12648	NA
246	Pulse	55	9980000	22648	NA
246	Pulse	55	9990000	32648	NA
247	Pulse	55	10000000	1981	NA
247	Pulse	55	10010000	11981	NA
247	Pulse	55	10020000	21981	NA
247	Pulse	55	10030000	31981	NA
248	Pulse	55	10040000	1315	NA
248	Pulse	55	10050000	11315	NA
248	Pulse	55	10060000	21315	NA
248	Pulse	55	10070000	31315	NA
249	Pulse	55	10080000	649	NA
249	Pulse	55	10090000	10649	NA
249	Pulse	55	10100000	20649	NA
249	Pulse	55	10110000	30649	NA
249	Pulse	55	10120000	40649	NA
250	Pulse	55	10130000	9983	NA
250	Pulse	55	10140000	19983	NA
250	Pulse	55	10150000	29983	NA
250	Pulse	55	10160000	39983	NA
251	Pulse	55	10170000	9317	NA
251	Pulse	55	10180000	19317	NA
251	Pulse	55	10190000	29317	NA
251	Pulse	55	10200000	39317	NA
252	Pulse	55	10210000	8651	NA
252	Pulse	55	10220000	18651	NA
252	Pulse	55	10230000	28651	NA
252	Pulse	55	10240000	38651	NA
253	Pulse	55	10250000	7985	NA
253	Pulse	55	10260000	17985	NA
253	Pulse	55	10270000	27985	NA
253	Pulse	55	10280000	37985	NA
254	Pulse	55	10290000	7319	NA
254	Pulse	55	10300000	17319	NA
254	Pulse	55	10310000	27319	NA
254	Pulse	55	10320000	37319	NA
255	Pulse	55	10330000	6820	NA
255	Pulse	55	10340000	16820	NA
255	Pulse	55	10350000	26820	NA
255	Pulse	55	10360000	36820	NA
256	Pulse	55	10370000	6320	NA
256	Pulse	55	10380000	16320	NA
256	Pulse	55	10390000	26320	NA
256	Pulse	55	10400000	36320	NA
257	Pulse	55	10410000	5821	NA
257	Pulse	55	10420000	15821	NA
257	Pulse	55	10430000	25821	NA
257	Pulse	55	10440000	35821	NA
258	Pulse	55	10450000	5155	NA
258	Pulse	55	10460000	15155	NA
258	Pulse	55	10470000	25155	NA
258	Pulse	55	10480000	35155	NA
259	Pulse	55	10490000	4489	NA
259	Pulse	55	10500000	14489	NA
259	Pulse	55	10510000	24489	NA
259	Pulse	55	10520000	34489	NA
260	Pulse	55	10530000	3823	NA
260	Pulse	55	10540000	13823	NA
260	Pulse	55	10550000	23823	NA
260	Pulse	55	10560000	33823	NA
261	Pulse	55	10570000	3157	NA
261	Pulse	55	10580000	13157	NA
261	Pulse	55	10590000	23157	NA
261	Pulse	55	10600000	33157	NA
262	Pulse	55	10610000	2490	NA
262	Pulse	55	10620000	12490	NA
262	Pulse	55	10630000	22490	NA
262	Pulse	55	10640000	32490	NA
263	Pulse	55	10650000	1824	NA
263	Pulse	55	10660000	11824	NA
263	Pulse	55	10670000	21824	NA
263	Pulse	55	10680000	31824	NA
264	Pulse	55	10690000	1158	NA
264	Pulse	55	10700000	11158	NA
264	Pulse	55	10710000	21158	NA
264	Pulse	55	10720000	31158	NA
265	Pulse	55	10730000	492	NA
265	Pulse	55	10740000	10492	NA
265	Pulse	55	10750000	20492	NA
265	Pulse	55	10760000	30492	NA
265	Pulse	55	10770000	40492	NA
266	Pulse	55	10780000	9826	NA
266	Pulse	55	10790000	19826	NA
266	Pulse	55	10800000	29826	NA
266	Pulse	55	10810000	39826	NA
267	Pulse	55	10820000	9160	NA
267	Pulse	55	10830000	19160	NA
267	Pulse	55	10840000	29160	NA
267	Pulse	55	10850000	39160	NA
268	Pulse	55	10860000	8494	NA
268	Pulse	55	10870000	18494	NA
268	Pulse	55	10880000	28494	NA
268	Pulse	55	10890000	38494	NA
269	Pulse	55	10900000	7828	NA
269	Pulse	55	10910000	17828	NA
269	Pulse	55	10920000	27828	NA
269	Pulse	55	10930000	37828	NA
270	Pulse	55	10940000	7162	NA
270	Pulse	55	10950000	17162	NA
270	Pulse	55	10960000	27162	NA
270	Pulse	55	10970000	37162	NA
271	Pulse	55	10980000	6496	NA
271	Pulse	55	10990000	16496	NA
271	Pulse	55	11000000	26496	NA
271	Pulse	55	11010000	36496	NA
272	Pulse	55	11020000	5830	NA
272	Pulse	55	11030000	15830	NA
272	Pulse	55	11040000	25830	NA
272	Pulse	55	11050000	35830	NA
273	Pulse	55	11060000	5164	NA
273	Pulse	55	11070000	15164	NA
273	Pulse	55	11080000	25164	NA
273	Pulse	55	11090000	35164	NA
274	Pulse	55	11100000	4498	NA
274	Pulse	55	11110000	14498	NA
274	Pulse	55	11120000	24498	NA
274	Pulse	55	11130000	34498	NA
275	Pulse	55	11140000	3832	NA
275	Pulse	55	11150000	13832	NA
275	Pulse	55	11160000	23832	NA
275	Pulse	55	11170000	33832	NA
276	Pulse	55	11180000	3166	NA
276	Pulse	55	11190000	13166	NA
276	Pulse	55	11200000	23166	NA
276	Pulse	55	11210000	33166	NA
277	Pulse	55	11220000	2499	NA
277	Pulse	55	11230000	12499	NA
277	Pulse	55	11240000	22499	NA
277	Pulse	55	11250000	32499	NA
278	Pulse	55	11260000	1833	NA
278	Pulse	55	11270000	11833	NA
278	Pulse	55	11280000	21833	NA
278	Pulse	55	11290000	31833	NA
279	Pulse	55	11300000	1167	NA
279	Pulse	55	11310000	11167	NA
279	Pulse	55	11320000	21167	NA
279	Pulse	55	11330000	31167	NA
280	Pulse	55	11340000	501	NA
280	Pulse	55	11350000	10501	NA
280	Pulse	55	11360000	20501	NA
280	Pulse	55	11370000	30501	NA
280	Pulse	55	11380000	40501	NA
281	Pulse	55	11390000	9835	NA
281	Pulse	55	11400000	19835	NA
281	Pulse	55	11410000	29835	NA
281	Pulse	55	11420000	39835	NA
282	Pulse	55	11430000	9169	NA
282	Pulse	55	11440000	19169	NA
282	Pulse	55	11450000	29169	NA
282	Pulse	55	11460000	39169	NA
283	Pulse	55	11470000	8336	NA
283	Pulse	55	11480000	18336	NA
283	Pulse	55	11490000	28336	NA
283	Pulse	55	11500000	38336	NA
284	Pulse	55	11510000	7670	NA
284	Pulse	55	11520000	17670	NA
284	Pulse	55	11530000	27670	NA
284	Pulse	55	11540000	37670	NA
285	Pulse	55	11550000	7004	NA
285	Pulse	55	11560000	17004	NA
285	Pulse	55	11570000	27004	NA
285	Pulse	55	11580000	37004	NA
286	Pulse	55	11590000	6338	NA
286	Pulse	55	11600000	16338	NA
286	Pulse	55	11610000	26338	NA
286	Pulse	55	11620000	36338	NA
287	Pulse	55	11630000	5672	NA
287	Pulse	55	11640000	15672	NA
287	Pulse	55	11650000	25672	NA
287	Pulse	55	11660000	35672	NA
288	Pulse	55	11670000	5006	NA
288	Pulse	55	11680000	15006	NA
288	Pulse	55	11690000	25006	NA
288	Pulse	55	11700000	35006	NA
289	Pulse	55	11710000	4340	NA
289	Pulse	55	11720000	14340	NA
289	Pulse	55	11730000	24340	NA
289	Pulse	55	11740000	34340	NA
290	Pulse	55	11750000	3674	NA
290	Pulse	55	11760000	13674	NA
290	Pulse	55	11770000	23674	NA
290	Pulse	55	11780000	33674	NA
291	Pulse	55	11790000	3008	NA
291	Pulse	55	11800000	13008	NA
291	Pulse	55	11810000	23008	NA
291	Pulse	55	11820000	33008	NA
292	Pulse	55	11830000	2342	NA
292	Pulse	55	11840000	12342	NA
292	Pulse	55	11850000	22342	NA
292	Pulse	55	11860000	32342	NA
293	Pulse	55	11870000	1676	NA
293	Pulse	55	11880000	11676	NA
293	Pulse	55	11890000	21676	NA
293	Pulse	55	11900000	31676	NA
294	Pulse	55	11910000	1010	NA
294	Pulse	55	11920000	11010	NA
294	Pulse	55	11930000	21010	NA
294	Pulse	55	11940000	31010	NA
295	Pulse	55	11950000	344	NA
295	Pulse	55	11960000	10344	NA
295	Pulse	55	11970000	20344	NA
295	Pulse	55	11980000	30344	NA
295	Pulse	55	11990000	40344	NA
296	Pulse	55	12000000	9678	NA
296	Pulse	55	12010000	19678	NA
296	Pulse	55	12020000	29678	NA
296	Pulse	55	12030000	39678	NA
297	Pulse	55	12040000	9012	NA
297	Pulse	55	12050000	19012	NA
297	Pulse	55	12060000	29012	NA
297	Pulse	55	12070000	39012	NA
298	Pulse	55	12080000	8345	NA
298	Pulse	55	12090000	18345	NA
298	Pulse	55	12100000	28345	NA
298	Pulse	55	12110000	38345	NA
299	Pulse	55	12120000	7679	NA
299	Pulse	55	12130000	17679	NA
299	Pulse	55	12140000	27679	NA
299	Pulse	55	12150000	37679	NA
300	Pulse	55	12160000	7013	NA
300	Pulse	55	12170000	17013	NA
300	Pulse	55	12180000	27013	NA
300	Pulse	55	12190000	37013	NA
301	Pulse	55	12200000	6347	NA
301	Pulse	55	12210000	16347	NA
301	Pulse	55	12220000	26347	NA
301	Pulse	55	12230000	36347	NA
302	Pulse	55	12240000	5681	NA
302	Pulse	55	12250000	15681	NA
302	Pulse	55	12260000	25681	NA
302	Pulse	55	12270000	35681	NA
303	Pulse	55	12280000	5015	NA
303	Pulse	55	12290000	15015	NA
303	Pulse	55	12300000	25015	NA
303	Pulse	55	12310000	35015	NA
304	Pulse	55	12320000	4349	NA
304	Pulse	55	12330000	14349	NA
304	Pulse	55	12340000	24349	NA
304	Pulse	55	12350000	34349	NA
305	Pulse	55	12360000	3683	NA
305	Pulse	55	12370000	13683	NA
305	Pulse	55	12380000	23683	NA
305	Pulse	55	12390000	33683	NA
306	Pulse	55	12400000	3017	NA
306	Pulse	55	12410000	13017	NA
306	Pulse	55	12420000	23017	NA
306	Pulse	55	12430000	33017	NA
307	Pulse	55	12440000	2351	NA
307	Pulse	55	12450000	12351	NA
307	Pulse	55	12460000	22351	NA
307	Pulse	55	12470000	32351	NA
308	Pulse	55	12480000	1685	NA
308	Pulse	55	12490000	11685	NA
308	Pulse	55	12500000	21685	NA
308	Pulse	55	12510000	31685	NA
309	Pulse	55	12520000	1019	NA
309	Pulse	55	12530000	11019	NA
309	Pulse	55	12540000	21019	NA
309	Pulse	55	12550000	31019	NA
310	Pulse	55	12560000	353	NA
310	Pulse	55	12570000	10353	NA
310	Pulse	55	12580000	20353	NA
310	Pulse	55	12590000	30353	NA
310	Pulse	55	12600000	40353	NA
311	Pulse	55	12610000	9687	NA
311	Pulse	55	12620000	19687	NA
311	Pulse	55	12630000	29687	NA
311	Pulse	55	12640000	39687	NA
312	Pulse	55	12650000	9020	NA
312	Pulse	55	12660000	19020	NA
312	Pulse	55	12670000	29020	NA
312	Pulse	55	12680000	39020	NA
313	Pulse	55	12690000	8355	NA
313	Pulse	55	12700000	18355	NA
313	Pulse	55	12710000	28355	NA
313	Pulse	55	12720000	38355	NA
314	Pulse	55	12730000	7688	NA
314	Pulse	55	12740000	17688	NA
314	Pulse	55	12750000	27688	NA
314	Pulse	55	12760000	37688	NA
315	Pulse	55	12770000	7023	NA
315	Pulse	55	12780000	17023	NA
315	Pulse	55	12790000	27023	NA
315	Pulse	55	12800000	37023	NA
316	Pulse	55	12810000	6356	NA
316	Pulse	55	12820000	16356	NA
316	Pulse	55	12830000	26356	NA
316	Pulse	55	12840000	36356	NA
317	Pulse	55	12850000	5690	NA
317	Pulse	55	12860000	15690	NA
317	Pulse	55	12870000	25690	NA
317	Pulse	55	12880000	35690	NA
318	Pulse	55	12890000	5024	NA
318	Pulse	55	12900000	15024	NA
318	Pulse	55	12910000	25024	NA
318	Pulse	55	12920000	35024	NA
319	Pulse	55	12930000	4358	NA
319	Pulse	55	12940000	14358	NA
319	Pulse	55	12950000	24358	NA
319	Pulse	55	12960000	34358	NA
320	Pulse	55	12970000	3692	NA
320	Pulse	55	12980000	13692	NA
320	Pulse	55	12990000	23692	NA
320	Pulse	55	13000000	33692	NA
321	Pulse	55	13010000	3026	NA
321	Pulse	55	13020000	13026	NA
321	Pulse	55	13030000	23026	NA
321	Pulse	55	13040000	33026	NA
322	Pulse	55	13050000	2360	NA
322	Pulse	55	13060000	12360	NA
322	Pulse	55	13070000	22360	NA
322	Pulse	55	13080000	32360	NA
323	Pulse	55	13090000	1694	NA
323	Pulse	55	13100000	11694	NA
323	Pulse	55	13110000	21694	NA
323	Pulse	55	13120000	31694	NA
324	Pulse	55	13130000	1028	NA
324	Pulse	55	13140000	11028	NA
324	Pulse	55	13150000	21028	NA
324	Pulse	55	13160000	31028	NA
325	Pulse	55	13170000	362	NA
325	Pulse	55	13180000	10362	NA
325	Pulse	55	13190000	20362	NA
325	Pulse	55	13200000	30362	NA
325	Pulse	55	13210000	40362	NA
326	Pulse	55	13220000	9696	NA
326	Pulse	55	13230000	19696	NA
326	Pulse	55	13240000	29696	NA
326	Pulse	55	13250000	39696	NA
327	Pulse	55	13260000	9030	NA
327	Pulse	55	13270000	19030	NA
327	Pulse	55	13280000	29030	NA
327	Pulse	55	13290000	39030	NA
328	Pulse	55	13300000	8364	NA
328	Pulse	55	13310000	18364	NA
328	Pulse	55	13320000	28364	NA
328	Pulse	55	13330000	38364	NA
329	Pulse	55	13340000	7697	NA
329	Response	1	13349836	17533	1
329	Pulse	55	13350000	17697	NA
329	Pulse	55	13360000	27697	NA
329	Pulse	55	13370000	37697	NA
330	Pulse	55	13380000	7531	NA
330	Pulse	55	13390000	17531	NA
331	Pulse	55	13400000	7365	NA
331	Pulse	55	13410000	17365	NA
331	Pulse	55	13420000	27365	NA
331	Pulse	55	13430000	37365	NA
331	Pulse	55	13440000	47365	NA
331	Pulse	55	13450000	57365	NA
331	Pulse	55	13460000	67365	NA
331	Pulse	55	13470000	77365	NA
331	Pulse	55	13480000	87365	NA
331	Pulse	55	13490000	97365	NA
331	Pulse	55	13500000	107365	NA
331	Pulse	55	13510000	117365	NA
331	Pulse	55	13520000	127365	NA
331	Pulse	55	13530000	137365	NA
331	Pulse	55	13540000	147365	NA
331	Pulse	55	13550000	157365	NA
331	Pulse	55	13560000	167365	NA
331	Pulse	55	13570000	177365	NA
331	Response	1	13571754	179119	1
331	Pulse	55	13580000	187365	NA
331	Pulse	55	13590000	197365	NA
332	Pulse	55	13600000	9868	NA
332	Pulse	55	13610000	19868	NA
332	Pulse	55	13620000	29868	NA
332	Pulse	55	13630000	39868	NA
332	Pulse	55	13640000	49868	NA
332	Pulse	55	13650000	59868	NA
332	Pulse	55	13660000	69868	NA
332	Pulse	55	13670000	79868	NA
332	Pulse	55	13680000	89868	NA
332	Pulse	55	13690000	99868	NA
332	Pulse	55	13700000	109868	NA
332	Pulse	55	13710000	119868	NA
332	Pulse	55	13720000	129868	NA
332	Pulse	55	13730000	139868	NA
332	Pulse	55	13740000	149868	NA
332	Pulse	55	13750000	159868	NA
332	Pulse	55	13760000	169868	NA
332	Pulse	55	13770000	179868	NA
332	Pulse	55	13780000	189868	NA
332	Pulse	55	13790000	199868	NA
332	Pulse	55	13800000	209868	NA
332	Pulse	55	13810000	219868	NA
332	Pulse	55	13820000	229868	NA
332	Pulse	55	13830000	239868	NA
332	Pulse	55	13840000	249868	NA
332	Pulse	55	13850000	259868	NA
332	Pulse	55	13860000	269868	NA
332	Pulse	55	13870000	279868	NA
332	Pulse	55	13880000	289868	NA
332	Pulse	55	13890000	299868	NA
332	Pulse	55	13900000	309868	NA
332	Pulse	55	13910000	319868	NA
332	Pulse	55	13920000	329868	NA
332	Pulse	55	13930000	339868	NA
332	Pulse	55	13940000	349868	NA
332	Pulse	55	13950000	359868	NA
332	Pulse	55	13960000	369868	NA
332	Pulse	55	13970000	379868	NA
332	Pulse	55	13980000	389868	NA
332	Pulse	55	13990000	399868	NA
332	Pulse	55	14000000	409868	NA
332	Pulse	55	14010000	419868	NA
332	Pulse	55	14020000	429868	NA
332	Pulse	55	14030000	439868	NA
332	Pulse	55	14040000	449868	NA
332	Pulse	55	14050000	459868	NA
332	Pulse	55	14060000	469868	NA
332	Pulse	55	14070000	479868	NA
332	Pulse	55	14080000	489868	NA
332	Pulse	55	14090000	499868	NA
332	Pulse	55	14100000	509868	NA
332	Pulse	55	14110000	519868	NA
332	Pulse	55	14120000	529868	NA
332	Pulse	55	14130000	539868	NA
332	Pulse	55	14140000	549868	NA
332	Pulse	55	14150000	559868	NA
332	Pulse	55	14160000	569868	NA
332	Pulse	55	14170000	579868	NA
332	Pulse	55	14180000	589868	NA
332	Pulse	55	14190000	599868	NA
332	Pulse	55	14200000	609868	NA
332	Pulse	55	14210000	619868	NA
332	Pulse	55	14220000	629868	NA
332	Pulse	55	14230000	639868	NA
332	Pulse	55	14240000	649868	NA
332	Pulse	55	14250000	659868	NA
332	Pulse	55	14260000	669868	NA
332	Pulse	55	14270000	679868	NA
332	Pulse	55	14280000	689868	NA
332	Pulse	55	14290000	699868	NA
332	Pulse	55	14300000	709868	NA
332	Pulse	55	14310000	719868	NA
332	Pulse	55	14320000	729868	NA
332	Pulse	55	14330000	739868	NA
332	Pulse	55	14340000	749868	NA
332	Pulse	55	14350000	759868	NA
332	Pulse	55	14360000	769868	NA
332	Pulse	55	14370000	779868	NA
332	Pulse	55	14380000	789868	NA
332	Pulse	55	14390000	799868	NA
332	Pulse	55	14400000	809868	NA
332	Pulse	55	14410000	819868	NA
332	Pulse	55	14420000	829868	NA
332	Pulse	55	14430000	839868	NA
332	Pulse	55	14440000	849868	NA
332	Pulse	55	14450000	859868	NA
332	Pulse	55	14460000	869868	NA
332	Pulse	55	14470000	879868	NA
332	Pulse	55	14480000	889868	NA
332	Pulse	55	14490000	899868	NA
332	Pulse	55	14500000	909868	NA
332	Pulse	55	14510000	919868	NA
332	Pulse	55	14520000	929868	NA
332	Pulse	55	14530000	939868	NA
332	Pulse	55	14540000	949868	NA
332	Pulse	55	14550000	959868	NA
332	Pulse	55	14560000	969868	NA
332	Pulse	55	14570000	979868	NA
332	Pulse	55	14580000	989868	NA
332	Pulse	55	14590000	999868	NA
332	Pulse	55	14600000	1009868	NA
332	Pulse	55	14610000	1019868	NA
332	Pulse	55	14620000	1029868	NA
332	Pulse	55	14630000	1039868	NA
332	Pulse	55	14640000	1049868	NA
332	Pulse	55	14650000	1059868	NA
332	Pulse	55	14660000	1069868	NA
332	Pulse	55	14670000	1079868	NA
332	Pulse	55	14680000	1089868	NA
332	Pulse	55	14690000	1099868	NA
332	Pulse	55	14700000	1109868	NA
332	Pulse	55	14710000	1119868	NA
332	Pulse	55	14720000	1129868	NA
332	Pulse	55	14730000	1139868	NA
332	Pulse	55	14740000	1149868	NA
332	Pulse	55	14750000	1159868	NA
332	Pulse	55	14760000	1169868	NA
332	Pulse	55	14770000	1179868	NA
332	Pulse	55	14780000	1189868	NA
332	Pulse	55	14790000	1199868	NA
332	Pulse	55	14800000	1209868	NA
332	Pulse	55	14810000	1219868	NA
332	Pulse	55	14820000	1229868	NA
332	Pulse	55	14830000	1239868	NA
332	Pulse	55	14840000	1249868	NA
332	Pulse	55	14850000	1259868	NA
332	Pulse	55	14860000	1269868	NA
332	Pulse	55	14870000	1279868	NA
332	Pulse	55	14880000	1289868	NA
332	Pulse	55	14890000	1299868	NA
332	Pulse	55	14900000	1309868	NA
332	Pulse	55	14910000	1319868	NA
332	Pulse	55	14920000	1329868	NA
332	Pulse	55	14930000	1339868	NA
332	Pulse	55	14940000	1349868	NA
332	Pulse	55	14950000	1359868	NA
332	Pulse	55	14960000	1369868	NA
332	Pulse	55	14970000	1379868	NA
332	Pulse	55	14980000	1389868	NA
332	Pulse	55	14990000	1399868	NA
332	Pulse	55	15000000	1409868	NA
332	Pulse	55	15010000	1419868	NA
332	Pulse	55	15020000	1429868	NA
332	Pulse	55	15030000	1439868	NA
332	Pulse	55	15040000	1449868	NA
332	Pulse	55	15050000	1459868	NA
332	Pulse	55	15060000	1469868	NA
332	Pulse	55	15070000	1479868	NA
332	Pulse	55	15080000	1489868	NA
332	Pulse	55	15090000	1499868	NA
332	Pulse	55	15100000	1509868	NA
332	Pulse	55	15110000	1519868	NA
332	Pulse	55	15120000	1529868	NA
332	Pulse	55	15130000	1539868	NA
332	Pulse	55	15140000	1549868	NA
332	Pulse	55	15150000	1559868	NA
332	Pulse	55	15160000	1569868	NA
332	Pulse	55	15170000	1579868	NA
332	Pulse	55	15180000	1589868	NA
332	Pulse	55	15190000	1599868	NA
332	Pulse	55	15200000	1609868	NA
332	Pulse	55	15210000	1619868	NA
332	Pulse	55	15220000	1629868	NA
332	Pulse	55	15230000	1639868	NA
332	Pulse	55	15240000	1649868	NA
332	Pulse	55	15250000	1659868	NA
332	Pulse	55	15260000	1669868	NA
332	Pulse	55	15270000	1679868	NA
332	Pulse	55	15280000	1689868	NA
332	Pulse	55	15290000	1699868	NA
332	Pulse	55	15300000	1709868	NA
332	Pulse	55	15310000	1719868	NA
332	Pulse	55	15320000	1729868	NA
332	Pulse	55	15330000	1739868	NA
332	Pulse	55	15340000	1749868	NA
332	Pulse	55	15350000	1759868	NA
332	Pulse	55	15360000	1769868	NA
332	Pulse	55	15370000	1779868	NA
332	Pulse	55	15380000	1789868	NA
332	Pulse	55	15390000	1799868	NA
332	Pulse	55	15400000	1809868	NA
332	Pulse	55	15410000	1819868	NA
332	Pulse	55	15420000	1829868	NA
332	Pulse	55	15430000	1839868	NA
332	Pulse	55	15440000	1849868	NA
332	Pulse	55	15450000	1859868	NA
332	Pulse	55	15460000	1869868	NA
332	Pulse	55	15470000	1879868	NA
332	Pulse	55	15480000	1889868	NA
332	Pulse	55	15490000	1899868	NA
332	Pulse	55	15500000	1909868	NA
332	Pulse	55	15510000	1919868	NA
332	Pulse	55	15520000	1929868	NA
332	Pulse	55	15530000	1939868	NA
332	Pulse	55	15540000	1949868	NA
332	Pulse	55	15550000	1959868	NA
332	Pulse	55	15560000	1969868	NA
332	Pulse	55	15570000	1979868	NA
332	Pulse	55	15580000	1989868	NA
332	Pulse	55	15590000	1999868	NA
332	Pulse	55	15600000	2009868	NA
332	Pulse	55	15610000	2019868	NA
332	Pulse	55	15620000	2029868	NA
332	Pulse	55	15630000	2039868	NA
332	Pulse	55	15640000	2049868	NA
332	Pulse	55	15650000	2059868	NA
332	Pulse	55	15660000	2069868	NA
332	Pulse	55	15670000	2079868	NA
332	Pulse	55	15680000	2089868	NA
332	Pulse	55	15690000	2099868	NA
332	Pulse	55	15700000	2109868	NA
332	Pulse	55	15710000	2119868	NA
332	Pulse	55	15720000	2129868	NA
332	Pulse	55	15730000	2139868	NA
332	Pulse	55	15740000	2149868	NA
332	Pulse	55	15750000	2159868	NA
332	Pulse	55	15760000	2169868	NA
332	Pulse	55	15770000	2179868	NA
332	Pulse	55	15780000	2189868	NA
332	Pulse	55	15790000	2199868	NA
332	Pulse	55	15800000	2209868	NA
332	Pulse	55	15810000	2219868	NA
332	Pulse	55	15820000	2229868	NA
332	Pulse	55	15830000	2239868	NA
332	Pulse	55	15840000	2249868	NA
332	Pulse	55	15850000	2259868	NA
332	Pulse	55	15860000	2269868	NA
332	Pulse	55	15870000	2279868	NA
332	Pulse	55	15880000	2289868	NA
332	Pulse	55	15890000	2299868	NA
332	Pulse	55	15900000	2309868	NA
332	Pulse	55	15910000	2319868	NA
332	Pulse	55	15920000	2329868	NA
332	Pulse	55	15930000	2339868	NA
332	Pulse	55	15940000	2349868	NA
332	Pulse	55	15950000	2359868	NA
332	Pulse	55	15960000	2369868	NA
332	Pulse	55	15970000	2379868	NA
332	Pulse	55	15980000	2389868	NA
332	Pulse	55	15990000	2399868	NA
332	Pulse	55	16000000	2409868	NA
332	Pulse	55	16010000	2419868	NA
332	Pulse	55	16020000	2429868	NA
332	Pulse	55	16030000	2439868	NA
332	Pulse	55	16040000	2449868	NA
332	Pulse	55	16050000	2459868	NA
332	Pulse	55	16060000	2469868	NA
332	Pulse	55	16070000	2479868	NA
332	Pulse	55	16080000	2489868	NA
332	Pulse	55	16090000	2499868	NA
332	Pulse	55	16100000	2509868	NA
332	Pulse	55	16110000	2519868	NA
332	Pulse	55	16120000	2529868	NA
332	Pulse	55	16130000	2539868	NA
332	Pulse	55	16140000	2549868	NA
332	Pulse	55	16150000	2559868	NA
332	Pulse	55	16160000	2569868	NA
332	Pulse	55	16170000	2579868	NA
332	Pulse	55	16180000	2589868	NA
332	Pulse	55	16190000	2599868	NA
332	Pulse	55	16200000	2609868	NA
332	Pulse	55	16210000	2619868	NA
332	Pulse	55	16220000	2629868	NA
332	Pulse	55	16230000	2639868	NA
332	Pulse	55	16240000	2649868	NA
332	Pulse	55	16250000	2659868	NA
332	Pulse	55	16260000	2669868	NA
332	Pulse	55	16270000	2679868	NA
332	Pulse	55	16280000	2689868	NA
332	Pulse	55	16290000	2699868	NA
332	Pulse	55	16300000	2709868	NA
332	Pulse	55	16310000	2719868	NA
332	Pulse	55	16320000	2729868	NA
332	Pulse	55	16330000	2739868	NA
332	Pulse	55	16340000	2749868	NA
332	Pulse	55	16350000	2759868	NA
332	Pulse	55	16360000	2769868	NA
332	Pulse	55	16370000	2779868	NA
332	Pulse	55	16380000	2789868	NA
332	Pulse	55	16390000	2799868	NA
332	Pulse	55	16400000	2809868	NA
332	Pulse	55	16410000	2819868	NA
332	Pulse	55	16420000	2829868	NA
332	Pulse	55	16430000	2839868	NA
332	Pulse	55	16440000	2849868	NA
332	Pulse	55	16450000	2859868	NA
332	Pulse	55	16460000	2869868	NA
332	Pulse	55	16470000	2879868	NA
332	Pulse	55	16480000	2889868	NA
332	Pulse	55	16490000	2899868	NA
332	Pulse	55	16500000	2909868	NA
332	Pulse	55	16510000	2919868	NA
332	Pulse	55	16520000	2929868	NA
332	Pulse	55	16530000	2939868	NA
332	Pulse	55	16540000	2949868	NA
332	Pulse	55	16550000	2959868	NA
332	Pulse	55	16560000	2969868	NA
332	Pulse	55	16570000	2979868	NA
332	Pulse	55	16580000	2989868	NA
332	Pulse	55	16590000	2999868	NA
332	Pulse	55	16600000	3009868	NA
332	Pulse	55	16610000	3019868	NA
332	Pulse	55	16620000	3029868	NA
332	Pulse	55	16630000	3039868	NA
332	Pulse	55	16640000	3049868	NA
332	Pulse	55	16650000	3059868	NA
332	Pulse	55	16660000	3069868	NA
332	Pulse	55	16670000	3079868	NA
332	Pulse	55	16680000	3089868	NA
332	Pulse	55	16690000	3099868	NA
332	Pulse	55	16700000	3109868	NA
332	Pulse	55	16710000	3119868	NA
332	Pulse	55	16720000	3129868	NA
332	Pulse	55	16730000	3139868	NA
332	Pulse	55	16740000	3149868	NA
332	Pulse	55	16750000	3159868	NA
332	Pulse	55	16760000	3169868	NA
332	Pulse	55	16770000	3179868	NA
332	Pulse	55	16780000	3189868	NA
332	Pulse	55	16790000	3199868	NA
332	Pulse	55	16800000	3209868	NA
332	Pulse	55	16810000	3219868	NA
332	Pulse	55	16820000	3229868	NA
332	Pulse	55	16830000	3239868	NA
332	Pulse	55	16840000	3249868	NA
332	Pulse	55	16850000	3259868	NA
332	Pulse	55	16860000	3269868	NA
332	Pulse	55	16870000	3279868	NA
332	Pulse	55	16880000	3289868	NA
332	Pulse	55	16890000	3299868	NA
332	Pulse	55	16900000	3309868	NA
332	Pulse	55	16910000	3319868	NA
332	Pulse	55	16920000	3329868	NA
332	Pulse	55	16930000	3339868	NA
332	Pulse	55	16940000	3349868	NA
332	Pulse	55	16950000	3359868	NA
332	Pulse	55	16960000	3369868	NA
332	Pulse	55	16970000	3379868	NA
332	Pulse	55	16980000	3389868	NA
332	Pulse	55	16990000	3399868	NA
332	Pulse	55	17000000	3409868	NA
332	Pulse	55	17010000	3419868	NA
332	Pulse	55	17020000	3429868	NA
332	Pulse	55	17030000	3439868	NA
332	Pulse	55	17040000	3449868	NA
332	Pulse	55	17050000	3459868	NA
332	Pulse	55	17060000	3469868	NA
332	Pulse	55	17070000	3479868	NA
332	Pulse	55	17080000	3489868	NA
332	Pulse	55	17090000	3499868	NA
332	Pulse	55	17100000	3509868	NA
332	Pulse	55	17110000	3519868	NA
332	Pulse	55	17120000	3529868	NA
332	Pulse	55	17130000	3539868	NA
332	Pulse	55	17140000	3549868	NA
332	Pulse	55	17150000	3559868	NA
332	Pulse	55	17160000	3569868	NA
332	Pulse	55	17170000	3579868	NA
332	Pulse	55	17180000	3589868	NA
332	Pulse	55	17190000	3599868	NA
332	Pulse	55	17200000	3609868	NA
332	Pulse	55	17210000	3619868	NA
332	Pulse	55	17220000	3629868	NA
332	Pulse	55	17230000	3639868	NA
332	Pulse	55	17240000	3649868	NA
332	Pulse	55	17250000	3659868	NA
332	Pulse	55	17260000	3669868	NA
332	Pulse	55	17270000	3679868	NA
332	Pulse	55	17280000	3689868	NA
332	Pulse	55	17290000	3699868	NA
332	Pulse	55	17300000	3709868	NA
332	Pulse	55	17310000	3719868	NA
332	Pulse	55	17320000	3729868	NA
332	Pulse	55	17330000	3739868	NA
332	Pulse	55	17340000	3749868	NA
332	Pulse	55	17350000	3759868	NA
332	Pulse	55	17360000	3769868	NA
332	Pulse	55	17370000	3779868	NA
332	Pulse	55	17380000	3789868	NA
332	Pulse	55	17390000	3799868	NA
332	Pulse	55	17400000	3809868	NA
332	Pulse	55	17410000	3819868	NA
332	Pulse	55	17420000	3829868	NA
332	Pulse	55	17430000	3839868	NA
332	Pulse	55	17440000	3849868	NA
332	Pulse	55	17450000	3859868	NA
332	Pulse	55	17460000	3869868	NA
332	Pulse	55	17470000	3879868	NA
332	Pulse	55	17480000	3889868	NA
332	Pulse	55	17490000	3899868	NA
332	Pulse	55	17500000	3909868	NA
332	Pulse	55	17510000	3919868	NA
332	Pulse	55	17520000	3929868	NA
332	Pulse	55	17530000	3939868	NA
332	Pulse	55	17540000	3949868	NA
332	Pulse	55	17550000	3959868	NA
332	Pulse	55	17560000	3969868	NA
332	Pulse	55	17570000	3979868	NA
332	Pulse	55	17580000	3989868	NA
332	Pulse	55	17590000	3999868	NA
332	Pulse	55	17600000	4009868	NA
332	Pulse	55	17610000	4019868	NA
332	Pulse	55	17620000	4029868	NA
332	Pulse	55	17630000	4039868	NA
332	Pulse	55	17640000	4049868	NA
332	Pulse	55	17650000	4059868	NA
332	Pulse	55	17660000	4069868	NA
332	Pulse	55	17670000	4079868	NA
332	Pulse	55	17680000	4089868	NA
332	Pulse	55	17690000	4099868	NA
332	Pulse	55	17700000	4109868	NA
332	Pulse	55	17710000	4119868	NA
332	Pulse	55	17720000	4129868	NA
332	Pulse	55	17730000	4139868	NA
332	Pulse	55	17740000	4149868	NA
332	Pulse	55	17750000	4159868	NA
332	Pulse	55	17760000	4169868	NA
332	Pulse	55	17770000	4179868	NA
332	Pulse	55	17780000	4189868	NA
332	Pulse	55	17790000	4199868	NA
332	Pulse	55	17800000	4209868	NA
332	Pulse	55	17810000	4219868	NA
332	Pulse	55	17820000	4229868	NA
332	Pulse	55	17830000	4239868	NA
332	Pulse	55	17840000	4249868	NA
332	Pulse	55	17850000	4259868	NA
332	Pulse	55	17860000	4269868	NA
332	Pulse	55	17870000	4279868	NA
332	Pulse	55	17880000	4289868	NA
332	Pulse	55	17890000	4299868	NA
332	Pulse	55	17900000	4309868	NA
332	Pulse	55	17910000	4319868	NA
332	Pulse	55	17920000	4329868	NA
332	Pulse	55	17930000	4339868	NA
332	Pulse	55	17940000	4349868	NA
332	Pulse	55	17950000	4359868	NA
332	Pulse	55	17960000	4369868	NA
332	Pulse	55	17970000	4379868	NA
332	Pulse	55	17980000	4389868	NA
332	Pulse	55	17990000	4399868	NA
332	Pulse	55	18000000	4409868	NA
332	Pulse	55	18010000	4419868	NA
332	Pulse	55	18020000	4429868	NA
332	Pulse	55	18030000	4439868	NA
332	Pulse	55	18040000	4449868	NA
332	Pulse	55	18050000	4459868	NA
332	Pulse	55	18060000	4469868	NA
332	Pulse	55	18070000	4479868	NA
332	Pulse	55	18080000	4489868	NA
332	Pulse	55	18090000	4499868	NA
332	Pulse	55	18100000	4509868	NA
332	Pulse	55	18110000	4519868	NA
332	Pulse	55	18120000	4529868	NA
332	Pulse	55	18130000	4539868	NA
332	Pulse	55	18140000	4549868	NA
332	Pulse	55	18150000	4559868	NA
332	Pulse	55	18160000	4569868	NA
332	Pulse	55	18170000	4579868	NA
332	Pulse	55	18180000	4589868	NA
332	Pulse	55	18190000	4599868	NA
332	Pulse	55	18200000	4609868	NA
332	Pulse	55	18210000	4619868	NA
332	Pulse	55	18220000	4629868	NA
332	Pulse	55	18230000	4639868	NA
332	Pulse	55	18240000	4649868	NA
332	Pulse	55	18250000	4659868	NA
332	Pulse	55	18260000	4669868	NA
332	Pulse	55	18270000	4679868	NA
332	Pulse	55	18280000	4689868	NA
332	Pulse	55	18290000	4699868	NA
332	Pulse	55	18300000	4709868	NA
332	Pulse	55	18310000	4719868	NA
332	Pulse	55	18320000	4729868	NA
332	Pulse	55	18330000	4739868	NA
332	Pulse	55	18340000	4749868	NA
332	Pulse	55	18350000	4759868	NA
332	Pulse	55	18360000	4769868	NA
332	Pulse	55	18370000	4779868	NA
332	Pulse	55	18380000	4789868	NA
332	Pulse	55	18390000	4799868	NA
332	Pulse	55	18400000	4809868	NA
332	Pulse	55	18410000	4819868	NA
332	Pulse	55	18420000	4829868	NA
332	Pulse	55	18430000	4839868	NA
332	Pulse	55	18440000	4849868	NA
332	Pulse	55	18450000	4859868	NA
332	Pulse	55	18460000	4869868	NA
332	Pulse	55	18470000	4879868	NA
332	Pulse	55	18480000	4889868	NA
332	Pulse	55	18490000	4899868	NA
332	Pulse	55	18500000	4909868	NA
332	Pulse	55	18510000	4919868	NA
332	Pulse	55	18520000	4929868	NA
332	Pulse	55	18530000	4939868	NA
332	Response	1	18533831	4943699	1
333	Pulse	55	18540000	6108	NA
333	Pulse	55	18550000	16108	NA
333	Pulse	55	18560000	26108	NA
333	Pulse	55	18570000	36108	NA
333	Pulse	55	18580000	46108	NA
333	Pulse	55	18590000	56108	NA
333	Pulse	55	18600000	66108	NA
333	Pulse	55	18610000	76108	NA
333	Pulse	55	18620000	86108	NA
333	Pulse	55	18630000	96108	NA
333	Pulse	55	18640000	106108	NA
333	Pulse	55	18650000	116108	NA
333	Pulse	55	18660000	126108	NA
333	Pulse	55	18670000	136108	NA
333	Pulse	55	18680000	146108	NA
333	Pulse	55	18690000	156108	NA
333	Pulse	55	18700000	166108	NA
333	Pulse	55	18710000	176108	NA
333	Pulse	55	18720000	186108	NA
333	Pulse	55	18730000	196108	NA
333	Pulse	55	18740000	206108	NA
333	Pulse	55	18750000	216108	NA
333	Pulse	55	18760000	226108	NA
333	Pulse	55	18770000	236108	NA
333	Pulse	55	18780000	246108	NA
333	Pulse	55	18790000	256108	NA
333	Pulse	55	18800000	266108	NA
333	Pulse	55	18810000	276108	NA
333	Pulse	55	18820000	286108	NA
333	Pulse	55	18830000	296108	NA
333	Pulse	55	18840000	306108	NA
333	Pulse	55	18850000	316108	NA
333	Pulse	55	18860000	326108	NA
333	Pulse	55	18870000	336108	NA
333	Pulse	55	18880000	346108	NA
333	Pulse	55	18890000	356108	NA
333	Pulse	55	18900000	366108	NA
333	Pulse	55	18910000	376108	NA
333	Pulse	55	18920000	386108	NA
333	Pulse	55	18930000	396108	NA
333	Pulse	55	18940000	406108	NA
333	Pulse	55	18950000	416108	NA
333	Pulse	55	18960000	426108	NA
333	Pulse	55	18970000	436108	NA
333	Pulse	55	18980000	446108	NA
333	Pulse	55	18990000	456108	NA
333	Pulse	55	19000000	466108	NA
333	Pulse	55	19010000	476108	NA
333	Pulse	55	19020000	486108	NA
333	Pulse	55	19030000	496108	NA
333	Pulse	55	19040000	506108	NA
333	Pulse	55	19050000	516108	NA
333	Pulse	55	19060000	526108	NA
333	Pulse	55	19070000	536108	NA
333	Pulse	55	19080000	546108	NA
333	Pulse	55	19090000	556108	NA
333	Pulse	55	19100000	566108	NA
333	Pulse	55	19110000	576108	NA
333	Pulse	55	19120000	586108	NA
333	Pulse	55	19130000	596108	NA
333	Pulse	55	19140000	606108	NA
333	Pulse	55	19150000	616108	NA
333	Pulse	55	19160000	626108	NA
333	Pulse	55	19170000	636108	NA
333	Pulse	55	19180000	646108	NA
333	Pulse	55	19190000	656108	NA
333	Pulse	55	19200000	666108	NA
333	Pulse	55	19210000	676108	NA
333	Pulse	55	19220000	686108	NA
333	Pulse	55	19230000	696108	NA
333	Pulse	55	19240000	706108	NA
333	Pulse	55	19250000	716108	NA
333	Pulse	55	19260000	726108	NA
333	Pulse	55	19270000	736108	NA
333	Pulse	55	19280000	746108	NA
333	Pulse	55	19290000	756108	NA
333	Pulse	55	19300000	766108	NA
333	Pulse	55	19310000	776108	NA
333	Pulse	55	19320000	786108	NA
333	Pulse	55	19330000	796108	NA
333	Pulse	55	19340000	806108	NA
333	Pulse	55	19350000	816108	NA
333	Pulse	55	19360000	826108	NA
333	Pulse	55	19370000	836108	NA
333	Pulse	55	19380000	846108	NA
333	Pulse	55	19390000	856108	NA
333	Pulse	55	19400000	866108	NA
333	Pulse	55	19410000	876108	NA
333	Pulse	55	19420000	886108	NA
333	Pulse	55	19430000	896108	NA
333	Pulse	55	19440000	906108	NA
333	Pulse	55	19450000	916108	NA
333	Pulse	55	19460000	926108	NA
333	Pulse	55	19470000	936108	NA
333	Pulse	55	19480000	946108	NA
333	Pulse	55	19490000	956108	NA
333	Pulse	55	19500000	966108	NA
333	Pulse	55	19510000	976108	NA
333	Pulse	55	19520000	986108	NA
333	Pulse	55	19530000	996108	NA
333	Pulse	55	19540000	1006108	NA
333	Pulse	55	19550000	1016108	NA
333	Pulse	55	19560000	1026108	NA
333	Pulse	55	19570000	1036108	NA
333	Pulse	55	19580000	1046108	NA
333	Pulse	55	19590000	1056108	NA
333	Pulse	55	19600000	1066108	NA
333	Pulse	55	19610000	1076108	NA
333	Pulse	55	19620000	1086108	NA
333	Pulse	55	19630000	1096108	NA
333	Pulse	55	19640000	1106108	NA
333	Pulse	55	19650000	1116108	NA
333	Pulse	55	19660000	1126108	NA
333	Pulse	55	19670000	1136108	NA
333	Pulse	55	19680000	1146108	NA
333	Pulse	55	19690000	1156108	NA
333	Pulse	55	19700000	1166108	NA
333	Pulse	55	19710000	1176108	NA
333	Pulse	55	19720000	1186108	NA
333	Pulse	55	19730000	1196108	NA
333	Pulse	55	19740000	1206108	NA
333	Pulse	55	19750000	1216108	NA
333	Pulse	55	19760000	1226108	NA
333	Pulse	55	19770000	1236108	NA
333	Pulse	55	19780000	1246108	NA
333	Pulse	55	19790000	1256108	NA
333	Response	1	19796068	1262175	1
