Scenario - Slideshow_D2.sce
Logfile written - 10/15/2021 10:48:40

Trial	Event Type	Code	Time	TTime	Uncertainty	Duration	Uncertainty	ReqTime	ReqDur	Stim Type	Pair Index

0	Pulse	55	0	0	NA
1	Pulse	55	10000	9333	NA
1	Pulse	55	20000	19333	NA
1	Pulse	55	30000	29333	NA
1	Pulse	55	40000	39333	NA
2	Pulse	55	50000	8737	NA
2	Pulse	55	60000	18737	NA
2	Pulse	55	70000	28737	NA
2	Pulse	55	80000	38737	NA
3	Pulse	55	90000	8140	NA
3	Pulse	55	100000	18140	NA
3	Pulse	55	110000	28140	NA
3	Pulse	55	120000	38140	NA
4	Pulse	55	130000	7543	NA
4	Pulse	55	140000	17543	NA
4	Pulse	55	150000	27543	NA
4	Pulse	55	160000	37543	NA
5	Pulse	55	170000	6946	NA
5	Pulse	55	180000	16946	NA
5	Pulse	55	190000	26946	NA
5	Pulse	55	200000	36946	NA
6	Pulse	55	210000	6350	NA
6	Pulse	55	220000	16350	NA
6	Pulse	55	230000	26350	NA
6	Pulse	55	240000	36350	NA
7	Pulse	55	250000	5753	NA
7	Pulse	55	260000	15753	NA
7	Pulse	55	270000	25753	NA
7	Pulse	55	280000	35753	NA
8	Pulse	55	290000	5156	NA
8	Pulse	55	300000	15156	NA
8	Pulse	55	310000	25156	NA
8	Pulse	55	320000	35156	NA
9	Pulse	55	330000	4559	NA
9	Pulse	55	340000	14559	NA
9	Pulse	55	350000	24559	NA
9	Pulse	55	360000	34559	NA
10	Pulse	55	370000	4046	NA
10	Pulse	55	380000	14046	NA
10	Pulse	55	390000	24046	NA
10	Pulse	55	400000	34046	NA
11	Pulse	55	410000	3532	NA
11	Pulse	55	420000	13532	NA
11	Pulse	55	430000	23532	NA
11	Pulse	55	440000	33532	NA
12	Pulse	55	450000	2936	NA
12	Pulse	55	460000	12936	NA
12	Pulse	55	470000	22936	NA
12	Pulse	55	480000	32936	NA
13	Pulse	55	490000	2339	NA
13	Pulse	55	500000	12339	NA
13	Pulse	55	510000	22339	NA
13	Pulse	55	520000	32339	NA
14	Pulse	55	530000	1742	NA
14	Pulse	55	540000	11742	NA
14	Pulse	55	550000	21742	NA
14	Pulse	55	560000	31742	NA
15	Pulse	55	570000	1145	NA
15	Pulse	55	580000	11145	NA
15	Pulse	55	590000	21145	NA
15	Pulse	55	600000	31145	NA
16	Pulse	55	610000	549	NA
16	Pulse	55	620000	10549	NA
16	Pulse	55	630000	20549	NA
16	Pulse	55	640000	30549	NA
16	Pulse	55	650000	40549	NA
17	Pulse	55	660000	9952	NA
17	Pulse	55	670000	19952	NA
17	Pulse	55	680000	29952	NA
17	Pulse	55	690000	39952	NA
18	Pulse	55	700000	9355	NA
18	Pulse	55	710000	19355	NA
18	Pulse	55	720000	29355	NA
18	Pulse	55	730000	39355	NA
19	Pulse	55	740000	8758	NA
19	Pulse	55	750000	18758	NA
19	Pulse	55	760000	28758	NA
19	Pulse	55	770000	38758	NA
20	Pulse	55	780000	8078	NA
20	Pulse	55	790000	18078	NA
20	Pulse	55	800000	28078	NA
20	Pulse	55	810000	38078	NA
21	Pulse	55	820000	7398	NA
21	Pulse	55	830000	17398	NA
21	Pulse	55	840000	27398	NA
21	Pulse	55	850000	37398	NA
22	Pulse	55	860000	6801	NA
22	Pulse	55	870000	16801	NA
22	Pulse	55	880000	26801	NA
22	Pulse	55	890000	36801	NA
23	Pulse	55	900000	6205	NA
23	Pulse	55	910000	16205	NA
23	Pulse	55	920000	26205	NA
23	Pulse	55	930000	36205	NA
24	Pulse	55	940000	5608	NA
24	Pulse	55	950000	15608	NA
24	Pulse	55	960000	25608	NA
24	Pulse	55	970000	35608	NA
25	Pulse	55	980000	5011	NA
25	Pulse	55	990000	15011	NA
25	Pulse	55	1000000	25011	NA
25	Pulse	55	1010000	35011	NA
26	Pulse	55	1020000	4414	NA
26	Pulse	55	1030000	14414	NA
26	Pulse	55	1040000	24414	NA
26	Pulse	55	1050000	34414	NA
27	Pulse	55	1060000	3818	NA
27	Pulse	55	1070000	13818	NA
27	Pulse	55	1080000	23818	NA
27	Pulse	55	1090000	33818	NA
28	Pulse	55	1100000	3221	NA
28	Pulse	55	1110000	13221	NA
28	Pulse	55	1120000	23221	NA
28	Pulse	55	1130000	33221	NA
29	Pulse	55	1140000	2541	NA
29	Pulse	55	1150000	12541	NA
29	Pulse	55	1160000	22541	NA
29	Pulse	55	1170000	32541	NA
30	Pulse	55	1180000	1861	NA
30	Pulse	55	1190000	11861	NA
30	Pulse	55	1200000	21861	NA
30	Pulse	55	1210000	31861	NA
31	Pulse	55	1220000	1264	NA
31	Pulse	55	1230000	11264	NA
31	Pulse	55	1240000	21264	NA
31	Pulse	55	1250000	31264	NA
32	Pulse	55	1260000	584	NA
32	Pulse	55	1270000	10584	NA
32	Pulse	55	1280000	20584	NA
32	Pulse	55	1290000	30584	NA
32	Pulse	55	1300000	40584	NA
33	Pulse	55	1310000	9904	NA
33	Pulse	55	1320000	19904	NA
33	Pulse	55	1330000	29904	NA
33	Pulse	55	1340000	39904	NA
34	Pulse	55	1350000	9224	NA
34	Pulse	55	1360000	19224	NA
34	Pulse	55	1370000	29224	NA
34	Pulse	55	1380000	39224	NA
35	Pulse	55	1390000	8543	NA
35	Pulse	55	1400000	18543	NA
35	Pulse	55	1410000	28543	NA
35	Pulse	55	1420000	38543	NA
36	Pulse	55	1430000	7863	NA
36	Pulse	55	1440000	17863	NA
36	Pulse	55	1450000	27863	NA
36	Pulse	55	1460000	37863	NA
37	Pulse	55	1470000	7183	NA
37	Pulse	55	1480000	17183	NA
37	Pulse	55	1490000	27183	NA
37	Pulse	55	1500000	37183	NA
38	Pulse	55	1510000	6420	NA
38	Pulse	55	1520000	16420	NA
38	Pulse	55	1530000	26420	NA
38	Pulse	55	1540000	36420	NA
39	Pulse	55	1550000	5823	NA
39	Pulse	55	1560000	15823	NA
39	Pulse	55	1570000	25823	NA
39	Pulse	55	1580000	35823	NA
40	Pulse	55	1590000	5143	NA
40	Pulse	55	1600000	15143	NA
40	Pulse	55	1610000	25143	NA
40	Pulse	55	1620000	35143	NA
41	Pulse	55	1630000	4463	NA
41	Pulse	55	1640000	14463	NA
41	Pulse	55	1650000	24463	NA
41	Pulse	55	1660000	34463	NA
42	Pulse	55	1670000	3699	NA
42	Pulse	55	1680000	13699	NA
42	Pulse	55	1690000	23699	NA
42	Pulse	55	1700000	33699	NA
43	Pulse	55	1710000	3103	NA
43	Pulse	55	1720000	13103	NA
43	Pulse	55	1730000	23103	NA
43	Pulse	55	1740000	33103	NA
44	Pulse	55	1750000	2506	NA
44	Pulse	55	1760000	12506	NA
44	Pulse	55	1770000	22506	NA
44	Pulse	55	1780000	32506	NA
45	Pulse	55	1790000	1826	NA
45	Pulse	55	1800000	11826	NA
45	Pulse	55	1810000	21826	NA
45	Pulse	55	1820000	31826	NA
46	Pulse	55	1830000	1062	NA
46	Pulse	55	1840000	11062	NA
46	Pulse	55	1850000	21062	NA
46	Pulse	55	1860000	31062	NA
47	Pulse	55	1870000	465	NA
47	Pulse	55	1880000	10465	NA
47	Pulse	55	1890000	20465	NA
47	Pulse	55	1900000	30465	NA
47	Pulse	55	1910000	40465	NA
48	Pulse	55	1920000	9785	NA
48	Pulse	55	1930000	19785	NA
48	Pulse	55	1940000	29785	NA
48	Pulse	55	1950000	39785	NA
49	Pulse	55	1960000	9022	NA
49	Pulse	55	1970000	19022	NA
49	Pulse	55	1980000	29022	NA
49	Pulse	55	1990000	39022	NA
50	Pulse	55	2000000	8425	NA
50	Pulse	55	2010000	18425	NA
50	Pulse	55	2020000	28425	NA
50	Pulse	55	2030000	38425	NA
51	Pulse	55	2040000	7745	NA
51	Pulse	55	2050000	17745	NA
51	Pulse	55	2060000	27745	NA
51	Pulse	55	2070000	37745	NA
52	Pulse	55	2080000	7148	NA
52	Pulse	55	2090000	17148	NA
52	Pulse	55	2100000	27148	NA
52	Pulse	55	2110000	37148	NA
53	Pulse	55	2120000	6385	NA
53	Pulse	55	2130000	16385	NA
53	Pulse	55	2140000	26385	NA
53	Pulse	55	2150000	36385	NA
54	Pulse	55	2160000	5788	NA
54	Pulse	55	2170000	15788	NA
54	Pulse	55	2180000	25788	NA
54	Pulse	55	2190000	35788	NA
55	Pulse	55	2200000	5108	NA
55	Pulse	55	2210000	15108	NA
55	Pulse	55	2220000	25108	NA
55	Pulse	55	2230000	35108	NA
56	Pulse	55	2240000	4345	NA
56	Pulse	55	2250000	14345	NA
56	Pulse	55	2260000	24345	NA
56	Pulse	55	2270000	34345	NA
57	Pulse	55	2280000	3748	NA
57	Pulse	55	2290000	13748	NA
57	Pulse	55	2300000	23748	NA
57	Pulse	55	2310000	33748	NA
58	Pulse	55	2320000	3068	NA
58	Pulse	55	2330000	13068	NA
58	Pulse	55	2340000	23068	NA
58	Pulse	55	2350000	33068	NA
59	Pulse	55	2360000	2388	NA
59	Pulse	55	2370000	12388	NA
59	Pulse	55	2380000	22388	NA
59	Pulse	55	2390000	32388	NA
60	Pulse	55	2400000	1707	NA
60	Pulse	55	2410000	11707	NA
60	Pulse	55	2420000	21707	NA
60	Pulse	55	2430000	31707	NA
61	Pulse	55	2440000	1027	NA
61	Pulse	55	2450000	11027	NA
61	Pulse	55	2460000	21027	NA
61	Pulse	55	2470000	31027	NA
62	Pulse	55	2480000	347	NA
62	Pulse	55	2490000	10347	NA
62	Pulse	55	2500000	20347	NA
62	Pulse	55	2510000	30347	NA
62	Pulse	55	2520000	40347	NA
63	Pulse	55	2530000	9667	NA
63	Pulse	55	2540000	19667	NA
63	Pulse	55	2550000	29667	NA
63	Pulse	55	2560000	39667	NA
64	Pulse	55	2570000	9070	NA
64	Pulse	55	2580000	19070	NA
64	Pulse	55	2590000	29070	NA
64	Pulse	55	2600000	39070	NA
65	Pulse	55	2610000	8390	NA
65	Pulse	55	2620000	18390	NA
65	Pulse	55	2630000	28390	NA
65	Pulse	55	2640000	38390	NA
66	Pulse	55	2650000	7793	NA
66	Pulse	55	2660000	17793	NA
66	Pulse	55	2670000	27793	NA
66	Pulse	55	2680000	37793	NA
67	Pulse	55	2690000	7113	NA
67	Pulse	55	2700000	17113	NA
67	Pulse	55	2710000	27113	NA
67	Pulse	55	2720000	37113	NA
68	Pulse	55	2730000	6517	NA
68	Pulse	55	2740000	16517	NA
68	Pulse	55	2750000	26517	NA
68	Pulse	55	2760000	36517	NA
69	Pulse	55	2770000	5920	NA
69	Pulse	55	2780000	15920	NA
69	Pulse	55	2790000	25920	NA
69	Pulse	55	2800000	35920	NA
70	Pulse	55	2810000	5323	NA
70	Pulse	55	2820000	15323	NA
70	Pulse	55	2830000	25323	NA
70	Pulse	55	2840000	35323	NA
71	Pulse	55	2850000	4726	NA
71	Pulse	55	2860000	14726	NA
71	Pulse	55	2870000	24726	NA
71	Pulse	55	2880000	34726	NA
72	Pulse	55	2890000	4130	NA
72	Pulse	55	2900000	14130	NA
72	Pulse	55	2910000	24130	NA
72	Pulse	55	2920000	34130	NA
73	Pulse	55	2930000	3450	NA
73	Pulse	55	2940000	13450	NA
73	Pulse	55	2950000	23450	NA
73	Pulse	55	2960000	33450	NA
74	Pulse	55	2970000	2853	NA
74	Pulse	55	2980000	12853	NA
74	Pulse	55	2990000	22853	NA
74	Pulse	55	3000000	32853	NA
75	Pulse	55	3010000	2256	NA
75	Pulse	55	3020000	12256	NA
75	Pulse	55	3030000	22256	NA
75	Pulse	55	3040000	32256	NA
76	Pulse	55	3050000	1576	NA
76	Pulse	55	3060000	11576	NA
76	Pulse	55	3070000	21576	NA
76	Pulse	55	3080000	31576	NA
77	Pulse	55	3090000	896	NA
77	Pulse	55	3100000	10896	NA
77	Pulse	55	3110000	20896	NA
77	Pulse	55	3120000	30896	NA
78	Pulse	55	3130000	216	NA
78	Pulse	55	3140000	10216	NA
78	Pulse	55	3150000	20216	NA
78	Pulse	55	3160000	30216	NA
78	Pulse	55	3170000	40216	NA
79	Pulse	55	3180000	9536	NA
79	Pulse	55	3190000	19536	NA
79	Pulse	55	3200000	29536	NA
79	Pulse	55	3210000	39536	NA
80	Pulse	55	3220000	8855	NA
80	Pulse	55	3230000	18855	NA
80	Pulse	55	3240000	28855	NA
80	Pulse	55	3250000	38855	NA
81	Pulse	55	3260000	8175	NA
81	Pulse	55	3270000	18175	NA
81	Pulse	55	3280000	28175	NA
81	Pulse	55	3290000	38175	NA
82	Pulse	55	3300000	7495	NA
82	Pulse	55	3310000	17495	NA
82	Pulse	55	3320000	27495	NA
82	Pulse	55	3330000	37495	NA
83	Pulse	55	3340000	6899	NA
83	Pulse	55	3350000	16899	NA
83	Pulse	55	3360000	26899	NA
83	Pulse	55	3370000	36899	NA
84	Pulse	55	3380000	6302	NA
84	Pulse	55	3390000	16302	NA
84	Pulse	55	3400000	26302	NA
84	Pulse	55	3410000	36302	NA
85	Pulse	55	3420000	5705	NA
85	Pulse	55	3430000	15705	NA
85	Pulse	55	3440000	25705	NA
85	Pulse	55	3450000	35705	NA
86	Pulse	55	3460000	5025	NA
86	Pulse	55	3470000	15025	NA
86	Pulse	55	3480000	25025	NA
86	Pulse	55	3490000	35025	NA
87	Pulse	55	3500000	4428	NA
87	Pulse	55	3510000	14428	NA
87	Pulse	55	3520000	24428	NA
87	Pulse	55	3530000	34428	NA
88	Pulse	55	3540000	3831	NA
88	Pulse	55	3550000	13831	NA
88	Pulse	55	3560000	23831	NA
88	Pulse	55	3570000	33831	NA
89	Pulse	55	3580000	3235	NA
89	Pulse	55	3590000	13235	NA
89	Pulse	55	3600000	23235	NA
89	Pulse	55	3610000	33235	NA
90	Pulse	55	3620000	2638	NA
90	Pulse	55	3630000	12638	NA
90	Pulse	55	3640000	22638	NA
90	Pulse	55	3650000	32638	NA
91	Pulse	55	3660000	2041	NA
91	Pulse	55	3670000	12041	NA
91	Pulse	55	3680000	22041	NA
91	Pulse	55	3690000	32041	NA
92	Pulse	55	3700000	1444	NA
92	Pulse	55	3710000	11444	NA
92	Pulse	55	3720000	21444	NA
92	Pulse	55	3730000	31444	NA
93	Pulse	55	3740000	848	NA
93	Pulse	55	3750000	10848	NA
93	Pulse	55	3760000	20848	NA
93	Pulse	55	3770000	30848	NA
94	Pulse	55	3780000	251	NA
94	Pulse	55	3790000	10251	NA
94	Pulse	55	3800000	20251	NA
94	Pulse	55	3810000	30251	NA
94	Pulse	55	3820000	40251	NA
95	Pulse	55	3830000	9654	NA
95	Pulse	55	3840000	19654	NA
95	Pulse	55	3850000	29654	NA
95	Pulse	55	3860000	39654	NA
96	Pulse	55	3870000	9057	NA
96	Pulse	55	3880000	19057	NA
96	Pulse	55	3890000	29057	NA
96	Pulse	55	3900000	39057	NA
97	Pulse	55	3910000	8461	NA
97	Pulse	55	3920000	18461	NA
97	Pulse	55	3930000	28461	NA
97	Pulse	55	3940000	38461	NA
98	Pulse	55	3950000	7781	NA
98	Pulse	55	3960000	17781	NA
98	Pulse	55	3970000	27781	NA
98	Pulse	55	3980000	37781	NA
99	Pulse	55	3990000	7184	NA
99	Pulse	55	4000000	17184	NA
99	Pulse	55	4010000	27184	NA
99	Pulse	55	4020000	37184	NA
100	Pulse	55	4030000	6587	NA
100	Pulse	55	4040000	16587	NA
100	Pulse	55	4050000	26587	NA
100	Pulse	55	4060000	36587	NA
101	Pulse	55	4070000	5990	NA
101	Pulse	55	4080000	15990	NA
101	Pulse	55	4090000	25990	NA
101	Pulse	55	4100000	35990	NA
102	Pulse	55	4110000	5394	NA
102	Pulse	55	4120000	15394	NA
102	Pulse	55	4130000	25394	NA
102	Pulse	55	4140000	35394	NA
103	Pulse	55	4150000	4797	NA
103	Pulse	55	4160000	14797	NA
103	Pulse	55	4170000	24797	NA
103	Pulse	55	4180000	34797	NA
104	Pulse	55	4190000	4117	NA
104	Pulse	55	4200000	14117	NA
104	Pulse	55	4210000	24117	NA
104	Pulse	55	4220000	34117	NA
105	Pulse	55	4230000	3520	NA
105	Pulse	55	4240000	13520	NA
105	Pulse	55	4250000	23520	NA
105	Pulse	55	4260000	33520	NA
106	Pulse	55	4270000	2923	NA
106	Pulse	55	4280000	12923	NA
106	Pulse	55	4290000	22923	NA
106	Pulse	55	4300000	32923	NA
107	Pulse	55	4310000	2410	NA
107	Pulse	55	4320000	12410	NA
107	Pulse	55	4330000	22410	NA
107	Pulse	55	4340000	32410	NA
108	Pulse	55	4350000	1896	NA
108	Pulse	55	4360000	11896	NA
108	Pulse	55	4370000	21896	NA
108	Pulse	55	4380000	31896	NA
109	Pulse	55	4390000	1300	NA
109	Pulse	55	4400000	11300	NA
109	Pulse	55	4410000	21300	NA
109	Pulse	55	4420000	31300	NA
110	Pulse	55	4430000	703	NA
110	Pulse	55	4440000	10703	NA
110	Pulse	55	4450000	20703	NA
110	Pulse	55	4460000	30703	NA
111	Pulse	55	4470000	106	NA
111	Pulse	55	4480000	10106	NA
111	Pulse	55	4490000	20106	NA
111	Pulse	55	4500000	30106	NA
111	Pulse	55	4510000	40106	NA
112	Pulse	55	4520000	9509	NA
112	Pulse	55	4530000	19509	NA
112	Pulse	55	4540000	29509	NA
112	Pulse	55	4550000	39509	NA
113	Pulse	55	4560000	8913	NA
113	Pulse	55	4570000	18913	NA
113	Pulse	55	4580000	28913	NA
113	Pulse	55	4590000	38913	NA
114	Pulse	55	4600000	8316	NA
114	Pulse	55	4610000	18316	NA
114	Pulse	55	4620000	28316	NA
114	Pulse	55	4630000	38316	NA
115	Pulse	55	4640000	7803	NA
115	Pulse	55	4650000	17803	NA
115	Pulse	55	4660000	27803	NA
115	Pulse	55	4670000	37803	NA
116	Pulse	55	4680000	7206	NA
116	Pulse	55	4690000	17206	NA
116	Pulse	55	4700000	27206	NA
116	Pulse	55	4710000	37206	NA
117	Pulse	55	4720000	6609	NA
117	Pulse	55	4730000	16609	NA
117	Pulse	55	4740000	26609	NA
117	Pulse	55	4750000	36609	NA
118	Pulse	55	4760000	6096	NA
118	Pulse	55	4770000	16096	NA
118	Pulse	55	4780000	26096	NA
118	Pulse	55	4790000	36096	NA
119	Pulse	55	4800000	5499	NA
119	Pulse	55	4810000	15499	NA
119	Pulse	55	4820000	25499	NA
119	Pulse	55	4830000	35499	NA
120	Pulse	55	4840000	4902	NA
120	Pulse	55	4850000	14902	NA
120	Pulse	55	4860000	24902	NA
120	Pulse	55	4870000	34902	NA
121	Pulse	55	4880000	4389	NA
121	Pulse	55	4890000	14389	NA
121	Pulse	55	4900000	24389	NA
121	Pulse	55	4910000	34389	NA
122	Pulse	55	4920000	3792	NA
122	Pulse	55	4930000	13792	NA
122	Pulse	55	4940000	23792	NA
122	Pulse	55	4950000	33792	NA
123	Pulse	55	4960000	3279	NA
123	Pulse	55	4970000	13279	NA
123	Pulse	55	4980000	23279	NA
123	Pulse	55	4990000	33279	NA
124	Pulse	55	5000000	2765	NA
124	Pulse	55	5010000	12765	NA
124	Pulse	55	5020000	22765	NA
124	Pulse	55	5030000	32765	NA
125	Pulse	55	5040000	2252	NA
125	Pulse	55	5050000	12252	NA
125	Pulse	55	5060000	22252	NA
125	Pulse	55	5070000	32252	NA
126	Pulse	55	5080000	1572	NA
126	Pulse	55	5090000	11572	NA
126	Pulse	55	5100000	21572	NA
126	Pulse	55	5110000	31572	NA
127	Pulse	55	5120000	975	NA
127	Pulse	55	5130000	10975	NA
127	Pulse	55	5140000	20975	NA
127	Pulse	55	5150000	30975	NA
128	Pulse	55	5160000	295	NA
128	Pulse	55	5170000	10295	NA
128	Pulse	55	5180000	20295	NA
128	Pulse	55	5190000	30295	NA
128	Pulse	55	5200000	40295	NA
129	Pulse	55	5210000	9698	NA
129	Pulse	55	5220000	19698	NA
129	Pulse	55	5230000	29698	NA
129	Pulse	55	5240000	39698	NA
130	Pulse	55	5250000	9101	NA
130	Pulse	55	5260000	19101	NA
130	Pulse	55	5270000	29101	NA
130	Pulse	55	5280000	39101	NA
131	Pulse	55	5290000	8421	NA
131	Pulse	55	5300000	18421	NA
131	Pulse	55	5310000	28421	NA
131	Pulse	55	5320000	38421	NA
132	Pulse	55	5330000	7908	NA
132	Pulse	55	5340000	17908	NA
132	Pulse	55	5350000	27908	NA
132	Pulse	55	5360000	37908	NA
133	Pulse	55	5370000	7311	NA
133	Pulse	55	5380000	17311	NA
133	Pulse	55	5390000	27311	NA
133	Pulse	55	5400000	37311	NA
134	Pulse	55	5410000	6631	NA
134	Pulse	55	5420000	16631	NA
134	Pulse	55	5430000	26631	NA
134	Pulse	55	5440000	36631	NA
135	Pulse	55	5450000	6034	NA
135	Pulse	55	5460000	16034	NA
135	Pulse	55	5470000	26034	NA
135	Pulse	55	5480000	36034	NA
136	Pulse	55	5490000	5438	NA
136	Pulse	55	5500000	15438	NA
136	Pulse	55	5510000	25438	NA
136	Pulse	55	5520000	35438	NA
137	Pulse	55	5530000	4757	NA
137	Pulse	55	5540000	14757	NA
137	Pulse	55	5550000	24757	NA
137	Pulse	55	5560000	34757	NA
138	Pulse	55	5570000	4161	NA
138	Pulse	55	5580000	14161	NA
138	Pulse	55	5590000	24161	NA
138	Pulse	55	5600000	34161	NA
139	Pulse	55	5610000	3481	NA
139	Pulse	55	5620000	13481	NA
139	Pulse	55	5630000	23481	NA
139	Pulse	55	5640000	33481	NA
140	Pulse	55	5650000	2884	NA
140	Pulse	55	5660000	12884	NA
140	Pulse	55	5670000	22884	NA
140	Pulse	55	5680000	32884	NA
141	Pulse	55	5690000	2370	NA
141	Pulse	55	5700000	12370	NA
141	Pulse	55	5710000	22370	NA
141	Pulse	55	5720000	32370	NA
142	Pulse	55	5730000	1774	NA
142	Pulse	55	5740000	11774	NA
142	Pulse	55	5750000	21774	NA
142	Pulse	55	5760000	31774	NA
143	Pulse	55	5770000	1177	NA
143	Pulse	55	5780000	11177	NA
143	Pulse	55	5790000	21177	NA
143	Pulse	55	5800000	31177	NA
144	Pulse	55	5810000	664	NA
144	Pulse	55	5820000	10664	NA
144	Pulse	55	5830000	20664	NA
144	Pulse	55	5840000	30664	NA
145	Pulse	55	5850000	150	NA
145	Pulse	55	5860000	10150	NA
145	Pulse	55	5870000	20150	NA
145	Pulse	55	5880000	30150	NA
145	Pulse	55	5890000	40150	NA
146	Pulse	55	5900000	9553	NA
146	Pulse	55	5910000	19553	NA
146	Pulse	55	5920000	29553	NA
146	Pulse	55	5930000	39553	NA
147	Pulse	55	5940000	8957	NA
147	Pulse	55	5950000	18957	NA
147	Pulse	55	5960000	28957	NA
147	Pulse	55	5970000	38957	NA
148	Pulse	55	5980000	8360	NA
148	Pulse	55	5990000	18360	NA
148	Pulse	55	6000000	28360	NA
148	Pulse	55	6010000	38360	NA
149	Pulse	55	6020000	7763	NA
149	Pulse	55	6030000	17763	NA
149	Pulse	55	6040000	27763	NA
149	Pulse	55	6050000	37763	NA
150	Pulse	55	6060000	7166	NA
150	Pulse	55	6070000	17166	NA
150	Pulse	55	6080000	27166	NA
150	Pulse	55	6090000	37166	NA
151	Pulse	55	6100000	6570	NA
151	Pulse	55	6110000	16570	NA
151	Pulse	55	6120000	26570	NA
151	Pulse	55	6130000	36570	NA
152	Pulse	55	6140000	5973	NA
152	Pulse	55	6150000	15973	NA
152	Pulse	55	6160000	25973	NA
152	Pulse	55	6170000	35973	NA
153	Pulse	55	6180000	5460	NA
153	Pulse	55	6190000	15460	NA
153	Pulse	55	6200000	25460	NA
153	Pulse	55	6210000	35460	NA
154	Pulse	55	6220000	4946	NA
154	Pulse	55	6230000	14946	NA
154	Pulse	55	6240000	24946	NA
154	Pulse	55	6250000	34946	NA
155	Pulse	55	6260000	4516	NA
155	Pulse	55	6270000	14516	NA
155	Pulse	55	6280000	24516	NA
155	Pulse	55	6290000	34516	NA
156	Pulse	55	6300000	4003	NA
156	Pulse	55	6310000	14003	NA
156	Pulse	55	6320000	24003	NA
156	Pulse	55	6330000	34003	NA
157	Pulse	55	6340000	3406	NA
157	Pulse	55	6350000	13406	NA
157	Pulse	55	6360000	23406	NA
157	Pulse	55	6370000	33406	NA
158	Pulse	55	6380000	2893	NA
158	Pulse	55	6390000	12893	NA
158	Pulse	55	6400000	22893	NA
158	Pulse	55	6410000	32893	NA
159	Pulse	55	6420000	2296	NA
159	Pulse	55	6430000	12296	NA
159	Pulse	55	6440000	22296	NA
159	Pulse	55	6450000	32296	NA
160	Pulse	55	6460000	1699	NA
160	Pulse	55	6470000	11699	NA
160	Pulse	55	6480000	21699	NA
160	Pulse	55	6490000	31699	NA
161	Pulse	55	6500000	1102	NA
161	Pulse	55	6510000	11102	NA
161	Pulse	55	6520000	21102	NA
161	Pulse	55	6530000	31102	NA
162	Pulse	55	6540000	589	NA
162	Pulse	55	6550000	10589	NA
162	Pulse	55	6560000	20589	NA
162	Pulse	55	6570000	30589	NA
162	Pulse	55	6580000	40589	NA
163	Pulse	55	6590000	9992	NA
163	Pulse	55	6600000	19992	NA
163	Pulse	55	6610000	29992	NA
163	Pulse	55	6620000	39992	NA
164	Pulse	55	6630000	9396	NA
164	Pulse	55	6640000	19396	NA
164	Pulse	55	6650000	29396	NA
164	Pulse	55	6660000	39396	NA
165	Pulse	55	6670000	8799	NA
165	Pulse	55	6680000	18799	NA
165	Pulse	55	6690000	28799	NA
165	Pulse	55	6700000	38799	NA
166	Pulse	55	6710000	8202	NA
166	Pulse	55	6720000	18202	NA
166	Pulse	55	6730000	28202	NA
166	Pulse	55	6740000	38202	NA
167	Pulse	55	6750000	7522	NA
167	Pulse	55	6760000	17522	NA
167	Pulse	55	6770000	27522	NA
167	Pulse	55	6780000	37522	NA
168	Pulse	55	6790000	6925	NA
168	Pulse	55	6800000	16925	NA
168	Pulse	55	6810000	26925	NA
168	Pulse	55	6820000	36925	NA
169	Pulse	55	6830000	6412	NA
169	Pulse	55	6840000	16412	NA
169	Pulse	55	6850000	26412	NA
169	Pulse	55	6860000	36412	NA
170	Pulse	55	6870000	5815	NA
170	Pulse	55	6880000	15815	NA
170	Pulse	55	6890000	25815	NA
170	Pulse	55	6900000	35815	NA
171	Pulse	55	6910000	5302	NA
171	Pulse	55	6920000	15302	NA
171	Pulse	55	6930000	25302	NA
171	Pulse	55	6940000	35302	NA
172	Pulse	55	6950000	4788	NA
172	Pulse	55	6960000	14788	NA
172	Pulse	55	6970000	24788	NA
172	Pulse	55	6980000	34788	NA
173	Pulse	55	6990000	4108	NA
173	Pulse	55	7000000	14108	NA
173	Pulse	55	7010000	24108	NA
173	Pulse	55	7020000	34108	NA
174	Pulse	55	7030000	3678	NA
174	Pulse	55	7040000	13678	NA
174	Pulse	55	7050000	23678	NA
174	Pulse	55	7060000	33678	NA
175	Pulse	55	7070000	3165	NA
175	Pulse	55	7080000	13165	NA
175	Pulse	55	7090000	23165	NA
175	Pulse	55	7100000	33165	NA
176	Pulse	55	7110000	2568	NA
176	Pulse	55	7120000	12568	NA
176	Pulse	55	7130000	22568	NA
176	Pulse	55	7140000	32568	NA
177	Pulse	55	7150000	1971	NA
177	Pulse	55	7160000	11971	NA
177	Pulse	55	7170000	21971	NA
177	Pulse	55	7180000	31971	NA
178	Pulse	55	7190000	1458	NA
178	Pulse	55	7200000	11458	NA
178	Pulse	55	7210000	21458	NA
178	Pulse	55	7220000	31458	NA
179	Pulse	55	7230000	944	NA
179	Pulse	55	7240000	10944	NA
179	Pulse	55	7250000	20944	NA
179	Pulse	55	7260000	30944	NA
180	Pulse	55	7270000	348	NA
180	Pulse	55	7280000	10348	NA
180	Pulse	55	7290000	20348	NA
180	Pulse	55	7300000	30348	NA
180	Pulse	55	7310000	40348	NA
181	Pulse	55	7320000	9668	NA
181	Pulse	55	7330000	19668	NA
181	Pulse	55	7340000	29668	NA
181	Pulse	55	7350000	39668	NA
182	Pulse	55	7360000	9071	NA
182	Pulse	55	7370000	19071	NA
182	Pulse	55	7380000	29071	NA
182	Pulse	55	7390000	39071	NA
183	Pulse	55	7400000	8474	NA
183	Pulse	55	7410000	18474	NA
183	Pulse	55	7420000	28474	NA
183	Pulse	55	7430000	38474	NA
184	Pulse	55	7440000	7877	NA
184	Pulse	55	7450000	17877	NA
184	Pulse	55	7460000	27877	NA
184	Pulse	55	7470000	37877	NA
185	Pulse	55	7480000	7364	NA
185	Pulse	55	7490000	17364	NA
185	Pulse	55	7500000	27364	NA
185	Pulse	55	7510000	37364	NA
186	Pulse	55	7520000	6767	NA
186	Pulse	55	7530000	16767	NA
186	Pulse	55	7540000	26767	NA
186	Pulse	55	7550000	36767	NA
187	Pulse	55	7560000	6087	NA
187	Pulse	55	7570000	16087	NA
187	Pulse	55	7580000	26087	NA
187	Pulse	55	7590000	36087	NA
188	Pulse	55	7600000	5490	NA
188	Pulse	55	7610000	15490	NA
188	Pulse	55	7620000	25490	NA
188	Pulse	55	7630000	35490	NA
189	Pulse	55	7640000	4894	NA
189	Pulse	55	7650000	14894	NA
189	Pulse	55	7660000	24894	NA
189	Pulse	55	7670000	34894	NA
190	Pulse	55	7680000	4297	NA
190	Pulse	55	7690000	14297	NA
190	Pulse	55	7700000	24297	NA
190	Pulse	55	7710000	34297	NA
191	Pulse	55	7720000	3700	NA
191	Pulse	55	7730000	13700	NA
191	Pulse	55	7740000	23700	NA
191	Pulse	55	7750000	33700	NA
192	Pulse	55	7760000	3103	NA
192	Pulse	55	7770000	13103	NA
192	Pulse	55	7780000	23103	NA
192	Pulse	55	7790000	33103	NA
193	Pulse	55	7800000	2507	NA
193	Pulse	55	7810000	12507	NA
193	Pulse	55	7820000	22507	NA
193	Pulse	55	7830000	32507	NA
194	Pulse	55	7840000	1910	NA
194	Pulse	55	7850000	11910	NA
194	Pulse	55	7860000	21910	NA
194	Pulse	55	7870000	31910	NA
195	Pulse	55	7880000	1313	NA
195	Pulse	55	7890000	11313	NA
195	Pulse	55	7900000	21313	NA
195	Pulse	55	7910000	31313	NA
196	Pulse	55	7920000	633	NA
196	Pulse	55	7930000	10633	NA
196	Pulse	55	7940000	20633	NA
196	Pulse	55	7950000	30633	NA
197	Pulse	55	7960000	36	NA
197	Pulse	55	7970000	10036	NA
197	Pulse	55	7980000	20036	NA
197	Pulse	55	7990000	30036	NA
197	Pulse	55	8000000	40036	NA
198	Pulse	55	8010000	9523	NA
198	Pulse	55	8020000	19523	NA
198	Pulse	55	8030000	29523	NA
198	Pulse	55	8040000	39523	NA
199	Pulse	55	8050000	8926	NA
199	Pulse	55	8060000	18926	NA
199	Pulse	55	8070000	28926	NA
199	Pulse	55	8080000	38926	NA
200	Pulse	55	8090000	8329	NA
200	Pulse	55	8100000	18329	NA
200	Pulse	55	8110000	28329	NA
200	Pulse	55	8120000	38329	NA
201	Pulse	55	8130000	7816	NA
201	Pulse	55	8140000	17816	NA
201	Pulse	55	8150000	27816	NA
201	Pulse	55	8160000	37816	NA
202	Pulse	55	8170000	7219	NA
202	Pulse	55	8180000	17219	NA
202	Pulse	55	8190000	27219	NA
202	Pulse	55	8200000	37219	NA
203	Pulse	55	8210000	6706	NA
203	Pulse	55	8220000	16706	NA
203	Pulse	55	8230000	26706	NA
203	Pulse	55	8240000	36706	NA
204	Pulse	55	8250000	6109	NA
204	Pulse	55	8260000	16109	NA
204	Pulse	55	8270000	26109	NA
204	Pulse	55	8280000	36109	NA
205	Pulse	55	8290000	5512	NA
205	Pulse	55	8300000	15512	NA
205	Pulse	55	8310000	25512	NA
205	Pulse	55	8320000	35512	NA
206	Pulse	55	8330000	4916	NA
206	Pulse	55	8340000	14916	NA
206	Pulse	55	8350000	24916	NA
206	Pulse	55	8360000	34916	NA
207	Pulse	55	8370000	4402	NA
207	Pulse	55	8380000	14402	NA
207	Pulse	55	8390000	24402	NA
207	Pulse	55	8400000	34402	NA
208	Pulse	55	8410000	3889	NA
208	Pulse	55	8420000	13889	NA
208	Pulse	55	8430000	23889	NA
208	Pulse	55	8440000	33889	NA
209	Pulse	55	8450000	3292	NA
209	Pulse	55	8460000	13292	NA
209	Pulse	55	8470000	23292	NA
209	Pulse	55	8480000	33292	NA
210	Pulse	55	8490000	2695	NA
210	Pulse	55	8500000	12695	NA
210	Pulse	55	8510000	22695	NA
210	Pulse	55	8520000	32695	NA
211	Pulse	55	8530000	2182	NA
211	Pulse	55	8540000	12182	NA
211	Pulse	55	8550000	22182	NA
211	Pulse	55	8560000	32182	NA
212	Pulse	55	8570000	1669	NA
212	Pulse	55	8580000	11669	NA
212	Pulse	55	8590000	21669	NA
212	Pulse	55	8600000	31669	NA
213	Pulse	55	8610000	1155	NA
213	Pulse	55	8620000	11155	NA
213	Pulse	55	8630000	21155	NA
213	Pulse	55	8640000	31155	NA
214	Pulse	55	8650000	558	NA
214	Pulse	55	8660000	10558	NA
214	Pulse	55	8670000	20558	NA
214	Pulse	55	8680000	30558	NA
214	Pulse	55	8690000	40558	NA
215	Pulse	55	8700000	9962	NA
215	Pulse	55	8710000	19962	NA
215	Pulse	55	8720000	29962	NA
215	Pulse	55	8730000	39962	NA
216	Pulse	55	8740000	9365	NA
216	Pulse	55	8750000	19365	NA
216	Pulse	55	8760000	29365	NA
216	Pulse	55	8770000	39365	NA
217	Pulse	55	8780000	9018	NA
217	Pulse	55	8790000	19018	NA
217	Pulse	55	8800000	29018	NA
217	Pulse	55	8810000	39018	NA
218	Pulse	55	8820000	8422	NA
218	Pulse	55	8830000	18422	NA
218	Pulse	55	8840000	28422	NA
218	Pulse	55	8850000	38422	NA
219	Pulse	55	8860000	7908	NA
219	Pulse	55	8870000	17908	NA
219	Pulse	55	8880000	27908	NA
219	Pulse	55	8890000	37908	NA
220	Pulse	55	8900000	7311	NA
220	Pulse	55	8910000	17311	NA
220	Pulse	55	8920000	27311	NA
220	Pulse	55	8930000	37311	NA
221	Pulse	55	8940000	6631	NA
221	Pulse	55	8950000	16631	NA
221	Pulse	55	8960000	26631	NA
221	Pulse	55	8970000	36631	NA
222	Pulse	55	8980000	6118	NA
222	Pulse	55	8990000	16118	NA
222	Pulse	55	9000000	26118	NA
222	Pulse	55	9010000	36118	NA
223	Pulse	55	9020000	5522	NA
223	Pulse	55	9030000	15522	NA
223	Pulse	55	9040000	25522	NA
223	Pulse	55	9050000	35522	NA
224	Pulse	55	9060000	4924	NA
224	Pulse	55	9070000	14924	NA
224	Pulse	55	9080000	24924	NA
224	Pulse	55	9090000	34924	NA
225	Pulse	55	9100000	4411	NA
225	Pulse	55	9110000	14411	NA
225	Pulse	55	9120000	24411	NA
225	Pulse	55	9130000	34411	NA
226	Pulse	55	9140000	3898	NA
226	Pulse	55	9150000	13898	NA
226	Pulse	55	9160000	23898	NA
226	Pulse	55	9170000	33898	NA
227	Pulse	55	9180000	3301	NA
227	Pulse	55	9190000	13301	NA
227	Pulse	55	9200000	23301	NA
227	Pulse	55	9210000	33301	NA
228	Pulse	55	9220000	2704	NA
228	Pulse	55	9230000	12704	NA
228	Pulse	55	9240000	22704	NA
228	Pulse	55	9250000	32704	NA
229	Pulse	55	9260000	2107	NA
229	Pulse	55	9270000	12107	NA
229	Pulse	55	9280000	22107	NA
229	Pulse	55	9290000	32107	NA
230	Pulse	55	9300000	1511	NA
230	Pulse	55	9310000	11511	NA
230	Pulse	55	9320000	21511	NA
230	Pulse	55	9330000	31511	NA
231	Pulse	55	9340000	997	NA
231	Pulse	55	9350000	10997	NA
231	Pulse	55	9360000	20997	NA
231	Pulse	55	9370000	30997	NA
232	Pulse	55	9380000	401	NA
232	Pulse	55	9390000	10401	NA
232	Pulse	55	9400000	20401	NA
232	Pulse	55	9410000	30401	NA
232	Pulse	55	9420000	40401	NA
233	Pulse	55	9430000	9804	NA
233	Pulse	55	9440000	19804	NA
233	Pulse	55	9450000	29804	NA
233	Pulse	55	9460000	39804	NA
234	Pulse	55	9470000	9207	NA
234	Pulse	55	9480000	19207	NA
234	Pulse	55	9490000	29207	NA
234	Pulse	55	9500000	39207	NA
235	Pulse	55	9510000	8610	NA
235	Pulse	55	9520000	18610	NA
235	Pulse	55	9530000	28610	NA
235	Pulse	55	9540000	38610	NA
236	Pulse	55	9550000	8013	NA
236	Pulse	55	9560000	18013	NA
236	Pulse	55	9570000	28013	NA
236	Pulse	55	9580000	38013	NA
237	Pulse	55	9590000	7417	NA
237	Pulse	55	9600000	17417	NA
237	Pulse	55	9610000	27417	NA
237	Pulse	55	9620000	37417	NA
238	Pulse	55	9630000	6820	NA
238	Pulse	55	9640000	16820	NA
238	Pulse	55	9650000	26820	NA
238	Pulse	55	9660000	36820	NA
239	Pulse	55	9670000	6223	NA
239	Pulse	55	9680000	16223	NA
239	Pulse	55	9690000	26223	NA
239	Pulse	55	9700000	36223	NA
240	Pulse	55	9710000	5627	NA
240	Pulse	55	9720000	15627	NA
240	Pulse	55	9730000	25627	NA
240	Pulse	55	9740000	35627	NA
241	Pulse	55	9750000	5030	NA
241	Pulse	55	9760000	15030	NA
241	Pulse	55	9770000	25030	NA
241	Pulse	55	9780000	35030	NA
242	Pulse	55	9790000	4433	NA
242	Pulse	55	9800000	14433	NA
242	Pulse	55	9810000	24433	NA
242	Pulse	55	9820000	34433	NA
243	Pulse	55	9830000	3836	NA
243	Pulse	55	9840000	13836	NA
243	Pulse	55	9850000	23836	NA
243	Pulse	55	9860000	33836	NA
244	Pulse	55	9870000	3240	NA
244	Pulse	55	9880000	13240	NA
244	Pulse	55	9890000	23240	NA
244	Pulse	55	9900000	33240	NA
245	Pulse	55	9910000	2726	NA
245	Pulse	55	9920000	12726	NA
245	Pulse	55	9930000	22726	NA
245	Pulse	55	9940000	32726	NA
246	Pulse	55	9950000	2129	NA
246	Pulse	55	9960000	12129	NA
246	Pulse	55	9970000	22129	NA
246	Pulse	55	9980000	32129	NA
247	Pulse	55	9990000	1533	NA
247	Pulse	55	10000000	11533	NA
247	Pulse	55	10010000	21533	NA
247	Pulse	55	10020000	31533	NA
248	Pulse	55	10030000	936	NA
248	Pulse	55	10040000	10936	NA
248	Pulse	55	10050000	20936	NA
248	Pulse	55	10060000	30936	NA
249	Pulse	55	10070000	339	NA
249	Pulse	55	10080000	10339	NA
249	Pulse	55	10090000	20339	NA
249	Pulse	55	10100000	30339	NA
249	Pulse	55	10110000	40339	NA
250	Pulse	55	10120000	9742	NA
250	Pulse	55	10130000	19742	NA
250	Pulse	55	10140000	29742	NA
250	Pulse	55	10150000	39742	NA
251	Pulse	55	10160000	9146	NA
251	Pulse	55	10170000	19146	NA
251	Pulse	55	10180000	29146	NA
251	Pulse	55	10190000	39146	NA
252	Pulse	55	10200000	8549	NA
252	Pulse	55	10210000	18549	NA
252	Pulse	55	10220000	28549	NA
252	Pulse	55	10230000	38549	NA
253	Pulse	55	10240000	7952	NA
253	Pulse	55	10250000	17952	NA
253	Pulse	55	10260000	27952	NA
253	Pulse	55	10270000	37952	NA
254	Pulse	55	10280000	7355	NA
254	Pulse	55	10290000	17355	NA
254	Pulse	55	10300000	27355	NA
254	Pulse	55	10310000	37355	NA
255	Pulse	55	10320000	6842	NA
255	Pulse	55	10330000	16842	NA
255	Pulse	55	10340000	26842	NA
255	Pulse	55	10350000	36842	NA
256	Pulse	55	10360000	6329	NA
256	Pulse	55	10370000	16329	NA
256	Pulse	55	10380000	26329	NA
256	Pulse	55	10390000	36329	NA
257	Pulse	55	10400000	5815	NA
257	Pulse	55	10410000	15815	NA
257	Pulse	55	10420000	25815	NA
257	Pulse	55	10430000	35815	NA
258	Pulse	55	10440000	5218	NA
258	Pulse	55	10450000	15218	NA
258	Pulse	55	10460000	25218	NA
258	Pulse	55	10470000	35218	NA
259	Pulse	55	10480000	4622	NA
259	Pulse	55	10490000	14622	NA
259	Pulse	55	10500000	24622	NA
259	Pulse	55	10510000	34622	NA
260	Pulse	55	10520000	4025	NA
260	Pulse	55	10530000	14025	NA
260	Pulse	55	10540000	24025	NA
260	Pulse	55	10550000	34025	NA
261	Pulse	55	10560000	3428	NA
261	Pulse	55	10570000	13428	NA
261	Pulse	55	10580000	23428	NA
261	Pulse	55	10590000	33428	NA
262	Pulse	55	10600000	2832	NA
262	Pulse	55	10610000	12832	NA
262	Pulse	55	10620000	22832	NA
262	Pulse	55	10630000	32832	NA
263	Pulse	55	10640000	2235	NA
263	Pulse	55	10650000	12235	NA
263	Pulse	55	10660000	22235	NA
263	Pulse	55	10670000	32235	NA
264	Pulse	55	10680000	1638	NA
264	Pulse	55	10690000	11638	NA
264	Pulse	55	10700000	21638	NA
264	Pulse	55	10710000	31638	NA
265	Pulse	55	10720000	1041	NA
265	Pulse	55	10730000	11041	NA
265	Pulse	55	10740000	21041	NA
265	Pulse	55	10750000	31041	NA
266	Pulse	55	10760000	445	NA
266	Pulse	55	10770000	10445	NA
266	Pulse	55	10780000	20445	NA
266	Pulse	55	10790000	30445	NA
266	Pulse	55	10800000	40445	NA
267	Pulse	55	10810000	9848	NA
267	Pulse	55	10820000	19848	NA
267	Pulse	55	10830000	29848	NA
267	Pulse	55	10840000	39848	NA
268	Pulse	55	10850000	9251	NA
268	Pulse	55	10860000	19251	NA
268	Pulse	55	10870000	29251	NA
268	Pulse	55	10880000	39251	NA
269	Pulse	55	10890000	8654	NA
269	Pulse	55	10900000	18654	NA
269	Pulse	55	10910000	28654	NA
269	Pulse	55	10920000	38654	NA
270	Pulse	55	10930000	8058	NA
270	Pulse	55	10940000	18058	NA
270	Pulse	55	10950000	28058	NA
270	Pulse	55	10960000	38058	NA
271	Pulse	55	10970000	7461	NA
271	Pulse	55	10980000	17461	NA
271	Pulse	55	10990000	27461	NA
271	Pulse	55	11000000	37461	NA
272	Pulse	55	11010000	6864	NA
272	Pulse	55	11020000	16864	NA
272	Pulse	55	11030000	26864	NA
272	Pulse	55	11040000	36864	NA
273	Pulse	55	11050000	6267	NA
273	Pulse	55	11060000	16267	NA
273	Pulse	55	11070000	26267	NA
273	Pulse	55	11080000	36267	NA
274	Pulse	55	11090000	5671	NA
274	Pulse	55	11100000	15671	NA
274	Pulse	55	11110000	25671	NA
274	Pulse	55	11120000	35671	NA
275	Pulse	55	11130000	5074	NA
275	Pulse	55	11140000	15074	NA
275	Pulse	55	11150000	25074	NA
275	Pulse	55	11160000	35074	NA
276	Pulse	55	11170000	4477	NA
276	Pulse	55	11180000	14477	NA
276	Pulse	55	11190000	24477	NA
276	Pulse	55	11200000	34477	NA
277	Pulse	55	11210000	3880	NA
277	Pulse	55	11220000	13880	NA
277	Pulse	55	11230000	23880	NA
277	Pulse	55	11240000	33880	NA
278	Pulse	55	11250000	3284	NA
278	Pulse	55	11260000	13284	NA
278	Pulse	55	11270000	23284	NA
278	Pulse	55	11280000	33284	NA
279	Pulse	55	11290000	2687	NA
279	Pulse	55	11300000	12687	NA
279	Pulse	55	11310000	22687	NA
279	Pulse	55	11320000	32687	NA
280	Pulse	55	11330000	2090	NA
280	Pulse	55	11340000	12090	NA
280	Pulse	55	11350000	22090	NA
280	Pulse	55	11360000	32090	NA
281	Pulse	55	11370000	1493	NA
281	Pulse	55	11380000	11493	NA
281	Pulse	55	11390000	21493	NA
281	Pulse	55	11400000	31493	NA
282	Pulse	55	11410000	897	NA
282	Pulse	55	11420000	10897	NA
282	Pulse	55	11430000	20897	NA
282	Pulse	55	11440000	30897	NA
283	Pulse	55	11450000	133	NA
283	Pulse	55	11460000	10133	NA
283	Pulse	55	11470000	20133	NA
283	Pulse	55	11480000	30133	NA
283	Pulse	55	11490000	40133	NA
284	Pulse	55	11500000	9536	NA
284	Pulse	55	11510000	19536	NA
284	Pulse	55	11520000	29536	NA
284	Pulse	55	11530000	39536	NA
285	Pulse	55	11540000	8940	NA
285	Pulse	55	11550000	18940	NA
285	Pulse	55	11560000	28940	NA
285	Pulse	55	11570000	38940	NA
286	Pulse	55	11580000	8343	NA
286	Pulse	55	11590000	18343	NA
286	Pulse	55	11600000	28343	NA
286	Pulse	55	11610000	38343	NA
287	Pulse	55	11620000	7663	NA
287	Pulse	55	11630000	17663	NA
287	Pulse	55	11640000	27663	NA
287	Pulse	55	11650000	37663	NA
288	Pulse	55	11660000	7066	NA
288	Pulse	55	11670000	17066	NA
288	Pulse	55	11680000	27066	NA
288	Pulse	55	11690000	37066	NA
289	Pulse	55	11700000	6469	NA
289	Pulse	55	11710000	16469	NA
289	Pulse	55	11720000	26469	NA
289	Pulse	55	11730000	36469	NA
290	Pulse	55	11740000	5872	NA
290	Pulse	55	11750000	15872	NA
290	Pulse	55	11760000	25872	NA
290	Pulse	55	11770000	35872	NA
291	Pulse	55	11780000	5192	NA
291	Pulse	55	11790000	15192	NA
291	Pulse	55	11800000	25192	NA
291	Pulse	55	11810000	35192	NA
292	Pulse	55	11820000	4596	NA
292	Pulse	55	11830000	14596	NA
292	Pulse	55	11840000	24596	NA
292	Pulse	55	11850000	34596	NA
293	Pulse	55	11860000	3999	NA
293	Pulse	55	11870000	13999	NA
293	Pulse	55	11880000	23999	NA
293	Pulse	55	11890000	33999	NA
294	Pulse	55	11900000	3319	NA
294	Pulse	55	11910000	13319	NA
294	Pulse	55	11920000	23319	NA
294	Pulse	55	11930000	33319	NA
295	Pulse	55	11940000	2722	NA
295	Pulse	55	11950000	12722	NA
295	Pulse	55	11960000	22722	NA
295	Pulse	55	11970000	32722	NA
296	Pulse	55	11980000	2125	NA
296	Pulse	55	11990000	12125	NA
296	Pulse	55	12000000	22125	NA
296	Pulse	55	12010000	32125	NA
297	Pulse	55	12020000	1529	NA
297	Pulse	55	12030000	11529	NA
297	Pulse	55	12040000	21529	NA
297	Pulse	55	12050000	31529	NA
298	Pulse	55	12060000	848	NA
298	Pulse	55	12070000	10848	NA
298	Pulse	55	12080000	20848	NA
298	Pulse	55	12090000	30848	NA
299	Pulse	55	12100000	252	NA
299	Pulse	55	12110000	10252	NA
299	Pulse	55	12120000	20252	NA
299	Pulse	55	12130000	30252	NA
299	Pulse	55	12140000	40252	NA
300	Pulse	55	12150000	9655	NA
300	Pulse	55	12160000	19655	NA
300	Pulse	55	12170000	29655	NA
300	Pulse	55	12180000	39655	NA
301	Pulse	55	12190000	8891	NA
301	Pulse	55	12200000	18891	NA
301	Pulse	55	12210000	28891	NA
301	Pulse	55	12220000	38891	NA
302	Pulse	55	12230000	8295	NA
302	Pulse	55	12240000	18295	NA
302	Pulse	55	12250000	28295	NA
302	Pulse	55	12260000	38295	NA
303	Pulse	55	12270000	7698	NA
303	Pulse	55	12280000	17698	NA
303	Pulse	55	12290000	27698	NA
303	Pulse	55	12300000	37698	NA
304	Pulse	55	12310000	7101	NA
304	Pulse	55	12320000	17101	NA
304	Pulse	55	12330000	27101	NA
304	Pulse	55	12340000	37101	NA
305	Pulse	55	12350000	6504	NA
305	Pulse	55	12360000	16504	NA
305	Pulse	55	12370000	26504	NA
305	Pulse	55	12380000	36504	NA
306	Pulse	55	12390000	5824	NA
306	Pulse	55	12400000	15824	NA
306	Pulse	55	12410000	25824	NA
306	Pulse	55	12420000	35824	NA
307	Pulse	55	12430000	5228	NA
307	Pulse	55	12440000	15228	NA
307	Pulse	55	12450000	25228	NA
307	Pulse	55	12460000	35228	NA
308	Pulse	55	12470000	4547	NA
308	Pulse	55	12480000	14547	NA
308	Pulse	55	12490000	24547	NA
308	Pulse	55	12500000	34547	NA
309	Pulse	55	12510000	3951	NA
309	Pulse	55	12520000	13951	NA
309	Pulse	55	12530000	23951	NA
309	Pulse	55	12540000	33951	NA
310	Pulse	55	12550000	3271	NA
310	Pulse	55	12560000	13271	NA
310	Pulse	55	12570000	23271	NA
310	Pulse	55	12580000	33271	NA
311	Pulse	55	12590000	2674	NA
311	Pulse	55	12600000	12674	NA
311	Pulse	55	12610000	22674	NA
311	Pulse	55	12620000	32674	NA
312	Pulse	55	12630000	1994	NA
312	Pulse	55	12640000	11994	NA
312	Pulse	55	12650000	21994	NA
312	Pulse	55	12660000	31994	NA
313	Pulse	55	12670000	1397	NA
313	Pulse	55	12680000	11397	NA
313	Pulse	55	12690000	21397	NA
313	Pulse	55	12700000	31397	NA
314	Pulse	55	12710000	800	NA
314	Pulse	55	12720000	10800	NA
314	Pulse	55	12730000	20800	NA
314	Pulse	55	12740000	30800	NA
315	Pulse	55	12750000	203	NA
315	Pulse	55	12760000	10203	NA
315	Pulse	55	12770000	20203	NA
315	Pulse	55	12780000	30203	NA
315	Pulse	55	12790000	40203	NA
316	Pulse	55	12800000	9607	NA
316	Pulse	55	12810000	19607	NA
316	Pulse	55	12820000	29607	NA
316	Pulse	55	12830000	39607	NA
317	Pulse	55	12840000	9010	NA
317	Pulse	55	12850000	19010	NA
317	Pulse	55	12860000	29010	NA
317	Pulse	55	12870000	39010	NA
318	Pulse	55	12880000	8330	NA
318	Pulse	55	12890000	18330	NA
318	Pulse	55	12900000	28330	NA
318	Pulse	55	12910000	38330	NA
319	Pulse	55	12920000	7733	NA
319	Pulse	55	12930000	17733	NA
319	Pulse	55	12940000	27733	NA
319	Pulse	55	12950000	37733	NA
320	Pulse	55	12960000	7136	NA
320	Pulse	55	12970000	17136	NA
320	Pulse	55	12980000	27136	NA
320	Pulse	55	12990000	37136	NA
321	Pulse	55	13000000	6540	NA
321	Pulse	55	13010000	16540	NA
321	Pulse	55	13020000	26540	NA
321	Pulse	55	13030000	36540	NA
322	Pulse	55	13040000	5943	NA
322	Pulse	55	13050000	15943	NA
322	Pulse	55	13060000	25943	NA
322	Pulse	55	13070000	35943	NA
323	Pulse	55	13080000	5346	NA
323	Pulse	55	13090000	15346	NA
323	Pulse	55	13100000	25346	NA
323	Pulse	55	13110000	35346	NA
324	Pulse	55	13120000	4749	NA
324	Pulse	55	13130000	14749	NA
324	Pulse	55	13140000	24749	NA
324	Pulse	55	13150000	34749	NA
325	Pulse	55	13160000	4153	NA
325	Pulse	55	13170000	14153	NA
325	Pulse	55	13180000	24153	NA
325	Pulse	55	13190000	34153	NA
326	Pulse	55	13200000	3556	NA
326	Pulse	55	13210000	13556	NA
326	Pulse	55	13220000	23556	NA
326	Pulse	55	13230000	33556	NA
327	Pulse	55	13240000	2876	NA
327	Pulse	55	13250000	12876	NA
327	Pulse	55	13260000	22876	NA
327	Pulse	55	13270000	32876	NA
328	Pulse	55	13280000	2279	NA
328	Pulse	55	13290000	12279	NA
328	Pulse	55	13300000	22279	NA
328	Pulse	55	13310000	32279	NA
329	Pulse	55	13320000	1682	NA
329	Pulse	55	13330000	11682	NA
329	Pulse	55	13340000	21682	NA
329	Pulse	55	13350000	31682	NA
330	Pulse	55	13360000	1086	NA
330	Pulse	55	13370000	11086	NA
330	Pulse	55	13380000	21086	NA
330	Response	1	13385240	26326	1
330	Pulse	55	13390000	31086	NA
331	Pulse	55	13400000	989	NA
331	Pulse	55	13410000	10989	NA
332	Pulse	55	13420000	899	NA
332	Pulse	55	13430000	10899	NA
332	Pulse	55	13440000	20899	NA
332	Pulse	55	13450000	30899	NA
332	Pulse	55	13460000	40899	NA
332	Pulse	55	13470000	50899	NA
332	Pulse	55	13480000	60899	NA
332	Pulse	55	13490000	70899	NA
332	Pulse	55	13500000	80899	NA
332	Pulse	55	13510000	90899	NA
332	Pulse	55	13520000	100899	NA
332	Pulse	55	13530000	110899	NA
332	Pulse	55	13540000	120899	NA
332	Pulse	55	13550000	130899	NA
332	Pulse	55	13560000	140899	NA
332	Pulse	55	13570000	150899	NA
332	Pulse	55	13580000	160899	NA
332	Pulse	55	13590000	170899	NA
332	Pulse	55	13600000	180899	NA
332	Pulse	55	13610000	190899	NA
332	Pulse	55	13620000	200899	NA
332	Pulse	55	13630000	210899	NA
332	Pulse	55	13640000	220899	NA
332	Pulse	55	13650000	230899	NA
332	Pulse	55	13660000	240899	NA
332	Pulse	55	13670000	250899	NA
332	Pulse	55	13680000	260899	NA
332	Pulse	55	13690000	270899	NA
332	Pulse	55	13700000	280899	NA
332	Pulse	55	13710000	290899	NA
332	Pulse	55	13720000	300899	NA
332	Pulse	55	13730000	310899	NA
332	Pulse	55	13740000	320899	NA
332	Pulse	55	13750000	330899	NA
332	Pulse	55	13760000	340899	NA
332	Pulse	55	13770000	350899	NA
332	Pulse	55	13780000	360899	NA
332	Pulse	55	13790000	370899	NA
332	Pulse	55	13800000	380899	NA
332	Pulse	55	13810000	390899	NA
332	Pulse	55	13820000	400899	NA
332	Pulse	55	13830000	410899	NA
332	Pulse	55	13840000	420899	NA
332	Pulse	55	13850000	430899	NA
332	Pulse	55	13860000	440899	NA
332	Pulse	55	13870000	450899	NA
332	Pulse	55	13880000	460899	NA
332	Response	1	13888920	469819	1
332	Pulse	55	13890000	470899	NA
332	Pulse	55	13900000	480899	NA
333	Pulse	55	13910000	9907	NA
333	Pulse	55	13920000	19907	NA
333	Pulse	55	13930000	29907	NA
333	Pulse	55	13940000	39907	NA
333	Pulse	55	13950000	49907	NA
333	Pulse	55	13960000	59907	NA
333	Pulse	55	13970000	69907	NA
333	Pulse	55	13980000	79907	NA
333	Pulse	55	13990000	89907	NA
333	Pulse	55	14000000	99907	NA
333	Pulse	55	14010000	109907	NA
333	Pulse	55	14020000	119907	NA
333	Pulse	55	14030000	129907	NA
333	Pulse	55	14040000	139907	NA
333	Pulse	55	14050000	149907	NA
333	Pulse	55	14060000	159907	NA
333	Pulse	55	14070000	169907	NA
333	Pulse	55	14080000	179907	NA
333	Pulse	55	14090000	189907	NA
333	Pulse	55	14100000	199907	NA
333	Pulse	55	14110000	209907	NA
333	Pulse	55	14120000	219907	NA
333	Pulse	55	14130000	229907	NA
333	Pulse	55	14140000	239907	NA
333	Pulse	55	14150000	249907	NA
333	Pulse	55	14160000	259907	NA
333	Pulse	55	14170000	269907	NA
333	Pulse	55	14180000	279907	NA
333	Pulse	55	14190000	289907	NA
333	Pulse	55	14200000	299907	NA
333	Pulse	55	14210000	309907	NA
333	Pulse	55	14220000	319907	NA
333	Pulse	55	14230000	329907	NA
333	Pulse	55	14240000	339907	NA
333	Pulse	55	14250000	349907	NA
333	Pulse	55	14260000	359907	NA
333	Pulse	55	14270000	369907	NA
333	Pulse	55	14280000	379907	NA
333	Pulse	55	14290000	389907	NA
333	Pulse	55	14300000	399907	NA
333	Pulse	55	14310000	409907	NA
333	Pulse	55	14320000	419907	NA
333	Pulse	55	14330000	429907	NA
333	Pulse	55	14340000	439907	NA
333	Pulse	55	14350000	449907	NA
333	Pulse	55	14360000	459907	NA
333	Pulse	55	14370000	469907	NA
333	Pulse	55	14380000	479907	NA
333	Pulse	55	14390000	489907	NA
333	Pulse	55	14400000	499907	NA
333	Pulse	55	14410000	509907	NA
333	Pulse	55	14420000	519907	NA
333	Pulse	55	14430000	529907	NA
333	Pulse	55	14440000	539907	NA
333	Pulse	55	14450000	549907	NA
333	Pulse	55	14460000	559907	NA
333	Pulse	55	14470000	569907	NA
333	Pulse	55	14480000	579907	NA
333	Pulse	55	14490000	589907	NA
333	Pulse	55	14500000	599907	NA
333	Pulse	55	14510000	609907	NA
333	Pulse	55	14520000	619907	NA
333	Pulse	55	14530000	629907	NA
333	Pulse	55	14540000	639907	NA
333	Pulse	55	14550000	649907	NA
333	Pulse	55	14560000	659907	NA
333	Pulse	55	14570000	669907	NA
333	Pulse	55	14580000	679907	NA
333	Pulse	55	14590000	689907	NA
333	Pulse	55	14600000	699907	NA
333	Pulse	55	14610000	709907	NA
333	Pulse	55	14620000	719907	NA
333	Pulse	55	14630000	729907	NA
333	Pulse	55	14640000	739907	NA
333	Pulse	55	14650000	749907	NA
333	Pulse	55	14660000	759907	NA
333	Pulse	55	14670000	769907	NA
333	Pulse	55	14680000	779907	NA
333	Pulse	55	14690000	789907	NA
333	Pulse	55	14700000	799907	NA
333	Pulse	55	14710000	809907	NA
333	Pulse	55	14720000	819907	NA
333	Pulse	55	14730000	829907	NA
333	Pulse	55	14740000	839907	NA
333	Pulse	55	14750000	849907	NA
333	Pulse	55	14760000	859907	NA
333	Pulse	55	14770000	869907	NA
333	Pulse	55	14780000	879907	NA
333	Pulse	55	14790000	889907	NA
333	Pulse	55	14800000	899907	NA
333	Pulse	55	14810000	909907	NA
333	Pulse	55	14820000	919907	NA
333	Pulse	55	14830000	929907	NA
333	Pulse	55	14840000	939907	NA
333	Pulse	55	14850000	949907	NA
333	Pulse	55	14860000	959907	NA
333	Pulse	55	14870000	969907	NA
333	Pulse	55	14880000	979907	NA
333	Pulse	55	14890000	989907	NA
333	Pulse	55	14900000	999907	NA
333	Pulse	55	14910000	1009907	NA
333	Pulse	55	14920000	1019907	NA
333	Pulse	55	14930000	1029907	NA
333	Pulse	55	14940000	1039907	NA
333	Pulse	55	14950000	1049907	NA
333	Pulse	55	14960000	1059907	NA
333	Pulse	55	14970000	1069907	NA
333	Pulse	55	14980000	1079907	NA
333	Pulse	55	14990000	1089907	NA
333	Pulse	55	15000000	1099907	NA
333	Pulse	55	15010000	1109907	NA
333	Pulse	55	15020000	1119907	NA
333	Pulse	55	15030000	1129907	NA
333	Pulse	55	15040000	1139907	NA
333	Pulse	55	15050000	1149907	NA
333	Pulse	55	15060000	1159907	NA
333	Pulse	55	15070000	1169907	NA
333	Pulse	55	15080000	1179907	NA
333	Pulse	55	15090000	1189907	NA
333	Pulse	55	15100000	1199907	NA
333	Pulse	55	15110000	1209907	NA
333	Pulse	55	15120000	1219907	NA
333	Pulse	55	15130000	1229907	NA
333	Pulse	55	15140000	1239907	NA
333	Pulse	55	15150000	1249907	NA
333	Pulse	55	15160000	1259907	NA
333	Pulse	55	15170000	1269907	NA
333	Pulse	55	15180000	1279907	NA
333	Pulse	55	15190000	1289907	NA
333	Pulse	55	15200000	1299907	NA
333	Pulse	55	15210000	1309907	NA
333	Pulse	55	15220000	1319907	NA
333	Pulse	55	15230000	1329907	NA
333	Pulse	55	15240000	1339907	NA
333	Pulse	55	15250000	1349907	NA
333	Pulse	55	15260000	1359907	NA
333	Pulse	55	15270000	1369907	NA
333	Pulse	55	15280000	1379907	NA
333	Pulse	55	15290000	1389907	NA
333	Pulse	55	15300000	1399907	NA
333	Pulse	55	15310000	1409907	NA
333	Pulse	55	15320000	1419907	NA
333	Pulse	55	15330000	1429907	NA
333	Pulse	55	15340000	1439907	NA
333	Pulse	55	15350000	1449907	NA
333	Pulse	55	15360000	1459907	NA
333	Pulse	55	15370000	1469907	NA
333	Pulse	55	15380000	1479907	NA
333	Pulse	55	15390000	1489907	NA
333	Pulse	55	15400000	1499907	NA
333	Pulse	55	15410000	1509907	NA
333	Pulse	55	15420000	1519907	NA
333	Pulse	55	15430000	1529907	NA
333	Pulse	55	15440000	1539907	NA
333	Pulse	55	15450000	1549907	NA
333	Pulse	55	15460000	1559907	NA
333	Pulse	55	15470000	1569907	NA
333	Pulse	55	15480000	1579907	NA
333	Pulse	55	15490000	1589907	NA
333	Pulse	55	15500000	1599907	NA
333	Pulse	55	15510000	1609907	NA
333	Pulse	55	15520000	1619907	NA
333	Pulse	55	15530000	1629907	NA
333	Pulse	55	15540000	1639907	NA
333	Pulse	55	15550000	1649907	NA
333	Pulse	55	15560000	1659907	NA
333	Pulse	55	15570000	1669907	NA
333	Pulse	55	15580000	1679907	NA
333	Pulse	55	15590000	1689907	NA
333	Pulse	55	15600000	1699907	NA
333	Pulse	55	15610000	1709907	NA
333	Pulse	55	15620000	1719907	NA
333	Pulse	55	15630000	1729907	NA
333	Pulse	55	15640000	1739907	NA
333	Pulse	55	15650000	1749907	NA
333	Pulse	55	15660000	1759907	NA
333	Pulse	55	15670000	1769907	NA
333	Pulse	55	15680000	1779907	NA
333	Pulse	55	15690000	1789907	NA
333	Pulse	55	15700000	1799907	NA
333	Pulse	55	15710000	1809907	NA
333	Pulse	55	15720000	1819907	NA
333	Pulse	55	15730000	1829907	NA
333	Pulse	55	15740000	1839907	NA
333	Pulse	55	15750000	1849907	NA
333	Pulse	55	15760000	1859907	NA
333	Pulse	55	15770000	1869907	NA
333	Pulse	55	15780000	1879907	NA
333	Pulse	55	15790000	1889907	NA
333	Pulse	55	15800000	1899907	NA
333	Pulse	55	15810000	1909907	NA
333	Pulse	55	15820000	1919907	NA
333	Pulse	55	15830000	1929907	NA
333	Pulse	55	15840000	1939907	NA
333	Pulse	55	15850000	1949907	NA
333	Pulse	55	15860000	1959907	NA
333	Pulse	55	15870000	1969907	NA
333	Pulse	55	15880000	1979907	NA
333	Pulse	55	15890000	1989907	NA
333	Pulse	55	15900000	1999907	NA
333	Pulse	55	15910000	2009907	NA
333	Pulse	55	15920000	2019907	NA
333	Pulse	55	15930000	2029907	NA
333	Pulse	55	15940000	2039907	NA
333	Pulse	55	15950000	2049907	NA
333	Pulse	55	15960000	2059907	NA
333	Pulse	55	15970000	2069907	NA
333	Pulse	55	15980000	2079907	NA
333	Pulse	55	15990000	2089907	NA
333	Pulse	55	16000000	2099907	NA
333	Pulse	55	16010000	2109907	NA
333	Pulse	55	16020000	2119907	NA
333	Pulse	55	16030000	2129907	NA
333	Pulse	55	16040000	2139907	NA
333	Pulse	55	16050000	2149907	NA
333	Pulse	55	16060000	2159907	NA
333	Pulse	55	16070000	2169907	NA
333	Pulse	55	16080000	2179907	NA
333	Pulse	55	16090000	2189907	NA
333	Pulse	55	16100000	2199907	NA
333	Pulse	55	16110000	2209907	NA
333	Pulse	55	16120000	2219907	NA
333	Pulse	55	16130000	2229907	NA
333	Pulse	55	16140000	2239907	NA
333	Pulse	55	16150000	2249907	NA
333	Pulse	55	16160000	2259907	NA
333	Pulse	55	16170000	2269907	NA
333	Pulse	55	16180000	2279907	NA
333	Pulse	55	16190000	2289907	NA
333	Pulse	55	16200000	2299907	NA
333	Pulse	55	16210000	2309907	NA
333	Pulse	55	16220000	2319907	NA
333	Pulse	55	16230000	2329907	NA
333	Pulse	55	16240000	2339907	NA
333	Pulse	55	16250000	2349907	NA
333	Pulse	55	16260000	2359907	NA
333	Pulse	55	16270000	2369907	NA
333	Pulse	55	16280000	2379907	NA
333	Pulse	55	16290000	2389907	NA
333	Pulse	55	16300000	2399907	NA
333	Pulse	55	16310000	2409907	NA
333	Pulse	55	16320000	2419907	NA
333	Pulse	55	16330000	2429907	NA
333	Pulse	55	16340000	2439907	NA
333	Pulse	55	16350000	2449907	NA
333	Pulse	55	16360000	2459907	NA
333	Pulse	55	16370000	2469907	NA
333	Pulse	55	16380000	2479907	NA
333	Pulse	55	16390000	2489907	NA
333	Pulse	55	16400000	2499907	NA
333	Pulse	55	16410000	2509907	NA
333	Pulse	55	16420000	2519907	NA
333	Pulse	55	16430000	2529907	NA
333	Pulse	55	16440000	2539907	NA
333	Pulse	55	16450000	2549907	NA
333	Pulse	55	16460000	2559907	NA
333	Pulse	55	16470000	2569907	NA
333	Pulse	55	16480000	2579907	NA
333	Pulse	55	16490000	2589907	NA
333	Pulse	55	16500000	2599907	NA
333	Pulse	55	16510000	2609907	NA
333	Pulse	55	16520000	2619907	NA
333	Pulse	55	16530000	2629907	NA
333	Pulse	55	16540000	2639907	NA
333	Pulse	55	16550000	2649907	NA
333	Pulse	55	16560000	2659907	NA
333	Pulse	55	16570000	2669907	NA
333	Pulse	55	16580000	2679907	NA
333	Pulse	55	16590000	2689907	NA
333	Pulse	55	16600000	2699907	NA
333	Pulse	55	16610000	2709907	NA
333	Pulse	55	16620000	2719907	NA
333	Pulse	55	16630000	2729907	NA
333	Pulse	55	16640000	2739907	NA
333	Pulse	55	16650000	2749907	NA
333	Pulse	55	16660000	2759907	NA
333	Pulse	55	16670000	2769907	NA
333	Pulse	55	16680000	2779907	NA
333	Pulse	55	16690000	2789907	NA
333	Pulse	55	16700000	2799907	NA
333	Pulse	55	16710000	2809907	NA
333	Pulse	55	16720000	2819907	NA
333	Pulse	55	16730000	2829907	NA
333	Pulse	55	16740000	2839907	NA
333	Pulse	55	16750000	2849907	NA
333	Pulse	55	16760000	2859907	NA
333	Pulse	55	16770000	2869907	NA
333	Pulse	55	16780000	2879907	NA
333	Pulse	55	16790000	2889907	NA
333	Pulse	55	16800000	2899907	NA
333	Pulse	55	16810000	2909907	NA
333	Pulse	55	16820000	2919907	NA
333	Pulse	55	16830000	2929907	NA
333	Pulse	55	16840000	2939907	NA
333	Pulse	55	16850000	2949907	NA
333	Pulse	55	16860000	2959907	NA
333	Pulse	55	16870000	2969907	NA
333	Pulse	55	16880000	2979907	NA
333	Pulse	55	16890000	2989907	NA
333	Pulse	55	16900000	2999907	NA
333	Pulse	55	16910000	3009907	NA
333	Pulse	55	16920000	3019907	NA
333	Pulse	55	16930000	3029907	NA
333	Pulse	55	16940000	3039907	NA
333	Pulse	55	16950000	3049907	NA
333	Pulse	55	16960000	3059907	NA
333	Pulse	55	16970000	3069907	NA
333	Pulse	55	16980000	3079907	NA
333	Pulse	55	16990000	3089907	NA
333	Pulse	55	17000000	3099907	NA
333	Pulse	55	17010000	3109907	NA
333	Pulse	55	17020000	3119907	NA
333	Pulse	55	17030000	3129907	NA
333	Pulse	55	17040000	3139907	NA
333	Pulse	55	17050000	3149907	NA
333	Pulse	55	17060000	3159907	NA
333	Pulse	55	17070000	3169907	NA
333	Pulse	55	17080000	3179907	NA
333	Pulse	55	17090000	3189907	NA
333	Pulse	55	17100000	3199907	NA
333	Pulse	55	17110000	3209907	NA
333	Pulse	55	17120000	3219907	NA
333	Pulse	55	17130000	3229907	NA
333	Pulse	55	17140000	3239907	NA
333	Pulse	55	17150000	3249907	NA
333	Pulse	55	17160000	3259907	NA
333	Pulse	55	17170000	3269907	NA
333	Pulse	55	17180000	3279907	NA
333	Pulse	55	17190000	3289907	NA
333	Pulse	55	17200000	3299907	NA
333	Pulse	55	17210000	3309907	NA
333	Pulse	55	17220000	3319907	NA
333	Pulse	55	17230000	3329907	NA
333	Pulse	55	17240000	3339907	NA
333	Pulse	55	17250000	3349907	NA
333	Pulse	55	17260000	3359907	NA
333	Pulse	55	17270000	3369907	NA
333	Pulse	55	17280000	3379907	NA
333	Pulse	55	17290000	3389907	NA
333	Pulse	55	17300000	3399907	NA
333	Pulse	55	17310000	3409907	NA
333	Pulse	55	17320000	3419907	NA
333	Pulse	55	17330000	3429907	NA
333	Pulse	55	17340000	3439907	NA
333	Pulse	55	17350000	3449907	NA
333	Pulse	55	17360000	3459907	NA
333	Pulse	55	17370000	3469907	NA
333	Pulse	55	17380000	3479907	NA
333	Pulse	55	17390000	3489907	NA
333	Pulse	55	17400000	3499907	NA
333	Pulse	55	17410000	3509907	NA
333	Pulse	55	17420000	3519907	NA
333	Pulse	55	17430000	3529907	NA
333	Pulse	55	17440000	3539907	NA
333	Pulse	55	17450000	3549907	NA
333	Pulse	55	17460000	3559907	NA
333	Pulse	55	17470000	3569907	NA
333	Pulse	55	17480000	3579907	NA
333	Pulse	55	17490000	3589907	NA
333	Pulse	55	17500000	3599907	NA
333	Pulse	55	17510000	3609907	NA
333	Pulse	55	17520000	3619907	NA
333	Pulse	55	17530000	3629907	NA
333	Pulse	55	17540000	3639907	NA
333	Pulse	55	17550000	3649907	NA
333	Pulse	55	17560000	3659907	NA
333	Pulse	55	17570000	3669907	NA
333	Pulse	55	17580000	3679907	NA
333	Pulse	55	17590000	3689907	NA
333	Pulse	55	17600000	3699907	NA
333	Pulse	55	17610000	3709907	NA
333	Pulse	55	17620000	3719907	NA
333	Pulse	55	17630000	3729907	NA
333	Pulse	55	17640000	3739907	NA
333	Pulse	55	17650000	3749907	NA
333	Pulse	55	17660000	3759907	NA
333	Pulse	55	17670000	3769907	NA
333	Pulse	55	17680000	3779907	NA
333	Pulse	55	17690000	3789907	NA
333	Pulse	55	17700000	3799907	NA
333	Pulse	55	17710000	3809907	NA
333	Pulse	55	17720000	3819907	NA
333	Pulse	55	17730000	3829907	NA
333	Pulse	55	17740000	3839907	NA
333	Pulse	55	17750000	3849907	NA
333	Pulse	55	17760000	3859907	NA
333	Pulse	55	17770000	3869907	NA
333	Pulse	55	17780000	3879907	NA
333	Pulse	55	17790000	3889907	NA
333	Pulse	55	17800000	3899907	NA
333	Pulse	55	17810000	3909907	NA
333	Pulse	55	17820000	3919907	NA
333	Pulse	55	17830000	3929907	NA
333	Pulse	55	17840000	3939907	NA
333	Pulse	55	17850000	3949907	NA
333	Pulse	55	17860000	3959907	NA
333	Pulse	55	17870000	3969907	NA
333	Pulse	55	17880000	3979907	NA
333	Pulse	55	17890000	3989907	NA
333	Pulse	55	17900000	3999907	NA
333	Pulse	55	17910000	4009907	NA
333	Pulse	55	17920000	4019907	NA
333	Pulse	55	17930000	4029907	NA
333	Pulse	55	17940000	4039907	NA
333	Pulse	55	17950000	4049907	NA
333	Pulse	55	17960000	4059907	NA
333	Pulse	55	17970000	4069907	NA
333	Pulse	55	17980000	4079907	NA
333	Pulse	55	17990000	4089907	NA
333	Pulse	55	18000000	4099907	NA
333	Pulse	55	18010000	4109907	NA
333	Pulse	55	18020000	4119907	NA
333	Pulse	55	18030000	4129907	NA
333	Pulse	55	18040000	4139907	NA
333	Pulse	55	18050000	4149907	NA
333	Pulse	55	18060000	4159907	NA
333	Pulse	55	18070000	4169907	NA
333	Pulse	55	18080000	4179907	NA
333	Pulse	55	18090000	4189907	NA
333	Pulse	55	18100000	4199907	NA
333	Pulse	55	18110000	4209907	NA
333	Pulse	55	18120000	4219907	NA
333	Pulse	55	18130000	4229907	NA
333	Pulse	55	18140000	4239907	NA
333	Pulse	55	18150000	4249907	NA
333	Pulse	55	18160000	4259907	NA
333	Pulse	55	18170000	4269907	NA
333	Pulse	55	18180000	4279907	NA
333	Pulse	55	18190000	4289907	NA
333	Pulse	55	18200000	4299907	NA
333	Pulse	55	18210000	4309907	NA
333	Pulse	55	18220000	4319907	NA
333	Pulse	55	18230000	4329907	NA
333	Pulse	55	18240000	4339907	NA
333	Pulse	55	18250000	4349907	NA
333	Pulse	55	18260000	4359907	NA
333	Pulse	55	18270000	4369907	NA
333	Pulse	55	18280000	4379907	NA
333	Pulse	55	18290000	4389907	NA
333	Pulse	55	18300000	4399907	NA
333	Pulse	55	18310000	4409907	NA
333	Pulse	55	18320000	4419907	NA
333	Pulse	55	18330000	4429907	NA
333	Pulse	55	18340000	4439907	NA
333	Pulse	55	18350000	4449907	NA
333	Pulse	55	18360000	4459907	NA
333	Pulse	55	18370000	4469907	NA
333	Pulse	55	18380000	4479907	NA
333	Pulse	55	18390000	4489907	NA
333	Pulse	55	18400000	4499907	NA
333	Pulse	55	18410000	4509907	NA
333	Pulse	55	18420000	4519907	NA
333	Pulse	55	18430000	4529907	NA
333	Pulse	55	18440000	4539907	NA
333	Pulse	55	18450000	4549907	NA
333	Pulse	55	18460000	4559907	NA
333	Pulse	55	18470000	4569907	NA
333	Pulse	55	18480000	4579907	NA
333	Pulse	55	18490000	4589907	NA
333	Pulse	55	18500000	4599907	NA
333	Pulse	55	18510000	4609907	NA
333	Pulse	55	18520000	4619907	NA
333	Pulse	55	18530000	4629907	NA
333	Pulse	55	18540000	4639907	NA
333	Pulse	55	18550000	4649907	NA
333	Pulse	55	18560000	4659907	NA
333	Pulse	55	18570000	4669907	NA
333	Pulse	55	18580000	4679907	NA
333	Pulse	55	18590000	4689907	NA
333	Pulse	55	18600000	4699907	NA
333	Pulse	55	18610000	4709907	NA
333	Pulse	55	18620000	4719907	NA
333	Pulse	55	18630000	4729907	NA
333	Pulse	55	18640000	4739907	NA
333	Pulse	55	18650000	4749907	NA
333	Pulse	55	18660000	4759907	NA
333	Pulse	55	18670000	4769907	NA
333	Pulse	55	18680000	4779907	NA
333	Pulse	55	18690000	4789907	NA
333	Pulse	55	18700000	4799907	NA
333	Pulse	55	18710000	4809907	NA
333	Pulse	55	18720000	4819907	NA
333	Pulse	55	18730000	4829907	NA
333	Pulse	55	18740000	4839907	NA
333	Pulse	55	18750000	4849907	NA
333	Pulse	55	18760000	4859907	NA
333	Pulse	55	18770000	4869907	NA
333	Pulse	55	18780000	4879907	NA
333	Pulse	55	18790000	4889907	NA
333	Pulse	55	18800000	4899907	NA
333	Pulse	55	18810000	4909907	NA
333	Pulse	55	18820000	4919907	NA
333	Pulse	55	18830000	4929907	NA
333	Pulse	55	18840000	4939907	NA
333	Pulse	55	18850000	4949907	NA
333	Response	1	18858604	4958510	1
334	Pulse	55	18860000	1351	NA
334	Pulse	55	18870000	11351	NA
334	Pulse	55	18880000	21351	NA
334	Pulse	55	18890000	31351	NA
334	Pulse	55	18900000	41351	NA
334	Pulse	55	18910000	51351	NA
334	Pulse	55	18920000	61351	NA
334	Pulse	55	18930000	71351	NA
334	Pulse	55	18940000	81351	NA
334	Pulse	55	18950000	91351	NA
334	Pulse	55	18960000	101351	NA
334	Pulse	55	18970000	111351	NA
334	Pulse	55	18980000	121351	NA
334	Pulse	55	18990000	131351	NA
334	Pulse	55	19000000	141351	NA
334	Pulse	55	19010000	151351	NA
334	Pulse	55	19020000	161351	NA
334	Pulse	55	19030000	171351	NA
334	Pulse	55	19040000	181351	NA
334	Pulse	55	19050000	191351	NA
334	Pulse	55	19060000	201351	NA
334	Pulse	55	19070000	211351	NA
334	Pulse	55	19080000	221351	NA
334	Pulse	55	19090000	231351	NA
334	Pulse	55	19100000	241351	NA
334	Pulse	55	19110000	251351	NA
334	Pulse	55	19120000	261351	NA
334	Pulse	55	19130000	271351	NA
334	Pulse	55	19140000	281351	NA
334	Pulse	55	19150000	291351	NA
334	Pulse	55	19160000	301351	NA
334	Pulse	55	19170000	311351	NA
334	Pulse	55	19180000	321351	NA
334	Pulse	55	19190000	331351	NA
334	Pulse	55	19200000	341351	NA
334	Pulse	55	19210000	351351	NA
334	Pulse	55	19220000	361351	NA
334	Pulse	55	19230000	371351	NA
334	Pulse	55	19240000	381351	NA
334	Pulse	55	19250000	391351	NA
334	Pulse	55	19260000	401351	NA
334	Pulse	55	19270000	411351	NA
334	Pulse	55	19280000	421351	NA
334	Pulse	55	19290000	431351	NA
334	Pulse	55	19300000	441351	NA
334	Pulse	55	19310000	451351	NA
334	Pulse	55	19320000	461351	NA
334	Pulse	55	19330000	471351	NA
334	Pulse	55	19340000	481351	NA
334	Pulse	55	19350000	491351	NA
334	Pulse	55	19360000	501351	NA
334	Pulse	55	19370000	511351	NA
334	Pulse	55	19380000	521351	NA
334	Pulse	55	19390000	531351	NA
334	Pulse	55	19400000	541351	NA
334	Pulse	55	19410000	551351	NA
334	Pulse	55	19420000	561351	NA
334	Pulse	55	19430000	571351	NA
334	Pulse	55	19440000	581351	NA
334	Pulse	55	19450000	591351	NA
334	Pulse	55	19460000	601351	NA
334	Pulse	55	19470000	611351	NA
334	Pulse	55	19480000	621351	NA
334	Pulse	55	19490000	631351	NA
334	Pulse	55	19500000	641351	NA
334	Pulse	55	19510000	651351	NA
334	Pulse	55	19520000	661351	NA
334	Pulse	55	19530000	671351	NA
334	Pulse	55	19540000	681351	NA
334	Pulse	55	19550000	691351	NA
334	Pulse	55	19560000	701351	NA
334	Pulse	55	19570000	711351	NA
334	Pulse	55	19580000	721351	NA
334	Pulse	55	19590000	731351	NA
334	Pulse	55	19600000	741351	NA
334	Pulse	55	19610000	751351	NA
334	Pulse	55	19620000	761351	NA
334	Pulse	55	19630000	771351	NA
334	Pulse	55	19640000	781351	NA
334	Pulse	55	19650000	791351	NA
334	Pulse	55	19660000	801351	NA
334	Pulse	55	19670000	811351	NA
334	Pulse	55	19680000	821351	NA
334	Pulse	55	19690000	831351	NA
334	Pulse	55	19700000	841351	NA
334	Pulse	55	19710000	851351	NA
334	Pulse	55	19720000	861351	NA
334	Pulse	55	19730000	871351	NA
334	Pulse	55	19740000	881351	NA
334	Pulse	55	19750000	891351	NA
334	Pulse	55	19760000	901351	NA
334	Pulse	55	19770000	911351	NA
334	Pulse	55	19780000	921351	NA
334	Pulse	55	19790000	931351	NA
334	Pulse	55	19800000	941351	NA
334	Pulse	55	19810000	951351	NA
334	Pulse	55	19820000	961351	NA
334	Pulse	55	19830000	971351	NA
334	Pulse	55	19840000	981351	NA
334	Pulse	55	19850000	991351	NA
334	Pulse	55	19860000	1001351	NA
334	Pulse	55	19870000	1011351	NA
334	Pulse	55	19880000	1021351	NA
334	Pulse	55	19890000	1031351	NA
334	Pulse	55	19900000	1041351	NA
334	Pulse	55	19910000	1051351	NA
334	Pulse	55	19920000	1061351	NA
334	Pulse	55	19930000	1071351	NA
334	Pulse	55	19940000	1081351	NA
334	Pulse	55	19950000	1091351	NA
334	Pulse	55	19960000	1101351	NA
334	Pulse	55	19970000	1111351	NA
334	Pulse	55	19980000	1121351	NA
334	Pulse	55	19990000	1131351	NA
334	Pulse	55	20000000	1141351	NA
334	Pulse	55	20010000	1151351	NA
334	Pulse	55	20020000	1161351	NA
334	Pulse	55	20030000	1171351	NA
334	Pulse	55	20040000	1181351	NA
334	Pulse	55	20050000	1191351	NA
334	Pulse	55	20060000	1201351	NA
334	Pulse	55	20070000	1211351	NA
334	Pulse	55	20080000	1221351	NA
334	Pulse	55	20090000	1231351	NA
334	Pulse	55	20100000	1241351	NA
334	Pulse	55	20110000	1251351	NA
334	Pulse	55	20120000	1261351	NA
334	Pulse	55	20130000	1271351	NA
334	Pulse	55	20140000	1281351	NA
334	Pulse	55	20150000	1291351	NA
334	Pulse	55	20160000	1301351	NA
334	Pulse	55	20170000	1311351	NA
334	Pulse	55	20180000	1321351	NA
334	Pulse	55	20190000	1331351	NA
334	Pulse	55	20200000	1341351	NA
334	Pulse	55	20210000	1351351	NA
334	Pulse	55	20220000	1361351	NA
334	Pulse	55	20230000	1371351	NA
334	Response	1	20233322	1374673	1
