Scenario - Slideshow_D2.sce
Logfile written - 11/12/2021 10:08:18

Trial	Event Type	Code	Time	TTime	Uncertainty	Duration	Uncertainty	ReqTime	ReqDur	Stim Type	Pair Index

0	Pulse	55	0	0	NA
1	Pulse	55	10000	9334	NA
1	Pulse	55	20000	19334	NA
1	Pulse	55	30000	29334	NA
1	Pulse	55	40000	39334	NA
2	Pulse	55	50000	8668	NA
2	Pulse	55	60000	18668	NA
2	Pulse	55	70000	28668	NA
2	Pulse	55	80000	38668	NA
3	Pulse	55	90000	8002	NA
3	Pulse	55	100000	18002	NA
3	Pulse	55	110000	28002	NA
3	Pulse	55	120000	38002	NA
4	Pulse	55	130000	7336	NA
4	Pulse	55	140000	17336	NA
4	Pulse	55	150000	27336	NA
4	Pulse	55	160000	37336	NA
5	Pulse	55	170000	6670	NA
5	Pulse	55	180000	16670	NA
5	Pulse	55	190000	26670	NA
5	Pulse	55	200000	36670	NA
6	Pulse	55	210000	6003	NA
6	Pulse	55	220000	16003	NA
6	Pulse	55	230000	26003	NA
6	Pulse	55	240000	36003	NA
7	Pulse	55	250000	5337	NA
7	Pulse	55	260000	15337	NA
7	Pulse	55	270000	25337	NA
7	Pulse	55	280000	35337	NA
8	Pulse	55	290000	4671	NA
8	Pulse	55	300000	14671	NA
8	Pulse	55	310000	24671	NA
8	Pulse	55	320000	34671	NA
9	Pulse	55	330000	4005	NA
9	Pulse	55	340000	14005	NA
9	Pulse	55	350000	24005	NA
9	Pulse	55	360000	34005	NA
10	Pulse	55	370000	3506	NA
10	Pulse	55	380000	13506	NA
10	Pulse	55	390000	23506	NA
10	Pulse	55	400000	33506	NA
11	Pulse	55	410000	3007	NA
11	Pulse	55	420000	13007	NA
11	Pulse	55	430000	23007	NA
11	Pulse	55	440000	33007	NA
12	Pulse	55	450000	2340	NA
12	Pulse	55	460000	12340	NA
12	Pulse	55	470000	22340	NA
12	Pulse	55	480000	32340	NA
13	Pulse	55	490000	1675	NA
13	Pulse	55	500000	11675	NA
13	Pulse	55	510000	21675	NA
13	Pulse	55	520000	31675	NA
14	Pulse	55	530000	1008	NA
14	Pulse	55	540000	11008	NA
14	Pulse	55	550000	21008	NA
14	Pulse	55	560000	31008	NA
15	Pulse	55	570000	342	NA
15	Pulse	55	580000	10342	NA
15	Pulse	55	590000	20342	NA
15	Pulse	55	600000	30342	NA
15	Pulse	55	610000	40342	NA
16	Pulse	55	620000	9676	NA
16	Pulse	55	630000	19676	NA
16	Pulse	55	640000	29676	NA
16	Pulse	55	650000	39676	NA
17	Pulse	55	660000	9010	NA
17	Pulse	55	670000	19010	NA
17	Pulse	55	680000	29010	NA
17	Pulse	55	690000	39010	NA
18	Pulse	55	700000	8344	NA
18	Pulse	55	710000	18344	NA
18	Pulse	55	720000	28344	NA
18	Pulse	55	730000	38344	NA
19	Pulse	55	740000	7678	NA
19	Pulse	55	750000	17678	NA
19	Pulse	55	760000	27678	NA
19	Pulse	55	770000	37678	NA
20	Pulse	55	780000	7012	NA
20	Pulse	55	790000	17012	NA
20	Pulse	55	800000	27012	NA
20	Pulse	55	810000	37012	NA
21	Pulse	55	820000	6346	NA
21	Pulse	55	830000	16346	NA
21	Pulse	55	840000	26346	NA
21	Pulse	55	850000	36346	NA
22	Pulse	55	860000	5680	NA
22	Pulse	55	870000	15680	NA
22	Pulse	55	880000	25680	NA
22	Pulse	55	890000	35680	NA
23	Pulse	55	900000	5014	NA
23	Pulse	55	910000	15014	NA
23	Pulse	55	920000	25014	NA
23	Pulse	55	930000	35014	NA
24	Pulse	55	940000	4348	NA
24	Pulse	55	950000	14348	NA
24	Pulse	55	960000	24348	NA
24	Pulse	55	970000	34348	NA
25	Pulse	55	980000	3682	NA
25	Pulse	55	990000	13682	NA
25	Pulse	55	1000000	23682	NA
25	Pulse	55	1010000	33682	NA
26	Pulse	55	1020000	3016	NA
26	Pulse	55	1030000	13016	NA
26	Pulse	55	1040000	23016	NA
26	Pulse	55	1050000	33016	NA
27	Pulse	55	1060000	2350	NA
27	Pulse	55	1070000	12350	NA
27	Pulse	55	1080000	22350	NA
27	Pulse	55	1090000	32350	NA
28	Pulse	55	1100000	1684	NA
28	Pulse	55	1110000	11684	NA
28	Pulse	55	1120000	21684	NA
28	Pulse	55	1130000	31684	NA
29	Pulse	55	1140000	1018	NA
29	Pulse	55	1150000	11018	NA
29	Pulse	55	1160000	21018	NA
29	Pulse	55	1170000	31018	NA
30	Pulse	55	1180000	352	NA
30	Pulse	55	1190000	10352	NA
30	Pulse	55	1200000	20352	NA
30	Pulse	55	1210000	30352	NA
30	Pulse	55	1220000	40352	NA
31	Pulse	55	1230000	9686	NA
31	Pulse	55	1240000	19686	NA
31	Pulse	55	1250000	29686	NA
31	Pulse	55	1260000	39686	NA
32	Pulse	55	1270000	9020	NA
32	Pulse	55	1280000	19020	NA
32	Pulse	55	1290000	29020	NA
32	Pulse	55	1300000	39020	NA
33	Pulse	55	1310000	8354	NA
33	Pulse	55	1320000	18354	NA
33	Pulse	55	1330000	28354	NA
33	Pulse	55	1340000	38354	NA
34	Pulse	55	1350000	7688	NA
34	Pulse	55	1360000	17688	NA
34	Pulse	55	1370000	27688	NA
34	Pulse	55	1380000	37688	NA
35	Pulse	55	1390000	7022	NA
35	Pulse	55	1400000	17022	NA
35	Pulse	55	1410000	27022	NA
35	Pulse	55	1420000	37022	NA
36	Pulse	55	1430000	6356	NA
36	Pulse	55	1440000	16356	NA
36	Pulse	55	1450000	26356	NA
36	Pulse	55	1460000	36356	NA
37	Pulse	55	1470000	5690	NA
37	Pulse	55	1480000	15690	NA
37	Pulse	55	1490000	25690	NA
37	Pulse	55	1500000	35690	NA
38	Pulse	55	1510000	4857	NA
38	Pulse	55	1520000	14857	NA
38	Pulse	55	1530000	24857	NA
38	Pulse	55	1540000	34857	NA
39	Pulse	55	1550000	4191	NA
39	Pulse	55	1560000	14191	NA
39	Pulse	55	1570000	24191	NA
39	Pulse	55	1580000	34191	NA
40	Pulse	55	1590000	3525	NA
40	Pulse	55	1600000	13525	NA
40	Pulse	55	1610000	23525	NA
40	Pulse	55	1620000	33525	NA
41	Pulse	55	1630000	2859	NA
41	Pulse	55	1640000	12859	NA
41	Pulse	55	1650000	22859	NA
41	Pulse	55	1660000	32859	NA
42	Pulse	55	1670000	2193	NA
42	Pulse	55	1680000	12193	NA
42	Pulse	55	1690000	22193	NA
42	Pulse	55	1700000	32193	NA
43	Pulse	55	1710000	1527	NA
43	Pulse	55	1720000	11527	NA
43	Pulse	55	1730000	21527	NA
43	Pulse	55	1740000	31527	NA
44	Pulse	55	1750000	861	NA
44	Pulse	55	1760000	10861	NA
44	Pulse	55	1770000	20861	NA
44	Pulse	55	1780000	30861	NA
45	Pulse	55	1790000	195	NA
45	Pulse	55	1800000	10195	NA
45	Pulse	55	1810000	20195	NA
45	Pulse	55	1820000	30195	NA
45	Pulse	55	1830000	40195	NA
46	Pulse	55	1840000	9529	NA
46	Pulse	55	1850000	19529	NA
46	Pulse	55	1860000	29529	NA
46	Pulse	55	1870000	39529	NA
47	Pulse	55	1880000	8863	NA
47	Pulse	55	1890000	18863	NA
47	Pulse	55	1900000	28863	NA
47	Pulse	55	1910000	38863	NA
48	Pulse	55	1920000	8197	NA
48	Pulse	55	1930000	18197	NA
48	Pulse	55	1940000	28197	NA
48	Pulse	55	1950000	38197	NA
49	Pulse	55	1960000	7530	NA
49	Pulse	55	1970000	17530	NA
49	Pulse	55	1980000	27530	NA
49	Pulse	55	1990000	37530	NA
50	Pulse	55	2000000	6864	NA
50	Pulse	55	2010000	16864	NA
50	Pulse	55	2020000	26864	NA
50	Pulse	55	2030000	36864	NA
51	Pulse	55	2040000	6198	NA
51	Pulse	55	2050000	16198	NA
51	Pulse	55	2060000	26198	NA
51	Pulse	55	2070000	36198	NA
52	Pulse	55	2080000	5532	NA
52	Pulse	55	2090000	15532	NA
52	Pulse	55	2100000	25532	NA
52	Pulse	55	2110000	35532	NA
53	Pulse	55	2120000	4866	NA
53	Pulse	55	2130000	14866	NA
53	Pulse	55	2140000	24866	NA
53	Pulse	55	2150000	34866	NA
54	Pulse	55	2160000	4200	NA
54	Pulse	55	2170000	14200	NA
54	Pulse	55	2180000	24200	NA
54	Pulse	55	2190000	34200	NA
55	Pulse	55	2200000	3534	NA
55	Pulse	55	2210000	13534	NA
55	Pulse	55	2220000	23534	NA
55	Pulse	55	2230000	33534	NA
56	Pulse	55	2240000	2702	NA
56	Pulse	55	2250000	12702	NA
56	Pulse	55	2260000	22702	NA
56	Pulse	55	2270000	32702	NA
57	Pulse	55	2280000	2036	NA
57	Pulse	55	2290000	12036	NA
57	Pulse	55	2300000	22036	NA
57	Pulse	55	2310000	32036	NA
58	Pulse	55	2320000	1370	NA
58	Pulse	55	2330000	11370	NA
58	Pulse	55	2340000	21370	NA
58	Pulse	55	2350000	31370	NA
59	Pulse	55	2360000	704	NA
59	Pulse	55	2370000	10704	NA
59	Pulse	55	2380000	20704	NA
59	Pulse	55	2390000	30704	NA
60	Pulse	55	2400000	37	NA
60	Pulse	55	2410000	10037	NA
60	Pulse	55	2420000	20037	NA
60	Pulse	55	2430000	30037	NA
60	Pulse	55	2440000	40037	NA
61	Pulse	55	2450000	9371	NA
61	Pulse	55	2460000	19371	NA
61	Pulse	55	2470000	29371	NA
61	Pulse	55	2480000	39371	NA
62	Pulse	55	2490000	8705	NA
62	Pulse	55	2500000	18705	NA
62	Pulse	55	2510000	28705	NA
62	Pulse	55	2520000	38705	NA
63	Pulse	55	2530000	8039	NA
63	Pulse	55	2540000	18039	NA
63	Pulse	55	2550000	28039	NA
63	Pulse	55	2560000	38039	NA
64	Pulse	55	2570000	7373	NA
64	Pulse	55	2580000	17373	NA
64	Pulse	55	2590000	27373	NA
64	Pulse	55	2600000	37373	NA
65	Pulse	55	2610000	6707	NA
65	Pulse	55	2620000	16707	NA
65	Pulse	55	2630000	26707	NA
65	Pulse	55	2640000	36707	NA
66	Pulse	55	2650000	6041	NA
66	Pulse	55	2660000	16041	NA
66	Pulse	55	2670000	26041	NA
66	Pulse	55	2680000	36041	NA
67	Pulse	55	2690000	5375	NA
67	Pulse	55	2700000	15375	NA
67	Pulse	55	2710000	25375	NA
67	Pulse	55	2720000	35375	NA
68	Pulse	55	2730000	4709	NA
68	Pulse	55	2740000	14709	NA
68	Pulse	55	2750000	24709	NA
68	Pulse	55	2760000	34709	NA
69	Pulse	55	2770000	4043	NA
69	Pulse	55	2780000	14043	NA
69	Pulse	55	2790000	24043	NA
69	Pulse	55	2800000	34043	NA
70	Pulse	55	2810000	3377	NA
70	Pulse	55	2820000	13377	NA
70	Pulse	55	2830000	23377	NA
70	Pulse	55	2840000	33377	NA
71	Pulse	55	2850000	2711	NA
71	Pulse	55	2860000	12711	NA
71	Pulse	55	2870000	22711	NA
71	Pulse	55	2880000	32711	NA
72	Pulse	55	2890000	2045	NA
72	Pulse	55	2900000	12045	NA
72	Pulse	55	2910000	22045	NA
72	Pulse	55	2920000	32045	NA
73	Pulse	55	2930000	1379	NA
73	Pulse	55	2940000	11379	NA
73	Pulse	55	2950000	21379	NA
73	Pulse	55	2960000	31379	NA
74	Pulse	55	2970000	713	NA
74	Pulse	55	2980000	10713	NA
74	Pulse	55	2990000	20713	NA
74	Pulse	55	3000000	30713	NA
75	Pulse	55	3010000	47	NA
75	Pulse	55	3020000	10047	NA
75	Pulse	55	3030000	20047	NA
75	Pulse	55	3040000	30047	NA
75	Pulse	55	3050000	40047	NA
76	Pulse	55	3060000	9381	NA
76	Pulse	55	3070000	19381	NA
76	Pulse	55	3080000	29381	NA
76	Pulse	55	3090000	39381	NA
77	Pulse	55	3100000	8715	NA
77	Pulse	55	3110000	18715	NA
77	Pulse	55	3120000	28715	NA
77	Pulse	55	3130000	38715	NA
78	Pulse	55	3140000	8049	NA
78	Pulse	55	3150000	18049	NA
78	Pulse	55	3160000	28049	NA
78	Pulse	55	3170000	38049	NA
79	Pulse	55	3180000	7383	NA
79	Pulse	55	3190000	17383	NA
79	Pulse	55	3200000	27383	NA
79	Pulse	55	3210000	37383	NA
80	Pulse	55	3220000	6717	NA
80	Pulse	55	3230000	16717	NA
80	Pulse	55	3240000	26717	NA
80	Pulse	55	3250000	36717	NA
81	Pulse	55	3260000	6051	NA
81	Pulse	55	3270000	16051	NA
81	Pulse	55	3280000	26051	NA
81	Pulse	55	3290000	36051	NA
82	Pulse	55	3300000	5385	NA
82	Pulse	55	3310000	15385	NA
82	Pulse	55	3320000	25385	NA
82	Pulse	55	3330000	35385	NA
83	Pulse	55	3340000	4719	NA
83	Pulse	55	3350000	14719	NA
83	Pulse	55	3360000	24719	NA
83	Pulse	55	3370000	34719	NA
84	Pulse	55	3380000	4053	NA
84	Pulse	55	3390000	14053	NA
84	Pulse	55	3400000	24053	NA
84	Pulse	55	3410000	34053	NA
85	Pulse	55	3420000	3386	NA
85	Pulse	55	3430000	13386	NA
85	Pulse	55	3440000	23386	NA
85	Pulse	55	3450000	33386	NA
86	Pulse	55	3460000	2720	NA
86	Pulse	55	3470000	12720	NA
86	Pulse	55	3480000	22720	NA
86	Pulse	55	3490000	32720	NA
87	Pulse	55	3500000	2054	NA
87	Pulse	55	3510000	12054	NA
87	Pulse	55	3520000	22054	NA
87	Pulse	55	3530000	32054	NA
88	Pulse	55	3540000	1388	NA
88	Pulse	55	3550000	11388	NA
88	Pulse	55	3560000	21388	NA
88	Pulse	55	3570000	31388	NA
89	Pulse	55	3580000	722	NA
89	Pulse	55	3590000	10722	NA
89	Pulse	55	3600000	20722	NA
89	Pulse	55	3610000	30722	NA
90	Pulse	55	3620000	56	NA
90	Pulse	55	3630000	10056	NA
90	Pulse	55	3640000	20056	NA
90	Pulse	55	3650000	30056	NA
90	Pulse	55	3660000	40056	NA
91	Pulse	55	3670000	9390	NA
91	Pulse	55	3680000	19390	NA
91	Pulse	55	3690000	29390	NA
91	Pulse	55	3700000	39390	NA
92	Pulse	55	3710000	8724	NA
92	Pulse	55	3720000	18724	NA
92	Pulse	55	3730000	28724	NA
92	Pulse	55	3740000	38724	NA
93	Pulse	55	3750000	8058	NA
93	Pulse	55	3760000	18058	NA
93	Pulse	55	3770000	28058	NA
93	Pulse	55	3780000	38058	NA
94	Pulse	55	3790000	7392	NA
94	Pulse	55	3800000	17392	NA
94	Pulse	55	3810000	27392	NA
94	Pulse	55	3820000	37392	NA
95	Pulse	55	3830000	6726	NA
95	Pulse	55	3840000	16726	NA
95	Pulse	55	3850000	26726	NA
95	Pulse	55	3860000	36726	NA
96	Pulse	55	3870000	6060	NA
96	Pulse	55	3880000	16060	NA
96	Pulse	55	3890000	26060	NA
96	Pulse	55	3900000	36060	NA
97	Pulse	55	3910000	5394	NA
97	Pulse	55	3920000	15394	NA
97	Pulse	55	3930000	25394	NA
97	Pulse	55	3940000	35394	NA
98	Pulse	55	3950000	4728	NA
98	Pulse	55	3960000	14728	NA
98	Pulse	55	3970000	24728	NA
98	Pulse	55	3980000	34728	NA
99	Pulse	55	3990000	4062	NA
99	Pulse	55	4000000	14062	NA
99	Pulse	55	4010000	24062	NA
99	Pulse	55	4020000	34062	NA
100	Pulse	55	4030000	3396	NA
100	Pulse	55	4040000	13396	NA
100	Pulse	55	4050000	23396	NA
100	Pulse	55	4060000	33396	NA
101	Pulse	55	4070000	2730	NA
101	Pulse	55	4080000	12730	NA
101	Pulse	55	4090000	22730	NA
101	Pulse	55	4100000	32730	NA
102	Pulse	55	4110000	2064	NA
102	Pulse	55	4120000	12064	NA
102	Pulse	55	4130000	22064	NA
102	Pulse	55	4140000	32064	NA
103	Pulse	55	4150000	1398	NA
103	Pulse	55	4160000	11398	NA
103	Pulse	55	4170000	21398	NA
103	Pulse	55	4180000	31398	NA
104	Pulse	55	4190000	732	NA
104	Pulse	55	4200000	10732	NA
104	Pulse	55	4210000	20732	NA
104	Pulse	55	4220000	30732	NA
105	Pulse	55	4230000	66	NA
105	Pulse	55	4240000	10066	NA
105	Pulse	55	4250000	20066	NA
105	Pulse	55	4260000	30066	NA
105	Pulse	55	4270000	40066	NA
106	Pulse	55	4280000	9400	NA
106	Pulse	55	4290000	19400	NA
106	Pulse	55	4300000	29400	NA
106	Pulse	55	4310000	39400	NA
107	Pulse	55	4320000	8900	NA
107	Pulse	55	4330000	18900	NA
107	Pulse	55	4340000	28900	NA
107	Pulse	55	4350000	38900	NA
108	Pulse	55	4360000	8401	NA
108	Pulse	55	4370000	18401	NA
108	Pulse	55	4380000	28401	NA
108	Pulse	55	4390000	38401	NA
109	Pulse	55	4400000	7735	NA
109	Pulse	55	4410000	17735	NA
109	Pulse	55	4420000	27735	NA
109	Pulse	55	4430000	37735	NA
110	Pulse	55	4440000	7069	NA
110	Pulse	55	4450000	17069	NA
110	Pulse	55	4460000	27069	NA
110	Pulse	55	4470000	37069	NA
111	Pulse	55	4480000	6403	NA
111	Pulse	55	4490000	16403	NA
111	Pulse	55	4500000	26403	NA
111	Pulse	55	4510000	36403	NA
112	Pulse	55	4520000	5737	NA
112	Pulse	55	4530000	15737	NA
112	Pulse	55	4540000	25737	NA
112	Pulse	55	4550000	35737	NA
113	Pulse	55	4560000	5071	NA
113	Pulse	55	4570000	15071	NA
113	Pulse	55	4580000	25071	NA
113	Pulse	55	4590000	35071	NA
114	Pulse	55	4600000	4405	NA
114	Pulse	55	4610000	14405	NA
114	Pulse	55	4620000	24405	NA
114	Pulse	55	4630000	34405	NA
115	Pulse	55	4640000	3905	NA
115	Pulse	55	4650000	13905	NA
115	Pulse	55	4660000	23905	NA
115	Pulse	55	4670000	33905	NA
116	Pulse	55	4680000	3239	NA
116	Pulse	55	4690000	13239	NA
116	Pulse	55	4700000	23239	NA
116	Pulse	55	4710000	33239	NA
117	Pulse	55	4720000	2573	NA
117	Pulse	55	4730000	12573	NA
117	Pulse	55	4740000	22573	NA
117	Pulse	55	4750000	32573	NA
118	Pulse	55	4760000	2074	NA
118	Pulse	55	4770000	12074	NA
118	Pulse	55	4780000	22074	NA
118	Pulse	55	4790000	32074	NA
119	Pulse	55	4800000	1574	NA
119	Pulse	55	4810000	11574	NA
119	Pulse	55	4820000	21574	NA
119	Pulse	55	4830000	31574	NA
120	Pulse	55	4840000	908	NA
120	Pulse	55	4850000	10908	NA
120	Pulse	55	4860000	20908	NA
120	Pulse	55	4870000	30908	NA
121	Pulse	55	4880000	409	NA
121	Pulse	55	4890000	10409	NA
121	Pulse	55	4900000	20409	NA
121	Pulse	55	4910000	30409	NA
121	Pulse	55	4920000	40409	NA
122	Pulse	55	4930000	9743	NA
122	Pulse	55	4940000	19743	NA
122	Pulse	55	4950000	29743	NA
122	Pulse	55	4960000	39743	NA
123	Pulse	55	4970000	9244	NA
123	Pulse	55	4980000	19244	NA
123	Pulse	55	4990000	29244	NA
123	Pulse	55	5000000	39244	NA
124	Pulse	55	5010000	8744	NA
124	Pulse	55	5020000	18744	NA
124	Pulse	55	5030000	28744	NA
124	Pulse	55	5040000	38744	NA
125	Pulse	55	5050000	8245	NA
125	Pulse	55	5060000	18245	NA
125	Pulse	55	5070000	28245	NA
125	Pulse	55	5080000	38245	NA
126	Pulse	55	5090000	7579	NA
126	Pulse	55	5100000	17579	NA
126	Pulse	55	5110000	27579	NA
126	Pulse	55	5120000	37579	NA
127	Pulse	55	5130000	6913	NA
127	Pulse	55	5140000	16913	NA
127	Pulse	55	5150000	26913	NA
127	Pulse	55	5160000	36913	NA
128	Pulse	55	5170000	6247	NA
128	Pulse	55	5180000	16247	NA
128	Pulse	55	5190000	26247	NA
128	Pulse	55	5200000	36247	NA
129	Pulse	55	5210000	5581	NA
129	Pulse	55	5220000	15581	NA
129	Pulse	55	5230000	25581	NA
129	Pulse	55	5240000	35581	NA
130	Pulse	55	5250000	4915	NA
130	Pulse	55	5260000	14915	NA
130	Pulse	55	5270000	24915	NA
130	Pulse	55	5280000	34915	NA
131	Pulse	55	5290000	4249	NA
131	Pulse	55	5300000	14249	NA
131	Pulse	55	5310000	24249	NA
131	Pulse	55	5320000	34249	NA
132	Pulse	55	5330000	3750	NA
132	Pulse	55	5340000	13750	NA
132	Pulse	55	5350000	23750	NA
132	Pulse	55	5360000	33750	NA
133	Pulse	55	5370000	3083	NA
133	Pulse	55	5380000	13083	NA
133	Pulse	55	5390000	23083	NA
133	Pulse	55	5400000	33083	NA
134	Pulse	55	5410000	2417	NA
134	Pulse	55	5420000	12417	NA
134	Pulse	55	5430000	22417	NA
134	Pulse	55	5440000	32417	NA
135	Pulse	55	5450000	1751	NA
135	Pulse	55	5460000	11751	NA
135	Pulse	55	5470000	21751	NA
135	Pulse	55	5480000	31751	NA
136	Pulse	55	5490000	1085	NA
136	Pulse	55	5500000	11085	NA
136	Pulse	55	5510000	21085	NA
136	Pulse	55	5520000	31085	NA
137	Pulse	55	5530000	419	NA
137	Pulse	55	5540000	10419	NA
137	Pulse	55	5550000	20419	NA
137	Pulse	55	5560000	30419	NA
137	Pulse	55	5570000	40419	NA
138	Pulse	55	5580000	9920	NA
138	Pulse	55	5590000	19920	NA
138	Pulse	55	5600000	29920	NA
138	Pulse	55	5610000	39920	NA
139	Pulse	55	5620000	9254	NA
139	Pulse	55	5630000	19254	NA
139	Pulse	55	5640000	29254	NA
139	Pulse	55	5650000	39254	NA
140	Pulse	55	5660000	8588	NA
140	Pulse	55	5670000	18588	NA
140	Pulse	55	5680000	28588	NA
140	Pulse	55	5690000	38588	NA
141	Pulse	55	5700000	8088	NA
141	Pulse	55	5710000	18088	NA
141	Pulse	55	5720000	28088	NA
141	Pulse	55	5730000	38088	NA
142	Pulse	55	5740000	7422	NA
142	Pulse	55	5750000	17422	NA
142	Pulse	55	5760000	27422	NA
142	Pulse	55	5770000	37422	NA
143	Pulse	55	5780000	6756	NA
143	Pulse	55	5790000	16756	NA
143	Pulse	55	5800000	26756	NA
143	Pulse	55	5810000	36756	NA
144	Pulse	55	5820000	6257	NA
144	Pulse	55	5830000	16257	NA
144	Pulse	55	5840000	26257	NA
144	Pulse	55	5850000	36257	NA
145	Pulse	55	5860000	5757	NA
145	Pulse	55	5870000	15757	NA
145	Pulse	55	5880000	25757	NA
145	Pulse	55	5890000	35757	NA
146	Pulse	55	5900000	5091	NA
146	Pulse	55	5910000	15091	NA
146	Pulse	55	5920000	25091	NA
146	Pulse	55	5930000	35091	NA
147	Pulse	55	5940000	4425	NA
147	Pulse	55	5950000	14425	NA
147	Pulse	55	5960000	24425	NA
147	Pulse	55	5970000	34425	NA
148	Pulse	55	5980000	3759	NA
148	Pulse	55	5990000	13759	NA
148	Pulse	55	6000000	23759	NA
148	Pulse	55	6010000	33759	NA
149	Pulse	55	6020000	3093	NA
149	Pulse	55	6030000	13093	NA
149	Pulse	55	6040000	23093	NA
149	Pulse	55	6050000	33093	NA
150	Pulse	55	6060000	2427	NA
150	Pulse	55	6070000	12427	NA
150	Pulse	55	6080000	22427	NA
150	Pulse	55	6090000	32427	NA
151	Pulse	55	6100000	1761	NA
151	Pulse	55	6110000	11761	NA
151	Pulse	55	6120000	21761	NA
151	Pulse	55	6130000	31761	NA
152	Pulse	55	6140000	1095	NA
152	Pulse	55	6150000	11095	NA
152	Pulse	55	6160000	21095	NA
152	Pulse	55	6170000	31095	NA
153	Pulse	55	6180000	596	NA
153	Pulse	55	6190000	10596	NA
153	Pulse	55	6200000	20596	NA
153	Pulse	55	6210000	30596	NA
154	Pulse	55	6220000	96	NA
154	Pulse	55	6230000	10096	NA
154	Pulse	55	6240000	20096	NA
154	Pulse	55	6250000	30096	NA
154	Pulse	55	6260000	40096	NA
155	Pulse	55	6270000	9597	NA
155	Pulse	55	6280000	19597	NA
155	Pulse	55	6290000	29597	NA
155	Pulse	55	6300000	39597	NA
156	Pulse	55	6310000	9098	NA
156	Pulse	55	6320000	19098	NA
156	Pulse	55	6330000	29098	NA
156	Pulse	55	6340000	39098	NA
157	Pulse	55	6350000	8598	NA
157	Pulse	55	6360000	18598	NA
157	Pulse	55	6370000	28598	NA
157	Pulse	55	6380000	38598	NA
158	Pulse	55	6390000	8099	NA
158	Pulse	55	6400000	18099	NA
158	Pulse	55	6410000	28099	NA
158	Pulse	55	6420000	38099	NA
159	Pulse	55	6430000	7433	NA
159	Pulse	55	6440000	17433	NA
159	Pulse	55	6450000	27433	NA
159	Pulse	55	6460000	37433	NA
160	Pulse	55	6470000	6767	NA
160	Pulse	55	6480000	16767	NA
160	Pulse	55	6490000	26767	NA
160	Pulse	55	6500000	36767	NA
161	Pulse	55	6510000	6101	NA
161	Pulse	55	6520000	16101	NA
161	Pulse	55	6530000	26101	NA
161	Pulse	55	6540000	36101	NA
162	Pulse	55	6550000	5601	NA
162	Pulse	55	6560000	15601	NA
162	Pulse	55	6570000	25601	NA
162	Pulse	55	6580000	35601	NA
163	Pulse	55	6590000	4935	NA
163	Pulse	55	6600000	14935	NA
163	Pulse	55	6610000	24935	NA
163	Pulse	55	6620000	34935	NA
164	Pulse	55	6630000	4269	NA
164	Pulse	55	6640000	14269	NA
164	Pulse	55	6650000	24269	NA
164	Pulse	55	6660000	34269	NA
165	Pulse	55	6670000	3603	NA
165	Pulse	55	6680000	13603	NA
165	Pulse	55	6690000	23603	NA
165	Pulse	55	6700000	33603	NA
166	Pulse	55	6710000	2937	NA
166	Pulse	55	6720000	12937	NA
166	Pulse	55	6730000	22937	NA
166	Pulse	55	6740000	32937	NA
167	Pulse	55	6750000	2271	NA
167	Pulse	55	6760000	12271	NA
167	Pulse	55	6770000	22271	NA
167	Pulse	55	6780000	32271	NA
168	Pulse	55	6790000	1605	NA
168	Pulse	55	6800000	11605	NA
168	Pulse	55	6810000	21605	NA
168	Pulse	55	6820000	31605	NA
169	Pulse	55	6830000	1106	NA
169	Pulse	55	6840000	11106	NA
169	Pulse	55	6850000	21106	NA
169	Pulse	55	6860000	31106	NA
170	Pulse	55	6870000	440	NA
170	Pulse	55	6880000	10440	NA
170	Pulse	55	6890000	20440	NA
170	Pulse	55	6900000	30440	NA
170	Pulse	55	6910000	40440	NA
171	Pulse	55	6920000	9940	NA
171	Pulse	55	6930000	19940	NA
171	Pulse	55	6940000	29940	NA
171	Pulse	55	6950000	39940	NA
172	Pulse	55	6960000	9274	NA
172	Pulse	55	6970000	19274	NA
172	Pulse	55	6980000	29274	NA
172	Pulse	55	6990000	39274	NA
173	Pulse	55	7000000	8608	NA
173	Pulse	55	7010000	18608	NA
173	Pulse	55	7020000	28608	NA
173	Pulse	55	7030000	38608	NA
174	Pulse	55	7040000	8109	NA
174	Pulse	55	7050000	18109	NA
174	Pulse	55	7060000	28109	NA
174	Pulse	55	7070000	38109	NA
175	Pulse	55	7080000	7609	NA
175	Pulse	55	7090000	17609	NA
175	Pulse	55	7100000	27609	NA
175	Pulse	55	7110000	37609	NA
176	Pulse	55	7120000	6943	NA
176	Pulse	55	7130000	16943	NA
176	Pulse	55	7140000	26943	NA
176	Pulse	55	7150000	36943	NA
177	Pulse	55	7160000	6277	NA
177	Pulse	55	7170000	16277	NA
177	Pulse	55	7180000	26277	NA
177	Pulse	55	7190000	36277	NA
178	Pulse	55	7200000	5611	NA
178	Pulse	55	7210000	15611	NA
178	Pulse	55	7220000	25611	NA
178	Pulse	55	7230000	35611	NA
179	Pulse	55	7240000	5112	NA
179	Pulse	55	7250000	15112	NA
179	Pulse	55	7260000	25112	NA
179	Pulse	55	7270000	35112	NA
180	Pulse	55	7280000	4446	NA
180	Pulse	55	7290000	14446	NA
180	Pulse	55	7300000	24446	NA
180	Pulse	55	7310000	34446	NA
181	Pulse	55	7320000	3780	NA
181	Pulse	55	7330000	13780	NA
181	Pulse	55	7340000	23780	NA
181	Pulse	55	7350000	33780	NA
182	Pulse	55	7360000	3114	NA
182	Pulse	55	7370000	13114	NA
182	Pulse	55	7380000	23114	NA
182	Pulse	55	7390000	33114	NA
183	Pulse	55	7400000	2448	NA
183	Pulse	55	7410000	12448	NA
183	Pulse	55	7420000	22448	NA
183	Pulse	55	7430000	32448	NA
184	Pulse	55	7440000	1782	NA
184	Pulse	55	7450000	11782	NA
184	Pulse	55	7460000	21782	NA
184	Pulse	55	7470000	31782	NA
185	Pulse	55	7480000	1283	NA
185	Pulse	55	7490000	11283	NA
185	Pulse	55	7500000	21283	NA
185	Pulse	55	7510000	31283	NA
186	Pulse	55	7520000	616	NA
186	Pulse	55	7530000	10616	NA
186	Pulse	55	7540000	20616	NA
186	Pulse	55	7550000	30616	NA
186	Pulse	55	7560000	40616	NA
187	Pulse	55	7570000	9950	NA
187	Pulse	55	7580000	19950	NA
187	Pulse	55	7590000	29950	NA
187	Pulse	55	7600000	39950	NA
188	Pulse	55	7610000	9284	NA
188	Pulse	55	7620000	19284	NA
188	Pulse	55	7630000	29284	NA
188	Pulse	55	7640000	39284	NA
189	Pulse	55	7650000	8618	NA
189	Pulse	55	7660000	18618	NA
189	Pulse	55	7670000	28618	NA
189	Pulse	55	7680000	38618	NA
190	Pulse	55	7690000	7952	NA
190	Pulse	55	7700000	17952	NA
190	Pulse	55	7710000	27952	NA
190	Pulse	55	7720000	37952	NA
191	Pulse	55	7730000	7286	NA
191	Pulse	55	7740000	17286	NA
191	Pulse	55	7750000	27286	NA
191	Pulse	55	7760000	37286	NA
192	Pulse	55	7770000	6620	NA
192	Pulse	55	7780000	16620	NA
192	Pulse	55	7790000	26620	NA
192	Pulse	55	7800000	36620	NA
193	Pulse	55	7810000	5954	NA
193	Pulse	55	7820000	15954	NA
193	Pulse	55	7830000	25954	NA
193	Pulse	55	7840000	35954	NA
194	Pulse	55	7850000	5288	NA
194	Pulse	55	7860000	15288	NA
194	Pulse	55	7870000	25288	NA
194	Pulse	55	7880000	35288	NA
195	Pulse	55	7890000	4622	NA
195	Pulse	55	7900000	14622	NA
195	Pulse	55	7910000	24622	NA
195	Pulse	55	7920000	34622	NA
196	Pulse	55	7930000	3956	NA
196	Pulse	55	7940000	13956	NA
196	Pulse	55	7950000	23956	NA
196	Pulse	55	7960000	33956	NA
197	Pulse	55	7970000	3457	NA
197	Pulse	55	7980000	13457	NA
197	Pulse	55	7990000	23457	NA
197	Pulse	55	8000000	33457	NA
198	Pulse	55	8010000	2957	NA
198	Pulse	55	8020000	12957	NA
198	Pulse	55	8030000	22957	NA
198	Pulse	55	8040000	32957	NA
199	Pulse	55	8050000	2291	NA
199	Pulse	55	8060000	12291	NA
199	Pulse	55	8070000	22291	NA
199	Pulse	55	8080000	32291	NA
200	Pulse	55	8090000	1625	NA
200	Pulse	55	8100000	11625	NA
200	Pulse	55	8110000	21625	NA
200	Pulse	55	8120000	31625	NA
201	Pulse	55	8130000	1126	NA
201	Pulse	55	8140000	11126	NA
201	Pulse	55	8150000	21126	NA
201	Pulse	55	8160000	31126	NA
202	Pulse	55	8170000	627	NA
202	Pulse	55	8180000	10627	NA
202	Pulse	55	8190000	20627	NA
202	Pulse	55	8200000	30627	NA
203	Pulse	55	8210000	127	NA
203	Pulse	55	8220000	10127	NA
203	Pulse	55	8230000	20127	NA
203	Pulse	55	8240000	30127	NA
203	Pulse	55	8250000	40127	NA
204	Pulse	55	8260000	9461	NA
204	Pulse	55	8270000	19461	NA
204	Pulse	55	8280000	29461	NA
204	Pulse	55	8290000	39461	NA
205	Pulse	55	8300000	8962	NA
205	Pulse	55	8310000	18962	NA
205	Pulse	55	8320000	28962	NA
205	Pulse	55	8330000	38962	NA
206	Pulse	55	8340000	8296	NA
206	Pulse	55	8350000	18296	NA
206	Pulse	55	8360000	28296	NA
206	Pulse	55	8370000	38296	NA
207	Pulse	55	8380000	7796	NA
207	Pulse	55	8390000	17796	NA
207	Pulse	55	8400000	27796	NA
207	Pulse	55	8410000	37796	NA
208	Pulse	55	8420000	7297	NA
208	Pulse	55	8430000	17297	NA
208	Pulse	55	8440000	27297	NA
208	Pulse	55	8450000	37297	NA
209	Pulse	55	8460000	6631	NA
209	Pulse	55	8470000	16631	NA
209	Pulse	55	8480000	26631	NA
209	Pulse	55	8490000	36631	NA
210	Pulse	55	8500000	6132	NA
210	Pulse	55	8510000	16132	NA
210	Pulse	55	8520000	26132	NA
210	Pulse	55	8530000	36132	NA
211	Pulse	55	8540000	5632	NA
211	Pulse	55	8550000	15632	NA
211	Pulse	55	8560000	25632	NA
211	Pulse	55	8570000	35632	NA
212	Pulse	55	8580000	5133	NA
212	Pulse	55	8590000	15133	NA
212	Pulse	55	8600000	25133	NA
212	Pulse	55	8610000	35133	NA
213	Pulse	55	8620000	4633	NA
213	Pulse	55	8630000	14633	NA
213	Pulse	55	8640000	24633	NA
213	Pulse	55	8650000	34633	NA
214	Pulse	55	8660000	3967	NA
214	Pulse	55	8670000	13967	NA
214	Pulse	55	8680000	23967	NA
214	Pulse	55	8690000	33967	NA
215	Pulse	55	8700000	3301	NA
215	Pulse	55	8710000	13301	NA
215	Pulse	55	8720000	23301	NA
215	Pulse	55	8730000	33301	NA
216	Pulse	55	8740000	2635	NA
216	Pulse	55	8750000	12635	NA
216	Pulse	55	8760000	22635	NA
216	Pulse	55	8770000	32635	NA
217	Pulse	55	8780000	2303	NA
217	Pulse	55	8790000	12303	NA
217	Pulse	55	8800000	22303	NA
217	Pulse	55	8810000	32303	NA
218	Pulse	55	8820000	1637	NA
218	Pulse	55	8830000	11637	NA
218	Pulse	55	8840000	21637	NA
218	Pulse	55	8850000	31637	NA
219	Pulse	55	8860000	1137	NA
219	Pulse	55	8870000	11137	NA
219	Pulse	55	8880000	21137	NA
219	Pulse	55	8890000	31137	NA
220	Pulse	55	8900000	471	NA
220	Pulse	55	8910000	10471	NA
220	Pulse	55	8920000	20471	NA
220	Pulse	55	8930000	30471	NA
220	Pulse	55	8940000	40471	NA
221	Pulse	55	8950000	9805	NA
221	Pulse	55	8960000	19805	NA
221	Pulse	55	8970000	29805	NA
221	Pulse	55	8980000	39805	NA
222	Pulse	55	8990000	9306	NA
222	Pulse	55	9000000	19306	NA
222	Pulse	55	9010000	29306	NA
222	Pulse	55	9020000	39306	NA
223	Pulse	55	9030000	8806	NA
223	Pulse	55	9040000	18806	NA
223	Pulse	55	9050000	28806	NA
223	Pulse	55	9060000	38806	NA
224	Pulse	55	9070000	8140	NA
224	Pulse	55	9080000	18140	NA
224	Pulse	55	9090000	28140	NA
224	Pulse	55	9100000	38140	NA
225	Pulse	55	9110000	7641	NA
225	Pulse	55	9120000	17641	NA
225	Pulse	55	9130000	27641	NA
225	Pulse	55	9140000	37641	NA
226	Pulse	55	9150000	7142	NA
226	Pulse	55	9160000	17142	NA
226	Pulse	55	9170000	27142	NA
226	Pulse	55	9180000	37142	NA
227	Pulse	55	9190000	6476	NA
227	Pulse	55	9200000	16476	NA
227	Pulse	55	9210000	26476	NA
227	Pulse	55	9220000	36476	NA
228	Pulse	55	9230000	5809	NA
228	Pulse	55	9240000	15809	NA
228	Pulse	55	9250000	25809	NA
228	Pulse	55	9260000	35809	NA
229	Pulse	55	9270000	5143	NA
229	Pulse	55	9280000	15143	NA
229	Pulse	55	9290000	25143	NA
229	Pulse	55	9300000	35143	NA
230	Pulse	55	9310000	4477	NA
230	Pulse	55	9320000	14477	NA
230	Pulse	55	9330000	24477	NA
230	Pulse	55	9340000	34477	NA
231	Pulse	55	9350000	3978	NA
231	Pulse	55	9360000	13978	NA
231	Pulse	55	9370000	23978	NA
231	Pulse	55	9380000	33978	NA
232	Pulse	55	9390000	3312	NA
232	Pulse	55	9400000	13312	NA
232	Pulse	55	9410000	23312	NA
232	Pulse	55	9420000	33312	NA
233	Pulse	55	9430000	2646	NA
233	Pulse	55	9440000	12646	NA
233	Pulse	55	9450000	22646	NA
233	Pulse	55	9460000	32646	NA
234	Pulse	55	9470000	1980	NA
234	Pulse	55	9480000	11980	NA
234	Pulse	55	9490000	21980	NA
234	Pulse	55	9500000	31980	NA
235	Pulse	55	9510000	1314	NA
235	Pulse	55	9520000	11314	NA
235	Pulse	55	9530000	21314	NA
235	Pulse	55	9540000	31314	NA
236	Pulse	55	9550000	648	NA
236	Pulse	55	9560000	10648	NA
236	Pulse	55	9570000	20648	NA
236	Pulse	55	9580000	30648	NA
236	Pulse	55	9590000	40648	NA
237	Pulse	55	9600000	9982	NA
237	Pulse	55	9610000	19982	NA
237	Pulse	55	9620000	29982	NA
237	Pulse	55	9630000	39982	NA
238	Pulse	55	9640000	9316	NA
238	Pulse	55	9650000	19316	NA
238	Pulse	55	9660000	29316	NA
238	Pulse	55	9670000	39316	NA
239	Pulse	55	9680000	8816	NA
239	Pulse	55	9690000	18816	NA
239	Pulse	55	9700000	28816	NA
239	Pulse	55	9710000	38816	NA
240	Pulse	55	9720000	8150	NA
240	Pulse	55	9730000	18150	NA
240	Pulse	55	9740000	28150	NA
240	Pulse	55	9750000	38150	NA
241	Pulse	55	9760000	7651	NA
241	Pulse	55	9770000	17651	NA
241	Pulse	55	9780000	27651	NA
241	Pulse	55	9790000	37651	NA
242	Pulse	55	9800000	6985	NA
242	Pulse	55	9810000	16985	NA
242	Pulse	55	9820000	26985	NA
242	Pulse	55	9830000	36985	NA
243	Pulse	55	9840000	6319	NA
243	Pulse	55	9850000	16319	NA
243	Pulse	55	9860000	26319	NA
243	Pulse	55	9870000	36319	NA
244	Pulse	55	9880000	5653	NA
244	Pulse	55	9890000	15653	NA
244	Pulse	55	9900000	25653	NA
244	Pulse	55	9910000	35653	NA
245	Pulse	55	9920000	5153	NA
245	Pulse	55	9930000	15153	NA
245	Pulse	55	9940000	25153	NA
245	Pulse	55	9950000	35153	NA
246	Pulse	55	9960000	4487	NA
246	Pulse	55	9970000	14487	NA
246	Pulse	55	9980000	24487	NA
246	Pulse	55	9990000	34487	NA
247	Pulse	55	10000000	3821	NA
247	Pulse	55	10010000	13821	NA
247	Pulse	55	10020000	23821	NA
247	Pulse	55	10030000	33821	NA
248	Pulse	55	10040000	3155	NA
248	Pulse	55	10050000	13155	NA
248	Pulse	55	10060000	23155	NA
248	Pulse	55	10070000	33155	NA
249	Pulse	55	10080000	2489	NA
249	Pulse	55	10090000	12489	NA
249	Pulse	55	10100000	22489	NA
249	Pulse	55	10110000	32489	NA
250	Pulse	55	10120000	1823	NA
250	Pulse	55	10130000	11823	NA
250	Pulse	55	10140000	21823	NA
250	Pulse	55	10150000	31823	NA
251	Pulse	55	10160000	1157	NA
251	Pulse	55	10170000	11157	NA
251	Pulse	55	10180000	21157	NA
251	Pulse	55	10190000	31157	NA
252	Pulse	55	10200000	491	NA
252	Pulse	55	10210000	10491	NA
252	Pulse	55	10220000	20491	NA
252	Pulse	55	10230000	30491	NA
252	Pulse	55	10240000	40491	NA
253	Pulse	55	10250000	9825	NA
253	Pulse	55	10260000	19825	NA
253	Pulse	55	10270000	29825	NA
253	Pulse	55	10280000	39825	NA
254	Pulse	55	10290000	9159	NA
254	Pulse	55	10300000	19159	NA
254	Pulse	55	10310000	29159	NA
254	Pulse	55	10320000	39159	NA
255	Pulse	55	10330000	8660	NA
255	Pulse	55	10340000	18660	NA
255	Pulse	55	10350000	28660	NA
255	Pulse	55	10360000	38660	NA
256	Pulse	55	10370000	8160	NA
256	Pulse	55	10380000	18160	NA
256	Pulse	55	10390000	28160	NA
256	Pulse	55	10400000	38160	NA
257	Pulse	55	10410000	7661	NA
257	Pulse	55	10420000	17661	NA
257	Pulse	55	10430000	27661	NA
257	Pulse	55	10440000	37661	NA
258	Pulse	55	10450000	6995	NA
258	Pulse	55	10460000	16995	NA
258	Pulse	55	10470000	26995	NA
258	Pulse	55	10480000	36995	NA
259	Pulse	55	10490000	6329	NA
259	Pulse	55	10500000	16329	NA
259	Pulse	55	10510000	26329	NA
259	Pulse	55	10520000	36329	NA
260	Pulse	55	10530000	5663	NA
260	Pulse	55	10540000	15663	NA
260	Pulse	55	10550000	25663	NA
260	Pulse	55	10560000	35663	NA
261	Pulse	55	10570000	4997	NA
261	Pulse	55	10580000	14997	NA
261	Pulse	55	10590000	24997	NA
261	Pulse	55	10600000	34997	NA
262	Pulse	55	10610000	4331	NA
262	Pulse	55	10620000	14331	NA
262	Pulse	55	10630000	24331	NA
262	Pulse	55	10640000	34331	NA
263	Pulse	55	10650000	3665	NA
263	Pulse	55	10660000	13665	NA
263	Pulse	55	10670000	23665	NA
263	Pulse	55	10680000	33665	NA
264	Pulse	55	10690000	2999	NA
264	Pulse	55	10700000	12999	NA
264	Pulse	55	10710000	22999	NA
264	Pulse	55	10720000	32999	NA
265	Pulse	55	10730000	2333	NA
265	Pulse	55	10740000	12333	NA
265	Pulse	55	10750000	22333	NA
265	Pulse	55	10760000	32333	NA
266	Pulse	55	10770000	1667	NA
266	Pulse	55	10780000	11667	NA
266	Pulse	55	10790000	21667	NA
266	Pulse	55	10800000	31667	NA
267	Pulse	55	10810000	1001	NA
267	Pulse	55	10820000	11001	NA
267	Pulse	55	10830000	21001	NA
267	Pulse	55	10840000	31001	NA
268	Pulse	55	10850000	335	NA
268	Pulse	55	10860000	10335	NA
268	Pulse	55	10870000	20335	NA
268	Pulse	55	10880000	30335	NA
268	Pulse	55	10890000	40335	NA
269	Pulse	55	10900000	9669	NA
269	Pulse	55	10910000	19669	NA
269	Pulse	55	10920000	29669	NA
269	Pulse	55	10930000	39669	NA
270	Pulse	55	10940000	9002	NA
270	Pulse	55	10950000	19002	NA
270	Pulse	55	10960000	29002	NA
270	Pulse	55	10970000	39002	NA
271	Pulse	55	10980000	8336	NA
271	Pulse	55	10990000	18336	NA
271	Pulse	55	11000000	28336	NA
271	Pulse	55	11010000	38336	NA
272	Pulse	55	11020000	7670	NA
272	Pulse	55	11030000	17670	NA
272	Pulse	55	11040000	27670	NA
272	Pulse	55	11050000	37670	NA
273	Pulse	55	11060000	7004	NA
273	Pulse	55	11070000	17004	NA
273	Pulse	55	11080000	27004	NA
273	Pulse	55	11090000	37004	NA
274	Pulse	55	11100000	6338	NA
274	Pulse	55	11110000	16338	NA
274	Pulse	55	11120000	26338	NA
274	Pulse	55	11130000	36338	NA
275	Pulse	55	11140000	5672	NA
275	Pulse	55	11150000	15672	NA
275	Pulse	55	11160000	25672	NA
275	Pulse	55	11170000	35672	NA
276	Pulse	55	11180000	5006	NA
276	Pulse	55	11190000	15006	NA
276	Pulse	55	11200000	25006	NA
276	Pulse	55	11210000	35006	NA
277	Pulse	55	11220000	4340	NA
277	Pulse	55	11230000	14340	NA
277	Pulse	55	11240000	24340	NA
277	Pulse	55	11250000	34340	NA
278	Pulse	55	11260000	3674	NA
278	Pulse	55	11270000	13674	NA
278	Pulse	55	11280000	23674	NA
278	Pulse	55	11290000	33674	NA
279	Pulse	55	11300000	3008	NA
279	Pulse	55	11310000	13008	NA
279	Pulse	55	11320000	23008	NA
279	Pulse	55	11330000	33008	NA
280	Pulse	55	11340000	2342	NA
280	Pulse	55	11350000	12342	NA
280	Pulse	55	11360000	22342	NA
280	Pulse	55	11370000	32342	NA
281	Pulse	55	11380000	1676	NA
281	Pulse	55	11390000	11676	NA
281	Pulse	55	11400000	21676	NA
281	Pulse	55	11410000	31676	NA
282	Pulse	55	11420000	1010	NA
282	Pulse	55	11430000	11010	NA
282	Pulse	55	11440000	21010	NA
282	Pulse	55	11450000	31010	NA
283	Pulse	55	11460000	177	NA
283	Pulse	55	11470000	10177	NA
283	Pulse	55	11480000	20177	NA
283	Pulse	55	11490000	30177	NA
283	Pulse	55	11500000	40177	NA
284	Pulse	55	11510000	9511	NA
284	Pulse	55	11520000	19511	NA
284	Pulse	55	11530000	29511	NA
284	Pulse	55	11540000	39511	NA
285	Pulse	55	11550000	8845	NA
285	Pulse	55	11560000	18845	NA
285	Pulse	55	11570000	28845	NA
285	Pulse	55	11580000	38845	NA
286	Pulse	55	11590000	8179	NA
286	Pulse	55	11600000	18179	NA
286	Pulse	55	11610000	28179	NA
286	Pulse	55	11620000	38179	NA
287	Pulse	55	11630000	7513	NA
287	Pulse	55	11640000	17513	NA
287	Pulse	55	11650000	27513	NA
287	Pulse	55	11660000	37513	NA
288	Pulse	55	11670000	6847	NA
288	Pulse	55	11680000	16847	NA
288	Pulse	55	11690000	26847	NA
288	Pulse	55	11700000	36847	NA
289	Pulse	55	11710000	6181	NA
289	Pulse	55	11720000	16181	NA
289	Pulse	55	11730000	26181	NA
289	Pulse	55	11740000	36181	NA
290	Pulse	55	11750000	5515	NA
290	Pulse	55	11760000	15515	NA
290	Pulse	55	11770000	25515	NA
290	Pulse	55	11780000	35515	NA
291	Pulse	55	11790000	4849	NA
291	Pulse	55	11800000	14849	NA
291	Pulse	55	11810000	24849	NA
291	Pulse	55	11820000	34849	NA
292	Pulse	55	11830000	4183	NA
292	Pulse	55	11840000	14183	NA
292	Pulse	55	11850000	24183	NA
292	Pulse	55	11860000	34183	NA
293	Pulse	55	11870000	3517	NA
293	Pulse	55	11880000	13517	NA
293	Pulse	55	11890000	23517	NA
293	Pulse	55	11900000	33517	NA
294	Pulse	55	11910000	2851	NA
294	Pulse	55	11920000	12851	NA
294	Pulse	55	11930000	22851	NA
294	Pulse	55	11940000	32851	NA
295	Pulse	55	11950000	2185	NA
295	Pulse	55	11960000	12185	NA
295	Pulse	55	11970000	22185	NA
295	Pulse	55	11980000	32185	NA
296	Pulse	55	11990000	1519	NA
296	Pulse	55	12000000	11519	NA
296	Pulse	55	12010000	21519	NA
296	Pulse	55	12020000	31519	NA
297	Pulse	55	12030000	853	NA
297	Pulse	55	12040000	10853	NA
297	Pulse	55	12050000	20853	NA
297	Pulse	55	12060000	30853	NA
298	Pulse	55	12070000	187	NA
298	Pulse	55	12080000	10187	NA
298	Pulse	55	12090000	20187	NA
298	Pulse	55	12100000	30187	NA
298	Pulse	55	12110000	40187	NA
299	Pulse	55	12120000	9521	NA
299	Pulse	55	12130000	19521	NA
299	Pulse	55	12140000	29521	NA
299	Pulse	55	12150000	39521	NA
300	Pulse	55	12160000	8855	NA
300	Pulse	55	12170000	18855	NA
300	Pulse	55	12180000	28855	NA
300	Pulse	55	12190000	38855	NA
301	Pulse	55	12200000	8189	NA
301	Pulse	55	12210000	18189	NA
301	Pulse	55	12220000	28189	NA
301	Pulse	55	12230000	38189	NA
302	Pulse	55	12240000	7523	NA
302	Pulse	55	12250000	17523	NA
302	Pulse	55	12260000	27523	NA
302	Pulse	55	12270000	37523	NA
303	Pulse	55	12280000	6857	NA
303	Pulse	55	12290000	16857	NA
303	Pulse	55	12300000	26857	NA
303	Pulse	55	12310000	36857	NA
304	Pulse	55	12320000	6191	NA
304	Pulse	55	12330000	16191	NA
304	Pulse	55	12340000	26191	NA
304	Pulse	55	12350000	36191	NA
305	Pulse	55	12360000	5525	NA
305	Pulse	55	12370000	15525	NA
305	Pulse	55	12380000	25525	NA
305	Pulse	55	12390000	35525	NA
306	Pulse	55	12400000	4859	NA
306	Pulse	55	12410000	14859	NA
306	Pulse	55	12420000	24859	NA
306	Pulse	55	12430000	34859	NA
307	Pulse	55	12440000	4193	NA
307	Pulse	55	12450000	14193	NA
307	Pulse	55	12460000	24193	NA
307	Pulse	55	12470000	34193	NA
308	Pulse	55	12480000	3526	NA
308	Pulse	55	12490000	13526	NA
308	Pulse	55	12500000	23526	NA
308	Pulse	55	12510000	33526	NA
309	Pulse	55	12520000	2860	NA
309	Pulse	55	12530000	12860	NA
309	Pulse	55	12540000	22860	NA
309	Pulse	55	12550000	32860	NA
310	Pulse	55	12560000	2194	NA
310	Pulse	55	12570000	12194	NA
310	Pulse	55	12580000	22194	NA
310	Pulse	55	12590000	32194	NA
311	Pulse	55	12600000	1528	NA
311	Pulse	55	12610000	11528	NA
311	Pulse	55	12620000	21528	NA
311	Pulse	55	12630000	31528	NA
312	Pulse	55	12640000	862	NA
312	Pulse	55	12650000	10862	NA
312	Pulse	55	12660000	20862	NA
312	Pulse	55	12670000	30862	NA
313	Pulse	55	12680000	196	NA
313	Pulse	55	12690000	10196	NA
313	Pulse	55	12700000	20196	NA
313	Pulse	55	12710000	30196	NA
313	Pulse	55	12720000	40196	NA
314	Pulse	55	12730000	9530	NA
314	Pulse	55	12740000	19530	NA
314	Pulse	55	12750000	29530	NA
314	Pulse	55	12760000	39530	NA
315	Pulse	55	12770000	8864	NA
315	Pulse	55	12780000	18864	NA
315	Pulse	55	12790000	28864	NA
315	Pulse	55	12800000	38864	NA
316	Pulse	55	12810000	8198	NA
316	Pulse	55	12820000	18198	NA
316	Pulse	55	12830000	28198	NA
316	Pulse	55	12840000	38198	NA
317	Pulse	55	12850000	7532	NA
317	Pulse	55	12860000	17532	NA
317	Pulse	55	12870000	27532	NA
317	Pulse	55	12880000	37532	NA
318	Pulse	55	12890000	6866	NA
318	Pulse	55	12900000	16866	NA
318	Pulse	55	12910000	26866	NA
318	Pulse	55	12920000	36866	NA
319	Pulse	55	12930000	6200	NA
319	Pulse	55	12940000	16200	NA
319	Pulse	55	12950000	26200	NA
319	Pulse	55	12960000	36200	NA
320	Pulse	55	12970000	5534	NA
320	Pulse	55	12980000	15534	NA
320	Pulse	55	12990000	25534	NA
320	Pulse	55	13000000	35534	NA
321	Pulse	55	13010000	4868	NA
321	Pulse	55	13020000	14868	NA
321	Pulse	55	13030000	24868	NA
321	Pulse	55	13040000	34868	NA
322	Pulse	55	13050000	4202	NA
322	Pulse	55	13060000	14202	NA
322	Pulse	55	13070000	24202	NA
322	Pulse	55	13080000	34202	NA
323	Pulse	55	13090000	3536	NA
323	Pulse	55	13100000	13536	NA
323	Pulse	55	13110000	23536	NA
323	Pulse	55	13120000	33536	NA
324	Pulse	55	13130000	2870	NA
324	Pulse	55	13140000	12870	NA
324	Pulse	55	13150000	22870	NA
324	Pulse	55	13160000	32870	NA
325	Pulse	55	13170000	2204	NA
325	Pulse	55	13180000	12204	NA
325	Pulse	55	13190000	22204	NA
325	Pulse	55	13200000	32204	NA
326	Pulse	55	13210000	1538	NA
326	Pulse	55	13220000	11538	NA
326	Pulse	55	13230000	21538	NA
326	Pulse	55	13240000	31538	NA
327	Pulse	55	13250000	872	NA
327	Pulse	55	13260000	10872	NA
327	Pulse	55	13270000	20872	NA
327	Pulse	55	13280000	30872	NA
328	Pulse	55	13290000	206	NA
328	Pulse	55	13300000	10206	NA
328	Pulse	55	13310000	20206	NA
328	Pulse	55	13320000	30206	NA
328	Pulse	55	13330000	40206	NA
329	Pulse	55	13340000	9540	NA
329	Pulse	55	13350000	19540	NA
329	Pulse	55	13360000	29540	NA
329	Pulse	55	13370000	39540	NA
330	Pulse	55	13380000	8874	NA
330	Pulse	55	13390000	18874	NA
330	Pulse	55	13400000	28874	NA
330	Pulse	55	13410000	38874	NA
331	Pulse	55	13420000	8207	NA
331	Pulse	55	13430000	18207	NA
331	Pulse	55	13440000	28207	NA
331	Pulse	55	13450000	38207	NA
332	Pulse	55	13460000	7541	NA
332	Pulse	55	13470000	17541	NA
332	Pulse	55	13480000	27541	NA
332	Pulse	55	13490000	37541	NA
333	Pulse	55	13500000	6875	NA
333	Pulse	55	13510000	16875	NA
333	Pulse	55	13520000	26875	NA
333	Pulse	55	13530000	36875	NA
334	Pulse	55	13540000	6209	NA
334	Pulse	55	13550000	16209	NA
334	Pulse	55	13560000	26209	NA
334	Pulse	55	13570000	36209	NA
335	Pulse	55	13580000	5543	NA
335	Pulse	55	13590000	15543	NA
335	Pulse	55	13600000	25543	NA
335	Pulse	55	13610000	35543	NA
336	Pulse	55	13620000	4877	NA
336	Pulse	55	13630000	14877	NA
336	Pulse	55	13640000	24877	NA
336	Pulse	55	13650000	34877	NA
337	Pulse	55	13660000	4211	NA
337	Pulse	55	13670000	14211	NA
337	Pulse	55	13680000	24211	NA
337	Pulse	55	13690000	34211	NA
338	Pulse	55	13700000	3545	NA
338	Pulse	55	13710000	13545	NA
338	Pulse	55	13720000	23545	NA
338	Pulse	55	13730000	33545	NA
339	Pulse	55	13740000	2879	NA
339	Pulse	55	13750000	12879	NA
339	Pulse	55	13760000	22879	NA
339	Pulse	55	13770000	32879	NA
340	Pulse	55	13780000	2213	NA
340	Pulse	55	13790000	12213	NA
340	Pulse	55	13800000	22213	NA
340	Pulse	55	13810000	32213	NA
341	Pulse	55	13820000	1547	NA
341	Pulse	55	13830000	11547	NA
341	Pulse	55	13840000	21547	NA
341	Pulse	55	13850000	31547	NA
342	Pulse	55	13860000	881	NA
342	Pulse	55	13870000	10881	NA
342	Pulse	55	13880000	20881	NA
342	Pulse	55	13890000	30881	NA
343	Pulse	55	13900000	215	NA
343	Pulse	55	13910000	10215	NA
343	Pulse	55	13920000	20215	NA
343	Pulse	55	13930000	30215	NA
343	Pulse	55	13940000	40215	NA
344	Pulse	55	13950000	9549	NA
344	Pulse	55	13960000	19549	NA
344	Pulse	55	13970000	29549	NA
344	Pulse	55	13980000	39549	NA
345	Pulse	55	13990000	8883	NA
345	Pulse	55	14000000	18883	NA
345	Pulse	55	14010000	28883	NA
345	Pulse	55	14020000	38883	NA
346	Pulse	55	14030000	8217	NA
346	Response	1	14032965	11182	1
346	Pulse	55	14040000	18217	NA
346	Pulse	55	14050000	28217	NA
346	Pulse	55	14060000	38217	NA
347	Pulse	55	14070000	8051	NA
347	Pulse	55	14080000	18051	NA
348	Pulse	55	14090000	7885	NA
348	Pulse	55	14100000	17885	NA
348	Pulse	55	14110000	27885	NA
348	Pulse	55	14120000	37885	NA
348	Pulse	55	14130000	47885	NA
348	Pulse	55	14140000	57885	NA
348	Pulse	55	14150000	67885	NA
348	Pulse	55	14160000	77885	NA
348	Pulse	55	14170000	87885	NA
348	Pulse	55	14180000	97885	NA
348	Pulse	55	14190000	107885	NA
348	Pulse	55	14200000	117885	NA
348	Pulse	55	14210000	127885	NA
348	Pulse	55	14220000	137885	NA
348	Pulse	55	14230000	147885	NA
348	Pulse	55	14240000	157885	NA
348	Pulse	55	14250000	167885	NA
348	Pulse	55	14260000	177885	NA
348	Pulse	55	14270000	187885	NA
348	Pulse	55	14280000	197885	NA
348	Response	1	14281522	199407	1
348	Pulse	55	14290000	207885	NA
348	Pulse	55	14300000	217885	NA
349	Pulse	55	14310000	9888	NA
349	Pulse	55	14320000	19888	NA
349	Pulse	55	14330000	29888	NA
349	Pulse	55	14340000	39888	NA
349	Pulse	55	14350000	49888	NA
349	Pulse	55	14360000	59888	NA
349	Pulse	55	14370000	69888	NA
349	Pulse	55	14380000	79888	NA
349	Pulse	55	14390000	89888	NA
349	Pulse	55	14400000	99888	NA
349	Pulse	55	14410000	109888	NA
349	Pulse	55	14420000	119888	NA
349	Pulse	55	14430000	129888	NA
349	Pulse	55	14440000	139888	NA
349	Pulse	55	14450000	149888	NA
349	Pulse	55	14460000	159888	NA
349	Pulse	55	14470000	169888	NA
349	Pulse	55	14480000	179888	NA
349	Pulse	55	14490000	189888	NA
349	Pulse	55	14500000	199888	NA
349	Pulse	55	14510000	209888	NA
349	Pulse	55	14520000	219888	NA
349	Pulse	55	14530000	229888	NA
349	Pulse	55	14540000	239888	NA
349	Pulse	55	14550000	249888	NA
349	Pulse	55	14560000	259888	NA
349	Pulse	55	14570000	269888	NA
349	Pulse	55	14580000	279888	NA
349	Pulse	55	14590000	289888	NA
349	Pulse	55	14600000	299888	NA
349	Pulse	55	14610000	309888	NA
349	Pulse	55	14620000	319888	NA
349	Pulse	55	14630000	329888	NA
349	Pulse	55	14640000	339888	NA
349	Pulse	55	14650000	349888	NA
349	Pulse	55	14660000	359888	NA
349	Pulse	55	14670000	369888	NA
349	Pulse	55	14680000	379888	NA
349	Pulse	55	14690000	389888	NA
349	Pulse	55	14700000	399888	NA
349	Pulse	55	14710000	409888	NA
349	Pulse	55	14720000	419888	NA
349	Pulse	55	14730000	429888	NA
349	Pulse	55	14740000	439888	NA
349	Pulse	55	14750000	449888	NA
349	Pulse	55	14760000	459888	NA
349	Pulse	55	14770000	469888	NA
349	Pulse	55	14780000	479888	NA
349	Pulse	55	14790000	489888	NA
349	Pulse	55	14800000	499888	NA
349	Pulse	55	14810000	509888	NA
349	Pulse	55	14820000	519888	NA
349	Pulse	55	14830000	529888	NA
349	Pulse	55	14840000	539888	NA
349	Pulse	55	14850000	549888	NA
349	Pulse	55	14860000	559888	NA
349	Pulse	55	14870000	569888	NA
349	Pulse	55	14880000	579888	NA
349	Pulse	55	14890000	589888	NA
349	Pulse	55	14900000	599888	NA
349	Pulse	55	14910000	609888	NA
349	Pulse	55	14920000	619888	NA
349	Pulse	55	14930000	629888	NA
349	Pulse	55	14940000	639888	NA
349	Pulse	55	14950000	649888	NA
349	Pulse	55	14960000	659888	NA
349	Pulse	55	14970000	669888	NA
349	Pulse	55	14980000	679888	NA
349	Pulse	55	14990000	689888	NA
349	Pulse	55	15000000	699888	NA
349	Pulse	55	15010000	709888	NA
349	Pulse	55	15020000	719888	NA
349	Pulse	55	15030000	729888	NA
349	Pulse	55	15040000	739888	NA
349	Pulse	55	15050000	749888	NA
349	Pulse	55	15060000	759888	NA
349	Pulse	55	15070000	769888	NA
349	Pulse	55	15080000	779888	NA
349	Pulse	55	15090000	789888	NA
349	Pulse	55	15100000	799888	NA
349	Pulse	55	15110000	809888	NA
349	Pulse	55	15120000	819888	NA
349	Pulse	55	15130000	829888	NA
349	Pulse	55	15140000	839888	NA
349	Pulse	55	15150000	849888	NA
349	Pulse	55	15160000	859888	NA
349	Pulse	55	15170000	869888	NA
349	Pulse	55	15180000	879888	NA
349	Pulse	55	15190000	889888	NA
349	Pulse	55	15200000	899888	NA
349	Pulse	55	15210000	909888	NA
349	Pulse	55	15220000	919888	NA
349	Pulse	55	15230000	929888	NA
349	Pulse	55	15240000	939888	NA
349	Pulse	55	15250000	949888	NA
349	Pulse	55	15260000	959888	NA
349	Pulse	55	15270000	969888	NA
349	Pulse	55	15280000	979888	NA
349	Pulse	55	15290000	989888	NA
349	Pulse	55	15300000	999888	NA
349	Pulse	55	15310000	1009888	NA
349	Pulse	55	15320000	1019888	NA
349	Pulse	55	15330000	1029888	NA
349	Pulse	55	15340000	1039888	NA
349	Pulse	55	15350000	1049888	NA
349	Pulse	55	15360000	1059888	NA
349	Pulse	55	15370000	1069888	NA
349	Pulse	55	15380000	1079888	NA
349	Pulse	55	15390000	1089888	NA
349	Pulse	55	15400000	1099888	NA
349	Pulse	55	15410000	1109888	NA
349	Pulse	55	15420000	1119888	NA
349	Pulse	55	15430000	1129888	NA
349	Pulse	55	15440000	1139888	NA
349	Pulse	55	15450000	1149888	NA
349	Pulse	55	15460000	1159888	NA
349	Pulse	55	15470000	1169888	NA
349	Pulse	55	15480000	1179888	NA
349	Pulse	55	15490000	1189888	NA
349	Pulse	55	15500000	1199888	NA
349	Pulse	55	15510000	1209888	NA
349	Pulse	55	15520000	1219888	NA
349	Pulse	55	15530000	1229888	NA
349	Pulse	55	15540000	1239888	NA
349	Pulse	55	15550000	1249888	NA
349	Pulse	55	15560000	1259888	NA
349	Pulse	55	15570000	1269888	NA
349	Pulse	55	15580000	1279888	NA
349	Pulse	55	15590000	1289888	NA
349	Pulse	55	15600000	1299888	NA
349	Pulse	55	15610000	1309888	NA
349	Pulse	55	15620000	1319888	NA
349	Pulse	55	15630000	1329888	NA
349	Pulse	55	15640000	1339888	NA
349	Pulse	55	15650000	1349888	NA
349	Pulse	55	15660000	1359888	NA
349	Pulse	55	15670000	1369888	NA
349	Pulse	55	15680000	1379888	NA
349	Pulse	55	15690000	1389888	NA
349	Pulse	55	15700000	1399888	NA
349	Pulse	55	15710000	1409888	NA
349	Pulse	55	15720000	1419888	NA
349	Pulse	55	15730000	1429888	NA
349	Pulse	55	15740000	1439888	NA
349	Pulse	55	15750000	1449888	NA
349	Pulse	55	15760000	1459888	NA
349	Pulse	55	15770000	1469888	NA
349	Pulse	55	15780000	1479888	NA
349	Pulse	55	15790000	1489888	NA
349	Pulse	55	15800000	1499888	NA
349	Pulse	55	15810000	1509888	NA
349	Pulse	55	15820000	1519888	NA
349	Pulse	55	15830000	1529888	NA
349	Pulse	55	15840000	1539888	NA
349	Pulse	55	15850000	1549888	NA
349	Pulse	55	15860000	1559888	NA
349	Pulse	55	15870000	1569888	NA
349	Pulse	55	15880000	1579888	NA
349	Pulse	55	15890000	1589888	NA
349	Pulse	55	15900000	1599888	NA
349	Pulse	55	15910000	1609888	NA
349	Pulse	55	15920000	1619888	NA
349	Pulse	55	15930000	1629888	NA
349	Pulse	55	15940000	1639888	NA
349	Pulse	55	15950000	1649888	NA
349	Pulse	55	15960000	1659888	NA
349	Pulse	55	15970000	1669888	NA
349	Pulse	55	15980000	1679888	NA
349	Pulse	55	15990000	1689888	NA
349	Pulse	55	16000000	1699888	NA
349	Pulse	55	16010000	1709888	NA
349	Pulse	55	16020000	1719888	NA
349	Pulse	55	16030000	1729888	NA
349	Pulse	55	16040000	1739888	NA
349	Pulse	55	16050000	1749888	NA
349	Pulse	55	16060000	1759888	NA
349	Pulse	55	16070000	1769888	NA
349	Pulse	55	16080000	1779888	NA
349	Pulse	55	16090000	1789888	NA
349	Pulse	55	16100000	1799888	NA
349	Pulse	55	16110000	1809888	NA
349	Pulse	55	16120000	1819888	NA
349	Pulse	55	16130000	1829888	NA
349	Pulse	55	16140000	1839888	NA
349	Pulse	55	16150000	1849888	NA
349	Pulse	55	16160000	1859888	NA
349	Pulse	55	16170000	1869888	NA
349	Pulse	55	16180000	1879888	NA
349	Pulse	55	16190000	1889888	NA
349	Pulse	55	16200000	1899888	NA
349	Pulse	55	16210000	1909888	NA
349	Pulse	55	16220000	1919888	NA
349	Pulse	55	16230000	1929888	NA
349	Pulse	55	16240000	1939888	NA
349	Pulse	55	16250000	1949888	NA
349	Pulse	55	16260000	1959888	NA
349	Pulse	55	16270000	1969888	NA
349	Pulse	55	16280000	1979888	NA
349	Pulse	55	16290000	1989888	NA
349	Pulse	55	16300000	1999888	NA
349	Pulse	55	16310000	2009888	NA
349	Pulse	55	16320000	2019888	NA
349	Pulse	55	16330000	2029888	NA
349	Pulse	55	16340000	2039888	NA
349	Pulse	55	16350000	2049888	NA
349	Pulse	55	16360000	2059888	NA
349	Pulse	55	16370000	2069888	NA
349	Pulse	55	16380000	2079888	NA
349	Pulse	55	16390000	2089888	NA
349	Pulse	55	16400000	2099888	NA
349	Pulse	55	16410000	2109888	NA
349	Pulse	55	16420000	2119888	NA
349	Pulse	55	16430000	2129888	NA
349	Pulse	55	16440000	2139888	NA
349	Pulse	55	16450000	2149888	NA
349	Pulse	55	16460000	2159888	NA
349	Pulse	55	16470000	2169888	NA
349	Pulse	55	16480000	2179888	NA
349	Pulse	55	16490000	2189888	NA
349	Pulse	55	16500000	2199888	NA
349	Pulse	55	16510000	2209888	NA
349	Pulse	55	16520000	2219888	NA
349	Pulse	55	16530000	2229888	NA
349	Pulse	55	16540000	2239888	NA
349	Pulse	55	16550000	2249888	NA
349	Pulse	55	16560000	2259888	NA
349	Pulse	55	16570000	2269888	NA
349	Pulse	55	16580000	2279888	NA
349	Pulse	55	16590000	2289888	NA
349	Pulse	55	16600000	2299888	NA
349	Pulse	55	16610000	2309888	NA
349	Pulse	55	16620000	2319888	NA
349	Pulse	55	16630000	2329888	NA
349	Pulse	55	16640000	2339888	NA
349	Pulse	55	16650000	2349888	NA
349	Pulse	55	16660000	2359888	NA
349	Pulse	55	16670000	2369888	NA
349	Pulse	55	16680000	2379888	NA
349	Pulse	55	16690000	2389888	NA
349	Pulse	55	16700000	2399888	NA
349	Pulse	55	16710000	2409888	NA
349	Pulse	55	16720000	2419888	NA
349	Pulse	55	16730000	2429888	NA
349	Pulse	55	16740000	2439888	NA
349	Pulse	55	16750000	2449888	NA
349	Pulse	55	16760000	2459888	NA
349	Pulse	55	16770000	2469888	NA
349	Pulse	55	16780000	2479888	NA
349	Pulse	55	16790000	2489888	NA
349	Pulse	55	16800000	2499888	NA
349	Pulse	55	16810000	2509888	NA
349	Pulse	55	16820000	2519888	NA
349	Pulse	55	16830000	2529888	NA
349	Pulse	55	16840000	2539888	NA
349	Pulse	55	16850000	2549888	NA
349	Pulse	55	16860000	2559888	NA
349	Pulse	55	16870000	2569888	NA
349	Pulse	55	16880000	2579888	NA
349	Pulse	55	16890000	2589888	NA
349	Pulse	55	16900000	2599888	NA
349	Pulse	55	16910000	2609888	NA
349	Pulse	55	16920000	2619888	NA
349	Pulse	55	16930000	2629888	NA
349	Pulse	55	16940000	2639888	NA
349	Pulse	55	16950000	2649888	NA
349	Pulse	55	16960000	2659888	NA
349	Pulse	55	16970000	2669888	NA
349	Pulse	55	16980000	2679888	NA
349	Pulse	55	16990000	2689888	NA
349	Pulse	55	17000000	2699888	NA
349	Pulse	55	17010000	2709888	NA
349	Pulse	55	17020000	2719888	NA
349	Pulse	55	17030000	2729888	NA
349	Pulse	55	17040000	2739888	NA
349	Pulse	55	17050000	2749888	NA
349	Pulse	55	17060000	2759888	NA
349	Pulse	55	17070000	2769888	NA
349	Pulse	55	17080000	2779888	NA
349	Pulse	55	17090000	2789888	NA
349	Pulse	55	17100000	2799888	NA
349	Pulse	55	17110000	2809888	NA
349	Pulse	55	17120000	2819888	NA
349	Pulse	55	17130000	2829888	NA
349	Pulse	55	17140000	2839888	NA
349	Pulse	55	17150000	2849888	NA
349	Pulse	55	17160000	2859888	NA
349	Pulse	55	17170000	2869888	NA
349	Pulse	55	17180000	2879888	NA
349	Pulse	55	17190000	2889888	NA
349	Pulse	55	17200000	2899888	NA
349	Pulse	55	17210000	2909888	NA
349	Pulse	55	17220000	2919888	NA
349	Pulse	55	17230000	2929888	NA
349	Pulse	55	17240000	2939888	NA
349	Pulse	55	17250000	2949888	NA
349	Pulse	55	17260000	2959888	NA
349	Pulse	55	17270000	2969888	NA
349	Pulse	55	17280000	2979888	NA
349	Pulse	55	17290000	2989888	NA
349	Pulse	55	17300000	2999888	NA
349	Pulse	55	17310000	3009888	NA
349	Pulse	55	17320000	3019888	NA
349	Pulse	55	17330000	3029888	NA
349	Pulse	55	17340000	3039888	NA
349	Pulse	55	17350000	3049888	NA
349	Pulse	55	17360000	3059888	NA
349	Pulse	55	17370000	3069888	NA
349	Pulse	55	17380000	3079888	NA
349	Pulse	55	17390000	3089888	NA
349	Pulse	55	17400000	3099888	NA
349	Pulse	55	17410000	3109888	NA
349	Pulse	55	17420000	3119888	NA
349	Pulse	55	17430000	3129888	NA
349	Pulse	55	17440000	3139888	NA
349	Pulse	55	17450000	3149888	NA
349	Pulse	55	17460000	3159888	NA
349	Pulse	55	17470000	3169888	NA
349	Pulse	55	17480000	3179888	NA
349	Pulse	55	17490000	3189888	NA
349	Pulse	55	17500000	3199888	NA
349	Pulse	55	17510000	3209888	NA
349	Pulse	55	17520000	3219888	NA
349	Pulse	55	17530000	3229888	NA
349	Pulse	55	17540000	3239888	NA
349	Pulse	55	17550000	3249888	NA
349	Pulse	55	17560000	3259888	NA
349	Pulse	55	17570000	3269888	NA
349	Pulse	55	17580000	3279888	NA
349	Pulse	55	17590000	3289888	NA
349	Pulse	55	17600000	3299888	NA
349	Pulse	55	17610000	3309888	NA
349	Pulse	55	17620000	3319888	NA
349	Pulse	55	17630000	3329888	NA
349	Pulse	55	17640000	3339888	NA
349	Pulse	55	17650000	3349888	NA
349	Pulse	55	17660000	3359888	NA
349	Pulse	55	17670000	3369888	NA
349	Pulse	55	17680000	3379888	NA
349	Pulse	55	17690000	3389888	NA
349	Pulse	55	17700000	3399888	NA
349	Pulse	55	17710000	3409888	NA
349	Pulse	55	17720000	3419888	NA
349	Pulse	55	17730000	3429888	NA
349	Pulse	55	17740000	3439888	NA
349	Pulse	55	17750000	3449888	NA
349	Pulse	55	17760000	3459888	NA
349	Pulse	55	17770000	3469888	NA
349	Pulse	55	17780000	3479888	NA
349	Pulse	55	17790000	3489888	NA
349	Pulse	55	17800000	3499888	NA
349	Pulse	55	17810000	3509888	NA
349	Pulse	55	17820000	3519888	NA
349	Pulse	55	17830000	3529888	NA
349	Pulse	55	17840000	3539888	NA
349	Pulse	55	17850000	3549888	NA
349	Pulse	55	17860000	3559888	NA
349	Pulse	55	17870000	3569888	NA
349	Pulse	55	17880000	3579888	NA
349	Pulse	55	17890000	3589888	NA
349	Pulse	55	17900000	3599888	NA
349	Pulse	55	17910000	3609888	NA
349	Pulse	55	17920000	3619888	NA
349	Pulse	55	17930000	3629888	NA
349	Pulse	55	17940000	3639888	NA
349	Pulse	55	17950000	3649888	NA
349	Pulse	55	17960000	3659888	NA
349	Pulse	55	17970000	3669888	NA
349	Pulse	55	17980000	3679888	NA
349	Pulse	55	17990000	3689888	NA
349	Pulse	55	18000000	3699888	NA
349	Pulse	55	18010000	3709888	NA
349	Pulse	55	18020000	3719888	NA
349	Pulse	55	18030000	3729888	NA
349	Pulse	55	18040000	3739888	NA
349	Pulse	55	18050000	3749888	NA
349	Pulse	55	18060000	3759888	NA
349	Pulse	55	18070000	3769888	NA
349	Pulse	55	18080000	3779888	NA
349	Pulse	55	18090000	3789888	NA
349	Pulse	55	18100000	3799888	NA
349	Pulse	55	18110000	3809888	NA
349	Pulse	55	18120000	3819888	NA
349	Pulse	55	18130000	3829888	NA
349	Pulse	55	18140000	3839888	NA
349	Pulse	55	18150000	3849888	NA
349	Pulse	55	18160000	3859888	NA
349	Pulse	55	18170000	3869888	NA
349	Pulse	55	18180000	3879888	NA
349	Pulse	55	18190000	3889888	NA
349	Pulse	55	18200000	3899888	NA
349	Pulse	55	18210000	3909888	NA
349	Pulse	55	18220000	3919888	NA
349	Pulse	55	18230000	3929888	NA
349	Pulse	55	18240000	3939888	NA
349	Pulse	55	18250000	3949888	NA
349	Pulse	55	18260000	3959888	NA
349	Pulse	55	18270000	3969888	NA
349	Pulse	55	18280000	3979888	NA
349	Pulse	55	18290000	3989888	NA
349	Pulse	55	18300000	3999888	NA
349	Pulse	55	18310000	4009888	NA
349	Pulse	55	18320000	4019888	NA
349	Pulse	55	18330000	4029888	NA
349	Pulse	55	18340000	4039888	NA
349	Pulse	55	18350000	4049888	NA
349	Pulse	55	18360000	4059888	NA
349	Pulse	55	18370000	4069888	NA
349	Pulse	55	18380000	4079888	NA
349	Pulse	55	18390000	4089888	NA
349	Pulse	55	18400000	4099888	NA
349	Pulse	55	18410000	4109888	NA
349	Pulse	55	18420000	4119888	NA
349	Pulse	55	18430000	4129888	NA
349	Pulse	55	18440000	4139888	NA
349	Pulse	55	18450000	4149888	NA
349	Pulse	55	18460000	4159888	NA
349	Pulse	55	18470000	4169888	NA
349	Pulse	55	18480000	4179888	NA
349	Pulse	55	18490000	4189888	NA
349	Pulse	55	18500000	4199888	NA
349	Pulse	55	18510000	4209888	NA
349	Pulse	55	18520000	4219888	NA
349	Pulse	55	18530000	4229888	NA
349	Pulse	55	18540000	4239888	NA
349	Pulse	55	18550000	4249888	NA
349	Pulse	55	18560000	4259888	NA
349	Pulse	55	18570000	4269888	NA
349	Pulse	55	18580000	4279888	NA
349	Pulse	55	18590000	4289888	NA
349	Pulse	55	18600000	4299888	NA
349	Pulse	55	18610000	4309888	NA
349	Pulse	55	18620000	4319888	NA
349	Pulse	55	18630000	4329888	NA
349	Pulse	55	18640000	4339888	NA
349	Pulse	55	18650000	4349888	NA
349	Pulse	55	18660000	4359888	NA
349	Pulse	55	18670000	4369888	NA
349	Pulse	55	18680000	4379888	NA
349	Pulse	55	18690000	4389888	NA
349	Pulse	55	18700000	4399888	NA
349	Pulse	55	18710000	4409888	NA
349	Pulse	55	18720000	4419888	NA
349	Pulse	55	18730000	4429888	NA
349	Pulse	55	18740000	4439888	NA
349	Pulse	55	18750000	4449888	NA
349	Pulse	55	18760000	4459888	NA
349	Pulse	55	18770000	4469888	NA
349	Pulse	55	18780000	4479888	NA
349	Pulse	55	18790000	4489888	NA
349	Pulse	55	18800000	4499888	NA
349	Pulse	55	18810000	4509888	NA
349	Pulse	55	18820000	4519888	NA
349	Pulse	55	18830000	4529888	NA
349	Pulse	55	18840000	4539888	NA
349	Pulse	55	18850000	4549888	NA
349	Pulse	55	18860000	4559888	NA
349	Pulse	55	18870000	4569888	NA
349	Pulse	55	18880000	4579888	NA
349	Pulse	55	18890000	4589888	NA
349	Pulse	55	18900000	4599888	NA
349	Pulse	55	18910000	4609888	NA
349	Pulse	55	18920000	4619888	NA
349	Pulse	55	18930000	4629888	NA
349	Pulse	55	18940000	4639888	NA
349	Pulse	55	18950000	4649888	NA
349	Pulse	55	18960000	4659888	NA
349	Pulse	55	18970000	4669888	NA
349	Pulse	55	18980000	4679888	NA
349	Pulse	55	18990000	4689888	NA
349	Pulse	55	19000000	4699888	NA
349	Pulse	55	19010000	4709888	NA
349	Pulse	55	19020000	4719888	NA
349	Pulse	55	19030000	4729888	NA
349	Pulse	55	19040000	4739888	NA
349	Pulse	55	19050000	4749888	NA
349	Pulse	55	19060000	4759888	NA
349	Pulse	55	19070000	4769888	NA
349	Pulse	55	19080000	4779888	NA
349	Pulse	55	19090000	4789888	NA
349	Pulse	55	19100000	4799888	NA
349	Pulse	55	19110000	4809888	NA
349	Pulse	55	19120000	4819888	NA
349	Pulse	55	19130000	4829888	NA
349	Pulse	55	19140000	4839888	NA
349	Pulse	55	19150000	4849888	NA
349	Pulse	55	19160000	4859888	NA
349	Pulse	55	19170000	4869888	NA
349	Pulse	55	19180000	4879888	NA
349	Pulse	55	19190000	4889888	NA
349	Pulse	55	19200000	4899888	NA
349	Pulse	55	19210000	4909888	NA
349	Pulse	55	19220000	4919888	NA
349	Response	1	19227916	4927804	1
350	Pulse	55	19230000	1964	NA
350	Pulse	55	19240000	11964	NA
350	Pulse	55	19250000	21964	NA
350	Pulse	55	19260000	31964	NA
350	Pulse	55	19270000	41964	NA
350	Pulse	55	19280000	51964	NA
350	Pulse	55	19290000	61964	NA
350	Pulse	55	19300000	71964	NA
350	Pulse	55	19310000	81964	NA
350	Pulse	55	19320000	91964	NA
350	Pulse	55	19330000	101964	NA
350	Pulse	55	19340000	111964	NA
350	Pulse	55	19350000	121964	NA
350	Pulse	55	19360000	131964	NA
350	Pulse	55	19370000	141964	NA
350	Pulse	55	19380000	151964	NA
350	Pulse	55	19390000	161964	NA
350	Pulse	55	19400000	171964	NA
350	Pulse	55	19410000	181964	NA
350	Pulse	55	19420000	191964	NA
350	Pulse	55	19430000	201964	NA
350	Pulse	55	19440000	211964	NA
350	Pulse	55	19450000	221964	NA
350	Pulse	55	19460000	231964	NA
350	Pulse	55	19470000	241964	NA
350	Pulse	55	19480000	251964	NA
350	Pulse	55	19490000	261964	NA
350	Pulse	55	19500000	271964	NA
350	Pulse	55	19510000	281964	NA
350	Pulse	55	19520000	291964	NA
350	Pulse	55	19530000	301964	NA
350	Pulse	55	19540000	311964	NA
350	Pulse	55	19550000	321964	NA
350	Pulse	55	19560000	331964	NA
350	Pulse	55	19570000	341964	NA
350	Pulse	55	19580000	351964	NA
350	Pulse	55	19590000	361964	NA
350	Pulse	55	19600000	371964	NA
350	Pulse	55	19610000	381964	NA
350	Pulse	55	19620000	391964	NA
350	Pulse	55	19630000	401964	NA
350	Pulse	55	19640000	411964	NA
350	Pulse	55	19650000	421964	NA
350	Pulse	55	19660000	431964	NA
350	Pulse	55	19670000	441964	NA
350	Pulse	55	19680000	451964	NA
350	Pulse	55	19690000	461964	NA
350	Pulse	55	19700000	471964	NA
350	Pulse	55	19710000	481964	NA
350	Pulse	55	19720000	491964	NA
350	Pulse	55	19730000	501964	NA
350	Pulse	55	19740000	511964	NA
350	Pulse	55	19750000	521964	NA
350	Pulse	55	19760000	531964	NA
350	Pulse	55	19770000	541964	NA
350	Pulse	55	19780000	551964	NA
350	Pulse	55	19790000	561964	NA
350	Pulse	55	19800000	571964	NA
350	Pulse	55	19810000	581964	NA
350	Pulse	55	19820000	591964	NA
350	Pulse	55	19830000	601964	NA
350	Pulse	55	19840000	611964	NA
350	Pulse	55	19850000	621964	NA
350	Pulse	55	19860000	631964	NA
350	Pulse	55	19870000	641964	NA
350	Pulse	55	19880000	651964	NA
350	Pulse	55	19890000	661964	NA
350	Pulse	55	19900000	671964	NA
350	Pulse	55	19910000	681964	NA
350	Pulse	55	19920000	691964	NA
350	Pulse	55	19930000	701964	NA
350	Pulse	55	19940000	711964	NA
350	Pulse	55	19950000	721964	NA
350	Pulse	55	19960000	731964	NA
350	Pulse	55	19970000	741964	NA
350	Pulse	55	19980000	751964	NA
350	Pulse	55	19990000	761964	NA
350	Pulse	55	20000000	771964	NA
350	Pulse	55	20010000	781964	NA
350	Pulse	55	20020000	791964	NA
350	Pulse	55	20030000	801964	NA
350	Pulse	55	20040000	811964	NA
350	Pulse	55	20050000	821964	NA
350	Pulse	55	20060000	831964	NA
350	Pulse	55	20070000	841964	NA
350	Pulse	55	20080000	851964	NA
350	Pulse	55	20090000	861964	NA
350	Pulse	55	20100000	871964	NA
350	Pulse	55	20110000	881964	NA
350	Pulse	55	20120000	891964	NA
350	Pulse	55	20130000	901964	NA
350	Pulse	55	20140000	911964	NA
350	Pulse	55	20150000	921964	NA
350	Pulse	55	20160000	931964	NA
350	Pulse	55	20170000	941964	NA
350	Pulse	55	20180000	951964	NA
350	Pulse	55	20190000	961964	NA
350	Pulse	55	20200000	971964	NA
350	Pulse	55	20210000	981964	NA
350	Pulse	55	20220000	991964	NA
350	Pulse	55	20230000	1001964	NA
350	Pulse	55	20240000	1011964	NA
350	Pulse	55	20250000	1021964	NA
350	Pulse	55	20260000	1031964	NA
350	Pulse	55	20270000	1041964	NA
350	Pulse	55	20280000	1051964	NA
350	Pulse	55	20290000	1061964	NA
350	Pulse	55	20300000	1071964	NA
350	Pulse	55	20310000	1081964	NA
350	Pulse	55	20320000	1091964	NA
350	Pulse	55	20330000	1101964	NA
350	Pulse	55	20340000	1111964	NA
350	Pulse	55	20350000	1121964	NA
350	Pulse	55	20360000	1131964	NA
350	Pulse	55	20370000	1141964	NA
350	Pulse	55	20380000	1151964	NA
350	Pulse	55	20390000	1161964	NA
350	Pulse	55	20400000	1171964	NA
350	Pulse	55	20410000	1181964	NA
350	Pulse	55	20420000	1191964	NA
350	Pulse	55	20430000	1201964	NA
350	Pulse	55	20440000	1211964	NA
350	Pulse	55	20450000	1221964	NA
350	Pulse	55	20460000	1231964	NA
350	Pulse	55	20470000	1241964	NA
350	Pulse	55	20480000	1251964	NA
350	Pulse	55	20490000	1261964	NA
350	Pulse	55	20500000	1271964	NA
350	Pulse	55	20510000	1281964	NA
350	Pulse	55	20520000	1291964	NA
350	Pulse	55	20530000	1301964	NA
350	Response	1	20536472	1308436	1
