Scenario - Slideshow_D2.sce
Logfile written - 11/17/2021 19:00:02

Trial	Event Type	Code	Time	TTime	Uncertainty	Duration	Uncertainty	ReqTime	ReqDur	Stim Type	Pair Index

0	Pulse	55	0	0	NA
1	Pulse	55	10000	9334	NA
1	Pulse	55	20000	19334	NA
1	Pulse	55	30000	29334	NA
1	Pulse	55	40000	39334	NA
2	Pulse	55	50000	8668	NA
2	Pulse	55	60000	18668	NA
2	Pulse	55	70000	28668	NA
2	Pulse	55	80000	38668	NA
3	Pulse	55	90000	8001	NA
3	Pulse	55	100000	18001	NA
3	Pulse	55	110000	28001	NA
3	Pulse	55	120000	38001	NA
4	Pulse	55	130000	7335	NA
4	Pulse	55	140000	17335	NA
4	Pulse	55	150000	27335	NA
4	Pulse	55	160000	37335	NA
5	Pulse	55	170000	6669	NA
5	Pulse	55	180000	16669	NA
5	Pulse	55	190000	26669	NA
5	Pulse	55	200000	36669	NA
6	Pulse	55	210000	6003	NA
6	Pulse	55	220000	16003	NA
6	Pulse	55	230000	26003	NA
6	Pulse	55	240000	36003	NA
7	Pulse	55	250000	5337	NA
7	Pulse	55	260000	15337	NA
7	Pulse	55	270000	25337	NA
7	Pulse	55	280000	35337	NA
8	Pulse	55	290000	4671	NA
8	Pulse	55	300000	14671	NA
8	Pulse	55	310000	24671	NA
8	Pulse	55	320000	34671	NA
9	Pulse	55	330000	4005	NA
9	Pulse	55	340000	14005	NA
9	Pulse	55	350000	24005	NA
9	Pulse	55	360000	34005	NA
10	Pulse	55	370000	3506	NA
10	Pulse	55	380000	13506	NA
10	Pulse	55	390000	23506	NA
10	Pulse	55	400000	33506	NA
11	Pulse	55	410000	3006	NA
11	Pulse	55	420000	13006	NA
11	Pulse	55	430000	23006	NA
11	Pulse	55	440000	33006	NA
12	Pulse	55	450000	2507	NA
12	Pulse	55	460000	12507	NA
12	Pulse	55	470000	22507	NA
12	Pulse	55	480000	32507	NA
13	Pulse	55	490000	1841	NA
13	Pulse	55	500000	11841	NA
13	Pulse	55	510000	21841	NA
13	Pulse	55	520000	31841	NA
14	Pulse	55	530000	1175	NA
14	Pulse	55	540000	11175	NA
14	Pulse	55	550000	21175	NA
14	Pulse	55	560000	31175	NA
15	Pulse	55	570000	509	NA
15	Pulse	55	580000	10509	NA
15	Pulse	55	590000	20509	NA
15	Pulse	55	600000	30509	NA
15	Pulse	55	610000	40509	NA
16	Pulse	55	620000	9843	NA
16	Pulse	55	630000	19843	NA
16	Pulse	55	640000	29843	NA
16	Pulse	55	650000	39843	NA
17	Pulse	55	660000	9177	NA
17	Pulse	55	670000	19177	NA
17	Pulse	55	680000	29177	NA
17	Pulse	55	690000	39177	NA
18	Pulse	55	700000	8510	NA
18	Pulse	55	710000	18510	NA
18	Pulse	55	720000	28510	NA
18	Pulse	55	730000	38510	NA
19	Pulse	55	740000	7844	NA
19	Pulse	55	750000	17844	NA
19	Pulse	55	760000	27844	NA
19	Pulse	55	770000	37844	NA
20	Pulse	55	780000	7178	NA
20	Pulse	55	790000	17178	NA
20	Pulse	55	800000	27178	NA
20	Pulse	55	810000	37178	NA
21	Pulse	55	820000	6512	NA
21	Pulse	55	830000	16512	NA
21	Pulse	55	840000	26512	NA
21	Pulse	55	850000	36512	NA
22	Pulse	55	860000	5846	NA
22	Pulse	55	870000	15846	NA
22	Pulse	55	880000	25846	NA
22	Pulse	55	890000	35846	NA
23	Pulse	55	900000	5180	NA
23	Pulse	55	910000	15180	NA
23	Pulse	55	920000	25180	NA
23	Pulse	55	930000	35180	NA
24	Pulse	55	940000	4514	NA
24	Pulse	55	950000	14514	NA
24	Pulse	55	960000	24514	NA
24	Pulse	55	970000	34514	NA
25	Pulse	55	980000	3848	NA
25	Pulse	55	990000	13848	NA
25	Pulse	55	1000000	23848	NA
25	Pulse	55	1010000	33848	NA
26	Pulse	55	1020000	3182	NA
26	Pulse	55	1030000	13182	NA
26	Pulse	55	1040000	23182	NA
26	Pulse	55	1050000	33182	NA
27	Pulse	55	1060000	2516	NA
27	Pulse	55	1070000	12516	NA
27	Pulse	55	1080000	22516	NA
27	Pulse	55	1090000	32516	NA
28	Pulse	55	1100000	1850	NA
28	Pulse	55	1110000	11850	NA
28	Pulse	55	1120000	21850	NA
28	Pulse	55	1130000	31850	NA
29	Pulse	55	1140000	1184	NA
29	Pulse	55	1150000	11184	NA
29	Pulse	55	1160000	21184	NA
29	Pulse	55	1170000	31184	NA
30	Pulse	55	1180000	518	NA
30	Pulse	55	1190000	10518	NA
30	Pulse	55	1200000	20518	NA
30	Pulse	55	1210000	30518	NA
30	Pulse	55	1220000	40518	NA
31	Pulse	55	1230000	9851	NA
31	Pulse	55	1240000	19851	NA
31	Pulse	55	1250000	29851	NA
31	Pulse	55	1260000	39851	NA
32	Pulse	55	1270000	9186	NA
32	Pulse	55	1280000	19186	NA
32	Pulse	55	1290000	29186	NA
32	Pulse	55	1300000	39186	NA
33	Pulse	55	1310000	8519	NA
33	Pulse	55	1320000	18519	NA
33	Pulse	55	1330000	28519	NA
33	Pulse	55	1340000	38519	NA
34	Pulse	55	1350000	7853	NA
34	Pulse	55	1360000	17853	NA
34	Pulse	55	1370000	27853	NA
34	Pulse	55	1380000	37853	NA
35	Pulse	55	1390000	7187	NA
35	Pulse	55	1400000	17187	NA
35	Pulse	55	1410000	27187	NA
35	Pulse	55	1420000	37187	NA
36	Pulse	55	1430000	6521	NA
36	Pulse	55	1440000	16521	NA
36	Pulse	55	1450000	26521	NA
36	Pulse	55	1460000	36521	NA
37	Pulse	55	1470000	5855	NA
37	Pulse	55	1480000	15855	NA
37	Pulse	55	1490000	25855	NA
37	Pulse	55	1500000	35855	NA
38	Pulse	55	1510000	5022	NA
38	Pulse	55	1520000	15022	NA
38	Pulse	55	1530000	25022	NA
38	Pulse	55	1540000	35022	NA
39	Pulse	55	1550000	4356	NA
39	Pulse	55	1560000	14356	NA
39	Pulse	55	1570000	24356	NA
39	Pulse	55	1580000	34356	NA
40	Pulse	55	1590000	3690	NA
40	Pulse	55	1600000	13690	NA
40	Pulse	55	1610000	23690	NA
40	Pulse	55	1620000	33690	NA
41	Pulse	55	1630000	3024	NA
41	Pulse	55	1640000	13024	NA
41	Pulse	55	1650000	23024	NA
41	Pulse	55	1660000	33024	NA
42	Pulse	55	1670000	2358	NA
42	Pulse	55	1680000	12358	NA
42	Pulse	55	1690000	22358	NA
42	Pulse	55	1700000	32358	NA
43	Pulse	55	1710000	1692	NA
43	Pulse	55	1720000	11692	NA
43	Pulse	55	1730000	21692	NA
43	Pulse	55	1740000	31692	NA
44	Pulse	55	1750000	1026	NA
44	Pulse	55	1760000	11026	NA
44	Pulse	55	1770000	21026	NA
44	Pulse	55	1780000	31026	NA
45	Pulse	55	1790000	360	NA
45	Pulse	55	1800000	10360	NA
45	Pulse	55	1810000	20360	NA
45	Pulse	55	1820000	30360	NA
45	Pulse	55	1830000	40360	NA
46	Pulse	55	1840000	9694	NA
46	Pulse	55	1850000	19694	NA
46	Pulse	55	1860000	29694	NA
46	Pulse	55	1870000	39694	NA
47	Pulse	55	1880000	9028	NA
47	Pulse	55	1890000	19028	NA
47	Pulse	55	1900000	29028	NA
47	Pulse	55	1910000	39028	NA
48	Pulse	55	1920000	8362	NA
48	Pulse	55	1930000	18362	NA
48	Pulse	55	1940000	28362	NA
48	Pulse	55	1950000	38362	NA
49	Pulse	55	1960000	7696	NA
49	Pulse	55	1970000	17696	NA
49	Pulse	55	1980000	27696	NA
49	Pulse	55	1990000	37696	NA
50	Pulse	55	2000000	7030	NA
50	Pulse	55	2010000	17030	NA
50	Pulse	55	2020000	27030	NA
50	Pulse	55	2030000	37030	NA
51	Pulse	55	2040000	6364	NA
51	Pulse	55	2050000	16364	NA
51	Pulse	55	2060000	26364	NA
51	Pulse	55	2070000	36364	NA
52	Pulse	55	2080000	5697	NA
52	Pulse	55	2090000	15697	NA
52	Pulse	55	2100000	25697	NA
52	Pulse	55	2110000	35697	NA
53	Pulse	55	2120000	5031	NA
53	Pulse	55	2130000	15031	NA
53	Pulse	55	2140000	25031	NA
53	Pulse	55	2150000	35031	NA
54	Pulse	55	2160000	4365	NA
54	Pulse	55	2170000	14365	NA
54	Pulse	55	2180000	24365	NA
54	Pulse	55	2190000	34365	NA
55	Pulse	55	2200000	3699	NA
55	Pulse	55	2210000	13699	NA
55	Pulse	55	2220000	23699	NA
55	Pulse	55	2230000	33699	NA
56	Pulse	55	2240000	2867	NA
56	Pulse	55	2250000	12867	NA
56	Pulse	55	2260000	22867	NA
56	Pulse	55	2270000	32867	NA
57	Pulse	55	2280000	2200	NA
57	Pulse	55	2290000	12200	NA
57	Pulse	55	2300000	22200	NA
57	Pulse	55	2310000	32200	NA
58	Pulse	55	2320000	1534	NA
58	Pulse	55	2330000	11534	NA
58	Pulse	55	2340000	21534	NA
58	Pulse	55	2350000	31534	NA
59	Pulse	55	2360000	868	NA
59	Pulse	55	2370000	10868	NA
59	Pulse	55	2380000	20868	NA
59	Pulse	55	2390000	30868	NA
60	Pulse	55	2400000	202	NA
60	Pulse	55	2410000	10202	NA
60	Pulse	55	2420000	20202	NA
60	Pulse	55	2430000	30202	NA
60	Pulse	55	2440000	40202	NA
61	Pulse	55	2450000	9536	NA
61	Pulse	55	2460000	19536	NA
61	Pulse	55	2470000	29536	NA
61	Pulse	55	2480000	39536	NA
62	Pulse	55	2490000	8870	NA
62	Pulse	55	2500000	18870	NA
62	Pulse	55	2510000	28870	NA
62	Pulse	55	2520000	38870	NA
63	Pulse	55	2530000	8204	NA
63	Pulse	55	2540000	18204	NA
63	Pulse	55	2550000	28204	NA
63	Pulse	55	2560000	38204	NA
64	Pulse	55	2570000	7538	NA
64	Pulse	55	2580000	17538	NA
64	Pulse	55	2590000	27538	NA
64	Pulse	55	2600000	37538	NA
65	Pulse	55	2610000	6872	NA
65	Pulse	55	2620000	16872	NA
65	Pulse	55	2630000	26872	NA
65	Pulse	55	2640000	36872	NA
66	Pulse	55	2650000	6206	NA
66	Pulse	55	2660000	16206	NA
66	Pulse	55	2670000	26206	NA
66	Pulse	55	2680000	36206	NA
67	Pulse	55	2690000	5540	NA
67	Pulse	55	2700000	15540	NA
67	Pulse	55	2710000	25540	NA
67	Pulse	55	2720000	35540	NA
68	Pulse	55	2730000	4874	NA
68	Pulse	55	2740000	14874	NA
68	Pulse	55	2750000	24874	NA
68	Pulse	55	2760000	34874	NA
69	Pulse	55	2770000	4208	NA
69	Pulse	55	2780000	14208	NA
69	Pulse	55	2790000	24208	NA
69	Pulse	55	2800000	34208	NA
70	Pulse	55	2810000	3542	NA
70	Pulse	55	2820000	13542	NA
70	Pulse	55	2830000	23542	NA
70	Pulse	55	2840000	33542	NA
71	Pulse	55	2850000	2876	NA
71	Pulse	55	2860000	12876	NA
71	Pulse	55	2870000	22876	NA
71	Pulse	55	2880000	32876	NA
72	Pulse	55	2890000	2210	NA
72	Pulse	55	2900000	12210	NA
72	Pulse	55	2910000	22210	NA
72	Pulse	55	2920000	32210	NA
73	Pulse	55	2930000	1543	NA
73	Pulse	55	2940000	11543	NA
73	Pulse	55	2950000	21543	NA
73	Pulse	55	2960000	31543	NA
74	Pulse	55	2970000	877	NA
74	Pulse	55	2980000	10877	NA
74	Pulse	55	2990000	20877	NA
74	Pulse	55	3000000	30877	NA
75	Pulse	55	3010000	211	NA
75	Pulse	55	3020000	10211	NA
75	Pulse	55	3030000	20211	NA
75	Pulse	55	3040000	30211	NA
75	Pulse	55	3050000	40211	NA
76	Pulse	55	3060000	9545	NA
76	Pulse	55	3070000	19545	NA
76	Pulse	55	3080000	29545	NA
76	Pulse	55	3090000	39545	NA
77	Pulse	55	3100000	8879	NA
77	Pulse	55	3110000	18879	NA
77	Pulse	55	3120000	28879	NA
77	Pulse	55	3130000	38879	NA
78	Pulse	55	3140000	8213	NA
78	Pulse	55	3150000	18213	NA
78	Pulse	55	3160000	28213	NA
78	Pulse	55	3170000	38213	NA
79	Pulse	55	3180000	7547	NA
79	Pulse	55	3190000	17547	NA
79	Pulse	55	3200000	27547	NA
79	Pulse	55	3210000	37547	NA
80	Pulse	55	3220000	6881	NA
80	Pulse	55	3230000	16881	NA
80	Pulse	55	3240000	26881	NA
80	Pulse	55	3250000	36881	NA
81	Pulse	55	3260000	6215	NA
81	Pulse	55	3270000	16215	NA
81	Pulse	55	3280000	26215	NA
81	Pulse	55	3290000	36215	NA
82	Pulse	55	3300000	5549	NA
82	Pulse	55	3310000	15549	NA
82	Pulse	55	3320000	25549	NA
82	Pulse	55	3330000	35549	NA
83	Pulse	55	3340000	4883	NA
83	Pulse	55	3350000	14883	NA
83	Pulse	55	3360000	24883	NA
83	Pulse	55	3370000	34883	NA
84	Pulse	55	3380000	4217	NA
84	Pulse	55	3390000	14217	NA
84	Pulse	55	3400000	24217	NA
84	Pulse	55	3410000	34217	NA
85	Pulse	55	3420000	3551	NA
85	Pulse	55	3430000	13551	NA
85	Pulse	55	3440000	23551	NA
85	Pulse	55	3450000	33551	NA
86	Pulse	55	3460000	2885	NA
86	Pulse	55	3470000	12885	NA
86	Pulse	55	3480000	22885	NA
86	Pulse	55	3490000	32885	NA
87	Pulse	55	3500000	2218	NA
87	Pulse	55	3510000	12218	NA
87	Pulse	55	3520000	22218	NA
87	Pulse	55	3530000	32218	NA
88	Pulse	55	3540000	1552	NA
88	Pulse	55	3550000	11552	NA
88	Pulse	55	3560000	21552	NA
88	Pulse	55	3570000	31552	NA
89	Pulse	55	3580000	886	NA
89	Pulse	55	3590000	10886	NA
89	Pulse	55	3600000	20886	NA
89	Pulse	55	3610000	30886	NA
90	Pulse	55	3620000	220	NA
90	Pulse	55	3630000	10220	NA
90	Pulse	55	3640000	20220	NA
90	Pulse	55	3650000	30220	NA
90	Pulse	55	3660000	40220	NA
91	Pulse	55	3670000	9554	NA
91	Pulse	55	3680000	19554	NA
91	Pulse	55	3690000	29554	NA
91	Pulse	55	3700000	39554	NA
92	Pulse	55	3710000	8888	NA
92	Pulse	55	3720000	18888	NA
92	Pulse	55	3730000	28888	NA
92	Pulse	55	3740000	38888	NA
93	Pulse	55	3750000	8222	NA
93	Pulse	55	3760000	18222	NA
93	Pulse	55	3770000	28222	NA
93	Pulse	55	3780000	38222	NA
94	Pulse	55	3790000	7556	NA
94	Pulse	55	3800000	17556	NA
94	Pulse	55	3810000	27556	NA
94	Pulse	55	3820000	37556	NA
95	Pulse	55	3830000	6890	NA
95	Pulse	55	3840000	16890	NA
95	Pulse	55	3850000	26890	NA
95	Pulse	55	3860000	36890	NA
96	Pulse	55	3870000	6224	NA
96	Pulse	55	3880000	16224	NA
96	Pulse	55	3890000	26224	NA
96	Pulse	55	3900000	36224	NA
97	Pulse	55	3910000	5558	NA
97	Pulse	55	3920000	15558	NA
97	Pulse	55	3930000	25558	NA
97	Pulse	55	3940000	35558	NA
98	Pulse	55	3950000	4892	NA
98	Pulse	55	3960000	14892	NA
98	Pulse	55	3970000	24892	NA
98	Pulse	55	3980000	34892	NA
99	Pulse	55	3990000	4226	NA
99	Pulse	55	4000000	14226	NA
99	Pulse	55	4010000	24226	NA
99	Pulse	55	4020000	34226	NA
100	Pulse	55	4030000	3560	NA
100	Pulse	55	4040000	13560	NA
100	Pulse	55	4050000	23560	NA
100	Pulse	55	4060000	33560	NA
101	Pulse	55	4070000	2894	NA
101	Pulse	55	4080000	12894	NA
101	Pulse	55	4090000	22894	NA
101	Pulse	55	4100000	32894	NA
102	Pulse	55	4110000	2228	NA
102	Pulse	55	4120000	12228	NA
102	Pulse	55	4130000	22228	NA
102	Pulse	55	4140000	32228	NA
103	Pulse	55	4150000	1561	NA
103	Pulse	55	4160000	11561	NA
103	Pulse	55	4170000	21561	NA
103	Pulse	55	4180000	31561	NA
104	Pulse	55	4190000	895	NA
104	Pulse	55	4200000	10895	NA
104	Pulse	55	4210000	20895	NA
104	Pulse	55	4220000	30895	NA
105	Pulse	55	4230000	229	NA
105	Pulse	55	4240000	10229	NA
105	Pulse	55	4250000	20229	NA
105	Pulse	55	4260000	30229	NA
105	Pulse	55	4270000	40229	NA
106	Pulse	55	4280000	9563	NA
106	Pulse	55	4290000	19563	NA
106	Pulse	55	4300000	29563	NA
106	Pulse	55	4310000	39563	NA
107	Pulse	55	4320000	9064	NA
107	Pulse	55	4330000	19064	NA
107	Pulse	55	4340000	29064	NA
107	Pulse	55	4350000	39064	NA
108	Pulse	55	4360000	8564	NA
108	Pulse	55	4370000	18564	NA
108	Pulse	55	4380000	28564	NA
108	Pulse	55	4390000	38564	NA
109	Pulse	55	4400000	7898	NA
109	Pulse	55	4410000	17898	NA
109	Pulse	55	4420000	27898	NA
109	Pulse	55	4430000	37898	NA
110	Pulse	55	4440000	7232	NA
110	Pulse	55	4450000	17232	NA
110	Pulse	55	4460000	27232	NA
110	Pulse	55	4470000	37232	NA
111	Pulse	55	4480000	6566	NA
111	Pulse	55	4490000	16566	NA
111	Pulse	55	4500000	26566	NA
111	Pulse	55	4510000	36566	NA
112	Pulse	55	4520000	5900	NA
112	Pulse	55	4530000	15900	NA
112	Pulse	55	4540000	25900	NA
112	Pulse	55	4550000	35900	NA
113	Pulse	55	4560000	5234	NA
113	Pulse	55	4570000	15234	NA
113	Pulse	55	4580000	25234	NA
113	Pulse	55	4590000	35234	NA
114	Pulse	55	4600000	4568	NA
114	Pulse	55	4610000	14568	NA
114	Pulse	55	4620000	24568	NA
114	Pulse	55	4630000	34568	NA
115	Pulse	55	4640000	4069	NA
115	Pulse	55	4650000	14069	NA
115	Pulse	55	4660000	24069	NA
115	Pulse	55	4670000	34069	NA
116	Pulse	55	4680000	3403	NA
116	Pulse	55	4690000	13403	NA
116	Pulse	55	4700000	23403	NA
116	Pulse	55	4710000	33403	NA
117	Pulse	55	4720000	2737	NA
117	Pulse	55	4730000	12737	NA
117	Pulse	55	4740000	22737	NA
117	Pulse	55	4750000	32737	NA
118	Pulse	55	4760000	2237	NA
118	Pulse	55	4770000	12237	NA
118	Pulse	55	4780000	22237	NA
118	Pulse	55	4790000	32237	NA
119	Pulse	55	4800000	1571	NA
119	Pulse	55	4810000	11571	NA
119	Pulse	55	4820000	21571	NA
119	Pulse	55	4830000	31571	NA
120	Pulse	55	4840000	905	NA
120	Pulse	55	4850000	10905	NA
120	Pulse	55	4860000	20905	NA
120	Pulse	55	4870000	30905	NA
121	Pulse	55	4880000	406	NA
121	Pulse	55	4890000	10406	NA
121	Pulse	55	4900000	20406	NA
121	Pulse	55	4910000	30406	NA
121	Pulse	55	4920000	40406	NA
122	Pulse	55	4930000	9740	NA
122	Pulse	55	4940000	19740	NA
122	Pulse	55	4950000	29740	NA
122	Pulse	55	4960000	39740	NA
123	Pulse	55	4970000	9240	NA
123	Pulse	55	4980000	19240	NA
123	Pulse	55	4990000	29240	NA
123	Pulse	55	5000000	39240	NA
124	Pulse	55	5010000	8741	NA
124	Pulse	55	5020000	18741	NA
124	Pulse	55	5030000	28741	NA
124	Pulse	55	5040000	38741	NA
125	Pulse	55	5050000	8241	NA
125	Pulse	55	5060000	18241	NA
125	Pulse	55	5070000	28241	NA
125	Pulse	55	5080000	38241	NA
126	Pulse	55	5090000	7575	NA
126	Pulse	55	5100000	17575	NA
126	Pulse	55	5110000	27575	NA
126	Pulse	55	5120000	37575	NA
127	Pulse	55	5130000	6909	NA
127	Pulse	55	5140000	16909	NA
127	Pulse	55	5150000	26909	NA
127	Pulse	55	5160000	36909	NA
128	Pulse	55	5170000	6243	NA
128	Pulse	55	5180000	16243	NA
128	Pulse	55	5190000	26243	NA
128	Pulse	55	5200000	36243	NA
129	Pulse	55	5210000	5577	NA
129	Pulse	55	5220000	15577	NA
129	Pulse	55	5230000	25577	NA
129	Pulse	55	5240000	35577	NA
130	Pulse	55	5250000	4911	NA
130	Pulse	55	5260000	14911	NA
130	Pulse	55	5270000	24911	NA
130	Pulse	55	5280000	34911	NA
131	Pulse	55	5290000	4245	NA
131	Pulse	55	5300000	14245	NA
131	Pulse	55	5310000	24245	NA
131	Pulse	55	5320000	34245	NA
132	Pulse	55	5330000	3746	NA
132	Pulse	55	5340000	13746	NA
132	Pulse	55	5350000	23746	NA
132	Pulse	55	5360000	33746	NA
133	Pulse	55	5370000	3079	NA
133	Pulse	55	5380000	13079	NA
133	Pulse	55	5390000	23079	NA
133	Pulse	55	5400000	33079	NA
134	Pulse	55	5410000	2413	NA
134	Pulse	55	5420000	12413	NA
134	Pulse	55	5430000	22413	NA
134	Pulse	55	5440000	32413	NA
135	Pulse	55	5450000	1747	NA
135	Pulse	55	5460000	11747	NA
135	Pulse	55	5470000	21747	NA
135	Pulse	55	5480000	31747	NA
136	Pulse	55	5490000	1081	NA
136	Pulse	55	5500000	11081	NA
136	Pulse	55	5510000	21081	NA
136	Pulse	55	5520000	31081	NA
137	Pulse	55	5530000	415	NA
137	Pulse	55	5540000	10415	NA
137	Pulse	55	5550000	20415	NA
137	Pulse	55	5560000	30415	NA
137	Pulse	55	5570000	40415	NA
138	Pulse	55	5580000	9916	NA
138	Pulse	55	5590000	19916	NA
138	Pulse	55	5600000	29916	NA
138	Pulse	55	5610000	39916	NA
139	Pulse	55	5620000	9250	NA
139	Pulse	55	5630000	19250	NA
139	Pulse	55	5640000	29250	NA
139	Pulse	55	5650000	39250	NA
140	Pulse	55	5660000	8584	NA
140	Pulse	55	5670000	18584	NA
140	Pulse	55	5680000	28584	NA
140	Pulse	55	5690000	38584	NA
141	Pulse	55	5700000	8084	NA
141	Pulse	55	5710000	18084	NA
141	Pulse	55	5720000	28084	NA
141	Pulse	55	5730000	38084	NA
142	Pulse	55	5740000	7418	NA
142	Pulse	55	5750000	17418	NA
142	Pulse	55	5760000	27418	NA
142	Pulse	55	5770000	37418	NA
143	Pulse	55	5780000	6752	NA
143	Pulse	55	5790000	16752	NA
143	Pulse	55	5800000	26752	NA
143	Pulse	55	5810000	36752	NA
144	Pulse	55	5820000	6253	NA
144	Pulse	55	5830000	16253	NA
144	Pulse	55	5840000	26253	NA
144	Pulse	55	5850000	36253	NA
145	Pulse	55	5860000	5753	NA
145	Pulse	55	5870000	15753	NA
145	Pulse	55	5880000	25753	NA
145	Pulse	55	5890000	35753	NA
146	Pulse	55	5900000	5087	NA
146	Pulse	55	5910000	15087	NA
146	Pulse	55	5920000	25087	NA
146	Pulse	55	5930000	35087	NA
147	Pulse	55	5940000	4421	NA
147	Pulse	55	5950000	14421	NA
147	Pulse	55	5960000	24421	NA
147	Pulse	55	5970000	34421	NA
148	Pulse	55	5980000	3755	NA
148	Pulse	55	5990000	13755	NA
148	Pulse	55	6000000	23755	NA
148	Pulse	55	6010000	33755	NA
149	Pulse	55	6020000	3089	NA
149	Pulse	55	6030000	13089	NA
149	Pulse	55	6040000	23089	NA
149	Pulse	55	6050000	33089	NA
150	Pulse	55	6060000	2423	NA
150	Pulse	55	6070000	12423	NA
150	Pulse	55	6080000	22423	NA
150	Pulse	55	6090000	32423	NA
151	Pulse	55	6100000	1757	NA
151	Pulse	55	6110000	11757	NA
151	Pulse	55	6120000	21757	NA
151	Pulse	55	6130000	31757	NA
152	Pulse	55	6140000	1091	NA
152	Pulse	55	6150000	11091	NA
152	Pulse	55	6160000	21091	NA
152	Pulse	55	6170000	31091	NA
153	Pulse	55	6180000	592	NA
153	Pulse	55	6190000	10592	NA
153	Pulse	55	6200000	20592	NA
153	Pulse	55	6210000	30592	NA
154	Pulse	55	6220000	92	NA
154	Pulse	55	6230000	10092	NA
154	Pulse	55	6240000	20092	NA
154	Pulse	55	6250000	30092	NA
154	Pulse	55	6260000	40092	NA
155	Pulse	55	6270000	9593	NA
155	Pulse	55	6280000	19593	NA
155	Pulse	55	6290000	29593	NA
155	Pulse	55	6300000	39593	NA
156	Pulse	55	6310000	9093	NA
156	Pulse	55	6320000	19093	NA
156	Pulse	55	6330000	29093	NA
156	Pulse	55	6340000	39093	NA
157	Pulse	55	6350000	8594	NA
157	Pulse	55	6360000	18594	NA
157	Pulse	55	6370000	28594	NA
157	Pulse	55	6380000	38594	NA
158	Pulse	55	6390000	8095	NA
158	Pulse	55	6400000	18095	NA
158	Pulse	55	6410000	28095	NA
158	Pulse	55	6420000	38095	NA
159	Pulse	55	6430000	7428	NA
159	Pulse	55	6440000	17428	NA
159	Pulse	55	6450000	27428	NA
159	Pulse	55	6460000	37428	NA
160	Pulse	55	6470000	6762	NA
160	Pulse	55	6480000	16762	NA
160	Pulse	55	6490000	26762	NA
160	Pulse	55	6500000	36762	NA
161	Pulse	55	6510000	6096	NA
161	Pulse	55	6520000	16096	NA
161	Pulse	55	6530000	26096	NA
161	Pulse	55	6540000	36096	NA
162	Pulse	55	6550000	5597	NA
162	Pulse	55	6560000	15597	NA
162	Pulse	55	6570000	25597	NA
162	Pulse	55	6580000	35597	NA
163	Pulse	55	6590000	4931	NA
163	Pulse	55	6600000	14931	NA
163	Pulse	55	6610000	24931	NA
163	Pulse	55	6620000	34931	NA
164	Pulse	55	6630000	4265	NA
164	Pulse	55	6640000	14265	NA
164	Pulse	55	6650000	24265	NA
164	Pulse	55	6660000	34265	NA
165	Pulse	55	6670000	3599	NA
165	Pulse	55	6680000	13599	NA
165	Pulse	55	6690000	23599	NA
165	Pulse	55	6700000	33599	NA
166	Pulse	55	6710000	2933	NA
166	Pulse	55	6720000	12933	NA
166	Pulse	55	6730000	22933	NA
166	Pulse	55	6740000	32933	NA
167	Pulse	55	6750000	2267	NA
167	Pulse	55	6760000	12267	NA
167	Pulse	55	6770000	22267	NA
167	Pulse	55	6780000	32267	NA
168	Pulse	55	6790000	1600	NA
168	Pulse	55	6800000	11600	NA
168	Pulse	55	6810000	21600	NA
168	Pulse	55	6820000	31600	NA
169	Pulse	55	6830000	1101	NA
169	Pulse	55	6840000	11101	NA
169	Pulse	55	6850000	21101	NA
169	Pulse	55	6860000	31101	NA
170	Pulse	55	6870000	435	NA
170	Pulse	55	6880000	10435	NA
170	Pulse	55	6890000	20435	NA
170	Pulse	55	6900000	30435	NA
170	Pulse	55	6910000	40435	NA
171	Pulse	55	6920000	9936	NA
171	Pulse	55	6930000	19936	NA
171	Pulse	55	6940000	29936	NA
171	Pulse	55	6950000	39936	NA
172	Pulse	55	6960000	9436	NA
172	Pulse	55	6970000	19436	NA
172	Pulse	55	6980000	29436	NA
172	Pulse	55	6990000	39436	NA
173	Pulse	55	7000000	8770	NA
173	Pulse	55	7010000	18770	NA
173	Pulse	55	7020000	28770	NA
173	Pulse	55	7030000	38770	NA
174	Pulse	55	7040000	8271	NA
174	Pulse	55	7050000	18271	NA
174	Pulse	55	7060000	28271	NA
174	Pulse	55	7070000	38271	NA
175	Pulse	55	7080000	7771	NA
175	Pulse	55	7090000	17771	NA
175	Pulse	55	7100000	27771	NA
175	Pulse	55	7110000	37771	NA
176	Pulse	55	7120000	7106	NA
176	Pulse	55	7130000	17106	NA
176	Pulse	55	7140000	27106	NA
176	Pulse	55	7150000	37106	NA
177	Pulse	55	7160000	6439	NA
177	Pulse	55	7170000	16439	NA
177	Pulse	55	7180000	26439	NA
177	Pulse	55	7190000	36439	NA
178	Pulse	55	7200000	5940	NA
178	Pulse	55	7210000	15940	NA
178	Pulse	55	7220000	25940	NA
178	Pulse	55	7230000	35940	NA
179	Pulse	55	7240000	5440	NA
179	Pulse	55	7250000	15440	NA
179	Pulse	55	7260000	25440	NA
179	Pulse	55	7270000	35440	NA
180	Pulse	55	7280000	4774	NA
180	Pulse	55	7290000	14774	NA
180	Pulse	55	7300000	24774	NA
180	Pulse	55	7310000	34774	NA
181	Pulse	55	7320000	4108	NA
181	Pulse	55	7330000	14108	NA
181	Pulse	55	7340000	24108	NA
181	Pulse	55	7350000	34108	NA
182	Pulse	55	7360000	3442	NA
182	Pulse	55	7370000	13442	NA
182	Pulse	55	7380000	23442	NA
182	Pulse	55	7390000	33442	NA
183	Pulse	55	7400000	2776	NA
183	Pulse	55	7410000	12776	NA
183	Pulse	55	7420000	22776	NA
183	Pulse	55	7430000	32776	NA
184	Pulse	55	7440000	2110	NA
184	Pulse	55	7450000	12110	NA
184	Pulse	55	7460000	22110	NA
184	Pulse	55	7470000	32110	NA
185	Pulse	55	7480000	1611	NA
185	Pulse	55	7490000	11611	NA
185	Pulse	55	7500000	21611	NA
185	Pulse	55	7510000	31611	NA
186	Pulse	55	7520000	945	NA
186	Pulse	55	7530000	10945	NA
186	Pulse	55	7540000	20945	NA
186	Pulse	55	7550000	30945	NA
187	Pulse	55	7560000	279	NA
187	Pulse	55	7570000	10279	NA
187	Pulse	55	7580000	20279	NA
187	Pulse	55	7590000	30279	NA
187	Pulse	55	7600000	40279	NA
188	Pulse	55	7610000	9613	NA
188	Pulse	55	7620000	19613	NA
188	Pulse	55	7630000	29613	NA
188	Pulse	55	7640000	39613	NA
189	Pulse	55	7650000	8946	NA
189	Pulse	55	7660000	18946	NA
189	Pulse	55	7670000	28946	NA
189	Pulse	55	7680000	38946	NA
190	Pulse	55	7690000	8280	NA
190	Pulse	55	7700000	18280	NA
190	Pulse	55	7710000	28280	NA
190	Pulse	55	7720000	38280	NA
191	Pulse	55	7730000	7614	NA
191	Pulse	55	7740000	17614	NA
191	Pulse	55	7750000	27614	NA
191	Pulse	55	7760000	37614	NA
192	Pulse	55	7770000	6948	NA
192	Pulse	55	7780000	16948	NA
192	Pulse	55	7790000	26948	NA
192	Pulse	55	7800000	36948	NA
193	Pulse	55	7810000	6282	NA
193	Pulse	55	7820000	16282	NA
193	Pulse	55	7830000	26282	NA
193	Pulse	55	7840000	36282	NA
194	Pulse	55	7850000	5616	NA
194	Pulse	55	7860000	15616	NA
194	Pulse	55	7870000	25616	NA
194	Pulse	55	7880000	35616	NA
195	Pulse	55	7890000	4950	NA
195	Pulse	55	7900000	14950	NA
195	Pulse	55	7910000	24950	NA
195	Pulse	55	7920000	34950	NA
196	Pulse	55	7930000	4284	NA
196	Pulse	55	7940000	14284	NA
196	Pulse	55	7950000	24284	NA
196	Pulse	55	7960000	34284	NA
197	Pulse	55	7970000	3785	NA
197	Pulse	55	7980000	13785	NA
197	Pulse	55	7990000	23785	NA
197	Pulse	55	8000000	33785	NA
198	Pulse	55	8010000	3285	NA
198	Pulse	55	8020000	13285	NA
198	Pulse	55	8030000	23285	NA
198	Pulse	55	8040000	33285	NA
199	Pulse	55	8050000	2619	NA
199	Pulse	55	8060000	12619	NA
199	Pulse	55	8070000	22619	NA
199	Pulse	55	8080000	32619	NA
200	Pulse	55	8090000	1953	NA
200	Pulse	55	8100000	11953	NA
200	Pulse	55	8110000	21953	NA
200	Pulse	55	8120000	31953	NA
201	Pulse	55	8130000	1454	NA
201	Pulse	55	8140000	11454	NA
201	Pulse	55	8150000	21454	NA
201	Pulse	55	8160000	31454	NA
202	Pulse	55	8170000	788	NA
202	Pulse	55	8180000	10788	NA
202	Pulse	55	8190000	20788	NA
202	Pulse	55	8200000	30788	NA
203	Pulse	55	8210000	288	NA
203	Pulse	55	8220000	10288	NA
203	Pulse	55	8230000	20288	NA
203	Pulse	55	8240000	30288	NA
203	Pulse	55	8250000	40288	NA
204	Pulse	55	8260000	9622	NA
204	Pulse	55	8270000	19622	NA
204	Pulse	55	8280000	29622	NA
204	Pulse	55	8290000	39622	NA
205	Pulse	55	8300000	9123	NA
205	Pulse	55	8310000	19123	NA
205	Pulse	55	8320000	29123	NA
205	Pulse	55	8330000	39123	NA
206	Pulse	55	8340000	8457	NA
206	Pulse	55	8350000	18457	NA
206	Pulse	55	8360000	28457	NA
206	Pulse	55	8370000	38457	NA
207	Pulse	55	8380000	7957	NA
207	Pulse	55	8390000	17957	NA
207	Pulse	55	8400000	27957	NA
207	Pulse	55	8410000	37957	NA
208	Pulse	55	8420000	7458	NA
208	Pulse	55	8430000	17458	NA
208	Pulse	55	8440000	27458	NA
208	Pulse	55	8450000	37458	NA
209	Pulse	55	8460000	6792	NA
209	Pulse	55	8470000	16792	NA
209	Pulse	55	8480000	26792	NA
209	Pulse	55	8490000	36792	NA
210	Pulse	55	8500000	6292	NA
210	Pulse	55	8510000	16292	NA
210	Pulse	55	8520000	26292	NA
210	Pulse	55	8530000	36292	NA
211	Pulse	55	8540000	5793	NA
211	Pulse	55	8550000	15793	NA
211	Pulse	55	8560000	25793	NA
211	Pulse	55	8570000	35793	NA
212	Pulse	55	8580000	5294	NA
212	Pulse	55	8590000	15294	NA
212	Pulse	55	8600000	25294	NA
212	Pulse	55	8610000	35294	NA
213	Pulse	55	8620000	4794	NA
213	Pulse	55	8630000	14794	NA
213	Pulse	55	8640000	24794	NA
213	Pulse	55	8650000	34794	NA
214	Pulse	55	8660000	4128	NA
214	Pulse	55	8670000	14128	NA
214	Pulse	55	8680000	24128	NA
214	Pulse	55	8690000	34128	NA
215	Pulse	55	8700000	3462	NA
215	Pulse	55	8710000	13462	NA
215	Pulse	55	8720000	23462	NA
215	Pulse	55	8730000	33462	NA
216	Pulse	55	8740000	2796	NA
216	Pulse	55	8750000	12796	NA
216	Pulse	55	8760000	22796	NA
216	Pulse	55	8770000	32796	NA
217	Pulse	55	8780000	2463	NA
217	Pulse	55	8790000	12463	NA
217	Pulse	55	8800000	22463	NA
217	Pulse	55	8810000	32463	NA
218	Pulse	55	8820000	1797	NA
218	Pulse	55	8830000	11797	NA
218	Pulse	55	8840000	21797	NA
218	Pulse	55	8850000	31797	NA
219	Pulse	55	8860000	1298	NA
219	Pulse	55	8870000	11298	NA
219	Pulse	55	8880000	21298	NA
219	Pulse	55	8890000	31298	NA
220	Pulse	55	8900000	632	NA
220	Pulse	55	8910000	10632	NA
220	Pulse	55	8920000	20632	NA
220	Pulse	55	8930000	30632	NA
220	Pulse	55	8940000	40632	NA
221	Pulse	55	8950000	9966	NA
221	Pulse	55	8960000	19966	NA
221	Pulse	55	8970000	29966	NA
221	Pulse	55	8980000	39966	NA
222	Pulse	55	8990000	9466	NA
222	Pulse	55	9000000	19466	NA
222	Pulse	55	9010000	29466	NA
222	Pulse	55	9020000	39466	NA
223	Pulse	55	9030000	8800	NA
223	Pulse	55	9040000	18800	NA
223	Pulse	55	9050000	28800	NA
223	Pulse	55	9060000	38800	NA
224	Pulse	55	9070000	8134	NA
224	Pulse	55	9080000	18134	NA
224	Pulse	55	9090000	28134	NA
224	Pulse	55	9100000	38134	NA
225	Pulse	55	9110000	7635	NA
225	Pulse	55	9120000	17635	NA
225	Pulse	55	9130000	27635	NA
225	Pulse	55	9140000	37635	NA
226	Pulse	55	9150000	7135	NA
226	Pulse	55	9160000	17135	NA
226	Pulse	55	9170000	27135	NA
226	Pulse	55	9180000	37135	NA
227	Pulse	55	9190000	6469	NA
227	Pulse	55	9200000	16469	NA
227	Pulse	55	9210000	26469	NA
227	Pulse	55	9220000	36469	NA
228	Pulse	55	9230000	5803	NA
228	Pulse	55	9240000	15803	NA
228	Pulse	55	9250000	25803	NA
228	Pulse	55	9260000	35803	NA
229	Pulse	55	9270000	5137	NA
229	Pulse	55	9280000	15137	NA
229	Pulse	55	9290000	25137	NA
229	Pulse	55	9300000	35137	NA
230	Pulse	55	9310000	4471	NA
230	Pulse	55	9320000	14471	NA
230	Pulse	55	9330000	24471	NA
230	Pulse	55	9340000	34471	NA
231	Pulse	55	9350000	3972	NA
231	Pulse	55	9360000	13972	NA
231	Pulse	55	9370000	23972	NA
231	Pulse	55	9380000	33972	NA
232	Pulse	55	9390000	3306	NA
232	Pulse	55	9400000	13306	NA
232	Pulse	55	9410000	23306	NA
232	Pulse	55	9420000	33306	NA
233	Pulse	55	9430000	2640	NA
233	Pulse	55	9440000	12640	NA
233	Pulse	55	9450000	22640	NA
233	Pulse	55	9460000	32640	NA
234	Pulse	55	9470000	1973	NA
234	Pulse	55	9480000	11973	NA
234	Pulse	55	9490000	21973	NA
234	Pulse	55	9500000	31973	NA
235	Pulse	55	9510000	1307	NA
235	Pulse	55	9520000	11307	NA
235	Pulse	55	9530000	21307	NA
235	Pulse	55	9540000	31307	NA
236	Pulse	55	9550000	641	NA
236	Pulse	55	9560000	10641	NA
236	Pulse	55	9570000	20641	NA
236	Pulse	55	9580000	30641	NA
236	Pulse	55	9590000	40641	NA
237	Pulse	55	9600000	9975	NA
237	Pulse	55	9610000	19975	NA
237	Pulse	55	9620000	29975	NA
237	Pulse	55	9630000	39975	NA
238	Pulse	55	9640000	9309	NA
238	Pulse	55	9650000	19309	NA
238	Pulse	55	9660000	29309	NA
238	Pulse	55	9670000	39309	NA
239	Pulse	55	9680000	8810	NA
239	Pulse	55	9690000	18810	NA
239	Pulse	55	9700000	28810	NA
239	Pulse	55	9710000	38810	NA
240	Pulse	55	9720000	8144	NA
240	Pulse	55	9730000	18144	NA
240	Pulse	55	9740000	28144	NA
240	Pulse	55	9750000	38144	NA
241	Pulse	55	9760000	7644	NA
241	Pulse	55	9770000	17644	NA
241	Pulse	55	9780000	27644	NA
241	Pulse	55	9790000	37644	NA
242	Pulse	55	9800000	6978	NA
242	Pulse	55	9810000	16978	NA
242	Pulse	55	9820000	26978	NA
242	Pulse	55	9830000	36978	NA
243	Pulse	55	9840000	6312	NA
243	Pulse	55	9850000	16312	NA
243	Pulse	55	9860000	26312	NA
243	Pulse	55	9870000	36312	NA
244	Pulse	55	9880000	5646	NA
244	Pulse	55	9890000	15646	NA
244	Pulse	55	9900000	25646	NA
244	Pulse	55	9910000	35646	NA
245	Pulse	55	9920000	5147	NA
245	Pulse	55	9930000	15147	NA
245	Pulse	55	9940000	25147	NA
245	Pulse	55	9950000	35147	NA
246	Pulse	55	9960000	4481	NA
246	Pulse	55	9970000	14481	NA
246	Pulse	55	9980000	24481	NA
246	Pulse	55	9990000	34481	NA
247	Pulse	55	10000000	3815	NA
247	Pulse	55	10010000	13815	NA
247	Pulse	55	10020000	23815	NA
247	Pulse	55	10030000	33815	NA
248	Pulse	55	10040000	3149	NA
248	Pulse	55	10050000	13149	NA
248	Pulse	55	10060000	23149	NA
248	Pulse	55	10070000	33149	NA
249	Pulse	55	10080000	2483	NA
249	Pulse	55	10090000	12483	NA
249	Pulse	55	10100000	22483	NA
249	Pulse	55	10110000	32483	NA
250	Pulse	55	10120000	1816	NA
250	Pulse	55	10130000	11816	NA
250	Pulse	55	10140000	21816	NA
250	Pulse	55	10150000	31816	NA
251	Pulse	55	10160000	1150	NA
251	Pulse	55	10170000	11150	NA
251	Pulse	55	10180000	21150	NA
251	Pulse	55	10190000	31150	NA
252	Pulse	55	10200000	484	NA
252	Pulse	55	10210000	10484	NA
252	Pulse	55	10220000	20484	NA
252	Pulse	55	10230000	30484	NA
252	Pulse	55	10240000	40484	NA
253	Pulse	55	10250000	9818	NA
253	Pulse	55	10260000	19818	NA
253	Pulse	55	10270000	29818	NA
253	Pulse	55	10280000	39818	NA
254	Pulse	55	10290000	9152	NA
254	Pulse	55	10300000	19152	NA
254	Pulse	55	10310000	29152	NA
254	Pulse	55	10320000	39152	NA
255	Pulse	55	10330000	8653	NA
255	Pulse	55	10340000	18653	NA
255	Pulse	55	10350000	28653	NA
255	Pulse	55	10360000	38653	NA
256	Pulse	55	10370000	8153	NA
256	Pulse	55	10380000	18153	NA
256	Pulse	55	10390000	28153	NA
256	Pulse	55	10400000	38153	NA
257	Pulse	55	10410000	7654	NA
257	Pulse	55	10420000	17654	NA
257	Pulse	55	10430000	27654	NA
257	Pulse	55	10440000	37654	NA
258	Pulse	55	10450000	6988	NA
258	Pulse	55	10460000	16988	NA
258	Pulse	55	10470000	26988	NA
258	Pulse	55	10480000	36988	NA
259	Pulse	55	10490000	6322	NA
259	Pulse	55	10500000	16322	NA
259	Pulse	55	10510000	26322	NA
259	Pulse	55	10520000	36322	NA
260	Pulse	55	10530000	5656	NA
260	Pulse	55	10540000	15656	NA
260	Pulse	55	10550000	25656	NA
260	Pulse	55	10560000	35656	NA
261	Pulse	55	10570000	4990	NA
261	Pulse	55	10580000	14990	NA
261	Pulse	55	10590000	24990	NA
261	Pulse	55	10600000	34990	NA
262	Pulse	55	10610000	4324	NA
262	Pulse	55	10620000	14324	NA
262	Pulse	55	10630000	24324	NA
262	Pulse	55	10640000	34324	NA
263	Pulse	55	10650000	3658	NA
263	Pulse	55	10660000	13658	NA
263	Pulse	55	10670000	23658	NA
263	Pulse	55	10680000	33658	NA
264	Pulse	55	10690000	2992	NA
264	Pulse	55	10700000	12992	NA
264	Pulse	55	10710000	22992	NA
264	Pulse	55	10720000	32992	NA
265	Pulse	55	10730000	2326	NA
265	Pulse	55	10740000	12326	NA
265	Pulse	55	10750000	22326	NA
265	Pulse	55	10760000	32326	NA
266	Pulse	55	10770000	1659	NA
266	Pulse	55	10780000	11659	NA
266	Pulse	55	10790000	21659	NA
266	Pulse	55	10800000	31659	NA
267	Pulse	55	10810000	993	NA
267	Pulse	55	10820000	10993	NA
267	Pulse	55	10830000	20993	NA
267	Pulse	55	10840000	30993	NA
268	Pulse	55	10850000	327	NA
268	Pulse	55	10860000	10327	NA
268	Pulse	55	10870000	20327	NA
268	Pulse	55	10880000	30327	NA
268	Pulse	55	10890000	40327	NA
269	Pulse	55	10900000	9661	NA
269	Pulse	55	10910000	19661	NA
269	Pulse	55	10920000	29661	NA
269	Pulse	55	10930000	39661	NA
270	Pulse	55	10940000	8995	NA
270	Pulse	55	10950000	18995	NA
270	Pulse	55	10960000	28995	NA
270	Pulse	55	10970000	38995	NA
271	Pulse	55	10980000	8329	NA
271	Pulse	55	10990000	18329	NA
271	Pulse	55	11000000	28329	NA
271	Pulse	55	11010000	38329	NA
272	Pulse	55	11020000	7663	NA
272	Pulse	55	11030000	17663	NA
272	Pulse	55	11040000	27663	NA
272	Pulse	55	11050000	37663	NA
273	Pulse	55	11060000	6997	NA
273	Pulse	55	11070000	16997	NA
273	Pulse	55	11080000	26997	NA
273	Pulse	55	11090000	36997	NA
274	Pulse	55	11100000	6331	NA
274	Pulse	55	11110000	16331	NA
274	Pulse	55	11120000	26331	NA
274	Pulse	55	11130000	36331	NA
275	Pulse	55	11140000	5665	NA
275	Pulse	55	11150000	15665	NA
275	Pulse	55	11160000	25665	NA
275	Pulse	55	11170000	35665	NA
276	Pulse	55	11180000	4999	NA
276	Pulse	55	11190000	14999	NA
276	Pulse	55	11200000	24999	NA
276	Pulse	55	11210000	34999	NA
277	Pulse	55	11220000	4333	NA
277	Pulse	55	11230000	14333	NA
277	Pulse	55	11240000	24333	NA
277	Pulse	55	11250000	34333	NA
278	Pulse	55	11260000	3667	NA
278	Pulse	55	11270000	13667	NA
278	Pulse	55	11280000	23667	NA
278	Pulse	55	11290000	33667	NA
279	Pulse	55	11300000	3001	NA
279	Pulse	55	11310000	13001	NA
279	Pulse	55	11320000	23001	NA
279	Pulse	55	11330000	33001	NA
280	Pulse	55	11340000	2335	NA
280	Pulse	55	11350000	12335	NA
280	Pulse	55	11360000	22335	NA
280	Pulse	55	11370000	32335	NA
281	Pulse	55	11380000	1669	NA
281	Pulse	55	11390000	11669	NA
281	Pulse	55	11400000	21669	NA
281	Pulse	55	11410000	31669	NA
282	Pulse	55	11420000	1002	NA
282	Pulse	55	11430000	11002	NA
282	Pulse	55	11440000	21002	NA
282	Pulse	55	11450000	31002	NA
283	Pulse	55	11460000	170	NA
283	Pulse	55	11470000	10170	NA
283	Pulse	55	11480000	20170	NA
283	Pulse	55	11490000	30170	NA
283	Pulse	55	11500000	40170	NA
284	Pulse	55	11510000	9504	NA
284	Pulse	55	11520000	19504	NA
284	Pulse	55	11530000	29504	NA
284	Pulse	55	11540000	39504	NA
285	Pulse	55	11550000	8838	NA
285	Pulse	55	11560000	18838	NA
285	Pulse	55	11570000	28838	NA
285	Pulse	55	11580000	38838	NA
286	Pulse	55	11590000	8171	NA
286	Pulse	55	11600000	18171	NA
286	Pulse	55	11610000	28171	NA
286	Pulse	55	11620000	38171	NA
287	Pulse	55	11630000	7505	NA
287	Pulse	55	11640000	17505	NA
287	Pulse	55	11650000	27505	NA
287	Pulse	55	11660000	37505	NA
288	Pulse	55	11670000	6839	NA
288	Pulse	55	11680000	16839	NA
288	Pulse	55	11690000	26839	NA
288	Pulse	55	11700000	36839	NA
289	Pulse	55	11710000	6173	NA
289	Pulse	55	11720000	16173	NA
289	Pulse	55	11730000	26173	NA
289	Pulse	55	11740000	36173	NA
290	Pulse	55	11750000	5507	NA
290	Pulse	55	11760000	15507	NA
290	Pulse	55	11770000	25507	NA
290	Pulse	55	11780000	35507	NA
291	Pulse	55	11790000	4841	NA
291	Pulse	55	11800000	14841	NA
291	Pulse	55	11810000	24841	NA
291	Pulse	55	11820000	34841	NA
292	Pulse	55	11830000	4175	NA
292	Pulse	55	11840000	14175	NA
292	Pulse	55	11850000	24175	NA
292	Pulse	55	11860000	34175	NA
293	Pulse	55	11870000	3509	NA
293	Pulse	55	11880000	13509	NA
293	Pulse	55	11890000	23509	NA
293	Pulse	55	11900000	33509	NA
294	Pulse	55	11910000	2843	NA
294	Pulse	55	11920000	12843	NA
294	Pulse	55	11930000	22843	NA
294	Pulse	55	11940000	32843	NA
295	Pulse	55	11950000	2177	NA
295	Pulse	55	11960000	12177	NA
295	Pulse	55	11970000	22177	NA
295	Pulse	55	11980000	32177	NA
296	Pulse	55	11990000	1511	NA
296	Pulse	55	12000000	11511	NA
296	Pulse	55	12010000	21511	NA
296	Pulse	55	12020000	31511	NA
297	Pulse	55	12030000	845	NA
297	Pulse	55	12040000	10845	NA
297	Pulse	55	12050000	20845	NA
297	Pulse	55	12060000	30845	NA
298	Pulse	55	12070000	12	NA
298	Pulse	55	12080000	10012	NA
298	Pulse	55	12090000	20012	NA
298	Pulse	55	12100000	30012	NA
298	Pulse	55	12110000	40012	NA
299	Pulse	55	12120000	9346	NA
299	Pulse	55	12130000	19346	NA
299	Pulse	55	12140000	29346	NA
299	Pulse	55	12150000	39346	NA
300	Pulse	55	12160000	8680	NA
300	Pulse	55	12170000	18680	NA
300	Pulse	55	12180000	28680	NA
300	Pulse	55	12190000	38680	NA
301	Pulse	55	12200000	8014	NA
301	Pulse	55	12210000	18014	NA
301	Pulse	55	12220000	28014	NA
301	Pulse	55	12230000	38014	NA
302	Pulse	55	12240000	7348	NA
302	Pulse	55	12250000	17348	NA
302	Pulse	55	12260000	27348	NA
302	Pulse	55	12270000	37348	NA
303	Pulse	55	12280000	6682	NA
303	Pulse	55	12290000	16682	NA
303	Pulse	55	12300000	26682	NA
303	Pulse	55	12310000	36682	NA
304	Pulse	55	12320000	6016	NA
304	Pulse	55	12330000	16016	NA
304	Pulse	55	12340000	26016	NA
304	Pulse	55	12350000	36016	NA
305	Pulse	55	12360000	5349	NA
305	Pulse	55	12370000	15349	NA
305	Pulse	55	12380000	25349	NA
305	Pulse	55	12390000	35349	NA
306	Pulse	55	12400000	4683	NA
306	Pulse	55	12410000	14683	NA
306	Pulse	55	12420000	24683	NA
306	Pulse	55	12430000	34683	NA
307	Pulse	55	12440000	4017	NA
307	Pulse	55	12450000	14017	NA
307	Pulse	55	12460000	24017	NA
307	Pulse	55	12470000	34017	NA
308	Pulse	55	12480000	3351	NA
308	Pulse	55	12490000	13351	NA
308	Pulse	55	12500000	23351	NA
308	Pulse	55	12510000	33351	NA
309	Pulse	55	12520000	2685	NA
309	Pulse	55	12530000	12685	NA
309	Pulse	55	12540000	22685	NA
309	Pulse	55	12550000	32685	NA
310	Pulse	55	12560000	2019	NA
310	Pulse	55	12570000	12019	NA
310	Pulse	55	12580000	22019	NA
310	Pulse	55	12590000	32019	NA
311	Pulse	55	12600000	1353	NA
311	Pulse	55	12610000	11353	NA
311	Pulse	55	12620000	21353	NA
311	Pulse	55	12630000	31353	NA
312	Pulse	55	12640000	687	NA
312	Pulse	55	12650000	10687	NA
312	Pulse	55	12660000	20687	NA
312	Pulse	55	12670000	30687	NA
313	Pulse	55	12680000	21	NA
313	Pulse	55	12690000	10021	NA
313	Pulse	55	12700000	20021	NA
313	Pulse	55	12710000	30021	NA
313	Pulse	55	12720000	40021	NA
314	Pulse	55	12730000	9355	NA
314	Pulse	55	12740000	19355	NA
314	Pulse	55	12750000	29355	NA
314	Pulse	55	12760000	39355	NA
315	Pulse	55	12770000	8689	NA
315	Pulse	55	12780000	18689	NA
315	Pulse	55	12790000	28689	NA
315	Pulse	55	12800000	38689	NA
316	Pulse	55	12810000	8023	NA
316	Pulse	55	12820000	18023	NA
316	Pulse	55	12830000	28023	NA
316	Pulse	55	12840000	38023	NA
317	Pulse	55	12850000	7357	NA
317	Pulse	55	12860000	17357	NA
317	Pulse	55	12870000	27357	NA
317	Pulse	55	12880000	37357	NA
318	Pulse	55	12890000	6691	NA
318	Pulse	55	12900000	16691	NA
318	Pulse	55	12910000	26691	NA
318	Pulse	55	12920000	36691	NA
319	Pulse	55	12930000	6025	NA
319	Pulse	55	12940000	16025	NA
319	Pulse	55	12950000	26025	NA
319	Pulse	55	12960000	36025	NA
320	Pulse	55	12970000	5359	NA
320	Pulse	55	12980000	15359	NA
320	Pulse	55	12990000	25359	NA
320	Pulse	55	13000000	35359	NA
321	Pulse	55	13010000	4693	NA
321	Pulse	55	13020000	14693	NA
321	Pulse	55	13030000	24693	NA
321	Pulse	55	13040000	34693	NA
322	Pulse	55	13050000	4026	NA
322	Pulse	55	13060000	14026	NA
322	Pulse	55	13070000	24026	NA
322	Pulse	55	13080000	34026	NA
323	Pulse	55	13090000	3360	NA
323	Pulse	55	13100000	13360	NA
323	Pulse	55	13110000	23360	NA
323	Pulse	55	13120000	33360	NA
324	Pulse	55	13130000	2694	NA
324	Pulse	55	13140000	12694	NA
324	Pulse	55	13150000	22694	NA
324	Pulse	55	13160000	32694	NA
325	Pulse	55	13170000	2028	NA
325	Pulse	55	13180000	12028	NA
325	Pulse	55	13190000	22028	NA
325	Response	1	13193441	25469	1
325	Pulse	55	13200000	32028	NA
326	Pulse	55	13210000	1862	NA
326	Pulse	55	13220000	11862	NA
327	Pulse	55	13230000	1696	NA
327	Pulse	55	13240000	11696	NA
327	Pulse	55	13250000	21696	NA
327	Pulse	55	13260000	31696	NA
327	Pulse	55	13270000	41696	NA
327	Pulse	55	13280000	51696	NA
327	Pulse	55	13290000	61696	NA
327	Pulse	55	13300000	71696	NA
327	Pulse	55	13310000	81696	NA
327	Pulse	55	13320000	91696	NA
327	Pulse	55	13330000	101696	NA
327	Pulse	55	13340000	111696	NA
327	Pulse	55	13350000	121696	NA
327	Pulse	55	13360000	131696	NA
327	Pulse	55	13370000	141696	NA
327	Pulse	55	13380000	151696	NA
327	Pulse	55	13390000	161696	NA
327	Pulse	55	13400000	171696	NA
327	Pulse	55	13410000	181696	NA
327	Pulse	55	13420000	191696	NA
327	Pulse	55	13430000	201696	NA
327	Pulse	55	13440000	211696	NA
327	Pulse	55	13450000	221696	NA
327	Pulse	55	13460000	231696	NA
327	Pulse	55	13470000	241696	NA
327	Pulse	55	13480000	251696	NA
327	Pulse	55	13490000	261696	NA
327	Pulse	55	13500000	271696	NA
327	Pulse	55	13510000	281696	NA
327	Pulse	55	13520000	291696	NA
327	Response	1	13529439	301135	1
327	Pulse	55	13530000	301696	NA
327	Pulse	55	13540000	311696	NA
328	Pulse	55	13550000	9867	NA
328	Pulse	55	13560000	19867	NA
328	Pulse	55	13570000	29867	NA
328	Pulse	55	13580000	39867	NA
328	Pulse	55	13590000	49867	NA
328	Pulse	55	13600000	59867	NA
328	Pulse	55	13610000	69867	NA
328	Pulse	55	13620000	79867	NA
328	Pulse	55	13630000	89867	NA
328	Pulse	55	13640000	99867	NA
328	Pulse	55	13650000	109867	NA
328	Pulse	55	13660000	119867	NA
328	Pulse	55	13670000	129867	NA
328	Pulse	55	13680000	139867	NA
328	Pulse	55	13690000	149867	NA
328	Pulse	55	13700000	159867	NA
328	Pulse	55	13710000	169867	NA
328	Pulse	55	13720000	179867	NA
328	Pulse	55	13730000	189867	NA
328	Pulse	55	13740000	199867	NA
328	Pulse	55	13750000	209867	NA
328	Pulse	55	13760000	219867	NA
328	Pulse	55	13770000	229867	NA
328	Pulse	55	13780000	239867	NA
328	Pulse	55	13790000	249867	NA
328	Pulse	55	13800000	259867	NA
328	Pulse	55	13810000	269867	NA
328	Pulse	55	13820000	279867	NA
328	Pulse	55	13830000	289867	NA
328	Pulse	55	13840000	299867	NA
328	Pulse	55	13850000	309867	NA
328	Pulse	55	13860000	319867	NA
328	Pulse	55	13870000	329867	NA
328	Pulse	55	13880000	339867	NA
328	Pulse	55	13890000	349867	NA
328	Pulse	55	13900000	359867	NA
328	Pulse	55	13910000	369867	NA
328	Pulse	55	13920000	379867	NA
328	Pulse	55	13930000	389867	NA
328	Pulse	55	13940000	399867	NA
328	Pulse	55	13950000	409867	NA
328	Pulse	55	13960000	419867	NA
328	Pulse	55	13970000	429867	NA
328	Pulse	55	13980000	439867	NA
328	Pulse	55	13990000	449867	NA
328	Pulse	55	14000000	459867	NA
328	Pulse	55	14010000	469867	NA
328	Pulse	55	14020000	479867	NA
328	Pulse	55	14030000	489867	NA
328	Pulse	55	14040000	499867	NA
328	Pulse	55	14050000	509867	NA
328	Pulse	55	14060000	519867	NA
328	Pulse	55	14070000	529867	NA
328	Pulse	55	14080000	539867	NA
328	Pulse	55	14090000	549867	NA
328	Pulse	55	14100000	559867	NA
328	Pulse	55	14110000	569867	NA
328	Pulse	55	14120000	579867	NA
328	Pulse	55	14130000	589867	NA
328	Pulse	55	14140000	599867	NA
328	Pulse	55	14150000	609867	NA
328	Pulse	55	14160000	619867	NA
328	Pulse	55	14170000	629867	NA
328	Pulse	55	14180000	639867	NA
328	Pulse	55	14190000	649867	NA
328	Pulse	55	14200000	659867	NA
328	Pulse	55	14210000	669867	NA
328	Pulse	55	14220000	679867	NA
328	Pulse	55	14230000	689867	NA
328	Pulse	55	14240000	699867	NA
328	Pulse	55	14250000	709867	NA
328	Pulse	55	14260000	719867	NA
328	Pulse	55	14270000	729867	NA
328	Pulse	55	14280000	739867	NA
328	Pulse	55	14290000	749867	NA
328	Pulse	55	14300000	759867	NA
328	Pulse	55	14310000	769867	NA
328	Pulse	55	14320000	779867	NA
328	Pulse	55	14330000	789867	NA
328	Pulse	55	14340000	799867	NA
328	Pulse	55	14350000	809867	NA
328	Pulse	55	14360000	819867	NA
328	Pulse	55	14370000	829867	NA
328	Pulse	55	14380000	839867	NA
328	Pulse	55	14390000	849867	NA
328	Pulse	55	14400000	859867	NA
328	Pulse	55	14410000	869867	NA
328	Pulse	55	14420000	879867	NA
328	Pulse	55	14430000	889867	NA
328	Pulse	55	14440000	899867	NA
328	Pulse	55	14450000	909867	NA
328	Pulse	55	14460000	919867	NA
328	Pulse	55	14470000	929867	NA
328	Pulse	55	14480000	939867	NA
328	Pulse	55	14490000	949867	NA
328	Pulse	55	14500000	959867	NA
328	Pulse	55	14510000	969867	NA
328	Pulse	55	14520000	979867	NA
328	Pulse	55	14530000	989867	NA
328	Pulse	55	14540000	999867	NA
328	Pulse	55	14550000	1009867	NA
328	Pulse	55	14560000	1019867	NA
328	Pulse	55	14570000	1029867	NA
328	Pulse	55	14580000	1039867	NA
328	Pulse	55	14590000	1049867	NA
328	Pulse	55	14600000	1059867	NA
328	Pulse	55	14610000	1069867	NA
328	Pulse	55	14620000	1079867	NA
328	Pulse	55	14630000	1089867	NA
328	Pulse	55	14640000	1099867	NA
328	Pulse	55	14650000	1109867	NA
328	Pulse	55	14660000	1119867	NA
328	Pulse	55	14670000	1129867	NA
328	Pulse	55	14680000	1139867	NA
328	Pulse	55	14690000	1149867	NA
328	Pulse	55	14700000	1159867	NA
328	Pulse	55	14710000	1169867	NA
328	Pulse	55	14720000	1179867	NA
328	Pulse	55	14730000	1189867	NA
328	Pulse	55	14740000	1199867	NA
328	Pulse	55	14750000	1209867	NA
328	Pulse	55	14760000	1219867	NA
328	Pulse	55	14770000	1229867	NA
328	Pulse	55	14780000	1239867	NA
328	Pulse	55	14790000	1249867	NA
328	Pulse	55	14800000	1259867	NA
328	Pulse	55	14810000	1269867	NA
328	Pulse	55	14820000	1279867	NA
328	Pulse	55	14830000	1289867	NA
328	Pulse	55	14840000	1299867	NA
328	Pulse	55	14850000	1309867	NA
328	Pulse	55	14860000	1319867	NA
328	Pulse	55	14870000	1329867	NA
328	Pulse	55	14880000	1339867	NA
328	Pulse	55	14890000	1349867	NA
328	Pulse	55	14900000	1359867	NA
328	Pulse	55	14910000	1369867	NA
328	Pulse	55	14920000	1379867	NA
328	Pulse	55	14930000	1389867	NA
328	Pulse	55	14940000	1399867	NA
328	Pulse	55	14950000	1409867	NA
328	Pulse	55	14960000	1419867	NA
328	Pulse	55	14970000	1429867	NA
328	Pulse	55	14980000	1439867	NA
328	Pulse	55	14990000	1449867	NA
328	Pulse	55	15000000	1459867	NA
328	Pulse	55	15010000	1469867	NA
328	Pulse	55	15020000	1479867	NA
328	Pulse	55	15030000	1489867	NA
328	Pulse	55	15040000	1499867	NA
328	Pulse	55	15050000	1509867	NA
328	Pulse	55	15060000	1519867	NA
328	Pulse	55	15070000	1529867	NA
328	Pulse	55	15080000	1539867	NA
328	Pulse	55	15090000	1549867	NA
328	Pulse	55	15100000	1559867	NA
328	Pulse	55	15110000	1569867	NA
328	Pulse	55	15120000	1579867	NA
328	Pulse	55	15130000	1589867	NA
328	Pulse	55	15140000	1599867	NA
328	Pulse	55	15150000	1609867	NA
328	Pulse	55	15160000	1619867	NA
328	Pulse	55	15170000	1629867	NA
328	Pulse	55	15180000	1639867	NA
328	Pulse	55	15190000	1649867	NA
328	Pulse	55	15200000	1659867	NA
328	Pulse	55	15210000	1669867	NA
328	Pulse	55	15220000	1679867	NA
328	Pulse	55	15230000	1689867	NA
328	Pulse	55	15240000	1699867	NA
328	Pulse	55	15250000	1709867	NA
328	Pulse	55	15260000	1719867	NA
328	Pulse	55	15270000	1729867	NA
328	Pulse	55	15280000	1739867	NA
328	Pulse	55	15290000	1749867	NA
328	Pulse	55	15300000	1759867	NA
328	Pulse	55	15310000	1769867	NA
328	Pulse	55	15320000	1779867	NA
328	Pulse	55	15330000	1789867	NA
328	Pulse	55	15340000	1799867	NA
328	Pulse	55	15350000	1809867	NA
328	Pulse	55	15360000	1819867	NA
328	Pulse	55	15370000	1829867	NA
328	Pulse	55	15380000	1839867	NA
328	Pulse	55	15390000	1849867	NA
328	Pulse	55	15400000	1859867	NA
328	Pulse	55	15410000	1869867	NA
328	Pulse	55	15420000	1879867	NA
328	Pulse	55	15430000	1889867	NA
328	Pulse	55	15440000	1899867	NA
328	Pulse	55	15450000	1909867	NA
328	Pulse	55	15460000	1919867	NA
328	Pulse	55	15470000	1929867	NA
328	Pulse	55	15480000	1939867	NA
328	Pulse	55	15490000	1949867	NA
328	Pulse	55	15500000	1959867	NA
328	Pulse	55	15510000	1969867	NA
328	Pulse	55	15520000	1979867	NA
328	Pulse	55	15530000	1989867	NA
328	Pulse	55	15540000	1999867	NA
328	Pulse	55	15550000	2009867	NA
328	Pulse	55	15560000	2019867	NA
328	Pulse	55	15570000	2029867	NA
328	Pulse	55	15580000	2039867	NA
328	Pulse	55	15590000	2049867	NA
328	Pulse	55	15600000	2059867	NA
328	Pulse	55	15610000	2069867	NA
328	Pulse	55	15620000	2079867	NA
328	Pulse	55	15630000	2089867	NA
328	Pulse	55	15640000	2099867	NA
328	Pulse	55	15650000	2109867	NA
328	Pulse	55	15660000	2119867	NA
328	Pulse	55	15670000	2129867	NA
328	Pulse	55	15680000	2139867	NA
328	Pulse	55	15690000	2149867	NA
328	Pulse	55	15700000	2159867	NA
328	Pulse	55	15710000	2169867	NA
328	Pulse	55	15720000	2179867	NA
328	Pulse	55	15730000	2189867	NA
328	Pulse	55	15740000	2199867	NA
328	Pulse	55	15750000	2209867	NA
328	Pulse	55	15760000	2219867	NA
328	Pulse	55	15770000	2229867	NA
328	Pulse	55	15780000	2239867	NA
328	Pulse	55	15790000	2249867	NA
328	Pulse	55	15800000	2259867	NA
328	Pulse	55	15810000	2269867	NA
328	Pulse	55	15820000	2279867	NA
328	Pulse	55	15830000	2289867	NA
328	Pulse	55	15840000	2299867	NA
328	Pulse	55	15850000	2309867	NA
328	Pulse	55	15860000	2319867	NA
328	Pulse	55	15870000	2329867	NA
328	Pulse	55	15880000	2339867	NA
328	Pulse	55	15890000	2349867	NA
328	Pulse	55	15900000	2359867	NA
328	Pulse	55	15910000	2369867	NA
328	Pulse	55	15920000	2379867	NA
328	Pulse	55	15930000	2389867	NA
328	Pulse	55	15940000	2399867	NA
328	Pulse	55	15950000	2409867	NA
328	Pulse	55	15960000	2419867	NA
328	Pulse	55	15970000	2429867	NA
328	Pulse	55	15980000	2439867	NA
328	Pulse	55	15990000	2449867	NA
328	Pulse	55	16000000	2459867	NA
328	Pulse	55	16010000	2469867	NA
328	Pulse	55	16020000	2479867	NA
328	Pulse	55	16030000	2489867	NA
328	Pulse	55	16040000	2499867	NA
328	Pulse	55	16050000	2509867	NA
328	Pulse	55	16060000	2519867	NA
328	Pulse	55	16070000	2529867	NA
328	Pulse	55	16080000	2539867	NA
328	Pulse	55	16090000	2549867	NA
328	Pulse	55	16100000	2559867	NA
328	Pulse	55	16110000	2569867	NA
328	Pulse	55	16120000	2579867	NA
328	Pulse	55	16130000	2589867	NA
328	Pulse	55	16140000	2599867	NA
328	Pulse	55	16150000	2609867	NA
328	Pulse	55	16160000	2619867	NA
328	Pulse	55	16170000	2629867	NA
328	Pulse	55	16180000	2639867	NA
328	Pulse	55	16190000	2649867	NA
328	Pulse	55	16200000	2659867	NA
328	Pulse	55	16210000	2669867	NA
328	Pulse	55	16220000	2679867	NA
328	Pulse	55	16230000	2689867	NA
328	Pulse	55	16240000	2699867	NA
328	Pulse	55	16250000	2709867	NA
328	Pulse	55	16260000	2719867	NA
328	Pulse	55	16270000	2729867	NA
328	Pulse	55	16280000	2739867	NA
328	Pulse	55	16290000	2749867	NA
328	Pulse	55	16300000	2759867	NA
328	Pulse	55	16310000	2769867	NA
328	Pulse	55	16320000	2779867	NA
328	Pulse	55	16330000	2789867	NA
328	Pulse	55	16340000	2799867	NA
328	Pulse	55	16350000	2809867	NA
328	Pulse	55	16360000	2819867	NA
328	Pulse	55	16370000	2829867	NA
328	Pulse	55	16380000	2839867	NA
328	Pulse	55	16390000	2849867	NA
328	Pulse	55	16400000	2859867	NA
328	Pulse	55	16410000	2869867	NA
328	Pulse	55	16420000	2879867	NA
328	Pulse	55	16430000	2889867	NA
328	Pulse	55	16440000	2899867	NA
328	Pulse	55	16450000	2909867	NA
328	Pulse	55	16460000	2919867	NA
328	Pulse	55	16470000	2929867	NA
328	Pulse	55	16480000	2939867	NA
328	Pulse	55	16490000	2949867	NA
328	Pulse	55	16500000	2959867	NA
328	Pulse	55	16510000	2969867	NA
328	Pulse	55	16520000	2979867	NA
328	Pulse	55	16530000	2989867	NA
328	Pulse	55	16540000	2999867	NA
328	Pulse	55	16550000	3009867	NA
328	Pulse	55	16560000	3019867	NA
328	Pulse	55	16570000	3029867	NA
328	Pulse	55	16580000	3039867	NA
328	Pulse	55	16590000	3049867	NA
328	Pulse	55	16600000	3059867	NA
328	Pulse	55	16610000	3069867	NA
328	Pulse	55	16620000	3079867	NA
328	Pulse	55	16630000	3089867	NA
328	Pulse	55	16640000	3099867	NA
328	Pulse	55	16650000	3109867	NA
328	Pulse	55	16660000	3119867	NA
328	Pulse	55	16670000	3129867	NA
328	Pulse	55	16680000	3139867	NA
328	Pulse	55	16690000	3149867	NA
328	Pulse	55	16700000	3159867	NA
328	Pulse	55	16710000	3169867	NA
328	Pulse	55	16720000	3179867	NA
328	Pulse	55	16730000	3189867	NA
328	Pulse	55	16740000	3199867	NA
328	Pulse	55	16750000	3209867	NA
328	Pulse	55	16760000	3219867	NA
328	Pulse	55	16770000	3229867	NA
328	Pulse	55	16780000	3239867	NA
328	Pulse	55	16790000	3249867	NA
328	Pulse	55	16800000	3259867	NA
328	Pulse	55	16810000	3269867	NA
328	Pulse	55	16820000	3279867	NA
328	Pulse	55	16830000	3289867	NA
328	Pulse	55	16840000	3299867	NA
328	Pulse	55	16850000	3309867	NA
328	Pulse	55	16860000	3319867	NA
328	Pulse	55	16870000	3329867	NA
328	Pulse	55	16880000	3339867	NA
328	Pulse	55	16890000	3349867	NA
328	Pulse	55	16900000	3359867	NA
328	Pulse	55	16910000	3369867	NA
328	Pulse	55	16920000	3379867	NA
328	Pulse	55	16930000	3389867	NA
328	Pulse	55	16940000	3399867	NA
328	Pulse	55	16950000	3409867	NA
328	Pulse	55	16960000	3419867	NA
328	Pulse	55	16970000	3429867	NA
328	Pulse	55	16980000	3439867	NA
328	Pulse	55	16990000	3449867	NA
328	Pulse	55	17000000	3459867	NA
328	Pulse	55	17010000	3469867	NA
328	Pulse	55	17020000	3479867	NA
328	Pulse	55	17030000	3489867	NA
328	Pulse	55	17040000	3499867	NA
328	Pulse	55	17050000	3509867	NA
328	Pulse	55	17060000	3519867	NA
328	Pulse	55	17070000	3529867	NA
328	Pulse	55	17080000	3539867	NA
328	Pulse	55	17090000	3549867	NA
328	Pulse	55	17100000	3559867	NA
328	Pulse	55	17110000	3569867	NA
328	Pulse	55	17120000	3579867	NA
328	Pulse	55	17130000	3589867	NA
328	Pulse	55	17140000	3599867	NA
328	Pulse	55	17150000	3609867	NA
328	Pulse	55	17160000	3619867	NA
328	Pulse	55	17170000	3629867	NA
328	Pulse	55	17180000	3639867	NA
328	Pulse	55	17190000	3649867	NA
328	Pulse	55	17200000	3659867	NA
328	Pulse	55	17210000	3669867	NA
328	Pulse	55	17220000	3679867	NA
328	Pulse	55	17230000	3689867	NA
328	Pulse	55	17240000	3699867	NA
328	Pulse	55	17250000	3709867	NA
328	Pulse	55	17260000	3719867	NA
328	Pulse	55	17270000	3729867	NA
328	Pulse	55	17280000	3739867	NA
328	Pulse	55	17290000	3749867	NA
328	Pulse	55	17300000	3759867	NA
328	Pulse	55	17310000	3769867	NA
328	Pulse	55	17320000	3779867	NA
328	Pulse	55	17330000	3789867	NA
328	Pulse	55	17340000	3799867	NA
328	Pulse	55	17350000	3809867	NA
328	Pulse	55	17360000	3819867	NA
328	Pulse	55	17370000	3829867	NA
328	Pulse	55	17380000	3839867	NA
328	Pulse	55	17390000	3849867	NA
328	Pulse	55	17400000	3859867	NA
328	Pulse	55	17410000	3869867	NA
328	Pulse	55	17420000	3879867	NA
328	Pulse	55	17430000	3889867	NA
328	Pulse	55	17440000	3899867	NA
328	Pulse	55	17450000	3909867	NA
328	Pulse	55	17460000	3919867	NA
328	Pulse	55	17470000	3929867	NA
328	Pulse	55	17480000	3939867	NA
328	Pulse	55	17490000	3949867	NA
328	Pulse	55	17500000	3959867	NA
328	Pulse	55	17510000	3969867	NA
328	Pulse	55	17520000	3979867	NA
328	Pulse	55	17530000	3989867	NA
328	Pulse	55	17540000	3999867	NA
328	Pulse	55	17550000	4009867	NA
328	Pulse	55	17560000	4019867	NA
328	Pulse	55	17570000	4029867	NA
328	Pulse	55	17580000	4039867	NA
328	Pulse	55	17590000	4049867	NA
328	Pulse	55	17600000	4059867	NA
328	Pulse	55	17610000	4069867	NA
328	Pulse	55	17620000	4079867	NA
328	Pulse	55	17630000	4089867	NA
328	Pulse	55	17640000	4099867	NA
328	Pulse	55	17650000	4109867	NA
328	Pulse	55	17660000	4119867	NA
328	Pulse	55	17670000	4129867	NA
328	Pulse	55	17680000	4139867	NA
328	Pulse	55	17690000	4149867	NA
328	Pulse	55	17700000	4159867	NA
328	Pulse	55	17710000	4169867	NA
328	Pulse	55	17720000	4179867	NA
328	Pulse	55	17730000	4189867	NA
328	Pulse	55	17740000	4199867	NA
328	Pulse	55	17750000	4209867	NA
328	Pulse	55	17760000	4219867	NA
328	Pulse	55	17770000	4229867	NA
328	Pulse	55	17780000	4239867	NA
328	Pulse	55	17790000	4249867	NA
328	Pulse	55	17800000	4259867	NA
328	Pulse	55	17810000	4269867	NA
328	Pulse	55	17820000	4279867	NA
328	Pulse	55	17830000	4289867	NA
328	Pulse	55	17840000	4299867	NA
328	Pulse	55	17850000	4309867	NA
328	Pulse	55	17860000	4319867	NA
328	Pulse	55	17870000	4329867	NA
328	Pulse	55	17880000	4339867	NA
328	Pulse	55	17890000	4349867	NA
328	Pulse	55	17900000	4359867	NA
328	Pulse	55	17910000	4369867	NA
328	Pulse	55	17920000	4379867	NA
328	Pulse	55	17930000	4389867	NA
328	Pulse	55	17940000	4399867	NA
328	Pulse	55	17950000	4409867	NA
328	Pulse	55	17960000	4419867	NA
328	Pulse	55	17970000	4429867	NA
328	Pulse	55	17980000	4439867	NA
328	Pulse	55	17990000	4449867	NA
328	Pulse	55	18000000	4459867	NA
328	Pulse	55	18010000	4469867	NA
328	Pulse	55	18020000	4479867	NA
328	Pulse	55	18030000	4489867	NA
328	Pulse	55	18040000	4499867	NA
328	Pulse	55	18050000	4509867	NA
328	Pulse	55	18060000	4519867	NA
328	Pulse	55	18070000	4529867	NA
328	Pulse	55	18080000	4539867	NA
328	Pulse	55	18090000	4549867	NA
328	Pulse	55	18100000	4559867	NA
328	Pulse	55	18110000	4569867	NA
328	Pulse	55	18120000	4579867	NA
328	Pulse	55	18130000	4589867	NA
328	Pulse	55	18140000	4599867	NA
328	Pulse	55	18150000	4609867	NA
328	Pulse	55	18160000	4619867	NA
328	Pulse	55	18170000	4629867	NA
328	Pulse	55	18180000	4639867	NA
328	Pulse	55	18190000	4649867	NA
328	Pulse	55	18200000	4659867	NA
328	Pulse	55	18210000	4669867	NA
328	Pulse	55	18220000	4679867	NA
328	Pulse	55	18230000	4689867	NA
328	Pulse	55	18240000	4699867	NA
328	Pulse	55	18250000	4709867	NA
328	Pulse	55	18260000	4719867	NA
328	Pulse	55	18270000	4729867	NA
328	Pulse	55	18280000	4739867	NA
328	Pulse	55	18290000	4749867	NA
328	Pulse	55	18300000	4759867	NA
328	Pulse	55	18310000	4769867	NA
328	Pulse	55	18320000	4779867	NA
328	Pulse	55	18330000	4789867	NA
328	Pulse	55	18340000	4799867	NA
328	Pulse	55	18350000	4809867	NA
328	Pulse	55	18360000	4819867	NA
328	Pulse	55	18370000	4829867	NA
328	Pulse	55	18380000	4839867	NA
328	Pulse	55	18390000	4849867	NA
328	Pulse	55	18400000	4859867	NA
328	Pulse	55	18410000	4869867	NA
328	Pulse	55	18420000	4879867	NA
328	Pulse	55	18430000	4889867	NA
328	Pulse	55	18440000	4899867	NA
328	Pulse	55	18450000	4909867	NA
328	Pulse	55	18460000	4919867	NA
328	Pulse	55	18470000	4929867	NA
328	Pulse	55	18480000	4939867	NA
328	Pulse	55	18490000	4949867	NA
328	Pulse	55	18500000	4959867	NA
328	Pulse	55	18510000	4969867	NA
328	Pulse	55	18520000	4979867	NA
328	Pulse	55	18530000	4989867	NA
328	Pulse	55	18540000	4999867	NA
328	Pulse	55	18550000	5009867	NA
328	Response	1	18559755	5019622	1
329	Pulse	55	18560000	108	NA
329	Pulse	55	18570000	10108	NA
329	Pulse	55	18580000	20108	NA
329	Pulse	55	18590000	30108	NA
329	Pulse	55	18600000	40108	NA
329	Pulse	55	18610000	50108	NA
329	Pulse	55	18620000	60108	NA
329	Pulse	55	18630000	70108	NA
329	Pulse	55	18640000	80108	NA
329	Pulse	55	18650000	90108	NA
329	Pulse	55	18660000	100108	NA
329	Pulse	55	18670000	110108	NA
329	Pulse	55	18680000	120108	NA
329	Pulse	55	18690000	130108	NA
329	Pulse	55	18700000	140108	NA
329	Pulse	55	18710000	150108	NA
329	Pulse	55	18720000	160108	NA
329	Pulse	55	18730000	170108	NA
329	Pulse	55	18740000	180108	NA
329	Pulse	55	18750000	190108	NA
329	Pulse	55	18760000	200108	NA
329	Pulse	55	18770000	210108	NA
329	Pulse	55	18780000	220108	NA
329	Pulse	55	18790000	230108	NA
329	Pulse	55	18800000	240108	NA
329	Pulse	55	18810000	250108	NA
329	Pulse	55	18820000	260108	NA
329	Pulse	55	18830000	270108	NA
329	Pulse	55	18840000	280108	NA
329	Pulse	55	18850000	290108	NA
329	Pulse	55	18860000	300108	NA
329	Pulse	55	18870000	310108	NA
329	Pulse	55	18880000	320108	NA
329	Pulse	55	18890000	330108	NA
329	Pulse	55	18900000	340108	NA
329	Pulse	55	18910000	350108	NA
329	Pulse	55	18920000	360108	NA
329	Pulse	55	18930000	370108	NA
329	Pulse	55	18940000	380108	NA
329	Pulse	55	18950000	390108	NA
329	Pulse	55	18960000	400108	NA
329	Pulse	55	18970000	410108	NA
329	Pulse	55	18980000	420108	NA
329	Pulse	55	18990000	430108	NA
329	Pulse	55	19000000	440108	NA
329	Pulse	55	19010000	450108	NA
329	Pulse	55	19020000	460108	NA
329	Pulse	55	19030000	470108	NA
329	Pulse	55	19040000	480108	NA
329	Pulse	55	19050000	490108	NA
329	Pulse	55	19060000	500108	NA
329	Pulse	55	19070000	510108	NA
329	Pulse	55	19080000	520108	NA
329	Pulse	55	19090000	530108	NA
329	Pulse	55	19100000	540108	NA
329	Pulse	55	19110000	550108	NA
329	Pulse	55	19120000	560108	NA
329	Pulse	55	19130000	570108	NA
329	Pulse	55	19140000	580108	NA
329	Pulse	55	19150000	590108	NA
329	Pulse	55	19160000	600108	NA
329	Pulse	55	19170000	610108	NA
329	Pulse	55	19180000	620108	NA
329	Pulse	55	19190000	630108	NA
329	Pulse	55	19200000	640108	NA
329	Pulse	55	19210000	650108	NA
329	Pulse	55	19220000	660108	NA
329	Pulse	55	19230000	670108	NA
329	Pulse	55	19240000	680108	NA
329	Pulse	55	19250000	690108	NA
329	Pulse	55	19260000	700108	NA
329	Pulse	55	19270000	710108	NA
329	Pulse	55	19280000	720108	NA
329	Pulse	55	19290000	730108	NA
329	Pulse	55	19300000	740108	NA
329	Pulse	55	19310000	750108	NA
329	Pulse	55	19320000	760108	NA
329	Pulse	55	19330000	770108	NA
329	Pulse	55	19340000	780108	NA
329	Pulse	55	19350000	790108	NA
329	Pulse	55	19360000	800108	NA
329	Pulse	55	19370000	810108	NA
329	Pulse	55	19380000	820108	NA
329	Pulse	55	19390000	830108	NA
329	Pulse	55	19400000	840108	NA
329	Pulse	55	19410000	850108	NA
329	Pulse	55	19420000	860108	NA
329	Pulse	55	19430000	870108	NA
329	Pulse	55	19440000	880108	NA
329	Pulse	55	19450000	890108	NA
329	Pulse	55	19460000	900108	NA
329	Pulse	55	19470000	910108	NA
329	Pulse	55	19480000	920108	NA
329	Pulse	55	19490000	930108	NA
329	Pulse	55	19500000	940108	NA
329	Pulse	55	19510000	950108	NA
329	Pulse	55	19520000	960108	NA
329	Pulse	55	19530000	970108	NA
329	Pulse	55	19540000	980108	NA
329	Pulse	55	19550000	990108	NA
329	Pulse	55	19560000	1000108	NA
329	Pulse	55	19570000	1010108	NA
329	Pulse	55	19580000	1020108	NA
329	Pulse	55	19590000	1030108	NA
329	Pulse	55	19600000	1040108	NA
329	Pulse	55	19610000	1050108	NA
329	Pulse	55	19620000	1060108	NA
329	Pulse	55	19630000	1070108	NA
329	Pulse	55	19640000	1080108	NA
329	Pulse	55	19650000	1090108	NA
329	Pulse	55	19660000	1100108	NA
329	Pulse	55	19670000	1110108	NA
329	Pulse	55	19680000	1120108	NA
329	Pulse	55	19690000	1130108	NA
329	Pulse	55	19700000	1140108	NA
329	Pulse	55	19710000	1150108	NA
329	Pulse	55	19720000	1160108	NA
329	Pulse	55	19730000	1170108	NA
329	Pulse	55	19740000	1180108	NA
329	Pulse	55	19750000	1190108	NA
329	Pulse	55	19760000	1200108	NA
329	Pulse	55	19770000	1210108	NA
329	Pulse	55	19780000	1220108	NA
329	Pulse	55	19790000	1230108	NA
329	Pulse	55	19800000	1240108	NA
329	Pulse	55	19810000	1250108	NA
329	Pulse	55	19820000	1260108	NA
329	Pulse	55	19830000	1270108	NA
329	Pulse	55	19840000	1280108	NA
329	Pulse	55	19850000	1290108	NA
329	Pulse	55	19860000	1300108	NA
329	Pulse	55	19870000	1310108	NA
329	Pulse	55	19880000	1320108	NA
329	Pulse	55	19890000	1330108	NA
329	Pulse	55	19900000	1340108	NA
329	Pulse	55	19910000	1350108	NA
329	Pulse	55	19920000	1360108	NA
329	Pulse	55	19930000	1370108	NA
329	Pulse	55	19940000	1380108	NA
329	Pulse	55	19950000	1390108	NA
329	Pulse	55	19960000	1400108	NA
329	Pulse	55	19970000	1410108	NA
329	Pulse	55	19980000	1420108	NA
329	Pulse	55	19990000	1430108	NA
329	Pulse	55	20000000	1440108	NA
329	Pulse	55	20010000	1450108	NA
329	Pulse	55	20020000	1460108	NA
329	Pulse	55	20030000	1470108	NA
329	Pulse	55	20040000	1480108	NA
329	Pulse	55	20050000	1490108	NA
329	Pulse	55	20060000	1500108	NA
329	Response	1	20066073	1506181	1
