Scenario - Slideshow_D2.sce
Logfile written - 10/06/2021 18:51:42

Trial	Event Type	Code	Time	TTime	Uncertainty	Duration	Uncertainty	ReqTime	ReqDur	Stim Type	Pair Index

0	Pulse	55	0	0	NA
1	Pulse	55	10000	9417	NA
1	Pulse	55	20000	19417	NA
1	Pulse	55	30000	29417	NA
1	Pulse	55	40000	39417	NA
2	Pulse	55	50000	8820	NA
2	Pulse	55	60000	18820	NA
2	Pulse	55	70000	28820	NA
2	Pulse	55	80000	38820	NA
3	Pulse	55	90000	8223	NA
3	Pulse	55	100000	18223	NA
3	Pulse	55	110000	28223	NA
3	Pulse	55	120000	38223	NA
4	Pulse	55	130000	7626	NA
4	Pulse	55	140000	17626	NA
4	Pulse	55	150000	27626	NA
4	Pulse	55	160000	37626	NA
5	Pulse	55	170000	7030	NA
5	Pulse	55	180000	17030	NA
5	Pulse	55	190000	27030	NA
5	Pulse	55	200000	37030	NA
6	Pulse	55	210000	6433	NA
6	Pulse	55	220000	16433	NA
6	Pulse	55	230000	26433	NA
6	Pulse	55	240000	36433	NA
7	Pulse	55	250000	5836	NA
7	Pulse	55	260000	15836	NA
7	Pulse	55	270000	25836	NA
7	Pulse	55	280000	35836	NA
8	Pulse	55	290000	5239	NA
8	Pulse	55	300000	15239	NA
8	Pulse	55	310000	25239	NA
8	Pulse	55	320000	35239	NA
9	Pulse	55	330000	4642	NA
9	Pulse	55	340000	14642	NA
9	Pulse	55	350000	24642	NA
9	Pulse	55	360000	34642	NA
10	Pulse	55	370000	4212	NA
10	Pulse	55	380000	14212	NA
10	Pulse	55	390000	24212	NA
10	Pulse	55	400000	34212	NA
11	Pulse	55	410000	3699	NA
11	Pulse	55	420000	13699	NA
11	Pulse	55	430000	23699	NA
11	Pulse	55	440000	33699	NA
12	Pulse	55	450000	3185	NA
12	Pulse	55	460000	13185	NA
12	Pulse	55	470000	23185	NA
12	Pulse	55	480000	33185	NA
13	Pulse	55	490000	2589	NA
13	Pulse	55	500000	12589	NA
13	Pulse	55	510000	22589	NA
13	Pulse	55	520000	32589	NA
14	Pulse	55	530000	1992	NA
14	Pulse	55	540000	11992	NA
14	Pulse	55	550000	21992	NA
14	Pulse	55	560000	31992	NA
15	Pulse	55	570000	1395	NA
15	Pulse	55	580000	11395	NA
15	Pulse	55	590000	21395	NA
15	Pulse	55	600000	31395	NA
16	Pulse	55	610000	798	NA
16	Pulse	55	620000	10798	NA
16	Pulse	55	630000	20798	NA
16	Pulse	55	640000	30798	NA
17	Pulse	55	650000	202	NA
17	Pulse	55	660000	10202	NA
17	Pulse	55	670000	20202	NA
17	Pulse	55	680000	30202	NA
17	Pulse	55	690000	40202	NA
18	Pulse	55	700000	9688	NA
18	Pulse	55	710000	19688	NA
18	Pulse	55	720000	29688	NA
18	Pulse	55	730000	39688	NA
19	Pulse	55	740000	9091	NA
19	Pulse	55	750000	19091	NA
19	Pulse	55	760000	29091	NA
19	Pulse	55	770000	39091	NA
20	Pulse	55	780000	8495	NA
20	Pulse	55	790000	18495	NA
20	Pulse	55	800000	28495	NA
20	Pulse	55	810000	38495	NA
21	Pulse	55	820000	7898	NA
21	Pulse	55	830000	17898	NA
21	Pulse	55	840000	27898	NA
21	Pulse	55	850000	37898	NA
22	Pulse	55	860000	7301	NA
22	Pulse	55	870000	17301	NA
22	Pulse	55	880000	27301	NA
22	Pulse	55	890000	37301	NA
23	Pulse	55	900000	6704	NA
23	Pulse	55	910000	16704	NA
23	Pulse	55	920000	26704	NA
23	Pulse	55	930000	36704	NA
24	Pulse	55	940000	6107	NA
24	Pulse	55	950000	16107	NA
24	Pulse	55	960000	26107	NA
24	Pulse	55	970000	36107	NA
25	Pulse	55	980000	5511	NA
25	Pulse	55	990000	15511	NA
25	Pulse	55	1000000	25511	NA
25	Pulse	55	1010000	35511	NA
26	Pulse	55	1020000	4914	NA
26	Pulse	55	1030000	14914	NA
26	Pulse	55	1040000	24914	NA
26	Pulse	55	1050000	34914	NA
27	Pulse	55	1060000	4317	NA
27	Pulse	55	1070000	14317	NA
27	Pulse	55	1080000	24317	NA
27	Pulse	55	1090000	34317	NA
28	Pulse	55	1100000	3720	NA
28	Pulse	55	1110000	13720	NA
28	Pulse	55	1120000	23720	NA
28	Pulse	55	1130000	33720	NA
29	Pulse	55	1140000	3124	NA
29	Pulse	55	1150000	13124	NA
29	Pulse	55	1160000	23124	NA
29	Pulse	55	1170000	33124	NA
30	Pulse	55	1180000	2527	NA
30	Pulse	55	1190000	12527	NA
30	Pulse	55	1200000	22527	NA
30	Pulse	55	1210000	32527	NA
31	Pulse	55	1220000	1847	NA
31	Pulse	55	1230000	11847	NA
31	Pulse	55	1240000	21847	NA
31	Pulse	55	1250000	31847	NA
32	Pulse	55	1260000	1250	NA
32	Pulse	55	1270000	11250	NA
32	Pulse	55	1280000	21250	NA
32	Pulse	55	1290000	31250	NA
33	Pulse	55	1300000	653	NA
33	Pulse	55	1310000	10653	NA
33	Pulse	55	1320000	20653	NA
33	Pulse	55	1330000	30653	NA
34	Pulse	55	1340000	56	NA
34	Pulse	55	1350000	10056	NA
34	Pulse	55	1360000	20056	NA
34	Pulse	55	1370000	30056	NA
34	Pulse	55	1380000	40056	NA
35	Pulse	55	1390000	9459	NA
35	Pulse	55	1400000	19459	NA
35	Pulse	55	1410000	29459	NA
35	Pulse	55	1420000	39459	NA
36	Pulse	55	1430000	8863	NA
36	Pulse	55	1440000	18863	NA
36	Pulse	55	1450000	28863	NA
36	Pulse	55	1460000	38863	NA
37	Pulse	55	1470000	8266	NA
37	Pulse	55	1480000	18266	NA
37	Pulse	55	1490000	28266	NA
37	Pulse	55	1500000	38266	NA
38	Pulse	55	1510000	7502	NA
38	Pulse	55	1520000	17502	NA
38	Pulse	55	1530000	27502	NA
38	Pulse	55	1540000	37502	NA
39	Pulse	55	1550000	6906	NA
39	Pulse	55	1560000	16906	NA
39	Pulse	55	1570000	26906	NA
39	Pulse	55	1580000	36906	NA
40	Pulse	55	1590000	6309	NA
40	Pulse	55	1600000	16309	NA
40	Pulse	55	1610000	26309	NA
40	Pulse	55	1620000	36309	NA
41	Pulse	55	1630000	5712	NA
41	Pulse	55	1640000	15712	NA
41	Pulse	55	1650000	25712	NA
41	Pulse	55	1660000	35712	NA
42	Pulse	55	1670000	5032	NA
42	Pulse	55	1680000	15032	NA
42	Pulse	55	1690000	25032	NA
42	Pulse	55	1700000	35032	NA
43	Pulse	55	1710000	4435	NA
43	Pulse	55	1720000	14435	NA
43	Pulse	55	1730000	24435	NA
43	Pulse	55	1740000	34435	NA
44	Pulse	55	1750000	3838	NA
44	Pulse	55	1760000	13838	NA
44	Pulse	55	1770000	23838	NA
44	Pulse	55	1780000	33838	NA
45	Pulse	55	1790000	3242	NA
45	Pulse	55	1800000	13242	NA
45	Pulse	55	1810000	23242	NA
45	Pulse	55	1820000	33242	NA
46	Pulse	55	1830000	2561	NA
46	Pulse	55	1840000	12561	NA
46	Pulse	55	1850000	22561	NA
46	Pulse	55	1860000	32561	NA
47	Pulse	55	1870000	1965	NA
47	Pulse	55	1880000	11965	NA
47	Pulse	55	1890000	21965	NA
47	Pulse	55	1900000	31965	NA
48	Pulse	55	1910000	1368	NA
48	Pulse	55	1920000	11368	NA
48	Pulse	55	1930000	21368	NA
48	Pulse	55	1940000	31368	NA
49	Pulse	55	1950000	688	NA
49	Pulse	55	1960000	10688	NA
49	Pulse	55	1970000	20688	NA
49	Pulse	55	1980000	30688	NA
50	Pulse	55	1990000	91	NA
50	Pulse	55	2000000	10091	NA
50	Pulse	55	2010000	20091	NA
50	Pulse	55	2020000	30091	NA
50	Pulse	55	2030000	40091	NA
51	Pulse	55	2040000	9494	NA
51	Pulse	55	2050000	19494	NA
51	Pulse	55	2060000	29494	NA
51	Pulse	55	2070000	39494	NA
52	Pulse	55	2080000	8897	NA
52	Pulse	55	2090000	18897	NA
52	Pulse	55	2100000	28897	NA
52	Pulse	55	2110000	38897	NA
53	Pulse	55	2120000	8217	NA
53	Pulse	55	2130000	18217	NA
53	Pulse	55	2140000	28217	NA
53	Pulse	55	2150000	38217	NA
54	Pulse	55	2160000	7621	NA
54	Pulse	55	2170000	17621	NA
54	Pulse	55	2180000	27621	NA
54	Pulse	55	2190000	37621	NA
55	Pulse	55	2200000	7024	NA
55	Pulse	55	2210000	17024	NA
55	Pulse	55	2220000	27024	NA
55	Pulse	55	2230000	37024	NA
56	Pulse	55	2240000	6344	NA
56	Pulse	55	2250000	16344	NA
56	Pulse	55	2260000	26344	NA
56	Pulse	55	2270000	36344	NA
57	Pulse	55	2280000	5747	NA
57	Pulse	55	2290000	15747	NA
57	Pulse	55	2300000	25747	NA
57	Pulse	55	2310000	35747	NA
58	Pulse	55	2320000	5150	NA
58	Pulse	55	2330000	15150	NA
58	Pulse	55	2340000	25150	NA
58	Pulse	55	2350000	35150	NA
59	Pulse	55	2360000	4553	NA
59	Pulse	55	2370000	14553	NA
59	Pulse	55	2380000	24553	NA
59	Pulse	55	2390000	34553	NA
60	Pulse	55	2400000	3956	NA
60	Pulse	55	2410000	13956	NA
60	Pulse	55	2420000	23956	NA
60	Pulse	55	2430000	33956	NA
61	Pulse	55	2440000	3276	NA
61	Pulse	55	2450000	13276	NA
61	Pulse	55	2460000	23276	NA
61	Pulse	55	2470000	33276	NA
62	Pulse	55	2480000	2680	NA
62	Pulse	55	2490000	12680	NA
62	Pulse	55	2500000	22680	NA
62	Pulse	55	2510000	32680	NA
63	Pulse	55	2520000	1999	NA
63	Pulse	55	2530000	11999	NA
63	Pulse	55	2540000	21999	NA
63	Pulse	55	2550000	31999	NA
64	Pulse	55	2560000	1403	NA
64	Pulse	55	2570000	11403	NA
64	Pulse	55	2580000	21403	NA
64	Pulse	55	2590000	31403	NA
65	Pulse	55	2600000	722	NA
65	Pulse	55	2610000	10722	NA
65	Pulse	55	2620000	20722	NA
65	Pulse	55	2630000	30722	NA
66	Pulse	55	2640000	126	NA
66	Pulse	55	2650000	10126	NA
66	Pulse	55	2660000	20126	NA
66	Pulse	55	2670000	30126	NA
66	Pulse	55	2680000	40126	NA
67	Pulse	55	2690000	9446	NA
67	Pulse	55	2700000	19446	NA
67	Pulse	55	2710000	29446	NA
67	Pulse	55	2720000	39446	NA
68	Pulse	55	2730000	8849	NA
68	Pulse	55	2740000	18849	NA
68	Pulse	55	2750000	28849	NA
68	Pulse	55	2760000	38849	NA
69	Pulse	55	2770000	8252	NA
69	Pulse	55	2780000	18252	NA
69	Pulse	55	2790000	28252	NA
69	Pulse	55	2800000	38252	NA
70	Pulse	55	2810000	7655	NA
70	Pulse	55	2820000	17655	NA
70	Pulse	55	2830000	27655	NA
70	Pulse	55	2840000	37655	NA
71	Pulse	55	2850000	7058	NA
71	Pulse	55	2860000	17058	NA
71	Pulse	55	2870000	27058	NA
71	Pulse	55	2880000	37058	NA
72	Pulse	55	2890000	6462	NA
72	Pulse	55	2900000	16462	NA
72	Pulse	55	2910000	26462	NA
72	Pulse	55	2920000	36462	NA
73	Pulse	55	2930000	5782	NA
73	Pulse	55	2940000	15782	NA
73	Pulse	55	2950000	25782	NA
73	Pulse	55	2960000	35782	NA
74	Pulse	55	2970000	5185	NA
74	Pulse	55	2980000	15185	NA
74	Pulse	55	2990000	25185	NA
74	Pulse	55	3000000	35185	NA
75	Pulse	55	3010000	4588	NA
75	Pulse	55	3020000	14588	NA
75	Pulse	55	3030000	24588	NA
75	Pulse	55	3040000	34588	NA
76	Pulse	55	3050000	3991	NA
76	Pulse	55	3060000	13991	NA
76	Pulse	55	3070000	23991	NA
76	Pulse	55	3080000	33991	NA
77	Pulse	55	3090000	3394	NA
77	Pulse	55	3100000	13394	NA
77	Pulse	55	3110000	23394	NA
77	Pulse	55	3120000	33394	NA
78	Pulse	55	3130000	2798	NA
78	Pulse	55	3140000	12798	NA
78	Pulse	55	3150000	22798	NA
78	Pulse	55	3160000	32798	NA
79	Pulse	55	3170000	2201	NA
79	Pulse	55	3180000	12201	NA
79	Pulse	55	3190000	22201	NA
79	Pulse	55	3200000	32201	NA
80	Pulse	55	3210000	1604	NA
80	Pulse	55	3220000	11604	NA
80	Pulse	55	3230000	21604	NA
80	Pulse	55	3240000	31604	NA
81	Pulse	55	3250000	1007	NA
81	Pulse	55	3260000	11007	NA
81	Pulse	55	3270000	21007	NA
81	Pulse	55	3280000	31007	NA
82	Pulse	55	3290000	327	NA
82	Pulse	55	3300000	10327	NA
82	Pulse	55	3310000	20327	NA
82	Pulse	55	3320000	30327	NA
82	Pulse	55	3330000	40327	NA
83	Pulse	55	3340000	9730	NA
83	Pulse	55	3350000	19730	NA
83	Pulse	55	3360000	29730	NA
83	Pulse	55	3370000	39730	NA
84	Pulse	55	3380000	9134	NA
84	Pulse	55	3390000	19134	NA
84	Pulse	55	3400000	29134	NA
84	Pulse	55	3410000	39134	NA
85	Pulse	55	3420000	8537	NA
85	Pulse	55	3430000	18537	NA
85	Pulse	55	3440000	28537	NA
85	Pulse	55	3450000	38537	NA
86	Pulse	55	3460000	7940	NA
86	Pulse	55	3470000	17940	NA
86	Pulse	55	3480000	27940	NA
86	Pulse	55	3490000	37940	NA
87	Pulse	55	3500000	7343	NA
87	Pulse	55	3510000	17343	NA
87	Pulse	55	3520000	27343	NA
87	Pulse	55	3530000	37343	NA
88	Pulse	55	3540000	6747	NA
88	Pulse	55	3550000	16747	NA
88	Pulse	55	3560000	26747	NA
88	Pulse	55	3570000	36747	NA
89	Pulse	55	3580000	6150	NA
89	Pulse	55	3590000	16150	NA
89	Pulse	55	3600000	26150	NA
89	Pulse	55	3610000	36150	NA
90	Pulse	55	3620000	5553	NA
90	Pulse	55	3630000	15553	NA
90	Pulse	55	3640000	25553	NA
90	Pulse	55	3650000	35553	NA
91	Pulse	55	3660000	4956	NA
91	Pulse	55	3670000	14956	NA
91	Pulse	55	3680000	24956	NA
91	Pulse	55	3690000	34956	NA
92	Pulse	55	3700000	4359	NA
92	Pulse	55	3710000	14359	NA
92	Pulse	55	3720000	24359	NA
92	Pulse	55	3730000	34359	NA
93	Pulse	55	3740000	3763	NA
93	Pulse	55	3750000	13763	NA
93	Pulse	55	3760000	23763	NA
93	Pulse	55	3770000	33763	NA
94	Pulse	55	3780000	3166	NA
94	Pulse	55	3790000	13166	NA
94	Pulse	55	3800000	23166	NA
94	Pulse	55	3810000	33166	NA
95	Pulse	55	3820000	2569	NA
95	Pulse	55	3830000	12569	NA
95	Pulse	55	3840000	22569	NA
95	Pulse	55	3850000	32569	NA
96	Pulse	55	3860000	1972	NA
96	Pulse	55	3870000	11972	NA
96	Pulse	55	3880000	21972	NA
96	Pulse	55	3890000	31972	NA
97	Pulse	55	3900000	1375	NA
97	Pulse	55	3910000	11375	NA
97	Pulse	55	3920000	21375	NA
97	Pulse	55	3930000	31375	NA
98	Pulse	55	3940000	779	NA
98	Pulse	55	3950000	10779	NA
98	Pulse	55	3960000	20779	NA
98	Pulse	55	3970000	30779	NA
99	Pulse	55	3980000	182	NA
99	Pulse	55	3990000	10182	NA
99	Pulse	55	4000000	20182	NA
99	Pulse	55	4010000	30182	NA
99	Pulse	55	4020000	40182	NA
100	Pulse	55	4030000	9585	NA
100	Pulse	55	4040000	19585	NA
100	Pulse	55	4050000	29585	NA
100	Pulse	55	4060000	39585	NA
101	Pulse	55	4070000	8988	NA
101	Pulse	55	4080000	18988	NA
101	Pulse	55	4090000	28988	NA
101	Pulse	55	4100000	38988	NA
102	Pulse	55	4110000	8392	NA
102	Pulse	55	4120000	18392	NA
102	Pulse	55	4130000	28392	NA
102	Pulse	55	4140000	38392	NA
103	Pulse	55	4150000	7795	NA
103	Pulse	55	4160000	17795	NA
103	Pulse	55	4170000	27795	NA
103	Pulse	55	4180000	37795	NA
104	Pulse	55	4190000	7198	NA
104	Pulse	55	4200000	17198	NA
104	Pulse	55	4210000	27198	NA
104	Pulse	55	4220000	37198	NA
105	Pulse	55	4230000	6601	NA
105	Pulse	55	4240000	16601	NA
105	Pulse	55	4250000	26601	NA
105	Pulse	55	4260000	36601	NA
106	Pulse	55	4270000	6005	NA
106	Pulse	55	4280000	16005	NA
106	Pulse	55	4290000	26005	NA
106	Pulse	55	4300000	36005	NA
107	Pulse	55	4310000	5491	NA
107	Pulse	55	4320000	15491	NA
107	Pulse	55	4330000	25491	NA
107	Pulse	55	4340000	35491	NA
108	Pulse	55	4350000	4978	NA
108	Pulse	55	4360000	14978	NA
108	Pulse	55	4370000	24978	NA
108	Pulse	55	4380000	34978	NA
109	Pulse	55	4390000	4381	NA
109	Pulse	55	4400000	14381	NA
109	Pulse	55	4410000	24381	NA
109	Pulse	55	4420000	34381	NA
110	Pulse	55	4430000	3784	NA
110	Pulse	55	4440000	13784	NA
110	Pulse	55	4450000	23784	NA
110	Pulse	55	4460000	33784	NA
111	Pulse	55	4470000	3187	NA
111	Pulse	55	4480000	13187	NA
111	Pulse	55	4490000	23187	NA
111	Pulse	55	4500000	33187	NA
112	Pulse	55	4510000	2591	NA
112	Pulse	55	4520000	12591	NA
112	Pulse	55	4530000	22591	NA
112	Pulse	55	4540000	32591	NA
113	Pulse	55	4550000	1994	NA
113	Pulse	55	4560000	11994	NA
113	Pulse	55	4570000	21994	NA
113	Pulse	55	4580000	31994	NA
114	Pulse	55	4590000	1397	NA
114	Pulse	55	4600000	11397	NA
114	Pulse	55	4610000	21397	NA
114	Pulse	55	4620000	31397	NA
115	Pulse	55	4630000	884	NA
115	Pulse	55	4640000	10884	NA
115	Pulse	55	4650000	20884	NA
115	Pulse	55	4660000	30884	NA
116	Pulse	55	4670000	287	NA
116	Pulse	55	4680000	10287	NA
116	Pulse	55	4690000	20287	NA
116	Pulse	55	4700000	30287	NA
116	Pulse	55	4710000	40287	NA
117	Pulse	55	4720000	9690	NA
117	Pulse	55	4730000	19690	NA
117	Pulse	55	4740000	29690	NA
117	Pulse	55	4750000	39690	NA
118	Pulse	55	4760000	9177	NA
118	Pulse	55	4770000	19177	NA
118	Pulse	55	4780000	29177	NA
118	Pulse	55	4790000	39177	NA
119	Pulse	55	4800000	8663	NA
119	Pulse	55	4810000	18663	NA
119	Pulse	55	4820000	28663	NA
119	Pulse	55	4830000	38663	NA
120	Pulse	55	4840000	8066	NA
120	Pulse	55	4850000	18066	NA
120	Pulse	55	4860000	28066	NA
120	Pulse	55	4870000	38066	NA
121	Pulse	55	4880000	7553	NA
121	Pulse	55	4890000	17553	NA
121	Pulse	55	4900000	27553	NA
121	Pulse	55	4910000	37553	NA
122	Pulse	55	4920000	6956	NA
122	Pulse	55	4930000	16956	NA
122	Pulse	55	4940000	26956	NA
122	Pulse	55	4950000	36956	NA
123	Pulse	55	4960000	6443	NA
123	Pulse	55	4970000	16443	NA
123	Pulse	55	4980000	26443	NA
123	Pulse	55	4990000	36443	NA
124	Pulse	55	5000000	5929	NA
124	Pulse	55	5010000	15929	NA
124	Pulse	55	5020000	25929	NA
124	Pulse	55	5030000	35929	NA
125	Pulse	55	5040000	5416	NA
125	Pulse	55	5050000	15416	NA
125	Pulse	55	5060000	25416	NA
125	Pulse	55	5070000	35416	NA
126	Pulse	55	5080000	4819	NA
126	Pulse	55	5090000	14819	NA
126	Pulse	55	5100000	24819	NA
126	Pulse	55	5110000	34819	NA
127	Pulse	55	5120000	4222	NA
127	Pulse	55	5130000	14222	NA
127	Pulse	55	5140000	24222	NA
127	Pulse	55	5150000	34222	NA
128	Pulse	55	5160000	3626	NA
128	Pulse	55	5170000	13626	NA
128	Pulse	55	5180000	23626	NA
128	Pulse	55	5190000	33626	NA
129	Pulse	55	5200000	3029	NA
129	Pulse	55	5210000	13029	NA
129	Pulse	55	5220000	23029	NA
129	Pulse	55	5230000	33029	NA
130	Pulse	55	5240000	2432	NA
130	Pulse	55	5250000	12432	NA
130	Pulse	55	5260000	22432	NA
130	Pulse	55	5270000	32432	NA
131	Pulse	55	5280000	1835	NA
131	Pulse	55	5290000	11835	NA
131	Pulse	55	5300000	21835	NA
131	Pulse	55	5310000	31835	NA
132	Pulse	55	5320000	1322	NA
132	Pulse	55	5330000	11322	NA
132	Pulse	55	5340000	21322	NA
132	Pulse	55	5350000	31322	NA
133	Pulse	55	5360000	725	NA
133	Pulse	55	5370000	10725	NA
133	Pulse	55	5380000	20725	NA
133	Pulse	55	5390000	30725	NA
134	Pulse	55	5400000	45	NA
134	Pulse	55	5410000	10045	NA
134	Pulse	55	5420000	20045	NA
134	Pulse	55	5430000	30045	NA
134	Pulse	55	5440000	40045	NA
135	Pulse	55	5450000	9532	NA
135	Pulse	55	5460000	19532	NA
135	Pulse	55	5470000	29532	NA
135	Pulse	55	5480000	39532	NA
136	Pulse	55	5490000	8935	NA
136	Pulse	55	5500000	18935	NA
136	Pulse	55	5510000	28935	NA
136	Pulse	55	5520000	38935	NA
137	Pulse	55	5530000	8255	NA
137	Pulse	55	5540000	18255	NA
137	Pulse	55	5550000	28255	NA
137	Pulse	55	5560000	38255	NA
138	Pulse	55	5570000	7741	NA
138	Pulse	55	5580000	17741	NA
138	Pulse	55	5590000	27741	NA
138	Pulse	55	5600000	37741	NA
139	Pulse	55	5610000	7144	NA
139	Pulse	55	5620000	17144	NA
139	Pulse	55	5630000	27144	NA
139	Pulse	55	5640000	37144	NA
140	Pulse	55	5650000	6548	NA
140	Pulse	55	5660000	16548	NA
140	Pulse	55	5670000	26548	NA
140	Pulse	55	5680000	36548	NA
141	Pulse	55	5690000	6034	NA
141	Pulse	55	5700000	16034	NA
141	Pulse	55	5710000	26034	NA
141	Pulse	55	5720000	36034	NA
142	Pulse	55	5730000	5437	NA
142	Pulse	55	5740000	15437	NA
142	Pulse	55	5750000	25437	NA
142	Pulse	55	5760000	35437	NA
143	Pulse	55	5770000	4841	NA
143	Pulse	55	5780000	14841	NA
143	Pulse	55	5790000	24841	NA
143	Pulse	55	5800000	34841	NA
144	Pulse	55	5810000	4327	NA
144	Pulse	55	5820000	14327	NA
144	Pulse	55	5830000	24327	NA
144	Pulse	55	5840000	34327	NA
145	Pulse	55	5850000	3814	NA
145	Pulse	55	5860000	13814	NA
145	Pulse	55	5870000	23814	NA
145	Pulse	55	5880000	33814	NA
146	Pulse	55	5890000	3217	NA
146	Pulse	55	5900000	13217	NA
146	Pulse	55	5910000	23217	NA
146	Pulse	55	5920000	33217	NA
147	Pulse	55	5930000	2620	NA
147	Pulse	55	5940000	12620	NA
147	Pulse	55	5950000	22620	NA
147	Pulse	55	5960000	32620	NA
148	Pulse	55	5970000	2024	NA
148	Pulse	55	5980000	12024	NA
148	Pulse	55	5990000	22024	NA
148	Pulse	55	6000000	32024	NA
149	Pulse	55	6010000	1427	NA
149	Pulse	55	6020000	11427	NA
149	Pulse	55	6030000	21427	NA
149	Pulse	55	6040000	31427	NA
150	Pulse	55	6050000	830	NA
150	Pulse	55	6060000	10830	NA
150	Pulse	55	6070000	20830	NA
150	Pulse	55	6080000	30830	NA
151	Pulse	55	6090000	233	NA
151	Pulse	55	6100000	10233	NA
151	Pulse	55	6110000	20233	NA
151	Pulse	55	6120000	30233	NA
151	Pulse	55	6130000	40233	NA
152	Pulse	55	6140000	9636	NA
152	Pulse	55	6150000	19636	NA
152	Pulse	55	6160000	29636	NA
152	Pulse	55	6170000	39636	NA
153	Pulse	55	6180000	9123	NA
153	Pulse	55	6190000	19123	NA
153	Pulse	55	6200000	29123	NA
153	Pulse	55	6210000	39123	NA
154	Pulse	55	6220000	8610	NA
154	Pulse	55	6230000	18610	NA
154	Pulse	55	6240000	28610	NA
154	Pulse	55	6250000	38610	NA
155	Pulse	55	6260000	8180	NA
155	Pulse	55	6270000	18180	NA
155	Pulse	55	6280000	28180	NA
155	Pulse	55	6290000	38180	NA
156	Pulse	55	6300000	7666	NA
156	Pulse	55	6310000	17666	NA
156	Pulse	55	6320000	27666	NA
156	Pulse	55	6330000	37666	NA
157	Pulse	55	6340000	7153	NA
157	Pulse	55	6350000	17153	NA
157	Pulse	55	6360000	27153	NA
157	Pulse	55	6370000	37153	NA
158	Pulse	55	6380000	6639	NA
158	Pulse	55	6390000	16639	NA
158	Pulse	55	6400000	26639	NA
158	Pulse	55	6410000	36639	NA
159	Pulse	55	6420000	6043	NA
159	Pulse	55	6430000	16043	NA
159	Pulse	55	6440000	26043	NA
159	Pulse	55	6450000	36043	NA
160	Pulse	55	6460000	5446	NA
160	Pulse	55	6470000	15446	NA
160	Pulse	55	6480000	25446	NA
160	Pulse	55	6490000	35446	NA
161	Pulse	55	6500000	4849	NA
161	Pulse	55	6510000	14849	NA
161	Pulse	55	6520000	24849	NA
161	Pulse	55	6530000	34849	NA
162	Pulse	55	6540000	4336	NA
162	Pulse	55	6550000	14336	NA
162	Pulse	55	6560000	24336	NA
162	Pulse	55	6570000	34336	NA
163	Pulse	55	6580000	3739	NA
163	Pulse	55	6590000	13739	NA
163	Pulse	55	6600000	23739	NA
163	Pulse	55	6610000	33739	NA
164	Pulse	55	6620000	3142	NA
164	Pulse	55	6630000	13142	NA
164	Pulse	55	6640000	23142	NA
164	Pulse	55	6650000	33142	NA
165	Pulse	55	6660000	2545	NA
165	Pulse	55	6670000	12545	NA
165	Pulse	55	6680000	22545	NA
165	Pulse	55	6690000	32545	NA
166	Pulse	55	6700000	1948	NA
166	Pulse	55	6710000	11948	NA
166	Pulse	55	6720000	21948	NA
166	Pulse	55	6730000	31948	NA
167	Pulse	55	6740000	1352	NA
167	Pulse	55	6750000	11352	NA
167	Pulse	55	6760000	21352	NA
167	Pulse	55	6770000	31352	NA
168	Pulse	55	6780000	755	NA
168	Pulse	55	6790000	10755	NA
168	Pulse	55	6800000	20755	NA
168	Pulse	55	6810000	30755	NA
169	Pulse	55	6820000	241	NA
169	Pulse	55	6830000	10241	NA
169	Pulse	55	6840000	20241	NA
169	Pulse	55	6850000	30241	NA
169	Pulse	55	6860000	40241	NA
170	Pulse	55	6870000	9645	NA
170	Pulse	55	6880000	19645	NA
170	Pulse	55	6890000	29645	NA
170	Pulse	55	6900000	39645	NA
171	Pulse	55	6910000	9131	NA
171	Pulse	55	6920000	19131	NA
171	Pulse	55	6930000	29131	NA
171	Pulse	55	6940000	39131	NA
172	Pulse	55	6950000	8618	NA
172	Pulse	55	6960000	18618	NA
172	Pulse	55	6970000	28618	NA
172	Pulse	55	6980000	38618	NA
173	Pulse	55	6990000	8021	NA
173	Pulse	55	7000000	18021	NA
173	Pulse	55	7010000	28021	NA
173	Pulse	55	7020000	38021	NA
174	Pulse	55	7030000	7591	NA
174	Pulse	55	7040000	17591	NA
174	Pulse	55	7050000	27591	NA
174	Pulse	55	7060000	37591	NA
175	Pulse	55	7070000	7078	NA
175	Pulse	55	7080000	17078	NA
175	Pulse	55	7090000	27078	NA
175	Pulse	55	7100000	37078	NA
176	Pulse	55	7110000	6481	NA
176	Pulse	55	7120000	16481	NA
176	Pulse	55	7130000	26481	NA
176	Pulse	55	7140000	36481	NA
177	Pulse	55	7150000	5967	NA
177	Pulse	55	7160000	15967	NA
177	Pulse	55	7170000	25967	NA
177	Pulse	55	7180000	35967	NA
178	Pulse	55	7190000	5454	NA
178	Pulse	55	7200000	15454	NA
178	Pulse	55	7210000	25454	NA
178	Pulse	55	7220000	35454	NA
179	Pulse	55	7230000	4940	NA
179	Pulse	55	7240000	14940	NA
179	Pulse	55	7250000	24940	NA
179	Pulse	55	7260000	34940	NA
180	Pulse	55	7270000	4344	NA
180	Pulse	55	7280000	14344	NA
180	Pulse	55	7290000	24344	NA
180	Pulse	55	7300000	34344	NA
181	Pulse	55	7310000	3747	NA
181	Pulse	55	7320000	13747	NA
181	Pulse	55	7330000	23747	NA
181	Pulse	55	7340000	33747	NA
182	Pulse	55	7350000	3150	NA
182	Pulse	55	7360000	13150	NA
182	Pulse	55	7370000	23150	NA
182	Pulse	55	7380000	33150	NA
183	Pulse	55	7390000	2553	NA
183	Pulse	55	7400000	12553	NA
183	Pulse	55	7410000	22553	NA
183	Pulse	55	7420000	32553	NA
184	Pulse	55	7430000	1957	NA
184	Pulse	55	7440000	11957	NA
184	Pulse	55	7450000	21957	NA
184	Pulse	55	7460000	31957	NA
185	Pulse	55	7470000	1443	NA
185	Pulse	55	7480000	11443	NA
185	Pulse	55	7490000	21443	NA
185	Pulse	55	7500000	31443	NA
186	Pulse	55	7510000	846	NA
186	Pulse	55	7520000	10846	NA
186	Pulse	55	7530000	20846	NA
186	Pulse	55	7540000	30846	NA
187	Pulse	55	7550000	250	NA
187	Pulse	55	7560000	10250	NA
187	Pulse	55	7570000	20250	NA
187	Pulse	55	7580000	30250	NA
187	Pulse	55	7590000	40250	NA
188	Pulse	55	7600000	9653	NA
188	Pulse	55	7610000	19653	NA
188	Pulse	55	7620000	29653	NA
188	Pulse	55	7630000	39653	NA
189	Pulse	55	7640000	9056	NA
189	Pulse	55	7650000	19056	NA
189	Pulse	55	7660000	29056	NA
189	Pulse	55	7670000	39056	NA
190	Pulse	55	7680000	8459	NA
190	Pulse	55	7690000	18459	NA
190	Pulse	55	7700000	28459	NA
190	Pulse	55	7710000	38459	NA
191	Pulse	55	7720000	7863	NA
191	Pulse	55	7730000	17863	NA
191	Pulse	55	7740000	27863	NA
191	Pulse	55	7750000	37863	NA
192	Pulse	55	7760000	7266	NA
192	Pulse	55	7770000	17266	NA
192	Pulse	55	7780000	27266	NA
192	Pulse	55	7790000	37266	NA
193	Pulse	55	7800000	6669	NA
193	Pulse	55	7810000	16669	NA
193	Pulse	55	7820000	26669	NA
193	Pulse	55	7830000	36669	NA
194	Pulse	55	7840000	6072	NA
194	Pulse	55	7850000	16072	NA
194	Pulse	55	7860000	26072	NA
194	Pulse	55	7870000	36072	NA
195	Pulse	55	7880000	5475	NA
195	Pulse	55	7890000	15475	NA
195	Pulse	55	7900000	25475	NA
195	Pulse	55	7910000	35475	NA
196	Pulse	55	7920000	4879	NA
196	Pulse	55	7930000	14879	NA
196	Pulse	55	7940000	24879	NA
196	Pulse	55	7950000	34879	NA
197	Pulse	55	7960000	4365	NA
197	Pulse	55	7970000	14365	NA
197	Pulse	55	7980000	24365	NA
197	Pulse	55	7990000	34365	NA
198	Pulse	55	8000000	3852	NA
198	Pulse	55	8010000	13852	NA
198	Pulse	55	8020000	23852	NA
198	Pulse	55	8030000	33852	NA
199	Pulse	55	8040000	3255	NA
199	Pulse	55	8050000	13255	NA
199	Pulse	55	8060000	23255	NA
199	Pulse	55	8070000	33255	NA
200	Pulse	55	8080000	2658	NA
200	Pulse	55	8090000	12658	NA
200	Pulse	55	8100000	22658	NA
200	Pulse	55	8110000	32658	NA
201	Pulse	55	8120000	2228	NA
201	Pulse	55	8130000	12228	NA
201	Pulse	55	8140000	22228	NA
201	Pulse	55	8150000	32228	NA
202	Pulse	55	8160000	1715	NA
202	Pulse	55	8170000	11715	NA
202	Pulse	55	8180000	21715	NA
202	Pulse	55	8190000	31715	NA
203	Pulse	55	8200000	1201	NA
203	Pulse	55	8210000	11201	NA
203	Pulse	55	8220000	21201	NA
203	Pulse	55	8230000	31201	NA
204	Pulse	55	8240000	605	NA
204	Pulse	55	8250000	10605	NA
204	Pulse	55	8260000	20605	NA
204	Pulse	55	8270000	30605	NA
205	Pulse	55	8280000	91	NA
205	Pulse	55	8290000	10091	NA
205	Pulse	55	8300000	20091	NA
205	Pulse	55	8310000	30091	NA
205	Pulse	55	8320000	40091	NA
206	Pulse	55	8330000	9494	NA
206	Pulse	55	8340000	19494	NA
206	Pulse	55	8350000	29494	NA
206	Pulse	55	8360000	39494	NA
207	Pulse	55	8370000	8981	NA
207	Pulse	55	8380000	18981	NA
207	Pulse	55	8390000	28981	NA
207	Pulse	55	8400000	38981	NA
208	Pulse	55	8410000	8468	NA
208	Pulse	55	8420000	18468	NA
208	Pulse	55	8430000	28468	NA
208	Pulse	55	8440000	38468	NA
209	Pulse	55	8450000	7871	NA
209	Pulse	55	8460000	17871	NA
209	Pulse	55	8470000	27871	NA
209	Pulse	55	8480000	37871	NA
210	Pulse	55	8490000	7357	NA
210	Pulse	55	8500000	17357	NA
210	Pulse	55	8510000	27357	NA
210	Pulse	55	8520000	37357	NA
211	Pulse	55	8530000	6927	NA
211	Pulse	55	8540000	16927	NA
211	Pulse	55	8550000	26927	NA
211	Pulse	55	8560000	36927	NA
212	Pulse	55	8570000	6414	NA
212	Pulse	55	8580000	16414	NA
212	Pulse	55	8590000	26414	NA
212	Pulse	55	8600000	36414	NA
213	Pulse	55	8610000	5900	NA
213	Pulse	55	8620000	15900	NA
213	Pulse	55	8630000	25900	NA
213	Pulse	55	8640000	35900	NA
214	Pulse	55	8650000	5387	NA
214	Pulse	55	8660000	15387	NA
214	Pulse	55	8670000	25387	NA
214	Pulse	55	8680000	35387	NA
215	Pulse	55	8690000	4790	NA
215	Pulse	55	8700000	14790	NA
215	Pulse	55	8710000	24790	NA
215	Pulse	55	8720000	34790	NA
216	Pulse	55	8730000	4277	NA
216	Pulse	55	8740000	14277	NA
216	Pulse	55	8750000	24277	NA
216	Pulse	55	8760000	34277	NA
217	Pulse	55	8770000	3930	NA
217	Pulse	55	8780000	13930	NA
217	Pulse	55	8790000	23930	NA
217	Pulse	55	8800000	33930	NA
218	Pulse	55	8810000	3417	NA
218	Pulse	55	8820000	13417	NA
218	Pulse	55	8830000	23417	NA
218	Pulse	55	8840000	33417	NA
219	Pulse	55	8850000	2903	NA
219	Pulse	55	8860000	12903	NA
219	Pulse	55	8870000	22903	NA
219	Pulse	55	8880000	32903	NA
220	Pulse	55	8890000	2307	NA
220	Pulse	55	8900000	12307	NA
220	Pulse	55	8910000	22307	NA
220	Pulse	55	8920000	32307	NA
221	Pulse	55	8930000	1710	NA
221	Pulse	55	8940000	11710	NA
221	Pulse	55	8950000	21710	NA
221	Pulse	55	8960000	31710	NA
222	Pulse	55	8970000	1280	NA
222	Pulse	55	8980000	11280	NA
222	Pulse	55	8990000	21280	NA
222	Pulse	55	9000000	31280	NA
223	Pulse	55	9010000	766	NA
223	Pulse	55	9020000	10766	NA
223	Pulse	55	9030000	20766	NA
223	Pulse	55	9040000	30766	NA
224	Pulse	55	9050000	170	NA
224	Pulse	55	9060000	10170	NA
224	Pulse	55	9070000	20170	NA
224	Pulse	55	9080000	30170	NA
224	Pulse	55	9090000	40170	NA
225	Pulse	55	9100000	9739	NA
225	Pulse	55	9110000	19739	NA
225	Pulse	55	9120000	29739	NA
225	Pulse	55	9130000	39739	NA
226	Pulse	55	9140000	9226	NA
226	Pulse	55	9150000	19226	NA
226	Pulse	55	9160000	29226	NA
226	Pulse	55	9170000	39226	NA
227	Pulse	55	9180000	8629	NA
227	Pulse	55	9190000	18629	NA
227	Pulse	55	9200000	28629	NA
227	Pulse	55	9210000	38629	NA
228	Pulse	55	9220000	8033	NA
228	Pulse	55	9230000	18033	NA
228	Pulse	55	9240000	28033	NA
228	Pulse	55	9250000	38033	NA
229	Pulse	55	9260000	7436	NA
229	Pulse	55	9270000	17436	NA
229	Pulse	55	9280000	27436	NA
229	Pulse	55	9290000	37436	NA
230	Pulse	55	9300000	6839	NA
230	Pulse	55	9310000	16839	NA
230	Pulse	55	9320000	26839	NA
230	Pulse	55	9330000	36839	NA
231	Pulse	55	9340000	6326	NA
231	Pulse	55	9350000	16326	NA
231	Pulse	55	9360000	26326	NA
231	Pulse	55	9370000	36326	NA
232	Pulse	55	9380000	5729	NA
232	Pulse	55	9390000	15729	NA
232	Pulse	55	9400000	25729	NA
232	Pulse	55	9410000	35729	NA
233	Pulse	55	9420000	5132	NA
233	Pulse	55	9430000	15132	NA
233	Pulse	55	9440000	25132	NA
233	Pulse	55	9450000	35132	NA
234	Pulse	55	9460000	4535	NA
234	Pulse	55	9470000	14535	NA
234	Pulse	55	9480000	24535	NA
234	Pulse	55	9490000	34535	NA
235	Pulse	55	9500000	3938	NA
235	Pulse	55	9510000	13938	NA
235	Pulse	55	9520000	23938	NA
235	Pulse	55	9530000	33938	NA
236	Pulse	55	9540000	3342	NA
236	Pulse	55	9550000	13342	NA
236	Pulse	55	9560000	23342	NA
236	Pulse	55	9570000	33342	NA
237	Pulse	55	9580000	2745	NA
237	Pulse	55	9590000	12745	NA
237	Pulse	55	9600000	22745	NA
237	Pulse	55	9610000	32745	NA
238	Pulse	55	9620000	2231	NA
238	Pulse	55	9630000	12231	NA
238	Pulse	55	9640000	22231	NA
238	Pulse	55	9650000	32231	NA
239	Pulse	55	9660000	1718	NA
239	Pulse	55	9670000	11718	NA
239	Pulse	55	9680000	21718	NA
239	Pulse	55	9690000	31718	NA
240	Pulse	55	9700000	1121	NA
240	Pulse	55	9710000	11121	NA
240	Pulse	55	9720000	21121	NA
240	Pulse	55	9730000	31121	NA
241	Pulse	55	9740000	608	NA
241	Pulse	55	9750000	10608	NA
241	Pulse	55	9760000	20608	NA
241	Pulse	55	9770000	30608	NA
242	Pulse	55	9780000	11	NA
242	Pulse	55	9790000	10011	NA
242	Pulse	55	9800000	20011	NA
242	Pulse	55	9810000	30011	NA
242	Pulse	55	9820000	40011	NA
243	Pulse	55	9830000	9414	NA
243	Pulse	55	9840000	19414	NA
243	Pulse	55	9850000	29414	NA
243	Pulse	55	9860000	39414	NA
244	Pulse	55	9870000	8818	NA
244	Pulse	55	9880000	18818	NA
244	Pulse	55	9890000	28818	NA
244	Pulse	55	9900000	38818	NA
245	Pulse	55	9910000	8304	NA
245	Pulse	55	9920000	18304	NA
245	Pulse	55	9930000	28304	NA
245	Pulse	55	9940000	38304	NA
246	Pulse	55	9950000	7707	NA
246	Pulse	55	9960000	17707	NA
246	Pulse	55	9970000	27707	NA
246	Pulse	55	9980000	37707	NA
247	Pulse	55	9990000	7111	NA
247	Pulse	55	10000000	17111	NA
247	Pulse	55	10010000	27111	NA
247	Pulse	55	10020000	37111	NA
248	Pulse	55	10030000	6514	NA
248	Pulse	55	10040000	16514	NA
248	Pulse	55	10050000	26514	NA
248	Pulse	55	10060000	36514	NA
249	Pulse	55	10070000	5917	NA
249	Pulse	55	10080000	15917	NA
249	Pulse	55	10090000	25917	NA
249	Pulse	55	10100000	35917	NA
250	Pulse	55	10110000	5320	NA
250	Pulse	55	10120000	15320	NA
250	Pulse	55	10130000	25320	NA
250	Pulse	55	10140000	35320	NA
251	Pulse	55	10150000	4723	NA
251	Pulse	55	10160000	14723	NA
251	Pulse	55	10170000	24723	NA
251	Pulse	55	10180000	34723	NA
252	Pulse	55	10190000	4127	NA
252	Pulse	55	10200000	14127	NA
252	Pulse	55	10210000	24127	NA
252	Pulse	55	10220000	34127	NA
253	Pulse	55	10230000	3530	NA
253	Pulse	55	10240000	13530	NA
253	Pulse	55	10250000	23530	NA
253	Pulse	55	10260000	33530	NA
254	Pulse	55	10270000	2933	NA
254	Pulse	55	10280000	12933	NA
254	Pulse	55	10290000	22933	NA
254	Pulse	55	10300000	32933	NA
255	Pulse	55	10310000	2503	NA
255	Pulse	55	10320000	12503	NA
255	Pulse	55	10330000	22503	NA
255	Pulse	55	10340000	32503	NA
256	Pulse	55	10350000	1990	NA
256	Pulse	55	10360000	11990	NA
256	Pulse	55	10370000	21990	NA
256	Pulse	55	10380000	31990	NA
257	Pulse	55	10390000	1476	NA
257	Pulse	55	10400000	11476	NA
257	Pulse	55	10410000	21476	NA
257	Pulse	55	10420000	31476	NA
258	Pulse	55	10430000	879	NA
258	Pulse	55	10440000	10879	NA
258	Pulse	55	10450000	20879	NA
258	Pulse	55	10460000	30879	NA
259	Pulse	55	10470000	283	NA
259	Pulse	55	10480000	10283	NA
259	Pulse	55	10490000	20283	NA
259	Pulse	55	10500000	30283	NA
259	Pulse	55	10510000	40283	NA
260	Pulse	55	10520000	9686	NA
260	Pulse	55	10530000	19686	NA
260	Pulse	55	10540000	29686	NA
260	Pulse	55	10550000	39686	NA
261	Pulse	55	10560000	9089	NA
261	Pulse	55	10570000	19089	NA
261	Pulse	55	10580000	29089	NA
261	Pulse	55	10590000	39089	NA
262	Pulse	55	10600000	8492	NA
262	Pulse	55	10610000	18492	NA
262	Pulse	55	10620000	28492	NA
262	Pulse	55	10630000	38492	NA
263	Pulse	55	10640000	7979	NA
263	Pulse	55	10650000	17979	NA
263	Pulse	55	10660000	27979	NA
263	Pulse	55	10670000	37979	NA
264	Pulse	55	10680000	7382	NA
264	Pulse	55	10690000	17382	NA
264	Pulse	55	10700000	27382	NA
264	Pulse	55	10710000	37382	NA
265	Pulse	55	10720000	6785	NA
265	Pulse	55	10730000	16785	NA
265	Pulse	55	10740000	26785	NA
265	Pulse	55	10750000	36785	NA
266	Pulse	55	10760000	6189	NA
266	Pulse	55	10770000	16189	NA
266	Pulse	55	10780000	26189	NA
266	Pulse	55	10790000	36189	NA
267	Pulse	55	10800000	5592	NA
267	Pulse	55	10810000	15592	NA
267	Pulse	55	10820000	25592	NA
267	Pulse	55	10830000	35592	NA
268	Pulse	55	10840000	4995	NA
268	Pulse	55	10850000	14995	NA
268	Pulse	55	10860000	24995	NA
268	Pulse	55	10870000	34995	NA
269	Pulse	55	10880000	4398	NA
269	Pulse	55	10890000	14398	NA
269	Pulse	55	10900000	24398	NA
269	Pulse	55	10910000	34398	NA
270	Pulse	55	10920000	3801	NA
270	Pulse	55	10930000	13801	NA
270	Pulse	55	10940000	23801	NA
270	Pulse	55	10950000	33801	NA
271	Pulse	55	10960000	3205	NA
271	Pulse	55	10970000	13205	NA
271	Pulse	55	10980000	23205	NA
271	Pulse	55	10990000	33205	NA
272	Pulse	55	11000000	2608	NA
272	Pulse	55	11010000	12608	NA
272	Pulse	55	11020000	22608	NA
272	Pulse	55	11030000	32608	NA
273	Pulse	55	11040000	2011	NA
273	Pulse	55	11050000	12011	NA
273	Pulse	55	11060000	22011	NA
273	Pulse	55	11070000	32011	NA
274	Pulse	55	11080000	1414	NA
274	Pulse	55	11090000	11414	NA
274	Pulse	55	11100000	21414	NA
274	Pulse	55	11110000	31414	NA
275	Pulse	55	11120000	818	NA
275	Pulse	55	11130000	10818	NA
275	Pulse	55	11140000	20818	NA
275	Pulse	55	11150000	30818	NA
276	Pulse	55	11160000	221	NA
276	Pulse	55	11170000	10221	NA
276	Pulse	55	11180000	20221	NA
276	Pulse	55	11190000	30221	NA
276	Pulse	55	11200000	40221	NA
277	Pulse	55	11210000	9624	NA
277	Pulse	55	11220000	19624	NA
277	Pulse	55	11230000	29624	NA
277	Pulse	55	11240000	39624	NA
278	Pulse	55	11250000	9027	NA
278	Pulse	55	11260000	19027	NA
278	Pulse	55	11270000	29027	NA
278	Pulse	55	11280000	39027	NA
279	Pulse	55	11290000	8430	NA
279	Pulse	55	11300000	18430	NA
279	Pulse	55	11310000	28430	NA
279	Pulse	55	11320000	38430	NA
280	Pulse	55	11330000	7834	NA
280	Pulse	55	11340000	17834	NA
280	Pulse	55	11350000	27834	NA
280	Pulse	55	11360000	37834	NA
281	Pulse	55	11370000	7237	NA
281	Pulse	55	11380000	17237	NA
281	Pulse	55	11390000	27237	NA
281	Pulse	55	11400000	37237	NA
282	Pulse	55	11410000	6640	NA
282	Pulse	55	11420000	16640	NA
282	Pulse	55	11430000	26640	NA
282	Pulse	55	11440000	36640	NA
283	Pulse	55	11450000	5877	NA
283	Pulse	55	11460000	15877	NA
283	Pulse	55	11470000	25877	NA
283	Pulse	55	11480000	35877	NA
284	Pulse	55	11490000	5280	NA
284	Pulse	55	11500000	15280	NA
284	Pulse	55	11510000	25280	NA
284	Pulse	55	11520000	35280	NA
285	Pulse	55	11530000	4683	NA
285	Pulse	55	11540000	14683	NA
285	Pulse	55	11550000	24683	NA
285	Pulse	55	11560000	34683	NA
286	Pulse	55	11570000	4086	NA
286	Pulse	55	11580000	14086	NA
286	Pulse	55	11590000	24086	NA
286	Pulse	55	11600000	34086	NA
287	Pulse	55	11610000	3406	NA
287	Pulse	55	11620000	13406	NA
287	Pulse	55	11630000	23406	NA
287	Pulse	55	11640000	33406	NA
288	Pulse	55	11650000	2809	NA
288	Pulse	55	11660000	12809	NA
288	Pulse	55	11670000	22809	NA
288	Pulse	55	11680000	32809	NA
289	Pulse	55	11690000	2213	NA
289	Pulse	55	11700000	12213	NA
289	Pulse	55	11710000	22213	NA
289	Pulse	55	11720000	32213	NA
290	Pulse	55	11730000	1616	NA
290	Pulse	55	11740000	11616	NA
290	Pulse	55	11750000	21616	NA
290	Pulse	55	11760000	31616	NA
291	Pulse	55	11770000	936	NA
291	Pulse	55	11780000	10936	NA
291	Pulse	55	11790000	20936	NA
291	Pulse	55	11800000	30936	NA
292	Pulse	55	11810000	339	NA
292	Pulse	55	11820000	10339	NA
292	Pulse	55	11830000	20339	NA
292	Pulse	55	11840000	30339	NA
292	Pulse	55	11850000	40339	NA
293	Pulse	55	11860000	9742	NA
293	Pulse	55	11870000	19742	NA
293	Pulse	55	11880000	29742	NA
293	Pulse	55	11890000	39742	NA
294	Pulse	55	11900000	9062	NA
294	Pulse	55	11910000	19062	NA
294	Pulse	55	11920000	29062	NA
294	Pulse	55	11930000	39062	NA
295	Pulse	55	11940000	8465	NA
295	Pulse	55	11950000	18465	NA
295	Pulse	55	11960000	28465	NA
295	Pulse	55	11970000	38465	NA
296	Pulse	55	11980000	7785	NA
296	Pulse	55	11990000	17785	NA
296	Pulse	55	12000000	27785	NA
296	Pulse	55	12010000	37785	NA
297	Pulse	55	12020000	7188	NA
297	Pulse	55	12030000	17188	NA
297	Pulse	55	12040000	27188	NA
297	Pulse	55	12050000	37188	NA
298	Pulse	55	12060000	6508	NA
298	Pulse	55	12070000	16508	NA
298	Pulse	55	12080000	26508	NA
298	Pulse	55	12090000	36508	NA
299	Pulse	55	12100000	5911	NA
299	Pulse	55	12110000	15911	NA
299	Pulse	55	12120000	25911	NA
299	Pulse	55	12130000	35911	NA
300	Pulse	55	12140000	5315	NA
300	Pulse	55	12150000	15315	NA
300	Pulse	55	12160000	25315	NA
300	Pulse	55	12170000	35315	NA
301	Pulse	55	12180000	4634	NA
301	Pulse	55	12190000	14634	NA
301	Pulse	55	12200000	24634	NA
301	Pulse	55	12210000	34634	NA
302	Pulse	55	12220000	4038	NA
302	Pulse	55	12230000	14038	NA
302	Pulse	55	12240000	24038	NA
302	Pulse	55	12250000	34038	NA
303	Pulse	55	12260000	3441	NA
303	Pulse	55	12270000	13441	NA
303	Pulse	55	12280000	23441	NA
303	Pulse	55	12290000	33441	NA
304	Pulse	55	12300000	2844	NA
304	Pulse	55	12310000	12844	NA
304	Pulse	55	12320000	22844	NA
304	Pulse	55	12330000	32844	NA
305	Pulse	55	12340000	2247	NA
305	Pulse	55	12350000	12247	NA
305	Pulse	55	12360000	22247	NA
305	Pulse	55	12370000	32247	NA
306	Pulse	55	12380000	1651	NA
306	Pulse	55	12390000	11651	NA
306	Pulse	55	12400000	21651	NA
306	Pulse	55	12410000	31651	NA
307	Pulse	55	12420000	1054	NA
307	Pulse	55	12430000	11054	NA
307	Pulse	55	12440000	21054	NA
307	Pulse	55	12450000	31054	NA
308	Pulse	55	12460000	374	NA
308	Pulse	55	12470000	10374	NA
308	Pulse	55	12480000	20374	NA
308	Pulse	55	12490000	30374	NA
308	Pulse	55	12500000	40374	NA
309	Pulse	55	12510000	9777	NA
309	Pulse	55	12520000	19777	NA
309	Pulse	55	12530000	29777	NA
309	Pulse	55	12540000	39777	NA
310	Pulse	55	12550000	9097	NA
310	Pulse	55	12560000	19097	NA
310	Pulse	55	12570000	29097	NA
310	Pulse	55	12580000	39097	NA
311	Pulse	55	12590000	8500	NA
311	Pulse	55	12600000	18500	NA
311	Pulse	55	12610000	28500	NA
311	Pulse	55	12620000	38500	NA
312	Pulse	55	12630000	7820	NA
312	Pulse	55	12640000	17820	NA
312	Pulse	55	12650000	27820	NA
312	Pulse	55	12660000	37820	NA
313	Pulse	55	12670000	7223	NA
313	Pulse	55	12680000	17223	NA
313	Pulse	55	12690000	27223	NA
313	Pulse	55	12700000	37223	NA
314	Pulse	55	12710000	6626	NA
314	Pulse	55	12720000	16626	NA
314	Pulse	55	12730000	26626	NA
314	Pulse	55	12740000	36626	NA
315	Pulse	55	12750000	6030	NA
315	Pulse	55	12760000	16030	NA
315	Pulse	55	12770000	26030	NA
315	Pulse	55	12780000	36030	NA
316	Pulse	55	12790000	5433	NA
316	Pulse	55	12800000	15433	NA
316	Pulse	55	12810000	25433	NA
316	Pulse	55	12820000	35433	NA
317	Pulse	55	12830000	4836	NA
317	Pulse	55	12840000	14836	NA
317	Pulse	55	12850000	24836	NA
317	Pulse	55	12860000	34836	NA
318	Pulse	55	12870000	4156	NA
318	Pulse	55	12880000	14156	NA
318	Pulse	55	12890000	24156	NA
318	Pulse	55	12900000	34156	NA
319	Pulse	55	12910000	3559	NA
319	Pulse	55	12920000	13559	NA
319	Pulse	55	12930000	23559	NA
319	Pulse	55	12940000	33559	NA
320	Pulse	55	12950000	2962	NA
320	Pulse	55	12960000	12962	NA
320	Pulse	55	12970000	22962	NA
320	Pulse	55	12980000	32962	NA
321	Pulse	55	12990000	2365	NA
321	Pulse	55	13000000	12365	NA
321	Pulse	55	13010000	22365	NA
321	Pulse	55	13020000	32365	NA
322	Pulse	55	13030000	1769	NA
322	Pulse	55	13040000	11769	NA
322	Pulse	55	13050000	21769	NA
322	Pulse	55	13060000	31769	NA
323	Pulse	55	13070000	1172	NA
323	Pulse	55	13080000	11172	NA
323	Pulse	55	13090000	21172	NA
323	Pulse	55	13100000	31172	NA
324	Pulse	55	13110000	575	NA
324	Pulse	55	13120000	10575	NA
324	Pulse	55	13130000	20575	NA
324	Pulse	55	13140000	30575	NA
324	Pulse	55	13150000	40575	NA
325	Pulse	55	13160000	9978	NA
325	Pulse	55	13170000	19978	NA
325	Pulse	55	13180000	29978	NA
325	Pulse	55	13190000	39978	NA
326	Pulse	55	13200000	9382	NA
326	Pulse	55	13210000	19382	NA
326	Pulse	55	13220000	29382	NA
326	Pulse	55	13230000	39382	NA
327	Pulse	55	13240000	8701	NA
327	Pulse	55	13250000	18701	NA
327	Pulse	55	13260000	28701	NA
327	Pulse	55	13270000	38701	NA
328	Pulse	55	13280000	8105	NA
328	Pulse	55	13290000	18105	NA
328	Pulse	55	13300000	28105	NA
328	Pulse	55	13310000	38105	NA
329	Pulse	55	13320000	7508	NA
329	Pulse	55	13330000	17508	NA
329	Pulse	55	13340000	27508	NA
329	Pulse	55	13350000	37508	NA
330	Pulse	55	13360000	6911	NA
330	Pulse	55	13370000	16911	NA
330	Pulse	55	13380000	26911	NA
330	Pulse	55	13390000	36911	NA
331	Pulse	55	13400000	6314	NA
331	Pulse	55	13410000	16314	NA
331	Pulse	55	13420000	26314	NA
331	Pulse	55	13430000	36314	NA
332	Pulse	55	13440000	5718	NA
332	Pulse	55	13450000	15718	NA
332	Pulse	55	13460000	25718	NA
332	Pulse	55	13470000	35718	NA
333	Pulse	55	13480000	5121	NA
333	Pulse	55	13490000	15121	NA
333	Pulse	55	13500000	25121	NA
333	Pulse	55	13510000	35121	NA
334	Pulse	55	13520000	4524	NA
334	Pulse	55	13530000	14524	NA
334	Pulse	55	13540000	24524	NA
334	Pulse	55	13550000	34524	NA
335	Pulse	55	13560000	3927	NA
335	Pulse	55	13570000	13927	NA
335	Pulse	55	13580000	23927	NA
335	Pulse	55	13590000	33927	NA
336	Pulse	55	13600000	3330	NA
336	Pulse	55	13610000	13330	NA
336	Pulse	55	13620000	23330	NA
336	Pulse	55	13630000	33330	NA
337	Pulse	55	13640000	2734	NA
337	Pulse	55	13650000	12734	NA
337	Pulse	55	13660000	22734	NA
337	Pulse	55	13670000	32734	NA
338	Pulse	55	13680000	2137	NA
338	Pulse	55	13690000	12137	NA
338	Pulse	55	13700000	22137	NA
338	Pulse	55	13710000	32137	NA
339	Pulse	55	13720000	1540	NA
339	Pulse	55	13730000	11540	NA
339	Pulse	55	13740000	21540	NA
339	Pulse	55	13750000	31540	NA
340	Pulse	55	13760000	943	NA
340	Pulse	55	13770000	10943	NA
340	Pulse	55	13780000	20943	NA
340	Pulse	55	13790000	30943	NA
341	Pulse	55	13800000	347	NA
341	Pulse	55	13810000	10347	NA
341	Pulse	55	13820000	20347	NA
341	Pulse	55	13830000	30347	NA
341	Pulse	55	13840000	40347	NA
342	Pulse	55	13850000	9750	NA
342	Pulse	55	13860000	19750	NA
342	Pulse	55	13870000	29750	NA
342	Response	1	13873726	33475	1
342	Pulse	55	13880000	39750	NA
343	Pulse	55	13890000	9653	NA
343	Pulse	55	13900000	19653	NA
344	Pulse	55	13910000	9563	NA
344	Pulse	55	13920000	19563	NA
344	Pulse	55	13930000	29563	NA
344	Pulse	55	13940000	39563	NA
344	Pulse	55	13950000	49563	NA
344	Pulse	55	13960000	59563	NA
344	Pulse	55	13970000	69563	NA
344	Pulse	55	13980000	79563	NA
344	Pulse	55	13990000	89563	NA
344	Pulse	55	14000000	99563	NA
344	Pulse	55	14010000	109563	NA
344	Pulse	55	14020000	119563	NA
344	Pulse	55	14030000	129563	NA
344	Pulse	55	14040000	139563	NA
344	Pulse	55	14050000	149563	NA
344	Pulse	55	14060000	159563	NA
344	Pulse	55	14070000	169563	NA
344	Pulse	55	14080000	179563	NA
344	Pulse	55	14090000	189563	NA
344	Pulse	55	14100000	199563	NA
344	Pulse	55	14110000	209563	NA
344	Pulse	55	14120000	219563	NA
344	Response	1	14125724	225287	1
344	Pulse	55	14130000	229563	NA
344	Pulse	55	14140000	239563	NA
345	Pulse	55	14150000	9901	NA
345	Pulse	55	14160000	19901	NA
345	Pulse	55	14170000	29901	NA
345	Pulse	55	14180000	39901	NA
345	Pulse	55	14190000	49901	NA
345	Pulse	55	14200000	59901	NA
345	Pulse	55	14210000	69901	NA
345	Pulse	55	14220000	79901	NA
345	Pulse	55	14230000	89901	NA
345	Pulse	55	14240000	99901	NA
345	Pulse	55	14250000	109901	NA
345	Pulse	55	14260000	119901	NA
345	Pulse	55	14270000	129901	NA
345	Pulse	55	14280000	139901	NA
345	Pulse	55	14290000	149901	NA
345	Pulse	55	14300000	159901	NA
345	Pulse	55	14310000	169901	NA
345	Pulse	55	14320000	179901	NA
345	Pulse	55	14330000	189901	NA
345	Pulse	55	14340000	199901	NA
345	Pulse	55	14350000	209901	NA
345	Pulse	55	14360000	219901	NA
345	Pulse	55	14370000	229901	NA
345	Pulse	55	14380000	239901	NA
345	Pulse	55	14390000	249901	NA
345	Pulse	55	14400000	259901	NA
345	Pulse	55	14410000	269901	NA
345	Pulse	55	14420000	279901	NA
345	Pulse	55	14430000	289901	NA
345	Pulse	55	14440000	299901	NA
345	Pulse	55	14450000	309901	NA
345	Pulse	55	14460000	319901	NA
345	Pulse	55	14470000	329901	NA
345	Pulse	55	14480000	339901	NA
345	Pulse	55	14490000	349901	NA
345	Pulse	55	14500000	359901	NA
345	Pulse	55	14510000	369901	NA
345	Pulse	55	14520000	379901	NA
345	Pulse	55	14530000	389901	NA
345	Pulse	55	14540000	399901	NA
345	Pulse	55	14550000	409901	NA
345	Pulse	55	14560000	419901	NA
345	Pulse	55	14570000	429901	NA
345	Pulse	55	14580000	439901	NA
345	Pulse	55	14590000	449901	NA
345	Pulse	55	14600000	459901	NA
345	Pulse	55	14610000	469901	NA
345	Pulse	55	14620000	479901	NA
345	Pulse	55	14630000	489901	NA
345	Pulse	55	14640000	499901	NA
345	Pulse	55	14650000	509901	NA
345	Pulse	55	14660000	519901	NA
345	Pulse	55	14670000	529901	NA
345	Pulse	55	14680000	539901	NA
345	Pulse	55	14690000	549901	NA
345	Pulse	55	14700000	559901	NA
345	Pulse	55	14710000	569901	NA
345	Pulse	55	14720000	579901	NA
345	Pulse	55	14730000	589901	NA
345	Pulse	55	14740000	599901	NA
345	Pulse	55	14750000	609901	NA
345	Pulse	55	14760000	619901	NA
345	Pulse	55	14770000	629901	NA
345	Pulse	55	14780000	639901	NA
345	Pulse	55	14790000	649901	NA
345	Pulse	55	14800000	659901	NA
345	Pulse	55	14810000	669901	NA
345	Pulse	55	14820000	679901	NA
345	Pulse	55	14830000	689901	NA
345	Pulse	55	14840000	699901	NA
345	Pulse	55	14850000	709901	NA
345	Pulse	55	14860000	719901	NA
345	Pulse	55	14870000	729901	NA
345	Pulse	55	14880000	739901	NA
345	Pulse	55	14890000	749901	NA
345	Pulse	55	14900000	759901	NA
345	Pulse	55	14910000	769901	NA
345	Pulse	55	14920000	779901	NA
345	Pulse	55	14930000	789901	NA
345	Pulse	55	14940000	799901	NA
345	Pulse	55	14950000	809901	NA
345	Pulse	55	14960000	819901	NA
345	Pulse	55	14970000	829901	NA
345	Pulse	55	14980000	839901	NA
345	Pulse	55	14990000	849901	NA
345	Pulse	55	15000000	859901	NA
345	Pulse	55	15010000	869901	NA
345	Pulse	55	15020000	879901	NA
345	Pulse	55	15030000	889901	NA
345	Pulse	55	15040000	899901	NA
345	Pulse	55	15050000	909901	NA
345	Pulse	55	15060000	919901	NA
345	Pulse	55	15070000	929901	NA
345	Pulse	55	15080000	939901	NA
345	Pulse	55	15090000	949901	NA
345	Pulse	55	15100000	959901	NA
345	Pulse	55	15110000	969901	NA
345	Pulse	55	15120000	979901	NA
345	Pulse	55	15130000	989901	NA
345	Pulse	55	15140000	999901	NA
345	Pulse	55	15150000	1009901	NA
345	Pulse	55	15160000	1019901	NA
345	Pulse	55	15170000	1029901	NA
345	Pulse	55	15180000	1039901	NA
345	Pulse	55	15190000	1049901	NA
345	Pulse	55	15200000	1059901	NA
345	Pulse	55	15210000	1069901	NA
345	Pulse	55	15220000	1079901	NA
345	Pulse	55	15230000	1089901	NA
345	Pulse	55	15240000	1099901	NA
345	Pulse	55	15250000	1109901	NA
345	Pulse	55	15260000	1119901	NA
345	Pulse	55	15270000	1129901	NA
345	Pulse	55	15280000	1139901	NA
345	Pulse	55	15290000	1149901	NA
345	Pulse	55	15300000	1159901	NA
345	Pulse	55	15310000	1169901	NA
345	Pulse	55	15320000	1179901	NA
345	Pulse	55	15330000	1189901	NA
345	Pulse	55	15340000	1199901	NA
345	Pulse	55	15350000	1209901	NA
345	Pulse	55	15360000	1219901	NA
345	Pulse	55	15370000	1229901	NA
345	Pulse	55	15380000	1239901	NA
345	Pulse	55	15390000	1249901	NA
345	Pulse	55	15400000	1259901	NA
345	Pulse	55	15410000	1269901	NA
345	Pulse	55	15420000	1279901	NA
345	Pulse	55	15430000	1289901	NA
345	Pulse	55	15440000	1299901	NA
345	Pulse	55	15450000	1309901	NA
345	Pulse	55	15460000	1319901	NA
345	Pulse	55	15470000	1329901	NA
345	Pulse	55	15480000	1339901	NA
345	Pulse	55	15490000	1349901	NA
345	Pulse	55	15500000	1359901	NA
345	Pulse	55	15510000	1369901	NA
345	Pulse	55	15520000	1379901	NA
345	Pulse	55	15530000	1389901	NA
345	Pulse	55	15540000	1399901	NA
345	Pulse	55	15550000	1409901	NA
345	Pulse	55	15560000	1419901	NA
345	Pulse	55	15570000	1429901	NA
345	Pulse	55	15580000	1439901	NA
345	Pulse	55	15590000	1449901	NA
345	Pulse	55	15600000	1459901	NA
345	Pulse	55	15610000	1469901	NA
345	Pulse	55	15620000	1479901	NA
345	Pulse	55	15630000	1489901	NA
345	Pulse	55	15640000	1499901	NA
345	Pulse	55	15650000	1509901	NA
345	Pulse	55	15660000	1519901	NA
345	Pulse	55	15670000	1529901	NA
345	Pulse	55	15680000	1539901	NA
345	Pulse	55	15690000	1549901	NA
345	Pulse	55	15700000	1559901	NA
345	Pulse	55	15710000	1569901	NA
345	Pulse	55	15720000	1579901	NA
345	Pulse	55	15730000	1589901	NA
345	Pulse	55	15740000	1599901	NA
345	Pulse	55	15750000	1609901	NA
345	Pulse	55	15760000	1619901	NA
345	Pulse	55	15770000	1629901	NA
345	Pulse	55	15780000	1639901	NA
345	Pulse	55	15790000	1649901	NA
345	Pulse	55	15800000	1659901	NA
345	Pulse	55	15810000	1669901	NA
345	Pulse	55	15820000	1679901	NA
345	Pulse	55	15830000	1689901	NA
345	Pulse	55	15840000	1699901	NA
345	Pulse	55	15850000	1709901	NA
345	Pulse	55	15860000	1719901	NA
345	Pulse	55	15870000	1729901	NA
345	Pulse	55	15880000	1739901	NA
345	Pulse	55	15890000	1749901	NA
345	Pulse	55	15900000	1759901	NA
345	Pulse	55	15910000	1769901	NA
345	Pulse	55	15920000	1779901	NA
345	Pulse	55	15930000	1789901	NA
345	Pulse	55	15940000	1799901	NA
345	Pulse	55	15950000	1809901	NA
345	Pulse	55	15960000	1819901	NA
345	Pulse	55	15970000	1829901	NA
345	Pulse	55	15980000	1839901	NA
345	Pulse	55	15990000	1849901	NA
345	Pulse	55	16000000	1859901	NA
345	Pulse	55	16010000	1869901	NA
345	Pulse	55	16020000	1879901	NA
345	Pulse	55	16030000	1889901	NA
345	Pulse	55	16040000	1899901	NA
345	Pulse	55	16050000	1909901	NA
345	Pulse	55	16060000	1919901	NA
345	Pulse	55	16070000	1929901	NA
345	Pulse	55	16080000	1939901	NA
345	Pulse	55	16090000	1949901	NA
345	Pulse	55	16100000	1959901	NA
345	Pulse	55	16110000	1969901	NA
345	Pulse	55	16120000	1979901	NA
345	Pulse	55	16130000	1989901	NA
345	Pulse	55	16140000	1999901	NA
345	Pulse	55	16150000	2009901	NA
345	Pulse	55	16160000	2019901	NA
345	Pulse	55	16170000	2029901	NA
345	Pulse	55	16180000	2039901	NA
345	Pulse	55	16190000	2049901	NA
345	Pulse	55	16200000	2059901	NA
345	Pulse	55	16210000	2069901	NA
345	Pulse	55	16220000	2079901	NA
345	Pulse	55	16230000	2089901	NA
345	Pulse	55	16240000	2099901	NA
345	Pulse	55	16250000	2109901	NA
345	Pulse	55	16260000	2119901	NA
345	Pulse	55	16270000	2129901	NA
345	Pulse	55	16280000	2139901	NA
345	Pulse	55	16290000	2149901	NA
345	Pulse	55	16300000	2159901	NA
345	Pulse	55	16310000	2169901	NA
345	Pulse	55	16320000	2179901	NA
345	Pulse	55	16330000	2189901	NA
345	Pulse	55	16340000	2199901	NA
345	Pulse	55	16350000	2209901	NA
345	Pulse	55	16360000	2219901	NA
345	Pulse	55	16370000	2229901	NA
345	Pulse	55	16380000	2239901	NA
345	Pulse	55	16390000	2249901	NA
345	Pulse	55	16400000	2259901	NA
345	Pulse	55	16410000	2269901	NA
345	Pulse	55	16420000	2279901	NA
345	Pulse	55	16430000	2289901	NA
345	Pulse	55	16440000	2299901	NA
345	Pulse	55	16450000	2309901	NA
345	Pulse	55	16460000	2319901	NA
345	Pulse	55	16470000	2329901	NA
345	Pulse	55	16480000	2339901	NA
345	Pulse	55	16490000	2349901	NA
345	Pulse	55	16500000	2359901	NA
345	Pulse	55	16510000	2369901	NA
345	Pulse	55	16520000	2379901	NA
345	Pulse	55	16530000	2389901	NA
345	Pulse	55	16540000	2399901	NA
345	Pulse	55	16550000	2409901	NA
345	Pulse	55	16560000	2419901	NA
345	Pulse	55	16570000	2429901	NA
345	Pulse	55	16580000	2439901	NA
345	Pulse	55	16590000	2449901	NA
345	Pulse	55	16600000	2459901	NA
345	Pulse	55	16610000	2469901	NA
345	Pulse	55	16620000	2479901	NA
345	Pulse	55	16630000	2489901	NA
345	Pulse	55	16640000	2499901	NA
345	Pulse	55	16650000	2509901	NA
345	Pulse	55	16660000	2519901	NA
345	Pulse	55	16670000	2529901	NA
345	Pulse	55	16680000	2539901	NA
345	Pulse	55	16690000	2549901	NA
345	Pulse	55	16700000	2559901	NA
345	Pulse	55	16710000	2569901	NA
345	Pulse	55	16720000	2579901	NA
345	Pulse	55	16730000	2589901	NA
345	Pulse	55	16740000	2599901	NA
345	Pulse	55	16750000	2609901	NA
345	Pulse	55	16760000	2619901	NA
345	Pulse	55	16770000	2629901	NA
345	Pulse	55	16780000	2639901	NA
345	Pulse	55	16790000	2649901	NA
345	Pulse	55	16800000	2659901	NA
345	Pulse	55	16810000	2669901	NA
345	Pulse	55	16820000	2679901	NA
345	Pulse	55	16830000	2689901	NA
345	Pulse	55	16840000	2699901	NA
345	Pulse	55	16850000	2709901	NA
345	Pulse	55	16860000	2719901	NA
345	Pulse	55	16870000	2729901	NA
345	Pulse	55	16880000	2739901	NA
345	Pulse	55	16890000	2749901	NA
345	Pulse	55	16900000	2759901	NA
345	Pulse	55	16910000	2769901	NA
345	Pulse	55	16920000	2779901	NA
345	Pulse	55	16930000	2789901	NA
345	Pulse	55	16940000	2799901	NA
345	Pulse	55	16950000	2809901	NA
345	Pulse	55	16960000	2819901	NA
345	Pulse	55	16970000	2829901	NA
345	Pulse	55	16980000	2839901	NA
345	Pulse	55	16990000	2849901	NA
345	Pulse	55	17000000	2859901	NA
345	Pulse	55	17010000	2869901	NA
345	Pulse	55	17020000	2879901	NA
345	Pulse	55	17030000	2889901	NA
345	Pulse	55	17040000	2899901	NA
345	Pulse	55	17050000	2909901	NA
345	Pulse	55	17060000	2919901	NA
345	Pulse	55	17070000	2929901	NA
345	Pulse	55	17080000	2939901	NA
345	Pulse	55	17090000	2949901	NA
345	Pulse	55	17100000	2959901	NA
345	Pulse	55	17110000	2969901	NA
345	Pulse	55	17120000	2979901	NA
345	Pulse	55	17130000	2989901	NA
345	Pulse	55	17140000	2999901	NA
345	Pulse	55	17150000	3009901	NA
345	Pulse	55	17160000	3019901	NA
345	Pulse	55	17170000	3029901	NA
345	Pulse	55	17180000	3039901	NA
345	Pulse	55	17190000	3049901	NA
345	Pulse	55	17200000	3059901	NA
345	Pulse	55	17210000	3069901	NA
345	Pulse	55	17220000	3079901	NA
345	Pulse	55	17230000	3089901	NA
345	Pulse	55	17240000	3099901	NA
345	Pulse	55	17250000	3109901	NA
345	Pulse	55	17260000	3119901	NA
345	Pulse	55	17270000	3129901	NA
345	Pulse	55	17280000	3139901	NA
345	Pulse	55	17290000	3149901	NA
345	Pulse	55	17300000	3159901	NA
345	Pulse	55	17310000	3169901	NA
345	Pulse	55	17320000	3179901	NA
345	Pulse	55	17330000	3189901	NA
345	Pulse	55	17340000	3199901	NA
345	Pulse	55	17350000	3209901	NA
345	Pulse	55	17360000	3219901	NA
345	Pulse	55	17370000	3229901	NA
345	Pulse	55	17380000	3239901	NA
345	Pulse	55	17390000	3249901	NA
345	Pulse	55	17400000	3259901	NA
345	Pulse	55	17410000	3269901	NA
345	Pulse	55	17420000	3279901	NA
345	Pulse	55	17430000	3289901	NA
345	Pulse	55	17440000	3299901	NA
345	Pulse	55	17450000	3309901	NA
345	Pulse	55	17460000	3319901	NA
345	Pulse	55	17470000	3329901	NA
345	Pulse	55	17480000	3339901	NA
345	Pulse	55	17490000	3349901	NA
345	Pulse	55	17500000	3359901	NA
345	Pulse	55	17510000	3369901	NA
345	Pulse	55	17520000	3379901	NA
345	Pulse	55	17530000	3389901	NA
345	Pulse	55	17540000	3399901	NA
345	Pulse	55	17550000	3409901	NA
345	Pulse	55	17560000	3419901	NA
345	Pulse	55	17570000	3429901	NA
345	Pulse	55	17580000	3439901	NA
345	Pulse	55	17590000	3449901	NA
345	Pulse	55	17600000	3459901	NA
345	Pulse	55	17610000	3469901	NA
345	Pulse	55	17620000	3479901	NA
345	Pulse	55	17630000	3489901	NA
345	Pulse	55	17640000	3499901	NA
345	Pulse	55	17650000	3509901	NA
345	Pulse	55	17660000	3519901	NA
345	Pulse	55	17670000	3529901	NA
345	Pulse	55	17680000	3539901	NA
345	Pulse	55	17690000	3549901	NA
345	Pulse	55	17700000	3559901	NA
345	Pulse	55	17710000	3569901	NA
345	Pulse	55	17720000	3579901	NA
345	Pulse	55	17730000	3589901	NA
345	Pulse	55	17740000	3599901	NA
345	Pulse	55	17750000	3609901	NA
345	Pulse	55	17760000	3619901	NA
345	Pulse	55	17770000	3629901	NA
345	Pulse	55	17780000	3639901	NA
345	Pulse	55	17790000	3649901	NA
345	Pulse	55	17800000	3659901	NA
345	Pulse	55	17810000	3669901	NA
345	Pulse	55	17820000	3679901	NA
345	Pulse	55	17830000	3689901	NA
345	Pulse	55	17840000	3699901	NA
345	Pulse	55	17850000	3709901	NA
345	Pulse	55	17860000	3719901	NA
345	Pulse	55	17870000	3729901	NA
345	Pulse	55	17880000	3739901	NA
345	Pulse	55	17890000	3749901	NA
345	Pulse	55	17900000	3759901	NA
345	Pulse	55	17910000	3769901	NA
345	Pulse	55	17920000	3779901	NA
345	Pulse	55	17930000	3789901	NA
345	Pulse	55	17940000	3799901	NA
345	Pulse	55	17950000	3809901	NA
345	Pulse	55	17960000	3819901	NA
345	Pulse	55	17970000	3829901	NA
345	Pulse	55	17980000	3839901	NA
345	Pulse	55	17990000	3849901	NA
345	Pulse	55	18000000	3859901	NA
345	Pulse	55	18010000	3869901	NA
345	Pulse	55	18020000	3879901	NA
345	Pulse	55	18030000	3889901	NA
345	Pulse	55	18040000	3899901	NA
345	Pulse	55	18050000	3909901	NA
345	Pulse	55	18060000	3919901	NA
345	Pulse	55	18070000	3929901	NA
345	Pulse	55	18080000	3939901	NA
345	Pulse	55	18090000	3949901	NA
345	Pulse	55	18100000	3959901	NA
345	Pulse	55	18110000	3969901	NA
345	Pulse	55	18120000	3979901	NA
345	Pulse	55	18130000	3989901	NA
345	Pulse	55	18140000	3999901	NA
345	Pulse	55	18150000	4009901	NA
345	Pulse	55	18160000	4019901	NA
345	Pulse	55	18170000	4029901	NA
345	Pulse	55	18180000	4039901	NA
345	Pulse	55	18190000	4049901	NA
345	Pulse	55	18200000	4059901	NA
345	Pulse	55	18210000	4069901	NA
345	Pulse	55	18220000	4079901	NA
345	Pulse	55	18230000	4089901	NA
345	Pulse	55	18240000	4099901	NA
345	Pulse	55	18250000	4109901	NA
345	Pulse	55	18260000	4119901	NA
345	Pulse	55	18270000	4129901	NA
345	Pulse	55	18280000	4139901	NA
345	Pulse	55	18290000	4149901	NA
345	Pulse	55	18300000	4159901	NA
345	Pulse	55	18310000	4169901	NA
345	Pulse	55	18320000	4179901	NA
345	Pulse	55	18330000	4189901	NA
345	Pulse	55	18340000	4199901	NA
345	Pulse	55	18350000	4209901	NA
345	Pulse	55	18360000	4219901	NA
345	Pulse	55	18370000	4229901	NA
345	Pulse	55	18380000	4239901	NA
345	Pulse	55	18390000	4249901	NA
345	Pulse	55	18400000	4259901	NA
345	Pulse	55	18410000	4269901	NA
345	Pulse	55	18420000	4279901	NA
345	Pulse	55	18430000	4289901	NA
345	Pulse	55	18440000	4299901	NA
345	Pulse	55	18450000	4309901	NA
345	Pulse	55	18460000	4319901	NA
345	Pulse	55	18470000	4329901	NA
345	Pulse	55	18480000	4339901	NA
345	Pulse	55	18490000	4349901	NA
345	Pulse	55	18500000	4359901	NA
345	Pulse	55	18510000	4369901	NA
345	Pulse	55	18520000	4379901	NA
345	Pulse	55	18530000	4389901	NA
345	Pulse	55	18540000	4399901	NA
345	Pulse	55	18550000	4409901	NA
345	Pulse	55	18560000	4419901	NA
345	Pulse	55	18570000	4429901	NA
345	Pulse	55	18580000	4439901	NA
345	Pulse	55	18590000	4449901	NA
345	Pulse	55	18600000	4459901	NA
345	Pulse	55	18610000	4469901	NA
345	Pulse	55	18620000	4479901	NA
345	Pulse	55	18630000	4489901	NA
345	Pulse	55	18640000	4499901	NA
345	Pulse	55	18650000	4509901	NA
345	Pulse	55	18660000	4519901	NA
345	Pulse	55	18670000	4529901	NA
345	Pulse	55	18680000	4539901	NA
345	Pulse	55	18690000	4549901	NA
345	Pulse	55	18700000	4559901	NA
345	Pulse	55	18710000	4569901	NA
345	Pulse	55	18720000	4579901	NA
345	Pulse	55	18730000	4589901	NA
345	Pulse	55	18740000	4599901	NA
345	Pulse	55	18750000	4609901	NA
345	Pulse	55	18760000	4619901	NA
345	Pulse	55	18770000	4629901	NA
345	Pulse	55	18780000	4639901	NA
345	Pulse	55	18790000	4649901	NA
345	Pulse	55	18800000	4659901	NA
345	Pulse	55	18810000	4669901	NA
345	Pulse	55	18820000	4679901	NA
345	Pulse	55	18830000	4689901	NA
345	Pulse	55	18840000	4699901	NA
345	Pulse	55	18850000	4709901	NA
345	Pulse	55	18860000	4719901	NA
345	Pulse	55	18870000	4729901	NA
345	Pulse	55	18880000	4739901	NA
345	Pulse	55	18890000	4749901	NA
345	Pulse	55	18900000	4759901	NA
345	Pulse	55	18910000	4769901	NA
345	Pulse	55	18920000	4779901	NA
345	Pulse	55	18930000	4789901	NA
345	Pulse	55	18940000	4799901	NA
345	Pulse	55	18950000	4809901	NA
345	Pulse	55	18960000	4819901	NA
345	Pulse	55	18970000	4829901	NA
345	Pulse	55	18980000	4839901	NA
345	Pulse	55	18990000	4849901	NA
345	Pulse	55	19000000	4859901	NA
345	Pulse	55	19010000	4869901	NA
345	Pulse	55	19020000	4879901	NA
345	Pulse	55	19030000	4889901	NA
345	Pulse	55	19040000	4899901	NA
345	Pulse	55	19050000	4909901	NA
345	Pulse	55	19060000	4919901	NA
345	Pulse	55	19070000	4929901	NA
345	Pulse	55	19080000	4939901	NA
345	Pulse	55	19090000	4949901	NA
345	Response	1	19092210	4952111	1
346	Pulse	55	19100000	7677	NA
346	Pulse	55	19110000	17677	NA
346	Pulse	55	19120000	27677	NA
346	Pulse	55	19130000	37677	NA
346	Pulse	55	19140000	47677	NA
346	Pulse	55	19150000	57677	NA
346	Pulse	55	19160000	67677	NA
346	Pulse	55	19170000	77677	NA
346	Pulse	55	19180000	87677	NA
346	Pulse	55	19190000	97677	NA
346	Pulse	55	19200000	107677	NA
346	Pulse	55	19210000	117677	NA
346	Pulse	55	19220000	127677	NA
346	Pulse	55	19230000	137677	NA
346	Pulse	55	19240000	147677	NA
346	Pulse	55	19250000	157677	NA
346	Pulse	55	19260000	167677	NA
346	Pulse	55	19270000	177677	NA
346	Pulse	55	19280000	187677	NA
346	Pulse	55	19290000	197677	NA
346	Pulse	55	19300000	207677	NA
346	Pulse	55	19310000	217677	NA
346	Pulse	55	19320000	227677	NA
346	Pulse	55	19330000	237677	NA
346	Pulse	55	19340000	247677	NA
346	Pulse	55	19350000	257677	NA
346	Pulse	55	19360000	267677	NA
346	Pulse	55	19370000	277677	NA
346	Pulse	55	19380000	287677	NA
346	Pulse	55	19390000	297677	NA
346	Pulse	55	19400000	307677	NA
346	Pulse	55	19410000	317677	NA
346	Pulse	55	19420000	327677	NA
346	Pulse	55	19430000	337677	NA
346	Pulse	55	19440000	347677	NA
346	Pulse	55	19450000	357677	NA
346	Pulse	55	19460000	367677	NA
346	Pulse	55	19470000	377677	NA
346	Pulse	55	19480000	387677	NA
346	Pulse	55	19490000	397677	NA
346	Pulse	55	19500000	407677	NA
346	Pulse	55	19510000	417677	NA
346	Pulse	55	19520000	427677	NA
346	Pulse	55	19530000	437677	NA
346	Pulse	55	19540000	447677	NA
346	Pulse	55	19550000	457677	NA
346	Pulse	55	19560000	467677	NA
346	Pulse	55	19570000	477677	NA
346	Pulse	55	19580000	487677	NA
346	Pulse	55	19590000	497677	NA
346	Pulse	55	19600000	507677	NA
346	Pulse	55	19610000	517677	NA
346	Pulse	55	19620000	527677	NA
346	Pulse	55	19630000	537677	NA
346	Pulse	55	19640000	547677	NA
346	Pulse	55	19650000	557677	NA
346	Pulse	55	19660000	567677	NA
346	Pulse	55	19670000	577677	NA
346	Pulse	55	19680000	587677	NA
346	Pulse	55	19690000	597677	NA
346	Pulse	55	19700000	607677	NA
346	Pulse	55	19710000	617677	NA
346	Pulse	55	19720000	627677	NA
346	Pulse	55	19730000	637677	NA
346	Pulse	55	19740000	647677	NA
346	Pulse	55	19750000	657677	NA
346	Pulse	55	19760000	667677	NA
346	Pulse	55	19770000	677677	NA
346	Pulse	55	19780000	687677	NA
346	Pulse	55	19790000	697677	NA
346	Pulse	55	19800000	707677	NA
346	Pulse	55	19810000	717677	NA
346	Pulse	55	19820000	727677	NA
346	Pulse	55	19830000	737677	NA
346	Pulse	55	19840000	747677	NA
346	Pulse	55	19850000	757677	NA
346	Pulse	55	19860000	767677	NA
346	Pulse	55	19870000	777677	NA
346	Pulse	55	19880000	787677	NA
346	Pulse	55	19890000	797677	NA
346	Pulse	55	19900000	807677	NA
346	Pulse	55	19910000	817677	NA
346	Pulse	55	19920000	827677	NA
346	Pulse	55	19930000	837677	NA
346	Pulse	55	19940000	847677	NA
346	Pulse	55	19950000	857677	NA
346	Pulse	55	19960000	867677	NA
346	Pulse	55	19970000	877677	NA
346	Pulse	55	19980000	887677	NA
346	Pulse	55	19990000	897677	NA
346	Pulse	55	20000000	907677	NA
346	Pulse	55	20010000	917677	NA
346	Pulse	55	20020000	927677	NA
346	Pulse	55	20030000	937677	NA
346	Pulse	55	20040000	947677	NA
346	Pulse	55	20050000	957677	NA
346	Pulse	55	20060000	967677	NA
346	Pulse	55	20070000	977677	NA
346	Pulse	55	20080000	987677	NA
346	Pulse	55	20090000	997677	NA
346	Pulse	55	20100000	1007677	NA
346	Pulse	55	20110000	1017677	NA
346	Pulse	55	20120000	1027677	NA
346	Pulse	55	20130000	1037677	NA
346	Pulse	55	20140000	1047677	NA
346	Pulse	55	20150000	1057677	NA
346	Pulse	55	20160000	1067677	NA
346	Pulse	55	20170000	1077677	NA
346	Pulse	55	20180000	1087677	NA
346	Pulse	55	20190000	1097677	NA
346	Pulse	55	20200000	1107677	NA
346	Pulse	55	20210000	1117677	NA
346	Pulse	55	20220000	1127677	NA
346	Pulse	55	20230000	1137677	NA
346	Pulse	55	20240000	1147677	NA
346	Pulse	55	20250000	1157677	NA
346	Pulse	55	20260000	1167677	NA
346	Pulse	55	20270000	1177677	NA
346	Pulse	55	20280000	1187677	NA
346	Pulse	55	20290000	1197677	NA
346	Pulse	55	20300000	1207677	NA
346	Pulse	55	20310000	1217677	NA
346	Pulse	55	20320000	1227677	NA
346	Pulse	55	20330000	1237677	NA
346	Pulse	55	20340000	1247677	NA
346	Pulse	55	20350000	1257677	NA
346	Pulse	55	20360000	1267677	NA
346	Pulse	55	20370000	1277677	NA
346	Pulse	55	20380000	1287677	NA
346	Pulse	55	20390000	1297677	NA
346	Pulse	55	20400000	1307677	NA
346	Pulse	55	20410000	1317677	NA
346	Pulse	55	20420000	1327677	NA
346	Pulse	55	20430000	1337677	NA
346	Pulse	55	20440000	1347677	NA
346	Pulse	55	20450000	1357677	NA
346	Pulse	55	20460000	1367677	NA
346	Pulse	55	20470000	1377677	NA
346	Pulse	55	20480000	1387677	NA
346	Pulse	55	20490000	1397677	NA
346	Pulse	55	20500000	1407677	NA
346	Pulse	55	20510000	1417677	NA
346	Pulse	55	20520000	1427677	NA
346	Pulse	55	20530000	1437677	NA
346	Pulse	55	20540000	1447677	NA
346	Pulse	55	20550000	1457677	NA
346	Pulse	55	20560000	1467677	NA
346	Pulse	55	20570000	1477677	NA
346	Pulse	55	20580000	1487677	NA
346	Pulse	55	20590000	1497677	NA
346	Pulse	55	20600000	1507677	NA
346	Pulse	55	20610000	1517677	NA
346	Pulse	55	20620000	1527677	NA
346	Pulse	55	20630000	1537677	NA
346	Pulse	55	20640000	1547677	NA
346	Pulse	55	20650000	1557677	NA
346	Pulse	55	20660000	1567677	NA
346	Pulse	55	20670000	1577677	NA
346	Response	1	20671010	1578687	1
