Scenario - Slideshow_D2.sce
Logfile written - 10/08/2021 08:18:53

Trial	Event Type	Code	Time	TTime	Uncertainty	Duration	Uncertainty	ReqTime	ReqDur	Stim Type	Pair Index

0	Pulse	55	0	0	NA
1	Pulse	55	10000	9333	NA
1	Pulse	55	20000	19333	NA
1	Pulse	55	30000	29333	NA
1	Pulse	55	40000	39333	NA
2	Pulse	55	50000	8653	NA
2	Pulse	55	60000	18653	NA
2	Pulse	55	70000	28653	NA
2	Pulse	55	80000	38653	NA
3	Pulse	55	90000	8056	NA
3	Pulse	55	100000	18056	NA
3	Pulse	55	110000	28056	NA
3	Pulse	55	120000	38056	NA
4	Pulse	55	130000	7460	NA
4	Pulse	55	140000	17460	NA
4	Pulse	55	150000	27460	NA
4	Pulse	55	160000	37460	NA
5	Pulse	55	170000	6863	NA
5	Pulse	55	180000	16863	NA
5	Pulse	55	190000	26863	NA
5	Pulse	55	200000	36863	NA
6	Pulse	55	210000	6183	NA
6	Pulse	55	220000	16183	NA
6	Pulse	55	230000	26183	NA
6	Pulse	55	240000	36183	NA
7	Pulse	55	250000	5503	NA
7	Pulse	55	260000	15503	NA
7	Pulse	55	270000	25503	NA
7	Pulse	55	280000	35503	NA
8	Pulse	55	290000	4822	NA
8	Pulse	55	300000	14822	NA
8	Pulse	55	310000	24822	NA
8	Pulse	55	320000	34822	NA
9	Pulse	55	330000	4142	NA
9	Pulse	55	340000	14142	NA
9	Pulse	55	350000	24142	NA
9	Pulse	55	360000	34142	NA
10	Pulse	55	370000	3629	NA
10	Pulse	55	380000	13629	NA
10	Pulse	55	390000	23629	NA
10	Pulse	55	400000	33629	NA
11	Pulse	55	410000	3032	NA
11	Pulse	55	420000	13032	NA
11	Pulse	55	430000	23032	NA
11	Pulse	55	440000	33032	NA
12	Pulse	55	450000	2435	NA
12	Pulse	55	460000	12435	NA
12	Pulse	55	470000	22435	NA
12	Pulse	55	480000	32435	NA
13	Pulse	55	490000	1838	NA
13	Pulse	55	500000	11838	NA
13	Pulse	55	510000	21838	NA
13	Pulse	55	520000	31838	NA
14	Pulse	55	530000	1242	NA
14	Pulse	55	540000	11242	NA
14	Pulse	55	550000	21242	NA
14	Pulse	55	560000	31242	NA
15	Pulse	55	570000	645	NA
15	Pulse	55	580000	10645	NA
15	Pulse	55	590000	20645	NA
15	Pulse	55	600000	30645	NA
16	Pulse	55	610000	48	NA
16	Pulse	55	620000	10048	NA
16	Pulse	55	630000	20048	NA
16	Pulse	55	640000	30048	NA
16	Pulse	55	650000	40048	NA
17	Pulse	55	660000	9451	NA
17	Pulse	55	670000	19451	NA
17	Pulse	55	680000	29451	NA
17	Pulse	55	690000	39451	NA
18	Pulse	55	700000	8855	NA
18	Pulse	55	710000	18855	NA
18	Pulse	55	720000	28855	NA
18	Pulse	55	730000	38855	NA
19	Pulse	55	740000	8258	NA
19	Pulse	55	750000	18258	NA
19	Pulse	55	760000	28258	NA
19	Pulse	55	770000	38258	NA
20	Pulse	55	780000	7578	NA
20	Pulse	55	790000	17578	NA
20	Pulse	55	800000	27578	NA
20	Pulse	55	810000	37578	NA
21	Pulse	55	820000	6897	NA
21	Pulse	55	830000	16897	NA
21	Pulse	55	840000	26897	NA
21	Pulse	55	850000	36897	NA
22	Pulse	55	860000	6301	NA
22	Pulse	55	870000	16301	NA
22	Pulse	55	880000	26301	NA
22	Pulse	55	890000	36301	NA
23	Pulse	55	900000	5704	NA
23	Pulse	55	910000	15704	NA
23	Pulse	55	920000	25704	NA
23	Pulse	55	930000	35704	NA
24	Pulse	55	940000	5107	NA
24	Pulse	55	950000	15107	NA
24	Pulse	55	960000	25107	NA
24	Pulse	55	970000	35107	NA
25	Pulse	55	980000	4510	NA
25	Pulse	55	990000	14510	NA
25	Pulse	55	1000000	24510	NA
25	Pulse	55	1010000	34510	NA
26	Pulse	55	1020000	3830	NA
26	Pulse	55	1030000	13830	NA
26	Pulse	55	1040000	23830	NA
26	Pulse	55	1050000	33830	NA
27	Pulse	55	1060000	3233	NA
27	Pulse	55	1070000	13233	NA
27	Pulse	55	1080000	23233	NA
27	Pulse	55	1090000	33233	NA
28	Pulse	55	1100000	2637	NA
28	Pulse	55	1110000	12637	NA
28	Pulse	55	1120000	22637	NA
28	Pulse	55	1130000	32637	NA
29	Pulse	55	1140000	1956	NA
29	Pulse	55	1150000	11956	NA
29	Pulse	55	1160000	21956	NA
29	Pulse	55	1170000	31956	NA
30	Pulse	55	1180000	1276	NA
30	Pulse	55	1190000	11276	NA
30	Pulse	55	1200000	21276	NA
30	Pulse	55	1210000	31276	NA
31	Pulse	55	1220000	596	NA
31	Pulse	55	1230000	10596	NA
31	Pulse	55	1240000	20596	NA
31	Pulse	55	1250000	30596	NA
31	Pulse	55	1260000	40596	NA
32	Pulse	55	1270000	9916	NA
32	Pulse	55	1280000	19916	NA
32	Pulse	55	1290000	29916	NA
32	Pulse	55	1300000	39916	NA
33	Pulse	55	1310000	9236	NA
33	Pulse	55	1320000	19236	NA
33	Pulse	55	1330000	29236	NA
33	Pulse	55	1340000	39236	NA
34	Pulse	55	1350000	8556	NA
34	Pulse	55	1360000	18556	NA
34	Pulse	55	1370000	28556	NA
34	Pulse	55	1380000	38556	NA
35	Pulse	55	1390000	7876	NA
35	Pulse	55	1400000	17876	NA
35	Pulse	55	1410000	27876	NA
35	Pulse	55	1420000	37876	NA
36	Pulse	55	1430000	7195	NA
36	Pulse	55	1440000	17195	NA
36	Pulse	55	1450000	27195	NA
36	Pulse	55	1460000	37195	NA
37	Pulse	55	1470000	6515	NA
37	Pulse	55	1480000	16515	NA
37	Pulse	55	1490000	26515	NA
37	Pulse	55	1500000	36515	NA
38	Pulse	55	1510000	5752	NA
38	Pulse	55	1520000	15752	NA
38	Pulse	55	1530000	25752	NA
38	Pulse	55	1540000	35752	NA
39	Pulse	55	1550000	5155	NA
39	Pulse	55	1560000	15155	NA
39	Pulse	55	1570000	25155	NA
39	Pulse	55	1580000	35155	NA
40	Pulse	55	1590000	4475	NA
40	Pulse	55	1600000	14475	NA
40	Pulse	55	1610000	24475	NA
40	Pulse	55	1620000	34475	NA
41	Pulse	55	1630000	3795	NA
41	Pulse	55	1640000	13795	NA
41	Pulse	55	1650000	23795	NA
41	Pulse	55	1660000	33795	NA
42	Pulse	55	1670000	3031	NA
42	Pulse	55	1680000	13031	NA
42	Pulse	55	1690000	23031	NA
42	Pulse	55	1700000	33031	NA
43	Pulse	55	1710000	2434	NA
43	Pulse	55	1720000	12434	NA
43	Pulse	55	1730000	22434	NA
43	Pulse	55	1740000	32434	NA
44	Pulse	55	1750000	1754	NA
44	Pulse	55	1760000	11754	NA
44	Pulse	55	1770000	21754	NA
44	Pulse	55	1780000	31754	NA
45	Pulse	55	1790000	1074	NA
45	Pulse	55	1800000	11074	NA
45	Pulse	55	1810000	21074	NA
45	Pulse	55	1820000	31074	NA
46	Pulse	55	1830000	311	NA
46	Pulse	55	1840000	10311	NA
46	Pulse	55	1850000	20311	NA
46	Pulse	55	1860000	30311	NA
46	Pulse	55	1870000	40311	NA
47	Pulse	55	1880000	9714	NA
47	Pulse	55	1890000	19714	NA
47	Pulse	55	1900000	29714	NA
47	Pulse	55	1910000	39714	NA
48	Pulse	55	1920000	9034	NA
48	Pulse	55	1930000	19034	NA
48	Pulse	55	1940000	29034	NA
48	Pulse	55	1950000	39034	NA
49	Pulse	55	1960000	8270	NA
49	Pulse	55	1970000	18270	NA
49	Pulse	55	1980000	28270	NA
49	Pulse	55	1990000	38270	NA
50	Pulse	55	2000000	7673	NA
50	Pulse	55	2010000	17673	NA
50	Pulse	55	2020000	27673	NA
50	Pulse	55	2030000	37673	NA
51	Pulse	55	2040000	6993	NA
51	Pulse	55	2050000	16993	NA
51	Pulse	55	2060000	26993	NA
51	Pulse	55	2070000	36993	NA
52	Pulse	55	2080000	6313	NA
52	Pulse	55	2090000	16313	NA
52	Pulse	55	2100000	26313	NA
52	Pulse	55	2110000	36313	NA
53	Pulse	55	2120000	5550	NA
53	Pulse	55	2130000	15550	NA
53	Pulse	55	2140000	25550	NA
53	Pulse	55	2150000	35550	NA
54	Pulse	55	2160000	4870	NA
54	Pulse	55	2170000	14870	NA
54	Pulse	55	2180000	24870	NA
54	Pulse	55	2190000	34870	NA
55	Pulse	55	2200000	4273	NA
55	Pulse	55	2210000	14273	NA
55	Pulse	55	2220000	24273	NA
55	Pulse	55	2230000	34273	NA
56	Pulse	55	2240000	3509	NA
56	Pulse	55	2250000	13509	NA
56	Pulse	55	2260000	23509	NA
56	Pulse	55	2270000	33509	NA
57	Pulse	55	2280000	2912	NA
57	Pulse	55	2290000	12912	NA
57	Pulse	55	2300000	22912	NA
57	Pulse	55	2310000	32912	NA
58	Pulse	55	2320000	2232	NA
58	Pulse	55	2330000	12232	NA
58	Pulse	55	2340000	22232	NA
58	Pulse	55	2350000	32232	NA
59	Pulse	55	2360000	1635	NA
59	Pulse	55	2370000	11635	NA
59	Pulse	55	2380000	21635	NA
59	Pulse	55	2390000	31635	NA
60	Pulse	55	2400000	1039	NA
60	Pulse	55	2410000	11039	NA
60	Pulse	55	2420000	21039	NA
60	Pulse	55	2430000	31039	NA
61	Pulse	55	2440000	359	NA
61	Pulse	55	2450000	10359	NA
61	Pulse	55	2460000	20359	NA
61	Pulse	55	2470000	30359	NA
61	Pulse	55	2480000	40359	NA
62	Pulse	55	2490000	9678	NA
62	Pulse	55	2500000	19678	NA
62	Pulse	55	2510000	29678	NA
62	Pulse	55	2520000	39678	NA
63	Pulse	55	2530000	8998	NA
63	Pulse	55	2540000	18998	NA
63	Pulse	55	2550000	28998	NA
63	Pulse	55	2560000	38998	NA
64	Pulse	55	2570000	8402	NA
64	Pulse	55	2580000	18402	NA
64	Pulse	55	2590000	28402	NA
64	Pulse	55	2600000	38402	NA
65	Pulse	55	2610000	7721	NA
65	Pulse	55	2620000	17721	NA
65	Pulse	55	2630000	27721	NA
65	Pulse	55	2640000	37721	NA
66	Pulse	55	2650000	7125	NA
66	Pulse	55	2660000	17125	NA
66	Pulse	55	2670000	27125	NA
66	Pulse	55	2680000	37125	NA
67	Pulse	55	2690000	6444	NA
67	Pulse	55	2700000	16444	NA
67	Pulse	55	2710000	26444	NA
67	Pulse	55	2720000	36444	NA
68	Pulse	55	2730000	5848	NA
68	Pulse	55	2740000	15848	NA
68	Pulse	55	2750000	25848	NA
68	Pulse	55	2760000	35848	NA
69	Pulse	55	2770000	5251	NA
69	Pulse	55	2780000	15251	NA
69	Pulse	55	2790000	25251	NA
69	Pulse	55	2800000	35251	NA
70	Pulse	55	2810000	4654	NA
70	Pulse	55	2820000	14654	NA
70	Pulse	55	2830000	24654	NA
70	Pulse	55	2840000	34654	NA
71	Pulse	55	2850000	4057	NA
71	Pulse	55	2860000	14057	NA
71	Pulse	55	2870000	24057	NA
71	Pulse	55	2880000	34057	NA
72	Pulse	55	2890000	3461	NA
72	Pulse	55	2900000	13461	NA
72	Pulse	55	2910000	23461	NA
72	Pulse	55	2920000	33461	NA
73	Pulse	55	2930000	2780	NA
73	Pulse	55	2940000	12780	NA
73	Pulse	55	2950000	22780	NA
73	Pulse	55	2960000	32780	NA
74	Pulse	55	2970000	2184	NA
74	Pulse	55	2980000	12184	NA
74	Pulse	55	2990000	22184	NA
74	Pulse	55	3000000	32184	NA
75	Pulse	55	3010000	1587	NA
75	Pulse	55	3020000	11587	NA
75	Pulse	55	3030000	21587	NA
75	Pulse	55	3040000	31587	NA
76	Pulse	55	3050000	990	NA
76	Pulse	55	3060000	10990	NA
76	Pulse	55	3070000	20990	NA
76	Pulse	55	3080000	30990	NA
77	Pulse	55	3090000	393	NA
77	Pulse	55	3100000	10393	NA
77	Pulse	55	3110000	20393	NA
77	Pulse	55	3120000	30393	NA
77	Pulse	55	3130000	40393	NA
78	Pulse	55	3140000	9796	NA
78	Pulse	55	3150000	19796	NA
78	Pulse	55	3160000	29796	NA
78	Pulse	55	3170000	39796	NA
79	Pulse	55	3180000	9200	NA
79	Pulse	55	3190000	19200	NA
79	Pulse	55	3200000	29200	NA
79	Pulse	55	3210000	39200	NA
80	Pulse	55	3220000	8603	NA
80	Pulse	55	3230000	18603	NA
80	Pulse	55	3240000	28603	NA
80	Pulse	55	3250000	38603	NA
81	Pulse	55	3260000	8006	NA
81	Pulse	55	3270000	18006	NA
81	Pulse	55	3280000	28006	NA
81	Pulse	55	3290000	38006	NA
82	Pulse	55	3300000	7326	NA
82	Pulse	55	3310000	17326	NA
82	Pulse	55	3320000	27326	NA
82	Pulse	55	3330000	37326	NA
83	Pulse	55	3340000	6729	NA
83	Pulse	55	3350000	16729	NA
83	Pulse	55	3360000	26729	NA
83	Pulse	55	3370000	36729	NA
84	Pulse	55	3380000	6132	NA
84	Pulse	55	3390000	16132	NA
84	Pulse	55	3400000	26132	NA
84	Pulse	55	3410000	36132	NA
85	Pulse	55	3420000	5536	NA
85	Pulse	55	3430000	15536	NA
85	Pulse	55	3440000	25536	NA
85	Pulse	55	3450000	35536	NA
86	Pulse	55	3460000	4855	NA
86	Pulse	55	3470000	14855	NA
86	Pulse	55	3480000	24855	NA
86	Pulse	55	3490000	34855	NA
87	Pulse	55	3500000	4259	NA
87	Pulse	55	3510000	14259	NA
87	Pulse	55	3520000	24259	NA
87	Pulse	55	3530000	34259	NA
88	Pulse	55	3540000	3662	NA
88	Pulse	55	3550000	13662	NA
88	Pulse	55	3560000	23662	NA
88	Pulse	55	3570000	33662	NA
89	Pulse	55	3580000	3065	NA
89	Pulse	55	3590000	13065	NA
89	Pulse	55	3600000	23065	NA
89	Pulse	55	3610000	33065	NA
90	Pulse	55	3620000	2385	NA
90	Pulse	55	3630000	12385	NA
90	Pulse	55	3640000	22385	NA
90	Pulse	55	3650000	32385	NA
91	Pulse	55	3660000	1705	NA
91	Pulse	55	3670000	11705	NA
91	Pulse	55	3680000	21705	NA
91	Pulse	55	3690000	31705	NA
92	Pulse	55	3700000	1108	NA
92	Pulse	55	3710000	11108	NA
92	Pulse	55	3720000	21108	NA
92	Pulse	55	3730000	31108	NA
93	Pulse	55	3740000	511	NA
93	Pulse	55	3750000	10511	NA
93	Pulse	55	3760000	20511	NA
93	Pulse	55	3770000	30511	NA
93	Pulse	55	3780000	40511	NA
94	Pulse	55	3790000	9915	NA
94	Pulse	55	3800000	19915	NA
94	Pulse	55	3810000	29915	NA
94	Pulse	55	3820000	39915	NA
95	Pulse	55	3830000	9318	NA
95	Pulse	55	3840000	19318	NA
95	Pulse	55	3850000	29318	NA
95	Pulse	55	3860000	39318	NA
96	Pulse	55	3870000	8721	NA
96	Pulse	55	3880000	18721	NA
96	Pulse	55	3890000	28721	NA
96	Pulse	55	3900000	38721	NA
97	Pulse	55	3910000	8124	NA
97	Pulse	55	3920000	18124	NA
97	Pulse	55	3930000	28124	NA
97	Pulse	55	3940000	38124	NA
98	Pulse	55	3950000	7527	NA
98	Pulse	55	3960000	17527	NA
98	Pulse	55	3970000	27527	NA
98	Pulse	55	3980000	37527	NA
99	Pulse	55	3990000	6931	NA
99	Pulse	55	4000000	16931	NA
99	Pulse	55	4010000	26931	NA
99	Pulse	55	4020000	36931	NA
100	Pulse	55	4030000	6334	NA
100	Pulse	55	4040000	16334	NA
100	Pulse	55	4050000	26334	NA
100	Pulse	55	4060000	36334	NA
101	Pulse	55	4070000	5737	NA
101	Pulse	55	4080000	15737	NA
101	Pulse	55	4090000	25737	NA
101	Pulse	55	4100000	35737	NA
102	Pulse	55	4110000	5140	NA
102	Pulse	55	4120000	15140	NA
102	Pulse	55	4130000	25140	NA
102	Pulse	55	4140000	35140	NA
103	Pulse	55	4150000	4543	NA
103	Pulse	55	4160000	14543	NA
103	Pulse	55	4170000	24543	NA
103	Pulse	55	4180000	34543	NA
104	Pulse	55	4190000	3947	NA
104	Pulse	55	4200000	13947	NA
104	Pulse	55	4210000	23947	NA
104	Pulse	55	4220000	33947	NA
105	Pulse	55	4230000	3350	NA
105	Pulse	55	4240000	13350	NA
105	Pulse	55	4250000	23350	NA
105	Pulse	55	4260000	33350	NA
106	Pulse	55	4270000	2753	NA
106	Pulse	55	4280000	12753	NA
106	Pulse	55	4290000	22753	NA
106	Pulse	55	4300000	32753	NA
107	Pulse	55	4310000	2240	NA
107	Pulse	55	4320000	12240	NA
107	Pulse	55	4330000	22240	NA
107	Pulse	55	4340000	32240	NA
108	Pulse	55	4350000	1726	NA
108	Pulse	55	4360000	11726	NA
108	Pulse	55	4370000	21726	NA
108	Pulse	55	4380000	31726	NA
109	Pulse	55	4390000	1130	NA
109	Pulse	55	4400000	11130	NA
109	Pulse	55	4410000	21130	NA
109	Pulse	55	4420000	31130	NA
110	Pulse	55	4430000	533	NA
110	Pulse	55	4440000	10533	NA
110	Pulse	55	4450000	20533	NA
110	Pulse	55	4460000	30533	NA
110	Pulse	55	4470000	40533	NA
111	Pulse	55	4480000	9936	NA
111	Pulse	55	4490000	19936	NA
111	Pulse	55	4500000	29936	NA
111	Pulse	55	4510000	39936	NA
112	Pulse	55	4520000	9339	NA
112	Pulse	55	4530000	19339	NA
112	Pulse	55	4540000	29339	NA
112	Pulse	55	4550000	39339	NA
113	Pulse	55	4560000	8742	NA
113	Pulse	55	4570000	18742	NA
113	Pulse	55	4580000	28742	NA
113	Pulse	55	4590000	38742	NA
114	Pulse	55	4600000	8146	NA
114	Pulse	55	4610000	18146	NA
114	Pulse	55	4620000	28146	NA
114	Pulse	55	4630000	38146	NA
115	Pulse	55	4640000	7549	NA
115	Pulse	55	4650000	17549	NA
115	Pulse	55	4660000	27549	NA
115	Pulse	55	4670000	37549	NA
116	Pulse	55	4680000	6952	NA
116	Pulse	55	4690000	16952	NA
116	Pulse	55	4700000	26952	NA
116	Pulse	55	4710000	36952	NA
117	Pulse	55	4720000	6355	NA
117	Pulse	55	4730000	16355	NA
117	Pulse	55	4740000	26355	NA
117	Pulse	55	4750000	36355	NA
118	Pulse	55	4760000	5842	NA
118	Pulse	55	4770000	15842	NA
118	Pulse	55	4780000	25842	NA
118	Pulse	55	4790000	35842	NA
119	Pulse	55	4800000	5328	NA
119	Pulse	55	4810000	15328	NA
119	Pulse	55	4820000	25328	NA
119	Pulse	55	4830000	35328	NA
120	Pulse	55	4840000	4732	NA
120	Pulse	55	4850000	14732	NA
120	Pulse	55	4860000	24732	NA
120	Pulse	55	4870000	34732	NA
121	Pulse	55	4880000	4218	NA
121	Pulse	55	4890000	14218	NA
121	Pulse	55	4900000	24218	NA
121	Pulse	55	4910000	34218	NA
122	Pulse	55	4920000	3621	NA
122	Pulse	55	4930000	13621	NA
122	Pulse	55	4940000	23621	NA
122	Pulse	55	4950000	33621	NA
123	Pulse	55	4960000	3108	NA
123	Pulse	55	4970000	13108	NA
123	Pulse	55	4980000	23108	NA
123	Pulse	55	4990000	33108	NA
124	Pulse	55	5000000	2595	NA
124	Pulse	55	5010000	12595	NA
124	Pulse	55	5020000	22595	NA
124	Pulse	55	5030000	32595	NA
125	Pulse	55	5040000	2081	NA
125	Pulse	55	5050000	12081	NA
125	Pulse	55	5060000	22081	NA
125	Pulse	55	5070000	32081	NA
126	Pulse	55	5080000	1484	NA
126	Pulse	55	5090000	11484	NA
126	Pulse	55	5100000	21484	NA
126	Pulse	55	5110000	31484	NA
127	Pulse	55	5120000	888	NA
127	Pulse	55	5130000	10888	NA
127	Pulse	55	5140000	20888	NA
127	Pulse	55	5150000	30888	NA
128	Pulse	55	5160000	291	NA
128	Pulse	55	5170000	10291	NA
128	Pulse	55	5180000	20291	NA
128	Pulse	55	5190000	30291	NA
128	Pulse	55	5200000	40291	NA
129	Pulse	55	5210000	9694	NA
129	Pulse	55	5220000	19694	NA
129	Pulse	55	5230000	29694	NA
129	Pulse	55	5240000	39694	NA
130	Pulse	55	5250000	9097	NA
130	Pulse	55	5260000	19097	NA
130	Pulse	55	5270000	29097	NA
130	Pulse	55	5280000	39097	NA
131	Pulse	55	5290000	8500	NA
131	Pulse	55	5300000	18500	NA
131	Pulse	55	5310000	28500	NA
131	Pulse	55	5320000	38500	NA
132	Pulse	55	5330000	7987	NA
132	Pulse	55	5340000	17987	NA
132	Pulse	55	5350000	27987	NA
132	Pulse	55	5360000	37987	NA
133	Pulse	55	5370000	7390	NA
133	Pulse	55	5380000	17390	NA
133	Pulse	55	5390000	27390	NA
133	Pulse	55	5400000	37390	NA
134	Pulse	55	5410000	6793	NA
134	Pulse	55	5420000	16793	NA
134	Pulse	55	5430000	26793	NA
134	Pulse	55	5440000	36793	NA
135	Pulse	55	5450000	6280	NA
135	Pulse	55	5460000	16280	NA
135	Pulse	55	5470000	26280	NA
135	Pulse	55	5480000	36280	NA
136	Pulse	55	5490000	5683	NA
136	Pulse	55	5500000	15683	NA
136	Pulse	55	5510000	25683	NA
136	Pulse	55	5520000	35683	NA
137	Pulse	55	5530000	5087	NA
137	Pulse	55	5540000	15087	NA
137	Pulse	55	5550000	25087	NA
137	Pulse	55	5560000	35087	NA
138	Pulse	55	5570000	4573	NA
138	Pulse	55	5580000	14573	NA
138	Pulse	55	5590000	24573	NA
138	Pulse	55	5600000	34573	NA
139	Pulse	55	5610000	3976	NA
139	Pulse	55	5620000	13976	NA
139	Pulse	55	5630000	23976	NA
139	Pulse	55	5640000	33976	NA
140	Pulse	55	5650000	3380	NA
140	Pulse	55	5660000	13380	NA
140	Pulse	55	5670000	23380	NA
140	Pulse	55	5680000	33380	NA
141	Pulse	55	5690000	2866	NA
141	Pulse	55	5700000	12866	NA
141	Pulse	55	5710000	22866	NA
141	Pulse	55	5720000	32866	NA
142	Pulse	55	5730000	2269	NA
142	Pulse	55	5740000	12269	NA
142	Pulse	55	5750000	22269	NA
142	Pulse	55	5760000	32269	NA
143	Pulse	55	5770000	1673	NA
143	Pulse	55	5780000	11673	NA
143	Pulse	55	5790000	21673	NA
143	Pulse	55	5800000	31673	NA
144	Pulse	55	5810000	1159	NA
144	Pulse	55	5820000	11159	NA
144	Pulse	55	5830000	21159	NA
144	Pulse	55	5840000	31159	NA
145	Pulse	55	5850000	646	NA
145	Pulse	55	5860000	10646	NA
145	Pulse	55	5870000	20646	NA
145	Pulse	55	5880000	30646	NA
146	Pulse	55	5890000	49	NA
146	Pulse	55	5900000	10049	NA
146	Pulse	55	5910000	20049	NA
146	Pulse	55	5920000	30049	NA
146	Pulse	55	5930000	40049	NA
147	Pulse	55	5940000	9452	NA
147	Pulse	55	5950000	19452	NA
147	Pulse	55	5960000	29452	NA
147	Pulse	55	5970000	39452	NA
148	Pulse	55	5980000	8855	NA
148	Pulse	55	5990000	18855	NA
148	Pulse	55	6000000	28855	NA
148	Pulse	55	6010000	38855	NA
149	Pulse	55	6020000	8259	NA
149	Pulse	55	6030000	18259	NA
149	Pulse	55	6040000	28259	NA
149	Pulse	55	6050000	38259	NA
150	Pulse	55	6060000	7662	NA
150	Pulse	55	6070000	17662	NA
150	Pulse	55	6080000	27662	NA
150	Pulse	55	6090000	37662	NA
151	Pulse	55	6100000	7065	NA
151	Pulse	55	6110000	17065	NA
151	Pulse	55	6120000	27065	NA
151	Pulse	55	6130000	37065	NA
152	Pulse	55	6140000	6468	NA
152	Pulse	55	6150000	16468	NA
152	Pulse	55	6160000	26468	NA
152	Pulse	55	6170000	36468	NA
153	Pulse	55	6180000	5955	NA
153	Pulse	55	6190000	15955	NA
153	Pulse	55	6200000	25955	NA
153	Pulse	55	6210000	35955	NA
154	Pulse	55	6220000	5441	NA
154	Pulse	55	6230000	15441	NA
154	Pulse	55	6240000	25441	NA
154	Pulse	55	6250000	35441	NA
155	Pulse	55	6260000	5011	NA
155	Pulse	55	6270000	15011	NA
155	Pulse	55	6280000	25011	NA
155	Pulse	55	6290000	35011	NA
156	Pulse	55	6300000	4498	NA
156	Pulse	55	6310000	14498	NA
156	Pulse	55	6320000	24498	NA
156	Pulse	55	6330000	34498	NA
157	Pulse	55	6340000	3985	NA
157	Pulse	55	6350000	13985	NA
157	Pulse	55	6360000	23985	NA
157	Pulse	55	6370000	33985	NA
158	Pulse	55	6380000	3471	NA
158	Pulse	55	6390000	13471	NA
158	Pulse	55	6400000	23471	NA
158	Pulse	55	6410000	33471	NA
159	Pulse	55	6420000	2874	NA
159	Pulse	55	6430000	12874	NA
159	Pulse	55	6440000	22874	NA
159	Pulse	55	6450000	32874	NA
160	Pulse	55	6460000	2278	NA
160	Pulse	55	6470000	12278	NA
160	Pulse	55	6480000	22278	NA
160	Pulse	55	6490000	32278	NA
161	Pulse	55	6500000	1681	NA
161	Pulse	55	6510000	11681	NA
161	Pulse	55	6520000	21681	NA
161	Pulse	55	6530000	31681	NA
162	Pulse	55	6540000	1167	NA
162	Pulse	55	6550000	11167	NA
162	Pulse	55	6560000	21167	NA
162	Pulse	55	6570000	31167	NA
163	Pulse	55	6580000	571	NA
163	Pulse	55	6590000	10571	NA
163	Pulse	55	6600000	20571	NA
163	Pulse	55	6610000	30571	NA
163	Pulse	55	6620000	40571	NA
164	Pulse	55	6630000	9974	NA
164	Pulse	55	6640000	19974	NA
164	Pulse	55	6650000	29974	NA
164	Pulse	55	6660000	39974	NA
165	Pulse	55	6670000	9377	NA
165	Pulse	55	6680000	19377	NA
165	Pulse	55	6690000	29377	NA
165	Pulse	55	6700000	39377	NA
166	Pulse	55	6710000	8780	NA
166	Pulse	55	6720000	18780	NA
166	Pulse	55	6730000	28780	NA
166	Pulse	55	6740000	38780	NA
167	Pulse	55	6750000	8100	NA
167	Pulse	55	6760000	18100	NA
167	Pulse	55	6770000	28100	NA
167	Pulse	55	6780000	38100	NA
168	Pulse	55	6790000	7503	NA
168	Pulse	55	6800000	17503	NA
168	Pulse	55	6810000	27503	NA
168	Pulse	55	6820000	37503	NA
169	Pulse	55	6830000	6990	NA
169	Pulse	55	6840000	16990	NA
169	Pulse	55	6850000	26990	NA
169	Pulse	55	6860000	36990	NA
170	Pulse	55	6870000	6393	NA
170	Pulse	55	6880000	16393	NA
170	Pulse	55	6890000	26393	NA
170	Pulse	55	6900000	36393	NA
171	Pulse	55	6910000	5880	NA
171	Pulse	55	6920000	15880	NA
171	Pulse	55	6930000	25880	NA
171	Pulse	55	6940000	35880	NA
172	Pulse	55	6950000	5366	NA
172	Pulse	55	6960000	15366	NA
172	Pulse	55	6970000	25366	NA
172	Pulse	55	6980000	35366	NA
173	Pulse	55	6990000	4769	NA
173	Pulse	55	7000000	14769	NA
173	Pulse	55	7010000	24769	NA
173	Pulse	55	7020000	34769	NA
174	Pulse	55	7030000	4339	NA
174	Pulse	55	7040000	14339	NA
174	Pulse	55	7050000	24339	NA
174	Pulse	55	7060000	34339	NA
175	Pulse	55	7070000	3826	NA
175	Pulse	55	7080000	13826	NA
175	Pulse	55	7090000	23826	NA
175	Pulse	55	7100000	33826	NA
176	Pulse	55	7110000	3229	NA
176	Pulse	55	7120000	13229	NA
176	Pulse	55	7130000	23229	NA
176	Pulse	55	7140000	33229	NA
177	Pulse	55	7150000	2716	NA
177	Pulse	55	7160000	12716	NA
177	Pulse	55	7170000	22716	NA
177	Pulse	55	7180000	32716	NA
178	Pulse	55	7190000	2202	NA
178	Pulse	55	7200000	12202	NA
178	Pulse	55	7210000	22202	NA
178	Pulse	55	7220000	32202	NA
179	Pulse	55	7230000	1689	NA
179	Pulse	55	7240000	11689	NA
179	Pulse	55	7250000	21689	NA
179	Pulse	55	7260000	31689	NA
180	Pulse	55	7270000	1092	NA
180	Pulse	55	7280000	11092	NA
180	Pulse	55	7290000	21092	NA
180	Pulse	55	7300000	31092	NA
181	Pulse	55	7310000	495	NA
181	Pulse	55	7320000	10495	NA
181	Pulse	55	7330000	20495	NA
181	Pulse	55	7340000	30495	NA
181	Pulse	55	7350000	40495	NA
182	Pulse	55	7360000	9899	NA
182	Pulse	55	7370000	19899	NA
182	Pulse	55	7380000	29899	NA
182	Pulse	55	7390000	39899	NA
183	Pulse	55	7400000	9302	NA
183	Pulse	55	7410000	19302	NA
183	Pulse	55	7420000	29302	NA
183	Pulse	55	7430000	39302	NA
184	Pulse	55	7440000	8705	NA
184	Pulse	55	7450000	18705	NA
184	Pulse	55	7460000	28705	NA
184	Pulse	55	7470000	38705	NA
185	Pulse	55	7480000	8192	NA
185	Pulse	55	7490000	18192	NA
185	Pulse	55	7500000	28192	NA
185	Pulse	55	7510000	38192	NA
186	Pulse	55	7520000	7595	NA
186	Pulse	55	7530000	17595	NA
186	Pulse	55	7540000	27595	NA
186	Pulse	55	7550000	37595	NA
187	Pulse	55	7560000	6915	NA
187	Pulse	55	7570000	16915	NA
187	Pulse	55	7580000	26915	NA
187	Pulse	55	7590000	36915	NA
188	Pulse	55	7600000	6318	NA
188	Pulse	55	7610000	16318	NA
188	Pulse	55	7620000	26318	NA
188	Pulse	55	7630000	36318	NA
189	Pulse	55	7640000	5638	NA
189	Pulse	55	7650000	15638	NA
189	Pulse	55	7660000	25638	NA
189	Pulse	55	7670000	35638	NA
190	Pulse	55	7680000	5041	NA
190	Pulse	55	7690000	15041	NA
190	Pulse	55	7700000	25041	NA
190	Pulse	55	7710000	35041	NA
191	Pulse	55	7720000	4444	NA
191	Pulse	55	7730000	14444	NA
191	Pulse	55	7740000	24444	NA
191	Pulse	55	7750000	34444	NA
192	Pulse	55	7760000	3847	NA
192	Pulse	55	7770000	13847	NA
192	Pulse	55	7780000	23847	NA
192	Pulse	55	7790000	33847	NA
193	Pulse	55	7800000	3251	NA
193	Pulse	55	7810000	13251	NA
193	Pulse	55	7820000	23251	NA
193	Pulse	55	7830000	33251	NA
194	Pulse	55	7840000	2654	NA
194	Pulse	55	7850000	12654	NA
194	Pulse	55	7860000	22654	NA
194	Pulse	55	7870000	32654	NA
195	Pulse	55	7880000	2057	NA
195	Pulse	55	7890000	12057	NA
195	Pulse	55	7900000	22057	NA
195	Pulse	55	7910000	32057	NA
196	Pulse	55	7920000	1460	NA
196	Pulse	55	7930000	11460	NA
196	Pulse	55	7940000	21460	NA
196	Pulse	55	7950000	31460	NA
197	Pulse	55	7960000	947	NA
197	Pulse	55	7970000	10947	NA
197	Pulse	55	7980000	20947	NA
197	Pulse	55	7990000	30947	NA
198	Pulse	55	8000000	433	NA
198	Pulse	55	8010000	10433	NA
198	Pulse	55	8020000	20433	NA
198	Pulse	55	8030000	30433	NA
198	Pulse	55	8040000	40433	NA
199	Pulse	55	8050000	9837	NA
199	Pulse	55	8060000	19837	NA
199	Pulse	55	8070000	29837	NA
199	Pulse	55	8080000	39837	NA
200	Pulse	55	8090000	9240	NA
200	Pulse	55	8100000	19240	NA
200	Pulse	55	8110000	29240	NA
200	Pulse	55	8120000	39240	NA
201	Pulse	55	8130000	8726	NA
201	Pulse	55	8140000	18726	NA
201	Pulse	55	8150000	28726	NA
201	Pulse	55	8160000	38726	NA
202	Pulse	55	8170000	8213	NA
202	Pulse	55	8180000	18213	NA
202	Pulse	55	8190000	28213	NA
202	Pulse	55	8200000	38213	NA
203	Pulse	55	8210000	7700	NA
203	Pulse	55	8220000	17700	NA
203	Pulse	55	8230000	27700	NA
203	Pulse	55	8240000	37700	NA
204	Pulse	55	8250000	7103	NA
204	Pulse	55	8260000	17103	NA
204	Pulse	55	8270000	27103	NA
204	Pulse	55	8280000	37103	NA
205	Pulse	55	8290000	6589	NA
205	Pulse	55	8300000	16589	NA
205	Pulse	55	8310000	26589	NA
205	Pulse	55	8320000	36589	NA
206	Pulse	55	8330000	5993	NA
206	Pulse	55	8340000	15993	NA
206	Pulse	55	8350000	25993	NA
206	Pulse	55	8360000	35993	NA
207	Pulse	55	8370000	5479	NA
207	Pulse	55	8380000	15479	NA
207	Pulse	55	8390000	25479	NA
207	Pulse	55	8400000	35479	NA
208	Pulse	55	8410000	4966	NA
208	Pulse	55	8420000	14966	NA
208	Pulse	55	8430000	24966	NA
208	Pulse	55	8440000	34966	NA
209	Pulse	55	8450000	4369	NA
209	Pulse	55	8460000	14369	NA
209	Pulse	55	8470000	24369	NA
209	Pulse	55	8480000	34369	NA
210	Pulse	55	8490000	3855	NA
210	Pulse	55	8500000	13855	NA
210	Pulse	55	8510000	23855	NA
210	Pulse	55	8520000	33855	NA
211	Pulse	55	8530000	3342	NA
211	Pulse	55	8540000	13342	NA
211	Pulse	55	8550000	23342	NA
211	Pulse	55	8560000	33342	NA
212	Pulse	55	8570000	2829	NA
212	Pulse	55	8580000	12829	NA
212	Pulse	55	8590000	22829	NA
212	Pulse	55	8600000	32829	NA
213	Pulse	55	8610000	2315	NA
213	Pulse	55	8620000	12315	NA
213	Pulse	55	8630000	22315	NA
213	Pulse	55	8640000	32315	NA
214	Pulse	55	8650000	1718	NA
214	Pulse	55	8660000	11718	NA
214	Pulse	55	8670000	21718	NA
214	Pulse	55	8680000	31718	NA
215	Pulse	55	8690000	1122	NA
215	Pulse	55	8700000	11122	NA
215	Pulse	55	8710000	21122	NA
215	Pulse	55	8720000	31122	NA
216	Pulse	55	8730000	525	NA
216	Pulse	55	8740000	10525	NA
216	Pulse	55	8750000	20525	NA
216	Pulse	55	8760000	30525	NA
217	Pulse	55	8770000	178	NA
217	Pulse	55	8780000	10178	NA
217	Pulse	55	8790000	20178	NA
217	Pulse	55	8800000	30178	NA
217	Pulse	55	8810000	40178	NA
218	Pulse	55	8820000	9581	NA
218	Pulse	55	8830000	19581	NA
218	Pulse	55	8840000	29581	NA
218	Pulse	55	8850000	39581	NA
219	Pulse	55	8860000	9068	NA
219	Pulse	55	8870000	19068	NA
219	Pulse	55	8880000	29068	NA
219	Pulse	55	8890000	39068	NA
220	Pulse	55	8900000	8471	NA
220	Pulse	55	8910000	18471	NA
220	Pulse	55	8920000	28471	NA
220	Pulse	55	8930000	38471	NA
221	Pulse	55	8940000	7874	NA
221	Pulse	55	8950000	17874	NA
221	Pulse	55	8960000	27874	NA
221	Pulse	55	8970000	37874	NA
222	Pulse	55	8980000	7444	NA
222	Pulse	55	8990000	17444	NA
222	Pulse	55	9000000	27444	NA
222	Pulse	55	9010000	37444	NA
223	Pulse	55	9020000	6931	NA
223	Pulse	55	9030000	16931	NA
223	Pulse	55	9040000	26931	NA
223	Pulse	55	9050000	36931	NA
224	Pulse	55	9060000	6334	NA
224	Pulse	55	9070000	16334	NA
224	Pulse	55	9080000	26334	NA
224	Pulse	55	9090000	36334	NA
225	Pulse	55	9100000	5904	NA
225	Pulse	55	9110000	15904	NA
225	Pulse	55	9120000	25904	NA
225	Pulse	55	9130000	35904	NA
226	Pulse	55	9140000	5391	NA
226	Pulse	55	9150000	15391	NA
226	Pulse	55	9160000	25391	NA
226	Pulse	55	9170000	35391	NA
227	Pulse	55	9180000	4794	NA
227	Pulse	55	9190000	14794	NA
227	Pulse	55	9200000	24794	NA
227	Pulse	55	9210000	34794	NA
228	Pulse	55	9220000	4197	NA
228	Pulse	55	9230000	14197	NA
228	Pulse	55	9240000	24197	NA
228	Pulse	55	9250000	34197	NA
229	Pulse	55	9260000	3600	NA
229	Pulse	55	9270000	13600	NA
229	Pulse	55	9280000	23600	NA
229	Pulse	55	9290000	33600	NA
230	Pulse	55	9300000	3004	NA
230	Pulse	55	9310000	13004	NA
230	Pulse	55	9320000	23004	NA
230	Pulse	55	9330000	33004	NA
231	Pulse	55	9340000	2490	NA
231	Pulse	55	9350000	12490	NA
231	Pulse	55	9360000	22490	NA
231	Pulse	55	9370000	32490	NA
232	Pulse	55	9380000	1893	NA
232	Pulse	55	9390000	11893	NA
232	Pulse	55	9400000	21893	NA
232	Pulse	55	9410000	31893	NA
233	Pulse	55	9420000	1297	NA
233	Pulse	55	9430000	11297	NA
233	Pulse	55	9440000	21297	NA
233	Pulse	55	9450000	31297	NA
234	Pulse	55	9460000	700	NA
234	Pulse	55	9470000	10700	NA
234	Pulse	55	9480000	20700	NA
234	Pulse	55	9490000	30700	NA
235	Pulse	55	9500000	103	NA
235	Pulse	55	9510000	10103	NA
235	Pulse	55	9520000	20103	NA
235	Pulse	55	9530000	30103	NA
235	Pulse	55	9540000	40103	NA
236	Pulse	55	9550000	9506	NA
236	Pulse	55	9560000	19506	NA
236	Pulse	55	9570000	29506	NA
236	Pulse	55	9580000	39506	NA
237	Pulse	55	9590000	8909	NA
237	Pulse	55	9600000	18909	NA
237	Pulse	55	9610000	28909	NA
237	Pulse	55	9620000	38909	NA
238	Pulse	55	9630000	8396	NA
238	Pulse	55	9640000	18396	NA
238	Pulse	55	9650000	28396	NA
238	Pulse	55	9660000	38396	NA
239	Pulse	55	9670000	7883	NA
239	Pulse	55	9680000	17883	NA
239	Pulse	55	9690000	27883	NA
239	Pulse	55	9700000	37883	NA
240	Pulse	55	9710000	7286	NA
240	Pulse	55	9720000	17286	NA
240	Pulse	55	9730000	27286	NA
240	Pulse	55	9740000	37286	NA
241	Pulse	55	9750000	6689	NA
241	Pulse	55	9760000	16689	NA
241	Pulse	55	9770000	26689	NA
241	Pulse	55	9780000	36689	NA
242	Pulse	55	9790000	6092	NA
242	Pulse	55	9800000	16092	NA
242	Pulse	55	9810000	26092	NA
242	Pulse	55	9820000	36092	NA
243	Pulse	55	9830000	5495	NA
243	Pulse	55	9840000	15495	NA
243	Pulse	55	9850000	25495	NA
243	Pulse	55	9860000	35495	NA
244	Pulse	55	9870000	4899	NA
244	Pulse	55	9880000	14899	NA
244	Pulse	55	9890000	24899	NA
244	Pulse	55	9900000	34899	NA
245	Pulse	55	9910000	4385	NA
245	Pulse	55	9920000	14385	NA
245	Pulse	55	9930000	24385	NA
245	Pulse	55	9940000	34385	NA
246	Pulse	55	9950000	3788	NA
246	Pulse	55	9960000	13788	NA
246	Pulse	55	9970000	23788	NA
246	Pulse	55	9980000	33788	NA
247	Pulse	55	9990000	3192	NA
247	Pulse	55	10000000	13192	NA
247	Pulse	55	10010000	23192	NA
247	Pulse	55	10020000	33192	NA
248	Pulse	55	10030000	2595	NA
248	Pulse	55	10040000	12595	NA
248	Pulse	55	10050000	22595	NA
248	Pulse	55	10060000	32595	NA
249	Pulse	55	10070000	1998	NA
249	Pulse	55	10080000	11998	NA
249	Pulse	55	10090000	21998	NA
249	Pulse	55	10100000	31998	NA
250	Pulse	55	10110000	1401	NA
250	Pulse	55	10120000	11401	NA
250	Pulse	55	10130000	21401	NA
250	Pulse	55	10140000	31401	NA
251	Pulse	55	10150000	805	NA
251	Pulse	55	10160000	10805	NA
251	Pulse	55	10170000	20805	NA
251	Pulse	55	10180000	30805	NA
252	Pulse	55	10190000	208	NA
252	Pulse	55	10200000	10208	NA
252	Pulse	55	10210000	20208	NA
252	Pulse	55	10220000	30208	NA
252	Pulse	55	10230000	40208	NA
253	Pulse	55	10240000	9611	NA
253	Pulse	55	10250000	19611	NA
253	Pulse	55	10260000	29611	NA
253	Pulse	55	10270000	39611	NA
254	Pulse	55	10280000	9014	NA
254	Pulse	55	10290000	19014	NA
254	Pulse	55	10300000	29014	NA
254	Pulse	55	10310000	39014	NA
255	Pulse	55	10320000	8584	NA
255	Pulse	55	10330000	18584	NA
255	Pulse	55	10340000	28584	NA
255	Pulse	55	10350000	38584	NA
256	Pulse	55	10360000	8071	NA
256	Pulse	55	10370000	18071	NA
256	Pulse	55	10380000	28071	NA
256	Pulse	55	10390000	38071	NA
257	Pulse	55	10400000	7557	NA
257	Pulse	55	10410000	17557	NA
257	Pulse	55	10420000	27557	NA
257	Pulse	55	10430000	37557	NA
258	Pulse	55	10440000	6961	NA
258	Pulse	55	10450000	16961	NA
258	Pulse	55	10460000	26961	NA
258	Pulse	55	10470000	36961	NA
259	Pulse	55	10480000	6364	NA
259	Pulse	55	10490000	16364	NA
259	Pulse	55	10500000	26364	NA
259	Pulse	55	10510000	36364	NA
260	Pulse	55	10520000	5767	NA
260	Pulse	55	10530000	15767	NA
260	Pulse	55	10540000	25767	NA
260	Pulse	55	10550000	35767	NA
261	Pulse	55	10560000	5170	NA
261	Pulse	55	10570000	15170	NA
261	Pulse	55	10580000	25170	NA
261	Pulse	55	10590000	35170	NA
262	Pulse	55	10600000	4573	NA
262	Pulse	55	10610000	14573	NA
262	Pulse	55	10620000	24573	NA
262	Pulse	55	10630000	34573	NA
263	Pulse	55	10640000	4060	NA
263	Pulse	55	10650000	14060	NA
263	Pulse	55	10660000	24060	NA
263	Pulse	55	10670000	34060	NA
264	Pulse	55	10680000	3463	NA
264	Pulse	55	10690000	13463	NA
264	Pulse	55	10700000	23463	NA
264	Pulse	55	10710000	33463	NA
265	Pulse	55	10720000	2866	NA
265	Pulse	55	10730000	12866	NA
265	Pulse	55	10740000	22866	NA
265	Pulse	55	10750000	32866	NA
266	Pulse	55	10760000	2270	NA
266	Pulse	55	10770000	12270	NA
266	Pulse	55	10780000	22270	NA
266	Pulse	55	10790000	32270	NA
267	Pulse	55	10800000	1673	NA
267	Pulse	55	10810000	11673	NA
267	Pulse	55	10820000	21673	NA
267	Pulse	55	10830000	31673	NA
268	Pulse	55	10840000	1076	NA
268	Pulse	55	10850000	11076	NA
268	Pulse	55	10860000	21076	NA
268	Pulse	55	10870000	31076	NA
269	Pulse	55	10880000	479	NA
269	Pulse	55	10890000	10479	NA
269	Pulse	55	10900000	20479	NA
269	Pulse	55	10910000	30479	NA
269	Pulse	55	10920000	40479	NA
270	Pulse	55	10930000	9882	NA
270	Pulse	55	10940000	19882	NA
270	Pulse	55	10950000	29882	NA
270	Pulse	55	10960000	39882	NA
271	Pulse	55	10970000	9286	NA
271	Pulse	55	10980000	19286	NA
271	Pulse	55	10990000	29286	NA
271	Pulse	55	11000000	39286	NA
272	Pulse	55	11010000	8772	NA
272	Pulse	55	11020000	18772	NA
272	Pulse	55	11030000	28772	NA
272	Pulse	55	11040000	38772	NA
273	Pulse	55	11050000	8176	NA
273	Pulse	55	11060000	18176	NA
273	Pulse	55	11070000	28176	NA
273	Pulse	55	11080000	38176	NA
274	Pulse	55	11090000	7579	NA
274	Pulse	55	11100000	17579	NA
274	Pulse	55	11110000	27579	NA
274	Pulse	55	11120000	37579	NA
275	Pulse	55	11130000	6982	NA
275	Pulse	55	11140000	16982	NA
275	Pulse	55	11150000	26982	NA
275	Pulse	55	11160000	36982	NA
276	Pulse	55	11170000	6385	NA
276	Pulse	55	11180000	16385	NA
276	Pulse	55	11190000	26385	NA
276	Pulse	55	11200000	36385	NA
277	Pulse	55	11210000	5788	NA
277	Pulse	55	11220000	15788	NA
277	Pulse	55	11230000	25788	NA
277	Pulse	55	11240000	35788	NA
278	Pulse	55	11250000	5192	NA
278	Pulse	55	11260000	15192	NA
278	Pulse	55	11270000	25192	NA
278	Pulse	55	11280000	35192	NA
279	Pulse	55	11290000	4595	NA
279	Pulse	55	11300000	14595	NA
279	Pulse	55	11310000	24595	NA
279	Pulse	55	11320000	34595	NA
280	Pulse	55	11330000	3998	NA
280	Pulse	55	11340000	13998	NA
280	Pulse	55	11350000	23998	NA
280	Pulse	55	11360000	33998	NA
281	Pulse	55	11370000	3318	NA
281	Pulse	55	11380000	13318	NA
281	Pulse	55	11390000	23318	NA
281	Pulse	55	11400000	33318	NA
282	Pulse	55	11410000	2721	NA
282	Pulse	55	11420000	12721	NA
282	Pulse	55	11430000	22721	NA
282	Pulse	55	11440000	32721	NA
283	Pulse	55	11450000	1958	NA
283	Pulse	55	11460000	11958	NA
283	Pulse	55	11470000	21958	NA
283	Pulse	55	11480000	31958	NA
284	Pulse	55	11490000	1361	NA
284	Pulse	55	11500000	11361	NA
284	Pulse	55	11510000	21361	NA
284	Pulse	55	11520000	31361	NA
285	Pulse	55	11530000	764	NA
285	Pulse	55	11540000	10764	NA
285	Pulse	55	11550000	20764	NA
285	Pulse	55	11560000	30764	NA
286	Pulse	55	11570000	167	NA
286	Pulse	55	11580000	10167	NA
286	Pulse	55	11590000	20167	NA
286	Pulse	55	11600000	30167	NA
286	Pulse	55	11610000	40167	NA
287	Pulse	55	11620000	9487	NA
287	Pulse	55	11630000	19487	NA
287	Pulse	55	11640000	29487	NA
287	Pulse	55	11650000	39487	NA
288	Pulse	55	11660000	8890	NA
288	Pulse	55	11670000	18890	NA
288	Pulse	55	11680000	28890	NA
288	Pulse	55	11690000	38890	NA
289	Pulse	55	11700000	8294	NA
289	Pulse	55	11710000	18294	NA
289	Pulse	55	11720000	28294	NA
289	Pulse	55	11730000	38294	NA
290	Pulse	55	11740000	7697	NA
290	Pulse	55	11750000	17697	NA
290	Pulse	55	11760000	27697	NA
290	Pulse	55	11770000	37697	NA
291	Pulse	55	11780000	7017	NA
291	Pulse	55	11790000	17017	NA
291	Pulse	55	11800000	27017	NA
291	Pulse	55	11810000	37017	NA
292	Pulse	55	11820000	6420	NA
292	Pulse	55	11830000	16420	NA
292	Pulse	55	11840000	26420	NA
292	Pulse	55	11850000	36420	NA
293	Pulse	55	11860000	5823	NA
293	Pulse	55	11870000	15823	NA
293	Pulse	55	11880000	25823	NA
293	Pulse	55	11890000	35823	NA
294	Pulse	55	11900000	5143	NA
294	Pulse	55	11910000	15143	NA
294	Pulse	55	11920000	25143	NA
294	Pulse	55	11930000	35143	NA
295	Pulse	55	11940000	4546	NA
295	Pulse	55	11950000	14546	NA
295	Pulse	55	11960000	24546	NA
295	Pulse	55	11970000	34546	NA
296	Pulse	55	11980000	3949	NA
296	Pulse	55	11990000	13949	NA
296	Pulse	55	12000000	23949	NA
296	Pulse	55	12010000	33949	NA
297	Pulse	55	12020000	3353	NA
297	Pulse	55	12030000	13353	NA
297	Pulse	55	12040000	23353	NA
297	Pulse	55	12050000	33353	NA
298	Pulse	55	12060000	2672	NA
298	Pulse	55	12070000	12672	NA
298	Pulse	55	12080000	22672	NA
298	Pulse	55	12090000	32672	NA
299	Pulse	55	12100000	2076	NA
299	Pulse	55	12110000	12076	NA
299	Pulse	55	12120000	22076	NA
299	Pulse	55	12130000	32076	NA
300	Pulse	55	12140000	1479	NA
300	Pulse	55	12150000	11479	NA
300	Pulse	55	12160000	21479	NA
300	Pulse	55	12170000	31479	NA
301	Pulse	55	12180000	799	NA
301	Pulse	55	12190000	10799	NA
301	Pulse	55	12200000	20799	NA
301	Pulse	55	12210000	30799	NA
302	Pulse	55	12220000	202	NA
302	Pulse	55	12230000	10202	NA
302	Pulse	55	12240000	20202	NA
302	Pulse	55	12250000	30202	NA
302	Pulse	55	12260000	40202	NA
303	Pulse	55	12270000	9605	NA
303	Pulse	55	12280000	19605	NA
303	Pulse	55	12290000	29605	NA
303	Pulse	55	12300000	39605	NA
304	Pulse	55	12310000	9008	NA
304	Pulse	55	12320000	19008	NA
304	Pulse	55	12330000	29008	NA
304	Pulse	55	12340000	39008	NA
305	Pulse	55	12350000	8412	NA
305	Pulse	55	12360000	18412	NA
305	Pulse	55	12370000	28412	NA
305	Pulse	55	12380000	38412	NA
306	Pulse	55	12390000	7815	NA
306	Pulse	55	12400000	17815	NA
306	Pulse	55	12410000	27815	NA
306	Pulse	55	12420000	37815	NA
307	Pulse	55	12430000	7218	NA
307	Pulse	55	12440000	17218	NA
307	Pulse	55	12450000	27218	NA
307	Pulse	55	12460000	37218	NA
308	Pulse	55	12470000	6538	NA
308	Pulse	55	12480000	16538	NA
308	Pulse	55	12490000	26538	NA
308	Pulse	55	12500000	36538	NA
309	Pulse	55	12510000	5941	NA
309	Pulse	55	12520000	15941	NA
309	Pulse	55	12530000	25941	NA
309	Pulse	55	12540000	35941	NA
310	Pulse	55	12550000	5261	NA
310	Pulse	55	12560000	15261	NA
310	Pulse	55	12570000	25261	NA
310	Pulse	55	12580000	35261	NA
311	Pulse	55	12590000	4664	NA
311	Pulse	55	12600000	14664	NA
311	Pulse	55	12610000	24664	NA
311	Pulse	55	12620000	34664	NA
312	Pulse	55	12630000	3901	NA
312	Pulse	55	12640000	13901	NA
312	Pulse	55	12650000	23901	NA
312	Pulse	55	12660000	33901	NA
313	Pulse	55	12670000	3304	NA
313	Pulse	55	12680000	13304	NA
313	Pulse	55	12690000	23304	NA
313	Pulse	55	12700000	33304	NA
314	Pulse	55	12710000	2707	NA
314	Pulse	55	12720000	12707	NA
314	Pulse	55	12730000	22707	NA
314	Pulse	55	12740000	32707	NA
315	Pulse	55	12750000	2110	NA
315	Pulse	55	12760000	12110	NA
315	Pulse	55	12770000	22110	NA
315	Pulse	55	12780000	32110	NA
316	Pulse	55	12790000	1514	NA
316	Pulse	55	12800000	11514	NA
316	Pulse	55	12810000	21514	NA
316	Pulse	55	12820000	31514	NA
317	Pulse	55	12830000	917	NA
317	Pulse	55	12840000	10917	NA
317	Pulse	55	12850000	20917	NA
317	Pulse	55	12860000	30917	NA
318	Pulse	55	12870000	237	NA
318	Pulse	55	12880000	10237	NA
318	Pulse	55	12890000	20237	NA
318	Pulse	55	12900000	30237	NA
318	Pulse	55	12910000	40237	NA
319	Pulse	55	12920000	9640	NA
319	Pulse	55	12930000	19640	NA
319	Pulse	55	12940000	29640	NA
319	Pulse	55	12950000	39640	NA
320	Pulse	55	12960000	9043	NA
320	Pulse	55	12970000	19043	NA
320	Pulse	55	12980000	29043	NA
320	Pulse	55	12990000	39043	NA
321	Pulse	55	13000000	8446	NA
321	Pulse	55	13010000	18446	NA
321	Pulse	55	13020000	28446	NA
321	Pulse	55	13030000	38446	NA
322	Pulse	55	13040000	7849	NA
322	Pulse	55	13050000	17849	NA
322	Pulse	55	13060000	27849	NA
322	Pulse	55	13070000	37849	NA
323	Pulse	55	13080000	7253	NA
323	Pulse	55	13090000	17253	NA
323	Pulse	55	13100000	27253	NA
323	Pulse	55	13110000	37253	NA
324	Pulse	55	13120000	6656	NA
324	Pulse	55	13130000	16656	NA
324	Pulse	55	13140000	26656	NA
324	Pulse	55	13150000	36656	NA
325	Pulse	55	13160000	6059	NA
325	Pulse	55	13170000	16059	NA
325	Pulse	55	13180000	26059	NA
325	Pulse	55	13190000	36059	NA
326	Pulse	55	13200000	5462	NA
326	Pulse	55	13210000	15462	NA
326	Pulse	55	13220000	25462	NA
326	Pulse	55	13230000	35462	NA
327	Pulse	55	13240000	4782	NA
327	Pulse	55	13250000	14782	NA
327	Pulse	55	13260000	24782	NA
327	Pulse	55	13270000	34782	NA
328	Pulse	55	13280000	4185	NA
328	Pulse	55	13290000	14185	NA
328	Pulse	55	13300000	24185	NA
328	Pulse	55	13310000	34185	NA
329	Pulse	55	13320000	3589	NA
329	Pulse	55	13330000	13589	NA
329	Pulse	55	13340000	23589	NA
329	Pulse	55	13350000	33589	NA
330	Pulse	55	13360000	2992	NA
330	Pulse	55	13370000	12992	NA
330	Pulse	55	13380000	22992	NA
330	Pulse	55	13390000	32992	NA
331	Pulse	55	13400000	2312	NA
331	Pulse	55	13410000	12312	NA
331	Pulse	55	13420000	22312	NA
331	Pulse	55	13430000	32312	NA
332	Pulse	55	13440000	1715	NA
332	Pulse	55	13450000	11715	NA
332	Pulse	55	13460000	21715	NA
332	Pulse	55	13470000	31715	NA
332	Response	1	13471064	32779	1
333	Pulse	55	13480000	1618	NA
333	Pulse	55	13490000	11618	NA
334	Pulse	55	13500000	1528	NA
334	Pulse	55	13510000	11528	NA
334	Pulse	55	13520000	21528	NA
334	Pulse	55	13530000	31528	NA
334	Pulse	55	13540000	41528	NA
334	Pulse	55	13550000	51528	NA
334	Pulse	55	13560000	61528	NA
334	Pulse	55	13570000	71528	NA
334	Pulse	55	13580000	81528	NA
334	Pulse	55	13590000	91528	NA
334	Pulse	55	13600000	101528	NA
334	Pulse	55	13610000	111528	NA
334	Pulse	55	13620000	121528	NA
334	Pulse	55	13630000	131528	NA
334	Pulse	55	13640000	141528	NA
334	Pulse	55	13650000	151528	NA
334	Pulse	55	13660000	161528	NA
334	Pulse	55	13670000	171528	NA
334	Response	1	13675304	176832	1
334	Pulse	55	13680000	181528	NA
334	Pulse	55	13690000	191528	NA
335	Pulse	55	13700000	9965	NA
335	Pulse	55	13710000	19965	NA
335	Pulse	55	13720000	29965	NA
335	Pulse	55	13730000	39965	NA
335	Pulse	55	13740000	49965	NA
335	Pulse	55	13750000	59965	NA
335	Pulse	55	13760000	69965	NA
335	Pulse	55	13770000	79965	NA
335	Pulse	55	13780000	89965	NA
335	Pulse	55	13790000	99965	NA
335	Pulse	55	13800000	109965	NA
335	Pulse	55	13810000	119965	NA
335	Pulse	55	13820000	129965	NA
335	Pulse	55	13830000	139965	NA
335	Pulse	55	13840000	149965	NA
335	Pulse	55	13850000	159965	NA
335	Pulse	55	13860000	169965	NA
335	Pulse	55	13870000	179965	NA
335	Pulse	55	13880000	189965	NA
335	Pulse	55	13890000	199965	NA
335	Pulse	55	13900000	209965	NA
335	Pulse	55	13910000	219965	NA
335	Pulse	55	13920000	229965	NA
335	Pulse	55	13930000	239965	NA
335	Pulse	55	13940000	249965	NA
335	Pulse	55	13950000	259965	NA
335	Pulse	55	13960000	269965	NA
335	Pulse	55	13970000	279965	NA
335	Pulse	55	13980000	289965	NA
335	Pulse	55	13990000	299965	NA
335	Pulse	55	14000000	309965	NA
335	Pulse	55	14010000	319965	NA
335	Pulse	55	14020000	329965	NA
335	Pulse	55	14030000	339965	NA
335	Pulse	55	14040000	349965	NA
335	Pulse	55	14050000	359965	NA
335	Pulse	55	14060000	369965	NA
335	Pulse	55	14070000	379965	NA
335	Pulse	55	14080000	389965	NA
335	Pulse	55	14090000	399965	NA
335	Pulse	55	14100000	409965	NA
335	Pulse	55	14110000	419965	NA
335	Pulse	55	14120000	429965	NA
335	Pulse	55	14130000	439965	NA
335	Pulse	55	14140000	449965	NA
335	Pulse	55	14150000	459965	NA
335	Pulse	55	14160000	469965	NA
335	Pulse	55	14170000	479965	NA
335	Pulse	55	14180000	489965	NA
335	Pulse	55	14190000	499965	NA
335	Pulse	55	14200000	509965	NA
335	Pulse	55	14210000	519965	NA
335	Pulse	55	14220000	529965	NA
335	Pulse	55	14230000	539965	NA
335	Pulse	55	14240000	549965	NA
335	Pulse	55	14250000	559965	NA
335	Pulse	55	14260000	569965	NA
335	Pulse	55	14270000	579965	NA
335	Pulse	55	14280000	589965	NA
335	Pulse	55	14290000	599965	NA
335	Pulse	55	14300000	609965	NA
335	Pulse	55	14310000	619965	NA
335	Pulse	55	14320000	629965	NA
335	Pulse	55	14330000	639965	NA
335	Pulse	55	14340000	649965	NA
335	Pulse	55	14350000	659965	NA
335	Pulse	55	14360000	669965	NA
335	Pulse	55	14370000	679965	NA
335	Pulse	55	14380000	689965	NA
335	Pulse	55	14390000	699965	NA
335	Pulse	55	14400000	709965	NA
335	Pulse	55	14410000	719965	NA
335	Pulse	55	14420000	729965	NA
335	Pulse	55	14430000	739965	NA
335	Pulse	55	14440000	749965	NA
335	Pulse	55	14450000	759965	NA
335	Pulse	55	14460000	769965	NA
335	Pulse	55	14470000	779965	NA
335	Pulse	55	14480000	789965	NA
335	Pulse	55	14490000	799965	NA
335	Pulse	55	14500000	809965	NA
335	Pulse	55	14510000	819965	NA
335	Pulse	55	14520000	829965	NA
335	Pulse	55	14530000	839965	NA
335	Pulse	55	14540000	849965	NA
335	Pulse	55	14550000	859965	NA
335	Pulse	55	14560000	869965	NA
335	Pulse	55	14570000	879965	NA
335	Pulse	55	14580000	889965	NA
335	Pulse	55	14590000	899965	NA
335	Pulse	55	14600000	909965	NA
335	Pulse	55	14610000	919965	NA
335	Pulse	55	14620000	929965	NA
335	Pulse	55	14630000	939965	NA
335	Pulse	55	14640000	949965	NA
335	Pulse	55	14650000	959965	NA
335	Pulse	55	14660000	969965	NA
335	Pulse	55	14670000	979965	NA
335	Pulse	55	14680000	989965	NA
335	Pulse	55	14690000	999965	NA
335	Pulse	55	14700000	1009965	NA
335	Pulse	55	14710000	1019965	NA
335	Pulse	55	14720000	1029965	NA
335	Pulse	55	14730000	1039965	NA
335	Pulse	55	14740000	1049965	NA
335	Pulse	55	14750000	1059965	NA
335	Pulse	55	14760000	1069965	NA
335	Pulse	55	14770000	1079965	NA
335	Pulse	55	14780000	1089965	NA
335	Pulse	55	14790000	1099965	NA
335	Pulse	55	14800000	1109965	NA
335	Pulse	55	14810000	1119965	NA
335	Pulse	55	14820000	1129965	NA
335	Pulse	55	14830000	1139965	NA
335	Pulse	55	14840000	1149965	NA
335	Pulse	55	14850000	1159965	NA
335	Pulse	55	14860000	1169965	NA
335	Pulse	55	14870000	1179965	NA
335	Pulse	55	14880000	1189965	NA
335	Pulse	55	14890000	1199965	NA
335	Pulse	55	14900000	1209965	NA
335	Pulse	55	14910000	1219965	NA
335	Pulse	55	14920000	1229965	NA
335	Pulse	55	14930000	1239965	NA
335	Pulse	55	14940000	1249965	NA
335	Pulse	55	14950000	1259965	NA
335	Pulse	55	14960000	1269965	NA
335	Pulse	55	14970000	1279965	NA
335	Pulse	55	14980000	1289965	NA
335	Pulse	55	14990000	1299965	NA
335	Pulse	55	15000000	1309965	NA
335	Pulse	55	15010000	1319965	NA
335	Pulse	55	15020000	1329965	NA
335	Pulse	55	15030000	1339965	NA
335	Pulse	55	15040000	1349965	NA
335	Pulse	55	15050000	1359965	NA
335	Pulse	55	15060000	1369965	NA
335	Pulse	55	15070000	1379965	NA
335	Pulse	55	15080000	1389965	NA
335	Pulse	55	15090000	1399965	NA
335	Pulse	55	15100000	1409965	NA
335	Pulse	55	15110000	1419965	NA
335	Pulse	55	15120000	1429965	NA
335	Pulse	55	15130000	1439965	NA
335	Pulse	55	15140000	1449965	NA
335	Pulse	55	15150000	1459965	NA
335	Pulse	55	15160000	1469965	NA
335	Pulse	55	15170000	1479965	NA
335	Pulse	55	15180000	1489965	NA
335	Pulse	55	15190000	1499965	NA
335	Pulse	55	15200000	1509965	NA
335	Pulse	55	15210000	1519965	NA
335	Pulse	55	15220000	1529965	NA
335	Pulse	55	15230000	1539965	NA
335	Pulse	55	15240000	1549965	NA
335	Pulse	55	15250000	1559965	NA
335	Pulse	55	15260000	1569965	NA
335	Pulse	55	15270000	1579965	NA
335	Pulse	55	15280000	1589965	NA
335	Pulse	55	15290000	1599965	NA
335	Pulse	55	15300000	1609965	NA
335	Pulse	55	15310000	1619965	NA
335	Pulse	55	15320000	1629965	NA
335	Pulse	55	15330000	1639965	NA
335	Pulse	55	15340000	1649965	NA
335	Pulse	55	15350000	1659965	NA
335	Pulse	55	15360000	1669965	NA
335	Pulse	55	15370000	1679965	NA
335	Pulse	55	15380000	1689965	NA
335	Pulse	55	15390000	1699965	NA
335	Pulse	55	15400000	1709965	NA
335	Pulse	55	15410000	1719965	NA
335	Pulse	55	15420000	1729965	NA
335	Pulse	55	15430000	1739965	NA
335	Pulse	55	15440000	1749965	NA
335	Pulse	55	15450000	1759965	NA
335	Pulse	55	15460000	1769965	NA
335	Pulse	55	15470000	1779965	NA
335	Pulse	55	15480000	1789965	NA
335	Pulse	55	15490000	1799965	NA
335	Pulse	55	15500000	1809965	NA
335	Pulse	55	15510000	1819965	NA
335	Pulse	55	15520000	1829965	NA
335	Pulse	55	15530000	1839965	NA
335	Pulse	55	15540000	1849965	NA
335	Pulse	55	15550000	1859965	NA
335	Pulse	55	15560000	1869965	NA
335	Pulse	55	15570000	1879965	NA
335	Pulse	55	15580000	1889965	NA
335	Pulse	55	15590000	1899965	NA
335	Pulse	55	15600000	1909965	NA
335	Pulse	55	15610000	1919965	NA
335	Pulse	55	15620000	1929965	NA
335	Pulse	55	15630000	1939965	NA
335	Pulse	55	15640000	1949965	NA
335	Pulse	55	15650000	1959965	NA
335	Pulse	55	15660000	1969965	NA
335	Pulse	55	15670000	1979965	NA
335	Pulse	55	15680000	1989965	NA
335	Pulse	55	15690000	1999965	NA
335	Pulse	55	15700000	2009965	NA
335	Pulse	55	15710000	2019965	NA
335	Pulse	55	15720000	2029965	NA
335	Pulse	55	15730000	2039965	NA
335	Pulse	55	15740000	2049965	NA
335	Pulse	55	15750000	2059965	NA
335	Pulse	55	15760000	2069965	NA
335	Pulse	55	15770000	2079965	NA
335	Pulse	55	15780000	2089965	NA
335	Pulse	55	15790000	2099965	NA
335	Pulse	55	15800000	2109965	NA
335	Pulse	55	15810000	2119965	NA
335	Pulse	55	15820000	2129965	NA
335	Pulse	55	15830000	2139965	NA
335	Pulse	55	15840000	2149965	NA
335	Pulse	55	15850000	2159965	NA
335	Pulse	55	15860000	2169965	NA
335	Pulse	55	15870000	2179965	NA
335	Pulse	55	15880000	2189965	NA
335	Pulse	55	15890000	2199965	NA
335	Pulse	55	15900000	2209965	NA
335	Pulse	55	15910000	2219965	NA
335	Pulse	55	15920000	2229965	NA
335	Pulse	55	15930000	2239965	NA
335	Pulse	55	15940000	2249965	NA
335	Pulse	55	15950000	2259965	NA
335	Pulse	55	15960000	2269965	NA
335	Pulse	55	15970000	2279965	NA
335	Pulse	55	15980000	2289965	NA
335	Pulse	55	15990000	2299965	NA
335	Pulse	55	16000000	2309965	NA
335	Pulse	55	16010000	2319965	NA
335	Pulse	55	16020000	2329965	NA
335	Pulse	55	16030000	2339965	NA
335	Pulse	55	16040000	2349965	NA
335	Pulse	55	16050000	2359965	NA
335	Pulse	55	16060000	2369965	NA
335	Pulse	55	16070000	2379965	NA
335	Pulse	55	16080000	2389965	NA
335	Pulse	55	16090000	2399965	NA
335	Pulse	55	16100000	2409965	NA
335	Pulse	55	16110000	2419965	NA
335	Pulse	55	16120000	2429965	NA
335	Pulse	55	16130000	2439965	NA
335	Pulse	55	16140000	2449965	NA
335	Pulse	55	16150000	2459965	NA
335	Pulse	55	16160000	2469965	NA
335	Pulse	55	16170000	2479965	NA
335	Pulse	55	16180000	2489965	NA
335	Pulse	55	16190000	2499965	NA
335	Pulse	55	16200000	2509965	NA
335	Pulse	55	16210000	2519965	NA
335	Pulse	55	16220000	2529965	NA
335	Pulse	55	16230000	2539965	NA
335	Pulse	55	16240000	2549965	NA
335	Pulse	55	16250000	2559965	NA
335	Pulse	55	16260000	2569965	NA
335	Pulse	55	16270000	2579965	NA
335	Pulse	55	16280000	2589965	NA
335	Pulse	55	16290000	2599965	NA
335	Pulse	55	16300000	2609965	NA
335	Pulse	55	16310000	2619965	NA
335	Pulse	55	16320000	2629965	NA
335	Pulse	55	16330000	2639965	NA
335	Pulse	55	16340000	2649965	NA
335	Pulse	55	16350000	2659965	NA
335	Pulse	55	16360000	2669965	NA
335	Pulse	55	16370000	2679965	NA
335	Pulse	55	16380000	2689965	NA
335	Pulse	55	16390000	2699965	NA
335	Pulse	55	16400000	2709965	NA
335	Pulse	55	16410000	2719965	NA
335	Pulse	55	16420000	2729965	NA
335	Pulse	55	16430000	2739965	NA
335	Pulse	55	16440000	2749965	NA
335	Pulse	55	16450000	2759965	NA
335	Pulse	55	16460000	2769965	NA
335	Pulse	55	16470000	2779965	NA
335	Pulse	55	16480000	2789965	NA
335	Pulse	55	16490000	2799965	NA
335	Pulse	55	16500000	2809965	NA
335	Pulse	55	16510000	2819965	NA
335	Pulse	55	16520000	2829965	NA
335	Pulse	55	16530000	2839965	NA
335	Pulse	55	16540000	2849965	NA
335	Pulse	55	16550000	2859965	NA
335	Pulse	55	16560000	2869965	NA
335	Pulse	55	16570000	2879965	NA
335	Pulse	55	16580000	2889965	NA
335	Pulse	55	16590000	2899965	NA
335	Pulse	55	16600000	2909965	NA
335	Pulse	55	16610000	2919965	NA
335	Pulse	55	16620000	2929965	NA
335	Pulse	55	16630000	2939965	NA
335	Pulse	55	16640000	2949965	NA
335	Pulse	55	16650000	2959965	NA
335	Pulse	55	16660000	2969965	NA
335	Pulse	55	16670000	2979965	NA
335	Pulse	55	16680000	2989965	NA
335	Pulse	55	16690000	2999965	NA
335	Pulse	55	16700000	3009965	NA
335	Pulse	55	16710000	3019965	NA
335	Pulse	55	16720000	3029965	NA
335	Pulse	55	16730000	3039965	NA
335	Pulse	55	16740000	3049965	NA
335	Pulse	55	16750000	3059965	NA
335	Pulse	55	16760000	3069965	NA
335	Pulse	55	16770000	3079965	NA
335	Pulse	55	16780000	3089965	NA
335	Pulse	55	16790000	3099965	NA
335	Pulse	55	16800000	3109965	NA
335	Pulse	55	16810000	3119965	NA
335	Pulse	55	16820000	3129965	NA
335	Pulse	55	16830000	3139965	NA
335	Pulse	55	16840000	3149965	NA
335	Pulse	55	16850000	3159965	NA
335	Pulse	55	16860000	3169965	NA
335	Pulse	55	16870000	3179965	NA
335	Pulse	55	16880000	3189965	NA
335	Pulse	55	16890000	3199965	NA
335	Pulse	55	16900000	3209965	NA
335	Pulse	55	16910000	3219965	NA
335	Pulse	55	16920000	3229965	NA
335	Pulse	55	16930000	3239965	NA
335	Pulse	55	16940000	3249965	NA
335	Pulse	55	16950000	3259965	NA
335	Pulse	55	16960000	3269965	NA
335	Pulse	55	16970000	3279965	NA
335	Pulse	55	16980000	3289965	NA
335	Pulse	55	16990000	3299965	NA
335	Pulse	55	17000000	3309965	NA
335	Pulse	55	17010000	3319965	NA
335	Pulse	55	17020000	3329965	NA
335	Pulse	55	17030000	3339965	NA
335	Pulse	55	17040000	3349965	NA
335	Pulse	55	17050000	3359965	NA
335	Pulse	55	17060000	3369965	NA
335	Pulse	55	17070000	3379965	NA
335	Pulse	55	17080000	3389965	NA
335	Pulse	55	17090000	3399965	NA
335	Pulse	55	17100000	3409965	NA
335	Pulse	55	17110000	3419965	NA
335	Pulse	55	17120000	3429965	NA
335	Pulse	55	17130000	3439965	NA
335	Pulse	55	17140000	3449965	NA
335	Pulse	55	17150000	3459965	NA
335	Pulse	55	17160000	3469965	NA
335	Pulse	55	17170000	3479965	NA
335	Pulse	55	17180000	3489965	NA
335	Pulse	55	17190000	3499965	NA
335	Pulse	55	17200000	3509965	NA
335	Pulse	55	17210000	3519965	NA
335	Pulse	55	17220000	3529965	NA
335	Pulse	55	17230000	3539965	NA
335	Pulse	55	17240000	3549965	NA
335	Pulse	55	17250000	3559965	NA
335	Pulse	55	17260000	3569965	NA
335	Pulse	55	17270000	3579965	NA
335	Pulse	55	17280000	3589965	NA
335	Pulse	55	17290000	3599965	NA
335	Pulse	55	17300000	3609965	NA
335	Pulse	55	17310000	3619965	NA
335	Pulse	55	17320000	3629965	NA
335	Pulse	55	17330000	3639965	NA
335	Pulse	55	17340000	3649965	NA
335	Pulse	55	17350000	3659965	NA
335	Pulse	55	17360000	3669965	NA
335	Pulse	55	17370000	3679965	NA
335	Pulse	55	17380000	3689965	NA
335	Pulse	55	17390000	3699965	NA
335	Pulse	55	17400000	3709965	NA
335	Pulse	55	17410000	3719965	NA
335	Pulse	55	17420000	3729965	NA
335	Pulse	55	17430000	3739965	NA
335	Pulse	55	17440000	3749965	NA
335	Pulse	55	17450000	3759965	NA
335	Pulse	55	17460000	3769965	NA
335	Pulse	55	17470000	3779965	NA
335	Pulse	55	17480000	3789965	NA
335	Pulse	55	17490000	3799965	NA
335	Pulse	55	17500000	3809965	NA
335	Pulse	55	17510000	3819965	NA
335	Pulse	55	17520000	3829965	NA
335	Pulse	55	17530000	3839965	NA
335	Pulse	55	17540000	3849965	NA
335	Pulse	55	17550000	3859965	NA
335	Pulse	55	17560000	3869965	NA
335	Pulse	55	17570000	3879965	NA
335	Pulse	55	17580000	3889965	NA
335	Pulse	55	17590000	3899965	NA
335	Pulse	55	17600000	3909965	NA
335	Pulse	55	17610000	3919965	NA
335	Pulse	55	17620000	3929965	NA
335	Pulse	55	17630000	3939965	NA
335	Pulse	55	17640000	3949965	NA
335	Pulse	55	17650000	3959965	NA
335	Pulse	55	17660000	3969965	NA
335	Pulse	55	17670000	3979965	NA
335	Pulse	55	17680000	3989965	NA
335	Pulse	55	17690000	3999965	NA
335	Pulse	55	17700000	4009965	NA
335	Pulse	55	17710000	4019965	NA
335	Pulse	55	17720000	4029965	NA
335	Pulse	55	17730000	4039965	NA
335	Pulse	55	17740000	4049965	NA
335	Pulse	55	17750000	4059965	NA
335	Pulse	55	17760000	4069965	NA
335	Pulse	55	17770000	4079965	NA
335	Pulse	55	17780000	4089965	NA
335	Pulse	55	17790000	4099965	NA
335	Pulse	55	17800000	4109965	NA
335	Pulse	55	17810000	4119965	NA
335	Pulse	55	17820000	4129965	NA
335	Pulse	55	17830000	4139965	NA
335	Pulse	55	17840000	4149965	NA
335	Pulse	55	17850000	4159965	NA
335	Pulse	55	17860000	4169965	NA
335	Pulse	55	17870000	4179965	NA
335	Pulse	55	17880000	4189965	NA
335	Pulse	55	17890000	4199965	NA
335	Pulse	55	17900000	4209965	NA
335	Pulse	55	17910000	4219965	NA
335	Pulse	55	17920000	4229965	NA
335	Pulse	55	17930000	4239965	NA
335	Pulse	55	17940000	4249965	NA
335	Pulse	55	17950000	4259965	NA
335	Pulse	55	17960000	4269965	NA
335	Pulse	55	17970000	4279965	NA
335	Pulse	55	17980000	4289965	NA
335	Pulse	55	17990000	4299965	NA
335	Pulse	55	18000000	4309965	NA
335	Pulse	55	18010000	4319965	NA
335	Pulse	55	18020000	4329965	NA
335	Pulse	55	18030000	4339965	NA
335	Pulse	55	18040000	4349965	NA
335	Pulse	55	18050000	4359965	NA
335	Pulse	55	18060000	4369965	NA
335	Pulse	55	18070000	4379965	NA
335	Pulse	55	18080000	4389965	NA
335	Pulse	55	18090000	4399965	NA
335	Pulse	55	18100000	4409965	NA
335	Pulse	55	18110000	4419965	NA
335	Pulse	55	18120000	4429965	NA
335	Pulse	55	18130000	4439965	NA
335	Pulse	55	18140000	4449965	NA
335	Pulse	55	18150000	4459965	NA
335	Pulse	55	18160000	4469965	NA
335	Pulse	55	18170000	4479965	NA
335	Pulse	55	18180000	4489965	NA
335	Pulse	55	18190000	4499965	NA
335	Pulse	55	18200000	4509965	NA
335	Pulse	55	18210000	4519965	NA
335	Pulse	55	18220000	4529965	NA
335	Pulse	55	18230000	4539965	NA
335	Pulse	55	18240000	4549965	NA
335	Pulse	55	18250000	4559965	NA
335	Pulse	55	18260000	4569965	NA
335	Pulse	55	18270000	4579965	NA
335	Pulse	55	18280000	4589965	NA
335	Pulse	55	18290000	4599965	NA
335	Pulse	55	18300000	4609965	NA
335	Pulse	55	18310000	4619965	NA
335	Pulse	55	18320000	4629965	NA
335	Pulse	55	18330000	4639965	NA
335	Pulse	55	18340000	4649965	NA
335	Pulse	55	18350000	4659965	NA
335	Pulse	55	18360000	4669965	NA
335	Pulse	55	18370000	4679965	NA
335	Pulse	55	18380000	4689965	NA
335	Pulse	55	18390000	4699965	NA
335	Pulse	55	18400000	4709965	NA
335	Pulse	55	18410000	4719965	NA
335	Pulse	55	18420000	4729965	NA
335	Pulse	55	18430000	4739965	NA
335	Pulse	55	18440000	4749965	NA
335	Pulse	55	18450000	4759965	NA
335	Pulse	55	18460000	4769965	NA
335	Pulse	55	18470000	4779965	NA
335	Pulse	55	18480000	4789965	NA
335	Pulse	55	18490000	4799965	NA
335	Pulse	55	18500000	4809965	NA
335	Pulse	55	18510000	4819965	NA
335	Pulse	55	18520000	4829965	NA
335	Pulse	55	18530000	4839965	NA
335	Pulse	55	18540000	4849965	NA
335	Pulse	55	18550000	4859965	NA
335	Pulse	55	18560000	4869965	NA
335	Pulse	55	18570000	4879965	NA
335	Pulse	55	18580000	4889965	NA
335	Pulse	55	18590000	4899965	NA
335	Pulse	55	18600000	4909965	NA
335	Pulse	55	18610000	4919965	NA
335	Response	1	18615231	4925196	1
336	Pulse	55	18620000	4667	NA
336	Pulse	55	18630000	14667	NA
336	Pulse	55	18640000	24667	NA
336	Pulse	55	18650000	34667	NA
336	Pulse	55	18660000	44667	NA
336	Pulse	55	18670000	54667	NA
336	Pulse	55	18680000	64667	NA
336	Pulse	55	18690000	74667	NA
336	Pulse	55	18700000	84667	NA
336	Pulse	55	18710000	94667	NA
336	Pulse	55	18720000	104667	NA
336	Pulse	55	18730000	114667	NA
336	Pulse	55	18740000	124667	NA
336	Pulse	55	18750000	134667	NA
336	Pulse	55	18760000	144667	NA
336	Pulse	55	18770000	154667	NA
336	Pulse	55	18780000	164667	NA
336	Pulse	55	18790000	174667	NA
336	Pulse	55	18800000	184667	NA
336	Pulse	55	18810000	194667	NA
336	Pulse	55	18820000	204667	NA
336	Pulse	55	18830000	214667	NA
336	Pulse	55	18840000	224667	NA
336	Pulse	55	18850000	234667	NA
336	Pulse	55	18860000	244667	NA
336	Pulse	55	18870000	254667	NA
336	Pulse	55	18880000	264667	NA
336	Pulse	55	18890000	274667	NA
336	Pulse	55	18900000	284667	NA
336	Pulse	55	18910000	294667	NA
336	Pulse	55	18920000	304667	NA
336	Pulse	55	18930000	314667	NA
336	Pulse	55	18940000	324667	NA
336	Pulse	55	18950000	334667	NA
336	Pulse	55	18960000	344667	NA
336	Pulse	55	18970000	354667	NA
336	Pulse	55	18980000	364667	NA
336	Pulse	55	18990000	374667	NA
336	Pulse	55	19000000	384667	NA
336	Pulse	55	19010000	394667	NA
336	Pulse	55	19020000	404667	NA
336	Pulse	55	19030000	414667	NA
336	Pulse	55	19040000	424667	NA
336	Pulse	55	19050000	434667	NA
336	Pulse	55	19060000	444667	NA
336	Pulse	55	19070000	454667	NA
336	Pulse	55	19080000	464667	NA
336	Pulse	55	19090000	474667	NA
336	Pulse	55	19100000	484667	NA
336	Pulse	55	19110000	494667	NA
336	Pulse	55	19120000	504667	NA
336	Pulse	55	19130000	514667	NA
336	Pulse	55	19140000	524667	NA
336	Pulse	55	19150000	534667	NA
336	Pulse	55	19160000	544667	NA
336	Pulse	55	19170000	554667	NA
336	Pulse	55	19180000	564667	NA
336	Pulse	55	19190000	574667	NA
336	Pulse	55	19200000	584667	NA
336	Pulse	55	19210000	594667	NA
336	Pulse	55	19220000	604667	NA
336	Pulse	55	19230000	614667	NA
336	Pulse	55	19240000	624667	NA
336	Pulse	55	19250000	634667	NA
336	Pulse	55	19260000	644667	NA
336	Pulse	55	19270000	654667	NA
336	Pulse	55	19280000	664667	NA
336	Pulse	55	19290000	674667	NA
336	Pulse	55	19300000	684667	NA
336	Pulse	55	19310000	694667	NA
336	Pulse	55	19320000	704667	NA
336	Pulse	55	19330000	714667	NA
336	Pulse	55	19340000	724667	NA
336	Pulse	55	19350000	734667	NA
336	Pulse	55	19360000	744667	NA
336	Pulse	55	19370000	754667	NA
336	Pulse	55	19380000	764667	NA
336	Pulse	55	19390000	774667	NA
336	Pulse	55	19400000	784667	NA
336	Pulse	55	19410000	794667	NA
336	Pulse	55	19420000	804667	NA
336	Pulse	55	19430000	814667	NA
336	Pulse	55	19440000	824667	NA
336	Pulse	55	19450000	834667	NA
336	Pulse	55	19460000	844667	NA
336	Pulse	55	19470000	854667	NA
336	Pulse	55	19480000	864667	NA
336	Pulse	55	19490000	874667	NA
336	Pulse	55	19500000	884667	NA
336	Pulse	55	19510000	894667	NA
336	Pulse	55	19520000	904667	NA
336	Pulse	55	19530000	914667	NA
336	Pulse	55	19540000	924667	NA
336	Pulse	55	19550000	934667	NA
336	Pulse	55	19560000	944667	NA
336	Pulse	55	19570000	954667	NA
336	Pulse	55	19580000	964667	NA
336	Pulse	55	19590000	974667	NA
336	Pulse	55	19600000	984667	NA
336	Pulse	55	19610000	994667	NA
336	Pulse	55	19620000	1004667	NA
336	Pulse	55	19630000	1014667	NA
336	Pulse	55	19640000	1024667	NA
336	Pulse	55	19650000	1034667	NA
336	Pulse	55	19660000	1044667	NA
336	Pulse	55	19670000	1054667	NA
336	Pulse	55	19680000	1064667	NA
336	Pulse	55	19690000	1074667	NA
336	Pulse	55	19700000	1084667	NA
336	Pulse	55	19710000	1094667	NA
336	Pulse	55	19720000	1104667	NA
336	Pulse	55	19730000	1114667	NA
336	Pulse	55	19740000	1124667	NA
336	Pulse	55	19750000	1134667	NA
336	Pulse	55	19760000	1144667	NA
336	Pulse	55	19770000	1154667	NA
336	Pulse	55	19780000	1164667	NA
336	Pulse	55	19790000	1174667	NA
336	Pulse	55	19800000	1184667	NA
336	Pulse	55	19810000	1194667	NA
336	Pulse	55	19820000	1204667	NA
336	Pulse	55	19830000	1214667	NA
336	Pulse	55	19840000	1224667	NA
336	Pulse	55	19850000	1234667	NA
336	Pulse	55	19860000	1244667	NA
336	Pulse	55	19870000	1254667	NA
336	Pulse	55	19880000	1264667	NA
336	Pulse	55	19890000	1274667	NA
336	Pulse	55	19900000	1284667	NA
336	Pulse	55	19910000	1294667	NA
336	Pulse	55	19920000	1304667	NA
336	Pulse	55	19930000	1314667	NA
336	Pulse	55	19940000	1324667	NA
336	Pulse	55	19950000	1334667	NA
336	Pulse	55	19960000	1344667	NA
336	Pulse	55	19970000	1354667	NA
336	Pulse	55	19980000	1364667	NA
336	Pulse	55	19990000	1374667	NA
336	Pulse	55	20000000	1384667	NA
336	Pulse	55	20010000	1394667	NA
336	Pulse	55	20020000	1404667	NA
336	Pulse	55	20030000	1414667	NA
336	Pulse	55	20040000	1424667	NA
336	Pulse	55	20050000	1434667	NA
336	Pulse	55	20060000	1444667	NA
336	Pulse	55	20070000	1454667	NA
336	Pulse	55	20080000	1464667	NA
336	Pulse	55	20090000	1474667	NA
336	Pulse	55	20100000	1484667	NA
336	Pulse	55	20110000	1494667	NA
336	Pulse	55	20120000	1504667	NA
336	Pulse	55	20130000	1514667	NA
336	Pulse	55	20140000	1524667	NA
336	Pulse	55	20150000	1534667	NA
336	Pulse	55	20160000	1544667	NA
336	Pulse	55	20170000	1554667	NA
336	Pulse	55	20180000	1564667	NA
336	Pulse	55	20190000	1574667	NA
336	Pulse	55	20200000	1584667	NA
336	Pulse	55	20210000	1594667	NA
336	Pulse	55	20220000	1604667	NA
336	Pulse	55	20230000	1614667	NA
336	Pulse	55	20240000	1624667	NA
336	Pulse	55	20250000	1634667	NA
336	Pulse	55	20260000	1644667	NA
336	Pulse	55	20270000	1654667	NA
336	Pulse	55	20280000	1664667	NA
336	Pulse	55	20290000	1674667	NA
336	Pulse	55	20300000	1684667	NA
336	Pulse	55	20310000	1694667	NA
336	Pulse	55	20320000	1704667	NA
336	Pulse	55	20330000	1714667	NA
336	Pulse	55	20340000	1724667	NA
336	Pulse	55	20350000	1734667	NA
336	Pulse	55	20360000	1744667	NA
336	Pulse	55	20370000	1754667	NA
336	Pulse	55	20380000	1764667	NA
336	Pulse	55	20390000	1774667	NA
336	Response	1	20397471	1782138	1
