Scenario - Slideshow_D2.sce
Logfile written - 09/10/2021 09:41:01

Trial	Event Type	Code	Time	TTime	Uncertainty	Duration	Uncertainty	ReqTime	ReqDur	Stim Type	Pair Index

0	Pulse	55	0	0	NA
1	Pulse	55	10000	9333	NA
1	Pulse	55	20000	19333	NA
1	Pulse	55	30000	29333	NA
1	Pulse	55	40000	39333	NA
2	Pulse	55	50000	8653	NA
2	Pulse	55	60000	18653	NA
2	Pulse	55	70000	28653	NA
2	Pulse	55	80000	38653	NA
3	Pulse	55	90000	7973	NA
3	Pulse	55	100000	17973	NA
3	Pulse	55	110000	27973	NA
3	Pulse	55	120000	37973	NA
4	Pulse	55	130000	7376	NA
4	Pulse	55	140000	17376	NA
4	Pulse	55	150000	27376	NA
4	Pulse	55	160000	37376	NA
5	Pulse	55	170000	6780	NA
5	Pulse	55	180000	16780	NA
5	Pulse	55	190000	26780	NA
5	Pulse	55	200000	36780	NA
6	Pulse	55	210000	6099	NA
6	Pulse	55	220000	16099	NA
6	Pulse	55	230000	26099	NA
6	Pulse	55	240000	36099	NA
7	Pulse	55	250000	5419	NA
7	Pulse	55	260000	15419	NA
7	Pulse	55	270000	25419	NA
7	Pulse	55	280000	35419	NA
8	Pulse	55	290000	4739	NA
8	Pulse	55	300000	14739	NA
8	Pulse	55	310000	24739	NA
8	Pulse	55	320000	34739	NA
9	Pulse	55	330000	4059	NA
9	Pulse	55	340000	14059	NA
9	Pulse	55	350000	24059	NA
9	Pulse	55	360000	34059	NA
10	Pulse	55	370000	3545	NA
10	Pulse	55	380000	13545	NA
10	Pulse	55	390000	23545	NA
10	Pulse	55	400000	33545	NA
11	Pulse	55	410000	2949	NA
11	Pulse	55	420000	12949	NA
11	Pulse	55	430000	22949	NA
11	Pulse	55	440000	32949	NA
12	Pulse	55	450000	2352	NA
12	Pulse	55	460000	12352	NA
12	Pulse	55	470000	22352	NA
12	Pulse	55	480000	32352	NA
13	Pulse	55	490000	1755	NA
13	Pulse	55	500000	11755	NA
13	Pulse	55	510000	21755	NA
13	Pulse	55	520000	31755	NA
14	Pulse	55	530000	1158	NA
14	Pulse	55	540000	11158	NA
14	Pulse	55	550000	21158	NA
14	Pulse	55	560000	31158	NA
15	Pulse	55	570000	561	NA
15	Pulse	55	580000	10561	NA
15	Pulse	55	590000	20561	NA
15	Pulse	55	600000	30561	NA
15	Pulse	55	610000	40561	NA
16	Pulse	55	620000	9965	NA
16	Pulse	55	630000	19965	NA
16	Pulse	55	640000	29965	NA
16	Pulse	55	650000	39965	NA
17	Pulse	55	660000	9368	NA
17	Pulse	55	670000	19368	NA
17	Pulse	55	680000	29368	NA
17	Pulse	55	690000	39368	NA
18	Pulse	55	700000	8771	NA
18	Pulse	55	710000	18771	NA
18	Pulse	55	720000	28771	NA
18	Pulse	55	730000	38771	NA
19	Pulse	55	740000	8174	NA
19	Pulse	55	750000	18174	NA
19	Pulse	55	760000	28174	NA
19	Pulse	55	770000	38174	NA
20	Pulse	55	780000	7494	NA
20	Pulse	55	790000	17494	NA
20	Pulse	55	800000	27494	NA
20	Pulse	55	810000	37494	NA
21	Pulse	55	820000	6814	NA
21	Pulse	55	830000	16814	NA
21	Pulse	55	840000	26814	NA
21	Pulse	55	850000	36814	NA
22	Pulse	55	860000	6217	NA
22	Pulse	55	870000	16217	NA
22	Pulse	55	880000	26217	NA
22	Pulse	55	890000	36217	NA
23	Pulse	55	900000	5620	NA
23	Pulse	55	910000	15620	NA
23	Pulse	55	920000	25620	NA
23	Pulse	55	930000	35620	NA
24	Pulse	55	940000	5023	NA
24	Pulse	55	950000	15023	NA
24	Pulse	55	960000	25023	NA
24	Pulse	55	970000	35023	NA
25	Pulse	55	980000	4427	NA
25	Pulse	55	990000	14427	NA
25	Pulse	55	1000000	24427	NA
25	Pulse	55	1010000	34427	NA
26	Pulse	55	1020000	3746	NA
26	Pulse	55	1030000	13746	NA
26	Pulse	55	1040000	23746	NA
26	Pulse	55	1050000	33746	NA
27	Pulse	55	1060000	3150	NA
27	Pulse	55	1070000	13150	NA
27	Pulse	55	1080000	23150	NA
27	Pulse	55	1090000	33150	NA
28	Pulse	55	1100000	2553	NA
28	Pulse	55	1110000	12553	NA
28	Pulse	55	1120000	22553	NA
28	Pulse	55	1130000	32553	NA
29	Pulse	55	1140000	1873	NA
29	Pulse	55	1150000	11873	NA
29	Pulse	55	1160000	21873	NA
29	Pulse	55	1170000	31873	NA
30	Pulse	55	1180000	1192	NA
30	Pulse	55	1190000	11192	NA
30	Pulse	55	1200000	21192	NA
30	Pulse	55	1210000	31192	NA
31	Pulse	55	1220000	512	NA
31	Pulse	55	1230000	10512	NA
31	Pulse	55	1240000	20512	NA
31	Pulse	55	1250000	30512	NA
31	Pulse	55	1260000	40512	NA
32	Pulse	55	1270000	9832	NA
32	Pulse	55	1280000	19832	NA
32	Pulse	55	1290000	29832	NA
32	Pulse	55	1300000	39832	NA
33	Pulse	55	1310000	9152	NA
33	Pulse	55	1320000	19152	NA
33	Pulse	55	1330000	29152	NA
33	Pulse	55	1340000	39152	NA
34	Pulse	55	1350000	8472	NA
34	Pulse	55	1360000	18472	NA
34	Pulse	55	1370000	28472	NA
34	Pulse	55	1380000	38472	NA
35	Pulse	55	1390000	7792	NA
35	Pulse	55	1400000	17792	NA
35	Pulse	55	1410000	27792	NA
35	Pulse	55	1420000	37792	NA
36	Pulse	55	1430000	7112	NA
36	Pulse	55	1440000	17112	NA
36	Pulse	55	1450000	27112	NA
36	Pulse	55	1460000	37112	NA
37	Pulse	55	1470000	6431	NA
37	Pulse	55	1480000	16431	NA
37	Pulse	55	1490000	26431	NA
37	Pulse	55	1500000	36431	NA
38	Pulse	55	1510000	5584	NA
38	Pulse	55	1520000	15584	NA
38	Pulse	55	1530000	25584	NA
38	Pulse	55	1540000	35584	NA
39	Pulse	55	1550000	4988	NA
39	Pulse	55	1560000	14988	NA
39	Pulse	55	1570000	24988	NA
39	Pulse	55	1580000	34988	NA
40	Pulse	55	1590000	4308	NA
40	Pulse	55	1600000	14308	NA
40	Pulse	55	1610000	24308	NA
40	Pulse	55	1620000	34308	NA
41	Pulse	55	1630000	3627	NA
41	Pulse	55	1640000	13627	NA
41	Pulse	55	1650000	23627	NA
41	Pulse	55	1660000	33627	NA
42	Pulse	55	1670000	2864	NA
42	Pulse	55	1680000	12864	NA
42	Pulse	55	1690000	22864	NA
42	Pulse	55	1700000	32864	NA
43	Pulse	55	1710000	2267	NA
43	Pulse	55	1720000	12267	NA
43	Pulse	55	1730000	22267	NA
43	Pulse	55	1740000	32267	NA
44	Pulse	55	1750000	1587	NA
44	Pulse	55	1760000	11587	NA
44	Pulse	55	1770000	21587	NA
44	Pulse	55	1780000	31587	NA
45	Pulse	55	1790000	907	NA
45	Pulse	55	1800000	10907	NA
45	Pulse	55	1810000	20907	NA
45	Pulse	55	1820000	30907	NA
46	Pulse	55	1830000	143	NA
46	Pulse	55	1840000	10143	NA
46	Pulse	55	1850000	20143	NA
46	Pulse	55	1860000	30143	NA
46	Pulse	55	1870000	40143	NA
47	Pulse	55	1880000	9546	NA
47	Pulse	55	1890000	19546	NA
47	Pulse	55	1900000	29546	NA
47	Pulse	55	1910000	39546	NA
48	Pulse	55	1920000	8866	NA
48	Pulse	55	1930000	18866	NA
48	Pulse	55	1940000	28866	NA
48	Pulse	55	1950000	38866	NA
49	Pulse	55	1960000	8103	NA
49	Pulse	55	1970000	18103	NA
49	Pulse	55	1980000	28103	NA
49	Pulse	55	1990000	38103	NA
50	Pulse	55	2000000	7506	NA
50	Pulse	55	2010000	17506	NA
50	Pulse	55	2020000	27506	NA
50	Pulse	55	2030000	37506	NA
51	Pulse	55	2040000	6826	NA
51	Pulse	55	2050000	16826	NA
51	Pulse	55	2060000	26826	NA
51	Pulse	55	2070000	36826	NA
52	Pulse	55	2080000	6146	NA
52	Pulse	55	2090000	16146	NA
52	Pulse	55	2100000	26146	NA
52	Pulse	55	2110000	36146	NA
53	Pulse	55	2120000	5382	NA
53	Pulse	55	2130000	15382	NA
53	Pulse	55	2140000	25382	NA
53	Pulse	55	2150000	35382	NA
54	Pulse	55	2160000	4702	NA
54	Pulse	55	2170000	14702	NA
54	Pulse	55	2180000	24702	NA
54	Pulse	55	2190000	34702	NA
55	Pulse	55	2200000	4022	NA
55	Pulse	55	2210000	14022	NA
55	Pulse	55	2220000	24022	NA
55	Pulse	55	2230000	34022	NA
56	Pulse	55	2240000	3258	NA
56	Pulse	55	2250000	13258	NA
56	Pulse	55	2260000	23258	NA
56	Pulse	55	2270000	33258	NA
57	Pulse	55	2280000	2661	NA
57	Pulse	55	2290000	12661	NA
57	Pulse	55	2300000	22661	NA
57	Pulse	55	2310000	32661	NA
58	Pulse	55	2320000	1981	NA
58	Pulse	55	2330000	11981	NA
58	Pulse	55	2340000	21981	NA
58	Pulse	55	2350000	31981	NA
59	Pulse	55	2360000	1301	NA
59	Pulse	55	2370000	11301	NA
59	Pulse	55	2380000	21301	NA
59	Pulse	55	2390000	31301	NA
60	Pulse	55	2400000	621	NA
60	Pulse	55	2410000	10621	NA
60	Pulse	55	2420000	20621	NA
60	Pulse	55	2430000	30621	NA
60	Pulse	55	2440000	40621	NA
61	Pulse	55	2450000	9941	NA
61	Pulse	55	2460000	19941	NA
61	Pulse	55	2470000	29941	NA
61	Pulse	55	2480000	39941	NA
62	Pulse	55	2490000	9261	NA
62	Pulse	55	2500000	19261	NA
62	Pulse	55	2510000	29261	NA
62	Pulse	55	2520000	39261	NA
63	Pulse	55	2530000	8580	NA
63	Pulse	55	2540000	18580	NA
63	Pulse	55	2550000	28580	NA
63	Pulse	55	2560000	38580	NA
64	Pulse	55	2570000	7900	NA
64	Pulse	55	2580000	17900	NA
64	Pulse	55	2590000	27900	NA
64	Pulse	55	2600000	37900	NA
65	Pulse	55	2610000	7137	NA
65	Pulse	55	2620000	17137	NA
65	Pulse	55	2630000	27137	NA
65	Pulse	55	2640000	37137	NA
66	Pulse	55	2650000	6540	NA
66	Pulse	55	2660000	16540	NA
66	Pulse	55	2670000	26540	NA
66	Pulse	55	2680000	36540	NA
67	Pulse	55	2690000	5776	NA
67	Pulse	55	2700000	15776	NA
67	Pulse	55	2710000	25776	NA
67	Pulse	55	2720000	35776	NA
68	Pulse	55	2730000	5180	NA
68	Pulse	55	2740000	15180	NA
68	Pulse	55	2750000	25180	NA
68	Pulse	55	2760000	35180	NA
69	Pulse	55	2770000	4500	NA
69	Pulse	55	2780000	14500	NA
69	Pulse	55	2790000	24500	NA
69	Pulse	55	2800000	34500	NA
70	Pulse	55	2810000	3819	NA
70	Pulse	55	2820000	13819	NA
70	Pulse	55	2830000	23819	NA
70	Pulse	55	2840000	33819	NA
71	Pulse	55	2850000	3139	NA
71	Pulse	55	2860000	13139	NA
71	Pulse	55	2870000	23139	NA
71	Pulse	55	2880000	33139	NA
72	Pulse	55	2890000	2459	NA
72	Pulse	55	2900000	12459	NA
72	Pulse	55	2910000	22459	NA
72	Pulse	55	2920000	32459	NA
73	Pulse	55	2930000	1696	NA
73	Pulse	55	2940000	11696	NA
73	Pulse	55	2950000	21696	NA
73	Pulse	55	2960000	31696	NA
74	Pulse	55	2970000	1099	NA
74	Pulse	55	2980000	11099	NA
74	Pulse	55	2990000	21099	NA
74	Pulse	55	3000000	31099	NA
75	Pulse	55	3010000	419	NA
75	Pulse	55	3020000	10419	NA
75	Pulse	55	3030000	20419	NA
75	Pulse	55	3040000	30419	NA
75	Pulse	55	3050000	40419	NA
76	Pulse	55	3060000	9738	NA
76	Pulse	55	3070000	19738	NA
76	Pulse	55	3080000	29738	NA
76	Pulse	55	3090000	39738	NA
77	Pulse	55	3100000	9058	NA
77	Pulse	55	3110000	19058	NA
77	Pulse	55	3120000	29058	NA
77	Pulse	55	3130000	39058	NA
78	Pulse	55	3140000	8378	NA
78	Pulse	55	3150000	18378	NA
78	Pulse	55	3160000	28378	NA
78	Pulse	55	3170000	38378	NA
79	Pulse	55	3180000	7698	NA
79	Pulse	55	3190000	17698	NA
79	Pulse	55	3200000	27698	NA
79	Pulse	55	3210000	37698	NA
80	Pulse	55	3220000	7018	NA
80	Pulse	55	3230000	17018	NA
80	Pulse	55	3240000	27018	NA
80	Pulse	55	3250000	37018	NA
81	Pulse	55	3260000	6338	NA
81	Pulse	55	3270000	16338	NA
81	Pulse	55	3280000	26338	NA
81	Pulse	55	3290000	36338	NA
82	Pulse	55	3300000	5657	NA
82	Pulse	55	3310000	15657	NA
82	Pulse	55	3320000	25657	NA
82	Pulse	55	3330000	35657	NA
83	Pulse	55	3340000	4977	NA
83	Pulse	55	3350000	14977	NA
83	Pulse	55	3360000	24977	NA
83	Pulse	55	3370000	34977	NA
84	Pulse	55	3380000	4297	NA
84	Pulse	55	3390000	14297	NA
84	Pulse	55	3400000	24297	NA
84	Pulse	55	3410000	34297	NA
85	Pulse	55	3420000	3617	NA
85	Pulse	55	3430000	13617	NA
85	Pulse	55	3440000	23617	NA
85	Pulse	55	3450000	33617	NA
86	Pulse	55	3460000	2937	NA
86	Pulse	55	3470000	12937	NA
86	Pulse	55	3480000	22937	NA
86	Pulse	55	3490000	32937	NA
87	Pulse	55	3500000	2257	NA
87	Pulse	55	3510000	12257	NA
87	Pulse	55	3520000	22257	NA
87	Pulse	55	3530000	32257	NA
88	Pulse	55	3540000	1576	NA
88	Pulse	55	3550000	11576	NA
88	Pulse	55	3560000	21576	NA
88	Pulse	55	3570000	31576	NA
89	Pulse	55	3580000	896	NA
89	Pulse	55	3590000	10896	NA
89	Pulse	55	3600000	20896	NA
89	Pulse	55	3610000	30896	NA
90	Pulse	55	3620000	216	NA
90	Pulse	55	3630000	10216	NA
90	Pulse	55	3640000	20216	NA
90	Pulse	55	3650000	30216	NA
90	Pulse	55	3660000	40216	NA
91	Pulse	55	3670000	9536	NA
91	Pulse	55	3680000	19536	NA
91	Pulse	55	3690000	29536	NA
91	Pulse	55	3700000	39536	NA
92	Pulse	55	3710000	8856	NA
92	Pulse	55	3720000	18856	NA
92	Pulse	55	3730000	28856	NA
92	Pulse	55	3740000	38856	NA
93	Pulse	55	3750000	8176	NA
93	Pulse	55	3760000	18176	NA
93	Pulse	55	3770000	28176	NA
93	Pulse	55	3780000	38176	NA
94	Pulse	55	3790000	7496	NA
94	Pulse	55	3800000	17496	NA
94	Pulse	55	3810000	27496	NA
94	Pulse	55	3820000	37496	NA
95	Pulse	55	3830000	6815	NA
95	Pulse	55	3840000	16815	NA
95	Pulse	55	3850000	26815	NA
95	Pulse	55	3860000	36815	NA
96	Pulse	55	3870000	6135	NA
96	Pulse	55	3880000	16135	NA
96	Pulse	55	3890000	26135	NA
96	Pulse	55	3900000	36135	NA
97	Pulse	55	3910000	5455	NA
97	Pulse	55	3920000	15455	NA
97	Pulse	55	3930000	25455	NA
97	Pulse	55	3940000	35455	NA
98	Pulse	55	3950000	4775	NA
98	Pulse	55	3960000	14775	NA
98	Pulse	55	3970000	24775	NA
98	Pulse	55	3980000	34775	NA
99	Pulse	55	3990000	4178	NA
99	Pulse	55	4000000	14178	NA
99	Pulse	55	4010000	24178	NA
99	Pulse	55	4020000	34178	NA
100	Pulse	55	4030000	3498	NA
100	Pulse	55	4040000	13498	NA
100	Pulse	55	4050000	23498	NA
100	Pulse	55	4060000	33498	NA
101	Pulse	55	4070000	2901	NA
101	Pulse	55	4080000	12901	NA
101	Pulse	55	4090000	22901	NA
101	Pulse	55	4100000	32901	NA
102	Pulse	55	4110000	2304	NA
102	Pulse	55	4120000	12304	NA
102	Pulse	55	4130000	22304	NA
102	Pulse	55	4140000	32304	NA
103	Pulse	55	4150000	1708	NA
103	Pulse	55	4160000	11708	NA
103	Pulse	55	4170000	21708	NA
103	Pulse	55	4180000	31708	NA
104	Pulse	55	4190000	1027	NA
104	Pulse	55	4200000	11027	NA
104	Pulse	55	4210000	21027	NA
104	Pulse	55	4220000	31027	NA
105	Pulse	55	4230000	431	NA
105	Pulse	55	4240000	10431	NA
105	Pulse	55	4250000	20431	NA
105	Pulse	55	4260000	30431	NA
105	Pulse	55	4270000	40431	NA
106	Pulse	55	4280000	9834	NA
106	Pulse	55	4290000	19834	NA
106	Pulse	55	4300000	29834	NA
106	Pulse	55	4310000	39834	NA
107	Pulse	55	4320000	9237	NA
107	Pulse	55	4330000	19237	NA
107	Pulse	55	4340000	29237	NA
107	Pulse	55	4350000	39237	NA
108	Pulse	55	4360000	8640	NA
108	Pulse	55	4370000	18640	NA
108	Pulse	55	4380000	28640	NA
108	Pulse	55	4390000	38640	NA
109	Pulse	55	4400000	8043	NA
109	Pulse	55	4410000	18043	NA
109	Pulse	55	4420000	28043	NA
109	Pulse	55	4430000	38043	NA
110	Pulse	55	4440000	7447	NA
110	Pulse	55	4450000	17447	NA
110	Pulse	55	4460000	27447	NA
110	Pulse	55	4470000	37447	NA
111	Pulse	55	4480000	6766	NA
111	Pulse	55	4490000	16766	NA
111	Pulse	55	4500000	26766	NA
111	Pulse	55	4510000	36766	NA
112	Pulse	55	4520000	6170	NA
112	Pulse	55	4530000	16170	NA
112	Pulse	55	4540000	26170	NA
112	Pulse	55	4550000	36170	NA
113	Pulse	55	4560000	5573	NA
113	Pulse	55	4570000	15573	NA
113	Pulse	55	4580000	25573	NA
113	Pulse	55	4590000	35573	NA
114	Pulse	55	4600000	4893	NA
114	Pulse	55	4610000	14893	NA
114	Pulse	55	4620000	24893	NA
114	Pulse	55	4630000	34893	NA
115	Pulse	55	4640000	4296	NA
115	Pulse	55	4650000	14296	NA
115	Pulse	55	4660000	24296	NA
115	Pulse	55	4670000	34296	NA
116	Pulse	55	4680000	3616	NA
116	Pulse	55	4690000	13616	NA
116	Pulse	55	4700000	23616	NA
116	Pulse	55	4710000	33616	NA
117	Pulse	55	4720000	2936	NA
117	Pulse	55	4730000	12936	NA
117	Pulse	55	4740000	22936	NA
117	Pulse	55	4750000	32936	NA
118	Pulse	55	4760000	2339	NA
118	Pulse	55	4770000	12339	NA
118	Pulse	55	4780000	22339	NA
118	Pulse	55	4790000	32339	NA
119	Pulse	55	4800000	1742	NA
119	Pulse	55	4810000	11742	NA
119	Pulse	55	4820000	21742	NA
119	Pulse	55	4830000	31742	NA
120	Pulse	55	4840000	1145	NA
120	Pulse	55	4850000	11145	NA
120	Pulse	55	4860000	21145	NA
120	Pulse	55	4870000	31145	NA
121	Pulse	55	4880000	632	NA
121	Pulse	55	4890000	10632	NA
121	Pulse	55	4900000	20632	NA
121	Pulse	55	4910000	30632	NA
122	Pulse	55	4920000	35	NA
122	Pulse	55	4930000	10035	NA
122	Pulse	55	4940000	20035	NA
122	Pulse	55	4950000	30035	NA
122	Pulse	55	4960000	40035	NA
123	Pulse	55	4970000	9522	NA
123	Pulse	55	4980000	19522	NA
123	Pulse	55	4990000	29522	NA
123	Pulse	55	5000000	39522	NA
124	Pulse	55	5010000	9008	NA
124	Pulse	55	5020000	19008	NA
124	Pulse	55	5030000	29008	NA
124	Pulse	55	5040000	39008	NA
125	Pulse	55	5050000	8411	NA
125	Pulse	55	5060000	18411	NA
125	Pulse	55	5070000	28411	NA
125	Pulse	55	5080000	38411	NA
126	Pulse	55	5090000	7731	NA
126	Pulse	55	5100000	17731	NA
126	Pulse	55	5110000	27731	NA
126	Pulse	55	5120000	37731	NA
127	Pulse	55	5130000	7134	NA
127	Pulse	55	5140000	17134	NA
127	Pulse	55	5150000	27134	NA
127	Pulse	55	5160000	37134	NA
128	Pulse	55	5170000	6454	NA
128	Pulse	55	5180000	16454	NA
128	Pulse	55	5190000	26454	NA
128	Pulse	55	5200000	36454	NA
129	Pulse	55	5210000	5857	NA
129	Pulse	55	5220000	15857	NA
129	Pulse	55	5230000	25857	NA
129	Pulse	55	5240000	35857	NA
130	Pulse	55	5250000	5261	NA
130	Pulse	55	5260000	15261	NA
130	Pulse	55	5270000	25261	NA
130	Pulse	55	5280000	35261	NA
131	Pulse	55	5290000	4580	NA
131	Pulse	55	5300000	14580	NA
131	Pulse	55	5310000	24580	NA
131	Pulse	55	5320000	34580	NA
132	Pulse	55	5330000	4067	NA
132	Pulse	55	5340000	14067	NA
132	Pulse	55	5350000	24067	NA
132	Pulse	55	5360000	34067	NA
133	Pulse	55	5370000	3470	NA
133	Pulse	55	5380000	13470	NA
133	Pulse	55	5390000	23470	NA
133	Pulse	55	5400000	33470	NA
134	Pulse	55	5410000	2790	NA
134	Pulse	55	5420000	12790	NA
134	Pulse	55	5430000	22790	NA
134	Pulse	55	5440000	32790	NA
135	Pulse	55	5450000	2193	NA
135	Pulse	55	5460000	12193	NA
135	Pulse	55	5470000	22193	NA
135	Pulse	55	5480000	32193	NA
136	Pulse	55	5490000	1596	NA
136	Pulse	55	5500000	11596	NA
136	Pulse	55	5510000	21596	NA
136	Pulse	55	5520000	31596	NA
137	Pulse	55	5530000	916	NA
137	Pulse	55	5540000	10916	NA
137	Pulse	55	5550000	20916	NA
137	Pulse	55	5560000	30916	NA
138	Pulse	55	5570000	320	NA
138	Pulse	55	5580000	10320	NA
138	Pulse	55	5590000	20320	NA
138	Pulse	55	5600000	30320	NA
138	Pulse	55	5610000	40320	NA
139	Pulse	55	5620000	9723	NA
139	Pulse	55	5630000	19723	NA
139	Pulse	55	5640000	29723	NA
139	Pulse	55	5650000	39723	NA
140	Pulse	55	5660000	9126	NA
140	Pulse	55	5670000	19126	NA
140	Pulse	55	5680000	29126	NA
140	Pulse	55	5690000	39126	NA
141	Pulse	55	5700000	8612	NA
141	Pulse	55	5710000	18612	NA
141	Pulse	55	5720000	28612	NA
141	Pulse	55	5730000	38612	NA
142	Pulse	55	5740000	8016	NA
142	Pulse	55	5750000	18016	NA
142	Pulse	55	5760000	28016	NA
142	Pulse	55	5770000	38016	NA
143	Pulse	55	5780000	7336	NA
143	Pulse	55	5790000	17336	NA
143	Pulse	55	5800000	27336	NA
143	Pulse	55	5810000	37336	NA
144	Pulse	55	5820000	6739	NA
144	Pulse	55	5830000	16739	NA
144	Pulse	55	5840000	26739	NA
144	Pulse	55	5850000	36739	NA
145	Pulse	55	5860000	6142	NA
145	Pulse	55	5870000	16142	NA
145	Pulse	55	5880000	26142	NA
145	Pulse	55	5890000	36142	NA
146	Pulse	55	5900000	5462	NA
146	Pulse	55	5910000	15462	NA
146	Pulse	55	5920000	25462	NA
146	Pulse	55	5930000	35462	NA
147	Pulse	55	5940000	4865	NA
147	Pulse	55	5950000	14865	NA
147	Pulse	55	5960000	24865	NA
147	Pulse	55	5970000	34865	NA
148	Pulse	55	5980000	4268	NA
148	Pulse	55	5990000	14268	NA
148	Pulse	55	6000000	24268	NA
148	Pulse	55	6010000	34268	NA
149	Pulse	55	6020000	3671	NA
149	Pulse	55	6030000	13671	NA
149	Pulse	55	6040000	23671	NA
149	Pulse	55	6050000	33671	NA
150	Pulse	55	6060000	3075	NA
150	Pulse	55	6070000	13075	NA
150	Pulse	55	6080000	23075	NA
150	Pulse	55	6090000	33075	NA
151	Pulse	55	6100000	2394	NA
151	Pulse	55	6110000	12394	NA
151	Pulse	55	6120000	22394	NA
151	Pulse	55	6130000	32394	NA
152	Pulse	55	6140000	1714	NA
152	Pulse	55	6150000	11714	NA
152	Pulse	55	6160000	21714	NA
152	Pulse	55	6170000	31714	NA
153	Pulse	55	6180000	1201	NA
153	Pulse	55	6190000	11201	NA
153	Pulse	55	6200000	21201	NA
153	Pulse	55	6210000	31201	NA
154	Pulse	55	6220000	604	NA
154	Pulse	55	6230000	10604	NA
154	Pulse	55	6240000	20604	NA
154	Pulse	55	6250000	30604	NA
155	Pulse	55	6260000	91	NA
155	Pulse	55	6270000	10091	NA
155	Pulse	55	6280000	20091	NA
155	Pulse	55	6290000	30091	NA
155	Pulse	55	6300000	40091	NA
156	Pulse	55	6310000	9494	NA
156	Pulse	55	6320000	19494	NA
156	Pulse	55	6330000	29494	NA
156	Pulse	55	6340000	39494	NA
157	Pulse	55	6350000	8897	NA
157	Pulse	55	6360000	18897	NA
157	Pulse	55	6370000	28897	NA
157	Pulse	55	6380000	38897	NA
158	Pulse	55	6390000	8384	NA
158	Pulse	55	6400000	18384	NA
158	Pulse	55	6410000	28384	NA
158	Pulse	55	6420000	38384	NA
159	Pulse	55	6430000	7703	NA
159	Pulse	55	6440000	17703	NA
159	Pulse	55	6450000	27703	NA
159	Pulse	55	6460000	37703	NA
160	Pulse	55	6470000	7107	NA
160	Pulse	55	6480000	17107	NA
160	Pulse	55	6490000	27107	NA
160	Pulse	55	6500000	37107	NA
161	Pulse	55	6510000	6426	NA
161	Pulse	55	6520000	16426	NA
161	Pulse	55	6530000	26426	NA
161	Pulse	55	6540000	36426	NA
162	Pulse	55	6550000	5830	NA
162	Pulse	55	6560000	15830	NA
162	Pulse	55	6570000	25830	NA
162	Pulse	55	6580000	35830	NA
163	Pulse	55	6590000	5233	NA
163	Pulse	55	6600000	15233	NA
163	Pulse	55	6610000	25233	NA
163	Pulse	55	6620000	35233	NA
164	Pulse	55	6630000	4636	NA
164	Pulse	55	6640000	14636	NA
164	Pulse	55	6650000	24636	NA
164	Pulse	55	6660000	34636	NA
165	Pulse	55	6670000	4039	NA
165	Pulse	55	6680000	14039	NA
165	Pulse	55	6690000	24039	NA
165	Pulse	55	6700000	34039	NA
166	Pulse	55	6710000	3443	NA
166	Pulse	55	6720000	13443	NA
166	Pulse	55	6730000	23443	NA
166	Pulse	55	6740000	33443	NA
167	Pulse	55	6750000	2762	NA
167	Pulse	55	6760000	12762	NA
167	Pulse	55	6770000	22762	NA
167	Pulse	55	6780000	32762	NA
168	Pulse	55	6790000	2082	NA
168	Pulse	55	6800000	12082	NA
168	Pulse	55	6810000	22082	NA
168	Pulse	55	6820000	32082	NA
169	Pulse	55	6830000	1485	NA
169	Pulse	55	6840000	11485	NA
169	Pulse	55	6850000	21485	NA
169	Pulse	55	6860000	31485	NA
170	Pulse	55	6870000	889	NA
170	Pulse	55	6880000	10889	NA
170	Pulse	55	6890000	20889	NA
170	Pulse	55	6900000	30889	NA
171	Pulse	55	6910000	375	NA
171	Pulse	55	6920000	10375	NA
171	Pulse	55	6930000	20375	NA
171	Pulse	55	6940000	30375	NA
171	Pulse	55	6950000	40375	NA
172	Pulse	55	6960000	9778	NA
172	Pulse	55	6970000	19778	NA
172	Pulse	55	6980000	29778	NA
172	Pulse	55	6990000	39778	NA
173	Pulse	55	7000000	9098	NA
173	Pulse	55	7010000	19098	NA
173	Pulse	55	7020000	29098	NA
173	Pulse	55	7030000	39098	NA
174	Pulse	55	7040000	8585	NA
174	Pulse	55	7050000	18585	NA
174	Pulse	55	7060000	28585	NA
174	Pulse	55	7070000	38585	NA
175	Pulse	55	7080000	7988	NA
175	Pulse	55	7090000	17988	NA
175	Pulse	55	7100000	27988	NA
175	Pulse	55	7110000	37988	NA
176	Pulse	55	7120000	7391	NA
176	Pulse	55	7130000	17391	NA
176	Pulse	55	7140000	27391	NA
176	Pulse	55	7150000	37391	NA
177	Pulse	55	7160000	6794	NA
177	Pulse	55	7170000	16794	NA
177	Pulse	55	7180000	26794	NA
177	Pulse	55	7190000	36794	NA
178	Pulse	55	7200000	6198	NA
178	Pulse	55	7210000	16198	NA
178	Pulse	55	7220000	26198	NA
178	Pulse	55	7230000	36198	NA
179	Pulse	55	7240000	5601	NA
179	Pulse	55	7250000	15601	NA
179	Pulse	55	7260000	25601	NA
179	Pulse	55	7270000	35601	NA
180	Pulse	55	7280000	5004	NA
180	Pulse	55	7290000	15004	NA
180	Pulse	55	7300000	25004	NA
180	Pulse	55	7310000	35004	NA
181	Pulse	55	7320000	4324	NA
181	Pulse	55	7330000	14324	NA
181	Pulse	55	7340000	24324	NA
181	Pulse	55	7350000	34324	NA
182	Pulse	55	7360000	3644	NA
182	Pulse	55	7370000	13644	NA
182	Pulse	55	7380000	23644	NA
182	Pulse	55	7390000	33644	NA
183	Pulse	55	7400000	3047	NA
183	Pulse	55	7410000	13047	NA
183	Pulse	55	7420000	23047	NA
183	Pulse	55	7430000	33047	NA
184	Pulse	55	7440000	2367	NA
184	Pulse	55	7450000	12367	NA
184	Pulse	55	7460000	22367	NA
184	Pulse	55	7470000	32367	NA
185	Pulse	55	7480000	1770	NA
185	Pulse	55	7490000	11770	NA
185	Pulse	55	7500000	21770	NA
185	Pulse	55	7510000	31770	NA
186	Pulse	55	7520000	1173	NA
186	Pulse	55	7530000	11173	NA
186	Pulse	55	7540000	21173	NA
186	Pulse	55	7550000	31173	NA
187	Pulse	55	7560000	493	NA
187	Pulse	55	7570000	10493	NA
187	Pulse	55	7580000	20493	NA
187	Pulse	55	7590000	30493	NA
187	Pulse	55	7600000	40493	NA
188	Pulse	55	7610000	9896	NA
188	Pulse	55	7620000	19896	NA
188	Pulse	55	7630000	29896	NA
188	Pulse	55	7640000	39896	NA
189	Pulse	55	7650000	9216	NA
189	Pulse	55	7660000	19216	NA
189	Pulse	55	7670000	29216	NA
189	Pulse	55	7680000	39216	NA
190	Pulse	55	7690000	8619	NA
190	Pulse	55	7700000	18619	NA
190	Pulse	55	7710000	28619	NA
190	Pulse	55	7720000	38619	NA
191	Pulse	55	7730000	8022	NA
191	Pulse	55	7740000	18022	NA
191	Pulse	55	7750000	28022	NA
191	Pulse	55	7760000	38022	NA
192	Pulse	55	7770000	7426	NA
192	Pulse	55	7780000	17426	NA
192	Pulse	55	7790000	27426	NA
192	Pulse	55	7800000	37426	NA
193	Pulse	55	7810000	6829	NA
193	Pulse	55	7820000	16829	NA
193	Pulse	55	7830000	26829	NA
193	Pulse	55	7840000	36829	NA
194	Pulse	55	7850000	6232	NA
194	Pulse	55	7860000	16232	NA
194	Pulse	55	7870000	26232	NA
194	Pulse	55	7880000	36232	NA
195	Pulse	55	7890000	5552	NA
195	Pulse	55	7900000	15552	NA
195	Pulse	55	7910000	25552	NA
195	Pulse	55	7920000	35552	NA
196	Pulse	55	7930000	4872	NA
196	Pulse	55	7940000	14872	NA
196	Pulse	55	7950000	24872	NA
196	Pulse	55	7960000	34872	NA
197	Pulse	55	7970000	4275	NA
197	Pulse	55	7980000	14275	NA
197	Pulse	55	7990000	24275	NA
197	Pulse	55	8000000	34275	NA
198	Pulse	55	8010000	3761	NA
198	Pulse	55	8020000	13761	NA
198	Pulse	55	8030000	23761	NA
198	Pulse	55	8040000	33761	NA
199	Pulse	55	8050000	3165	NA
199	Pulse	55	8060000	13165	NA
199	Pulse	55	8070000	23165	NA
199	Pulse	55	8080000	33165	NA
200	Pulse	55	8090000	2568	NA
200	Pulse	55	8100000	12568	NA
200	Pulse	55	8110000	22568	NA
200	Pulse	55	8120000	32568	NA
201	Pulse	55	8130000	2055	NA
201	Pulse	55	8140000	12055	NA
201	Pulse	55	8150000	22055	NA
201	Pulse	55	8160000	32055	NA
202	Pulse	55	8170000	1458	NA
202	Pulse	55	8180000	11458	NA
202	Pulse	55	8190000	21458	NA
202	Pulse	55	8200000	31458	NA
203	Pulse	55	8210000	861	NA
203	Pulse	55	8220000	10861	NA
203	Pulse	55	8230000	20861	NA
203	Pulse	55	8240000	30861	NA
204	Pulse	55	8250000	264	NA
204	Pulse	55	8260000	10264	NA
204	Pulse	55	8270000	20264	NA
204	Pulse	55	8280000	30264	NA
204	Pulse	55	8290000	40264	NA
205	Pulse	55	8300000	9667	NA
205	Pulse	55	8310000	19667	NA
205	Pulse	55	8320000	29667	NA
205	Pulse	55	8330000	39667	NA
206	Pulse	55	8340000	9070	NA
206	Pulse	55	8350000	19070	NA
206	Pulse	55	8360000	29070	NA
206	Pulse	55	8370000	39070	NA
207	Pulse	55	8380000	8474	NA
207	Pulse	55	8390000	18474	NA
207	Pulse	55	8400000	28474	NA
207	Pulse	55	8410000	38474	NA
208	Pulse	55	8420000	7960	NA
208	Pulse	55	8430000	17960	NA
208	Pulse	55	8440000	27960	NA
208	Pulse	55	8450000	37960	NA
209	Pulse	55	8460000	7363	NA
209	Pulse	55	8470000	17363	NA
209	Pulse	55	8480000	27363	NA
209	Pulse	55	8490000	37363	NA
210	Pulse	55	8500000	6767	NA
210	Pulse	55	8510000	16767	NA
210	Pulse	55	8520000	26767	NA
210	Pulse	55	8530000	36767	NA
211	Pulse	55	8540000	6253	NA
211	Pulse	55	8550000	16253	NA
211	Pulse	55	8560000	26253	NA
211	Pulse	55	8570000	36253	NA
212	Pulse	55	8580000	5656	NA
212	Pulse	55	8590000	15656	NA
212	Pulse	55	8600000	25656	NA
212	Pulse	55	8610000	35656	NA
213	Pulse	55	8620000	5060	NA
213	Pulse	55	8630000	15060	NA
213	Pulse	55	8640000	25060	NA
213	Pulse	55	8650000	35060	NA
214	Pulse	55	8660000	4463	NA
214	Pulse	55	8670000	14463	NA
214	Pulse	55	8680000	24463	NA
214	Pulse	55	8690000	34463	NA
215	Pulse	55	8700000	3783	NA
215	Pulse	55	8710000	13783	NA
215	Pulse	55	8720000	23783	NA
215	Pulse	55	8730000	33783	NA
216	Pulse	55	8740000	3186	NA
216	Pulse	55	8750000	13186	NA
216	Pulse	55	8760000	23186	NA
216	Pulse	55	8770000	33186	NA
217	Pulse	55	8780000	2839	NA
217	Pulse	55	8790000	12839	NA
217	Pulse	55	8800000	22839	NA
217	Pulse	55	8810000	32839	NA
218	Pulse	55	8820000	2242	NA
218	Pulse	55	8830000	12242	NA
218	Pulse	55	8840000	22242	NA
218	Pulse	55	8850000	32242	NA
219	Pulse	55	8860000	1646	NA
219	Pulse	55	8870000	11646	NA
219	Pulse	55	8880000	21646	NA
219	Pulse	55	8890000	31646	NA
220	Pulse	55	8900000	1049	NA
220	Pulse	55	8910000	11049	NA
220	Pulse	55	8920000	21049	NA
220	Pulse	55	8930000	31049	NA
221	Pulse	55	8940000	369	NA
221	Pulse	55	8950000	10369	NA
221	Pulse	55	8960000	20369	NA
221	Pulse	55	8970000	30369	NA
221	Pulse	55	8980000	40369	NA
222	Pulse	55	8990000	9855	NA
222	Pulse	55	9000000	19855	NA
222	Pulse	55	9010000	29855	NA
222	Pulse	55	9020000	39855	NA
223	Pulse	55	9030000	9258	NA
223	Pulse	55	9040000	19258	NA
223	Pulse	55	9050000	29258	NA
223	Pulse	55	9060000	39258	NA
224	Pulse	55	9070000	8662	NA
224	Pulse	55	9080000	18662	NA
224	Pulse	55	9090000	28662	NA
224	Pulse	55	9100000	38662	NA
225	Pulse	55	9110000	8148	NA
225	Pulse	55	9120000	18148	NA
225	Pulse	55	9130000	28148	NA
225	Pulse	55	9140000	38148	NA
226	Pulse	55	9150000	7551	NA
226	Pulse	55	9160000	17551	NA
226	Pulse	55	9170000	27551	NA
226	Pulse	55	9180000	37551	NA
227	Pulse	55	9190000	6955	NA
227	Pulse	55	9200000	16955	NA
227	Pulse	55	9210000	26955	NA
227	Pulse	55	9220000	36955	NA
228	Pulse	55	9230000	6358	NA
228	Pulse	55	9240000	16358	NA
228	Pulse	55	9250000	26358	NA
228	Pulse	55	9260000	36358	NA
229	Pulse	55	9270000	5761	NA
229	Pulse	55	9280000	15761	NA
229	Pulse	55	9290000	25761	NA
229	Pulse	55	9300000	35761	NA
230	Pulse	55	9310000	5164	NA
230	Pulse	55	9320000	15164	NA
230	Pulse	55	9330000	25164	NA
230	Pulse	55	9340000	35164	NA
231	Pulse	55	9350000	4567	NA
231	Pulse	55	9360000	14567	NA
231	Pulse	55	9370000	24567	NA
231	Pulse	55	9380000	34567	NA
232	Pulse	55	9390000	3971	NA
232	Pulse	55	9400000	13971	NA
232	Pulse	55	9410000	23971	NA
232	Pulse	55	9420000	33971	NA
233	Pulse	55	9430000	3374	NA
233	Pulse	55	9440000	13374	NA
233	Pulse	55	9450000	23374	NA
233	Pulse	55	9460000	33374	NA
234	Pulse	55	9470000	2777	NA
234	Pulse	55	9480000	12777	NA
234	Pulse	55	9490000	22777	NA
234	Pulse	55	9500000	32777	NA
235	Pulse	55	9510000	2097	NA
235	Pulse	55	9520000	12097	NA
235	Pulse	55	9530000	22097	NA
235	Pulse	55	9540000	32097	NA
236	Pulse	55	9550000	1417	NA
236	Pulse	55	9560000	11417	NA
236	Pulse	55	9570000	21417	NA
236	Pulse	55	9580000	31417	NA
237	Pulse	55	9590000	820	NA
237	Pulse	55	9600000	10820	NA
237	Pulse	55	9610000	20820	NA
237	Pulse	55	9620000	30820	NA
238	Pulse	55	9630000	223	NA
238	Pulse	55	9640000	10223	NA
238	Pulse	55	9650000	20223	NA
238	Pulse	55	9660000	30223	NA
238	Pulse	55	9670000	40223	NA
239	Pulse	55	9680000	9626	NA
239	Pulse	55	9690000	19626	NA
239	Pulse	55	9700000	29626	NA
239	Pulse	55	9710000	39626	NA
240	Pulse	55	9720000	9029	NA
240	Pulse	55	9730000	19029	NA
240	Pulse	55	9740000	29029	NA
240	Pulse	55	9750000	39029	NA
241	Pulse	55	9760000	8433	NA
241	Pulse	55	9770000	18433	NA
241	Pulse	55	9780000	28433	NA
241	Pulse	55	9790000	38433	NA
242	Pulse	55	9800000	7836	NA
242	Pulse	55	9810000	17836	NA
242	Pulse	55	9820000	27836	NA
242	Pulse	55	9830000	37836	NA
243	Pulse	55	9840000	7239	NA
243	Pulse	55	9850000	17239	NA
243	Pulse	55	9860000	27239	NA
243	Pulse	55	9870000	37239	NA
244	Pulse	55	9880000	6642	NA
244	Pulse	55	9890000	16642	NA
244	Pulse	55	9900000	26642	NA
244	Pulse	55	9910000	36642	NA
245	Pulse	55	9920000	6046	NA
245	Pulse	55	9930000	16046	NA
245	Pulse	55	9940000	26046	NA
245	Pulse	55	9950000	36046	NA
246	Pulse	55	9960000	5449	NA
246	Pulse	55	9970000	15449	NA
246	Pulse	55	9980000	25449	NA
246	Pulse	55	9990000	35449	NA
247	Pulse	55	10000000	4769	NA
247	Pulse	55	10010000	14769	NA
247	Pulse	55	10020000	24769	NA
247	Pulse	55	10030000	34769	NA
248	Pulse	55	10040000	4088	NA
248	Pulse	55	10050000	14088	NA
248	Pulse	55	10060000	24088	NA
248	Pulse	55	10070000	34088	NA
249	Pulse	55	10080000	3492	NA
249	Pulse	55	10090000	13492	NA
249	Pulse	55	10100000	23492	NA
249	Pulse	55	10110000	33492	NA
250	Pulse	55	10120000	2895	NA
250	Pulse	55	10130000	12895	NA
250	Pulse	55	10140000	22895	NA
250	Pulse	55	10150000	32895	NA
251	Pulse	55	10160000	2215	NA
251	Pulse	55	10170000	12215	NA
251	Pulse	55	10180000	22215	NA
251	Pulse	55	10190000	32215	NA
252	Pulse	55	10200000	1534	NA
252	Pulse	55	10210000	11534	NA
252	Pulse	55	10220000	21534	NA
252	Pulse	55	10230000	31534	NA
253	Pulse	55	10240000	854	NA
253	Pulse	55	10250000	10854	NA
253	Pulse	55	10260000	20854	NA
253	Pulse	55	10270000	30854	NA
254	Pulse	55	10280000	174	NA
254	Pulse	55	10290000	10174	NA
254	Pulse	55	10300000	20174	NA
254	Pulse	55	10310000	30174	NA
254	Pulse	55	10320000	40174	NA
255	Pulse	55	10330000	9661	NA
255	Pulse	55	10340000	19661	NA
255	Pulse	55	10350000	29661	NA
255	Pulse	55	10360000	39661	NA
256	Pulse	55	10370000	9064	NA
256	Pulse	55	10380000	19064	NA
256	Pulse	55	10390000	29064	NA
256	Pulse	55	10400000	39064	NA
257	Pulse	55	10410000	8467	NA
257	Pulse	55	10420000	18467	NA
257	Pulse	55	10430000	28467	NA
257	Pulse	55	10440000	38467	NA
258	Pulse	55	10450000	7870	NA
258	Pulse	55	10460000	17870	NA
258	Pulse	55	10470000	27870	NA
258	Pulse	55	10480000	37870	NA
259	Pulse	55	10490000	7274	NA
259	Pulse	55	10500000	17274	NA
259	Pulse	55	10510000	27274	NA
259	Pulse	55	10520000	37274	NA
260	Pulse	55	10530000	6593	NA
260	Pulse	55	10540000	16593	NA
260	Pulse	55	10550000	26593	NA
260	Pulse	55	10560000	36593	NA
261	Pulse	55	10570000	5997	NA
261	Pulse	55	10580000	15997	NA
261	Pulse	55	10590000	25997	NA
261	Pulse	55	10600000	35997	NA
262	Pulse	55	10610000	5400	NA
262	Pulse	55	10620000	15400	NA
262	Pulse	55	10630000	25400	NA
262	Pulse	55	10640000	35400	NA
263	Pulse	55	10650000	4803	NA
263	Pulse	55	10660000	14803	NA
263	Pulse	55	10670000	24803	NA
263	Pulse	55	10680000	34803	NA
264	Pulse	55	10690000	4206	NA
264	Pulse	55	10700000	14206	NA
264	Pulse	55	10710000	24206	NA
264	Pulse	55	10720000	34206	NA
265	Pulse	55	10730000	3526	NA
265	Pulse	55	10740000	13526	NA
265	Pulse	55	10750000	23526	NA
265	Pulse	55	10760000	33526	NA
266	Pulse	55	10770000	2846	NA
266	Pulse	55	10780000	12846	NA
266	Pulse	55	10790000	22846	NA
266	Pulse	55	10800000	32846	NA
267	Pulse	55	10810000	2249	NA
267	Pulse	55	10820000	12249	NA
267	Pulse	55	10830000	22249	NA
267	Pulse	55	10840000	32249	NA
268	Pulse	55	10850000	1652	NA
268	Pulse	55	10860000	11652	NA
268	Pulse	55	10870000	21652	NA
268	Pulse	55	10880000	31652	NA
269	Pulse	55	10890000	1055	NA
269	Pulse	55	10900000	11055	NA
269	Pulse	55	10910000	21055	NA
269	Pulse	55	10920000	31055	NA
270	Pulse	55	10930000	459	NA
270	Pulse	55	10940000	10459	NA
270	Pulse	55	10950000	20459	NA
270	Pulse	55	10960000	30459	NA
270	Pulse	55	10970000	40459	NA
271	Pulse	55	10980000	9779	NA
271	Pulse	55	10990000	19779	NA
271	Pulse	55	11000000	29779	NA
271	Pulse	55	11010000	39779	NA
272	Pulse	55	11020000	9182	NA
272	Pulse	55	11030000	19182	NA
272	Pulse	55	11040000	29182	NA
272	Pulse	55	11050000	39182	NA
273	Pulse	55	11060000	8585	NA
273	Pulse	55	11070000	18585	NA
273	Pulse	55	11080000	28585	NA
273	Pulse	55	11090000	38585	NA
274	Pulse	55	11100000	7905	NA
274	Pulse	55	11110000	17905	NA
274	Pulse	55	11120000	27905	NA
274	Pulse	55	11130000	37905	NA
275	Pulse	55	11140000	7225	NA
275	Pulse	55	11150000	17225	NA
275	Pulse	55	11160000	27225	NA
275	Pulse	55	11170000	37225	NA
276	Pulse	55	11180000	6544	NA
276	Pulse	55	11190000	16544	NA
276	Pulse	55	11200000	26544	NA
276	Pulse	55	11210000	36544	NA
277	Pulse	55	11220000	5864	NA
277	Pulse	55	11230000	15864	NA
277	Pulse	55	11240000	25864	NA
277	Pulse	55	11250000	35864	NA
278	Pulse	55	11260000	5184	NA
278	Pulse	55	11270000	15184	NA
278	Pulse	55	11280000	25184	NA
278	Pulse	55	11290000	35184	NA
279	Pulse	55	11300000	4504	NA
279	Pulse	55	11310000	14504	NA
279	Pulse	55	11320000	24504	NA
279	Pulse	55	11330000	34504	NA
280	Pulse	55	11340000	3824	NA
280	Pulse	55	11350000	13824	NA
280	Pulse	55	11360000	23824	NA
280	Pulse	55	11370000	33824	NA
281	Pulse	55	11380000	3144	NA
281	Pulse	55	11390000	13144	NA
281	Pulse	55	11400000	23144	NA
281	Pulse	55	11410000	33144	NA
282	Pulse	55	11420000	2464	NA
282	Pulse	55	11430000	12464	NA
282	Pulse	55	11440000	22464	NA
282	Pulse	55	11450000	32464	NA
283	Pulse	55	11460000	1700	NA
283	Pulse	55	11470000	11700	NA
283	Pulse	55	11480000	21700	NA
283	Pulse	55	11490000	31700	NA
284	Pulse	55	11500000	1103	NA
284	Pulse	55	11510000	11103	NA
284	Pulse	55	11520000	21103	NA
284	Pulse	55	11530000	31103	NA
285	Pulse	55	11540000	423	NA
285	Pulse	55	11550000	10423	NA
285	Pulse	55	11560000	20423	NA
285	Pulse	55	11570000	30423	NA
285	Pulse	55	11580000	40423	NA
286	Pulse	55	11590000	9743	NA
286	Pulse	55	11600000	19743	NA
286	Pulse	55	11610000	29743	NA
286	Pulse	55	11620000	39743	NA
287	Pulse	55	11630000	8896	NA
287	Pulse	55	11640000	18896	NA
287	Pulse	55	11650000	28896	NA
287	Pulse	55	11660000	38896	NA
288	Pulse	55	11670000	8299	NA
288	Pulse	55	11680000	18299	NA
288	Pulse	55	11690000	28299	NA
288	Pulse	55	11700000	38299	NA
289	Pulse	55	11710000	7619	NA
289	Pulse	55	11720000	17619	NA
289	Pulse	55	11730000	27619	NA
289	Pulse	55	11740000	37619	NA
290	Pulse	55	11750000	6939	NA
290	Pulse	55	11760000	16939	NA
290	Pulse	55	11770000	26939	NA
290	Pulse	55	11780000	36939	NA
291	Pulse	55	11790000	6175	NA
291	Pulse	55	11800000	16175	NA
291	Pulse	55	11810000	26175	NA
291	Pulse	55	11820000	36175	NA
292	Pulse	55	11830000	5579	NA
292	Pulse	55	11840000	15579	NA
292	Pulse	55	11850000	25579	NA
292	Pulse	55	11860000	35579	NA
293	Pulse	55	11870000	4898	NA
293	Pulse	55	11880000	14898	NA
293	Pulse	55	11890000	24898	NA
293	Pulse	55	11900000	34898	NA
294	Pulse	55	11910000	4135	NA
294	Pulse	55	11920000	14135	NA
294	Pulse	55	11930000	24135	NA
294	Pulse	55	11940000	34135	NA
295	Pulse	55	11950000	3538	NA
295	Pulse	55	11960000	13538	NA
295	Pulse	55	11970000	23538	NA
295	Pulse	55	11980000	33538	NA
296	Pulse	55	11990000	2858	NA
296	Pulse	55	12000000	12858	NA
296	Pulse	55	12010000	22858	NA
296	Pulse	55	12020000	32858	NA
297	Pulse	55	12030000	2178	NA
297	Pulse	55	12040000	12178	NA
297	Pulse	55	12050000	22178	NA
297	Pulse	55	12060000	32178	NA
298	Pulse	55	12070000	1414	NA
298	Pulse	55	12080000	11414	NA
298	Pulse	55	12090000	21414	NA
298	Pulse	55	12100000	31414	NA
299	Pulse	55	12110000	734	NA
299	Pulse	55	12120000	10734	NA
299	Pulse	55	12130000	20734	NA
299	Pulse	55	12140000	30734	NA
300	Pulse	55	12150000	54	NA
300	Pulse	55	12160000	10054	NA
300	Pulse	55	12170000	20054	NA
300	Pulse	55	12180000	30054	NA
300	Pulse	55	12190000	40054	NA
301	Pulse	55	12200000	9290	NA
301	Pulse	55	12210000	19290	NA
301	Pulse	55	12220000	29290	NA
301	Pulse	55	12230000	39290	NA
302	Pulse	55	12240000	8694	NA
302	Pulse	55	12250000	18694	NA
302	Pulse	55	12260000	28694	NA
302	Pulse	55	12270000	38694	NA
303	Pulse	55	12280000	8014	NA
303	Pulse	55	12290000	18014	NA
303	Pulse	55	12300000	28014	NA
303	Pulse	55	12310000	38014	NA
304	Pulse	55	12320000	7333	NA
304	Pulse	55	12330000	17333	NA
304	Pulse	55	12340000	27333	NA
304	Pulse	55	12350000	37333	NA
305	Pulse	55	12360000	6653	NA
305	Pulse	55	12370000	16653	NA
305	Pulse	55	12380000	26653	NA
305	Pulse	55	12390000	36653	NA
306	Pulse	55	12400000	5973	NA
306	Pulse	55	12410000	15973	NA
306	Pulse	55	12420000	25973	NA
306	Pulse	55	12430000	35973	NA
307	Pulse	55	12440000	5293	NA
307	Pulse	55	12450000	15293	NA
307	Pulse	55	12460000	25293	NA
307	Pulse	55	12470000	35293	NA
308	Pulse	55	12480000	4613	NA
308	Pulse	55	12490000	14613	NA
308	Pulse	55	12500000	24613	NA
308	Pulse	55	12510000	34613	NA
309	Pulse	55	12520000	3933	NA
309	Pulse	55	12530000	13933	NA
309	Pulse	55	12540000	23933	NA
309	Pulse	55	12550000	33933	NA
310	Pulse	55	12560000	3169	NA
310	Pulse	55	12570000	13169	NA
310	Pulse	55	12580000	23169	NA
310	Pulse	55	12590000	33169	NA
311	Pulse	55	12600000	2572	NA
311	Pulse	55	12610000	12572	NA
311	Pulse	55	12620000	22572	NA
311	Pulse	55	12630000	32572	NA
312	Pulse	55	12640000	1809	NA
312	Pulse	55	12650000	11809	NA
312	Pulse	55	12660000	21809	NA
312	Pulse	55	12670000	31809	NA
313	Pulse	55	12680000	1212	NA
313	Pulse	55	12690000	11212	NA
313	Pulse	55	12700000	21212	NA
313	Pulse	55	12710000	31212	NA
314	Pulse	55	12720000	532	NA
314	Pulse	55	12730000	10532	NA
314	Pulse	55	12740000	20532	NA
314	Pulse	55	12750000	30532	NA
314	Pulse	55	12760000	40532	NA
315	Pulse	55	12770000	9852	NA
315	Pulse	55	12780000	19852	NA
315	Pulse	55	12790000	29852	NA
315	Pulse	55	12800000	39852	NA
316	Pulse	55	12810000	9172	NA
316	Pulse	55	12820000	19172	NA
316	Pulse	55	12830000	29172	NA
316	Pulse	55	12840000	39172	NA
317	Pulse	55	12850000	8491	NA
317	Pulse	55	12860000	18491	NA
317	Pulse	55	12870000	28491	NA
317	Pulse	55	12880000	38491	NA
318	Pulse	55	12890000	7644	NA
318	Pulse	55	12900000	17644	NA
318	Pulse	55	12910000	27644	NA
318	Pulse	55	12920000	37644	NA
319	Pulse	55	12930000	7048	NA
319	Pulse	55	12940000	17048	NA
319	Pulse	55	12950000	27048	NA
319	Pulse	55	12960000	37048	NA
320	Pulse	55	12970000	6368	NA
320	Pulse	55	12980000	16368	NA
320	Pulse	55	12990000	26368	NA
320	Pulse	55	13000000	36368	NA
321	Pulse	55	13010000	5687	NA
321	Pulse	55	13020000	15687	NA
321	Pulse	55	13030000	25687	NA
321	Pulse	55	13040000	35687	NA
322	Pulse	55	13050000	5007	NA
322	Pulse	55	13060000	15007	NA
322	Pulse	55	13070000	25007	NA
322	Pulse	55	13080000	35007	NA
323	Pulse	55	13090000	4327	NA
323	Pulse	55	13100000	14327	NA
323	Pulse	55	13110000	24327	NA
323	Pulse	55	13120000	34327	NA
324	Pulse	55	13130000	3647	NA
324	Pulse	55	13140000	13647	NA
324	Pulse	55	13150000	23647	NA
324	Pulse	55	13160000	33647	NA
325	Pulse	55	13170000	2967	NA
325	Pulse	55	13180000	12967	NA
325	Pulse	55	13190000	22967	NA
325	Pulse	55	13200000	32967	NA
326	Pulse	55	13210000	2287	NA
326	Pulse	55	13220000	12287	NA
326	Pulse	55	13230000	22287	NA
326	Pulse	55	13240000	32287	NA
327	Pulse	55	13250000	1606	NA
327	Pulse	55	13260000	11606	NA
327	Pulse	55	13270000	21606	NA
327	Pulse	55	13280000	31606	NA
328	Pulse	55	13290000	926	NA
328	Pulse	55	13300000	10926	NA
328	Pulse	55	13310000	20926	NA
328	Pulse	55	13320000	30926	NA
329	Pulse	55	13330000	246	NA
329	Pulse	55	13340000	10246	NA
329	Pulse	55	13350000	20246	NA
329	Pulse	55	13360000	30246	NA
329	Pulse	55	13370000	40246	NA
330	Pulse	55	13380000	9566	NA
330	Pulse	55	13390000	19566	NA
330	Pulse	55	13400000	29566	NA
330	Pulse	55	13410000	39566	NA
331	Pulse	55	13420000	8886	NA
331	Pulse	55	13430000	18886	NA
331	Pulse	55	13440000	28886	NA
331	Pulse	55	13450000	38886	NA
332	Pulse	55	13460000	8206	NA
332	Pulse	55	13470000	18206	NA
332	Pulse	55	13480000	28206	NA
332	Pulse	55	13490000	38206	NA
333	Pulse	55	13500000	7525	NA
333	Pulse	55	13510000	17525	NA
333	Pulse	55	13520000	27525	NA
333	Pulse	55	13530000	37525	NA
334	Pulse	55	13540000	6845	NA
334	Pulse	55	13550000	16845	NA
334	Pulse	55	13560000	26845	NA
334	Pulse	55	13570000	36845	NA
335	Response	1	13576990	3155	1
335	Pulse	55	13580000	6165	NA
335	Pulse	55	13590000	16165	NA
335	Pulse	55	13600000	26165	NA
335	Pulse	55	13610000	36165	NA
336	Pulse	55	13620000	6069	NA
336	Pulse	55	13630000	16069	NA
337	Pulse	55	13640000	5979	NA
337	Pulse	55	13650000	15979	NA
337	Pulse	55	13660000	25979	NA
337	Pulse	55	13670000	35979	NA
337	Pulse	55	13680000	45979	NA
337	Pulse	55	13690000	55979	NA
337	Pulse	55	13700000	65979	NA
337	Pulse	55	13710000	75979	NA
337	Pulse	55	13720000	85979	NA
337	Pulse	55	13730000	95979	NA
337	Pulse	55	13740000	105979	NA
337	Pulse	55	13750000	115979	NA
337	Response	1	13756189	122167	1
337	Pulse	55	13760000	125979	NA
337	Pulse	55	13770000	135979	NA
338	Pulse	55	13780000	9933	NA
338	Pulse	55	13790000	19933	NA
338	Pulse	55	13800000	29933	NA
338	Pulse	55	13810000	39933	NA
338	Pulse	55	13820000	49933	NA
338	Pulse	55	13830000	59933	NA
338	Pulse	55	13840000	69933	NA
338	Pulse	55	13850000	79933	NA
338	Pulse	55	13860000	89933	NA
338	Pulse	55	13870000	99933	NA
338	Pulse	55	13880000	109933	NA
338	Pulse	55	13890000	119933	NA
338	Pulse	55	13900000	129933	NA
338	Pulse	55	13910000	139933	NA
338	Pulse	55	13920000	149933	NA
338	Pulse	55	13930000	159933	NA
338	Pulse	55	13940000	169933	NA
338	Pulse	55	13950000	179933	NA
338	Pulse	55	13960000	189933	NA
338	Pulse	55	13970000	199933	NA
338	Pulse	55	13980000	209933	NA
338	Pulse	55	13990000	219933	NA
338	Pulse	55	14000000	229933	NA
338	Pulse	55	14010000	239933	NA
338	Pulse	55	14020000	249933	NA
338	Pulse	55	14030000	259933	NA
338	Pulse	55	14040000	269933	NA
338	Pulse	55	14050000	279933	NA
338	Pulse	55	14060000	289933	NA
338	Pulse	55	14070000	299933	NA
338	Pulse	55	14080000	309933	NA
338	Pulse	55	14090000	319933	NA
338	Pulse	55	14100000	329933	NA
338	Pulse	55	14110000	339933	NA
338	Pulse	55	14120000	349933	NA
338	Pulse	55	14130000	359933	NA
338	Pulse	55	14140000	369933	NA
338	Pulse	55	14150000	379933	NA
338	Pulse	55	14160000	389933	NA
338	Pulse	55	14170000	399933	NA
338	Pulse	55	14180000	409933	NA
338	Pulse	55	14190000	419933	NA
338	Pulse	55	14200000	429933	NA
338	Pulse	55	14210000	439933	NA
338	Pulse	55	14220000	449933	NA
338	Pulse	55	14230000	459933	NA
338	Pulse	55	14240000	469933	NA
338	Pulse	55	14250000	479933	NA
338	Pulse	55	14260000	489933	NA
338	Pulse	55	14270000	499933	NA
338	Pulse	55	14280000	509933	NA
338	Pulse	55	14290000	519933	NA
338	Pulse	55	14300000	529933	NA
338	Pulse	55	14310000	539933	NA
338	Pulse	55	14320000	549933	NA
338	Pulse	55	14330000	559933	NA
338	Pulse	55	14340000	569933	NA
338	Pulse	55	14350000	579933	NA
338	Pulse	55	14360000	589933	NA
338	Pulse	55	14370000	599933	NA
338	Pulse	55	14380000	609933	NA
338	Pulse	55	14390000	619933	NA
338	Pulse	55	14400000	629933	NA
338	Pulse	55	14410000	639933	NA
338	Pulse	55	14420000	649933	NA
338	Pulse	55	14430000	659933	NA
338	Pulse	55	14440000	669933	NA
338	Pulse	55	14450000	679933	NA
338	Pulse	55	14460000	689933	NA
338	Pulse	55	14470000	699933	NA
338	Pulse	55	14480000	709933	NA
338	Pulse	55	14490000	719933	NA
338	Pulse	55	14500000	729933	NA
338	Pulse	55	14510000	739933	NA
338	Pulse	55	14520000	749933	NA
338	Pulse	55	14530000	759933	NA
338	Pulse	55	14540000	769933	NA
338	Pulse	55	14550000	779933	NA
338	Pulse	55	14560000	789933	NA
338	Pulse	55	14570000	799933	NA
338	Pulse	55	14580000	809933	NA
338	Pulse	55	14590000	819933	NA
338	Pulse	55	14600000	829933	NA
338	Pulse	55	14610000	839933	NA
338	Pulse	55	14620000	849933	NA
338	Pulse	55	14630000	859933	NA
338	Pulse	55	14640000	869933	NA
338	Pulse	55	14650000	879933	NA
338	Pulse	55	14660000	889933	NA
338	Pulse	55	14670000	899933	NA
338	Pulse	55	14680000	909933	NA
338	Pulse	55	14690000	919933	NA
338	Pulse	55	14700000	929933	NA
338	Pulse	55	14710000	939933	NA
338	Pulse	55	14720000	949933	NA
338	Pulse	55	14730000	959933	NA
338	Pulse	55	14740000	969933	NA
338	Pulse	55	14750000	979933	NA
338	Pulse	55	14760000	989933	NA
338	Pulse	55	14770000	999933	NA
338	Pulse	55	14780000	1009933	NA
338	Pulse	55	14790000	1019933	NA
338	Pulse	55	14800000	1029933	NA
338	Pulse	55	14810000	1039933	NA
338	Pulse	55	14820000	1049933	NA
338	Pulse	55	14830000	1059933	NA
338	Pulse	55	14840000	1069933	NA
338	Pulse	55	14850000	1079933	NA
338	Pulse	55	14860000	1089933	NA
338	Pulse	55	14870000	1099933	NA
338	Pulse	55	14880000	1109933	NA
338	Pulse	55	14890000	1119933	NA
338	Pulse	55	14900000	1129933	NA
338	Pulse	55	14910000	1139933	NA
338	Pulse	55	14920000	1149933	NA
338	Pulse	55	14930000	1159933	NA
338	Pulse	55	14940000	1169933	NA
338	Pulse	55	14950000	1179933	NA
338	Pulse	55	14960000	1189933	NA
338	Pulse	55	14970000	1199933	NA
338	Pulse	55	14980000	1209933	NA
338	Pulse	55	14990000	1219933	NA
338	Pulse	55	15000000	1229933	NA
338	Pulse	55	15010000	1239933	NA
338	Pulse	55	15020000	1249933	NA
338	Pulse	55	15030000	1259933	NA
338	Pulse	55	15040000	1269933	NA
338	Pulse	55	15050000	1279933	NA
338	Pulse	55	15060000	1289933	NA
338	Pulse	55	15070000	1299933	NA
338	Pulse	55	15080000	1309933	NA
338	Pulse	55	15090000	1319933	NA
338	Pulse	55	15100000	1329933	NA
338	Pulse	55	15110000	1339933	NA
338	Pulse	55	15120000	1349933	NA
338	Pulse	55	15130000	1359933	NA
338	Pulse	55	15140000	1369933	NA
338	Pulse	55	15150000	1379933	NA
338	Pulse	55	15160000	1389933	NA
338	Pulse	55	15170000	1399933	NA
338	Pulse	55	15180000	1409933	NA
338	Pulse	55	15190000	1419933	NA
338	Pulse	55	15200000	1429933	NA
338	Pulse	55	15210000	1439933	NA
338	Pulse	55	15220000	1449933	NA
338	Pulse	55	15230000	1459933	NA
338	Pulse	55	15240000	1469933	NA
338	Pulse	55	15250000	1479933	NA
338	Pulse	55	15260000	1489933	NA
338	Pulse	55	15270000	1499933	NA
338	Pulse	55	15280000	1509933	NA
338	Pulse	55	15290000	1519933	NA
338	Pulse	55	15300000	1529933	NA
338	Pulse	55	15310000	1539933	NA
338	Pulse	55	15320000	1549933	NA
338	Pulse	55	15330000	1559933	NA
338	Pulse	55	15340000	1569933	NA
338	Pulse	55	15350000	1579933	NA
338	Pulse	55	15360000	1589933	NA
338	Pulse	55	15370000	1599933	NA
338	Pulse	55	15380000	1609933	NA
338	Pulse	55	15390000	1619933	NA
338	Pulse	55	15400000	1629933	NA
338	Pulse	55	15410000	1639933	NA
338	Pulse	55	15420000	1649933	NA
338	Pulse	55	15430000	1659933	NA
338	Pulse	55	15440000	1669933	NA
338	Pulse	55	15450000	1679933	NA
338	Pulse	55	15460000	1689933	NA
338	Pulse	55	15470000	1699933	NA
338	Pulse	55	15480000	1709933	NA
338	Pulse	55	15490000	1719933	NA
338	Pulse	55	15500000	1729933	NA
338	Pulse	55	15510000	1739933	NA
338	Pulse	55	15520000	1749933	NA
338	Pulse	55	15530000	1759933	NA
338	Pulse	55	15540000	1769933	NA
338	Pulse	55	15550000	1779933	NA
338	Pulse	55	15560000	1789933	NA
338	Pulse	55	15570000	1799933	NA
338	Pulse	55	15580000	1809933	NA
338	Pulse	55	15590000	1819933	NA
338	Pulse	55	15600000	1829933	NA
338	Pulse	55	15610000	1839933	NA
338	Pulse	55	15620000	1849933	NA
338	Pulse	55	15630000	1859933	NA
338	Pulse	55	15640000	1869933	NA
338	Pulse	55	15650000	1879933	NA
338	Pulse	55	15660000	1889933	NA
338	Pulse	55	15670000	1899933	NA
338	Pulse	55	15680000	1909933	NA
338	Pulse	55	15690000	1919933	NA
338	Pulse	55	15700000	1929933	NA
338	Pulse	55	15710000	1939933	NA
338	Pulse	55	15720000	1949933	NA
338	Pulse	55	15730000	1959933	NA
338	Pulse	55	15740000	1969933	NA
338	Pulse	55	15750000	1979933	NA
338	Pulse	55	15760000	1989933	NA
338	Pulse	55	15770000	1999933	NA
338	Pulse	55	15780000	2009933	NA
338	Pulse	55	15790000	2019933	NA
338	Pulse	55	15800000	2029933	NA
338	Pulse	55	15810000	2039933	NA
338	Pulse	55	15820000	2049933	NA
338	Pulse	55	15830000	2059933	NA
338	Pulse	55	15840000	2069933	NA
338	Pulse	55	15850000	2079933	NA
338	Pulse	55	15860000	2089933	NA
338	Pulse	55	15870000	2099933	NA
338	Pulse	55	15880000	2109933	NA
338	Pulse	55	15890000	2119933	NA
338	Pulse	55	15900000	2129933	NA
338	Pulse	55	15910000	2139933	NA
338	Pulse	55	15920000	2149933	NA
338	Pulse	55	15930000	2159933	NA
338	Pulse	55	15940000	2169933	NA
338	Pulse	55	15950000	2179933	NA
338	Pulse	55	15960000	2189933	NA
338	Pulse	55	15970000	2199933	NA
338	Pulse	55	15980000	2209933	NA
338	Pulse	55	15990000	2219933	NA
338	Pulse	55	16000000	2229933	NA
338	Pulse	55	16010000	2239933	NA
338	Pulse	55	16020000	2249933	NA
338	Pulse	55	16030000	2259933	NA
338	Pulse	55	16040000	2269933	NA
338	Pulse	55	16050000	2279933	NA
338	Pulse	55	16060000	2289933	NA
338	Pulse	55	16070000	2299933	NA
338	Pulse	55	16080000	2309933	NA
338	Pulse	55	16090000	2319933	NA
338	Pulse	55	16100000	2329933	NA
338	Pulse	55	16110000	2339933	NA
338	Pulse	55	16120000	2349933	NA
338	Pulse	55	16130000	2359933	NA
338	Pulse	55	16140000	2369933	NA
338	Pulse	55	16150000	2379933	NA
338	Pulse	55	16160000	2389933	NA
338	Pulse	55	16170000	2399933	NA
338	Pulse	55	16180000	2409933	NA
338	Pulse	55	16190000	2419933	NA
338	Pulse	55	16200000	2429933	NA
338	Pulse	55	16210000	2439933	NA
338	Pulse	55	16220000	2449933	NA
338	Pulse	55	16230000	2459933	NA
338	Pulse	55	16240000	2469933	NA
338	Pulse	55	16250000	2479933	NA
338	Pulse	55	16260000	2489933	NA
338	Pulse	55	16270000	2499933	NA
338	Pulse	55	16280000	2509933	NA
338	Pulse	55	16290000	2519933	NA
338	Pulse	55	16300000	2529933	NA
338	Pulse	55	16310000	2539933	NA
338	Pulse	55	16320000	2549933	NA
338	Pulse	55	16330000	2559933	NA
338	Pulse	55	16340000	2569933	NA
338	Pulse	55	16350000	2579933	NA
338	Pulse	55	16360000	2589933	NA
338	Pulse	55	16370000	2599933	NA
338	Pulse	55	16380000	2609933	NA
338	Pulse	55	16390000	2619933	NA
338	Pulse	55	16400000	2629933	NA
338	Pulse	55	16410000	2639933	NA
338	Pulse	55	16420000	2649933	NA
338	Pulse	55	16430000	2659933	NA
338	Pulse	55	16440000	2669933	NA
338	Pulse	55	16450000	2679933	NA
338	Pulse	55	16460000	2689933	NA
338	Pulse	55	16470000	2699933	NA
338	Pulse	55	16480000	2709933	NA
338	Pulse	55	16490000	2719933	NA
338	Pulse	55	16500000	2729933	NA
338	Pulse	55	16510000	2739933	NA
338	Pulse	55	16520000	2749933	NA
338	Pulse	55	16530000	2759933	NA
338	Pulse	55	16540000	2769933	NA
338	Pulse	55	16550000	2779933	NA
338	Pulse	55	16560000	2789933	NA
338	Pulse	55	16570000	2799933	NA
338	Pulse	55	16580000	2809933	NA
338	Pulse	55	16590000	2819933	NA
338	Pulse	55	16600000	2829933	NA
338	Pulse	55	16610000	2839933	NA
338	Pulse	55	16620000	2849933	NA
338	Pulse	55	16630000	2859933	NA
338	Pulse	55	16640000	2869933	NA
338	Pulse	55	16650000	2879933	NA
338	Pulse	55	16660000	2889933	NA
338	Pulse	55	16670000	2899933	NA
338	Pulse	55	16680000	2909933	NA
338	Pulse	55	16690000	2919933	NA
338	Pulse	55	16700000	2929933	NA
338	Pulse	55	16710000	2939933	NA
338	Pulse	55	16720000	2949933	NA
338	Pulse	55	16730000	2959933	NA
338	Pulse	55	16740000	2969933	NA
338	Pulse	55	16750000	2979933	NA
338	Pulse	55	16760000	2989933	NA
338	Pulse	55	16770000	2999933	NA
338	Pulse	55	16780000	3009933	NA
338	Pulse	55	16790000	3019933	NA
338	Pulse	55	16800000	3029933	NA
338	Pulse	55	16810000	3039933	NA
338	Pulse	55	16820000	3049933	NA
338	Pulse	55	16830000	3059933	NA
338	Pulse	55	16840000	3069933	NA
338	Pulse	55	16850000	3079933	NA
338	Pulse	55	16860000	3089933	NA
338	Pulse	55	16870000	3099933	NA
338	Pulse	55	16880000	3109933	NA
338	Pulse	55	16890000	3119933	NA
338	Pulse	55	16900000	3129933	NA
338	Pulse	55	16910000	3139933	NA
338	Pulse	55	16920000	3149933	NA
338	Pulse	55	16930000	3159933	NA
338	Pulse	55	16940000	3169933	NA
338	Pulse	55	16950000	3179933	NA
338	Pulse	55	16960000	3189933	NA
338	Pulse	55	16970000	3199933	NA
338	Pulse	55	16980000	3209933	NA
338	Pulse	55	16990000	3219933	NA
338	Pulse	55	17000000	3229933	NA
338	Pulse	55	17010000	3239933	NA
338	Pulse	55	17020000	3249933	NA
338	Pulse	55	17030000	3259933	NA
338	Pulse	55	17040000	3269933	NA
338	Pulse	55	17050000	3279933	NA
338	Pulse	55	17060000	3289933	NA
338	Pulse	55	17070000	3299933	NA
338	Pulse	55	17080000	3309933	NA
338	Pulse	55	17090000	3319933	NA
338	Pulse	55	17100000	3329933	NA
338	Pulse	55	17110000	3339933	NA
338	Pulse	55	17120000	3349933	NA
338	Pulse	55	17130000	3359933	NA
338	Pulse	55	17140000	3369933	NA
338	Pulse	55	17150000	3379933	NA
338	Pulse	55	17160000	3389933	NA
338	Pulse	55	17170000	3399933	NA
338	Pulse	55	17180000	3409933	NA
338	Pulse	55	17190000	3419933	NA
338	Pulse	55	17200000	3429933	NA
338	Pulse	55	17210000	3439933	NA
338	Pulse	55	17220000	3449933	NA
338	Pulse	55	17230000	3459933	NA
338	Pulse	55	17240000	3469933	NA
338	Pulse	55	17250000	3479933	NA
338	Pulse	55	17260000	3489933	NA
338	Pulse	55	17270000	3499933	NA
338	Pulse	55	17280000	3509933	NA
338	Pulse	55	17290000	3519933	NA
338	Pulse	55	17300000	3529933	NA
338	Pulse	55	17310000	3539933	NA
338	Pulse	55	17320000	3549933	NA
338	Pulse	55	17330000	3559933	NA
338	Pulse	55	17340000	3569933	NA
338	Pulse	55	17350000	3579933	NA
338	Pulse	55	17360000	3589933	NA
338	Pulse	55	17370000	3599933	NA
338	Pulse	55	17380000	3609933	NA
338	Pulse	55	17390000	3619933	NA
338	Pulse	55	17400000	3629933	NA
338	Pulse	55	17410000	3639933	NA
338	Pulse	55	17420000	3649933	NA
338	Pulse	55	17430000	3659933	NA
338	Pulse	55	17440000	3669933	NA
338	Pulse	55	17450000	3679933	NA
338	Pulse	55	17460000	3689933	NA
338	Pulse	55	17470000	3699933	NA
338	Pulse	55	17480000	3709933	NA
338	Pulse	55	17490000	3719933	NA
338	Pulse	55	17500000	3729933	NA
338	Pulse	55	17510000	3739933	NA
338	Pulse	55	17520000	3749933	NA
338	Pulse	55	17530000	3759933	NA
338	Pulse	55	17540000	3769933	NA
338	Pulse	55	17550000	3779933	NA
338	Pulse	55	17560000	3789933	NA
338	Pulse	55	17570000	3799933	NA
338	Pulse	55	17580000	3809933	NA
338	Pulse	55	17590000	3819933	NA
338	Pulse	55	17600000	3829933	NA
338	Pulse	55	17610000	3839933	NA
338	Pulse	55	17620000	3849933	NA
338	Pulse	55	17630000	3859933	NA
338	Pulse	55	17640000	3869933	NA
338	Pulse	55	17650000	3879933	NA
338	Pulse	55	17660000	3889933	NA
338	Pulse	55	17670000	3899933	NA
338	Pulse	55	17680000	3909933	NA
338	Pulse	55	17690000	3919933	NA
338	Pulse	55	17700000	3929933	NA
338	Pulse	55	17710000	3939933	NA
338	Pulse	55	17720000	3949933	NA
338	Pulse	55	17730000	3959933	NA
338	Pulse	55	17740000	3969933	NA
338	Pulse	55	17750000	3979933	NA
338	Pulse	55	17760000	3989933	NA
338	Pulse	55	17770000	3999933	NA
338	Pulse	55	17780000	4009933	NA
338	Pulse	55	17790000	4019933	NA
338	Pulse	55	17800000	4029933	NA
338	Pulse	55	17810000	4039933	NA
338	Pulse	55	17820000	4049933	NA
338	Pulse	55	17830000	4059933	NA
338	Pulse	55	17840000	4069933	NA
338	Pulse	55	17850000	4079933	NA
338	Pulse	55	17860000	4089933	NA
338	Pulse	55	17870000	4099933	NA
338	Pulse	55	17880000	4109933	NA
338	Pulse	55	17890000	4119933	NA
338	Pulse	55	17900000	4129933	NA
338	Pulse	55	17910000	4139933	NA
338	Pulse	55	17920000	4149933	NA
338	Pulse	55	17930000	4159933	NA
338	Pulse	55	17940000	4169933	NA
338	Pulse	55	17950000	4179933	NA
338	Pulse	55	17960000	4189933	NA
338	Pulse	55	17970000	4199933	NA
338	Pulse	55	17980000	4209933	NA
338	Pulse	55	17990000	4219933	NA
338	Pulse	55	18000000	4229933	NA
338	Pulse	55	18010000	4239933	NA
338	Pulse	55	18020000	4249933	NA
338	Pulse	55	18030000	4259933	NA
338	Pulse	55	18040000	4269933	NA
338	Pulse	55	18050000	4279933	NA
338	Pulse	55	18060000	4289933	NA
338	Pulse	55	18070000	4299933	NA
338	Pulse	55	18080000	4309933	NA
338	Pulse	55	18090000	4319933	NA
338	Pulse	55	18100000	4329933	NA
338	Pulse	55	18110000	4339933	NA
338	Pulse	55	18120000	4349933	NA
338	Pulse	55	18130000	4359933	NA
338	Pulse	55	18140000	4369933	NA
338	Pulse	55	18150000	4379933	NA
338	Pulse	55	18160000	4389933	NA
338	Pulse	55	18170000	4399933	NA
338	Pulse	55	18180000	4409933	NA
338	Pulse	55	18190000	4419933	NA
338	Pulse	55	18200000	4429933	NA
338	Pulse	55	18210000	4439933	NA
338	Pulse	55	18220000	4449933	NA
338	Pulse	55	18230000	4459933	NA
338	Pulse	55	18240000	4469933	NA
338	Pulse	55	18250000	4479933	NA
338	Pulse	55	18260000	4489933	NA
338	Pulse	55	18270000	4499933	NA
338	Pulse	55	18280000	4509933	NA
338	Pulse	55	18290000	4519933	NA
338	Pulse	55	18300000	4529933	NA
338	Pulse	55	18310000	4539933	NA
338	Pulse	55	18320000	4549933	NA
338	Pulse	55	18330000	4559933	NA
338	Pulse	55	18340000	4569933	NA
338	Pulse	55	18350000	4579933	NA
338	Pulse	55	18360000	4589933	NA
338	Pulse	55	18370000	4599933	NA
338	Pulse	55	18380000	4609933	NA
338	Pulse	55	18390000	4619933	NA
338	Pulse	55	18400000	4629933	NA
338	Pulse	55	18410000	4639933	NA
338	Pulse	55	18420000	4649933	NA
338	Pulse	55	18430000	4659933	NA
338	Pulse	55	18440000	4669933	NA
338	Pulse	55	18450000	4679933	NA
338	Pulse	55	18460000	4689933	NA
338	Pulse	55	18470000	4699933	NA
338	Pulse	55	18480000	4709933	NA
338	Pulse	55	18490000	4719933	NA
338	Pulse	55	18500000	4729933	NA
338	Pulse	55	18510000	4739933	NA
338	Pulse	55	18520000	4749933	NA
338	Pulse	55	18530000	4759933	NA
338	Pulse	55	18540000	4769933	NA
338	Pulse	55	18550000	4779933	NA
338	Pulse	55	18560000	4789933	NA
338	Pulse	55	18570000	4799933	NA
338	Pulse	55	18580000	4809933	NA
338	Pulse	55	18590000	4819933	NA
338	Pulse	55	18600000	4829933	NA
338	Pulse	55	18610000	4839933	NA
338	Pulse	55	18620000	4849933	NA
338	Pulse	55	18630000	4859933	NA
338	Pulse	55	18640000	4869933	NA
338	Pulse	55	18650000	4879933	NA
338	Pulse	55	18660000	4889933	NA
338	Pulse	55	18670000	4899933	NA
338	Pulse	55	18680000	4909933	NA
338	Pulse	55	18690000	4919933	NA
338	Pulse	55	18700000	4929933	NA
338	Pulse	55	18710000	4939933	NA
338	Pulse	55	18720000	4949933	NA
338	Pulse	55	18730000	4959933	NA
338	Response	1	18731317	4961250	1
339	Pulse	55	18740000	8621	NA
339	Pulse	55	18750000	18621	NA
339	Pulse	55	18760000	28621	NA
339	Pulse	55	18770000	38621	NA
339	Pulse	55	18780000	48621	NA
339	Pulse	55	18790000	58621	NA
339	Pulse	55	18800000	68621	NA
339	Pulse	55	18810000	78621	NA
339	Pulse	55	18820000	88621	NA
339	Pulse	55	18830000	98621	NA
339	Pulse	55	18840000	108621	NA
339	Pulse	55	18850000	118621	NA
339	Pulse	55	18860000	128621	NA
339	Pulse	55	18870000	138621	NA
339	Pulse	55	18880000	148621	NA
339	Pulse	55	18890000	158621	NA
339	Pulse	55	18900000	168621	NA
339	Pulse	55	18910000	178621	NA
339	Pulse	55	18920000	188621	NA
339	Pulse	55	18930000	198621	NA
339	Pulse	55	18940000	208621	NA
339	Pulse	55	18950000	218621	NA
339	Pulse	55	18960000	228621	NA
339	Pulse	55	18970000	238621	NA
339	Pulse	55	18980000	248621	NA
339	Pulse	55	18990000	258621	NA
339	Pulse	55	19000000	268621	NA
339	Pulse	55	19010000	278621	NA
339	Pulse	55	19020000	288621	NA
339	Pulse	55	19030000	298621	NA
339	Pulse	55	19040000	308621	NA
339	Pulse	55	19050000	318621	NA
339	Pulse	55	19060000	328621	NA
339	Pulse	55	19070000	338621	NA
339	Pulse	55	19080000	348621	NA
339	Pulse	55	19090000	358621	NA
339	Pulse	55	19100000	368621	NA
339	Pulse	55	19110000	378621	NA
339	Pulse	55	19120000	388621	NA
339	Pulse	55	19130000	398621	NA
339	Pulse	55	19140000	408621	NA
339	Pulse	55	19150000	418621	NA
339	Pulse	55	19160000	428621	NA
339	Pulse	55	19170000	438621	NA
339	Pulse	55	19180000	448621	NA
339	Pulse	55	19190000	458621	NA
339	Pulse	55	19200000	468621	NA
339	Pulse	55	19210000	478621	NA
339	Pulse	55	19220000	488621	NA
339	Pulse	55	19230000	498621	NA
339	Pulse	55	19240000	508621	NA
339	Pulse	55	19250000	518621	NA
339	Pulse	55	19260000	528621	NA
339	Pulse	55	19270000	538621	NA
339	Pulse	55	19280000	548621	NA
339	Pulse	55	19290000	558621	NA
339	Pulse	55	19300000	568621	NA
339	Pulse	55	19310000	578621	NA
339	Pulse	55	19320000	588621	NA
339	Pulse	55	19330000	598621	NA
339	Pulse	55	19340000	608621	NA
339	Pulse	55	19350000	618621	NA
339	Pulse	55	19360000	628621	NA
339	Pulse	55	19370000	638621	NA
339	Pulse	55	19380000	648621	NA
339	Pulse	55	19390000	658621	NA
339	Pulse	55	19400000	668621	NA
339	Pulse	55	19410000	678621	NA
339	Pulse	55	19420000	688621	NA
339	Pulse	55	19430000	698621	NA
339	Pulse	55	19440000	708621	NA
339	Pulse	55	19450000	718621	NA
339	Pulse	55	19460000	728621	NA
339	Pulse	55	19470000	738621	NA
339	Pulse	55	19480000	748621	NA
339	Pulse	55	19490000	758621	NA
339	Pulse	55	19500000	768621	NA
339	Pulse	55	19510000	778621	NA
339	Pulse	55	19520000	788621	NA
339	Pulse	55	19530000	798621	NA
339	Pulse	55	19540000	808621	NA
339	Pulse	55	19550000	818621	NA
339	Pulse	55	19560000	828621	NA
339	Pulse	55	19570000	838621	NA
339	Pulse	55	19580000	848621	NA
339	Pulse	55	19590000	858621	NA
339	Pulse	55	19600000	868621	NA
339	Pulse	55	19610000	878621	NA
339	Pulse	55	19620000	888621	NA
339	Pulse	55	19630000	898621	NA
339	Pulse	55	19640000	908621	NA
339	Pulse	55	19650000	918621	NA
339	Pulse	55	19660000	928621	NA
339	Pulse	55	19670000	938621	NA
339	Pulse	55	19680000	948621	NA
339	Pulse	55	19690000	958621	NA
339	Pulse	55	19700000	968621	NA
339	Pulse	55	19710000	978621	NA
339	Pulse	55	19720000	988621	NA
339	Pulse	55	19730000	998621	NA
339	Pulse	55	19740000	1008621	NA
339	Pulse	55	19750000	1018621	NA
339	Pulse	55	19760000	1028621	NA
339	Pulse	55	19770000	1038621	NA
339	Pulse	55	19780000	1048621	NA
339	Pulse	55	19790000	1058621	NA
339	Pulse	55	19800000	1068621	NA
339	Pulse	55	19810000	1078621	NA
339	Pulse	55	19820000	1088621	NA
339	Pulse	55	19830000	1098621	NA
339	Pulse	55	19840000	1108621	NA
339	Pulse	55	19850000	1118621	NA
339	Pulse	55	19860000	1128621	NA
339	Pulse	55	19870000	1138621	NA
339	Pulse	55	19880000	1148621	NA
339	Pulse	55	19890000	1158621	NA
339	Pulse	55	19900000	1168621	NA
339	Pulse	55	19910000	1178621	NA
339	Pulse	55	19920000	1188621	NA
339	Pulse	55	19930000	1198621	NA
339	Pulse	55	19940000	1208621	NA
339	Pulse	55	19950000	1218621	NA
339	Pulse	55	19960000	1228621	NA
339	Pulse	55	19970000	1238621	NA
339	Pulse	55	19980000	1248621	NA
339	Pulse	55	19990000	1258621	NA
339	Pulse	55	20000000	1268621	NA
339	Pulse	55	20010000	1278621	NA
339	Pulse	55	20020000	1288621	NA
339	Pulse	55	20030000	1298621	NA
339	Pulse	55	20040000	1308621	NA
339	Pulse	55	20050000	1318621	NA
339	Pulse	55	20060000	1328621	NA
339	Pulse	55	20070000	1338621	NA
339	Pulse	55	20080000	1348621	NA
339	Pulse	55	20090000	1358621	NA
339	Pulse	55	20100000	1368621	NA
339	Pulse	55	20110000	1378621	NA
339	Pulse	55	20120000	1388621	NA
339	Pulse	55	20130000	1398621	NA
339	Pulse	55	20140000	1408621	NA
339	Pulse	55	20150000	1418621	NA
339	Pulse	55	20160000	1428621	NA
339	Pulse	55	20170000	1438621	NA
339	Pulse	55	20180000	1448621	NA
339	Pulse	55	20190000	1458621	NA
339	Pulse	55	20200000	1468621	NA
339	Pulse	55	20210000	1478621	NA
339	Pulse	55	20220000	1488621	NA
339	Pulse	55	20230000	1498621	NA
339	Pulse	55	20240000	1508621	NA
339	Pulse	55	20250000	1518621	NA
339	Pulse	55	20260000	1528621	NA
339	Pulse	55	20270000	1538621	NA
339	Pulse	55	20280000	1548621	NA
339	Pulse	55	20290000	1558621	NA
339	Pulse	55	20300000	1568621	NA
339	Pulse	55	20310000	1578621	NA
339	Pulse	55	20320000	1588621	NA
339	Pulse	55	20330000	1598621	NA
339	Pulse	55	20340000	1608621	NA
339	Pulse	55	20350000	1618621	NA
339	Pulse	55	20360000	1628621	NA
339	Pulse	55	20370000	1638621	NA
339	Pulse	55	20380000	1648621	NA
339	Response	1	20384917	1653539	1
