Scenario - Slideshow_D2.sce
Logfile written - 10/20/2021 19:51:34

Trial	Event Type	Code	Time	TTime	Uncertainty	Duration	Uncertainty	ReqTime	ReqDur	Stim Type	Pair Index

0	Pulse	55	0	0	NA
1	Pulse	55	10000	9417	NA
1	Pulse	55	20000	19417	NA
1	Pulse	55	30000	29417	NA
1	Pulse	55	40000	39417	NA
2	Pulse	55	50000	8820	NA
2	Pulse	55	60000	18820	NA
2	Pulse	55	70000	28820	NA
2	Pulse	55	80000	38820	NA
3	Pulse	55	90000	8223	NA
3	Pulse	55	100000	18223	NA
3	Pulse	55	110000	28223	NA
3	Pulse	55	120000	38223	NA
4	Pulse	55	130000	7626	NA
4	Pulse	55	140000	17626	NA
4	Pulse	55	150000	27626	NA
4	Pulse	55	160000	37626	NA
5	Pulse	55	170000	7030	NA
5	Pulse	55	180000	17030	NA
5	Pulse	55	190000	27030	NA
5	Pulse	55	200000	37030	NA
6	Pulse	55	210000	6433	NA
6	Pulse	55	220000	16433	NA
6	Pulse	55	230000	26433	NA
6	Pulse	55	240000	36433	NA
7	Pulse	55	250000	5836	NA
7	Pulse	55	260000	15836	NA
7	Pulse	55	270000	25836	NA
7	Pulse	55	280000	35836	NA
8	Pulse	55	290000	5239	NA
8	Pulse	55	300000	15239	NA
8	Pulse	55	310000	25239	NA
8	Pulse	55	320000	35239	NA
9	Pulse	55	330000	4643	NA
9	Pulse	55	340000	14643	NA
9	Pulse	55	350000	24643	NA
9	Pulse	55	360000	34643	NA
10	Pulse	55	370000	4129	NA
10	Pulse	55	380000	14129	NA
10	Pulse	55	390000	24129	NA
10	Pulse	55	400000	34129	NA
11	Pulse	55	410000	3616	NA
11	Pulse	55	420000	13616	NA
11	Pulse	55	430000	23616	NA
11	Pulse	55	440000	33616	NA
12	Pulse	55	450000	3102	NA
12	Pulse	55	460000	13102	NA
12	Pulse	55	470000	23102	NA
12	Pulse	55	480000	33102	NA
13	Pulse	55	490000	2506	NA
13	Pulse	55	500000	12506	NA
13	Pulse	55	510000	22506	NA
13	Pulse	55	520000	32506	NA
14	Pulse	55	530000	1909	NA
14	Pulse	55	540000	11909	NA
14	Pulse	55	550000	21909	NA
14	Pulse	55	560000	31909	NA
15	Pulse	55	570000	1312	NA
15	Pulse	55	580000	11312	NA
15	Pulse	55	590000	21312	NA
15	Pulse	55	600000	31312	NA
16	Pulse	55	610000	715	NA
16	Pulse	55	620000	10715	NA
16	Pulse	55	630000	20715	NA
16	Pulse	55	640000	30715	NA
17	Pulse	55	650000	118	NA
17	Pulse	55	660000	10118	NA
17	Pulse	55	670000	20118	NA
17	Pulse	55	680000	30118	NA
17	Pulse	55	690000	40118	NA
18	Pulse	55	700000	9522	NA
18	Pulse	55	710000	19522	NA
18	Pulse	55	720000	29522	NA
18	Pulse	55	730000	39522	NA
19	Pulse	55	740000	8925	NA
19	Pulse	55	750000	18925	NA
19	Pulse	55	760000	28925	NA
19	Pulse	55	770000	38925	NA
20	Pulse	55	780000	8245	NA
20	Pulse	55	790000	18245	NA
20	Pulse	55	800000	28245	NA
20	Pulse	55	810000	38245	NA
21	Pulse	55	820000	7565	NA
21	Pulse	55	830000	17565	NA
21	Pulse	55	840000	27565	NA
21	Pulse	55	850000	37565	NA
22	Pulse	55	860000	6968	NA
22	Pulse	55	870000	16968	NA
22	Pulse	55	880000	26968	NA
22	Pulse	55	890000	36968	NA
23	Pulse	55	900000	6371	NA
23	Pulse	55	910000	16371	NA
23	Pulse	55	920000	26371	NA
23	Pulse	55	930000	36371	NA
24	Pulse	55	940000	5774	NA
24	Pulse	55	950000	15774	NA
24	Pulse	55	960000	25774	NA
24	Pulse	55	970000	35774	NA
25	Pulse	55	980000	5178	NA
25	Pulse	55	990000	15178	NA
25	Pulse	55	1000000	25178	NA
25	Pulse	55	1010000	35178	NA
26	Pulse	55	1020000	4581	NA
26	Pulse	55	1030000	14581	NA
26	Pulse	55	1040000	24581	NA
26	Pulse	55	1050000	34581	NA
27	Pulse	55	1060000	3984	NA
27	Pulse	55	1070000	13984	NA
27	Pulse	55	1080000	23984	NA
27	Pulse	55	1090000	33984	NA
28	Pulse	55	1100000	3387	NA
28	Pulse	55	1110000	13387	NA
28	Pulse	55	1120000	23387	NA
28	Pulse	55	1130000	33387	NA
29	Pulse	55	1140000	2707	NA
29	Pulse	55	1150000	12707	NA
29	Pulse	55	1160000	22707	NA
29	Pulse	55	1170000	32707	NA
30	Pulse	55	1180000	2110	NA
30	Pulse	55	1190000	12110	NA
30	Pulse	55	1200000	22110	NA
30	Pulse	55	1210000	32110	NA
31	Pulse	55	1220000	1514	NA
31	Pulse	55	1230000	11514	NA
31	Pulse	55	1240000	21514	NA
31	Pulse	55	1250000	31514	NA
32	Pulse	55	1260000	917	NA
32	Pulse	55	1270000	10917	NA
32	Pulse	55	1280000	20917	NA
32	Pulse	55	1290000	30917	NA
33	Pulse	55	1300000	320	NA
33	Pulse	55	1310000	10320	NA
33	Pulse	55	1320000	20320	NA
33	Pulse	55	1330000	30320	NA
33	Pulse	55	1340000	40320	NA
34	Pulse	55	1350000	9723	NA
34	Pulse	55	1360000	19723	NA
34	Pulse	55	1370000	29723	NA
34	Pulse	55	1380000	39723	NA
35	Pulse	55	1390000	9127	NA
35	Pulse	55	1400000	19127	NA
35	Pulse	55	1410000	29127	NA
35	Pulse	55	1420000	39127	NA
36	Pulse	55	1430000	8530	NA
36	Pulse	55	1440000	18530	NA
36	Pulse	55	1450000	28530	NA
36	Pulse	55	1460000	38530	NA
37	Pulse	55	1470000	7933	NA
37	Pulse	55	1480000	17933	NA
37	Pulse	55	1490000	27933	NA
37	Pulse	55	1500000	37933	NA
38	Pulse	55	1510000	7170	NA
38	Pulse	55	1520000	17170	NA
38	Pulse	55	1530000	27170	NA
38	Pulse	55	1540000	37170	NA
39	Pulse	55	1550000	6573	NA
39	Pulse	55	1560000	16573	NA
39	Pulse	55	1570000	26573	NA
39	Pulse	55	1580000	36573	NA
40	Pulse	55	1590000	5976	NA
40	Pulse	55	1600000	15976	NA
40	Pulse	55	1610000	25976	NA
40	Pulse	55	1620000	35976	NA
41	Pulse	55	1630000	5379	NA
41	Pulse	55	1640000	15379	NA
41	Pulse	55	1650000	25379	NA
41	Pulse	55	1660000	35379	NA
42	Pulse	55	1670000	4699	NA
42	Pulse	55	1680000	14699	NA
42	Pulse	55	1690000	24699	NA
42	Pulse	55	1700000	34699	NA
43	Pulse	55	1710000	4102	NA
43	Pulse	55	1720000	14102	NA
43	Pulse	55	1730000	24102	NA
43	Pulse	55	1740000	34102	NA
44	Pulse	55	1750000	3506	NA
44	Pulse	55	1760000	13506	NA
44	Pulse	55	1770000	23506	NA
44	Pulse	55	1780000	33506	NA
45	Pulse	55	1790000	2825	NA
45	Pulse	55	1800000	12825	NA
45	Pulse	55	1810000	22825	NA
45	Pulse	55	1820000	32825	NA
46	Pulse	55	1830000	2062	NA
46	Pulse	55	1840000	12062	NA
46	Pulse	55	1850000	22062	NA
46	Pulse	55	1860000	32062	NA
47	Pulse	55	1870000	1465	NA
47	Pulse	55	1880000	11465	NA
47	Pulse	55	1890000	21465	NA
47	Pulse	55	1900000	31465	NA
48	Pulse	55	1910000	868	NA
48	Pulse	55	1920000	10868	NA
48	Pulse	55	1930000	20868	NA
48	Pulse	55	1940000	30868	NA
49	Pulse	55	1950000	105	NA
49	Pulse	55	1960000	10105	NA
49	Pulse	55	1970000	20105	NA
49	Pulse	55	1980000	30105	NA
49	Pulse	55	1990000	40105	NA
50	Pulse	55	2000000	9508	NA
50	Pulse	55	2010000	19508	NA
50	Pulse	55	2020000	29508	NA
50	Pulse	55	2030000	39508	NA
51	Pulse	55	2040000	8911	NA
51	Pulse	55	2050000	18911	NA
51	Pulse	55	2060000	28911	NA
51	Pulse	55	2070000	38911	NA
52	Pulse	55	2080000	8315	NA
52	Pulse	55	2090000	18315	NA
52	Pulse	55	2100000	28315	NA
52	Pulse	55	2110000	38315	NA
53	Pulse	55	2120000	7551	NA
53	Pulse	55	2130000	17551	NA
53	Pulse	55	2140000	27551	NA
53	Pulse	55	2150000	37551	NA
54	Pulse	55	2160000	6871	NA
54	Pulse	55	2170000	16871	NA
54	Pulse	55	2180000	26871	NA
54	Pulse	55	2190000	36871	NA
55	Pulse	55	2200000	6274	NA
55	Pulse	55	2210000	16274	NA
55	Pulse	55	2220000	26274	NA
55	Pulse	55	2230000	36274	NA
56	Pulse	55	2240000	5511	NA
56	Pulse	55	2250000	15511	NA
56	Pulse	55	2260000	25511	NA
56	Pulse	55	2270000	35511	NA
57	Pulse	55	2280000	4914	NA
57	Pulse	55	2290000	14914	NA
57	Pulse	55	2300000	24914	NA
57	Pulse	55	2310000	34914	NA
58	Pulse	55	2320000	4317	NA
58	Pulse	55	2330000	14317	NA
58	Pulse	55	2340000	24317	NA
58	Pulse	55	2350000	34317	NA
59	Pulse	55	2360000	3721	NA
59	Pulse	55	2370000	13721	NA
59	Pulse	55	2380000	23721	NA
59	Pulse	55	2390000	33721	NA
60	Pulse	55	2400000	3124	NA
60	Pulse	55	2410000	13124	NA
60	Pulse	55	2420000	23124	NA
60	Pulse	55	2430000	33124	NA
61	Pulse	55	2440000	2444	NA
61	Pulse	55	2450000	12444	NA
61	Pulse	55	2460000	22444	NA
61	Pulse	55	2470000	32444	NA
62	Pulse	55	2480000	1764	NA
62	Pulse	55	2490000	11764	NA
62	Pulse	55	2500000	21764	NA
62	Pulse	55	2510000	31764	NA
63	Pulse	55	2520000	1083	NA
63	Pulse	55	2530000	11083	NA
63	Pulse	55	2540000	21083	NA
63	Pulse	55	2550000	31083	NA
64	Pulse	55	2560000	487	NA
64	Pulse	55	2570000	10487	NA
64	Pulse	55	2580000	20487	NA
64	Pulse	55	2590000	30487	NA
64	Pulse	55	2600000	40487	NA
65	Pulse	55	2610000	9806	NA
65	Pulse	55	2620000	19806	NA
65	Pulse	55	2630000	29806	NA
65	Pulse	55	2640000	39806	NA
66	Pulse	55	2650000	9210	NA
66	Pulse	55	2660000	19210	NA
66	Pulse	55	2670000	29210	NA
66	Pulse	55	2680000	39210	NA
67	Pulse	55	2690000	8446	NA
67	Pulse	55	2700000	18446	NA
67	Pulse	55	2710000	28446	NA
67	Pulse	55	2720000	38446	NA
68	Pulse	55	2730000	7849	NA
68	Pulse	55	2740000	17849	NA
68	Pulse	55	2750000	27849	NA
68	Pulse	55	2760000	37849	NA
69	Pulse	55	2770000	7253	NA
69	Pulse	55	2780000	17253	NA
69	Pulse	55	2790000	27253	NA
69	Pulse	55	2800000	37253	NA
70	Pulse	55	2810000	6656	NA
70	Pulse	55	2820000	16656	NA
70	Pulse	55	2830000	26656	NA
70	Pulse	55	2840000	36656	NA
71	Pulse	55	2850000	6059	NA
71	Pulse	55	2860000	16059	NA
71	Pulse	55	2870000	26059	NA
71	Pulse	55	2880000	36059	NA
72	Pulse	55	2890000	5462	NA
72	Pulse	55	2900000	15462	NA
72	Pulse	55	2910000	25462	NA
72	Pulse	55	2920000	35462	NA
73	Pulse	55	2930000	4699	NA
73	Pulse	55	2940000	14699	NA
73	Pulse	55	2950000	24699	NA
73	Pulse	55	2960000	34699	NA
74	Pulse	55	2970000	4102	NA
74	Pulse	55	2980000	14102	NA
74	Pulse	55	2990000	24102	NA
74	Pulse	55	3000000	34102	NA
75	Pulse	55	3010000	3505	NA
75	Pulse	55	3020000	13505	NA
75	Pulse	55	3030000	23505	NA
75	Pulse	55	3040000	33505	NA
76	Pulse	55	3050000	2909	NA
76	Pulse	55	3060000	12909	NA
76	Pulse	55	3070000	22909	NA
76	Pulse	55	3080000	32909	NA
77	Pulse	55	3090000	2312	NA
77	Pulse	55	3100000	12312	NA
77	Pulse	55	3110000	22312	NA
77	Pulse	55	3120000	32312	NA
78	Pulse	55	3130000	1715	NA
78	Pulse	55	3140000	11715	NA
78	Pulse	55	3150000	21715	NA
78	Pulse	55	3160000	31715	NA
79	Pulse	55	3170000	1035	NA
79	Pulse	55	3180000	11035	NA
79	Pulse	55	3190000	21035	NA
79	Pulse	55	3200000	31035	NA
80	Pulse	55	3210000	355	NA
80	Pulse	55	3220000	10355	NA
80	Pulse	55	3230000	20355	NA
80	Pulse	55	3240000	30355	NA
80	Pulse	55	3250000	40355	NA
81	Pulse	55	3260000	9675	NA
81	Pulse	55	3270000	19675	NA
81	Pulse	55	3280000	29675	NA
81	Pulse	55	3290000	39675	NA
82	Pulse	55	3300000	8995	NA
82	Pulse	55	3310000	18995	NA
82	Pulse	55	3320000	28995	NA
82	Pulse	55	3330000	38995	NA
83	Pulse	55	3340000	8398	NA
83	Pulse	55	3350000	18398	NA
83	Pulse	55	3360000	28398	NA
83	Pulse	55	3370000	38398	NA
84	Pulse	55	3380000	7801	NA
84	Pulse	55	3390000	17801	NA
84	Pulse	55	3400000	27801	NA
84	Pulse	55	3410000	37801	NA
85	Pulse	55	3420000	7204	NA
85	Pulse	55	3430000	17204	NA
85	Pulse	55	3440000	27204	NA
85	Pulse	55	3450000	37204	NA
86	Pulse	55	3460000	6524	NA
86	Pulse	55	3470000	16524	NA
86	Pulse	55	3480000	26524	NA
86	Pulse	55	3490000	36524	NA
87	Pulse	55	3500000	5927	NA
87	Pulse	55	3510000	15927	NA
87	Pulse	55	3520000	25927	NA
87	Pulse	55	3530000	35927	NA
88	Pulse	55	3540000	5331	NA
88	Pulse	55	3550000	15331	NA
88	Pulse	55	3560000	25331	NA
88	Pulse	55	3570000	35331	NA
89	Pulse	55	3580000	4734	NA
89	Pulse	55	3590000	14734	NA
89	Pulse	55	3600000	24734	NA
89	Pulse	55	3610000	34734	NA
90	Pulse	55	3620000	4137	NA
90	Pulse	55	3630000	14137	NA
90	Pulse	55	3640000	24137	NA
90	Pulse	55	3650000	34137	NA
91	Pulse	55	3660000	3540	NA
91	Pulse	55	3670000	13540	NA
91	Pulse	55	3680000	23540	NA
91	Pulse	55	3690000	33540	NA
92	Pulse	55	3700000	2944	NA
92	Pulse	55	3710000	12944	NA
92	Pulse	55	3720000	22944	NA
92	Pulse	55	3730000	32944	NA
93	Pulse	55	3740000	2347	NA
93	Pulse	55	3750000	12347	NA
93	Pulse	55	3760000	22347	NA
93	Pulse	55	3770000	32347	NA
94	Pulse	55	3780000	1750	NA
94	Pulse	55	3790000	11750	NA
94	Pulse	55	3800000	21750	NA
94	Pulse	55	3810000	31750	NA
95	Pulse	55	3820000	1153	NA
95	Pulse	55	3830000	11153	NA
95	Pulse	55	3840000	21153	NA
95	Pulse	55	3850000	31153	NA
96	Pulse	55	3860000	557	NA
96	Pulse	55	3870000	10557	NA
96	Pulse	55	3880000	20557	NA
96	Pulse	55	3890000	30557	NA
96	Pulse	55	3900000	40557	NA
97	Pulse	55	3910000	9960	NA
97	Pulse	55	3920000	19960	NA
97	Pulse	55	3930000	29960	NA
97	Pulse	55	3940000	39960	NA
98	Pulse	55	3950000	9280	NA
98	Pulse	55	3960000	19280	NA
98	Pulse	55	3970000	29280	NA
98	Pulse	55	3980000	39280	NA
99	Pulse	55	3990000	8683	NA
99	Pulse	55	4000000	18683	NA
99	Pulse	55	4010000	28683	NA
99	Pulse	55	4020000	38683	NA
100	Pulse	55	4030000	8086	NA
100	Pulse	55	4040000	18086	NA
100	Pulse	55	4050000	28086	NA
100	Pulse	55	4060000	38086	NA
101	Pulse	55	4070000	7489	NA
101	Pulse	55	4080000	17489	NA
101	Pulse	55	4090000	27489	NA
101	Pulse	55	4100000	37489	NA
102	Pulse	55	4110000	6893	NA
102	Pulse	55	4120000	16893	NA
102	Pulse	55	4130000	26893	NA
102	Pulse	55	4140000	36893	NA
103	Pulse	55	4150000	6296	NA
103	Pulse	55	4160000	16296	NA
103	Pulse	55	4170000	26296	NA
103	Pulse	55	4180000	36296	NA
104	Pulse	55	4190000	5616	NA
104	Pulse	55	4200000	15616	NA
104	Pulse	55	4210000	25616	NA
104	Pulse	55	4220000	35616	NA
105	Pulse	55	4230000	5019	NA
105	Pulse	55	4240000	15019	NA
105	Pulse	55	4250000	25019	NA
105	Pulse	55	4260000	35019	NA
106	Pulse	55	4270000	4422	NA
106	Pulse	55	4280000	14422	NA
106	Pulse	55	4290000	24422	NA
106	Pulse	55	4300000	34422	NA
107	Pulse	55	4310000	3909	NA
107	Pulse	55	4320000	13909	NA
107	Pulse	55	4330000	23909	NA
107	Pulse	55	4340000	33909	NA
108	Pulse	55	4350000	3395	NA
108	Pulse	55	4360000	13395	NA
108	Pulse	55	4370000	23395	NA
108	Pulse	55	4380000	33395	NA
109	Pulse	55	4390000	2799	NA
109	Pulse	55	4400000	12799	NA
109	Pulse	55	4410000	22799	NA
109	Pulse	55	4420000	32799	NA
110	Pulse	55	4430000	2202	NA
110	Pulse	55	4440000	12202	NA
110	Pulse	55	4450000	22202	NA
110	Pulse	55	4460000	32202	NA
111	Pulse	55	4470000	1605	NA
111	Pulse	55	4480000	11605	NA
111	Pulse	55	4490000	21605	NA
111	Pulse	55	4500000	31605	NA
112	Pulse	55	4510000	1008	NA
112	Pulse	55	4520000	11008	NA
112	Pulse	55	4530000	21008	NA
112	Pulse	55	4540000	31008	NA
113	Pulse	55	4550000	412	NA
113	Pulse	55	4560000	10412	NA
113	Pulse	55	4570000	20412	NA
113	Pulse	55	4580000	30412	NA
113	Pulse	55	4590000	40412	NA
114	Pulse	55	4600000	9815	NA
114	Pulse	55	4610000	19815	NA
114	Pulse	55	4620000	29815	NA
114	Pulse	55	4630000	39815	NA
115	Pulse	55	4640000	9301	NA
115	Pulse	55	4650000	19301	NA
115	Pulse	55	4660000	29301	NA
115	Pulse	55	4670000	39301	NA
116	Pulse	55	4680000	8705	NA
116	Pulse	55	4690000	18705	NA
116	Pulse	55	4700000	28705	NA
116	Pulse	55	4710000	38705	NA
117	Pulse	55	4720000	8108	NA
117	Pulse	55	4730000	18108	NA
117	Pulse	55	4740000	28108	NA
117	Pulse	55	4750000	38108	NA
118	Pulse	55	4760000	7594	NA
118	Pulse	55	4770000	17594	NA
118	Pulse	55	4780000	27594	NA
118	Pulse	55	4790000	37594	NA
119	Pulse	55	4800000	6998	NA
119	Pulse	55	4810000	16998	NA
119	Pulse	55	4820000	26998	NA
119	Pulse	55	4830000	36998	NA
120	Pulse	55	4840000	6401	NA
120	Pulse	55	4850000	16401	NA
120	Pulse	55	4860000	26401	NA
120	Pulse	55	4870000	36401	NA
121	Pulse	55	4880000	5888	NA
121	Pulse	55	4890000	15888	NA
121	Pulse	55	4900000	25888	NA
121	Pulse	55	4910000	35888	NA
122	Pulse	55	4920000	5291	NA
122	Pulse	55	4930000	15291	NA
122	Pulse	55	4940000	25291	NA
122	Pulse	55	4950000	35291	NA
123	Pulse	55	4960000	4777	NA
123	Pulse	55	4970000	14777	NA
123	Pulse	55	4980000	24777	NA
123	Pulse	55	4990000	34777	NA
124	Pulse	55	5000000	4264	NA
124	Pulse	55	5010000	14264	NA
124	Pulse	55	5020000	24264	NA
124	Pulse	55	5030000	34264	NA
125	Pulse	55	5040000	3751	NA
125	Pulse	55	5050000	13751	NA
125	Pulse	55	5060000	23751	NA
125	Pulse	55	5070000	33751	NA
126	Pulse	55	5080000	3154	NA
126	Pulse	55	5090000	13154	NA
126	Pulse	55	5100000	23154	NA
126	Pulse	55	5110000	33154	NA
127	Pulse	55	5120000	2557	NA
127	Pulse	55	5130000	12557	NA
127	Pulse	55	5140000	22557	NA
127	Pulse	55	5150000	32557	NA
128	Pulse	55	5160000	1877	NA
128	Pulse	55	5170000	11877	NA
128	Pulse	55	5180000	21877	NA
128	Pulse	55	5190000	31877	NA
129	Pulse	55	5200000	1280	NA
129	Pulse	55	5210000	11280	NA
129	Pulse	55	5220000	21280	NA
129	Pulse	55	5230000	31280	NA
130	Pulse	55	5240000	683	NA
130	Pulse	55	5250000	10683	NA
130	Pulse	55	5260000	20683	NA
130	Pulse	55	5270000	30683	NA
131	Pulse	55	5280000	87	NA
131	Pulse	55	5290000	10087	NA
131	Pulse	55	5300000	20087	NA
131	Pulse	55	5310000	30087	NA
131	Pulse	55	5320000	40087	NA
132	Pulse	55	5330000	9573	NA
132	Pulse	55	5340000	19573	NA
132	Pulse	55	5350000	29573	NA
132	Pulse	55	5360000	39573	NA
133	Pulse	55	5370000	8976	NA
133	Pulse	55	5380000	18976	NA
133	Pulse	55	5390000	28976	NA
133	Pulse	55	5400000	38976	NA
134	Pulse	55	5410000	8297	NA
134	Pulse	55	5420000	18297	NA
134	Pulse	55	5430000	28297	NA
134	Pulse	55	5440000	38297	NA
135	Pulse	55	5450000	7700	NA
135	Pulse	55	5460000	17700	NA
135	Pulse	55	5470000	27700	NA
135	Pulse	55	5480000	37700	NA
136	Pulse	55	5490000	7103	NA
136	Pulse	55	5500000	17103	NA
136	Pulse	55	5510000	27103	NA
136	Pulse	55	5520000	37103	NA
137	Pulse	55	5530000	6423	NA
137	Pulse	55	5540000	16423	NA
137	Pulse	55	5550000	26423	NA
137	Pulse	55	5560000	36423	NA
138	Pulse	55	5570000	5909	NA
138	Pulse	55	5580000	15909	NA
138	Pulse	55	5590000	25909	NA
138	Pulse	55	5600000	35909	NA
139	Pulse	55	5610000	5313	NA
139	Pulse	55	5620000	15313	NA
139	Pulse	55	5630000	25313	NA
139	Pulse	55	5640000	35313	NA
140	Pulse	55	5650000	4716	NA
140	Pulse	55	5660000	14716	NA
140	Pulse	55	5670000	24716	NA
140	Pulse	55	5680000	34716	NA
141	Pulse	55	5690000	4202	NA
141	Pulse	55	5700000	14202	NA
141	Pulse	55	5710000	24202	NA
141	Pulse	55	5720000	34202	NA
142	Pulse	55	5730000	3606	NA
142	Pulse	55	5740000	13606	NA
142	Pulse	55	5750000	23606	NA
142	Pulse	55	5760000	33606	NA
143	Pulse	55	5770000	3009	NA
143	Pulse	55	5780000	13009	NA
143	Pulse	55	5790000	23009	NA
143	Pulse	55	5800000	33009	NA
144	Pulse	55	5810000	2495	NA
144	Pulse	55	5820000	12495	NA
144	Pulse	55	5830000	22495	NA
144	Pulse	55	5840000	32495	NA
145	Pulse	55	5850000	1982	NA
145	Pulse	55	5860000	11982	NA
145	Pulse	55	5870000	21982	NA
145	Pulse	55	5880000	31982	NA
146	Pulse	55	5890000	1385	NA
146	Pulse	55	5900000	11385	NA
146	Pulse	55	5910000	21385	NA
146	Pulse	55	5920000	31385	NA
147	Pulse	55	5930000	788	NA
147	Pulse	55	5940000	10788	NA
147	Pulse	55	5950000	20788	NA
147	Pulse	55	5960000	30788	NA
148	Pulse	55	5970000	192	NA
148	Pulse	55	5980000	10192	NA
148	Pulse	55	5990000	20192	NA
148	Pulse	55	6000000	30192	NA
148	Pulse	55	6010000	40192	NA
149	Pulse	55	6020000	9595	NA
149	Pulse	55	6030000	19595	NA
149	Pulse	55	6040000	29595	NA
149	Pulse	55	6050000	39595	NA
150	Pulse	55	6060000	8998	NA
150	Pulse	55	6070000	18998	NA
150	Pulse	55	6080000	28998	NA
150	Pulse	55	6090000	38998	NA
151	Pulse	55	6100000	8401	NA
151	Pulse	55	6110000	18401	NA
151	Pulse	55	6120000	28401	NA
151	Pulse	55	6130000	38401	NA
152	Pulse	55	6140000	7805	NA
152	Pulse	55	6150000	17805	NA
152	Pulse	55	6160000	27805	NA
152	Pulse	55	6170000	37805	NA
153	Pulse	55	6180000	7291	NA
153	Pulse	55	6190000	17291	NA
153	Pulse	55	6200000	27291	NA
153	Pulse	55	6210000	37291	NA
154	Pulse	55	6220000	6778	NA
154	Pulse	55	6230000	16778	NA
154	Pulse	55	6240000	26778	NA
154	Pulse	55	6250000	36778	NA
155	Pulse	55	6260000	6348	NA
155	Pulse	55	6270000	16348	NA
155	Pulse	55	6280000	26348	NA
155	Pulse	55	6290000	36348	NA
156	Pulse	55	6300000	5834	NA
156	Pulse	55	6310000	15834	NA
156	Pulse	55	6320000	25834	NA
156	Pulse	55	6330000	35834	NA
157	Pulse	55	6340000	5321	NA
157	Pulse	55	6350000	15321	NA
157	Pulse	55	6360000	25321	NA
157	Pulse	55	6370000	35321	NA
158	Pulse	55	6380000	4808	NA
158	Pulse	55	6390000	14808	NA
158	Pulse	55	6400000	24808	NA
158	Pulse	55	6410000	34808	NA
159	Pulse	55	6420000	4211	NA
159	Pulse	55	6430000	14211	NA
159	Pulse	55	6440000	24211	NA
159	Pulse	55	6450000	34211	NA
160	Pulse	55	6460000	3614	NA
160	Pulse	55	6470000	13614	NA
160	Pulse	55	6480000	23614	NA
160	Pulse	55	6490000	33614	NA
161	Pulse	55	6500000	3017	NA
161	Pulse	55	6510000	13017	NA
161	Pulse	55	6520000	23017	NA
161	Pulse	55	6530000	33017	NA
162	Pulse	55	6540000	2504	NA
162	Pulse	55	6550000	12504	NA
162	Pulse	55	6560000	22504	NA
162	Pulse	55	6570000	32504	NA
163	Pulse	55	6580000	1907	NA
163	Pulse	55	6590000	11907	NA
163	Pulse	55	6600000	21907	NA
163	Pulse	55	6610000	31907	NA
164	Pulse	55	6620000	1310	NA
164	Pulse	55	6630000	11310	NA
164	Pulse	55	6640000	21310	NA
164	Pulse	55	6650000	31310	NA
165	Pulse	55	6660000	714	NA
165	Pulse	55	6670000	10714	NA
165	Pulse	55	6680000	20714	NA
165	Pulse	55	6690000	30714	NA
166	Pulse	55	6700000	117	NA
166	Pulse	55	6710000	10117	NA
166	Pulse	55	6720000	20117	NA
166	Pulse	55	6730000	30117	NA
166	Pulse	55	6740000	40117	NA
167	Pulse	55	6750000	9437	NA
167	Pulse	55	6760000	19437	NA
167	Pulse	55	6770000	29437	NA
167	Pulse	55	6780000	39437	NA
168	Pulse	55	6790000	8840	NA
168	Pulse	55	6800000	18840	NA
168	Pulse	55	6810000	28840	NA
168	Pulse	55	6820000	38840	NA
169	Pulse	55	6830000	8327	NA
169	Pulse	55	6840000	18327	NA
169	Pulse	55	6850000	28327	NA
169	Pulse	55	6860000	38327	NA
170	Pulse	55	6870000	7730	NA
170	Pulse	55	6880000	17730	NA
170	Pulse	55	6890000	27730	NA
170	Pulse	55	6900000	37730	NA
171	Pulse	55	6910000	7216	NA
171	Pulse	55	6920000	17216	NA
171	Pulse	55	6930000	27216	NA
171	Pulse	55	6940000	37216	NA
172	Pulse	55	6950000	6703	NA
172	Pulse	55	6960000	16703	NA
172	Pulse	55	6970000	26703	NA
172	Pulse	55	6980000	36703	NA
173	Pulse	55	6990000	6106	NA
173	Pulse	55	7000000	16106	NA
173	Pulse	55	7010000	26106	NA
173	Pulse	55	7020000	36106	NA
174	Pulse	55	7030000	5676	NA
174	Pulse	55	7040000	15676	NA
174	Pulse	55	7050000	25676	NA
174	Pulse	55	7060000	35676	NA
175	Pulse	55	7070000	5163	NA
175	Pulse	55	7080000	15163	NA
175	Pulse	55	7090000	25163	NA
175	Pulse	55	7100000	35163	NA
176	Pulse	55	7110000	4566	NA
176	Pulse	55	7120000	14566	NA
176	Pulse	55	7130000	24566	NA
176	Pulse	55	7140000	34566	NA
177	Pulse	55	7150000	3969	NA
177	Pulse	55	7160000	13969	NA
177	Pulse	55	7170000	23969	NA
177	Pulse	55	7180000	33969	NA
178	Pulse	55	7190000	3456	NA
178	Pulse	55	7200000	13456	NA
178	Pulse	55	7210000	23456	NA
178	Pulse	55	7220000	33456	NA
179	Pulse	55	7230000	2942	NA
179	Pulse	55	7240000	12942	NA
179	Pulse	55	7250000	22942	NA
179	Pulse	55	7260000	32942	NA
180	Pulse	55	7270000	2346	NA
180	Pulse	55	7280000	12346	NA
180	Pulse	55	7290000	22346	NA
180	Pulse	55	7300000	32346	NA
181	Pulse	55	7310000	1666	NA
181	Pulse	55	7320000	11666	NA
181	Pulse	55	7330000	21666	NA
181	Pulse	55	7340000	31666	NA
182	Pulse	55	7350000	1069	NA
182	Pulse	55	7360000	11069	NA
182	Pulse	55	7370000	21069	NA
182	Pulse	55	7380000	31069	NA
183	Pulse	55	7390000	472	NA
183	Pulse	55	7400000	10472	NA
183	Pulse	55	7410000	20472	NA
183	Pulse	55	7420000	30472	NA
183	Pulse	55	7430000	40472	NA
184	Pulse	55	7440000	9875	NA
184	Pulse	55	7450000	19875	NA
184	Pulse	55	7460000	29875	NA
184	Pulse	55	7470000	39875	NA
185	Pulse	55	7480000	9362	NA
185	Pulse	55	7490000	19362	NA
185	Pulse	55	7500000	29362	NA
185	Pulse	55	7510000	39362	NA
186	Pulse	55	7520000	8765	NA
186	Pulse	55	7530000	18765	NA
186	Pulse	55	7540000	28765	NA
186	Pulse	55	7550000	38765	NA
187	Pulse	55	7560000	8085	NA
187	Pulse	55	7570000	18085	NA
187	Pulse	55	7580000	28085	NA
187	Pulse	55	7590000	38085	NA
188	Pulse	55	7600000	7488	NA
188	Pulse	55	7610000	17488	NA
188	Pulse	55	7620000	27488	NA
188	Pulse	55	7630000	37488	NA
189	Pulse	55	7640000	6808	NA
189	Pulse	55	7650000	16808	NA
189	Pulse	55	7660000	26808	NA
189	Pulse	55	7670000	36808	NA
190	Pulse	55	7680000	6211	NA
190	Pulse	55	7690000	16211	NA
190	Pulse	55	7700000	26211	NA
190	Pulse	55	7710000	36211	NA
191	Pulse	55	7720000	5615	NA
191	Pulse	55	7730000	15615	NA
191	Pulse	55	7740000	25615	NA
191	Pulse	55	7750000	35615	NA
192	Pulse	55	7760000	5018	NA
192	Pulse	55	7770000	15018	NA
192	Pulse	55	7780000	25018	NA
192	Pulse	55	7790000	35018	NA
193	Pulse	55	7800000	4421	NA
193	Pulse	55	7810000	14421	NA
193	Pulse	55	7820000	24421	NA
193	Pulse	55	7830000	34421	NA
194	Pulse	55	7840000	3824	NA
194	Pulse	55	7850000	13824	NA
194	Pulse	55	7860000	23824	NA
194	Pulse	55	7870000	33824	NA
195	Pulse	55	7880000	3227	NA
195	Pulse	55	7890000	13227	NA
195	Pulse	55	7900000	23227	NA
195	Pulse	55	7910000	33227	NA
196	Pulse	55	7920000	2548	NA
196	Pulse	55	7930000	12548	NA
196	Pulse	55	7940000	22548	NA
196	Pulse	55	7950000	32548	NA
197	Pulse	55	7960000	1951	NA
197	Pulse	55	7970000	11951	NA
197	Pulse	55	7980000	21951	NA
197	Pulse	55	7990000	31951	NA
198	Pulse	55	8000000	1437	NA
198	Pulse	55	8010000	11437	NA
198	Pulse	55	8020000	21437	NA
198	Pulse	55	8030000	31437	NA
199	Pulse	55	8040000	840	NA
199	Pulse	55	8050000	10840	NA
199	Pulse	55	8060000	20840	NA
199	Pulse	55	8070000	30840	NA
200	Pulse	55	8080000	244	NA
200	Pulse	55	8090000	10244	NA
200	Pulse	55	8100000	20244	NA
200	Pulse	55	8110000	30244	NA
200	Pulse	55	8120000	40244	NA
201	Pulse	55	8130000	9730	NA
201	Pulse	55	8140000	19730	NA
201	Pulse	55	8150000	29730	NA
201	Pulse	55	8160000	39730	NA
202	Pulse	55	8170000	9133	NA
202	Pulse	55	8180000	19133	NA
202	Pulse	55	8190000	29133	NA
202	Pulse	55	8200000	39133	NA
203	Pulse	55	8210000	8620	NA
203	Pulse	55	8220000	18620	NA
203	Pulse	55	8230000	28620	NA
203	Pulse	55	8240000	38620	NA
204	Pulse	55	8250000	8023	NA
204	Pulse	55	8260000	18023	NA
204	Pulse	55	8270000	28023	NA
204	Pulse	55	8280000	38023	NA
205	Pulse	55	8290000	7510	NA
205	Pulse	55	8300000	17510	NA
205	Pulse	55	8310000	27510	NA
205	Pulse	55	8320000	37510	NA
206	Pulse	55	8330000	6913	NA
206	Pulse	55	8340000	16913	NA
206	Pulse	55	8350000	26913	NA
206	Pulse	55	8360000	36913	NA
207	Pulse	55	8370000	6400	NA
207	Pulse	55	8380000	16400	NA
207	Pulse	55	8390000	26400	NA
207	Pulse	55	8400000	36400	NA
208	Pulse	55	8410000	5886	NA
208	Pulse	55	8420000	15886	NA
208	Pulse	55	8430000	25886	NA
208	Pulse	55	8440000	35886	NA
209	Pulse	55	8450000	5290	NA
209	Pulse	55	8460000	15290	NA
209	Pulse	55	8470000	25290	NA
209	Pulse	55	8480000	35290	NA
210	Pulse	55	8490000	4776	NA
210	Pulse	55	8500000	14776	NA
210	Pulse	55	8510000	24776	NA
210	Pulse	55	8520000	34776	NA
211	Pulse	55	8530000	4263	NA
211	Pulse	55	8540000	14263	NA
211	Pulse	55	8550000	24263	NA
211	Pulse	55	8560000	34263	NA
212	Pulse	55	8570000	3749	NA
212	Pulse	55	8580000	13749	NA
212	Pulse	55	8590000	23749	NA
212	Pulse	55	8600000	33749	NA
213	Pulse	55	8610000	3236	NA
213	Pulse	55	8620000	13236	NA
213	Pulse	55	8630000	23236	NA
213	Pulse	55	8640000	33236	NA
214	Pulse	55	8650000	2723	NA
214	Pulse	55	8660000	12723	NA
214	Pulse	55	8670000	22723	NA
214	Pulse	55	8680000	32723	NA
215	Pulse	55	8690000	2126	NA
215	Pulse	55	8700000	12126	NA
215	Pulse	55	8710000	22126	NA
215	Pulse	55	8720000	32126	NA
216	Pulse	55	8730000	1529	NA
216	Pulse	55	8740000	11529	NA
216	Pulse	55	8750000	21529	NA
216	Pulse	55	8760000	31529	NA
217	Pulse	55	8770000	1182	NA
217	Pulse	55	8780000	11182	NA
217	Pulse	55	8790000	21182	NA
217	Pulse	55	8800000	31182	NA
218	Pulse	55	8810000	586	NA
218	Pulse	55	8820000	10586	NA
218	Pulse	55	8830000	20586	NA
218	Pulse	55	8840000	30586	NA
219	Pulse	55	8850000	72	NA
219	Pulse	55	8860000	10072	NA
219	Pulse	55	8870000	20072	NA
219	Pulse	55	8880000	30072	NA
219	Pulse	55	8890000	40072	NA
220	Pulse	55	8900000	9475	NA
220	Pulse	55	8910000	19475	NA
220	Pulse	55	8920000	29475	NA
220	Pulse	55	8930000	39475	NA
221	Pulse	55	8940000	8879	NA
221	Pulse	55	8950000	18879	NA
221	Pulse	55	8960000	28879	NA
221	Pulse	55	8970000	38879	NA
222	Pulse	55	8980000	8365	NA
222	Pulse	55	8990000	18365	NA
222	Pulse	55	9000000	28365	NA
222	Pulse	55	9010000	38365	NA
223	Pulse	55	9020000	7768	NA
223	Pulse	55	9030000	17768	NA
223	Pulse	55	9040000	27768	NA
223	Pulse	55	9050000	37768	NA
224	Pulse	55	9060000	7172	NA
224	Pulse	55	9070000	17172	NA
224	Pulse	55	9080000	27172	NA
224	Pulse	55	9090000	37172	NA
225	Pulse	55	9100000	6742	NA
225	Pulse	55	9110000	16742	NA
225	Pulse	55	9120000	26742	NA
225	Pulse	55	9130000	36742	NA
226	Pulse	55	9140000	6228	NA
226	Pulse	55	9150000	16228	NA
226	Pulse	55	9160000	26228	NA
226	Pulse	55	9170000	36228	NA
227	Pulse	55	9180000	5631	NA
227	Pulse	55	9190000	15631	NA
227	Pulse	55	9200000	25631	NA
227	Pulse	55	9210000	35631	NA
228	Pulse	55	9220000	5035	NA
228	Pulse	55	9230000	15035	NA
228	Pulse	55	9240000	25035	NA
228	Pulse	55	9250000	35035	NA
229	Pulse	55	9260000	4438	NA
229	Pulse	55	9270000	14438	NA
229	Pulse	55	9280000	24438	NA
229	Pulse	55	9290000	34438	NA
230	Pulse	55	9300000	3925	NA
230	Pulse	55	9310000	13925	NA
230	Pulse	55	9320000	23925	NA
230	Pulse	55	9330000	33925	NA
231	Pulse	55	9340000	3411	NA
231	Pulse	55	9350000	13411	NA
231	Pulse	55	9360000	23411	NA
231	Pulse	55	9370000	33411	NA
232	Pulse	55	9380000	2814	NA
232	Pulse	55	9390000	12814	NA
232	Pulse	55	9400000	22814	NA
232	Pulse	55	9410000	32814	NA
233	Pulse	55	9420000	2218	NA
233	Pulse	55	9430000	12218	NA
233	Pulse	55	9440000	22218	NA
233	Pulse	55	9450000	32218	NA
234	Pulse	55	9460000	1621	NA
234	Pulse	55	9470000	11621	NA
234	Pulse	55	9480000	21621	NA
234	Pulse	55	9490000	31621	NA
235	Pulse	55	9500000	1024	NA
235	Pulse	55	9510000	11024	NA
235	Pulse	55	9520000	21024	NA
235	Pulse	55	9530000	31024	NA
236	Pulse	55	9540000	427	NA
236	Pulse	55	9550000	10427	NA
236	Pulse	55	9560000	20427	NA
236	Pulse	55	9570000	30427	NA
236	Pulse	55	9580000	40427	NA
237	Pulse	55	9590000	9831	NA
237	Pulse	55	9600000	19831	NA
237	Pulse	55	9610000	29831	NA
237	Pulse	55	9620000	39831	NA
238	Pulse	55	9630000	9234	NA
238	Pulse	55	9640000	19234	NA
238	Pulse	55	9650000	29234	NA
238	Pulse	55	9660000	39234	NA
239	Pulse	55	9670000	8720	NA
239	Pulse	55	9680000	18720	NA
239	Pulse	55	9690000	28720	NA
239	Pulse	55	9700000	38720	NA
240	Pulse	55	9710000	8124	NA
240	Pulse	55	9720000	18124	NA
240	Pulse	55	9730000	28124	NA
240	Pulse	55	9740000	38124	NA
241	Pulse	55	9750000	7610	NA
241	Pulse	55	9760000	17610	NA
241	Pulse	55	9770000	27610	NA
241	Pulse	55	9780000	37610	NA
242	Pulse	55	9790000	7013	NA
242	Pulse	55	9800000	17013	NA
242	Pulse	55	9810000	27013	NA
242	Pulse	55	9820000	37013	NA
243	Pulse	55	9830000	6417	NA
243	Pulse	55	9840000	16417	NA
243	Pulse	55	9850000	26417	NA
243	Pulse	55	9860000	36417	NA
244	Pulse	55	9870000	5820	NA
244	Pulse	55	9880000	15820	NA
244	Pulse	55	9890000	25820	NA
244	Pulse	55	9900000	35820	NA
245	Pulse	55	9910000	5307	NA
245	Pulse	55	9920000	15307	NA
245	Pulse	55	9930000	25307	NA
245	Pulse	55	9940000	35307	NA
246	Pulse	55	9950000	4710	NA
246	Pulse	55	9960000	14710	NA
246	Pulse	55	9970000	24710	NA
246	Pulse	55	9980000	34710	NA
247	Pulse	55	9990000	4113	NA
247	Pulse	55	10000000	14113	NA
247	Pulse	55	10010000	24113	NA
247	Pulse	55	10020000	34113	NA
248	Pulse	55	10030000	3516	NA
248	Pulse	55	10040000	13516	NA
248	Pulse	55	10050000	23516	NA
248	Pulse	55	10060000	33516	NA
249	Pulse	55	10070000	2919	NA
249	Pulse	55	10080000	12919	NA
249	Pulse	55	10090000	22919	NA
249	Pulse	55	10100000	32919	NA
250	Pulse	55	10110000	2323	NA
250	Pulse	55	10120000	12323	NA
250	Pulse	55	10130000	22323	NA
250	Pulse	55	10140000	32323	NA
251	Pulse	55	10150000	1726	NA
251	Pulse	55	10160000	11726	NA
251	Pulse	55	10170000	21726	NA
251	Pulse	55	10180000	31726	NA
252	Pulse	55	10190000	1129	NA
252	Pulse	55	10200000	11129	NA
252	Pulse	55	10210000	21129	NA
252	Pulse	55	10220000	31129	NA
253	Pulse	55	10230000	532	NA
253	Pulse	55	10240000	10532	NA
253	Pulse	55	10250000	20532	NA
253	Pulse	55	10260000	30532	NA
253	Pulse	55	10270000	40532	NA
254	Pulse	55	10280000	9936	NA
254	Pulse	55	10290000	19936	NA
254	Pulse	55	10300000	29936	NA
254	Pulse	55	10310000	39936	NA
255	Pulse	55	10320000	9422	NA
255	Pulse	55	10330000	19422	NA
255	Pulse	55	10340000	29422	NA
255	Pulse	55	10350000	39422	NA
256	Pulse	55	10360000	8909	NA
256	Pulse	55	10370000	18909	NA
256	Pulse	55	10380000	28909	NA
256	Pulse	55	10390000	38909	NA
257	Pulse	55	10400000	8395	NA
257	Pulse	55	10410000	18395	NA
257	Pulse	55	10420000	28395	NA
257	Pulse	55	10430000	38395	NA
258	Pulse	55	10440000	7799	NA
258	Pulse	55	10450000	17799	NA
258	Pulse	55	10460000	27799	NA
258	Pulse	55	10470000	37799	NA
259	Pulse	55	10480000	7202	NA
259	Pulse	55	10490000	17202	NA
259	Pulse	55	10500000	27202	NA
259	Pulse	55	10510000	37202	NA
260	Pulse	55	10520000	6605	NA
260	Pulse	55	10530000	16605	NA
260	Pulse	55	10540000	26605	NA
260	Pulse	55	10550000	36605	NA
261	Pulse	55	10560000	6008	NA
261	Pulse	55	10570000	16008	NA
261	Pulse	55	10580000	26008	NA
261	Pulse	55	10590000	36008	NA
262	Pulse	55	10600000	5412	NA
262	Pulse	55	10610000	15412	NA
262	Pulse	55	10620000	25412	NA
262	Pulse	55	10630000	35412	NA
263	Pulse	55	10640000	4815	NA
263	Pulse	55	10650000	14815	NA
263	Pulse	55	10660000	24815	NA
263	Pulse	55	10670000	34815	NA
264	Pulse	55	10680000	4218	NA
264	Pulse	55	10690000	14218	NA
264	Pulse	55	10700000	24218	NA
264	Pulse	55	10710000	34218	NA
265	Pulse	55	10720000	3621	NA
265	Pulse	55	10730000	13621	NA
265	Pulse	55	10740000	23621	NA
265	Pulse	55	10750000	33621	NA
266	Pulse	55	10760000	2941	NA
266	Pulse	55	10770000	12941	NA
266	Pulse	55	10780000	22941	NA
266	Pulse	55	10790000	32941	NA
267	Pulse	55	10800000	2344	NA
267	Pulse	55	10810000	12344	NA
267	Pulse	55	10820000	22344	NA
267	Pulse	55	10830000	32344	NA
268	Pulse	55	10840000	1748	NA
268	Pulse	55	10850000	11748	NA
268	Pulse	55	10860000	21748	NA
268	Pulse	55	10870000	31748	NA
269	Pulse	55	10880000	1151	NA
269	Pulse	55	10890000	11151	NA
269	Pulse	55	10900000	21151	NA
269	Pulse	55	10910000	31151	NA
270	Pulse	55	10920000	554	NA
270	Pulse	55	10930000	10554	NA
270	Pulse	55	10940000	20554	NA
270	Pulse	55	10950000	30554	NA
270	Pulse	55	10960000	40554	NA
271	Pulse	55	10970000	9957	NA
271	Pulse	55	10980000	19957	NA
271	Pulse	55	10990000	29957	NA
271	Pulse	55	11000000	39957	NA
272	Pulse	55	11010000	9361	NA
272	Pulse	55	11020000	19361	NA
272	Pulse	55	11030000	29361	NA
272	Pulse	55	11040000	39361	NA
273	Pulse	55	11050000	8764	NA
273	Pulse	55	11060000	18764	NA
273	Pulse	55	11070000	28764	NA
273	Pulse	55	11080000	38764	NA
274	Pulse	55	11090000	8167	NA
274	Pulse	55	11100000	18167	NA
274	Pulse	55	11110000	28167	NA
274	Pulse	55	11120000	38167	NA
275	Pulse	55	11130000	7570	NA
275	Pulse	55	11140000	17570	NA
275	Pulse	55	11150000	27570	NA
275	Pulse	55	11160000	37570	NA
276	Pulse	55	11170000	6974	NA
276	Pulse	55	11180000	16974	NA
276	Pulse	55	11190000	26974	NA
276	Pulse	55	11200000	36974	NA
277	Pulse	55	11210000	6377	NA
277	Pulse	55	11220000	16377	NA
277	Pulse	55	11230000	26377	NA
277	Pulse	55	11240000	36377	NA
278	Pulse	55	11250000	5780	NA
278	Pulse	55	11260000	15780	NA
278	Pulse	55	11270000	25780	NA
278	Pulse	55	11280000	35780	NA
279	Pulse	55	11290000	5183	NA
279	Pulse	55	11300000	15183	NA
279	Pulse	55	11310000	25183	NA
279	Pulse	55	11320000	35183	NA
280	Pulse	55	11330000	4586	NA
280	Pulse	55	11340000	14586	NA
280	Pulse	55	11350000	24586	NA
280	Pulse	55	11360000	34586	NA
281	Pulse	55	11370000	3990	NA
281	Pulse	55	11380000	13990	NA
281	Pulse	55	11390000	23990	NA
281	Pulse	55	11400000	33990	NA
282	Pulse	55	11410000	3393	NA
282	Pulse	55	11420000	13393	NA
282	Pulse	55	11430000	23393	NA
282	Pulse	55	11440000	33393	NA
283	Pulse	55	11450000	2629	NA
283	Pulse	55	11460000	12629	NA
283	Pulse	55	11470000	22629	NA
283	Pulse	55	11480000	32629	NA
284	Pulse	55	11490000	2033	NA
284	Pulse	55	11500000	12033	NA
284	Pulse	55	11510000	22033	NA
284	Pulse	55	11520000	32033	NA
285	Pulse	55	11530000	1436	NA
285	Pulse	55	11540000	11436	NA
285	Pulse	55	11550000	21436	NA
285	Pulse	55	11560000	31436	NA
286	Pulse	55	11570000	839	NA
286	Pulse	55	11580000	10839	NA
286	Pulse	55	11590000	20839	NA
286	Pulse	55	11600000	30839	NA
287	Pulse	55	11610000	76	NA
287	Pulse	55	11620000	10076	NA
287	Pulse	55	11630000	20076	NA
287	Pulse	55	11640000	30076	NA
287	Pulse	55	11650000	40076	NA
288	Pulse	55	11660000	9479	NA
288	Pulse	55	11670000	19479	NA
288	Pulse	55	11680000	29479	NA
288	Pulse	55	11690000	39479	NA
289	Pulse	55	11700000	8882	NA
289	Pulse	55	11710000	18882	NA
289	Pulse	55	11720000	28882	NA
289	Pulse	55	11730000	38882	NA
290	Pulse	55	11740000	8285	NA
290	Pulse	55	11750000	18285	NA
290	Pulse	55	11760000	28285	NA
290	Pulse	55	11770000	38285	NA
291	Pulse	55	11780000	7522	NA
291	Pulse	55	11790000	17522	NA
291	Pulse	55	11800000	27522	NA
291	Pulse	55	11810000	37522	NA
292	Pulse	55	11820000	6925	NA
292	Pulse	55	11830000	16925	NA
292	Pulse	55	11840000	26925	NA
292	Pulse	55	11850000	36925	NA
293	Pulse	55	11860000	6328	NA
293	Pulse	55	11870000	16328	NA
293	Pulse	55	11880000	26328	NA
293	Pulse	55	11890000	36328	NA
294	Pulse	55	11900000	5565	NA
294	Pulse	55	11910000	15565	NA
294	Pulse	55	11920000	25565	NA
294	Pulse	55	11930000	35565	NA
295	Pulse	55	11940000	4968	NA
295	Pulse	55	11950000	14968	NA
295	Pulse	55	11960000	24968	NA
295	Pulse	55	11970000	34968	NA
296	Pulse	55	11980000	4371	NA
296	Pulse	55	11990000	14371	NA
296	Pulse	55	12000000	24371	NA
296	Pulse	55	12010000	34371	NA
297	Pulse	55	12020000	3775	NA
297	Pulse	55	12030000	13775	NA
297	Pulse	55	12040000	23775	NA
297	Pulse	55	12050000	33775	NA
298	Pulse	55	12060000	3011	NA
298	Pulse	55	12070000	13011	NA
298	Pulse	55	12080000	23011	NA
298	Pulse	55	12090000	33011	NA
299	Pulse	55	12100000	2331	NA
299	Pulse	55	12110000	12331	NA
299	Pulse	55	12120000	22331	NA
299	Pulse	55	12130000	32331	NA
300	Pulse	55	12140000	1734	NA
300	Pulse	55	12150000	11734	NA
300	Pulse	55	12160000	21734	NA
300	Pulse	55	12170000	31734	NA
301	Pulse	55	12180000	971	NA
301	Pulse	55	12190000	10971	NA
301	Pulse	55	12200000	20971	NA
301	Pulse	55	12210000	30971	NA
302	Pulse	55	12220000	374	NA
302	Pulse	55	12230000	10374	NA
302	Pulse	55	12240000	20374	NA
302	Pulse	55	12250000	30374	NA
302	Pulse	55	12260000	40374	NA
303	Pulse	55	12270000	9777	NA
303	Pulse	55	12280000	19777	NA
303	Pulse	55	12290000	29777	NA
303	Pulse	55	12300000	39777	NA
304	Pulse	55	12310000	9180	NA
304	Pulse	55	12320000	19180	NA
304	Pulse	55	12330000	29180	NA
304	Pulse	55	12340000	39180	NA
305	Pulse	55	12350000	8584	NA
305	Pulse	55	12360000	18584	NA
305	Pulse	55	12370000	28584	NA
305	Pulse	55	12380000	38584	NA
306	Pulse	55	12390000	7903	NA
306	Pulse	55	12400000	17903	NA
306	Pulse	55	12410000	27903	NA
306	Pulse	55	12420000	37903	NA
307	Pulse	55	12430000	7223	NA
307	Pulse	55	12440000	17223	NA
307	Pulse	55	12450000	27223	NA
307	Pulse	55	12460000	37223	NA
308	Pulse	55	12470000	6543	NA
308	Pulse	55	12480000	16543	NA
308	Pulse	55	12490000	26543	NA
308	Pulse	55	12500000	36543	NA
309	Pulse	55	12510000	5946	NA
309	Pulse	55	12520000	15946	NA
309	Pulse	55	12530000	25946	NA
309	Pulse	55	12540000	35946	NA
310	Pulse	55	12550000	5266	NA
310	Pulse	55	12560000	15266	NA
310	Pulse	55	12570000	25266	NA
310	Pulse	55	12580000	35266	NA
311	Pulse	55	12590000	4670	NA
311	Pulse	55	12600000	14670	NA
311	Pulse	55	12610000	24670	NA
311	Pulse	55	12620000	34670	NA
312	Pulse	55	12630000	3989	NA
312	Pulse	55	12640000	13989	NA
312	Pulse	55	12650000	23989	NA
312	Pulse	55	12660000	33989	NA
313	Pulse	55	12670000	3393	NA
313	Pulse	55	12680000	13393	NA
313	Pulse	55	12690000	23393	NA
313	Pulse	55	12700000	33393	NA
314	Pulse	55	12710000	2796	NA
314	Pulse	55	12720000	12796	NA
314	Pulse	55	12730000	22796	NA
314	Pulse	55	12740000	32796	NA
315	Pulse	55	12750000	2199	NA
315	Pulse	55	12760000	12199	NA
315	Pulse	55	12770000	22199	NA
315	Pulse	55	12780000	32199	NA
316	Pulse	55	12790000	1602	NA
316	Pulse	55	12800000	11602	NA
316	Pulse	55	12810000	21602	NA
316	Pulse	55	12820000	31602	NA
317	Pulse	55	12830000	1006	NA
317	Pulse	55	12840000	11006	NA
317	Pulse	55	12850000	21006	NA
317	Pulse	55	12860000	31006	NA
318	Pulse	55	12870000	326	NA
318	Pulse	55	12880000	10326	NA
318	Pulse	55	12890000	20326	NA
318	Pulse	55	12900000	30326	NA
318	Pulse	55	12910000	40326	NA
319	Pulse	55	12920000	9729	NA
319	Pulse	55	12930000	19729	NA
319	Pulse	55	12940000	29729	NA
319	Pulse	55	12950000	39729	NA
320	Response	1	12952335	1467	1
320	Pulse	55	12960000	9132	NA
320	Pulse	55	12970000	19132	NA
320	Pulse	55	12980000	29132	NA
320	Pulse	55	12990000	39132	NA
321	Pulse	55	13000000	9035	NA
321	Pulse	55	13010000	19035	NA
322	Pulse	55	13020000	8945	NA
322	Pulse	55	13030000	18945	NA
322	Pulse	55	13040000	28945	NA
322	Pulse	55	13050000	38945	NA
322	Pulse	55	13060000	48945	NA
322	Pulse	55	13070000	58945	NA
322	Pulse	55	13080000	68945	NA
322	Pulse	55	13090000	78945	NA
322	Pulse	55	13100000	88945	NA
322	Pulse	55	13110000	98945	NA
322	Pulse	55	13120000	108945	NA
322	Pulse	55	13130000	118945	NA
322	Pulse	55	13140000	128945	NA
322	Pulse	55	13150000	138945	NA
322	Pulse	55	13160000	148945	NA
322	Pulse	55	13170000	158945	NA
322	Pulse	55	13180000	168945	NA
322	Pulse	55	13190000	178945	NA
322	Pulse	55	13200000	188945	NA
322	Pulse	55	13210000	198945	NA
322	Pulse	55	13220000	208945	NA
322	Pulse	55	13230000	218945	NA
322	Pulse	55	13240000	228945	NA
322	Pulse	55	13250000	238945	NA
322	Pulse	55	13260000	248945	NA
322	Pulse	55	13270000	258945	NA
322	Pulse	55	13280000	268945	NA
322	Pulse	55	13290000	278945	NA
322	Pulse	55	13300000	288945	NA
322	Pulse	55	13310000	298945	NA
322	Response	1	13316335	305281	1
322	Pulse	55	13320000	308945	NA
322	Pulse	55	13330000	318945	NA
323	Pulse	55	13340000	9923	NA
323	Pulse	55	13350000	19923	NA
323	Pulse	55	13360000	29923	NA
323	Pulse	55	13370000	39923	NA
323	Pulse	55	13380000	49923	NA
323	Pulse	55	13390000	59923	NA
323	Pulse	55	13400000	69923	NA
323	Pulse	55	13410000	79923	NA
323	Pulse	55	13420000	89923	NA
323	Pulse	55	13430000	99923	NA
323	Pulse	55	13440000	109923	NA
323	Pulse	55	13450000	119923	NA
323	Pulse	55	13460000	129923	NA
323	Pulse	55	13470000	139923	NA
323	Pulse	55	13480000	149923	NA
323	Pulse	55	13490000	159923	NA
323	Pulse	55	13500000	169923	NA
323	Pulse	55	13510000	179923	NA
323	Pulse	55	13520000	189923	NA
323	Pulse	55	13530000	199923	NA
323	Pulse	55	13540000	209923	NA
323	Pulse	55	13550000	219923	NA
323	Pulse	55	13560000	229923	NA
323	Pulse	55	13570000	239923	NA
323	Pulse	55	13580000	249923	NA
323	Pulse	55	13590000	259923	NA
323	Pulse	55	13600000	269923	NA
323	Pulse	55	13610000	279923	NA
323	Pulse	55	13620000	289923	NA
323	Pulse	55	13630000	299923	NA
323	Pulse	55	13640000	309923	NA
323	Pulse	55	13650000	319923	NA
323	Pulse	55	13660000	329923	NA
323	Pulse	55	13670000	339923	NA
323	Pulse	55	13680000	349923	NA
323	Pulse	55	13690000	359923	NA
323	Pulse	55	13700000	369923	NA
323	Pulse	55	13710000	379923	NA
323	Pulse	55	13720000	389923	NA
323	Pulse	55	13730000	399923	NA
323	Pulse	55	13740000	409923	NA
323	Pulse	55	13750000	419923	NA
323	Pulse	55	13760000	429923	NA
323	Pulse	55	13770000	439923	NA
323	Pulse	55	13780000	449923	NA
323	Pulse	55	13790000	459923	NA
323	Pulse	55	13800000	469923	NA
323	Pulse	55	13810000	479923	NA
323	Pulse	55	13820000	489923	NA
323	Pulse	55	13830000	499923	NA
323	Pulse	55	13840000	509923	NA
323	Pulse	55	13850000	519923	NA
323	Pulse	55	13860000	529923	NA
323	Pulse	55	13870000	539923	NA
323	Pulse	55	13880000	549923	NA
323	Pulse	55	13890000	559923	NA
323	Pulse	55	13900000	569923	NA
323	Pulse	55	13910000	579923	NA
323	Pulse	55	13920000	589923	NA
323	Pulse	55	13930000	599923	NA
323	Pulse	55	13940000	609923	NA
323	Pulse	55	13950000	619923	NA
323	Pulse	55	13960000	629923	NA
323	Pulse	55	13970000	639923	NA
323	Pulse	55	13980000	649923	NA
323	Pulse	55	13990000	659923	NA
323	Pulse	55	14000000	669923	NA
323	Pulse	55	14010000	679923	NA
323	Pulse	55	14020000	689923	NA
323	Pulse	55	14030000	699923	NA
323	Pulse	55	14040000	709923	NA
323	Pulse	55	14050000	719923	NA
323	Pulse	55	14060000	729923	NA
323	Pulse	55	14070000	739923	NA
323	Pulse	55	14080000	749923	NA
323	Pulse	55	14090000	759923	NA
323	Pulse	55	14100000	769923	NA
323	Pulse	55	14110000	779923	NA
323	Pulse	55	14120000	789923	NA
323	Pulse	55	14130000	799923	NA
323	Pulse	55	14140000	809923	NA
323	Pulse	55	14150000	819923	NA
323	Pulse	55	14160000	829923	NA
323	Pulse	55	14170000	839923	NA
323	Pulse	55	14180000	849923	NA
323	Pulse	55	14190000	859923	NA
323	Pulse	55	14200000	869923	NA
323	Pulse	55	14210000	879923	NA
323	Pulse	55	14220000	889923	NA
323	Pulse	55	14230000	899923	NA
323	Pulse	55	14240000	909923	NA
323	Pulse	55	14250000	919923	NA
323	Pulse	55	14260000	929923	NA
323	Pulse	55	14270000	939923	NA
323	Pulse	55	14280000	949923	NA
323	Pulse	55	14290000	959923	NA
323	Pulse	55	14300000	969923	NA
323	Pulse	55	14310000	979923	NA
323	Pulse	55	14320000	989923	NA
323	Pulse	55	14330000	999923	NA
323	Pulse	55	14340000	1009923	NA
323	Pulse	55	14350000	1019923	NA
323	Pulse	55	14360000	1029923	NA
323	Pulse	55	14370000	1039923	NA
323	Pulse	55	14380000	1049923	NA
323	Pulse	55	14390000	1059923	NA
323	Pulse	55	14400000	1069923	NA
323	Pulse	55	14410000	1079923	NA
323	Pulse	55	14420000	1089923	NA
323	Pulse	55	14430000	1099923	NA
323	Pulse	55	14440000	1109923	NA
323	Pulse	55	14450000	1119923	NA
323	Pulse	55	14460000	1129923	NA
323	Pulse	55	14470000	1139923	NA
323	Pulse	55	14480000	1149923	NA
323	Pulse	55	14490000	1159923	NA
323	Pulse	55	14500000	1169923	NA
323	Pulse	55	14510000	1179923	NA
323	Pulse	55	14520000	1189923	NA
323	Pulse	55	14530000	1199923	NA
323	Pulse	55	14540000	1209923	NA
323	Pulse	55	14550000	1219923	NA
323	Pulse	55	14560000	1229923	NA
323	Pulse	55	14570000	1239923	NA
323	Pulse	55	14580000	1249923	NA
323	Pulse	55	14590000	1259923	NA
323	Pulse	55	14600000	1269923	NA
323	Pulse	55	14610000	1279923	NA
323	Pulse	55	14620000	1289923	NA
323	Pulse	55	14630000	1299923	NA
323	Pulse	55	14640000	1309923	NA
323	Pulse	55	14650000	1319923	NA
323	Pulse	55	14660000	1329923	NA
323	Pulse	55	14670000	1339923	NA
323	Pulse	55	14680000	1349923	NA
323	Pulse	55	14690000	1359923	NA
323	Pulse	55	14700000	1369923	NA
323	Pulse	55	14710000	1379923	NA
323	Pulse	55	14720000	1389923	NA
323	Pulse	55	14730000	1399923	NA
323	Pulse	55	14740000	1409923	NA
323	Pulse	55	14750000	1419923	NA
323	Pulse	55	14760000	1429923	NA
323	Pulse	55	14770000	1439923	NA
323	Pulse	55	14780000	1449923	NA
323	Pulse	55	14790000	1459923	NA
323	Pulse	55	14800000	1469923	NA
323	Pulse	55	14810000	1479923	NA
323	Pulse	55	14820000	1489923	NA
323	Pulse	55	14830000	1499923	NA
323	Pulse	55	14840000	1509923	NA
323	Pulse	55	14850000	1519923	NA
323	Pulse	55	14860000	1529923	NA
323	Pulse	55	14870000	1539923	NA
323	Pulse	55	14880000	1549923	NA
323	Pulse	55	14890000	1559923	NA
323	Pulse	55	14900000	1569923	NA
323	Pulse	55	14910000	1579923	NA
323	Pulse	55	14920000	1589923	NA
323	Pulse	55	14930000	1599923	NA
323	Pulse	55	14940000	1609923	NA
323	Pulse	55	14950000	1619923	NA
323	Pulse	55	14960000	1629923	NA
323	Pulse	55	14970000	1639923	NA
323	Pulse	55	14980000	1649923	NA
323	Pulse	55	14990000	1659923	NA
323	Pulse	55	15000000	1669923	NA
323	Pulse	55	15010000	1679923	NA
323	Pulse	55	15020000	1689923	NA
323	Pulse	55	15030000	1699923	NA
323	Pulse	55	15040000	1709923	NA
323	Pulse	55	15050000	1719923	NA
323	Pulse	55	15060000	1729923	NA
323	Pulse	55	15070000	1739923	NA
323	Pulse	55	15080000	1749923	NA
323	Pulse	55	15090000	1759923	NA
323	Pulse	55	15100000	1769923	NA
323	Pulse	55	15110000	1779923	NA
323	Pulse	55	15120000	1789923	NA
323	Pulse	55	15130000	1799923	NA
323	Pulse	55	15140000	1809923	NA
323	Pulse	55	15150000	1819923	NA
323	Pulse	55	15160000	1829923	NA
323	Pulse	55	15170000	1839923	NA
323	Pulse	55	15180000	1849923	NA
323	Pulse	55	15190000	1859923	NA
323	Pulse	55	15200000	1869923	NA
323	Pulse	55	15210000	1879923	NA
323	Pulse	55	15220000	1889923	NA
323	Pulse	55	15230000	1899923	NA
323	Pulse	55	15240000	1909923	NA
323	Pulse	55	15250000	1919923	NA
323	Pulse	55	15260000	1929923	NA
323	Pulse	55	15270000	1939923	NA
323	Pulse	55	15280000	1949923	NA
323	Pulse	55	15290000	1959923	NA
323	Pulse	55	15300000	1969923	NA
323	Pulse	55	15310000	1979923	NA
323	Pulse	55	15320000	1989923	NA
323	Pulse	55	15330000	1999923	NA
323	Pulse	55	15340000	2009923	NA
323	Pulse	55	15350000	2019923	NA
323	Pulse	55	15360000	2029923	NA
323	Pulse	55	15370000	2039923	NA
323	Pulse	55	15380000	2049923	NA
323	Pulse	55	15390000	2059923	NA
323	Pulse	55	15400000	2069923	NA
323	Pulse	55	15410000	2079923	NA
323	Pulse	55	15420000	2089923	NA
323	Pulse	55	15430000	2099923	NA
323	Pulse	55	15440000	2109923	NA
323	Pulse	55	15450000	2119923	NA
323	Pulse	55	15460000	2129923	NA
323	Pulse	55	15470000	2139923	NA
323	Pulse	55	15480000	2149923	NA
323	Pulse	55	15490000	2159923	NA
323	Pulse	55	15500000	2169923	NA
323	Pulse	55	15510000	2179923	NA
323	Pulse	55	15520000	2189923	NA
323	Pulse	55	15530000	2199923	NA
323	Pulse	55	15540000	2209923	NA
323	Pulse	55	15550000	2219923	NA
323	Pulse	55	15560000	2229923	NA
323	Pulse	55	15570000	2239923	NA
323	Pulse	55	15580000	2249923	NA
323	Pulse	55	15590000	2259923	NA
323	Pulse	55	15600000	2269923	NA
323	Pulse	55	15610000	2279923	NA
323	Pulse	55	15620000	2289923	NA
323	Pulse	55	15630000	2299923	NA
323	Pulse	55	15640000	2309923	NA
323	Pulse	55	15650000	2319923	NA
323	Pulse	55	15660000	2329923	NA
323	Pulse	55	15670000	2339923	NA
323	Pulse	55	15680000	2349923	NA
323	Pulse	55	15690000	2359923	NA
323	Pulse	55	15700000	2369923	NA
323	Pulse	55	15710000	2379923	NA
323	Pulse	55	15720000	2389923	NA
323	Pulse	55	15730000	2399923	NA
323	Pulse	55	15740000	2409923	NA
323	Pulse	55	15750000	2419923	NA
323	Pulse	55	15760000	2429923	NA
323	Pulse	55	15770000	2439923	NA
323	Pulse	55	15780000	2449923	NA
323	Pulse	55	15790000	2459923	NA
323	Pulse	55	15800000	2469923	NA
323	Pulse	55	15810000	2479923	NA
323	Pulse	55	15820000	2489923	NA
323	Pulse	55	15830000	2499923	NA
323	Pulse	55	15840000	2509923	NA
323	Pulse	55	15850000	2519923	NA
323	Pulse	55	15860000	2529923	NA
323	Pulse	55	15870000	2539923	NA
323	Pulse	55	15880000	2549923	NA
323	Pulse	55	15890000	2559923	NA
323	Pulse	55	15900000	2569923	NA
323	Pulse	55	15910000	2579923	NA
323	Pulse	55	15920000	2589923	NA
323	Pulse	55	15930000	2599923	NA
323	Pulse	55	15940000	2609923	NA
323	Pulse	55	15950000	2619923	NA
323	Pulse	55	15960000	2629923	NA
323	Pulse	55	15970000	2639923	NA
323	Pulse	55	15980000	2649923	NA
323	Pulse	55	15990000	2659923	NA
323	Pulse	55	16000000	2669923	NA
323	Pulse	55	16010000	2679923	NA
323	Pulse	55	16020000	2689923	NA
323	Pulse	55	16030000	2699923	NA
323	Pulse	55	16040000	2709923	NA
323	Pulse	55	16050000	2719923	NA
323	Pulse	55	16060000	2729923	NA
323	Pulse	55	16070000	2739923	NA
323	Pulse	55	16080000	2749923	NA
323	Pulse	55	16090000	2759923	NA
323	Pulse	55	16100000	2769923	NA
323	Pulse	55	16110000	2779923	NA
323	Pulse	55	16120000	2789923	NA
323	Pulse	55	16130000	2799923	NA
323	Pulse	55	16140000	2809923	NA
323	Pulse	55	16150000	2819923	NA
323	Pulse	55	16160000	2829923	NA
323	Pulse	55	16170000	2839923	NA
323	Pulse	55	16180000	2849923	NA
323	Pulse	55	16190000	2859923	NA
323	Pulse	55	16200000	2869923	NA
323	Pulse	55	16210000	2879923	NA
323	Pulse	55	16220000	2889923	NA
323	Pulse	55	16230000	2899923	NA
323	Pulse	55	16240000	2909923	NA
323	Pulse	55	16250000	2919923	NA
323	Pulse	55	16260000	2929923	NA
323	Pulse	55	16270000	2939923	NA
323	Pulse	55	16280000	2949923	NA
323	Pulse	55	16290000	2959923	NA
323	Pulse	55	16300000	2969923	NA
323	Pulse	55	16310000	2979923	NA
323	Pulse	55	16320000	2989923	NA
323	Pulse	55	16330000	2999923	NA
323	Pulse	55	16340000	3009923	NA
323	Pulse	55	16350000	3019923	NA
323	Pulse	55	16360000	3029923	NA
323	Pulse	55	16370000	3039923	NA
323	Pulse	55	16380000	3049923	NA
323	Pulse	55	16390000	3059923	NA
323	Pulse	55	16400000	3069923	NA
323	Pulse	55	16410000	3079923	NA
323	Pulse	55	16420000	3089923	NA
323	Pulse	55	16430000	3099923	NA
323	Pulse	55	16440000	3109923	NA
323	Pulse	55	16450000	3119923	NA
323	Pulse	55	16460000	3129923	NA
323	Pulse	55	16470000	3139923	NA
323	Pulse	55	16480000	3149923	NA
323	Pulse	55	16490000	3159923	NA
323	Pulse	55	16500000	3169923	NA
323	Pulse	55	16510000	3179923	NA
323	Pulse	55	16520000	3189923	NA
323	Pulse	55	16530000	3199923	NA
323	Pulse	55	16540000	3209923	NA
323	Pulse	55	16550000	3219923	NA
323	Pulse	55	16560000	3229923	NA
323	Pulse	55	16570000	3239923	NA
323	Pulse	55	16580000	3249923	NA
323	Pulse	55	16590000	3259923	NA
323	Pulse	55	16600000	3269923	NA
323	Pulse	55	16610000	3279923	NA
323	Pulse	55	16620000	3289923	NA
323	Pulse	55	16630000	3299923	NA
323	Pulse	55	16640000	3309923	NA
323	Pulse	55	16650000	3319923	NA
323	Pulse	55	16660000	3329923	NA
323	Pulse	55	16670000	3339923	NA
323	Pulse	55	16680000	3349923	NA
323	Pulse	55	16690000	3359923	NA
323	Pulse	55	16700000	3369923	NA
323	Pulse	55	16710000	3379923	NA
323	Pulse	55	16720000	3389923	NA
323	Pulse	55	16730000	3399923	NA
323	Pulse	55	16740000	3409923	NA
323	Pulse	55	16750000	3419923	NA
323	Pulse	55	16760000	3429923	NA
323	Pulse	55	16770000	3439923	NA
323	Pulse	55	16780000	3449923	NA
323	Pulse	55	16790000	3459923	NA
323	Pulse	55	16800000	3469923	NA
323	Pulse	55	16810000	3479923	NA
323	Pulse	55	16820000	3489923	NA
323	Pulse	55	16830000	3499923	NA
323	Pulse	55	16840000	3509923	NA
323	Pulse	55	16850000	3519923	NA
323	Pulse	55	16860000	3529923	NA
323	Pulse	55	16870000	3539923	NA
323	Pulse	55	16880000	3549923	NA
323	Pulse	55	16890000	3559923	NA
323	Pulse	55	16900000	3569923	NA
323	Pulse	55	16910000	3579923	NA
323	Pulse	55	16920000	3589923	NA
323	Pulse	55	16930000	3599923	NA
323	Pulse	55	16940000	3609923	NA
323	Pulse	55	16950000	3619923	NA
323	Pulse	55	16960000	3629923	NA
323	Pulse	55	16970000	3639923	NA
323	Pulse	55	16980000	3649923	NA
323	Pulse	55	16990000	3659923	NA
323	Pulse	55	17000000	3669923	NA
323	Pulse	55	17010000	3679923	NA
323	Pulse	55	17020000	3689923	NA
323	Pulse	55	17030000	3699923	NA
323	Pulse	55	17040000	3709923	NA
323	Pulse	55	17050000	3719923	NA
323	Pulse	55	17060000	3729923	NA
323	Pulse	55	17070000	3739923	NA
323	Pulse	55	17080000	3749923	NA
323	Pulse	55	17090000	3759923	NA
323	Pulse	55	17100000	3769923	NA
323	Pulse	55	17110000	3779923	NA
323	Pulse	55	17120000	3789923	NA
323	Pulse	55	17130000	3799923	NA
323	Pulse	55	17140000	3809923	NA
323	Pulse	55	17150000	3819923	NA
323	Pulse	55	17160000	3829923	NA
323	Pulse	55	17170000	3839923	NA
323	Pulse	55	17180000	3849923	NA
323	Pulse	55	17190000	3859923	NA
323	Pulse	55	17200000	3869923	NA
323	Pulse	55	17210000	3879923	NA
323	Pulse	55	17220000	3889923	NA
323	Pulse	55	17230000	3899923	NA
323	Pulse	55	17240000	3909923	NA
323	Pulse	55	17250000	3919923	NA
323	Pulse	55	17260000	3929923	NA
323	Pulse	55	17270000	3939923	NA
323	Pulse	55	17280000	3949923	NA
323	Pulse	55	17290000	3959923	NA
323	Pulse	55	17300000	3969923	NA
323	Pulse	55	17310000	3979923	NA
323	Pulse	55	17320000	3989923	NA
323	Pulse	55	17330000	3999923	NA
323	Pulse	55	17340000	4009923	NA
323	Pulse	55	17350000	4019923	NA
323	Pulse	55	17360000	4029923	NA
323	Pulse	55	17370000	4039923	NA
323	Pulse	55	17380000	4049923	NA
323	Pulse	55	17390000	4059923	NA
323	Pulse	55	17400000	4069923	NA
323	Pulse	55	17410000	4079923	NA
323	Pulse	55	17420000	4089923	NA
323	Pulse	55	17430000	4099923	NA
323	Pulse	55	17440000	4109923	NA
323	Pulse	55	17450000	4119923	NA
323	Pulse	55	17460000	4129923	NA
323	Pulse	55	17470000	4139923	NA
323	Pulse	55	17480000	4149923	NA
323	Pulse	55	17490000	4159923	NA
323	Pulse	55	17500000	4169923	NA
323	Pulse	55	17510000	4179923	NA
323	Pulse	55	17520000	4189923	NA
323	Pulse	55	17530000	4199923	NA
323	Pulse	55	17540000	4209923	NA
323	Pulse	55	17550000	4219923	NA
323	Pulse	55	17560000	4229923	NA
323	Pulse	55	17570000	4239923	NA
323	Pulse	55	17580000	4249923	NA
323	Pulse	55	17590000	4259923	NA
323	Pulse	55	17600000	4269923	NA
323	Pulse	55	17610000	4279923	NA
323	Pulse	55	17620000	4289923	NA
323	Pulse	55	17630000	4299923	NA
323	Pulse	55	17640000	4309923	NA
323	Pulse	55	17650000	4319923	NA
323	Pulse	55	17660000	4329923	NA
323	Pulse	55	17670000	4339923	NA
323	Pulse	55	17680000	4349923	NA
323	Pulse	55	17690000	4359923	NA
323	Pulse	55	17700000	4369923	NA
323	Pulse	55	17710000	4379923	NA
323	Pulse	55	17720000	4389923	NA
323	Pulse	55	17730000	4399923	NA
323	Pulse	55	17740000	4409923	NA
323	Pulse	55	17750000	4419923	NA
323	Pulse	55	17760000	4429923	NA
323	Pulse	55	17770000	4439923	NA
323	Pulse	55	17780000	4449923	NA
323	Pulse	55	17790000	4459923	NA
323	Pulse	55	17800000	4469923	NA
323	Pulse	55	17810000	4479923	NA
323	Pulse	55	17820000	4489923	NA
323	Pulse	55	17830000	4499923	NA
323	Pulse	55	17840000	4509923	NA
323	Pulse	55	17850000	4519923	NA
323	Pulse	55	17860000	4529923	NA
323	Pulse	55	17870000	4539923	NA
323	Pulse	55	17880000	4549923	NA
323	Pulse	55	17890000	4559923	NA
323	Pulse	55	17900000	4569923	NA
323	Pulse	55	17910000	4579923	NA
323	Pulse	55	17920000	4589923	NA
323	Pulse	55	17930000	4599923	NA
323	Pulse	55	17940000	4609923	NA
323	Pulse	55	17950000	4619923	NA
323	Pulse	55	17960000	4629923	NA
323	Pulse	55	17970000	4639923	NA
323	Pulse	55	17980000	4649923	NA
323	Pulse	55	17990000	4659923	NA
323	Pulse	55	18000000	4669923	NA
323	Pulse	55	18010000	4679923	NA
323	Pulse	55	18020000	4689923	NA
323	Pulse	55	18030000	4699923	NA
323	Pulse	55	18040000	4709923	NA
323	Pulse	55	18050000	4719923	NA
323	Pulse	55	18060000	4729923	NA
323	Pulse	55	18070000	4739923	NA
323	Pulse	55	18080000	4749923	NA
323	Pulse	55	18090000	4759923	NA
323	Pulse	55	18100000	4769923	NA
323	Pulse	55	18110000	4779923	NA
323	Pulse	55	18120000	4789923	NA
323	Pulse	55	18130000	4799923	NA
323	Pulse	55	18140000	4809923	NA
323	Pulse	55	18150000	4819923	NA
323	Pulse	55	18160000	4829923	NA
323	Pulse	55	18170000	4839923	NA
323	Pulse	55	18180000	4849923	NA
323	Pulse	55	18190000	4859923	NA
323	Pulse	55	18200000	4869923	NA
323	Pulse	55	18210000	4879923	NA
323	Pulse	55	18220000	4889923	NA
323	Pulse	55	18230000	4899923	NA
323	Pulse	55	18240000	4909923	NA
323	Pulse	55	18250000	4919923	NA
323	Pulse	55	18260000	4929923	NA
323	Pulse	55	18270000	4939923	NA
323	Pulse	55	18280000	4949923	NA
323	Pulse	55	18290000	4959923	NA
323	Pulse	55	18300000	4969923	NA
323	Pulse	55	18310000	4979923	NA
323	Pulse	55	18320000	4989923	NA
323	Pulse	55	18330000	4999923	NA
323	Pulse	55	18340000	5009923	NA
323	Pulse	55	18350000	5019923	NA
323	Pulse	55	18360000	5029923	NA
323	Pulse	55	18370000	5039923	NA
323	Pulse	55	18380000	5049923	NA
323	Pulse	55	18390000	5059923	NA
323	Pulse	55	18400000	5069923	NA
323	Pulse	55	18410000	5079923	NA
323	Pulse	55	18420000	5089923	NA
323	Pulse	55	18430000	5099923	NA
323	Pulse	55	18440000	5109923	NA
323	Pulse	55	18450000	5119923	NA
323	Pulse	55	18460000	5129923	NA
323	Pulse	55	18470000	5139923	NA
323	Pulse	55	18480000	5149923	NA
323	Pulse	55	18490000	5159923	NA
323	Pulse	55	18500000	5169923	NA
323	Pulse	55	18510000	5179923	NA
323	Pulse	55	18520000	5189923	NA
323	Pulse	55	18530000	5199923	NA
323	Pulse	55	18540000	5209923	NA
323	Pulse	55	18550000	5219923	NA
323	Pulse	55	18560000	5229923	NA
323	Pulse	55	18570000	5239923	NA
323	Pulse	55	18580000	5249923	NA
323	Pulse	55	18590000	5259923	NA
323	Pulse	55	18600000	5269923	NA
323	Pulse	55	18610000	5279923	NA
323	Pulse	55	18620000	5289923	NA
323	Pulse	55	18630000	5299923	NA
323	Pulse	55	18640000	5309923	NA
323	Pulse	55	18650000	5319923	NA
323	Pulse	55	18660000	5329923	NA
323	Pulse	55	18670000	5339923	NA
323	Pulse	55	18680000	5349923	NA
323	Pulse	55	18690000	5359923	NA
323	Pulse	55	18700000	5369923	NA
323	Pulse	55	18710000	5379923	NA
323	Pulse	55	18720000	5389923	NA
323	Pulse	55	18730000	5399923	NA
323	Pulse	55	18740000	5409923	NA
323	Pulse	55	18750000	5419923	NA
323	Pulse	55	18760000	5429923	NA
323	Pulse	55	18770000	5439923	NA
323	Pulse	55	18780000	5449923	NA
323	Pulse	55	18790000	5459923	NA
323	Pulse	55	18800000	5469923	NA
323	Pulse	55	18810000	5479923	NA
323	Pulse	55	18820000	5489923	NA
323	Pulse	55	18830000	5499923	NA
323	Pulse	55	18840000	5509923	NA
323	Pulse	55	18850000	5519923	NA
323	Pulse	55	18860000	5529923	NA
323	Pulse	55	18870000	5539923	NA
323	Pulse	55	18880000	5549923	NA
323	Pulse	55	18890000	5559923	NA
323	Pulse	55	18900000	5569923	NA
323	Pulse	55	18910000	5579923	NA
323	Pulse	55	18920000	5589923	NA
323	Pulse	55	18930000	5599923	NA
323	Pulse	55	18940000	5609923	NA
323	Pulse	55	18950000	5619923	NA
323	Pulse	55	18960000	5629923	NA
323	Pulse	55	18970000	5639923	NA
323	Pulse	55	18980000	5649923	NA
323	Pulse	55	18990000	5659923	NA
323	Pulse	55	19000000	5669923	NA
323	Pulse	55	19010000	5679923	NA
323	Pulse	55	19020000	5689923	NA
323	Pulse	55	19030000	5699923	NA
323	Pulse	55	19040000	5709923	NA
323	Pulse	55	19050000	5719923	NA
323	Pulse	55	19060000	5729923	NA
323	Pulse	55	19070000	5739923	NA
323	Pulse	55	19080000	5749923	NA
323	Pulse	55	19090000	5759923	NA
323	Pulse	55	19100000	5769923	NA
323	Pulse	55	19110000	5779923	NA
323	Pulse	55	19120000	5789923	NA
323	Pulse	55	19130000	5799923	NA
323	Pulse	55	19140000	5809923	NA
323	Pulse	55	19150000	5819923	NA
323	Pulse	55	19160000	5829923	NA
323	Pulse	55	19170000	5839923	NA
323	Pulse	55	19180000	5849923	NA
323	Pulse	55	19190000	5859923	NA
323	Pulse	55	19200000	5869923	NA
323	Pulse	55	19210000	5879923	NA
323	Pulse	55	19220000	5889923	NA
323	Pulse	55	19230000	5899923	NA
323	Pulse	55	19240000	5909923	NA
323	Pulse	55	19250000	5919923	NA
323	Pulse	55	19260000	5929923	NA
323	Pulse	55	19270000	5939923	NA
323	Pulse	55	19280000	5949923	NA
323	Pulse	55	19290000	5959923	NA
323	Pulse	55	19300000	5969923	NA
323	Pulse	55	19310000	5979923	NA
323	Pulse	55	19320000	5989923	NA
323	Pulse	55	19330000	5999923	NA
323	Pulse	55	19340000	6009923	NA
323	Pulse	55	19350000	6019923	NA
323	Pulse	55	19360000	6029923	NA
323	Pulse	55	19370000	6039923	NA
323	Pulse	55	19380000	6049923	NA
323	Pulse	55	19390000	6059923	NA
323	Pulse	55	19400000	6069923	NA
323	Pulse	55	19410000	6079923	NA
323	Pulse	55	19420000	6089923	NA
323	Pulse	55	19430000	6099923	NA
323	Pulse	55	19440000	6109923	NA
323	Pulse	55	19450000	6119923	NA
323	Pulse	55	19460000	6129923	NA
323	Pulse	55	19470000	6139923	NA
323	Pulse	55	19480000	6149923	NA
323	Pulse	55	19490000	6159923	NA
323	Pulse	55	19500000	6169923	NA
323	Pulse	55	19510000	6179923	NA
323	Pulse	55	19520000	6189923	NA
323	Pulse	55	19530000	6199923	NA
323	Pulse	55	19540000	6209923	NA
323	Pulse	55	19550000	6219923	NA
323	Pulse	55	19560000	6229923	NA
323	Pulse	55	19570000	6239923	NA
323	Pulse	55	19580000	6249923	NA
323	Pulse	55	19590000	6259923	NA
323	Pulse	55	19600000	6269923	NA
323	Pulse	55	19610000	6279923	NA
323	Pulse	55	19620000	6289923	NA
323	Pulse	55	19630000	6299923	NA
323	Pulse	55	19640000	6309923	NA
323	Pulse	55	19650000	6319923	NA
323	Pulse	55	19660000	6329923	NA
323	Pulse	55	19670000	6339923	NA
323	Pulse	55	19680000	6349923	NA
323	Pulse	55	19690000	6359923	NA
323	Pulse	55	19700000	6369923	NA
323	Pulse	55	19710000	6379923	NA
323	Pulse	55	19720000	6389923	NA
323	Pulse	55	19730000	6399923	NA
323	Pulse	55	19740000	6409923	NA
323	Pulse	55	19750000	6419923	NA
323	Pulse	55	19760000	6429923	NA
323	Pulse	55	19770000	6439923	NA
323	Pulse	55	19780000	6449923	NA
323	Pulse	55	19790000	6459923	NA
323	Pulse	55	19800000	6469923	NA
323	Pulse	55	19810000	6479923	NA
323	Pulse	55	19820000	6489923	NA
323	Pulse	55	19830000	6499923	NA
323	Pulse	55	19840000	6509923	NA
323	Pulse	55	19850000	6519923	NA
323	Pulse	55	19860000	6529923	NA
323	Pulse	55	19870000	6539923	NA
323	Pulse	55	19880000	6549923	NA
323	Pulse	55	19890000	6559923	NA
323	Pulse	55	19900000	6569923	NA
323	Pulse	55	19910000	6579923	NA
323	Pulse	55	19920000	6589923	NA
323	Pulse	55	19930000	6599923	NA
323	Pulse	55	19940000	6609923	NA
323	Pulse	55	19950000	6619923	NA
323	Pulse	55	19960000	6629923	NA
323	Pulse	55	19970000	6639923	NA
323	Pulse	55	19980000	6649923	NA
323	Pulse	55	19990000	6659923	NA
323	Pulse	55	20000000	6669923	NA
323	Pulse	55	20010000	6679923	NA
323	Pulse	55	20020000	6689923	NA
323	Pulse	55	20030000	6699923	NA
323	Pulse	55	20040000	6709923	NA
323	Pulse	55	20050000	6719923	NA
323	Pulse	55	20060000	6729923	NA
323	Pulse	55	20070000	6739923	NA
323	Response	1	20079220	6749143	1
324	Pulse	55	20080000	690	NA
324	Pulse	55	20090000	10690	NA
324	Response	1	20094022	14712	1
