Scenario - Slideshow_D2.sce
Logfile written - 08/20/2021 11:44:33

Trial	Event Type	Code	Time	TTime	Uncertainty	Duration	Uncertainty	ReqTime	ReqDur	Stim Type	Pair Index

0	Pulse	55	0	0	NA
1	Pulse	55	10000	9333	NA
1	Pulse	55	20000	19333	NA
1	Pulse	55	30000	29333	NA
1	Pulse	55	40000	39333	NA
2	Pulse	55	50000	8737	NA
2	Pulse	55	60000	18737	NA
2	Pulse	55	70000	28737	NA
2	Pulse	55	80000	38737	NA
3	Pulse	55	90000	8140	NA
3	Pulse	55	100000	18140	NA
3	Pulse	55	110000	28140	NA
3	Pulse	55	120000	38140	NA
4	Pulse	55	130000	7543	NA
4	Pulse	55	140000	17543	NA
4	Pulse	55	150000	27543	NA
4	Pulse	55	160000	37543	NA
5	Pulse	55	170000	6947	NA
5	Pulse	55	180000	16947	NA
5	Pulse	55	190000	26947	NA
5	Pulse	55	200000	36947	NA
6	Pulse	55	210000	6350	NA
6	Pulse	55	220000	16350	NA
6	Pulse	55	230000	26350	NA
6	Pulse	55	240000	36350	NA
7	Pulse	55	250000	5753	NA
7	Pulse	55	260000	15753	NA
7	Pulse	55	270000	25753	NA
7	Pulse	55	280000	35753	NA
8	Pulse	55	290000	5156	NA
8	Pulse	55	300000	15156	NA
8	Pulse	55	310000	25156	NA
8	Pulse	55	320000	35156	NA
9	Pulse	55	330000	4560	NA
9	Pulse	55	340000	14560	NA
9	Pulse	55	350000	24560	NA
9	Pulse	55	360000	34560	NA
10	Pulse	55	370000	4046	NA
10	Pulse	55	380000	14046	NA
10	Pulse	55	390000	24046	NA
10	Pulse	55	400000	34046	NA
11	Pulse	55	410000	3533	NA
11	Pulse	55	420000	13533	NA
11	Pulse	55	430000	23533	NA
11	Pulse	55	440000	33533	NA
12	Pulse	55	450000	3020	NA
12	Pulse	55	460000	13020	NA
12	Pulse	55	470000	23020	NA
12	Pulse	55	480000	33020	NA
13	Pulse	55	490000	2423	NA
13	Pulse	55	500000	12423	NA
13	Pulse	55	510000	22423	NA
13	Pulse	55	520000	32423	NA
14	Pulse	55	530000	1826	NA
14	Pulse	55	540000	11826	NA
14	Pulse	55	550000	21826	NA
14	Pulse	55	560000	31826	NA
15	Pulse	55	570000	1230	NA
15	Pulse	55	580000	11230	NA
15	Pulse	55	590000	21230	NA
15	Pulse	55	600000	31230	NA
16	Pulse	55	610000	633	NA
16	Pulse	55	620000	10633	NA
16	Pulse	55	630000	20633	NA
16	Pulse	55	640000	30633	NA
17	Pulse	55	650000	36	NA
17	Pulse	55	660000	10036	NA
17	Pulse	55	670000	20036	NA
17	Pulse	55	680000	30036	NA
17	Pulse	55	690000	40036	NA
18	Pulse	55	700000	9439	NA
18	Pulse	55	710000	19439	NA
18	Pulse	55	720000	29439	NA
18	Pulse	55	730000	39439	NA
19	Pulse	55	740000	8843	NA
19	Pulse	55	750000	18843	NA
19	Pulse	55	760000	28843	NA
19	Pulse	55	770000	38843	NA
20	Pulse	55	780000	8246	NA
20	Pulse	55	790000	18246	NA
20	Pulse	55	800000	28246	NA
20	Pulse	55	810000	38246	NA
21	Pulse	55	820000	7649	NA
21	Pulse	55	830000	17649	NA
21	Pulse	55	840000	27649	NA
21	Pulse	55	850000	37649	NA
22	Pulse	55	860000	7053	NA
22	Pulse	55	870000	17053	NA
22	Pulse	55	880000	27053	NA
22	Pulse	55	890000	37053	NA
23	Pulse	55	900000	6456	NA
23	Pulse	55	910000	16456	NA
23	Pulse	55	920000	26456	NA
23	Pulse	55	930000	36456	NA
24	Pulse	55	940000	5859	NA
24	Pulse	55	950000	15859	NA
24	Pulse	55	960000	25859	NA
24	Pulse	55	970000	35859	NA
25	Pulse	55	980000	5263	NA
25	Pulse	55	990000	15263	NA
25	Pulse	55	1000000	25263	NA
25	Pulse	55	1010000	35263	NA
26	Pulse	55	1020000	4666	NA
26	Pulse	55	1030000	14666	NA
26	Pulse	55	1040000	24666	NA
26	Pulse	55	1050000	34666	NA
27	Pulse	55	1060000	4069	NA
27	Pulse	55	1070000	14069	NA
27	Pulse	55	1080000	24069	NA
27	Pulse	55	1090000	34069	NA
28	Pulse	55	1100000	3472	NA
28	Pulse	55	1110000	13472	NA
28	Pulse	55	1120000	23472	NA
28	Pulse	55	1130000	33472	NA
29	Pulse	55	1140000	2876	NA
29	Pulse	55	1150000	12876	NA
29	Pulse	55	1160000	22876	NA
29	Pulse	55	1170000	32876	NA
30	Pulse	55	1180000	2279	NA
30	Pulse	55	1190000	12279	NA
30	Pulse	55	1200000	22279	NA
30	Pulse	55	1210000	32279	NA
31	Pulse	55	1220000	1682	NA
31	Pulse	55	1230000	11682	NA
31	Pulse	55	1240000	21682	NA
31	Pulse	55	1250000	31682	NA
32	Pulse	55	1260000	1086	NA
32	Pulse	55	1270000	11086	NA
32	Pulse	55	1280000	21086	NA
32	Pulse	55	1290000	31086	NA
33	Pulse	55	1300000	489	NA
33	Pulse	55	1310000	10489	NA
33	Pulse	55	1320000	20489	NA
33	Pulse	55	1330000	30489	NA
33	Pulse	55	1340000	40489	NA
34	Pulse	55	1350000	9892	NA
34	Pulse	55	1360000	19892	NA
34	Pulse	55	1370000	29892	NA
34	Pulse	55	1380000	39892	NA
35	Pulse	55	1390000	9295	NA
35	Pulse	55	1400000	19295	NA
35	Pulse	55	1410000	29295	NA
35	Pulse	55	1420000	39295	NA
36	Pulse	55	1430000	8699	NA
36	Pulse	55	1440000	18699	NA
36	Pulse	55	1450000	28699	NA
36	Pulse	55	1460000	38699	NA
37	Pulse	55	1470000	8102	NA
37	Pulse	55	1480000	18102	NA
37	Pulse	55	1490000	28102	NA
37	Pulse	55	1500000	38102	NA
38	Pulse	55	1510000	7422	NA
38	Pulse	55	1520000	17422	NA
38	Pulse	55	1530000	27422	NA
38	Pulse	55	1540000	37422	NA
39	Pulse	55	1550000	6825	NA
39	Pulse	55	1560000	16825	NA
39	Pulse	55	1570000	26825	NA
39	Pulse	55	1580000	36825	NA
40	Pulse	55	1590000	6229	NA
40	Pulse	55	1600000	16229	NA
40	Pulse	55	1610000	26229	NA
40	Pulse	55	1620000	36229	NA
41	Pulse	55	1630000	5632	NA
41	Pulse	55	1640000	15632	NA
41	Pulse	55	1650000	25632	NA
41	Pulse	55	1660000	35632	NA
42	Pulse	55	1670000	4952	NA
42	Pulse	55	1680000	14952	NA
42	Pulse	55	1690000	24952	NA
42	Pulse	55	1700000	34952	NA
43	Pulse	55	1710000	4355	NA
43	Pulse	55	1720000	14355	NA
43	Pulse	55	1730000	24355	NA
43	Pulse	55	1740000	34355	NA
44	Pulse	55	1750000	3758	NA
44	Pulse	55	1760000	13758	NA
44	Pulse	55	1770000	23758	NA
44	Pulse	55	1780000	33758	NA
45	Pulse	55	1790000	3078	NA
45	Pulse	55	1800000	13078	NA
45	Pulse	55	1810000	23078	NA
45	Pulse	55	1820000	33078	NA
46	Pulse	55	1830000	2398	NA
46	Pulse	55	1840000	12398	NA
46	Pulse	55	1850000	22398	NA
46	Pulse	55	1860000	32398	NA
47	Pulse	55	1870000	1802	NA
47	Pulse	55	1880000	11802	NA
47	Pulse	55	1890000	21802	NA
47	Pulse	55	1900000	31802	NA
48	Pulse	55	1910000	1205	NA
48	Pulse	55	1920000	11205	NA
48	Pulse	55	1930000	21205	NA
48	Pulse	55	1940000	31205	NA
49	Pulse	55	1950000	525	NA
49	Pulse	55	1960000	10525	NA
49	Pulse	55	1970000	20525	NA
49	Pulse	55	1980000	30525	NA
49	Pulse	55	1990000	40525	NA
50	Pulse	55	2000000	9928	NA
50	Pulse	55	2010000	19928	NA
50	Pulse	55	2020000	29928	NA
50	Pulse	55	2030000	39928	NA
51	Pulse	55	2040000	9331	NA
51	Pulse	55	2050000	19331	NA
51	Pulse	55	2060000	29331	NA
51	Pulse	55	2070000	39331	NA
52	Pulse	55	2080000	8735	NA
52	Pulse	55	2090000	18735	NA
52	Pulse	55	2100000	28735	NA
52	Pulse	55	2110000	38735	NA
53	Pulse	55	2120000	8055	NA
53	Pulse	55	2130000	18055	NA
53	Pulse	55	2140000	28055	NA
53	Pulse	55	2150000	38055	NA
54	Pulse	55	2160000	7458	NA
54	Pulse	55	2170000	17458	NA
54	Pulse	55	2180000	27458	NA
54	Pulse	55	2190000	37458	NA
55	Pulse	55	2200000	6861	NA
55	Pulse	55	2210000	16861	NA
55	Pulse	55	2220000	26861	NA
55	Pulse	55	2230000	36861	NA
56	Pulse	55	2240000	6181	NA
56	Pulse	55	2250000	16181	NA
56	Pulse	55	2260000	26181	NA
56	Pulse	55	2270000	36181	NA
57	Pulse	55	2280000	5584	NA
57	Pulse	55	2290000	15584	NA
57	Pulse	55	2300000	25584	NA
57	Pulse	55	2310000	35584	NA
58	Pulse	55	2320000	4988	NA
58	Pulse	55	2330000	14988	NA
58	Pulse	55	2340000	24988	NA
58	Pulse	55	2350000	34988	NA
59	Pulse	55	2360000	4391	NA
59	Pulse	55	2370000	14391	NA
59	Pulse	55	2380000	24391	NA
59	Pulse	55	2390000	34391	NA
60	Pulse	55	2400000	3794	NA
60	Pulse	55	2410000	13794	NA
60	Pulse	55	2420000	23794	NA
60	Pulse	55	2430000	33794	NA
61	Pulse	55	2440000	3114	NA
61	Pulse	55	2450000	13114	NA
61	Pulse	55	2460000	23114	NA
61	Pulse	55	2470000	33114	NA
62	Pulse	55	2480000	2434	NA
62	Pulse	55	2490000	12434	NA
62	Pulse	55	2500000	22434	NA
62	Pulse	55	2510000	32434	NA
63	Pulse	55	2520000	1754	NA
63	Pulse	55	2530000	11754	NA
63	Pulse	55	2540000	21754	NA
63	Pulse	55	2550000	31754	NA
64	Pulse	55	2560000	1157	NA
64	Pulse	55	2570000	11157	NA
64	Pulse	55	2580000	21157	NA
64	Pulse	55	2590000	31157	NA
65	Pulse	55	2600000	477	NA
65	Pulse	55	2610000	10477	NA
65	Pulse	55	2620000	20477	NA
65	Pulse	55	2630000	30477	NA
65	Pulse	55	2640000	40477	NA
66	Pulse	55	2650000	9881	NA
66	Pulse	55	2660000	19881	NA
66	Pulse	55	2670000	29881	NA
66	Pulse	55	2680000	39881	NA
67	Pulse	55	2690000	9201	NA
67	Pulse	55	2700000	19201	NA
67	Pulse	55	2710000	29201	NA
67	Pulse	55	2720000	39201	NA
68	Pulse	55	2730000	8604	NA
68	Pulse	55	2740000	18604	NA
68	Pulse	55	2750000	28604	NA
68	Pulse	55	2760000	38604	NA
69	Pulse	55	2770000	8007	NA
69	Pulse	55	2780000	18007	NA
69	Pulse	55	2790000	28007	NA
69	Pulse	55	2800000	38007	NA
70	Pulse	55	2810000	7410	NA
70	Pulse	55	2820000	17410	NA
70	Pulse	55	2830000	27410	NA
70	Pulse	55	2840000	37410	NA
71	Pulse	55	2850000	6814	NA
71	Pulse	55	2860000	16814	NA
71	Pulse	55	2870000	26814	NA
71	Pulse	55	2880000	36814	NA
72	Pulse	55	2890000	6134	NA
72	Pulse	55	2900000	16134	NA
72	Pulse	55	2910000	26134	NA
72	Pulse	55	2920000	36134	NA
73	Pulse	55	2930000	5454	NA
73	Pulse	55	2940000	15454	NA
73	Pulse	55	2950000	25454	NA
73	Pulse	55	2960000	35454	NA
74	Pulse	55	2970000	4857	NA
74	Pulse	55	2980000	14857	NA
74	Pulse	55	2990000	24857	NA
74	Pulse	55	3000000	34857	NA
75	Pulse	55	3010000	4260	NA
75	Pulse	55	3020000	14260	NA
75	Pulse	55	3030000	24260	NA
75	Pulse	55	3040000	34260	NA
76	Pulse	55	3050000	3664	NA
76	Pulse	55	3060000	13664	NA
76	Pulse	55	3070000	23664	NA
76	Pulse	55	3080000	33664	NA
77	Pulse	55	3090000	3067	NA
77	Pulse	55	3100000	13067	NA
77	Pulse	55	3110000	23067	NA
77	Pulse	55	3120000	33067	NA
78	Pulse	55	3130000	2470	NA
78	Pulse	55	3140000	12470	NA
78	Pulse	55	3150000	22470	NA
78	Pulse	55	3160000	32470	NA
79	Pulse	55	3170000	1873	NA
79	Pulse	55	3180000	11873	NA
79	Pulse	55	3190000	21873	NA
79	Pulse	55	3200000	31873	NA
80	Pulse	55	3210000	1277	NA
80	Pulse	55	3220000	11277	NA
80	Pulse	55	3230000	21277	NA
80	Pulse	55	3240000	31277	NA
81	Pulse	55	3250000	680	NA
81	Pulse	55	3260000	10680	NA
81	Pulse	55	3270000	20680	NA
81	Pulse	55	3280000	30680	NA
81	Pulse	55	3290000	40680	NA
82	Pulse	55	3300000	10000	NA
82	Pulse	55	3310000	20000	NA
82	Pulse	55	3320000	30000	NA
82	Pulse	55	3330000	40000	NA
83	Pulse	55	3340000	9403	NA
83	Pulse	55	3350000	19403	NA
83	Pulse	55	3360000	29403	NA
83	Pulse	55	3370000	39403	NA
84	Pulse	55	3380000	8807	NA
84	Pulse	55	3390000	18807	NA
84	Pulse	55	3400000	28807	NA
84	Pulse	55	3410000	38807	NA
85	Pulse	55	3420000	8210	NA
85	Pulse	55	3430000	18210	NA
85	Pulse	55	3440000	28210	NA
85	Pulse	55	3450000	38210	NA
86	Pulse	55	3460000	7613	NA
86	Pulse	55	3470000	17613	NA
86	Pulse	55	3480000	27613	NA
86	Pulse	55	3490000	37613	NA
87	Pulse	55	3500000	7016	NA
87	Pulse	55	3510000	17016	NA
87	Pulse	55	3520000	27016	NA
87	Pulse	55	3530000	37016	NA
88	Pulse	55	3540000	6420	NA
88	Pulse	55	3550000	16420	NA
88	Pulse	55	3560000	26420	NA
88	Pulse	55	3570000	36420	NA
89	Pulse	55	3580000	5823	NA
89	Pulse	55	3590000	15823	NA
89	Pulse	55	3600000	25823	NA
89	Pulse	55	3610000	35823	NA
90	Pulse	55	3620000	5226	NA
90	Pulse	55	3630000	15226	NA
90	Pulse	55	3640000	25226	NA
90	Pulse	55	3650000	35226	NA
91	Pulse	55	3660000	4630	NA
91	Pulse	55	3670000	14630	NA
91	Pulse	55	3680000	24630	NA
91	Pulse	55	3690000	34630	NA
92	Pulse	55	3700000	3950	NA
92	Pulse	55	3710000	13950	NA
92	Pulse	55	3720000	23950	NA
92	Pulse	55	3730000	33950	NA
93	Pulse	55	3740000	3353	NA
93	Pulse	55	3750000	13353	NA
93	Pulse	55	3760000	23353	NA
93	Pulse	55	3770000	33353	NA
94	Pulse	55	3780000	2756	NA
94	Pulse	55	3790000	12756	NA
94	Pulse	55	3800000	22756	NA
94	Pulse	55	3810000	32756	NA
95	Pulse	55	3820000	2159	NA
95	Pulse	55	3830000	12159	NA
95	Pulse	55	3840000	22159	NA
95	Pulse	55	3850000	32159	NA
96	Pulse	55	3860000	1563	NA
96	Pulse	55	3870000	11563	NA
96	Pulse	55	3880000	21563	NA
96	Pulse	55	3890000	31563	NA
97	Pulse	55	3900000	966	NA
97	Pulse	55	3910000	10966	NA
97	Pulse	55	3920000	20966	NA
97	Pulse	55	3930000	30966	NA
98	Pulse	55	3940000	369	NA
98	Pulse	55	3950000	10369	NA
98	Pulse	55	3960000	20369	NA
98	Pulse	55	3970000	30369	NA
98	Pulse	55	3980000	40369	NA
99	Pulse	55	3990000	9773	NA
99	Pulse	55	4000000	19773	NA
99	Pulse	55	4010000	29773	NA
99	Pulse	55	4020000	39773	NA
100	Pulse	55	4030000	9176	NA
100	Pulse	55	4040000	19176	NA
100	Pulse	55	4050000	29176	NA
100	Pulse	55	4060000	39176	NA
101	Pulse	55	4070000	8579	NA
101	Pulse	55	4080000	18579	NA
101	Pulse	55	4090000	28579	NA
101	Pulse	55	4100000	38579	NA
102	Pulse	55	4110000	7983	NA
102	Pulse	55	4120000	17983	NA
102	Pulse	55	4130000	27983	NA
102	Pulse	55	4140000	37983	NA
103	Pulse	55	4150000	7386	NA
103	Pulse	55	4160000	17386	NA
103	Pulse	55	4170000	27386	NA
103	Pulse	55	4180000	37386	NA
104	Pulse	55	4190000	6789	NA
104	Pulse	55	4200000	16789	NA
104	Pulse	55	4210000	26789	NA
104	Pulse	55	4220000	36789	NA
105	Pulse	55	4230000	6276	NA
105	Pulse	55	4240000	16276	NA
105	Pulse	55	4250000	26276	NA
105	Pulse	55	4260000	36276	NA
106	Pulse	55	4270000	5679	NA
106	Pulse	55	4280000	15679	NA
106	Pulse	55	4290000	25679	NA
106	Pulse	55	4300000	35679	NA
107	Pulse	55	4310000	5166	NA
107	Pulse	55	4320000	15166	NA
107	Pulse	55	4330000	25166	NA
107	Pulse	55	4340000	35166	NA
108	Pulse	55	4350000	4652	NA
108	Pulse	55	4360000	14652	NA
108	Pulse	55	4370000	24652	NA
108	Pulse	55	4380000	34652	NA
109	Pulse	55	4390000	4056	NA
109	Pulse	55	4400000	14056	NA
109	Pulse	55	4410000	24056	NA
109	Pulse	55	4420000	34056	NA
110	Pulse	55	4430000	3459	NA
110	Pulse	55	4440000	13459	NA
110	Pulse	55	4450000	23459	NA
110	Pulse	55	4460000	33459	NA
111	Pulse	55	4470000	2862	NA
111	Pulse	55	4480000	12862	NA
111	Pulse	55	4490000	22862	NA
111	Pulse	55	4500000	32862	NA
112	Pulse	55	4510000	2266	NA
112	Pulse	55	4520000	12266	NA
112	Pulse	55	4530000	22266	NA
112	Pulse	55	4540000	32266	NA
113	Pulse	55	4550000	1669	NA
113	Pulse	55	4560000	11669	NA
113	Pulse	55	4570000	21669	NA
113	Pulse	55	4580000	31669	NA
114	Pulse	55	4590000	1072	NA
114	Pulse	55	4600000	11072	NA
114	Pulse	55	4610000	21072	NA
114	Pulse	55	4620000	31072	NA
115	Pulse	55	4630000	559	NA
115	Pulse	55	4640000	10559	NA
115	Pulse	55	4650000	20559	NA
115	Pulse	55	4660000	30559	NA
115	Pulse	55	4670000	40559	NA
116	Pulse	55	4680000	9962	NA
116	Pulse	55	4690000	19962	NA
116	Pulse	55	4700000	29962	NA
116	Pulse	55	4710000	39962	NA
117	Pulse	55	4720000	9365	NA
117	Pulse	55	4730000	19365	NA
117	Pulse	55	4740000	29365	NA
117	Pulse	55	4750000	39365	NA
118	Pulse	55	4760000	8852	NA
118	Pulse	55	4770000	18852	NA
118	Pulse	55	4780000	28852	NA
118	Pulse	55	4790000	38852	NA
119	Pulse	55	4800000	8339	NA
119	Pulse	55	4810000	18339	NA
119	Pulse	55	4820000	28339	NA
119	Pulse	55	4830000	38339	NA
120	Pulse	55	4840000	7742	NA
120	Pulse	55	4850000	17742	NA
120	Pulse	55	4860000	27742	NA
120	Pulse	55	4870000	37742	NA
121	Pulse	55	4880000	7229	NA
121	Pulse	55	4890000	17229	NA
121	Pulse	55	4900000	27229	NA
121	Pulse	55	4910000	37229	NA
122	Pulse	55	4920000	6632	NA
122	Pulse	55	4930000	16632	NA
122	Pulse	55	4940000	26632	NA
122	Pulse	55	4950000	36632	NA
123	Pulse	55	4960000	6119	NA
123	Pulse	55	4970000	16119	NA
123	Pulse	55	4980000	26119	NA
123	Pulse	55	4990000	36119	NA
124	Pulse	55	5000000	5605	NA
124	Pulse	55	5010000	15605	NA
124	Pulse	55	5020000	25605	NA
124	Pulse	55	5030000	35605	NA
125	Pulse	55	5040000	5092	NA
125	Pulse	55	5050000	15092	NA
125	Pulse	55	5060000	25092	NA
125	Pulse	55	5070000	35092	NA
126	Pulse	55	5080000	4495	NA
126	Pulse	55	5090000	14495	NA
126	Pulse	55	5100000	24495	NA
126	Pulse	55	5110000	34495	NA
127	Pulse	55	5120000	3899	NA
127	Pulse	55	5130000	13899	NA
127	Pulse	55	5140000	23899	NA
127	Pulse	55	5150000	33899	NA
128	Pulse	55	5160000	3302	NA
128	Pulse	55	5170000	13302	NA
128	Pulse	55	5180000	23302	NA
128	Pulse	55	5190000	33302	NA
129	Pulse	55	5200000	2705	NA
129	Pulse	55	5210000	12705	NA
129	Pulse	55	5220000	22705	NA
129	Pulse	55	5230000	32705	NA
130	Pulse	55	5240000	2108	NA
130	Pulse	55	5250000	12108	NA
130	Pulse	55	5260000	22108	NA
130	Pulse	55	5270000	32108	NA
131	Pulse	55	5280000	1512	NA
131	Pulse	55	5290000	11512	NA
131	Pulse	55	5300000	21512	NA
131	Pulse	55	5310000	31512	NA
132	Pulse	55	5320000	998	NA
132	Pulse	55	5330000	10998	NA
132	Pulse	55	5340000	20998	NA
132	Pulse	55	5350000	30998	NA
133	Pulse	55	5360000	402	NA
133	Pulse	55	5370000	10402	NA
133	Pulse	55	5380000	20402	NA
133	Pulse	55	5390000	30402	NA
133	Pulse	55	5400000	40402	NA
134	Pulse	55	5410000	9805	NA
134	Pulse	55	5420000	19805	NA
134	Pulse	55	5430000	29805	NA
134	Pulse	55	5440000	39805	NA
135	Pulse	55	5450000	9208	NA
135	Pulse	55	5460000	19208	NA
135	Pulse	55	5470000	29208	NA
135	Pulse	55	5480000	39208	NA
136	Pulse	55	5490000	8612	NA
136	Pulse	55	5500000	18612	NA
136	Pulse	55	5510000	28612	NA
136	Pulse	55	5520000	38612	NA
137	Pulse	55	5530000	8015	NA
137	Pulse	55	5540000	18015	NA
137	Pulse	55	5550000	28015	NA
137	Pulse	55	5560000	38015	NA
138	Pulse	55	5570000	7502	NA
138	Pulse	55	5580000	17502	NA
138	Pulse	55	5590000	27502	NA
138	Pulse	55	5600000	37502	NA
139	Pulse	55	5610000	6905	NA
139	Pulse	55	5620000	16905	NA
139	Pulse	55	5630000	26905	NA
139	Pulse	55	5640000	36905	NA
140	Pulse	55	5650000	6308	NA
140	Pulse	55	5660000	16308	NA
140	Pulse	55	5670000	26308	NA
140	Pulse	55	5680000	36308	NA
141	Pulse	55	5690000	5795	NA
141	Pulse	55	5700000	15795	NA
141	Pulse	55	5710000	25795	NA
141	Pulse	55	5720000	35795	NA
142	Pulse	55	5730000	5198	NA
142	Pulse	55	5740000	15198	NA
142	Pulse	55	5750000	25198	NA
142	Pulse	55	5760000	35198	NA
143	Pulse	55	5770000	4601	NA
143	Pulse	55	5780000	14601	NA
143	Pulse	55	5790000	24601	NA
143	Pulse	55	5800000	34601	NA
144	Pulse	55	5810000	4088	NA
144	Pulse	55	5820000	14088	NA
144	Pulse	55	5830000	24088	NA
144	Pulse	55	5840000	34088	NA
145	Pulse	55	5850000	3575	NA
145	Pulse	55	5860000	13575	NA
145	Pulse	55	5870000	23575	NA
145	Pulse	55	5880000	33575	NA
146	Pulse	55	5890000	2978	NA
146	Pulse	55	5900000	12978	NA
146	Pulse	55	5910000	22978	NA
146	Pulse	55	5920000	32978	NA
147	Pulse	55	5930000	2381	NA
147	Pulse	55	5940000	12381	NA
147	Pulse	55	5950000	22381	NA
147	Pulse	55	5960000	32381	NA
148	Pulse	55	5970000	1785	NA
148	Pulse	55	5980000	11785	NA
148	Pulse	55	5990000	21785	NA
148	Pulse	55	6000000	31785	NA
149	Pulse	55	6010000	1188	NA
149	Pulse	55	6020000	11188	NA
149	Pulse	55	6030000	21188	NA
149	Pulse	55	6040000	31188	NA
150	Pulse	55	6050000	591	NA
150	Pulse	55	6060000	10591	NA
150	Pulse	55	6070000	20591	NA
150	Pulse	55	6080000	30591	NA
150	Pulse	55	6090000	40591	NA
151	Pulse	55	6100000	9995	NA
151	Pulse	55	6110000	19995	NA
151	Pulse	55	6120000	29995	NA
151	Pulse	55	6130000	39995	NA
152	Pulse	55	6140000	9398	NA
152	Pulse	55	6150000	19398	NA
152	Pulse	55	6160000	29398	NA
152	Pulse	55	6170000	39398	NA
153	Pulse	55	6180000	8884	NA
153	Pulse	55	6190000	18884	NA
153	Pulse	55	6200000	28884	NA
153	Pulse	55	6210000	38884	NA
154	Pulse	55	6220000	8371	NA
154	Pulse	55	6230000	18371	NA
154	Pulse	55	6240000	28371	NA
154	Pulse	55	6250000	38371	NA
155	Pulse	55	6260000	7941	NA
155	Pulse	55	6270000	17941	NA
155	Pulse	55	6280000	27941	NA
155	Pulse	55	6290000	37941	NA
156	Pulse	55	6300000	7428	NA
156	Pulse	55	6310000	17428	NA
156	Pulse	55	6320000	27428	NA
156	Pulse	55	6330000	37428	NA
157	Pulse	55	6340000	6914	NA
157	Pulse	55	6350000	16914	NA
157	Pulse	55	6360000	26914	NA
157	Pulse	55	6370000	36914	NA
158	Pulse	55	6380000	6401	NA
158	Pulse	55	6390000	16401	NA
158	Pulse	55	6400000	26401	NA
158	Pulse	55	6410000	36401	NA
159	Pulse	55	6420000	5804	NA
159	Pulse	55	6430000	15804	NA
159	Pulse	55	6440000	25804	NA
159	Pulse	55	6450000	35804	NA
160	Pulse	55	6460000	5208	NA
160	Pulse	55	6470000	15208	NA
160	Pulse	55	6480000	25208	NA
160	Pulse	55	6490000	35208	NA
161	Pulse	55	6500000	4611	NA
161	Pulse	55	6510000	14611	NA
161	Pulse	55	6520000	24611	NA
161	Pulse	55	6530000	34611	NA
162	Pulse	55	6540000	4098	NA
162	Pulse	55	6550000	14098	NA
162	Pulse	55	6560000	24098	NA
162	Pulse	55	6570000	34098	NA
163	Pulse	55	6580000	3501	NA
163	Pulse	55	6590000	13501	NA
163	Pulse	55	6600000	23501	NA
163	Pulse	55	6610000	33501	NA
164	Pulse	55	6620000	2904	NA
164	Pulse	55	6630000	12904	NA
164	Pulse	55	6640000	22904	NA
164	Pulse	55	6650000	32904	NA
165	Pulse	55	6660000	2308	NA
165	Pulse	55	6670000	12308	NA
165	Pulse	55	6680000	22308	NA
165	Pulse	55	6690000	32308	NA
166	Pulse	55	6700000	1711	NA
166	Pulse	55	6710000	11711	NA
166	Pulse	55	6720000	21711	NA
166	Pulse	55	6730000	31711	NA
167	Pulse	55	6740000	1114	NA
167	Pulse	55	6750000	11114	NA
167	Pulse	55	6760000	21114	NA
167	Pulse	55	6770000	31114	NA
168	Pulse	55	6780000	517	NA
168	Pulse	55	6790000	10517	NA
168	Pulse	55	6800000	20517	NA
168	Pulse	55	6810000	30517	NA
169	Pulse	55	6820000	4	NA
169	Pulse	55	6830000	10004	NA
169	Pulse	55	6840000	20004	NA
169	Pulse	55	6850000	30004	NA
169	Pulse	55	6860000	40004	NA
170	Pulse	55	6870000	9407	NA
170	Pulse	55	6880000	19407	NA
170	Pulse	55	6890000	29407	NA
170	Pulse	55	6900000	39407	NA
171	Pulse	55	6910000	8894	NA
171	Pulse	55	6920000	18894	NA
171	Pulse	55	6930000	28894	NA
171	Pulse	55	6940000	38894	NA
172	Pulse	55	6950000	8381	NA
172	Pulse	55	6960000	18381	NA
172	Pulse	55	6970000	28381	NA
172	Pulse	55	6980000	38381	NA
173	Pulse	55	6990000	7784	NA
173	Pulse	55	7000000	17784	NA
173	Pulse	55	7010000	27784	NA
173	Pulse	55	7020000	37784	NA
174	Pulse	55	7030000	7354	NA
174	Pulse	55	7040000	17354	NA
174	Pulse	55	7050000	27354	NA
174	Pulse	55	7060000	37354	NA
175	Pulse	55	7070000	6841	NA
175	Pulse	55	7080000	16841	NA
175	Pulse	55	7090000	26841	NA
175	Pulse	55	7100000	36841	NA
176	Pulse	55	7110000	6244	NA
176	Pulse	55	7120000	16244	NA
176	Pulse	55	7130000	26244	NA
176	Pulse	55	7140000	36244	NA
177	Pulse	55	7150000	5731	NA
177	Pulse	55	7160000	15731	NA
177	Pulse	55	7170000	25731	NA
177	Pulse	55	7180000	35731	NA
178	Pulse	55	7190000	5217	NA
178	Pulse	55	7200000	15217	NA
178	Pulse	55	7210000	25217	NA
178	Pulse	55	7220000	35217	NA
179	Pulse	55	7230000	4704	NA
179	Pulse	55	7240000	14704	NA
179	Pulse	55	7250000	24704	NA
179	Pulse	55	7260000	34704	NA
180	Pulse	55	7270000	4107	NA
180	Pulse	55	7280000	14107	NA
180	Pulse	55	7290000	24107	NA
180	Pulse	55	7300000	34107	NA
181	Pulse	55	7310000	3511	NA
181	Pulse	55	7320000	13511	NA
181	Pulse	55	7330000	23511	NA
181	Pulse	55	7340000	33511	NA
182	Pulse	55	7350000	2914	NA
182	Pulse	55	7360000	12914	NA
182	Pulse	55	7370000	22914	NA
182	Pulse	55	7380000	32914	NA
183	Pulse	55	7390000	2317	NA
183	Pulse	55	7400000	12317	NA
183	Pulse	55	7410000	22317	NA
183	Pulse	55	7420000	32317	NA
184	Pulse	55	7430000	1721	NA
184	Pulse	55	7440000	11721	NA
184	Pulse	55	7450000	21721	NA
184	Pulse	55	7460000	31721	NA
185	Pulse	55	7470000	1207	NA
185	Pulse	55	7480000	11207	NA
185	Pulse	55	7490000	21207	NA
185	Pulse	55	7500000	31207	NA
186	Pulse	55	7510000	610	NA
186	Pulse	55	7520000	10610	NA
186	Pulse	55	7530000	20610	NA
186	Pulse	55	7540000	30610	NA
187	Pulse	55	7550000	14	NA
187	Pulse	55	7560000	10014	NA
187	Pulse	55	7570000	20014	NA
187	Pulse	55	7580000	30014	NA
187	Pulse	55	7590000	40014	NA
188	Pulse	55	7600000	9417	NA
188	Pulse	55	7610000	19417	NA
188	Pulse	55	7620000	29417	NA
188	Pulse	55	7630000	39417	NA
189	Pulse	55	7640000	8820	NA
189	Pulse	55	7650000	18820	NA
189	Pulse	55	7660000	28820	NA
189	Pulse	55	7670000	38820	NA
190	Pulse	55	7680000	8224	NA
190	Pulse	55	7690000	18224	NA
190	Pulse	55	7700000	28224	NA
190	Pulse	55	7710000	38224	NA
191	Pulse	55	7720000	7627	NA
191	Pulse	55	7730000	17627	NA
191	Pulse	55	7740000	27627	NA
191	Pulse	55	7750000	37627	NA
192	Pulse	55	7760000	7030	NA
192	Pulse	55	7770000	17030	NA
192	Pulse	55	7780000	27030	NA
192	Pulse	55	7790000	37030	NA
193	Pulse	55	7800000	6434	NA
193	Pulse	55	7810000	16434	NA
193	Pulse	55	7820000	26434	NA
193	Pulse	55	7830000	36434	NA
194	Pulse	55	7840000	5837	NA
194	Pulse	55	7850000	15837	NA
194	Pulse	55	7860000	25837	NA
194	Pulse	55	7870000	35837	NA
195	Pulse	55	7880000	5240	NA
195	Pulse	55	7890000	15240	NA
195	Pulse	55	7900000	25240	NA
195	Pulse	55	7910000	35240	NA
196	Pulse	55	7920000	4560	NA
196	Pulse	55	7930000	14560	NA
196	Pulse	55	7940000	24560	NA
196	Pulse	55	7950000	34560	NA
197	Pulse	55	7960000	4047	NA
197	Pulse	55	7970000	14047	NA
197	Pulse	55	7980000	24047	NA
197	Pulse	55	7990000	34047	NA
198	Pulse	55	8000000	3533	NA
198	Pulse	55	8010000	13533	NA
198	Pulse	55	8020000	23533	NA
198	Pulse	55	8030000	33533	NA
199	Pulse	55	8040000	2937	NA
199	Pulse	55	8050000	12937	NA
199	Pulse	55	8060000	22937	NA
199	Pulse	55	8070000	32937	NA
200	Pulse	55	8080000	2340	NA
200	Pulse	55	8090000	12340	NA
200	Pulse	55	8100000	22340	NA
200	Pulse	55	8110000	32340	NA
201	Pulse	55	8120000	1827	NA
201	Pulse	55	8130000	11827	NA
201	Pulse	55	8140000	21827	NA
201	Pulse	55	8150000	31827	NA
202	Pulse	55	8160000	1313	NA
202	Pulse	55	8170000	11313	NA
202	Pulse	55	8180000	21313	NA
202	Pulse	55	8190000	31313	NA
203	Pulse	55	8200000	800	NA
203	Pulse	55	8210000	10800	NA
203	Pulse	55	8220000	20800	NA
203	Pulse	55	8230000	30800	NA
204	Pulse	55	8240000	203	NA
204	Pulse	55	8250000	10203	NA
204	Pulse	55	8260000	20203	NA
204	Pulse	55	8270000	30203	NA
204	Pulse	55	8280000	40203	NA
205	Pulse	55	8290000	9690	NA
205	Pulse	55	8300000	19690	NA
205	Pulse	55	8310000	29690	NA
205	Pulse	55	8320000	39690	NA
206	Pulse	55	8330000	9093	NA
206	Pulse	55	8340000	19093	NA
206	Pulse	55	8350000	29093	NA
206	Pulse	55	8360000	39093	NA
207	Pulse	55	8370000	8580	NA
207	Pulse	55	8380000	18580	NA
207	Pulse	55	8390000	28580	NA
207	Pulse	55	8400000	38580	NA
208	Pulse	55	8410000	8067	NA
208	Pulse	55	8420000	18067	NA
208	Pulse	55	8430000	28067	NA
208	Pulse	55	8440000	38067	NA
209	Pulse	55	8450000	7553	NA
209	Pulse	55	8460000	17553	NA
209	Pulse	55	8470000	27553	NA
209	Pulse	55	8480000	37553	NA
210	Pulse	55	8490000	7040	NA
210	Pulse	55	8500000	17040	NA
210	Pulse	55	8510000	27040	NA
210	Pulse	55	8520000	37040	NA
211	Pulse	55	8530000	6610	NA
211	Pulse	55	8540000	16610	NA
211	Pulse	55	8550000	26610	NA
211	Pulse	55	8560000	36610	NA
212	Pulse	55	8570000	6097	NA
212	Pulse	55	8580000	16097	NA
212	Pulse	55	8590000	26097	NA
212	Pulse	55	8600000	36097	NA
213	Pulse	55	8610000	5583	NA
213	Pulse	55	8620000	15583	NA
213	Pulse	55	8630000	25583	NA
213	Pulse	55	8640000	35583	NA
214	Pulse	55	8650000	5070	NA
214	Pulse	55	8660000	15070	NA
214	Pulse	55	8670000	25070	NA
214	Pulse	55	8680000	35070	NA
215	Pulse	55	8690000	4473	NA
215	Pulse	55	8700000	14473	NA
215	Pulse	55	8710000	24473	NA
215	Pulse	55	8720000	34473	NA
216	Pulse	55	8730000	3876	NA
216	Pulse	55	8740000	13876	NA
216	Pulse	55	8750000	23876	NA
216	Pulse	55	8760000	33876	NA
217	Pulse	55	8770000	3530	NA
217	Pulse	55	8780000	13530	NA
217	Pulse	55	8790000	23530	NA
217	Pulse	55	8800000	33530	NA
218	Pulse	55	8810000	3016	NA
218	Pulse	55	8820000	13016	NA
218	Pulse	55	8830000	23016	NA
218	Pulse	55	8840000	33016	NA
219	Pulse	55	8850000	2503	NA
219	Pulse	55	8860000	12503	NA
219	Pulse	55	8870000	22503	NA
219	Pulse	55	8880000	32503	NA
220	Pulse	55	8890000	1906	NA
220	Pulse	55	8900000	11906	NA
220	Pulse	55	8910000	21906	NA
220	Pulse	55	8920000	31906	NA
221	Pulse	55	8930000	1310	NA
221	Pulse	55	8940000	11310	NA
221	Pulse	55	8950000	21310	NA
221	Pulse	55	8960000	31310	NA
222	Pulse	55	8970000	796	NA
222	Pulse	55	8980000	10796	NA
222	Pulse	55	8990000	20796	NA
222	Pulse	55	9000000	30796	NA
223	Pulse	55	9010000	200	NA
223	Pulse	55	9020000	10200	NA
223	Pulse	55	9030000	20200	NA
223	Pulse	55	9040000	30200	NA
223	Pulse	55	9050000	40200	NA
224	Pulse	55	9060000	9603	NA
224	Pulse	55	9070000	19603	NA
224	Pulse	55	9080000	29603	NA
224	Pulse	55	9090000	39603	NA
225	Pulse	55	9100000	9173	NA
225	Pulse	55	9110000	19173	NA
225	Pulse	55	9120000	29173	NA
225	Pulse	55	9130000	39173	NA
226	Pulse	55	9140000	8660	NA
226	Pulse	55	9150000	18660	NA
226	Pulse	55	9160000	28660	NA
226	Pulse	55	9170000	38660	NA
227	Pulse	55	9180000	8146	NA
227	Pulse	55	9190000	18146	NA
227	Pulse	55	9200000	28146	NA
227	Pulse	55	9210000	38146	NA
228	Pulse	55	9220000	7633	NA
228	Pulse	55	9230000	17633	NA
228	Pulse	55	9240000	27633	NA
228	Pulse	55	9250000	37633	NA
229	Pulse	55	9260000	7036	NA
229	Pulse	55	9270000	17036	NA
229	Pulse	55	9280000	27036	NA
229	Pulse	55	9290000	37036	NA
230	Pulse	55	9300000	6440	NA
230	Pulse	55	9310000	16440	NA
230	Pulse	55	9320000	26440	NA
230	Pulse	55	9330000	36440	NA
231	Pulse	55	9340000	5926	NA
231	Pulse	55	9350000	15926	NA
231	Pulse	55	9360000	25926	NA
231	Pulse	55	9370000	35926	NA
232	Pulse	55	9380000	5330	NA
232	Pulse	55	9390000	15330	NA
232	Pulse	55	9400000	25330	NA
232	Pulse	55	9410000	35330	NA
233	Pulse	55	9420000	4733	NA
233	Pulse	55	9430000	14733	NA
233	Pulse	55	9440000	24733	NA
233	Pulse	55	9450000	34733	NA
234	Pulse	55	9460000	4136	NA
234	Pulse	55	9470000	14136	NA
234	Pulse	55	9480000	24136	NA
234	Pulse	55	9490000	34136	NA
235	Pulse	55	9500000	3539	NA
235	Pulse	55	9510000	13539	NA
235	Pulse	55	9520000	23539	NA
235	Pulse	55	9530000	33539	NA
236	Pulse	55	9540000	2943	NA
236	Pulse	55	9550000	12943	NA
236	Pulse	55	9560000	22943	NA
236	Pulse	55	9570000	32943	NA
237	Pulse	55	9580000	2346	NA
237	Pulse	55	9590000	12346	NA
237	Pulse	55	9600000	22346	NA
237	Pulse	55	9610000	32346	NA
238	Pulse	55	9620000	1749	NA
238	Pulse	55	9630000	11749	NA
238	Pulse	55	9640000	21749	NA
238	Pulse	55	9650000	31749	NA
239	Pulse	55	9660000	1236	NA
239	Pulse	55	9670000	11236	NA
239	Pulse	55	9680000	21236	NA
239	Pulse	55	9690000	31236	NA
240	Pulse	55	9700000	639	NA
240	Pulse	55	9710000	10639	NA
240	Pulse	55	9720000	20639	NA
240	Pulse	55	9730000	30639	NA
241	Pulse	55	9740000	43	NA
241	Pulse	55	9750000	10043	NA
241	Pulse	55	9760000	20043	NA
241	Pulse	55	9770000	30043	NA
241	Pulse	55	9780000	40043	NA
242	Pulse	55	9790000	9446	NA
242	Pulse	55	9800000	19446	NA
242	Pulse	55	9810000	29446	NA
242	Pulse	55	9820000	39446	NA
243	Pulse	55	9830000	8849	NA
243	Pulse	55	9840000	18849	NA
243	Pulse	55	9850000	28849	NA
243	Pulse	55	9860000	38849	NA
244	Pulse	55	9870000	8252	NA
244	Pulse	55	9880000	18252	NA
244	Pulse	55	9890000	28252	NA
244	Pulse	55	9900000	38252	NA
245	Pulse	55	9910000	7739	NA
245	Pulse	55	9920000	17739	NA
245	Pulse	55	9930000	27739	NA
245	Pulse	55	9940000	37739	NA
246	Pulse	55	9950000	7142	NA
246	Pulse	55	9960000	17142	NA
246	Pulse	55	9970000	27142	NA
246	Pulse	55	9980000	37142	NA
247	Pulse	55	9990000	6546	NA
247	Pulse	55	10000000	16546	NA
247	Pulse	55	10010000	26546	NA
247	Pulse	55	10020000	36546	NA
248	Pulse	55	10030000	5949	NA
248	Pulse	55	10040000	15949	NA
248	Pulse	55	10050000	25949	NA
248	Pulse	55	10060000	35949	NA
249	Pulse	55	10070000	5352	NA
249	Pulse	55	10080000	15352	NA
249	Pulse	55	10090000	25352	NA
249	Pulse	55	10100000	35352	NA
250	Pulse	55	10110000	4756	NA
250	Pulse	55	10120000	14756	NA
250	Pulse	55	10130000	24756	NA
250	Pulse	55	10140000	34756	NA
251	Pulse	55	10150000	4159	NA
251	Pulse	55	10160000	14159	NA
251	Pulse	55	10170000	24159	NA
251	Pulse	55	10180000	34159	NA
252	Pulse	55	10190000	3562	NA
252	Pulse	55	10200000	13562	NA
252	Pulse	55	10210000	23562	NA
252	Pulse	55	10220000	33562	NA
253	Pulse	55	10230000	2966	NA
253	Pulse	55	10240000	12966	NA
253	Pulse	55	10250000	22966	NA
253	Pulse	55	10260000	32966	NA
254	Pulse	55	10270000	2369	NA
254	Pulse	55	10280000	12369	NA
254	Pulse	55	10290000	22369	NA
254	Pulse	55	10300000	32369	NA
255	Pulse	55	10310000	1939	NA
255	Pulse	55	10320000	11939	NA
255	Pulse	55	10330000	21939	NA
255	Pulse	55	10340000	31939	NA
256	Pulse	55	10350000	1426	NA
256	Pulse	55	10360000	11426	NA
256	Pulse	55	10370000	21426	NA
256	Pulse	55	10380000	31426	NA
257	Pulse	55	10390000	912	NA
257	Pulse	55	10400000	10912	NA
257	Pulse	55	10410000	20912	NA
257	Pulse	55	10420000	30912	NA
258	Pulse	55	10430000	315	NA
258	Pulse	55	10440000	10315	NA
258	Pulse	55	10450000	20315	NA
258	Pulse	55	10460000	30315	NA
258	Pulse	55	10470000	40315	NA
259	Pulse	55	10480000	9719	NA
259	Pulse	55	10490000	19719	NA
259	Pulse	55	10500000	29719	NA
259	Pulse	55	10510000	39719	NA
260	Pulse	55	10520000	9122	NA
260	Pulse	55	10530000	19122	NA
260	Pulse	55	10540000	29122	NA
260	Pulse	55	10550000	39122	NA
261	Pulse	55	10560000	8525	NA
261	Pulse	55	10570000	18525	NA
261	Pulse	55	10580000	28525	NA
261	Pulse	55	10590000	38525	NA
262	Pulse	55	10600000	8012	NA
262	Pulse	55	10610000	18012	NA
262	Pulse	55	10620000	28012	NA
262	Pulse	55	10630000	38012	NA
263	Pulse	55	10640000	7499	NA
263	Pulse	55	10650000	17499	NA
263	Pulse	55	10660000	27499	NA
263	Pulse	55	10670000	37499	NA
264	Pulse	55	10680000	6902	NA
264	Pulse	55	10690000	16902	NA
264	Pulse	55	10700000	26902	NA
264	Pulse	55	10710000	36902	NA
265	Pulse	55	10720000	6305	NA
265	Pulse	55	10730000	16305	NA
265	Pulse	55	10740000	26305	NA
265	Pulse	55	10750000	36305	NA
266	Pulse	55	10760000	5709	NA
266	Pulse	55	10770000	15709	NA
266	Pulse	55	10780000	25709	NA
266	Pulse	55	10790000	35709	NA
267	Pulse	55	10800000	5195	NA
267	Pulse	55	10810000	15195	NA
267	Pulse	55	10820000	25195	NA
267	Pulse	55	10830000	35195	NA
268	Pulse	55	10840000	4599	NA
268	Pulse	55	10850000	14599	NA
268	Pulse	55	10860000	24599	NA
268	Pulse	55	10870000	34599	NA
269	Pulse	55	10880000	4002	NA
269	Pulse	55	10890000	14002	NA
269	Pulse	55	10900000	24002	NA
269	Pulse	55	10910000	34002	NA
270	Pulse	55	10920000	3405	NA
270	Pulse	55	10930000	13405	NA
270	Pulse	55	10940000	23405	NA
270	Pulse	55	10950000	33405	NA
271	Pulse	55	10960000	2808	NA
271	Pulse	55	10970000	12808	NA
271	Pulse	55	10980000	22808	NA
271	Pulse	55	10990000	32808	NA
272	Pulse	55	11000000	2295	NA
272	Pulse	55	11010000	12295	NA
272	Pulse	55	11020000	22295	NA
272	Pulse	55	11030000	32295	NA
273	Pulse	55	11040000	1782	NA
273	Pulse	55	11050000	11782	NA
273	Pulse	55	11060000	21782	NA
273	Pulse	55	11070000	31782	NA
274	Pulse	55	11080000	1185	NA
274	Pulse	55	11090000	11185	NA
274	Pulse	55	11100000	21185	NA
274	Pulse	55	11110000	31185	NA
275	Pulse	55	11120000	588	NA
275	Pulse	55	11130000	10588	NA
275	Pulse	55	11140000	20588	NA
275	Pulse	55	11150000	30588	NA
275	Pulse	55	11160000	40588	NA
276	Pulse	55	11170000	9992	NA
276	Pulse	55	11180000	19992	NA
276	Pulse	55	11190000	29992	NA
276	Pulse	55	11200000	39992	NA
277	Pulse	55	11210000	9395	NA
277	Pulse	55	11220000	19395	NA
277	Pulse	55	11230000	29395	NA
277	Pulse	55	11240000	39395	NA
278	Pulse	55	11250000	8798	NA
278	Pulse	55	11260000	18798	NA
278	Pulse	55	11270000	28798	NA
278	Pulse	55	11280000	38798	NA
279	Pulse	55	11290000	8202	NA
279	Pulse	55	11300000	18202	NA
279	Pulse	55	11310000	28202	NA
279	Pulse	55	11320000	38202	NA
280	Pulse	55	11330000	7605	NA
280	Pulse	55	11340000	17605	NA
280	Pulse	55	11350000	27605	NA
280	Pulse	55	11360000	37605	NA
281	Pulse	55	11370000	7008	NA
281	Pulse	55	11380000	17008	NA
281	Pulse	55	11390000	27008	NA
281	Pulse	55	11400000	37008	NA
282	Pulse	55	11410000	6411	NA
282	Pulse	55	11420000	16411	NA
282	Pulse	55	11430000	26411	NA
282	Pulse	55	11440000	36411	NA
283	Pulse	55	11450000	5731	NA
283	Pulse	55	11460000	15731	NA
283	Pulse	55	11470000	25731	NA
283	Pulse	55	11480000	35731	NA
284	Pulse	55	11490000	5135	NA
284	Pulse	55	11500000	15135	NA
284	Pulse	55	11510000	25135	NA
284	Pulse	55	11520000	35135	NA
285	Pulse	55	11530000	4538	NA
285	Pulse	55	11540000	14538	NA
285	Pulse	55	11550000	24538	NA
285	Pulse	55	11560000	34538	NA
286	Pulse	55	11570000	3941	NA
286	Pulse	55	11580000	13941	NA
286	Pulse	55	11590000	23941	NA
286	Pulse	55	11600000	33941	NA
287	Pulse	55	11610000	3261	NA
287	Pulse	55	11620000	13261	NA
287	Pulse	55	11630000	23261	NA
287	Pulse	55	11640000	33261	NA
288	Pulse	55	11650000	2664	NA
288	Pulse	55	11660000	12664	NA
288	Pulse	55	11670000	22664	NA
288	Pulse	55	11680000	32664	NA
289	Pulse	55	11690000	2068	NA
289	Pulse	55	11700000	12068	NA
289	Pulse	55	11710000	22068	NA
289	Pulse	55	11720000	32068	NA
290	Pulse	55	11730000	1471	NA
290	Pulse	55	11740000	11471	NA
290	Pulse	55	11750000	21471	NA
290	Pulse	55	11760000	31471	NA
291	Pulse	55	11770000	791	NA
291	Pulse	55	11780000	10791	NA
291	Pulse	55	11790000	20791	NA
291	Pulse	55	11800000	30791	NA
292	Pulse	55	11810000	194	NA
292	Pulse	55	11820000	10194	NA
292	Pulse	55	11830000	20194	NA
292	Pulse	55	11840000	30194	NA
292	Pulse	55	11850000	40194	NA
293	Pulse	55	11860000	9598	NA
293	Pulse	55	11870000	19598	NA
293	Pulse	55	11880000	29598	NA
293	Pulse	55	11890000	39598	NA
294	Pulse	55	11900000	8918	NA
294	Pulse	55	11910000	18918	NA
294	Pulse	55	11920000	28918	NA
294	Pulse	55	11930000	38918	NA
295	Pulse	55	11940000	8321	NA
295	Pulse	55	11950000	18321	NA
295	Pulse	55	11960000	28321	NA
295	Pulse	55	11970000	38321	NA
296	Pulse	55	11980000	7724	NA
296	Pulse	55	11990000	17724	NA
296	Pulse	55	12000000	27724	NA
296	Pulse	55	12010000	37724	NA
297	Pulse	55	12020000	7127	NA
297	Pulse	55	12030000	17127	NA
297	Pulse	55	12040000	27127	NA
297	Pulse	55	12050000	37127	NA
298	Pulse	55	12060000	6447	NA
298	Pulse	55	12070000	16447	NA
298	Pulse	55	12080000	26447	NA
298	Pulse	55	12090000	36447	NA
299	Pulse	55	12100000	5851	NA
299	Pulse	55	12110000	15851	NA
299	Pulse	55	12120000	25851	NA
299	Pulse	55	12130000	35851	NA
300	Pulse	55	12140000	5254	NA
300	Pulse	55	12150000	15254	NA
300	Pulse	55	12160000	25254	NA
300	Pulse	55	12170000	35254	NA
301	Pulse	55	12180000	4574	NA
301	Pulse	55	12190000	14574	NA
301	Pulse	55	12200000	24574	NA
301	Pulse	55	12210000	34574	NA
302	Pulse	55	12220000	3977	NA
302	Pulse	55	12230000	13977	NA
302	Pulse	55	12240000	23977	NA
302	Pulse	55	12250000	33977	NA
303	Pulse	55	12260000	3381	NA
303	Pulse	55	12270000	13381	NA
303	Pulse	55	12280000	23381	NA
303	Pulse	55	12290000	33381	NA
304	Pulse	55	12300000	2784	NA
304	Pulse	55	12310000	12784	NA
304	Pulse	55	12320000	22784	NA
304	Pulse	55	12330000	32784	NA
305	Pulse	55	12340000	2187	NA
305	Pulse	55	12350000	12187	NA
305	Pulse	55	12360000	22187	NA
305	Pulse	55	12370000	32187	NA
306	Pulse	55	12380000	1590	NA
306	Pulse	55	12390000	11590	NA
306	Pulse	55	12400000	21590	NA
306	Pulse	55	12410000	31590	NA
307	Pulse	55	12420000	994	NA
307	Pulse	55	12430000	10994	NA
307	Pulse	55	12440000	20994	NA
307	Pulse	55	12450000	30994	NA
308	Pulse	55	12460000	314	NA
308	Pulse	55	12470000	10314	NA
308	Pulse	55	12480000	20314	NA
308	Pulse	55	12490000	30314	NA
308	Pulse	55	12500000	40314	NA
309	Pulse	55	12510000	9717	NA
309	Pulse	55	12520000	19717	NA
309	Pulse	55	12530000	29717	NA
309	Pulse	55	12540000	39717	NA
310	Pulse	55	12550000	9037	NA
310	Pulse	55	12560000	19037	NA
310	Pulse	55	12570000	29037	NA
310	Pulse	55	12580000	39037	NA
311	Pulse	55	12590000	8440	NA
311	Pulse	55	12600000	18440	NA
311	Pulse	55	12610000	28440	NA
311	Pulse	55	12620000	38440	NA
312	Pulse	55	12630000	7760	NA
312	Pulse	55	12640000	17760	NA
312	Pulse	55	12650000	27760	NA
312	Pulse	55	12660000	37760	NA
313	Pulse	55	12670000	7163	NA
313	Pulse	55	12680000	17163	NA
313	Pulse	55	12690000	27163	NA
313	Pulse	55	12700000	37163	NA
314	Pulse	55	12710000	6567	NA
314	Pulse	55	12720000	16567	NA
314	Pulse	55	12730000	26567	NA
314	Pulse	55	12740000	36567	NA
315	Pulse	55	12750000	5970	NA
315	Pulse	55	12760000	15970	NA
315	Pulse	55	12770000	25970	NA
315	Pulse	55	12780000	35970	NA
316	Pulse	55	12790000	5373	NA
316	Pulse	55	12800000	15373	NA
316	Pulse	55	12810000	25373	NA
316	Pulse	55	12820000	35373	NA
317	Pulse	55	12830000	4777	NA
317	Pulse	55	12840000	14777	NA
317	Pulse	55	12850000	24777	NA
317	Pulse	55	12860000	34777	NA
318	Pulse	55	12870000	4097	NA
318	Pulse	55	12880000	14097	NA
318	Pulse	55	12890000	24097	NA
318	Pulse	55	12900000	34097	NA
319	Pulse	55	12910000	3500	NA
319	Pulse	55	12920000	13500	NA
319	Pulse	55	12930000	23500	NA
319	Pulse	55	12940000	33500	NA
320	Pulse	55	12950000	2903	NA
320	Pulse	55	12960000	12903	NA
320	Pulse	55	12970000	22903	NA
320	Pulse	55	12980000	32903	NA
321	Pulse	55	12990000	2307	NA
321	Pulse	55	13000000	12307	NA
321	Pulse	55	13010000	22307	NA
321	Pulse	55	13020000	32307	NA
322	Pulse	55	13030000	1710	NA
322	Pulse	55	13040000	11710	NA
322	Pulse	55	13050000	21710	NA
322	Pulse	55	13060000	31710	NA
323	Pulse	55	13070000	1113	NA
323	Pulse	55	13080000	11113	NA
323	Pulse	55	13090000	21113	NA
323	Pulse	55	13100000	31113	NA
324	Pulse	55	13110000	516	NA
324	Pulse	55	13120000	10516	NA
324	Pulse	55	13130000	20516	NA
324	Pulse	55	13140000	30516	NA
324	Pulse	55	13150000	40516	NA
325	Pulse	55	13160000	9920	NA
325	Pulse	55	13170000	19920	NA
325	Pulse	55	13180000	29920	NA
325	Pulse	55	13190000	39920	NA
326	Pulse	55	13200000	9323	NA
326	Pulse	55	13210000	19323	NA
326	Pulse	55	13220000	29323	NA
326	Pulse	55	13230000	39323	NA
327	Pulse	55	13240000	8643	NA
327	Pulse	55	13250000	18643	NA
327	Pulse	55	13260000	28643	NA
327	Pulse	55	13270000	38643	NA
328	Pulse	55	13280000	8046	NA
328	Pulse	55	13290000	18046	NA
328	Pulse	55	13300000	28046	NA
328	Pulse	55	13310000	38046	NA
329	Pulse	55	13320000	7450	NA
329	Pulse	55	13330000	17450	NA
329	Pulse	55	13340000	27450	NA
329	Pulse	55	13350000	37450	NA
330	Pulse	55	13360000	6853	NA
330	Pulse	55	13370000	16853	NA
330	Pulse	55	13380000	26853	NA
330	Pulse	55	13390000	36853	NA
331	Pulse	55	13400000	6256	NA
331	Pulse	55	13410000	16256	NA
331	Pulse	55	13420000	26256	NA
331	Pulse	55	13430000	36256	NA
332	Pulse	55	13440000	5659	NA
332	Pulse	55	13450000	15659	NA
332	Pulse	55	13460000	25659	NA
332	Pulse	55	13470000	35659	NA
333	Pulse	55	13480000	5063	NA
333	Pulse	55	13490000	15063	NA
333	Pulse	55	13500000	25063	NA
333	Pulse	55	13510000	35063	NA
334	Pulse	55	13520000	4466	NA
334	Pulse	55	13530000	14466	NA
334	Pulse	55	13540000	24466	NA
334	Pulse	55	13550000	34466	NA
335	Pulse	55	13560000	3869	NA
335	Pulse	55	13570000	13869	NA
335	Pulse	55	13580000	23869	NA
335	Pulse	55	13590000	33869	NA
335	Response	1	13592265	36135	0
336	Pulse	55	13600000	3773	NA
336	Pulse	55	13610000	13773	NA
337	Pulse	55	13620000	3683	NA
337	Pulse	55	13630000	13683	NA
337	Pulse	55	13640000	23683	NA
337	Pulse	55	13650000	33683	NA
337	Pulse	55	13660000	43683	NA
337	Pulse	55	13670000	53683	NA
337	Pulse	55	13680000	63683	NA
337	Pulse	55	13690000	73683	NA
337	Pulse	55	13700000	83683	NA
337	Pulse	55	13710000	93683	NA
337	Pulse	55	13720000	103683	NA
337	Pulse	55	13730000	113683	NA
337	Pulse	55	13740000	123683	NA
337	Pulse	55	13750000	133683	NA
337	Pulse	55	13760000	143683	NA
337	Pulse	55	13770000	153683	NA
337	Pulse	55	13780000	163683	NA
337	Pulse	55	13790000	173683	NA
337	Pulse	55	13800000	183683	NA
337	Pulse	55	13810000	193683	NA
337	Pulse	55	13820000	203683	NA
337	Pulse	55	13830000	213683	NA
337	Pulse	55	13840000	223683	NA
337	Pulse	55	13850000	233683	NA
337	Pulse	55	13860000	243683	NA
337	Pulse	55	13870000	253683	NA
337	Pulse	55	13880000	263683	NA
337	Pulse	55	13890000	273683	NA
337	Pulse	55	13900000	283683	NA
337	Pulse	55	13910000	293683	NA
337	Pulse	55	13920000	303683	NA
337	Pulse	55	13930000	313683	NA
337	Pulse	55	13940000	323683	NA
337	Pulse	55	13950000	333683	NA
337	Pulse	55	13960000	343683	NA
337	Pulse	55	13970000	353683	NA
337	Pulse	55	13980000	363683	NA
337	Pulse	55	13990000	373683	NA
337	Pulse	55	14000000	383683	NA
337	Pulse	55	14010000	393683	NA
337	Pulse	55	14020000	403683	NA
337	Pulse	55	14030000	413683	NA
337	Pulse	55	14040000	423683	NA
337	Pulse	55	14050000	433683	NA
337	Pulse	55	14060000	443683	NA
337	Pulse	55	14070000	453683	NA
337	Pulse	55	14080000	463683	NA
337	Pulse	55	14090000	473683	NA
337	Pulse	55	14100000	483683	NA
337	Response	1	14107224	490906	0
337	Pulse	55	14110000	493683	NA
337	Pulse	55	14120000	503683	NA
338	Pulse	55	14130000	9934	NA
338	Pulse	55	14140000	19934	NA
338	Pulse	55	14150000	29934	NA
338	Pulse	55	14160000	39934	NA
338	Pulse	55	14170000	49934	NA
338	Pulse	55	14180000	59934	NA
338	Pulse	55	14190000	69934	NA
338	Pulse	55	14200000	79934	NA
338	Pulse	55	14210000	89934	NA
338	Pulse	55	14220000	99934	NA
338	Pulse	55	14230000	109934	NA
338	Pulse	55	14240000	119934	NA
338	Pulse	55	14250000	129934	NA
338	Pulse	55	14260000	139934	NA
338	Pulse	55	14270000	149934	NA
338	Pulse	55	14280000	159934	NA
338	Pulse	55	14290000	169934	NA
338	Pulse	55	14300000	179934	NA
338	Pulse	55	14310000	189934	NA
338	Pulse	55	14320000	199934	NA
338	Pulse	55	14330000	209934	NA
338	Pulse	55	14340000	219934	NA
338	Pulse	55	14350000	229934	NA
338	Pulse	55	14360000	239934	NA
338	Pulse	55	14370000	249934	NA
338	Pulse	55	14380000	259934	NA
338	Pulse	55	14390000	269934	NA
338	Pulse	55	14400000	279934	NA
338	Pulse	55	14410000	289934	NA
338	Pulse	55	14420000	299934	NA
338	Pulse	55	14430000	309934	NA
338	Pulse	55	14440000	319934	NA
338	Pulse	55	14450000	329934	NA
338	Pulse	55	14460000	339934	NA
338	Pulse	55	14470000	349934	NA
338	Pulse	55	14480000	359934	NA
338	Pulse	55	14490000	369934	NA
338	Pulse	55	14500000	379934	NA
338	Pulse	55	14510000	389934	NA
338	Pulse	55	14520000	399934	NA
338	Pulse	55	14530000	409934	NA
338	Pulse	55	14540000	419934	NA
338	Pulse	55	14550000	429934	NA
338	Pulse	55	14560000	439934	NA
338	Pulse	55	14570000	449934	NA
338	Pulse	55	14580000	459934	NA
338	Pulse	55	14590000	469934	NA
338	Pulse	55	14600000	479934	NA
338	Pulse	55	14610000	489934	NA
338	Pulse	55	14620000	499934	NA
338	Pulse	55	14630000	509934	NA
338	Pulse	55	14640000	519934	NA
338	Pulse	55	14650000	529934	NA
338	Pulse	55	14660000	539934	NA
338	Pulse	55	14670000	549934	NA
338	Pulse	55	14680000	559934	NA
338	Pulse	55	14690000	569934	NA
338	Pulse	55	14700000	579934	NA
338	Pulse	55	14710000	589934	NA
338	Pulse	55	14720000	599934	NA
338	Pulse	55	14730000	609934	NA
338	Pulse	55	14740000	619934	NA
338	Pulse	55	14750000	629934	NA
338	Pulse	55	14760000	639934	NA
338	Pulse	55	14770000	649934	NA
338	Pulse	55	14780000	659934	NA
338	Pulse	55	14790000	669934	NA
338	Pulse	55	14800000	679934	NA
338	Pulse	55	14810000	689934	NA
338	Pulse	55	14820000	699934	NA
338	Pulse	55	14830000	709934	NA
338	Pulse	55	14840000	719934	NA
338	Pulse	55	14850000	729934	NA
338	Pulse	55	14860000	739934	NA
338	Pulse	55	14870000	749934	NA
338	Pulse	55	14880000	759934	NA
338	Pulse	55	14890000	769934	NA
338	Pulse	55	14900000	779934	NA
338	Pulse	55	14910000	789934	NA
338	Pulse	55	14920000	799934	NA
338	Pulse	55	14930000	809934	NA
338	Pulse	55	14940000	819934	NA
338	Pulse	55	14950000	829934	NA
338	Pulse	55	14960000	839934	NA
338	Pulse	55	14970000	849934	NA
338	Pulse	55	14980000	859934	NA
338	Pulse	55	14990000	869934	NA
338	Pulse	55	15000000	879934	NA
338	Pulse	55	15010000	889934	NA
338	Pulse	55	15020000	899934	NA
338	Pulse	55	15030000	909934	NA
338	Pulse	55	15040000	919934	NA
338	Pulse	55	15050000	929934	NA
338	Pulse	55	15060000	939934	NA
338	Pulse	55	15070000	949934	NA
338	Pulse	55	15080000	959934	NA
338	Pulse	55	15090000	969934	NA
338	Pulse	55	15100000	979934	NA
338	Pulse	55	15110000	989934	NA
338	Pulse	55	15120000	999934	NA
338	Pulse	55	15130000	1009934	NA
338	Pulse	55	15140000	1019934	NA
338	Pulse	55	15150000	1029934	NA
338	Pulse	55	15160000	1039934	NA
338	Pulse	55	15170000	1049934	NA
338	Pulse	55	15180000	1059934	NA
338	Pulse	55	15190000	1069934	NA
338	Pulse	55	15200000	1079934	NA
338	Pulse	55	15210000	1089934	NA
338	Pulse	55	15220000	1099934	NA
338	Pulse	55	15230000	1109934	NA
338	Pulse	55	15240000	1119934	NA
338	Pulse	55	15250000	1129934	NA
338	Pulse	55	15260000	1139934	NA
338	Pulse	55	15270000	1149934	NA
338	Pulse	55	15280000	1159934	NA
338	Pulse	55	15290000	1169934	NA
338	Pulse	55	15300000	1179934	NA
338	Pulse	55	15310000	1189934	NA
338	Pulse	55	15320000	1199934	NA
338	Pulse	55	15330000	1209934	NA
338	Pulse	55	15340000	1219934	NA
338	Pulse	55	15350000	1229934	NA
338	Pulse	55	15360000	1239934	NA
338	Pulse	55	15370000	1249934	NA
338	Pulse	55	15380000	1259934	NA
338	Pulse	55	15390000	1269934	NA
338	Pulse	55	15400000	1279934	NA
338	Pulse	55	15410000	1289934	NA
338	Pulse	55	15420000	1299934	NA
338	Pulse	55	15430000	1309934	NA
338	Pulse	55	15440000	1319934	NA
338	Pulse	55	15450000	1329934	NA
338	Pulse	55	15460000	1339934	NA
338	Pulse	55	15470000	1349934	NA
338	Pulse	55	15480000	1359934	NA
338	Pulse	55	15490000	1369934	NA
338	Pulse	55	15500000	1379934	NA
338	Pulse	55	15510000	1389934	NA
338	Pulse	55	15520000	1399934	NA
338	Pulse	55	15530000	1409934	NA
338	Pulse	55	15540000	1419934	NA
338	Pulse	55	15550000	1429934	NA
338	Pulse	55	15560000	1439934	NA
338	Pulse	55	15570000	1449934	NA
338	Pulse	55	15580000	1459934	NA
338	Pulse	55	15590000	1469934	NA
338	Pulse	55	15600000	1479934	NA
338	Pulse	55	15610000	1489934	NA
338	Pulse	55	15620000	1499934	NA
338	Pulse	55	15630000	1509934	NA
338	Pulse	55	15640000	1519934	NA
338	Pulse	55	15650000	1529934	NA
338	Pulse	55	15660000	1539934	NA
338	Pulse	55	15670000	1549934	NA
338	Pulse	55	15680000	1559934	NA
338	Pulse	55	15690000	1569934	NA
338	Pulse	55	15700000	1579934	NA
338	Pulse	55	15710000	1589934	NA
338	Pulse	55	15720000	1599934	NA
338	Pulse	55	15730000	1609934	NA
338	Pulse	55	15740000	1619934	NA
338	Pulse	55	15750000	1629934	NA
338	Pulse	55	15760000	1639934	NA
338	Pulse	55	15770000	1649934	NA
338	Pulse	55	15780000	1659934	NA
338	Pulse	55	15790000	1669934	NA
338	Pulse	55	15800000	1679934	NA
338	Pulse	55	15810000	1689934	NA
338	Pulse	55	15820000	1699934	NA
338	Pulse	55	15830000	1709934	NA
338	Pulse	55	15840000	1719934	NA
338	Pulse	55	15850000	1729934	NA
338	Pulse	55	15860000	1739934	NA
338	Pulse	55	15870000	1749934	NA
338	Pulse	55	15880000	1759934	NA
338	Pulse	55	15890000	1769934	NA
338	Pulse	55	15900000	1779934	NA
338	Pulse	55	15910000	1789934	NA
338	Pulse	55	15920000	1799934	NA
338	Pulse	55	15930000	1809934	NA
338	Pulse	55	15940000	1819934	NA
338	Pulse	55	15950000	1829934	NA
338	Pulse	55	15960000	1839934	NA
338	Pulse	55	15970000	1849934	NA
338	Pulse	55	15980000	1859934	NA
338	Pulse	55	15990000	1869934	NA
338	Pulse	55	16000000	1879934	NA
338	Pulse	55	16010000	1889934	NA
338	Pulse	55	16020000	1899934	NA
338	Pulse	55	16030000	1909934	NA
338	Pulse	55	16040000	1919934	NA
338	Pulse	55	16050000	1929934	NA
338	Pulse	55	16060000	1939934	NA
338	Pulse	55	16070000	1949934	NA
338	Pulse	55	16080000	1959934	NA
338	Pulse	55	16090000	1969934	NA
338	Pulse	55	16100000	1979934	NA
338	Pulse	55	16110000	1989934	NA
338	Pulse	55	16120000	1999934	NA
338	Pulse	55	16130000	2009934	NA
338	Pulse	55	16140000	2019934	NA
338	Pulse	55	16150000	2029934	NA
338	Pulse	55	16160000	2039934	NA
338	Pulse	55	16170000	2049934	NA
338	Pulse	55	16180000	2059934	NA
338	Pulse	55	16190000	2069934	NA
338	Pulse	55	16200000	2079934	NA
338	Pulse	55	16210000	2089934	NA
338	Pulse	55	16220000	2099934	NA
338	Pulse	55	16230000	2109934	NA
338	Pulse	55	16240000	2119934	NA
338	Pulse	55	16250000	2129934	NA
338	Pulse	55	16260000	2139934	NA
338	Pulse	55	16270000	2149934	NA
338	Pulse	55	16280000	2159934	NA
338	Pulse	55	16290000	2169934	NA
338	Pulse	55	16300000	2179934	NA
338	Pulse	55	16310000	2189934	NA
338	Pulse	55	16320000	2199934	NA
338	Pulse	55	16330000	2209934	NA
338	Pulse	55	16340000	2219934	NA
338	Pulse	55	16350000	2229934	NA
338	Pulse	55	16360000	2239934	NA
338	Pulse	55	16370000	2249934	NA
338	Pulse	55	16380000	2259934	NA
338	Pulse	55	16390000	2269934	NA
338	Pulse	55	16400000	2279934	NA
338	Pulse	55	16410000	2289934	NA
338	Pulse	55	16420000	2299934	NA
338	Pulse	55	16430000	2309934	NA
338	Pulse	55	16440000	2319934	NA
338	Pulse	55	16450000	2329934	NA
338	Pulse	55	16460000	2339934	NA
338	Pulse	55	16470000	2349934	NA
338	Pulse	55	16480000	2359934	NA
338	Pulse	55	16490000	2369934	NA
338	Pulse	55	16500000	2379934	NA
338	Pulse	55	16510000	2389934	NA
338	Pulse	55	16520000	2399934	NA
338	Pulse	55	16530000	2409934	NA
338	Pulse	55	16540000	2419934	NA
338	Pulse	55	16550000	2429934	NA
338	Pulse	55	16560000	2439934	NA
338	Pulse	55	16570000	2449934	NA
338	Pulse	55	16580000	2459934	NA
338	Pulse	55	16590000	2469934	NA
338	Pulse	55	16600000	2479934	NA
338	Pulse	55	16610000	2489934	NA
338	Pulse	55	16620000	2499934	NA
338	Pulse	55	16630000	2509934	NA
338	Pulse	55	16640000	2519934	NA
338	Pulse	55	16650000	2529934	NA
338	Pulse	55	16660000	2539934	NA
338	Pulse	55	16670000	2549934	NA
338	Pulse	55	16680000	2559934	NA
338	Pulse	55	16690000	2569934	NA
338	Pulse	55	16700000	2579934	NA
338	Pulse	55	16710000	2589934	NA
338	Pulse	55	16720000	2599934	NA
338	Pulse	55	16730000	2609934	NA
338	Pulse	55	16740000	2619934	NA
338	Pulse	55	16750000	2629934	NA
338	Pulse	55	16760000	2639934	NA
338	Pulse	55	16770000	2649934	NA
338	Pulse	55	16780000	2659934	NA
338	Pulse	55	16790000	2669934	NA
338	Pulse	55	16800000	2679934	NA
338	Pulse	55	16810000	2689934	NA
338	Pulse	55	16820000	2699934	NA
338	Pulse	55	16830000	2709934	NA
338	Pulse	55	16840000	2719934	NA
338	Pulse	55	16850000	2729934	NA
338	Pulse	55	16860000	2739934	NA
338	Pulse	55	16870000	2749934	NA
338	Pulse	55	16880000	2759934	NA
338	Pulse	55	16890000	2769934	NA
338	Pulse	55	16900000	2779934	NA
338	Pulse	55	16910000	2789934	NA
338	Pulse	55	16920000	2799934	NA
338	Pulse	55	16930000	2809934	NA
338	Pulse	55	16940000	2819934	NA
338	Pulse	55	16950000	2829934	NA
338	Pulse	55	16960000	2839934	NA
338	Pulse	55	16970000	2849934	NA
338	Pulse	55	16980000	2859934	NA
338	Pulse	55	16990000	2869934	NA
338	Pulse	55	17000000	2879934	NA
338	Pulse	55	17010000	2889934	NA
338	Pulse	55	17020000	2899934	NA
338	Pulse	55	17030000	2909934	NA
338	Pulse	55	17040000	2919934	NA
338	Pulse	55	17050000	2929934	NA
338	Pulse	55	17060000	2939934	NA
338	Pulse	55	17070000	2949934	NA
338	Pulse	55	17080000	2959934	NA
338	Pulse	55	17090000	2969934	NA
338	Pulse	55	17100000	2979934	NA
338	Pulse	55	17110000	2989934	NA
338	Pulse	55	17120000	2999934	NA
338	Pulse	55	17130000	3009934	NA
338	Pulse	55	17140000	3019934	NA
338	Pulse	55	17150000	3029934	NA
338	Pulse	55	17160000	3039934	NA
338	Pulse	55	17170000	3049934	NA
338	Pulse	55	17180000	3059934	NA
338	Pulse	55	17190000	3069934	NA
338	Pulse	55	17200000	3079934	NA
338	Pulse	55	17210000	3089934	NA
338	Pulse	55	17220000	3099934	NA
338	Pulse	55	17230000	3109934	NA
338	Pulse	55	17240000	3119934	NA
338	Pulse	55	17250000	3129934	NA
338	Pulse	55	17260000	3139934	NA
338	Pulse	55	17270000	3149934	NA
338	Pulse	55	17280000	3159934	NA
338	Pulse	55	17290000	3169934	NA
338	Pulse	55	17300000	3179934	NA
338	Pulse	55	17310000	3189934	NA
338	Pulse	55	17320000	3199934	NA
338	Pulse	55	17330000	3209934	NA
338	Pulse	55	17340000	3219934	NA
338	Pulse	55	17350000	3229934	NA
338	Pulse	55	17360000	3239934	NA
338	Pulse	55	17370000	3249934	NA
338	Pulse	55	17380000	3259934	NA
338	Pulse	55	17390000	3269934	NA
338	Pulse	55	17400000	3279934	NA
338	Pulse	55	17410000	3289934	NA
338	Pulse	55	17420000	3299934	NA
338	Pulse	55	17430000	3309934	NA
338	Pulse	55	17440000	3319934	NA
338	Pulse	55	17450000	3329934	NA
338	Pulse	55	17460000	3339934	NA
338	Pulse	55	17470000	3349934	NA
338	Pulse	55	17480000	3359934	NA
338	Pulse	55	17490000	3369934	NA
338	Pulse	55	17500000	3379934	NA
338	Pulse	55	17510000	3389934	NA
338	Pulse	55	17520000	3399934	NA
338	Pulse	55	17530000	3409934	NA
338	Pulse	55	17540000	3419934	NA
338	Pulse	55	17550000	3429934	NA
338	Pulse	55	17560000	3439934	NA
338	Pulse	55	17570000	3449934	NA
338	Pulse	55	17580000	3459934	NA
338	Pulse	55	17590000	3469934	NA
338	Pulse	55	17600000	3479934	NA
338	Pulse	55	17610000	3489934	NA
338	Pulse	55	17620000	3499934	NA
338	Pulse	55	17630000	3509934	NA
338	Pulse	55	17640000	3519934	NA
338	Pulse	55	17650000	3529934	NA
338	Pulse	55	17660000	3539934	NA
338	Pulse	55	17670000	3549934	NA
338	Pulse	55	17680000	3559934	NA
338	Pulse	55	17690000	3569934	NA
338	Pulse	55	17700000	3579934	NA
338	Pulse	55	17710000	3589934	NA
338	Pulse	55	17720000	3599934	NA
338	Pulse	55	17730000	3609934	NA
338	Pulse	55	17740000	3619934	NA
338	Pulse	55	17750000	3629934	NA
338	Pulse	55	17760000	3639934	NA
338	Pulse	55	17770000	3649934	NA
338	Pulse	55	17780000	3659934	NA
338	Pulse	55	17790000	3669934	NA
338	Pulse	55	17800000	3679934	NA
338	Pulse	55	17810000	3689934	NA
338	Pulse	55	17820000	3699934	NA
338	Pulse	55	17830000	3709934	NA
338	Pulse	55	17840000	3719934	NA
338	Pulse	55	17850000	3729934	NA
338	Pulse	55	17860000	3739934	NA
338	Pulse	55	17870000	3749934	NA
338	Pulse	55	17880000	3759934	NA
338	Pulse	55	17890000	3769934	NA
338	Pulse	55	17900000	3779934	NA
338	Pulse	55	17910000	3789934	NA
338	Pulse	55	17920000	3799934	NA
338	Pulse	55	17930000	3809934	NA
338	Pulse	55	17940000	3819934	NA
338	Pulse	55	17950000	3829934	NA
338	Pulse	55	17960000	3839934	NA
338	Pulse	55	17970000	3849934	NA
338	Pulse	55	17980000	3859934	NA
338	Pulse	55	17990000	3869934	NA
338	Pulse	55	18000000	3879934	NA
338	Pulse	55	18010000	3889934	NA
338	Pulse	55	18020000	3899934	NA
338	Pulse	55	18030000	3909934	NA
338	Pulse	55	18040000	3919934	NA
338	Pulse	55	18050000	3929934	NA
338	Pulse	55	18060000	3939934	NA
338	Pulse	55	18070000	3949934	NA
338	Pulse	55	18080000	3959934	NA
338	Pulse	55	18090000	3969934	NA
338	Pulse	55	18100000	3979934	NA
338	Pulse	55	18110000	3989934	NA
338	Pulse	55	18120000	3999934	NA
338	Pulse	55	18130000	4009934	NA
338	Pulse	55	18140000	4019934	NA
338	Pulse	55	18150000	4029934	NA
338	Pulse	55	18160000	4039934	NA
338	Pulse	55	18170000	4049934	NA
338	Pulse	55	18180000	4059934	NA
338	Pulse	55	18190000	4069934	NA
338	Pulse	55	18200000	4079934	NA
338	Pulse	55	18210000	4089934	NA
338	Pulse	55	18220000	4099934	NA
338	Pulse	55	18230000	4109934	NA
338	Pulse	55	18240000	4119934	NA
338	Pulse	55	18250000	4129934	NA
338	Pulse	55	18260000	4139934	NA
338	Pulse	55	18270000	4149934	NA
338	Pulse	55	18280000	4159934	NA
338	Pulse	55	18290000	4169934	NA
338	Pulse	55	18300000	4179934	NA
338	Pulse	55	18310000	4189934	NA
338	Pulse	55	18320000	4199934	NA
338	Pulse	55	18330000	4209934	NA
338	Pulse	55	18340000	4219934	NA
338	Pulse	55	18350000	4229934	NA
338	Pulse	55	18360000	4239934	NA
338	Pulse	55	18370000	4249934	NA
338	Pulse	55	18380000	4259934	NA
338	Pulse	55	18390000	4269934	NA
338	Pulse	55	18400000	4279934	NA
338	Pulse	55	18410000	4289934	NA
338	Pulse	55	18420000	4299934	NA
338	Pulse	55	18430000	4309934	NA
338	Pulse	55	18440000	4319934	NA
338	Pulse	55	18450000	4329934	NA
338	Pulse	55	18460000	4339934	NA
338	Pulse	55	18470000	4349934	NA
338	Pulse	55	18480000	4359934	NA
338	Pulse	55	18490000	4369934	NA
338	Pulse	55	18500000	4379934	NA
338	Pulse	55	18510000	4389934	NA
338	Pulse	55	18520000	4399934	NA
338	Pulse	55	18530000	4409934	NA
338	Pulse	55	18540000	4419934	NA
338	Pulse	55	18550000	4429934	NA
338	Pulse	55	18560000	4439934	NA
338	Pulse	55	18570000	4449934	NA
338	Pulse	55	18580000	4459934	NA
338	Pulse	55	18590000	4469934	NA
338	Pulse	55	18600000	4479934	NA
338	Pulse	55	18610000	4489934	NA
338	Pulse	55	18620000	4499934	NA
338	Pulse	55	18630000	4509934	NA
338	Pulse	55	18640000	4519934	NA
338	Pulse	55	18650000	4529934	NA
338	Pulse	55	18660000	4539934	NA
338	Pulse	55	18670000	4549934	NA
338	Pulse	55	18680000	4559934	NA
338	Pulse	55	18690000	4569934	NA
338	Pulse	55	18700000	4579934	NA
338	Pulse	55	18710000	4589934	NA
338	Pulse	55	18720000	4599934	NA
338	Pulse	55	18730000	4609934	NA
338	Pulse	55	18740000	4619934	NA
338	Pulse	55	18750000	4629934	NA
338	Pulse	55	18760000	4639934	NA
338	Pulse	55	18770000	4649934	NA
338	Pulse	55	18780000	4659934	NA
338	Pulse	55	18790000	4669934	NA
338	Pulse	55	18800000	4679934	NA
338	Pulse	55	18810000	4689934	NA
338	Pulse	55	18820000	4699934	NA
338	Pulse	55	18830000	4709934	NA
338	Pulse	55	18840000	4719934	NA
338	Pulse	55	18850000	4729934	NA
338	Pulse	55	18860000	4739934	NA
338	Pulse	55	18870000	4749934	NA
338	Pulse	55	18880000	4759934	NA
338	Pulse	55	18890000	4769934	NA
338	Pulse	55	18900000	4779934	NA
338	Pulse	55	18910000	4789934	NA
338	Pulse	55	18920000	4799934	NA
338	Pulse	55	18930000	4809934	NA
338	Pulse	55	18940000	4819934	NA
338	Pulse	55	18950000	4829934	NA
338	Pulse	55	18960000	4839934	NA
338	Pulse	55	18970000	4849934	NA
338	Pulse	55	18980000	4859934	NA
338	Pulse	55	18990000	4869934	NA
338	Pulse	55	19000000	4879934	NA
338	Pulse	55	19010000	4889934	NA
338	Pulse	55	19020000	4899934	NA
338	Pulse	55	19030000	4909934	NA
338	Pulse	55	19040000	4919934	NA
338	Pulse	55	19050000	4929934	NA
338	Pulse	55	19060000	4939934	NA
338	Pulse	55	19070000	4949934	NA
338	Pulse	55	19080000	4959934	NA
338	Pulse	55	19090000	4969934	NA
338	Pulse	55	19100000	4979934	NA
338	Pulse	55	19110000	4989934	NA
338	Pulse	55	19120000	4999934	NA
338	Pulse	55	19130000	5009934	NA
338	Pulse	55	19140000	5019934	NA
338	Pulse	55	19150000	5029934	NA
338	Pulse	55	19160000	5039934	NA
338	Pulse	55	19170000	5049934	NA
338	Pulse	55	19180000	5059934	NA
338	Pulse	55	19190000	5069934	NA
338	Pulse	55	19200000	5079934	NA
338	Pulse	55	19210000	5089934	NA
338	Pulse	55	19220000	5099934	NA
338	Pulse	55	19230000	5109934	NA
338	Pulse	55	19240000	5119934	NA
338	Pulse	55	19250000	5129934	NA
338	Pulse	55	19260000	5139934	NA
338	Pulse	55	19270000	5149934	NA
338	Pulse	55	19280000	5159934	NA
338	Pulse	55	19290000	5169934	NA
338	Pulse	55	19300000	5179934	NA
338	Pulse	55	19310000	5189934	NA
338	Pulse	55	19320000	5199934	NA
338	Pulse	55	19330000	5209934	NA
338	Pulse	55	19340000	5219934	NA
338	Pulse	55	19350000	5229934	NA
338	Pulse	55	19360000	5239934	NA
338	Pulse	55	19370000	5249934	NA
338	Pulse	55	19380000	5259934	NA
338	Pulse	55	19390000	5269934	NA
338	Pulse	55	19400000	5279934	NA
338	Pulse	55	19410000	5289934	NA
338	Pulse	55	19420000	5299934	NA
338	Pulse	55	19430000	5309934	NA
338	Pulse	55	19440000	5319934	NA
338	Pulse	55	19450000	5329934	NA
338	Pulse	55	19460000	5339934	NA
338	Pulse	55	19470000	5349934	NA
338	Pulse	55	19480000	5359934	NA
338	Pulse	55	19490000	5369934	NA
338	Pulse	55	19500000	5379934	NA
338	Pulse	55	19510000	5389934	NA
338	Pulse	55	19520000	5399934	NA
338	Pulse	55	19530000	5409934	NA
338	Pulse	55	19540000	5419934	NA
338	Pulse	55	19550000	5429934	NA
338	Pulse	55	19560000	5439934	NA
338	Pulse	55	19570000	5449934	NA
338	Pulse	55	19580000	5459934	NA
338	Pulse	55	19590000	5469934	NA
338	Pulse	55	19600000	5479934	NA
338	Pulse	55	19610000	5489934	NA
338	Pulse	55	19620000	5499934	NA
338	Pulse	55	19630000	5509934	NA
338	Pulse	55	19640000	5519934	NA
338	Pulse	55	19650000	5529934	NA
338	Pulse	55	19660000	5539934	NA
338	Pulse	55	19670000	5549934	NA
338	Pulse	55	19680000	5559934	NA
338	Pulse	55	19690000	5569934	NA
338	Pulse	55	19700000	5579934	NA
338	Pulse	55	19710000	5589934	NA
338	Pulse	55	19720000	5599934	NA
338	Pulse	55	19730000	5609934	NA
338	Pulse	55	19740000	5619934	NA
338	Pulse	55	19750000	5629934	NA
338	Pulse	55	19760000	5639934	NA
338	Pulse	55	19770000	5649934	NA
338	Pulse	55	19780000	5659934	NA
338	Pulse	55	19790000	5669934	NA
338	Pulse	55	19800000	5679934	NA
338	Pulse	55	19810000	5689934	NA
338	Pulse	55	19820000	5699934	NA
338	Pulse	55	19830000	5709934	NA
338	Pulse	55	19840000	5719934	NA
338	Pulse	55	19850000	5729934	NA
338	Pulse	55	19860000	5739934	NA
338	Pulse	55	19870000	5749934	NA
338	Pulse	55	19880000	5759934	NA
338	Pulse	55	19890000	5769934	NA
338	Pulse	55	19900000	5779934	NA
338	Pulse	55	19910000	5789934	NA
338	Pulse	55	19920000	5799934	NA
338	Pulse	55	19930000	5809934	NA
338	Pulse	55	19940000	5819934	NA
338	Pulse	55	19950000	5829934	NA
338	Pulse	55	19960000	5839934	NA
338	Pulse	55	19970000	5849934	NA
338	Pulse	55	19980000	5859934	NA
338	Pulse	55	19990000	5869934	NA
338	Pulse	55	20000000	5879934	NA
338	Pulse	55	20010000	5889934	NA
338	Pulse	55	20020000	5899934	NA
338	Pulse	55	20030000	5909934	NA
338	Pulse	55	20040000	5919934	NA
338	Pulse	55	20050000	5929934	NA
338	Pulse	55	20060000	5939934	NA
338	Pulse	55	20070000	5949934	NA
338	Pulse	55	20080000	5959934	NA
338	Pulse	55	20090000	5969934	NA
338	Pulse	55	20100000	5979934	NA
338	Pulse	55	20110000	5989934	NA
338	Pulse	55	20120000	5999934	NA
338	Pulse	55	20130000	6009934	NA
338	Pulse	55	20140000	6019934	NA
338	Pulse	55	20150000	6029934	NA
338	Pulse	55	20160000	6039934	NA
338	Pulse	55	20170000	6049934	NA
338	Pulse	55	20180000	6059934	NA
338	Pulse	55	20190000	6069934	NA
338	Pulse	55	20200000	6079934	NA
338	Pulse	55	20210000	6089934	NA
338	Pulse	55	20220000	6099934	NA
338	Pulse	55	20230000	6109934	NA
338	Pulse	55	20240000	6119934	NA
338	Pulse	55	20250000	6129934	NA
338	Pulse	55	20260000	6139934	NA
338	Pulse	55	20270000	6149934	NA
338	Pulse	55	20280000	6159934	NA
338	Pulse	55	20290000	6169934	NA
338	Pulse	55	20300000	6179934	NA
338	Pulse	55	20310000	6189934	NA
338	Pulse	55	20320000	6199934	NA
338	Pulse	55	20330000	6209934	NA
338	Pulse	55	20340000	6219934	NA
338	Pulse	55	20350000	6229934	NA
338	Pulse	55	20360000	6239934	NA
338	Pulse	55	20370000	6249934	NA
338	Pulse	55	20380000	6259934	NA
338	Pulse	55	20390000	6269934	NA
338	Pulse	55	20400000	6279934	NA
338	Pulse	55	20410000	6289934	NA
338	Pulse	55	20420000	6299934	NA
338	Pulse	55	20430000	6309934	NA
338	Pulse	55	20440000	6319934	NA
338	Pulse	55	20450000	6329934	NA
338	Pulse	55	20460000	6339934	NA
338	Pulse	55	20470000	6349934	NA
338	Pulse	55	20480000	6359934	NA
338	Pulse	55	20490000	6369934	NA
338	Pulse	55	20500000	6379934	NA
338	Pulse	55	20510000	6389934	NA
338	Pulse	55	20520000	6399934	NA
338	Pulse	55	20530000	6409934	NA
338	Pulse	55	20540000	6419934	NA
338	Pulse	55	20550000	6429934	NA
338	Pulse	55	20560000	6439934	NA
338	Pulse	55	20570000	6449934	NA
338	Pulse	55	20580000	6459934	NA
338	Pulse	55	20590000	6469934	NA
338	Pulse	55	20600000	6479934	NA
338	Pulse	55	20610000	6489934	NA
338	Pulse	55	20620000	6499934	NA
338	Pulse	55	20630000	6509934	NA
338	Pulse	55	20640000	6519934	NA
338	Pulse	55	20650000	6529934	NA
338	Pulse	55	20660000	6539934	NA
338	Pulse	55	20670000	6549934	NA
338	Pulse	55	20680000	6559934	NA
338	Pulse	55	20690000	6569934	NA
338	Pulse	55	20700000	6579934	NA
338	Response	1	20704019	6583953	0
339	Pulse	55	20710000	5932	NA
339	Pulse	55	20720000	15932	NA
339	Pulse	55	20730000	25932	NA
339	Pulse	55	20740000	35932	NA
339	Pulse	55	20750000	45932	NA
339	Pulse	55	20760000	55932	NA
339	Pulse	55	20770000	65932	NA
339	Pulse	55	20780000	75932	NA
339	Pulse	55	20790000	85932	NA
339	Pulse	55	20800000	95932	NA
339	Pulse	55	20810000	105932	NA
339	Pulse	55	20820000	115932	NA
339	Pulse	55	20830000	125932	NA
339	Pulse	55	20840000	135932	NA
339	Pulse	55	20850000	145932	NA
339	Pulse	55	20860000	155932	NA
339	Pulse	55	20870000	165932	NA
339	Pulse	55	20880000	175932	NA
339	Pulse	55	20890000	185932	NA
339	Pulse	55	20900000	195932	NA
339	Pulse	55	20910000	205932	NA
339	Pulse	55	20920000	215932	NA
339	Pulse	55	20930000	225932	NA
339	Pulse	55	20940000	235932	NA
339	Pulse	55	20950000	245932	NA
339	Pulse	55	20960000	255932	NA
339	Pulse	55	20970000	265932	NA
339	Pulse	55	20980000	275932	NA
339	Pulse	55	20990000	285932	NA
339	Pulse	55	21000000	295932	NA
339	Pulse	55	21010000	305932	NA
339	Pulse	55	21020000	315932	NA
339	Pulse	55	21030000	325932	NA
339	Pulse	55	21040000	335932	NA
339	Pulse	55	21050000	345932	NA
339	Pulse	55	21060000	355932	NA
339	Pulse	55	21070000	365932	NA
339	Pulse	55	21080000	375932	NA
339	Pulse	55	21090000	385932	NA
339	Pulse	55	21100000	395932	NA
339	Pulse	55	21110000	405932	NA
339	Pulse	55	21120000	415932	NA
339	Pulse	55	21130000	425932	NA
339	Pulse	55	21140000	435932	NA
339	Pulse	55	21150000	445932	NA
339	Pulse	55	21160000	455932	NA
339	Pulse	55	21170000	465932	NA
339	Pulse	55	21180000	475932	NA
339	Pulse	55	21190000	485932	NA
339	Pulse	55	21200000	495932	NA
339	Pulse	55	21210000	505932	NA
339	Pulse	55	21220000	515932	NA
339	Pulse	55	21230000	525932	NA
339	Pulse	55	21240000	535932	NA
339	Pulse	55	21250000	545932	NA
339	Pulse	55	21260000	555932	NA
339	Pulse	55	21270000	565932	NA
339	Pulse	55	21280000	575932	NA
339	Pulse	55	21290000	585932	NA
339	Pulse	55	21300000	595932	NA
339	Pulse	55	21310000	605932	NA
339	Pulse	55	21320000	615932	NA
339	Pulse	55	21330000	625932	NA
339	Pulse	55	21340000	635932	NA
339	Pulse	55	21350000	645932	NA
339	Pulse	55	21360000	655932	NA
339	Pulse	55	21370000	665932	NA
339	Pulse	55	21380000	675932	NA
339	Pulse	55	21390000	685932	NA
339	Pulse	55	21400000	695932	NA
339	Pulse	55	21410000	705932	NA
339	Pulse	55	21420000	715932	NA
339	Pulse	55	21430000	725932	NA
339	Pulse	55	21440000	735932	NA
339	Pulse	55	21450000	745932	NA
339	Pulse	55	21460000	755932	NA
339	Pulse	55	21470000	765932	NA
339	Pulse	55	21480000	775932	NA
339	Pulse	55	21490000	785932	NA
339	Pulse	55	21500000	795932	NA
339	Pulse	55	21510000	805932	NA
339	Pulse	55	21520000	815932	NA
339	Pulse	55	21530000	825932	NA
339	Pulse	55	21540000	835932	NA
339	Pulse	55	21550000	845932	NA
339	Pulse	55	21560000	855932	NA
339	Pulse	55	21570000	865932	NA
339	Pulse	55	21580000	875932	NA
339	Pulse	55	21590000	885932	NA
339	Pulse	55	21600000	895932	NA
339	Pulse	55	21610000	905932	NA
339	Pulse	55	21620000	915932	NA
339	Pulse	55	21630000	925932	NA
339	Pulse	55	21640000	935932	NA
339	Pulse	55	21650000	945932	NA
339	Pulse	55	21660000	955932	NA
339	Pulse	55	21670000	965932	NA
339	Pulse	55	21680000	975932	NA
339	Pulse	55	21690000	985932	NA
339	Pulse	55	21700000	995932	NA
339	Pulse	55	21710000	1005932	NA
339	Pulse	55	21720000	1015932	NA
339	Pulse	55	21730000	1025932	NA
339	Pulse	55	21740000	1035932	NA
339	Pulse	55	21750000	1045932	NA
339	Pulse	55	21760000	1055932	NA
339	Pulse	55	21770000	1065932	NA
339	Pulse	55	21780000	1075932	NA
339	Pulse	55	21790000	1085932	NA
339	Pulse	55	21800000	1095932	NA
339	Pulse	55	21810000	1105932	NA
339	Pulse	55	21820000	1115932	NA
339	Pulse	55	21830000	1125932	NA
339	Pulse	55	21840000	1135932	NA
339	Pulse	55	21850000	1145932	NA
339	Pulse	55	21860000	1155932	NA
339	Pulse	55	21870000	1165932	NA
339	Pulse	55	21880000	1175932	NA
339	Pulse	55	21890000	1185932	NA
339	Pulse	55	21900000	1195932	NA
339	Pulse	55	21910000	1205932	NA
339	Pulse	55	21920000	1215932	NA
339	Pulse	55	21930000	1225932	NA
339	Pulse	55	21940000	1235932	NA
339	Pulse	55	21950000	1245932	NA
339	Pulse	55	21960000	1255932	NA
339	Pulse	55	21970000	1265932	NA
339	Pulse	55	21980000	1275932	NA
339	Pulse	55	21990000	1285932	NA
339	Pulse	55	22000000	1295932	NA
339	Pulse	55	22010000	1305932	NA
339	Pulse	55	22020000	1315932	NA
339	Pulse	55	22030000	1325932	NA
339	Pulse	55	22040000	1335932	NA
339	Pulse	55	22050000	1345932	NA
339	Pulse	55	22060000	1355932	NA
339	Pulse	55	22070000	1365932	NA
339	Pulse	55	22080000	1375932	NA
339	Pulse	55	22090000	1385932	NA
339	Pulse	55	22100000	1395932	NA
339	Pulse	55	22110000	1405932	NA
339	Pulse	55	22120000	1415932	NA
339	Pulse	55	22130000	1425932	NA
339	Pulse	55	22140000	1435932	NA
339	Pulse	55	22150000	1445932	NA
339	Pulse	55	22160000	1455932	NA
339	Pulse	55	22170000	1465932	NA
339	Pulse	55	22180000	1475932	NA
339	Pulse	55	22190000	1485932	NA
339	Pulse	55	22200000	1495932	NA
339	Pulse	55	22210000	1505932	NA
339	Pulse	55	22220000	1515932	NA
339	Pulse	55	22230000	1525932	NA
339	Pulse	55	22240000	1535932	NA
339	Pulse	55	22250000	1545932	NA
339	Pulse	55	22260000	1555932	NA
339	Pulse	55	22270000	1565932	NA
339	Pulse	55	22280000	1575932	NA
339	Pulse	55	22290000	1585932	NA
339	Pulse	55	22300000	1595932	NA
339	Pulse	55	22310000	1605932	NA
339	Pulse	55	22320000	1615932	NA
339	Pulse	55	22330000	1625932	NA
339	Pulse	55	22340000	1635932	NA
339	Pulse	55	22350000	1645932	NA
339	Pulse	55	22360000	1655932	NA
339	Pulse	55	22370000	1665932	NA
339	Pulse	55	22380000	1675932	NA
339	Pulse	55	22390000	1685932	NA
339	Pulse	55	22400000	1695932	NA
339	Pulse	55	22410000	1705932	NA
339	Pulse	55	22420000	1715932	NA
339	Pulse	55	22430000	1725932	NA
339	Pulse	55	22440000	1735932	NA
339	Pulse	55	22450000	1745932	NA
339	Pulse	55	22460000	1755932	NA
339	Pulse	55	22470000	1765932	NA
339	Pulse	55	22480000	1775932	NA
339	Pulse	55	22490000	1785932	NA
339	Pulse	55	22500000	1795932	NA
339	Pulse	55	22510000	1805932	NA
339	Pulse	55	22520000	1815932	NA
339	Pulse	55	22530000	1825932	NA
339	Pulse	55	22540000	1835932	NA
339	Pulse	55	22550000	1845932	NA
339	Pulse	55	22560000	1855932	NA
339	Pulse	55	22570000	1865932	NA
339	Pulse	55	22580000	1875932	NA
339	Pulse	55	22590000	1885932	NA
339	Pulse	55	22600000	1895932	NA
339	Pulse	55	22610000	1905932	NA
339	Pulse	55	22620000	1915932	NA
339	Pulse	55	22630000	1925932	NA
339	Pulse	55	22640000	1935932	NA
339	Pulse	55	22650000	1945932	NA
339	Pulse	55	22660000	1955932	NA
339	Pulse	55	22670000	1965932	NA
339	Pulse	55	22680000	1975932	NA
339	Pulse	55	22690000	1985932	NA
339	Pulse	55	22700000	1995932	NA
339	Pulse	55	22710000	2005932	NA
339	Pulse	55	22720000	2015932	NA
339	Pulse	55	22730000	2025932	NA
339	Pulse	55	22740000	2035932	NA
339	Pulse	55	22750000	2045932	NA
339	Pulse	55	22760000	2055932	NA
339	Pulse	55	22770000	2065932	NA
339	Pulse	55	22780000	2075932	NA
339	Pulse	55	22790000	2085932	NA
339	Pulse	55	22800000	2095932	NA
339	Pulse	55	22810000	2105932	NA
339	Pulse	55	22820000	2115932	NA
339	Pulse	55	22830000	2125932	NA
339	Pulse	55	22840000	2135932	NA
339	Pulse	55	22850000	2145932	NA
339	Pulse	55	22860000	2155932	NA
339	Pulse	55	22870000	2165932	NA
339	Pulse	55	22880000	2175932	NA
339	Pulse	55	22890000	2185932	NA
339	Pulse	55	22900000	2195932	NA
339	Pulse	55	22910000	2205932	NA
339	Pulse	55	22920000	2215932	NA
339	Pulse	55	22930000	2225932	NA
339	Pulse	55	22940000	2235932	NA
339	Pulse	55	22950000	2245932	NA
339	Pulse	55	22960000	2255932	NA
339	Pulse	55	22970000	2265932	NA
339	Pulse	55	22980000	2275932	NA
339	Pulse	55	22990000	2285932	NA
339	Pulse	55	23000000	2295932	NA
339	Pulse	55	23010000	2305932	NA
339	Quit		23011855	2307787	NA
