Scenario - RCHS_fMRI.sce
Logfile written - 07/09/2021 12:02:25

Subject	Trial	Event Type	Code	Time	TTime	Uncertainty	Duration	Uncertainty	ReqTime	ReqDur	Stim Type	Pair Index

1	0	Pulse	55	0	0	NA
1	1	Pulse	55	20000	19750	NA
1	1	Pulse	55	40000	39750	NA
1	1	Pulse	55	60000	59750	NA
1	1	Response	1	61996	61746	0
1	2	Picture	Fix	62103	0	1	48099	1	0	48020	other	0
1	2	Pulse	55	80000	17897	NA
1	2	Pulse	55	100000	37897	NA
1	3	Picture	Num	113287	83	1	4085	1	0	4000	miss	0
1	3	Pulse	55	120000	6796	NA
1	4	Picture	Num	120373	83	1	4085	1	0	4000	miss	0
1	5	Picture	Num	127458	83	1	4085	1	0	4000	miss	0
1	6	Picture	Num	134544	83	1	4085	1	0	4000	miss	0
1	6	Pulse	55	140000	5539	NA
1	7	Picture	Num	141630	83	1	4085	1	0	4000	miss	0
1	8	Picture	Num	148715	83	1	4085	1	0	4000	miss	0
1	9	Picture	Num	155801	83	1	4085	1	0	4000	miss	0
1	9	Pulse	55	160000	4282	NA
1	10	Picture	Num	162887	83	1	4085	1	0	4000	miss	0
1	11	Picture	Num	169972	83	1	4085	1	0	4000	hit	21
1	11	Response	1	173116	3227	0
1	12	Picture	Num	177058	83	1	4085	1	0	4000	miss	0
1	12	Pulse	55	180000	3025	NA
1	13	Picture	Num	184144	83	1	4085	1	0	4000	miss	0
1	14	Picture	Num	191229	83	1	4085	1	0	4000	miss	0
1	15	Picture	Num	198315	83	1	4085	1	0	4000	miss	0
1	15	Pulse	55	200000	1768	NA
1	16	Picture	Num	205401	83	1	4085	1	0	4000	miss	0
1	17	Picture	Num	212486	83	1	4085	1	0	4000	hit	30
1	17	Response	1	215846	3443	0
1	18	Picture	Num	219572	83	1	4085	1	0	4000	miss	0
1	18	Pulse	55	220000	511	NA
1	19	Picture	Num	226658	83	1	4085	1	0	4000	miss	0
1	20	Picture	Num	233743	83	1	4085	1	0	4000	miss	0
1	20	Pulse	55	240000	6340	NA
1	21	Picture	Num	240829	83	1	4085	1	0	4000	miss	0
1	22	Picture	Num	247915	83	1	4085	1	0	4000	miss	0
1	23	Picture	Num	255000	83	1	4085	1	0	4000	miss	0
1	23	Pulse	55	260000	5083	NA
1	24	Picture	Num	262086	83	1	4085	1	0	4000	miss	0
1	25	Picture	Num	269172	83	1	4085	1	0	4000	miss	0
1	26	Picture	Num	276257	83	1	4085	1	0	4000	miss	0
1	26	Pulse	55	280000	3826	NA
1	27	Picture	Num	283343	83	1	4085	1	0	4000	miss	0
1	28	Picture	Num	290429	83	1	4085	1	0	4000	miss	0
1	29	Picture	Num	297514	83	1	4085	1	0	4000	miss	0
1	29	Pulse	55	300000	2569	NA
1	30	Picture	Num	304600	83	1	4085	1	0	4000	miss	0
1	31	Picture	Num	311686	83	1	4085	1	0	4000	miss	0
1	32	Picture	Num	318771	83	1	4085	1	0	4000	miss	0
1	32	Pulse	55	320000	1312	NA
1	33	Picture	Num	325857	83	1	4085	1	0	4000	miss	0
1	34	Picture	Num	332943	83	1	4085	1	0	4000	hit	54
1	34	Response	1	336167	3307	0
1	35	Pulse	55	340000	55	NA
1	35	Picture	Num	340028	83	1	4085	1	0	4000	miss	0
1	36	Picture	Num	347114	83	1	4085	1	0	4000	miss	0
1	37	Picture	Num	354200	83	1	4085	1	0	4000	hit	59
1	37	Response	1	358266	4150	1
1	37	Pulse	55	360000	5884	NA
1	38	Picture	Num	361285	83	1	4085	1	0	4000	miss	0
1	39	Picture	Num	368371	83	1	4085	1	0	4000	miss	0
1	40	Picture	Num	375457	83	1	4085	1	0	4000	miss	0
1	40	Pulse	55	380000	4627	NA
1	41	Picture	Num	382542	83	1	4085	1	0	4000	miss	0
1	42	Picture	Num	389628	83	1	4085	1	0	4000	miss	0
1	43	Picture	Num	396714	83	1	4085	1	0	4000	miss	0
1	43	Pulse	55	400000	3370	NA
1	44	Picture	Num	403799	83	1	4085	1	0	4000	miss	0
1	45	Picture	Num	410885	83	1	4085	1	0	4000	miss	0
1	46	Picture	Num	417971	83	1	4085	1	0	4000	miss	0
1	46	Pulse	55	420000	2113	NA
1	47	Picture	Num	425056	83	1	4085	1	0	4000	miss	0
1	48	Picture	Num	432142	83	1	4085	1	0	4000	miss	0
1	49	Picture	Num	439228	83	1	4085	1	0	4000	miss	0
1	49	Pulse	55	440000	856	NA
1	50	Picture	Num	446313	83	1	4085	1	0	4000	miss	0
1	51	Picture	Num	453399	83	1	4085	1	0	4000	miss	0
1	51	Pulse	55	460000	6685	NA
1	52	Picture	Num	460485	83	1	4085	1	0	4000	miss	0
1	53	Picture	Num	467570	83	1	4085	1	0	4000	miss	0
1	54	Picture	Num	474656	83	1	4085	1	0	4000	miss	0
1	54	Pulse	55	480000	5427	NA
1	55	Picture	Num	481742	83	1	4085	1	0	4000	miss	0
1	56	Picture	Num	488827	83	1	4085	1	0	4000	miss	0
1	57	Picture	Num	495913	83	1	4085	1	0	4000	miss	0
1	57	Pulse	55	500000	4170	NA
1	58	Picture	Num	502999	83	1	4085	1	0	4000	hit	89
1	58	Response	1	507236	4321	0
1	59	Picture	Num	510084	83	1	4085	1	0	4000	miss	0
1	60	Picture	Num	517170	83	1	4085	1	0	4000	miss	0
1	60	Pulse	55	520000	2913	NA
1	61	Picture	Num	524256	83	1	4085	1	0	4000	hit	94
1	61	Response	1	528886	4714	0
1	62	Picture	Num	531341	83	1	4085	1	0	4000	miss	0
1	63	Picture	Num	538427	83	1	4085	1	0	4000	miss	0
1	63	Pulse	55	540000	1656	NA
1	64	Picture	Num	545513	83	1	4085	1	0	4000	miss	0
1	65	Picture	Num	552598	83	1	4085	1	0	4000	miss	0
1	66	Picture	Num	559684	83	1	4085	1	0	4000	miss	0
1	66	Pulse	55	560000	399	NA
1	67	Picture	Num	566770	83	1	4085	1	0	4000	miss	0
1	68	Picture	Num	573855	83	1	4085	1	0	4000	miss	0
1	68	Pulse	55	580000	6228	NA
1	69	Picture	Num	580941	83	1	4085	1	0	4000	miss	0
1	70	Picture	Num	588027	83	1	4085	1	0	4000	hit	107
1	70	Response	1	591736	3793	0
1	71	Picture	Num	595112	83	1	4085	1	0	4000	miss	0
1	71	Pulse	55	600000	4971	NA
1	72	Picture	Num	602198	83	1	4085	1	0	4000	miss	0
1	73	Picture	Num	609284	83	1	4085	1	0	4000	miss	0
1	74	Picture	Num	616369	83	1	4085	1	0	4000	miss	0
1	74	Pulse	55	620000	3714	NA
1	75	Picture	Num	623455	83	1	4085	1	0	4000	miss	0
1	76	Picture	Num	630541	83	1	4085	1	0	4000	miss	0
1	77	Picture	Num	637626	83	1	4085	1	0	4000	miss	0
1	77	Pulse	55	640000	2457	NA
1	78	Picture	Num	644712	83	1	4085	1	0	4000	miss	0
1	79	Picture	Num	651798	83	1	4085	1	0	4000	miss	0
1	80	Picture	Num	658883	83	1	4085	1	0	4000	hit	122
1	80	Pulse	55	660000	1200	NA
1	80	Response	1	663026	4226	0
1	81	Picture	Num	665969	83	1	4085	1	0	4000	miss	0
1	82	Picture	Num	673055	83	1	4085	1	0	4000	miss	0
1	82	Pulse	55	680000	7029	NA
1	83	Picture	Num	680140	83	1	4085	1	0	4000	miss	0
1	84	Picture	Num	687226	83	1	4085	1	0	4000	miss	0
1	85	Picture	Num	694312	83	1	4085	1	0	4000	miss	0
1	85	Pulse	55	700000	5772	NA
1	86	Picture	Num	701397	83	1	4085	1	0	4000	miss	0
1	87	Picture	Num	708483	83	1	4085	1	0	4000	miss	0
1	88	Picture	Num	715569	83	1	4085	1	0	4000	miss	0
1	88	Pulse	55	720000	4515	NA
1	89	Picture	Num	722654	83	1	4085	1	0	4000	miss	0
1	90	Picture	Num	729740	84	1	4085	1	0	4000	miss	0
1	91	Picture	Num	736826	83	1	4085	1	0	4000	hit	138
1	91	Pulse	55	740000	3258	NA
1	91	Response	1	741016	4273	0
1	92	Picture	Num	743911	83	1	4085	1	0	4000	miss	0
1	93	Picture	Num	750997	83	1	4085	1	0	4000	miss	0
1	94	Picture	Num	758083	83	1	4085	1	0	4000	miss	0
1	94	Pulse	55	760000	2001	NA
1	95	Picture	Num	765168	83	1	4085	1	0	4000	hit	144
1	95	Response	1	769066	3981	0
1	96	Picture	Num	772254	83	1	4085	1	0	4000	miss	0
1	97	Picture	Num	779340	83	1	4085	1	0	4000	miss	0
1	97	Pulse	55	780000	744	NA
1	98	Picture	Num	786425	83	1	4085	1	0	4000	hit	149
1	98	Response	1	790266	3924	0
1	99	Picture	Num	793511	83	1	4085	1	0	4000	miss	0
1	99	Pulse	55	800000	6572	NA
1	100	Picture	Num	800597	83	1	4085	1	0	4000	miss	0
1	101	Picture	Num	807682	83	1	4085	1	0	4000	miss	0
1	102	Picture	Num	814768	83	1	4085	1	0	4000	miss	0
1	102	Pulse	55	820000	5315	NA
1	103	Picture	Num	821854	83	1	4085	1	0	4000	miss	0
1	104	Picture	Num	828939	83	1	4085	1	0	4000	miss	0
1	105	Picture	Num	836025	83	1	4085	1	0	4000	miss	0
1	105	Pulse	55	840000	4058	NA
1	106	Picture	Num	843111	83	1	4085	1	0	4000	miss	0
1	107	Picture	Num	850196	83	1	4085	1	0	4000	miss	0
1	108	Picture	Num	857282	83	1	4085	1	0	4000	miss	0
1	108	Pulse	55	860000	2801	NA
1	109	Picture	Num	864368	83	1	4085	1	0	4000	miss	0
1	110	Picture	Num	871453	83	1	4085	1	0	4000	miss	0
1	111	Picture	Num	878539	83	1	4085	1	0	4000	miss	0
1	111	Pulse	55	880000	1544	NA
1	112	Picture	Num	885625	83	1	4085	1	0	4000	miss	0
1	113	Picture	Num	892710	83	1	4085	1	0	4000	miss	0
1	114	Picture	Num	899796	83	1	4085	1	0	4000	miss	0
1	114	Pulse	55	900000	287	NA
1	115	Picture	Num	906882	83	1	4085	1	0	4000	miss	0
1	116	Picture	Num	913967	83	1	4085	1	0	4000	miss	0
1	116	Pulse	55	920000	6116	NA
1	117	Picture	Num	921053	83	1	4085	1	0	4000	miss	0
1	118	Picture	Num	928139	83	1	4085	1	0	4000	miss	0
1	119	Picture	Num	935224	83	1	4085	1	0	4000	miss	0
1	119	Pulse	55	940000	4859	NA
1	120	Picture	Num	942310	83	1	4085	1	0	4000	miss	0
1	121	Picture	Num	949396	83	1	4085	1	0	4000	miss	0
1	122	Picture	Num	956481	83	1	4085	1	0	4000	miss	0
1	122	Pulse	55	960000	3602	NA
1	123	Picture	Num	963567	83	1	4085	1	0	4000	miss	0
1	124	Picture	Num	970653	83	1	4085	1	0	4000	miss	0
1	125	Picture	Num	977738	83	1	4085	1	0	4000	miss	0
1	125	Pulse	55	980000	2345	NA
1	126	Picture	Num	984824	83	1	4085	1	0	4000	hit	188
1	126	Response	1	988005	3265	0
1	127	Picture	Num	991910	83	1	4085	1	0	4000	miss	0
1	128	Picture	Num	998995	83	1	4085	1	0	4000	miss	0
1	128	Pulse	55	1000000	1088	NA
1	129	Picture	Num	1006081	83	1	4085	1	0	4000	miss	0
1	130	Picture	Num	1013167	83	1	4085	1	0	4000	miss	0
1	130	Pulse	55	1020000	6917	NA
1	131	Picture	Num	1020252	83	1	4085	1	0	4000	miss	0
1	132	Picture	Num	1027338	83	1	4085	1	0	4000	hit	197
1	132	Response	1	1031865	4611	0
1	133	Picture	Num	1034424	83	1	4085	1	0	4000	miss	0
1	133	Pulse	55	1040000	5660	NA
1	134	Picture	Num	1041509	83	1	4085	1	0	4000	miss	0
1	135	Picture	Num	1048595	83	1	4085	1	0	4000	miss	0
1	136	Picture	Num	1055681	83	1	4085	1	0	4000	miss	0
1	136	Pulse	55	1060000	4403	NA
1	137	Picture	Num	1062766	83	1	4085	1	0	4000	miss	0
1	138	Picture	Num	1069852	83	1	4085	1	0	4000	miss	0
1	139	Picture	Num	1076938	83	1	4085	1	0	4000	miss	0
1	139	Pulse	55	1080000	3146	NA
1	140	Picture	Num	1084023	83	1	4085	1	0	4000	miss	0
1	141	Picture	Num	1091109	83	1	4085	1	0	4000	hit	210
1	141	Response	1	1094515	3490	0
1	142	Picture	Num	1098195	83	1	4085	1	0	4000	miss	0
1	142	Pulse	55	1100000	1889	NA
1	143	Picture	Num	1105280	83	1	4085	1	0	4000	miss	0
1	144	Picture	Num	1112366	83	1	4085	1	0	4000	miss	0
1	145	Picture	Num	1119452	83	1	4085	1	0	4000	miss	0
1	145	Pulse	55	1120000	632	NA
1	146	Picture	Num	1126537	83	1	4085	1	0	4000	hit	218
1	146	Response	1	1130345	3892	0
1	147	Picture	Num	1133623	83	1	4085	1	0	4000	miss	0
1	147	Pulse	55	1140000	6460	NA
1	148	Picture	Num	1140709	83	1	4085	1	0	4000	miss	0
1	149	Picture	Num	1147794	83	1	4085	1	0	4000	miss	0
1	150	Picture	Num	1154880	83	1	4085	1	0	4000	miss	0
1	150	Pulse	55	1160000	5204	NA
1	151	Picture	Num	1161966	83	1	4085	1	0	4000	miss	0
1	152	Picture	Num	1169051	83	1	4085	1	0	4000	hit	227
1	152	Response	1	1172565	3597	0
1	153	Picture	Num	1176137	83	1	4085	1	0	4000	miss	0
1	153	Pulse	55	1180000	3947	NA
1	154	Picture	Num	1183223	83	1	4085	1	0	4000	miss	0
1	155	Picture	Num	1190308	83	1	4085	1	0	4000	miss	0
1	156	Picture	Num	1197394	83	1	4085	1	0	4000	miss	0
1	156	Pulse	55	1200000	2690	NA
1	157	Picture	Num	1204480	83	1	4085	1	0	4000	miss	0
1	158	Picture	Num	1211565	83	1	4085	1	0	4000	miss	0
1	159	Picture	Num	1218651	83	1	4085	1	0	4000	miss	0
1	159	Pulse	55	1220000	1433	NA
1	160	Picture	Num	1225737	83	1	4085	1	0	4000	miss	0
1	161	Picture	Num	1232822	83	1	4085	1	0	4000	miss	0
1	162	Picture	Num	1239908	83	1	4085	1	0	4000	hit	242
1	162	Pulse	55	1240000	175	NA
1	162	Response	1	1243405	3581	0
1	163	Picture	Num	1246994	83	1	4085	1	0	4000	miss	0
1	164	Picture	Num	1254079	83	1	4085	1	0	4000	miss	0
1	164	Pulse	55	1260000	6004	NA
1	165	Picture	Num	1261165	83	1	4085	1	0	4000	hit	247
1	165	Response	1	1264905	3824	0
1	166	Picture	Num	1268250	83	1	4085	1	0	4000	miss	0
1	167	Picture	Num	1275336	83	1	4085	1	0	4000	miss	0
1	167	Pulse	55	1280000	4747	NA
1	168	Picture	Fix	1282338	0	1	65772	1	0	65720	other	0
1	168	Pulse	55	1300000	17662	NA
1	168	Pulse	55	1320000	37662	NA
1	168	Pulse	55	1340000	57662	NA
1	169	Picture	Num	1351194	83	1	4085	1	0	4000	miss	0
1	170	Picture	Num	1358280	83	1	4085	1	0	4000	miss	0
1	170	Pulse	55	1360000	1803	NA
1	171	Picture	Num	1365366	83	1	4085	1	0	4000	miss	0
1	172	Picture	Num	1372452	83	1	4085	1	0	4000	miss	0
1	173	Picture	Num	1379537	83	1	4085	1	0	4000	miss	0
1	173	Pulse	55	1380000	546	NA
1	174	Picture	Num	1386623	83	1	4085	1	0	4000	miss	0
1	175	Picture	Num	1393709	83	1	4085	1	0	4000	miss	0
1	175	Pulse	55	1400000	6375	NA
1	176	Picture	Num	1400794	83	1	4085	1	0	4000	miss	0
1	177	Picture	Num	1407880	83	1	4085	1	0	4000	miss	0
1	178	Picture	Num	1414965	83	1	4085	1	0	4000	miss	0
1	178	Pulse	55	1420000	5118	NA
1	179	Picture	Num	1422051	83	1	4085	1	0	4000	miss	0
1	180	Picture	Num	1429137	83	1	4085	1	0	4000	miss	0
1	181	Picture	Num	1436222	83	1	4085	1	0	4000	miss	0
1	181	Pulse	55	1440000	3861	NA
1	182	Picture	Num	1443308	83	1	4085	1	0	4000	miss	0
1	183	Picture	Num	1450394	83	1	4085	1	0	4000	miss	0
1	184	Picture	Num	1457480	83	1	4085	1	0	4000	hit	277
1	184	Pulse	55	1460000	2604	NA
1	184	Response	1	1462015	4619	0
1	185	Picture	Num	1464565	83	1	4085	1	0	4000	miss	0
1	186	Picture	Num	1471651	83	1	4085	1	0	4000	miss	0
1	187	Picture	Num	1478736	83	1	4085	1	0	4000	miss	0
1	187	Pulse	55	1480000	1347	NA
1	188	Picture	Num	1485822	83	1	4085	1	0	4000	miss	0
1	189	Picture	Num	1492908	83	1	4085	1	0	4000	miss	0
1	190	Picture	Num	1499993	83	1	4085	1	0	4000	miss	0
1	190	Pulse	55	1500000	90	NA
1	191	Picture	Num	1507079	83	1	4085	1	0	4000	miss	0
1	192	Picture	Num	1514165	83	1	4085	1	0	4000	miss	0
1	192	Pulse	55	1520000	5919	NA
1	193	Picture	Num	1521250	83	1	4085	1	0	4000	miss	0
1	194	Picture	Num	1528336	83	1	4085	1	0	4000	miss	0
1	195	Picture	Num	1535422	83	1	4085	1	0	4000	miss	0
1	195	Pulse	55	1540000	4662	NA
1	196	Picture	Num	1542507	83	1	4085	1	0	4000	miss	0
1	197	Picture	Num	1549593	83	1	4085	1	0	4000	miss	0
1	198	Picture	Num	1556679	83	1	4085	1	0	4000	hit	297
1	198	Pulse	55	1560000	3405	NA
1	198	Response	1	1560375	3779	0
1	199	Picture	Num	1563764	83	1	4085	1	0	4000	miss	0
1	200	Picture	Num	1570850	83	1	4085	1	0	4000	miss	0
1	201	Picture	Num	1577936	83	1	4085	1	0	4000	miss	0
1	201	Pulse	55	1580000	2148	NA
1	202	Picture	Num	1585021	83	1	4085	1	0	4000	miss	0
1	203	Picture	Num	1592107	83	1	4085	1	0	4000	miss	0
1	204	Picture	Num	1599193	83	1	4085	1	0	4000	miss	0
1	204	Pulse	55	1600000	891	NA
1	205	Picture	Num	1606278	83	1	4085	1	0	4000	miss	0
1	206	Picture	Num	1613364	83	1	4085	1	0	4000	miss	0
1	206	Pulse	55	1620000	6719	NA
1	207	Picture	Num	1620450	83	1	4085	1	0	4000	miss	0
1	208	Picture	Num	1627535	83	1	4085	1	0	4000	miss	0
1	209	Picture	Num	1634621	83	1	4085	1	0	4000	miss	0
1	209	Pulse	55	1640000	5462	NA
1	210	Picture	Num	1641707	83	1	4085	1	0	4000	miss	0
1	211	Picture	Num	1648792	83	1	4085	1	0	4000	hit	315
1	211	Response	1	1652797	4088	0
1	212	Picture	Num	1655878	83	1	4085	1	0	4000	miss	0
1	212	Pulse	55	1660000	4205	NA
1	213	Picture	Num	1662964	83	1	4085	1	0	4000	miss	0
1	214	Picture	Num	1670050	83	1	4085	1	0	4000	miss	0
1	215	Picture	Num	1677135	83	1	4085	1	0	4000	miss	0
1	215	Pulse	55	1680000	2948	NA
1	216	Picture	Num	1684221	83	1	4085	1	0	4000	miss	0
1	217	Picture	Num	1691306	83	1	4085	1	0	4000	hit	324
1	217	Response	1	1695895	4672	0
1	218	Picture	Num	1698392	83	1	4085	1	0	4000	miss	0
1	218	Pulse	55	1700000	1691	NA
1	219	Picture	Num	1705478	83	1	4085	1	0	4000	miss	0
1	220	Picture	Num	1712563	83	1	4085	1	0	4000	miss	0
1	221	Picture	Num	1719649	83	1	4085	1	0	4000	miss	0
1	221	Pulse	55	1720000	434	NA
1	222	Picture	Num	1726735	83	1	4085	1	0	4000	miss	0
1	223	Picture	Num	1733820	83	1	4085	1	0	4000	miss	0
1	223	Pulse	55	1740000	6263	NA
1	224	Picture	Num	1740906	83	1	4085	1	0	4000	miss	0
1	225	Picture	Num	1747992	83	1	4085	1	0	4000	miss	0
1	226	Picture	Num	1755077	83	1	4085	1	0	4000	hit	337
1	226	Response	1	1759295	4300	0
1	226	Pulse	55	1760000	5006	NA
1	227	Picture	Num	1762163	83	1	4085	1	0	4000	miss	0
1	228	Picture	Num	1769249	83	1	4085	1	0	4000	miss	0
1	229	Picture	Num	1776334	83	1	4085	1	0	4000	miss	0
1	229	Pulse	55	1780000	3749	NA
1	230	Picture	Num	1783420	83	1	4085	1	0	4000	miss	0
1	231	Picture	Num	1790506	83	1	4085	1	0	4000	miss	0
1	232	Picture	Num	1797591	83	1	4085	1	0	4000	miss	0
1	232	Pulse	55	1800000	2492	NA
1	233	Picture	Num	1804677	83	1	4085	1	0	4000	miss	0
1	234	Picture	Num	1811763	83	1	4085	1	0	4000	miss	0
1	235	Picture	Num	1818848	83	1	4085	1	0	4000	miss	0
1	235	Pulse	55	1820000	1235	NA
1	236	Picture	Num	1825934	83	1	4085	1	0	4000	hit	352
1	236	Response	1	1829974	4124	1
1	237	Picture	Num	1833020	83	1	4085	1	0	4000	miss	0
1	237	Pulse	55	1840000	7064	NA
1	238	Picture	Num	1840105	83	1	4085	1	0	4000	miss	0
1	239	Picture	Num	1847191	83	1	4085	1	0	4000	hit	357
1	239	Response	1	1852625	5517	0
1	240	Picture	Num	1854277	83	1	4085	1	0	4000	miss	0
1	240	Pulse	55	1860000	5807	NA
1	241	Picture	Num	1861362	83	1	4085	1	0	4000	miss	0
1	242	Picture	Num	1868448	83	1	4085	1	0	4000	miss	0
1	243	Picture	Num	1875534	83	1	4085	1	0	4000	hit	363
1	243	Response	1	1879745	4294	0
1	243	Pulse	55	1880000	4550	NA
1	244	Picture	Num	1882619	83	1	4085	1	0	4000	miss	0
1	245	Picture	Num	1889705	83	1	4085	1	0	4000	miss	0
1	246	Picture	Num	1896791	83	1	4085	1	0	4000	miss	0
1	246	Pulse	55	1900000	3293	NA
1	247	Picture	Num	1903876	83	1	4085	1	0	4000	miss	0
1	248	Picture	Num	1910962	83	1	4085	1	0	4000	miss	0
1	249	Picture	Num	1918048	83	1	4085	1	0	4000	miss	0
1	249	Pulse	55	1920000	2036	NA
1	250	Picture	Num	1925133	83	1	4085	1	0	4000	miss	0
1	251	Picture	Num	1932219	83	1	4085	1	0	4000	miss	0
1	252	Picture	Num	1939305	83	1	4085	1	0	4000	miss	0
1	252	Pulse	55	1940000	779	NA
1	253	Picture	Num	1946390	83	1	4085	1	0	4000	miss	0
1	254	Picture	Num	1953476	83	1	4085	1	0	4000	miss	0
1	254	Pulse	55	1960000	6607	NA
1	255	Picture	Num	1960562	83	1	4085	1	0	4000	hit	381
1	255	Response	1	1964235	3756	0
1	256	Picture	Num	1967647	83	1	4085	1	0	4000	miss	0
1	257	Picture	Num	1974733	83	1	4085	1	0	4000	miss	0
1	257	Pulse	55	1980000	5350	NA
1	258	Picture	Num	1981819	83	1	4085	1	0	4000	miss	0
1	259	Picture	Num	1988904	83	1	4085	1	0	4000	miss	0
1	260	Picture	Num	1995990	83	1	4085	1	0	4000	miss	0
1	260	Pulse	55	2000000	4093	NA
1	261	Picture	Num	2003076	83	1	4085	1	0	4000	miss	0
1	262	Picture	Num	2010161	83	1	4085	1	0	4000	miss	0
1	263	Picture	Num	2017247	83	1	4085	1	0	4000	miss	0
1	263	Pulse	55	2020000	2836	NA
1	264	Picture	Num	2024333	83	1	4085	1	0	4000	miss	0
1	265	Picture	Num	2031418	83	1	4085	1	0	4000	miss	0
1	266	Picture	Num	2038504	83	1	4085	1	0	4000	miss	0
1	266	Pulse	55	2040000	1579	NA
1	267	Picture	Num	2045590	83	1	4085	1	0	4000	miss	0
1	268	Picture	Num	2052675	83	1	4085	1	0	4000	miss	0
1	269	Picture	Num	2059761	83	1	4085	1	0	4000	miss	0
1	269	Pulse	55	2060000	322	NA
1	270	Picture	Num	2066847	83	1	4085	1	0	4000	miss	0
1	271	Picture	Num	2073932	83	1	4085	1	0	4000	miss	0
1	271	Pulse	55	2080000	6151	NA
1	272	Picture	Num	2081018	83	1	4085	1	0	4000	miss	0
1	273	Picture	Num	2088104	83	1	4085	1	0	4000	miss	0
1	274	Picture	Num	2095189	83	1	4085	1	0	4000	miss	0
1	274	Pulse	55	2100000	4894	NA
1	275	Picture	Num	2102275	83	1	4085	1	0	4000	miss	0
1	276	Picture	Num	2109361	83	1	4085	1	0	4000	hit	410
1	276	Response	1	2114124	4847	0
1	277	Picture	Num	2116446	83	1	4085	1	0	4000	miss	0
1	277	Pulse	55	2120000	3637	NA
1	278	Picture	Num	2123532	83	1	4085	1	0	4000	miss	0
1	279	Picture	Num	2130618	83	1	4085	1	0	4000	miss	0
1	280	Picture	Num	2137703	83	1	4085	1	0	4000	miss	0
1	280	Pulse	55	2140000	2380	NA
1	281	Picture	Num	2144789	83	1	4085	1	0	4000	miss	0
1	282	Picture	Num	2151875	83	1	4085	1	0	4000	hit	419
1	282	Response	1	2156464	4673	0
1	283	Picture	Num	2158960	83	1	4085	1	0	4000	miss	0
1	283	Pulse	55	2160000	1123	NA
1	284	Picture	Num	2166046	83	1	4085	1	0	4000	miss	0
1	285	Picture	Num	2173132	83	1	4085	1	0	4000	miss	0
1	285	Pulse	55	2180000	6952	NA
1	286	Picture	Num	2180217	83	1	4085	1	0	4000	miss	0
1	287	Picture	Num	2187303	83	1	4085	1	0	4000	hit	427
1	287	Response	1	2191724	4505	0
1	288	Picture	Num	2194389	83	1	4085	1	0	4000	miss	0
1	288	Pulse	55	2200000	5695	NA
1	289	Picture	Num	2201474	83	1	4085	1	0	4000	miss	0
1	290	Picture	Num	2208560	83	1	4085	1	0	4000	miss	0
1	291	Picture	Num	2215646	83	1	4085	1	0	4000	miss	0
1	291	Pulse	55	2220000	4438	NA
1	292	Picture	Num	2222731	83	1	4085	1	0	4000	miss	0
1	293	Picture	Num	2229817	83	1	4085	1	0	4000	miss	0
1	294	Picture	Num	2236903	83	1	4085	1	0	4000	miss	0
1	294	Pulse	55	2240000	3181	NA
1	295	Picture	Num	2243988	83	1	4085	1	0	4000	miss	0
1	296	Picture	Num	2251074	83	1	4085	1	0	4000	miss	0
1	297	Picture	Num	2258160	83	1	4085	1	0	4000	miss	0
1	297	Pulse	55	2260000	1924	NA
1	298	Picture	Num	2265245	83	1	4085	1	0	4000	hit	443
1	298	Response	1	2269004	3842	0
1	299	Picture	Num	2272331	83	1	4085	1	0	4000	miss	0
1	300	Picture	Num	2279417	83	1	4085	1	0	4000	miss	0
1	300	Pulse	55	2280000	667	NA
1	301	Picture	Num	2286502	83	1	4085	1	0	4000	miss	0
1	302	Picture	Num	2293588	83	1	4085	1	0	4000	hit	449
1	302	Response	1	2298114	4609	0
1	302	Pulse	55	2300000	6495	NA
1	303	Picture	Num	2300674	83	1	4085	1	0	4000	miss	0
1	304	Picture	Num	2307759	83	1	4085	1	0	4000	miss	0
1	305	Picture	Num	2314845	83	1	4085	1	0	4000	miss	0
1	305	Pulse	55	2320000	5238	NA
1	306	Picture	Num	2321931	83	1	4085	1	0	4000	hit	456
1	306	Response	1	2326054	4207	0
1	307	Picture	Num	2329016	83	1	4085	1	0	4000	miss	0
1	308	Picture	Num	2336102	83	1	4085	1	0	4000	miss	0
1	308	Pulse	55	2340000	3981	NA
1	309	Picture	Num	2343188	83	1	4085	1	0	4000	miss	0
1	310	Picture	Num	2350273	83	1	4085	1	0	4000	miss	0
1	311	Picture	Num	2357359	83	1	4085	1	0	4000	miss	0
1	311	Pulse	55	2360000	2724	NA
1	312	Picture	Num	2364445	83	1	4085	1	0	4000	miss	0
1	313	Picture	Num	2371530	83	1	4085	1	0	4000	hit	466
1	313	Response	1	2375384	3937	0
1	314	Picture	Num	2378616	83	1	4085	1	0	4000	miss	0
1	314	Pulse	55	2380000	1467	NA
1	315	Picture	Num	2385702	83	1	4085	1	0	4000	miss	0
1	316	Picture	Num	2392787	83	1	4085	1	0	4000	hit	471
1	316	Response	1	2397584	4880	0
1	317	Picture	Num	2399873	83	1	4085	1	0	4000	miss	0
1	317	Pulse	55	2400000	210	NA
1	318	Picture	Num	2406959	83	1	4085	1	0	4000	miss	0
1	319	Picture	Num	2414044	83	1	4085	1	0	4000	miss	0
1	319	Pulse	55	2420000	6039	NA
1	320	Picture	Num	2421130	83	1	4085	1	0	4000	miss	0
1	321	Picture	Num	2428216	83	1	4085	1	0	4000	miss	0
1	322	Picture	Num	2435301	83	1	4085	1	0	4000	miss	0
1	322	Pulse	55	2440000	4782	NA
1	323	Picture	Num	2442387	83	1	4085	1	0	4000	miss	0
1	324	Picture	Num	2449473	83	1	4085	1	0	4000	hit	483
1	324	Response	1	2453244	3855	0
1	325	Picture	Num	2456558	83	1	4085	1	0	4000	miss	0
1	325	Pulse	55	2460000	3525	NA
1	326	Picture	Num	2463644	83	1	4085	1	0	4000	miss	0
1	327	Picture	Num	2470730	83	1	4085	1	0	4000	miss	0
1	328	Picture	Num	2477815	83	1	4085	1	0	4000	miss	0
1	328	Pulse	55	2480000	2268	NA
1	329	Picture	Num	2484901	83	1	4085	1	0	4000	miss	0
1	330	Picture	Num	2491987	83	1	4085	1	0	4000	miss	0
1	331	Picture	Num	2499072	83	1	4085	1	0	4000	miss	0
1	331	Pulse	55	2500000	1011	NA
1	332	Picture	Num	2506158	83	1	4085	1	0	4000	miss	0
1	333	Picture	Num	2513244	83	1	4085	1	0	4000	miss	0
1	333	Pulse	55	2520000	6840	NA
1	334	Picture	Fix	2520246	0	1	33844	1	0	33760	other	0
1	334	Response	1	2524264	4018	0
1	334	Pulse	55	2540000	19754	NA
1	335	Picture	Num	2557175	83	1	4085	1	0	4000	miss	0
1	335	Pulse	55	2560000	2909	NA
1	336	Picture	Num	2564261	83	1	4085	1	0	4000	miss	0
1	337	Picture	Num	2571346	83	1	4085	1	0	4000	miss	0
1	338	Picture	Num	2578432	83	1	4085	1	0	4000	miss	0
1	338	Pulse	55	2580000	1652	NA
1	339	Picture	Num	2585517	83	1	4085	1	0	4000	miss	0
1	340	Picture	Num	2592603	83	1	4085	1	0	4000	miss	0
1	341	Picture	Num	2599689	83	1	4085	1	0	4000	miss	0
1	341	Pulse	55	2600000	395	NA
1	342	Picture	Num	2606775	83	1	4085	1	0	4000	hit	511
1	342	Response	1	2611044	4353	0
1	343	Picture	Num	2613860	83	1	4085	1	0	4000	miss	0
1	343	Pulse	55	2620000	6223	NA
1	344	Picture	Num	2620946	83	1	4085	1	0	4000	miss	0
1	345	Picture	Num	2628031	83	1	4085	1	0	4000	hit	516
1	345	Response	1	2632134	4185	0
1	346	Picture	Num	2635117	83	1	4085	1	0	4000	miss	0
1	346	Pulse	55	2640000	4966	NA
1	347	Picture	Num	2642203	83	1	4085	1	0	4000	miss	0
1	348	Picture	Num	2649289	83	1	4085	1	0	4000	miss	0
1	349	Picture	Num	2656374	83	1	4085	1	0	4000	miss	0
1	349	Pulse	55	2660000	3709	NA
1	350	Picture	Num	2663460	83	1	4085	1	0	4000	miss	0
1	351	Picture	Num	2670545	83	1	4085	1	0	4000	miss	0
1	352	Picture	Num	2677631	83	1	4085	1	0	4000	hit	527
1	352	Pulse	55	2680000	2452	NA
1	352	Response	1	2681544	3996	0
1	353	Picture	Num	2684717	83	1	4085	1	0	4000	miss	0
1	354	Picture	Num	2691803	83	1	4085	1	0	4000	miss	0
1	355	Picture	Num	2698888	83	1	4085	1	0	4000	miss	0
1	355	Pulse	55	2700000	1195	NA
1	356	Picture	Num	2705974	83	1	4085	1	0	4000	miss	0
1	357	Picture	Num	2713059	83	1	4085	1	0	4000	hit	534
1	357	Response	1	2717444	4468	0
1	357	Pulse	55	2720000	7024	NA
1	358	Picture	Num	2720145	83	1	4085	1	0	4000	miss	0
1	359	Picture	Num	2727231	83	1	4085	1	0	4000	miss	0
1	360	Picture	Num	2734316	83	1	4085	1	0	4000	miss	0
1	360	Pulse	55	2740000	5767	NA
1	361	Picture	Num	2741402	83	1	4085	1	0	4000	miss	0
1	362	Picture	Num	2748488	83	1	4085	1	0	4000	miss	0
1	363	Picture	Num	2755573	83	1	4085	1	0	4000	miss	0
1	363	Pulse	55	2760000	4510	NA
1	364	Picture	Num	2762659	83	1	4085	1	0	4000	hit	545
1	364	Response	1	2766624	4048	0
1	365	Picture	Num	2769745	83	1	4085	1	0	4000	miss	0
1	366	Picture	Num	2776830	83	1	4085	1	0	4000	miss	0
1	366	Pulse	55	2780000	3253	NA
1	367	Picture	Num	2783916	83	1	4085	1	0	4000	miss	0
1	368	Picture	Num	2791002	83	1	4085	1	0	4000	miss	0
1	369	Picture	Num	2798087	83	1	4085	1	0	4000	hit	553
1	369	Pulse	55	2800000	1996	NA
1	369	Response	1	2803384	5379	0
1	370	Picture	Num	2805173	83	1	4085	1	0	4000	miss	0
1	371	Picture	Num	2812259	83	1	4085	1	0	4000	miss	0
1	372	Picture	Num	2819344	83	1	4085	1	0	4000	miss	0
1	372	Pulse	55	2820000	739	NA
1	373	Picture	Num	2826430	83	1	4085	1	0	4000	miss	0
1	374	Picture	Num	2833516	83	1	4085	1	0	4000	miss	0
1	374	Pulse	55	2840000	6568	NA
1	375	Picture	Num	2840601	83	1	4085	1	0	4000	miss	0
1	376	Picture	Num	2847687	83	1	4085	1	0	4000	miss	0
1	377	Picture	Num	2854773	83	1	4085	1	0	4000	miss	0
1	377	Pulse	55	2860000	5311	NA
1	378	Picture	Num	2861858	83	1	4085	1	0	4000	miss	0
1	379	Picture	Num	2868944	83	1	4085	1	0	4000	miss	0
1	380	Picture	Num	2876030	83	1	4085	1	0	4000	miss	0
1	380	Pulse	55	2880000	4054	NA
1	381	Picture	Num	2883115	83	1	4085	1	0	4000	miss	0
1	382	Picture	Num	2890201	83	1	4085	1	0	4000	miss	0
1	383	Picture	Num	2897287	83	1	4085	1	0	4000	miss	0
1	383	Pulse	55	2900000	2797	NA
1	384	Picture	Num	2904373	83	1	4085	1	0	4000	miss	0
1	385	Picture	Num	2911458	83	1	4085	1	0	4000	miss	0
1	386	Picture	Num	2918544	83	1	4085	1	0	4000	miss	0
1	386	Pulse	55	2920000	1540	NA
1	387	Picture	Num	2925629	83	1	4085	1	0	4000	miss	0
1	388	Picture	Num	2932715	83	1	4085	1	0	4000	hit	579
1	388	Response	1	2936503	3872	0
1	389	Picture	Num	2939801	83	1	4085	1	0	4000	miss	0
1	389	Pulse	55	2940000	283	NA
1	390	Picture	Num	2946886	83	1	4085	1	0	4000	miss	0
1	391	Picture	Num	2953972	83	1	4085	1	0	4000	miss	0
1	391	Pulse	55	2960000	6111	NA
1	392	Picture	Num	2961058	83	1	4085	1	0	4000	miss	0
1	393	Picture	Num	2968143	83	1	4085	1	0	4000	miss	0
1	394	Picture	Num	2975229	83	1	4085	1	0	4000	miss	0
1	394	Pulse	55	2980000	4854	NA
1	395	Picture	Num	2982315	83	1	4085	1	0	4000	miss	0
1	396	Picture	Num	2989400	83	1	4085	1	0	4000	hit	591
1	396	Response	1	2994414	5096	0
1	397	Picture	Num	2996486	83	1	4085	1	0	4000	miss	0
1	397	Pulse	55	3000000	3597	NA
1	398	Picture	Num	3003572	83	1	4085	1	0	4000	miss	0
1	399	Picture	Num	3010657	83	1	4085	1	0	4000	hit	596
1	399	Response	1	3015103	4529	0
1	400	Picture	Num	3017743	83	1	4085	1	0	4000	miss	0
1	400	Pulse	55	3020000	2340	NA
1	401	Picture	Num	3024829	83	1	4085	1	0	4000	miss	0
1	402	Picture	Num	3031914	83	1	4085	1	0	4000	miss	0
1	403	Picture	Num	3039000	83	1	4085	1	0	4000	miss	0
1	403	Pulse	55	3040000	1083	NA
1	404	Picture	Num	3046086	83	1	4085	1	0	4000	miss	0
1	405	Picture	Num	3053171	83	1	4085	1	0	4000	miss	0
1	405	Pulse	55	3060000	6912	NA
1	406	Picture	Num	3060257	83	1	4085	1	0	4000	miss	0
1	407	Picture	Num	3067343	83	1	4085	1	0	4000	hit	608
1	407	Response	1	3070993	3734	0
1	408	Picture	Num	3074428	83	1	4085	1	0	4000	miss	0
1	408	Pulse	55	3080000	5655	NA
1	409	Picture	Num	3081514	83	1	4085	1	0	4000	miss	0
1	410	Picture	Num	3088600	83	1	4085	1	0	4000	miss	0
1	411	Picture	Num	3095685	83	1	4085	1	0	4000	miss	0
1	411	Pulse	55	3100000	4398	NA
1	412	Picture	Num	3102771	83	1	4085	1	0	4000	miss	0
1	413	Picture	Num	3109857	83	1	4085	1	0	4000	miss	0
1	414	Picture	Num	3116942	83	1	4085	1	0	4000	miss	0
1	414	Pulse	55	3120000	3141	NA
1	415	Picture	Num	3124028	83	1	4085	1	0	4000	miss	0
1	416	Picture	Num	3131114	83	1	4085	1	0	4000	miss	0
1	417	Picture	Num	3138199	83	1	4085	1	0	4000	miss	0
1	417	Pulse	55	3140000	1884	NA
1	418	Picture	Num	3145285	83	1	4085	1	0	4000	miss	0
1	419	Picture	Num	3152371	83	1	4085	1	0	4000	miss	0
1	420	Picture	Num	3159456	83	1	4085	1	0	4000	miss	0
1	420	Pulse	55	3160000	627	NA
1	421	Picture	Num	3166542	83	1	4085	1	0	4000	miss	0
1	422	Picture	Num	3173628	83	1	4085	1	0	4000	miss	0
1	422	Pulse	55	3180000	6456	NA
1	423	Picture	Num	3180713	83	1	4085	1	0	4000	miss	0
1	424	Picture	Num	3187799	83	1	4085	1	0	4000	miss	0
1	425	Picture	Num	3194885	83	1	4085	1	0	4000	miss	0
1	425	Pulse	55	3200000	5199	NA
1	426	Picture	Num	3201970	83	1	4085	1	0	4000	hit	635
1	426	Response	1	3206363	4476	0
1	427	Picture	Num	3209056	83	1	4085	1	0	4000	miss	0
1	428	Picture	Num	3216142	83	1	4085	1	0	4000	miss	0
1	428	Pulse	55	3220000	3942	NA
1	429	Picture	Num	3223227	83	1	4085	1	0	4000	miss	0
1	430	Picture	Num	3230313	83	1	4085	1	0	4000	miss	0
1	431	Picture	Num	3237399	83	1	4085	1	0	4000	miss	0
1	431	Pulse	55	3240000	2685	NA
1	432	Picture	Num	3244484	83	1	4085	1	0	4000	hit	644
1	432	Response	1	3249153	4752	0
1	433	Picture	Num	3251570	83	1	4085	1	0	4000	miss	0
1	434	Picture	Num	3258656	83	1	4085	1	0	4000	miss	0
1	434	Pulse	55	3260000	1428	NA
1	435	Picture	Num	3265741	83	1	4085	1	0	4000	miss	0
1	436	Picture	Num	3272827	83	1	4085	1	0	4000	miss	0
1	437	Picture	Num	3279913	83	1	4085	1	0	4000	miss	0
1	437	Pulse	55	3280000	171	NA
1	438	Picture	Num	3286998	83	1	4085	1	0	4000	miss	0
1	439	Picture	Num	3294084	83	1	4085	1	0	4000	miss	0
1	439	Pulse	55	3300000	5999	NA
1	440	Picture	Num	3301170	83	1	4085	1	0	4000	miss	0
1	441	Picture	Num	3308255	83	1	4085	1	0	4000	miss	0
1	442	Picture	Num	3315341	83	1	4085	1	0	4000	miss	0
1	442	Pulse	55	3320000	4742	NA
1	443	Picture	Num	3322427	83	1	4085	1	0	4000	miss	0
1	444	Picture	Num	3329512	83	1	4085	1	0	4000	miss	0
1	445	Picture	Num	3336598	83	1	4085	1	0	4000	miss	0
1	445	Pulse	55	3340000	3485	NA
1	446	Picture	Num	3343684	83	1	4085	1	0	4000	miss	0
1	447	Picture	Num	3350769	83	1	4085	1	0	4000	miss	0
1	448	Picture	Num	3357855	83	1	4085	1	0	4000	miss	0
1	448	Pulse	55	3360000	2228	NA
1	449	Picture	Num	3364941	83	1	4085	1	0	4000	miss	0
1	450	Picture	Num	3372026	83	1	4085	1	0	4000	miss	0
1	451	Picture	Num	3379112	83	1	4085	1	0	4000	miss	0
1	451	Pulse	55	3380000	971	NA
1	452	Picture	Num	3386198	83	1	4085	1	0	4000	hit	672
1	452	Response	1	3390003	3889	0
1	453	Picture	Num	3393283	83	1	4085	1	0	4000	miss	0
1	453	Pulse	55	3400000	6800	NA
1	454	Picture	Num	3400369	83	1	4085	1	0	4000	miss	0
1	455	Picture	Num	3407455	83	1	4085	1	0	4000	miss	0
1	456	Picture	Num	3414540	83	1	4085	1	0	4000	miss	0
1	456	Pulse	55	3420000	5543	NA
1	457	Picture	Num	3421626	83	1	4085	1	0	4000	miss	0
1	458	Picture	Num	3428712	83	1	4085	1	0	4000	miss	0
1	459	Picture	Num	3435797	83	1	4085	1	0	4000	miss	0
1	459	Pulse	55	3440000	4286	NA
1	460	Picture	Num	3442883	83	1	4085	1	0	4000	hit	684
1	460	Response	1	3446423	3623	0
1	461	Picture	Num	3449969	83	1	4085	1	0	4000	miss	0
1	462	Picture	Num	3457054	83	1	4085	1	0	4000	miss	0
1	462	Pulse	55	3460000	3029	NA
1	463	Picture	Num	3464140	83	1	4085	1	0	4000	miss	0
1	464	Picture	Num	3471226	83	1	4085	1	0	4000	miss	0
1	465	Picture	Num	3478311	83	1	4085	1	0	4000	miss	0
1	465	Pulse	55	3480000	1772	NA
1	466	Picture	Num	3485397	83	1	4085	1	0	4000	miss	0
1	467	Picture	Num	3492483	83	1	4085	1	0	4000	hit	694
1	467	Response	1	3496613	4214	0
1	468	Picture	Num	3499568	83	1	4085	1	0	4000	miss	0
1	468	Pulse	55	3500000	515	NA
1	469	Picture	Num	3506654	83	1	4085	1	0	4000	miss	0
1	470	Picture	Num	3513740	83	1	4085	1	0	4000	miss	0
1	470	Pulse	55	3520000	6344	NA
1	471	Picture	Num	3520825	83	1	4085	1	0	4000	miss	0
1	472	Picture	Num	3527911	83	1	4085	1	0	4000	miss	0
1	473	Picture	Num	3534997	83	1	4085	1	0	4000	miss	0
1	473	Pulse	55	3540000	5087	NA
1	474	Picture	Num	3542082	83	1	4085	1	0	4000	miss	0
1	475	Picture	Num	3549168	83	1	4085	1	0	4000	miss	0
1	476	Picture	Num	3556254	83	1	4085	1	0	4000	hit	707
1	476	Response	1	3559803	3633	0
1	476	Pulse	55	3560000	3830	NA
1	477	Picture	Num	3563339	83	1	4084	1	0	4000	miss	0
1	478	Picture	Num	3570425	83	1	4085	1	0	4000	miss	0
1	479	Picture	Num	3577511	83	1	4085	1	0	4000	miss	0
1	479	Pulse	55	3580000	2573	NA
1	480	Picture	Num	3584596	83	1	4085	1	0	4000	miss	0
1	481	Picture	Num	3591682	83	1	4085	1	0	4000	hit	715
1	481	Response	1	3595623	4024	0
1	482	Picture	Num	3598768	83	1	4085	1	0	4000	miss	0
1	482	Pulse	55	3600000	1316	NA
1	483	Picture	Num	3605853	83	1	4085	1	0	4000	miss	0
1	484	Picture	Num	3612939	83	1	4085	1	0	4000	miss	0
1	485	Pulse	55	3620000	59	NA
1	485	Picture	Num	3620025	83	1	4085	1	0	4000	miss	0
1	486	Picture	Num	3627110	83	1	4085	1	0	4000	miss	0
1	487	Picture	Num	3634196	83	1	4085	1	0	4000	miss	0
1	487	Pulse	55	3640000	5887	NA
1	488	Picture	Num	3641282	83	1	4085	1	0	4000	miss	0
1	489	Picture	Num	3648367	83	1	4085	1	0	4000	miss	0
1	490	Picture	Num	3655453	83	1	4085	1	0	4000	miss	0
1	490	Pulse	55	3660000	4630	NA
1	491	Picture	Num	3662539	83	1	4085	1	0	4000	miss	0
1	492	Picture	Num	3669624	83	1	4085	1	0	4000	miss	0
1	493	Picture	Num	3676710	83	1	4085	1	0	4000	miss	0
1	493	Pulse	55	3680000	3373	NA
1	494	Picture	Num	3683796	83	1	4085	1	0	4000	miss	0
1	495	Picture	Num	3690881	83	1	4085	1	0	4000	miss	0
1	496	Picture	Num	3697967	83	1	4085	1	0	4000	miss	0
1	496	Pulse	55	3700000	2116	NA
1	497	Picture	Num	3705053	83	1	4085	1	0	4000	miss	0
1	498	Picture	Num	3712138	83	1	4085	1	0	4000	miss	0
1	499	Picture	Num	3719224	83	1	4085	1	0	4000	miss	0
1	499	Pulse	55	3720000	859	NA
1	500	Picture	Fix	3726226	0	1	41597	1	0	41530	other	0
1	500	Pulse	55	3740000	13774	NA
1	500	Pulse	55	3760000	33774	NA
1	501	Picture	Num	3770908	83	1	4085	1	0	4000	miss	0
1	502	Picture	Num	3777993	83	1	4085	1	0	4000	miss	0
1	502	Pulse	55	3780000	2090	NA
1	503	Picture	Num	3785079	83	1	4085	1	0	4000	miss	0
1	504	Picture	Num	3792165	83	1	4085	1	0	4000	miss	0
1	505	Picture	Num	3799250	83	1	4085	1	0	4000	miss	0
1	505	Pulse	55	3800000	833	NA
1	506	Picture	Num	3806336	83	1	4085	1	0	4000	miss	0
1	507	Picture	Num	3813422	83	1	4085	1	0	4000	miss	0
1	507	Pulse	55	3820000	6662	NA
1	508	Picture	Num	3820507	83	1	4085	1	0	4000	miss	0
1	509	Picture	Num	3827593	83	1	4085	1	0	4000	miss	0
1	510	Picture	Num	3834679	83	1	4085	1	0	4000	miss	0
1	510	Pulse	55	3840000	5405	NA
1	511	Picture	Num	3841764	83	1	4085	1	0	4000	miss	0
1	512	Picture	Num	3848850	83	1	4085	1	0	4000	hit	760
1	512	Response	1	3853093	4327	0
1	513	Picture	Num	3855936	83	1	4085	1	0	4000	miss	0
1	513	Pulse	55	3860000	4148	NA
1	514	Picture	Num	3863021	83	1	4085	1	0	4000	miss	0
1	515	Picture	Num	3870107	83	1	4085	1	0	4000	miss	0
1	516	Picture	Num	3877193	83	1	4085	1	0	4000	miss	0
1	516	Pulse	55	3880000	2891	NA
1	517	Picture	Num	3884278	83	1	4085	1	0	4000	hit	768
1	517	Response	1	3888132	3937	0
1	518	Picture	Num	3891364	83	1	4085	1	0	4000	miss	0
1	519	Picture	Num	3898450	83	1	4085	1	0	4000	miss	0
1	519	Pulse	55	3900000	1634	NA
1	520	Picture	Num	3905535	83	1	4085	1	0	4000	miss	0
1	521	Picture	Num	3912621	83	1	4085	1	0	4000	miss	0
1	522	Picture	Num	3919707	83	1	4085	1	0	4000	miss	0
1	522	Pulse	55	3920000	377	NA
1	523	Picture	Num	3926792	83	1	4085	1	0	4000	miss	0
1	524	Picture	Num	3933878	83	1	4085	1	0	4000	miss	0
1	524	Pulse	55	3940000	6205	NA
1	525	Picture	Num	3940964	83	1	4085	1	0	4000	hit	780
1	525	Response	1	3945523	4642	0
1	526	Picture	Num	3948049	83	1	4085	1	0	4000	miss	0
1	527	Picture	Num	3955135	83	1	4085	1	0	4000	miss	0
1	527	Pulse	55	3960000	4948	NA
1	528	Picture	Num	3962221	83	1	4085	1	0	4000	miss	0
1	529	Picture	Num	3969306	83	1	4085	1	0	4000	miss	0
1	530	Picture	Num	3976392	83	1	4085	1	0	4000	miss	0
1	530	Pulse	55	3980000	3691	NA
1	531	Picture	Num	3983478	83	1	4085	1	0	4000	miss	0
1	532	Picture	Num	3990563	83	1	4085	1	0	4000	miss	0
1	533	Picture	Num	3997649	83	1	4085	1	0	4000	miss	0
1	533	Pulse	55	4000000	2434	NA
1	534	Picture	Num	4004735	83	1	4085	1	0	4000	miss	0
1	535	Picture	Num	4011820	83	1	4085	1	0	4000	miss	0
1	536	Picture	Num	4018906	83	1	4085	1	0	4000	miss	0
1	536	Pulse	55	4020000	1177	NA
1	537	Picture	Num	4025992	83	1	4085	1	0	4000	hit	797
1	537	Response	1	4030122	4214	0
1	538	Picture	Num	4033077	83	1	4085	1	0	4000	miss	0
1	538	Pulse	55	4040000	7006	NA
1	539	Picture	Num	4040163	83	1	4085	1	0	4000	miss	0
1	540	Picture	Num	4047249	83	1	4085	1	0	4000	miss	0
1	541	Picture	Num	4054334	83	1	4085	1	0	4000	hit	803
1	541	Response	1	4059182	4931	0
1	541	Pulse	55	4060000	5749	NA
1	542	Picture	Num	4061420	83	1	4085	1	0	4000	miss	0
1	543	Picture	Num	4068506	83	1	4085	1	0	4000	miss	0
1	544	Picture	Num	4075591	83	1	4085	1	0	4000	miss	0
1	544	Pulse	55	4080000	4492	NA
1	545	Picture	Num	4082677	83	1	4085	1	0	4000	miss	0
1	546	Picture	Num	4089763	83	1	4085	1	0	4000	miss	0
1	547	Picture	Num	4096848	83	1	4085	1	0	4000	miss	0
1	547	Pulse	55	4100000	3235	NA
1	548	Picture	Num	4103934	83	1	4085	1	0	4000	miss	0
1	549	Picture	Num	4111020	83	1	4085	1	0	4000	miss	0
1	550	Picture	Num	4118105	83	1	4085	1	0	4000	hit	817
1	550	Pulse	55	4120000	1978	NA
1	550	Response	1	4122352	4330	0
1	551	Picture	Num	4125191	83	1	4085	1	0	4000	miss	0
1	552	Picture	Num	4132277	83	1	4085	1	0	4000	miss	0
1	553	Picture	Num	4139362	83	1	4085	1	0	4000	miss	0
1	553	Pulse	55	4140000	721	NA
1	554	Picture	Num	4146448	83	1	4085	1	0	4000	miss	0
1	555	Picture	Num	4153534	83	1	4085	1	0	4000	miss	0
1	555	Pulse	55	4160000	6550	NA
1	556	Picture	Num	4160619	83	1	4085	1	0	4000	miss	0
1	557	Picture	Num	4167705	83	1	4085	1	0	4000	miss	0
1	558	Picture	Num	4174791	83	1	4085	1	0	4000	miss	0
1	558	Pulse	55	4180000	5293	NA
1	559	Picture	Num	4181876	83	1	4085	1	0	4000	miss	0
1	560	Picture	Num	4188962	83	1	4085	1	0	4000	hit	831
1	560	Response	1	4194512	5634	0
1	561	Picture	Num	4196048	83	1	4085	1	0	4000	miss	0
1	561	Pulse	55	4200000	4036	NA
1	562	Picture	Num	4203133	83	1	4085	1	0	4000	miss	0
1	563	Picture	Num	4210219	83	1	4084	1	0	4000	miss	0
1	564	Picture	Num	4217305	83	1	4085	1	0	4000	miss	0
1	564	Pulse	55	4220000	2779	NA
1	565	Picture	Num	4224390	83	1	4085	1	0	4000	miss	0
1	566	Picture	Num	4231476	83	1	4085	1	0	4000	miss	0
1	567	Picture	Num	4238562	83	1	4085	1	0	4000	miss	0
1	567	Pulse	55	4240000	1522	NA
1	568	Picture	Num	4245647	83	1	4085	1	0	4000	miss	0
1	569	Picture	Num	4252733	83	1	4085	1	0	4000	hit	844
1	569	Response	1	4256762	4113	1
1	570	Picture	Num	4259819	83	1	4085	1	0	4000	miss	0
1	570	Pulse	55	4260000	265	NA
1	571	Picture	Num	4266904	83	1	4085	1	0	4000	miss	0
1	572	Picture	Num	4273990	83	1	4085	1	0	4000	hit	849
1	572	Response	1	4278532	4625	0
1	572	Pulse	55	4280000	6093	NA
1	573	Picture	Num	4281076	83	1	4085	1	0	4000	miss	0
1	574	Picture	Num	4288161	83	1	4085	1	0	4000	miss	0
1	575	Picture	Num	4295247	83	1	4085	1	0	4000	miss	0
1	575	Pulse	55	4300000	4836	NA
1	576	Picture	Num	4302333	83	1	4085	1	0	4000	miss	0
1	577	Picture	Num	4309418	83	1	4085	1	0	4000	miss	0
1	578	Picture	Num	4316504	83	1	4085	1	0	4000	hit	859
1	578	Pulse	55	4320000	3579	NA
1	578	Response	1	4321232	4812	0
1	579	Picture	Num	4323590	83	1	4085	1	0	4000	miss	0
1	580	Picture	Num	4330675	83	1	4085	1	0	4000	miss	0
1	581	Picture	Num	4337761	83	1	4085	1	0	4000	miss	0
1	581	Pulse	55	4340000	2322	NA
1	582	Picture	Num	4344847	83	1	4085	1	0	4000	hit	865
1	582	Response	1	4348612	3849	0
1	583	Picture	Num	4351932	83	1	4085	1	0	4000	miss	0
1	584	Picture	Num	4359018	83	1	4085	1	0	4000	miss	0
1	584	Pulse	55	4360000	1065	NA
1	585	Picture	Num	4366104	83	1	4085	1	0	4000	miss	0
1	586	Picture	Num	4373189	83	1	4085	1	0	4000	miss	0
1	586	Pulse	55	4380000	6894	NA
1	587	Picture	Num	4380275	83	1	4085	1	0	4000	miss	0
1	588	Picture	Num	4387361	83	1	4085	1	0	4000	miss	0
1	589	Picture	Num	4394446	83	1	4085	1	0	4000	miss	0
1	589	Pulse	55	4400000	5637	NA
1	590	Picture	Num	4401532	83	1	4085	1	0	4000	miss	0
1	591	Picture	Num	4408618	83	1	4085	1	0	4000	miss	0
1	592	Picture	Num	4415703	83	1	4085	1	0	4000	miss	0
1	592	Pulse	55	4420000	4380	NA
1	593	Picture	Num	4422789	83	1	4085	1	0	4000	miss	0
1	594	Picture	Num	4429875	83	1	4085	1	0	4000	hit	882
1	594	Response	1	4433812	4021	0
1	595	Picture	Num	4436960	83	1	4085	1	0	4000	miss	0
1	595	Pulse	55	4440000	3123	NA
1	596	Picture	Num	4444046	83	1	4085	1	0	4000	miss	0
1	597	Picture	Num	4451132	83	1	4085	1	0	4000	miss	0
1	598	Picture	Num	4458217	83	1	4085	1	0	4000	hit	889
1	598	Pulse	55	4460000	1866	NA
1	598	Response	1	4463522	5388	0
1	599	Picture	Num	4465303	83	1	4085	1	0	4000	miss	0
1	600	Picture	Num	4472389	83	1	4085	1	0	4000	miss	0
1	601	Picture	Num	4479474	83	1	4085	1	0	4000	miss	0
1	601	Pulse	55	4480000	609	NA
1	602	Picture	Num	4486560	83	1	4085	1	0	4000	miss	0
1	603	Picture	Num	4493646	83	1	4085	1	0	4000	miss	0
1	603	Pulse	55	4500000	6438	NA
1	604	Picture	Num	4500731	83	1	4085	1	0	4000	miss	0
1	605	Picture	Num	4507817	83	1	4085	1	0	4000	miss	0
1	606	Picture	Num	4514903	83	1	4085	1	0	4000	miss	0
1	606	Pulse	55	4520000	5181	NA
1	607	Picture	Num	4521988	83	1	4085	1	0	4000	miss	0
1	608	Picture	Num	4529074	83	1	4085	1	0	4000	miss	0
1	609	Picture	Num	4536160	83	1	4085	1	0	4000	miss	0
1	609	Pulse	55	4540000	3924	NA
1	610	Picture	Num	4543245	83	1	4085	1	0	4000	miss	0
1	611	Picture	Num	4550331	83	1	4085	1	0	4000	hit	907
1	611	Response	1	4554522	4274	0
1	612	Picture	Num	4557417	83	1	4085	1	0	4000	miss	0
1	612	Pulse	55	4560000	2667	NA
1	613	Picture	Num	4564502	83	1	4085	1	0	4000	miss	0
1	614	Picture	Num	4571588	83	1	4085	1	0	4000	miss	0
1	615	Picture	Num	4578674	83	1	4085	1	0	4000	hit	914
1	615	Pulse	55	4580000	1410	NA
1	615	Response	1	4582502	3912	0
1	616	Picture	Num	4585759	83	1	4085	1	0	4000	miss	0
1	617	Picture	Num	4592845	83	1	4085	1	0	4000	miss	0
1	618	Picture	Num	4599931	83	1	4085	1	0	4000	miss	0
1	618	Pulse	55	4600000	153	NA
1	619	Picture	Num	4607016	83	1	4085	1	0	4000	miss	0
1	620	Picture	Num	4614102	83	1	4085	1	0	4000	miss	0
1	620	Pulse	55	4620000	5981	NA
1	621	Picture	Num	4621188	83	1	4085	1	0	4000	miss	0
1	622	Picture	Num	4628273	83	1	4085	1	0	4000	miss	0
1	623	Picture	Num	4635359	83	1	4085	1	0	4000	miss	0
1	623	Pulse	55	4640000	4724	NA
1	624	Picture	Num	4642445	83	1	4085	1	0	4000	miss	0
1	625	Picture	Num	4649530	83	1	4085	1	0	4000	miss	0
1	626	Picture	Num	4656616	83	1	4085	1	0	4000	miss	0
1	626	Pulse	55	4660000	3467	NA
1	627	Picture	Num	4663702	83	1	4085	1	0	4000	miss	0
1	628	Picture	Num	4670787	83	1	4085	1	0	4000	miss	0
1	629	Picture	Num	4677873	83	1	4085	1	0	4000	miss	0
1	629	Pulse	55	4680000	2210	NA
1	630	Picture	Num	4684959	83	1	4085	1	0	4000	miss	0
1	631	Picture	Num	4692044	83	1	4085	1	0	4000	miss	0
1	632	Picture	Num	4699130	83	1	4085	1	0	4000	hit	938
1	632	Pulse	55	4700000	953	NA
1	632	Response	1	4703012	3965	0
1	633	Picture	Num	4706216	83	1	4085	1	0	4000	miss	0
1	634	Picture	Num	4713301	83	1	4085	1	0	4000	miss	0
1	634	Pulse	55	4720000	6782	NA
1	635	Picture	Num	4720387	83	1	4085	1	0	4000	miss	0
1	636	Picture	Num	4727473	83	1	4085	1	0	4000	miss	0
1	637	Picture	Num	4734558	83	1	4085	1	0	4000	miss	0
1	637	Pulse	55	4740000	5525	NA
1	638	Picture	Num	4741644	83	1	4085	1	0	4000	miss	0
1	639	Picture	Num	4748730	83	1	4085	1	0	4000	miss	0
1	640	Picture	Num	4755815	83	1	4085	1	0	4000	miss	0
1	640	Pulse	55	4760000	4268	NA
1	641	Picture	Num	4762901	83	1	4085	1	0	4000	miss	0
1	642	Picture	Num	4769987	83	1	4085	1	0	4000	miss	0
1	643	Picture	Num	4777072	83	1	4085	1	0	4000	miss	0
1	643	Pulse	55	4780000	3011	NA
1	644	Picture	Num	4784158	83	1	4085	1	0	4000	miss	0
1	645	Picture	Num	4791244	83	1	4085	1	0	4000	miss	0
1	646	Picture	Num	4798329	83	1	4085	1	0	4000	miss	0
1	646	Pulse	55	4800000	1754	NA
1	647	Picture	Num	4805415	83	1	4085	1	0	4000	miss	0
1	648	Picture	Num	4812501	83	1	4085	1	0	4000	miss	0
1	649	Picture	Num	4819586	83	1	4085	1	0	4000	hit	962
1	649	Pulse	55	4820000	497	NA
1	649	Response	1	4824482	4979	0
1	650	Picture	Num	4826672	83	1	4085	1	0	4000	miss	0
1	651	Picture	Num	4833758	83	1	4085	1	0	4000	miss	0
1	651	Pulse	55	4840000	6326	NA
1	652	Picture	Num	4840843	83	1	4085	1	0	4000	miss	0
1	653	Picture	Num	4847929	83	1	4085	1	0	4000	miss	0
1	654	Picture	Num	4855015	83	1	4085	1	0	4000	miss	0
1	654	Pulse	55	4860000	5069	NA
1	655	Picture	Num	4862100	83	1	4085	1	0	4000	miss	0
1	656	Picture	Num	4869186	83	1	4085	1	0	4000	miss	0
1	657	Picture	Num	4876272	83	1	4085	1	0	4000	miss	0
1	657	Pulse	55	4880000	3812	NA
1	658	Picture	Num	4883357	83	1	4085	1	0	4000	hit	975
1	658	Response	1	4887772	4498	0
1	659	Picture	Num	4890443	83	1	4085	1	0	4000	miss	0
1	660	Picture	Num	4897529	83	1	4085	1	0	4000	miss	0
1	660	Pulse	55	4900000	2555	NA
1	661	Picture	Num	4904614	83	1	4085	1	0	4000	miss	0
1	662	Picture	Num	4911700	83	1	4085	1	0	4000	miss	0
1	663	Picture	Num	4918786	83	1	4085	1	0	4000	miss	0
1	663	Pulse	55	4920000	1298	NA
1	664	Picture	Num	4925871	83	1	4085	1	0	4000	miss	0
1	665	Picture	Num	4932957	83	1	4085	1	0	4000	miss	0
1	666	Picture	Fix	4939959	0	1	70273	1	0	70250	other	0
1	666	Pulse	55	4940000	41	NA
1	666	Pulse	55	4960000	20041	NA
1	666	Pulse	55	4980000	40041	NA
1	666	Pulse	55	5000000	60041	NA
1	667	Picture	Num	5013317	83	1	4085	1	0	4000	miss	0
1	667	Pulse	55	5020000	6767	NA
1	668	Picture	Num	5020402	83	1	4085	1	0	4000	miss	0
1	669	Picture	Num	5027488	83	1	4085	1	0	4000	miss	0
1	670	Picture	Num	5034574	83	1	4085	1	0	4000	miss	0
1	670	Pulse	55	5040000	5510	NA
1	671	Picture	Num	5041659	83	1	4085	1	0	4000	miss	0
1	672	Picture	Num	5048745	83	1	4085	1	0	4000	miss	0
1	673	Picture	Num	5055831	83	1	4085	1	0	4000	miss	0
1	673	Pulse	55	5060000	4253	NA
1	674	Picture	Num	5062916	83	1	4085	1	0	4000	hit	1001
1	674	Response	1	5066811	3978	0
1	675	Picture	Num	5070002	83	1	4085	1	0	4000	miss	0
1	676	Picture	Num	5077088	83	1	4085	1	0	4000	miss	0
1	676	Pulse	55	5080000	2996	NA
1	677	Picture	Num	5084173	83	1	4085	1	0	4000	miss	0
1	678	Picture	Num	5091259	83	1	4085	1	0	4000	hit	1007
1	678	Response	1	5095402	4226	0
1	679	Picture	Num	5098345	83	1	4085	1	0	4000	miss	0
1	679	Pulse	55	5100000	1739	NA
1	680	Picture	Num	5105430	83	1	4085	1	0	4000	miss	0
1	681	Picture	Num	5112516	83	1	4085	1	0	4000	miss	0
1	682	Picture	Num	5119602	83	1	4085	1	0	4000	miss	0
1	682	Pulse	55	5120000	482	NA
1	683	Picture	Num	5126687	83	1	4085	1	0	4000	hit	1015
1	683	Response	1	5130781	4177	0
1	684	Picture	Num	5133773	83	1	4085	1	0	4000	miss	0
1	684	Pulse	55	5140000	6310	NA
1	685	Picture	Num	5140859	83	1	4085	1	0	4000	miss	0
1	686	Picture	Num	5147944	83	1	4085	1	0	4000	miss	0
1	687	Picture	Num	5155030	83	1	4085	1	0	4000	miss	0
1	687	Pulse	55	5160000	5053	NA
1	688	Picture	Num	5162116	83	1	4085	1	0	4000	miss	0
1	689	Picture	Num	5169201	83	1	4085	1	0	4000	miss	0
1	690	Picture	Num	5176287	83	1	4085	1	0	4000	miss	0
1	690	Pulse	55	5180000	3796	NA
1	691	Picture	Num	5183373	83	1	4085	1	0	4000	miss	0
1	692	Picture	Num	5190458	83	1	4085	1	0	4000	miss	0
1	693	Picture	Num	5197544	83	1	4085	1	0	4000	miss	0
1	693	Pulse	55	5200000	2539	NA
1	694	Picture	Num	5204630	83	1	4085	1	0	4000	miss	0
1	695	Picture	Num	5211715	83	1	4085	1	0	4000	miss	0
1	696	Picture	Num	5218801	83	1	4085	1	0	4000	hit	1034
1	696	Pulse	55	5220000	1282	NA
1	696	Response	1	5222681	3964	0
1	697	Picture	Num	5225887	83	1	4085	1	0	4000	miss	0
1	698	Picture	Num	5232972	83	1	4085	1	0	4000	miss	0
1	699	Pulse	55	5240000	25	NA
1	699	Picture	Num	5240058	83	1	4085	1	0	4000	hit	1039
1	699	Response	1	5244321	4347	0
1	700	Picture	Num	5247144	83	1	4085	1	0	4000	miss	0
1	701	Picture	Num	5254229	83	1	4085	1	0	4000	miss	0
1	701	Pulse	55	5260000	5854	NA
1	702	Picture	Num	5261315	83	1	4085	1	0	4000	miss	0
1	703	Picture	Num	5268401	83	1	4085	1	0	4000	miss	0
1	704	Picture	Num	5275486	83	1	4085	1	0	4000	miss	0
1	704	Pulse	55	5280000	4597	NA
1	705	Picture	Num	5282572	83	1	4085	1	0	4000	miss	0
1	706	Picture	Num	5289658	83	1	4085	1	0	4000	miss	0
1	707	Picture	Num	5296743	83	1	4085	1	0	4000	miss	0
1	707	Pulse	55	5300000	3340	NA
1	708	Picture	Num	5303829	83	1	4085	1	0	4000	miss	0
1	709	Picture	Num	5310915	83	1	4085	1	0	4000	miss	0
1	710	Picture	Num	5318000	83	1	4085	1	0	4000	miss	0
1	710	Pulse	55	5320000	2083	NA
1	711	Picture	Num	5325086	83	1	4085	1	0	4000	miss	0
1	712	Picture	Num	5332172	83	1	4085	1	0	4000	miss	0
1	713	Picture	Num	5339257	83	1	4085	1	0	4000	miss	0
1	713	Pulse	55	5340000	826	NA
1	714	Picture	Num	5346343	83	1	4085	1	0	4000	miss	0
1	715	Picture	Num	5353429	83	1	4085	1	0	4000	miss	0
1	715	Pulse	55	5360000	6655	NA
1	716	Picture	Num	5360514	83	1	4085	1	0	4000	miss	0
1	717	Picture	Num	5367600	83	1	4085	1	0	4000	miss	0
1	718	Picture	Num	5374686	83	1	4085	1	0	4000	hit	1065
1	718	Response	1	5378981	4379	0
1	718	Pulse	55	5380000	5398	NA
1	719	Picture	Num	5381771	83	1	4085	1	0	4000	miss	0
1	720	Picture	Num	5388857	83	1	4085	1	0	4000	miss	0
1	721	Picture	Num	5395943	83	1	4085	1	0	4000	miss	0
1	721	Pulse	55	5400000	4141	NA
1	722	Picture	Num	5403028	83	1	4085	1	0	4000	miss	0
1	723	Picture	Num	5410114	83	1	4085	1	0	4000	miss	0
1	724	Picture	Num	5417200	83	1	4085	1	0	4000	miss	0
1	724	Pulse	55	5420000	2884	NA
1	725	Picture	Num	5424285	83	1	4085	1	0	4000	miss	0
1	726	Picture	Num	5431371	83	1	4085	1	0	4000	miss	0
1	727	Picture	Num	5438457	83	1	4085	1	0	4000	miss	0
1	727	Pulse	55	5440000	1627	NA
1	728	Picture	Num	5445542	83	1	4085	1	0	4000	miss	0
1	729	Picture	Num	5452628	83	1	4085	1	0	4000	miss	0
1	730	Picture	Num	5459714	83	1	4085	1	0	4000	miss	0
1	730	Pulse	55	5460000	370	NA
1	731	Picture	Num	5466799	83	1	4085	1	0	4000	miss	0
1	732	Picture	Num	5473885	83	1	4085	1	0	4000	miss	0
1	732	Pulse	55	5480000	6198	NA
1	733	Picture	Num	5480971	83	1	4085	1	0	4000	miss	0
1	734	Picture	Num	5488056	83	1	4085	1	0	4000	miss	0
1	735	Picture	Num	5495142	83	1	4085	1	0	4000	hit	1089
1	735	Response	1	5498741	3682	0
1	735	Pulse	55	5500000	4941	NA
1	736	Picture	Num	5502228	83	1	4085	1	0	4000	miss	0
1	737	Picture	Num	5509313	83	1	4085	1	0	4000	miss	0
1	738	Picture	Num	5516399	83	1	4085	1	0	4000	miss	0
1	738	Pulse	55	5520000	3684	NA
1	739	Picture	Num	5523485	83	1	4085	1	0	4000	miss	0
1	740	Picture	Num	5530570	83	1	4085	1	0	4000	miss	0
1	741	Picture	Num	5537656	83	1	4085	1	0	4000	miss	0
1	741	Pulse	55	5540000	2427	NA
1	742	Picture	Num	5544742	83	1	4085	1	0	4000	miss	0
1	743	Picture	Num	5551827	83	1	4085	1	0	4000	miss	0
1	744	Picture	Num	5558913	83	1	4085	1	0	4000	miss	0
1	744	Pulse	55	5560000	1170	NA
1	745	Picture	Num	5565999	83	1	4085	1	0	4000	miss	0
1	746	Picture	Num	5573084	83	1	4085	1	0	4000	miss	0
1	746	Pulse	55	5580000	6999	NA
1	747	Picture	Num	5580170	83	1	4085	1	0	4000	miss	0
1	748	Picture	Num	5587256	83	1	4085	1	0	4000	miss	0
1	749	Picture	Num	5594341	83	1	4085	1	0	4000	miss	0
1	749	Pulse	55	5600000	5742	NA
1	750	Picture	Num	5601427	83	1	4085	1	0	4000	miss	0
1	751	Picture	Num	5608513	83	1	4085	1	0	4000	miss	0
1	752	Picture	Num	5615598	83	1	4085	1	0	4000	miss	0
1	752	Pulse	55	5620000	4485	NA
1	753	Picture	Num	5622684	83	1	4085	1	0	4000	miss	0
1	754	Picture	Num	5629770	83	1	4085	1	0	4000	miss	0
1	755	Picture	Num	5636855	83	1	4085	1	0	4000	miss	0
1	755	Pulse	55	5640000	3228	NA
1	756	Picture	Num	5643941	83	1	4085	1	0	4000	miss	0
1	757	Picture	Num	5651027	83	1	4085	1	0	4000	miss	0
1	758	Picture	Num	5658112	83	1	4085	1	0	4000	miss	0
1	758	Pulse	55	5660000	1971	NA
1	759	Picture	Num	5665198	83	1	4085	1	0	4000	hit	1123
1	759	Response	1	5669701	4586	0
1	760	Picture	Num	5672284	83	1	4085	1	0	4000	miss	0
1	761	Picture	Num	5679369	83	1	4085	1	0	4000	miss	0
1	761	Pulse	55	5680000	714	NA
1	762	Picture	Num	5686455	83	1	4085	1	0	4000	miss	0
1	763	Picture	Num	5693541	83	1	4085	1	0	4000	miss	0
1	763	Pulse	55	5700000	6543	NA
1	764	Picture	Num	5700626	83	1	4085	1	0	4000	miss	0
1	765	Picture	Num	5707712	83	1	4085	1	0	4000	miss	0
1	766	Picture	Num	5714798	83	1	4085	1	0	4000	miss	0
1	766	Pulse	55	5720000	5286	NA
1	767	Picture	Num	5721883	83	1	4085	1	0	4000	miss	0
1	768	Picture	Num	5728969	83	1	4085	1	0	4000	miss	0
1	769	Picture	Num	5736055	83	1	4085	1	0	4000	miss	0
1	769	Pulse	55	5740000	4029	NA
1	770	Picture	Num	5743140	83	1	4085	1	0	4000	miss	0
1	771	Picture	Num	5750226	83	1	4085	1	0	4000	miss	0
1	772	Picture	Num	5757312	83	1	4085	1	0	4000	miss	0
1	772	Pulse	55	5760000	2772	NA
1	773	Picture	Num	5764397	83	1	4085	1	0	4000	miss	0
1	774	Picture	Num	5771483	83	1	4085	1	0	4000	miss	0
1	775	Picture	Num	5778569	83	1	4085	1	0	4000	miss	0
1	775	Pulse	55	5780000	1515	NA
1	776	Picture	Num	5785654	83	1	4085	1	0	4000	miss	0
1	777	Picture	Num	5792740	83	1	4085	1	0	4000	miss	0
1	778	Picture	Num	5799826	83	1	4085	1	0	4000	miss	0
1	778	Pulse	55	5800000	258	NA
1	779	Picture	Num	5806911	83	1	4085	1	0	4000	miss	0
1	780	Picture	Num	5813997	83	1	4085	1	0	4000	miss	0
1	780	Pulse	55	5820000	6086	NA
1	781	Picture	Num	5821083	83	1	4085	1	0	4000	miss	0
1	782	Picture	Num	5828168	83	1	4085	1	0	4000	miss	0
1	783	Picture	Num	5835254	84	1	4085	1	0	4000	miss	0
1	783	Pulse	55	5840000	4830	NA
1	784	Picture	Num	5842340	83	1	4085	1	0	4000	miss	0
1	785	Picture	Num	5849425	83	1	4085	1	0	4000	miss	0
1	786	Picture	Num	5856511	83	1	4085	1	0	4000	hit	1161
1	786	Pulse	55	5860000	3572	NA
1	786	Response	1	5860271	3843	0
1	787	Picture	Num	5863597	83	1	4085	1	0	4000	miss	0
1	788	Picture	Num	5870682	83	1	4085	1	0	4000	miss	0
1	789	Picture	Num	5877768	83	1	4085	1	0	4000	hit	1166
1	789	Pulse	55	5880000	2315	NA
1	789	Response	1	5882331	4646	0
1	790	Picture	Num	5884854	83	1	4085	1	0	4000	miss	0
1	791	Picture	Num	5891939	83	1	4085	1	0	4000	miss	0
1	792	Picture	Num	5899025	83	1	4085	1	0	4000	hit	1171
1	792	Pulse	55	5900000	1058	NA
1	792	Response	1	5902751	3809	0
1	793	Picture	Num	5906111	83	1	4085	1	0	4000	miss	0
1	794	Picture	Num	5913196	83	1	4085	1	0	4000	miss	0
1	794	Pulse	55	5920000	6887	NA
1	795	Picture	Num	5920282	83	1	4085	1	0	4000	miss	0
1	796	Picture	Num	5927368	83	1	4085	1	0	4000	miss	0
1	797	Picture	Num	5934453	83	1	4085	1	0	4000	miss	0
1	797	Pulse	55	5940000	5630	NA
1	798	Picture	Num	5941539	83	1	4085	1	0	4000	miss	0
1	799	Picture	Num	5948625	83	1	4085	1	0	4000	hit	1181
1	799	Response	1	5952751	4210	0
1	800	Picture	Num	5955710	83	1	4085	1	0	4000	miss	0
1	800	Pulse	55	5960000	4373	NA
1	801	Picture	Num	5962796	83	1	4085	1	0	4000	miss	0
1	802	Picture	Num	5969882	83	1	4085	1	0	4000	miss	0
1	803	Picture	Num	5976967	83	1	4085	1	0	4000	miss	0
1	803	Pulse	55	5980000	3116	NA
1	804	Picture	Num	5984053	83	1	4085	1	0	4000	miss	0
1	805	Picture	Num	5991139	83	1	4085	1	0	4000	miss	0
1	806	Picture	Num	5998224	83	1	4085	1	0	4000	hit	1192
1	806	Pulse	55	6000000	1859	NA
1	806	Response	1	6002051	3910	0
1	807	Picture	Num	6005310	83	1	4085	1	0	4000	miss	0
1	808	Picture	Num	6012396	83	1	4085	1	0	4000	miss	0
1	809	Picture	Num	6019481	83	1	4085	1	0	4000	miss	0
1	809	Pulse	55	6020000	602	NA
1	810	Picture	Num	6026567	83	1	4085	1	0	4000	hit	1198
1	810	Response	1	6030191	3707	0
1	811	Picture	Num	6033653	83	1	4085	1	0	4000	miss	0
1	811	Pulse	55	6040000	6431	NA
1	812	Picture	Num	6040738	83	1	4085	1	0	4000	miss	0
1	813	Picture	Num	6047824	83	1	4085	1	0	4000	miss	0
1	814	Picture	Num	6054910	83	1	4085	1	0	4000	miss	0
1	814	Pulse	55	6060000	5174	NA
1	815	Picture	Num	6061995	83	1	4085	1	0	4000	miss	0
1	816	Picture	Num	6069081	83	1	4085	1	0	4000	hit	1207
1	816	Response	1	6074131	5133	0
1	817	Picture	Num	6076167	83	1	4085	1	0	4000	miss	0
1	817	Pulse	55	6080000	3917	NA
1	818	Picture	Num	6083252	83	1	4085	1	0	4000	miss	0
1	819	Picture	Num	6090338	83	1	4085	1	0	4000	miss	0
1	820	Picture	Num	6097424	83	1	4085	1	0	4000	miss	0
1	820	Pulse	55	6100000	2660	NA
1	821	Picture	Num	6104509	83	1	4085	1	0	4000	miss	0
1	822	Picture	Num	6111595	83	1	4085	1	0	4000	miss	0
1	823	Picture	Num	6118681	83	1	4085	1	0	4000	hit	1218
1	823	Pulse	55	6120000	1403	NA
1	823	Response	1	6122501	3903	0
1	824	Picture	Num	6125766	83	1	4085	1	0	4000	miss	0
1	825	Picture	Num	6132852	83	1	4085	1	0	4000	miss	0
1	826	Picture	Num	6139938	83	1	4085	1	0	4000	miss	0
1	826	Pulse	55	6140000	146	NA
1	827	Picture	Num	6147023	83	1	4085	1	0	4000	miss	0
1	828	Picture	Num	6154109	83	1	4085	1	0	4000	miss	0
1	828	Pulse	55	6160000	5974	NA
1	829	Picture	Num	6161194	83	1	4085	1	0	4000	hit	1227
1	829	Response	1	6165361	4249	0
1	830	Picture	Num	6168280	83	1	4085	1	0	4000	miss	0
1	831	Picture	Num	6175366	83	1	4085	1	0	4000	miss	0
1	831	Pulse	55	6180000	4717	NA
1	848	Pulse	55	6200000	293	NA
1	866	Pulse	55	6220000	786	NA
1	885	Pulse	55	6240000	196	NA
1	903	Pulse	55	6260000	690	NA
1	922	Pulse	55	6280000	100	NA
1	940	Pulse	55	6300000	593	NA
1	959	Pulse	55	6320000	3	NA
1	977	Pulse	55	6340000	497	NA
1	995	Pulse	55	6360000	990	NA
1	1014	Pulse	55	6380000	400	NA
1	1032	Pulse	55	6400000	894	NA
1	1051	Pulse	55	6420000	304	NA
1	1069	Pulse	55	6440000	797	NA
1	1088	Pulse	55	6460000	207	NA
1	1106	Pulse	55	6480000	701	NA
1	1125	Pulse	55	6500000	111	NA
1	1143	Pulse	55	6520000	604	NA
1	1162	Pulse	55	6540000	14	NA
1	1180	Pulse	55	6560000	508	NA
1	1198	Pulse	55	6580000	1001	NA
1	1217	Pulse	55	6600000	411	NA
1	1235	Pulse	55	6620000	905	NA
1	1254	Pulse	55	6640000	314	NA
1	1272	Pulse	55	6660000	808	NA
1	1291	Pulse	55	6680000	218	NA
1	1309	Pulse	55	6700000	712	NA
1	1328	Pulse	55	6720000	121	NA
1	1346	Pulse	55	6740000	615	NA
1	1365	Pulse	55	6760000	25	NA
1	1383	Pulse	55	6780000	518	NA
1	1401	Pulse	55	6800000	1012	NA
1	1420	Pulse	55	6820000	422	NA
1	1433	Picture	Fix	6833666	0	1	59770	1	0	59700	other	0
1	1433	Pulse	55	6840000	6334	NA
1	1433	Pulse	55	6860000	26334	NA
1	1433	Pulse	55	6880000	46334	NA
1	1434	Picture	Num	6896520	83	1	4085	1	0	4000	miss	0
1	1434	Pulse	55	6900000	3563	NA
1	1435	Picture	Num	6903606	83	1	4085	1	0	4000	miss	0
1	1436	Picture	Num	6910691	83	1	4085	1	0	4000	miss	0
1	1437	Picture	Num	6917777	83	1	4085	1	0	4000	miss	0
1	1437	Pulse	55	6920000	2306	NA
1	1438	Picture	Num	6924863	83	1	4085	1	0	4000	miss	0
1	1439	Picture	Num	6931948	83	1	4085	1	0	4000	miss	0
1	1440	Picture	Num	6939034	83	1	4085	1	0	4000	miss	0
1	1440	Pulse	55	6940000	1049	NA
1	1441	Picture	Num	6946120	83	1	4085	1	0	4000	miss	0
1	1442	Picture	Num	6953205	83	1	4085	1	0	4000	miss	0
1	1442	Pulse	55	6960000	6878	NA
1	1443	Picture	Num	6960291	83	1	4085	1	0	4000	miss	0
1	1444	Picture	Num	6967377	83	1	4085	1	0	4000	miss	0
1	1445	Picture	Num	6974462	83	1	4085	1	0	4000	miss	0
1	1445	Pulse	55	6980000	5621	NA
1	1446	Picture	Num	6981548	84	1	4085	1	0	4000	miss	0
1	1447	Picture	Num	6988634	83	1	4085	1	0	4000	miss	0
1	1448	Picture	Num	6995719	83	1	4085	1	0	4000	miss	0
1	1448	Pulse	55	7000000	4364	NA
1	1449	Picture	Num	7002805	83	1	4085	1	0	4000	miss	0
1	1450	Picture	Num	7009891	83	1	4085	1	0	4000	miss	0
1	1451	Picture	Num	7016976	83	1	4085	1	0	4000	miss	0
1	1451	Pulse	55	7020000	3107	NA
1	1452	Picture	Num	7024062	83	1	4085	1	0	4000	miss	0
1	1453	Picture	Num	7031148	83	1	4085	1	0	4000	miss	0
1	1454	Picture	Num	7038233	83	1	4085	1	0	4000	miss	0
1	1454	Pulse	55	7040000	1850	NA
1	1455	Picture	Num	7045319	83	1	4085	1	0	4000	miss	0
1	1456	Picture	Num	7052405	83	1	4085	1	0	4000	miss	0
1	1457	Picture	Num	7059490	83	1	4085	1	0	4000	miss	0
1	1457	Pulse	55	7060000	593	NA
1	1458	Picture	Num	7066576	83	1	4085	1	0	4000	miss	0
1	1459	Picture	Num	7073662	83	1	4085	1	0	4000	miss	0
1	1459	Pulse	55	7080000	6422	NA
1	1460	Picture	Num	7080747	83	1	4085	1	0	4000	miss	0
1	1461	Picture	Num	7087833	83	1	4085	1	0	4000	miss	0
1	1462	Picture	Num	7094919	83	1	4085	1	0	4000	miss	0
1	1462	Pulse	55	7100000	5165	NA
1	1463	Picture	Num	7102004	83	1	4085	1	0	4000	miss	0
1	1464	Picture	Num	7109090	83	1	4085	1	0	4000	miss	0
1	1465	Picture	Num	7116176	83	1	4085	1	0	4000	miss	0
1	1465	Pulse	55	7120000	3908	NA
1	1466	Picture	Num	7123261	83	1	4085	1	0	4000	miss	0
1	1467	Picture	Num	7130347	83	1	4085	1	0	4000	miss	0
1	1468	Picture	Num	7137433	83	1	4085	1	0	4000	miss	0
1	1468	Pulse	55	7140000	2651	NA
1	1469	Picture	Num	7144518	83	1	4085	1	0	4000	miss	0
1	1470	Picture	Num	7151604	83	1	4085	1	0	4000	miss	0
1	1471	Picture	Num	7158690	83	1	4085	1	0	4000	miss	0
1	1471	Pulse	55	7160000	1394	NA
1	1472	Picture	Num	7165775	83	1	4085	1	0	4000	miss	0
1	1473	Picture	Num	7172861	83	1	4085	1	0	4000	miss	0
1	1474	Picture	Num	7179947	83	1	4085	1	0	4000	miss	0
1	1474	Pulse	55	7180000	137	NA
1	1475	Picture	Num	7187032	83	1	4085	1	0	4000	miss	0
1	1476	Picture	Num	7194118	83	1	4085	1	0	4000	miss	0
1	1476	Pulse	55	7200000	5965	NA
1	1477	Picture	Num	7201204	83	1	4085	1	0	4000	miss	0
1	1478	Picture	Num	7208289	83	1	4085	1	0	4000	miss	0
1	1479	Picture	Num	7215375	83	1	4085	1	0	4000	miss	0
1	1479	Pulse	55	7220000	4708	NA
1	1480	Picture	Num	7222461	83	1	4085	1	0	4000	miss	0
1	1481	Picture	Num	7229546	83	1	4085	1	0	4000	miss	0
1	1482	Picture	Num	7236632	83	1	4085	1	0	4000	miss	0
1	1482	Pulse	55	7240000	3451	NA
1	1483	Picture	Num	7243718	83	1	4085	1	0	4000	miss	0
1	1484	Picture	Num	7250803	83	1	4085	1	0	4000	miss	0
1	1485	Picture	Num	7257889	83	1	4085	1	0	4000	miss	0
1	1485	Pulse	55	7260000	2194	NA
1	1486	Picture	Num	7264975	83	1	4085	1	0	4000	miss	0
1	1487	Picture	Num	7272060	83	1	4085	1	0	4000	miss	0
1	1487	Quit		7277870	5893	NA


{
   "app": "Presentation Version 20.3 Build 02.25.19",
   "device": "Micro-Star International Co., Ltd. MS-7B98",
   "experiment": "{153B309D-6681-4069-879C-5F24FB89C20C}",
   "os": "Windows 10 64 bit",
   "package": "",
   "parameters": {
      "configuration": "Default configuration"
   },
   "scenario": "RCHS_fMRI.sce",
   "subject": "1",
   "timestamp": "2021/07/09 09:30:22 GMT"
}
