Scenario - RCHS_fMRI_4parts.sce
Logfile written - 07/22/2021 14:51:42

Subject	Trial	Event Type	Code	Time	TTime	Uncertainty	Duration	Uncertainty	ReqTime	ReqDur	Stim Type	Pair Index

2	1	Pulse	55	181133	179467	1
2	1	Pulse	55	191132	189466	1
2	1	Pulse	55	201132	199466	1
2	1	Pulse	55	211132	209466	1
2	1	Response	1	212337	210671	1
2	2	Picture	Fix	212427	0	1	36154	1	0	36110	other	0
2	2	Pulse	55	221132	8705	1
2	2	Pulse	55	231131	18704	1
2	2	Pulse	55	241131	28704	1
2	2	Pulse	55	251131	38704	1
2	3	Picture	Num	251747	167	1	4165	1	0	4000	miss	0
2	4	Picture	Num	258911	173	1	4165	1	0	4000	miss	0
2	4	Pulse	55	261131	2393	1
2	5	Picture	Num	266076	167	1	4165	1	0	4000	miss	0
2	5	Pulse	55	271131	5222	1
2	6	Picture	Num	273240	167	1	4165	1	0	4000	miss	0
2	7	Picture	Num	280404	175	1	4165	1	0	4000	miss	0
2	7	Pulse	55	281130	901	1
2	8	Picture	Num	287568	167	1	4165	1	0	4000	miss	0
2	8	Pulse	55	291130	3729	1
2	9	Picture	Num	294732	167	1	4165	1	0	4000	miss	0
2	9	Pulse	55	301130	6564	1
2	10	Picture	Num	301897	173	1	4165	1	0	4000	miss	0
2	11	Picture	Num	309061	167	1	4165	1	0	4000	miss	0
2	11	Pulse	55	311130	2236	1
2	12	Picture	Num	316225	167	1	4165	1	0	4000	miss	0
2	12	Pulse	55	321129	5071	1
2	13	Picture	Num	323389	167	1	4165	1	0	4000	miss	0
2	14	Picture	Num	330553	167	1	4165	1	0	4000	miss	0
2	14	Pulse	55	331129	742	1
2	15	Picture	Num	337718	167	1	4165	1	0	4000	miss	0
2	15	Pulse	55	341129	3578	1
2	16	Picture	Num	344882	167	1	4165	1	0	4000	miss	0
2	16	Pulse	55	351129	6413	1
2	17	Picture	Num	352046	174	1	4165	1	0	4000	miss	0
2	18	Picture	Num	359210	167	1	4165	1	0	4000	miss	0
2	18	Pulse	55	361128	2085	1
2	19	Picture	Num	366374	167	1	4165	1	0	4000	miss	0
2	19	Pulse	55	371128	4920	1
2	20	Picture	Num	373539	167	1	4165	1	0	4000	miss	0
2	21	Picture	Num	380703	167	1	4165	1	0	4000	miss	0
2	21	Pulse	55	381128	592	1
2	22	Picture	Num	387867	167	1	4165	1	0	4000	miss	0
2	22	Pulse	55	391128	3427	1
2	23	Picture	Num	395031	167	1	4165	1	0	4000	miss	0
2	23	Pulse	55	401128	6263	1
2	24	Picture	Num	402196	167	1	4165	1	0	4000	miss	0
2	25	Picture	Num	409360	173	1	4165	1	0	4000	miss	0
2	25	Pulse	55	411127	1940	1
2	26	Picture	Num	416524	167	1	4165	1	0	4000	miss	0
2	26	Pulse	55	421127	4770	1
2	27	Picture	Num	423688	173	1	4165	1	0	4000	miss	0
2	28	Picture	Num	430852	173	1	4165	1	0	4000	miss	0
2	28	Pulse	55	431127	448	1
2	29	Picture	Num	438017	167	1	4165	1	0	4000	miss	0
2	29	Pulse	55	441127	3277	1
2	30	Picture	Num	445181	167	1	4165	1	0	4000	miss	0
2	30	Pulse	55	451126	6112	1
2	31	Picture	Num	452345	174	1	4165	1	0	4000	miss	0
2	32	Picture	Num	459509	173	1	4165	1	0	4000	miss	0
2	32	Pulse	55	461126	1790	1
2	33	Picture	Num	466674	174	1	4165	1	0	4000	miss	0
2	33	Pulse	55	471126	4626	1
2	34	Picture	Num	473838	167	1	4165	1	0	4000	miss	0
2	35	Picture	Num	481002	166	1	4165	1	0	4000	miss	0
2	35	Pulse	55	481126	290	1
2	36	Picture	Num	488166	174	1	4165	1	0	4000	miss	0
2	36	Pulse	55	491125	3133	1
2	37	Picture	Num	495330	173	1	4165	1	0	4000	miss	0
2	37	Pulse	55	501125	5968	1
2	38	Picture	Num	502495	173	1	4165	1	0	4000	miss	0
2	39	Picture	Num	509659	167	1	4165	1	0	4000	miss	0
2	39	Pulse	55	511125	1633	1
2	40	Picture	Num	516823	167	1	4165	1	0	4000	miss	0
2	40	Pulse	55	521125	4468	1
2	41	Picture	Num	523987	167	1	4165	1	0	4000	miss	0
2	42	Pulse	55	531124	140	1
2	42	Picture	Num	531151	167	1	4165	1	0	4000	miss	0
2	43	Picture	Num	538316	174	1	4165	1	0	4000	miss	0
2	43	Pulse	55	541124	2983	1
2	44	Picture	Num	545480	167	1	4165	1	0	4000	miss	0
2	44	Pulse	55	551124	5811	1
2	45	Picture	Num	552644	167	1	4165	1	0	4000	miss	0
2	46	Picture	Num	559808	166	1	4165	1	0	4000	miss	0
2	46	Pulse	55	561124	1482	1
2	47	Picture	Num	566973	166	1	4165	1	0	4000	miss	0
2	47	Pulse	55	571123	4317	1
2	48	Picture	Num	574137	173	1	4165	1	0	4000	miss	0
2	48	Pulse	55	581120	7157	9
2	49	Picture	Num	581301	167	1	4165	1	0	4000	miss	0
2	50	Picture	Num	588465	174	1	4165	1	0	4000	miss	0
2	50	Pulse	55	591123	2832	1
2	51	Picture	Num	595630	174	1	4165	1	0	4000	miss	0
2	51	Pulse	55	601123	5667	1
2	52	Picture	Num	602794	167	1	4165	1	0	4000	miss	0
2	53	Picture	Num	609958	167	1	4165	1	0	4000	miss	0
2	53	Pulse	55	611123	1331	1
2	54	Picture	Num	617122	173	1	4165	1	0	4000	miss	0
2	54	Pulse	55	621122	4173	2
2	55	Picture	Num	624286	167	1	4165	1	0	4000	miss	0
2	55	Pulse	55	631121	7001	2
2	56	Picture	Num	631451	174	1	4165	1	0	4000	miss	0
2	57	Picture	Num	638615	167	1	4165	1	0	4000	miss	0
2	57	Pulse	55	641122	2674	1
2	58	Picture	Num	645779	173	1	4165	1	0	4000	miss	0
2	58	Pulse	55	651122	5516	1
2	59	Picture	Num	652943	167	1	4165	1	0	4000	miss	0
2	60	Picture	Num	660107	173	1	4165	1	0	4000	miss	0
2	60	Pulse	55	661122	1187	1
2	61	Picture	Num	667272	173	1	4165	1	0	4000	miss	0
2	61	Pulse	55	671121	4023	1
2	62	Picture	Num	674436	167	1	4165	1	0	4000	miss	0
2	62	Pulse	55	681121	6852	1
2	63	Picture	Num	681600	174	1	4165	1	0	4000	miss	0
2	64	Picture	Num	688764	173	1	4165	1	0	4000	miss	0
2	64	Pulse	55	691121	2530	1
2	65	Picture	Num	695929	174	1	4165	1	0	4000	miss	0
2	65	Pulse	55	701121	5366	1
2	66	Picture	Num	703093	167	1	4165	1	0	4000	miss	0
2	67	Picture	Num	710257	166	1	4165	1	0	4000	miss	0
2	67	Pulse	55	711120	1030	1
2	68	Picture	Num	717421	167	1	4165	1	0	4000	miss	0
2	68	Pulse	55	721120	3866	1
2	69	Picture	Num	724585	167	1	4165	1	0	4000	miss	0
2	69	Pulse	55	731120	6701	1
2	70	Picture	Num	731750	173	1	4165	1	0	4000	miss	0
2	71	Picture	Num	738914	173	1	4165	1	0	4000	miss	0
2	71	Pulse	55	741120	2379	1
2	72	Picture	Num	746078	167	1	4165	1	0	4000	miss	0
2	72	Pulse	55	751119	5208	1
2	73	Picture	Num	753242	167	1	4165	1	0	4000	miss	0
2	74	Picture	Num	760406	167	1	4165	1	0	4000	miss	0
2	74	Pulse	55	761119	879	1
2	75	Picture	Num	767571	173	1	4165	1	0	4000	miss	0
2	75	Pulse	55	771119	3721	1
2	76	Picture	Num	774735	173	1	4165	1	0	4000	miss	0
2	76	Pulse	55	781119	6557	1
2	77	Picture	Num	781899	173	1	4165	1	0	4000	miss	0
2	78	Picture	Num	789063	167	1	4165	1	0	4000	miss	0
2	78	Pulse	55	791119	2222	1
2	79	Picture	Num	796228	173	1	4165	1	0	4000	miss	0
2	79	Pulse	55	801118	5064	1
2	80	Picture	Num	803392	167	1	4165	1	0	4000	miss	0
2	81	Picture	Num	810556	167	1	4165	1	0	4000	miss	0
2	81	Pulse	55	811118	729	1
2	82	Picture	Num	817720	174	1	4165	1	0	4000	miss	0
2	82	Pulse	55	821118	3572	1
2	83	Picture	Num	824884	167	1	4165	1	0	4000	miss	0
2	83	Pulse	55	831118	6400	1
2	84	Picture	Num	832049	167	1	4165	1	0	4000	miss	0
2	85	Picture	Num	839213	173	1	4165	1	0	4000	miss	0
2	85	Pulse	55	841117	2077	1
2	86	Picture	Num	846377	167	1	4165	1	0	4000	miss	0
2	86	Pulse	55	851117	4907	1
2	87	Picture	Num	853541	167	1	4165	1	0	4000	miss	0
2	88	Picture	Num	860705	167	1	4165	1	0	4000	miss	0
2	88	Pulse	55	861117	578	1
2	89	Picture	Num	867870	167	1	4165	1	0	4000	miss	0
2	89	Pulse	55	871117	3414	1
2	90	Picture	Num	875034	167	1	4165	1	0	4000	miss	0
2	90	Pulse	55	881117	6249	1
2	91	Picture	Num	882198	174	1	4165	1	0	4000	miss	0
2	92	Picture	Num	889362	174	1	4165	1	0	4000	miss	0
2	92	Pulse	55	891116	1928	1
2	93	Picture	Num	896527	167	1	4165	1	0	4000	miss	0
2	93	Pulse	55	901116	4756	1
2	94	Picture	Num	903691	173	1	4165	1	0	4000	miss	0
2	95	Picture	Num	910855	167	1	4165	1	0	4000	miss	0
2	95	Pulse	55	911116	427	1
2	96	Picture	Num	918019	167	1	4165	1	0	4000	miss	0
2	96	Pulse	55	921116	3263	1
2	97	Picture	Num	925183	167	1	4165	1	0	4000	miss	0
2	97	Pulse	55	931115	6099	1
2	98	Picture	Num	932348	167	1	4165	1	0	4000	miss	0
2	99	Picture	Num	939512	167	1	4165	1	0	4000	miss	0
2	99	Pulse	55	941115	1770	1
2	100	Picture	Num	946676	174	1	4165	1	0	4000	miss	0
2	100	Pulse	55	951115	4613	1
2	101	Picture	Num	953840	167	1	4165	1	0	4000	miss	0
2	102	Picture	Num	961004	167	1	4165	1	0	4000	miss	0
2	102	Pulse	55	961115	277	1
2	103	Picture	Num	968169	167	1	4165	1	0	4000	miss	0
2	103	Pulse	55	971114	3112	1
2	104	Picture	Num	975333	173	1	4165	1	0	4000	miss	0
2	104	Pulse	55	981114	5954	1
2	105	Picture	Num	982497	173	1	4165	1	0	4000	miss	0
2	106	Picture	Num	989661	173	1	4165	1	0	4000	miss	0
2	106	Pulse	55	991114	1625	1
2	107	Picture	Num	996826	173	1	4165	1	0	4000	miss	0
2	107	Pulse	55	1001114	4461	1
2	108	Picture	Num	1003990	167	1	4165	1	0	4000	miss	0
2	109	Pulse	55	1011113	126	1
2	109	Picture	Num	1011154	167	1	4165	1	0	4000	miss	0
2	110	Picture	Num	1018318	175	1	4165	1	0	4000	miss	0
2	110	Pulse	55	1021113	2970	1
2	111	Picture	Num	1025482	173	1	4165	1	0	4000	miss	0
2	111	Pulse	55	1031113	5803	1
2	112	Picture	Num	1032647	173	1	4165	1	0	4000	miss	0
2	113	Picture	Num	1039811	167	1	4165	1	0	4000	miss	0
2	113	Pulse	55	1041113	1469	1
2	114	Picture	Num	1046975	174	1	4165	1	0	4000	miss	0
2	114	Pulse	55	1051112	4311	1
2	115	Picture	Num	1054139	173	1	4165	1	0	4000	miss	0
2	115	Pulse	55	1061112	7146	1
2	116	Picture	Num	1061303	173	1	4165	1	0	4000	miss	0
2	117	Picture	Num	1068468	167	1	4165	1	0	4000	miss	0
2	117	Pulse	55	1071112	2811	1
2	118	Picture	Num	1075632	174	1	4165	1	0	4000	miss	0
2	118	Pulse	55	1081112	5654	1
2	119	Picture	Num	1082796	167	1	4165	1	0	4000	miss	0
2	120	Picture	Num	1089960	174	1	4165	1	0	4000	miss	0
2	120	Pulse	55	1091112	1325	1
2	121	Picture	Num	1097125	167	1	4165	1	0	4000	miss	0
2	121	Pulse	55	1101111	4153	1
2	122	Picture	Num	1104289	174	1	4165	1	0	4000	miss	0
2	122	Pulse	55	1111111	6996	1
2	123	Picture	Num	1111453	173	1	4165	1	0	4000	miss	0
2	124	Picture	Num	1118617	174	1	4165	1	0	4000	miss	0
2	124	Pulse	55	1121111	2667	1
2	125	Picture	Num	1125782	173	1	4165	1	0	4000	miss	0
2	125	Pulse	55	1131111	5502	1
2	126	Picture	Num	1132946	173	1	4165	1	0	4000	miss	0
2	127	Picture	Num	1140110	174	1	4165	1	0	4000	miss	0
2	127	Pulse	55	1141110	1174	1
2	128	Picture	Num	1147274	167	1	4165	1	0	4000	miss	0
2	128	Pulse	55	1151110	4003	1
2	129	Picture	Num	1154438	167	1	4165	1	0	4000	miss	0
2	129	Pulse	55	1161110	6838	1
2	130	Picture	Num	1161603	174	1	4165	1	0	4000	miss	0
2	131	Picture	Num	1168767	167	1	4165	1	0	4000	miss	0
2	131	Pulse	55	1171110	2510	1
2	132	Picture	Num	1175931	174	1	4165	1	0	4000	miss	0
2	132	Pulse	55	1181110	5352	1
2	133	Picture	Num	1183095	167	1	4165	1	0	4000	miss	0
2	134	Picture	Num	1190259	173	1	4165	1	0	4000	miss	0
2	134	Pulse	55	1191109	1023	1
2	135	Picture	Num	1197424	174	1	4165	1	0	4000	miss	0
2	135	Pulse	55	1201109	3859	1
2	136	Picture	Num	1204588	167	1	4165	1	0	4000	miss	0
2	136	Pulse	55	1211109	6688	1
2	137	Picture	Num	1211752	167	1	4165	1	0	4000	miss	0
2	138	Picture	Num	1218916	174	1	4165	1	0	4000	miss	0
2	138	Pulse	55	1221109	2366	1
2	139	Picture	Num	1226081	167	1	4165	1	0	4000	miss	0
2	139	Pulse	55	1231108	5195	1
2	140	Picture	Num	1233245	174	1	4165	1	0	4000	miss	0
2	141	Picture	Num	1240409	167	1	4165	1	0	4000	miss	0
2	141	Pulse	55	1241108	866	1
2	142	Picture	Num	1247573	174	1	4165	1	0	4000	miss	0
2	142	Pulse	55	1251108	3708	1
2	143	Picture	Num	1254737	167	1	4165	1	0	4000	miss	0
2	143	Pulse	55	1261108	6537	1
2	144	Picture	Num	1261902	166	1	4165	1	0	4000	miss	0
2	145	Picture	Num	1269066	167	1	4165	1	0	4000	miss	0
2	145	Pulse	55	1271107	2208	1
2	146	Picture	Num	1276230	167	1	4165	1	0	4000	miss	0
2	146	Pulse	55	1281107	5044	1
2	147	Picture	Num	1283394	167	1	4165	1	0	4000	miss	0
2	148	Picture	Num	1290559	167	1	4165	1	0	4000	miss	0
2	148	Pulse	55	1291107	715	1
2	149	Picture	Num	1297723	173	1	4165	1	0	4000	miss	0
2	149	Pulse	55	1301107	3557	1
2	150	Picture	Num	1304887	173	1	4165	1	0	4000	miss	0
2	150	Pulse	55	1311107	6393	1
2	151	Picture	Num	1312051	174	1	4165	1	0	4000	miss	0
2	152	Picture	Num	1319215	167	1	4165	1	0	4000	miss	0
2	152	Pulse	55	1321106	2058	1
2	153	Picture	Num	1326380	174	1	4165	1	0	4000	miss	0
2	153	Pulse	55	1331106	4900	1
2	154	Picture	Num	1333544	167	1	4165	1	0	4000	miss	0
2	155	Picture	Num	1340708	167	1	4165	1	0	4000	miss	0
2	155	Pulse	55	1341106	565	1
2	156	Picture	Num	1347872	167	1	4165	1	0	4000	miss	0
2	156	Pulse	55	1351106	3400	1
2	157	Picture	Num	1355036	173	1	4165	1	0	4000	miss	0
2	157	Pulse	55	1361105	6242	1
2	158	Picture	Num	1362201	167	1	4165	1	0	4000	miss	0
2	159	Picture	Num	1369365	167	1	4165	1	0	4000	miss	0
2	159	Pulse	55	1371105	1907	1
2	160	Picture	Num	1376529	167	1	4165	1	0	4000	miss	0
2	160	Pulse	55	1381105	4743	1
2	161	Picture	Num	1383693	167	1	4165	1	0	4000	miss	0
2	162	Picture	Num	1390857	167	1	4165	1	0	4000	miss	0
2	162	Pulse	55	1391105	414	1
2	163	Picture	Num	1398022	167	1	4165	1	0	4000	miss	0
2	163	Pulse	55	1401104	3249	1
2	164	Picture	Num	1405186	173	1	4165	1	0	4000	miss	0
2	164	Pulse	55	1411104	6091	1
2	165	Picture	Num	1412350	173	1	4165	1	0	4000	miss	0
2	166	Picture	Num	1419514	173	1	4165	1	0	4000	miss	0
2	166	Pulse	55	1421104	1762	1
2	167	Picture	Num	1426679	167	1	4165	1	0	4000	miss	0
2	167	Pulse	55	1431104	4592	1
2	168	Picture	Fix	1433676	0	1	55981	1	0	55940	other	0
2	168	Pulse	55	1441104	7427	1
2	168	Pulse	55	1451103	17427	1
2	168	Pulse	55	1461103	27427	1
2	168	Pulse	55	1471103	37427	1
2	168	Pulse	55	1481103	47426	1
2	168	Pulse	55	1491102	57426	1
2	169	Picture	Num	1492823	167	1	4165	1	0	4000	miss	0
2	170	Picture	Num	1499987	173	1	4165	1	0	4000	miss	0
2	170	Pulse	55	1501102	1289	1
2	171	Picture	Num	1507151	167	1	4165	1	0	4000	miss	0
2	171	Pulse	55	1511102	4118	1
2	172	Picture	Num	1514315	167	1	4165	1	0	4000	miss	0
2	172	Pulse	55	1521102	6953	1
2	173	Picture	Num	1521479	174	1	4165	1	0	4000	miss	0
2	174	Picture	Num	1528644	166	1	4165	1	0	4000	miss	0
2	174	Pulse	55	1531102	2624	1
2	175	Picture	Num	1535808	167	1	4165	1	0	4000	miss	0
2	175	Pulse	55	1541101	5460	1
2	176	Picture	Num	1542972	167	1	4165	1	0	4000	miss	0
2	177	Picture	Num	1550136	173	1	4165	1	0	4000	miss	0
2	177	Pulse	55	1551101	1138	1
2	178	Picture	Num	1557301	173	1	4165	1	0	4000	miss	0
2	178	Pulse	55	1561101	3973	1
2	179	Picture	Num	1564465	167	1	4165	1	0	4000	miss	0
2	179	Pulse	55	1571101	6802	1
2	180	Picture	Num	1571629	167	1	4165	1	0	4000	miss	0
2	181	Picture	Num	1578793	167	1	4165	1	0	4000	miss	0
2	181	Pulse	55	1581100	2474	1
2	182	Picture	Num	1585957	174	1	4165	1	0	4000	miss	0
2	182	Pulse	55	1591100	5316	1
2	183	Picture	Num	1593122	167	1	4165	1	0	4000	miss	0
2	184	Picture	Num	1600286	167	1	4165	1	0	4000	miss	0
2	184	Pulse	55	1601100	981	1
2	185	Picture	Num	1607450	173	1	4165	1	0	4000	miss	0
2	185	Pulse	55	1611100	3823	1
2	186	Picture	Num	1614614	173	1	4165	1	0	4000	miss	0
2	186	Pulse	55	1621099	6658	1
2	187	Picture	Num	1621779	167	1	4165	1	0	4000	miss	0
2	188	Picture	Num	1628943	167	1	4165	1	0	4000	miss	0
2	188	Pulse	55	1631099	2323	1
2	189	Picture	Num	1636107	174	1	4165	1	0	4000	miss	0
2	189	Pulse	55	1641099	5165	1
2	190	Picture	Num	1643271	167	1	4165	1	0	4000	miss	0
2	191	Picture	Num	1650435	173	1	4165	1	0	4000	miss	0
2	191	Pulse	55	1651099	836	1
2	192	Picture	Num	1657600	167	1	4165	1	0	4000	miss	0
2	192	Pulse	55	1661098	3665	1
2	193	Picture	Num	1664764	173	1	4165	1	0	4000	miss	0
2	193	Pulse	55	1671098	6507	1
2	194	Picture	Num	1671928	173	1	4165	1	0	4000	miss	0
2	195	Picture	Num	1679092	167	1	4165	1	0	4000	miss	0
2	195	Pulse	55	1681098	2172	1
2	196	Picture	Num	1686257	167	1	4165	1	0	4000	miss	0
2	196	Pulse	55	1691098	5008	1
2	197	Picture	Num	1693421	167	1	4165	1	0	4000	miss	0
2	198	Picture	Num	1700585	167	1	4165	1	0	4000	miss	0
2	198	Pulse	55	1701098	679	1
2	199	Picture	Num	1707749	166	1	4165	1	0	4000	miss	0
2	199	Pulse	55	1711097	3515	1
2	200	Picture	Num	1714913	174	1	4165	1	0	4000	miss	0
2	200	Pulse	55	1721097	6358	1
2	201	Picture	Num	1722078	175	1	4165	1	0	4000	miss	0
2	202	Picture	Num	1729242	167	1	4165	1	0	4000	miss	0
2	202	Pulse	55	1731097	2022	1
2	203	Picture	Num	1736406	173	1	4165	1	0	4000	miss	0
2	203	Pulse	55	1741097	4864	1
2	204	Picture	Num	1743570	173	1	4165	1	0	4000	miss	0
2	205	Picture	Num	1750734	167	1	4165	1	0	4000	miss	0
2	205	Pulse	55	1751096	529	1
2	206	Picture	Num	1757899	174	1	4165	1	0	4000	miss	0
2	206	Pulse	55	1761096	3372	1
2	207	Picture	Num	1765063	167	1	4165	1	0	4000	miss	0
2	207	Pulse	55	1771096	6200	1
2	208	Picture	Num	1772227	167	1	4165	1	0	4000	miss	0
2	209	Picture	Num	1779391	167	1	4165	1	0	4000	miss	0
2	209	Pulse	55	1781096	1871	1
2	210	Picture	Num	1786556	167	1	4165	1	0	4000	miss	0
2	210	Pulse	55	1791096	4707	1
2	211	Picture	Num	1793720	167	1	4165	1	0	4000	miss	0
2	212	Picture	Num	1800884	167	1	4165	1	0	4000	miss	0
2	212	Pulse	55	1801095	378	1
2	213	Picture	Num	1808048	167	1	4165	1	0	4000	miss	0
2	213	Pulse	55	1811095	3213	1
2	214	Picture	Num	1815212	167	1	4165	1	0	4000	miss	0
2	214	Pulse	55	1821095	6049	1
2	215	Picture	Num	1822377	167	1	4165	1	0	4000	miss	0
2	216	Picture	Num	1829541	173	1	4165	1	0	4000	miss	0
2	216	Pulse	55	1831095	1727	1
2	217	Picture	Num	1836705	173	1	4165	1	0	4000	miss	0
2	217	Pulse	55	1841094	4562	1
2	218	Picture	Num	1843869	174	1	4165	1	0	4000	miss	0
2	219	Picture	Num	1851033	171	1	4165	1	0	4000	miss	0
2	219	Pulse	55	1851094	231	1
2	220	Picture	Num	1858198	167	1	4165	1	0	4000	miss	0
2	220	Pulse	55	1861094	3063	1
2	221	Picture	Num	1865362	167	1	4165	1	0	4000	miss	0
2	221	Pulse	55	1871093	5898	1
2	222	Picture	Num	1872526	167	1	4165	1	0	4000	miss	0
2	223	Picture	Num	1879690	174	1	4165	1	0	4000	miss	0
2	223	Pulse	55	1881093	1577	1
2	224	Picture	Num	1886855	173	1	4165	1	0	4000	miss	0
2	224	Pulse	55	1891093	4411	1
2	225	Picture	Num	1894019	167	1	4165	1	0	4000	miss	0
2	226	Pulse	55	1901093	77	1
2	226	Picture	Num	1901183	167	1	4165	1	0	4000	miss	0
2	227	Picture	Num	1908347	174	1	4165	1	0	4000	miss	0
2	227	Pulse	55	1911093	2919	1
2	228	Picture	Num	1915511	167	1	4165	1	0	4000	miss	0
2	228	Pulse	55	1921092	5748	1
2	229	Picture	Num	1922676	167	1	4165	1	0	4000	miss	0
2	230	Picture	Num	1929840	175	1	4165	1	0	4000	miss	0
2	230	Pulse	55	1931092	1427	1
2	231	Picture	Num	1937004	173	1	4165	1	0	4000	miss	0
2	231	Pulse	55	1941092	4261	1
2	232	Picture	Num	1944168	174	1	4165	1	0	4000	miss	0
2	232	Pulse	55	1951092	7097	1
2	233	Picture	Num	1951333	167	1	4165	1	0	4000	miss	0
2	234	Picture	Num	1958497	174	1	4165	1	0	4000	miss	0
2	234	Pulse	55	1961092	2769	1
2	235	Picture	Num	1965661	173	1	4165	1	0	4000	miss	0
2	235	Pulse	55	1971091	5603	1
2	236	Picture	Num	1972825	173	1	4165	1	0	4000	miss	0
2	237	Picture	Num	1979989	176	1	4165	1	0	4000	miss	0
2	237	Pulse	55	1981091	1277	1
2	238	Picture	Num	1987154	173	1	4165	1	0	4000	miss	0
2	238	Pulse	55	1991091	4110	1
2	239	Picture	Num	1994318	167	1	4165	1	0	4000	miss	0
2	239	Pulse	55	2001091	6939	1
2	240	Picture	Num	2001482	166	1	4165	1	0	4000	miss	0
2	241	Picture	Num	2008646	174	1	4165	1	0	4000	miss	0
2	241	Pulse	55	2011090	2618	1
2	242	Picture	Num	2015810	167	1	4165	1	0	4000	miss	0
2	242	Pulse	55	2021090	5446	1
2	243	Picture	Num	2022975	167	1	4165	1	0	4000	miss	0
2	244	Picture	Num	2030139	173	1	4165	1	0	4000	miss	0
2	244	Pulse	55	2031090	1124	1
2	245	Picture	Num	2037303	173	1	4165	1	0	4000	miss	0
2	245	Pulse	55	2041090	3960	1
2	246	Picture	Num	2044467	167	1	4165	1	0	4000	miss	0
2	246	Pulse	55	2051090	6789	1
2	247	Picture	Num	2051631	167	1	4165	1	0	4000	miss	0
2	248	Picture	Num	2058796	173	1	4165	1	0	4000	miss	0
2	248	Pulse	55	2061089	2466	1
2	249	Picture	Num	2065960	173	1	4165	1	0	4000	miss	0
2	249	Pulse	55	2071089	5302	1
2	250	Picture	Num	2073124	167	1	4165	1	0	4000	miss	0
2	251	Picture	Num	2080288	174	1	4165	1	0	4000	miss	0
2	251	Pulse	55	2081089	974	1
2	252	Picture	Num	2087453	167	1	4165	1	0	4000	miss	0
2	252	Pulse	55	2091089	3803	1
2	253	Picture	Num	2094617	173	1	4165	1	0	4000	miss	0
2	253	Pulse	55	2101088	6644	1
2	254	Picture	Num	2101781	173	1	4165	1	0	4000	miss	0
2	255	Picture	Num	2108945	173	1	4165	1	0	4000	miss	0
2	255	Pulse	55	2111088	2316	1
2	256	Picture	Num	2116109	173	1	4165	1	0	4000	miss	0
2	256	Pulse	55	2121088	5151	1
2	257	Picture	Num	2123274	174	1	4165	1	0	4000	miss	0
2	258	Picture	Num	2130438	174	1	4165	1	0	4000	miss	0
2	258	Pulse	55	2131088	824	1
2	259	Picture	Num	2137602	173	1	4165	1	0	4000	miss	0
2	259	Pulse	55	2141087	3658	1
2	260	Picture	Num	2144766	173	1	4165	1	0	4000	miss	0
2	260	Pulse	55	2151087	6494	1
2	261	Picture	Num	2151931	174	1	4165	1	0	4000	miss	0
2	262	Picture	Num	2159095	167	1	4165	1	0	4000	miss	0
2	262	Pulse	55	2161087	2159	1
2	263	Picture	Num	2166259	167	1	4165	1	0	4000	miss	0
2	263	Pulse	55	2171087	4994	1
2	264	Picture	Num	2173423	167	1	4165	1	0	4000	miss	0
2	265	Picture	Num	2180587	173	1	4165	1	0	4000	miss	0
2	265	Pulse	55	2181086	672	1
2	266	Picture	Num	2187752	167	1	4165	1	0	4000	miss	0
2	266	Pulse	55	2191086	3501	1
2	267	Picture	Num	2194916	167	1	4165	1	0	4000	miss	0
2	267	Pulse	55	2201086	6337	1
2	268	Picture	Num	2202080	167	1	4165	1	0	4000	miss	0
2	269	Picture	Num	2209244	173	1	4165	1	0	4000	miss	0
2	269	Pulse	55	2211086	2014	1
2	270	Picture	Num	2216408	167	1	4165	1	0	4000	miss	0
2	270	Pulse	55	2221086	4844	1
2	271	Picture	Num	2223573	173	1	4165	1	0	4000	miss	0
2	272	Picture	Num	2230737	174	1	4165	1	0	4000	miss	0
2	272	Pulse	55	2231085	522	1
2	273	Picture	Num	2237901	167	1	4165	1	0	4000	miss	0
2	273	Pulse	55	2241085	3350	1
2	274	Picture	Num	2245065	167	1	4165	1	0	4000	miss	0
2	274	Pulse	55	2251085	6186	1
2	275	Picture	Num	2252230	167	1	4165	1	0	4000	miss	0
2	276	Picture	Num	2259394	167	1	4165	1	0	4000	miss	0
2	276	Pulse	55	2261085	1857	1
2	277	Picture	Num	2266558	174	1	4165	1	0	4000	miss	0
2	277	Pulse	55	2271084	4700	1
2	278	Picture	Num	2273722	174	1	4165	1	0	4000	miss	0
2	279	Picture	Num	2280886	173	1	4165	1	0	4000	miss	0
2	279	Pulse	55	2281084	371	1
2	280	Picture	Num	2288051	173	1	4165	1	0	4000	miss	0
2	280	Pulse	55	2291084	3206	1
2	281	Picture	Num	2295215	167	1	4165	1	0	4000	miss	0
2	281	Pulse	55	2301084	6035	1
2	282	Picture	Num	2302379	167	1	4165	1	0	4000	miss	0
2	283	Picture	Num	2309543	173	1	4165	1	0	4000	miss	0
2	283	Pulse	55	2311083	1713	1
2	284	Picture	Num	2316708	173	1	4165	1	0	4000	miss	0
2	284	Pulse	55	2321083	4549	1
2	285	Picture	Num	2323872	167	1	4165	1	0	4000	miss	0
2	286	Picture	Num	2331036	173	1	4165	1	0	4000	miss	0
2	286	Pulse	55	2331083	220	1
2	287	Picture	Num	2338200	173	1	4165	1	0	4000	miss	0
2	287	Pulse	55	2341083	3056	1
2	288	Picture	Num	2345364	174	1	4165	1	0	4000	miss	0
2	288	Pulse	55	2351083	5892	1
2	289	Picture	Num	2352529	173	1	4165	1	0	4000	miss	0
2	290	Picture	Num	2359693	167	1	4165	1	0	4000	miss	0
2	290	Pulse	55	2361082	1556	1
2	291	Picture	Num	2366857	174	1	4165	1	0	4000	miss	0
2	291	Pulse	55	2371082	4399	1
2	292	Picture	Num	2374021	174	1	4165	1	0	4000	miss	0
2	293	Pulse	55	2381082	69	1
2	293	Picture	Num	2381186	173	1	4165	1	0	4000	miss	0
2	294	Picture	Num	2388350	167	1	4165	1	0	4000	miss	0
2	294	Pulse	55	2391082	2898	1
2	295	Picture	Num	2395514	167	1	4165	1	0	4000	miss	0
2	295	Pulse	55	2401081	5734	1
2	296	Picture	Num	2402678	167	1	4165	1	0	4000	miss	0
2	297	Picture	Num	2409842	167	1	4165	1	0	4000	miss	0
2	297	Pulse	55	2411081	1405	1
2	298	Picture	Num	2417007	167	1	4165	1	0	4000	miss	0
2	298	Pulse	55	2421081	4241	1
2	299	Picture	Num	2424171	173	1	4165	1	0	4000	miss	0
2	299	Pulse	55	2431081	7083	1
2	300	Picture	Num	2431335	167	1	4165	1	0	4000	miss	0
2	301	Picture	Num	2438499	174	1	4165	1	0	4000	miss	0
2	301	Pulse	55	2441080	2756	1
2	302	Picture	Num	2445664	173	1	4165	1	0	4000	miss	0
2	302	Pulse	55	2451080	5590	1
2	303	Picture	Num	2452828	175	1	4165	1	0	4000	miss	0
2	304	Picture	Num	2459992	167	1	4165	1	0	4000	miss	0
2	304	Pulse	55	2461080	1255	1
2	305	Picture	Num	2467156	175	1	4165	1	0	4000	miss	0
2	305	Pulse	55	2471080	4098	1
2	306	Picture	Num	2474320	167	1	4165	1	0	4000	miss	0
2	306	Pulse	55	2481080	6926	1
2	307	Picture	Num	2481485	173	1	4165	1	0	4000	miss	0
2	308	Picture	Num	2488649	174	1	4165	1	0	4000	miss	0
2	308	Pulse	55	2491079	2604	1
2	309	Picture	Num	2495813	175	1	4165	1	0	4000	miss	0
2	309	Pulse	55	2501079	5441	1
2	310	Picture	Num	2502977	172	1	4165	1	0	4000	miss	0
2	311	Picture	Num	2510141	167	1	4165	1	0	4000	miss	0
2	311	Pulse	55	2511079	1104	1
2	312	Picture	Num	2517306	175	1	4158	8	0	4000	miss	0
2	312	Pulse	55	2521079	3948	1
2	313	Picture	Num	2524470	167	1	4165	1	0	4000	miss	0
2	313	Pulse	55	2531078	6775	1
2	314	Picture	Num	2531634	167	1	4165	1	0	4000	miss	0
2	315	Picture	Num	2538798	174	1	4165	1	0	4000	miss	0
2	315	Pulse	55	2541078	2454	1
2	316	Picture	Num	2545962	167	1	4165	1	0	4000	miss	0
2	316	Pulse	55	2551078	5282	1
2	317	Picture	Num	2553127	167	1	4165	1	0	4000	miss	0
2	318	Picture	Num	2560291	167	1	4165	1	0	4000	miss	0
2	318	Pulse	55	2561078	953	1
2	319	Picture	Num	2567455	167	1	4165	1	0	4000	miss	0
2	319	Pulse	55	2571077	3789	1
2	320	Picture	Num	2574619	167	1	4165	1	0	4000	miss	0
2	320	Pulse	55	2581077	6624	1
2	321	Picture	Num	2581784	173	1	4165	1	0	4000	miss	0
2	322	Picture	Num	2588948	167	1	4165	1	0	4000	miss	0
2	322	Pulse	55	2591077	2296	1
2	323	Picture	Num	2596112	167	1	4165	1	0	4000	miss	0
2	323	Pulse	55	2601077	5131	1
2	324	Picture	Num	2603276	174	1	4165	1	0	4000	miss	0
2	325	Picture	Num	2610440	175	1	4165	1	0	4000	miss	0
2	325	Pulse	55	2611077	811	1
2	326	Picture	Num	2617605	173	1	4165	1	0	4000	miss	0
2	326	Pulse	55	2621076	3645	1
2	327	Picture	Num	2624769	174	1	4165	1	0	4000	miss	0
2	327	Pulse	55	2631076	6481	1
2	328	Picture	Num	2631933	167	1	4165	1	0	4000	miss	0
2	329	Picture	Num	2639097	167	1	4165	1	0	4000	miss	0
2	329	Pulse	55	2641076	2145	1
2	330	Picture	Num	2646262	178	1	4165	1	0	4000	miss	0
2	330	Pulse	55	2651076	4992	1
2	331	Picture	Num	2653426	167	1	4165	1	0	4000	miss	0
2	332	Picture	Num	2660590	167	1	4165	1	0	4000	miss	0
2	332	Pulse	55	2661075	652	1
2	333	Picture	Num	2667754	167	1	4165	1	0	4000	miss	0
2	333	Pulse	55	2671075	3488	1
2	334	Picture	Fix	2674745	0	7	51655	7	0	51530	other	0
2	334	Pulse	55	2681075	6329	1
2	334	Pulse	55	2691075	16329	1
2	334	Pulse	55	2701074	26329	1
2	334	Pulse	55	2711074	36329	1
2	334	Pulse	55	2721074	46329	1
2	335	Picture	Num	2729566	167	1	4165	1	0	4000	miss	0
2	335	Pulse	55	2731074	1674	1
2	336	Picture	Num	2736731	167	1	4165	1	0	4000	miss	0
2	336	Pulse	55	2741074	4510	1
2	337	Picture	Num	2743895	167	1	4165	1	0	4000	miss	0
2	338	Picture	Num	2751059	174	1	4165	1	0	4000	miss	0
2	338	Pulse	55	2751073	188	1
2	339	Picture	Num	2758223	167	1	4165	1	0	4000	miss	0
2	339	Pulse	55	2761073	3016	1
2	340	Picture	Num	2765388	167	1	4165	1	0	4000	miss	0
2	340	Pulse	55	2771073	5852	1
2	341	Picture	Num	2772552	173	1	4165	1	0	4000	miss	0
2	342	Picture	Num	2779716	167	1	4165	1	0	4000	miss	0
2	342	Pulse	55	2781073	1523	1
2	343	Picture	Num	2786880	167	1	4165	1	0	4000	miss	0
2	343	Pulse	55	2791072	4359	1
2	344	Picture	Num	2794044	174	1	4165	1	0	4000	miss	0
2	345	Pulse	55	2801072	30	1
2	345	Picture	Num	2801208	167	1	4165	1	0	4000	miss	0
2	346	Picture	Num	2808373	173	1	4165	1	0	4000	miss	0
2	346	Pulse	55	2811072	2872	1
2	347	Picture	Num	2815537	167	1	4165	1	0	4000	miss	0
2	347	Pulse	55	2821072	5701	1
2	348	Picture	Num	2822701	173	1	4165	1	0	4000	miss	0
2	349	Picture	Num	2829865	167	1	4165	1	0	4000	miss	0
2	349	Pulse	55	2831071	1373	1
2	350	Picture	Num	2837030	167	1	4165	1	0	4000	miss	0
2	350	Pulse	55	2841071	4208	1
2	351	Picture	Num	2844194	167	1	4165	1	0	4000	miss	0
2	351	Pulse	55	2851071	7044	1
2	352	Picture	Num	2851358	167	1	4165	1	0	4000	miss	0
2	353	Picture	Num	2858522	174	1	4165	1	0	4000	miss	0
2	353	Pulse	55	2861071	2722	1
2	354	Picture	Num	2865686	167	1	4165	1	0	4000	miss	0
2	354	Pulse	55	2871071	5551	1
2	355	Picture	Num	2872851	173	1	4165	1	0	4000	miss	0
2	356	Picture	Num	2880015	167	1	4165	1	0	4000	miss	0
2	356	Pulse	55	2881070	1222	1
2	357	Picture	Num	2887179	167	1	4165	1	0	4000	miss	0
2	357	Pulse	55	2891070	4058	1
2	358	Picture	Num	2894343	174	1	4165	1	0	4000	miss	0
2	358	Pulse	55	2901070	6900	1
2	359	Picture	Num	2901508	173	1	4165	1	0	4000	miss	0
2	360	Picture	Num	2908672	174	1	4165	1	0	4000	miss	0
2	360	Pulse	55	2911070	2572	1
2	361	Picture	Num	2915836	167	1	4165	1	0	4000	miss	0
2	361	Pulse	55	2921069	5400	1
2	362	Picture	Num	2923000	173	1	4165	1	0	4000	miss	0
2	363	Picture	Num	2930164	167	1	4165	1	0	4000	miss	0
2	363	Pulse	55	2931069	1071	1
2	364	Picture	Num	2937329	174	1	4165	1	0	4000	miss	0
2	364	Pulse	55	2941069	3914	1
2	365	Picture	Num	2944493	173	1	4165	1	0	4000	miss	0
2	365	Pulse	55	2951069	6749	1
2	366	Picture	Num	2951657	173	1	4165	1	0	4000	miss	0
2	367	Picture	Num	2958821	167	1	4165	1	0	4000	miss	0
2	367	Pulse	55	2961068	2414	1
2	368	Picture	Num	2965985	166	1	4165	1	0	4000	miss	0
2	368	Pulse	55	2971068	5249	1
2	369	Picture	Num	2973150	173	1	4165	1	0	4000	miss	0
2	370	Picture	Num	2980314	173	1	4165	1	0	4000	miss	0
2	370	Pulse	55	2981068	927	1
2	371	Picture	Num	2987478	174	1	4165	1	0	4000	miss	0
2	371	Pulse	55	2991068	3764	1
2	372	Picture	Num	2994642	167	1	4165	1	0	4000	miss	0
2	372	Pulse	55	3001068	6592	1
2	373	Picture	Num	3001807	167	1	4165	1	0	4000	miss	0
2	374	Picture	Num	3008971	167	1	4165	1	0	4000	miss	0
2	374	Pulse	55	3011067	2263	1
2	375	Picture	Num	3016135	173	1	4165	1	0	4000	miss	0
2	375	Pulse	55	3021067	5105	1
2	376	Picture	Num	3023299	167	1	4165	1	0	4000	miss	0
2	377	Picture	Num	3030463	167	1	4165	1	0	4000	miss	0
2	377	Pulse	55	3031067	770	1
2	378	Picture	Num	3037628	174	1	4165	1	0	4000	miss	0
2	378	Pulse	55	3041067	3613	1
2	379	Picture	Num	3044792	167	1	4165	1	0	4000	miss	0
2	379	Pulse	55	3051066	6441	1
2	380	Picture	Num	3051956	167	1	4165	1	0	4000	miss	0
2	381	Picture	Num	3059120	167	1	4165	1	0	4000	miss	0
2	381	Pulse	55	3061066	2112	1
2	382	Picture	Num	3066285	174	1	4165	1	0	4000	miss	0
2	382	Pulse	55	3071066	4955	1
2	383	Picture	Num	3073449	167	1	4165	1	0	4000	miss	0
2	384	Picture	Num	3080613	174	1	4165	1	0	4000	miss	0
2	384	Pulse	55	3081066	626	1
2	385	Picture	Num	3087777	167	1	4165	1	0	4000	miss	0
2	385	Pulse	55	3091065	3455	1
2	386	Picture	Num	3094941	173	1	4165	1	0	4000	miss	0
2	386	Pulse	55	3101065	6297	1
2	387	Picture	Num	3102106	173	1	4165	1	0	4000	miss	0
2	388	Picture	Num	3109270	173	1	4165	1	0	4000	miss	0
2	388	Pulse	55	3111065	1968	1
2	389	Picture	Num	3116434	167	1	4165	1	0	4000	miss	0
2	389	Pulse	55	3121065	4797	1
2	390	Picture	Num	3123598	167	1	4165	1	0	4000	miss	0
2	391	Picture	Num	3130763	174	1	4165	1	0	4000	miss	0
2	391	Pulse	55	3131065	476	1
2	392	Picture	Num	3137927	167	1	4165	1	0	4000	miss	0
2	392	Pulse	55	3141064	3304	1
2	393	Picture	Num	3145091	167	1	4165	1	0	4000	miss	0
2	393	Pulse	55	3151064	6140	1
2	394	Picture	Num	3152255	167	1	4165	1	0	4000	miss	0
2	395	Picture	Num	3159419	173	1	4165	1	0	4000	miss	0
2	395	Pulse	55	3161064	1818	1
2	396	Picture	Num	3166584	167	1	4165	1	0	4000	miss	0
2	396	Pulse	55	3171064	4647	1
2	397	Picture	Num	3173748	167	1	4165	1	0	4000	miss	0
2	398	Picture	Num	3180912	167	1	4165	1	0	4000	miss	0
2	398	Pulse	55	3181063	318	1
2	399	Picture	Num	3188076	173	1	4165	1	0	4000	miss	0
2	399	Pulse	55	3191063	3160	1
2	400	Picture	Num	3195241	173	1	4165	1	0	4000	miss	0
2	400	Pulse	55	3201063	5995	1
2	401	Picture	Num	3202405	167	1	4165	1	0	4000	miss	0
2	402	Picture	Num	3209569	167	1	4165	1	0	4000	miss	0
2	402	Pulse	55	3211063	1660	1
2	403	Picture	Num	3216733	167	1	4165	1	0	4000	miss	0
2	403	Pulse	55	3221062	4496	1
2	404	Picture	Num	3223897	167	1	4165	1	0	4000	miss	0
2	405	Picture	Num	3231062	174	1	4165	1	0	4000	miss	0
2	405	Pulse	55	3231062	174	1
2	406	Picture	Num	3238226	167	1	4165	1	0	4000	miss	0
2	406	Pulse	55	3241062	3003	1
2	407	Picture	Num	3245390	167	1	4165	1	0	4000	miss	0
2	407	Pulse	55	3251062	5838	1
2	408	Picture	Num	3252554	173	1	4165	1	0	4000	miss	0
2	409	Picture	Num	3259718	174	1	4165	1	0	4000	miss	0
2	409	Pulse	55	3261062	1517	1
2	410	Picture	Num	3266883	173	1	4165	1	0	4000	miss	0
2	410	Pulse	55	3271061	4352	1
2	411	Picture	Num	3274047	173	1	4165	1	0	4000	miss	0
2	412	Pulse	55	3281061	23	1
2	412	Picture	Num	3281211	173	1	4165	1	0	4000	miss	0
2	413	Picture	Num	3288375	174	1	4165	1	0	4000	miss	0
2	413	Pulse	55	3291061	2860	1
2	414	Picture	Num	3295539	167	1	4165	1	0	4000	miss	0
2	414	Pulse	55	3301061	5688	1
2	415	Picture	Num	3302704	173	1	4165	1	0	4000	miss	0
2	416	Picture	Num	3309868	174	1	4165	1	0	4000	miss	0
2	416	Pulse	55	3311060	1366	1
2	417	Picture	Num	3317032	173	1	4165	1	0	4000	miss	0
2	417	Pulse	55	3321060	4201	1
2	418	Picture	Num	3324196	174	1	4165	1	0	4000	miss	0
2	418	Pulse	55	3331060	7037	1
2	419	Picture	Num	3331361	167	1	4165	1	0	4000	miss	0
2	420	Picture	Num	3338525	167	1	4165	1	0	4000	miss	0
2	420	Pulse	55	3341060	2702	1
2	421	Picture	Num	3345689	167	1	4165	1	0	4000	miss	0
2	421	Pulse	55	3351059	5537	1
2	422	Picture	Num	3352853	167	1	4165	1	0	4000	miss	0
2	423	Picture	Num	3360017	167	1	4165	1	0	4000	miss	0
2	423	Pulse	55	3361059	1208	1
2	424	Picture	Num	3367182	167	1	4165	1	0	4000	miss	0
2	424	Pulse	55	3371059	4044	1
2	425	Picture	Num	3374346	174	1	4165	1	0	4000	miss	0
2	425	Pulse	55	3381059	6887	1
2	426	Picture	Num	3381510	167	1	4165	1	0	4000	miss	0
2	427	Picture	Num	3388674	167	1	4165	1	0	4000	miss	0
2	427	Pulse	55	3391059	2551	1
2	428	Picture	Num	3395839	173	1	4165	1	0	4000	miss	0
2	428	Pulse	55	3401058	5393	1
2	429	Picture	Num	3403003	167	1	4165	1	0	4000	miss	0
2	430	Picture	Num	3410167	167	1	4165	1	0	4000	miss	0
2	430	Pulse	55	3411058	1058	1
2	431	Picture	Num	3417331	167	1	4165	1	0	4000	miss	0
2	431	Pulse	55	3421058	3893	1
2	432	Picture	Num	3424495	173	1	4165	1	0	4000	miss	0
2	432	Pulse	55	3431058	6735	1
2	433	Picture	Num	3431660	167	1	4165	1	0	4000	miss	0
2	434	Picture	Num	3438824	174	1	4165	1	0	4000	miss	0
2	434	Pulse	55	3441057	2408	1
2	435	Picture	Num	3445988	173	1	4165	1	0	4000	miss	0
2	435	Pulse	55	3451057	5242	1
2	436	Picture	Num	3453152	167	1	4165	1	0	4000	miss	0
2	437	Picture	Num	3460317	167	1	4165	1	0	4000	miss	0
2	437	Pulse	55	3461057	907	1
2	438	Picture	Num	3467481	167	1	4165	1	0	4000	miss	0
2	438	Pulse	55	3471057	3743	1
2	439	Picture	Num	3474645	173	1	4165	1	0	4000	miss	0
2	439	Pulse	55	3481056	6584	1
2	440	Picture	Num	3481809	175	1	4165	1	0	4000	miss	0
2	441	Picture	Num	3488973	167	1	4165	1	0	4000	miss	0
2	441	Pulse	55	3491056	2250	1
2	442	Picture	Num	3496137	167	1	4165	1	0	4000	miss	0
2	442	Pulse	55	3501056	5085	1
2	443	Picture	Num	3503302	174	1	4165	1	0	4000	miss	0
2	444	Picture	Num	3510466	167	1	4165	1	0	4000	miss	0
2	444	Pulse	55	3511056	756	1
2	445	Picture	Num	3517630	167	1	4165	1	0	4000	miss	0
2	445	Pulse	55	3521056	3592	1
2	446	Picture	Num	3524794	173	1	4165	1	0	4000	miss	0
2	446	Pulse	55	3531055	6434	1
2	447	Picture	Num	3531959	174	1	4165	1	0	4000	miss	0
2	448	Picture	Num	3539123	167	1	4165	1	0	4000	miss	0
2	448	Pulse	55	3541055	2099	1
2	449	Picture	Num	3546287	167	1	4165	1	0	4000	miss	0
2	449	Pulse	55	3551055	4934	1
2	450	Picture	Num	3553451	173	1	4165	1	0	4000	miss	0
2	451	Picture	Num	3560615	167	1	4165	1	0	4000	miss	0
2	451	Pulse	55	3561055	606	1
2	452	Picture	Num	3567780	167	1	4165	1	0	4000	miss	0
2	452	Pulse	55	3571054	3441	1
2	453	Picture	Num	3574944	167	1	4165	1	0	4000	miss	0
2	453	Pulse	55	3581054	6277	1
2	454	Picture	Num	3582108	167	1	4165	1	0	4000	miss	0
2	455	Picture	Num	3589272	167	1	4165	1	0	4000	miss	0
2	455	Pulse	55	3591054	1948	1
2	456	Picture	Num	3596437	167	1	4165	1	0	4000	miss	0
2	456	Pulse	55	3601054	4784	1
2	457	Picture	Num	3603601	167	1	4165	1	0	4000	miss	0
2	458	Picture	Num	3610765	167	1	4165	1	0	4000	miss	0
2	458	Pulse	55	3611053	455	1
2	459	Picture	Num	3617929	167	1	4165	1	0	4000	miss	0
2	459	Pulse	55	3621053	3291	1
2	460	Picture	Num	3625093	167	1	4165	1	0	4000	miss	0
2	460	Pulse	55	3631053	6126	1
2	461	Picture	Num	3632258	173	1	4165	1	0	4000	miss	0
2	462	Picture	Num	3639422	174	1	4165	1	0	4000	miss	0
2	462	Pulse	55	3641053	1805	1
2	463	Picture	Num	3646586	173	1	4165	1	0	4000	miss	0
2	463	Pulse	55	3651053	4639	1
2	464	Picture	Num	3653750	167	1	4165	1	0	4000	miss	0
2	465	Picture	Num	3660914	167	1	4165	1	0	4000	miss	0
2	465	Pulse	55	3661052	304	1
2	466	Picture	Num	3668079	167	1	4165	1	0	4000	miss	0
2	466	Pulse	55	3671052	3140	1
2	467	Picture	Num	3675243	167	1	4165	1	0	4000	miss	0
2	467	Pulse	55	3681052	5976	1
2	468	Picture	Num	3682407	167	1	4165	1	0	4000	miss	0
2	469	Picture	Num	3689571	173	1	4165	1	0	4000	miss	0
2	469	Pulse	55	3691052	1653	1
2	470	Picture	Num	3696736	173	1	4165	1	0	4000	miss	0
2	470	Pulse	55	3701051	4489	1
2	471	Picture	Num	3703900	167	1	4165	1	0	4000	miss	0
2	472	Pulse	55	3711051	161	1
2	472	Picture	Num	3711064	174	1	4165	1	0	4000	miss	0
2	473	Picture	Num	3718228	174	1	4165	1	0	4000	miss	0
2	473	Pulse	55	3721051	2997	1
2	474	Picture	Num	3725392	167	1	4165	1	0	4000	miss	0
2	474	Pulse	55	3731051	5825	2
2	475	Picture	Num	3732557	167	1	4165	1	0	4000	miss	0
2	476	Picture	Num	3739721	175	1	4165	1	0	4000	miss	0
2	476	Pulse	55	3741050	1504	1
2	477	Picture	Num	3746885	173	1	4165	1	0	4000	miss	0
2	477	Pulse	55	3751050	4338	1
2	478	Picture	Num	3754049	173	1	4165	1	0	4000	miss	0
2	479	Pulse	55	3761044	3	7
2	479	Picture	Num	3761214	173	1	4165	1	0	4000	miss	0
2	480	Picture	Num	3768378	173	1	4165	1	0	4000	miss	0
2	480	Pulse	55	3771050	2845	1
2	481	Picture	Num	3775542	167	1	4165	1	0	4000	miss	0
2	481	Pulse	55	3781050	5674	1
2	482	Picture	Num	3782706	167	1	4165	1	0	4000	miss	0
2	483	Picture	Num	3789870	175	1	4165	1	0	4000	miss	0
2	483	Pulse	55	3791049	1354	1
2	484	Picture	Num	3797035	173	1	4165	1	0	4000	miss	0
2	484	Pulse	55	3801049	4187	1
2	485	Picture	Num	3804199	167	1	4165	1	0	4000	miss	0
2	485	Pulse	55	3811049	7017	1
2	486	Picture	Num	3811363	174	1	4165	1	0	4000	miss	0
2	487	Picture	Num	3818527	167	1	4165	1	0	4000	miss	0
2	487	Pulse	55	3821049	2688	1
2	488	Picture	Num	3825691	167	1	4165	1	0	4000	miss	0
2	488	Pulse	55	3831048	5523	1
2	489	Picture	Num	3832856	167	1	4165	1	0	4000	miss	0
2	490	Picture	Num	3840020	167	1	4165	1	0	4000	miss	0
2	490	Pulse	55	3841048	1195	1
2	491	Picture	Num	3847184	167	1	4165	1	0	4000	miss	0
2	491	Pulse	55	3851048	4030	1
2	492	Picture	Num	3854348	166	1	4165	1	0	4000	miss	0
2	492	Pulse	55	3861048	6866	1
2	493	Picture	Num	3861513	173	1	4165	1	0	4000	miss	0
2	494	Picture	Num	3868677	173	1	4165	1	0	4000	miss	0
2	494	Pulse	55	3871047	2544	1
2	495	Picture	Num	3875841	167	1	4165	1	0	4000	miss	0
2	495	Pulse	55	3881047	5373	1
2	496	Picture	Num	3883005	167	1	4165	1	0	4000	miss	0
2	497	Picture	Num	3890169	173	1	4165	1	0	4000	miss	0
2	497	Pulse	55	3891047	1051	1
2	498	Picture	Num	3897334	173	1	4165	1	0	4000	miss	0
2	498	Pulse	55	3901047	3886	1
2	499	Picture	Num	3904498	167	1	4165	1	0	4000	miss	0
2	499	Pulse	55	3911047	6715	1
2	500	Picture	Fix	3911489	0	7	68316	7	0	68250	other	0
2	500	Pulse	55	3921046	9557	1
2	500	Pulse	55	3931046	19557	1
2	500	Pulse	55	3941046	29557	1
2	500	Pulse	55	3951046	39556	1
2	500	Pulse	55	3961045	49556	1
2	500	Pulse	55	3971045	59556	1
2	500	Pulse	55	3981045	69556	1
2	501	Picture	Num	3982971	167	1	4165	1	0	4000	miss	0
2	502	Picture	Num	3990135	167	1	4165	1	0	4000	miss	0
2	502	Pulse	55	3991045	1076	1
2	503	Picture	Num	3997300	167	1	4165	1	0	4000	miss	0
2	503	Pulse	55	4001044	3912	1
2	504	Picture	Num	4004464	167	1	4165	1	0	4000	miss	0
2	504	Pulse	55	4011044	6747	1
2	505	Picture	Num	4011628	167	1	4165	1	0	4000	miss	0
2	506	Picture	Num	4018792	167	1	4165	1	0	4000	miss	0
2	506	Pulse	55	4021044	2418	1
2	507	Picture	Num	4025956	174	1	4165	1	0	4000	miss	0
2	507	Pulse	55	4031044	5261	1
2	508	Picture	Num	4033121	173	1	4165	1	0	4000	miss	0
2	509	Picture	Num	4040285	173	1	4165	1	0	4000	miss	0
2	509	Pulse	55	4041044	932	1
2	510	Picture	Num	4047449	167	1	4165	1	0	4000	miss	0
2	510	Pulse	55	4051043	3761	1
2	511	Picture	Num	4054613	167	1	4165	1	0	4000	miss	0
2	511	Pulse	55	4061043	6596	1
2	512	Picture	Num	4061777	173	1	4165	1	0	4000	miss	0
2	513	Picture	Num	4068942	174	1	4165	1	0	4000	miss	0
2	513	Pulse	55	4071043	2275	1
2	514	Picture	Num	4076106	173	1	4165	1	0	4000	miss	0
2	514	Pulse	55	4081042	5110	1
2	515	Picture	Num	4083270	173	1	4165	1	0	4000	miss	0
2	516	Picture	Num	4090434	174	1	4165	1	0	4000	miss	0
2	516	Pulse	55	4091042	782	1
2	517	Picture	Num	4097598	167	1	4165	1	0	4000	miss	0
2	517	Pulse	55	4101042	3610	1
2	518	Picture	Num	4104763	174	1	4165	1	0	4000	miss	0
2	518	Pulse	55	4111042	6453	1
2	519	Picture	Num	4111927	167	1	4165	1	0	4000	miss	0
2	520	Picture	Num	4119091	174	1	4165	1	0	4000	miss	0
2	520	Pulse	55	4121042	2125	1
2	521	Picture	Num	4126255	167	1	4165	1	0	4000	miss	0
2	521	Pulse	55	4131041	4953	1
2	522	Picture	Num	4133420	167	1	4165	1	0	4000	miss	0
2	523	Picture	Num	4140584	167	1	4165	1	0	4000	miss	0
2	523	Pulse	55	4141041	624	1
2	524	Picture	Num	4147748	167	1	4165	1	0	4000	miss	0
2	524	Pulse	55	4151041	3460	1
2	525	Picture	Num	4154912	167	1	4165	1	0	4000	miss	0
2	525	Pulse	55	4161041	6295	1
2	526	Picture	Num	4162077	167	1	4165	1	0	4000	miss	0
2	527	Picture	Num	4169241	167	1	4165	1	0	4000	miss	0
2	527	Pulse	55	4171041	1966	1
2	528	Picture	Num	4176405	167	1	4165	1	0	4000	miss	0
2	528	Pulse	55	4181040	4802	1
2	529	Picture	Num	4183569	167	1	4165	1	0	4000	miss	0
2	530	Picture	Num	4190733	167	1	4165	1	0	4000	miss	0
2	530	Pulse	55	4191040	473	1
2	531	Picture	Num	4197898	167	1	4165	1	0	4000	miss	0
2	531	Pulse	55	4201040	3309	1
2	532	Picture	Num	4205062	166	1	4165	1	0	4000	miss	0
2	532	Pulse	55	4211040	6144	1
2	533	Picture	Num	4212226	167	1	4165	1	0	4000	miss	0
2	534	Picture	Num	4219390	174	1	4165	1	0	4000	miss	0
2	534	Pulse	55	4221039	1823	1
2	535	Picture	Num	4226554	173	1	4165	1	0	4000	miss	0
2	535	Pulse	55	4231039	4657	1
2	536	Picture	Num	4233719	167	1	4165	1	0	4000	miss	0
2	537	Picture	Num	4240883	167	1	4165	1	0	4000	miss	0
2	537	Pulse	55	4241039	323	1
2	538	Picture	Num	4248047	173	1	4165	1	0	4000	miss	0
2	538	Pulse	55	4251039	3165	1
2	539	Picture	Num	4255211	173	1	4165	1	0	4000	miss	0
2	539	Pulse	55	4261038	6000	1
2	540	Picture	Num	4262375	167	1	4165	1	0	4000	miss	0
2	541	Picture	Num	4269540	167	1	4165	1	0	4000	miss	0
2	541	Pulse	55	4271038	1665	1
2	542	Picture	Num	4276704	167	1	4165	1	0	4000	miss	0
2	542	Pulse	55	4281038	4501	1
2	543	Picture	Num	4283868	167	1	4165	1	0	4000	miss	0
2	544	Picture	Num	4291032	167	1	4165	1	0	4000	miss	0
2	544	Pulse	55	4291038	172	1
2	545	Picture	Num	4298197	167	1	4165	1	0	4000	miss	0
2	545	Pulse	55	4301038	3007	1
2	546	Picture	Num	4305361	174	1	4165	1	0	4000	miss	0
2	546	Pulse	55	4311037	5850	1
2	547	Picture	Num	4312525	167	1	4165	1	0	4000	miss	0
2	548	Picture	Num	4319689	173	1	4165	1	0	4000	miss	0
2	548	Pulse	55	4321037	1521	1
2	549	Picture	Num	4326854	167	1	4165	1	0	4000	miss	0
2	549	Pulse	55	4331037	4350	1
2	550	Picture	Num	4334018	167	1	4165	1	0	4000	miss	0
2	551	Pulse	55	4341036	21	1
2	551	Picture	Num	4341182	167	1	4165	1	0	4000	miss	0
2	552	Picture	Num	4348346	167	1	4165	1	0	4000	miss	0
2	552	Pulse	55	4351036	2857	1
2	553	Picture	Num	4355510	173	1	4165	1	0	4000	miss	0
2	553	Pulse	55	4361036	5699	1
2	554	Picture	Num	4362675	173	1	4165	1	0	4000	miss	0
2	555	Picture	Num	4369839	174	1	4165	1	0	4000	miss	0
2	555	Pulse	55	4371036	1371	1
2	556	Picture	Num	4377003	172	1	4165	1	0	4000	miss	0
2	556	Pulse	55	4381035	4204	1
2	557	Picture	Num	4384167	173	1	4165	1	0	4000	miss	0
2	557	Pulse	55	4391035	7041	1
2	558	Picture	Num	4391331	173	1	4165	1	0	4000	miss	0
2	559	Picture	Num	4398496	167	1	4165	1	0	4000	miss	0
2	559	Pulse	55	4401035	2706	1
2	560	Picture	Num	4405660	174	1	4165	1	0	4000	miss	0
2	560	Pulse	55	4411035	5549	1
2	561	Picture	Num	4412824	174	1	4165	1	0	4000	miss	0
2	562	Picture	Num	4419988	173	1	4165	1	0	4000	miss	0
2	562	Pulse	55	4421035	1219	1
2	563	Picture	Num	4427153	167	1	4165	1	0	4000	miss	0
2	563	Pulse	55	4431034	4049	1
2	564	Picture	Num	4434317	173	1	4165	1	0	4000	miss	0
2	564	Pulse	55	4441034	6890	1
2	565	Picture	Num	4441481	167	1	4165	1	0	4000	miss	0
2	566	Picture	Num	4448645	167	1	4165	1	0	4000	miss	0
2	566	Pulse	55	4451034	2556	1
2	567	Picture	Num	4455809	167	1	4165	1	0	4000	miss	0
2	567	Pulse	55	4461034	5391	1
2	568	Picture	Num	4462974	173	1	4165	1	0	4000	miss	0
2	569	Picture	Num	4470138	173	1	4165	1	0	4000	miss	0
2	569	Pulse	55	4471034	1069	1
2	570	Picture	Num	4477302	167	1	4165	1	0	4000	miss	0
2	570	Pulse	55	4481033	3898	1
2	571	Picture	Num	4484466	174	1	4165	1	0	4000	miss	0
2	571	Pulse	55	4491033	6741	1
2	572	Picture	Num	4491630	173	1	4165	1	0	4000	miss	0
2	573	Picture	Num	4498795	173	1	4165	1	0	4000	miss	0
2	573	Pulse	55	4501033	2411	1
2	574	Picture	Num	4505959	167	1	4165	1	0	4000	miss	0
2	574	Pulse	55	4511033	5240	1
2	575	Picture	Num	4513123	166	1	4165	1	0	4000	miss	0
2	576	Picture	Num	4520287	173	1	4165	1	0	4000	miss	0
2	576	Pulse	55	4521032	918	1
2	577	Picture	Num	4527451	166	1	4165	1	0	4000	miss	0
2	577	Pulse	55	4531032	3747	1
2	578	Picture	Num	4534616	173	1	4165	1	0	4000	miss	0
2	578	Pulse	55	4541032	6589	1
2	579	Picture	Num	4541780	173	1	4165	1	0	4000	miss	0
2	580	Picture	Num	4548944	167	1	4165	1	0	4000	miss	0
2	580	Pulse	55	4551032	2254	1
2	581	Picture	Num	4556108	173	1	4165	1	0	4000	miss	0
2	581	Pulse	55	4561031	5096	1
2	582	Picture	Num	4563273	167	1	4165	1	0	4000	miss	0
2	583	Picture	Num	4570437	167	1	4165	1	0	4000	miss	0
2	583	Pulse	55	4571031	761	1
2	584	Picture	Num	4577601	174	1	4165	1	0	4000	miss	0
2	584	Pulse	55	4581031	3604	1
2	585	Picture	Num	4584765	173	1	4165	1	0	4000	miss	0
2	585	Pulse	55	4591031	6438	1
2	586	Picture	Num	4591930	173	1	4165	1	0	4000	miss	0
2	587	Picture	Num	4599094	167	1	4165	1	0	4000	miss	0
2	587	Pulse	55	4601031	2103	1
2	588	Picture	Num	4606258	167	1	4165	1	0	4000	miss	0
2	588	Pulse	55	4611030	4939	1
2	589	Picture	Num	4613422	167	1	4165	1	0	4000	miss	0
2	590	Picture	Num	4620586	175	1	4165	1	0	4000	miss	0
2	590	Pulse	55	4621030	619	1
2	591	Picture	Num	4627751	167	1	4165	1	0	4000	miss	0
2	591	Pulse	55	4631030	3446	1
2	592	Picture	Num	4634915	167	1	4165	1	0	4000	miss	0
2	592	Pulse	55	4641030	6281	1
2	593	Picture	Num	4642079	173	1	4165	1	0	4000	miss	0
2	594	Picture	Num	4649243	167	1	4165	1	0	4000	miss	0
2	594	Pulse	55	4651029	1953	1
2	595	Picture	Num	4656407	167	1	4165	1	0	4000	miss	0
2	595	Pulse	55	4661029	4788	1
2	596	Picture	Num	4663572	167	1	4165	1	0	4000	miss	0
2	597	Picture	Num	4670736	167	1	4165	1	0	4000	miss	0
2	597	Pulse	55	4671029	460	1
2	598	Picture	Num	4677900	175	1	4165	1	0	4000	miss	0
2	598	Pulse	55	4681029	3303	1
2	599	Picture	Num	4685064	173	1	4165	1	0	4000	miss	0
2	599	Pulse	55	4691028	6137	1
2	600	Picture	Num	4692228	167	1	4165	1	0	4000	miss	0
2	601	Picture	Num	4699393	174	1	4165	1	0	4000	miss	0
2	601	Pulse	55	4701028	1810	1
2	602	Picture	Num	4706557	167	1	4165	1	0	4000	miss	0
2	602	Pulse	55	4711028	4638	1
2	603	Picture	Num	4713721	173	1	4165	1	0	4000	miss	0
2	604	Picture	Num	4720885	175	1	4165	1	0	4000	miss	0
2	604	Pulse	55	4721028	317	1
2	605	Picture	Num	4728050	167	1	4165	1	0	4000	miss	0
2	605	Pulse	55	4731028	3145	1
2	606	Picture	Num	4735214	173	1	4165	1	0	4000	miss	0
2	606	Pulse	55	4741027	5986	1
2	607	Picture	Num	4742378	174	1	4165	1	0	4000	miss	0
2	608	Picture	Num	4749542	167	1	4165	1	0	4000	miss	0
2	608	Pulse	55	4751027	1652	1
2	609	Picture	Num	4756706	167	1	4165	1	0	4000	miss	0
2	609	Pulse	55	4761027	4487	1
2	610	Picture	Num	4763871	167	1	4165	1	0	4000	miss	0
2	611	Pulse	55	4771027	158	1
2	611	Picture	Num	4771035	167	1	4165	1	0	4000	miss	0
2	612	Picture	Num	4778199	173	1	4165	1	0	4000	miss	0
2	612	Pulse	55	4781026	3000	1
2	613	Picture	Num	4785363	173	1	4165	1	0	4000	miss	0
2	613	Pulse	55	4791026	5836	1
2	614	Picture	Num	4792527	173	1	4165	1	0	4000	miss	0
2	615	Picture	Num	4799692	173	1	4165	1	0	4000	miss	0
2	615	Pulse	55	4801026	1508	1
2	616	Picture	Num	4806856	174	1	4165	1	0	4000	miss	0
2	616	Pulse	55	4811026	4344	1
2	617	Picture	Num	4814020	171	1	4165	1	0	4000	miss	0
2	618	Pulse	55	4821019	1	9
2	618	Picture	Num	4821184	167	1	4165	1	0	4000	miss	0
2	619	Picture	Num	4828349	174	1	4165	1	0	4000	miss	0
2	619	Pulse	55	4831025	2851	1
2	620	Picture	Num	4835513	167	1	4165	1	0	4000	miss	0
2	620	Pulse	55	4841025	5679	1
2	621	Picture	Num	4842677	167	1	4165	1	0	4000	miss	0
2	622	Picture	Num	4849841	173	1	4165	1	0	4000	miss	0
2	622	Pulse	55	4851025	1356	1
2	623	Picture	Num	4857005	167	1	4165	1	0	4000	miss	0
2	623	Pulse	55	4861024	4186	1
2	624	Picture	Num	4864170	167	1	4165	1	0	4000	miss	0
2	624	Pulse	55	4871024	7021	1
2	625	Picture	Num	4871334	175	1	4165	1	0	4000	miss	0
2	626	Picture	Num	4878498	167	1	4165	1	0	4000	miss	0
2	626	Pulse	55	4881024	2693	1
2	627	Picture	Num	4885662	167	1	4165	1	0	4000	miss	0
2	627	Pulse	55	4891024	5528	1
2	628	Picture	Num	4892827	174	1	4165	1	0	4000	miss	0
2	629	Picture	Num	4899991	173	1	4165	1	0	4000	miss	0
2	629	Pulse	55	4901024	1206	1
2	630	Picture	Num	4907155	167	1	4165	1	0	4000	miss	0
2	630	Pulse	55	4911023	4035	1
2	631	Picture	Num	4914319	167	1	4165	1	0	4000	miss	0
2	631	Pulse	55	4921023	6871	1
2	632	Picture	Num	4921483	174	1	4165	1	0	4000	miss	0
2	633	Picture	Num	4928648	167	1	4165	1	0	4000	miss	0
2	633	Pulse	55	4931023	2542	1
2	634	Picture	Num	4935812	173	1	4165	1	0	4000	miss	0
2	634	Pulse	55	4941023	5384	1
2	635	Picture	Num	4942976	173	1	4165	1	0	4000	miss	0
2	636	Picture	Num	4950140	173	1	4165	1	0	4000	miss	0
2	636	Pulse	55	4951022	1055	1
2	637	Picture	Num	4957305	173	1	4165	1	0	4000	miss	0
2	637	Pulse	55	4961022	3891	1
2	638	Picture	Num	4964469	167	1	4165	1	0	4000	miss	0
2	638	Pulse	55	4971022	6720	1
2	639	Picture	Num	4971633	167	1	4165	1	0	4000	miss	0
2	640	Picture	Num	4978797	167	1	4165	1	0	4000	miss	0
2	640	Pulse	55	4981022	2391	1
2	641	Picture	Num	4985961	173	1	4165	1	0	4000	miss	0
2	641	Pulse	55	4991022	5233	1
2	642	Picture	Num	4993126	167	1	4165	1	0	4000	miss	0
2	643	Picture	Num	5000290	167	1	4165	1	0	4000	miss	0
2	643	Pulse	55	5001021	898	1
2	644	Picture	Num	5007454	173	1	4165	1	0	4000	miss	0
2	644	Pulse	55	5011021	3740	1
2	645	Picture	Num	5014618	167	1	4165	1	0	4000	miss	0
2	645	Pulse	55	5021021	6569	1
2	646	Picture	Num	5021782	174	1	4165	1	0	4000	miss	0
2	647	Picture	Num	5028947	167	1	4165	1	0	4000	miss	0
2	647	Pulse	55	5031021	2241	1
2	648	Picture	Num	5036111	174	1	4165	1	0	4000	miss	0
2	648	Pulse	55	5041020	5083	1
2	649	Picture	Num	5043275	167	1	4165	1	0	4000	miss	0
2	650	Picture	Num	5050439	173	1	4165	1	0	4000	miss	0
2	650	Pulse	55	5051020	754	1
2	651	Picture	Num	5057603	173	1	4165	1	0	4000	miss	0
2	651	Pulse	55	5061020	3590	1
2	652	Picture	Num	5064768	167	1	4165	1	0	4000	miss	0
2	652	Pulse	55	5071020	6419	1
2	653	Picture	Num	5071932	167	1	4165	1	0	4000	miss	0
2	654	Picture	Num	5079096	174	1	4165	1	0	4000	miss	0
2	654	Pulse	55	5081019	2098	1
2	655	Picture	Num	5086260	167	1	4165	1	0	4000	miss	0
2	655	Pulse	55	5091019	4925	1
2	656	Picture	Num	5093425	167	1	4165	1	0	4000	miss	0
2	657	Picture	Num	5100589	174	1	4165	1	0	4000	miss	0
2	657	Pulse	55	5101019	605	1
2	658	Picture	Num	5107753	167	1	4165	1	0	4000	miss	0
2	658	Pulse	55	5111019	3432	1
2	659	Picture	Num	5114917	167	1	4165	1	0	4000	miss	0
2	659	Pulse	55	5121019	6268	1
2	660	Picture	Num	5122082	167	1	4165	1	0	4000	miss	0
2	661	Picture	Num	5129246	173	1	4165	1	0	4000	miss	0
2	661	Pulse	55	5131018	1946	1
2	662	Picture	Num	5136410	167	1	4165	1	0	4000	miss	0
2	662	Pulse	55	5141018	4775	1
2	663	Picture	Num	5143574	167	1	4165	1	0	4000	miss	0
2	664	Picture	Num	5150738	173	1	4165	1	0	4000	miss	0
2	664	Pulse	55	5151018	452	1
2	665	Picture	Num	5157903	173	1	4165	1	0	4000	miss	0
2	665	Pulse	55	5161018	3288	1
2	666	Picture	Fix	5164900	0	1	38320	1	0	38170	other	0
2	666	Pulse	55	5171017	6117	1
2	666	Pulse	55	5181017	16117	1
2	666	Pulse	55	5191017	26117	1
2	666	Pulse	55	5201017	36116	1
2	667	Picture	Num	5206386	167	1	4165	1	0	4000	miss	0
2	667	Pulse	55	5211016	4797	1
2	668	Picture	Num	5213550	173	1	4165	1	0	4000	miss	0
2	669	Picture	Num	5220714	167	1	4165	1	0	4000	miss	0
2	669	Pulse	55	5221016	468	1
2	670	Picture	Num	5227879	167	1	4165	1	0	4000	miss	0
2	670	Pulse	55	5231016	3304	1
2	671	Picture	Num	5235043	174	1	4165	1	0	4000	miss	0
2	671	Pulse	55	5241016	6147	1
2	672	Picture	Num	5242207	173	1	4165	1	0	4000	miss	0
2	673	Picture	Num	5249371	174	1	4165	1	0	4000	miss	0
2	673	Pulse	55	5251016	1818	1
2	674	Picture	Num	5256535	174	1	4165	1	0	4000	miss	0
2	674	Pulse	55	5261015	4654	1
2	675	Picture	Num	5263700	167	1	4165	1	0	4000	miss	0
2	676	Picture	Num	5270864	166	1	4165	1	0	4000	miss	0
2	676	Pulse	55	5271015	318	1
2	677	Picture	Num	5278028	167	1	4165	1	0	4000	miss	0
2	677	Pulse	55	5281015	3153	1
2	678	Picture	Num	5285192	167	1	4165	1	0	4000	miss	0
2	678	Pulse	55	5291015	5989	1
2	679	Picture	Num	5292356	167	1	4165	1	0	4000	miss	0
2	680	Picture	Num	5299521	173	1	4165	1	0	4000	miss	0
2	680	Pulse	55	5301014	1666	1
2	681	Picture	Num	5306685	173	1	4165	1	0	4000	miss	0
2	681	Pulse	55	5311014	4502	1
2	682	Picture	Num	5313849	167	1	4165	1	0	4000	miss	0
2	683	Picture	Num	5321013	167	1	4165	1	0	4000	miss	0
2	683	Pulse	55	5321014	167	1
2	684	Picture	Num	5328178	167	1	4165	1	0	4000	miss	0
2	684	Pulse	55	5331014	3003	1
2	685	Picture	Num	5335342	174	1	4165	1	0	4000	miss	0
2	685	Pulse	55	5341013	5846	1
2	686	Picture	Num	5342506	167	1	4165	1	0	4000	miss	0
2	687	Picture	Num	5349670	173	1	4165	1	0	4000	miss	0
2	687	Pulse	55	5351013	1516	1
2	688	Picture	Num	5356834	173	1	4165	1	0	4000	miss	0
2	688	Pulse	55	5361013	4351	1
2	689	Picture	Num	5363999	173	1	4165	1	0	4000	miss	0
2	690	Pulse	55	5371013	16	1
2	690	Picture	Num	5371163	167	1	4165	1	0	4000	miss	0
2	691	Picture	Num	5378327	167	1	4165	1	0	4000	miss	0
2	691	Pulse	55	5381013	2852	1
2	692	Picture	Num	5385491	174	1	4165	1	0	4000	miss	0
2	692	Pulse	55	5391012	5695	1
2	693	Picture	Num	5392656	173	1	4165	1	0	4000	miss	0
2	694	Picture	Num	5399820	173	1	4165	1	0	4000	miss	0
2	694	Pulse	55	5401012	1365	1
2	695	Picture	Num	5406984	167	1	4165	1	0	4000	miss	0
2	695	Pulse	55	5411012	4194	1
2	696	Picture	Num	5414148	173	1	4165	1	0	4000	miss	0
2	696	Pulse	55	5421011	7036	1
2	697	Picture	Num	5421312	167	1	4165	1	0	4000	miss	0
2	698	Picture	Num	5428477	167	1	4165	1	0	4000	miss	0
2	698	Pulse	55	5431011	2701	1
2	699	Picture	Num	5435641	173	1	4165	1	0	4000	miss	0
2	699	Pulse	55	5441011	5543	1
2	700	Picture	Num	5442805	173	1	4165	1	0	4000	miss	0
2	701	Picture	Num	5449969	173	1	4165	1	0	4000	miss	0
2	701	Pulse	55	5451011	1215	1
2	702	Picture	Num	5457134	173	1	4165	1	0	4000	miss	0
2	702	Pulse	55	5461011	4050	1
2	703	Picture	Num	5464298	173	1	4165	1	0	4000	miss	0
2	703	Pulse	55	5471010	6886	1
2	704	Picture	Num	5471462	167	1	4165	1	0	4000	miss	0
2	705	Picture	Num	5478626	174	1	4165	1	0	4000	miss	0
2	705	Pulse	55	5481010	2558	1
2	706	Picture	Num	5485790	174	1	4165	1	0	4000	miss	0
2	706	Pulse	55	5491010	5394	1
2	707	Picture	Num	5492955	167	1	4165	1	0	4000	miss	0
2	708	Picture	Num	5500119	167	1	4165	1	0	4000	miss	0
2	708	Pulse	55	5501010	1057	1
2	709	Picture	Num	5507283	167	1	4165	1	0	4000	miss	0
2	709	Pulse	55	5511010	3893	1
2	710	Picture	Num	5514447	167	1	4165	1	0	4000	miss	0
2	710	Pulse	55	5521009	6729	1
2	711	Picture	Num	5521611	167	1	4165	1	0	4000	miss	0
2	712	Picture	Num	5528776	167	1	4165	1	0	4000	miss	0
2	712	Pulse	55	5531009	2400	1
2	713	Picture	Num	5535940	167	1	4165	1	0	4000	miss	0
2	713	Pulse	55	5541009	5235	1
2	714	Picture	Num	5543104	167	1	4165	1	0	4000	miss	0
2	715	Picture	Num	5550268	167	1	4165	1	0	4000	miss	0
2	715	Pulse	55	5551009	907	1
2	716	Picture	Num	5557433	167	1	4165	1	0	4000	miss	0
2	716	Pulse	55	5561008	3742	1
2	717	Picture	Num	5564597	174	1	4165	1	0	4000	miss	0
2	717	Pulse	55	5571008	6585	1
2	718	Picture	Num	5571761	167	1	4165	1	0	4000	miss	0
2	719	Picture	Num	5578925	167	1	4165	1	0	4000	miss	0
2	719	Pulse	55	5581008	2249	1
2	720	Picture	Num	5586090	167	1	4165	1	0	4000	miss	0
2	720	Pulse	55	5591008	5085	1
2	721	Picture	Num	5593254	167	1	4165	1	0	4000	miss	0
2	722	Picture	Num	5600418	174	1	4165	1	0	4000	miss	0
2	722	Pulse	55	5601007	763	1
2	723	Picture	Num	5607582	167	1	4165	1	0	4000	miss	0
2	723	Pulse	55	5611007	3592	1
2	724	Picture	Num	5614746	167	1	4165	1	0	4000	miss	0
2	724	Pulse	55	5621007	6427	1
2	725	Picture	Num	5621911	167	1	4165	1	0	4000	miss	0
2	726	Picture	Num	5629075	174	1	4165	1	0	4000	miss	0
2	726	Pulse	55	5631007	2106	1
2	727	Picture	Num	5636239	167	1	4165	1	0	4000	miss	0
2	727	Pulse	55	5641007	4934	1
2	728	Picture	Num	5643403	167	1	4165	1	0	4000	miss	0
2	729	Picture	Num	5650567	167	1	4165	1	0	4000	miss	0
2	729	Pulse	55	5651006	606	1
2	730	Picture	Num	5657732	173	1	4165	1	0	4000	miss	0
2	730	Pulse	55	5661006	3447	1
2	731	Picture	Num	5664896	174	1	4165	1	0	4000	miss	0
2	731	Pulse	55	5671006	6284	1
2	732	Picture	Num	5672060	167	1	4165	1	0	4000	miss	0
2	733	Picture	Num	5679224	167	1	4165	1	0	4000	miss	0
2	733	Pulse	55	5681006	1948	1
2	734	Picture	Num	5686388	167	1	4165	1	0	4000	miss	0
2	734	Pulse	55	5691005	4784	1
2	735	Picture	Num	5693553	167	1	4165	1	0	4000	miss	0
2	736	Picture	Num	5700717	167	1	4165	1	0	4000	miss	0
2	736	Pulse	55	5701005	455	1
2	737	Picture	Num	5707881	167	1	4165	1	0	4000	miss	0
2	737	Pulse	55	5711005	3290	1
2	738	Picture	Num	5715045	167	1	4165	1	0	4000	miss	0
2	738	Pulse	55	5721005	6126	1
2	739	Picture	Num	5722210	174	1	4165	1	0	4000	miss	0
2	740	Picture	Num	5729374	173	1	4165	1	0	4000	miss	0
2	740	Pulse	55	5731004	1803	1
2	741	Picture	Num	5736538	167	1	4165	1	0	4000	miss	0
2	741	Pulse	55	5741004	4633	1
2	742	Picture	Num	5743702	167	1	4165	1	0	4000	miss	0
2	743	Picture	Num	5750866	173	1	4165	1	0	4000	miss	0
2	743	Pulse	55	5751004	311	1
2	744	Picture	Num	5758031	167	1	4165	1	0	4000	miss	0
2	744	Pulse	55	5761004	3140	1
2	745	Picture	Num	5765195	167	1	4165	1	0	4000	miss	0
2	745	Pulse	55	5771003	5975	1
2	746	Picture	Num	5772359	174	1	4165	1	0	4000	miss	0
2	747	Picture	Num	5779523	173	1	4165	1	0	4000	miss	0
2	747	Pulse	55	5781003	1653	1
2	748	Picture	Num	5786687	174	1	4165	1	0	4000	miss	0
2	748	Pulse	55	5791003	4489	1
2	749	Picture	Num	5793852	174	1	4165	1	0	4000	miss	0
2	750	Pulse	55	5801003	160	1
2	750	Picture	Num	5801016	173	1	4165	1	0	4000	miss	0
2	751	Picture	Num	5808180	167	1	4165	1	0	4000	miss	0
2	751	Pulse	55	5811003	2989	1
2	752	Picture	Num	5815344	167	1	4165	1	0	4000	miss	0
2	752	Pulse	55	5821002	5825	1
2	753	Picture	Num	5822509	175	1	4165	1	0	4000	miss	0
2	754	Picture	Num	5829673	174	1	4165	1	0	4000	miss	0
2	754	Pulse	55	5831002	1503	1
2	755	Picture	Num	5836837	174	1	4165	1	0	4000	miss	0
2	755	Pulse	55	5841002	4339	1
2	756	Picture	Num	5844001	174	1	4165	1	0	4000	miss	0
2	757	Pulse	55	5851002	3	1
2	757	Picture	Num	5851165	167	1	4165	1	0	4000	miss	0
2	758	Picture	Num	5858330	173	1	4165	1	0	4000	miss	0
2	758	Pulse	55	5861001	2845	1
2	759	Picture	Num	5865494	167	1	4165	1	0	4000	miss	0
2	759	Pulse	55	5871001	5674	1
2	760	Picture	Num	5872658	167	1	4165	1	0	4000	miss	0
2	761	Picture	Num	5879822	174	1	4165	1	0	4000	miss	0
2	761	Pulse	55	5881001	1352	1
2	762	Picture	Num	5886986	173	1	4165	1	0	4000	miss	0
2	762	Pulse	55	5891001	4187	1
2	763	Picture	Num	5894151	173	1	4165	1	0	4000	miss	0
2	763	Pulse	55	5901000	7022	1
2	764	Picture	Num	5901315	173	1	4165	1	0	4000	miss	0
2	765	Picture	Num	5908479	167	1	4165	1	0	4000	miss	0
2	765	Pulse	55	5911000	2688	1
2	766	Picture	Num	5915643	167	1	4165	1	0	4000	miss	0
2	766	Pulse	55	5921000	5523	1
2	767	Picture	Num	5922808	174	1	4165	1	0	4000	miss	0
2	768	Picture	Num	5929972	167	1	4165	1	0	4000	miss	0
2	768	Pulse	55	5931000	1195	1
2	769	Picture	Num	5937136	174	1	4165	1	0	4000	miss	0
2	769	Pulse	55	5941000	4038	1
2	770	Picture	Num	5944300	173	1	4165	1	0	4000	miss	0
2	770	Pulse	55	5950999	6872	1
2	771	Picture	Num	5951465	167	1	4165	1	0	4000	miss	0
2	772	Picture	Num	5958629	174	1	4165	1	0	4000	miss	0
2	772	Pulse	55	5960999	2544	1
2	773	Picture	Num	5965793	167	1	4165	1	0	4000	miss	0
2	773	Pulse	55	5970999	5373	1
2	774	Picture	Num	5972957	167	1	4165	1	0	4000	miss	0
2	775	Picture	Num	5980121	167	1	4165	1	0	4000	miss	0
2	775	Pulse	55	5980999	1044	1
2	776	Picture	Num	5987286	173	1	4165	1	0	4000	miss	0
2	776	Pulse	55	5990998	3886	1
2	777	Picture	Num	5994450	173	1	4165	1	0	4000	miss	0
2	777	Pulse	55	6000998	6721	1
2	778	Picture	Num	6001614	167	1	4165	1	0	4000	miss	0
2	779	Picture	Num	6008778	167	1	4165	1	0	4000	miss	0
2	779	Pulse	55	6010998	2386	1
2	780	Picture	Num	6015942	167	1	4165	1	0	4000	miss	0
2	780	Pulse	55	6020998	5222	1
2	781	Picture	Num	6023107	173	1	4165	1	0	4000	miss	0
2	782	Picture	Num	6030271	174	1	4165	1	0	4000	miss	0
2	782	Pulse	55	6030998	900	1
2	783	Picture	Num	6037435	174	1	4165	1	0	4000	miss	0
2	783	Pulse	55	6040997	3736	1
2	784	Picture	Num	6044599	173	1	4165	1	0	4000	miss	0
2	784	Pulse	55	6050997	6571	1
2	785	Picture	Num	6051763	167	1	4165	1	0	4000	miss	0
2	786	Picture	Num	6058928	167	1	4165	1	0	4000	miss	0
2	786	Pulse	55	6060997	2236	1
2	787	Picture	Num	6066092	167	1	4165	1	0	4000	miss	0
2	787	Pulse	55	6070997	5071	1
2	788	Picture	Num	6073256	173	1	4165	1	0	4000	miss	0
2	789	Picture	Num	6080420	167	1	4165	1	0	4000	miss	0
2	789	Pulse	55	6080996	743	1
2	790	Picture	Num	6087585	173	1	4165	1	0	4000	miss	0
2	790	Pulse	55	6090996	3585	1
2	791	Picture	Num	6094749	174	1	4165	1	0	4000	miss	0
2	791	Pulse	55	6100996	6421	1
2	792	Picture	Num	6101913	173	1	4165	1	0	4000	miss	0
2	793	Picture	Num	6109077	173	1	4165	1	0	4000	miss	0
2	793	Pulse	55	6110996	2091	1
2	794	Picture	Num	6116241	173	1	4165	1	0	4000	miss	0
2	794	Pulse	55	6120995	4927	1
2	795	Picture	Num	6123406	167	1	4165	1	0	4000	miss	0
2	796	Picture	Num	6130570	167	1	4165	1	0	4000	miss	0
2	796	Pulse	55	6130995	592	1
2	797	Picture	Num	6137734	174	1	4165	1	0	4000	miss	0
2	797	Pulse	55	6140995	3435	1
2	798	Picture	Num	6144898	174	1	4165	1	0	4000	miss	0
2	798	Pulse	55	6150995	6270	1
2	799	Picture	Num	6152063	173	1	4165	1	0	4000	miss	0
2	800	Picture	Num	6159227	174	1	4165	1	0	4000	miss	0
2	800	Pulse	55	6160995	1941	1
2	801	Picture	Num	6166391	167	1	4165	1	0	4000	miss	0
2	801	Pulse	55	6170994	4770	1
2	802	Picture	Num	6173555	167	1	4165	1	0	4000	miss	0
2	803	Picture	Num	6180719	167	1	4165	1	0	4000	miss	0
2	803	Pulse	55	6180994	441	1
2	804	Picture	Num	6187884	174	1	4165	1	0	4000	miss	0
2	804	Pulse	55	6190994	3284	1
2	805	Picture	Num	6195048	173	1	4165	1	0	4000	miss	0
2	805	Pulse	55	6200994	6119	1
2	806	Picture	Num	6202212	167	1	4165	1	0	4000	miss	0
2	807	Picture	Num	6209376	167	1	4165	1	0	4000	miss	0
2	807	Pulse	55	6210993	1784	1
2	808	Picture	Num	6216541	167	1	4165	1	0	4000	miss	0
2	808	Pulse	55	6220993	4619	1
2	809	Picture	Num	6223705	174	1	4165	1	0	4000	miss	0
2	810	Picture	Num	6230869	174	1	4165	1	0	4000	miss	0
2	810	Pulse	55	6230993	298	1
2	811	Picture	Num	6238033	167	1	4165	1	0	4000	miss	0
2	811	Pulse	55	6240993	3126	1
2	812	Picture	Num	6245197	167	1	4165	1	0	4000	miss	0
2	812	Pulse	55	6250992	5962	1
2	813	Picture	Num	6252362	173	1	4165	1	0	4000	miss	0
2	814	Picture	Num	6259526	167	1	4165	1	0	4000	miss	0
2	814	Pulse	55	6260992	1633	1
2	815	Picture	Num	6266690	167	1	4165	1	0	4000	miss	0
2	815	Pulse	55	6270992	4469	1
2	816	Picture	Num	6273854	174	1	4165	1	0	4000	miss	0
2	817	Pulse	55	6280992	140	1
2	817	Picture	Num	6281018	167	1	4165	1	0	4000	miss	0
2	818	Picture	Num	6288183	167	1	4165	1	0	4000	miss	0
2	818	Pulse	55	6290991	2975	1
2	819	Picture	Num	6295347	174	1	4165	1	0	4000	miss	0
2	819	Pulse	55	6300991	5818	1
2	820	Picture	Num	6302511	173	1	4165	1	0	4000	miss	0
2	821	Picture	Num	6309675	167	1	4165	1	0	4000	miss	0
2	821	Pulse	55	6310991	1482	1
2	822	Picture	Num	6316840	167	1	4165	1	0	4000	miss	0
2	822	Pulse	55	6320991	4318	1
2	823	Picture	Num	6324004	173	1	4165	1	0	4000	miss	0
2	823	Pulse	55	6330984	7153	9
2	824	Picture	Num	6331168	167	1	4165	1	0	4000	miss	0
2	825	Picture	Num	6338332	167	1	4165	1	0	4000	miss	0
2	825	Pulse	55	6340990	2825	1
2	826	Picture	Num	6345496	167	1	4165	1	0	4000	miss	0
2	826	Pulse	55	6350990	5660	1
2	827	Picture	Num	6352661	167	1	4165	1	0	4000	miss	0
2	828	Picture	Num	6359825	167	1	4165	1	0	4000	miss	0
2	828	Pulse	55	6360990	1332	1
2	829	Picture	Num	6366989	167	1	4165	1	0	4000	miss	0
2	829	Pulse	55	6370989	4167	2
2	830	Picture	Num	6374153	167	1	4165	1	0	4000	miss	0
2	830	Pulse	55	6380988	7001	6
2	831	Picture	Num	6381317	167	1	4165	1	0	4000	miss	0
2	832	Picture	break	6388315	0	1	525487	1	0	next	other	0
2	832	Pulse	55	6390989	2674	1
2	832	Pulse	55	6400989	12674	1
2	832	Pulse	55	6410989	22674	1
2	832	Pulse	55	6420988	32673	1
2	832	Pulse	55	6430988	42673	1
2	832	Pulse	55	6440988	52673	1
2	832	Pulse	55	6450988	62673	1
2	832	Pulse	55	6460988	72673	1
2	832	Pulse	55	6470987	82672	1
2	832	Response	2	6748425	360110	1
2	832	Pulse	55	6903630	515315	1
2	832	Pulse	55	6913630	525315	1
2	833	Picture	Fix	6913802	0	1	55648	1	0	55530	other	0
2	833	Pulse	55	6923630	9828	1
2	833	Pulse	55	6933630	19828	1
2	833	Pulse	55	6943629	29827	1
2	833	Pulse	55	6953629	39827	1
2	833	Pulse	55	6963629	49827	1
2	834	Picture	Num	6972615	167	1	4165	1	0	4000	miss	0
2	834	Pulse	55	6973629	1180	1
2	835	Picture	Num	6979779	166	1	4165	1	0	4000	miss	0
2	835	Pulse	55	6983628	4016	1
2	836	Picture	Num	6986944	167	1	4165	1	0	4000	miss	0
2	836	Pulse	55	6993628	6851	1
2	837	Picture	Num	6994108	167	1	4165	1	0	4000	miss	0
2	838	Picture	Num	7001272	167	1	4165	1	0	4000	miss	0
2	838	Pulse	55	7003628	2523	1
2	839	Picture	Num	7008436	167	1	4165	1	0	4000	miss	0
2	839	Pulse	55	7013628	5358	1
2	840	Picture	Num	7015601	173	1	6364	1	0	4000	miss	0
2	840	Quit		7018183	2755	NA


{
   "app": "Presentation Version 00.0 Build 00.00.00",
   "device": "Micro-Star International Co., Ltd. MS-7B98",
   "experiment": "{153B309D-6681-4069-879C-5F24FB89C20C}",
   "os": "Windows 10 64 bit",
   "package": "",
   "parameters": {
      "configuration": "Default configuration"
   },
   "scenario": "RCHS_fMRI_4parts.sce",
   "subject": "2",
   "timestamp": "2021/07/22 12:35:26 GMT"
}
